6.39642086e-01 2.18562704e-02 -3.71623523e-02 -1.52131850e-02 1.71962918e-03 1.09181273e-03 1.19759829e-03
3.34922532e+00 -2.82756750e-02 3.34600611e-03 -1.32640008e-02 3.67715374e-03 1.17050477e-03 1.99247690e-03
6.04776234e+00 -4.63034047e-02 1.42190399e-02 -4.79375728e-02 1.07188813e-03 1.34222612e-03 1.45640502e-03
8.74920016e+00 -3.86785027e-02 4.62510524e-03 -2.53192909e-02 1.32423018e-03 6.23997937e-04 1.99795019e-03
1.14613027e+01 -3.62086564e-02 -5.61953483e-04 5.63909100e-03 2.41671695e-03 5.10253039e-04 2.04152385e-03
1.41694652e+01 -2.27916147e-02 -3.23405283e-03 2.18787946e-02 1.15563587e-03 7.56197904e-04 1.56917139e-03
1.68807433e+01 -1.81999325e-02 9.32296787e-03 5.94653409e-02 2.30301125e-03 6.06742914e-04 4.28234456e-04
1.95850042e+01 -8.66284368e-03 1.08119606e-02 9.84625444e-02 2.77653466e-03 7.82716432e-04 1.49294541e-03
2.22752042e+01 3.82596331e-03 1.78547852e-02 1.17406776e-01 1.80086191e-03 7.23182497e-04 2.12447321e-03
2.49776558e+01 6.78577436e-03 2.88193420e-02 7.41222934e-02 1.17413676e-03 6.31616193e-04 4.16066567e-04
2.76729073e+01 8.70260779e-03 1.12832209e-02 4.57589109e-03 5.13525128e-03 1.17731865e-03 1.57808553e-03
3.03691620e+01 1.23933475e-02 -8.94260312e-03 2.54761446e-02 4.75075648e-04 2.18233503e-03 2.23958324e-03
3.30654277e+01 6.33967885e-03 -3.13967098e-02 1.34947549e-02 1.06690943e-03 1.21799676e-03 1.68445316e-03
3.57650511e+01 -3.68751973e-03 7.98669493e-03 -1.84670687e-03 8.10500579e-04 1.25587769e-03 1.56885771e-03
3.84679027e+01 -3.86104397e-02 -2.68498309e-02 -1.14549556e-02 5.65557783e-04 2.62376648e-03 4.13024938e-03
4.11686652e+01 -4.96654508e-02 2.30180551e-02 4.80312152e-02 7.63280348e-04 4.07428941e-04 2.63884077e-04
4.38720152e+01 -3.46313123e-02 2.83668599e-02 9.10370154e-02 3.44083616e-03 1.87059399e-03 2.00201067e-03
4.65716495e+01 -1.80853379e-02 4.37714146e-03 4.70951687e-02 1.22182926e-03 8.37329147e-04 2.10264074e-03
4.92799370e+01 -4.39498631e-03 2.31936914e-02 1.01241160e-02 1.63530649e-03 3.95811067e-04 1.26824377e-03
5.19787167e+01 8.71090381e-03 -9.22172995e-03 -2.81674064e-02 1.13838153e-03 1.70559844e-03 2.67357750e-03
5.46770480e+01 -6.83423355e-04 -9.28729588e-03 -6.72116884e-03 1.79085681e-03 7.11062588e-04 2.60838532e-03
5.73678620e+01 -1.60548136e-02 -9.81254769e-03 -2.48750452e-03 2.62326205e-03 5.75383979e-04 1.12293066e-03
6.00614980e+01 1.00860415e-02 4.88498009e-03 3.89925189e-03 3.45016539e-03 7.31004012e-04 1.06383195e-03
6.27581995e+01 1.76942382e-02 3.13805246e-02 6.23666743e-04 1.30091978e-03 7.40765973e-04 3.51608110e-04
6.54606714e+01 1.97707414e-03 4.91623959e-02 9.05689493e-04 2.18077831e-03 7.70557345e-04 3.41702702e-03
6.81697308e+01 -3.54265419e-02 2.26011896e-03 -5.82690543e-03 1.97694612e-03 4.15904250e-04 2.66119245e-03
7.08775011e+01 -4.41526700e-02 -3.32139569e-02 -1.66394072e-02 3.45338673e-04 1.23285620e-03 5.40611981e-03
7.35846292e+01 -3.62999417e-02 -1.97643525e-02 1.11864221e-03 2.06400043e-03 1.27968672e-03 4.67626401e-03
7.62972261e+01 -4.04393083e-02 -5.80863651e-02 4.49017146e-03 2.02457820e-03 6.19524048e-04 6.46248402e-04
7.90005370e+01 -3.45052652e-02 -4.79393809e-02 -1.15040949e-02 7.53172898e-04 2.56947179e-04 2.53626463e-03
8.16956402e+01 -3.39862630e-02 -1.72563610e-02 -2.83301989e-02 1.44616730e-03 2.30195082e-03 3.84056987e-04
8.43967058e+01 -2.97808332e-02 -2.92368777e-03 -5.30562595e-03 8.52470593e-04 2.59422450e-04 5.79978861e-04
8.70847823e+01 -7.40411801e-03 1.46110997e-03 -1.36409785e-02 2.85203522e-03 2.32869026e-03 1.20104635e-03
8.97729292e+01 6.29634705e-03 -1.11655150e-02 -5.45460424e-02 1.02050315e-03 1.09015017e-03 1.29200654e-03
9.24603308e+01 2.74383955e-02 -7.83635146e-04 -4.69934293e-02 1.38350946e-03 1.65540440e-03 7.79472247e-04
9.51484652e+01 3.97655434e-02 6.73678097e-03 -8.48508040e-03 1.82870284e-03 8.15286401e-04 1.96577319e-03
9.78533558e+01 2.03815805e-02 -3.69404622e-03 3.41124200e-02 8.37086225e-04 1.04937378e-03 2.26846809e-03
1.00560053e+02 -2.10063321e-02 1.10715004e-02 1.08199591e-02 1.07532653e-03 9.34657755e-04 9.34281870e-04
1.03273568e+02 -8.42542307e-03 1.66675989e-02 -2.14768784e-02 1.38183141e-03 1.77280911e-03 1.98309409e-03
1.05983990e+02 1.63560197e-02 1.11720810e-02 -2.66108342e-02 3.07789014e-03 1.41346328e-03 4.47057861e-04
1.08693256e+02 1.36260622e-02 -5.71423882e-03 -3.98471893e-02 4.41531476e-03 1.47900763e-03 2.05490837e-04
1.11402787e+02 -1.24073265e-02 -4.57690601e-02 -4.14034662e-02 3.93851594e-03 6.61512485e-04 1.70908629e-03
1.14105959e+02 -2.54092104e-02 -4.88407019e-02 -3.62436869e-02 4.22212169e-03 1.95272523e-03 4.86463819e-03
1.16807850e+02 -1.77128381e-02 -1.46599525e-03 -2.78095304e-03 2.02374445e-03 7.06836031e-04 4.44040192e-03
1.19506084e+02 -2.74328697e-02 3.79129172e-03 6.66288758e-03 1.98048721e-03 3.31808709e-03 2.97191582e-03
1.22202725e+02 -1.24674234e-02 -1.73714179e-02 1.32760362e-03 3.62025155e-03 5.99579320e-04 1.76646258e-03
1.24900225e+02 -1.47765110e-02 3.15563791e-02 6.28953138e-03 2.52836294e-03 1.31095069e-03 3.62956186e-03
1.27605146e+02 -1.27481891e-02 -1.90391705e-02 1.09087921e-02 1.28950511e-03 1.69123971e-03 3.86936668e-04
1.30298615e+02 3.89598156e-03 -1.23875804e-02 -2.08865160e-02 4.14551463e-03 9.06531271e-04 2.70184573e-03
1.32993850e+02 -1.36552132e-02 -3.40364631e-02 -3.21692406e-02 2.31714735e-03 1.10282802e-03 3.79207932e-03
1.35681162e+02 -2.34596788e-02 -3.14214111e-02 -2.74360202e-02 5.62938186e-04 2.53960568e-03 1.65458827e-03
1.38371225e+02 -3.18592981e-02 2.44390772e-03 3.13258378e-02 1.43594341e-03 2.28892796e-03 1.60913218e-03
1.41066334e+02 -3.71533334e-02 3.07377240e-03 6.09385039e-02 9.04189413e-04 4.62603561e-04 2.39094950e-03
1.43758896e+02 -2.94787799e-02 2.08918235e-02 5.35743861e-02 2.38961232e-03 5.46961982e-04 2.97029375e-03
1.46461834e+02 -8.54441984e-02 3.44331579e-02 4.12106644e-02 1.88514928e-03 4.10250292e-04 4.30739649e-03
1.49154662e+02 -9.21581257e-02 3.59553812e-02 4.45577870e-02 2.82805319e-03 2.24440780e-03 1.13161747e-03
1.51851521e+02 -1.01458387e-01 7.58276026e-03 -6.90011630e-03 1.16568770e-02 3.93706534e-04 2.79880132e-03
1.54550568e+02 -8.14616443e-02 -1.37467742e-02 -4.45768362e-02 7.89708948e-03 1.32178005e-03 1.90160931e-03
1.57258146e+02 -3.63254874e-02 -1.26434356e-02 2.30588766e-03 7.95380447e-03 1.05860788e-03 7.01986405e-04
1.59958006e+02 5.18084086e-03 -1.04176266e-02 1.22258686e-02 1.00243967e-02 6.57155267e-04 4.32408756e-03
1.62661428e+02 2.82113987e-02 -4.98923367e-02 -3.43674073e-02 3.45207309e-03 2.44102240e-03 4.34910920e-03
1.65368818e+02 7.71749578e-03 -5.14336707e-02 -6.75265589e-02 6.13203046e-03 1.91279376e-04 7.50831467e-03
1.68070334e+02 5.59445223e-03 -3.72392105e-02 -1.01460403e-01 1.95681002e-03 3.37445911e-04 5.87478259e-03
1.70772021e+02 -4.34560864e-03 -3.33226872e-02 -6.10151707e-02 8.49261938e-04 2.09610018e-03 2.99724532e-03
1.73470225e+02 -1.13369192e-02 -5.49115349e-02 -4.43504919e-02 1.42943064e-03 1.23584393e-03 2.64995758e-03
1.76175896e+02 -6.10695343e-02 5.90719906e-02 -3.09129330e-02 2.29240406e-03 1.74739468e-03 3.80930651e-03
1.78874115e+02 -3.50288109e-02 4.86364588e-02 -3.05049724e-02 4.59554481e-03 8.73658847e-04 5.53171242e-03
1.81568881e+02 2.22039175e-02 -1.26208590e-02 -7.57640286e-02 2.71729516e-03 7.85753354e-04 8.72441817e-03
1.84267475e+02 2.36733998e-02 -5.36051417e-02 -6.89595546e-02 2.15847832e-03 2.45675280e-03 6.07961429e-03
1.86964303e+02 -2.81736580e-02 -7.34792878e-02 -3.78327427e-02 3.20291403e-03 2.11662956e-03 2.09075880e-03
1.89657912e+02 -5.01796702e-02 -5.20566378e-02 2.72579490e-02 9.30570539e-03 1.66187239e-03 3.97199053e-03
1.92352381e+02 -6.87527305e-03 -6.60760774e-03 4.18151915e-02 7.97663026e-03 8.28707566e-04 1.26627122e-03
1.95050256e+02 6.65678353e-03 1.66048777e-02 9.57372885e-03 2.95785934e-03 1.66319266e-03 2.25774958e-03
1.97756334e+02 5.69954160e-03 -1.25125389e-02 -4.05401390e-02 3.20813847e-03 2.70050097e-03 7.73134074e-03
2.00458787e+02 4.40784633e-02 -4.98094689e-02 -5.22623004e-02 2.38692100e-03 1.60770178e-03 4.74241059e-03
2.03166178e+02 3.45861254e-02 -4.79285625e-02 -4.70384624e-02 4.24609951e-03 1.46415947e-03 2.84021562e-03
2.05866709e+02 6.70134088e-03 1.15001388e-02 -3.33250228e-02 3.12756982e-03 1.24091556e-03 5.25887234e-03
2.08568615e+02 -2.76196699e-02 1.67479345e-02 -3.84589230e-02 2.36301609e-03 9.39585734e-04 5.94000438e-03
2.11268600e+02 -6.24033207e-02 4.15830810e-02 -2.19653279e-02 2.17650560e-03 1.34549249e-03 4.77965466e-03
2.13972850e+02 -3.18318132e-02 9.37963151e-03 1.29183913e-02 6.57023950e-04 3.46216255e-03 1.71447344e-03
2.16670959e+02 5.83931964e-03 1.76519322e-03 1.10661088e-02 2.01184148e-03 2.79587853e-03 5.23165695e-03
2.19370193e+02 1.41656496e-02 -1.58419933e-02 2.95561937e-02 5.08595166e-03 2.83842014e-03 3.49024542e-03
2.22072943e+02 2.06432752e-02 -1.10575668e-02 1.94085700e-02 6.61383503e-03 4.45690462e-04 4.13590306e-03
2.24768537e+02 7.15822135e-02 -3.79028504e-02 -5.13974999e-02 5.08588245e-03 6.84162433e-04 4.95118402e-03
2.27461631e+02 8.72972403e-02 -2.42331545e-02 -8.68973678e-02 9.17733266e-04 1.49362309e-03 2.00417212e-03
2.30152506e+02 8.91322076e-02 6.97341622e-03 -9.55486620e-02 5.76841726e-04 7.81114892e-04 4.06595869e-03
2.32859662e+02 6.73199382e-03 2.38425413e-02 -8.34305583e-02 2.40795259e-03 1.54073855e-03 2.22159549e-03
2.35559615e+02 -3.81132336e-02 2.81729633e-02 -3.81406727e-03 2.32683064e-03 8.58817316e-04 3.37128465e-03
2.38259834e+02 -4.28886551e-02 3.93380425e-02 6.34545150e-02 6.60415726e-03 5.86483285e-04 6.95852590e-04
2.40961537e+02 -7.41947261e-03 -2.06329735e-02 8.04224343e-02 2.76150543e-03 1.13027471e-03 3.45968134e-03
2.43657928e+02 5.65479995e-02 1.19875643e-02 7.47762772e-02 1.72091020e-03 2.09611978e-03 4.14634583e-03
2.46357553e+02 6.19492648e-02 5.52771141e-03 5.88904018e-02 4.21234189e-03 6.04682364e-04 5.69947030e-03
2.49055537e+02 6.50764614e-02 -2.87649906e-02 1.19579568e-02 9.84506497e-03 1.52398754e-03 4.52720059e-03
2.51748787e+02 7.38558801e-02 -2.18964830e-02 -6.94071359e-02 1.69612204e-02 2.50390157e-03 4.79512958e-03
2.54448803e+02 5.22407232e-02 -3.44040229e-02 -4.74201960e-02 1.20213099e-02 2.19493366e-03 2.35229708e-03
2.57143568e+02 5.41759945e-02 -3.50667827e-02 2.38895119e-03 5.99851629e-03 1.89444185e-03 1.59076855e-03
2.59838912e+02 -3.93672532e-03 -3.50107692e-02 -2.83004073e-02 5.81915927e-03 1.56760802e-03 2.32269580e-03
2.62535396e+02 -4.45248743e-02 -6.02581530e-02 3.36759248e-02 7.96297996e-04 1.78804166e-03 4.11732039e-03
2.65230787e+02 -2.44196746e-03 -2.86409376e-02 6.42205751e-02 2.80410996e-03 4.83399999e-04 1.68742533e-03
2.67926853e+02 3.81992286e-02 -9.87455459e-03 4.73042690e-02 1.15684704e-03 6.42485640e-04 8.57234383e-04
