6.65349154e-01 1.25312531e-02 -4.19136034e-03 -3.81418090e-02 1.10133357e-03 1.18333764e-03 1.79881424e-04
3.37396340e+00 -2.85780024e-02 -6.81790768e-03 5.45869227e-03 9.48672683e-04 1.52850461e-03 2.51999169e-03
6.06750090e+00 -2.87163735e-02 1.32391505e-02 4.30502002e-02 3.34771326e-03 4.74030839e-04 2.43980513e-03
8.77354027e+00 -1.67078334e-02 -1.35272040e-02 6.04286071e-02 2.29898580e-03 1.88349934e-04 1.22623927e-03
1.14679182e+01 -1.74240628e-02 -2.98604254e-02 3.95059116e-02 2.28575526e-03 1.51021959e-03 2.32201301e-03
1.41686901e+01 3.67768820e-02 -7.41268484e-03 -3.25859924e-03 1.92451073e-03 1.16154597e-03 1.08575969e-03
1.68592932e+01 4.58686141e-02 4.09327070e-02 -1.37961833e-02 1.60914890e-03 1.99686382e-03 1.18055581e-03
1.95580636e+01 4.18433671e-02 9.85857882e-02 -4.77695122e-03 2.79709424e-03 1.93315885e-03 3.08705146e-04
2.22550854e+01 3.86991945e-02 4.43952022e-02 2.02264865e-02 4.35003489e-04 1.02592846e-03 1.84315588e-03
2.49643448e+01 -2.66640679e-03 1.95362980e-02 4.92425247e-02 1.99279349e-03 1.26101076e-03 4.53585335e-04
2.76695901e+01 -2.57906498e-02 -2.21987414e-02 5.08379699e-02 1.50688645e-03 1.28973832e-03 2.36653342e-03
3.03837307e+01 -9.30493988e-03 -3.47953853e-02 6.30731489e-02 1.31298899e-03 6.31547558e-04 6.23976799e-03
3.30943276e+01 -9.36387506e-03 4.56633196e-03 1.83510474e-02 2.20602820e-03 2.95616589e-03 5.31501413e-03
3.57981636e+01 3.19598990e-03 3.66539716e-03 1.14334280e-02 2.27624832e-03 1.16567363e-03 1.94168696e-03
3.84963729e+01 -6.04788264e-03 -9.04252634e-03 2.31496788e-02 1.21455637e-03 3.80172271e-04 2.54437456e-03
4.11830432e+01 -2.06865235e-02 -3.68552875e-03 1.86132004e-02 1.43817343e-03 2.54845251e-03 1.50572052e-03
4.38742026e+01 -1.60306749e-02 2.05307807e-02 1.48267980e-02 6.56337217e-03 9.66750489e-04 2.54342945e-03
4.65677776e+01 -2.24313531e-02 2.53355625e-02 -2.64591805e-03 1.54088028e-03 2.38492185e-03 2.46584192e-03
4.92699651e+01 -2.35128449e-02 7.86410446e-03 3.31607543e-02 1.22097774e-03 4.09199547e-04 2.64131663e-03
5.19708979e+01 7.27415110e-03 -5.88118049e-03 2.72405755e-02 1.61482012e-03 1.03035998e-03 1.99833026e-03
5.46819042e+01 5.68065441e-03 4.90208010e-02 2.21467012e-02 1.67443321e-03 9.12845539e-04 1.46046293e-03
5.73799604e+01 -6.16431794e-03 3.46560607e-02 3.67584215e-02 4.86541049e-04 2.87656963e-04 9.67927917e-04
6.00838214e+01 -1.33480216e-02 -1.16439111e-02 3.70803276e-02 4.48685093e-04 1.16551336e-03 1.33075919e-03
6.27832104e+01 -1.04746182e-02 -1.85033069e-02 1.73908661e-02 2.32045944e-03 8.48595042e-04 6.59301466e-04
6.54751964e+01 -9.78929519e-03 -1.85732305e-02 -1.81617278e-03 3.44091959e-03 1.97681531e-03 2.22410195e-03
6.81694573e+01 -1.12281598e-02 -1.32234047e-02 1.10221711e-02 2.21318597e-03 9.54682520e-04 9.99270957e-04
7.08694401e+01 -1.20543489e-03 -3.11239591e-02 1.07365882e-02 1.48127064e-03 9.59427402e-03 2.38044169e-03
7.35549823e+01 -1.70501210e-02 2.09241797e-02 -2.48945996e-02 8.17205194e-04 1.04783684e-03 3.78973263e-03
7.62562073e+01 -2.91852666e-02 -1.85570201e-02 4.41352706e-03 1.75362495e-03 2.52137661e-03 3.00167332e-03
7.89487526e+01 -5.31780369e-02 -4.82133186e-02 3.14367626e-02 1.59255361e-03 1.75484606e-03 1.48165413e-03
8.16491136e+01 -4.86268127e-02 -6.82905186e-02 2.46378986e-02 1.05679554e-03 2.54874838e-03 1.17741359e-03
8.43599589e+01 -1.12906410e-02 -3.35573211e-02 3.67888855e-02 2.43727270e-03 2.60362021e-03 1.15298662e-03
8.70722542e+01 1.55917466e-02 1.41659597e-02 -1.71728303e-03 4.71180239e-03 2.01823590e-03 4.31799918e-03
8.97822917e+01 9.24736805e-03 1.99581346e-02 -2.62296932e-02 3.23462330e-03 1.98619112e-03 2.03145579e-03
9.24929589e+01 2.33052036e-04 2.83264542e-02 8.44265980e-04 2.23572110e-03 1.38140856e-03 2.80278956e-03
9.51943042e+01 -2.55866910e-02 2.10922474e-02 -1.78158737e-02 1.84408578e-03 1.91902233e-03 6.41983534e-03
9.79066526e+01 -5.17150152e-02 -7.48994846e-03 -1.39790244e-02 3.11577941e-03 6.28935576e-04 1.57159105e-03
1.00611281e+02 -7.46681428e-02 -2.41944257e-02 -7.94975873e-03 8.84999624e-04 6.69846882e-04 2.62570720e-03
1.03313218e+02 -6.85605360e-02 -3.60602616e-02 -3.94188410e-03 1.77974597e-03 2.25832091e-03 2.35922863e-03
1.06006265e+02 -5.53448644e-02 -1.54812005e-03 2.48668685e-02 1.38175236e-03 2.90499206e-04 1.57198104e-03
1.08700828e+02 -6.76530108e-02 2.90861002e-02 2.15641545e-02 2.26505583e-03 1.13111392e-03 1.69972670e-03
1.11395109e+02 -5.32754365e-02 1.96178392e-02 6.30978532e-03 8.68472591e-04 2.51860379e-03 2.10452570e-03
1.14088109e+02 -3.18227082e-02 -2.48372077e-02 -1.31490808e-02 3.36358952e-03 1.55779169e-03 5.75817362e-03
1.16786249e+02 -2.71661589e-02 -1.84945271e-02 -2.97385536e-02 5.81151909e-04 1.02287223e-03 5.99642944e-03
1.19486312e+02 -1.60906884e-02 -2.88162792e-02 -3.50984589e-02 7.66524828e-04 2.06878188e-03 2.05284351e-03
1.22187281e+02 -1.64906928e-02 -3.29028468e-02 -1.44372389e-02 7.73142969e-04 1.44980898e-03 1.65939047e-03
1.24879734e+02 9.55350508e-03 -9.32291010e-03 7.01142755e-03 9.18562218e-04 4.58094765e-03 4.18717413e-03
1.27581203e+02 3.10022601e-02 -2.61499090e-02 -8.37607011e-03 1.37910660e-03 2.50445528e-03 2.34794894e-03
1.30268765e+02 4.91868620e-02 -1.17857398e-03 -2.34602918e-02 2.08831643e-03 1.57656810e-03 1.35992453e-03
1.32971281e+02 1.38610688e-02 4.37073188e-04 1.24495115e-02 2.12192015e-03 2.17532021e-03 2.93596673e-03
1.35668515e+02 -2.92932263e-02 -2.32996641e-02 1.76327391e-02 1.25812136e-03 1.25018110e-03 1.59484398e-03
1.38372499e+02 -5.06335453e-02 -2.67469089e-02 4.71782952e-02 1.33584085e-03 1.84675445e-03 1.29644311e-03
1.41081203e+02 -6.09856827e-02 -1.16556915e-02 5.89663537e-02 1.75380279e-03 6.60968649e-04 1.85338308e-03
1.43782312e+02 -7.19872217e-03 1.35700676e-02 1.10254968e-02 3.65185100e-04 5.86386656e-04 1.82639246e-03
1.46491984e+02 2.50808925e-02 4.73555585e-03 2.44421417e-02 4.62225875e-03 5.03191545e-04 7.14451856e-03
1.49194734e+02 8.81781023e-02 -2.63391366e-02 2.12141982e-02 2.60770011e-03 1.33137354e-03 3.04516082e-03
1.51902437e+02 6.95034030e-02 -3.86871749e-02 1.62505410e-02 2.43022053e-03 1.44487605e-03 4.34742688e-03
1.54598749e+02 3.47220457e-02 -4.28527347e-02 -1.26330957e-02 3.76556451e-03 2.37041559e-03 5.07123127e-03
1.57294406e+02 2.07138176e-02 -4.56773103e-02 -4.86428138e-02 6.75186814e-03 1.92531891e-03 4.06768952e-03
1.59987734e+02 1.56078113e-02 -5.60919338e-02 -3.30060836e-02 1.09391163e-03 1.29303188e-03 3.47158711e-03
1.62678656e+02 1.62168295e-02 -3.79706516e-02 -2.24145087e-02 2.15023656e-03 3.74066861e-03 7.00504847e-03
1.65372843e+02 4.82799075e-03 -3.80550822e-02 1.79305584e-02 3.21769642e-03 6.67531766e-04 3.43897015e-03
1.68075484e+02 -8.38169215e-04 -1.85335511e-02 3.72784605e-02 4.18929464e-03 1.22548910e-03 1.25383187e-02
1.70769359e+02 3.18770783e-02 -1.57328955e-02 -1.65609143e-03 2.44735600e-03 6.02116533e-04 3.74194851e-03
1.73464984e+02 2.79858394e-02 -1.19710440e-02 -5.90056286e-03 1.99426062e-03 9.84828291e-04 9.22332574e-03
1.76161296e+02 -1.00184760e-02 1.16700356e-02 -8.18696142e-03 1.25642303e-03 5.59737514e-03 6.53507081e-03
1.78857093e+02 -4.81529103e-03 6.72268708e-03 -2.17607154e-02 2.34924635e-03 1.15915108e-03 4.31513121e-03
1.81555562e+02 3.22360501e-02 -1.71506672e-02 -3.22216355e-02 1.10682695e-02 4.18331059e-03 5.25740522e-03
1.84260703e+02 4.51347601e-02 -5.41903772e-03 -1.20114265e-02 8.01299732e-03 2.00152495e-03 1.02181540e-02
1.86963609e+02 3.78035306e-02 -1.57573435e-03 -4.92688064e-02 3.16586508e-03 1.06600588e-03 2.99487972e-03
1.89671421e+02 1.69782872e-02 -3.62545219e-02 -2.07655994e-03 2.17838343e-03 1.89333833e-03 2.30140833e-03
1.92369078e+02 -7.47794069e-05 -8.63709385e-02 -1.38404874e-02 2.65358056e-03 9.53370372e-04 1.59858822e-03
1.95067953e+02 -3.86233920e-02 -4.97066370e-02 2.99229873e-02 2.77576063e-03 2.28678755e-03 3.31816677e-03
1.97764406e+02 -5.32307348e-02 3.55680764e-03 2.63863586e-02 1.48130884e-03 3.72176242e-03 2.25216362e-03
2.00454468e+02 -2.02270291e-03 2.31913360e-02 2.06148154e-03 1.75277501e-03 5.27172176e-04 2.71413072e-03
2.03155531e+02 1.78843957e-02 2.43538848e-02 -3.46638205e-02 1.55005378e-03 9.30167419e-04 4.27464132e-03
2.05848171e+02 7.29606665e-02 1.26655410e-02 -6.14575400e-02 1.94125896e-03 1.72182565e-03 1.01115556e-02
2.08552312e+02 6.52763157e-02 -3.46112024e-02 3.57391639e-02 2.25916584e-03 6.96830572e-04 5.14224112e-03
2.11256468e+02 1.67816026e-02 -3.54151218e-02 6.42401955e-02 3.41506758e-03 7.46873582e-04 4.77412489e-03
2.13954249e+02 -1.08389129e-02 -2.38746513e-02 3.73475445e-02 2.64842433e-03 1.13267398e-03 1.86283041e-03
2.16659578e+02 6.58593122e-03 -1.74548697e-02 1.17499397e-02 4.33448787e-03 1.20008162e-03 9.08933746e-04
2.19359609e+02 2.25040712e-02 -7.96364530e-03 -2.85870199e-02 4.85989700e-03 3.50161636e-03 1.77767774e-03
2.22054968e+02 5.30354256e-02 3.05157256e-03 -4.13019460e-02 8.84140613e-04 1.15584607e-03 5.09602504e-03
2.24756421e+02 4.67561795e-02 -1.43233837e-02 -9.59147272e-02 1.80064115e-03 2.84285598e-03 1.76323821e-03
2.27458531e+02 3.31090379e-02 -5.40712676e-03 -9.02468041e-02 2.51391246e-03 2.38613121e-03 3.59135160e-03
2.30158671e+02 1.36231302e-02 -6.88216621e-04 -2.43042897e-02 3.40453578e-03 6.16092013e-04 4.59997286e-03
2.32858406e+02 -1.11908514e-02 1.14617527e-02 -1.66139368e-02 8.37160451e-03 1.26114027e-03 4.07340377e-03
2.35564468e+02 -1.06349319e-02 3.87155142e-02 6.77415224e-03 4.56329757e-03 1.89223722e-03 7.48859618e-03
2.38276265e+02 -1.53832094e-03 9.29225788e-04 1.95274232e-02 3.42814269e-03 6.20891716e-04 3.39789809e-03
2.40976390e+02 2.67325023e-02 9.66851662e-03 -8.52642380e-03 1.04775788e-03 1.09974286e-03 3.39751915e-03
2.43675999e+02 9.70202618e-03 2.32329372e-02 -4.90002518e-02 1.98893585e-03 1.10452024e-03 2.26784101e-03
2.46374249e+02 -5.05007177e-02 1.41682356e-02 -5.93761780e-03 1.37756230e-03 7.52894370e-04 1.81122147e-03
2.49064968e+02 -7.79139629e-02 -1.05588136e-02 3.79915160e-02 2.60739688e-03 3.57288926e-03 2.81539581e-03
2.51751062e+02 -2.00022092e-02 -1.82045277e-02 2.01594898e-02 2.83540006e-03 1.54282927e-03 8.72192471e-04
2.54456374e+02 1.19646718e-02 -2.19658489e-02 2.13977724e-02 6.40186976e-03 1.44139637e-03 2.63821096e-03
2.57150968e+02 7.87744849e-02 -2.86157917e-02 3.57446106e-02 7.68404699e-03 3.86026237e-03 1.35953834e-03
2.59853640e+02 9.12105554e-02 -4.78237076e-02 -2.52076309e-02 6.51337979e-03 1.17056252e-03 2.72575452e-03
2.62561062e+02 2.74443569e-02 -7.29772021e-02 7.11905477e-03 1.85735070e-03 2.89907819e-03 5.81505561e-03
2.65257093e+02 3.18064312e-03 -4.28818910e-02 2.65846281e-02 2.40556481e-03 3.00173419e-03 1.56041752e-03
2.67955813e+02 1.16694778e-02 -3.19029986e-02 -9.28778544e-03 2.01039308e-03 6.20198727e-04 1.36857963e-03
