6.72794635e-01 2.43676279e-04 -1.62150699e-02 1.90744725e-02 2.30274081e-03 2.26597815e-03 5.35847857e-04
3.38376290e+00 -1.43556840e-02 -2.70574028e-02 1.99443077e-02 5.93815829e-04 8.52640967e-04 3.14670319e-03
6.08177540e+00 -2.52997612e-02 -4.06014725e-02 -2.40135487e-02 9.49183440e-04 4.42105713e-03 1.67681088e-03
8.78631603e+00 -4.81510721e-03 -1.79882450e-02 -3.04100396e-02 2.87552462e-03 5.50488837e-04 1.80065908e-03
1.14843682e+01 2.56267865e-04 2.93788594e-02 5.17204593e-03 2.41367836e-03 2.03610951e-04 2.10943373e-03
1.41872370e+01 -6.84156120e-03 2.66396769e-02 1.65456670e-02 3.50359629e-03 9.43623985e-04 6.09502730e-04
1.68845338e+01 -3.96911563e-03 -6.80581330e-04 2.52440303e-02 2.57207516e-03 1.41762090e-03 2.44687112e-03
1.95811385e+01 1.09472579e-02 6.71901505e-03 1.24389553e-02 3.01610257e-03 1.02130277e-03 8.45735402e-04
2.22803729e+01 4.88768393e-02 -1.59598145e-02 -8.89921079e-03 1.28977093e-03 1.71573883e-03 7.88060087e-04
2.49729745e+01 4.27515195e-02 8.75632620e-03 1.18350306e-02 1.09477228e-03 1.25504503e-03 6.12641879e-04
2.76655385e+01 4.33244963e-02 -4.49065264e-03 2.37496691e-02 2.50272047e-03 2.06673118e-03 4.17510980e-03
3.03641167e+01 3.49013612e-02 -4.44687617e-03 -2.05650552e-04 1.42668597e-03 1.84468422e-03 2.34999126e-03
3.30537495e+01 5.54536619e-03 -3.54440077e-02 -2.34339474e-02 2.07368853e-03 1.00850441e-03 4.53549192e-03
3.57541432e+01 -7.73591677e-03 2.93054763e-03 -4.14964419e-02 1.82079500e-03 1.16958024e-03 1.23758414e-03
3.84647557e+01 8.16984893e-03 1.28118208e-02 -2.67973710e-02 9.39467817e-04 6.22133051e-04 1.95782956e-03
4.11723010e+01 1.17693921e-02 2.28032429e-02 -4.36889983e-04 1.97667311e-03 2.11258984e-03 9.22464043e-04
4.38812792e+01 -2.00496374e-02 3.06180071e-04 9.53022119e-03 3.11506497e-03 1.56529069e-03 8.12717183e-04
4.65801354e+01 -1.66199184e-02 2.13535288e-02 1.54863842e-02 2.21976461e-03 7.75730727e-04 1.23413396e-03
4.92763776e+01 8.56754277e-03 6.47144562e-02 5.15692668e-02 1.83173399e-03 2.79416266e-04 4.07020748e-03
5.19722823e+01 2.33988824e-02 3.30698915e-02 4.25069100e-02 1.34683765e-03 1.27811816e-03 3.89590589e-03
5.46783151e+01 2.78951915e-02 6.51628450e-03 2.81440434e-02 7.99180220e-04 1.10756798e-03 2.45212061e-03
5.73738807e+01 5.08073493e-03 -3.71034672e-02 -4.93424311e-03 1.28788887e-03 1.76730098e-03 1.88464395e-03
6.00751651e+01 -1.91343951e-02 -1.01799849e-02 -4.07457926e-02 6.67300864e-04 1.47917507e-03 2.43467194e-03
6.27609729e+01 -3.37042669e-02 8.55035192e-03 -3.77177134e-02 8.28792918e-04 9.13793515e-04 1.68935085e-03
6.54543776e+01 -1.35968994e-02 2.54926643e-03 -5.69189959e-03 1.13682503e-03 7.19142234e-04 1.27573297e-03
6.81540573e+01 -1.60585713e-03 2.06969362e-02 2.63479868e-02 3.30477832e-03 9.27216090e-04 1.62717267e-03
7.08644448e+01 -2.15401604e-02 -1.82242468e-02 2.77686864e-02 1.78176644e-03 6.32285992e-03 4.32687127e-03
7.35801432e+01 -3.45864698e-02 -2.90410610e-02 2.06607909e-02 1.62472252e-03 1.63393095e-03 1.37684778e-03
7.62915698e+01 -2.72646355e-02 -5.75433753e-02 -8.83551333e-03 1.77158783e-03 1.63655955e-03 5.27580120e-04
7.90011354e+01 -1.14386919e-02 -5.82413233e-03 -3.91339025e-02 3.89533461e-04 1.69583243e-03 4.58836312e-04
8.17069541e+01 1.20515117e-02 2.17892956e-02 -3.45039505e-02 2.58926800e-04 1.29617414e-03 3.37541108e-04
8.43988745e+01 1.91859110e-02 -6.87132128e-03 1.46099813e-03 2.89526765e-03 1.43976629e-03 2.89043843e-03
8.70872073e+01 1.26066113e-02 -1.15921173e-02 1.52332178e-02 6.84738565e-03 4.78986090e-03 4.52406483e-03
8.97810479e+01 -1.24310894e-02 -3.50692651e-02 2.23719179e-02 4.00404227e-03 7.19978032e-04 2.52189439e-03
9.24775245e+01 -5.29151460e-02 -1.72629490e-02 9.44321466e-03 6.05089711e-03 2.04229663e-03 5.31810399e-04
9.51738776e+01 -2.48199227e-02 -1.37455365e-02 -2.65803860e-02 1.69197246e-03 1.61705266e-03 7.64046885e-04
9.78764026e+01 5.64450286e-03 -2.15911411e-02 -3.85169936e-02 2.96633483e-03 3.39540600e-03 2.66091774e-03
1.00574337e+02 -1.13213463e-02 2.49899085e-02 -4.68954995e-02 2.78498108e-03 6.52317132e-04 1.59728773e-03
1.03278290e+02 -1.03964004e-02 4.18667129e-02 -4.15434822e-02 1.66885799e-03 1.96921882e-03 2.18221942e-03
1.05975493e+02 -3.28812230e-02 2.55257121e-02 -5.05414073e-02 2.14010348e-03 2.37785767e-03 1.00990531e-03
1.08677384e+02 -3.69865974e-02 7.82996160e-03 -1.28511548e-02 2.50016462e-03 9.68894219e-04 4.28339695e-03
1.11377556e+02 -4.10266991e-02 6.10889705e-03 1.56129039e-02 1.77315599e-03 7.04914769e-04 2.10002117e-03
1.14076790e+02 -2.96031163e-02 2.54293453e-02 1.89157050e-02 3.60713269e-03 7.14430533e-04 1.67717589e-03
1.16775493e+02 -1.74200069e-02 6.31525567e-03 1.31866655e-02 1.78104787e-03 1.98874417e-03 1.16443625e-03
1.19477821e+02 -1.84928136e-02 -2.81873482e-02 -1.72374820e-03 3.20035772e-03 2.46672197e-03 1.80680369e-03
1.22179774e+02 -2.02404518e-02 -4.36733221e-02 -2.31659446e-02 3.52323588e-03 8.15127196e-04 8.47618377e-04
1.24882056e+02 -1.03770906e-02 7.65114220e-03 -3.13032952e-02 3.89034095e-03 1.85562294e-03 1.88136879e-03
1.27586665e+02 1.14262931e-02 -3.47882896e-02 -1.21966205e-02 2.29901331e-03 1.23856060e-03 1.68196409e-03
1.30291368e+02 8.54082492e-03 -1.12926622e-02 8.45907119e-03 6.06019800e-03 1.83378134e-03 1.21166636e-03
1.32995759e+02 -2.12675224e-03 -3.01164538e-02 -1.90384939e-02 1.78685224e-03 2.43401825e-03 2.63436423e-03
1.35702056e+02 -2.23286619e-02 -1.33600054e-02 -6.01940418e-03 1.43793039e-03 1.32320685e-03 6.57509755e-04
1.38407243e+02 -1.88102901e-02 -2.91027870e-03 3.77842068e-02 2.03887415e-03 1.32964366e-03 1.56957448e-03
1.41100243e+02 -2.76655452e-02 -2.51455497e-02 3.95018536e-02 6.93455199e-04 8.39070006e-04 1.35112325e-03
1.43793462e+02 -2.16989407e-02 -4.52360002e-03 7.12020208e-03 1.07771166e-03 6.22081923e-04 2.74403083e-03
1.46493087e+02 -2.67344318e-02 -1.23900440e-02 -1.88893554e-02 1.13013941e-03 9.24249225e-04 5.68244790e-03
1.49184165e+02 5.73756394e-03 2.14218037e-03 -1.56022528e-02 8.29112443e-03 2.53294625e-03 6.22238226e-03
1.51875821e+02 1.02393862e-02 1.79814230e-02 -1.41204706e-02 3.00922010e-03 1.17950688e-03 6.64775313e-03
1.54566993e+02 1.50072493e-02 -1.02430814e-02 -2.35586620e-02 5.39525336e-03 6.92766407e-04 2.71793668e-03
1.57262071e+02 4.74546063e-02 -3.88856431e-02 -2.70471677e-02 6.57666871e-03 5.72382043e-04 1.10315287e-03
1.59962243e+02 1.71216820e-02 -4.54347402e-02 -7.49955370e-02 3.35113763e-03 1.28969218e-03 1.09323609e-03
1.62669259e+02 -8.97022107e-03 -6.18032055e-02 -2.32507380e-02 5.61663021e-03 2.39407456e-03 3.07365752e-03
1.65370681e+02 -1.68874965e-02 -5.00985588e-02 1.13384097e-02 1.95445707e-03 1.70736807e-03 1.35772871e-03
1.68080478e+02 -3.28486254e-02 -3.11439560e-02 4.62209335e-02 4.25145575e-03 1.80688889e-03 3.52962609e-03
1.70781431e+02 1.63076432e-02 5.33932805e-03 4.69507470e-02 2.01969885e-03 4.60373104e-04 2.23904368e-03
1.73481399e+02 8.69803504e-02 -8.39472480e-03 2.63731974e-02 2.25252598e-03 1.01900005e-03 4.26979835e-03
1.76179431e+02 9.89284215e-02 -2.68613505e-02 2.33050631e-02 5.75034378e-03 3.69533531e-03 5.44223894e-03
1.78876618e+02 2.63133164e-02 -5.16115177e-02 8.12094791e-03 7.08140111e-03 1.15807447e-03 4.07126857e-03
1.81566462e+02 -9.88676671e-03 -3.56285895e-03 -3.52087378e-02 5.62914944e-03 2.80006317e-03 1.03581735e-03
1.84259806e+02 1.65976119e-03 1.09643903e-02 1.60843351e-02 4.26495828e-03 6.42023730e-04 9.67568350e-04
1.86955931e+02 1.71633997e-02 -4.26334097e-02 -5.96100115e-03 1.44501178e-03 1.83563935e-03 1.65221250e-03
1.89661071e+02 2.58361352e-02 -2.01933647e-02 -1.10921872e-02 7.82638885e-04 5.12892821e-04 2.11175631e-03
1.92362149e+02 6.27195275e-02 2.88011116e-02 2.64670779e-04 1.26522318e-03 1.07257420e-03 3.21812778e-03
1.95067962e+02 5.21461973e-02 1.27474284e-02 -2.96126748e-02 1.76246071e-03 1.12145319e-03 8.04912349e-03
1.97767321e+02 4.58482643e-02 5.58763706e-03 -2.21095596e-02 1.93581046e-03 2.22390413e-03 8.34445391e-03
2.00452306e+02 6.71312296e-02 -2.06864565e-02 -6.49775619e-03 6.47141751e-03 7.90612002e-04 1.06833763e-02
2.03153899e+02 2.00968871e-02 -1.53973828e-02 2.23617330e-03 9.33617276e-03 5.23317792e-04 9.09983694e-03
2.05848915e+02 8.71461010e-03 8.24433258e-03 7.21392850e-03 5.61219095e-03 1.33342219e-03 7.32647630e-03
2.08547071e+02 -1.22122787e-02 -3.77423649e-02 -1.92142496e-02 3.78414241e-03 1.31459609e-03 6.11749920e-03
2.11249196e+02 -2.56488843e-02 9.39178550e-03 3.43640220e-03 5.61314143e-03 1.60045445e-03 2.32580294e-03
2.13954837e+02 -1.30796932e-02 -1.42618341e-02 2.49929006e-02 3.12160313e-03 1.52160052e-03 1.82317998e-03
2.16657228e+02 -1.17518005e-02 -6.76982740e-03 -5.25875267e-02 1.52480671e-03 1.02456258e-03 3.02819885e-03
2.19359649e+02 2.61839362e-03 8.36506784e-04 -6.34908159e-02 5.14594340e-03 2.59251026e-03 3.30437882e-03
2.22057056e+02 3.64375913e-02 3.71850230e-02 -2.13025594e-02 3.70561085e-03 3.95182669e-04 3.58487495e-03
2.24751931e+02 8.26713910e-02 5.18929240e-02 -7.51181641e-03 2.61779120e-03 2.03096256e-03 6.97851885e-03
2.27445899e+02 1.00069493e-01 4.56941628e-02 -4.07798767e-02 2.28864077e-03 1.77319484e-03 1.68764167e-03
2.30145290e+02 8.15153671e-02 2.15250808e-03 -1.74297460e-02 3.26597311e-03 1.96624169e-03 3.12611177e-03
2.32850931e+02 5.65683390e-02 -4.30988329e-03 -5.03539377e-03 4.32532174e-03 1.52569709e-03 7.39338190e-03
2.35555290e+02 1.57269803e-02 -7.19473464e-03 -1.70082488e-02 6.32573023e-03 1.82360181e-03 8.32466590e-03
2.38260993e+02 -4.58452269e-02 -2.53832454e-03 8.75721937e-03 9.84351918e-03 7.38687825e-04 1.00818062e-02
2.40963478e+02 -6.60532636e-02 4.99955837e-03 3.27636815e-02 7.78629437e-03 8.36119487e-04 1.68139592e-03
2.43653571e+02 -3.74269501e-02 -1.97620882e-02 -1.18430755e-02 9.94029906e-03 5.44318882e-04 2.08726843e-03
2.46353868e+02 -2.53745217e-02 -3.72848416e-02 -3.13389802e-02 9.91150117e-03 1.17324525e-03 1.53520840e-03
2.49065493e+02 -2.18527313e-02 2.44279058e-02 -4.49399790e-03 7.89666137e-03 1.88677219e-03 2.11047971e-03
2.51767759e+02 3.69556546e-02 5.30868009e-02 -2.60567309e-02 9.42735278e-04 7.65618457e-04 8.12513442e-04
2.54481509e+02 -9.83207100e-04 -2.01141347e-02 -3.06722364e-02 1.60583096e-03 6.22551115e-04 4.52771629e-03
2.57186353e+02 1.90299862e-02 -5.21796364e-02 -1.52071537e-02 1.66616887e-03 2.18390879e-03 5.69836480e-03
2.59885446e+02 6.12807699e-02 -4.42412971e-02 5.15203636e-03 6.61561724e-04 1.80828585e-03 3.84443821e-03
2.62580009e+02 2.97714680e-02 -3.51294868e-02 2.75552641e-02 2.91831968e-03 2.06163307e-03 1.56916230e-03
2.65271665e+02 -5.20366091e-03 -2.31321661e-02 3.85863303e-02 1.28455972e-03 2.39636134e-03 9.01502863e-04
2.67971016e+02 -6.81712089e-03 -2.41954344e-02 3.93328651e-02 3.06133833e-03 8.99316644e-04 1.08796930e-03
