6.62034456e-01 5.39441343e-03 -1.50706573e-02 -4.33156666e-02 1.45010786e-03 9.96678077e-04 2.01601649e-03
3.36282485e+00 -4.73175684e-03 1.83501090e-02 -2.70825120e-02 1.00607431e-03 1.05334703e-03 3.40014929e-03
6.07053142e+00 -1.93454935e-02 -4.70191296e-03 1.05012655e-02 2.18240142e-03 8.66273213e-04 2.61235505e-03
8.76997657e+00 -1.63862300e-02 -5.09221208e-02 3.86582796e-02 6.80571205e-04 5.31236921e-04 3.19329852e-03
1.14694242e+01 -1.75236212e-02 -3.42427181e-02 3.35253673e-02 2.07135925e-03 1.45627462e-03 1.08740374e-03
1.41628055e+01 -1.84144101e-02 -3.50190073e-02 1.16777140e-02 2.66131023e-03 1.07689019e-03 1.99878644e-03
1.68565805e+01 -1.74994086e-02 -1.13829232e-02 -3.37899099e-03 1.40613956e-03 8.65625287e-04 2.78613052e-03
1.95595680e+01 7.27537569e-03 3.04600631e-02 2.79224972e-02 1.47411120e-03 1.28748987e-03 1.50822665e-03
2.22615617e+01 -1.35532976e-02 3.23694989e-02 4.23874939e-02 8.81092447e-04 1.53758940e-03 1.65954743e-03
2.49619805e+01 -1.77511558e-02 9.20474726e-03 5.81839939e-02 4.58644204e-04 5.29080625e-04 9.34823343e-04
2.76736602e+01 -2.44438725e-02 -2.32063581e-02 3.96489370e-02 7.40732547e-04 1.65350824e-03 5.21336570e-03
3.03815789e+01 -2.26997794e-02 -1.89485700e-02 9.35659194e-03 1.88519152e-03 1.17203119e-03 2.19210627e-03
3.30894117e+01 -2.03056531e-02 -3.67938714e-02 4.71249236e-02 3.46011948e-03 8.72183800e-04 1.30276829e-03
3.57993227e+01 -2.26635045e-02 3.11945821e-02 4.78376726e-02 2.21983865e-03 8.49471738e-04 1.19500629e-03
3.85013477e+01 -4.47982743e-03 4.16173081e-02 3.28394469e-02 3.43109608e-03 5.28804096e-04 8.26671046e-04
4.11827852e+01 -5.94944212e-03 5.32984221e-02 2.53985422e-02 3.26805014e-03 6.00051061e-04 5.52739261e-04
4.38717274e+01 -3.23380136e-02 5.38272790e-02 2.60215424e-02 3.88781208e-03 1.53509755e-03 2.39778906e-03
4.65647086e+01 -5.32820518e-02 2.72922638e-02 1.34809473e-03 5.10079573e-03 1.09619026e-03 6.88032352e-03
4.92644961e+01 -3.97597990e-02 9.67759137e-03 -1.61455958e-02 2.97667934e-03 2.02442740e-03 4.23583041e-03
5.19756570e+01 -3.73931032e-02 7.99610378e-03 -2.17050919e-02 1.76561349e-03 1.42851833e-03 1.19802842e-03
5.46746008e+01 -3.18957600e-02 3.55595048e-02 -1.47374014e-03 3.86853314e-03 5.40508076e-04 6.63149987e-04
5.73730336e+01 -4.18036579e-03 3.66085271e-02 2.32338597e-02 2.36582838e-03 1.27456130e-03 1.77894045e-03
6.00728274e+01 5.71274894e-03 1.65283203e-02 2.41017665e-02 6.98050371e-04 5.07214435e-03 2.03216463e-03
6.27730430e+01 1.26638720e-02 -7.10296905e-03 5.59802040e-03 3.14393574e-03 1.42692581e-03 1.45434692e-03
6.54753352e+01 2.27045318e-02 -9.70265343e-04 -2.18921668e-02 1.10664867e-03 7.87222607e-04 2.10025899e-04
6.81728070e+01 2.20021144e-03 3.32102474e-02 -2.69023814e-02 1.94681777e-03 8.98536167e-04 6.34239584e-04
7.08684445e+01 -2.28189854e-02 1.02958055e-02 -4.21247723e-02 2.78556037e-03 3.39984524e-04 7.27193612e-04
7.35651680e+01 -4.42536680e-02 -1.81158713e-02 -3.64712913e-02 2.56069518e-03 9.95413546e-04 7.39540362e-04
7.62549914e+01 -6.11705863e-02 -1.95044501e-02 -2.33653341e-02 4.96761559e-03 1.61969670e-04 1.54543699e-03
7.89466977e+01 -6.78860362e-02 -2.21292142e-02 -1.65163781e-03 1.68273491e-03 9.50012438e-04 2.15954929e-03
8.16559695e+01 -5.11130969e-02 -3.41152585e-02 2.58882768e-02 2.93255440e-03 2.18112366e-03 1.44096925e-03
8.43564070e+01 -1.87442521e-02 -4.18977686e-03 7.22716917e-03 2.71442293e-03 1.88081552e-03 3.17639802e-03
8.70633758e+01 3.34397284e-03 1.40263659e-02 -3.07513066e-02 3.96923198e-03 1.83541020e-03 5.03418022e-03
8.97746617e+01 -1.44587551e-03 6.07967690e-03 -2.31814981e-03 5.20607057e-03 2.15767233e-03 6.41434555e-04
9.24819164e+01 -1.41732487e-02 4.94331201e-04 9.34704897e-03 3.22082768e-03 9.71270141e-04 1.49227835e-03
9.51917617e+01 1.81358219e-02 -1.20102808e-02 9.05657010e-03 1.36744893e-03 2.63158780e-03 3.51453228e-03
9.78986242e+01 4.23568315e-02 -4.53066289e-02 -1.23090466e-02 4.93572076e-03 8.82308210e-04 1.17114611e-03
1.00604302e+02 3.48922100e-02 -2.09806725e-02 -3.58980696e-02 5.75053704e-03 1.50433508e-03 2.29937031e-04
1.03309787e+02 4.71024752e-03 -6.36873814e-03 -1.39040849e-02 4.24686964e-03 1.68491607e-03 1.08502080e-03
1.06006130e+02 -2.26015271e-02 -2.00714121e-02 2.81236942e-02 2.36679935e-03 1.97837486e-03 1.04706071e-03
1.08699380e+02 -1.82636496e-02 -1.47722615e-02 1.83760780e-02 1.77807457e-04 6.92595454e-04 2.85521929e-03
1.11389693e+02 -4.49262565e-02 -2.74759353e-02 4.07550985e-03 5.13610017e-03 5.61488585e-04 1.64254414e-03
1.14085427e+02 -1.10680079e-02 -3.27603345e-02 5.07974228e-03 9.04764068e-04 1.95206868e-03 1.90755604e-03
1.16785521e+02 3.72120639e-04 -3.76398091e-02 -3.08151867e-02 1.50030457e-03 2.67282043e-03 2.12171362e-03
1.19483865e+02 -2.46480970e-02 -4.85771250e-03 -3.60731494e-02 3.09395037e-03 3.29414873e-04 1.34893822e-03
1.22184959e+02 -8.63261061e-03 -2.41966503e-02 -7.07474137e-03 2.10824048e-03 1.39094868e-03 1.17133365e-03
1.24879490e+02 -1.42437997e-03 2.92769464e-02 2.27356460e-02 1.69850990e-03 5.92453764e-04 1.15596927e-03
1.27578193e+02 2.68165142e-02 1.83090021e-02 7.52671013e-03 7.46169665e-04 3.97608700e-03 1.50803015e-03
1.30277662e+02 6.86253491e-03 2.89836349e-02 -1.40463597e-02 2.62805268e-03 2.94315172e-03 6.05622926e-03
1.32969974e+02 -2.77371710e-02 7.43567935e-03 -5.86388940e-03 7.44369666e-03 1.80380994e-03 2.54996774e-03
1.35667693e+02 -4.53784586e-02 1.91095252e-02 3.12471920e-02 4.86324707e-03 1.90864236e-03 1.47673655e-03
1.38364334e+02 -5.48608974e-02 1.56918171e-02 5.46504007e-02 1.59411574e-03 2.02886557e-03 3.39494541e-03
1.41063334e+02 -3.68590073e-02 2.06053402e-03 3.95124001e-02 1.04019034e-03 1.90302140e-03 2.78626362e-03
1.43765552e+02 -3.23050542e-02 1.90730618e-02 3.41885568e-02 9.56478249e-04 3.95656198e-03 7.99959062e-04
1.46475021e+02 -2.34542476e-02 -9.79421014e-03 5.35742181e-02 7.87649836e-04 6.37295825e-04 6.35946987e-03
1.49180490e+02 1.88710515e-02 -2.04132897e-02 2.95471705e-02 8.72118583e-03 2.20147651e-04 5.77879366e-03
1.51884521e+02 -1.28482639e-03 4.60024327e-03 1.80601944e-03 4.59112155e-03 9.40926943e-04 5.68838485e-03
1.54582459e+02 -4.24430223e-02 -4.08000170e-02 1.04519461e-03 5.04376421e-03 3.05267247e-03 7.00405828e-03
1.57281630e+02 -1.85715358e-02 -6.21778841e-02 8.75557413e-04 5.17796483e-03 5.26445620e-04 3.63560055e-03
1.59979302e+02 -3.15830250e-02 -4.95963992e-02 1.40340800e-03 1.11359812e-02 1.12896444e-03 6.25383757e-03
1.62677646e+02 -2.72352908e-02 -3.75076243e-02 2.68127849e-02 6.72973209e-03 1.08966381e-03 1.16152139e-03
1.65372130e+02 -2.79161114e-02 -1.91492775e-02 -1.86024125e-02 4.88833504e-03 1.02762671e-04 1.70145344e-03
1.68072302e+02 -3.35055271e-02 -6.35413119e-02 -3.44439087e-02 6.54026159e-03 1.12308947e-03 9.45168488e-03
1.70771037e+02 -2.55574123e-02 -5.81990549e-02 -5.55596542e-02 1.60342430e-03 1.05819692e-03 1.72969852e-03
1.73468255e+02 -3.38767660e-03 -2.44851563e-02 -7.72362507e-02 4.76530840e-03 2.18075989e-03 2.44501715e-03
1.76153537e+02 8.62816225e-05 3.39573423e-02 -5.60156950e-02 5.52122439e-03 1.35097123e-03 3.22946592e-03
1.78844818e+02 -1.63830285e-02 9.84182084e-03 -3.87543496e-02 2.77701456e-03 5.15849306e-04 2.79388093e-03
1.81543709e+02 -2.71723144e-02 4.28981363e-02 -3.98198763e-02 7.20876347e-03 1.60246535e-03 5.49162823e-03
1.84239427e+02 7.27475771e-03 1.72607319e-02 2.50606882e-03 9.53984282e-03 1.23384064e-03 4.14899109e-03
1.86946380e+02 6.88289989e-03 -3.96183928e-02 -1.44302133e-02 5.49241531e-03 2.94730886e-04 6.76930986e-03
1.89650162e+02 4.67093591e-03 -5.55553534e-02 -3.76922092e-02 1.95252292e-03 5.68293527e-04 5.65844243e-03
1.92351990e+02 1.07395837e-02 -2.43221471e-02 -1.80505806e-02 7.28099348e-04 6.90198308e-04 7.43133448e-03
1.95057662e+02 -3.28102840e-02 -3.46311238e-02 -2.89218206e-03 2.22291654e-03 1.16627200e-03 5.37992482e-03
1.97755349e+02 -4.88103946e-02 -2.48868862e-02 -1.46188141e-02 4.64439658e-03 2.58248591e-03 3.57915094e-03
2.00453005e+02 -1.65264825e-02 3.01135336e-04 -2.16569160e-02 4.19220959e-03 3.91838970e-03 5.56091356e-03
2.03152146e+02 1.62924697e-02 1.17822249e-02 -3.56229096e-02 4.81257622e-03 9.97709636e-04 1.21174564e-02
2.05848943e+02 5.77491701e-02 2.90045119e-02 -1.97128404e-02 4.77316914e-03 2.78651909e-03 9.75318713e-03
2.08549412e+02 3.53724211e-02 1.69008117e-02 1.04454278e-03 7.89173236e-03 1.28710942e-03 4.41475714e-03
2.11249802e+02 -1.95672288e-02 4.73643782e-02 5.36329198e-03 5.00266435e-03 7.93888176e-04 2.02519119e-03
2.13951662e+02 -1.60936882e-02 1.91194026e-02 6.15955723e-02 4.76465723e-03 1.10140835e-03 3.13094910e-03
2.16650771e+02 -3.46751660e-03 3.25191951e-02 1.49676169e-02 4.96741119e-03 1.51830735e-03 4.04211653e-03
2.19346271e+02 4.95213230e-02 1.03834959e-02 -6.83065290e-03 5.26031014e-03 1.31995805e-03 6.35090468e-03
2.22050193e+02 3.64617573e-02 -3.89539797e-03 -2.56432614e-02 5.79136045e-03 1.35951271e-03 3.50928815e-03
2.24745052e+02 3.14969560e-02 -4.56823982e-03 -1.08760815e-01 1.86955558e-03 7.34159838e-04 4.97761064e-03
2.27445084e+02 -1.22392819e-02 -2.90064568e-02 -1.10480170e-01 3.66669684e-03 6.98676797e-04 3.20373154e-03
2.30149568e+02 -4.59618810e-02 -1.65192350e-02 -6.04214103e-02 1.43592647e-02 7.92289333e-04 2.11330841e-03
2.32853068e+02 -3.90553378e-02 3.68119978e-02 3.13250431e-03 1.11066631e-02 6.45782758e-04 5.34969502e-03
2.35554912e+02 1.50554444e-02 1.55942501e-02 3.29457641e-03 4.72692326e-03 6.07741046e-04 1.34557254e-02
2.38263646e+02 2.27547115e-02 2.00379099e-02 7.99047958e-03 4.74720377e-03 3.80855270e-04 4.47409672e-03
2.40975130e+02 2.27379296e-02 3.40264873e-02 3.40649019e-02 3.94068095e-03 1.54410199e-03 1.56438120e-03
2.43667193e+02 3.13757319e-02 5.26671473e-02 6.88399540e-02 1.94511233e-03 1.07132111e-03 1.58560754e-03
2.46353584e+02 1.80842511e-03 -1.81218684e-02 6.57056042e-02 3.49236837e-03 1.60076353e-03 1.79888207e-03
2.49044630e+02 -1.67136349e-02 -4.72782437e-03 1.47142472e-02 3.76942234e-03 3.89711237e-04 3.97954747e-03
2.51735349e+02 2.97503121e-02 1.19318398e-02 -4.48052444e-02 4.85847377e-03 9.11040055e-04 3.79200220e-03
2.54437037e+02 3.88202406e-02 -2.94557825e-02 -3.93642492e-02 1.75476580e-03 3.63710434e-03 5.54270574e-03
2.57140099e+02 5.45474169e-02 -1.62178457e-02 1.55931786e-02 3.36954971e-03 3.69193950e-03 2.14387890e-03
2.59837599e+02 7.67493332e-02 -1.33204694e-02 3.93091710e-02 4.97823902e-03 2.17194642e-03 3.48916737e-03
2.62538740e+02 1.06029192e-02 -3.62208539e-02 1.84133395e-02 2.14631528e-03 2.22397568e-03 8.04462321e-04
2.65249162e+02 -7.15541882e-03 -3.95283596e-02 7.38182286e-03 7.72099498e-04 1.27054637e-03 2.13434458e-03
2.67947367e+02 -8.66613025e-03 -2.74420251e-02 -3.15288758e-03 3.93368683e-04 1.60940396e-03 1.13592265e-03
