6.39300178e-01 -9.99007665e-03 -1.67811667e-02 1.30998267e-02 9.48970267e-04 5.74481416e-04 1.30758046e-03
3.34398886e+00 -4.76763045e-02 -4.18911471e-02 3.83547459e-03 1.21493253e-03 9.93692646e-04 2.48701323e-03
6.04764667e+00 -8.28870007e-02 -2.04723009e-02 -2.88644224e-02 1.18568712e-03 1.46955897e-03 2.08659144e-03
8.74969901e+00 -4.47521289e-02 -1.34774710e-03 -3.91308034e-02 1.92356005e-03 1.03814375e-03 1.14983137e-03
1.14593120e+01 -2.15032176e-02 -1.79520805e-03 -2.98720471e-02 8.77609339e-04 7.32328237e-04 2.50582735e-03
1.41691339e+01 1.15422652e-03 -3.50127813e-02 -2.38141046e-02 7.38765718e-04 9.33234289e-04 4.40007316e-04
1.68746885e+01 -1.19775730e-02 -4.81987218e-02 -9.03435098e-04 1.44396490e-03 9.11220303e-04 1.53454413e-03
1.95765354e+01 -2.48748456e-02 -1.28126859e-02 6.18217330e-02 2.53971782e-03 5.21877349e-04 7.26663924e-04
2.22737948e+01 -1.64110002e-02 -3.02820432e-02 6.29967178e-02 1.47083052e-03 2.03126126e-03 2.11697585e-03
2.49717854e+01 -1.58270276e-02 -1.23385634e-02 4.53955516e-02 2.23971348e-03 2.45630901e-04 3.97883582e-03
2.76694276e+01 -1.21026025e-02 2.49448881e-03 -5.64831729e-03 1.79437750e-03 5.53668451e-04 1.94944658e-03
3.03714917e+01 8.05010367e-03 2.00742046e-02 -2.63592548e-02 1.29278402e-03 1.08254573e-03 2.90322768e-03
3.30676839e+01 1.74051786e-02 3.30120930e-03 1.01927518e-02 1.39415724e-03 1.33720457e-03 2.80200396e-03
3.57625698e+01 1.05542164e-02 1.61647099e-02 -1.20630342e-02 9.20446538e-04 6.84861147e-04 5.20842145e-04
3.84675323e+01 8.73157474e-04 -2.40378691e-03 -1.09870299e-02 2.09616273e-03 7.06801920e-04 3.72795831e-03
4.11614026e+01 -4.23986792e-03 5.00636634e-03 1.39443314e-02 2.79857678e-03 1.04271814e-03 2.61581637e-03
4.38693979e+01 -2.15723522e-02 3.02763572e-02 2.71540853e-02 2.31122808e-03 1.72199358e-03 5.48315524e-03
4.65725214e+01 -8.84951736e-03 4.78421392e-02 1.48961727e-02 3.14992002e-04 3.39222492e-03 6.12286536e-03
4.92758276e+01 -6.61363339e-03 3.51336695e-02 -1.57214181e-03 1.23474251e-03 1.47619232e-03 2.02581276e-03
5.19834042e+01 -2.38049270e-02 6.67779370e-03 -2.33922036e-02 1.87681386e-03 6.49482981e-04 3.13367694e-03
5.46760854e+01 1.93006451e-02 -6.53653648e-03 -3.81965070e-02 4.72441446e-03 4.90332138e-04 9.88033251e-04
5.73602604e+01 2.55457806e-02 -1.99875073e-02 -6.86262284e-02 3.75476307e-03 9.42148538e-04 1.24686399e-03
6.00582214e+01 1.76785568e-02 3.22813061e-03 -4.42599015e-02 3.22370029e-03 1.03772982e-03 1.98851673e-03
6.27569401e+01 1.50049419e-02 4.32479234e-02 -2.45441935e-02 1.26171089e-03 2.73428341e-03 9.20401177e-04
6.54630854e+01 6.70183597e-03 7.28735752e-02 -1.01035327e-02 7.08340194e-04 1.56952793e-03 2.77815330e-03
6.81736463e+01 -4.47632885e-03 3.35694901e-02 -6.73693425e-03 5.35920385e-04 1.03185613e-03 1.57704192e-03
7.08837182e+01 -1.88329534e-02 -3.52683385e-02 -2.90738414e-02 8.35573249e-04 1.05459505e-03 3.16818594e-03
7.35875276e+01 -3.12068368e-02 -2.69117541e-02 -9.00543957e-04 1.92022767e-03 2.43096626e-03 4.29283486e-04
7.62935964e+01 -1.66049990e-02 -4.30866950e-02 -9.16811361e-03 3.73355315e-03 1.12698818e-03 1.59899770e-03
7.89918151e+01 -1.46198513e-02 -1.76923515e-02 -4.37834127e-02 2.32476551e-03 1.03510757e-03 1.06906278e-03
8.16949713e+01 -1.66278884e-02 -3.98303161e-03 -7.09372953e-02 4.30477154e-03 2.14985517e-03 2.03136782e-03
8.43939323e+01 -6.34940620e-03 2.89329292e-02 -5.68968035e-02 2.79847253e-03 5.03471895e-04 2.47804814e-03
8.70821588e+01 2.23384845e-02 -4.20636472e-03 -3.11226250e-02 1.08963177e-03 1.98547223e-03 4.13667013e-03
8.97730167e+01 1.64555501e-02 -4.36640705e-02 -7.50343117e-03 1.50982641e-03 1.45285009e-03 1.71949959e-03
9.24573167e+01 2.41267235e-02 -3.46899912e-02 -1.70213825e-02 3.55085250e-03 6.09907792e-04 2.00986230e-03
9.51494667e+01 3.55689509e-02 -9.15011617e-03 4.95076954e-03 2.29756008e-03 4.87955978e-04 2.70114206e-03
9.78486010e+01 4.01450043e-03 9.33969225e-03 4.66268849e-02 9.82181084e-04 4.50220837e-04 1.42026838e-03
1.00552654e+02 -2.25119293e-02 5.33775954e-04 1.32810365e-02 1.66731392e-03 7.69348021e-04 7.03740867e-04
1.03266185e+02 2.56302247e-03 -1.64908983e-02 -4.58045983e-03 1.20105858e-03 2.10276936e-03 2.28070158e-03
1.05969670e+02 7.29673770e-03 -1.23551009e-02 -3.89046888e-02 1.47209820e-03 1.17878494e-04 3.96203513e-04
1.08685076e+02 2.96749862e-02 -2.01406319e-02 -6.88533481e-02 7.45802221e-04 7.07106703e-04 2.34101816e-03
1.11398076e+02 1.24712362e-02 -3.50632824e-02 -5.58552032e-02 2.59070547e-03 1.92669049e-03 7.38375778e-04
1.14105935e+02 4.84093895e-03 -4.95258148e-02 -2.82007910e-02 2.40357354e-03 1.81703082e-03 5.32757370e-03
1.16807248e+02 -2.27108528e-02 -5.61430639e-03 8.17242984e-04 4.42431186e-03 1.97308866e-03 3.61633574e-03
1.19505404e+02 -2.45675947e-02 1.84085150e-02 1.88268600e-02 5.09329348e-03 5.91144830e-03 1.36197847e-03
1.22199842e+02 -1.88443689e-02 -1.58965701e-02 -1.73046123e-03 2.84823870e-03 1.61329967e-03 1.21057670e-03
1.24897560e+02 -3.53154771e-02 2.66363018e-03 -1.28748795e-02 2.30440262e-03 1.62282298e-03 1.45983598e-03
1.27600873e+02 -1.49911141e-02 -1.12722664e-02 1.59703110e-02 2.72289852e-03 5.64704209e-04 1.37719841e-03
1.30289201e+02 -7.90527171e-03 1.12533350e-02 5.09682544e-03 4.39613237e-03 2.02532527e-03 4.24054670e-03
1.32988139e+02 3.97774529e-03 2.11028746e-02 -3.46959118e-02 4.97371780e-03 2.59135848e-03 1.36106609e-03
1.35677857e+02 -8.17811823e-03 -1.60626825e-02 -2.65030150e-02 1.01693122e-03 1.08337095e-03 3.11325525e-03
1.38368560e+02 -2.43233059e-02 4.74363667e-03 1.94494549e-02 1.85149366e-03 1.36226371e-03 8.75932914e-04
1.41061467e+02 -3.08914017e-02 2.55544439e-02 5.82129867e-02 1.64682790e-03 1.49818258e-03 9.95314229e-04
1.43759607e+02 -3.19954501e-02 2.03736631e-02 4.29343853e-02 3.70114640e-03 1.23930651e-03 1.29994479e-03
1.46459279e+02 -5.63483517e-02 2.43438770e-02 2.24065101e-02 5.70032246e-03 9.74135181e-04 4.37306942e-03
1.49150451e+02 -6.56098070e-02 2.32143252e-02 4.50860048e-02 4.94184822e-03 1.58660891e-03 5.23779326e-03
1.51849717e+02 -6.33075632e-02 3.79366898e-02 3.01378009e-02 5.88673459e-03 1.71124374e-03 2.70296916e-03
1.54545842e+02 -4.73304424e-02 1.09672996e-02 -2.86563754e-03 2.38051383e-03 3.49947443e-03 2.78959197e-03
1.57249326e+02 -3.00580346e-02 1.20860782e-02 4.19520368e-02 4.56009308e-03 1.05934181e-03 1.92450441e-03
1.59948435e+02 -3.23837119e-02 -3.85762116e-02 2.39183920e-02 5.57204342e-03 2.25314853e-03 5.24008074e-03
1.62655310e+02 -1.76993291e-02 -4.99594800e-02 5.13206431e-03 3.32963311e-03 1.52377829e-03 5.29147474e-03
1.65357670e+02 6.33363757e-03 -6.32041631e-02 -3.66848943e-02 5.11655384e-03 2.60030326e-03 3.09791871e-03
1.68064326e+02 3.01834145e-02 -4.79895665e-02 -7.69695464e-02 1.16164221e-03 4.31402987e-03 1.10495495e-02
1.70762092e+02 2.51076920e-02 -4.12399961e-02 -4.46259154e-02 1.01097455e-03 9.16163787e-04 5.10344131e-03
1.73463592e+02 8.32437497e-03 2.73594251e-03 -2.19611637e-02 2.61752724e-03 3.69042482e-03 8.87458578e-03
1.76165982e+02 -2.39317501e-02 1.67971158e-02 -5.62963877e-03 3.18839658e-03 1.75478326e-03 2.13913542e-03
1.78867998e+02 -4.12531377e-02 -7.81080294e-03 -3.84536822e-02 7.58337462e-03 1.48737830e-03 3.34883439e-03
1.81571639e+02 -3.21958136e-02 -2.31730382e-02 -5.46412505e-02 1.55312506e-03 1.15276681e-03 2.83931937e-03
1.84272310e+02 5.22696854e-03 -2.82248953e-02 -2.00129341e-02 2.48905263e-03 1.69844169e-04 2.95389621e-03
1.86971248e+02 -1.48962782e-02 -3.43865685e-02 9.45574941e-03 1.91178236e-03 1.85326747e-03 2.10086534e-03
1.89660857e+02 -3.00967167e-02 -3.93220086e-02 5.59091431e-03 2.96277149e-03 2.06101609e-03 1.92409766e-03
1.92347779e+02 1.73357269e-02 -1.99471730e-02 9.47027658e-03 5.15936453e-03 2.60286264e-03 3.67792295e-03
1.95049060e+02 5.34078272e-02 2.62903309e-02 7.99059637e-03 3.29214692e-03 1.81523522e-03 2.14600894e-03
1.97748404e+02 6.94723858e-02 -1.69944452e-02 -2.52871541e-02 5.00136809e-03 1.90297583e-03 5.30774448e-03
2.00450310e+02 4.67527983e-02 -2.56932483e-02 -1.57799551e-02 3.20866076e-03 1.86174345e-03 1.68237611e-04
2.03164467e+02 -6.69923576e-03 -3.76967438e-02 -2.16882526e-02 8.13698319e-03 5.70152096e-03 7.56424143e-03
2.05858467e+02 -2.32375971e-02 -1.07870573e-03 -4.01072097e-02 1.09890785e-02 1.54349466e-03 3.76684487e-03
2.08559060e+02 -6.69758990e-02 5.77133493e-02 -5.60278262e-02 1.06799698e-02 1.16600423e-03 4.76643208e-03
2.11263248e+02 -8.21869642e-02 6.47883764e-02 -1.24815918e-02 2.55367806e-03 1.84570490e-03 8.80395941e-03
2.13964935e+02 -4.90240528e-02 5.29418245e-02 2.32642184e-02 5.62163625e-03 2.21181956e-03 3.56645790e-03
2.16668029e+02 -2.25425501e-02 3.01451001e-02 -2.99521804e-02 3.80522910e-03 1.67922368e-03 6.87323430e-03
2.19370576e+02 6.90618603e-03 -7.93088686e-03 -2.73279023e-02 4.69025995e-03 9.23112898e-04 8.35510163e-03
2.22067810e+02 9.24733552e-03 -4.34349905e-03 1.49149616e-02 2.23922595e-03 4.07886375e-04 8.80498831e-03
2.24760326e+02 5.03758749e-02 3.49658927e-03 -9.14502560e-03 3.20305211e-03 4.25916195e-04 5.92410820e-03
2.27451201e+02 7.04251558e-02 -2.18923852e-02 -5.66949653e-02 1.10704499e-03 3.39844018e-03 1.48946287e-03
2.30146607e+02 4.26216339e-02 -2.27396886e-02 -9.17375018e-02 3.51559567e-03 1.78892102e-03 2.04821813e-03
2.32852748e+02 -3.57973221e-02 2.10391751e-03 -5.11700264e-02 2.86383762e-03 2.97360581e-04 3.84388792e-03
2.35551904e+02 -5.42077336e-02 4.18202333e-02 8.54591979e-04 1.80903055e-03 1.37120816e-03 2.02528290e-03
2.38258732e+02 -7.50960102e-02 2.99047101e-02 4.52696290e-02 3.24515693e-03 1.52713444e-03 3.56391489e-03
2.40958717e+02 -2.22820397e-02 3.27925087e-03 4.36141738e-02 2.38019963e-03 1.56215361e-03 2.24819495e-03
2.43656201e+02 5.92063879e-02 1.79868412e-03 5.47383436e-02 2.01129060e-03 5.73968318e-03 3.41080655e-03
2.46354685e+02 6.80934168e-02 -1.66313979e-02 2.18260050e-02 2.35523140e-03 1.37433658e-03 3.33886042e-03
2.49047685e+02 5.40460093e-02 -2.03207475e-02 -8.24343382e-03 7.80762995e-03 1.43210577e-03 1.05363803e-03
2.51733185e+02 8.17795381e-02 -2.65442635e-02 -4.03021179e-02 1.16199050e-02 1.50386465e-03 1.84870793e-03
2.54438076e+02 3.98668489e-02 -2.36471872e-02 -1.26686768e-02 9.45887357e-03 3.08158561e-03 6.60594244e-04
2.57137701e+02 1.86287797e-02 4.31900849e-04 9.89556893e-04 8.95090740e-03 5.99913070e-04 1.95307016e-03
2.59834514e+02 1.87840292e-02 -2.18658021e-02 1.90773802e-03 8.81905090e-03 1.12575518e-03 7.56714976e-04
2.62536701e+02 -1.63278604e-02 -3.89528770e-02 2.31748775e-02 1.66045359e-03 1.52421863e-03 3.39657249e-03
2.65227748e+02 -3.01046470e-02 1.33342160e-02 4.89681956e-02 5.53392503e-04 1.00467333e-03 4.80686818e-03
2.67920897e+02 -1.71232792e-02 -1.05872329e-03 5.20494335e-02 7.85179883e-04 6.18168110e-04 1.42612995e-03
