6.40055601e-01 -1.75897231e-02 -1.72869014e-02 2.20354967e-02 1.06195423e-03 4.52257467e-04 1.94323025e-03
3.34278672e+00 -4.90885655e-02 -4.68321403e-02 8.17253079e-03 6.99671470e-04 1.49219030e-03 2.15088345e-03
6.04843546e+00 -7.89040336e-02 -2.03694675e-02 -1.80046269e-02 1.63281484e-03 1.84846789e-03 2.12229801e-03
8.74980921e+00 -4.25966360e-02 -2.41462570e-03 -4.07994412e-02 1.69067767e-03 1.21495390e-03 1.36871667e-03
1.14576087e+01 -2.25488824e-02 1.34682297e-03 -3.80931669e-02 1.00781059e-03 9.81289726e-04 2.37577029e-03
1.41689103e+01 3.54585789e-03 -3.34898849e-02 -3.10422057e-02 6.50038122e-04 9.80857707e-04 6.58599918e-04
1.68730556e+01 -6.14709048e-03 -5.33318290e-02 -9.42037889e-03 1.37705598e-03 4.50466068e-04 1.20439951e-03
1.95780181e+01 -1.71049873e-02 -1.63806013e-02 4.92338221e-02 1.53846676e-03 4.85057352e-04 7.09684538e-04
2.22736744e+01 -2.02540212e-02 -3.38714681e-02 5.02191765e-02 1.33426037e-03 2.30082893e-03 2.14732481e-03
2.49715337e+01 -1.55967408e-02 -1.81966092e-02 3.83215046e-02 2.48053304e-03 4.59312147e-04 4.74356595e-03
2.76693431e+01 -9.55597327e-03 -1.11964873e-03 -2.79221718e-03 1.25559144e-03 6.01083639e-04 2.68733590e-03
3.03712728e+01 8.69447672e-03 3.75058184e-02 -3.11988414e-02 1.23918401e-03 1.24181463e-03 2.63308124e-03
3.30693447e+01 2.03629892e-02 1.42279509e-02 8.04695282e-03 1.83107291e-03 1.21286031e-03 2.90424709e-03
3.57631306e+01 1.36517921e-02 1.68111577e-02 -1.07155109e-02 1.14539108e-03 6.96660862e-04 8.27326337e-04
3.84671009e+01 1.10133260e-02 4.86764002e-03 -9.05627934e-03 2.59108839e-03 1.02993163e-03 3.37566291e-03
4.11604791e+01 5.71021043e-03 -1.57424184e-03 6.31689747e-03 3.06558411e-03 1.37060232e-03 2.92153193e-03
4.38675791e+01 -1.61444362e-02 3.45026804e-02 8.14995297e-03 2.47580000e-03 1.69642281e-03 6.30210504e-03
4.65725978e+01 -5.96451031e-03 5.28536648e-02 8.59183559e-03 3.89195869e-04 3.11907183e-03 7.03404472e-03
4.92751525e+01 -4.27153824e-03 3.40416723e-02 1.60113804e-03 9.13673287e-04 1.53638091e-03 2.12838015e-03
5.19824666e+01 -2.11968439e-02 1.12073701e-02 -1.72334042e-02 2.15413761e-03 6.99590490e-04 2.52245513e-03
5.46738134e+01 1.87706956e-02 -1.13800977e-02 -4.35134707e-02 5.33230356e-03 5.73724184e-04 5.97802489e-04
5.73590650e+01 2.87954669e-02 -1.93540975e-02 -7.17826582e-02 3.16288475e-03 1.50832934e-03 1.37103934e-03
6.00581916e+01 2.34914360e-02 3.11376912e-03 -4.69874912e-02 2.62494755e-03 1.19600324e-03 2.28609150e-03
6.27589900e+01 2.69759628e-02 4.51856790e-02 -2.26439653e-02 1.18876360e-03 2.54586548e-03 9.13849327e-04
6.54645103e+01 1.33177663e-02 7.28541213e-02 -1.09574994e-02 6.61930190e-04 1.24338183e-03 3.10867973e-03
6.81737384e+01 9.00480478e-04 4.20955407e-02 -4.97190969e-03 7.52299671e-04 1.14045500e-03 1.62044052e-03
7.08846447e+01 -1.07940555e-02 -2.50242137e-02 -2.40181895e-02 5.21032839e-04 9.59956666e-04 3.07416413e-03
7.35874369e+01 -2.62513134e-02 -3.19976963e-02 -5.00235853e-04 2.53401873e-03 1.94563331e-03 4.53323854e-04
7.62922900e+01 -1.52631989e-02 -3.33984582e-02 -1.08680767e-02 3.31763675e-03 1.17270535e-03 1.62136253e-03
7.89905212e+01 -6.86871128e-03 -5.94913861e-03 -4.28480388e-02 2.66357358e-03 1.31970678e-03 7.46258913e-04
8.16950666e+01 -4.03487914e-03 1.74979767e-03 -7.34331857e-02 3.90250748e-03 1.77662410e-03 1.77726042e-03
8.43923369e+01 2.88847749e-03 3.79491311e-02 -6.73543605e-02 3.35884904e-03 4.78883312e-04 1.81881121e-03
8.70828603e+01 3.95959916e-02 -9.39397286e-04 -3.31092986e-02 1.24034712e-03 1.74760139e-03 4.85132650e-03
8.97733416e+01 1.86961369e-02 -4.50474315e-02 1.12791382e-03 1.86170757e-03 1.56350618e-03 2.29462143e-03
9.24577197e+01 1.57849019e-02 -4.49965856e-02 -1.16118829e-03 3.66296640e-03 4.55358116e-04 2.44933677e-03
9.51505369e+01 2.90098262e-02 -1.23805460e-02 1.77702443e-02 2.23955478e-03 7.09604979e-04 2.69130601e-03
9.78493072e+01 -6.05657803e-04 1.00454525e-02 4.78530833e-02 1.23917006e-03 3.38687997e-04 1.16915489e-03
1.00552440e+02 -1.98326963e-02 1.51461067e-03 1.50118620e-02 1.67672235e-03 7.77836316e-04 7.26248252e-04
1.03265112e+02 6.16592541e-03 -1.59961149e-02 2.74357565e-03 1.24154459e-03 2.30528848e-03 1.94102899e-03
1.05970002e+02 1.94122577e-02 -1.50372752e-02 -3.26185286e-02 2.05524182e-03 1.00323425e-04 3.26237141e-04
1.08684065e+02 3.94462206e-02 -1.95077274e-02 -6.74962555e-02 6.28651111e-04 5.05481119e-04 2.86311454e-03
1.11395940e+02 9.85862429e-03 -3.69308719e-02 -5.71769977e-02 2.95260619e-03 2.53691430e-03 1.02159954e-03
1.14105049e+02 7.63250530e-03 -4.59347876e-02 -2.47356586e-02 2.17920389e-03 1.70085083e-03 5.55127392e-03
1.16806909e+02 -2.30591950e-02 -9.76247927e-03 2.76619216e-04 3.89037585e-03 2.09024602e-03 2.65221565e-03
1.19504331e+02 -3.09567668e-02 2.20031304e-02 1.43345360e-02 4.45465804e-03 5.59794138e-03 7.54681604e-04
1.22200112e+02 -1.74952135e-02 -1.84409104e-02 -5.75289766e-04 3.41235808e-03 1.73577118e-03 1.83093201e-03
1.24897518e+02 -2.86032018e-02 -1.06170117e-02 -1.93218860e-02 2.96146010e-03 1.16401818e-03 2.00539747e-03
1.27600331e+02 -1.56981092e-03 -8.17324786e-03 1.47350476e-02 2.91803549e-03 1.01805424e-03 1.63890548e-03
1.30288627e+02 -3.63857185e-03 1.55644670e-02 5.89361623e-03 4.25600402e-03 2.48779529e-03 3.76035887e-03
1.32986034e+02 -2.98559884e-03 2.55535446e-02 -3.66373429e-02 5.20072923e-03 2.65083747e-03 1.18012895e-03
1.35677143e+02 -7.51988730e-03 -1.26355477e-02 -3.12740780e-02 1.50058009e-03 1.26907163e-03 3.85083398e-03
1.38368893e+02 -1.88801901e-02 6.43688872e-03 1.40263162e-02 2.16617579e-03 1.17839309e-03 9.38622722e-04
1.41062112e+02 -2.22654848e-02 2.87512221e-02 5.22970035e-02 1.89692784e-03 1.18736223e-03 1.33092710e-03
1.43760346e+02 -2.62498948e-02 2.08280690e-02 3.00015076e-02 3.57467067e-03 1.16071150e-03 1.10604969e-03
1.46459018e+02 -4.86672554e-02 2.54089398e-02 1.51061948e-02 6.56271895e-03 8.35610219e-04 4.00713603e-03
1.49149752e+02 -5.39153498e-02 1.66573397e-02 4.18700108e-02 6.20399215e-03 2.09485184e-03 4.91998640e-03
1.51849768e+02 -5.33463355e-02 4.57058165e-02 4.04943962e-02 3.87362069e-03 1.57139043e-03 2.30161572e-03
1.54544502e+02 -4.39182474e-02 1.68195928e-02 1.14957867e-02 1.90678256e-03 3.71633169e-03 2.84652355e-03
1.57247268e+02 -2.71338578e-02 1.41152431e-02 4.51457760e-02 3.57621162e-03 1.02169008e-03 2.24023087e-03
1.59948487e+02 -3.31401118e-02 -4.69181693e-02 2.14339967e-02 4.78455155e-03 2.03824282e-03 6.32742998e-03
1.62657299e+02 -2.72746755e-02 -4.90196789e-02 1.37019606e-02 3.67975772e-03 2.16134400e-03 4.32595671e-03
1.65356471e+02 9.10359928e-03 -5.90557610e-02 -2.45165133e-02 5.97538247e-03 2.47423784e-03 2.36085788e-03
1.68062893e+02 3.34953431e-02 -4.96571392e-02 -6.08005064e-02 1.29224484e-03 4.92068300e-03 1.06648619e-02
1.70761081e+02 2.93847524e-02 -4.16684933e-02 -3.48396345e-02 1.10501364e-03 1.46735936e-03 5.58254855e-03
1.73462924e+02 1.32629206e-02 1.17279985e-02 -9.54480526e-03 2.23667219e-03 4.26925471e-03 1.08922787e-02
1.76162893e+02 -1.31584384e-02 1.72989837e-02 -2.66564767e-03 3.28175507e-03 1.34462607e-03 1.83642373e-03
1.78867002e+02 -4.19596566e-02 -2.54964634e-02 -3.89110412e-02 8.75278450e-03 1.70565622e-03 2.61479001e-03
1.81572409e+02 -3.83075674e-02 -1.87472138e-02 -4.04737829e-02 1.86180939e-03 1.12735941e-03 2.29785155e-03
1.84273393e+02 9.84528746e-03 -1.83116304e-02 -3.43738748e-03 2.73080322e-03 2.08402578e-04 3.02042140e-03
1.86972565e+02 -9.22894431e-03 -2.38797948e-02 2.31584896e-02 1.27643288e-03 1.46483290e-03 2.08026758e-03
1.89662643e+02 -2.89776089e-02 -3.66227165e-02 7.71304997e-03 1.79295980e-03 1.80731463e-03 1.27797016e-03
1.92348362e+02 2.01188934e-02 -1.08187059e-02 5.10591377e-03 5.01063219e-03 2.65142611e-03 3.83997355e-03
1.95049190e+02 5.16543969e-02 2.43131681e-02 1.05892538e-02 2.32695010e-03 1.89840986e-03 1.52843854e-03
1.97745940e+02 6.09161678e-02 -2.08523288e-02 -2.18933012e-02 4.93653761e-03 2.19300165e-03 4.48773902e-03
2.00448659e+02 3.58083670e-02 -2.00184646e-02 -1.03377697e-02 2.83064585e-03 1.46063915e-03 7.41601909e-04
2.03162581e+02 -2.15974803e-02 -2.38559661e-02 -1.68723507e-02 8.54161910e-03 6.65067761e-03 8.77914877e-03
2.05856596e+02 -2.81259943e-02 -1.60013601e-03 -4.05867313e-02 1.40148013e-02 1.37532523e-03 2.90442901e-03
2.08558424e+02 -6.94938502e-02 5.50972474e-02 -5.13166678e-02 1.20224130e-02 1.09452337e-03 4.19255383e-03
2.11261971e+02 -8.42599243e-02 7.17805370e-02 -2.91580814e-03 2.32155125e-03 1.95708913e-03 7.87775815e-03
2.13963112e+02 -5.26061847e-02 5.89530258e-02 2.18616873e-02 6.24922262e-03 2.25217494e-03 3.37690397e-03
2.16667877e+02 -2.71654673e-02 3.72534818e-02 -3.74506272e-02 4.26956501e-03 1.29015223e-03 6.13754822e-03
2.19369784e+02 2.25151889e-03 -1.91793867e-03 -3.55357449e-02 3.55393877e-03 9.08687567e-04 8.64539521e-03
2.22067174e+02 5.49342045e-03 -1.93374650e-03 1.75299998e-02 1.31841685e-03 7.18753893e-04 9.84002140e-03
2.24760299e+02 4.46645807e-02 2.09688716e-02 2.76527507e-04 2.37205506e-03 6.65274568e-04 5.43401280e-03
2.27450518e+02 6.76555405e-02 -2.09230342e-02 -4.62670007e-02 1.14714894e-03 3.71042384e-03 2.03377526e-03
2.30148049e+02 2.67983283e-02 -3.21789507e-02 -8.06122939e-02 4.10453642e-03 1.86442667e-03 1.66613251e-03
2.32851518e+02 -4.09267962e-02 4.46892838e-03 -4.15109367e-02 2.75890285e-03 3.96125422e-04 4.56157154e-03
2.35550768e+02 -5.64581831e-02 3.85910271e-02 2.34681212e-03 2.37644608e-03 1.80350196e-03 2.72984321e-03
2.38258768e+02 -7.95464841e-02 2.30706649e-02 4.39537345e-02 2.79192052e-03 1.85345474e-03 4.08186917e-03
2.40958581e+02 -2.45666010e-02 4.14672907e-03 3.72577868e-02 1.88949514e-03 1.45289813e-03 2.91768067e-03
2.43655471e+02 5.14361145e-02 3.52878701e-03 4.66008788e-02 1.81454951e-03 5.82587959e-03 3.85549805e-03
2.46353549e+02 6.23226524e-02 -2.14638125e-02 1.19859344e-02 2.96333024e-03 1.46184707e-03 1.97436171e-03
2.49048549e+02 4.85522634e-02 -2.51893437e-02 -1.18232994e-02 7.32033007e-03 1.68637168e-03 1.14068304e-03
2.51733659e+02 7.94027089e-02 -2.35615699e-02 -3.09579995e-02 9.46051336e-03 1.62231059e-03 1.90633262e-03
2.54433346e+02 3.87106234e-02 -2.23442687e-02 -1.02554585e-03 7.99369655e-03 3.63114864e-03 8.98613355e-04
2.57133721e+02 8.70810210e-03 8.06173169e-03 8.68768036e-06 8.59482379e-03 6.36570404e-04 1.74580485e-03
2.59833534e+02 1.97360373e-02 -1.94929922e-02 6.58798501e-03 8.41393586e-03 1.24158059e-03 9.02492088e-04
2.62536956e+02 -1.15646768e-02 -3.29610224e-02 2.08596734e-02 1.78207625e-03 1.39554195e-03 2.36853093e-03
2.65227846e+02 -3.68028597e-02 1.95908123e-02 4.83696929e-02 5.66516144e-04 9.88542103e-04 5.00634978e-03
2.67921662e+02 -2.74436754e-02 -2.58374756e-03 5.25775422e-02 1.00080629e-03 8.45209626e-04 1.54034573e-03
