6.72192976e-01 -5.52168614e-03 -1.20437735e-02 5.75312619e-02 3.30143909e-04 1.36733787e-03 1.48679196e-03
3.36646689e+00 1.85199899e-02 3.95603541e-02 4.15409760e-02 1.40537483e-03 3.01123124e-04 1.16675306e-03
6.06952189e+00 3.88938745e-03 1.46590035e-02 5.29770671e-02 2.15491982e-03 2.30322619e-03 1.58241869e-03
8.76668346e+00 2.92013145e-02 2.74856756e-02 3.08121856e-02 1.92336768e-03 1.23930664e-03 2.13240024e-03
1.14693424e+01 1.24377130e-02 5.10793418e-02 3.63605168e-02 2.32158653e-03 9.81746828e-04 6.87735087e-04
1.41757142e+01 2.71702511e-02 5.23404549e-02 1.74540678e-02 2.57747885e-03 1.99254357e-03 1.33673275e-03
1.68794392e+01 2.66512166e-03 2.67955920e-02 -3.31691516e-02 3.62557667e-03 1.50687175e-03 2.30804143e-03
1.95763142e+01 -1.57925958e-02 5.75495782e-04 -4.85046861e-02 6.04651927e-03 1.08066170e-03 3.26181497e-04
2.22747892e+01 -8.37649637e-03 3.19414465e-03 -5.60090396e-02 1.92183783e-03 4.48000090e-04 1.42154901e-03
2.49686564e+01 1.60736385e-02 -1.54362031e-02 -7.99544861e-02 2.08753883e-03 6.04341169e-04 3.22484052e-04
2.76719299e+01 2.37699025e-02 5.19189361e-02 -5.91449720e-02 3.68107214e-03 2.00176408e-03 1.83713239e-03
3.03727705e+01 4.33407589e-02 2.44808461e-02 -3.53142120e-02 1.71314987e-03 2.93334689e-03 2.04133473e-03
3.30729799e+01 2.58590484e-02 2.27502272e-02 4.60255572e-03 2.84054193e-03 1.82111172e-03 2.91657529e-03
3.57745611e+01 2.11883675e-02 -1.11575202e-02 2.26551784e-02 8.73923802e-04 1.28446574e-03 2.72278678e-03
3.84793580e+01 1.94965524e-02 -6.06905618e-02 2.07215757e-02 1.19974293e-03 1.74747652e-03 1.00729003e-03
4.11847830e+01 -1.34972996e-03 -5.69686685e-02 -4.27991945e-04 1.60954624e-03 1.54556785e-03 6.56905877e-04
4.38885627e+01 4.20148723e-03 -4.80885906e-02 -4.95446402e-02 2.70327975e-03 1.21576327e-03 1.85823834e-03
4.65892330e+01 1.94007300e-02 -1.58832096e-02 -4.21175678e-02 2.83210160e-03 2.34103793e-04 2.18792018e-03
4.92805830e+01 3.87035172e-02 8.75341406e-03 -2.30532865e-02 5.60136885e-03 8.25980151e-04 1.45284633e-03
5.19801033e+01 3.03264227e-02 5.28714488e-03 2.51692477e-04 4.21063398e-03 1.09819204e-03 8.18944669e-04
5.46810017e+01 3.62159546e-02 -1.82313766e-02 6.47800837e-03 4.39297867e-03 2.51995842e-04 1.26627487e-03
5.73864595e+01 -7.17507457e-03 -1.73596219e-02 7.09824498e-03 3.85232518e-03 2.89370209e-04 8.79740451e-04
6.00840877e+01 -2.36114396e-02 1.22314846e-02 2.26384792e-02 2.43795530e-03 1.26381715e-03 9.01175977e-04
6.27820220e+01 4.92498529e-03 4.49903131e-03 9.47142682e-04 3.09512850e-03 1.07070496e-03 1.47137890e-03
6.54700502e+01 8.40936020e-03 1.52751867e-03 -2.54637646e-03 4.37712641e-03 3.70402614e-04 4.85810933e-03
6.81623752e+01 2.64569480e-02 -2.33383828e-02 -1.37898490e-02 1.88238164e-03 9.27000117e-04 3.83513674e-03
7.08537361e+01 2.41944224e-02 -1.82663960e-02 -1.15230955e-02 6.53970517e-03 1.10703684e-03 4.46129039e-03
7.35521111e+01 3.68653629e-02 -1.36110977e-02 1.73381334e-03 1.49439740e-03 6.54074012e-04 4.05739302e-03
7.62522611e+01 4.47983369e-02 2.56261554e-02 -7.68264954e-03 2.92463636e-03 2.62231887e-03 3.03660660e-03
7.89563783e+01 2.73792336e-02 4.28069289e-02 4.03339043e-02 1.74587091e-03 1.43641346e-03 2.51796009e-03
8.16666986e+01 -7.60158392e-03 3.52328918e-02 5.28495958e-02 9.43930055e-04 3.81782365e-04 1.93826503e-03
8.43798439e+01 9.75097103e-04 4.05611860e-03 7.26017039e-02 2.25730664e-03 2.32070368e-03 9.13653852e-04
8.70904299e+01 1.72631973e-02 -3.34269283e-02 6.66441944e-02 1.98723572e-03 1.18807141e-03 5.01453916e-03
8.98007424e+01 5.12319052e-02 -6.85818439e-03 1.88593362e-02 2.48937151e-03 1.23651468e-03 1.55256024e-03
9.25142002e+01 5.30819685e-02 5.30862261e-02 2.91464033e-06 2.30066239e-03 1.02324245e-03 2.96818902e-03
9.52086627e+01 2.86241590e-02 6.14842751e-02 -1.40965118e-02 2.85684625e-03 9.26263795e-04 2.30050579e-03
9.79017080e+01 1.74207277e-02 3.90417598e-02 -1.95349957e-02 2.88161048e-03 2.24949020e-03 1.09355854e-03
1.00593811e+02 2.36124721e-02 1.65023647e-02 -2.77251628e-02 7.05442386e-04 7.77194899e-04 7.98006382e-04
1.03295514e+02 3.69080185e-02 2.24245498e-02 -2.59407743e-02 1.19988761e-03 2.97567886e-03 1.54789757e-04
1.05997858e+02 1.99827638e-02 1.81939029e-02 -3.62901746e-02 1.12540362e-03 2.14087452e-03 1.70077742e-03
1.08699577e+02 1.07467253e-02 -3.18125910e-03 1.74420704e-03 3.77374890e-03 1.29704020e-03 1.78470836e-03
1.11404405e+02 3.60257394e-02 1.87334143e-02 3.82954719e-02 1.49530053e-03 1.55774677e-03 2.90598488e-03
1.14093452e+02 4.02019335e-02 2.50205887e-02 1.53705220e-02 8.36427438e-04 4.84620707e-04 1.81363891e-03
1.16790155e+02 3.74742472e-02 7.14221178e-02 2.03966364e-02 4.91467405e-04 1.50898817e-03 1.59061647e-03
1.19485514e+02 5.74827556e-02 1.66658698e-02 -3.30341948e-03 3.13337902e-04 5.36013228e-03 8.26369104e-04
1.22172655e+02 5.07822538e-02 -2.53410866e-02 -3.91791569e-02 3.22646583e-03 1.56922237e-03 1.98120100e-03
1.24876983e+02 3.01397720e-02 -2.82885323e-02 -2.44693340e-02 2.75661713e-03 1.10759955e-03 1.87972883e-03
1.27575217e+02 2.25681526e-02 2.65485175e-02 -2.15246978e-02 2.63666147e-03 1.75178579e-03 1.48115831e-03
1.30271202e+02 7.32268580e-04 -3.25968523e-03 -1.59012142e-02 2.19895660e-03 1.47521434e-03 1.34305860e-03
1.32970577e+02 -1.62960439e-03 -8.39149629e-03 -4.25300864e-02 2.30478981e-03 1.86554122e-03 7.23392833e-04
1.35669295e+02 -1.93019149e-03 4.46627588e-03 -7.73181691e-02 2.17778622e-03 2.30236008e-03 1.31518401e-03
1.38378202e+02 8.43182113e-04 -8.18611115e-03 -4.37999616e-02 1.37101039e-03 7.17520975e-04 1.75271934e-03
1.41084577e+02 7.61797901e-03 -2.36648571e-02 -3.75695857e-02 1.54386475e-03 4.14653174e-04 1.28849862e-03
1.43799124e+02 4.61356236e-03 -3.55507659e-03 -5.98192610e-02 1.38264926e-03 1.17456045e-03 1.09502027e-03
1.46505624e+02 3.14758521e-02 2.02122941e-02 -6.20116370e-02 2.01968485e-03 1.47309525e-03 2.76545570e-03
1.49211717e+02 -4.95250376e-03 4.04663694e-02 -3.93160567e-02 2.40340379e-03 1.94478322e-04 2.42531287e-03
1.51910452e+02 8.03247446e-03 1.59675154e-02 -2.37542073e-02 3.04620128e-03 8.74805035e-04 2.64155844e-03
1.54606545e+02 3.30266259e-02 2.02712292e-02 -2.76854307e-02 1.35483665e-03 1.33551069e-03 4.13477546e-03
1.57294999e+02 4.31955824e-02 1.94072047e-02 -2.66925783e-03 1.65532914e-03 7.19794189e-04 4.94657560e-03
1.59984983e+02 4.26965925e-02 2.51921156e-02 -1.00237019e-02 4.15881657e-03 1.04642041e-03 3.46457423e-03
1.62675295e+02 2.44890838e-02 3.53264539e-02 1.87109781e-03 5.52856567e-03 4.86317218e-03 2.94431909e-03
1.65369717e+02 1.16890994e-02 5.59623464e-02 1.73026804e-02 3.30262081e-03 2.91932038e-04 7.68685926e-03
1.68056405e+02 2.30419103e-02 5.31262714e-02 -1.87581334e-02 4.55537190e-03 7.67733631e-04 7.94462845e-03
1.70755124e+02 -2.59674880e-02 1.16448175e-02 1.92281293e-02 2.52943705e-03 6.55256339e-04 6.04148456e-03
1.73451608e+02 -6.06469237e-02 4.31712122e-03 7.35654011e-02 3.92321625e-03 8.74070855e-04 2.13116148e-03
1.76157358e+02 -5.74220208e-02 -1.94068884e-02 9.35920907e-02 2.94453730e-03 1.49621225e-03 4.39029454e-03
1.78872405e+02 -4.21855954e-02 1.24924750e-02 5.80496285e-02 8.12665651e-03 2.34825434e-03 5.52238026e-03
1.81585624e+02 -1.83614822e-02 -9.88775512e-03 3.65376459e-02 4.84800617e-03 3.81640161e-03 3.83662952e-03
1.84292608e+02 4.35874761e-03 1.15771445e-02 2.55992254e-03 2.91958224e-03 8.83429855e-04 8.00144571e-03
1.86989530e+02 3.38937446e-02 1.59224893e-02 -1.15197067e-03 1.45544752e-03 1.86784072e-03 5.83383739e-03
1.89687311e+02 2.57288165e-02 5.93939412e-02 -2.71073997e-03 3.93682347e-03 2.40900266e-03 4.49038709e-03
1.92377733e+02 -1.59009523e-03 5.76534055e-02 3.86638277e-03 2.45308260e-03 1.38063614e-03 5.58815140e-03
1.95065217e+02 8.32895203e-03 3.38965612e-02 1.89510786e-02 4.80703437e-03 1.50994988e-03 2.67901502e-03
1.97757874e+02 -1.31551065e-02 -1.36039549e-04 -2.41681059e-02 4.54221227e-03 2.98044598e-03 1.49143361e-03
2.00449420e+02 -1.14136669e-03 2.42735112e-02 -3.23163760e-02 4.92103367e-03 1.96885810e-03 3.30671757e-03
2.03153936e+02 -2.16106138e-02 1.62719786e-02 2.84486896e-02 3.49193948e-03 2.86261513e-03 3.73150161e-03
2.05850749e+02 -4.94920022e-02 -2.02045511e-02 4.33160160e-02 2.94996936e-03 2.04657839e-03 8.11740937e-03
2.08551249e+02 -5.39042940e-02 -1.10170228e-02 1.03305991e-02 3.00884399e-03 7.01158685e-04 5.72719547e-03
2.11252280e+02 2.81869027e-03 -5.83860574e-02 -5.55570065e-03 6.13533757e-03 1.61260193e-03 3.69788359e-03
2.13954217e+02 1.77270318e-02 -3.40219126e-02 1.50829195e-03 2.95165045e-03 2.45113379e-03 7.62716827e-03
2.16659827e+02 -3.71947474e-03 -4.63417247e-02 -1.15932322e-02 5.41958051e-03 2.68280200e-03 1.88549917e-03
2.19362764e+02 -1.92793382e-02 -1.86811729e-02 -1.66840182e-02 3.86741345e-03 1.40295232e-03 1.31295530e-03
2.22068436e+02 -3.86484457e-02 4.37177755e-03 2.64808955e-02 2.76044593e-03 8.62573545e-04 3.58036639e-03
2.24768280e+02 -2.73409285e-02 -1.08241155e-02 6.49515792e-02 8.51764401e-04 2.13239163e-03 1.79724997e-03
2.27468592e+02 1.67259804e-03 1.09496894e-02 9.55474978e-02 1.29830401e-03 1.56727367e-03 7.48804533e-04
2.30169155e+02 1.23425220e-02 4.48894179e-02 7.89964922e-02 2.52971628e-03 8.36691731e-04 2.94040632e-03
2.32862686e+02 3.84641990e-03 1.22264786e-02 8.58972399e-02 1.17708294e-03 1.25374530e-03 2.56296520e-03
2.35562217e+02 -1.59088493e-02 -2.06804349e-03 5.60597194e-02 3.12349479e-03 6.62118743e-04 7.49986067e-03
2.38258108e+02 3.16401832e-04 -2.13415232e-02 -1.95239988e-02 1.63475994e-03 4.30124109e-03 2.03399849e-03
2.40958967e+02 8.54176857e-03 -9.26774915e-03 -7.38913684e-02 1.38085530e-03 1.22954145e-03 1.17377608e-03
2.43660733e+02 2.51242432e-02 3.78664650e-03 -1.07839045e-01 5.09492926e-04 3.64422343e-03 1.45041948e-03
2.46368139e+02 6.42338399e-02 1.30560233e-02 -5.88717259e-02 2.64778887e-03 1.32337055e-03 2.40252749e-03
2.49075311e+02 4.61237359e-02 -2.37215768e-02 -3.00679146e-03 2.67086388e-03 1.70087813e-03 3.37742696e-03
2.51778327e+02 1.92101900e-02 -2.43931510e-02 6.62953305e-02 1.74429101e-03 1.79641046e-03 4.97807972e-03
2.54480780e+02 -1.47676334e-02 1.31424276e-02 9.09965461e-02 1.14991029e-02 1.74711762e-03 4.33231509e-03
2.57172577e+02 -4.26869250e-02 -5.80520127e-03 1.61683893e-02 6.49339340e-03 2.83216046e-03 2.85487986e-03
2.59873670e+02 -6.06190759e-02 3.00991760e-02 6.55277749e-03 5.38866146e-03 2.63817351e-03 1.96765769e-03
2.62568952e+02 -6.66063432e-03 4.13041577e-02 2.47603350e-02 2.51830720e-03 3.22013012e-03 2.70685031e-03
2.65266874e+02 -1.74940888e-02 2.70504842e-02 -7.66323815e-03 2.60278360e-03 1.47599509e-03 3.96482035e-03
2.67972191e+02 -9.55438626e-03 7.11889177e-03 8.64977028e-03 1.07115739e-03 5.81768208e-04 2.32773798e-03
