6.46223116e-01 -1.19723480e-02 2.48864699e-02 8.51874153e-03 4.58124302e-03 1.11941033e-03 1.75950998e-03
3.34500980e+00 -1.78018507e-03 6.90442046e-03 -1.25182063e-02 4.50289722e-03 1.33926333e-03 2.59305728e-03
6.05057667e+00 4.97274195e-03 4.73555665e-03 -6.24341261e-03 3.72414389e-03 7.89632868e-04 5.14838833e-03
8.74808307e+00 7.13261681e-03 4.53026382e-02 -6.60516747e-03 1.47797271e-03 1.60179969e-03 2.86895424e-03
1.14509237e+01 6.87304851e-03 4.66781074e-02 1.40838247e-02 1.09468001e-03 8.45027772e-04 2.05155814e-03
1.41517190e+01 -2.27726763e-02 6.80975303e-02 7.20837711e-02 1.45209838e-03 1.40663697e-03 1.66887053e-03
1.68601643e+01 -8.29806050e-03 6.58624158e-02 7.96947113e-02 3.59123374e-03 1.02517953e-03 1.60287539e-03
1.95553878e+01 -2.57803432e-02 6.14215165e-02 7.65355311e-02 8.38077458e-04 1.08530044e-03 5.51761007e-04
2.22671971e+01 -3.06785022e-02 4.15722960e-02 9.43567085e-02 2.32470335e-03 1.30457673e-03 2.33305084e-03
2.49596784e+01 -7.31136897e-03 1.48581843e-02 7.18020547e-02 3.77645292e-04 1.30631493e-03 2.82121230e-03
2.76639284e+01 9.13148375e-03 -2.90834663e-02 2.87251651e-02 3.02786014e-03 1.09163908e-03 2.10607807e-03
3.03614628e+01 9.25770643e-03 -5.83751230e-02 -3.05292079e-02 2.20902418e-03 9.53799953e-04 2.56045156e-03
3.30622378e+01 1.63726668e-02 -1.46862435e-02 -5.49758257e-03 5.04564333e-03 1.34228507e-03 3.64161963e-03
3.57704831e+01 -1.77370395e-02 -1.05168694e-02 1.72151530e-02 9.30311447e-04 1.22195834e-03 2.31858148e-03
3.84759737e+01 -1.90909338e-02 2.18960644e-03 5.13768672e-03 4.90580093e-04 2.20971353e-03 4.69351872e-03
4.11755753e+01 7.32002040e-04 -1.78220425e-02 -5.90952938e-03 3.68744088e-04 1.22915730e-03 1.65344571e-03
4.38645096e+01 5.43985302e-03 -1.37122854e-02 -4.28532333e-03 1.14959415e-03 1.08187674e-03 1.48948739e-03
4.65581487e+01 1.66525958e-04 7.68233180e-03 4.78348829e-02 6.71572655e-04 5.58927882e-03 1.76806166e-03
4.92590846e+01 -8.58665445e-03 -3.97387841e-02 3.57484539e-02 1.74621462e-03 1.20006220e-03 2.60232976e-03
5.19594768e+01 -1.63365597e-02 -2.32077389e-02 1.73764967e-02 2.28578228e-03 2.01073772e-03 4.46675757e-03
5.46724159e+01 6.67435309e-03 3.35094529e-02 2.12796726e-02 2.11786754e-03 8.29989493e-04 6.79443415e-03
5.73867737e+01 -1.63078208e-02 6.47916099e-03 1.02465221e-02 2.98029632e-03 1.94753693e-03 2.40298301e-03
6.00944612e+01 -2.52972933e-02 1.04571027e-02 2.93401006e-02 2.30708894e-03 6.21766162e-04 2.63964269e-03
6.27938143e+01 -2.86331005e-02 -8.15041414e-03 2.42407570e-02 2.10404449e-03 2.75449913e-03 3.35341126e-03
6.54987237e+01 -8.91248068e-03 -2.87890067e-02 2.16970658e-02 1.83914516e-03 1.49255154e-03 1.42841787e-03
6.81917909e+01 3.59927083e-02 -1.93725742e-02 4.65364799e-03 1.97866491e-03 2.25583485e-03 3.86758132e-03
7.08841487e+01 2.73629468e-02 -2.36029392e-02 -4.74659115e-03 1.22452964e-03 2.07757910e-03 1.54255679e-03
7.35874768e+01 -1.68809093e-03 -9.76854738e-03 3.42303385e-02 2.96227709e-03 3.74214642e-04 5.86487649e-03
7.62790549e+01 -1.72222027e-02 3.68043248e-02 5.10041535e-02 2.42149315e-03 1.51018002e-03 3.04863461e-03
7.89751206e+01 7.62503390e-03 5.56684060e-02 6.78655096e-02 2.24994918e-04 4.74246186e-04 2.88805993e-03
8.16744268e+01 -8.30321043e-03 2.03625371e-02 4.26692387e-02 2.11312198e-03 2.66823654e-03 3.27426456e-03
8.43889878e+01 -1.92279932e-02 -1.37635002e-02 2.04873460e-02 2.91561552e-03 2.94879983e-03 2.08310589e-03
8.70894424e+01 -1.90429586e-02 1.86956906e-03 -1.95749644e-02 2.18683446e-03 4.42146645e-04 3.97033203e-03
8.97941221e+01 -1.06200559e-02 2.13348971e-02 -3.78060689e-02 5.26262389e-03 5.10844709e-04 2.91550862e-03
9.24896987e+01 -4.00721906e-03 2.69184515e-02 -3.37176733e-02 1.63435035e-03 1.49530422e-03 4.86161087e-04
9.51855768e+01 2.31008841e-02 1.44621450e-02 -4.13665647e-02 4.55435706e-04 1.81093070e-03 2.51882469e-04
9.78848425e+01 2.16141070e-02 3.76876361e-02 -5.95545763e-02 1.00658132e-03 1.62500863e-03 2.55529634e-03
1.00581213e+02 -9.79017663e-03 2.27208435e-02 -6.69036295e-02 1.59617246e-03 1.78668723e-03 1.94303548e-03
1.03279197e+02 -3.40021596e-02 6.90475358e-03 -2.06008785e-02 2.60326509e-03 1.09488685e-03 7.88441151e-04
1.05975635e+02 -3.52530108e-02 4.23911900e-02 3.91109610e-02 2.17303814e-03 1.57776199e-03 2.74370099e-03
1.08681041e+02 -2.72805843e-02 4.94454974e-02 6.85237570e-02 3.36244365e-03 5.07224040e-04 3.08820148e-03
1.11388650e+02 -6.11048518e-03 6.58340568e-02 5.92550750e-02 2.41893753e-03 8.83171710e-04 1.49384822e-03
1.14092010e+02 2.11450157e-02 1.78822723e-02 3.33905592e-02 1.13430634e-03 1.69514493e-03 9.22880861e-04
1.16795447e+02 4.09783399e-02 1.71465781e-02 -1.73681190e-02 2.27575195e-03 1.63213661e-03 1.70404979e-03
1.19495853e+02 7.73453300e-02 1.89854636e-02 -4.75687612e-02 2.28066497e-03 2.82040501e-03 3.61067937e-03
1.22188775e+02 5.65925514e-02 4.66239109e-02 -4.11588132e-02 7.60846435e-04 1.84750897e-03 8.19254918e-04
1.24898228e+02 3.92105528e-03 -8.74226737e-03 1.26445301e-02 1.16785298e-03 5.69034065e-04 5.56108501e-04
1.27593041e+02 -6.53859005e-03 -1.03858069e-02 6.08445771e-03 3.47130577e-03 1.64395289e-03 2.53949973e-03
1.30291041e+02 -8.53855180e-03 -1.92027817e-02 2.92371430e-02 1.76184096e-03 6.08004558e-04 1.16758560e-03
1.32988025e+02 -2.34883632e-02 -2.12011078e-02 2.60756438e-02 1.65094232e-03 4.32608803e-04 4.87992257e-04
1.35683807e+02 4.54125389e-03 -4.85063200e-02 6.83038285e-03 2.49517053e-03 1.92529237e-03 1.60151089e-03
1.38378447e+02 2.76267469e-02 -4.18915344e-02 -9.58172986e-03 1.87891527e-03 1.19400831e-03 1.18951619e-03
1.41073447e+02 6.32483807e-03 1.87908634e-02 -1.60077017e-02 3.34235919e-03 1.24299536e-03 7.47427449e-04
1.43781619e+02 -2.30562593e-02 3.64879510e-02 1.54414749e-02 1.95345256e-03 1.68335997e-03 6.04975570e-03
1.46475650e+02 -3.17742497e-02 -6.80782914e-03 1.18029422e-02 3.14156507e-03 5.30236725e-04 8.94541931e-04
1.49171666e+02 -1.77765514e-02 4.17222495e-03 -1.90791679e-02 2.29349769e-03 9.22566081e-04 1.83106255e-03
1.51861010e+02 2.46256412e-03 -2.03598312e-02 -2.35813444e-02 4.23028644e-03 1.34054071e-03 1.43314999e-03
1.54560353e+02 -9.82594801e-03 -3.16737820e-02 -3.08882150e-02 7.45689424e-03 2.94514708e-03 6.45991845e-03
1.57245135e+02 1.05462664e-02 1.77421869e-02 -3.13987726e-02 7.29078051e-03 1.43435384e-03 2.67042937e-03
1.59936978e+02 1.33538559e-02 8.09828439e-02 -4.10660364e-02 6.00597639e-03 7.82264998e-04 2.96002650e-03
1.62637150e+02 -1.81269678e-02 6.64048185e-02 -2.33399991e-02 5.20452315e-03 1.67990233e-03 1.37730129e-03
1.65340557e+02 -2.48582858e-02 7.05235389e-02 -4.62257985e-02 2.63816252e-03 3.18103391e-03 4.21321991e-03
1.68043525e+02 -5.93799316e-03 4.95437015e-02 -9.62036821e-02 2.54710186e-03 1.16683278e-03 8.60907284e-04
1.70753197e+02 -2.62446456e-02 1.58767684e-02 -4.86245870e-02 2.75078052e-03 6.83920423e-04 3.30786439e-03
1.73465869e+02 -3.08723290e-02 6.04492300e-02 -1.29634563e-02 5.92847054e-03 1.39574186e-03 4.34602027e-03
1.76174385e+02 1.95536747e-03 1.37040203e-02 4.82117656e-02 1.28324611e-03 4.37912316e-03 5.72150916e-03
1.78880478e+02 3.33657590e-03 3.84025837e-02 9.46726138e-04 5.68053688e-04 6.32585960e-04 3.66704060e-03
1.81587103e+02 -3.64362346e-03 2.38893240e-02 -3.55327682e-02 1.75607693e-03 1.89492455e-03 7.89941726e-03
1.84294947e+02 2.06438944e-03 -4.12760585e-03 -4.09533123e-02 8.93061832e-04 1.48363176e-03 4.58181921e-03
1.87000947e+02 9.67004857e-03 -2.19881482e-02 -6.63522079e-02 1.37587764e-03 1.66771596e-03 3.28498234e-03
1.89703166e+02 5.03069200e-03 2.84445528e-03 -6.97475909e-02 1.34836642e-03 2.36543045e-03 3.63469375e-03
1.92400900e+02 2.24711780e-03 4.42166344e-03 8.05303719e-03 3.55444319e-03 8.65062525e-04 3.56451825e-03
1.95092057e+02 -2.41889188e-02 2.32047183e-02 4.86732370e-02 2.31839468e-03 9.55857883e-04 3.46480602e-03
1.97778619e+02 -6.43078660e-02 4.86268655e-03 1.30041475e-02 2.60072999e-03 1.54151119e-04 2.30106707e-03
2.00466119e+02 -7.30370844e-02 -2.55462253e-04 -8.68660812e-03 3.19577763e-03 2.33775512e-03 2.12146777e-03
2.03163041e+02 -6.07604026e-02 7.10961449e-03 -8.10736657e-03 1.99408373e-03 3.31033915e-03 2.55425120e-03
2.05861197e+02 -2.84223364e-02 -1.17587101e-02 2.11413615e-02 2.57067374e-03 1.29184722e-03 5.72262300e-03
2.08554619e+02 3.61434718e-02 -1.62998499e-02 -9.82759010e-03 2.14099644e-03 1.26718914e-03 4.60860952e-03
2.11258963e+02 6.18291067e-02 -5.05568338e-02 -4.26424564e-02 1.25620467e-03 3.90116567e-04 3.38960263e-03
2.13966088e+02 4.77286264e-02 -1.63504625e-02 2.22747985e-02 1.61921544e-03 1.26903112e-03 4.50294236e-03
2.16674057e+02 1.33358929e-02 -9.22796321e-03 3.28159060e-02 5.82208199e-03 3.46146225e-03 2.81609284e-03
2.19371338e+02 4.18169548e-02 6.47880540e-03 3.70541155e-02 3.71013958e-03 7.12246856e-03 6.09692321e-03
2.22077635e+02 1.96498371e-02 1.62057964e-02 1.40136184e-02 2.44017371e-03 1.67895071e-03 6.10911023e-03
2.24782650e+02 -1.88426512e-02 1.37882206e-02 -4.70747466e-02 2.40234062e-03 2.84732922e-03 2.82790849e-03
2.27478463e+02 -3.36391432e-02 3.10577610e-02 -6.13098662e-02 2.69186364e-03 1.86425625e-03 4.87193532e-03
2.30178916e+02 6.67635386e-03 2.57160724e-02 -9.79124013e-03 5.37329234e-03 1.08056945e-03 2.30754797e-03
2.32874072e+02 3.78437180e-02 5.21094229e-04 3.15645511e-02 3.25504518e-03 6.12812994e-04 5.91666466e-03
2.35574119e+02 3.09098940e-02 3.88043205e-03 2.32320172e-02 3.58300112e-03 1.74848328e-03 3.79636327e-03
2.38265541e+02 5.06594576e-02 -2.90261489e-02 -1.91877424e-02 5.61657628e-03 2.64775981e-03 3.81674057e-03
2.40958057e+02 7.09736020e-02 1.67411572e-02 -5.13718248e-02 8.84059903e-03 4.15601000e-04 3.95166039e-03
2.43657494e+02 2.49500213e-02 -9.35307321e-03 1.49928461e-02 6.15299560e-03 3.57887610e-03 5.96839981e-03
2.46353885e+02 7.47435093e-03 2.29854400e-02 6.53092242e-02 3.45021333e-03 1.00955207e-03 2.79194020e-03
2.49061713e+02 -9.45555943e-03 3.85415520e-02 4.80544110e-02 1.08645134e-03 1.79843528e-03 4.61930941e-03
2.51760041e+02 2.72908281e-03 -6.33649072e-03 -8.59115371e-03 2.56714598e-03 1.06924418e-03 6.51468607e-03
2.54455603e+02 2.76904580e-03 1.20259721e-02 4.05914750e-04 3.16299980e-03 1.38809925e-03 2.59897900e-03
2.57158572e+02 -1.35125960e-02 3.22589424e-02 1.76862703e-02 1.30493502e-03 1.58550272e-03 2.44356775e-03
2.59855182e+02 5.50771117e-03 -1.92884761e-03 3.43367688e-02 4.07707267e-03 9.64198295e-04 5.47446396e-03
2.62552541e+02 1.64625084e-02 -7.96512867e-03 3.06270054e-03 2.28845841e-03 2.82421706e-03 5.57371712e-03
2.65246322e+02 2.33289115e-02 -1.51823819e-03 -2.87041201e-03 2.68512963e-03 2.35579806e-03 3.01231194e-03
2.67943578e+02 1.62482179e-03 5.80550762e-03 5.16901123e-03 2.04552515e-03 1.64872140e-03 2.53185972e-03
