6.86906945e-01 -2.01429348e-02 -5.69951579e-03 2.47781836e-02 6.19394600e-04 3.81462965e-03 7.03316006e-03
3.37963854e+00 9.96651258e-03 -4.19677063e-04 -1.64993725e-02 1.88582888e-03 1.20175740e-03 3.72074052e-03
6.08119714e+00 2.20023745e-02 -3.31781813e-03 2.12060810e-02 1.55914294e-03 1.18876772e-03 4.65228990e-03
8.77674714e+00 3.13183282e-02 -2.13257439e-02 4.85568471e-02 1.22484579e-03 2.73272827e-03 3.62526923e-03
1.14708040e+01 1.91104097e-02 -2.02931822e-02 2.51866649e-02 4.25931824e-03 3.34412583e-03 3.54942070e-03
1.41717165e+01 3.80923598e-03 -4.30310944e-02 4.69566245e-04 3.59263427e-03 7.72670013e-04 2.96920326e-03
1.68722446e+01 5.74387025e-03 -5.64681491e-02 4.36990704e-03 1.33303197e-03 1.86938378e-03 7.78111659e-04
1.95767446e+01 -6.66976613e-03 -3.56964316e-02 3.10845228e-02 3.34318294e-03 3.53884552e-03 1.01512487e-03
2.22690946e+01 3.20927424e-02 -2.62953870e-02 6.28228464e-02 3.47499084e-03 2.64337785e-03 1.21951664e-03
2.49591743e+01 4.40007293e-02 -5.03030804e-02 7.42925441e-02 2.25157658e-03 9.65676638e-04 2.40875702e-03
2.76591603e+01 4.39648530e-02 -1.84363200e-02 7.10420179e-02 3.31096562e-03 6.90751877e-04 1.37238263e-03
3.03657806e+01 4.62764332e-02 -5.12506831e-03 5.64174719e-02 4.10858729e-03 3.08939881e-03 2.18472605e-03
3.30724571e+01 2.48647716e-02 -3.01000805e-03 2.33646953e-02 1.92825578e-03 1.00510156e-03 1.14178620e-03
3.57697728e+01 2.48864563e-02 -2.11471319e-02 -1.25574731e-03 1.77408921e-03 1.97931190e-03 1.85805417e-03
3.84683446e+01 2.50256793e-02 1.14120604e-02 2.53995793e-02 2.07194386e-03 2.25901496e-03 9.95196063e-04
4.11655368e+01 1.86722015e-02 2.95473405e-02 1.99149397e-02 2.81004912e-03 1.37712697e-03 2.74435907e-03
4.38719399e+01 5.02648933e-04 2.94849609e-02 -1.27741909e-02 2.24883059e-03 1.54037108e-03 1.11563192e-03
4.65780618e+01 -2.17787217e-02 3.49574875e-02 -3.10796614e-02 9.54761960e-04 5.16601477e-04 2.08611316e-03
4.92766759e+01 -3.43219921e-03 6.19543334e-02 -4.18676406e-02 2.99213096e-03 5.20852919e-04 1.59187840e-03
5.19735056e+01 3.97067919e-02 1.44805470e-02 1.06602312e-02 4.45987729e-03 2.15967473e-03 1.44729150e-03
5.46774290e+01 5.39618933e-02 -2.07720580e-02 3.01896771e-02 2.40719518e-03 1.95863181e-03 1.11888767e-03
5.73708665e+01 1.59160900e-02 -4.80435678e-02 -7.64342614e-03 5.99450389e-04 1.23960600e-03 2.92686780e-03
6.00645962e+01 -2.33435475e-02 -2.68558636e-02 1.90265008e-02 1.78911546e-03 2.13031002e-03 2.75044128e-03
6.27523899e+01 -2.98788752e-02 2.44771414e-02 2.16943800e-03 1.34504456e-03 1.14714987e-03 3.50758794e-03
6.54455649e+01 1.59455548e-02 2.76438806e-02 4.22843227e-02 9.48680846e-04 2.15742387e-03 3.66965646e-03
6.81451509e+01 5.80767965e-02 6.15952274e-02 2.19267248e-02 9.27907026e-04 1.05392914e-03 4.80658689e-03
7.08385181e+01 7.59394684e-02 2.66031818e-02 -3.21402068e-02 1.42068231e-03 2.04018376e-03 2.18361931e-03
7.35432900e+01 4.13433880e-02 3.81068809e-02 -2.01187055e-02 1.01243880e-03 1.91590517e-03 3.09746876e-03
7.62410196e+01 -3.91850880e-03 2.47188742e-02 1.70870045e-02 5.54000491e-03 1.19428114e-03 8.90749280e-04
7.89490056e+01 -1.80009654e-02 3.10750801e-02 3.42774923e-02 8.77442318e-04 3.98123724e-03 7.58162640e-04
8.16562556e+01 -7.41038915e-03 1.60145172e-03 1.58434856e-02 2.39430707e-03 1.29718118e-03 3.52991523e-03
8.43638056e+01 -3.39416644e-03 -3.93019267e-03 2.38901441e-02 4.72128714e-03 1.14848309e-03 3.89355076e-03
8.70676368e+01 -9.78797113e-03 2.84870037e-02 2.79460797e-02 2.72604870e-03 4.56210168e-04 2.18601523e-03
8.97632806e+01 -7.06189314e-03 -2.47581113e-03 9.62140386e-03 1.51867582e-03 6.94815514e-03 5.92806580e-04
9.24526384e+01 -9.73299403e-03 -5.27497195e-03 3.68483378e-03 3.50631636e-03 6.56743255e-04 1.52217615e-03
9.51372149e+01 -2.02352868e-02 -3.70606607e-02 1.53295382e-02 2.64090408e-03 3.63454147e-04 7.55472561e-04
9.78386915e+01 -2.50983082e-02 -2.79707319e-02 6.79364910e-03 3.90465373e-03 3.94472793e-04 2.40771130e-03
1.00551642e+02 -4.67513609e-02 -2.29079170e-02 9.82742508e-03 2.91675676e-03 8.34973812e-04 1.53256780e-03
1.03257157e+02 -4.67705415e-02 1.01497132e-02 1.40903425e-03 3.26792387e-03 2.09229407e-03 3.17673489e-03
1.05965407e+02 -4.76638561e-02 4.54143896e-02 -1.65843909e-02 4.67931176e-04 1.52221571e-04 4.91978944e-03
1.08667298e+02 -4.64850218e-02 9.49418807e-03 -2.13484734e-02 1.14381520e-03 1.04195044e-03 1.77604752e-03
1.11360985e+02 -6.07673806e-03 1.50832151e-02 -2.36828957e-02 4.79106275e-04 8.92449514e-04 1.14794056e-03
1.14064126e+02 1.78079340e-02 9.91330066e-03 1.40085729e-02 2.49531688e-03 1.72142583e-03 3.96646432e-03
1.16769454e+02 -1.98533891e-02 -2.60718018e-02 1.52454777e-02 7.84407456e-04 5.29580269e-04 4.70705907e-03
1.19479173e+02 -3.76245386e-03 -3.15260179e-02 2.15035836e-02 1.91784038e-03 1.15395288e-03 3.68129901e-03
1.22176657e+02 7.61256993e-03 -1.96507836e-02 4.82757810e-03 1.29500013e-03 1.69704835e-03 3.04565432e-03
1.24882079e+02 1.66258709e-03 1.66481902e-02 5.28259766e-03 2.34192967e-03 8.81177680e-04 2.40968565e-03
1.27574188e+02 -7.88555366e-03 -9.87105477e-03 1.97638830e-02 2.08146770e-03 1.43242626e-03 2.17022898e-03
1.30273532e+02 -4.16692645e-03 -1.45015177e-02 9.76767256e-03 3.77020295e-03 3.81334807e-04 3.12476572e-03
1.32971876e+02 1.19572259e-02 -1.47454466e-02 -3.94080454e-02 1.24365576e-03 2.01236962e-03 3.79119594e-03
1.35660392e+02 1.78927920e-02 1.81616904e-02 -8.58224009e-02 2.87163477e-03 5.59395935e-04 6.13053956e-03
1.38360610e+02 1.44528451e-02 1.35318823e-02 -7.42377330e-03 3.80501692e-03 2.19512131e-03 2.88290571e-03
1.41055938e+02 2.93728971e-02 -1.04338617e-02 2.54073213e-02 3.63102038e-03 2.32128880e-03 1.71101784e-03
1.43755657e+02 2.52929850e-02 -1.28431411e-02 1.95461091e-02 3.09067492e-03 2.03465442e-03 2.13663895e-03
1.46461235e+02 4.51208736e-02 1.25804089e-02 3.56307504e-02 3.04805033e-03 1.21935454e-03 1.96935352e-03
1.49168110e+02 2.33039612e-02 6.40189311e-03 2.47968947e-02 1.25278620e-02 1.04028368e-03 3.70967696e-03
1.51877126e+02 -2.08522890e-02 -2.78977526e-02 -5.17434382e-03 1.55791361e-02 5.72189365e-04 6.81243600e-03
1.54570751e+02 -1.88522299e-02 -1.63595951e-02 -2.54098402e-02 1.32102345e-02 1.70597876e-03 4.73572025e-03
1.57267579e+02 -7.89574042e-03 -2.65470182e-02 -1.90315164e-02 1.28884919e-02 1.20298232e-03 1.54424164e-03
1.59962454e+02 1.83943959e-02 -2.62948462e-02 -1.43079880e-02 6.35737863e-03 7.74042076e-04 1.38346782e-02
1.62652485e+02 2.52649842e-02 -1.83061915e-02 -2.30189012e-02 3.42824464e-03 2.98924290e-03 9.36995105e-03
1.65354907e+02 -3.85047012e-02 -3.29383950e-02 6.33324286e-03 5.03407950e-03 3.46572868e-03 9.55237724e-03
1.68049313e+02 -2.41996199e-02 -1.28942301e-02 2.65301565e-02 2.65649649e-03 6.38550573e-04 5.64719126e-03
1.70743767e+02 -1.04188741e-02 3.34291470e-02 5.38665151e-02 3.88765407e-03 1.41551997e-03 2.01398094e-03
1.73439423e+02 2.82477201e-02 5.61661281e-02 1.50113130e-02 1.90748839e-03 4.59270309e-04 2.93161047e-03
1.76140032e+02 3.56121812e-02 1.24339763e-02 4.23519185e-04 3.70528534e-03 8.86611703e-04 1.67460856e-03
1.78841782e+02 5.56201513e-02 -1.14345389e-02 8.19525327e-03 5.99095095e-03 1.86610691e-03 2.94116600e-03
1.81546017e+02 4.63323912e-02 -1.72430091e-02 -4.75853479e-03 5.25540655e-03 6.24766087e-04 2.35602897e-03
1.84249517e+02 2.66615074e-02 -1.12239834e-03 -2.92289030e-02 1.26936986e-03 1.96820721e-03 2.99490304e-03
1.86952313e+02 -9.98270642e-04 -2.01025284e-02 -5.61552141e-02 1.13163106e-03 1.53088635e-03 8.53295681e-04
1.89657017e+02 -1.82003511e-02 -4.07884830e-03 -2.88923245e-02 1.01641723e-02 1.93322553e-03 3.79243296e-03
1.92344938e+02 2.20734578e-02 3.59827734e-02 -3.07655058e-02 8.94395484e-03 1.65037931e-03 2.35199721e-03
1.95047798e+02 -3.45391131e-02 2.09533441e-02 -5.57814325e-02 7.90182401e-03 9.83118898e-04 1.61134534e-03
1.97753173e+02 -6.24528611e-02 -2.04427738e-02 -2.97160260e-02 1.03881746e-02 9.02872291e-04 1.42068683e-03
2.00452220e+02 -2.12370891e-02 -1.41867034e-02 -6.44247823e-03 7.94732482e-03 4.74978159e-04 2.00308475e-03
2.03164954e+02 1.24405661e-02 -1.32150572e-02 4.05492976e-02 2.06264798e-03 2.18576608e-03 3.13324222e-03
2.05866938e+02 7.30302855e-02 9.10509948e-03 7.05872300e-02 9.82482819e-03 7.39517910e-04 4.91630694e-03
2.08569610e+02 7.08996143e-02 2.59104916e-02 6.03183207e-02 6.12704411e-03 2.20245243e-03 3.52015120e-03
2.11265392e+02 5.53533091e-02 2.68066823e-02 3.53204307e-02 5.13301525e-03 1.00992907e-03 2.25031460e-03
2.13950907e+02 2.77636721e-02 1.21592782e-02 2.87446715e-02 2.08087354e-03 6.44355328e-04 2.71710134e-03
2.16652251e+02 -1.81712741e-02 1.80612742e-02 2.74141156e-02 2.64982124e-03 1.75734459e-03 4.47444537e-03
2.19340892e+02 1.87102396e-02 -3.50598996e-02 -4.46027236e-04 1.27219811e-03 8.71904126e-04 2.43287860e-03
2.22039548e+02 5.21128220e-03 -9.41689145e-03 -3.88294401e-02 3.35475031e-03 2.56541946e-03 8.17487579e-04
2.24734642e+02 -2.06829815e-02 1.04413476e-02 -8.18324718e-02 2.32093092e-03 4.59243463e-03 3.91555173e-03
2.27428876e+02 -4.38462742e-02 -7.64500844e-03 -1.85768625e-02 2.67713886e-03 5.38388750e-04 1.73146239e-03
2.30126188e+02 -8.33418399e-02 -6.66807271e-02 1.43258869e-02 3.44843271e-03 1.33793144e-03 5.28342640e-03
2.32832673e+02 -9.64383659e-02 -3.43650772e-02 2.94085973e-02 4.08772528e-03 4.60661940e-04 4.29458660e-03
2.35531126e+02 1.28321474e-03 5.53475151e-03 -1.98043036e-02 2.35282306e-03 1.63013675e-03 2.71006163e-03
2.38237470e+02 7.69061678e-02 2.32851368e-02 -2.66994246e-02 2.51421444e-03 2.71984485e-03 8.17577559e-03
2.40944813e+02 7.98662711e-02 7.31954514e-03 -7.82863987e-02 1.80095995e-03 1.08068815e-03 5.88715050e-03
2.43658110e+02 7.35020677e-02 -1.78757386e-02 -1.12578124e-01 4.53318326e-03 1.98065919e-03 8.59339401e-04
2.46372079e+02 4.67107410e-02 -4.28659184e-02 -1.77198624e-02 3.23368172e-03 2.09390282e-03 3.58710925e-04
2.49069407e+02 1.74661756e-02 4.76199820e-03 2.52926584e-02 6.71179951e-04 8.67349590e-04 1.67940682e-03
2.51772032e+02 -3.01199857e-02 4.72019752e-02 3.82946022e-02 3.28654184e-03 1.51845806e-03 3.61099430e-03
2.54473173e+02 -4.90614456e-02 7.85635518e-02 4.47463466e-02 1.33580572e-03 1.92787041e-03 4.10493586e-04
2.57162298e+02 -2.31924158e-03 5.20323866e-02 -2.59357826e-02 1.02498950e-03 1.37847304e-03 2.40782246e-03
2.59852892e+02 7.46758482e-02 4.68768102e-02 -2.00901150e-02 3.21804776e-03 5.65462406e-03 3.13762545e-03
2.62552298e+02 4.09857303e-02 3.92459347e-02 4.10309138e-02 1.22594113e-03 3.04699484e-03 6.02773622e-04
2.65240907e+02 9.37719832e-03 9.25371228e-03 4.96285069e-02 1.36518649e-03 2.17597244e-03 1.11415966e-03
2.67942813e+02 -2.28361809e-02 1.31755953e-03 6.66965948e-02 1.16278372e-03 2.73120985e-03 1.37800652e-03
