6.65365450e-01 -5.79507172e-03 -2.24918754e-02 7.07975657e-03 2.28627513e-03 3.18565750e-03 4.93702270e-03
3.34955949e+00 -3.22152057e-02 9.12489472e-03 -2.93240059e-02 5.71075010e-03 1.03108703e-03 1.67173876e-03
6.04682277e+00 -3.84760959e-03 2.14806989e-02 -3.85576028e-02 1.03474228e-03 6.86555071e-04 1.00396673e-03
8.74753667e+00 -6.57301367e-03 3.00326032e-02 -1.59066965e-02 1.61571706e-03 1.39369394e-03 5.66762434e-04
1.14505701e+01 3.89866837e-03 6.78609016e-02 -3.16762856e-02 1.71734315e-03 1.94990145e-03 6.08185818e-04
1.41561670e+01 6.68792594e-03 5.69748861e-02 -1.32110373e-02 3.21489091e-04 1.19527153e-03 3.24706305e-03
1.68522029e+01 6.05038513e-03 3.39972515e-02 -2.69800870e-02 1.02479314e-03 6.34810133e-04 1.41516262e-03
1.95445154e+01 7.15173849e-03 2.36321811e-02 1.14242198e-02 2.13381228e-03 5.28018921e-04 2.47236562e-03
2.22540873e+01 -8.01537883e-03 3.55048577e-02 7.62376723e-02 2.78969588e-03 1.97278473e-03 2.05982413e-03
2.49589623e+01 -1.59448620e-03 5.05084963e-02 7.86062711e-02 8.79380458e-04 1.38387198e-03 4.68864904e-03
2.76676404e+01 2.34760673e-03 3.31934483e-02 4.73902600e-02 1.41425322e-03 4.22132186e-04 1.88664433e-03
3.03699201e+01 6.19978158e-03 9.61122945e-03 -1.15881560e-02 1.85222345e-03 1.02013195e-03 2.52356698e-03
3.30760670e+01 2.20529355e-02 -3.44085029e-02 -3.74846268e-02 2.82720085e-03 9.48247642e-04 6.89975300e-04
3.57640076e+01 1.83490299e-02 3.04164707e-02 -4.05916979e-02 8.24884507e-04 4.37852704e-03 1.17799075e-03
3.84587123e+01 1.31218933e-02 -2.03642082e-03 -1.53255661e-02 9.60531907e-04 6.69032846e-04 5.18477872e-03
4.11564498e+01 -8.18552167e-03 -4.58446015e-02 3.49429666e-02 2.64124406e-03 1.06965805e-03 3.72125231e-03
4.38459514e+01 -3.19851699e-03 -7.90354857e-02 4.57615250e-02 1.54764253e-03 1.48945227e-03 3.33033319e-03
4.65504389e+01 -3.27811021e-03 -3.96732079e-02 4.91494844e-03 2.49056046e-03 2.48704148e-03 3.32750026e-03
4.92623185e+01 -1.72243675e-02 -1.46610176e-03 2.02441036e-02 2.51259891e-03 1.74214239e-03 3.65890702e-03
5.19636217e+01 1.58967761e-02 2.11406403e-02 2.33680152e-02 4.51605517e-03 1.93498537e-03 1.18204819e-03
5.46638857e+01 2.84317690e-02 8.67575249e-02 3.00674445e-03 1.09278334e-03 2.20973033e-03 1.29410014e-03
5.73605498e+01 2.62720711e-02 4.63467844e-02 -6.36933305e-03 3.95969277e-03 6.42686060e-04 1.22575503e-03
6.00627795e+01 2.38859853e-02 2.67886303e-03 -3.97785084e-02 3.14322501e-03 1.35016146e-03 1.08941721e-03
6.27679592e+01 1.06902492e-02 -9.27765143e-03 -5.47584501e-02 5.66619001e-04 1.44134574e-03 1.10027062e-03
6.54728545e+01 -8.31842258e-03 -4.13442765e-02 -2.69630741e-02 1.35618576e-03 2.02242855e-03 5.85583740e-04
6.81768139e+01 -3.52967785e-03 -4.98519423e-02 -8.75050956e-03 1.01151179e-03 1.12411469e-03 1.00271656e-03
7.08838795e+01 1.02131196e-02 -1.48698452e-02 -2.78329073e-02 2.57281672e-03 2.16521919e-03 2.45248834e-03
7.35900951e+01 7.70839307e-03 2.26131135e-03 -4.17519959e-02 1.92119072e-03 2.04384626e-03 1.99838576e-03
7.62892217e+01 -3.73655325e-02 -1.22765063e-02 -2.00012174e-02 4.61884694e-03 7.35540871e-04 3.56575826e-03
7.89928014e+01 -3.65710528e-02 -2.14377934e-02 -1.76158982e-02 2.64014208e-03 1.12598328e-03 3.37216369e-03
8.16916654e+01 -4.86341166e-02 -2.99700893e-02 1.54543164e-03 2.11955344e-03 1.46190228e-03 3.88597416e-03
8.43894951e+01 -4.57012240e-02 -1.57080305e-02 5.60737516e-03 2.68644431e-03 4.15052613e-04 1.28797595e-03
8.70895607e+01 -2.05242690e-02 -1.66383496e-02 2.34165900e-02 3.85225559e-03 1.91654988e-03 3.99757560e-03
8.97813967e+01 -1.17566189e-02 2.48619273e-03 6.64180283e-03 2.35246926e-03 1.34345885e-03 5.26679327e-03
9.24718826e+01 -1.08878214e-02 7.38740134e-02 -3.22423173e-02 1.14035731e-03 1.79324725e-03 3.30201022e-03
9.51711357e+01 -8.94137518e-03 6.72100285e-02 -9.07244021e-03 4.88773501e-03 1.42052330e-03 3.13033177e-03
9.78715982e+01 1.53629364e-03 1.49172299e-02 2.25059586e-02 3.56652561e-03 6.14409586e-04 3.89935910e-03
1.00573934e+02 9.96179398e-03 -9.24399148e-03 1.89607577e-02 8.16551377e-04 1.99491187e-03 1.39610943e-03
1.03275747e+02 1.65316181e-02 2.88207541e-02 -1.21729696e-02 1.35530658e-03 1.75348766e-03 1.31722922e-04
1.05979590e+02 8.63504043e-03 2.26367376e-02 7.83260482e-03 1.81825857e-03 6.26696192e-04 1.95665542e-03
1.08679184e+02 -7.65982138e-03 9.55104074e-03 2.47088160e-02 1.03193681e-03 1.28651903e-03 3.91585665e-03
1.11370528e+02 -1.54282378e-02 -2.74012140e-02 3.78302540e-03 3.08713974e-03 1.25628461e-03 3.23786930e-03
1.14070794e+02 -2.25082932e-02 -5.05993288e-02 2.61403484e-02 1.78180957e-03 9.24968106e-04 2.68881478e-03
1.16763856e+02 -3.49037346e-02 -3.75214715e-02 -3.10080337e-03 5.86298118e-04 1.14231449e-03 5.37349915e-03
1.19459715e+02 -2.09443782e-02 -1.31510174e-02 -4.16235038e-03 2.21319419e-03 4.11713970e-03 4.62076118e-03
1.22162012e+02 1.93602731e-03 5.12050781e-03 -4.18324967e-02 3.34308830e-03 6.16464426e-04 5.96561982e-03
1.24871825e+02 2.45044485e-02 6.45479876e-02 -1.37687207e-02 4.11282264e-03 2.71420480e-03 1.97651931e-03
1.27570200e+02 3.47382426e-02 2.44179779e-02 4.46198315e-02 3.92242587e-03 2.37376660e-03 1.11804137e-03
1.30270809e+02 4.79657214e-02 2.42652271e-03 5.60649481e-02 3.11344464e-03 2.05962389e-03 2.15579397e-03
1.32959731e+02 2.01311772e-02 -1.81404492e-02 1.52696577e-02 2.41071767e-03 3.14864653e-03 9.99108683e-04
1.35648637e+02 -1.25781254e-02 -2.54975371e-02 -3.57312340e-02 4.21861272e-03 1.06437274e-03 1.44471457e-03
1.38337215e+02 -5.85493643e-03 -9.76291124e-03 -6.91047912e-02 4.50660859e-03 1.37294729e-03 7.16816156e-04
1.41031262e+02 -2.31615551e-02 -2.49919646e-02 -7.08762313e-02 3.57519888e-03 2.02370600e-03 9.76209636e-04
1.43743856e+02 -5.14880286e-02 -1.63297476e-02 7.99245713e-03 3.95720030e-03 3.37942128e-03 3.36014188e-04
1.46448622e+02 -7.57365092e-02 1.51277361e-02 6.42798472e-02 6.88103206e-03 3.61620329e-03 2.48538988e-03
1.49153528e+02 -9.16700006e-03 4.39493002e-02 4.05811243e-02 6.77499653e-03 1.65061434e-03 4.06958564e-03
1.51857856e+02 -1.35565807e-02 1.43860813e-02 -1.65321364e-02 4.03549107e-03 2.91162390e-03 2.52819893e-03
1.54562856e+02 -2.17803573e-02 -1.52622274e-02 -2.32024520e-02 2.78964648e-03 2.00400351e-03 1.90148938e-03
1.57255137e+02 4.59297253e-04 -5.73587019e-03 -9.88906992e-03 3.26281445e-03 2.50057050e-03 2.50103185e-03
1.59957465e+02 -1.23329459e-02 1.59789668e-02 3.26762573e-02 3.13482910e-03 2.05537051e-03 3.32905046e-03
1.62651590e+02 -3.89691837e-02 7.57231284e-03 3.42467963e-02 2.12608388e-03 2.05949674e-03 4.53088093e-03
1.65357684e+02 -5.16939379e-02 5.64955673e-03 3.93960036e-02 4.78067713e-03 1.06889818e-03 1.21104317e-03
1.68059356e+02 -2.59968220e-02 7.92314040e-03 -1.75095072e-02 1.69160998e-03 1.89684655e-03 1.80458682e-03
1.70768403e+02 -4.76363863e-03 2.02375016e-02 -6.44067404e-03 5.53722544e-03 3.81895255e-04 6.06037139e-03
1.73472309e+02 2.03766332e-02 -2.17525838e-02 -8.21677429e-03 7.26201132e-03 1.91876539e-03 9.76283065e-03
1.76171528e+02 7.08408273e-02 9.92368409e-03 -2.78873431e-02 8.57960425e-03 6.62015080e-04 9.26530066e-03
1.78871309e+02 6.25408457e-02 -3.63921701e-03 -2.23594314e-02 4.54672396e-03 1.54203877e-03 6.74678910e-03
1.81575372e+02 1.00711123e-02 2.14616823e-02 -1.35195842e-02 4.25472941e-03 1.65553512e-03 6.57339573e-03
1.84273122e+02 -3.81287001e-02 5.57660706e-03 -9.99358368e-03 1.42524383e-03 1.96681120e-03 8.49436859e-03
1.86968653e+02 -3.70737577e-02 2.85121682e-02 -4.45905403e-02 2.98009342e-03 1.73030020e-03 1.39940506e-03
1.89661184e+02 -2.50411405e-02 1.34270595e-02 -3.86407284e-02 6.14496798e-03 1.36186164e-03 4.82363591e-03
1.92351356e+02 -1.80878973e-03 -2.33654735e-02 1.10715397e-02 6.85575266e-03 1.91023019e-03 2.16722667e-03
1.95043403e+02 -2.72365768e-03 -1.41824053e-02 2.00446810e-02 3.85791046e-03 7.05201618e-04 6.93045129e-03
1.97738934e+02 -6.28499412e-03 1.99084449e-02 -2.55035405e-02 2.70495487e-03 1.60902664e-03 2.48410328e-03
2.00439387e+02 -1.23824495e-02 -2.62728583e-02 -4.27174681e-02 6.29213813e-03 1.37048380e-03 2.26613087e-03
2.03138872e+02 -1.67888582e-02 -3.32760884e-02 2.65896530e-02 3.17983276e-03 1.55234744e-03 3.22905799e-03
2.05843481e+02 -9.41965135e-03 -6.97636886e-03 4.33683046e-02 2.81766230e-03 3.09820307e-03 3.15239226e-03
2.08534950e+02 5.92713467e-02 2.55205987e-03 -2.30054118e-02 2.49557156e-03 7.98750511e-03 8.58383847e-03
2.11237700e+02 9.16849736e-02 2.92050936e-02 -2.55906584e-02 5.12014236e-03 1.64193720e-03 2.33026507e-03
2.13944778e+02 4.95393279e-02 1.14948398e-03 3.32581814e-02 7.72388840e-03 3.89060307e-04 2.27984138e-03
2.16667325e+02 -1.38197647e-02 -2.16539718e-02 8.55269074e-02 4.03707513e-03 7.22692490e-04 1.98450804e-03
2.19378075e+02 -2.10576341e-02 -4.87501419e-02 6.67810586e-02 6.97083790e-03 1.89497465e-03 3.69121076e-03
2.22077309e+02 1.14674581e-02 -1.26669057e-02 2.02480776e-02 2.24298036e-03 1.70357652e-03 5.69757166e-03
2.24777309e+02 -1.40804940e-02 3.69048578e-03 -2.38493848e-02 3.36766215e-03 1.87479655e-03 2.99849920e-03
2.27469028e+02 -1.08631510e-02 -1.65095971e-03 -2.00689425e-02 1.17746884e-03 7.32858394e-04 2.05471225e-03
2.30162559e+02 -3.85657955e-03 -2.23398320e-02 3.85945482e-03 4.67044818e-03 2.14953410e-03 2.83472776e-03
2.32859965e+02 -2.24406880e-02 -1.20351396e-02 3.64212823e-02 7.80218516e-03 4.57403924e-04 5.41060938e-03
2.35562278e+02 -5.72516820e-02 2.33797928e-02 1.56800446e-02 2.55919060e-03 2.38251911e-03 2.04934213e-03
2.38266950e+02 -4.60205501e-02 7.46726091e-02 -1.26982282e-02 4.40798018e-03 1.37614167e-03 2.98516461e-03
2.40958747e+02 1.60589083e-02 4.55400722e-02 -3.63911130e-02 8.70209187e-03 4.11436190e-04 2.43722642e-03
2.43650903e+02 1.32562271e-02 3.14688578e-02 -1.03726166e-02 3.34865352e-03 1.65743759e-03 4.08191343e-03
2.46342950e+02 -2.46661326e-02 1.03566884e-02 1.82352049e-02 7.40661821e-03 6.15609521e-04 4.71122451e-03
2.49040497e+02 -6.37472169e-02 5.14803505e-03 2.23277769e-02 3.06183026e-03 8.15159120e-04 3.63498976e-03
2.51739544e+02 -6.45875106e-02 -2.14706622e-02 2.03562024e-02 1.76206625e-03 4.41045400e-04 2.52191781e-03
2.54446075e+02 -4.20698843e-02 -5.22834718e-02 -3.04224491e-02 4.81094067e-03 1.83240956e-03 5.65725508e-03
2.57143512e+02 -1.47887580e-02 -5.55899211e-02 -1.96239425e-02 7.01908445e-03 1.35731633e-03 4.71983376e-03
2.59843731e+02 -2.17866241e-02 -4.47489687e-02 4.24850716e-02 9.23497255e-03 1.67189434e-03 7.04490494e-03
2.62552169e+02 -1.50724301e-02 -2.94565537e-02 5.36066083e-02 5.01729519e-03 5.83783610e-04 2.92627289e-03
2.65242481e+02 -7.35552256e-03 -1.56908270e-02 1.73756594e-02 3.57357648e-03 2.77792510e-03 3.01631879e-03
2.67939716e+02 1.83361072e-02 -1.94498680e-02 -1.30822457e-03 1.13199022e-03 1.68669893e-03 3.80269491e-03
