6.76532635e-01 -5.20251035e-02 1.21831606e-02 8.90319320e-02 2.59270298e-03 8.53335959e-04 9.16625500e-04
3.38092376e+00 -6.58114126e-02 1.01952918e-02 6.74825692e-02 3.10386127e-03 1.34748661e-03 3.10782116e-03
6.08395517e+00 -4.26004415e-02 -6.71993670e-03 2.59320888e-02 1.75400601e-03 1.69248055e-03 3.56196769e-03
8.78229673e+00 -2.49038279e-02 -3.72406515e-02 1.69003186e-02 1.95536961e-03 1.38138078e-03 5.24282899e-03
1.14822500e+01 8.47345812e-03 -3.48461928e-02 -7.06236224e-03 2.17023850e-03 8.64421692e-04 1.35344043e-03
1.41748313e+01 1.87368201e-02 -8.23914133e-04 -6.41365621e-02 3.14381661e-03 2.01336695e-03 2.35359936e-03
1.68746406e+01 -1.61544636e-03 -5.98173956e-03 -7.24268509e-02 5.37658494e-03 2.27290778e-03 1.58016003e-03
1.95636344e+01 -2.24147843e-02 -2.04239299e-02 -6.34730125e-02 4.28682487e-03 6.01524842e-04 1.02075143e-03
2.22641766e+01 -2.44171897e-02 -5.91543623e-02 -6.07547833e-02 5.91569964e-03 8.23260437e-04 2.30287756e-03
2.49656969e+01 -2.98357058e-02 -4.29714725e-02 -7.77652436e-02 2.30275783e-03 2.98438311e-03 2.56442020e-03
2.76621453e+01 -1.82300749e-02 -1.47583983e-02 -4.25655687e-02 2.93508088e-03 8.26363191e-04 3.81539949e-04
3.03569781e+01 -3.14237846e-02 2.74455163e-03 1.92525687e-02 1.22495965e-03 3.76692895e-04 1.14733740e-03
3.30575172e+01 -1.89898506e-02 -1.62733655e-02 8.69076114e-03 1.01093426e-03 1.83211757e-03 2.36094678e-03
3.57609953e+01 -7.33018262e-03 2.80077280e-02 -8.15480684e-03 1.14551219e-03 4.54852319e-03 4.51092609e-03
3.84678281e+01 -1.11302626e-02 3.51821501e-02 -4.44862478e-03 1.41831075e-03 4.71949780e-04 2.31782743e-03
4.11681922e+01 -1.42135439e-02 5.36127418e-02 -3.73858746e-02 9.41320444e-04 1.14864556e-03 1.96880981e-03
4.38630313e+01 -8.78352777e-03 4.71846831e-02 -6.13506195e-02 3.18882192e-03 1.62463051e-03 5.64184600e-03
4.65584625e+01 -6.02144664e-03 7.42159869e-02 -3.66564122e-02 1.31624285e-03 1.08652016e-03 7.03646706e-03
4.92678422e+01 -1.40338466e-02 6.51581332e-02 -2.55046762e-03 1.51363738e-03 9.75318223e-04 2.17157471e-03
5.19782406e+01 -1.12712184e-02 9.11500028e-05 3.77533208e-02 4.74874262e-03 2.83851055e-03 2.94028750e-03
5.46714969e+01 -5.55385878e-03 -4.62706431e-02 2.40092413e-02 1.36276982e-03 2.73634807e-03 2.44772754e-03
5.73686219e+01 -2.65275670e-04 -5.27745503e-02 2.98222199e-02 1.91060687e-03 1.96279897e-03 1.22407523e-03
6.00577125e+01 4.26874321e-03 3.68766830e-02 4.30463645e-02 2.15539471e-03 3.82119322e-04 1.79154896e-03
6.27469188e+01 1.65969607e-02 3.17560248e-02 2.65655427e-02 3.11979467e-03 1.02322498e-03 6.58196297e-04
6.54435672e+01 1.65698882e-02 3.07236503e-02 -1.04235864e-02 1.12006113e-03 1.55050048e-03 1.44199079e-03
6.81424922e+01 2.85400108e-02 5.35099340e-02 -1.30176146e-02 4.77861290e-03 2.55537573e-03 1.98322645e-03
7.08440203e+01 3.27290196e-02 -2.51030647e-03 -2.15716266e-02 8.61895599e-04 1.76511313e-03 4.53427878e-03
7.35468781e+01 2.21972328e-02 -3.27415161e-02 -1.24569532e-02 1.15773111e-03 1.16320977e-03 1.29763329e-03
7.62489703e+01 1.86536835e-03 -5.15423285e-02 1.08422128e-02 1.05095581e-03 3.03845408e-04 3.18150939e-03
7.89542938e+01 -2.40095590e-04 -7.24954968e-03 3.65086041e-02 2.00960741e-03 1.41981203e-03 1.27192720e-03
8.16565219e+01 -1.58231113e-02 3.49472245e-02 7.75826927e-03 1.71234072e-03 1.99997675e-03 2.86064595e-03
8.43599922e+01 5.30320457e-03 2.53058842e-02 -3.81252608e-02 2.48479640e-04 8.92034616e-04 1.69116872e-03
8.70596203e+01 4.00511079e-02 1.85192654e-02 -2.40183071e-02 1.72899076e-03 1.26654788e-03 1.27345343e-03
8.97538531e+01 5.48471772e-02 1.65446518e-02 3.09360700e-03 6.50900067e-04 7.82352041e-04 2.42553641e-03
9.24550109e+01 5.18204919e-02 5.75262149e-03 1.73019452e-02 1.03347795e-03 5.03000809e-04 6.46830476e-04
9.51549172e+01 2.56750014e-02 -2.62839699e-02 1.59735679e-02 4.04166768e-03 1.03187740e-03 2.34343280e-03
9.78550250e+01 8.01078127e-04 -5.63480483e-02 8.79127699e-03 4.85435728e-03 4.85437231e-04 2.90604106e-03
1.00552830e+02 3.94959128e-03 -2.41382710e-02 -1.39316570e-03 1.64767942e-03 1.50464276e-03 1.64702226e-03
1.03253314e+02 1.15234147e-02 -6.00057363e-03 -4.74855831e-03 1.82128730e-03 3.25034405e-03 1.37604064e-03
1.05957548e+02 8.49244026e-03 -6.40557022e-03 1.81535301e-02 1.59783536e-03 5.78176151e-04 7.16688750e-04
1.08664658e+02 -1.00029968e-02 9.85562237e-05 4.55023151e-02 1.32856115e-03 1.82940953e-03 1.04233692e-03
1.11373830e+02 -2.11964215e-02 8.46318783e-04 1.56140113e-02 2.74289193e-03 4.67044389e-03 8.24211013e-04
1.14076361e+02 -8.03711988e-03 -4.07778954e-02 -1.16566725e-02 5.40098359e-03 1.42295088e-03 2.82822735e-03
1.16770361e+02 2.67759687e-02 -3.39690474e-02 -4.05921225e-02 4.23770560e-03 2.87195988e-04 3.83709849e-03
1.19466158e+02 2.73313007e-02 -2.41585641e-04 -4.28843692e-02 1.82422963e-03 8.49279992e-04 3.83795863e-03
1.22160845e+02 1.25653214e-02 -2.46378126e-03 -3.28641512e-02 9.01081042e-04 1.45629628e-03 1.65082191e-03
1.24862002e+02 3.34293057e-02 2.20023724e-02 -8.35551507e-02 2.33248068e-03 1.31044533e-03 1.46308648e-03
1.27564736e+02 1.62334285e-02 -1.07717814e-03 -1.01061847e-01 6.92930717e-03 3.05674151e-03 3.39920500e-03
1.30273533e+02 5.09738764e-03 -2.25216091e-02 -7.76233301e-02 6.97328344e-03 6.03930517e-04 4.62993621e-03
1.32972595e+02 5.84420128e-04 -5.90351752e-03 -5.89441537e-02 4.17429860e-03 4.62731694e-04 3.96772852e-03
1.35674798e+02 -1.15973454e-02 7.32169272e-02 -1.92115794e-02 1.66112721e-03 1.69821488e-03 3.96560287e-03
1.38366095e+02 -7.92286878e-03 6.78995719e-02 -4.17965804e-02 4.49102023e-03 1.24286930e-03 2.50756996e-03
1.41062783e+02 -1.14330600e-02 2.99634002e-02 -1.72512191e-02 9.23449339e-04 2.20409960e-03 3.12217886e-03
1.43761955e+02 6.30157379e-03 3.84799920e-02 -1.02641225e-02 5.84517269e-04 5.09777684e-03 1.28266311e-03
1.46456455e+02 3.33172985e-02 5.58509107e-02 -2.19914386e-02 9.40478019e-04 2.98145368e-03 5.40533743e-03
1.49163752e+02 -8.90315447e-03 1.88429087e-02 6.10105120e-03 7.10868194e-04 2.96900064e-03 2.86133995e-03
1.51857064e+02 -8.59933822e-03 -4.04070168e-02 3.03277208e-02 4.06549792e-03 1.87129922e-03 6.16250585e-03
1.54551627e+02 -7.13325161e-03 -1.30371920e-02 2.47253323e-02 4.84615967e-03 1.00772094e-03 3.74351160e-03
1.57247252e+02 6.13471100e-03 2.54301980e-02 1.44422963e-02 5.35095215e-03 5.36153122e-04 4.51518762e-03
1.59944830e+02 5.09511288e-02 -1.55865509e-02 -1.54175936e-02 6.03206359e-03 2.40173841e-03 4.42474753e-03
1.62643111e+02 -2.47497949e-03 -4.89410494e-02 3.16250189e-02 3.58582778e-03 3.22644628e-03 1.32286213e-03
1.65343142e+02 -3.52624349e-02 -4.70158927e-02 5.47911004e-02 1.67805458e-03 4.62598909e-03 4.74758775e-03
1.68040892e+02 -6.02925958e-02 -4.27042023e-02 -1.43755399e-02 3.03866893e-03 7.95486604e-04 1.18787532e-03
1.70750111e+02 -6.63872441e-02 -4.41210625e-02 -2.60354621e-02 2.19136872e-03 2.56948711e-03 1.89207999e-03
1.73448408e+02 -3.72994817e-02 -1.42262756e-02 -9.72730589e-04 2.07988360e-03 4.30665032e-04 3.19024403e-03
1.76146923e+02 -8.86429991e-04 -1.03596164e-02 4.43611706e-02 1.23645823e-03 7.03005090e-04 4.64952266e-03
1.78845408e+02 2.71771271e-02 -2.16233134e-02 8.13341638e-02 1.56980760e-03 8.19369543e-04 3.68646772e-03
1.81537861e+02 5.40790967e-02 -4.60464931e-02 6.58445025e-02 2.54567574e-03 1.39241953e-03 1.73828372e-03
1.84245002e+02 2.40862416e-02 -3.13992419e-02 8.41826550e-02 1.71962363e-03 5.07403363e-03 2.06309940e-03
1.86947595e+02 2.33056424e-02 -3.61792049e-03 8.29687246e-02 1.37259992e-03 1.65431668e-03 4.08351756e-03
1.89652377e+02 4.02034168e-02 3.08209181e-02 5.03226719e-02 1.88616587e-03 2.06555825e-03 3.59907850e-03
1.92361955e+02 9.92689528e-03 2.09007918e-02 2.50770866e-02 8.81529653e-03 4.91890446e-04 6.28333972e-03
1.95059642e+02 3.76952080e-02 3.49028950e-02 6.29669243e-03 1.52170617e-02 1.71602183e-03 3.11948170e-03
1.97762720e+02 1.17802552e-02 -1.01123291e-02 -7.28045699e-03 5.33723801e-03 1.22196159e-03 3.77114043e-03
2.00464595e+02 5.44182155e-03 2.90337523e-02 -4.03238800e-02 7.14427267e-03 9.23395836e-04 6.26017383e-03
2.03155064e+02 1.18947253e-02 1.84784088e-02 -3.36427624e-02 3.10501602e-03 1.78699741e-03 1.19324452e-02
2.05855580e+02 1.55582906e-03 7.48947764e-03 8.01497212e-03 3.69062499e-03 4.27428985e-03 9.62913033e-03
2.08546923e+02 5.95469084e-02 -2.01087882e-02 1.81946199e-02 1.13750699e-03 1.36013188e-03 1.10085073e-02
2.11248861e+02 5.90408561e-02 -3.14980860e-02 2.13497654e-02 7.91234005e-03 1.01854195e-03 4.52906799e-03
2.13948705e+02 3.23033956e-02 -3.21868428e-02 -2.25161554e-02 5.83516677e-03 1.53808221e-03 3.23681002e-03
2.16642830e+02 8.04293044e-02 2.25544486e-02 -6.77231742e-02 4.00151947e-03 6.94475514e-04 2.72322692e-03
2.19343877e+02 5.26293333e-02 2.47756008e-02 -4.35304576e-02 4.10341301e-03 1.24673941e-03 2.62150304e-03
2.22040220e+02 1.79557589e-02 1.42594463e-02 -6.52367518e-02 5.83127828e-03 2.41988001e-03 2.75398282e-03
2.24732595e+02 -6.61600935e-03 -2.08315078e-02 -4.20752298e-02 4.21899106e-03 1.23661879e-03 3.06081179e-03
2.27430939e+02 -2.86530001e-02 9.85946702e-03 -3.39550038e-03 3.36082762e-03 1.62563669e-03 3.55186560e-03
2.30122205e+02 -9.46818322e-03 -3.67033739e-04 2.50407124e-02 4.92470147e-03 7.14337474e-04 1.35275927e-03
2.32822892e+02 1.29019419e-02 -7.71922383e-03 5.80636965e-02 3.24628938e-03 1.41049724e-03 1.96079756e-03
2.35537330e+02 -8.85129719e-03 -1.53519754e-02 7.51074793e-02 2.19242406e-03 1.16990583e-03 5.90476838e-03
2.38248095e+02 2.94485876e-02 -3.56441992e-02 3.44240538e-02 2.29412604e-03 1.74607196e-03 3.68669868e-03
2.40963142e+02 7.47779768e-02 -1.57169538e-02 3.77426280e-02 2.00403402e-03 1.13431555e-03 5.19878150e-03
2.43667845e+02 4.36410085e-02 9.56387069e-03 1.43396053e-02 3.18039369e-03 8.32322333e-04 3.38444782e-03
2.46376111e+02 -2.51330905e-02 1.54301032e-02 2.05601635e-02 6.99891350e-03 1.71596378e-04 2.94665335e-03
2.49071923e+02 -5.88721223e-02 8.79105158e-02 2.63369343e-02 6.66071323e-03 2.45894551e-03 6.10335287e-03
2.51760955e+02 -3.73709628e-02 8.06125899e-02 -6.24521668e-03 2.88688279e-03 2.80497844e-03 5.74295520e-03
2.54449908e+02 8.16152981e-03 2.04444234e-02 -3.81344696e-02 2.34362847e-03 1.87536081e-03 6.86065254e-03
2.57142845e+02 7.30563356e-02 9.63073148e-03 -8.41896109e-02 5.21596976e-03 2.04275635e-03 1.04951687e-02
2.59829830e+02 8.76626939e-02 -2.22969771e-02 -5.20784630e-02 2.33422181e-03 1.74337181e-03 3.65512725e-03
2.62526502e+02 2.63659846e-02 -3.10950348e-02 4.16190261e-02 2.28581772e-03 9.12530910e-04 6.47886631e-04
2.65229017e+02 -1.83610566e-02 2.46100070e-03 6.34257740e-02 2.76522774e-03 1.84191738e-03 3.43168579e-03
2.67931444e+02 -3.05687821e-02 -5.14429372e-03 7.01021178e-02 1.68722862e-03 2.73282016e-03 2.08439426e-03
