6.58304449e-01 -2.85290766e-02 1.17485498e-02 1.76512923e-02 2.23062399e-03 2.42518221e-03 3.16061347e-03
3.36809292e+00 -1.32479598e-02 1.21971959e-02 2.80856056e-03 1.39523037e-03 1.15366487e-03 3.75572246e-04
6.07609400e+00 -3.47900321e-02 1.00332549e-02 -2.06118710e-02 1.12134955e-03 1.98192630e-03 3.11451285e-04
8.78077447e+00 -4.91328883e-02 1.78028500e-02 -2.65270825e-02 2.43055517e-03 3.09393217e-04 2.02460568e-03
1.14893565e+01 -2.32202145e-02 2.40784292e-02 -6.53669458e-04 7.05631208e-04 1.31677518e-03 1.83418183e-03
1.41876565e+01 -2.50056934e-02 2.35816467e-02 3.47544294e-02 7.81638444e-04 6.27110910e-04 4.14221444e-03
1.68777018e+01 9.84021721e-04 2.35718363e-02 7.12472557e-03 1.96946181e-03 6.01062253e-04 2.33045168e-03
1.95776331e+01 -1.35332179e-02 5.96141799e-02 -2.69689848e-02 1.66965188e-03 2.05346724e-03 2.27778296e-03
2.22721878e+01 -4.71569858e-02 1.36395830e-02 -1.76606060e-02 4.02409051e-03 2.67050986e-03 1.17520713e-03
2.49649596e+01 -2.38267496e-02 1.19652268e-02 -5.49152114e-02 3.21577182e-03 1.33049897e-03 1.08564081e-03
2.76661143e+01 -1.64811305e-02 2.01992829e-02 -5.24831750e-02 2.24150609e-03 6.49329206e-04 1.19660454e-03
3.03557300e+01 -1.36143669e-02 4.88728298e-02 -3.22940443e-02 2.39600620e-03 1.44930159e-03 6.26925423e-04
3.30569003e+01 -3.68191183e-02 2.10694733e-02 5.37760192e-03 4.61321316e-03 7.34299047e-04 1.72032748e-03
3.57604003e+01 -1.86550085e-02 -2.88325566e-02 4.50123122e-02 4.40122237e-03 2.47224674e-03 2.87810290e-03
3.84559784e+01 -8.01388611e-03 -3.51975675e-02 -1.92786770e-02 4.27727368e-03 1.02035632e-03 5.90515034e-03
4.11692065e+01 2.58607304e-03 -2.15233489e-03 -2.69901652e-02 3.86018702e-03 1.94475388e-03 5.53273512e-03
4.38683987e+01 7.46112334e-03 3.51862657e-02 -3.32608210e-02 2.54736868e-03 1.99645367e-03 2.62219629e-03
4.65699534e+01 1.79103299e-02 1.65766367e-02 -2.01692215e-02 3.63571383e-03 1.83021618e-03 1.78304818e-03
4.92664440e+01 5.97546443e-03 -1.27310462e-02 9.92319162e-03 9.02421408e-04 1.51634325e-03 2.16241288e-03
5.19620909e+01 -7.71904249e-03 2.09771635e-02 6.54080028e-03 2.01622661e-03 1.60048045e-03 4.23810879e-03
5.46589206e+01 6.51538600e-03 2.04443964e-02 1.53250778e-02 4.26091013e-03 1.39308738e-03 1.75499820e-03
5.73609518e+01 2.18778798e-02 1.84572376e-02 3.36441177e-02 3.02672745e-03 9.59543017e-04 1.55791011e-03
6.00632846e+01 3.38583074e-02 2.72412319e-02 4.76638823e-03 2.01018537e-03 1.51021853e-03 5.73316228e-03
6.27640174e+01 1.36762278e-02 3.16399569e-02 5.20165204e-03 1.80297798e-03 1.15967745e-03 5.51652710e-03
6.54597253e+01 -1.49861936e-02 8.04057180e-03 7.18498510e-03 2.74730197e-03 2.38492846e-03 4.20237945e-03
6.81576362e+01 -5.74619775e-02 -6.36699762e-02 -1.75273264e-02 4.62614413e-03 3.37566596e-04 2.76618910e-03
7.08579690e+01 -7.70671709e-02 -4.14228529e-02 8.84860208e-04 1.29674148e-03 1.96045015e-03 4.47598757e-03
7.35611003e+01 -4.73382881e-02 -3.94655054e-02 -1.02209009e-02 3.62999345e-03 1.33161055e-03 5.86257817e-03
7.62608378e+01 -1.90097861e-02 -4.02435977e-02 -2.33618386e-02 2.27219283e-03 1.77653385e-03 2.06219973e-03
7.89584690e+01 1.73505171e-02 -1.76893777e-02 -2.81632716e-02 2.14049795e-04 1.57894289e-03 2.31300103e-03
8.16596174e+01 1.86631521e-02 -2.27487044e-02 -2.79756410e-03 8.42264305e-04 1.60490589e-03 2.14511413e-03
8.43527846e+01 1.12494099e-02 -8.65282701e-03 1.58453765e-02 2.99210514e-03 2.99706785e-03 1.46238900e-03
8.70552706e+01 1.00974552e-02 1.48419204e-02 5.68427892e-04 2.83968410e-03 4.12955139e-04 1.57080868e-03
8.97597331e+01 1.12800097e-02 3.23342001e-02 -3.50356446e-02 1.86005396e-03 3.20975459e-03 1.16058919e-03
9.24631065e+01 1.55863992e-02 1.18568571e-02 -6.56914854e-02 2.85808730e-03 5.84732650e-04 1.20510634e-03
9.51673581e+01 1.54700370e-02 1.05610463e-02 -4.83043511e-02 2.19184748e-03 1.64717814e-03 2.67983897e-03
9.78619831e+01 2.75832404e-02 -1.87939204e-03 -8.52428029e-03 1.57761161e-03 7.62790717e-04 2.69863375e-03
1.00556544e+02 2.44189710e-02 7.61468364e-03 3.24704420e-04 7.49379181e-04 4.52902055e-04 4.24424337e-03
1.03251622e+02 1.17050481e-02 -2.02717194e-02 1.06650802e-02 2.02551779e-03 6.69562763e-04 1.47935168e-03
1.05952763e+02 7.83756482e-03 -4.81745660e-02 3.65209200e-02 7.43459356e-04 7.44558272e-04 1.95462981e-03
1.08659638e+02 3.42178345e-04 -1.47229464e-02 4.35805550e-02 9.06917300e-04 1.31001796e-03 2.96411204e-03
1.11364560e+02 1.12058560e-02 3.59469992e-02 9.65402852e-03 2.01588107e-03 1.73901606e-03 3.71354132e-03
1.14070075e+02 1.66988144e-02 1.95140452e-02 -2.20012035e-02 1.05315898e-03 2.18898067e-03 1.70628790e-03
1.16771247e+02 2.93078985e-02 -2.94860609e-03 -1.56417986e-02 3.91781539e-03 1.70755389e-03 2.21195600e-03
1.19460997e+02 7.00042218e-04 -3.17834129e-03 -2.25516248e-02 2.14798717e-03 1.19301979e-03 1.24404286e-03
1.22162982e+02 -4.26472377e-03 1.25225040e-02 -2.95389905e-02 5.74776287e-03 8.13063834e-04 1.16305914e-03
1.24860497e+02 -1.15247401e-02 1.01167609e-02 -3.82469105e-02 1.02808206e-03 2.73036735e-03 1.26798915e-03
1.27561982e+02 -2.08962156e-03 -1.57131488e-02 -3.89598197e-02 1.83602026e-03 3.55114850e-03 2.09313181e-03
1.30264497e+02 3.87525182e-02 1.24066877e-02 -6.18573574e-02 2.96783907e-03 4.49291413e-03 5.54240257e-04
1.32964013e+02 3.21885124e-02 3.89226570e-02 -9.50041663e-02 3.62394803e-03 2.80394703e-03 1.99335156e-03
1.35672200e+02 2.25555165e-02 -1.75685010e-02 -6.86429008e-02 4.57854346e-03 2.75248379e-03 2.02555938e-03
1.38378544e+02 -2.11938660e-03 7.00753107e-03 -4.05884949e-02 1.02734301e-02 1.57952439e-03 2.06934270e-03
1.41077060e+02 -3.18679690e-02 3.34789382e-02 -2.59596201e-02 9.50773807e-03 1.58123473e-03 1.21111565e-03
1.43773888e+02 -5.48639055e-02 4.63638547e-02 1.61563890e-03 6.01791802e-03 4.93785500e-03 1.93820467e-03
1.46463216e+02 -1.04504357e-01 1.86404474e-02 -1.54112386e-02 1.96907124e-03 3.88271976e-03 3.79296934e-03
1.49153185e+02 -5.39286275e-02 -3.88115482e-02 -4.24291825e-02 6.76583502e-03 2.07035882e-03 2.71487125e-03
1.51846607e+02 -2.95511739e-02 -1.54620753e-02 -7.26736463e-02 4.52559709e-03 5.64689231e-04 1.34770700e-02
1.54550544e+02 -2.46973252e-02 1.74724864e-02 -8.67335053e-04 6.91517609e-03 1.17910372e-03 6.07182300e-03
1.57242872e+02 -2.43985993e-03 5.08764090e-02 3.30076330e-02 4.09448810e-03 2.42621429e-03 6.56787645e-03
1.59947013e+02 -4.24549079e-02 7.40271604e-02 6.07335907e-02 3.03043096e-03 3.02180999e-03 7.89898936e-03
1.62646747e+02 -4.52779337e-02 2.83331185e-02 4.12579716e-02 2.73747966e-03 2.19846322e-03 7.36720325e-03
1.65345013e+02 -6.98091431e-03 -1.54122501e-03 2.24943340e-02 7.87704643e-03 1.13210241e-03 5.97633775e-03
1.68040247e+02 4.54580581e-02 -5.47544993e-03 -1.91283272e-02 3.79154793e-03 5.69512043e-04 9.09547490e-03
1.70749450e+02 3.47722917e-02 -3.18767833e-02 -3.02368792e-02 1.86434801e-03 1.27826204e-03 3.44191616e-03
1.73455013e+02 -1.70981494e-02 -2.83896166e-02 -6.19387719e-02 6.13128992e-03 1.50149379e-03 1.48861500e-03
1.76158341e+02 -4.33829559e-02 2.64424096e-02 -1.27811454e-02 2.60352385e-03 1.06214720e-03 3.35665406e-03
1.78858263e+02 -6.01831072e-02 1.24589286e-02 2.13882098e-02 6.05081841e-03 3.22169909e-03 6.91336560e-03
1.81561747e+02 -8.24917332e-02 -6.74070800e-03 4.37177485e-02 4.67369414e-03 1.37774000e-03 4.87933616e-03
1.84252857e+02 -4.48839450e-02 7.19473839e-03 4.36503251e-02 2.67039207e-03 7.83868198e-04 3.03206637e-03
1.86949732e+02 -8.67295238e-03 2.81974126e-02 4.58745610e-02 1.34501014e-03 9.23992558e-04 2.64768325e-03
1.89653372e+02 -2.71025957e-02 1.32203358e-02 3.74332858e-02 3.15259538e-03 2.80599592e-03 3.92619866e-03
1.92362153e+02 -2.98732709e-02 -2.16406284e-02 9.76908013e-03 3.92974329e-03 4.04960015e-04 9.95580792e-03
1.95066794e+02 -1.72216107e-02 -9.85528949e-03 -2.24385077e-02 7.41528843e-03 1.88936950e-03 5.55407812e-03
1.97766966e+02 2.97555340e-02 1.65747541e-03 -4.72443093e-02 3.85259800e-03 3.52869061e-03 3.03845590e-03
2.00457403e+02 3.06368801e-02 -1.07685753e-02 -3.03487180e-02 2.05228280e-03 2.09690528e-03 7.63658390e-04
2.03142575e+02 2.36490599e-03 -6.46529585e-03 -1.66350107e-02 4.52399363e-03 2.12235547e-03 5.10714392e-03
2.05838216e+02 -7.46872773e-02 -2.82284981e-02 -5.16449866e-02 1.74355472e-03 2.03211247e-03 5.03387759e-03
2.08535294e+02 -1.15798961e-01 -2.55739708e-02 -4.88824134e-02 2.99329990e-03 2.34066264e-03 3.85844512e-03
2.11237778e+02 -9.45664189e-02 -9.00370423e-03 -5.19370227e-02 2.72653366e-03 8.63607723e-04 5.28672341e-03
2.13943513e+02 -5.69500317e-02 -1.83501718e-03 -5.93119509e-02 4.26761849e-04 1.36266422e-03 3.18539563e-03
2.16645794e+02 -4.84042855e-02 7.11894428e-03 -5.39846476e-02 1.22806054e-03 1.65194543e-03 2.82391006e-03
2.19345278e+02 -1.00369755e-02 1.59126356e-02 -1.82507759e-02 4.76307694e-03 6.01606242e-04 4.58604892e-03
2.22031669e+02 3.69589502e-02 -1.38962394e-02 4.69762407e-02 2.43249431e-03 1.11295303e-03 3.65682188e-03
2.24732497e+02 1.40605320e-02 -1.69672795e-02 5.99783192e-02 8.26497771e-04 2.49721758e-03 2.79661962e-03
2.27434028e+02 -5.82481899e-03 1.95058344e-02 4.14363398e-02 4.51571754e-03 1.35672653e-03 4.31159217e-03
2.30141138e+02 1.22049597e-02 6.60482996e-02 -1.86684510e-02 2.83052523e-03 2.37304580e-03 3.58542377e-03
2.32848653e+02 1.84714184e-02 2.61581191e-02 -1.72051019e-02 3.52152190e-03 1.56382707e-03 1.76519685e-03
2.35557622e+02 2.62235119e-03 -9.96470072e-03 5.08506934e-02 2.09794057e-03 5.73332069e-04 2.33116777e-03
2.38262232e+02 -2.42056433e-02 -6.07132958e-03 1.26821647e-01 1.37423206e-03 1.43188078e-03 1.41462396e-03
2.40972060e+02 -2.65871615e-02 2.55255101e-02 1.41135221e-01 2.78212399e-03 1.86698766e-03 5.24596906e-03
2.43675091e+02 -4.68696715e-02 4.53159610e-02 9.36967988e-02 1.96660663e-03 7.14868350e-04 4.06440618e-03
2.46362732e+02 -1.00678577e-02 6.28190219e-02 -1.69559167e-02 2.18014087e-03 1.75369640e-03 2.69659795e-03
2.49054841e+02 5.81233279e-02 2.28050520e-02 -7.06256979e-02 2.95713301e-03 1.35503849e-03 2.33128860e-03
2.51745778e+02 1.00855386e-01 1.55485233e-02 -7.24747848e-02 2.72981392e-03 1.75366224e-03 1.92894469e-03
2.54437357e+02 9.15074663e-02 -5.16733391e-02 -4.44062652e-02 4.70192204e-03 1.12905085e-03 1.91264886e-03
2.57136513e+02 4.27949906e-02 -5.65327334e-02 2.21114408e-02 5.11866305e-03 8.43085824e-04 4.32387915e-03
2.59834169e+02 -2.28401541e-02 -3.27354050e-02 7.16825950e-02 2.91926075e-03 1.42253896e-03 6.14031904e-03
2.62534372e+02 -3.55675806e-02 -7.32543078e-02 5.97074968e-02 2.03110698e-03 7.47328551e-04 1.86073337e-03
2.65228591e+02 -1.57846742e-02 -2.61488931e-02 7.59509413e-02 1.59865265e-03 4.42532279e-03 1.35637355e-03
2.67923460e+02 -2.75753202e-04 -4.96937609e-03 6.14383667e-02 2.28010829e-03 1.80836895e-03 1.52559532e-03
