6.96185498e-01 6.21577218e-03 2.35294623e-02 2.60750850e-02 1.06792412e-03 1.10558705e-03 4.14721590e-03
3.39264790e+00 -1.69922656e-02 7.02302690e-03 7.53589613e-02 1.31621783e-03 6.51630253e-03 1.76902907e-03
6.09397118e+00 -1.16472874e-02 -2.51279300e-02 5.83504259e-02 4.36279387e-04 2.06692522e-03 2.48056816e-03
8.80233931e+00 -3.48025920e-02 -1.22016222e-02 1.52936892e-02 7.57555682e-04 2.92380216e-03 3.37853563e-03
1.14982437e+01 -4.69109820e-02 -1.16042262e-02 2.75346078e-02 3.68650016e-03 1.56903614e-03 1.20923661e-03
1.41935624e+01 -3.32443405e-02 -3.67700049e-04 2.56517541e-02 3.82330249e-03 1.99546646e-03 2.23653167e-03
1.68824827e+01 -1.59222050e-02 -3.36639872e-03 3.13610036e-02 1.37590326e-03 1.60794206e-03 2.75347856e-03
1.95853437e+01 5.65788009e-03 -1.33099712e-02 4.96539898e-02 2.30375779e-03 1.23876936e-03 1.83478171e-03
2.22810093e+01 2.05730620e-02 3.84387319e-04 -3.68296948e-03 2.12180440e-03 1.31315896e-03 1.30979850e-03
2.49897374e+01 -2.06969222e-02 -3.32918742e-02 -4.06162430e-02 9.64149139e-04 2.18997729e-03 1.95310697e-03
2.76884359e+01 -5.22374764e-02 2.80311349e-03 -3.96982282e-02 5.63906089e-04 1.31174618e-03 3.38289514e-03
3.03838406e+01 -3.52784318e-02 -5.17498865e-03 1.38851017e-04 1.15651898e-03 3.75147025e-03 2.31019355e-03
3.30869468e+01 -6.09849115e-03 2.77972036e-02 1.23593339e-02 1.56760418e-03 2.02373349e-03 5.18124080e-03
3.57762015e+01 2.05276779e-02 1.17443261e-02 -1.03271115e-02 3.83542470e-03 2.63757275e-03 2.28628820e-03
3.84705468e+01 3.44803852e-02 3.79516410e-03 -2.72437096e-02 3.78770942e-03 1.55503195e-03 2.51487848e-03
4.11662953e+01 1.95308896e-02 1.53688245e-03 -2.51188457e-02 1.74117476e-03 1.05264002e-03 1.49171550e-03
4.38609453e+01 6.83928830e-03 -5.58962246e-02 -4.33082835e-03 4.54554052e-03 1.63488471e-03 1.16286362e-03
4.65519359e+01 -3.41392542e-04 -7.80589523e-02 1.20143527e-03 5.32110918e-03 7.12791049e-04 1.80950924e-03
4.92544453e+01 7.54367364e-03 -5.20576327e-02 1.02351979e-02 3.04270785e-03 1.87509825e-03 4.50893431e-04
5.19537562e+01 -2.02401753e-03 3.08084141e-03 -2.72794810e-02 4.23673897e-03 4.03510376e-03 1.39039279e-03
5.46672156e+01 -9.21097011e-03 -5.55369221e-03 -5.61468878e-02 2.94760642e-03 1.98213326e-03 1.88495702e-03
5.73598374e+01 -2.64528084e-02 -1.29404384e-02 -3.08685315e-02 6.36582606e-03 1.37525322e-03 2.37022210e-03
6.00580843e+01 -3.52116970e-02 4.46535299e-02 1.67433417e-02 2.18558240e-03 4.08106872e-04 2.24306287e-03
6.27528515e+01 -7.09676481e-03 1.17306101e-02 4.22485464e-03 3.87732346e-03 1.75037455e-03 3.10391698e-03
6.54515187e+01 5.54982084e-03 -4.76833812e-04 -2.39129547e-02 1.64593676e-03 1.28850838e-03 2.44216486e-03
6.81601921e+01 2.10308293e-02 4.37107190e-03 -6.33552850e-02 2.83518648e-03 1.58645411e-03 1.27902703e-03
7.08602953e+01 1.33834855e-02 3.30056134e-02 -5.74724717e-02 1.15683519e-03 1.37382230e-03 6.58481262e-04
7.35496531e+01 2.84817308e-02 2.54191153e-02 -2.74030325e-03 1.20086210e-03 3.24758357e-03 1.21251553e-03
7.62436687e+01 5.02800642e-03 3.17497865e-02 5.09917231e-02 2.21603396e-03 1.76025591e-03 2.13464456e-03
7.89446234e+01 5.70891936e-03 5.10380551e-02 4.08728360e-02 3.76289840e-03 1.28390375e-03 1.31566179e-03
8.16437640e+01 9.01928178e-03 4.42398260e-02 -2.01925133e-02 2.26104485e-03 1.03594771e-03 8.83421446e-04
8.43401202e+01 4.65479095e-02 1.18185482e-02 -4.33280510e-02 4.96838487e-03 2.43651079e-03 1.16200971e-03
8.70413968e+01 4.32735631e-02 -2.07613268e-02 -4.23716925e-02 1.49315370e-03 6.49396686e-04 1.23090546e-03
8.97443093e+01 -5.98780187e-03 -3.15278069e-02 -9.47158979e-03 8.44353032e-04 1.84826739e-03 6.30743342e-04
9.24440984e+01 -3.55861435e-02 -1.60735074e-02 -1.46723172e-02 4.70500012e-04 9.65354117e-04 3.53561859e-03
9.51484187e+01 -3.11811087e-02 2.22332352e-03 -3.85273263e-02 9.31904597e-04 7.56549277e-04 3.01315781e-03
9.78515452e+01 -2.62784083e-03 6.27835305e-03 -3.65753335e-02 1.25425927e-03 7.55241001e-04 1.17461462e-03
1.00549589e+02 1.91057642e-02 4.22619209e-02 -3.23806818e-02 2.69257175e-03 1.48023081e-03 1.62549737e-03
1.03257870e+02 2.16570789e-02 4.02960007e-02 1.62902165e-02 2.24164813e-03 1.31614634e-03 8.65932281e-04
1.05965605e+02 1.75549942e-02 3.46443973e-03 6.29795980e-02 6.81335011e-04 3.96660680e-04 3.49551126e-03
1.08666636e+02 2.56284335e-02 -3.32308431e-02 4.31977211e-02 2.42372468e-03 3.48378882e-03 3.03066984e-03
1.11361323e+02 5.36684305e-02 2.97450050e-03 1.65910494e-02 4.22358649e-03 1.86298519e-03 3.81432511e-03
1.14062823e+02 3.20659846e-02 2.54635063e-02 -1.76089520e-02 1.21510713e-03 1.43562588e-03 5.75152633e-03
1.16756870e+02 1.26444173e-02 4.85827186e-02 -2.95677446e-02 1.89559019e-03 1.77789219e-03 4.48875107e-03
1.19459511e+02 -6.79256718e-03 1.43309520e-02 1.42388279e-02 2.90207616e-03 2.28562128e-03 2.50532068e-03
1.22158714e+02 -4.32049721e-03 3.59554419e-02 3.57161127e-02 1.59105473e-03 1.39440404e-03 4.68317837e-03
1.24858323e+02 2.80465654e-02 -8.83950769e-03 1.80453253e-02 1.86527802e-03 1.42423030e-03 1.25205547e-03
1.27557870e+02 1.89606118e-03 -1.12403949e-02 -5.45682654e-02 1.62497626e-03 2.11370145e-03 2.40070483e-03
1.30262480e+02 -1.50071305e-02 -6.32126425e-02 -5.56470158e-02 1.82085503e-03 1.77798832e-03 8.95352051e-04
1.32969183e+02 -7.63682173e-03 -5.20567032e-02 -5.38116854e-02 3.22022075e-03 2.00598976e-03 1.06014142e-03
1.35676214e+02 -1.17610184e-02 -2.21789463e-02 -2.62496973e-02 2.96243920e-03 1.77193856e-03 2.06845055e-03
1.38374526e+02 2.53455873e-03 -4.36658208e-02 -1.86362497e-03 1.46340922e-03 1.61931967e-03 1.76728766e-03
1.41081542e+02 3.54969845e-03 -5.97667941e-02 1.63088590e-02 1.16633486e-03 1.61787806e-03 1.89719247e-03
1.43778105e+02 -7.74935104e-03 -5.95391274e-02 -1.95311359e-02 4.51312096e-03 2.23882266e-03 2.46944646e-03
1.46476417e+02 -3.21047669e-02 -2.94778234e-02 -7.51472825e-02 8.78928617e-03 3.72679722e-03 3.64062628e-03
1.49168870e+02 -2.11681136e-02 -2.94264284e-03 -2.28641012e-02 3.75556464e-03 9.09869210e-04 4.12536206e-03
1.51861230e+02 -3.68462622e-02 -3.94118357e-02 8.67488666e-03 4.38844908e-03 9.61961010e-04 1.93066381e-03
1.54553073e+02 1.25522747e-02 -1.43572681e-02 2.49123936e-02 1.73923831e-03 4.17067096e-03 3.57311391e-03
1.57250448e+02 6.23383453e-02 1.60664626e-03 2.56516596e-02 5.19623655e-03 1.74616755e-03 4.70556710e-03
1.59953339e+02 8.15010195e-02 4.00843078e-02 -4.62371955e-03 1.50154463e-03 7.14495660e-04 3.59340649e-03
1.62662105e+02 2.13212282e-02 3.25133933e-02 -8.87562853e-03 2.14654681e-03 5.35916130e-04 1.74626699e-03
1.65362823e+02 -8.53184359e-03 5.09187330e-02 -2.33438859e-02 3.96265651e-03 4.99358022e-04 4.02022062e-03
1.68059230e+02 -1.94884252e-03 4.90904484e-02 -2.75562068e-02 4.43379400e-03 1.29484900e-03 5.47900312e-03
1.70756495e+02 2.63264962e-02 1.67526883e-02 -6.07067893e-02 2.63026657e-03 3.22632070e-03 2.85016242e-03
1.73455433e+02 4.97750730e-02 4.12370514e-02 -6.44649621e-02 1.32246043e-03 1.05442215e-03 3.57444814e-03
1.76150277e+02 4.34588025e-02 2.44379472e-02 -5.74550116e-02 2.54511465e-03 1.36027495e-03 7.16202464e-03
1.78850901e+02 1.14995695e-02 4.35162902e-02 3.18932108e-03 1.93975035e-03 1.89929460e-04 2.39977127e-03
1.81546777e+02 -2.38737914e-02 2.79445947e-02 -2.78022760e-03 3.19894646e-03 1.71776585e-03 1.12682328e-03
1.84250261e+02 -3.63127629e-02 3.91213577e-02 -5.80515773e-04 8.98094161e-03 1.72337243e-03 4.05235895e-03
1.86951026e+02 -2.69402536e-02 2.02392320e-02 1.81654479e-02 7.64951030e-03 8.92585430e-04 3.41246454e-03
1.89647058e+02 1.88805830e-02 -4.03649266e-02 5.53300257e-02 2.42129118e-03 1.72956219e-03 9.17167698e-03
1.92344636e+02 6.31144761e-02 -8.03307290e-02 1.38081112e-02 7.77270476e-03 1.09684934e-03 6.50290093e-03
1.95040370e+02 6.93301568e-02 -5.04585825e-02 1.93257965e-02 7.76536321e-03 6.26543175e-04 1.34278630e-03
1.97748855e+02 9.60887543e-04 -6.82012550e-02 7.57047865e-03 8.60855414e-03 1.69420897e-03 3.28716976e-03
2.00451948e+02 -5.48380984e-02 -3.49888017e-02 3.71886126e-03 6.14639123e-03 5.96696038e-04 3.64890926e-03
2.03147745e+02 -7.87324429e-02 4.07404166e-03 -2.41577367e-03 9.47839242e-03 3.31382926e-03 2.96940672e-03
2.05843511e+02 -7.23689402e-02 1.49632507e-02 -1.91997790e-02 1.02483628e-02 8.45444282e-04 5.02500511e-03
2.08538245e+02 -1.06040518e-02 4.04467365e-03 -2.02078997e-02 4.77228932e-03 5.12349198e-04 3.71332877e-03
2.11242683e+02 1.78810651e-02 -4.41839075e-02 -8.45653950e-03 2.87602985e-03 1.55541892e-03 6.09240571e-04
2.13950105e+02 -4.18744064e-02 -1.34596014e-02 5.17869156e-03 3.94139499e-03 9.91460697e-04 1.35413059e-03
2.16661276e+02 -4.27232043e-02 -6.40104308e-03 -3.34567412e-04 7.86946205e-03 4.28951390e-03 6.20823071e-04
2.19366573e+02 -5.10434257e-02 2.14753027e-02 3.64862524e-02 3.05783868e-03 1.02245342e-03 1.05613328e-03
2.22067730e+02 5.10058807e-03 1.02101709e-02 7.38190087e-02 4.40544881e-03 5.38599182e-04 2.19989393e-03
2.24759839e+02 5.08413077e-02 -1.30936891e-02 3.93022740e-02 2.73017933e-03 2.18635322e-03 2.97572635e-03
2.27462339e+02 2.48588707e-02 3.70761867e-02 3.70037775e-02 5.10834402e-03 3.59189014e-03 2.06054159e-03
2.30159886e+02 -2.17872720e-02 -3.19315960e-03 4.43644931e-02 3.74885450e-03 1.26008714e-03 7.14501052e-03
2.32858714e+02 -4.65272068e-02 -2.84165705e-02 3.74540568e-02 2.00201235e-03 1.68871878e-03 2.03376071e-03
2.35554823e+02 4.01198102e-03 8.97000204e-03 3.14916337e-02 3.05188931e-03 2.24369481e-03 2.62879136e-03
2.38253933e+02 5.42132722e-03 2.60961185e-02 2.42724066e-02 1.02171426e-03 1.16123577e-03 4.17811257e-03
2.40954886e+02 -3.22864587e-02 1.94020877e-02 7.78448452e-02 4.24934557e-03 1.16325444e-03 1.72718913e-03
2.43642558e+02 1.18950284e-02 -1.42949215e-02 1.26247083e-03 4.26075216e-03 2.32537077e-03 7.08169736e-03
2.46336480e+02 2.42013252e-02 -2.32688949e-02 -6.82288866e-02 2.72578627e-03 3.10718886e-03 1.34475994e-02
2.49034276e+02 1.71215052e-03 1.01687468e-02 -3.19069262e-02 1.07773140e-03 4.86459263e-03 5.30311216e-03
2.51741652e+02 -1.49776708e-02 -1.49641585e-03 2.53197736e-03 3.62970732e-03 1.43441815e-03 7.59093914e-03
2.54448402e+02 -1.80829103e-02 -2.32608817e-02 9.65696695e-03 1.21675709e-03 1.66082854e-03 6.63584208e-04
2.57153511e+02 -1.05872189e-03 -2.10765987e-02 -1.55261330e-03 2.40000597e-03 1.82817535e-03 2.60432204e-03
2.59859698e+02 2.34933134e-02 2.76952397e-03 3.92975907e-03 3.01779859e-03 1.76793907e-04 5.03568702e-03
2.62563323e+02 -5.27456407e-03 3.71307307e-02 -4.91738729e-03 1.07364203e-03 1.30332046e-03 8.89939620e-04
2.65265933e+02 -2.29810594e-02 6.43317113e-03 -2.33501328e-02 3.78269795e-03 2.42564191e-03 2.58158107e-03
2.67970189e+02 -1.30977873e-02 2.83179057e-02 -1.56984971e-02 2.80203888e-03 1.91306399e-03 1.92258171e-03
