6.84739908e-01 -4.69804627e-02 6.40273142e-02 4.02330272e-02 5.68754029e-03 1.72250878e-03 3.91172562e-03
3.37420529e+00 -1.12243848e-02 7.58771908e-02 2.92697097e-02 2.53017461e-03 8.31808560e-04 2.00370877e-03
6.07047372e+00 -8.68970756e-03 2.50205331e-02 3.76890792e-02 9.50033457e-04 1.14276641e-03 2.86327729e-04
8.76268888e+00 -7.87342771e-03 -4.96730830e-02 1.38097835e-02 1.16968036e-03 4.84552490e-04 2.87383730e-04
1.14649236e+01 -1.23155081e-02 -5.31005475e-02 1.66930240e-02 2.17638849e-03 1.12484343e-03 9.21483346e-04
1.41618673e+01 -3.83390492e-02 -1.01773616e-02 -6.50794260e-03 3.56123673e-03 5.56053788e-04 7.85803685e-04
1.68565314e+01 -5.93847062e-02 -5.96144051e-03 -2.73498421e-02 1.40819399e-03 1.09333731e-03 6.00158766e-04
1.95665173e+01 -4.56316285e-02 -4.36065643e-02 3.25374727e-03 1.22938105e-03 1.50775612e-03 1.20593391e-03
2.22673486e+01 -5.33618419e-02 -4.18953118e-02 2.41249114e-03 1.45687774e-03 2.31560702e-03 3.59920473e-03
2.49684767e+01 -2.83512414e-02 -1.31245402e-02 4.54532049e-03 1.07294852e-03 7.81873203e-04 5.75919245e-04
2.76788126e+01 -8.33391229e-03 -3.05515729e-02 3.30411705e-02 1.19809111e-03 1.85889211e-03 1.71408064e-03
3.03831923e+01 -1.46131691e-02 -1.02791375e-02 3.88822133e-03 2.35581289e-03 1.43424595e-03 1.36349465e-03
3.30884314e+01 1.47715688e-02 4.34465211e-02 -4.46100348e-02 5.64048194e-03 7.32372378e-04 3.42436818e-03
3.57824658e+01 2.31308268e-02 2.55120309e-02 -5.57446069e-02 4.58541596e-03 1.52505036e-03 2.96145759e-03
3.84804611e+01 9.39757382e-03 2.62176047e-02 -3.79256361e-02 7.41975363e-03 1.27069145e-03 3.14290944e-03
4.11782939e+01 3.84472282e-03 2.04034291e-03 -2.54039348e-03 7.50402335e-03 9.30579336e-04 1.96723286e-03
4.38703189e+01 3.51455550e-02 -2.74099862e-02 1.78988820e-02 2.06539410e-03 1.67130964e-03 1.97376254e-03
4.65701204e+01 1.54865694e-02 -6.95736743e-02 2.03525115e-02 4.69245414e-03 2.21041534e-03 2.24553044e-03
4.92672126e+01 2.88547743e-02 -4.59574199e-02 2.47319796e-02 2.35644486e-03 2.28260741e-03 2.76279512e-03
5.19645814e+01 1.41682865e-02 -2.46581661e-02 3.67765479e-02 4.84821851e-03 1.88677849e-03 3.66141914e-03
5.46669001e+01 5.94114105e-03 3.64479092e-02 7.14843435e-03 1.13928015e-03 5.09373782e-04 1.75400543e-03
5.73680079e+01 3.60835557e-04 5.71250477e-02 -2.81156509e-02 3.19251179e-03 2.38657631e-03 2.09865871e-03
6.00704189e+01 3.83192913e-04 1.88987123e-02 -5.08834551e-02 7.00244237e-03 7.94403272e-04 6.64412927e-04
6.27732126e+01 9.30015352e-03 1.19815386e-02 -3.02617857e-02 5.36229003e-03 9.04736047e-04 2.93601145e-03
6.54783392e+01 1.70319585e-02 -4.08416699e-02 1.85813766e-02 1.18438763e-03 1.15262127e-03 8.75062304e-04
6.81779454e+01 4.16284978e-02 -5.69940722e-02 1.32959623e-02 1.20124584e-03 4.67546072e-03 1.34852784e-03
7.08793142e+01 9.41330033e-03 5.30004823e-04 -8.66641401e-03 4.26281640e-04 2.06640040e-03 9.57509966e-04
7.35808658e+01 1.31731741e-02 2.63559165e-02 -3.23783463e-02 2.17369776e-03 7.03291976e-04 8.74652717e-04
7.62741751e+01 -6.15190779e-03 -1.86898145e-02 -4.22112726e-02 1.15748469e-03 1.68185127e-03 2.74199246e-03
7.89669236e+01 2.21305823e-03 -3.14504645e-02 -2.00526717e-02 8.86883575e-04 8.91118757e-04 2.81143738e-03
8.16635689e+01 1.67742039e-02 3.70762423e-02 -1.07856945e-02 1.42902098e-03 9.34409628e-04 1.26688551e-03
8.43622564e+01 1.45336846e-02 8.96743967e-02 -1.87367652e-04 1.94445680e-03 3.00109097e-03 1.16276514e-03
8.70680517e+01 -1.86896471e-03 6.05397892e-02 9.59861682e-04 2.61503550e-03 6.85196344e-04 2.32146600e-03
8.97738204e+01 6.53966289e-03 4.34273834e-02 -5.67091013e-03 1.10842275e-03 2.27828112e-03 2.06246541e-03
9.24807611e+01 4.33996153e-04 -3.30790854e-02 2.75537306e-02 2.43526114e-03 1.55644976e-03 2.33718885e-03
9.51687017e+01 -1.07555104e-02 -5.38703513e-02 3.22158578e-02 7.99421852e-04 1.39124497e-03 1.22816076e-03
9.78587454e+01 7.34078688e-04 -6.13412649e-02 3.27665067e-02 1.77223320e-03 4.41515299e-04 3.71248930e-03
1.00562506e+02 1.26933764e-02 -2.12643348e-02 -3.89978048e-03 1.58173358e-03 4.34792106e-04 2.11935948e-03
1.03254928e+02 2.93151683e-02 1.75936341e-02 -2.30602355e-02 9.62714901e-04 2.67113795e-03 9.17570191e-04
1.05954413e+02 6.86670236e-02 1.91066826e-02 -1.42684070e-02 1.94539260e-03 5.05576611e-04 5.98575741e-04
1.08662147e+02 3.75220023e-02 -8.82685379e-03 2.07339974e-02 2.56348478e-03 1.76830899e-03 2.11975643e-03
1.11364475e+02 3.42068362e-02 -5.57942662e-03 4.83349458e-02 4.61568837e-04 8.66592065e-04 1.70289359e-03
1.14065194e+02 3.25859830e-02 1.42096044e-02 5.40494922e-02 1.20433705e-03 1.96007316e-03 1.09575992e-03
1.16759913e+02 2.32389315e-02 -1.20521620e-02 7.39718171e-02 2.53021428e-03 8.35767987e-04 9.83645148e-04
1.19450069e+02 2.65847162e-02 -2.98782044e-02 5.03366868e-02 1.11881825e-03 3.83543750e-03 1.61333165e-03
1.22144663e+02 1.22154852e-02 -2.17898154e-02 1.31048514e-02 1.37905325e-03 1.13272064e-03 1.92275798e-03
1.24848585e+02 1.63919288e-02 -2.53519060e-03 4.20380653e-03 1.22998652e-03 4.53396804e-03 1.69742075e-03
1.27537835e+02 3.58422563e-03 2.11168818e-02 -4.42965530e-02 2.53256104e-03 3.02383116e-03 3.49087794e-03
1.30239741e+02 1.41384020e-02 -2.93091840e-02 -4.60907575e-02 2.55909115e-03 1.85796690e-03 2.85071165e-03
1.32942288e+02 -1.21234433e-02 -2.38710928e-02 -4.94081638e-02 1.73555452e-03 1.98304531e-03 1.06004054e-03
1.35638741e+02 -6.23480038e-03 -3.74360889e-03 -6.30609428e-02 1.48824980e-03 3.61306747e-03 2.03864159e-03
1.38346350e+02 -1.46794246e-02 7.04583531e-03 -4.80913471e-02 2.35287902e-03 6.16503950e-04 4.60469875e-03
1.41044194e+02 -2.86989723e-02 -1.98759264e-02 2.97947146e-03 5.31008753e-04 3.01034220e-03 1.60530976e-03
1.43741147e+02 7.90915897e-03 -4.92975588e-02 4.70934912e-02 1.90915316e-03 7.71764517e-04 4.91742415e-03
1.46439319e+02 2.67407990e-02 -2.53659918e-02 7.07449739e-02 5.42939526e-03 2.32344629e-03 1.24449080e-02
1.49146866e+02 -9.47675303e-03 -3.36674302e-02 5.49703949e-02 3.75371004e-03 1.53302220e-03 3.22916681e-03
1.51847475e+02 -2.72616593e-02 -4.79284769e-02 5.50956703e-02 3.37432865e-03 2.42618446e-03 6.16154196e-03
1.54541163e+02 -9.87424490e-03 -2.16703429e-02 -2.07432230e-02 7.34279269e-03 7.60802752e-04 8.44205329e-03
1.57238209e+02 -2.81648116e-02 2.53621615e-02 -6.76862270e-02 6.94126723e-03 1.25256116e-03 3.62401443e-03
1.59953444e+02 -5.65102099e-02 2.37050548e-02 -5.88353613e-02 9.21029753e-03 9.19535726e-04 3.12421816e-03
1.62652975e+02 -3.51498036e-03 4.78509322e-02 -5.71971414e-02 9.70924319e-03 2.81262847e-03 5.04265432e-03
1.65359116e+02 3.25190935e-02 -2.32849193e-02 -7.10271446e-02 9.44871964e-03 1.23701562e-03 8.17356285e-03
1.68053600e+02 7.88736347e-02 -1.30129938e-02 -7.14195854e-02 4.99819043e-03 2.26777699e-03 5.17205407e-03
1.70752866e+02 9.38264557e-02 8.83897934e-03 -4.32086707e-02 2.21358473e-03 2.33750506e-03 4.52390879e-03
1.73447225e+02 3.08498010e-02 -6.71777358e-03 8.40927054e-04 4.32861450e-03 1.38133698e-03 1.33700126e-03
1.76149085e+02 -2.89263582e-02 7.41623506e-04 8.80341765e-03 2.66806577e-03 4.12487222e-04 1.85533817e-03
1.78856319e+02 -4.15626811e-02 1.24488017e-02 1.18251532e-02 8.66794102e-03 1.59414568e-03 1.31670074e-03
1.81559491e+02 -3.18576829e-02 -7.73420988e-03 1.01781810e-02 5.82781117e-03 1.30450935e-03 1.93056269e-03
1.84257428e+02 -4.91804176e-02 1.80555076e-02 9.14893411e-03 2.68507652e-03 1.25123248e-03 3.07268437e-03
1.86952772e+02 -5.57892733e-02 3.90372436e-03 -1.46636202e-02 2.33687289e-03 6.79409957e-04 4.57174888e-03
1.89654694e+02 -5.90437192e-02 -4.58359142e-02 -3.14673706e-02 1.54129443e-03 1.62420977e-03 1.13739930e-02
1.92352709e+02 -2.40129882e-02 -4.66939986e-02 3.83130712e-03 3.73421284e-03 6.57161860e-04 5.61579963e-03
1.95055960e+02 -2.50373305e-03 -7.16892672e-02 1.64251734e-04 2.91379686e-03 9.25545225e-04 4.31017717e-03
1.97761553e+02 9.66495204e-03 -5.48543828e-02 -1.07185664e-02 3.73574513e-03 5.69193134e-04 5.76719184e-03
2.00462881e+02 1.88906555e-02 -2.53437679e-02 -3.71136951e-02 3.56916282e-03 2.70618675e-03 5.84186892e-03
2.03163663e+02 6.91438303e-03 2.02113957e-02 1.13924486e-02 2.84315868e-03 5.90695261e-03 1.50148503e-03
2.05869069e+02 -2.62569849e-03 7.10146011e-02 8.19455700e-02 5.38074584e-03 1.45379592e-03 2.52581549e-03
2.08557428e+02 1.77256293e-02 2.69025737e-02 6.35662939e-02 3.55756877e-03 6.48609200e-03 9.93853124e-04
2.11253225e+02 5.52287819e-03 -9.60120113e-04 3.66979506e-02 3.43610272e-03 1.18399468e-03 3.87117704e-03
2.13955272e+02 -4.51283527e-02 -1.97671805e-03 4.22824390e-02 1.28986875e-03 1.26381810e-03 1.84747682e-03
2.16659835e+02 -5.22937744e-02 6.94626609e-03 1.95962327e-02 3.22993691e-03 2.65326169e-03 1.06618230e-03
2.19360569e+02 -3.30818471e-03 -1.10062122e-02 2.19719166e-03 4.25892975e-03 5.97293435e-04 3.00458067e-03
2.22055319e+02 4.54204544e-02 1.06396119e-02 5.09640341e-03 3.54816638e-03 9.86393283e-04 2.26899657e-03
2.24751960e+02 3.46811383e-02 2.33868295e-02 4.76614573e-02 7.99226541e-04 2.58820849e-03 2.41011108e-03
2.27458522e+02 -1.62344645e-02 9.96917209e-03 5.54179605e-02 3.66291638e-03 2.70797389e-03 2.43450388e-03
2.30159819e+02 -7.56687927e-02 2.00052685e-02 2.74706955e-02 3.29949393e-03 6.47984055e-03 3.98679914e-03
2.32853788e+02 -9.19196714e-02 -3.95824842e-02 3.47357228e-02 1.36229171e-03 2.23676905e-03 4.31014060e-03
2.35553288e+02 -1.09797824e-01 -2.50584608e-02 4.26424787e-02 3.21115090e-03 2.40408293e-03 3.08936537e-03
2.38253913e+02 -7.94883130e-02 -8.24190195e-03 2.23714748e-02 3.01221437e-03 5.98338899e-04 2.17653112e-03
2.40961303e+02 -4.04108063e-02 -7.18023950e-03 4.01955945e-02 3.35293000e-03 2.69672635e-03 1.18178677e-03
2.43661038e+02 -1.43348271e-02 -6.82477399e-03 1.95520910e-02 2.26910622e-03 1.37002600e-03 2.23841510e-03
2.46370475e+02 1.62558844e-03 1.75112364e-02 3.95396277e-02 7.18139208e-03 1.54192097e-03 3.49384611e-03
2.49067022e+02 1.66989511e-02 1.99121471e-02 -3.27922996e-02 9.09738405e-04 2.69577426e-03 2.10998839e-03
2.51779444e+02 -1.90628332e-02 -2.00059846e-02 -4.48205809e-02 3.70448671e-03 2.57334289e-04 4.19959079e-03
2.54491319e+02 -3.14577224e-02 -1.45892509e-02 -4.58029124e-04 8.16925254e-03 6.52471707e-04 4.92032172e-03
2.57198710e+02 -4.02457101e-03 2.69535302e-02 -6.22412874e-02 6.34960854e-03 7.36139708e-04 5.23491940e-03
2.59899131e+02 1.53039044e-02 3.50698423e-02 -1.04522162e-01 1.90183651e-03 2.96688825e-04 1.42630596e-03
2.62592381e+02 -8.86905772e-03 2.20190808e-02 -4.32214161e-02 1.41076862e-03 2.34480727e-03 1.02130540e-03
2.65280147e+02 -1.61550284e-02 -9.71765464e-06 1.75161902e-02 1.30589888e-03 3.43996813e-03 1.45346010e-03
2.67972255e+02 -4.23266312e-02 4.27402961e-02 5.19116240e-02 3.77775270e-03 2.99061173e-03 1.89292019e-03
