6.99109415e-01 1.19809716e-02 -9.30759151e-03 1.78453036e-02 8.59318190e-04 2.90723902e-03 2.51428115e-03
3.39136465e+00 2.07150656e-02 2.01150538e-02 -2.73147198e-03 4.67615131e-03 8.08557605e-04 8.60482260e-04
6.09287558e+00 3.60372851e-03 -4.61461050e-03 1.81220763e-02 2.40927983e-03 1.22199365e-03 3.03014840e-03
8.78712559e+00 -1.79077813e-02 -3.90288070e-02 3.57501664e-02 4.55466796e-03 1.00308683e-03 5.16835908e-03
1.14887914e+01 -1.16054300e-02 -3.28333441e-02 7.47578149e-02 4.32856744e-03 3.04370238e-03 4.26399770e-03
1.41854929e+01 -1.01208658e-02 -6.99730493e-02 9.29049225e-02 1.30622900e-03 1.51401369e-03 5.24877214e-03
1.68827507e+01 2.05040646e-02 -5.57268511e-02 8.60126047e-02 1.81152447e-03 1.17154442e-03 2.24035225e-03
1.95852929e+01 2.98204244e-02 -1.57215824e-02 9.66170779e-02 4.47116206e-04 9.60642522e-04 2.99496892e-03
2.22850211e+01 2.62453924e-02 -4.71232283e-02 6.54795638e-02 2.23295408e-03 3.37783719e-04 1.38719401e-03
2.49854398e+01 3.45349873e-02 -5.12306177e-02 5.12642651e-02 4.28612298e-03 9.85141154e-04 8.79684718e-04
2.76828039e+01 4.49236172e-02 -1.80744010e-03 2.79553970e-02 2.67868339e-03 1.97613929e-03 9.17607013e-04
3.03780945e+01 4.09782474e-02 8.69044567e-03 1.50813178e-02 1.74425829e-03 1.24136134e-03 1.87444648e-03
3.30807976e+01 1.91425571e-02 6.99498069e-03 3.33366130e-02 1.89121108e-03 7.90791100e-04 1.31916515e-03
3.57802601e+01 3.12309120e-02 1.99090142e-02 3.26884738e-02 3.21498290e-03 6.01433750e-04 3.03920791e-03
3.84784195e+01 3.17385224e-02 6.13446659e-02 8.49365371e-03 1.61946103e-03 1.76522465e-03 2.54420115e-03
4.11744461e+01 1.98347239e-02 2.86812367e-03 -2.13156419e-02 2.13411746e-03 1.85234396e-03 3.48894479e-03
4.38671570e+01 3.65790881e-02 9.11927355e-03 -6.45912966e-03 3.29905635e-04 1.59473120e-03 3.26214179e-03
4.65630523e+01 1.38412175e-02 2.04232130e-03 8.48778853e-05 6.15615103e-04 1.00811186e-03 2.54512546e-03
4.92549304e+01 -2.73576213e-03 -2.53921378e-02 -3.24370982e-02 3.68295602e-03 7.45460978e-04 1.48778776e-03
5.19573851e+01 -8.22533468e-03 -2.68175512e-02 -8.10686889e-03 2.16850714e-03 2.50394953e-03 3.05029890e-04
5.46524945e+01 -2.14383330e-02 -2.42250294e-02 -3.88508405e-02 4.97358810e-03 4.31422270e-03 1.74678961e-03
5.73500804e+01 -3.85948158e-03 3.75379984e-02 -5.28246840e-02 3.02186305e-03 1.97846882e-03 2.94950506e-03
6.00573773e+01 1.40914340e-02 -7.43138822e-03 -1.92643164e-02 3.54931115e-03 6.96218969e-04 9.12819092e-04
6.27648664e+01 9.58331566e-03 -5.28340015e-02 -2.05923913e-02 6.66890934e-03 4.83443274e-04 3.94728999e-03
6.54693445e+01 -1.03580694e-02 -3.76292088e-02 1.33801948e-02 4.05283352e-03 6.43607671e-04 4.81381291e-03
6.81664382e+01 -3.56010690e-02 3.97390335e-02 3.61802087e-02 3.16550793e-03 1.76679549e-03 3.40712479e-03
7.08517914e+01 2.89328113e-03 1.00232482e-01 5.07877291e-02 7.34392238e-04 1.57998371e-03 2.68776102e-03
7.35478273e+01 1.33545896e-02 4.32591903e-02 6.09762963e-02 1.62295642e-03 3.80722455e-04 3.20406698e-03
7.62418867e+01 -3.43355373e-03 3.91791330e-02 2.60675521e-02 5.53870248e-03 4.67965605e-04 2.46671737e-03
7.89422976e+01 -1.97539742e-02 4.63352898e-02 1.79782070e-03 4.45309293e-03 5.03662125e-04 1.89785020e-03
8.16430507e+01 -1.32294805e-02 1.76289152e-02 1.19878790e-02 3.02997928e-03 8.10277813e-04 2.19243756e-03
8.43369148e+01 -1.07073922e-03 3.79345330e-04 -1.43508224e-02 9.46582421e-04 1.76103394e-03 1.14451816e-03
8.70326132e+01 5.49223064e-03 -2.94154336e-02 -2.59998977e-02 1.61832560e-03 1.51377147e-03 2.05371556e-03
8.97334617e+01 -1.78957527e-02 -7.37056641e-03 -2.49657123e-02 1.69581762e-03 3.27289526e-03 3.94181579e-03
9.24444179e+01 -1.07401437e-02 -9.06482985e-03 2.29190056e-02 2.84371661e-03 5.41624774e-04 3.06443038e-03
9.51460445e+01 -2.55977327e-03 8.82019620e-03 1.44311875e-02 6.93127606e-04 1.33580034e-04 1.67670957e-03
9.78519804e+01 3.05143748e-02 1.51506451e-02 -1.12159096e-02 2.28719269e-03 9.68332583e-04 2.18885838e-03
1.00561909e+02 1.13357423e-03 3.74090051e-02 -1.79434160e-02 8.18637551e-04 1.47270752e-03 2.41272063e-03
1.03260080e+02 1.69154141e-03 7.65623469e-03 -3.90817278e-02 1.80953598e-03 3.00872691e-03 1.43663052e-03
1.05964440e+02 2.41650352e-02 -6.27073239e-03 -2.19038543e-02 1.48512417e-03 1.12539223e-03 1.36028554e-03
1.08669034e+02 3.84341120e-03 9.99653770e-03 -1.78642836e-03 1.50335383e-03 2.22140509e-03 3.70535008e-04
1.11372955e+02 1.97198025e-02 -2.47366963e-03 -2.15887809e-03 1.10253299e-03 1.51744099e-03 6.34429513e-04
1.14065315e+02 5.62541560e-02 7.31516158e-03 -2.97141123e-02 1.75184899e-03 2.07372295e-03 2.47715337e-03
1.16764346e+02 5.00321907e-02 8.54871448e-03 4.20649602e-03 1.95992261e-03 1.22053964e-03 9.34612527e-04
1.19463315e+02 8.86512405e-03 -2.05288591e-02 4.09452602e-02 4.38658322e-03 1.16319113e-03 9.47000308e-04
1.22160627e+02 5.14809200e-03 -1.34158203e-02 3.41181293e-02 4.08711876e-03 2.61714826e-04 2.01633439e-03
1.24865034e+02 1.77781480e-02 -6.53461260e-03 8.57108613e-03 4.14671310e-03 8.42238015e-04 2.69347749e-03
1.27566018e+02 1.70047090e-02 4.22237750e-02 5.74156905e-05 2.12275247e-03 1.78730130e-03 2.45624525e-03
1.30269330e+02 -1.53168819e-03 2.02285677e-02 -3.73897158e-03 9.18771676e-04 1.70666647e-03 1.78040710e-03
1.32968955e+02 -1.38215808e-02 1.37160164e-02 -3.26776909e-02 8.08755708e-04 1.93974394e-03 3.50188971e-04
1.35666018e+02 -9.44428166e-03 -5.01622158e-02 -4.06670454e-02 9.87242465e-04 3.51017032e-03 2.52755631e-03
1.38376799e+02 -1.02403585e-02 -5.31375341e-02 5.91436851e-03 2.44964205e-03 1.74329115e-03 2.44070210e-03
1.41077471e+02 -1.12540663e-02 -2.97514334e-02 -1.18585667e-02 1.60942689e-03 8.18376043e-04 6.18263703e-03
1.43772971e+02 -3.20294856e-02 -6.92278341e-03 -3.99063971e-02 1.20229987e-03 2.96830407e-03 5.09264709e-03
1.46470205e+02 -2.94108660e-02 3.36363309e-02 -9.21078771e-02 2.59675164e-03 5.46199945e-04 1.03409437e-02
1.49168830e+02 -3.76353478e-02 -2.44688266e-03 -4.63844178e-02 5.90988932e-03 2.15523674e-03 7.14075478e-03
1.51865049e+02 -5.03157150e-02 -7.67669512e-03 -2.09983914e-02 1.36243937e-02 8.42639577e-04 3.43596979e-03
1.54557377e+02 -4.21436810e-02 -2.45424883e-02 9.83997192e-03 4.21946690e-03 1.31529229e-03 4.06937956e-03
1.57256674e+02 -2.67895816e-02 -4.62372009e-02 -8.72712872e-03 3.68623970e-03 2.29935284e-03 2.88594553e-03
1.59962596e+02 -1.03123851e-02 -2.53561213e-02 -1.48465165e-02 4.68894982e-03 3.41959160e-03 1.17919957e-03
1.62656284e+02 1.79953302e-02 2.20786304e-02 -2.93437605e-02 4.37011111e-03 2.68690379e-03 1.74390021e-03
1.65356987e+02 1.16248388e-02 2.67291487e-02 -2.09941037e-02 1.03991772e-03 7.69506405e-03 2.88556469e-03
1.68056252e+02 1.78660976e-02 2.81570574e-02 3.38183179e-02 3.05312552e-03 8.85496514e-04 2.77310518e-03
1.70762971e+02 9.65967179e-03 5.53256024e-03 2.70851055e-02 1.71397321e-03 4.02221275e-03 1.86498022e-03
1.73455252e+02 7.26430294e-03 4.66854947e-03 -3.87493777e-02 2.44763646e-03 2.53104841e-03 3.65300734e-03
1.76148487e+02 -3.05661286e-02 1.10721910e-02 -4.86277453e-02 1.79342844e-03 1.05505805e-03 1.93634567e-03
1.78839284e+02 -4.10517935e-02 5.01176114e-02 -5.12146906e-02 2.57584446e-03 3.05995605e-03 4.59901060e-03
1.81534065e+02 -3.90886286e-02 2.53881562e-02 -9.79013649e-02 2.12771521e-03 1.02861927e-03 2.53977976e-03
1.84236784e+02 -2.84233239e-02 -4.60350345e-03 -9.59322175e-02 2.81309721e-03 6.01361645e-04 3.91868450e-03
1.86939455e+02 -3.56954108e-02 -3.43626506e-02 -3.82719003e-02 3.45903299e-03 1.08764647e-03 3.68312305e-03
1.89652205e+02 -3.99518453e-02 -3.56721058e-02 -2.38152883e-02 1.98656067e-03 1.63016288e-03 6.82536165e-03
1.92351518e+02 2.47221602e-02 -3.13661004e-03 -6.92648540e-03 3.45171522e-03 3.26176047e-04 5.67336385e-03
1.95055080e+02 3.92949322e-02 -3.75516825e-02 -2.49532235e-03 1.19146165e-02 3.35210365e-03 2.54618105e-03
1.97755862e+02 5.13198860e-02 -3.75150093e-02 5.54385221e-02 7.49347177e-03 1.44041763e-03 8.59738545e-04
2.00452034e+02 4.09595735e-02 9.51563752e-03 2.53176532e-02 1.34159498e-03 2.70227016e-03 8.19356182e-03
2.03149643e+02 -4.66477516e-02 3.58624639e-03 -4.70423761e-02 2.19441227e-03 4.27944825e-03 9.51766464e-03
2.05846971e+02 -1.02298161e-01 1.99994262e-02 -1.52974817e-02 3.08062967e-03 1.05125424e-03 5.23545799e-03
2.08551784e+02 -1.25863210e-01 1.36038126e-02 6.86862131e-03 2.43183938e-03 1.20358467e-03 4.22680607e-03
2.11255534e+02 -1.21733950e-01 5.17154887e-03 1.69946783e-02 4.15231879e-03 5.41713569e-04 1.03527130e-03
2.13957159e+02 -6.13404598e-02 2.03927931e-02 -7.71909649e-03 3.45396062e-03 2.30810124e-03 2.39286065e-03
2.16662080e+02 -2.45837752e-02 3.27320746e-02 -1.89792873e-02 3.69445062e-03 8.32658091e-04 3.80414648e-03
2.19360440e+02 2.72469758e-02 1.84206887e-02 6.35266929e-04 6.98835590e-03 1.17231030e-03 5.58306164e-03
2.22059596e+02 1.28437484e-02 -3.34600235e-02 8.30419584e-02 3.08502632e-03 5.32038765e-03 2.84342933e-03
2.24759752e+02 3.06800268e-03 -5.31262069e-02 6.66405472e-02 6.55807533e-03 3.22947669e-03 3.55480703e-03
2.27451893e+02 1.69219709e-02 -4.03691995e-02 4.41163657e-02 1.31406311e-03 1.38348982e-03 3.44440903e-03
2.30152752e+02 2.46367360e-02 1.00693087e-03 6.78818746e-03 3.79366395e-03 2.14741848e-03 2.53011843e-03
2.32855987e+02 2.53688602e-02 -1.99266275e-02 -3.21458978e-02 6.65143897e-03 2.08870980e-03 5.29383192e-03
2.35556940e+02 2.43463486e-03 -3.45909463e-02 -4.61154057e-02 4.60850715e-03 1.32343809e-03 1.39757925e-02
2.38247580e+02 -6.56393683e-03 -1.50081100e-02 -6.10198123e-02 3.52002100e-03 1.09675561e-03 3.07197266e-03
2.40942002e+02 1.06890216e-02 -2.44015979e-03 -6.12019446e-02 4.80621024e-03 9.00258995e-04 2.06927629e-03
2.43631784e+02 1.38604822e-02 1.63370029e-02 -4.79159536e-02 3.72765008e-03 1.77509363e-03 9.29560886e-03
2.46334909e+02 1.17181071e-02 1.70443079e-02 2.28745492e-02 5.32903734e-03 1.95976498e-03 7.55190223e-03
2.49033143e+02 3.88727382e-02 -2.33729239e-02 6.06337047e-02 4.90674715e-03 2.94240493e-03 9.07882494e-04
2.51744049e+02 1.49851787e-02 1.56329888e-03 6.05369116e-02 3.27095175e-03 8.55171452e-04 2.48742924e-03
2.54455237e+02 1.27588695e-02 2.95211596e-02 5.16904049e-02 1.27919548e-03 4.97872522e-04 3.62389401e-03
2.57168549e+02 6.09089992e-02 7.12519027e-02 6.11172719e-02 6.54659589e-03 1.68338273e-03 7.97977536e-03
2.59874690e+02 8.46963153e-02 1.12580871e-01 1.05253358e-02 3.09110756e-03 1.80740300e-03 3.21315635e-03
2.62581627e+02 2.38889470e-02 8.80296367e-02 -1.34614728e-02 1.63725729e-03 1.43092167e-03 3.98494226e-03
2.65280955e+02 2.11058101e-02 6.67474496e-03 1.04837490e-02 1.15334595e-03 1.56518041e-03 1.81623194e-03
2.67969146e+02 2.56889618e-02 -1.34889863e-02 8.79689057e-03 2.09711497e-04 1.20608584e-03 2.30940688e-03
