6.89929543e-01 -1.29256229e-02 5.55196363e-02 4.54975909e-02 6.48512989e-03 1.64349690e-03 2.55785741e-03
3.37389377e+00 1.72081440e-03 5.93728953e-02 5.80389447e-02 1.39993980e-03 1.73395229e-03 1.82862583e-03
6.07231454e+00 -1.28804273e-02 1.85939183e-02 7.31613270e-02 1.57878812e-03 7.15434534e-04 5.88263967e-04
8.76467173e+00 -7.87893197e-03 -5.03132860e-02 4.27121581e-02 1.18627656e-03 1.65242466e-03 1.26077755e-03
1.14616247e+01 -8.46788883e-03 -4.59634671e-02 2.16857945e-02 1.91426166e-03 6.45249273e-04 2.15065539e-04
1.41579122e+01 -7.12411118e-04 -1.81853829e-03 -2.90882778e-03 1.64007290e-03 1.89815631e-03 1.00966491e-03
1.68555091e+01 -3.09391884e-02 -1.11945796e-02 -2.95718880e-02 9.53767011e-04 1.54668955e-03 7.34015710e-04
1.95654638e+01 -4.28145503e-02 -3.36026267e-02 -2.81432545e-04 1.61731755e-03 1.79714459e-03 1.76358217e-03
2.22703013e+01 -5.32560246e-02 -3.00673710e-02 2.32083219e-02 3.66029814e-03 1.01029532e-03 2.23118083e-03
2.49692403e+01 -4.04932634e-02 -1.35141078e-02 2.16828621e-02 2.06457838e-03 3.24164230e-04 6.56906175e-04
2.76769747e+01 -3.92526425e-02 -2.60228163e-02 3.74690782e-02 2.33036342e-03 1.99956146e-03 8.04377662e-04
3.03813466e+01 -1.75677223e-02 6.27099351e-03 1.20920109e-02 2.75283115e-03 1.61673293e-03 3.02854548e-03
3.30861106e+01 1.01333130e-02 3.97255186e-02 -3.57161777e-02 2.99109547e-03 4.76732664e-04 4.69777192e-03
3.57826091e+01 1.75832115e-02 2.74665534e-02 -6.71914442e-02 3.22285924e-03 1.57677127e-03 2.61799105e-03
3.84780919e+01 9.89292463e-05 4.58685937e-02 -4.37861474e-02 5.67976144e-03 8.28278805e-04 3.72155843e-03
4.11798700e+01 -5.10500235e-03 1.42158422e-02 8.49934567e-03 4.45345696e-03 1.45982720e-03 4.07904684e-03
4.38672263e+01 2.05999911e-02 -2.41621392e-03 1.89279330e-02 4.05355637e-03 2.40345476e-03 2.39219797e-03
4.65678231e+01 -8.75945537e-03 -2.66694979e-02 -8.20442912e-03 4.47150240e-03 4.03829226e-03 1.62869701e-03
4.92658856e+01 -8.11998103e-03 -3.44885806e-02 2.13764762e-02 1.71425760e-03 1.61742636e-03 1.72750646e-03
5.19642434e+01 -9.82529132e-03 -9.71994902e-03 2.50550938e-02 4.49209770e-03 1.48464061e-03 2.98944816e-03
5.46674903e+01 1.73828374e-03 7.80530870e-03 -8.19983905e-03 4.29626578e-03 4.15074557e-04 2.93984156e-03
5.73649263e+01 -3.27915221e-02 4.12948370e-02 -3.64630077e-02 4.50794645e-03 3.24921516e-03 1.09345186e-03
6.00645903e+01 -2.51769291e-02 4.80675082e-02 -6.02172905e-02 4.53747375e-03 8.64958017e-04 6.81715720e-04
6.27726810e+01 4.51609534e-03 -8.01306301e-03 -3.08817901e-02 7.66422091e-03 1.28777093e-03 4.28762253e-03
6.54773606e+01 1.77015815e-02 -3.68500857e-02 2.62098869e-02 2.24331111e-03 1.22030001e-03 7.50865134e-04
6.81800231e+01 4.60607653e-02 -4.01123198e-02 2.47720543e-02 1.34257614e-03 3.95166992e-03 1.29902668e-03
7.08762497e+01 3.20813195e-02 2.06627064e-02 -2.47489139e-02 1.32924170e-03 2.30200048e-03 2.03889377e-04
7.35749638e+01 2.21066386e-02 1.47320616e-02 -4.03516121e-02 8.02481861e-04 1.55508355e-03 2.02306163e-03
7.62621544e+01 2.60549996e-03 -2.11271972e-02 -4.91018205e-02 1.18466359e-03 1.11807234e-03 1.92076991e-03
7.89649325e+01 1.33589079e-02 -1.87011152e-02 8.14902978e-03 3.07156798e-03 5.07498952e-04 1.47742837e-03
8.16645575e+01 -8.13693679e-03 4.04939349e-02 -2.37755275e-03 1.47624768e-03 2.61842211e-04 2.29133468e-03
8.43632294e+01 -3.71630878e-03 8.78286632e-02 -1.40145647e-02 2.11583531e-03 3.35766190e-03 1.60535718e-03
8.70681622e+01 -1.66495870e-03 5.39131267e-02 -3.12914889e-03 3.50184462e-03 2.53167378e-04 2.42936295e-03
8.97697388e+01 6.67113586e-03 4.09354528e-02 -1.71875393e-02 2.77207226e-03 6.58816628e-04 2.11561079e-03
9.24722809e+01 -7.72551232e-03 -2.16024073e-02 1.07405508e-02 2.24824084e-03 7.18627439e-04 3.09719244e-03
9.51681403e+01 -2.17097615e-02 -4.46027479e-02 1.29090478e-02 8.63811505e-04 7.26795608e-04 1.63778791e-03
9.78589435e+01 -6.62005090e-03 -7.92242363e-02 1.16432964e-02 1.95601554e-03 7.88758481e-04 2.36794645e-03
1.00564225e+02 1.17545619e-02 -9.90620168e-03 -1.39523317e-02 1.89277490e-03 5.96103926e-04 1.91836874e-03
1.03254615e+02 2.20237198e-02 4.20445712e-02 -2.46155648e-02 1.57466816e-03 3.17052458e-03 1.14690929e-04
1.05958115e+02 6.15575896e-02 3.00328556e-02 4.89950502e-03 2.34037400e-03 1.69942045e-03 1.73138089e-03
1.08662709e+02 4.15863896e-02 -1.45754306e-02 3.84291596e-02 2.33311248e-03 1.02057024e-03 1.25083175e-03
1.11363709e+02 4.04482257e-02 -2.30377883e-02 6.30779292e-02 1.45913102e-03 2.74282050e-04 1.14107876e-03
1.14064709e+02 3.19759630e-02 -1.34788718e-02 6.96076104e-02 1.41264234e-03 5.59692025e-04 1.36397782e-03
1.16756022e+02 3.33062877e-02 -2.27714041e-02 6.65865587e-02 2.77210817e-03 5.35111419e-04 2.01585252e-03
1.19445428e+02 5.99803525e-02 -4.18077108e-02 2.89607547e-02 3.48329173e-03 3.99371179e-03 1.38903732e-03
1.22142568e+02 1.64439820e-02 -1.34678453e-02 -2.47445509e-03 2.05108921e-03 7.39085290e-04 3.12576209e-03
1.24842881e+02 9.62856841e-03 -2.12360222e-02 -2.85343805e-04 2.09815691e-03 4.00021309e-03 1.22184899e-03
1.27538084e+02 -3.53939050e-03 1.78558750e-02 -2.57777265e-02 1.72852331e-03 4.57277116e-03 2.19942462e-03
1.30240522e+02 1.21776943e-02 -2.15966671e-02 -4.68293464e-02 2.60219677e-03 2.13118438e-03 5.73049770e-04
1.32946881e+02 8.57286423e-03 -7.22930533e-03 -5.56344592e-02 1.57002925e-03 3.77074262e-03 1.04127213e-03
1.35640506e+02 -3.56431812e-03 8.10849394e-03 -5.75032611e-02 3.75771230e-03 3.89257312e-03 2.63550170e-03
1.38347318e+02 -1.68962010e-02 1.78257804e-02 -5.84161649e-02 1.70170826e-03 3.76898769e-04 3.80593824e-03
1.41044397e+02 -2.79085977e-02 -9.25264718e-03 6.41402482e-03 1.76438614e-03 1.67842831e-03 2.91591085e-03
1.43743834e+02 2.88694402e-03 -3.83691886e-02 5.99871282e-02 2.44956762e-03 9.88583493e-04 4.01500562e-03
1.46438537e+02 2.26658295e-02 -3.08239275e-02 8.75064401e-02 5.56251038e-03 2.34136627e-03 8.51340671e-03
1.49143990e+02 1.00157102e-02 -3.45886547e-02 6.23558350e-02 4.25397174e-03 1.45272584e-03 6.06275826e-03
1.51839178e+02 -2.48661668e-03 -2.24943349e-02 6.49722639e-02 5.66776953e-03 1.43770200e-03 3.49844224e-03
1.54537490e+02 -1.05606283e-02 -1.27972600e-02 -3.87320251e-03 3.72482225e-03 9.32964845e-04 5.40628486e-03
1.57243553e+02 -4.07097704e-02 3.16323967e-03 -2.44242729e-02 3.26407929e-03 7.64500336e-04 3.00981285e-03
1.59954865e+02 -7.03978260e-02 2.38237364e-02 -5.06108024e-02 8.96391064e-03 1.01330172e-03 3.58436401e-03
1.62655365e+02 -1.84951695e-02 2.10477230e-02 -6.00607990e-02 6.04478366e-03 2.10867964e-03 3.46611253e-03
1.65360443e+02 4.52046179e-02 -3.54307988e-02 -6.10893554e-02 7.12120639e-03 2.31042701e-03 6.75669595e-03
1.68051678e+02 1.15697896e-01 -1.67207253e-02 -6.63685935e-02 6.96637769e-03 8.05586596e-04 4.79099001e-03
1.70747787e+02 1.20860208e-01 5.73163307e-03 -4.35608109e-02 2.96635800e-03 6.46300444e-04 4.48405167e-03
1.73448006e+02 4.49870480e-02 -7.65618832e-04 7.65648614e-03 1.97375142e-03 2.60030891e-04 1.36240540e-03
1.76151365e+02 6.77583942e-03 -8.52591028e-03 7.87009934e-03 3.40180465e-03 7.07693098e-04 1.62165033e-03
1.78852647e+02 -3.71751956e-03 2.46436803e-02 -1.11314284e-02 8.51011198e-03 1.87908646e-04 1.11770621e-03
1.81553303e+02 4.64805153e-05 1.06134802e-02 -3.83822551e-03 5.24996365e-03 2.10253509e-03 2.35484142e-03
1.84252084e+02 -4.67373982e-02 5.19825607e-02 1.05970426e-03 3.46149671e-03 1.01349310e-03 6.01759186e-03
1.86947740e+02 -5.15949171e-02 -2.88159084e-03 -2.42765463e-02 5.16766463e-03 9.52926216e-04 7.06943073e-03
1.89646662e+02 -3.47616152e-02 -3.75893263e-02 -4.26855967e-02 2.40930871e-03 1.09510446e-03 8.92878630e-03
1.92351256e+02 -4.21779102e-03 -4.66756704e-02 6.09522823e-03 6.23639803e-03 1.84877115e-03 2.88657717e-03
1.95055490e+02 -1.09340408e-02 -6.29710344e-02 9.06751502e-03 2.48088434e-03 2.17864725e-03 2.97769259e-03
1.97757615e+02 -9.02934024e-04 -5.93120157e-02 -2.45729754e-02 4.46217657e-03 1.01652392e-03 3.99531070e-03
2.00457147e+02 3.11547216e-02 -1.36830292e-02 -4.22242031e-02 1.49256921e-03 2.20226621e-03 1.12765485e-02
2.03161725e+02 3.63655596e-02 3.77739059e-02 2.74918845e-02 1.41396737e-03 6.20654591e-03 3.98037174e-03
2.05859115e+02 2.26494583e-02 9.02034185e-02 7.77046519e-02 5.86908195e-03 1.64825472e-03 3.09486912e-03
2.08555834e+02 1.58442512e-02 3.81232071e-02 6.11796998e-02 3.02650314e-03 2.84804272e-03 3.12808614e-03
2.11251397e+02 5.25291609e-03 -2.79356200e-03 4.53447016e-02 1.85011984e-03 7.56951365e-04 3.68766658e-03
2.13950381e+02 -4.71947640e-02 2.97598659e-03 7.98069590e-02 8.54945894e-04 1.32076385e-03 1.83824191e-03
2.16652443e+02 -5.34794344e-02 3.07230995e-02 6.77943881e-02 5.69410000e-03 2.35404215e-03 1.62986678e-03
2.19352053e+02 4.32600333e-03 -1.62262976e-03 2.51641022e-02 5.74613835e-03 8.23103173e-04 1.69056828e-03
2.22052865e+02 4.45925971e-02 5.36966659e-03 -1.54650466e-02 5.73756381e-03 1.95604263e-03 3.19465846e-03
2.24751397e+02 3.56662867e-02 1.02609773e-02 3.43671143e-02 1.75878796e-03 1.01098738e-03 1.76698791e-03
2.27456147e+02 -3.66669430e-02 -7.77637166e-04 5.49327506e-02 5.78155357e-03 1.43061799e-03 1.77302600e-03
2.30156147e+02 -1.00826973e-01 -1.04095177e-02 3.04381845e-02 3.20493512e-03 4.57438238e-03 3.06032555e-03
2.32850912e+02 -9.85742355e-02 -3.25097310e-02 5.79883405e-02 2.74866161e-03 8.32776485e-04 3.39791559e-03
2.35548865e+02 -8.16572461e-02 -2.62033373e-02 4.19337194e-02 3.41738619e-03 3.51522853e-03 1.86569685e-03
2.38252303e+02 -5.39874016e-02 -4.75929956e-03 -1.95793930e-03 1.52638719e-03 6.42061362e-04 4.47347953e-03
2.40954506e+02 -8.90255033e-03 -1.28413385e-02 1.07965206e-02 2.14791239e-03 1.70127190e-03 1.86861860e-03
2.43659881e+02 6.95828431e-04 -4.59015391e-03 9.27590793e-03 4.85663155e-03 2.93946771e-03 3.05402554e-03
2.46367600e+02 7.76242961e-03 1.89679417e-02 1.63890931e-02 7.26139872e-03 1.12153385e-03 9.67819986e-04
2.49065631e+02 1.18604941e-02 2.09686235e-02 -4.51486970e-02 4.20064780e-03 2.17537094e-03 1.92584491e-03
2.51773803e+02 -2.41758236e-02 1.64665972e-02 -3.74447008e-02 6.15885956e-03 7.59402344e-04 7.39144678e-03
2.54486365e+02 -3.97001933e-02 1.07238062e-02 -7.82951881e-03 7.00095205e-03 1.64198786e-03 2.80327215e-03
2.57193537e+02 -1.65437841e-02 1.53240935e-02 -9.17966327e-02 6.00826872e-03 4.06148733e-04 4.05793909e-03
2.59895943e+02 2.15265474e-02 1.36491081e-02 -1.25747527e-01 3.76133944e-03 1.24488841e-03 2.11578709e-03
2.62587709e+02 -8.91704548e-04 2.53650242e-02 -5.46223156e-02 3.19181646e-03 1.96227270e-03 3.13723982e-03
2.65274928e+02 -3.00503118e-02 1.52747839e-02 -4.47068369e-03 1.57098154e-03 2.22662604e-03 1.18948078e-03
2.67971458e+02 -3.12147786e-02 4.98598003e-02 4.90920822e-02 1.64006847e-03 4.03208364e-03 3.00969733e-03
