6.73545837e-01 -1.49120309e-02 -3.86085762e-02 4.81057619e-02 3.49810620e-03 4.69589909e-03 8.00248133e-04
3.36949638e+00 -9.35362724e-04 -2.23780831e-03 3.80400010e-02 3.65082797e-03 2.49594218e-03 1.33822052e-03
6.07568591e+00 -1.17575998e-02 1.29614766e-02 5.66282851e-02 1.71244018e-03 1.28526859e-03 6.97681387e-04
8.77568669e+00 -3.69039901e-03 -1.21113957e-02 3.53209281e-02 2.99955396e-03 5.21308908e-04 4.33508775e-03
1.14772965e+01 -4.26618663e-03 -3.06270984e-02 7.73638078e-02 5.03767594e-03 3.28223538e-03 8.43884767e-03
1.41811543e+01 -2.26552307e-02 2.98107696e-02 1.02772076e-01 2.86619949e-03 4.44406311e-03 1.06298707e-02
1.68730262e+01 -2.33257987e-02 7.82871820e-02 7.05171694e-02 1.60864047e-03 6.97411335e-04 6.27522386e-03
1.95819544e+01 -2.45408306e-02 6.85343321e-02 5.10088956e-02 2.40583995e-03 7.49825852e-04 3.30196673e-03
2.22734762e+01 -3.01718435e-03 5.30104130e-02 1.13874675e-02 3.69097361e-03 2.51300652e-03 4.05522530e-04
2.49692809e+01 1.06172337e-02 2.13644852e-02 -1.41162580e-03 2.66623435e-03 9.70013543e-04 2.35630612e-03
2.76707293e+01 9.81301938e-03 5.28182699e-03 3.06296118e-02 1.11024090e-03 9.63863554e-04 1.41225466e-03
3.03643497e+01 1.22221569e-02 -1.16274385e-03 4.62774012e-02 2.51788599e-03 1.10855735e-03 1.64468873e-03
3.30567825e+01 -4.80138400e-03 -2.33040111e-02 2.46177266e-02 7.55024426e-04 4.41766709e-03 1.91031908e-03
3.57589668e+01 -3.70209853e-02 -3.25072809e-02 -4.26999000e-03 4.18276272e-03 1.16737501e-03 1.99197233e-03
3.84629762e+01 -5.75228465e-02 -3.46729993e-02 3.70933893e-04 2.70095825e-03 1.59197453e-03 2.95711096e-03
4.11670168e+01 -2.57579335e-02 4.37460182e-02 2.04989235e-03 1.92132838e-03 7.58376282e-04 1.30023817e-03
4.38762278e+01 -9.82165203e-03 3.46480807e-02 5.96730613e-03 5.02386183e-03 9.02606102e-04 2.20130742e-03
4.65832465e+01 -1.81966516e-02 -3.79418532e-05 -6.51150675e-03 4.03444831e-03 2.54444642e-03 8.14049166e-04
4.92842215e+01 -4.91717577e-03 -6.26244687e-03 1.88584156e-03 2.18049986e-03 7.20061001e-04 5.26273899e-03
5.19736997e+01 -1.54739022e-02 -1.92394890e-02 1.04439195e-02 3.65441898e-03 8.58413402e-04 6.83584973e-03
5.46830356e+01 -3.25071049e-02 2.73571548e-04 -3.24090535e-03 1.42274928e-03 4.22236527e-04 2.10919630e-03
5.73920606e+01 -7.92905836e-03 -3.42918969e-02 -2.46505699e-03 2.28222151e-03 3.47007529e-04 1.40826893e-03
6.00981825e+01 -6.33628466e-03 -6.29332883e-02 3.97413211e-04 1.24409530e-03 5.74651153e-04 1.19015514e-03
6.27980137e+01 5.17944310e-03 -2.85334271e-02 -1.94048866e-02 2.36209425e-03 6.02571279e-04 1.43767414e-03
6.54943184e+01 -2.62162445e-03 -2.23711864e-02 4.63536228e-03 4.05480147e-04 4.19857936e-04 1.32292918e-03
6.81896419e+01 -7.45592940e-03 1.76938442e-02 2.40612324e-02 1.71217758e-03 3.97302405e-04 3.67296708e-03
7.08842169e+01 7.50940011e-03 1.41114412e-02 -4.70678341e-04 4.84757840e-04 1.04051234e-03 2.28505863e-03
7.35854059e+01 1.74280062e-02 1.53202517e-02 1.52960933e-02 8.34729797e-04 5.42461275e-04 2.68381676e-03
7.62761012e+01 2.70304259e-02 9.71217688e-04 2.67201131e-02 1.77898503e-03 1.21364494e-03 7.30802798e-04
7.89726356e+01 4.38903875e-02 -2.36022663e-02 2.49964770e-02 1.04168800e-03 1.65869290e-03 2.19756075e-03
8.16758622e+01 2.01176913e-02 -4.24274201e-02 7.35739925e-03 2.26674818e-03 2.51705886e-03 1.42802307e-03
8.43762590e+01 1.43767262e-02 -1.15736722e-02 1.29680164e-02 2.41459811e-03 7.11514334e-04 3.46569850e-03
8.70815247e+01 1.56439779e-02 4.42683162e-02 -1.91497835e-02 8.41256647e-04 2.00778179e-03 2.97230192e-03
8.97796434e+01 -5.92693290e-03 -4.39639109e-03 -5.12479552e-02 7.11092998e-04 1.94827728e-03 4.00167021e-03
9.24835215e+01 -9.05572601e-03 -3.55293696e-02 -1.32134038e-02 5.30275419e-04 1.42921934e-03 3.54520136e-03
9.51773106e+01 1.62214114e-02 -2.41494832e-03 -1.39170266e-02 1.30896769e-03 2.02806901e-03 3.81094790e-03
9.78732231e+01 3.87081594e-02 4.81251533e-02 -3.85160688e-02 9.42316744e-04 1.45518249e-03 3.91640551e-03
1.00570143e+02 8.22162864e-03 3.76957831e-02 -3.04284266e-02 1.35234545e-03 1.54887643e-03 2.58152522e-03
1.03268706e+02 -1.24303269e-02 3.20326193e-02 -4.30505589e-03 2.31766846e-03 1.46032833e-03 2.04682255e-03
1.05972690e+02 4.15677249e-03 -1.90113456e-02 3.61817378e-02 2.42336773e-03 2.86989839e-03 7.64576078e-04
1.08668018e+02 1.79761282e-02 -5.43330243e-02 5.05078780e-02 4.62642915e-03 1.33427050e-03 1.97971213e-03
1.11356815e+02 3.75433486e-02 -3.17232716e-02 5.23965529e-02 3.15416362e-03 2.58900964e-03 1.06637989e-03
1.14052737e+02 2.82331879e-02 1.54591460e-04 5.30510465e-02 5.41409778e-03 2.80481878e-04 1.39402413e-03
1.16756393e+02 1.16050002e-02 -4.01525067e-03 2.26971216e-02 2.71049594e-03 1.57799421e-03 8.94869870e-04
1.19454081e+02 4.81026165e-04 2.53303084e-02 -2.14672912e-02 3.45761435e-03 1.79698870e-03 1.39770590e-03
1.22147815e+02 1.33983039e-02 1.66565064e-02 -7.54238464e-02 3.99379192e-03 1.45209675e-03 6.44353025e-03
1.24854925e+02 4.26404313e-02 5.25680632e-02 -6.39421526e-02 4.47503155e-03 3.52777147e-03 3.25521493e-03
1.27549503e+02 4.87577584e-02 -2.40786956e-02 -5.57954591e-02 1.30403004e-03 2.74616417e-03 1.80057705e-03
1.30248472e+02 4.17061428e-02 -5.93083642e-03 -1.37985714e-02 1.32460628e-03 3.31998014e-03 3.18358949e-03
1.32951253e+02 7.27760166e-04 2.47042476e-03 -2.37213753e-03 1.33548403e-03 1.04715226e-03 2.68204011e-03
1.35643565e+02 -8.67981130e-04 3.63071627e-02 -2.79880395e-02 1.95295812e-03 1.14773449e-03 1.73696157e-03
1.38336768e+02 -7.83481593e-03 6.41328314e-02 -9.05845256e-02 1.92682092e-03 4.63648141e-04 1.85422377e-03
1.41033425e+02 -1.04990491e-02 5.53650796e-02 -7.31047650e-02 5.64373613e-03 1.93365359e-03 2.81600877e-03
1.43733081e+02 -1.56676632e-03 3.67198373e-02 -8.11015885e-03 2.12833727e-03 1.44002046e-03 2.11160661e-03
1.46439237e+02 -3.70787719e-02 2.47362011e-02 3.36637523e-02 7.23177949e-04 1.27198354e-03 7.90720855e-03
1.49133034e+02 -3.45457876e-02 2.47098236e-02 -4.59416986e-03 4.95794031e-03 1.49977857e-03 3.39013555e-03
1.51828690e+02 -6.79624088e-02 2.10782736e-02 2.93838669e-02 1.55565833e-03 1.66493727e-03 7.36302712e-03
1.54524393e+02 -9.17107871e-02 -1.18371990e-02 2.46556303e-02 4.53569564e-03 8.18752741e-04 4.40082918e-03
1.57219097e+02 -5.14516619e-02 -1.40030941e-02 8.95266374e-02 4.30512404e-03 9.55521862e-04 4.22579362e-03
1.59927097e+02 -2.62065916e-02 -1.14085155e-02 1.03613560e-01 3.36151693e-03 1.59406739e-03 3.81432531e-03
1.62634456e+02 -2.34166567e-03 -2.66498171e-02 8.73137186e-02 9.58658910e-04 2.54615673e-03 1.00042013e-03
1.65345065e+02 -1.38659428e-02 -5.38278260e-02 6.23240314e-02 4.71677098e-03 4.28865072e-03 4.92881754e-03
1.68055112e+02 -2.08292893e-02 -1.17506515e-02 4.33578176e-02 3.19306298e-03 2.16524242e-03 3.69320245e-03
1.70750643e+02 4.02062074e-02 -6.81008267e-03 -2.17951781e-02 1.49692994e-03 1.32820919e-03 2.63441255e-03
1.73444503e+02 5.03726194e-02 -4.18799625e-02 -7.18485974e-02 1.61044470e-03 1.46706794e-03 2.03040975e-03
1.76140487e+02 4.66124229e-03 1.94313894e-02 -7.25761417e-02 1.08484624e-03 1.61912738e-03 3.38297793e-03
1.78844847e+02 -2.24570778e-02 2.73140106e-02 -2.73684012e-02 2.37067417e-03 1.60806555e-03 1.94478708e-03
1.81550862e+02 -2.87915570e-02 3.41308056e-02 2.04911270e-02 2.86232772e-03 5.20889246e-04 5.63951805e-03
1.84253675e+02 -2.73064686e-02 1.69567646e-03 1.99621252e-02 3.32512489e-03 6.51541998e-04 5.65038060e-03
1.86955534e+02 -3.96942776e-02 2.47635188e-02 -5.69998394e-02 4.70970701e-03 3.65622244e-03 4.42722703e-03
1.89659128e+02 -1.28520511e-02 3.74222755e-02 -5.86967394e-02 3.27618111e-03 1.01080480e-03 2.18415833e-03
1.92358987e+02 3.83411575e-02 3.80007462e-02 7.98962635e-03 4.72067528e-03 1.69238492e-03 2.40712522e-03
1.95070643e+02 2.57942716e-02 3.40659757e-03 5.09185081e-03 5.34061915e-03 3.55485079e-03 5.58511094e-03
1.97774956e+02 5.65512282e-02 7.86860467e-03 -7.23315319e-02 2.77520562e-03 1.29295802e-03 1.45163293e-03
2.00476253e+02 6.72712027e-02 8.29819564e-03 -8.88703208e-02 5.02692770e-03 1.19041664e-03 1.63870237e-03
2.03172972e+02 4.33732003e-02 1.87082784e-02 -4.05570278e-02 3.24941875e-03 6.76226740e-04 3.32966665e-03
2.05869159e+02 3.12588995e-02 1.86976115e-02 5.91750616e-02 1.22987449e-03 1.14380960e-03 3.48420839e-03
2.08564784e+02 -3.24989329e-02 2.30089291e-02 8.88020508e-02 6.39408256e-03 2.06309162e-03 1.32582254e-03
2.11261893e+02 -2.74081094e-02 4.44235913e-03 1.03605250e-01 9.51065202e-03 2.08382887e-03 3.26645422e-03
2.13963675e+02 8.71181225e-03 4.38840951e-03 1.09195876e-01 4.37708275e-03 2.07405281e-03 1.38769724e-03
2.16669956e+02 5.60133077e-02 -2.17772120e-02 2.07026610e-02 7.89150313e-03 8.43173385e-04 3.85723814e-03
2.19372737e+02 1.47711314e-02 -1.25343056e-02 -3.58473014e-03 6.12222933e-03 1.26107190e-03 3.49078191e-03
2.22080222e+02 -2.52413890e-02 -2.06865178e-03 -2.28696060e-02 4.29504960e-03 2.63740246e-03 3.79269952e-03
2.24775784e+02 1.00700130e-03 -9.52528655e-03 -6.08543784e-03 1.63338506e-03 1.27672103e-03 6.24438676e-03
2.27482518e+02 3.36455445e-02 -2.87161761e-02 -2.81577810e-02 3.26580374e-03 2.21673266e-03 8.67843466e-03
2.30186878e+02 1.42850879e-02 -3.65176360e-03 -1.88405900e-02 2.48429445e-03 1.04195582e-03 4.38001898e-03
2.32890409e+02 1.59993206e-02 7.55175651e-03 2.24338300e-02 2.78178994e-03 4.96518034e-03 1.16090853e-03
2.35591643e+02 -8.13237770e-03 -2.81083666e-03 -3.60811731e-02 1.63802668e-03 8.77075620e-04 7.31941032e-03
2.38281722e+02 -4.20585911e-02 -4.10557352e-02 -4.68634659e-02 1.81392396e-03 1.83919048e-03 2.37408903e-02
2.40973987e+02 -2.89322683e-02 1.26209905e-02 -3.41763358e-02 7.37719843e-03 6.25190247e-04 5.34910251e-03
2.43665659e+02 1.48166315e-02 6.07338145e-02 -2.09374698e-02 2.41470824e-03 4.33993576e-03 5.82432808e-03
2.46368143e+02 -1.39736507e-02 1.94647252e-02 -2.15216709e-02 1.76588892e-03 1.56418568e-03 8.79199110e-03
2.49061315e+02 -4.01505386e-02 -2.86624336e-02 -5.62390196e-02 6.65750388e-04 5.58242034e-04 4.21774575e-03
2.51755940e+02 -5.07805764e-02 -2.63558937e-02 -5.24236864e-02 5.54182693e-03 1.24690515e-03 5.34836311e-03
2.54445362e+02 -3.14196692e-03 -3.13570546e-02 -4.04865913e-03 2.31236644e-03 4.51861294e-04 3.62385174e-03
2.57145878e+02 2.41096849e-02 -2.32848277e-02 -4.25737474e-02 1.25678877e-03 8.83680856e-04 1.95480913e-03
2.59851737e+02 2.18815203e-02 -2.31933089e-02 -6.29552664e-02 3.95582728e-03 1.78397624e-03 1.93747248e-03
2.62550143e+02 -1.50245956e-03 -6.10417041e-02 -1.57259106e-02 4.66258988e-03 1.68485059e-03 1.18593060e-03
2.65255175e+02 -2.86808801e-03 -3.43269510e-02 4.93857651e-02 1.02601221e-03 1.00590922e-03 1.10359557e-03
2.67953998e+02 -2.01216047e-02 -5.49708911e-02 6.65942340e-02 3.53580801e-03 1.32646251e-03 1.04591780e-03
