6.86110937e-01 -1.26914815e-02 5.02241622e-02 9.56378716e-03 1.46103851e-03 2.00561259e-03 1.35143645e-03
3.39086517e+00 -1.47160134e-02 2.20409871e-02 4.39332569e-02 7.03096771e-04 4.48647575e-03 7.16079120e-04
6.09080470e+00 1.85264985e-03 -1.29427289e-02 4.89444874e-02 2.15245853e-03 2.25535671e-03 1.63518926e-03
8.79438532e+00 -1.46167560e-02 1.00009289e-02 2.30882898e-02 3.48711884e-03 9.37308744e-04 2.49374662e-03
1.14921252e+01 -3.25412926e-03 1.01873933e-02 2.14394727e-02 3.13458951e-03 5.87037161e-03 2.31990567e-03
1.41927627e+01 -2.01168083e-02 -1.49394728e-02 -1.45986050e-02 3.67800784e-03 1.12711956e-03 1.03035315e-03
1.68963314e+01 -2.15122411e-02 1.58897262e-02 -6.09918056e-02 4.19274357e-03 7.79582031e-04 9.19412538e-04
1.95969814e+01 -2.35619807e-02 2.12911822e-02 -6.55127512e-02 4.29992271e-03 2.74648820e-03 1.90041489e-03
2.23010345e+01 -1.55198866e-02 1.87456940e-03 -4.45167772e-02 5.90059098e-03 1.36742978e-03 1.99453734e-03
2.50017392e+01 -4.64805467e-02 -1.00386423e-03 -1.78599400e-02 4.61251258e-03 1.73974737e-03 6.70518652e-04
2.76883455e+01 -4.58890560e-02 2.44707651e-02 -8.59099118e-03 2.18997597e-03 2.17616841e-03 6.69622113e-04
3.03758283e+01 -2.92547919e-02 -7.87910468e-03 -7.57175154e-03 1.26964676e-03 1.64517569e-03 2.84690259e-03
3.30706924e+01 -4.15023463e-02 9.07267210e-03 -3.49682572e-02 1.72660548e-03 3.15692895e-03 1.15281859e-03
3.57704002e+01 -4.44520764e-02 -3.80386715e-04 -3.86675052e-02 2.94981172e-03 1.01852027e-03 2.44344421e-03
3.84671252e+01 -1.24998014e-02 -1.40521850e-02 -2.16362374e-02 2.04163007e-03 2.29609241e-03 3.51336973e-03
4.11651533e+01 9.99408546e-03 -2.32204170e-02 1.90687432e-04 3.11064328e-03 4.60023369e-04 2.82978020e-03
4.38664627e+01 6.97747388e-03 -4.14676554e-02 -1.67973277e-02 3.31865649e-03 6.79708794e-04 3.12306102e-03
4.65658095e+01 2.30600429e-02 -5.88961535e-02 -9.67079035e-03 4.39101088e-03 1.16965023e-03 8.85440849e-04
4.92631642e+01 -4.33402670e-03 -1.80999010e-02 2.19429551e-02 3.58745210e-03 4.43433853e-04 7.52079034e-04
5.19646799e+01 -1.65041022e-02 -3.12199160e-02 4.25000544e-02 2.98605109e-03 2.26130688e-03 1.22762542e-03
5.46636549e+01 -2.71581542e-02 -2.23718630e-02 1.47883060e-02 3.10279414e-03 1.68637833e-03 1.31383618e-03
5.73595080e+01 1.46660543e-04 4.67758956e-02 2.69110799e-02 2.71436756e-03 8.22951584e-04 3.49219719e-03
6.00598549e+01 1.97125595e-02 6.21736841e-02 -2.07035686e-03 3.61568167e-03 1.24892800e-03 4.24898012e-03
6.27573923e+01 3.17273717e-02 3.53087531e-02 -4.27031087e-02 3.50391869e-03 1.99374186e-03 4.90724233e-03
6.54500455e+01 1.39587921e-02 8.99240413e-03 -8.34971777e-03 7.17217929e-04 1.23743796e-03 2.63477565e-03
6.81514002e+01 -3.18073552e-02 3.17398193e-02 -1.16367609e-02 6.49711992e-04 1.29632873e-03 3.34229808e-04
7.08542970e+01 -2.08061103e-02 2.48572857e-02 -2.95683307e-02 7.13687449e-04 1.97191398e-03 8.24059215e-04
7.35548408e+01 1.57133738e-02 -5.03518167e-02 -6.44759292e-02 5.11231639e-04 2.27528880e-03 1.59511575e-03
7.62632908e+01 2.65466688e-02 -4.03162201e-02 -3.74704370e-02 8.02280622e-04 6.38319697e-04 7.46105004e-04
7.89654424e+01 1.77662899e-02 6.70940599e-03 -1.37668274e-02 4.04795718e-03 6.93817048e-04 1.35496545e-03
8.16634455e+01 2.38759822e-02 2.63521125e-02 4.49892546e-02 1.85745050e-03 1.38046275e-03 1.41667066e-03
8.43605720e+01 2.71541772e-02 5.68421329e-02 4.00806684e-02 1.83422768e-03 4.20033167e-04 1.13174660e-03
8.70578627e+01 5.54321435e-04 4.38292537e-02 6.25988911e-03 4.43483186e-03 2.08090144e-04 1.81913157e-03
8.97584470e+01 -2.91089963e-02 8.06820884e-03 9.56245440e-03 4.52362590e-03 2.50272852e-03 1.04358120e-03
9.24641549e+01 -2.63341774e-02 -1.85818722e-02 -2.95450658e-02 3.89980459e-03 1.64996471e-03 2.34249692e-03
9.51649033e+01 1.27013147e-02 -3.24026313e-02 -4.97953913e-02 4.33651109e-03 1.31852805e-03 1.71963676e-03
9.78678424e+01 2.78652701e-02 2.18882952e-03 -2.71384646e-02 6.43381000e-04 2.48707737e-03 1.00610149e-03
1.00556211e+02 1.65217300e-02 -3.64880471e-04 2.10693646e-02 1.50112081e-03 7.61436532e-04 1.30938572e-03
1.03256695e+02 2.54056977e-03 1.82938879e-02 4.56948373e-02 3.09962215e-03 2.42801681e-03 2.04052019e-03
1.05953664e+02 -1.01119746e-02 3.05031115e-02 4.71979488e-02 1.45134585e-03 2.96645609e-03 4.15583412e-03
1.08649274e+02 1.05814033e-02 -5.47409826e-03 2.57782615e-02 7.91971936e-04 6.37464789e-04 1.31194951e-03
1.11352117e+02 1.89353449e-02 -6.29662994e-03 4.87221205e-02 1.36793261e-03 1.75984167e-03 1.48341028e-03
1.14053008e+02 2.42674205e-02 7.21230258e-03 6.84568164e-02 2.05029108e-03 2.12869544e-03 3.31433997e-03
1.16757633e+02 2.18685604e-02 1.98633366e-02 1.46368835e-02 1.09751370e-03 2.84757221e-03 2.36081801e-03
1.19456883e+02 -1.58780339e-02 3.69021912e-02 -4.22966885e-02 1.07372239e-03 2.10475723e-03 1.80330150e-03
1.22158742e+02 1.28913940e-02 1.91535070e-02 -4.29167758e-02 1.00987099e-03 4.19985506e-03 1.12067527e-03
1.24855914e+02 4.59717227e-02 -1.53495749e-02 -4.18715175e-02 1.38441828e-03 3.01344968e-03 3.65455646e-03
1.27560492e+02 3.70973334e-02 -1.39162802e-02 -3.64389132e-02 2.30427935e-03 1.89347328e-03 2.06840372e-03
1.30262695e+02 -2.81121785e-04 -4.40813485e-02 -5.29628476e-04 3.33164054e-03 1.33363290e-03 3.42924106e-03
1.32947945e+02 9.16651046e-03 -3.95052259e-02 4.67814752e-03 1.69718251e-03 5.79711808e-04 5.72644429e-03
1.35647742e+02 2.25593537e-03 -3.79572199e-02 -5.10285105e-02 2.72294949e-03 2.65754635e-03 1.35236446e-03
1.38340508e+02 -2.47528649e-03 -2.38633570e-02 -4.29496579e-02 6.48167933e-03 1.62830569e-03 1.84839868e-03
1.41042633e+02 -6.08350974e-03 -9.31522179e-03 1.39649063e-02 2.98582147e-03 2.36050274e-03 2.51764201e-03
1.43743430e+02 -1.91741104e-02 -4.66828194e-02 3.58125385e-02 5.30427743e-03 1.30655357e-03 2.65142370e-03
1.46452742e+02 -2.07666257e-02 -6.74073083e-02 7.05843764e-02 1.28555198e-03 1.07787885e-03 5.07133281e-03
1.49148508e+02 3.67720563e-02 -5.90519474e-02 5.05421649e-02 5.56155867e-03 8.48426542e-04 3.71553650e-03
1.51850180e+02 3.63199958e-02 -2.05598950e-02 -1.50755182e-02 2.57970935e-03 1.59774571e-03 2.60019305e-03
1.54556102e+02 1.99436307e-03 4.59634443e-02 -5.30024672e-02 1.29398338e-03 2.20808399e-03 9.94137438e-04
1.57263695e+02 -2.65893557e-02 5.16940873e-02 -4.33446211e-02 6.72350949e-03 2.00596725e-03 3.10393398e-03
1.59962727e+02 -9.18007633e-03 1.10868054e-03 -3.85867154e-02 7.79872618e-03 1.96214141e-03 3.39704566e-03
1.62670508e+02 -4.75178861e-02 3.03170054e-02 -1.68805592e-02 5.72011325e-03 6.09516332e-04 3.94075539e-03
1.65368930e+02 -2.45443440e-02 5.02873054e-02 -1.94293247e-02 4.99094380e-03 8.12283913e-04 5.41336287e-03
1.68056227e+02 6.40312314e-02 3.39560611e-02 -4.36767596e-02 2.91158477e-03 1.88558230e-03 1.26459220e-03
1.70755992e+02 9.92486891e-02 3.19312769e-02 -6.57061303e-02 1.59968751e-03 2.34846111e-03 4.51825494e-03
1.73460227e+02 6.76297840e-02 9.53063727e-03 -4.86185837e-02 1.93086564e-03 6.08067139e-04 3.79406310e-03
1.76159930e+02 -1.75936324e-02 -2.02251787e-02 1.21041347e-02 2.18045288e-03 6.09063563e-04 2.78500267e-03
1.78862820e+02 -3.78251862e-02 5.80634647e-03 6.34457279e-02 2.55467556e-03 1.30453445e-03 4.10903688e-03
1.81559492e+02 -1.21878353e-02 2.96248930e-02 6.89437613e-02 4.94370350e-03 1.10048188e-03 4.92557695e-03
1.84260180e+02 2.88003864e-03 -1.50274529e-02 7.07502975e-02 6.18476488e-03 1.44255532e-03 7.84182593e-03
1.86954227e+02 -2.31389955e-02 -4.19251935e-03 3.93351494e-02 7.80030700e-03 2.78459976e-03 6.35012355e-03
1.89658961e+02 -6.24024023e-02 -2.52817455e-02 2.60706498e-02 7.90972174e-03 1.88064294e-03 2.18617635e-03
1.92359430e+02 -6.20848962e-02 -8.31941352e-04 -3.35846698e-02 5.78185673e-03 2.42666030e-03 5.29373694e-03
1.95052399e+02 -1.09177033e-02 -2.26283269e-02 -3.11467453e-02 7.08279589e-03 2.39843614e-03 1.45759428e-03
1.97751289e+02 -9.04950052e-03 -2.94729401e-02 -2.80856116e-02 4.24887331e-03 1.54614039e-03 4.52163835e-03
2.00441602e+02 1.57039837e-02 -4.41991501e-02 1.48701195e-02 7.27229564e-03 3.30097028e-03 5.21473843e-03
2.03129477e+02 3.82676187e-02 -1.10360985e-02 6.11368753e-02 6.01969617e-03 5.47692946e-03 2.28593611e-03
2.05832945e+02 1.12998199e-02 -1.45394710e-02 5.19005824e-02 4.19628216e-03 3.04670959e-03 3.06226850e-03
2.08534274e+02 9.73982217e-03 2.22598102e-02 3.90594958e-02 5.53659310e-03 1.44767129e-03 3.47111790e-03
2.11236477e+02 3.58841876e-02 1.29276572e-02 2.06969526e-02 3.78638979e-03 1.76426824e-03 4.23093466e-03
2.13941367e+02 6.12003634e-02 -3.50908575e-03 2.76731866e-02 3.65150213e-03 1.45249987e-03 3.85509567e-03
2.16640242e+02 8.22313355e-02 -4.05645500e-02 2.34127295e-02 2.30980957e-03 3.03474989e-03 2.54997969e-03
2.19338414e+02 1.62685070e-02 -2.33521770e-03 -8.73535431e-03 1.67502474e-03 1.25729294e-03 2.15826404e-03
2.22040899e+02 -5.78826279e-02 4.98568257e-02 -2.64330980e-02 3.08670838e-03 1.16081979e-03 8.06651711e-03
2.24747492e+02 -1.02274751e-01 5.47406343e-02 -3.39872769e-02 1.60834692e-03 2.84833489e-03 5.75451069e-03
2.27452477e+02 -7.98063624e-02 2.34024567e-02 -4.21004595e-04 1.23341287e-03 1.00940539e-04 4.86334998e-03
2.30159930e+02 -2.11810836e-02 3.26667585e-02 5.88379911e-02 3.56175185e-03 1.43661693e-03 2.01273337e-03
2.32876070e+02 -4.71118888e-03 7.80919497e-03 4.37028799e-02 2.59838675e-03 2.21639767e-03 8.47802604e-03
2.35575899e+02 1.05335057e-02 1.01998136e-02 2.21133875e-02 1.96174043e-03 8.69665157e-04 2.10252904e-03
2.38277758e+02 -3.54360292e-02 -4.28267847e-03 2.58953673e-02 2.43183242e-03 7.35361925e-04 2.47063642e-03
2.40983633e+02 -6.84685461e-02 -8.69724605e-04 4.74766203e-02 1.99695524e-03 2.52457815e-03 4.96687785e-03
2.43675211e+02 -8.21931065e-03 -2.18168449e-02 5.71299807e-02 6.37428240e-03 2.45798969e-03 6.21348118e-03
2.46366820e+02 2.18093316e-02 -4.23893164e-02 -1.44822072e-02 5.11523286e-03 1.00234950e-03 5.46874768e-03
2.49063930e+02 -9.21307645e-03 -4.63628817e-02 -3.41806954e-02 1.95509528e-03 7.16171678e-04 1.34808745e-03
2.51760258e+02 -1.55572188e-02 -1.97997855e-02 -1.87189762e-02 6.91910169e-03 1.07047976e-03 7.32347328e-03
2.54454789e+02 -2.94439691e-02 -3.71824161e-03 -1.68694369e-02 4.76361902e-03 6.72778838e-04 1.10672735e-03
2.57158727e+02 -5.32327275e-02 -3.75365196e-02 -1.08583037e-02 4.07427895e-03 1.36822169e-03 3.07450345e-03
2.59859539e+02 -9.00300233e-02 -3.52936557e-02 -4.15768978e-02 1.10948015e-03 1.92618312e-03 1.25041902e-03
2.62557336e+02 -4.89255612e-02 -5.96922952e-03 -2.39088438e-02 1.04044591e-03 1.38250323e-03 2.16775858e-03
2.65260211e+02 -1.83122534e-02 7.59823196e-03 3.03241770e-02 7.82080232e-04 2.51471723e-03 1.30167021e-03
2.67954435e+02 -2.01711794e-03 4.28234489e-02 9.15564310e-03 5.41947182e-04 1.86267138e-03 3.19401252e-03
