6.95769641e-01 1.01982426e-02 -2.28001169e-02 1.06840044e-02 1.89598655e-03 1.32263960e-03 6.65852537e-04
3.39861868e+00 3.69247315e-03 -2.22342404e-02 7.62227291e-03 2.25937634e-03 1.50671338e-03 1.34288408e-03
6.09017571e+00 -3.17863479e-02 7.59188179e-05 -3.65247591e-03 2.80953796e-03 3.44246267e-04 1.19100245e-03
8.79063258e+00 -3.75452320e-02 -1.80927978e-02 3.82828980e-02 8.72817199e-04 1.15577386e-03 9.52587383e-04
1.14854727e+01 -1.89539584e-02 -5.09166510e-02 2.75718734e-02 4.90432582e-04 1.84017190e-03 3.35490103e-03
1.41837118e+01 -7.65046007e-03 -5.28037424e-02 3.20291209e-03 3.25978851e-03 1.25759210e-03 9.47882175e-04
1.68765681e+01 -1.05985327e-02 -4.99215704e-02 -2.19085240e-02 2.58152052e-03 1.06444009e-03 5.41817591e-04
1.95768868e+01 -2.34713000e-02 -5.65688699e-03 -3.11937201e-02 4.36623597e-04 3.70169534e-03 1.85187198e-03
2.22697306e+01 -4.16837498e-02 7.13014365e-03 2.38223893e-02 2.60977230e-03 6.59578721e-04 2.72169222e-03
2.49641556e+01 -3.15251866e-02 1.85474226e-02 5.76507657e-02 3.02452526e-03 2.03543969e-03 1.90519141e-03
2.76629634e+01 -3.08994718e-02 -3.23046018e-02 3.77509260e-02 5.29816980e-04 5.85730985e-04 1.95432759e-03
3.03674290e+01 -2.75110555e-02 -4.43927004e-02 2.65970695e-02 1.09245178e-03 1.96170609e-03 1.66141267e-03
3.30773696e+01 -2.48071623e-02 -1.38019697e-02 1.89111146e-02 3.97957658e-04 9.45417779e-04 1.76615041e-03
3.57816149e+01 2.49411563e-03 5.85375223e-04 9.95911209e-03 1.39070124e-03 1.14385875e-04 2.31427220e-03
3.84722399e+01 2.39516242e-02 3.66247815e-02 -2.26566973e-02 2.30424552e-03 2.15160337e-03 2.13691979e-03
4.11712665e+01 1.31722997e-03 2.26326956e-02 -3.60099802e-02 3.02202144e-03 1.62788705e-03 4.20556698e-03
4.38781368e+01 -1.98223837e-02 2.64096436e-02 -1.90802923e-02 2.30875122e-03 7.01842077e-04 3.39793778e-03
4.65785134e+01 -2.24852276e-02 2.36629154e-02 1.20819783e-02 4.23003417e-03 2.45037920e-03 1.20771633e-03
4.92744493e+01 -1.89983164e-02 1.12169143e-02 7.19522090e-03 5.90866213e-03 5.18713732e-03 1.63574941e-03
5.19765149e+01 -1.29524792e-02 3.38492022e-02 2.15798013e-02 9.63837427e-03 7.00913407e-04 2.84945473e-03
5.46764915e+01 -5.97820923e-03 8.14598158e-03 3.67692785e-02 5.02210663e-03 1.58355874e-03 1.85510467e-03
5.73818477e+01 1.26877371e-02 -3.52496624e-02 1.85065173e-02 2.86321702e-03 5.73950968e-04 2.54048974e-03
6.00856337e+01 5.74069584e-03 -2.40220547e-02 1.17328671e-02 2.68431135e-03 1.81776798e-03 1.48320869e-03
6.27878852e+01 6.43555851e-05 2.54486269e-02 1.23734009e-02 2.15435196e-03 5.07907612e-04 1.42943697e-03
6.54837337e+01 -2.59997773e-03 4.50631764e-02 -3.73481875e-03 2.03054171e-03 1.26549006e-03 1.65097170e-03
6.81798040e+01 -1.02485409e-02 -1.24044338e-02 9.47330973e-04 3.26762197e-03 1.42911495e-03 9.04800142e-04
7.08771930e+01 -7.36999658e-03 5.47942590e-03 -1.08536799e-02 4.94864202e-03 1.32306052e-03 1.23334242e-03
7.35655931e+01 -8.94367743e-03 3.87525695e-03 2.16700556e-03 1.39612803e-03 6.63591811e-04 3.89356958e-03
7.62614649e+01 -2.88257289e-03 1.92125214e-02 9.83949934e-03 1.99266343e-03 4.52920656e-04 2.71274846e-03
7.89551602e+01 -3.02199665e-02 5.07877147e-02 8.98895297e-04 1.73322810e-03 1.27497972e-03 7.38831957e-04
8.16593727e+01 -1.97247107e-02 3.09601266e-02 2.63971543e-02 2.01876986e-03 3.56239767e-04 1.70923239e-03
8.43595634e+01 -1.23684445e-02 -2.05902711e-02 2.71508976e-02 2.00058308e-03 8.13114046e-04 1.19901452e-03
8.70676946e+01 6.48196282e-03 -3.45265620e-02 1.16428309e-02 5.39723155e-03 4.84069883e-04 1.57980454e-03
8.97734743e+01 8.82386076e-03 1.38233076e-02 -2.06301212e-02 1.27411524e-03 9.23649697e-04 1.18968629e-03
9.24736430e+01 3.03290282e-02 -1.09146730e-02 -1.57850966e-02 2.13461757e-03 2.15072181e-03 1.60225461e-03
9.51794462e+01 -9.15907956e-03 -4.05802740e-02 -2.72365559e-03 1.79226265e-03 2.16750783e-03 4.14727733e-03
9.78828946e+01 -2.29305545e-02 -3.53969213e-02 1.06962503e-02 1.73481047e-03 4.17322506e-03 1.81446838e-03
1.00588759e+02 1.00204990e-02 -1.33251102e-02 -3.99998786e-02 1.73134356e-03 1.60366734e-03 2.20128009e-03
1.03293727e+02 1.17016703e-02 -1.26710716e-02 -4.08664170e-02 2.59058971e-03 1.55359171e-03 2.18215603e-03
1.05990212e+02 2.94261382e-02 -2.05773365e-02 -1.56874977e-02 2.18785172e-03 7.39153971e-04 3.55028622e-03
1.08685274e+02 3.77098342e-02 -9.11215485e-03 -1.93565462e-02 2.58500502e-03 1.47280117e-03 2.25846038e-03
1.11376368e+02 1.95769290e-02 -5.39429159e-04 -1.46853018e-02 2.44781445e-03 3.32718636e-04 3.51590770e-03
1.14069977e+02 2.00399305e-02 -4.38389337e-02 -2.44529942e-02 1.80758919e-03 8.09218055e-04 3.91201678e-03
1.16765102e+02 2.50693387e-02 -3.88464029e-02 -7.81258991e-03 6.61863749e-04 4.50123289e-04 2.19423559e-03
1.19469399e+02 1.72837504e-03 2.40513973e-02 2.88999611e-02 6.49708578e-04 2.01377438e-03 2.32380053e-03
1.22170634e+02 -6.88413620e-03 5.18370920e-02 -9.30544667e-03 9.86011831e-04 1.64248585e-03 3.30317611e-03
1.24869681e+02 2.18219521e-02 1.04349410e-02 -3.09448738e-02 1.13952404e-03 1.21052748e-03 5.13871094e-03
1.27570899e+02 -6.51528650e-05 3.42418459e-03 -4.87766999e-02 1.82138698e-03 1.87287608e-03 2.28858816e-03
1.30273337e+02 -2.53500412e-03 -6.45127608e-02 -6.30791504e-02 1.82643950e-03 2.78970473e-03 2.46498461e-03
1.32961962e+02 8.55671661e-03 -2.31442628e-02 -6.87550697e-02 6.62715382e-04 1.58141676e-03 1.75682393e-03
1.35664102e+02 8.25620197e-03 -2.23529758e-02 -1.21900009e-02 9.38001324e-04 1.93674377e-03 1.66063923e-03
1.38364102e+02 4.37939361e-03 -3.86745210e-02 1.98160476e-02 2.73870173e-03 4.07981619e-03 1.21507141e-03
1.41055337e+02 7.55196948e-03 -7.41686435e-03 -1.98541908e-02 5.86713228e-03 2.30543096e-03 2.76049681e-03
1.43758274e+02 -8.92733289e-03 1.36227014e-02 -4.11675683e-02 2.96825526e-03 5.41926251e-04 1.71333825e-03
1.46465087e+02 -2.14941555e-02 -1.96532069e-02 -2.97356898e-02 3.52003009e-03 9.72261053e-04 1.49942553e-03
1.49162915e+02 5.34106075e-02 -6.59754504e-02 -2.31206538e-02 3.26347258e-03 1.68900248e-03 4.76721164e-03
1.51864696e+02 7.00225356e-02 -5.38496102e-02 -2.37016805e-03 6.02431146e-03 1.63726310e-03 1.23487495e-03
1.54566681e+02 8.31298278e-04 -1.45583830e-02 3.28135947e-02 3.17698923e-03 3.15281529e-04 3.04199433e-03
1.57265727e+02 -5.54642859e-02 -5.67295398e-03 3.70866831e-02 2.91503903e-03 9.44418683e-04 1.47167304e-03
1.59964884e+02 -6.65305378e-02 -9.81666770e-03 8.69647172e-03 4.71778733e-03 1.81658084e-03 6.96760896e-03
1.62660759e+02 -2.31210247e-02 -4.28574618e-03 2.58650089e-02 3.04644236e-03 1.50878736e-03 3.72699216e-03
1.65360634e+02 3.47283086e-03 6.67100548e-04 1.59617419e-02 2.06824485e-03 1.38559110e-03 2.73704638e-03
1.68058946e+02 1.32112178e-02 1.78429447e-03 -4.35270100e-03 3.38283690e-03 3.75637386e-04 3.91506853e-03
1.70766806e+02 -7.19555463e-03 -2.60663295e-02 -1.41008355e-02 2.00918905e-03 2.76091739e-03 6.22295697e-03
1.73466806e+02 -2.02287936e-02 -2.27354166e-02 1.64244351e-04 1.45830549e-03 9.52742475e-04 3.79771664e-03
1.76159181e+02 -9.23979105e-04 -2.73560532e-04 -2.22418719e-02 5.74207155e-03 9.61005302e-04 3.53018893e-03
1.78851868e+02 1.49478003e-02 1.32549513e-02 -1.55186432e-02 1.71355923e-03 1.07048851e-03 8.83805462e-04
1.81556493e+02 -2.00065548e-02 -4.27189945e-02 3.56640089e-02 1.27314886e-03 5.82031255e-04 8.68753056e-04
1.84252665e+02 -5.01646011e-03 -2.65409193e-02 2.68069261e-02 8.82910056e-04 1.67415298e-03 1.54994287e-03
1.86954649e+02 3.13270102e-02 -2.29279478e-02 7.99695638e-02 5.28869591e-03 1.66373996e-03 4.16998063e-03
1.89658243e+02 5.72419559e-02 -2.22481809e-02 9.79025694e-02 1.93797734e-03 2.85266716e-03 2.62080659e-03
1.92359134e+02 2.29134654e-02 -3.63617281e-02 3.20124490e-02 4.06782557e-03 4.82240725e-04 2.47077719e-03
1.95067321e+02 -3.54905295e-02 -3.69852945e-02 3.51941347e-03 8.44860757e-04 1.77071810e-03 2.92541814e-03
1.97767040e+02 -4.23424768e-02 -9.40790824e-03 -4.60031611e-02 6.87348014e-04 1.48238752e-03 6.61277544e-03
2.00463196e+02 -2.54310444e-02 2.29958264e-02 -5.38861662e-02 1.27045886e-03 1.63972751e-03 3.41839219e-03
2.03159165e+02 2.62181983e-02 -4.73741841e-02 -7.30682682e-02 1.55307701e-03 2.63697240e-03 3.91545780e-03
2.05855759e+02 6.26319712e-02 -2.75367894e-02 -4.23340602e-02 3.58223169e-03 1.58184382e-03 2.17805105e-03
2.08555118e+02 8.17065449e-03 -7.93887411e-03 2.11839174e-02 8.03726315e-03 4.19070937e-03 3.79501300e-03
2.11243040e+02 2.88300216e-02 1.02930110e-02 4.60561494e-03 5.52433400e-03 1.31813129e-03 5.15174050e-03
2.13941399e+02 3.32679188e-02 -1.28434552e-02 -3.99628063e-02 8.86524446e-03 1.50685891e-03 9.80982569e-04
2.16645040e+02 -2.40606551e-03 -1.67679457e-02 -7.16014451e-02 1.27653195e-03 1.27562504e-03 7.75457675e-03
2.19344821e+02 -3.01377526e-03 -1.24177009e-02 -1.02850152e-01 1.90029414e-03 1.51759665e-03 2.72103279e-03
2.22050681e+02 -1.81996837e-02 2.76034196e-02 -4.83036885e-02 1.26092654e-03 1.92545157e-04 1.49420500e-03
2.24752759e+02 3.61353268e-03 2.44282250e-02 -3.17948959e-02 2.66183495e-03 7.40651961e-04 3.23268200e-03
2.27455665e+02 4.88809350e-02 -7.52293297e-03 -2.05484711e-02 3.28591658e-03 1.76969740e-03 1.29781251e-03
2.30160368e+02 3.96674774e-02 -1.16872459e-02 1.45424876e-02 1.75268533e-03 1.30758016e-03 3.84279244e-03
2.32865915e+02 1.10634654e-02 6.81391158e-03 2.52942987e-02 1.64944413e-03 7.96839713e-04 2.73197137e-03
2.35570649e+02 -2.14638195e-02 -1.95884226e-02 6.77436380e-02 4.92859171e-03 7.22011174e-04 4.80184068e-03
2.38267649e+02 -9.91543151e-04 9.06300269e-03 5.55519253e-02 2.32816498e-03 4.58385457e-04 2.32912297e-03
2.40967634e+02 4.44935925e-03 -3.15605834e-02 -1.04753305e-02 4.80963290e-03 1.17888215e-03 5.80195153e-03
2.43669649e+02 -5.90338782e-02 -6.92363520e-03 2.09579396e-02 6.45535922e-03 1.72130256e-03 1.64516428e-03
2.46372118e+02 -1.08777239e-01 -5.43731204e-04 5.74128070e-02 1.25404279e-02 1.40168640e-03 2.44745112e-03
2.49068337e+02 -1.08053762e-01 -1.23118582e-02 2.91469246e-02 1.30204764e-02 3.22835358e-03 2.27370428e-03
2.51767243e+02 -5.24445186e-02 2.57674110e-02 -2.19347447e-02 6.28928340e-03 9.71624883e-04 8.46114508e-03
2.54465665e+02 6.91756656e-04 2.14159117e-02 -2.24351254e-02 4.26149721e-03 4.01635368e-04 3.80973940e-03
2.57172821e+02 2.73322250e-02 4.41141278e-02 1.76241154e-02 1.47223592e-03 6.33271860e-04 3.07746428e-03
2.59877368e+02 4.23329174e-02 5.34652807e-02 4.37207201e-02 1.60256478e-03 1.69400744e-03 1.41138036e-03
2.62579040e+02 1.22812491e-02 6.71028164e-02 2.55397071e-02 5.19711502e-04 9.00296874e-04 1.45162090e-03
2.65283962e+02 1.37122290e-02 3.46097777e-02 1.09936341e-02 6.60206041e-04 3.27734580e-03 1.53957604e-03
2.67976574e+02 1.56475201e-02 5.68701869e-03 -1.27093593e-02 1.66788727e-03 6.78556393e-03 1.50432590e-03
