6.86635639e-01 -2.27788792e-02 9.01018375e-04 5.27151089e-02 1.60597885e-03 2.10162606e-03 2.93838059e-03
3.38671750e+00 -1.93455298e-02 -1.63385304e-02 3.42475839e-02 1.46392759e-03 2.90789310e-03 2.64339611e-03
6.08402905e+00 1.61155705e-02 -1.85897129e-02 1.78328783e-02 2.42672563e-03 1.20721011e-03 1.14345087e-03
8.77504312e+00 2.46009301e-02 -1.10896306e-02 1.15433874e-02 8.56767049e-04 1.54550684e-03 2.66069948e-03
1.14752762e+01 2.06145735e-02 5.79575806e-03 3.07715137e-02 1.50564914e-03 3.59526272e-03 5.80268543e-03
1.41659950e+01 2.34854338e-03 4.10596146e-02 2.41520236e-02 1.00617228e-03 8.99104278e-04 2.44749105e-03
1.68655122e+01 2.72347824e-02 2.50019163e-02 4.26397712e-02 3.23183150e-04 1.21614487e-03 4.14103093e-03
1.95638372e+01 6.79572303e-03 1.32824126e-02 4.94786952e-02 4.86848048e-03 1.82263667e-03 1.80713763e-03
2.22719715e+01 6.43479103e-03 -1.15708705e-02 2.66202208e-02 3.14619363e-03 3.25968840e-03 2.09691595e-03
2.49771122e+01 -4.45368782e-03 8.46160986e-03 -4.51277350e-02 2.09092838e-03 9.39171380e-04 2.20153392e-03
2.76731262e+01 5.49138061e-03 4.38930312e-02 -7.23206138e-02 1.82344287e-03 1.08186554e-03 1.10187056e-03
3.03743231e+01 6.30961009e-03 2.20417287e-02 -2.29168947e-02 1.96723352e-03 1.45897982e-03 5.02568642e-03
3.30781559e+01 -1.13379821e-03 -1.96455785e-02 6.35908082e-03 1.02503630e-03 1.31553149e-03 5.37240267e-03
3.57764809e+01 -6.66218430e-04 -2.71641098e-02 4.58614801e-02 2.27662255e-03 1.97442143e-03 8.52106954e-04
3.84707684e+01 2.05256094e-02 -2.21793994e-02 3.78434302e-02 3.14329078e-03 1.58596028e-03 1.25908696e-03
4.11777997e+01 -1.15746174e-02 -1.43342737e-02 1.86535444e-02 2.57660757e-03 1.40166422e-03 7.21123796e-04
4.38824637e+01 -4.19460815e-02 2.72338715e-04 8.65697532e-03 3.62751170e-03 1.11467131e-03 1.47338128e-03
4.65857247e+01 -1.63119172e-02 -1.06013551e-02 -1.50686015e-02 1.60485876e-03 1.12000674e-03 2.17957440e-03
4.92897809e+01 1.71804940e-02 -6.41070949e-02 -5.11394362e-02 2.60268884e-03 1.04255575e-03 3.96217289e-03
5.19935809e+01 1.22923584e-02 -3.95255523e-02 -4.61738039e-02 2.60512359e-03 3.97013851e-04 8.83020025e-04
5.46991559e+01 1.88826361e-02 1.85911876e-03 -5.46131966e-02 3.23267687e-03 6.36341255e-04 1.01177564e-03
5.73940903e+01 2.42515427e-02 7.32133992e-03 -4.14532939e-02 4.06055454e-04 9.85976363e-04 1.51071901e-03
6.00901747e+01 -1.40647626e-02 -1.90922648e-02 -1.76654763e-02 1.87608708e-03 8.34002105e-04 1.22154157e-03
6.27813466e+01 -1.58938540e-02 1.07117187e-02 5.34182462e-03 1.44159975e-03 3.50997861e-03 1.50511135e-03
6.54691778e+01 -1.25982025e-02 -2.04360331e-02 1.01754756e-02 2.28333071e-03 7.77577754e-04 1.56161831e-03
6.81611622e+01 -1.98108836e-02 -6.84012430e-02 -6.55687250e-04 2.83763872e-03 4.59501719e-04 1.09725050e-03
7.08544934e+01 4.71099098e-03 -3.37581199e-03 3.42431165e-02 2.62164670e-03 1.24142730e-03 2.62145821e-03
7.35579356e+01 2.57685467e-02 -2.55760334e-02 3.47157292e-02 2.53286558e-03 5.13104072e-04 2.83744995e-03
7.62565872e+01 1.03410470e-02 -2.02940562e-02 5.99262181e-03 2.46265108e-03 5.34155185e-04 1.29280139e-03
7.89690981e+01 -7.96450071e-03 -4.91317200e-02 2.54104002e-02 1.59237153e-03 2.26021831e-03 2.22153924e-03
8.16648403e+01 -1.03260862e-02 -1.70061322e-02 -1.32361684e-02 2.60229795e-03 2.28549358e-03 2.11873907e-03
8.43714747e+01 2.49956090e-02 -4.22051516e-03 -4.18841162e-02 1.32810866e-03 6.88973818e-04 2.01428115e-03
8.70719778e+01 2.54364812e-02 5.47290631e-04 -4.23720274e-02 3.00906100e-03 7.58731146e-04 4.06572958e-03
8.97826419e+01 -1.24408245e-02 3.38744597e-02 2.66582642e-03 3.59620005e-03 9.60359351e-04 3.33949972e-03
9.24902528e+01 -1.15908004e-02 -1.43876949e-02 2.14651720e-02 2.12503593e-03 1.30274844e-03 4.02511148e-03
9.51950169e+01 1.11256531e-02 -1.02392030e-03 1.32681864e-02 5.63932336e-04 2.14617620e-03 1.26460758e-03
9.78939184e+01 4.07669423e-02 7.63124155e-03 -1.16390259e-02 1.08977046e-03 1.61857281e-03 2.23545367e-03
1.00590764e+02 3.53737764e-02 4.74233539e-02 -2.11758607e-02 1.89434382e-03 1.09575484e-03 2.25659611e-03
1.03292795e+02 1.93309994e-02 -4.05003491e-03 -2.75353462e-02 3.59911499e-03 2.15179597e-03 1.64570707e-03
1.05991873e+02 1.87018288e-02 -4.42086871e-02 -9.47783034e-03 2.62603607e-03 1.60498547e-03 2.11780485e-03
1.08684139e+02 1.35689440e-02 -1.74607105e-03 3.56710392e-02 9.22891643e-04 1.62688263e-03 1.40256815e-03
1.11383795e+02 7.20679207e-03 3.98433609e-02 3.18413350e-02 2.40686038e-03 1.33948022e-03 3.37625791e-03
1.14069264e+02 -7.39393314e-03 4.21163480e-03 -5.86915858e-03 3.11435889e-03 2.75422830e-03 3.56963922e-03
1.16769451e+02 1.26863310e-02 -2.03739561e-02 -3.76615049e-02 2.41040731e-03 1.48575838e-03 2.67215938e-03
1.19469951e+02 1.52314404e-02 4.75189363e-03 -2.80279224e-02 2.24278255e-03 1.27364658e-03 1.32573691e-03
1.22164967e+02 -2.73944639e-03 5.95211974e-03 2.20422158e-02 3.39357783e-03 2.48140175e-03 4.67595545e-04
1.24853592e+02 -4.08298493e-03 1.29136468e-02 3.66432791e-02 5.06166016e-03 1.66259210e-03 1.42151941e-03
1.27557451e+02 -9.42889780e-03 3.51846767e-02 -6.10030590e-05 2.60555285e-03 6.56082542e-04 1.50003668e-03
1.30259186e+02 -6.72030118e-03 6.01033917e-02 -2.57197106e-02 2.75239339e-03 2.73986110e-03 1.25449170e-03
1.32958654e+02 -1.22242375e-02 6.82420019e-02 -1.23097907e-02 7.98637342e-03 6.14671960e-03 2.13507188e-03
1.35665873e+02 -6.57536389e-03 1.17160348e-02 -9.56865924e-03 4.61717298e-03 4.36530555e-03 2.88859961e-03
1.38361607e+02 -8.19394221e-03 -1.57207701e-02 -4.45394087e-03 1.15077044e-03 5.26588569e-03 6.93424574e-04
1.41053779e+02 1.22714689e-02 7.88040457e-03 1.88150188e-02 2.68655913e-03 2.43768496e-03 1.72144921e-03
1.43754279e+02 1.20421632e-02 3.10685079e-02 2.34214037e-02 2.64946691e-03 1.80432587e-03 2.22863428e-03
1.46455498e+02 2.21349471e-03 4.40264450e-03 6.84645007e-03 2.40920953e-03 1.75954866e-03 3.32232686e-03
1.49152920e+02 -5.41997712e-02 2.29553055e-02 3.61623078e-02 2.82663619e-03 1.32400158e-03 1.89894307e-03
1.51857014e+02 -5.45143836e-02 5.79447559e-02 5.35983668e-02 2.33536170e-03 9.28099160e-04 4.59430123e-03
1.54559357e+02 -9.07292574e-03 -1.54349201e-02 2.87900163e-02 2.17756458e-03 2.08936459e-03 1.64814149e-03
1.57259014e+02 3.45637480e-02 -4.09781115e-02 3.63917308e-02 2.52099891e-03 1.03666116e-03 3.36061005e-03
1.59963107e+02 2.72914700e-02 1.35847446e-02 -2.30893178e-03 2.59316893e-03 1.06248736e-03 6.48858413e-03
1.62662826e+02 1.53144459e-02 9.39801688e-03 -5.00009532e-02 5.66750123e-03 6.91530128e-04 4.48075637e-03
1.65363686e+02 -2.82181325e-02 3.91194700e-04 -5.10271729e-02 7.81349223e-03 8.51128691e-04 4.73196083e-03
1.68060951e+02 -4.29073753e-02 7.18499753e-03 -5.88241359e-02 3.31597599e-03 6.99278152e-04 4.44218090e-03
1.70759264e+02 -3.20468184e-02 -8.08341359e-03 -2.25224675e-02 8.46438846e-03 4.45868358e-04 2.84974047e-03
1.73453061e+02 -1.22022270e-02 -5.16187023e-03 7.23646242e-03 6.14922584e-03 1.93448654e-03 1.48539241e-03
1.76149092e+02 1.99791829e-02 2.07107595e-02 4.64517413e-02 4.85560908e-03 1.75778354e-03 1.89514513e-03
1.78848248e+02 -2.92593649e-02 2.77190475e-02 3.46173887e-02 2.02028097e-03 6.44454012e-04 1.00383325e-03
1.81550154e+02 -6.25920427e-02 1.03213517e-02 7.71910145e-03 6.87824673e-03 1.63758560e-03 1.34670970e-03
1.84252139e+02 -8.44476245e-02 2.53516370e-02 -2.94027367e-02 4.73742273e-03 1.07827976e-03 2.82812114e-03
1.86953279e+02 -4.30316838e-02 1.22963486e-03 -2.34088426e-03 6.14155278e-03 6.21133963e-04 3.70647024e-03
1.89646123e+02 2.99558671e-02 2.30811946e-02 -3.87441380e-02 1.19826602e-03 3.91386331e-04 2.92814327e-03
1.92354295e+02 5.83180614e-02 4.61397089e-02 -6.37656579e-02 1.91534064e-03 1.86769294e-03 3.40413074e-03
1.95058857e+02 6.01163149e-02 4.83729520e-03 -4.39753593e-02 1.38594600e-03 4.60169177e-03 3.02136494e-03
1.97761123e+02 2.00426921e-02 1.41356626e-02 -2.93416711e-02 1.11103128e-03 1.13844758e-03 2.23209097e-03
2.00469826e+02 -4.37312001e-02 1.91928394e-02 2.81830556e-02 1.31754859e-03 1.73737490e-03 3.49453132e-03
2.03176998e+02 -6.18221867e-02 3.17130073e-03 2.83826608e-02 4.52967414e-03 1.19446791e-03 5.01812397e-03
2.05870404e+02 -1.94357233e-02 -1.67010101e-02 9.47103498e-03 7.90148375e-03 3.64020725e-03 6.04415875e-03
2.08571998e+02 -3.97622078e-03 -5.23478187e-03 -2.86554413e-02 2.55280719e-03 6.84396361e-04 5.02421168e-03
2.11274264e+02 -3.95721257e-02 -1.43801486e-02 -6.37242245e-03 3.42391705e-03 9.50816086e-04 3.66544986e-03
2.13969639e+02 -4.75177091e-02 -1.22515635e-02 1.48356903e-02 3.04945869e-03 3.35953911e-03 2.87864890e-03
2.16663482e+02 -8.26197182e-02 -2.10425866e-02 2.21865071e-02 2.12948933e-03 1.25341027e-03 7.88126503e-03
2.19362529e+02 -7.43995254e-02 1.09239502e-02 7.24587482e-02 1.13856185e-03 1.60422437e-03 5.15025078e-03
2.22058811e+02 -6.09737456e-02 -1.11094982e-02 -4.12912788e-04 1.90015522e-03 3.90735766e-04 3.39174681e-03
2.24761420e+02 -6.90736241e-04 -1.81916458e-02 -3.63629288e-02 5.04494902e-03 2.14178939e-03 9.53307879e-04
2.27461545e+02 2.66276601e-02 -2.87810584e-02 -1.21301123e-02 3.51455509e-03 4.75519303e-03 1.56511169e-03
2.30173420e+02 2.46773217e-02 -1.63637103e-02 2.60828678e-02 3.49220542e-04 6.85528793e-04 4.82280427e-03
2.32875014e+02 4.73817383e-02 1.36508262e-02 -9.83300334e-03 3.82145509e-04 8.13327994e-04 7.44516148e-03
2.35576139e+02 4.79037653e-02 3.27732783e-02 1.30402541e-02 7.83043101e-04 2.35392413e-03 1.29196010e-03
2.38274514e+02 3.35624675e-02 -3.92553135e-02 6.02743892e-02 1.51995922e-03 1.19961336e-03 3.14453022e-03
2.40976123e+02 5.55036119e-04 -6.43329463e-03 3.77298379e-02 8.14172877e-03 1.62443100e-03 3.62639145e-03
2.43672576e+02 8.42419827e-03 3.16583903e-02 -4.31700513e-02 6.71737060e-03 3.60867281e-03 3.15837309e-03
2.46372311e+02 4.70475708e-02 3.29567147e-02 -9.00899141e-02 5.24768274e-03 3.95851516e-04 1.68959193e-03
2.49077967e+02 6.63265302e-02 1.64623379e-02 -5.33195254e-02 5.65963207e-03 1.03465052e-03 3.74800620e-03
2.51782451e+02 5.19971286e-02 -5.29390309e-03 2.15327932e-02 2.62313442e-03 2.11986600e-03 5.06418132e-03
2.54481076e+02 3.63889367e-02 -3.83729559e-02 3.15370471e-02 6.04471315e-03 1.52879068e-03 7.08446770e-03
2.57166217e+02 7.00586539e-02 -5.02037359e-02 6.29813965e-03 2.51771182e-03 9.82237666e-04 1.23089971e-03
2.59867529e+02 5.06580341e-02 -6.88922113e-02 -5.14687126e-03 2.30162416e-03 1.89125877e-03 1.05613229e-03
2.62572670e+02 3.51863942e-02 -5.26245097e-02 -4.97760432e-03 1.61835219e-03 1.26210654e-03 1.17623678e-03
2.65271217e+02 1.72039072e-02 -7.05322013e-03 -4.48057720e-03 1.34221279e-03 1.36699949e-03 8.98451159e-04
2.67977399e+02 7.90385407e-03 2.09935354e-02 3.77684937e-02 1.76122123e-03 1.22644528e-03 1.19629788e-03
