6.83714904e-01 -4.34928858e-02 -3.70955874e-02 6.38894295e-02 1.34865904e-03 2.86950689e-03 5.75773456e-04
3.38516537e+00 -3.12523069e-02 -1.10506192e-02 8.27362416e-02 2.50435893e-03 3.00603986e-03 1.51424321e-03
6.07502522e+00 1.54812310e-02 -5.72847961e-04 4.50786460e-02 2.70066549e-03 8.75599227e-04 1.28083274e-03
8.77551007e+00 2.23150841e-02 1.19033659e-02 4.62728964e-02 5.31551214e-04 7.47740317e-04 1.87377375e-03
1.14723838e+01 3.43701096e-02 2.17824565e-02 5.02109468e-02 1.44797674e-03 4.86938655e-04 3.81365162e-03
1.41615494e+01 1.82137741e-02 4.26991533e-02 4.94511491e-02 1.81269943e-03 9.56311034e-04 7.48430359e-04
1.68606197e+01 -7.13127452e-03 4.12935769e-02 9.06236335e-02 6.89905340e-03 2.26668584e-03 2.30306332e-03
1.95690088e+01 5.20107875e-03 5.76708044e-02 1.02843419e-01 5.04401619e-03 4.80435241e-04 3.87744697e-03
2.22794823e+01 1.57944770e-02 3.78374863e-02 4.59038012e-02 4.26895894e-03 1.76902473e-03 1.58569610e-03
2.49842073e+01 4.65025638e-03 2.85628196e-02 -1.60950580e-02 3.51107860e-03 2.15915489e-04 4.80167944e-04
2.76797744e+01 7.08444105e-03 2.20969791e-02 -4.38796806e-02 1.59484143e-03 2.01551415e-03 1.56480629e-03
3.03782776e+01 1.25733519e-02 -2.99761166e-02 -1.49126805e-02 3.31960562e-03 1.08811573e-04 2.44502346e-03
3.30761572e+01 -1.56128361e-02 -1.68513816e-02 5.79063060e-02 1.78181519e-03 2.42308652e-03 2.41737470e-03
3.57757557e+01 -1.79009590e-02 -2.31975542e-02 9.36737804e-02 2.39831972e-03 7.57846258e-04 1.36517987e-03
3.84703541e+01 2.39243093e-03 -8.19202841e-03 3.11071914e-02 1.25708448e-03 6.67912479e-04 7.66414168e-04
4.11834760e+01 -3.18289197e-02 -2.81371853e-04 1.25003325e-03 1.37003918e-03 1.86253297e-03 7.05935604e-04
4.38877526e+01 -1.91062223e-02 -2.03221673e-02 -5.65120346e-03 1.68897756e-03 1.90141842e-03 8.39673154e-04
4.65947416e+01 -6.04890853e-03 -2.37813809e-02 -8.58699029e-03 4.37732991e-03 2.01616127e-03 9.98590177e-04
4.92893479e+01 -6.82369125e-03 -6.70562098e-02 -2.52040933e-02 2.78957239e-03 1.81076670e-03 4.19956168e-03
5.19945541e+01 2.34839697e-02 1.10565015e-02 -1.78263704e-02 2.66120774e-03 6.92544017e-04 3.46864016e-03
5.46898619e+01 3.93829531e-02 1.52825131e-02 -3.90276676e-02 1.78643403e-03 2.68058649e-03 2.90061122e-03
5.73893526e+01 4.62888685e-03 -2.10741367e-02 -1.98129328e-02 1.37435176e-03 3.91604427e-04 1.74438518e-03
6.00909463e+01 -1.78362686e-02 1.19384660e-02 2.50397535e-03 1.82578731e-03 1.57031790e-03 2.35010752e-03
6.27784401e+01 -1.19869554e-02 4.32330636e-03 4.68005166e-02 2.73964011e-03 7.69423902e-04 1.68124044e-03
6.54642104e+01 -1.10595698e-02 -1.59032336e-02 2.45264763e-02 4.39587882e-03 1.19732372e-03 3.61754978e-03
6.81598807e+01 4.72712175e-03 -5.00124045e-02 1.50242354e-02 1.97547780e-03 1.30303661e-03 3.31413026e-03
7.08562682e+01 4.32217010e-03 1.25146509e-05 4.91039525e-02 1.44853704e-03 1.24825950e-03 2.27792994e-03
7.35539791e+01 4.14003616e-03 1.51689766e-02 7.34193793e-02 1.23693172e-03 5.21714502e-04 1.72645108e-03
7.62594479e+01 8.90826380e-03 2.70622176e-02 8.40008451e-02 1.84064660e-03 1.01393295e-03 2.13698052e-03
7.89710119e+01 3.35209188e-03 2.44922829e-02 4.63057659e-02 1.74914795e-03 9.17165597e-04 1.95812454e-03
8.16756822e+01 3.65024750e-03 4.56643021e-03 1.25667786e-02 1.69586547e-03 4.71790145e-03 3.60798641e-03
8.43714948e+01 1.60709402e-02 -3.00172750e-02 -7.38555379e-02 1.98355898e-03 2.38835764e-04 8.01282028e-04
8.70753369e+01 3.41560180e-03 -1.81945182e-02 -7.57576474e-02 5.85069492e-04 1.39485483e-03 2.05012720e-03
8.97822323e+01 -1.06068452e-02 -1.89668877e-02 -1.06344558e-02 4.17535170e-03 2.76019696e-03 3.64252510e-03
9.24891104e+01 -9.70353150e-03 1.88638715e-02 3.29894393e-02 2.06441077e-03 1.56534337e-03 2.22481371e-03
9.51939541e+01 6.27910592e-03 -3.84607991e-03 1.93731753e-02 8.91616462e-04 3.35537108e-03 2.42673402e-03
9.78932026e+01 3.82472435e-02 2.81872904e-02 -6.39644969e-03 1.64397868e-03 1.84867877e-03 1.72612411e-03
1.00591376e+02 3.12023784e-02 4.89226180e-02 -3.87432715e-02 3.17120864e-03 7.04634803e-04 1.78541069e-03
1.03296298e+02 -2.85215471e-03 9.79071877e-03 -4.61126269e-02 1.32365317e-03 3.69409765e-04 1.27330064e-03
1.05988548e+02 2.00664793e-02 -1.54944032e-02 -2.55090126e-02 1.56897551e-03 9.68795324e-04 1.92720591e-03
1.08675548e+02 1.82380897e-02 3.71501832e-02 2.93335864e-02 1.29801114e-03 9.26642895e-04 1.78618903e-03
1.11373064e+02 1.56168650e-02 4.12595376e-02 3.32420160e-02 1.91445157e-03 5.48085628e-04 1.54630872e-03
1.14070376e+02 3.63354290e-02 2.80890618e-03 4.73104061e-03 2.26814957e-03 1.37001490e-03 1.25210960e-03
1.16771923e+02 4.37304202e-02 1.87062773e-02 -2.03641962e-02 1.87612282e-03 1.88161893e-03 1.59332776e-03
1.19470860e+02 2.90511845e-02 -3.88954485e-03 1.09468884e-02 1.07007579e-03 1.02935892e-03 2.49300021e-03
1.22174923e+02 1.08710555e-02 1.07228417e-02 4.85172593e-02 1.12556489e-03 1.15684729e-03 2.57826134e-03
1.24861782e+02 1.06516180e-02 3.30941141e-03 9.77544016e-03 1.12376391e-03 2.04658445e-03 1.57744444e-03
1.27550001e+02 -2.31192616e-02 2.92187216e-02 -2.46269698e-02 1.51251711e-03 3.34647380e-03 1.74947806e-03
1.30256470e+02 -3.40105207e-02 2.76497689e-02 -3.93196778e-02 5.74673860e-03 2.28098037e-03 1.88398952e-03
1.32953439e+02 7.38275904e-03 1.09236066e-02 -8.33504697e-02 7.07945946e-03 4.48165533e-03 2.58459467e-03
1.35653642e+02 1.24513642e-02 -9.76702168e-03 -9.06024794e-02 2.36350759e-03 2.20712825e-03 2.51032650e-03
1.38359517e+02 2.20321125e-02 -2.42331933e-02 -5.13163197e-02 2.81925642e-03 1.18975747e-03 6.72182034e-04
1.41059064e+02 1.96558595e-02 -2.85249213e-02 -1.49620003e-02 9.50166791e-04 3.82490292e-03 1.28687689e-03
1.43760017e+02 1.33692968e-02 -2.58828944e-04 -1.81374463e-02 2.43704902e-03 3.81153899e-03 9.95427236e-04
1.46454282e+02 3.12931602e-02 2.61878118e-02 -2.51967209e-03 2.61290232e-03 6.40786423e-04 1.75804744e-03
1.49160688e+02 -2.79090993e-02 3.42380402e-02 6.71234519e-02 4.77758839e-03 1.86588777e-03 2.08718870e-03
1.51857954e+02 -6.48260815e-02 9.96128876e-03 1.08965067e-01 3.91944544e-03 9.47946314e-04 6.12623996e-03
1.54551564e+02 -3.11678147e-02 -6.84044002e-03 8.60178573e-02 1.66435360e-03 1.04988575e-03 4.67623688e-03
1.57261657e+02 -4.27722796e-02 -2.69366162e-03 1.70844842e-02 1.51743931e-03 2.24547363e-03 1.75880297e-03
1.59966298e+02 -5.95972481e-03 4.61903565e-02 -2.03247998e-02 3.82580199e-03 5.31366440e-04 2.15399795e-03
1.62666532e+02 -1.12434715e-02 3.23584314e-02 -7.27914080e-03 7.60694746e-03 4.30219524e-04 2.41826593e-03
1.65367626e+02 -2.99629857e-02 3.56057512e-02 5.40177485e-03 8.63054939e-03 9.36567586e-04 8.06726571e-03
1.68056798e+02 -3.88232265e-02 5.60511957e-03 -2.88574523e-02 4.66755954e-03 1.60989993e-04 7.56504567e-03
1.70760470e+02 -7.38960915e-02 -2.78271205e-02 3.73841850e-03 1.02643488e-02 1.35846529e-03 2.19312582e-03
1.73454626e+02 -7.59091175e-02 -5.55733693e-03 -1.25618265e-02 6.46818401e-03 2.19117543e-03 9.83726232e-04
1.76149126e+02 -4.80737017e-02 2.02726109e-02 3.13237663e-02 4.56542764e-03 1.40769557e-03 3.48161493e-03
1.78851157e+02 -5.07941053e-02 3.51910688e-02 5.85711766e-02 1.39010814e-03 1.91747027e-03 2.55907097e-03
1.81554860e+02 -4.88208105e-02 9.44693573e-03 4.99424235e-02 4.68999260e-03 1.81370876e-04 8.12792732e-04
1.84254064e+02 -6.07723929e-02 -6.17220660e-03 2.23930940e-02 3.44142749e-03 2.58216521e-03 2.62432451e-03
1.86944923e+02 -1.09918905e-02 -5.39557834e-03 -1.95356456e-02 4.14194830e-03 5.91411423e-04 5.10663703e-03
1.89648157e+02 3.10832723e-02 2.30499696e-02 -5.44954484e-02 2.40164430e-03 3.98956883e-03 5.66567768e-03
1.92355626e+02 2.53008161e-02 3.53779045e-02 -8.90372556e-02 3.53230381e-03 1.13512008e-03 5.10164094e-03
1.95058860e+02 3.32610271e-02 1.33067439e-02 -4.96996871e-02 4.49025027e-03 3.22590021e-03 2.98284882e-03
1.97770360e+02 -2.18424575e-02 2.43438178e-02 -2.34206930e-02 2.01822502e-03 1.63422732e-03 4.96947754e-03
2.00470626e+02 -3.67554577e-02 2.92871855e-02 5.70634464e-03 2.86917694e-03 2.65201063e-03 2.71499037e-03
2.03164407e+02 -5.43323888e-02 2.26816686e-02 -3.74619828e-03 1.50407781e-03 2.08255100e-03 4.09971609e-03
2.05872439e+02 -6.80486753e-02 -2.22164570e-02 3.47254217e-02 2.66884774e-03 7.47991455e-04 6.23134738e-03
2.08573720e+02 -3.10575862e-02 2.09767255e-02 1.40472785e-02 3.93897348e-03 2.81950449e-03 3.59844085e-03
2.11272720e+02 -1.08867609e-02 4.78475927e-02 -3.77673900e-02 2.60852561e-03 7.75864044e-04 2.38221042e-03
2.13971360e+02 -4.75479744e-02 5.09497711e-02 -1.31675324e-02 2.72555546e-03 4.72396257e-04 8.48350318e-04
2.16667798e+02 -7.52151466e-02 -5.60418148e-02 2.95519206e-03 2.64262957e-03 4.58026491e-03 7.08075493e-03
2.19366392e+02 -6.55769887e-02 -2.41739657e-02 1.62578583e-02 9.55990785e-04 3.09959958e-03 4.08848328e-03
2.22063110e+02 -3.59491857e-02 3.09559556e-02 -3.41776220e-02 2.69964713e-03 9.67141915e-04 5.56336208e-03
2.24762407e+02 2.93780276e-04 1.06479136e-02 -5.15016610e-02 2.80528026e-03 3.07662855e-03 2.92057432e-03
2.27462485e+02 3.15748247e-02 2.69970833e-02 -5.61656769e-02 1.35700374e-03 4.99650984e-03 2.48647519e-03
2.30164142e+02 6.75123597e-02 5.88820363e-02 -3.56393394e-02 3.39686287e-03 3.78309745e-04 7.38815752e-03
2.32871251e+02 7.62486741e-02 7.04365983e-02 2.20514398e-03 1.12288932e-03 1.78020569e-03 4.49629639e-03
2.35574157e+02 5.94606798e-02 7.72228911e-03 4.91424180e-02 1.44958611e-03 7.89058440e-04 2.24628994e-03
2.38274657e+02 3.16572705e-02 -1.45146754e-02 5.31855224e-02 7.14026627e-04 4.48612792e-04 6.54777670e-04
2.40976954e+02 -2.33213685e-02 -5.26804272e-03 3.68914501e-02 2.55489291e-03 1.64101384e-03 1.58897265e-03
2.43678767e+02 -5.86451443e-02 1.97347099e-02 5.93581644e-03 3.89306577e-03 3.20796315e-03 2.31600058e-03
2.46381376e+02 -1.55724265e-02 3.30623083e-02 -4.70246822e-02 5.16555360e-03 2.34709689e-03 4.24910620e-03
2.49087142e+02 1.15422568e-02 1.13764640e-02 -7.63322175e-02 6.98036775e-04 1.28967200e-03 2.86759661e-03
2.51783907e+02 1.50206124e-02 -2.54947208e-02 -1.89423358e-02 1.15440704e-03 2.08148355e-03 2.30766955e-03
2.54468704e+02 3.33050295e-02 -5.96842226e-02 -5.52721458e-02 1.50960180e-03 1.11737977e-03 1.26160462e-03
2.57168767e+02 4.25192864e-02 -7.80336300e-02 -4.25093996e-02 3.15069886e-03 1.24923020e-03 2.96449921e-03
2.59867188e+02 2.39834260e-02 -5.80114350e-02 -1.39942578e-02 3.39950790e-03 1.37321872e-03 2.88647798e-03
2.62570767e+02 2.97829398e-03 -1.43046848e-02 2.73090709e-02 3.72891284e-03 1.29669440e-03 2.59897163e-03
2.65268189e+02 9.03574543e-03 2.26934080e-02 4.47612890e-02 2.11662578e-03 2.11278935e-03 1.04576274e-03
2.67965821e+02 1.90335382e-03 -5.09339865e-03 4.42327802e-02 3.47198313e-03 2.04742767e-03 1.67822650e-03
