6.61446909e-01 -8.85214816e-03 4.49764643e-03 4.41874995e-02 1.00260081e-03 9.57983191e-04 3.47396830e-03
3.36208982e+00 -1.27954715e-02 -2.05785977e-02 5.43305390e-02 3.18026257e-03 1.47656384e-03 2.07175755e-03
6.05760280e+00 -2.52860582e-02 -3.44937215e-02 8.17261931e-02 1.60595835e-03 1.90414460e-03 1.88471379e-03
8.75524701e+00 -3.60094140e-02 4.90693640e-03 6.83347022e-02 3.42997761e-03 1.38747484e-03 1.18555022e-03
1.14634564e+01 -3.37720014e-02 3.61237876e-03 7.61247992e-02 1.69569149e-03 1.38103517e-03 2.23203737e-03
1.41652845e+01 -1.59446695e-02 2.29870603e-03 8.83933879e-02 6.54393156e-04 8.53070557e-04 1.53450595e-03
1.68689142e+01 3.88934268e-02 1.40368114e-02 5.10080001e-02 1.96766786e-03 9.79342659e-04 7.76661710e-04
1.95763830e+01 2.07074899e-02 6.68730886e-02 1.88582481e-02 3.45763636e-03 7.45277476e-04 3.69864974e-03
2.22750876e+01 1.01883442e-02 5.21722924e-02 2.11400359e-02 4.00082624e-03 2.15137253e-03 3.65086413e-03
2.49808126e+01 -2.06565016e-02 1.62861334e-02 1.41904520e-02 2.98935027e-03 1.62122048e-03 8.08841304e-04
2.76881829e+01 -3.63337976e-02 -3.82286321e-02 1.77062401e-02 2.01810723e-03 1.29656119e-03 1.35193761e-03
3.03895642e+01 -3.55739028e-03 -1.37093155e-02 1.84256572e-02 3.65687808e-03 2.91342051e-03 1.97904851e-03
3.30907001e+01 4.80841408e-02 1.47635114e-02 1.85410903e-02 1.99977321e-03 3.95645004e-03 7.17941159e-04
3.57971845e+01 4.98065773e-02 1.71149629e-02 3.37638546e-02 2.27962428e-03 2.35639330e-03 1.68787228e-03
3.85056064e+01 1.16513313e-02 4.21535934e-02 1.61582480e-02 2.41564696e-03 2.29699520e-03 1.97566211e-03
4.11961017e+01 -5.30831794e-03 -1.13399505e-02 1.02547216e-02 1.53896165e-03 3.11760395e-03 1.56944623e-03
4.38847564e+01 -1.72670813e-02 -6.91677711e-02 7.10863238e-03 1.93040328e-03 2.57727212e-03 2.24525852e-03
4.65748798e+01 8.38337543e-03 -1.81784762e-02 -1.05622925e-02 2.38304323e-03 3.16853736e-03 2.02545508e-03
4.92717361e+01 2.03130058e-02 -1.26683086e-02 -1.90492414e-02 1.40578676e-03 1.08097860e-03 1.64094311e-03
5.19676986e+01 -1.28806955e-02 -3.43229602e-03 2.99054449e-03 3.81966155e-04 1.47734133e-03 1.66075231e-03
5.46702408e+01 -2.95654536e-02 -1.92545834e-02 -1.45381977e-02 1.16093040e-03 7.60513357e-04 1.48546448e-03
5.73638876e+01 -2.37054767e-02 -1.14654730e-04 -3.52524022e-02 1.07381344e-03 9.42630023e-04 1.44697465e-03
6.00668798e+01 -9.66211200e-03 1.92706209e-02 -1.11880579e-02 4.89290687e-03 4.74485593e-04 1.74125001e-03
6.27736720e+01 -1.04584532e-02 -1.35595896e-02 1.61693794e-03 2.49479099e-03 1.48616752e-03 2.64474854e-04
6.54780642e+01 -3.21948392e-02 8.83645870e-03 2.49629038e-02 2.21699199e-03 9.55798693e-04 1.15913857e-03
6.81786095e+01 -5.44097762e-03 -3.77152841e-03 1.75467372e-02 1.39885985e-03 9.04080941e-04 4.91737250e-03
7.08797064e+01 3.17553044e-02 -1.27932789e-02 2.09206265e-02 4.10572410e-03 1.35120475e-03 2.77566708e-03
7.35887689e+01 3.45337118e-02 -5.00899339e-02 3.85782897e-02 2.42650569e-03 5.30729833e-04 9.82695484e-04
7.62926736e+01 5.67485212e-03 1.06398649e-02 2.91088974e-02 2.76092455e-03 1.74670541e-03 1.87378493e-03
7.89923642e+01 -2.57692985e-02 2.57190578e-02 2.35070764e-02 2.97987823e-03 1.50280477e-03 4.40367658e-03
8.16848283e+01 -3.17713703e-02 4.63713162e-03 1.85838124e-04 8.99557250e-04 1.12060870e-03 1.29952853e-03
8.43885439e+01 -2.30893968e-02 -3.74125642e-02 1.31819232e-02 2.79443935e-03 1.26657494e-03 1.35793909e-03
8.70888079e+01 -1.68137894e-02 -3.44661296e-02 -6.15730333e-03 1.31612376e-03 4.65593214e-04 1.87496982e-03
8.97822861e+01 1.12602636e-02 -1.13405960e-02 -5.88901234e-02 1.34781813e-03 1.36889567e-03 6.46034867e-03
9.24734361e+01 2.36777920e-02 4.39415803e-02 -6.46781111e-02 1.53825648e-03 8.14888307e-04 1.64447955e-03
9.51685361e+01 6.86899279e-03 7.57886170e-02 -4.65648985e-02 3.38146156e-03 2.84489052e-03 5.72652761e-04
9.78684720e+01 -1.73857247e-02 3.72368605e-02 -3.54706828e-03 4.22381914e-03 2.39150932e-03 3.33987131e-03
1.00568797e+02 -2.88763775e-02 -3.11024273e-02 3.16196448e-03 2.47329062e-03 8.86291417e-04 3.31203171e-03
1.03268953e+02 2.20933253e-03 -8.50629873e-03 -1.95022439e-02 2.07534348e-03 3.36303567e-03 3.26348551e-03
1.05973313e+02 1.21978092e-02 2.99612203e-02 -1.31754726e-02 1.56481750e-03 1.10136771e-03 2.11048926e-03
1.08669750e+02 2.93076178e-02 1.68655309e-02 6.39148741e-03 4.48289816e-03 1.29075888e-03 4.76420241e-03
1.11373094e+02 5.52494132e-02 -3.60819990e-04 7.71836086e-03 3.61700105e-03 2.28269263e-03 2.44009786e-03
1.14073625e+02 3.71303228e-02 -5.70514042e-03 3.85111443e-03 6.90487298e-03 3.80890241e-03 2.86878906e-03
1.16773750e+02 2.71969748e-02 -2.18535270e-03 1.57730380e-02 3.32881117e-03 1.73176770e-03 2.19119136e-03
1.19464453e+02 -1.49308918e-03 -2.08168843e-02 2.76875064e-03 4.64658166e-03 1.15935225e-03 1.90003895e-03
1.22164063e+02 3.61381931e-03 -1.84306452e-02 3.23348696e-02 2.03297177e-03 3.68128710e-03 1.29492890e-03
1.24868313e+02 -8.67039564e-03 7.43849153e-03 3.08309610e-02 1.05642775e-03 3.93192324e-03 3.48935902e-03
1.27559250e+02 -2.30101742e-02 4.97026369e-02 -1.78610771e-02 3.54807099e-03 1.65952563e-03 2.11977720e-03
1.30253594e+02 6.60485819e-03 3.34960704e-02 -5.47561605e-02 2.48985758e-03 1.94541003e-03 3.60200441e-03
1.32951547e+02 4.97439529e-03 6.11209239e-03 -4.34466716e-02 1.10351756e-03 3.25104749e-03 4.65988477e-03
1.35637500e+02 1.61622226e-02 2.09358084e-02 -3.29035342e-02 3.71647919e-03 7.07786223e-03 4.51840930e-03
1.38330391e+02 -5.54960720e-03 3.33483966e-02 -3.15049371e-02 1.15019953e-03 1.57892545e-03 4.08577433e-03
1.41034672e+02 -2.72705171e-03 1.57676938e-02 6.64578045e-03 3.40499698e-03 3.62415375e-03 2.56527571e-03
1.43736563e+02 -1.84275258e-02 4.49378748e-02 9.93210766e-04 2.41698756e-03 4.50707613e-03 3.59370106e-03
1.46451406e+02 -4.71913340e-02 2.49104671e-02 4.27497206e-02 7.89105928e-03 6.06448343e-04 3.94331608e-03
1.49152953e+02 5.04836007e-04 -1.21956116e-02 9.37062872e-02 4.07332922e-03 2.13433138e-03 4.37602429e-03
1.51857422e+02 1.93897658e-02 -2.11712601e-02 9.83410298e-02 3.00340807e-03 1.24106832e-03 2.46288481e-03
1.54557172e+02 -8.09741503e-03 1.80360051e-02 6.79917855e-03 6.06374159e-03 2.63959424e-03 2.58901334e-03
1.57246844e+02 -2.07800734e-02 2.44986894e-02 -2.60550555e-02 4.64765166e-03 8.54677375e-04 3.21443579e-03
1.59942813e+02 -5.85982926e-02 1.68246160e-02 -1.45836851e-02 4.77362393e-03 2.06366771e-03 1.61345692e-03
1.62638953e+02 -4.65775493e-02 6.40708258e-03 -2.36176885e-03 4.36437145e-03 2.09582393e-03 6.35461687e-03
1.65339594e+02 -4.47005867e-02 1.40445828e-02 4.95161295e-02 1.11729388e-03 2.51403502e-03 6.12035999e-03
1.68037594e+02 -2.86038664e-02 -2.26306014e-02 1.31983283e-02 2.16589052e-03 9.92703461e-04 2.63336676e-03
1.70735922e+02 5.90049105e-03 -2.40878764e-02 -6.91997818e-02 3.20977026e-03 2.39848684e-03 2.50463939e-03
1.73449000e+02 -1.64213438e-02 -2.92643169e-03 -2.98811610e-02 1.10745983e-03 1.44952294e-03 4.09304574e-03
1.76159297e+02 -6.36268341e-02 -2.31483788e-03 1.30258335e-02 3.44303360e-03 1.92529806e-03 3.85969080e-03
1.78862531e+02 -8.14777667e-02 1.31377647e-02 6.05232994e-02 1.57011329e-03 1.84545896e-03 7.00089200e-03
1.81563531e+02 -3.13934740e-02 4.54034233e-02 1.76850674e-02 9.10282193e-04 7.57458029e-04 8.10856801e-03
1.84254985e+02 3.71271919e-02 5.17813193e-02 -2.72473587e-02 3.10265724e-03 9.66764342e-04 1.93742386e-03
1.86950594e+02 4.83865246e-02 1.79053009e-02 -4.99358557e-02 3.26162044e-03 1.66077764e-03 3.44183219e-03
1.89649750e+02 2.46546716e-02 4.41155008e-02 -5.47631851e-02 2.88209448e-03 1.71244591e-03 4.29472543e-03
1.92350141e+02 -4.59876756e-03 7.64106809e-03 -9.07008637e-02 2.03109344e-03 1.58387782e-03 4.63968848e-03
1.95051860e+02 -2.70023400e-02 2.27736003e-02 -7.25968671e-02 8.54015030e-03 8.43942706e-04 3.02228758e-03
1.97750375e+02 -1.31896427e-02 1.54228659e-02 -1.73798919e-02 1.15358167e-02 1.94755666e-03 6.42980704e-03
2.00454750e+02 -3.51822730e-02 -1.96299828e-02 1.36563564e-02 1.19013358e-02 1.09559298e-03 7.28128127e-03
2.03170594e+02 -7.21867374e-02 -1.39583851e-02 2.97638576e-02 6.84249717e-03 1.93608003e-03 7.05063393e-03
2.05872094e+02 -3.62954641e-02 2.77141690e-02 -4.92163839e-03 3.91495410e-03 1.15473002e-03 3.50700381e-03
2.08575313e+02 -3.60666606e-02 5.43579558e-02 4.61014990e-03 1.92087172e-03 1.74532286e-03 3.27653904e-03
2.11283391e+02 -6.05027735e-02 3.43253877e-03 3.81166853e-02 3.62109379e-03 5.86972999e-04 4.02924705e-03
2.13986235e+02 -4.46200819e-02 -8.67689244e-03 -1.05934952e-03 3.83311476e-03 1.85030151e-03 4.53171812e-03
2.16686016e+02 -1.36498783e-02 -2.62884398e-02 -1.90859967e-02 2.45236577e-03 9.81189360e-04 1.74599656e-03
2.19383563e+02 1.02558894e-02 -5.01017774e-02 3.11507327e-02 1.46710265e-03 5.90468178e-04 3.80303891e-03
2.22085094e+02 -1.37869337e-02 -5.03865054e-02 2.62177623e-02 2.90562148e-03 3.67128581e-03 7.95636300e-03
2.24780766e+02 -9.26314016e-03 2.94206508e-02 1.57183966e-02 4.01935298e-03 1.81945591e-03 6.84205887e-03
2.27477188e+02 4.68729418e-03 4.34501274e-02 -2.05997973e-02 2.90523607e-03 1.98615820e-03 4.97982308e-03
2.30176500e+02 -1.60505747e-02 -2.86035542e-02 -8.13160912e-03 3.44641840e-03 2.61590573e-03 1.74169336e-03
2.32869813e+02 1.91507142e-03 -3.07360530e-02 -1.23167772e-02 1.55377773e-03 2.74718133e-03 1.18890776e-03
2.35565672e+02 6.97187804e-03 -2.83425803e-02 -2.15217986e-02 3.53070183e-03 2.00246031e-03 2.75319860e-03
2.38270031e+02 -2.66323675e-02 1.20514892e-02 5.73818014e-03 4.87727961e-03 6.74840459e-04 8.01802887e-03
2.40977641e+02 -5.00583573e-02 2.03339402e-02 3.12887501e-02 4.53475547e-03 9.00586107e-04 2.30715836e-03
2.43675235e+02 -1.37692263e-02 2.10534918e-02 -4.12131603e-03 2.70933693e-03 1.66169534e-03 2.58728936e-03
2.46376844e+02 4.02136409e-03 -3.46736412e-03 1.16227923e-03 5.58056255e-03 7.38339831e-04 7.01351698e-03
2.49068891e+02 2.80662194e-02 1.23201743e-02 -3.85583733e-02 2.98512324e-03 1.24137060e-03 2.53135535e-03
2.51772172e+02 1.47770328e-02 9.56899601e-03 -8.78430244e-02 4.80647192e-03 4.86651978e-04 3.32270852e-03
2.54467656e+02 1.22026595e-02 -6.79222725e-02 -8.96688989e-02 3.18898293e-03 1.32941901e-03 5.95843421e-03
2.57169719e+02 2.30861651e-02 -7.49858677e-02 -6.24200277e-02 3.32186708e-03 2.07791086e-03 2.01067958e-03
2.59867735e+02 -3.35528468e-03 -2.99771714e-02 -1.87234934e-02 3.70726537e-03 1.72785557e-03 2.55065620e-03
2.62564219e+02 1.65610078e-02 -3.55855921e-02 -8.14850063e-03 1.21163682e-03 8.65140520e-04 1.78693885e-03
2.65255766e+02 3.58863460e-02 -3.30587895e-02 5.13352879e-03 4.81917740e-04 8.45567387e-04 2.07494233e-03
2.67949509e+02 1.96559367e-03 -1.82639234e-02 1.72259019e-02 9.66959995e-04 1.44763790e-03 2.65812417e-03
