6.70468348e-01 -2.33692404e-02 -2.90410077e-03 4.65136502e-03 3.20955866e-03 2.88476661e-03 2.72179789e-03
3.36711789e+00 -5.76923757e-03 9.75365273e-03 -1.93782830e-02 3.34770811e-03 2.08960571e-03 2.98764334e-03
6.06972632e+00 1.59289861e-02 2.10275996e-02 -4.06563830e-02 1.63296323e-03 1.37831548e-03 1.30231132e-03
8.76402413e+00 1.42458895e-02 7.59044732e-03 -1.68229507e-02 3.85048178e-03 2.15187861e-03 9.59844736e-04
1.14539410e+01 -2.69511881e-04 1.55862819e-02 -2.21020865e-02 2.57676718e-03 9.50373763e-04 1.57245256e-03
1.41512957e+01 8.37676092e-03 1.42655784e-04 -4.40631610e-03 1.08675232e-03 1.56401423e-03 2.41742716e-03
1.68459426e+01 -8.02301123e-03 -9.28912674e-03 1.04729979e-02 1.53659026e-03 1.22013324e-03 1.87398247e-03
1.95406863e+01 -4.19164859e-02 -6.13961619e-03 -1.37664849e-02 3.28395872e-04 9.58881731e-04 7.06013018e-04
2.22352410e+01 -3.71630007e-02 -9.65465105e-03 -1.09451550e-02 1.15636568e-03 1.30002650e-03 1.03834152e-03
2.49388769e+01 -4.02588141e-02 -2.64516959e-02 4.16116957e-02 1.84421799e-03 8.54065510e-04 2.74439671e-03
2.76376832e+01 -2.96710099e-02 -3.28558125e-02 -2.46727682e-02 3.51921748e-03 2.01621011e-03 1.91017001e-03
3.03489363e+01 4.54325149e-03 -3.36436899e-02 -4.93562909e-02 4.29830748e-04 8.69022473e-04 5.40944359e-03
3.30592426e+01 1.86647340e-02 -4.30076517e-03 -4.32145554e-02 6.00429452e-04 3.72408275e-04 3.76753142e-03
3.57627113e+01 1.47463214e-02 -1.97211238e-02 -7.15925366e-03 1.53954153e-03 1.90832875e-03 5.49469523e-03
3.84688801e+01 1.49414617e-02 2.22781497e-02 2.53527698e-02 1.72660039e-03 1.94874287e-03 1.33545587e-03
4.11667363e+01 -6.11780368e-03 3.35863418e-02 1.75768589e-02 1.05352905e-03 5.94281381e-04 1.61174712e-03
4.38676988e+01 -2.00455760e-02 2.81260255e-02 9.18305802e-04 2.76604649e-03 1.80805171e-03 9.53576153e-04
4.65669879e+01 -1.14260983e-02 2.70879449e-02 1.24492082e-02 1.65466999e-03 2.77782546e-04 8.73450728e-04
4.92675004e+01 -1.88916793e-02 -1.51408846e-02 5.17841290e-02 2.73260775e-03 2.79575400e-03 8.19101314e-04
5.19681894e+01 -4.42212231e-05 -6.73317420e-03 7.09891182e-03 2.28490360e-03 1.65814435e-03 8.20309597e-04
5.46724426e+01 -2.30357362e-02 -4.34452697e-03 4.09412395e-03 1.74598476e-03 1.55814391e-03 2.05079373e-03
5.73771301e+01 -2.14705554e-02 -7.05653593e-03 1.86099986e-02 5.18736336e-04 8.56887567e-04 3.32465525e-03
6.00868629e+01 1.12532817e-02 -2.12253780e-03 -3.27341351e-03 1.20468350e-03 9.65957097e-04 3.60035879e-03
6.27902535e+01 2.21335930e-02 -6.06324645e-03 2.18377056e-03 7.36479414e-04 4.07828749e-03 1.27702626e-03
6.54953066e+01 2.82235999e-02 6.58905988e-03 -1.26380434e-02 2.04160135e-03 1.30699448e-03 2.95129149e-03
6.81963004e+01 2.32598145e-02 1.14677248e-02 -1.98966055e-02 2.92932585e-03 4.70981612e-04 2.75068987e-03
7.08916519e+01 3.38856827e-03 6.19823567e-03 -2.18836495e-02 9.29862449e-04 1.40726097e-03 1.80679669e-03
7.35877754e+01 -4.89287100e-03 1.68829207e-02 -2.14910572e-02 1.05548362e-03 3.32059572e-03 1.68975910e-03
7.62840738e+01 -1.62287338e-02 4.24320983e-02 4.93918327e-03 3.35382387e-03 1.89484293e-03 1.92183490e-03
7.89780598e+01 -2.89417317e-02 5.13305212e-03 3.28110553e-02 2.72086673e-03 2.27800408e-03 6.73160221e-04
8.16822269e+01 -1.20118535e-02 -8.16154331e-05 2.81669719e-02 1.50721323e-03 3.25363578e-03 2.37569785e-03
8.43818410e+01 -2.99262106e-02 1.04503701e-02 -6.22310049e-03 2.14592498e-03 1.00558884e-03 8.71156564e-04
8.70785535e+01 -1.07400372e-02 3.90412354e-02 -2.77911909e-02 9.70158717e-04 5.15676475e-03 3.62558351e-03
8.97756035e+01 -4.68387096e-03 1.83822426e-02 -2.54562706e-02 8.37402112e-04 1.60592652e-03 1.10880087e-03
9.24829910e+01 5.11452560e-03 -3.57320359e-02 -2.50157551e-03 2.50104067e-03 3.77330038e-03 4.20824151e-04
9.51849332e+01 2.11487450e-02 -4.78174995e-02 9.82105725e-03 5.56732583e-04 6.82388029e-04 7.15776092e-04
9.78799051e+01 2.36877883e-03 -1.69483460e-02 -2.22894963e-02 1.33097627e-03 9.26757238e-04 1.64614793e-03
1.00581060e+02 1.38198870e-02 2.07805874e-03 -4.95782329e-02 3.24419290e-03 5.56611655e-04 5.15730504e-04
1.03274216e+02 1.30483942e-02 2.97121866e-02 -5.02406916e-02 5.49196024e-04 3.37194336e-04 1.56793992e-03
1.05978747e+02 4.32708434e-03 2.38716205e-02 -2.65280114e-02 1.29161835e-03 5.56495724e-04 2.35034524e-03
1.08678372e+02 1.88494135e-02 -1.67279257e-02 -2.40111698e-02 1.54526538e-03 2.43938073e-03 1.56286591e-03
1.11375404e+02 2.79429938e-02 -3.18047788e-02 -1.89174386e-02 1.46345736e-03 1.46639521e-03 5.74337030e-04
1.14072607e+02 2.81548338e-02 -1.30305799e-02 -3.30403644e-02 2.37405122e-03 4.58306319e-04 1.76688314e-03
1.16767357e+02 1.57406066e-02 -1.19273805e-02 -4.30940925e-02 3.15613855e-03 1.14875352e-03 2.83295652e-03
1.19465529e+02 9.68176524e-04 -1.62880523e-02 -2.73196900e-02 3.54521427e-03 1.43752442e-03 2.19019243e-03
1.22165732e+02 -1.13351816e-02 -2.38090416e-02 6.77118368e-03 2.22206075e-03 1.04091289e-03 1.38212127e-03
1.24862216e+02 -2.09826151e-02 -2.98691968e-02 -2.66326857e-02 2.08516663e-03 1.05726100e-03 2.66769962e-03
1.27559794e+02 -1.38050124e-02 -1.29913215e-02 -3.57798316e-02 9.39913362e-04 9.98668325e-04 1.41829358e-03
1.30253622e+02 -4.39472227e-03 1.78219084e-02 -2.89561709e-02 8.34088388e-04 2.63023089e-03 1.31025775e-03
1.32954497e+02 -3.62687063e-03 3.45152545e-02 -2.44050482e-03 1.53206389e-03 6.16128766e-04 9.76725433e-04
1.35655888e+02 7.95639955e-03 9.88980656e-03 5.90043441e-03 1.14222946e-03 1.99351664e-03 2.69060524e-03
1.38347216e+02 1.43717993e-02 -1.55373682e-02 -1.26116775e-02 2.43472246e-03 3.03357783e-03 3.41109906e-03
1.41049419e+02 1.45021396e-02 8.63927005e-03 -3.13945039e-02 8.80003409e-04 1.18200384e-03 2.55743989e-03
1.43745216e+02 2.66501294e-02 1.61074371e-02 -2.31079106e-02 2.86378240e-03 4.50124245e-03 1.15455187e-03
1.46440685e+02 4.50801919e-02 1.21238086e-02 -7.75254365e-03 1.76358367e-03 1.35647897e-03 2.17954305e-03
1.49137575e+02 4.04629797e-02 -2.37326317e-03 9.22210555e-03 5.27150873e-04 4.72196844e-04 3.93947239e-03
1.51839435e+02 -6.25076130e-03 -2.59749216e-02 5.39216515e-03 1.52884079e-03 1.15410482e-03 6.37181364e-03
1.54528497e+02 -2.45250993e-02 -3.86614558e-02 2.42242978e-02 5.01963436e-03 1.60456345e-03 4.17820424e-03
1.57227279e+02 -6.61572148e-02 1.68505266e-03 1.44552365e-02 1.62916464e-03 1.25917076e-03 6.09841218e-04
1.59928685e+02 -5.17158565e-02 2.14600675e-03 5.01369687e-03 4.59138562e-03 1.18328998e-03 2.68281969e-03
1.62633654e+02 -1.67862571e-02 1.50625773e-02 2.57016042e-02 1.57484564e-03 2.08957101e-03 1.23348866e-03
1.65346122e+02 -1.97838304e-02 4.64408273e-02 6.28904289e-03 3.11206113e-03 3.96055930e-03 2.86154609e-03
1.68047435e+02 3.44057535e-02 1.75490010e-02 -3.54039908e-02 4.99047512e-03 8.48466118e-04 5.01709322e-03
1.70755810e+02 3.50242981e-02 -5.01617935e-03 2.44878417e-02 1.73312883e-03 7.31699540e-04 1.82922222e-03
1.73457482e+02 3.64428983e-02 -2.13128828e-02 1.09409975e-03 2.34853365e-03 1.23780267e-03 5.00967192e-03
1.76159935e+02 1.70940783e-02 -2.14414055e-02 2.73638273e-02 1.87521769e-03 1.44287413e-03 2.32249351e-03
1.78862919e+02 2.22793606e-02 -3.68954383e-02 5.72139401e-02 2.56424180e-03 1.43944332e-03 6.46598732e-03
1.81562060e+02 -1.28986511e-02 -2.79206863e-02 3.38128704e-02 5.44353955e-03 2.42805338e-03 8.53647418e-04
1.84261357e+02 -2.73016008e-02 3.35443220e-03 5.93866012e-02 1.72332368e-03 6.10794252e-03 1.64351488e-03
1.86951232e+02 4.28938850e-02 2.91044853e-02 3.46241191e-02 2.30108824e-03 2.89673162e-03 1.50038219e-03
1.89653122e+02 5.12587517e-02 9.60381136e-03 -1.04119227e-02 8.90925192e-04 2.02149232e-03 2.07188946e-03
1.92353357e+02 1.89158819e-02 -1.60819840e-02 5.94221359e-05 7.57979429e-04 4.39018022e-03 6.04816818e-03
1.95057544e+02 4.78552305e-03 -1.87224113e-02 -6.63817208e-03 2.15756685e-03 6.87142165e-04 2.20221376e-03
1.97755372e+02 3.24598634e-02 -4.54630996e-04 -1.71175210e-02 2.57688542e-03 1.83404233e-03 7.28968364e-03
2.00460513e+02 4.23445678e-02 4.06528554e-02 -2.04273414e-02 6.02242793e-03 1.31893322e-03 3.80579037e-03
2.03163966e+02 2.56006232e-02 -7.82103504e-03 -2.94147092e-02 2.08288163e-03 6.46920211e-04 1.43906681e-03
2.05865419e+02 -6.87794832e-03 -1.69435858e-02 1.23241107e-02 1.84083269e-03 1.28309771e-03 3.35430691e-03
2.08566388e+02 -1.53870265e-02 -1.44198779e-03 6.33292427e-03 4.21501502e-03 9.81234888e-04 3.14192570e-03
2.11269419e+02 6.46392911e-03 -1.26062100e-02 1.38524796e-02 2.87992060e-03 2.48307857e-03 1.55069331e-03
2.13967091e+02 6.74940321e-03 1.79007530e-02 1.05965992e-02 1.32072000e-03 1.94295217e-03 3.21025893e-03
2.16669841e+02 -3.71351153e-03 1.64970528e-02 2.49789606e-02 6.37067539e-03 1.83941438e-03 9.73397800e-04
2.19368372e+02 -4.71394539e-03 -1.86561432e-02 4.34781081e-02 3.57465733e-03 4.80965106e-04 2.87768791e-03
2.22065357e+02 -9.42719115e-03 -3.21266664e-02 3.53429840e-02 1.93927635e-03 1.71212592e-03 3.97690836e-03
2.24759716e+02 -8.86796451e-03 -3.18321754e-02 -1.30184571e-02 2.76584077e-03 1.58117224e-03 3.48675468e-03
2.27458060e+02 -2.19419497e-02 -1.31605232e-02 -3.68589454e-02 3.99710220e-03 7.62790158e-04 4.07479401e-03
2.30156107e+02 -2.07566762e-02 1.40748580e-02 -3.37590556e-02 2.06825221e-03 8.62003999e-04 3.77218630e-03
2.32862044e+02 -5.53462716e-03 2.68294410e-02 -1.16668035e-02 3.75407331e-03 1.29003448e-03 5.71249016e-03
2.35567029e+02 -5.04124317e-03 -3.91996953e-03 -1.66998343e-02 7.28215496e-03 9.01827746e-04 2.05596002e-03
2.38265904e+02 1.61486949e-02 -2.63069953e-02 -4.91013911e-02 1.22272611e-02 8.21839847e-04 3.56594547e-03
2.40967950e+02 6.79565785e-03 -2.82768855e-02 -4.97824702e-02 5.61905654e-03 1.13822601e-03 2.83231935e-03
2.43667138e+02 4.66270882e-02 -6.86537388e-03 -3.27602382e-02 7.55296126e-03 1.20119753e-03 3.59376329e-03
2.46372372e+02 8.75233326e-02 5.33308867e-03 -9.47418993e-03 4.29939101e-03 6.67358541e-04 1.60757340e-04
2.49061372e+02 1.23137657e-01 -4.48611605e-03 -4.88779216e-02 4.38317160e-03 1.21845484e-03 1.77145176e-03
2.51760154e+02 4.53905655e-02 8.47119503e-03 -3.00199567e-02 6.61761874e-03 1.34531453e-03 2.15128803e-03
2.54458325e+02 -1.09340665e-02 1.84441536e-02 -1.48723824e-02 2.99478841e-03 1.37243758e-03 5.33432241e-04
2.57153903e+02 -5.79062105e-02 2.01979362e-02 8.91531435e-03 2.06021705e-03 7.10633720e-04 1.81983335e-03
2.59850747e+02 -5.56619171e-02 2.66319395e-02 5.77941218e-03 1.14762104e-03 9.33744751e-04 2.19850607e-03
2.62544997e+02 -1.86359265e-02 -7.93475147e-03 -9.23400450e-03 8.81840194e-04 2.98979787e-04 3.47429144e-03
2.65241107e+02 -4.20940004e-02 -3.06376306e-02 -1.84981138e-03 7.87447497e-04 1.32161661e-03 3.42507849e-03
2.67942323e+02 -4.03224109e-02 -4.39242629e-03 1.95884807e-02 2.57212044e-03 2.00854540e-03 6.44492217e-04
