6.79675838e-01 -1.30138921e-02 -1.10244721e-02 -1.77651616e-02 2.36248750e-03 9.41408230e-04 1.07476802e-03
3.37547270e+00 -2.50850397e-02 2.30659741e-02 5.38479276e-03 8.80548875e-04 6.37906809e-03 3.70435997e-03
6.08181832e+00 3.35897418e-03 4.15843219e-02 1.70339291e-02 1.80170444e-03 1.51074574e-03 1.86049660e-03
8.77874739e+00 -2.07329236e-02 6.56385152e-02 1.89961958e-02 3.16765503e-03 5.51941015e-04 2.72172977e-03
1.14786971e+01 -3.08121004e-02 4.39376294e-02 1.95603785e-02 2.36041637e-03 3.18113570e-04 2.32750046e-03
1.41775221e+01 -1.79293490e-02 3.61659735e-02 6.61451287e-03 1.56561354e-03 5.16100524e-04 2.69134219e-03
1.68809205e+01 -1.44988560e-02 3.40889461e-02 -1.46311531e-02 1.88470105e-03 1.19269051e-03 1.15176117e-03
1.95784096e+01 -2.57239765e-02 3.41806937e-03 -1.68632042e-02 1.59780563e-03 3.46513180e-03 3.02884546e-03
2.22815971e+01 -2.33235504e-02 1.34123910e-02 -2.20884634e-02 1.55870581e-03 2.70399309e-03 3.87960183e-03
2.49798955e+01 -2.38759632e-02 -6.83733105e-03 -6.01115435e-02 4.69230969e-03 2.07770968e-03 1.77926011e-03
2.76823643e+01 -1.60037722e-02 -1.32284863e-02 -3.93257387e-02 2.40365973e-03 2.32847485e-03 1.99547360e-03
3.03853580e+01 -2.54692474e-03 -1.39712846e-02 7.48984849e-03 2.48933206e-03 3.38914408e-03 8.90103707e-04
3.30860283e+01 -1.20940155e-03 2.45283496e-02 9.83696627e-03 1.76955692e-03 2.02802169e-03 1.20589017e-03
3.57824221e+01 -8.23414605e-03 8.50734291e-03 -2.60335270e-04 2.06435082e-03 2.25625881e-03 2.85973943e-03
3.84842815e+01 1.21855922e-02 -2.57176990e-02 -2.12558679e-03 2.69660826e-03 2.22198815e-03 2.87195950e-03
4.11815471e+01 1.27030926e-02 -9.79815495e-03 -3.00314918e-02 1.79466878e-03 1.41671161e-03 4.68774823e-03
4.38842018e+01 6.34174524e-03 1.96391185e-02 -2.95098195e-02 2.89586390e-03 1.55692443e-03 2.17380636e-03
4.65889752e+01 1.33065549e-02 2.97700940e-02 1.37788639e-02 2.30852435e-03 1.67230530e-03 1.41244188e-03
4.92859315e+01 8.28484998e-03 -1.64445682e-02 3.19134930e-02 4.36732525e-03 6.12355136e-04 1.10654170e-03
5.19902252e+01 1.11792577e-02 -3.77422388e-02 2.87047038e-02 2.78444320e-03 1.28416025e-03 6.71098357e-05
5.46853846e+01 -1.65305893e-02 1.06591937e-03 2.03033403e-02 2.39264913e-03 2.48333983e-03 1.60158266e-03
5.73890877e+01 -3.01681477e-02 1.31696475e-02 4.36592598e-03 2.95156152e-03 3.63386452e-03 3.91859103e-03
6.00907065e+01 -3.21717573e-02 1.67696824e-02 -8.33313798e-03 1.78830258e-03 1.68144464e-03 5.03558772e-03
6.27956393e+01 -1.40994322e-02 2.07846345e-02 -3.48266007e-02 5.04186915e-04 7.96231271e-04 2.85498755e-03
6.54963002e+01 -7.53681620e-03 3.04577789e-02 -3.17494364e-03 2.93100285e-03 1.17062467e-03 8.36044992e-04
6.82003393e+01 -1.74121172e-02 -1.64364705e-03 8.29116264e-03 9.92134163e-04 3.40732974e-03 2.04908850e-03
7.08977752e+01 -7.31071238e-03 -3.66221246e-02 1.17356567e-02 2.86852753e-03 1.95076264e-03 1.35720941e-03
7.35950143e+01 1.31748202e-02 -3.23802888e-02 4.48329455e-02 3.42025893e-03 2.49262298e-03 1.64986417e-03
7.62943111e+01 3.10586494e-02 -4.15483132e-03 -1.09765579e-03 2.00816972e-03 1.68745060e-03 3.93953254e-03
7.89980502e+01 -1.47298762e-03 1.43983089e-02 -1.57678918e-02 6.13596801e-04 9.29456607e-04 3.07609332e-03
8.17027268e+01 -6.42685610e-03 1.83916806e-02 -1.32014650e-03 1.54107388e-03 3.43137058e-03 2.82862432e-03
8.43959314e+01 -3.60379370e-03 -7.54097809e-03 -3.02392432e-02 1.26596090e-03 2.06315197e-04 1.77348286e-03
8.71029127e+01 -1.15138185e-02 -3.20780969e-02 -2.67551851e-02 2.34124396e-03 3.05803586e-03 1.55287159e-03
8.98024611e+01 -1.47671138e-02 -2.47829293e-02 -2.56459559e-02 2.72874388e-03 1.96777561e-03 1.26588016e-03
9.25010377e+01 2.46743340e-02 -2.33910096e-02 -3.46215387e-02 1.54400025e-03 8.81171334e-04 2.60279829e-03
9.52085455e+01 1.33056238e-02 -2.55275403e-02 -2.42501631e-02 1.92538306e-03 5.78607126e-04 4.88354384e-03
9.79050064e+01 -2.65738251e-02 2.27378081e-02 -5.79160813e-02 1.05540485e-03 2.90856170e-03 5.64241165e-03
1.00603422e+02 -2.08732099e-02 3.32075852e-02 -3.82214990e-02 1.34132691e-03 3.50651199e-04 2.48222656e-03
1.03303125e+02 -2.26141486e-02 -8.37791199e-03 3.18637977e-03 1.55603828e-03 1.58396360e-03 8.06179061e-03
1.05999391e+02 -2.15177038e-02 1.33496833e-02 -1.28319985e-02 1.68091994e-03 2.80703848e-03 2.40774403e-03
1.08704594e+02 -2.49447146e-02 3.28106503e-02 -5.29250842e-02 1.52128424e-03 7.45626457e-04 1.63453622e-03
1.11409453e+02 -3.62229537e-02 2.16045100e-02 -4.12524295e-02 9.94531061e-04 1.44703220e-03 1.37825424e-03
1.14109750e+02 -2.93486425e-02 -1.39880841e-02 -2.09011092e-02 2.28245273e-03 2.23174379e-04 4.45888556e-03
1.16806828e+02 3.84869169e-03 5.69719501e-03 -2.78116629e-02 3.59506520e-03 1.50622601e-03 2.65768785e-03
1.19503328e+02 -5.37645814e-04 -4.12697696e-03 -8.30096257e-03 4.84399531e-03 1.08033457e-03 1.87899510e-03
1.22203328e+02 9.09676837e-04 3.24013376e-02 -2.14584148e-02 1.97421574e-03 3.08109405e-03 1.34938066e-03
1.24900781e+02 -8.75322007e-03 1.36544633e-02 -2.24028912e-02 2.82617012e-03 1.61990248e-03 1.05708757e-03
1.27603610e+02 -1.11474178e-02 2.63967408e-02 7.21742059e-03 1.19407571e-03 5.45421578e-03 2.89625817e-03
1.30306110e+02 -4.57302729e-03 3.48691512e-02 1.41585719e-02 1.36963367e-03 3.59813158e-03 3.80109078e-03
1.33006422e+02 -1.88545075e-02 4.76681591e-02 -1.87954381e-02 1.71268502e-03 1.74568726e-03 2.06161696e-03
1.35708469e+02 -3.68921408e-03 7.40509494e-02 -2.87533348e-02 2.98867383e-03 3.33457958e-03 2.34317501e-03
1.38406641e+02 -3.29034109e-03 7.42467153e-02 -3.63532071e-02 1.25169726e-03 1.90470207e-03 1.57666210e-03
1.41106172e+02 6.77108123e-03 5.62587710e-02 -9.66293304e-03 1.60210346e-03 2.00951636e-03 1.01912044e-03
1.43810594e+02 1.52040643e-02 3.04931416e-02 -1.39955311e-02 1.66591845e-03 1.02853725e-03 2.97646953e-03
1.46510750e+02 -4.16846260e-03 8.80211247e-03 -8.10975188e-03 5.80110786e-03 1.65607273e-03 2.04736664e-03
1.49215735e+02 -2.62106574e-02 2.87698090e-02 1.19165944e-02 3.46682575e-03 1.66059721e-03 5.24247718e-03
1.51916031e+02 -2.50939100e-02 4.18839907e-02 3.45339945e-03 3.26331136e-03 9.32541012e-04 9.25824229e-03
1.54612656e+02 -1.36313878e-02 3.60136855e-02 7.01510762e-03 4.15207813e-03 2.09667770e-03 2.05667483e-03
1.57313031e+02 1.08922207e-02 3.44633783e-02 1.19479773e-02 3.80461235e-03 2.07292882e-04 7.18153479e-03
1.60010719e+02 2.89983529e-02 3.52566142e-02 -3.21007530e-02 3.17945551e-03 1.06034761e-03 3.03158681e-03
1.62711969e+02 2.06499659e-02 5.86142623e-02 -5.35623602e-02 2.38827970e-03 1.13775888e-03 5.38853457e-03
1.65409922e+02 -5.00692558e-03 6.11673820e-02 -6.83775996e-02 1.82667227e-03 1.48785957e-03 3.08782800e-03
1.68116297e+02 -3.45484641e-02 5.92534831e-02 -1.66361320e-02 1.40162716e-03 3.75877994e-04 2.70852658e-03
1.70814750e+02 3.35991820e-03 3.40560451e-02 4.35199255e-03 2.60097523e-03 1.58591970e-03 3.70316615e-03
1.73517781e+02 2.61098344e-03 3.79990733e-02 -2.23394841e-03 2.90802784e-03 1.56124834e-03 2.29717610e-03
1.76218297e+02 -1.42547698e-03 -2.95111117e-02 2.32802671e-02 4.29701341e-03 5.01943867e-04 2.55185719e-03
1.78922141e+02 1.46099585e-02 -1.61248281e-02 5.29158306e-02 2.32988362e-03 4.50109372e-03 1.96761997e-03
1.81624328e+02 1.02369344e-02 -4.72761394e-02 1.58626085e-02 5.49940766e-03 2.09097108e-03 3.04713371e-03
1.84318094e+02 2.64973767e-02 4.50003793e-03 2.29019701e-02 3.32627685e-03 6.09190543e-04 3.82691996e-03
1.87022219e+02 1.38267119e-02 2.39584113e-02 3.57155630e-02 1.14940269e-03 4.42863497e-03 2.96907394e-03
1.89724750e+02 -1.02370123e-02 4.63185375e-03 -5.59736342e-03 9.34446026e-04 3.06304143e-03 4.77702451e-03
1.92428000e+02 -1.78856795e-03 -2.65787830e-03 -4.54344716e-02 2.67817723e-03 8.74125700e-04 1.12483441e-02
1.95125360e+02 6.95839543e-03 -1.03206978e-02 -4.02002200e-02 2.86245281e-03 1.07730292e-03 6.93786057e-03
1.97825219e+02 1.57108248e-02 -1.79373220e-02 -3.24041353e-02 3.64659275e-03 1.43430544e-03 3.58356474e-03
2.00522563e+02 2.74067482e-02 -2.25226869e-02 -1.95322424e-02 4.48903123e-03 1.02432581e-03 1.69529009e-03
2.03223438e+02 4.23357420e-02 2.49140197e-02 -9.00439944e-03 1.97896242e-03 2.28842089e-03 1.56864835e-03
2.05924063e+02 6.81657572e-02 2.16659581e-02 2.20210668e-03 4.62871772e-03 3.52469339e-03 2.68450052e-03
2.08623891e+02 6.19168207e-02 4.78867550e-02 4.89354474e-02 6.07665776e-03 1.49784703e-03 5.87628233e-03
2.11328578e+02 1.20235306e-02 3.73625733e-02 5.09517856e-02 4.41167180e-03 1.09134100e-03 4.90088805e-03
2.14024094e+02 3.42298580e-02 1.76345237e-02 2.07142139e-02 1.17245584e-03 9.82493863e-04 4.42154252e-03
2.16724719e+02 4.38413720e-02 -2.84099254e-02 4.29550035e-02 3.71699414e-03 3.57621837e-03 2.23022874e-03
2.19428078e+02 4.31489686e-02 9.38354592e-03 3.62463647e-02 1.38359572e-03 1.23202612e-03 1.10377006e-03
2.22128000e+02 4.02181945e-02 3.98147068e-02 1.51907964e-02 1.08833616e-03 1.65851876e-03 5.40988501e-03
2.24834188e+02 2.19509721e-02 7.55730609e-02 4.11942487e-02 5.24528283e-03 6.77297037e-04 3.19770415e-03
2.27534703e+02 1.19790627e-02 3.43861577e-02 5.45009224e-03 3.39435941e-03 1.20005758e-03 3.76204011e-03
2.30230266e+02 3.09370034e-02 2.96635713e-02 -2.54050478e-02 3.45467501e-03 2.09205724e-03 3.47177648e-03
2.32934969e+02 -1.04305718e-02 3.24009116e-02 -3.92441530e-02 5.27016499e-03 7.92897672e-04 2.75706132e-03
2.35635719e+02 -1.14824704e-02 1.03954010e-02 -3.38165209e-02 6.89902804e-03 2.16025260e-03 1.40037942e-03
2.38334719e+02 2.07369510e-02 -3.22898594e-02 -1.25410917e-02 3.95449298e-03 6.54915618e-04 4.84105181e-03
2.41031281e+02 5.09317671e-02 -2.23436444e-02 -2.09855798e-02 1.72343354e-03 8.53192516e-04 1.87897920e-03
2.43737672e+02 1.79368105e-02 -4.80484547e-03 -2.13373817e-02 2.44075768e-03 8.02642118e-04 2.54955233e-03
2.46445156e+02 -3.73251019e-02 5.24403642e-02 -1.10480101e-02 4.01146074e-03 2.14418672e-03 5.20851671e-03
2.49143766e+02 -8.00308857e-02 4.58447841e-02 4.02425214e-03 3.88038448e-03 3.89001898e-04 2.18541366e-03
2.51837735e+02 -2.17125175e-02 -7.41015509e-03 -1.30687726e-02 3.07401576e-03 1.94441704e-03 5.48544600e-04
2.54538578e+02 1.83927593e-02 -6.02238709e-03 8.61599231e-04 4.98375593e-03 9.09824442e-04 4.33150282e-04
2.57238453e+02 1.95192089e-02 -1.70429977e-02 1.37286016e-02 4.44664471e-03 2.30157383e-03 6.70642855e-03
2.59935375e+02 1.50128260e-02 1.43580603e-02 1.87745140e-02 3.20861653e-03 8.79633851e-04 2.90602818e-03
2.62635406e+02 4.38175155e-03 4.10503433e-02 -1.10795864e-02 1.87545749e-03 1.00176271e-03 1.96961992e-03
2.65335531e+02 -7.52178788e-03 2.31787654e-02 -5.74473565e-02 3.55019117e-04 7.59949549e-04 5.37175442e-04
2.68038505e+02 -1.13513358e-02 -9.00186394e-03 -4.84969846e-02 2.13361102e-03 7.95254599e-04 1.81639883e-03
