6.81618523e-01 -2.75507685e-02 6.11735139e-03 4.77548188e-02 9.03939609e-03 2.31350799e-03 3.51912463e-03
3.38353831e+00 -1.11686331e-02 2.03297818e-02 1.50379316e-02 5.06240235e-03 2.29496952e-03 2.60485386e-03
6.08324127e+00 -2.06627115e-02 3.15176955e-02 -5.07834727e-03 2.34500587e-03 1.79413117e-03 1.50075142e-03
8.78303018e+00 7.60064438e-03 5.48108618e-02 6.47579952e-03 1.36400501e-03 4.33836448e-04 2.55910042e-03
1.14879944e+01 7.13998743e-03 9.63581317e-03 3.49087590e-02 1.37673038e-03 7.96092740e-04 1.93680889e-03
1.41904257e+01 8.53317222e-03 2.13382400e-02 2.46421758e-02 3.15837064e-03 9.81229961e-04 2.00711197e-03
1.68846428e+01 3.33990935e-02 8.75253756e-03 1.82905627e-02 2.36059725e-03 2.51079996e-03 2.60466542e-03
1.95870132e+01 1.57990066e-02 -2.26908413e-03 2.29700903e-02 1.45339741e-03 1.13756078e-03 1.42543779e-03
2.22884928e+01 -6.71260750e-03 9.79655805e-03 2.49930990e-02 1.30974850e-03 2.09174544e-03 1.43281559e-03
2.49796772e+01 2.87391540e-02 -2.84028294e-02 1.61034159e-02 1.61997294e-03 1.62526419e-03 2.17050650e-03
2.76762928e+01 2.08292791e-02 -3.11654103e-02 1.87951356e-03 1.23369776e-03 1.12720612e-03 8.17376408e-04
3.03816835e+01 1.36269911e-02 -2.46918973e-02 -2.42696658e-02 9.14545150e-04 1.11050742e-03 3.78073707e-03
3.30767194e+01 4.09264149e-02 -5.63848140e-03 -3.63209331e-02 1.40184307e-03 4.50294798e-03 3.15216254e-03
3.57765382e+01 3.80737392e-02 -2.20123766e-02 -4.60150677e-02 2.81670611e-03 3.99739843e-04 2.85003618e-03
3.84732225e+01 2.23910958e-02 3.59083150e-03 -5.44481375e-03 1.65298924e-03 8.28125280e-04 2.06373326e-03
4.11665132e+01 3.14618781e-03 2.93258003e-03 1.07672420e-02 3.81510660e-03 3.25558219e-03 1.63059985e-03
4.38643428e+01 -1.01584373e-02 -3.08761104e-02 8.45979619e-03 2.09970002e-03 2.84830634e-03 9.23237769e-04
4.65710788e+01 -5.39672805e-03 -1.80185636e-02 3.65291577e-02 3.21728531e-03 3.13778861e-03 2.94258769e-04
4.92679100e+01 1.16461899e-02 7.70764339e-03 2.82943513e-02 1.49846058e-03 2.40912029e-03 1.40445015e-03
5.19636788e+01 4.33683951e-02 -6.02319047e-03 -8.84189328e-03 7.85982766e-04 1.57511464e-03 2.88030095e-03
5.46699710e+01 2.54196249e-02 -1.23845119e-02 -2.12127440e-02 1.74633684e-03 9.25747635e-04 1.77583491e-03
5.73740913e+01 2.62748281e-02 3.48068681e-02 1.19815598e-02 3.66903261e-03 1.27608893e-03 4.46281995e-03
6.00710272e+01 2.40082914e-02 3.07064759e-04 5.34599100e-03 2.60933874e-03 1.10962690e-03 6.96786063e-04
6.27754710e+01 8.98664510e-03 2.35242657e-02 -2.71333303e-03 6.10863323e-04 2.07968156e-03 3.92251742e-03
6.54733303e+01 8.17088073e-03 2.52920435e-02 1.21901753e-02 1.15116454e-03 5.17800306e-04 2.34768567e-03
6.81692413e+01 1.83965223e-02 2.91476592e-03 1.53532447e-02 3.50534166e-03 5.03274865e-04 1.96314756e-03
7.08723850e+01 3.46243413e-02 3.29230975e-02 1.65653168e-02 3.03484031e-03 1.34490364e-03 8.74065169e-04
7.35753257e+01 1.88027028e-02 1.86816732e-02 -1.61269558e-02 8.93560823e-04 1.24137706e-03 1.87148279e-03
7.62872225e+01 2.97037115e-02 4.61951069e-02 -1.18542966e-02 2.37251490e-03 2.27031578e-03 2.75422611e-03
7.89878053e+01 1.90149799e-02 1.76504468e-02 -4.47185701e-03 3.47384395e-03 1.13879137e-03 1.55828796e-03
8.16943725e+01 3.71463176e-02 2.59755216e-02 1.49467117e-02 2.30096739e-03 2.57939465e-04 1.52015097e-03
8.43940632e+01 3.70024425e-02 2.12709445e-02 -1.45535066e-02 6.73380238e-04 1.69077959e-03 3.42556826e-03
8.70887428e+01 2.64078133e-02 -3.91626351e-03 -1.80508052e-02 4.74003816e-03 1.10911512e-03 1.46111881e-03
8.97798663e+01 2.27861454e-02 2.91721022e-02 -2.87338070e-03 2.96335318e-03 1.83348445e-03 2.35756880e-03
9.24766444e+01 -1.06780007e-02 -1.41161135e-02 3.99649635e-02 3.00679962e-03 1.39050835e-03 3.34078655e-03
9.51625803e+01 -2.37899473e-02 -1.60004415e-02 4.52846435e-02 1.92707192e-03 1.38980551e-03 2.51572565e-03
9.78577303e+01 -3.36131339e-02 -6.71766554e-03 3.29844069e-02 2.56548488e-03 1.35919795e-03 3.07727422e-03
1.00556241e+02 -3.81566825e-04 5.38587856e-02 4.22352551e-02 1.71439468e-03 1.72230849e-03 6.48422780e-04
1.03262038e+02 2.21281647e-02 2.88707972e-02 2.93787611e-02 5.86676184e-04 8.79475944e-04 2.06135250e-03
1.05969398e+02 -8.66918043e-03 1.34878468e-02 2.47577617e-02 7.88006609e-04 9.38977207e-04 1.56339736e-03
1.08674648e+02 -9.86212994e-03 1.09871978e-03 6.41677655e-03 2.22929789e-03 1.37330442e-03 2.88065675e-03
1.11372210e+02 1.09811673e-02 2.86011355e-02 -2.88087005e-02 1.57081640e-03 7.46122591e-04 1.31064017e-03
1.14078179e+02 3.34352752e-02 1.77710287e-02 -2.86181529e-02 3.20454359e-03 1.89464540e-03 2.77719970e-03
1.16778898e+02 1.98088365e-02 2.47509518e-02 -3.34543200e-02 1.66024024e-03 3.47591880e-03 1.67778373e-03
1.19481538e+02 -6.99687714e-03 2.12371846e-02 -4.08409574e-02 1.72976425e-03 1.90864202e-03 1.35089583e-03
1.22187429e+02 -4.52368415e-03 4.29505270e-03 -3.61983321e-02 4.67868984e-03 1.77091475e-03 3.21495732e-03
1.24892538e+02 -1.69906686e-02 -6.38050223e-02 -1.02264005e-02 1.64789237e-03 2.08771803e-03 4.70494929e-03
1.27596351e+02 -3.50032000e-02 -5.13560910e-02 8.38812107e-03 1.94268237e-03 1.17697412e-03 2.63416768e-03
1.30293210e+02 -2.00398515e-02 2.92543290e-02 8.68638954e-03 2.67826743e-03 1.30466698e-03 1.65253304e-03
1.32987366e+02 -9.61283707e-03 3.34543539e-02 2.83754255e-03 1.00081750e-03 3.09669593e-03 1.44013282e-03
1.35678288e+02 9.48982327e-03 -1.96365404e-02 -2.13843003e-02 2.16876987e-03 2.20720517e-03 1.78950366e-03
1.38373679e+02 -3.50847415e-03 -4.98969485e-02 -2.20184591e-02 5.30432388e-04 9.74674860e-04 1.33581202e-03
1.41075257e+02 -1.13840354e-02 -8.43922391e-02 -1.71256917e-02 1.00215887e-03 1.53128931e-03 6.97680821e-04
1.43780788e+02 -3.16986343e-02 -4.10541733e-02 3.00650566e-02 1.29961501e-03 4.46956803e-04 2.53495756e-03
1.46486616e+02 -4.25698646e-02 -1.62377748e-02 3.79258562e-02 2.27033886e-03 1.46232059e-03 3.09967392e-03
1.49179569e+02 1.76390798e-02 -1.20716621e-02 4.13405846e-02 2.14813856e-03 1.57889022e-03 4.02592302e-03
1.51866710e+02 5.15437793e-02 5.52727705e-03 2.76531542e-02 2.96265045e-03 1.86228787e-03 4.40882954e-03
1.54563038e+02 -2.35964760e-02 3.54155903e-02 8.39835092e-03 2.15933066e-03 1.92951246e-03 3.07079401e-03
1.57265476e+02 -6.01131291e-02 2.79623661e-02 4.58955248e-02 7.64457258e-03 1.50951485e-03 5.95727988e-03
1.59965601e+02 -2.17771449e-02 2.34451398e-02 5.90344667e-02 8.98762530e-03 1.02110173e-03 1.17757136e-02
1.62668116e+02 1.26865064e-04 1.28700658e-02 2.75882586e-02 1.28229002e-02 8.32337577e-04 1.97983948e-03
1.65364023e+02 5.90476367e-02 1.50482547e-02 2.06944533e-02 3.56581987e-03 7.03429236e-04 5.31170728e-03
1.68068741e+02 6.07588833e-02 4.63387905e-03 2.30686319e-02 4.89620916e-03 6.22482951e-04 9.36967925e-03
1.70773351e+02 3.27453264e-02 1.31154430e-03 2.79452845e-02 2.89173609e-03 9.27378551e-04 3.63713305e-03
1.73475023e+02 1.83250221e-02 8.31401359e-03 2.17416852e-02 3.46843436e-03 1.17066773e-03 3.06065981e-03
1.76176101e+02 7.58573411e-03 -1.55604487e-02 -1.66147617e-05 2.92860650e-03 4.88930797e-04 4.60941124e-03
1.78871023e+02 9.82122306e-03 -1.42721058e-02 1.43078633e-02 2.17220723e-03 1.91798056e-03 3.91600927e-03
1.81576741e+02 -4.17457216e-02 -1.31144066e-02 2.82628134e-02 1.71272987e-03 6.36696229e-04 4.21043508e-03
1.84270929e+02 -4.55199564e-02 -1.45520956e-02 1.03240244e-02 7.01979104e-03 6.13492486e-04 1.50767133e-03
1.86963132e+02 -2.91411096e-02 1.43035481e-02 -6.45311444e-02 5.68708678e-03 1.80718540e-03 2.51113474e-03
1.89658851e+02 -1.85062639e-02 5.54605649e-03 -8.41681399e-02 8.63192884e-03 1.10352729e-03 4.32535146e-03
1.92355741e+02 -1.29118869e-02 -4.03566127e-02 -3.31546322e-02 4.94185625e-03 2.16276573e-03 1.57178704e-03
1.95055007e+02 -2.64906427e-02 -5.71339683e-02 3.08283239e-02 3.40071795e-03 4.12576003e-03 2.66455049e-03
1.97747366e+02 -5.94527238e-03 1.73468263e-02 6.29772679e-02 3.93201312e-03 4.84080098e-04 5.48114584e-03
2.00446007e+02 -1.49086613e-02 4.60342489e-02 5.26163504e-02 4.84839653e-03 2.11214912e-03 6.60602334e-03
2.03141335e+02 -3.89351540e-03 2.03817175e-02 -1.43747529e-02 1.26540818e-03 1.48338714e-03 1.40332533e-03
2.05851569e+02 7.47941661e-03 -3.54387046e-02 -2.35240692e-02 4.58177742e-03 1.26724005e-03 2.39445022e-03
2.08554413e+02 1.24081318e-02 1.28345707e-02 -1.89326927e-02 4.18459132e-03 1.66055001e-03 7.82144454e-03
2.11257179e+02 2.04405584e-02 4.84579054e-02 -3.32999903e-03 1.90289089e-03 2.38590292e-03 6.43994333e-03
2.13960241e+02 -7.25915662e-03 4.59454637e-02 1.14630592e-02 1.82859118e-03 8.35747740e-04 6.13982818e-03
2.16649163e+02 1.06755957e-02 -2.96667600e-03 8.92338831e-03 1.08453017e-03 9.99862128e-04 3.21283028e-03
2.19347054e+02 1.35169369e-02 -1.76829661e-02 3.76343549e-02 1.86466494e-03 5.29391124e-04 1.68642209e-03
2.22041804e+02 -1.35094944e-02 -1.70127501e-02 2.58791471e-02 6.51725319e-03 3.63322758e-03 2.54555243e-03
2.24740616e+02 -4.58355206e-02 2.53796442e-02 -5.43919149e-03 2.92814658e-03 1.44048186e-04 3.38606292e-03
2.27443913e+02 -3.16908795e-02 6.70012779e-03 -2.02381938e-02 1.67346147e-03 9.94939085e-04 3.36809217e-03
2.30152726e+02 -2.74997430e-02 1.66461174e-02 -4.02784538e-02 2.53803217e-03 1.96206359e-03 3.66362057e-03
2.32855101e+02 -3.25550448e-02 3.30900003e-02 -8.33333314e-02 3.96534486e-03 1.21799695e-03 8.48616427e-03
2.35550960e+02 -2.79501248e-02 4.77402603e-02 -8.70014161e-02 4.36190753e-03 1.94765662e-03 3.72068871e-03
2.38256819e+02 2.22847232e-03 -1.02531160e-02 -5.29616302e-02 3.22445699e-03 1.34446725e-03 2.70951363e-03
2.40963085e+02 2.60231541e-02 4.84377966e-04 -4.76539533e-02 4.24519564e-03 1.08699764e-03 3.81233025e-03
2.43667601e+02 1.45936845e-03 6.78835362e-03 -3.51727808e-02 3.61869606e-03 2.92136884e-03 4.05714858e-03
2.46369835e+02 -9.40210443e-03 1.49466460e-02 4.38945966e-03 6.53550024e-03 2.71932802e-03 2.53266688e-03
2.49068898e+02 3.07568048e-02 2.33452525e-05 4.38200265e-02 1.64899544e-03 1.34873449e-03 1.80404964e-03
2.51775507e+02 5.38736811e-02 -1.57915913e-02 1.46555995e-02 2.72978977e-03 2.04383318e-03 3.10211475e-03
2.54478319e+02 7.10086089e-02 -2.84186129e-02 6.19887319e-03 3.39844782e-03 2.04878670e-04 3.54580321e-03
2.57181648e+02 2.62511526e-02 -4.02915152e-02 -8.56516938e-03 3.56165530e-03 5.53355173e-04 5.50454144e-03
2.59881194e+02 -1.16794155e-02 -2.78052968e-02 -4.67786497e-02 2.18340833e-03 1.17202223e-03 3.33907712e-03
2.62581960e+02 -2.69330621e-02 1.29703899e-02 -7.00985604e-03 2.40309635e-03 1.16077168e-03 6.27619605e-04
2.65280210e+02 -9.91481329e-04 2.49552750e-03 2.39261243e-02 5.78569936e-03 3.65390128e-04 4.37399353e-03
2.67975844e+02 -1.17314667e-02 3.32911673e-03 5.67850492e-02 5.82114009e-03 1.55988648e-03 2.28421240e-03
