6.67082161e-01 6.66007548e-03 -1.48492554e-02 -3.05449954e-02 2.11460227e-03 2.61897197e-03 1.55356582e-03
3.35952113e+00 -3.79830805e-02 -6.66626158e-02 -2.36284605e-02 1.08351264e-03 2.94122420e-03 1.27549691e-03
6.06617910e+00 -1.96396903e-02 -4.03701480e-02 2.58974386e-02 1.43094580e-03 2.48979078e-03 5.03294471e-04
8.75787847e+00 -4.76636632e-03 -1.14831346e-02 5.89302585e-02 1.43054462e-03 5.62860671e-03 8.65106041e-04
1.14537350e+01 3.26310907e-03 2.18328714e-02 8.02765112e-02 7.64635077e-04 2.41260078e-04 3.36522477e-03
1.41552757e+01 1.97107428e-02 5.21143761e-03 6.30250403e-02 7.67470313e-04 1.61095805e-03 8.32229080e-04
1.68645147e+01 3.40505859e-02 -1.22663963e-02 2.89292428e-02 2.33330473e-03 7.42255839e-04 1.07996625e-03
1.95594757e+01 4.07689138e-02 1.90452074e-02 1.68522127e-02 4.71458026e-04 1.57673943e-03 3.99676346e-03
2.22643350e+01 4.31860221e-02 1.72242543e-02 -1.78130296e-03 1.74816835e-03 1.03109339e-03 5.01797417e-03
2.49625038e+01 3.69015052e-02 3.97729200e-02 -1.39035449e-02 1.24497744e-03 3.52325075e-03 5.41830473e-04
2.76579366e+01 3.77703742e-03 8.69916956e-03 -8.87091710e-03 6.68722021e-04 1.73396318e-03 8.48243088e-04
3.03500444e+01 7.27607242e-03 1.56266558e-02 2.79064168e-03 1.44125255e-03 2.10464999e-03 1.62620351e-03
3.30511335e+01 4.59976649e-04 8.41274937e-03 2.02210834e-02 1.55145005e-03 6.87694994e-04 8.64448279e-04
3.57495710e+01 4.26247829e-03 -3.87465010e-02 1.41752985e-02 3.39069034e-03 2.75117459e-03 8.70167695e-04
3.84609928e+01 -9.36767562e-03 1.04563548e-02 -1.89607839e-02 1.05985513e-03 1.93026276e-03 2.17958865e-03
4.11698444e+01 -9.21798970e-03 1.80944092e-02 -2.79894282e-02 1.91087754e-03 1.67167155e-03 2.66407031e-03
4.38812225e+01 2.62653274e-03 6.41432859e-03 -1.45867652e-02 3.05813403e-03 1.32217434e-03 1.19626846e-03
4.65932616e+01 2.51797136e-02 1.76489875e-03 -1.30413664e-02 1.74734570e-03 8.68846461e-04 3.92137356e-03
4.92954241e+01 3.22643607e-02 7.20239561e-03 -5.88844798e-02 2.12121775e-03 1.45241734e-03 2.09061424e-03
5.20053741e+01 2.69433849e-02 1.15460782e-02 -1.44892912e-02 2.96519848e-03 5.78417154e-04 2.05201444e-03
5.47100835e+01 1.71771490e-02 -1.32113094e-02 3.34810611e-03 1.12211764e-03 3.09450720e-03 1.20469001e-03
5.74133194e+01 7.50106953e-04 -4.43769109e-03 -2.13429428e-02 1.65417173e-03 5.20035103e-04 4.67232466e-03
6.01080179e+01 -1.23906394e-02 4.86660351e-02 -4.72477941e-03 1.98786785e-03 1.83811714e-03 1.96110859e-03
6.28150194e+01 -1.83781134e-02 2.90903450e-02 2.26589232e-02 1.54156084e-03 1.09589690e-03 2.18424509e-03
6.55128132e+01 -3.22781591e-02 -1.56340386e-02 3.50561926e-02 2.09787427e-03 1.54278451e-03 5.02216256e-04
6.82145007e+01 -4.85537563e-03 1.31574429e-03 5.97798637e-03 1.35825952e-03 5.23161326e-04 5.90247811e-04
7.09164116e+01 2.30233476e-02 -2.73573459e-02 1.26033486e-02 9.63773958e-04 2.44489077e-03 1.14846970e-03
7.36192366e+01 9.56984294e-03 -3.24954208e-02 4.36129459e-02 1.09193906e-03 2.40983928e-03 1.39653974e-03
7.63220882e+01 2.00700774e-02 8.22490168e-03 3.06843702e-03 1.73189045e-03 1.05798240e-03 2.07994258e-03
7.90199960e+01 2.06415057e-02 8.84700501e-03 -4.22924816e-02 2.40038133e-03 2.40667029e-03 2.25695449e-03
8.17222882e+01 -1.77482350e-02 8.21892299e-03 -1.01540256e-02 8.95345907e-03 1.63300321e-03 1.14464312e-03
8.44196241e+01 -3.97982970e-02 1.35323403e-02 6.90436826e-03 5.52069801e-03 3.66040174e-04 3.72529466e-03
8.71237022e+01 -8.02120559e-03 1.32747474e-02 1.44199057e-02 1.23749834e-03 1.38234356e-03 6.36041459e-04
8.98200335e+01 -5.92501544e-03 2.69113014e-02 2.70010940e-02 2.27697950e-03 2.21368458e-03 1.88192280e-03
9.25214397e+01 -7.80090770e-03 9.58074771e-03 1.55734594e-04 2.51353812e-03 1.05044781e-03 3.78097132e-03
9.52294319e+01 -3.16117063e-03 -5.29684570e-04 1.12592564e-02 2.87687334e-03 4.65163792e-04 3.74530801e-03
9.79301303e+01 2.48141044e-03 -1.71874005e-03 3.43410456e-02 2.55284630e-03 6.59384462e-04 2.05120524e-03
1.00633632e+02 5.72219912e-03 -3.48017296e-03 2.68737374e-02 4.70906061e-03 6.32711617e-04 7.39338952e-04
1.03335319e+02 -1.00390235e-02 2.54106141e-02 2.40786402e-02 2.59594929e-03 4.35240435e-04 3.00570963e-03
1.06037194e+02 -2.06305189e-02 8.20162150e-03 4.05429968e-02 3.20466037e-03 1.04827010e-03 1.03116997e-03
1.08737710e+02 -6.37645096e-02 -2.17733304e-02 5.17523059e-02 1.54615135e-03 3.84150595e-03 9.94087160e-04
1.11430054e+02 -5.58375874e-02 -4.34545331e-02 4.71598269e-02 8.82971530e-04 2.04322378e-03 2.84753204e-03
1.14121804e+02 -3.87983012e-02 1.83279651e-02 1.37645043e-02 6.33698000e-04 1.94077293e-03 1.14746753e-03
1.16817413e+02 -1.71758116e-02 4.45435347e-02 6.53040362e-03 2.96264653e-03 4.75330810e-04 3.57461066e-03
1.19516351e+02 8.31557919e-03 5.77128238e-02 -1.46956951e-02 4.62207977e-04 4.87448135e-04 2.75664455e-03
1.22216023e+02 1.94755402e-02 3.17691187e-03 -2.54366394e-02 4.14661929e-04 2.33798576e-03 3.82406449e-03
1.24915366e+02 2.11509795e-02 -3.82492370e-03 3.85668767e-04 4.10358932e-04 1.27355681e-03 2.91897511e-03
1.27610273e+02 3.10232220e-03 1.55306456e-03 -1.82900850e-02 9.74211955e-04 2.72434444e-03 2.11426687e-03
1.30310726e+02 1.19950873e-02 -1.20674517e-02 -8.04370465e-03 4.35865738e-04 1.62814247e-03 3.36203429e-03
1.33006788e+02 1.75315805e-02 -3.84487811e-02 -2.21508212e-02 3.62876794e-04 1.17238229e-03 5.08203732e-04
1.35710944e+02 -2.62548454e-02 -4.98873923e-02 1.89840666e-02 2.57772290e-03 3.13378924e-03 2.31508989e-03
1.38406507e+02 -2.94373427e-02 -4.19161842e-02 7.58652325e-03 1.77126165e-03 4.46659872e-03 1.40687675e-03
1.41100491e+02 -4.48590717e-02 -2.99260785e-02 6.22424010e-03 2.45536308e-03 2.52747117e-03 1.98928011e-03
1.43798835e+02 -3.94778191e-02 -2.05592015e-02 2.99030495e-02 1.83778840e-03 1.56368044e-03 1.02528810e-03
1.46495132e+02 -3.86101869e-02 -2.29705513e-02 -2.19248229e-03 1.46008405e-03 1.19606783e-03 3.94027170e-03
1.49195226e+02 -3.87250283e-03 2.36842407e-02 -5.20040365e-02 1.26714623e-03 1.44306079e-03 2.44601067e-03
1.51895804e+02 4.08225451e-02 5.42370458e-02 -5.00793893e-02 9.84941918e-04 1.41664275e-03 5.80271835e-03
1.54601148e+02 5.83274665e-02 2.43683317e-02 -6.70689934e-03 8.71677533e-04 9.84764154e-04 4.09990911e-03
1.57294476e+02 9.35057697e-02 -5.24252981e-03 -2.61979092e-02 2.62773678e-03 9.78579741e-04 3.48731160e-03
1.59996038e+02 7.05266336e-02 -3.73415959e-02 -1.84617039e-02 1.45931822e-03 3.55205811e-03 1.12495115e-02
1.62690319e+02 1.83106662e-02 -4.77856463e-02 -2.20029265e-02 5.91787983e-04 1.00900062e-03 7.69003594e-03
1.65390257e+02 -5.85652682e-03 -1.90298878e-02 -9.45919584e-03 2.08093387e-03 1.79170521e-03 1.63370503e-03
1.68089116e+02 -6.18962262e-03 -2.82880969e-02 -2.08925884e-03 1.32873245e-03 9.35866411e-04 2.43275165e-03
1.70795382e+02 4.29696247e-03 -1.00515706e-02 2.21161980e-02 5.12441964e-03 8.41163836e-04 1.37952370e-03
1.73501601e+02 3.05781872e-02 6.25479049e-03 -7.60571006e-03 3.89692123e-03 2.14046336e-03 5.12451752e-04
1.76215616e+02 4.93499877e-02 1.61649546e-02 -1.71371206e-02 3.76588321e-03 5.02539758e-03 3.05330980e-03
1.78920616e+02 3.47727186e-02 -2.37606459e-02 -4.41799871e-02 8.45153789e-04 1.78342060e-03 4.37073285e-03
1.81633944e+02 -1.67442479e-02 1.60495008e-02 -8.65243024e-03 1.34702591e-03 5.94552416e-04 2.77640567e-03
1.84333054e+02 1.09754459e-02 3.12871444e-02 -2.41100670e-02 5.72465060e-03 3.44758057e-03 1.70903243e-03
1.87034116e+02 2.44842773e-03 5.62014072e-02 -2.57077875e-02 5.80572139e-03 1.63745272e-03 2.37213713e-03
1.89733804e+02 1.89767344e-02 2.36318622e-02 -9.77491959e-03 1.89405318e-03 3.63246150e-03 9.61836337e-03
1.92437616e+02 2.31811973e-02 -6.41558834e-03 -8.89141109e-03 5.30367243e-03 2.06501891e-03 3.16977603e-03
1.95140304e+02 4.48617385e-02 1.32594194e-04 -1.22905345e-03 9.22604226e-04 1.46271195e-03 2.33597478e-03
1.97840679e+02 6.25143633e-02 -2.20613864e-02 2.94385515e-03 1.50747874e-03 8.60649672e-04 3.31292251e-03
2.00542194e+02 2.67751335e-02 -2.81015585e-03 2.30669249e-04 2.04466532e-03 2.63762456e-03 9.35383869e-04
2.03246538e+02 3.29313838e-03 -1.48391230e-03 1.13608471e-02 2.36339647e-03 7.51223663e-04 1.18142977e-03
2.05948710e+02 1.35151181e-02 -3.76920517e-03 5.54376783e-02 3.13231208e-03 9.60688258e-04 1.94682431e-03
2.08643819e+02 3.93248232e-02 4.11525595e-03 -2.82660671e-03 2.27717553e-03 1.59738964e-03 3.19340696e-03
2.11347116e+02 2.84478346e-02 2.66391829e-02 -3.21864847e-02 3.06202189e-03 2.12129446e-03 2.15567046e-03
2.14040710e+02 5.72750512e-02 -8.62650532e-03 -4.94523434e-04 5.22748148e-03 4.46136298e-04 2.69750575e-03
2.16745944e+02 5.95902657e-02 -2.13002949e-02 -1.44607355e-02 6.44303800e-03 2.34103737e-03 2.13794358e-03
2.19453819e+02 2.68871120e-02 -2.86220641e-02 -1.10572368e-02 1.63604331e-03 3.13844539e-03 1.53685069e-03
2.22154304e+02 1.49895049e-02 -5.70069692e-03 -3.57168556e-02 4.46530606e-03 1.62706037e-03 2.87316582e-03
2.24853476e+02 5.86567427e-02 -6.28442345e-03 -7.86148509e-03 3.56822843e-03 1.34734313e-03 1.26181521e-03
2.27558741e+02 6.11399210e-02 2.91471542e-02 2.80174970e-02 2.18637742e-03 1.09288864e-03 4.66913610e-03
2.30266585e+02 -2.68867146e-03 1.24171637e-02 5.48020129e-03 2.48710426e-03 1.35828260e-03 3.31541715e-03
2.32972835e+02 -4.54826922e-02 6.00705375e-03 -1.11816275e-02 3.83397821e-04 4.53695334e-03 5.46713530e-03
2.35675710e+02 -1.76017774e-02 -1.01849082e-02 6.52948005e-03 1.22580604e-03 5.74044621e-03 2.71644403e-03
2.38379694e+02 -1.06700852e-02 -1.60615505e-02 -1.39203395e-02 2.29126666e-03 1.64133146e-03 7.17802531e-03
2.41077413e+02 -2.00164152e-02 -6.90710577e-03 -5.66954590e-03 6.80291129e-04 4.61636247e-04 3.49779903e-03
2.43771694e+02 -3.54704949e-02 4.12468284e-02 3.78785946e-02 1.26438786e-03 1.56518798e-03 3.12937611e-03
2.46467944e+02 -6.53854024e-02 3.94220853e-02 6.51246563e-02 2.47053040e-03 1.29948774e-03 4.95901802e-03
2.49161616e+02 -8.99182583e-02 1.94115473e-02 7.84376272e-02 7.62608428e-03 1.36857706e-03 3.32503904e-03
2.51859866e+02 -5.71606457e-02 -3.05613810e-02 5.53059279e-02 1.82268317e-03 1.08822049e-03 4.79657357e-03
2.54557804e+02 -8.29335208e-03 -4.45272530e-02 4.61102171e-02 1.98148959e-03 4.87195377e-04 4.09025970e-03
2.57262335e+02 -2.71807881e-02 1.27183264e-02 2.28800682e-02 2.87599349e-03 1.30983170e-03 3.72075183e-03
2.59955132e+02 1.51116870e-02 3.86479770e-02 -1.47814782e-02 2.18039618e-03 1.77005174e-03 1.01068457e-03
2.62649569e+02 2.63809363e-02 3.84897126e-02 -3.20329939e-03 4.02362955e-03 1.10828891e-03 1.24994324e-03
2.65345788e+02 4.34891639e-02 2.26829078e-02 -2.75963814e-02 4.65175306e-03 2.71515550e-03 2.28028719e-03
2.68047710e+02 3.25125795e-02 1.16623825e-02 -2.81358196e-02 3.06203987e-03 1.73470283e-03 1.08877442e-03
