6.56585731e-01 2.57499939e-02 1.88891295e-03 6.93688074e-02 2.90086626e-03 2.96185841e-03 1.88712520e-03
3.35736408e+00 2.36230157e-03 -4.11049808e-03 -2.34961488e-03 1.38805569e-03 3.59314148e-03 1.03986954e-03
6.06164737e+00 -7.65839224e-03 2.45637114e-02 -1.89245139e-02 2.90501576e-03 1.51843259e-03 4.22285420e-03
8.75600721e+00 -3.57581802e-04 4.98627119e-02 -1.03577723e-02 3.13174768e-03 1.07591116e-03 3.71446115e-03
1.14621682e+01 -1.40250512e-02 2.13488340e-02 -5.12440065e-02 2.31551721e-03 1.26269172e-03 6.75276771e-03
1.41635806e+01 -3.44936995e-02 2.05813893e-02 -2.62688025e-02 2.19281262e-03 7.53424183e-04 4.82313630e-03
1.68660744e+01 -2.83543698e-02 -4.18764089e-02 -2.33947002e-02 2.00569357e-03 1.54196993e-03 1.31390823e-03
1.95671775e+01 -2.80773610e-02 -5.16261464e-02 -3.62059125e-02 7.90470805e-04 8.73890245e-04 1.67092684e-03
2.22632932e+01 -2.66577098e-02 -3.77047320e-02 -2.06893081e-02 2.27725057e-03 2.05733729e-03 2.66641328e-03
2.49652182e+01 5.03621627e-03 -1.96048417e-02 -4.65265925e-03 3.98860748e-03 1.38453443e-03 5.13827862e-04
2.76694853e+01 2.18096728e-02 3.16070388e-02 9.59416150e-03 2.12609340e-03 1.29839692e-03 1.01426038e-03
3.03705635e+01 -1.05291091e-02 2.64177157e-02 -8.18789578e-04 2.94787411e-04 4.23833547e-03 1.01988856e-03
3.30745244e+01 -2.00245175e-02 9.70251652e-03 1.69677936e-02 1.18344343e-03 4.94203954e-04 1.36821909e-03
3.57738916e+01 -2.92087070e-02 -3.07539124e-02 3.37610764e-02 2.10736491e-03 1.59118299e-04 5.32360109e-03
3.84793166e+01 -4.58150528e-03 -3.72062813e-02 3.21615108e-02 9.62570546e-04 2.65165938e-03 2.18907933e-03
4.11792400e+01 1.82113861e-02 -1.71832568e-02 5.42503860e-03 1.38307027e-03 7.69487329e-03 2.87142822e-03
4.38851072e+01 4.31826913e-02 -4.61986216e-03 1.21744586e-02 1.81958594e-03 7.97416817e-04 5.20469231e-03
4.65812947e+01 3.66307745e-03 -5.06422808e-02 -1.50516537e-02 5.17066490e-03 1.57822038e-03 1.99757322e-03
4.92759307e+01 1.37340086e-02 -6.25482444e-02 1.52828651e-02 2.47180249e-03 6.98413935e-04 2.62605699e-03
5.19741791e+01 2.28573467e-02 -3.77114152e-02 1.71069583e-02 1.87042789e-03 1.71299584e-03 2.98735087e-03
5.46749119e+01 4.31417624e-02 -5.76227669e-03 3.85027795e-02 6.49269814e-03 1.21015527e-03 4.10838132e-03
5.73675853e+01 6.77296683e-02 2.67116349e-02 -2.29386262e-02 6.13933571e-03 1.42269099e-03 2.03382188e-03
6.00733291e+01 2.06737446e-02 1.23167297e-02 -3.27128260e-02 3.29022899e-03 9.60819914e-04 8.26857002e-04
6.27755119e+01 -1.84823084e-02 2.30915285e-02 -3.54197592e-02 2.44789894e-03 5.33907915e-04 2.35441161e-03
6.54813181e+01 -2.12367738e-02 6.52923026e-03 -4.85387819e-02 9.31785980e-04 2.25562506e-03 9.05590093e-04
6.81813025e+01 -1.34385184e-02 -6.15874889e-03 -3.62940638e-02 3.34729070e-03 6.78717022e-04 2.94922401e-03
7.08874010e+01 -3.06001034e-02 2.94781777e-02 -2.59590841e-03 2.59569695e-03 2.71545415e-03 1.54600983e-03
7.35891963e+01 3.85295594e-03 6.79821819e-03 5.18323838e-02 1.53181859e-03 1.62780393e-03 1.07526730e-03
7.62886713e+01 2.13087940e-02 4.57578532e-02 5.02137791e-02 1.87454986e-03 1.08394938e-03 4.68546620e-04
7.89883213e+01 7.87999181e-03 1.53773621e-02 1.00468556e-02 1.17857451e-03 1.01325160e-03 2.20509875e-03
8.16868291e+01 5.19206596e-04 3.31212994e-03 -1.14575080e-02 4.42427151e-04 1.85978936e-03 1.74144829e-03
8.43834291e+01 -1.17893517e-02 1.81764517e-02 -2.32427360e-03 3.10997955e-03 6.32875742e-04 3.19893424e-03
8.70854619e+01 -5.35641300e-03 5.98146608e-03 3.74177118e-02 1.59787151e-03 1.50119117e-03 1.14285300e-03
8.97873182e+01 1.61872966e-02 4.62748711e-02 8.06794308e-02 4.25172864e-03 1.28191567e-03 2.67704470e-03
9.24911682e+01 1.06429916e-02 -6.39542780e-03 5.42218211e-02 2.41965280e-03 2.16665846e-04 3.59444067e-03
9.51961057e+01 -6.81599748e-03 -1.05727730e-02 1.05502606e-02 1.72846969e-03 1.07345290e-03 8.23987567e-04
9.78938822e+01 1.98146036e-04 -1.20356204e-02 -2.61024366e-02 2.33623228e-03 1.03353677e-03 8.53000120e-04
1.00593017e+02 1.72537631e-02 1.50431342e-02 1.80391489e-03 1.23202040e-03 2.21387861e-03 1.22448205e-03
1.03285423e+02 -1.42519068e-03 -4.73602387e-03 -3.15182459e-02 8.75372755e-04 1.26128225e-03 5.54043234e-03
1.05992782e+02 -1.88557782e-02 8.33931416e-03 -2.83431203e-02 2.30681907e-03 1.79590096e-03 1.01732683e-02
1.08693142e+02 -1.50225223e-02 -1.06662996e-02 1.18866583e-02 1.95855207e-03 2.24726063e-03 3.57677388e-03
1.11405907e+02 -2.96095169e-02 -3.51515893e-02 2.05989983e-02 1.64070451e-03 8.11212841e-04 2.13994471e-03
1.14103907e+02 1.59458098e-02 -9.99156975e-03 -1.44038113e-02 4.79338959e-03 1.66465553e-03 3.53073017e-03
1.16796235e+02 3.65106200e-02 2.44991434e-02 -5.56349663e-02 2.98518906e-03 1.41573057e-03 5.36520469e-03
1.19505767e+02 -7.54847044e-03 1.92099390e-03 -6.15039987e-03 1.81297100e-03 2.27403597e-03 4.81977634e-03
1.22195735e+02 -5.32906124e-02 9.42841492e-03 -6.27040463e-03 2.83263266e-03 3.62595205e-03 1.89992616e-03
1.24888220e+02 -4.81367080e-02 -3.13423956e-03 -1.58583614e-02 8.99670236e-04 2.39827151e-03 1.74699309e-03
1.27588548e+02 -1.98800676e-02 2.02568283e-02 3.37343061e-02 2.05754992e-03 1.89163881e-03 4.80473518e-03
1.30290313e+02 -2.08146382e-02 -2.49939143e-02 5.82560326e-02 4.75637742e-04 2.24756403e-03 7.02577445e-03
1.32982298e+02 -3.21828212e-02 1.57746835e-02 4.32978846e-02 3.15013582e-03 1.85660764e-03 2.66023130e-03
1.35678704e+02 -4.68684016e-02 -4.31927602e-03 5.06401885e-02 6.16409708e-03 2.03903951e-03 1.26108408e-03
1.38376532e+02 -2.72393249e-02 -3.50007580e-02 7.10566376e-02 2.16532652e-03 2.77770003e-03 4.13038882e-03
1.41072220e+02 3.03657439e-03 -3.36023278e-02 8.20045078e-02 3.47344407e-03 1.43766352e-03 4.53079381e-03
1.43768017e+02 1.99687082e-02 1.78523676e-02 7.39620883e-02 7.14476070e-03 2.21309820e-03 2.00907024e-03
1.46473313e+02 -8.43472927e-03 4.02115659e-03 3.48069593e-02 7.21991161e-03 3.93848302e-04 5.12573860e-03
1.49164735e+02 5.31583117e-02 -6.20580011e-02 -5.41994358e-02 5.65133840e-03 2.83645094e-03 1.87736109e-03
1.51866892e+02 7.42102653e-02 -5.00100895e-02 -2.96244713e-02 2.78042525e-03 4.23655616e-03 5.93927306e-03
1.54570563e+02 4.47281894e-03 8.19243539e-03 -1.38014781e-02 9.03157680e-03 8.22672042e-04 4.61829069e-03
1.57272907e+02 -3.23246323e-02 2.23645756e-02 3.10428326e-02 2.57621742e-03 1.01577603e-03 2.79324922e-03
1.59980142e+02 -5.45585897e-02 2.25001876e-02 1.58766720e-02 7.92438073e-04 1.64272695e-03 4.27901974e-03
1.62688407e+02 -1.80775142e-02 9.46030230e-03 -8.86228953e-03 4.44342910e-03 1.27723791e-03 7.82031649e-03
1.65388079e+02 3.62597470e-02 2.49945054e-02 -1.61534535e-02 7.57134629e-03 1.49342293e-03 2.47861259e-03
1.68095938e+02 6.96645968e-03 -1.81870672e-02 -3.07124758e-02 2.74234010e-03 2.36952129e-03 5.43742506e-03
1.70794501e+02 -3.32699424e-03 -4.21198462e-02 -7.85181871e-03 1.33538389e-03 1.40008538e-03 6.25777878e-03
1.73494142e+02 -2.73537391e-02 5.45822390e-03 2.20111241e-02 2.30904825e-03 2.80135745e-03 6.97591796e-03
1.76193267e+02 -3.24613823e-02 -1.18472297e-02 -2.83368956e-02 5.62728966e-03 1.62669777e-03 4.57297364e-03
1.78884438e+02 1.49178848e-02 -4.40574000e-02 -4.53552682e-02 6.02068710e-03 1.70976579e-03 6.91735423e-03
1.81575392e+02 3.92719333e-02 -7.81537779e-02 -5.14050367e-02 2.01670444e-03 9.98127426e-04 1.62128365e-03
1.84276048e+02 5.59490745e-02 -6.64826610e-02 2.46130781e-02 1.14906096e-03 8.27606953e-04 1.82888747e-03
1.86975126e+02 5.30582796e-02 3.45150518e-03 6.31714458e-02 3.93951197e-03 1.25360700e-03 5.42235191e-03
1.89680032e+02 -5.94562753e-03 -1.09231770e-02 5.93260131e-02 1.27180083e-03 1.04446997e-03 3.32819611e-03
1.92370970e+02 -5.15218820e-03 -2.33355681e-03 -6.33592171e-03 1.30064624e-03 1.36491095e-03 2.05552517e-03
1.95068532e+02 -1.76774927e-02 1.03977958e-02 -2.66863056e-02 1.47329391e-03 1.52880472e-03 3.80986972e-03
1.97766860e+02 1.17893380e-02 2.49780298e-02 5.12231153e-03 3.82340435e-03 8.43862523e-04 4.98758970e-03
2.00470970e+02 2.24610340e-02 -1.00547972e-02 3.87016655e-02 5.17001711e-03 8.24370453e-04 6.64462638e-03
2.03178407e+02 4.26559142e-02 4.99996478e-03 5.11889722e-02 4.60595226e-03 9.07516691e-04 2.05994808e-03
2.05881423e+02 3.28673801e-02 9.38972635e-03 2.37180873e-02 9.68385609e-03 4.91010963e-04 1.20097519e-03
2.08585251e+02 -2.23822024e-02 -9.99595983e-03 7.34414715e-04 7.73000159e-03 7.75019507e-04 8.59325893e-03
2.11285188e+02 -5.13107504e-02 4.79114561e-03 -2.18907182e-02 1.05174218e-02 2.37142159e-03 7.78596594e-03
2.13991720e+02 -3.62584343e-02 3.42900929e-02 2.31416961e-02 6.87356115e-03 1.53206672e-03 4.05578666e-03
2.16690813e+02 2.37125418e-02 1.56751951e-03 3.86022797e-02 9.39559561e-03 1.94050056e-03 7.81113023e-04
2.19395267e+02 7.23957268e-02 -1.31832686e-03 4.28789801e-02 1.03895306e-02 6.58952871e-04 2.57253028e-03
2.22095595e+02 1.01274411e-01 -2.57975899e-02 2.38601727e-02 6.12028861e-03 5.01143273e-03 6.34480641e-03
2.24793204e+02 5.92838364e-02 -1.15687834e-02 2.71563057e-03 3.31012991e-03 2.10154847e-03 6.48638586e-03
2.27488329e+02 1.75106661e-02 1.92344216e-02 -2.32547332e-02 2.36515766e-03 7.30310527e-04 9.11772589e-03
2.30180485e+02 -1.51979113e-03 2.70788510e-02 -8.47406313e-02 4.24800971e-03 1.18504145e-03 4.76605859e-03
2.32878360e+02 1.19322375e-02 1.47170987e-02 -2.10895763e-02 1.52800251e-03 2.77303498e-03 3.56698989e-03
2.35577735e+02 7.11070427e-02 5.25587287e-02 3.47052632e-03 1.53273344e-03 9.55362427e-04 6.63284626e-03
2.38279235e+02 7.13694757e-02 1.55102302e-02 1.52416384e-03 2.89940281e-03 1.70600260e-03 2.32037135e-03
2.40980595e+02 2.89174219e-02 1.29128193e-02 -4.45213348e-02 7.73313571e-04 1.04122316e-03 4.35193959e-03
2.43677032e+02 2.91729183e-03 -7.61461437e-04 -9.11764010e-02 2.12062309e-03 3.83264402e-03 3.74746432e-03
2.46382595e+02 -5.07229594e-02 1.29243287e-02 -5.77939043e-02 4.11446975e-03 1.88214100e-03 3.26179785e-03
2.49085313e+02 -1.11543600e-02 3.63566720e-02 -7.71293286e-03 3.78682734e-03 1.99185895e-03 2.32697459e-03
2.51787267e+02 3.76506613e-02 -1.98176673e-02 -2.36007844e-02 2.74343212e-03 2.30323177e-03 3.47051696e-03
2.54487657e+02 5.55278618e-02 -5.13305544e-02 3.31175371e-02 4.51417131e-03 3.08060800e-03 3.38886368e-03
2.57185126e+02 4.52709300e-02 -1.91459774e-02 8.48927220e-03 6.12760271e-03 1.77968113e-03 5.76814051e-03
2.59876360e+02 6.26630986e-02 -2.00398069e-02 -1.94720444e-02 9.06258648e-03 5.54797872e-04 4.86245154e-03
2.62569485e+02 1.99247165e-02 4.43519132e-03 -1.63487730e-02 2.06775059e-03 2.93318484e-03 1.63066534e-03
2.65264595e+02 2.16867238e-02 1.52300254e-03 7.91105808e-03 8.19859447e-04 1.68230188e-03 1.80273124e-03
2.67958683e+02 1.16136925e-02 3.19329151e-02 4.20699735e-02 3.88990579e-03 2.02126277e-03 2.03794159e-03
