6.68419358e-01 -7.25449491e-03 -8.95443537e-03 3.86924396e-02 1.82042981e-03 1.08140499e-03 3.37701504e-03
3.36768457e+00 -6.74455367e-03 -2.73530015e-02 -1.63837407e-02 2.59552555e-03 1.57875133e-03 3.26251871e-03
6.05191535e+00 -1.08374586e-02 -1.90308010e-02 -1.97943527e-02 1.96359407e-03 2.60121143e-03 2.41185252e-03
8.75769457e+00 -2.83677991e-02 9.19593148e-03 1.61221408e-02 6.04000267e-04 1.29014060e-03 1.83677207e-03
1.14533136e+01 -2.35455816e-02 3.39959868e-02 -3.00222114e-03 7.71516412e-04 2.51817436e-03 4.32078654e-03
1.41527402e+01 -1.78559168e-02 -4.42293793e-02 -1.51805085e-02 1.97152567e-03 4.48851590e-04 3.66510969e-03
1.68521871e+01 1.12465898e-02 -1.74613406e-02 -4.84766487e-03 2.21020329e-03 1.38207533e-03 1.65194937e-03
1.95548714e+01 -1.64625681e-03 4.34902791e-02 1.20467462e-02 2.84536764e-03 1.40458791e-03 2.75689615e-03
2.22596933e+01 -2.00369053e-02 3.74690248e-02 2.92061605e-02 3.01392281e-03 8.22782198e-03 8.09099923e-04
2.49647121e+01 -1.77368198e-02 3.12147029e-02 2.92061207e-02 6.52481448e-03 1.43726228e-03 9.37616454e-04
2.76617074e+01 1.04632488e-02 2.74049678e-02 2.23464181e-03 6.96512814e-03 2.48284921e-03 1.35208088e-03
3.03502699e+01 3.76946983e-02 4.46517050e-02 -3.19522067e-02 7.03016175e-03 3.76243093e-03 2.87131609e-03
3.30566433e+01 2.86614146e-02 5.35098969e-03 5.17176420e-03 5.92471803e-03 1.66985590e-03 3.54269683e-03
3.57614527e+01 -1.19656723e-02 2.98091757e-04 4.82423205e-02 3.67563386e-03 5.98300542e-04 1.09213145e-03
3.84581199e+01 -1.12513614e-02 -8.53891371e-04 1.38985508e-02 3.31774816e-03 1.33881868e-03 4.28283936e-03
4.11603199e+01 -4.77339321e-03 1.02606911e-02 -3.17783953e-02 3.55520837e-03 7.75796526e-04 4.67595353e-03
4.38690043e+01 -1.22430766e-02 2.13375433e-02 -3.14527617e-02 1.90037627e-03 9.32510170e-04 1.24908519e-03
4.65675855e+01 -1.59316597e-02 2.48732643e-02 -6.01111822e-02 4.62391083e-04 1.21250651e-03 2.93141612e-03
4.92724496e+01 -3.48380380e-02 3.27079404e-02 -5.73207272e-02 3.06958209e-03 2.24244988e-03 1.06621498e-02
5.19655433e+01 1.09211347e-02 3.53857955e-02 -1.81427500e-02 3.39862282e-03 8.26659953e-04 1.08542921e-02
5.46666996e+01 2.87865906e-02 -1.25410733e-02 4.89245114e-02 1.32089108e-03 9.47628733e-04 5.37641044e-03
5.73686543e+01 2.63108914e-02 -4.44910952e-02 6.97045842e-02 3.33992522e-03 4.09169468e-03 9.71775137e-03
6.00763714e+01 -3.30051130e-03 -2.81528129e-02 4.75178748e-02 2.69501894e-03 4.93893867e-03 8.87868742e-03
6.27727761e+01 2.60930506e-03 -1.75546621e-02 -2.78375583e-02 1.28690502e-03 8.20625259e-04 4.40938303e-03
6.54731261e+01 1.19321813e-02 8.59409095e-03 -7.30077965e-02 2.39542714e-04 8.20631935e-04 1.67505923e-03
6.81788183e+01 9.85306576e-03 1.24333028e-02 -6.45920032e-02 1.57485947e-03 1.56290784e-03 1.05829929e-03
7.08787386e+01 -1.54237194e-03 1.93485515e-02 -4.69253851e-02 1.43265390e-03 3.47641410e-04 1.37073917e-03
7.35890261e+01 -2.66782795e-02 -4.24426126e-03 6.25486043e-03 2.98212793e-03 1.09566295e-03 2.40061667e-03
7.62933590e+01 -2.24579605e-02 -3.50229808e-02 -1.88800987e-02 3.27374621e-03 1.26967960e-03 1.93222987e-03
7.90062277e+01 -3.42868637e-02 -1.24467547e-02 -1.91031704e-02 3.33398919e-03 5.20589109e-04 1.03241991e-03
8.17037340e+01 8.53661333e-03 -1.31690506e-02 -3.85492529e-02 1.51141794e-03 8.61659649e-04 1.00221083e-03
8.44124043e+01 3.14351638e-02 -2.23032928e-02 3.13023514e-03 3.13227534e-03 1.01988732e-03 1.65347546e-03
8.71185777e+01 4.20824769e-02 -7.68258658e-03 5.41744801e-03 2.97850765e-03 1.64958582e-03 2.57613338e-03
8.98194089e+01 6.73633605e-02 -1.73099113e-04 1.24864797e-02 2.54869657e-03 2.86734943e-03 3.01511625e-03
9.25202402e+01 4.69313834e-02 1.67330401e-02 -1.72854415e-03 1.08795381e-03 9.78838019e-04 1.80049155e-03
9.52209683e+01 1.01664731e-02 1.11796277e-02 2.59305271e-02 1.38786658e-03 2.18194339e-03 5.62114368e-03
9.79125933e+01 -3.85700526e-04 5.13923355e-02 3.32806240e-02 1.92352946e-03 3.26470202e-03 1.00037983e-02
1.00602423e+02 1.33734539e-02 -1.89185358e-03 4.69701858e-02 1.89110116e-03 2.22191944e-03 3.91712011e-03
1.03306361e+02 1.57171319e-02 -2.63958245e-02 5.65745042e-02 2.86248268e-03 1.58064433e-03 4.15292615e-03
1.06008361e+02 -4.44371348e-03 -1.82526135e-02 -1.76792334e-02 2.51781701e-03 2.60734550e-03 2.93134439e-03
1.08704829e+02 1.51303723e-02 5.89128111e-02 -5.40006276e-02 2.82001268e-03 2.43755052e-03 1.76501325e-03
1.11395423e+02 1.72242204e-02 7.07133818e-02 4.42637377e-04 4.97152013e-03 1.43831972e-03 1.19318261e-03
1.14094204e+02 -1.31037843e-02 2.17762880e-02 -2.08725064e-02 3.15313355e-03 3.26036826e-03 1.66756395e-03
1.16789939e+02 -1.73622018e-02 -1.92358614e-02 -3.29337522e-02 2.79190603e-03 8.07178833e-04 3.21223163e-03
1.19488939e+02 -1.04339306e-02 2.35073173e-02 -4.60062077e-02 1.36598368e-03 1.68297449e-03 2.16768689e-03
1.22188517e+02 -1.39936577e-02 -4.31855299e-03 -5.60721265e-02 2.50441018e-03 1.79936238e-03 1.79033209e-03
1.24885501e+02 -1.65367091e-02 -3.45901487e-02 -3.72730369e-02 2.49688229e-03 3.77187777e-03 1.18639059e-03
1.27582064e+02 -2.59798434e-02 -4.49545639e-02 -1.01103501e-02 5.13675708e-03 2.32286834e-03 2.60066917e-03
1.30273079e+02 1.67373996e-02 -2.83756105e-02 1.87269926e-02 1.11978115e-03 8.04675055e-04 1.90680761e-03
1.32968220e+02 6.90954746e-03 -1.50074669e-02 3.84967091e-02 6.17588294e-04 2.52415007e-03 5.33751942e-04
1.35659876e+02 9.18665201e-03 2.20537060e-02 4.79233633e-02 3.24830762e-03 9.08672421e-04 8.29969967e-04
1.38362626e+02 -5.25323984e-03 3.42230824e-02 7.71529432e-02 2.79190922e-03 1.35923549e-03 1.00383296e-03
1.41064986e+02 -2.52983386e-02 5.56074375e-02 7.89395723e-02 1.52138061e-03 8.13551660e-04 2.71836614e-03
1.43771032e+02 -4.55332458e-02 1.55354110e-02 7.31262467e-02 3.11678364e-03 2.19172635e-03 2.41209478e-03
1.46476907e+02 -4.70705955e-02 1.75944040e-03 8.35650797e-02 2.17699306e-03 1.96030367e-03 2.79999359e-03
1.49191173e+02 1.23345943e-02 2.37189258e-02 -1.30768933e-02 4.33944272e-03 2.64984775e-03 1.32855572e-03
1.51895204e+02 6.27025456e-02 7.72170454e-02 -4.84811148e-02 4.19935978e-03 2.11629658e-03 6.70119753e-03
1.54591673e+02 6.95635279e-02 6.53318023e-02 -6.65451372e-02 5.19059864e-03 3.43697656e-03 1.37996757e-03
1.57290236e+02 5.97207640e-02 -3.14590395e-03 -1.51961352e-03 3.95422060e-03 1.20537960e-03 3.94385266e-03
1.59993704e+02 -2.30903276e-03 -6.46767923e-02 5.77775987e-02 1.99608865e-03 1.32395394e-03 4.02964653e-03
1.62694032e+02 -3.54706533e-02 -2.68324656e-02 6.16466814e-02 5.19283901e-03 1.94986919e-03 4.51306232e-03
1.65393048e+02 -2.84270701e-02 3.02692904e-02 -5.67566155e-03 3.77732230e-03 1.55825359e-03 4.82669273e-03
1.68099079e+02 2.89707356e-02 2.87602280e-02 1.09559287e-02 3.22681488e-03 2.03310886e-03 6.24480636e-03
1.70796501e+02 6.00825099e-02 -2.48433823e-02 -2.06912572e-03 9.73330652e-04 1.00351271e-03 6.10440973e-03
1.73502017e+02 -2.59186678e-02 -3.71224073e-03 2.58660357e-02 1.78083635e-03 2.62808895e-03 4.09194017e-03
1.76200517e+02 -7.38468113e-02 7.16553466e-02 4.84844057e-02 1.22155546e-03 4.60737900e-04 1.25261181e-03
1.78901267e+02 -5.89617915e-02 3.79827044e-02 4.39029301e-02 2.83810743e-03 6.73117212e-04 2.74279223e-03
1.81601939e+02 -3.58413242e-02 -1.17472052e-02 5.82881876e-02 4.94851892e-03 1.99366675e-03 2.09322261e-03
1.84302907e+02 1.48287303e-03 2.32952929e-02 2.35143956e-02 5.66302871e-03 1.38870688e-03 1.76238807e-03
1.87006204e+02 5.55714214e-03 1.96646952e-02 -6.33670268e-03 9.33012828e-04 1.56405814e-03 8.12395960e-03
1.89707017e+02 -6.85391529e-03 -8.61170985e-03 6.89246255e-03 1.94367289e-03 1.06488764e-03 3.54809826e-03
1.92397579e+02 6.11470621e-03 3.97412452e-03 3.31911242e-02 3.49556600e-03 1.96642465e-03 7.16974036e-03
1.95096751e+02 2.82731135e-02 4.02410471e-02 1.16205712e-02 2.45969503e-03 2.66492596e-03 2.00754961e-03
1.97800689e+02 6.48026273e-02 2.90714453e-02 -2.09428323e-02 4.17828415e-03 3.00224615e-03 1.51369848e-03
2.00509048e+02 1.40145798e-02 1.30767787e-02 3.31191135e-02 4.20464532e-03 1.02894576e-03 2.15468923e-03
2.03210907e+02 1.66642305e-02 -3.32223330e-02 9.92716997e-03 3.39872681e-03 1.08057021e-03 6.71854874e-03
2.05906907e+02 2.91058595e-02 -2.01946210e-02 2.38202318e-02 1.12575478e-03 1.15558171e-03 1.82864349e-03
2.08613767e+02 3.62990264e-02 -1.58742764e-02 4.17879062e-02 3.25091682e-03 1.98152928e-03 5.51144631e-03
2.11314704e+02 7.51239974e-02 1.19634485e-02 4.04712938e-03 3.26203628e-03 1.40239614e-03 6.00792251e-03
2.14022564e+02 5.15810696e-02 3.81284198e-02 -1.01344901e-03 1.15286041e-03 2.09912618e-03 2.95286884e-03
2.16725642e+02 4.17906239e-02 6.57927150e-02 2.32311146e-02 4.05746325e-03 6.93457996e-04 3.95900057e-03
2.19421782e+02 3.36305365e-02 4.33506038e-02 3.74429008e-02 2.33928450e-03 6.49127741e-04 8.99704202e-03
2.22116407e+02 -1.29951736e-02 -1.69354516e-02 1.19075271e-02 4.44023108e-03 4.01712084e-03 1.64119231e-03
2.24812720e+02 -3.72170858e-02 -4.98341955e-02 -5.32878832e-03 1.41937099e-03 1.77566149e-03 4.50851774e-03
2.27507001e+02 -7.86048265e-03 2.63262488e-04 6.77709931e-05 4.18082712e-03 2.02201532e-03 7.40214221e-03
2.30201829e+02 1.98472216e-02 -3.54624342e-02 1.89028299e-03 2.47949456e-03 7.45044288e-04 3.75756945e-03
2.32903236e+02 4.50791717e-03 -4.97474748e-03 -1.51969616e-02 4.63092146e-03 9.15737556e-04 6.96381839e-03
2.35605454e+02 -3.00453825e-02 1.07732787e-02 -2.51228166e-02 1.18051398e-03 1.11972074e-03 8.05864450e-04
2.38305314e+02 1.68062461e-03 -7.80212612e-03 5.72403662e-03 3.43278589e-03 1.38428292e-03 2.84707839e-03
2.41009486e+02 2.39140372e-02 -4.35941285e-02 -1.28489036e-02 9.05760447e-03 1.71185692e-03 9.22543183e-03
2.43704876e+02 7.49384692e-02 -4.82933335e-02 1.99590561e-03 4.49460000e-03 2.11319503e-03 5.63432651e-03
2.46403720e+02 1.06684527e-01 -2.41051898e-02 -2.33622320e-02 3.83637782e-03 3.43012838e-03 1.87606897e-03
2.49102626e+02 9.09103735e-02 7.61600796e-03 -6.21725341e-03 2.82441123e-03 7.74556880e-04 7.16100195e-03
2.51802532e+02 2.95955580e-03 -7.43696662e-03 4.85412322e-02 1.26555807e-03 1.81105622e-03 2.65811071e-03
2.54502454e+02 -3.32470341e-02 -2.01081004e-02 1.05554683e-01 6.27013052e-03 1.49138180e-03 4.49143906e-03
2.57195657e+02 7.54095617e-03 1.09908903e-02 8.31527453e-02 5.34457780e-03 9.45578675e-04 7.51749303e-03
2.59908204e+02 2.21307020e-02 8.31259307e-03 6.47237644e-02 5.88825540e-03 7.08997037e-04 5.25550960e-03
2.62599204e+02 2.76836118e-02 -1.82095170e-03 -5.19178298e-03 1.50798218e-03 7.48710621e-04 2.45685786e-03
2.65303142e+02 3.28309754e-02 1.52563690e-02 1.24621487e-02 3.73874812e-03 1.22899055e-03 1.72803244e-03
2.67990507e+02 1.13072761e-02 -1.20618034e-02 3.48958396e-02 1.18927208e-03 4.06590384e-03 2.32762035e-03
