6.72848788e-01 2.32238462e-02 5.28745359e-03 2.59705372e-02 7.38228036e-04 3.71750619e-03 1.30328354e-03
3.37348298e+00 4.09602036e-02 -5.56460341e-02 1.80315778e-02 1.70872630e-03 4.80839617e-03 2.32838130e-04
6.06760892e+00 3.96583890e-02 -1.09786181e-02 -1.51713896e-02 3.02581879e-03 9.00626722e-04 2.12067702e-03
8.76748939e+00 2.99179560e-02 -5.95771051e-03 1.78851235e-02 3.17131460e-03 1.01974897e-03 1.95788072e-03
1.14695403e+01 3.58849321e-04 -2.96847019e-02 3.91652216e-02 3.80555364e-03 3.34357661e-03 2.16483933e-03
1.41673263e+01 -3.66362226e-04 -4.36731844e-02 2.83589597e-02 5.75054389e-03 1.25911815e-03 1.41938167e-03
1.68598747e+01 1.60239060e-02 -6.63821082e-02 1.61379409e-02 1.86378575e-03 3.26837918e-03 2.09848181e-03
1.95597700e+01 2.59479019e-03 -6.34656644e-02 2.35382990e-02 1.14801754e-03 6.85866862e-04 4.14129130e-03
2.22588638e+01 -2.04674560e-02 -5.03930551e-02 9.05803397e-03 7.05878307e-03 2.38131244e-03 8.00879473e-03
2.49540966e+01 -1.13520195e-02 -2.73251610e-03 -3.97092736e-03 5.35998855e-03 1.25016775e-03 3.55705243e-03
2.76530310e+01 5.98088187e-03 1.01827975e-02 -2.93823049e-02 5.15082082e-03 1.33414082e-03 3.82685385e-03
3.03519497e+01 1.84856927e-02 3.68679320e-02 -1.97022831e-02 7.41654056e-03 1.41700530e-03 1.50512775e-03
3.30518169e+01 -4.32419461e-04 4.18018278e-02 -2.39083098e-02 4.16233213e-03 3.06690724e-03 8.49113397e-04
3.57462888e+01 -6.60390696e-03 6.24653026e-02 -3.95271530e-02 3.85374284e-03 1.07363987e-03 2.20586294e-03
3.84512810e+01 -1.70591029e-02 7.90977724e-02 8.28163037e-03 4.16817425e-03 5.42148410e-04 1.52993709e-03
4.11479528e+01 6.79289584e-03 7.44412457e-02 4.10730978e-02 1.43327417e-03 1.37475691e-03 1.79594110e-03
4.38461794e+01 9.71128391e-03 3.24932256e-02 6.95681643e-02 1.48065178e-03 1.81958813e-03 2.68091048e-03
4.65559653e+01 2.98275503e-02 -3.42064788e-02 8.70417814e-02 2.76313004e-03 7.91297410e-04 4.53982742e-03
4.92562216e+01 1.12566122e-02 1.82066372e-02 5.64875535e-02 1.53172110e-03 7.77945108e-04 1.44257589e-03
5.19636231e+01 9.51341898e-03 2.21817124e-02 1.56973510e-02 1.89035122e-03 2.10574970e-03 2.39401356e-03
5.46700966e+01 1.48061028e-02 8.01633351e-03 -3.60504452e-02 2.53422259e-03 1.35196568e-03 1.35694633e-03
5.73818435e+01 -1.22633463e-02 4.48376186e-02 -4.31336689e-02 1.85360757e-03 3.73969401e-03 1.59030091e-03
6.00797591e+01 -1.43221465e-02 4.32463097e-02 -1.51061666e-02 2.86520691e-03 6.79934778e-04 1.70209396e-03
6.27842294e+01 6.14195529e-03 1.75114423e-02 -5.69934429e-03 2.80137545e-03 1.32253936e-03 3.26945865e-03
6.54857278e+01 2.32504181e-02 -2.95113069e-03 2.12653077e-02 8.61544444e-04 1.60442815e-03 1.07903703e-03
6.81876185e+01 2.13704581e-02 -1.29006333e-02 2.76978337e-02 6.55078674e-04 5.26253631e-04 1.91324149e-03
7.08949966e+01 1.76701018e-02 -1.95343721e-02 1.01381842e-02 1.10896619e-03 2.38908506e-03 3.02090004e-03
7.35911450e+01 5.67742862e-03 -3.09918100e-02 5.64671699e-03 2.34350552e-03 1.05261045e-03 7.53092662e-04
7.62902825e+01 -7.76331662e-03 1.59912412e-02 2.71900545e-02 8.88616953e-04 8.89857943e-04 4.81708253e-03
7.89884966e+01 -1.49917769e-02 -2.35639626e-02 1.57726088e-02 7.88432509e-04 1.72135148e-03 5.84568841e-03
8.16854481e+01 -1.74634813e-02 -2.67104443e-02 3.97816170e-04 1.62071345e-03 8.58717976e-04 4.42152566e-03
8.43847060e+01 -5.17447731e-03 -2.24626698e-02 9.48854469e-03 2.48031766e-03 1.32934219e-03 6.99848175e-03
8.70816044e+01 1.45428415e-03 -8.43429297e-03 2.54331704e-02 3.08669456e-03 2.04328179e-03 1.48151365e-03
8.97834185e+01 -1.07385955e-02 -1.29548377e-02 1.91811801e-02 2.99986940e-03 1.64306829e-03 1.74893986e-03
9.24815653e+01 -1.90925265e-02 -4.35639168e-02 1.73962481e-02 1.88881972e-03 2.11963734e-03 2.42734909e-03
9.51844356e+01 -7.50570004e-04 -5.38480832e-02 3.57987001e-02 2.09548537e-03 2.17000726e-03 8.61285606e-03
9.78865685e+01 -1.36266120e-03 -1.01931644e-02 -4.60747187e-03 3.30250350e-04 1.01638004e-03 4.61420563e-03
1.00589892e+02 -1.30501591e-03 2.64661479e-02 -1.27286466e-02 1.18201223e-03 5.40710917e-04 4.83415813e-04
1.03299470e+02 -2.89411212e-03 3.95778656e-03 1.00651113e-02 3.98403233e-03 2.55233271e-03 2.01642621e-03
1.06000970e+02 -1.56308658e-02 2.51903254e-02 2.30058649e-02 1.10745202e-03 2.18562608e-03 1.23310615e-03
1.08700142e+02 1.85017255e-02 3.30280468e-02 1.94925854e-02 3.88870304e-03 2.03145072e-03 4.26113054e-03
1.11396267e+02 2.46112493e-02 1.60012000e-02 3.39203528e-02 1.30936722e-03 1.53644718e-03 2.63270234e-03
1.14103908e+02 -5.18982367e-04 1.43734449e-02 5.85837707e-02 1.97938327e-03 1.57572179e-03 2.49202506e-03
1.16798595e+02 -1.85466951e-02 1.67811137e-02 3.60988219e-02 1.00896279e-03 1.70303984e-03 4.50722980e-03
1.19487548e+02 -4.81790926e-03 6.02387418e-02 1.40362489e-02 2.37455076e-03 1.16204531e-03 3.37750922e-03
1.22183517e+02 1.53506390e-02 7.42712775e-02 3.05561404e-02 6.23847439e-03 1.55357561e-03 1.68106583e-03
1.24881486e+02 1.19989281e-02 -2.45676374e-03 2.95338584e-02 4.07185989e-03 1.92432756e-03 3.63769429e-03
1.27584658e+02 6.52358866e-03 2.02601956e-02 4.14746090e-03 5.00767843e-03 4.11658368e-03 9.61525194e-04
1.30298517e+02 1.48840583e-02 4.02112024e-02 1.96196811e-03 3.42265437e-03 2.92015155e-03 1.58677735e-03
1.33000689e+02 8.76662235e-03 7.12698378e-03 -6.89261615e-02 1.36208424e-03 5.96323143e-04 1.13274377e-03
1.35703392e+02 -1.83445728e-02 -8.57435626e-02 -1.09723425e-01 1.19289942e-03 2.75568356e-03 2.13142920e-03
1.38396189e+02 -1.52453319e-02 -5.40371313e-03 -8.12196338e-02 1.08771741e-03 1.15010598e-03 4.85247178e-04
1.41083345e+02 -2.69982431e-02 6.25552799e-02 2.34993971e-03 4.97380554e-03 1.07252677e-03 1.74413667e-03
1.43773001e+02 -2.76219112e-02 1.51306359e-02 3.87687894e-02 3.20204890e-03 7.49957612e-04 1.86615848e-03
1.46469876e+02 -5.78327114e-02 -8.28581346e-03 6.19547450e-02 2.36418532e-03 1.44539095e-03 4.53661708e-03
1.49176345e+02 -3.88397422e-02 -2.80795293e-02 4.03251224e-02 2.75352409e-03 7.89620631e-03 1.83363779e-03
1.51877986e+02 8.42061265e-03 -2.39309909e-02 -9.23055773e-03 1.42757908e-03 2.24338340e-03 9.61790753e-04
1.54579626e+02 2.38698138e-02 -1.43578304e-02 3.68250038e-02 2.92955029e-03 6.94109486e-04 1.96180671e-03
1.57281658e+02 3.10799541e-02 1.16140185e-02 3.72143265e-02 3.18639335e-03 3.64875412e-03 7.72811503e-03
1.59983548e+02 5.48324773e-03 3.09583141e-02 -2.15273694e-02 6.41483593e-03 1.18670543e-03 5.97922267e-03
1.62693095e+02 -8.35341318e-02 6.03038669e-02 -1.39007737e-02 3.24537781e-03 1.48227525e-03 5.60223915e-03
1.65392454e+02 -5.16728262e-02 2.36458292e-02 2.00620938e-02 4.17930879e-03 1.13856652e-03 4.38599321e-03
1.68096017e+02 1.49211405e-02 -1.03232526e-02 -2.64712289e-02 7.30276504e-03 3.65803820e-03 4.19019790e-03
1.70794236e+02 2.44167268e-02 2.37222272e-03 -2.55332247e-02 1.71295668e-03 2.94170796e-03 1.04582465e-02
1.73497861e+02 -9.18974725e-03 -1.87860443e-02 1.99102617e-02 2.71855197e-03 3.76992270e-03 2.10256420e-03
1.76196064e+02 -5.04224559e-02 -2.26950886e-02 -2.40138100e-02 4.68826027e-03 1.78219711e-04 6.05361563e-03
1.78893204e+02 -2.42928374e-02 8.77688917e-03 -2.97907688e-02 5.44712815e-03 1.17792913e-03 1.04257906e-02
1.81594142e+02 1.95594496e-03 -2.10861524e-02 -3.60027414e-02 5.12982750e-03 7.28725204e-04 4.52313065e-03
1.84292329e+02 1.65018733e-02 -3.31740649e-02 -4.06535935e-03 1.55687564e-03 1.25685696e-03 1.81211920e-03
1.86999204e+02 2.17809572e-02 3.77542390e-03 2.34965510e-02 4.87618231e-03 1.51806784e-03 3.39818519e-03
1.89697798e+02 2.18719902e-03 -6.40263607e-03 -1.73946972e-02 1.29788556e-03 1.49179919e-03 9.85178756e-03
1.92395142e+02 -1.35415711e-02 -1.13703729e-02 -5.07620615e-02 5.59723522e-03 1.06574530e-03 4.37739914e-03
1.95095611e+02 7.88942188e-03 -1.56536992e-02 -8.40407440e-02 5.67517752e-03 1.07271971e-03 8.01948529e-03
1.97802017e+02 1.07017489e-02 -1.13346954e-02 -5.91216233e-02 2.32861594e-03 9.04308431e-04 3.00821218e-03
2.00508454e+02 -2.36940434e-02 1.42432931e-02 8.62909988e-03 6.96146974e-03 6.96894764e-03 9.26222287e-04
2.03210892e+02 -4.56765085e-02 1.01485434e-02 6.84282107e-02 4.31806745e-03 9.52568925e-04 3.45688476e-03
2.05909329e+02 -8.58295531e-02 8.51421986e-02 5.08655869e-02 5.76796654e-03 2.07606053e-03 6.29710061e-03
2.08606314e+02 -4.54720962e-02 4.90705842e-02 3.46330773e-02 7.92855790e-03 1.17768082e-03 8.29959283e-03
2.11303329e+02 -3.25124735e-02 2.34748636e-02 -1.36065258e-02 3.32085842e-03 1.39023532e-03 4.15984126e-03
2.14008298e+02 -5.25958932e-02 -3.28177473e-03 -3.79873801e-02 3.17796315e-03 8.07270743e-04 1.54675590e-03
2.16708329e+02 -6.06838820e-02 -2.80167932e-03 -4.65043179e-03 5.89239073e-03 1.54702948e-03 4.15620309e-03
2.19413361e+02 -4.12998107e-02 -2.60604475e-02 7.18829948e-03 4.26397736e-03 1.20074128e-03 9.64491425e-03
2.22112736e+02 -1.21582767e-03 2.24086615e-02 2.19110226e-02 5.24560376e-03 1.57828771e-03 7.24281139e-03
2.24814689e+02 3.40281210e-02 2.34452023e-02 -1.77558428e-02 4.40920136e-03 6.57867187e-03 9.23541305e-03
2.27517048e+02 5.50415672e-02 5.49627393e-03 -4.23738337e-02 5.45651791e-03 9.76955324e-04 6.11940574e-03
2.30219861e+02 4.28835628e-02 -3.40129282e-03 -3.21844322e-02 1.97430443e-03 2.94043285e-03 3.21796244e-03
2.32916689e+02 3.62824091e-02 -1.86168274e-02 -7.13289749e-02 1.14439064e-03 7.45607267e-04 2.63794719e-03
2.35629392e+02 -3.81034791e-02 -4.45884629e-02 -3.11279034e-02 1.38981654e-03 5.90878018e-04 2.67908030e-03
2.38334361e+02 -7.70653493e-02 -1.93433532e-02 5.68640797e-02 2.47252471e-03 2.84950337e-03 3.58030245e-03
2.41031736e+02 -6.14885895e-02 -1.13092921e-02 4.91321737e-02 3.39170129e-03 7.70510118e-04 1.02428560e-02
2.43726486e+02 -4.74101444e-02 4.86903335e-02 -5.24648994e-02 5.82456216e-03 1.24743629e-03 3.46454604e-03
2.46415329e+02 1.88500205e-02 4.11324570e-02 -1.00526610e-01 5.53932916e-03 1.78329429e-03 3.45091329e-03
2.49110564e+02 8.65216233e-04 2.20097995e-02 -6.52852876e-02 5.50485933e-03 1.05870351e-03 6.76123191e-03
2.51804751e+02 -6.47083075e-02 2.78255258e-02 -8.78994096e-03 3.23768919e-03 5.16603293e-04 6.50170655e-03
2.54498283e+02 -8.64459224e-02 3.53225667e-03 5.77739434e-02 4.07440461e-03 1.45851098e-03 1.12327045e-03
2.57205033e+02 -7.55779776e-02 3.58762075e-03 -1.94098424e-02 2.85275092e-03 1.15399295e-03 4.41867452e-03
2.59911064e+02 -1.36456030e-03 -1.54069959e-02 -6.92238517e-02 9.73868711e-03 1.49878709e-03 1.24174581e-03
2.62604204e+02 8.63300349e-03 9.72149132e-03 -8.80156977e-02 1.01251253e-03 1.46962984e-03 3.01247245e-03
2.65304501e+02 1.62014066e-02 -2.79469027e-02 -6.35249939e-02 2.07100611e-03 1.70287351e-03 2.24854074e-03
2.67997052e+02 -1.25027867e-02 2.12741037e-02 -9.72526801e-03 4.85403799e-03 7.77134638e-04 1.48981454e-03
