6.60935030e-01 5.40132838e-03 -1.74942536e-02 1.81753344e-02 1.01899916e-03 2.22482959e-03 1.65071694e-03
3.35896003e+00 -6.28301632e-03 -3.17179112e-02 2.01588835e-02 4.43120931e-04 1.21215725e-03 3.74173381e-03
6.05799284e+00 -9.26296288e-03 -2.59487221e-02 -1.01329429e-02 1.22615559e-03 1.10316907e-03 1.65911027e-03
8.75732815e+00 -2.34309777e-02 1.89865467e-02 -7.72973872e-03 2.48101859e-03 1.40167620e-03 1.94083098e-03
1.14553397e+01 -4.45903971e-02 3.06504316e-02 -2.30504723e-02 2.01517627e-03 2.19164945e-03 9.99492721e-04
1.41551772e+01 -2.25954834e-02 -1.11155459e-05 -2.78969177e-02 1.46986516e-03 1.11423874e-03 1.71922688e-03
1.68523538e+01 -2.29376316e-03 4.09994657e-03 4.99897040e-03 1.88739643e-03 1.61315277e-03 2.86270103e-03
1.95503678e+01 -2.52731500e-03 1.69288567e-02 2.67035080e-02 1.97381892e-03 1.58844719e-03 2.75930553e-03
2.22532460e+01 -3.23577658e-02 3.48144605e-02 4.25553283e-02 2.73152061e-03 3.23711333e-03 5.88830637e-03
2.49581257e+01 -4.67019925e-02 3.61002859e-02 5.60943785e-02 2.82022289e-03 7.63678405e-04 1.29553856e-03
2.76620600e+01 -3.30530194e-03 4.62348712e-02 1.81027607e-02 2.54593983e-03 9.07226768e-04 5.32093943e-03
3.03610678e+01 -5.59832894e-03 -8.31860116e-03 1.33515335e-02 1.66579390e-03 1.57318357e-03 4.59060359e-03
3.30653725e+01 2.03312874e-03 -7.78037615e-02 3.73441008e-02 7.34784057e-04 1.68168742e-03 2.86251266e-03
3.57650460e+01 -1.94985689e-02 -4.12704781e-02 2.39022102e-02 2.41881527e-03 1.07718709e-03 8.70496388e-04
3.84587725e+01 -1.83386454e-02 -2.45938060e-02 8.43896746e-03 3.44279489e-03 9.02492729e-04 1.42881576e-03
4.11635553e+01 -1.60286278e-02 -2.59731054e-02 -9.09603593e-03 1.52045223e-03 2.51235805e-03 1.38066353e-03
4.38714975e+01 -1.14382859e-02 -9.23395965e-03 -3.81921535e-02 1.19416369e-03 6.72535886e-04 1.49174411e-03
4.65705835e+01 -3.69091410e-02 1.42117393e-02 -9.16981132e-02 2.90858470e-03 1.64378038e-03 1.38470147e-03
4.92726757e+01 -2.07639962e-02 4.13344273e-02 -7.85447473e-02 1.70650865e-03 5.92428371e-04 5.08681985e-03
5.19721397e+01 2.83723725e-03 1.01889916e-02 -4.43716857e-02 3.51785307e-03 2.96200059e-03 7.63857954e-03
5.46671491e+01 3.28163504e-02 -2.51233068e-02 3.37133799e-03 1.98356668e-03 3.00027302e-03 5.62016222e-03
5.73676303e+01 4.00579188e-02 -5.43913667e-02 4.96401574e-02 2.51358157e-03 2.03867044e-03 9.18485071e-03
6.00715725e+01 1.28440712e-02 -2.67263793e-02 2.41646572e-02 3.19487557e-03 2.19638577e-03 1.08918678e-02
6.27725710e+01 4.83791657e-03 -8.76977453e-03 -2.44788425e-02 5.65598514e-04 4.00650096e-04 6.46167886e-03
6.54722522e+01 2.30454364e-02 -6.41050968e-03 -4.92193820e-02 7.11695699e-04 9.11925504e-04 3.93285853e-03
6.81824835e+01 1.91644024e-02 2.78798286e-02 -4.57221971e-02 4.40944285e-04 8.36468200e-04 2.25335049e-03
7.08836569e+01 -1.62768240e-02 4.81105774e-03 -3.97628387e-02 1.88581908e-03 2.96547890e-03 1.40133863e-03
7.35964444e+01 -3.36880966e-02 5.43266517e-03 3.35626572e-02 2.29595832e-03 2.07904076e-03 4.79600933e-03
7.62945444e+01 -1.43313993e-02 -3.31433767e-02 1.57039383e-02 2.06906839e-03 6.93456269e-04 2.96647265e-03
7.89947741e+01 -4.56123137e-03 -1.61684734e-02 -5.09687882e-02 1.79822851e-03 2.25603012e-03 1.23023233e-03
8.17060350e+01 -1.35170550e-02 3.02925548e-03 -5.81604272e-02 1.93402452e-03 1.14241930e-03 2.63533756e-03
8.44115428e+01 -2.06372467e-02 -2.70216341e-02 -4.34219262e-02 3.88052402e-03 7.53988420e-04 3.09658805e-03
8.71097491e+01 -1.56926862e-03 1.65171854e-02 -3.97744011e-02 3.11783206e-03 4.67058271e-04 1.13937785e-03
8.98171053e+01 3.89851401e-03 7.17121274e-02 5.42152475e-03 1.13029030e-03 1.88649966e-03 2.73141095e-03
9.25163835e+01 2.07491884e-02 3.61069753e-02 9.37384319e-03 3.66034111e-03 1.60426436e-03 2.05740803e-03
9.52197741e+01 -4.10013459e-03 3.21799721e-02 -2.53560985e-02 1.02467791e-03 1.39645817e-03 3.55174825e-03
9.79185116e+01 -2.12000608e-02 3.45112041e-03 2.36964318e-03 2.16352038e-04 3.34481709e-03 1.88367768e-03
1.00610102e+02 -7.59456068e-03 1.63758137e-02 2.60491449e-02 1.66016845e-03 3.39471969e-03 8.56816053e-04
1.03303383e+02 -1.58130388e-02 -4.96681051e-03 1.38897979e-03 6.71201989e-04 1.07727178e-03 2.68067136e-03
1.06005508e+02 -1.30310415e-03 -7.56983406e-03 -3.11932975e-02 2.07430398e-03 1.80860534e-03 3.11592608e-03
1.08707133e+02 1.20258086e-02 4.04496018e-02 -4.07473767e-02 3.14917249e-03 9.66039291e-04 1.53937459e-03
1.11400524e+02 3.12459544e-02 3.71651773e-02 -1.06160643e-02 4.47543041e-03 2.73240957e-03 1.92827416e-03
1.14098633e+02 5.06405420e-03 -9.52079276e-03 -2.01347765e-02 3.84131644e-03 1.21270604e-03 7.61294916e-04
1.16791133e+02 -1.83568516e-02 -3.44497873e-02 -5.03436182e-03 2.35561995e-03 1.72497756e-03 2.98089631e-03
1.19486774e+02 1.04647185e-03 -1.51685181e-02 -2.92665347e-02 2.81412890e-03 2.06379916e-03 2.36584774e-03
1.22181055e+02 -1.52440855e-02 -1.76385945e-02 -9.18300554e-02 1.56915829e-03 1.47610132e-03 1.57032152e-03
1.24879399e+02 -1.85992200e-02 5.91821955e-03 -8.96006088e-02 6.18656615e-04 1.46232394e-03 3.68416899e-03
1.27585493e+02 -1.09871547e-02 -3.86894579e-02 -4.65891931e-03 2.58727074e-03 2.45939039e-03 1.98741266e-03
1.30277040e+02 -4.45847825e-03 -2.46220020e-02 2.15895358e-02 2.58786633e-03 4.25749868e-03 2.77881140e-03
1.32971212e+02 -7.56220633e-03 1.45733115e-02 2.97904583e-02 2.05075807e-03 1.86611649e-03 9.31968217e-04
1.35666758e+02 1.76337081e-02 4.18737393e-02 -5.11132936e-03 2.60441847e-03 2.28730992e-04 1.17505446e-03
1.38364243e+02 1.09300341e-02 2.50128379e-02 5.23791390e-03 2.87628214e-03 1.06449785e-03 1.91535165e-03
1.41066133e+02 2.30129844e-03 4.26085520e-02 4.56441525e-02 5.81173409e-03 1.33077651e-03 1.36362174e-03
1.43776102e+02 -2.31996437e-02 6.93626274e-02 8.16985819e-02 3.89724799e-03 1.49205092e-03 2.83529825e-03
1.46478087e+02 -3.19440996e-02 1.09509944e-04 4.47194936e-02 1.06141793e-03 1.38387579e-03 6.84460894e-03
1.49182743e+02 3.38291662e-02 -2.02552233e-02 -6.22046244e-02 1.76088180e-03 2.90156226e-03 2.89370255e-03
1.51890524e+02 9.78019895e-02 6.59409453e-02 -1.16906032e-01 3.43611907e-03 1.10465355e-03 6.88301502e-03
1.54592837e+02 1.02599359e-01 6.92769554e-02 -8.18802189e-02 7.87869752e-03 1.47929102e-03 5.77995552e-03
1.57306368e+02 2.73522038e-02 1.55251190e-02 2.94050897e-02 9.51906947e-03 1.37575987e-03 4.41721647e-03
1.59996930e+02 -9.07854412e-03 -4.10614331e-02 6.01580533e-02 1.68535504e-03 1.13447272e-03 6.28240519e-03
1.62695962e+02 -1.51257561e-02 -4.58866972e-02 5.62901543e-02 2.59911644e-03 8.37233154e-04 5.16853733e-03
1.65394618e+02 -2.28203344e-02 3.52474224e-03 1.81760659e-02 2.46933141e-03 4.43208209e-04 5.92184656e-03
1.68099524e+02 -1.80922989e-02 8.89250176e-03 3.81778624e-02 2.48521529e-03 1.82536509e-03 1.97468654e-03
1.70799149e+02 -2.40121986e-03 -1.05136225e-02 5.48275140e-02 2.29327888e-03 9.66690856e-04 6.69882053e-03
1.73503837e+02 -3.01284791e-02 3.39428696e-02 9.41389559e-02 3.66708947e-03 1.94864231e-03 2.47632234e-03
1.76199915e+02 -3.32349441e-02 6.01650229e-02 7.17656376e-02 1.61197583e-03 7.89924985e-04 1.48318397e-03
1.78898899e+02 -1.66814818e-02 3.82597062e-02 1.34008124e-03 1.36227095e-03 3.37978600e-03 3.57572124e-03
1.81605868e+02 -3.16314250e-02 1.42366628e-02 3.68795719e-02 5.88075712e-03 1.18494993e-03 2.42883359e-03
1.84306321e+02 -1.15894092e-02 -1.07015629e-02 5.34640906e-02 6.05976008e-03 2.62076369e-03 3.56391887e-03
1.87006602e+02 1.09597264e-02 2.70974322e-03 4.41684520e-02 3.50169096e-03 2.61274556e-03 3.19522146e-03
1.89699462e+02 3.85528266e-02 -6.83763016e-03 2.87445497e-02 3.31824404e-03 1.66995000e-03 2.98352516e-03
1.92399680e+02 2.33504946e-02 5.24086643e-03 -2.29769892e-02 2.02060542e-03 6.98647503e-04 1.18684194e-02
1.95104493e+02 5.22461625e-02 5.05597739e-02 -1.07166989e-02 4.35254133e-03 2.65230884e-03 3.64119171e-03
1.97806477e+02 8.52343858e-02 2.88173560e-02 -3.05643624e-02 8.44880492e-03 1.59382392e-03 8.96862346e-03
2.00512930e+02 3.20822871e-02 -8.70685179e-03 -1.17231966e-03 1.07158926e-02 5.23878582e-03 2.75600104e-03
2.03212727e+02 -1.17504796e-02 -2.40100544e-02 -1.04794661e-02 3.09965436e-03 1.88744238e-03 6.16476506e-03
2.05910977e+02 -7.84678853e-03 -6.45936184e-02 2.10992480e-03 3.11111339e-03 1.16764478e-03 2.92286651e-03
2.08614555e+02 1.74229690e-02 -3.94913048e-02 -1.20103901e-04 2.75231460e-03 1.85167674e-03 2.72567334e-03
2.11318133e+02 5.76210630e-02 6.20729489e-03 -3.66265696e-02 2.18853441e-03 1.11795906e-03 2.26464065e-03
2.14029727e+02 3.69536350e-02 1.66915033e-02 -2.10955903e-02 2.50613467e-03 9.33997950e-04 1.55493582e-03
2.16725665e+02 2.30294548e-02 1.01939713e-02 -1.03674030e-03 3.65713886e-03 4.00974641e-04 2.55816973e-03
2.19415508e+02 1.82412582e-02 2.48753689e-02 3.34267360e-02 2.48704190e-03 9.60330829e-04 5.90297873e-03
2.22116180e+02 -8.97072772e-03 -4.13625606e-03 4.94090973e-02 4.95125760e-03 1.98612385e-03 2.75159602e-03
2.24807571e+02 1.18376216e-02 -3.16006448e-02 4.17191324e-03 2.39503687e-03 3.51360376e-03 2.94243557e-03
2.27500899e+02 2.50789008e-02 -3.01326655e-02 1.58615513e-03 1.29786586e-03 1.42857506e-03 4.81783480e-03
2.30194602e+02 3.32056019e-02 1.05253018e-02 -6.60805882e-04 2.82487693e-03 1.34720488e-03 1.36159416e-03
2.32897727e+02 -3.82452445e-02 2.39737459e-02 2.99502568e-02 4.63848459e-03 2.11968128e-03 2.37571204e-03
2.35600243e+02 -7.98785511e-02 1.69007760e-02 4.55631423e-02 4.68755537e-03 6.98176096e-04 2.95338378e-03
2.38304618e+02 -7.42741044e-02 -2.69619457e-02 5.26697554e-02 1.17457837e-03 2.38202802e-03 4.10859789e-03
2.41007227e+02 -2.97585186e-02 -3.61731906e-02 -6.32422960e-03 3.81061155e-03 7.54657953e-04 6.93038814e-03
2.43712040e+02 3.44163292e-02 -4.39295590e-02 -1.94296397e-02 5.14270551e-03 2.95447546e-03 7.07584081e-03
2.46405649e+02 8.18862293e-02 -4.98323676e-03 -3.74756324e-02 1.39885634e-03 2.41524224e-03 7.82940884e-03
2.49104899e+02 5.55110815e-02 -1.33363735e-02 -1.69395982e-02 1.53305506e-03 6.88945568e-04 7.11152361e-03
2.51802446e+02 -2.09962254e-02 -2.62678625e-02 7.26276942e-02 6.41923392e-04 1.89655420e-03 3.25009841e-03
2.54504508e+02 -9.36992109e-02 -1.23271339e-02 9.65107463e-02 2.33261319e-03 1.18101914e-03 3.94528662e-03
2.57202524e+02 -5.50808566e-02 2.39085289e-03 1.29693485e-01 6.96090057e-03 1.54996832e-03 1.04900891e-02
2.59903587e+02 -1.35613119e-02 8.70321227e-03 6.00047095e-02 7.47258342e-03 5.14276005e-04 3.25895003e-03
2.62605805e+02 -8.08904427e-03 5.62629167e-03 -9.90550934e-03 6.43123731e-03 1.08577038e-03 1.35881990e-03
2.65302618e+02 -9.74591529e-03 4.74079372e-02 1.20347816e-03 4.14281391e-03 1.83491089e-03 1.82211679e-03
2.67992503e+02 2.52654477e-02 1.86518622e-02 1.01237448e-02 4.84603826e-03 4.26992501e-03 1.92838789e-03
