6.59336606e-01 2.99419552e-03 1.33171910e-02 1.49491268e-02 1.92107786e-03 6.41849457e-04 1.94591873e-03
3.35442274e+00 6.27278300e-03 -2.61491881e-02 2.11323501e-02 2.77123294e-03 2.14780127e-03 5.45529938e-04
6.06477930e+00 -2.49948310e-02 -4.77424381e-02 5.97876135e-02 6.86409728e-03 1.73066059e-03 4.80130516e-04
8.76272274e+00 -2.87084014e-02 -6.64839926e-02 7.17603027e-02 6.70144836e-03 2.35791726e-03 1.15936322e-03
1.14716954e+01 2.28454285e-03 -3.55726664e-02 9.34786035e-02 2.26615419e-03 2.08510147e-03 2.03530825e-03
1.41738345e+01 1.77101402e-02 -2.55690060e-02 3.21809666e-02 3.39586128e-03 2.11911205e-03 1.59183988e-03
1.68658923e+01 4.30002926e-02 2.97299545e-02 -3.70551899e-02 2.53591111e-03 6.41632514e-04 1.23747556e-03
1.95631673e+01 1.74571487e-02 3.20899180e-02 -7.68726711e-03 3.87568865e-03 7.55513891e-04 7.74006593e-04
2.22708470e+01 -1.64455126e-02 3.06476494e-02 3.43811444e-02 1.57182377e-03 2.33780009e-03 2.25853551e-03
2.49752516e+01 -9.22715090e-03 3.63573370e-02 6.18063243e-02 9.64515206e-04 1.05005106e-03 1.91697089e-03
2.76705110e+01 -7.66727257e-03 -5.35413353e-02 2.55332837e-02 2.19411919e-03 1.77345848e-03 8.55377105e-04
3.03717970e+01 4.76918000e-03 -4.37872918e-02 -1.23153890e-02 2.51027817e-03 6.04994002e-04 1.63186965e-03
3.30701813e+01 3.56896702e-02 9.93111564e-03 -2.62853321e-02 2.76783990e-03 2.39877247e-03 8.82968423e-04
3.57707157e+01 2.87510892e-02 3.30644553e-02 -4.84551845e-02 9.10793685e-04 1.80917110e-03 2.95940051e-03
3.84762485e+01 2.79529507e-02 3.78952054e-02 -6.64776562e-02 4.81370171e-03 3.94787057e-04 2.95132352e-03
4.11777391e+01 1.82388636e-02 3.26283051e-02 -5.35233560e-02 2.57587745e-03 5.71776128e-03 2.34988790e-03
4.38761079e+01 1.11406303e-02 3.29028184e-02 -1.19099877e-02 1.18862503e-03 5.08422983e-04 1.95039695e-03
4.65839329e+01 -1.12575684e-02 5.62619616e-02 1.93490567e-02 4.34028029e-03 1.81606261e-03 2.20281476e-03
4.92812251e+01 -3.06649600e-03 7.42838192e-02 -2.66049914e-03 2.12708635e-03 7.37712904e-04 1.69969202e-03
5.19789220e+01 -2.32812687e-02 4.57738370e-02 -2.67206745e-02 2.20122563e-03 8.44216770e-04 8.09566060e-04
5.46849141e+01 -4.04403138e-02 7.83382768e-04 -2.32410278e-02 4.15062685e-03 1.08413688e-03 1.11168317e-03
5.73839282e+01 -4.06817709e-02 -3.96355136e-02 1.30402914e-03 3.37147509e-03 1.99569198e-03 8.74572293e-04
6.00782813e+01 -5.89547198e-03 -5.40767042e-02 1.53494976e-02 2.51639344e-03 2.32267254e-03 1.90895931e-03
6.27730938e+01 6.40604992e-03 -1.82795202e-02 5.28272173e-02 1.94584185e-03 1.76143327e-03 1.67526640e-03
6.54733766e+01 -5.61485660e-03 5.02668081e-02 7.33769416e-02 2.19902343e-03 2.00077230e-04 2.09454491e-03
6.81618173e+01 1.72362005e-02 4.33017683e-02 2.58294052e-02 1.35224294e-03 1.78760611e-03 5.16612049e-03
7.08627001e+01 1.77440438e-02 2.82604808e-02 -2.47729620e-02 1.86955747e-03 3.11665253e-03 5.28815577e-03
7.35665782e+01 3.35545654e-02 1.90116846e-02 -5.00803335e-02 3.62966491e-03 1.14017340e-03 3.43350879e-04
7.62730954e+01 -1.68305100e-02 -3.58691989e-02 -1.54681490e-02 2.57428455e-03 4.98698017e-04 8.10257310e-04
7.89782673e+01 -3.37453244e-04 -3.28326136e-02 -4.65760514e-03 1.61932226e-03 5.31216516e-04 1.94827806e-03
8.16806860e+01 3.88959486e-03 -1.21264985e-02 1.74693911e-02 1.59171402e-03 1.64695658e-03 2.24217811e-03
8.43876813e+01 2.60080714e-03 -3.83351731e-02 1.25327297e-02 2.39127784e-03 2.54721503e-04 1.32014413e-03
8.70889220e+01 1.00346154e-02 -3.82703092e-02 -1.05082649e-02 2.67008960e-03 1.13467919e-03 1.44660328e-03
8.97920095e+01 -4.01945888e-03 -1.81753749e-02 -3.76723137e-02 4.94549378e-03 8.79338858e-04 2.45695808e-03
9.24986907e+01 -3.10745702e-03 1.11797218e-03 -1.25120944e-02 1.01786047e-03 1.05065638e-03 4.86208581e-03
9.51939157e+01 1.95015556e-02 -4.51483966e-02 2.15798387e-02 1.44783125e-03 4.09101871e-04 1.41929817e-03
9.78985626e+01 3.14377884e-03 9.22675263e-03 2.54277438e-02 2.44566191e-03 1.94868732e-03 1.13393842e-03
1.00607033e+02 -3.15560003e-02 1.56641424e-03 1.41155339e-02 1.68987604e-03 9.91214174e-04 3.25957052e-03
1.03305361e+02 -1.48221198e-02 -6.98490226e-03 3.29190931e-02 2.89978498e-03 3.95637820e-03 4.29907120e-03
1.06004924e+02 1.52896892e-02 -1.28713734e-02 2.24962833e-02 4.87996627e-04 4.48810705e-04 3.55212519e-03
1.08705611e+02 3.96023759e-02 2.01224768e-02 2.66637947e-03 1.26765236e-03 2.50263368e-03 2.67606087e-03
1.11405830e+02 4.22848313e-02 4.29042906e-03 -1.72512101e-02 1.86960231e-03 1.96448669e-03 5.38877554e-04
1.14098408e+02 2.36495783e-02 4.72817493e-03 -1.03483743e-02 3.15042765e-03 2.09425401e-03 2.16316351e-03
1.16796064e+02 2.85810711e-02 4.79084921e-03 -1.32533990e-02 2.37675443e-03 2.76700669e-03 5.86672791e-03
1.19486970e+02 5.36627568e-02 -1.96983821e-03 -5.88743282e-02 2.16094864e-03 1.58677144e-03 3.86197318e-03
1.22180924e+02 6.29889578e-02 -2.65993919e-02 -2.45312171e-02 5.73854480e-03 4.39142308e-03 5.15654021e-03
1.24872470e+02 2.17812326e-02 -3.95683201e-02 -5.79725584e-03 4.91981404e-03 3.90523014e-03 2.74467358e-03
1.27564189e+02 2.40335792e-03 -2.70441206e-02 -5.08097449e-02 6.99732205e-03 2.15006267e-03 9.09113397e-03
1.30260689e+02 2.06274176e-02 -3.64827997e-03 -5.98794719e-02 5.74832090e-03 1.03300058e-03 6.05632866e-03
1.32954220e+02 3.53963625e-02 6.99220211e-03 -4.02771363e-02 2.88130505e-03 5.03905065e-04 1.85978631e-03
1.35654314e+02 3.05305654e-02 3.09094348e-04 -5.50994361e-02 5.28029093e-03 1.98530789e-03 2.17831760e-03
1.38367189e+02 1.12515494e-02 5.91858366e-03 -6.59417961e-02 7.88059380e-04 1.17640261e-03 3.75987517e-03
1.41079892e+02 -6.21587868e-03 4.17136506e-03 -4.83482115e-02 1.40871049e-03 1.89387154e-03 2.19306748e-03
1.43780002e+02 7.38028917e-03 -2.45226558e-02 -7.36685237e-02 3.22210526e-03 2.28188829e-03 2.90455177e-04
1.46492064e+02 8.58017218e-03 3.61461901e-02 -6.58115194e-02 6.55030967e-03 1.03174621e-03 2.61452641e-03
1.49200002e+02 -1.31634265e-02 6.08171961e-02 2.34288245e-02 3.03382641e-03 1.73646510e-03 1.23628817e-03
1.51899705e+02 -2.99221726e-02 4.08038991e-02 3.47231784e-02 2.00299712e-03 1.75011319e-03 5.03010018e-03
1.54595627e+02 -1.11975848e-02 1.78505815e-02 8.74921301e-03 6.20935553e-03 7.94834608e-04 4.79967859e-03
1.57287580e+02 9.67691158e-03 -1.86917086e-02 -7.88191164e-03 2.19338115e-03 3.64309514e-04 1.46095753e-03
1.59979814e+02 4.85911947e-02 -4.17859664e-02 6.10635963e-02 2.16541062e-03 1.51418615e-03 6.23188699e-03
1.62683611e+02 1.33971494e-02 6.79012548e-03 6.98761404e-02 2.11149413e-03 1.56082493e-03 8.90255815e-03
1.65387908e+02 7.73853624e-03 -1.27806455e-02 9.15106766e-02 3.30572700e-03 8.41752375e-04 1.25864355e-03
1.68083955e+02 2.76982520e-02 -1.94129361e-02 3.46093516e-02 4.60662306e-03 1.06353243e-03 5.26451958e-03
1.70778533e+02 4.16654839e-02 8.33290653e-03 -2.61966679e-02 3.62353508e-03 1.13350920e-03 6.17515828e-03
1.73472892e+02 3.65199609e-02 -2.83882615e-02 -5.36967920e-02 4.89881902e-03 3.75759435e-04 4.15958608e-03
1.76177611e+02 -2.17635194e-02 -1.52010389e-02 -8.09736189e-03 7.25668747e-03 9.84673501e-04 5.11613847e-03
1.78879799e+02 -5.95459846e-02 1.10841135e-02 4.17833856e-02 5.04731842e-03 3.01444629e-03 6.42887334e-03
1.81573361e+02 2.85336880e-03 1.12211095e-02 5.74538972e-02 2.02077261e-03 3.06698100e-03 2.85242912e-03
1.84276283e+02 1.23770168e-02 3.40135857e-02 3.08853025e-02 3.16054223e-03 1.18146226e-03 9.40636072e-04
1.86970424e+02 3.44671478e-02 1.79328053e-03 -4.24099015e-02 2.66059837e-03 1.30619894e-03 1.34237744e-03
1.89660595e+02 3.08204500e-02 -3.30942470e-02 -7.55742325e-02 9.11192464e-04 5.05806007e-04 3.77591762e-03
1.92365611e+02 -3.26767232e-02 -7.99732909e-03 -3.47234271e-02 2.25117485e-03 8.21113994e-04 1.45779126e-03
1.95063330e+02 -7.00229653e-02 9.29602182e-03 2.15028061e-02 3.55744253e-03 1.84873501e-03 7.18103621e-03
1.97765174e+02 -5.99110258e-02 -2.07209352e-02 3.13728189e-02 2.73497321e-03 1.07905957e-03 7.91252744e-03
2.00463049e+02 -4.95332330e-02 -3.47474043e-03 -3.10287351e-02 3.55452677e-03 3.44236554e-04 5.36567785e-03
2.03166127e+02 -7.13668492e-02 -3.29819850e-02 -3.31441306e-02 1.82778335e-03 7.45608711e-04 1.95613786e-03
2.05869439e+02 -4.64180101e-02 1.65579855e-03 -4.95691721e-02 9.04280497e-03 1.19056601e-03 1.34469236e-03
2.08565877e+02 6.08572750e-02 1.06774717e-03 -3.07854595e-02 6.69989747e-03 1.70255733e-03 4.19269047e-03
2.11280127e+02 6.28079456e-02 -7.22347470e-03 2.04090914e-02 7.01282528e-03 3.25134185e-03 2.48105939e-03
2.13984783e+02 5.41648128e-02 -2.41311841e-02 6.31522159e-03 2.06910598e-03 1.31272256e-03 3.26855139e-03
2.16681752e+02 3.64147780e-03 -4.17984206e-03 -4.75079756e-02 2.26364865e-03 1.53178392e-03 5.12436366e-03
2.19384267e+02 -5.98564646e-02 -1.90497702e-03 -4.12521016e-02 2.46592576e-03 5.54537342e-04 1.33309349e-03
2.22083924e+02 -8.39724474e-02 3.64469508e-02 -2.11493681e-02 7.15949775e-03 5.84869112e-03 1.76084496e-03
2.24779470e+02 -5.40310145e-02 2.78769834e-02 -5.00437389e-02 1.78103985e-03 1.73499713e-03 2.44253016e-03
2.27476549e+02 4.12401898e-03 2.59486464e-02 -1.45932970e-02 2.02468572e-03 1.49530010e-03 1.28268709e-03
2.30180986e+02 -1.19891768e-02 -7.26023494e-04 2.60681812e-02 3.83565015e-03 3.28709954e-03 2.80464878e-03
2.32877299e+02 -4.58992103e-02 -2.51002320e-02 1.39127657e-02 3.38189763e-03 2.91292713e-03 2.36446031e-03
2.35576392e+02 -6.45664977e-02 -4.75088262e-02 -2.23774796e-03 1.79166917e-03 2.05989891e-03 4.00189901e-03
2.38276752e+02 -7.84823588e-02 6.12785461e-03 3.70383131e-03 1.16296696e-03 7.28681251e-04 1.51737813e-03
2.40979470e+02 -3.26025313e-02 -5.56856947e-02 2.74398479e-02 2.23533773e-03 1.01606503e-03 5.70885927e-03
2.43681658e+02 2.99441529e-02 -2.19643552e-02 3.04785479e-02 5.36904437e-03 2.36852030e-03 1.22552756e-03
2.46379158e+02 4.43308047e-02 -1.15671097e-02 1.74242769e-02 2.98533537e-03 2.78224679e-03 2.29623670e-03
2.49075470e+02 3.75696884e-03 -1.66401380e-02 -8.03610676e-03 1.19724379e-03 1.00719996e-03 3.85459148e-03
2.51773408e+02 -4.30106800e-02 7.63312453e-03 -1.65951517e-02 1.55575727e-03 1.04158721e-03 2.32171279e-03
2.54471658e+02 -1.91236907e-02 1.25425458e-02 -9.99721656e-03 3.85876538e-03 7.23926596e-04 5.32128770e-03
2.57169611e+02 8.75934544e-03 2.19654748e-02 -4.58668044e-03 2.23580183e-03 2.08281758e-03 1.54265431e-03
2.59872205e+02 -2.37076193e-03 6.84622185e-02 -2.05684702e-03 2.85413334e-03 1.09348139e-03 6.05444632e-03
2.62579033e+02 -8.97136682e-03 4.32811544e-02 5.75751394e-03 4.11588370e-03 2.39580777e-03 1.75810333e-03
2.65272892e+02 -1.13189858e-02 2.04935877e-02 6.97852987e-03 2.04360689e-03 1.42897717e-03 2.54755072e-03
2.67971399e+02 7.08179444e-03 7.97300077e-03 1.03397908e-02 1.17919980e-03 4.78024555e-04 2.11127099e-03
