6.59125724e-01 1.99538366e-02 -3.52851938e-02 2.42878862e-03 1.40990615e-03 9.15723645e-04 7.05106637e-04
3.35970862e+00 2.37931988e-02 -1.56290095e-02 -5.78796916e-03 2.23993329e-03 1.62070092e-03 6.06038389e-04
6.06004441e+00 3.27666612e-02 -2.26394039e-03 5.15294476e-03 1.64385241e-03 4.63003341e-03 2.38839998e-03
8.77011175e+00 -9.88982403e-03 -3.18211454e-02 -7.64392282e-03 1.19422496e-03 1.24409311e-03 4.24414166e-03
1.14633605e+01 -3.90074613e-02 -9.37364035e-03 9.78090113e-03 2.62734124e-03 2.01874158e-03 5.81539408e-04
1.41580605e+01 -3.04370696e-02 1.26020734e-02 1.86741015e-02 3.93599142e-03 1.31456701e-03 4.59676517e-03
1.68552777e+01 7.57051577e-03 -2.62702669e-03 6.52186075e-03 3.61205825e-03 2.25762913e-03 3.71939744e-03
1.95564574e+01 2.83673446e-02 -4.55852470e-02 3.11044842e-03 3.64823383e-03 1.66866270e-03 3.79392633e-03
2.22528996e+01 1.70663250e-02 1.20255687e-02 2.54785298e-02 3.02441991e-03 1.56148691e-03 4.36947929e-03
2.49504011e+01 -1.58306776e-02 7.17080041e-02 4.69396349e-02 3.76677644e-03 1.15969103e-03 1.34732704e-03
2.76566433e+01 -6.55875270e-03 3.00050946e-02 4.39179274e-02 7.42255976e-04 2.95258729e-03 1.59579947e-03
3.03513918e+01 1.02842609e-02 8.64507833e-03 2.22023347e-02 1.40895979e-03 1.53879329e-03 1.06828240e-03
3.30514308e+01 8.86461783e-03 -2.91525577e-02 2.05205455e-02 1.33907528e-03 1.41578277e-03 4.26269290e-04
3.57527386e+01 9.86624781e-03 1.53684479e-03 -6.35410403e-03 1.12910086e-03 1.04076709e-03 1.46538491e-03
3.84556636e+01 1.43464745e-02 -4.94650062e-03 -1.27013587e-02 6.49369594e-04 1.79492692e-03 9.26695070e-04
4.11688964e+01 -5.94916386e-03 2.70164251e-02 2.54446039e-02 1.32491745e-03 9.31940473e-04 1.78035530e-03
4.38765558e+01 -2.03737264e-03 7.01503174e-02 -2.58066602e-02 6.54511466e-03 5.07598427e-04 3.51369178e-03
4.65714917e+01 -7.00530789e-03 4.61752224e-02 -7.24722101e-02 2.04689827e-03 2.39032950e-03 1.64249664e-03
4.92772293e+01 -2.76755795e-02 2.09027173e-02 -9.88273595e-03 9.15562590e-04 2.23509528e-03 1.57244546e-03
5.19749824e+01 -1.47727333e-02 -1.78373032e-02 -3.14358669e-03 2.47002799e-03 2.00412379e-03 1.02592575e-03
5.46763293e+01 3.42009740e-03 -1.05543347e-02 -3.10665160e-02 2.83470667e-03 1.25282335e-03 2.13851222e-03
5.73750933e+01 2.06799234e-02 -3.72442810e-02 -3.92496285e-02 7.11330720e-04 7.35380336e-04 1.39698560e-03
6.00838699e+01 1.67038125e-02 -2.17190325e-02 -1.83112586e-02 7.64273337e-04 3.37192396e-03 2.79882796e-03
6.27944152e+01 1.58676173e-02 -2.95249807e-02 2.77454457e-03 1.73403986e-03 7.39384474e-04 4.25222764e-03
6.54954449e+01 7.32961001e-03 -2.35013328e-02 4.94733165e-03 1.64388221e-03 8.41527682e-04 1.60099378e-03
6.82083777e+01 -9.00397647e-04 3.73503481e-02 -6.83626663e-03 1.61138222e-03 1.55366688e-03 5.54199731e-03
7.09077261e+01 -2.23344440e-02 -3.67655413e-02 -2.14352134e-02 2.80174533e-03 1.48763144e-03 5.14077263e-03
7.36027121e+01 -4.05105078e-02 1.58050337e-02 -1.15302492e-02 4.66639545e-03 4.64359114e-04 5.91146340e-03
7.62954027e+01 -1.42843271e-02 -1.38492128e-02 -1.15756425e-02 2.01848472e-03 3.26203401e-03 1.69966408e-03
7.89987121e+01 -1.75561459e-02 -5.08839973e-02 1.27585241e-03 1.01019424e-03 1.78216985e-03 7.40525623e-04
8.16911996e+01 3.19527142e-03 -4.02853247e-02 -4.09130517e-02 2.33823793e-03 2.37007107e-03 3.53069823e-03
8.43910417e+01 1.86330641e-02 -1.34695534e-02 5.44053185e-04 2.46763380e-03 1.85633649e-03 4.30961888e-03
8.70926355e+01 -1.71181959e-02 4.13079931e-02 2.42023984e-02 2.22991170e-03 1.73275903e-03 9.62557551e-04
8.97895996e+01 1.37602931e-02 3.24005543e-02 4.37020202e-02 4.10302734e-03 8.40484544e-04 9.52075469e-04
9.24915246e+01 -1.68004966e-03 -3.99631443e-04 1.43436328e-02 3.04073777e-03 1.70452592e-04 2.41637381e-03
9.52011480e+01 9.28740422e-03 -1.22517609e-02 1.87336865e-03 1.60565294e-03 1.45954232e-03 1.70045287e-03
9.79086792e+01 1.46386676e-02 -5.80387633e-02 -1.55155175e-02 1.72648240e-03 3.82832355e-03 1.39224708e-03
1.00604898e+02 6.77191540e-03 -4.55643971e-02 -2.59976259e-02 2.12874173e-03 1.02379269e-03 4.25390899e-03
1.03302601e+02 -5.49380932e-03 2.71156417e-02 -2.23046050e-02 2.69450198e-03 1.28461430e-03 3.47504422e-03
1.06006039e+02 -9.11834448e-03 7.54093055e-02 1.32261214e-02 6.56638825e-04 1.11236536e-03 3.21053796e-03
1.08699836e+02 1.41188776e-02 1.28492496e-02 2.70002565e-02 1.30306563e-03 2.28624520e-03 5.37668995e-04
1.11405164e+02 -7.51716731e-03 -4.01578465e-03 2.85308210e-02 1.25527368e-03 7.69017254e-04 7.70025051e-04
1.14108414e+02 -1.42618432e-02 4.14889009e-02 -1.37950872e-02 1.56500021e-03 7.84435092e-04 1.79161999e-03
1.16798570e+02 -2.79392355e-02 8.98233411e-03 -2.43196612e-02 2.05436203e-03 3.52412054e-04 2.69117457e-04
1.19496961e+02 -3.98178423e-03 -4.08935374e-02 -4.06397512e-02 8.66693216e-03 3.13295036e-03 1.45803577e-03
1.22188273e+02 -7.37438494e-04 -2.83162346e-02 -7.19498764e-02 3.65272963e-03 1.86565569e-03 2.57296770e-03
1.24890586e+02 2.14893130e-03 2.66288127e-02 -5.79139094e-02 8.96874741e-04 2.30034732e-03 2.30389119e-03
1.27589523e+02 3.04040836e-03 -3.09583203e-03 -8.87282107e-03 3.76155708e-03 1.25555584e-03 9.13064302e-03
1.30284961e+02 -6.77848032e-04 4.57106904e-02 1.02013022e-02 3.39594125e-03 9.81100603e-04 2.88936879e-03
1.32983382e+02 -7.64892044e-03 1.61082968e-02 -1.36699852e-02 1.97154245e-03 1.33398846e-03 1.12395105e-03
1.35683507e+02 -2.01917686e-02 -3.94505060e-03 -1.50089674e-02 4.50833366e-03 1.18179504e-03 1.57281532e-03
1.38387539e+02 -2.15111100e-02 4.35191299e-03 1.67297567e-02 4.21757653e-03 1.37982231e-03 1.64375585e-03
1.41089914e+02 -5.39999116e-03 2.30626829e-02 3.47492688e-02 6.47427666e-03 5.42797128e-04 1.80837800e-03
1.43796367e+02 1.03233166e-02 4.03309219e-02 5.78724463e-02 5.96836762e-03 1.14024281e-03 1.40906697e-03
1.46490804e+02 2.43913433e-02 5.86373187e-02 7.53478313e-02 2.66861484e-03 1.41876134e-03 2.65774911e-03
1.49181226e+02 2.71809349e-02 4.81064524e-02 -3.54435340e-03 3.91504937e-03 2.71395218e-03 2.09268604e-03
1.51873211e+02 4.63436805e-03 -9.30347781e-03 -3.01667114e-02 2.32631384e-03 2.16816531e-03 5.00874131e-03
1.54573976e+02 -7.57478457e-03 -2.62871375e-02 -2.47229899e-02 1.17547674e-03 5.00970083e-03 5.03651341e-03
1.57273132e+02 -7.74941016e-03 4.61816200e-02 -1.95512983e-02 1.81561865e-03 2.95882732e-04 3.28778725e-03
1.59970054e+02 -1.63232635e-02 4.81520878e-02 -3.46679555e-02 7.90229481e-04 4.34802287e-04 3.61800623e-03
1.62676398e+02 -3.19944559e-02 -2.29192625e-02 2.02177283e-02 2.00090664e-03 2.70667439e-04 5.32449870e-03
1.65374617e+02 -2.39725591e-02 -9.07151383e-02 3.68561096e-02 1.53104163e-03 5.88397470e-04 4.05097016e-03
1.68080664e+02 -3.28430788e-02 -4.78502147e-02 4.90246949e-02 3.54652096e-03 3.67561777e-04 6.69667081e-03
1.70779070e+02 -1.40481804e-03 4.67077645e-02 3.18630791e-02 5.71208657e-04 1.44415034e-03 3.81739008e-03
1.73485070e+02 -2.03388457e-02 5.74520572e-02 6.85048790e-02 6.99720595e-03 1.21043190e-03 3.11401831e-03
1.76184132e+02 -3.61188807e-02 4.96064544e-02 2.49794901e-02 3.57890378e-03 1.04331562e-03 5.77842563e-03
1.78885148e+02 -5.05912191e-02 2.39759760e-02 7.64115079e-03 2.34868724e-03 2.46870158e-03 1.86666477e-03
1.81592695e+02 -2.70525361e-02 -3.21178650e-03 1.28482016e-02 2.30693752e-03 5.19001733e-04 4.03400978e-03
1.84298632e+02 3.02152852e-02 -1.65547180e-02 4.91666240e-02 3.52051053e-03 2.40093481e-03 4.18631654e-03
1.87001304e+02 6.53866767e-02 1.55717243e-03 7.45104659e-02 4.95611795e-03 1.45673749e-03 2.64548409e-03
1.89708367e+02 5.33361364e-02 1.02867269e-02 3.69322268e-02 2.52393481e-03 1.04691352e-03 4.62762825e-03
1.92413867e+02 5.87670828e-02 1.56155900e-02 -1.31867614e-02 2.25001582e-03 1.07149489e-03 4.74024016e-03
1.95118367e+02 4.26135903e-02 4.88387437e-02 -7.11519136e-02 3.82982638e-03 3.87349184e-03 6.90086647e-03
1.97828570e+02 7.22004851e-02 2.54768022e-02 -6.75886216e-03 5.07826993e-03 1.85559194e-03 3.91970783e-03
2.00527039e+02 5.75353527e-02 2.36684420e-03 1.04953616e-02 2.48199237e-03 8.56015115e-04 3.74326185e-03
2.03223710e+02 2.13672906e-02 -1.85037899e-02 -1.52411646e-03 1.80588332e-03 1.90748957e-03 4.33549935e-03
2.05920257e+02 -1.90057252e-02 -3.20252003e-02 -2.05129804e-02 4.02862847e-03 1.35607608e-03 7.28763751e-04
2.08620539e+02 -1.23258731e-02 -2.37402664e-02 -5.37655204e-02 5.13762803e-03 1.92069391e-03 3.06346624e-03
2.11308914e+02 3.35964979e-02 3.93698213e-02 -4.97667784e-02 8.47730940e-04 1.59476202e-03 4.11237072e-03
2.14002132e+02 3.16186305e-02 3.49940457e-02 -3.26371183e-02 1.18550736e-03 6.72926794e-04 9.57076827e-04
2.16700554e+02 5.18336092e-03 5.30704858e-02 1.24453669e-02 5.61445650e-03 6.41952453e-03 3.13396531e-03
2.19398195e+02 -2.06293267e-02 1.82823326e-02 4.15675375e-02 2.56774329e-03 3.73885431e-03 9.32754333e-03
2.22090570e+02 4.65658031e-03 -1.07862329e-02 3.46888776e-02 1.90273799e-03 2.48815758e-03 6.21136501e-03
2.24793679e+02 1.00492930e-02 -3.06342181e-03 4.43987783e-02 2.04187469e-03 1.86931093e-03 3.53121885e-03
2.27495867e+02 6.51233663e-03 -2.15679537e-02 1.22434902e-02 2.49364146e-03 4.64317593e-03 2.92651182e-03
2.30198898e+02 2.68084539e-02 -5.52709745e-02 -1.96952318e-02 8.40433473e-04 1.63972028e-03 4.37126730e-03
2.32898773e+02 4.97492168e-02 -2.61801475e-02 -1.81815296e-02 1.36035309e-03 1.56126557e-03 3.41425617e-03
2.35602429e+02 1.82753698e-02 1.12657998e-02 2.63170517e-02 3.08750608e-03 1.04489591e-03 5.52629445e-03
2.38294960e+02 1.13768283e-02 -2.79920600e-02 4.48429244e-02 6.90587369e-03 1.40082180e-03 5.54210611e-03
2.40988211e+02 -1.84354805e-02 -1.00018098e-02 6.03290374e-02 6.12484970e-03 1.11659273e-03 3.14049778e-03
2.43687961e+02 -6.16946786e-02 -1.65034587e-02 -3.50358940e-03 2.29599774e-03 2.93404867e-03 8.19098593e-03
2.46389523e+02 -6.34022022e-02 -3.35124436e-02 -7.85920953e-02 1.90375189e-03 7.35322030e-04 8.21262586e-03
2.49096710e+02 -2.33484134e-02 -2.88821975e-02 -3.18337753e-02 1.99149291e-03 9.26956254e-04 6.08074313e-03
2.51797445e+02 -8.59834199e-03 1.19676497e-02 4.16882765e-02 3.35877762e-03 2.67409416e-03 7.22256803e-03
2.54508336e+02 -7.96629521e-03 1.85684684e-02 8.12386382e-02 1.20771339e-02 1.96337827e-03 3.47893028e-03
2.57205382e+02 -2.23346351e-02 4.40330105e-04 5.01302155e-02 3.60736807e-03 4.96015388e-04 3.60337336e-03
2.59895164e+02 -1.41352172e-02 2.34956687e-03 3.12783495e-02 4.11032791e-03 6.39290736e-04 7.55857857e-03
2.62587429e+02 -2.71555996e-02 -8.80627730e-03 2.06507505e-02 4.87888912e-03 1.76528443e-03 4.60003940e-03
2.65285382e+02 -2.15755188e-02 5.46789291e-04 2.47694348e-02 6.51462968e-03 2.33453190e-03 2.59713265e-03
2.67982741e+02 -1.24501897e-02 -1.80209175e-02 1.28284636e-02 4.29937548e-03 2.51751815e-03 9.74001458e-04
