6.61380009e-01 -5.32346476e-03 -2.67511510e-02 -1.64548736e-02 2.19222870e-03 2.95502531e-03 1.43043546e-03
3.36268898e+00 -2.84345812e-02 -4.68772686e-02 5.04609324e-02 5.59939956e-04 2.47044043e-03 7.94733511e-04
6.05702147e+00 -4.05539136e-02 -2.51756151e-02 7.28152151e-02 1.65483917e-03 2.28909781e-03 2.36717359e-03
8.74725710e+00 -2.04884788e-02 -3.52572409e-02 4.60876532e-03 1.54100976e-03 1.13016449e-03 2.48005616e-03
1.14411219e+01 -1.06609216e-02 -4.31549601e-02 -8.73875174e-03 5.69304738e-04 2.70778907e-03 3.51771306e-04
1.41429344e+01 1.60518081e-02 -1.15951063e-02 4.99851233e-03 7.18574618e-04 1.14845402e-03 2.66440381e-03
1.68509970e+01 1.38802610e-02 2.84018583e-02 3.00288351e-02 9.46546933e-04 4.18809379e-04 2.64336350e-03
1.95590923e+01 -1.10846926e-02 2.50097835e-02 4.51576631e-02 1.67204734e-03 7.86996622e-04 1.04023071e-03
2.22592938e+01 -1.37483858e-02 -9.75233753e-04 2.56541309e-02 1.15722988e-03 4.34712963e-04 3.71108378e-03
2.49572594e+01 -1.04984135e-02 -1.05890231e-02 -1.38366295e-02 3.01068213e-03 2.55365259e-03 6.84887008e-04
2.76609985e+01 -1.48589929e-03 -3.54236225e-02 -1.83595373e-02 5.07478857e-03 2.97363841e-03 2.86817531e-03
3.03605391e+01 -1.02858852e-02 9.31205027e-03 5.20375679e-03 5.34953358e-03 7.80593433e-04 1.20333607e-03
3.30619548e+01 1.25551070e-03 -1.13098738e-02 1.37037136e-02 1.94154928e-03 5.01914331e-03 1.79766739e-03
3.57652407e+01 -6.40958816e-03 -6.93628743e-03 -4.49634110e-02 2.60278322e-03 4.57572693e-04 1.29527551e-03
3.84586266e+01 -1.84225192e-02 3.68743393e-02 -4.54449258e-02 2.12913823e-03 1.34216508e-03 2.27784506e-03
4.11678688e+01 -1.24408599e-02 2.50037880e-02 -4.26321126e-03 1.74351666e-03 1.42070303e-03 3.98272916e-03
4.38663313e+01 -1.41664521e-02 2.23639821e-02 -5.11676272e-02 1.95681953e-03 7.01067219e-04 1.97759852e-03
4.65726923e+01 -1.80244308e-02 2.40922714e-02 -2.76074822e-02 9.16295848e-04 4.59049580e-04 2.42135197e-03
4.92761438e+01 -2.59456973e-02 4.28040484e-02 1.14709742e-02 2.99373708e-03 8.11389803e-04 3.65456824e-03
5.19801407e+01 -3.20890468e-02 7.35882011e-03 -1.53477821e-02 1.72083657e-03 1.08257323e-03 2.34430492e-03
5.46775516e+01 -2.11476075e-02 -3.40885830e-02 -2.03846362e-02 1.59924803e-03 7.25318487e-04 4.44017866e-03
5.73805641e+01 -9.63859711e-03 2.13551288e-03 -3.47123469e-04 1.51110523e-03 2.19063671e-03 1.53593119e-03
6.00875813e+01 -2.88433943e-03 -2.54576780e-02 2.70706707e-03 2.75786573e-03 2.73789906e-04 1.97645442e-03
6.27851751e+01 1.29171270e-02 -4.06053114e-02 7.35165829e-03 3.48427291e-03 4.89534304e-04 1.24038613e-03
6.54824923e+01 2.09800256e-02 -1.10535215e-03 5.00769934e-03 7.97924015e-03 9.63548147e-04 2.39265096e-03
6.81887704e+01 3.35269919e-03 9.44169310e-03 -1.68621542e-03 8.32390056e-03 9.47690794e-04 1.41517132e-03
7.08910173e+01 -2.12263565e-02 1.33675082e-02 -1.59750487e-02 3.45068937e-03 2.85901929e-03 1.54986534e-03
7.35951751e+01 -2.36861867e-03 -2.58139046e-02 -2.29033532e-02 2.05785199e-03 2.63465635e-04 2.44525059e-03
7.62996610e+01 -1.71346071e-02 -1.10544691e-02 -1.84449909e-02 1.96646072e-03 1.51884304e-03 2.15262525e-03
7.90018673e+01 -3.47510422e-03 -2.92967593e-02 3.89586456e-03 3.31199230e-03 1.40232801e-03 5.42271971e-03
8.16990891e+01 1.87473277e-02 -2.90188210e-03 -1.66956748e-02 3.63756348e-03 9.27835149e-04 3.45103643e-03
8.44011110e+01 3.17726548e-02 3.81566515e-03 -3.47766964e-02 4.00410254e-03 9.78475988e-04 5.86939880e-03
8.70956376e+01 -4.07087651e-03 -1.33220454e-02 -2.71415178e-02 3.29856756e-03 2.26225424e-04 1.19274005e-03
8.97880516e+01 -1.37200572e-02 -2.01999996e-02 -2.05360988e-02 1.34248954e-03 9.61046449e-04 6.68746612e-04
9.24893173e+01 -2.05503031e-02 -1.60052303e-02 1.26435717e-02 2.85491598e-03 1.15528113e-03 2.91032007e-03
9.51804141e+01 3.00248914e-03 -1.95185928e-02 2.13343620e-02 1.64510580e-03 1.25682256e-03 1.04561726e-03
9.78852126e+01 5.15710790e-03 7.88375953e-03 3.78280405e-02 2.47280291e-03 9.35161946e-04 9.21459208e-04
1.00589366e+02 -2.15763494e-03 -1.74146782e-02 2.05478108e-02 1.75855559e-03 1.07803729e-03 1.44435495e-03
1.03291069e+02 -3.31852452e-03 5.79205363e-03 -6.30729746e-03 3.07637948e-03 1.59433356e-03 3.29187092e-03
1.05990944e+02 7.55455291e-03 1.08252905e-02 6.29012572e-03 1.16787476e-03 4.95544568e-04 5.06515492e-03
1.08690147e+02 3.27286258e-02 1.17528771e-02 -4.98559440e-03 1.49806457e-03 7.18857293e-04 2.41005180e-03
1.11402788e+02 -7.49166273e-03 -1.47933387e-03 -2.04614056e-02 3.31160222e-03 1.82221499e-03 5.05149824e-04
1.14103725e+02 -8.51755675e-03 1.48061165e-02 -6.46839656e-03 2.96461260e-03 8.08057632e-04 6.65120467e-04
1.16806209e+02 2.62438470e-03 8.76810537e-03 4.24648838e-03 2.61644688e-03 8.49672759e-04 1.62288218e-03
1.19509584e+02 2.78783094e-02 -5.41679283e-03 -1.95841267e-02 1.81282295e-03 2.57557180e-03 2.62520783e-03
1.22213569e+02 3.87808451e-02 1.68995446e-02 -3.06387243e-02 3.64056659e-03 4.05838740e-03 1.43334790e-03
1.24917022e+02 1.36738538e-02 1.31805085e-02 -3.06420293e-02 2.45015975e-03 2.34040175e-03 2.09623557e-03
1.27615178e+02 1.33868568e-02 -1.57414875e-02 -4.37041643e-02 4.21020049e-03 2.53695159e-03 1.60012833e-03
1.30313772e+02 6.97705936e-03 -3.47305919e-02 -4.40600513e-02 3.95892675e-03 1.83371940e-03 2.70652072e-03
1.33002975e+02 2.33448873e-02 1.06599079e-02 -6.00079979e-02 1.69683251e-03 2.31111372e-03 2.36506120e-03
1.35690397e+02 1.62034188e-02 3.14219467e-02 -8.61534131e-02 2.59121694e-03 2.90225290e-03 6.60774272e-04
1.38380850e+02 1.27220874e-02 3.84847154e-02 -5.11750775e-02 3.66252917e-03 2.97551378e-04 1.86024750e-03
1.41074709e+02 6.47728491e-04 2.27182865e-02 -3.41654155e-02 1.07000410e-03 1.94925999e-03 4.49729657e-03
1.43771116e+02 -1.36281565e-02 2.76822425e-02 8.16130176e-03 1.37555869e-03 1.15117488e-03 6.05390276e-03
1.46465241e+02 -3.77116861e-02 1.46433624e-02 1.50769674e-02 4.20072548e-03 1.18904031e-03 2.40285610e-03
1.49152084e+02 -3.18120747e-02 -2.54792724e-03 1.17552504e-02 1.80574169e-03 2.52147917e-04 2.32604963e-03
1.51849694e+02 -3.56942054e-02 3.63120117e-02 3.32706762e-02 2.90117434e-03 4.68268479e-04 4.34679140e-03
1.54560569e+02 -5.86902178e-03 5.42149828e-02 1.01662021e-04 9.56555754e-03 1.41271079e-03 4.01981475e-03
1.57269241e+02 4.18670222e-02 2.09034535e-02 -1.54260565e-02 3.27477024e-03 1.66647202e-03 1.52605593e-03
1.59967413e+02 6.81668630e-02 -2.88498703e-02 -4.12967870e-02 2.29056901e-03 2.26398090e-03 2.92679326e-03
1.62671569e+02 1.68429370e-02 -5.38484900e-03 1.97120637e-02 2.03382018e-03 1.61792602e-03 6.58896528e-03
1.65373819e+02 -1.10556687e-02 1.51917757e-03 7.51630353e-02 3.38589633e-03 1.60112150e-04 4.25510639e-03
1.68077553e+02 -3.43380956e-02 -1.55203017e-02 3.41535957e-02 3.08195985e-03 2.27129811e-03 9.58831010e-03
1.70782303e+02 -2.41168873e-02 -2.53284679e-02 -8.10769715e-03 2.59576657e-03 3.74105497e-04 8.15077382e-03
1.73489756e+02 -2.56737421e-03 1.01262957e-02 5.61813002e-03 2.76087764e-03 1.23534311e-03 5.56719759e-03
1.76193459e+02 3.20122581e-02 5.70411140e-02 -3.80992810e-03 2.39901759e-03 1.07354646e-03 2.59292990e-03
1.78897038e+02 1.25178915e-02 5.15195233e-02 6.50595189e-03 3.40141818e-03 1.47358077e-03 8.73692605e-03
1.81591522e+02 6.96294934e-03 3.73947267e-03 -1.95616697e-03 1.92114109e-03 7.35339689e-04 4.59387934e-03
1.84287225e+02 -1.09868995e-02 -2.45798413e-02 -4.40476408e-02 3.66858161e-03 1.40987621e-03 4.43818104e-03
1.86986850e+02 -2.29640471e-03 -2.64916651e-02 -1.66605538e-03 3.90951612e-03 1.82687752e-03 7.89085160e-03
1.89680928e+02 1.66188801e-03 1.65344997e-02 2.69295851e-02 5.10480944e-03 1.26651677e-03 1.89347663e-03
1.92387959e+02 1.68023432e-02 1.67552616e-02 5.20198976e-02 1.05168300e-02 8.20953374e-04 4.19802897e-03
1.95096303e+02 -1.25569357e-03 7.28917897e-03 3.93035622e-02 3.20082212e-03 7.89826401e-04 3.73220415e-03
1.97794038e+02 7.68878139e-03 -3.30555557e-02 -1.74391781e-02 2.67858327e-03 7.34094044e-04 2.89025539e-03
2.00488209e+02 -5.02798847e-03 -1.52496272e-03 -4.75462527e-02 2.87147687e-03 4.11250107e-04 7.89056134e-03
2.03186334e+02 -2.05261645e-02 -3.39289106e-03 -3.67205008e-02 2.54717615e-03 9.55871387e-04 4.53425418e-03
2.05889038e+02 -4.66453821e-02 1.02354132e-02 -1.53950966e-02 2.15736551e-03 1.26828166e-03 2.38634724e-03
2.08593022e+02 -5.89917922e-02 -2.27612442e-03 -4.55132466e-02 1.20212610e-03 1.28358271e-03 2.67345238e-03
2.11296069e+02 -9.97381387e-03 1.71754575e-02 -7.07658334e-02 2.76274525e-03 1.94266408e-03 3.75547622e-03
2.14000788e+02 6.12548691e-03 -1.66328342e-02 -4.89606605e-02 3.70445023e-03 1.50721842e-03 3.85870374e-03
2.16696069e+02 1.02414212e-02 -2.24639390e-03 -6.56239245e-02 3.99978735e-03 1.86105435e-03 7.12500681e-03
2.19397803e+02 -4.34271626e-03 4.62146431e-03 -2.67431099e-02 8.29625094e-03 1.64804661e-03 5.01049991e-03
2.22094975e+02 5.41979739e-03 -1.67452341e-03 2.78314675e-02 1.67261240e-03 2.04987938e-03 5.84619583e-03
2.24798491e+02 -6.81956945e-03 -1.91060460e-02 9.64482767e-02 4.52100992e-03 7.43332509e-04 5.90441555e-03
2.27501959e+02 -2.69777696e-02 -3.62104309e-03 5.66082030e-02 1.85010074e-03 3.39364524e-03 1.01456115e-02
2.30203553e+02 -1.90153703e-02 -1.31154831e-02 2.42756906e-02 5.53952553e-03 2.75596452e-03 1.93988393e-03
2.32891491e+02 4.63039904e-03 -2.91610226e-03 2.52514560e-02 2.69195458e-03 1.11029891e-03 5.04663719e-03
2.35589444e+02 -1.11206765e-02 -3.37393561e-02 2.28298937e-03 4.30773910e-03 1.69045887e-03 4.52131216e-03
2.38284959e+02 -4.16462949e-02 -3.74173941e-02 -3.45145393e-02 5.33254401e-03 6.35285017e-04 4.51420008e-03
2.40985084e+02 -7.16215891e-02 -1.76272954e-02 3.25163541e-02 2.12728127e-03 2.23847580e-03 3.07790128e-03
2.43691647e+02 -6.91267655e-02 1.73402658e-02 1.04415281e-01 8.02606521e-04 5.90102561e-04 3.84210822e-03
2.46394006e+02 -4.50586111e-02 -2.83016106e-02 4.82271569e-02 4.04544253e-03 1.58685113e-03 5.60968852e-03
2.49091850e+02 -2.98392283e-02 -4.46644750e-02 1.60918083e-02 7.23466327e-03 4.01451971e-04 3.59885944e-03
2.51791522e+02 -6.57220666e-02 5.43318285e-03 -1.37272900e-02 1.16228095e-03 7.71788904e-04 2.59453815e-03
2.54489616e+02 -5.12215603e-02 4.12453444e-02 4.05337263e-03 3.16538044e-03 2.38881241e-03 7.70296404e-03
2.57185381e+02 -4.79657185e-02 6.19915304e-02 -1.83624480e-02 2.63387975e-03 2.10871882e-03 5.27186591e-03
2.59879772e+02 -1.06083642e-02 4.31207232e-02 2.63918744e-02 5.54050578e-03 1.85490567e-03 6.60730408e-03
2.62583694e+02 2.06181321e-02 2.96917106e-02 4.24419762e-02 1.42433625e-03 7.52542128e-04 1.60443880e-03
2.65280491e+02 1.03220545e-02 1.67970455e-02 3.34232537e-02 6.99770954e-04 3.35453323e-03 3.76607225e-03
2.67986851e+02 -7.42479218e-05 -8.13560196e-03 1.88844924e-02 3.38415228e-03 2.89054835e-03 1.80512897e-03
