6.72801730e-01 -8.69778788e-03 2.10715237e-02 7.47700959e-03 1.88040882e-03 1.12065295e-03 1.80286968e-03
3.36744343e+00 -2.45199029e-02 2.98420640e-02 7.80938230e-03 9.28860856e-04 7.55938029e-04 2.73934640e-03
6.05915093e+00 -9.59047623e-03 9.10088569e-03 1.54028600e-02 3.08561864e-03 5.68747907e-03 2.30513171e-03
8.75452234e+00 7.38754749e-03 5.87935430e-03 2.99990367e-02 3.91988770e-03 7.81740358e-04 2.10298079e-03
1.14512475e+01 3.26985291e-02 -1.18220365e-02 4.50059257e-02 2.66515108e-03 8.25308034e-04 3.66353013e-03
1.41521709e+01 1.12487079e-03 -4.43759468e-02 2.99494092e-02 2.73932626e-03 1.80588225e-03 2.14139088e-03
1.68540334e+01 -3.31656860e-02 -1.32668019e-02 -3.44220767e-02 3.28085275e-03 3.20953961e-03 1.25777217e-03
1.95572772e+01 -2.79979755e-02 5.73410001e-03 -4.73287517e-02 3.82904830e-03 9.37422525e-04 2.73913661e-03
2.22535178e+01 2.70341384e-03 -4.18430465e-02 -4.82383793e-02 1.76531784e-03 9.96239242e-04 2.42886357e-03
2.49533522e+01 -5.76280726e-03 -7.18922557e-02 -4.22909154e-02 1.67561776e-03 2.10261296e-03 2.81378751e-03
2.76467616e+01 -1.74457533e-02 -3.62891916e-02 -3.98944383e-03 1.93954535e-03 1.03682022e-03 3.23103118e-04
3.03453100e+01 5.59115202e-03 2.04537417e-02 -2.42105648e-02 1.68636238e-03 1.17663384e-03 8.81619232e-04
3.30497506e+01 -3.02917116e-04 3.58127411e-02 -2.52709858e-02 2.39622940e-03 1.38829369e-03 2.38346837e-03
3.57581303e+01 -7.54419327e-04 3.77957751e-02 9.98699216e-04 3.20882466e-03 1.09871698e-03 2.94611413e-03
3.84599116e+01 2.27520666e-02 3.94157212e-02 4.53731576e-03 1.88611777e-03 3.59660779e-03 1.98465635e-03
4.11557803e+01 -8.35679423e-03 -2.02840096e-04 9.29588394e-03 7.02778801e-04 6.16576096e-04 3.94473456e-03
4.38568428e+01 1.70613686e-03 -2.94203880e-02 3.64042356e-02 3.71224332e-03 2.21618817e-03 3.82703587e-03
4.65642553e+01 2.11703834e-02 -1.90508143e-02 5.62228627e-02 6.96782936e-04 4.44849173e-03 4.75548172e-03
4.92672303e+01 2.01271941e-02 -2.53697834e-02 4.45818527e-02 6.83079219e-04 8.56720568e-04 2.31151889e-03
5.19699647e+01 6.23626245e-03 2.85887210e-02 2.99065518e-03 2.57562482e-03 1.42256023e-03 7.30116121e-04
5.46824537e+01 -1.51349034e-03 4.63108633e-02 -2.24193062e-04 1.17629434e-03 6.59698315e-04 3.49182814e-03
5.73900381e+01 -1.73900586e-02 2.90359146e-02 -5.94554110e-03 1.78186281e-03 7.69517442e-04 2.21328896e-03
6.00973194e+01 -6.83091652e-03 2.63071465e-02 1.63659425e-02 1.39043615e-03 1.14068777e-03 3.68782043e-03
6.27950366e+01 1.01694977e-02 2.55480982e-02 3.53192803e-02 1.02824869e-03 4.63522150e-04 4.30110928e-03
6.54904491e+01 -1.21732503e-02 1.34499301e-02 1.14567263e-02 3.27850403e-03 3.57850448e-04 1.47870559e-03
6.81827506e+01 7.74694209e-03 -1.81154778e-02 2.35127469e-02 1.58721418e-03 2.50678975e-03 1.40651789e-03
7.08780225e+01 4.33338170e-02 1.94070907e-03 1.22251973e-02 3.43179348e-03 1.32099075e-03 2.45606036e-03
7.35844866e+01 3.24875494e-02 5.86372529e-03 -1.81039139e-03 3.03959176e-03 2.11650521e-03 2.67294366e-03
7.62917787e+01 4.37093401e-02 -2.01595699e-02 -1.47403343e-02 2.34678272e-03 2.30149821e-03 1.28111678e-03
7.89988866e+01 2.91990356e-02 2.59216582e-02 2.37403936e-02 3.00296591e-03 1.70737233e-03 7.38099479e-04
8.16974334e+01 3.62702741e-02 2.71620382e-02 3.14083668e-02 3.04894659e-03 1.34778559e-03 1.89676694e-03
8.43970991e+01 3.50956611e-02 2.50339797e-02 1.99364113e-02 3.73843043e-03 4.14596762e-04 3.49600011e-03
8.70959756e+01 1.81888837e-02 -2.09051747e-03 4.60689164e-03 6.31075897e-03 1.61121956e-03 5.06886686e-03
8.97974209e+01 -1.81908528e-02 -2.51509264e-02 1.87201230e-03 3.51765438e-03 1.01061523e-03 2.40858764e-03
9.24994084e+01 -1.98687896e-02 -1.13197694e-02 -2.37537448e-03 3.22526241e-03 2.67206348e-03 3.48728694e-03
9.52057772e+01 -2.01579642e-04 -9.55976860e-03 1.55738868e-02 5.87092007e-03 9.63043303e-04 2.89328706e-03
9.79184819e+01 1.61269798e-02 1.21603832e-02 1.87624388e-02 7.53580157e-03 8.56476999e-04 2.67268671e-03
1.00618185e+02 1.63569347e-02 2.29460324e-02 3.89139639e-03 4.42060929e-03 8.89242748e-04 4.04023243e-03
1.03326810e+02 2.18952384e-02 3.71662761e-03 1.26281603e-02 4.51197510e-03 1.25300235e-03 5.23302370e-03
1.06023404e+02 2.75226963e-02 -6.06318327e-02 2.39164532e-02 5.46707159e-03 1.29671458e-04 4.11845552e-03
1.08712107e+02 -6.82301844e-03 -2.04493156e-02 2.51833330e-03 2.08754441e-03 2.46368188e-03 1.10285020e-04
1.11398779e+02 2.50591909e-02 -9.71099896e-03 1.15311503e-02 3.09926833e-03 1.50834350e-03 3.74875557e-03
1.14084966e+02 1.80790594e-02 -1.80238741e-02 1.54300935e-02 1.90766605e-03 1.26465600e-03 2.85118856e-03
1.16780419e+02 2.04687375e-02 2.52649862e-02 5.52182801e-03 2.40848870e-03 8.84243109e-04 3.37609247e-03
1.19478388e+02 7.37957679e-03 6.03847992e-02 -3.69146706e-05 4.61051626e-03 8.32226902e-04 1.27262168e-03
1.22177513e+02 2.30272170e-02 1.61899960e-02 2.97039727e-02 6.98505499e-03 3.00838122e-03 4.75699065e-04
1.24873122e+02 3.49945471e-02 -3.44672216e-02 2.90275350e-02 4.16861802e-03 1.31444787e-03 3.80470022e-03
1.27571997e+02 8.25625599e-03 1.03959867e-02 -1.85437650e-03 3.20623337e-03 2.70843607e-03 6.27016897e-03
1.30269044e+02 6.66216663e-03 -1.37601171e-02 -2.03713837e-02 6.06491692e-03 3.35743832e-04 8.10291896e-03
1.32976935e+02 -1.28329083e-02 -3.04144155e-02 9.28521199e-03 2.90854427e-03 1.72956718e-03 1.43246485e-03
1.35671669e+02 -1.78068011e-02 1.84571633e-03 1.61726321e-02 2.60071994e-03 3.28540114e-03 3.96690150e-03
1.38380779e+02 -3.50549109e-02 -4.31747187e-02 2.19864911e-02 4.28174262e-03 1.82388899e-03 2.47265431e-03
1.41079732e+02 -7.95813633e-03 -2.56202435e-02 -7.33172893e-03 4.96647057e-03 3.18020493e-03 3.28155846e-04
1.43778857e+02 1.39942242e-02 -3.03773523e-02 -3.64483960e-02 3.74961939e-03 1.31906415e-03 1.26065194e-03
1.46475826e+02 3.98228988e-02 -3.15412789e-02 -1.59819084e-02 2.17764650e-03 1.20184389e-03 3.54356583e-03
1.49181904e+02 -7.05792232e-02 -1.23295032e-02 2.71168789e-02 4.02766167e-03 7.55919973e-04 3.94502819e-03
1.51884451e+02 -1.28642878e-01 1.89725793e-02 9.51799190e-02 4.50416469e-03 5.61289449e-04 3.56958864e-03
1.54582029e+02 -4.38914754e-02 -2.80780241e-02 5.90827418e-02 5.15580269e-03 3.17894082e-03 7.21017999e-04
1.57275341e+02 5.17163894e-02 -4.49869272e-02 -1.34783300e-02 1.46426180e-03 9.41289788e-04 4.14693162e-03
1.59991013e+02 4.54781869e-02 -4.21022862e-03 4.59618880e-03 1.07239456e-03 1.28450917e-03 3.09272108e-03
1.62686888e+02 4.83302493e-02 4.38830410e-03 -4.62641426e-02 3.89098214e-03 1.76437072e-03 9.49221746e-03
1.65380591e+02 -5.28846362e-03 6.11003362e-02 -7.83114907e-02 3.87291897e-03 4.37415650e-04 2.57157964e-03
1.68073607e+02 -3.07160412e-02 4.47691862e-02 -5.37067635e-02 1.94242564e-03 2.80411807e-03 2.42159969e-03
1.70764654e+02 6.41810947e-03 -4.55003916e-02 -5.83190484e-02 2.74691109e-03 1.53022727e-03 1.82281137e-03
1.73470544e+02 2.14234555e-02 -6.05628167e-02 -9.17310741e-02 4.21378863e-03 4.98915090e-03 2.91046044e-03
1.76172013e+02 5.42254615e-02 -4.46500938e-02 -2.53887272e-02 5.59342641e-03 1.61835134e-03 5.80442838e-03
1.78876076e+02 5.40431331e-02 -3.04913059e-02 3.13353320e-02 1.52209840e-03 6.25073581e-04 1.00229277e-03
1.81578357e+02 6.76218865e-02 -8.36571314e-03 2.60688267e-02 3.22280533e-03 8.44840075e-04 1.47479635e-03
1.84283341e+02 3.06402080e-02 -1.95348691e-02 4.40418869e-03 5.71791049e-03 1.72265961e-03 1.14878395e-03
1.86992935e+02 -5.63076020e-02 -3.38128449e-02 -3.93627596e-02 4.23984127e-03 2.73154027e-03 2.71545623e-03
1.89706997e+02 -5.86496076e-02 -3.95196473e-02 -5.03446984e-02 6.45026468e-03 8.49318777e-04 2.64139675e-03
1.92414279e+02 -1.97772787e-02 -8.23589477e-03 -1.68357363e-02 3.18659013e-03 2.79323248e-03 5.29020783e-03
1.95114794e+02 -2.32207103e-02 -3.94017914e-02 7.77800684e-03 1.23719492e-03 1.11740205e-03 5.41116021e-03
1.97817122e+02 -4.93100917e-02 -5.26017876e-02 -3.42227399e-02 2.40629850e-03 4.68485063e-04 6.87210462e-03
2.00519810e+02 -4.87264040e-02 -5.06114912e-03 1.10483227e-02 4.67694382e-03 2.40403730e-03 3.05439625e-03
2.03220232e+02 -1.29037981e-02 3.80592338e-02 3.39443885e-02 1.89947750e-03 1.52820117e-03 3.49884857e-03
2.05917529e+02 3.58409427e-02 3.68359801e-02 5.30267625e-02 4.70913824e-03 5.28026245e-04 3.38064315e-03
2.08615466e+02 2.98984373e-02 1.90529614e-02 7.08803409e-02 3.29197999e-03 1.18976820e-03 4.49210079e-03
2.11308794e+02 -1.85754909e-02 9.27681720e-03 4.91136885e-02 2.96546024e-03 2.34042520e-03 4.42121317e-03
2.14002232e+02 -4.05655175e-02 -3.64118523e-04 2.71475236e-02 3.81106210e-03 1.26274324e-03 2.94510728e-03
2.16703982e+02 -2.18733119e-02 8.80980484e-03 6.05000555e-03 7.17147265e-03 3.84797779e-03 5.07443364e-03
2.19397685e+02 2.48977457e-02 -2.59727257e-03 -3.72420397e-02 4.31717300e-03 8.88588793e-04 6.43653914e-03
2.22098513e+02 1.28819547e-03 -9.98842030e-03 -6.85979851e-02 1.34000176e-03 5.64273956e-04 8.22858291e-03
2.24797794e+02 -1.22406269e-02 9.74526928e-05 -7.96196691e-02 5.48489953e-03 5.38074912e-04 2.81651185e-03
2.27494763e+02 -3.56131672e-02 5.83046764e-03 -2.35253542e-02 6.13598565e-03 1.48105635e-03 1.91580054e-03
2.30185419e+02 -2.74502169e-02 2.19159062e-02 -1.97731724e-03 1.39757566e-03 4.05763364e-03 2.62724915e-03
2.32884044e+02 -3.28989880e-03 2.12266805e-02 1.50620386e-03 2.43648032e-03 9.78335035e-04 1.84505018e-03
2.35582591e+02 4.75118149e-02 -1.79191576e-02 -1.64760172e-02 2.63680108e-03 1.26153663e-03 3.05326487e-03
2.38282013e+02 6.97476439e-02 1.17497305e-02 -9.14558310e-03 3.77395573e-03 4.59044986e-04 2.54356647e-03
2.40990685e+02 5.25225060e-02 2.24632714e-02 -1.38568729e-02 7.34921376e-04 2.87273512e-04 4.07120864e-03
2.43692138e+02 4.22781393e-02 5.93054211e-02 -2.34613000e-02 1.09387684e-03 1.97393018e-03 3.99052048e-03
2.46396404e+02 2.69274152e-02 6.03481547e-02 2.42186403e-03 5.21154398e-03 2.44040252e-03 5.24893746e-03
2.49098497e+02 2.60376263e-02 3.65788047e-02 -4.25117957e-02 2.52908106e-03 1.67965089e-03 6.19073498e-03
2.51800357e+02 6.06812649e-02 -4.22457903e-03 -4.11653942e-02 1.48702325e-03 5.17797026e-04 1.35923407e-02
2.54493560e+02 1.06369489e-01 -1.01869369e-02 -1.13945235e-01 6.52506437e-03 9.43833883e-04 4.71688953e-03
2.57190185e+02 9.34535543e-02 -2.53185984e-02 -4.80436552e-02 2.92725968e-03 1.52734342e-03 3.80790086e-03
2.59885529e+02 1.75744994e-03 -3.76271759e-02 -2.15923626e-02 5.51024956e-03 3.76374126e-03 3.72674402e-03
2.62576794e+02 8.35586478e-03 -1.33862306e-02 -2.97865480e-03 1.07892765e-03 8.04659373e-04 1.38054023e-03
2.65282185e+02 2.10120381e-02 4.88619331e-03 6.32330840e-03 3.68256817e-03 1.16373310e-03 9.50964189e-04
2.67978437e+02 1.71295320e-02 -2.01937579e-02 -2.73311963e-02 5.20185395e-03 7.16131347e-04 9.48593062e-04
