6.71391382e-01 -2.37232363e-02 7.22926219e-03 -9.75641662e-04 2.03289125e-03 9.13676328e-04 2.10037684e-03
3.36691733e+00 -3.72103389e-02 1.62824466e-02 3.76248711e-02 6.83827483e-04 3.90363997e-04 2.72972885e-03
6.06222702e+00 -4.54062365e-02 3.21997495e-02 8.07814311e-02 7.83247186e-04 1.85628533e-03 1.19430020e-03
8.75014999e+00 -2.17645746e-02 3.38053830e-02 6.66031478e-02 1.11258185e-03 1.22685286e-03 4.59041556e-03
1.14511244e+01 -2.84841688e-02 1.48880668e-02 2.86554985e-02 3.03904466e-03 1.61890859e-03 2.21920411e-03
1.41538837e+01 -2.51435020e-02 4.88413000e-02 1.45245617e-02 2.62754912e-03 1.04188311e-03 6.28240460e-04
1.68462791e+01 -2.54783947e-03 8.06316448e-02 4.76534534e-03 4.21447001e-03 1.38300113e-03 2.74745178e-03
1.95478103e+01 -6.84979042e-03 9.11433912e-02 6.91746584e-03 1.80910876e-03 2.10094500e-03 1.98831739e-03
2.22480212e+01 -1.84342250e-02 6.56541807e-02 9.25415392e-03 1.69837347e-03 6.51871576e-04 5.44131438e-03
2.49440525e+01 7.50586247e-04 1.89608772e-03 -5.00267790e-03 1.68415088e-03 1.23881387e-03 1.75050446e-03
2.76481587e+01 8.20773205e-03 -1.46032160e-02 -3.92467908e-02 2.63854150e-03 1.49971511e-03 3.67259767e-03
3.03516150e+01 -1.70208525e-02 -3.72919453e-02 -3.32049799e-02 1.19892012e-03 1.62085298e-03 2.59055086e-03
3.30540150e+01 -2.38453910e-02 -4.19527742e-03 -3.54607318e-02 6.32643139e-04 9.51953955e-04 9.02916529e-04
3.57540134e+01 -2.57262079e-02 -1.55049016e-02 -3.13834891e-02 6.88186676e-04 1.02617216e-03 2.16692404e-03
3.84568994e+01 -2.76081191e-02 -4.92001667e-02 -4.52485673e-02 1.04291325e-03 7.02795496e-04 1.34814414e-03
4.11550384e+01 -2.76471640e-02 -4.13838381e-02 -5.85345494e-02 9.51228182e-04 4.38444624e-04 1.04681808e-03
4.38616994e+01 -1.39393703e-03 -4.22738320e-02 3.26869360e-02 3.05858066e-03 2.27053317e-03 1.05182057e-03
4.65638916e+01 -1.63209678e-02 -4.48525024e-02 5.48888409e-02 9.64181891e-04 4.64788501e-03 6.39305590e-04
4.92732978e+01 -2.08350105e-02 -3.66400872e-02 -1.07646747e-03 1.82917775e-03 1.93835755e-03 1.15741521e-03
5.19762197e+01 -3.51877081e-02 -2.36631354e-02 -5.08071726e-02 5.55389983e-03 2.49511255e-03 1.86657362e-03
5.46848853e+01 -3.10339706e-02 1.02300502e-02 -4.43808219e-02 1.86848459e-03 6.12333801e-04 2.23008496e-03
5.73826541e+01 -4.82798408e-02 1.27433918e-02 -5.86374137e-02 2.46750181e-03 1.75974394e-03 3.33902069e-03
6.00870181e+01 -1.99737158e-02 1.65463549e-03 -3.33024476e-02 4.34130032e-03 3.07694652e-03 4.63060838e-03
6.27965072e+01 -2.05285009e-02 2.28929011e-03 5.50559124e-02 2.78272878e-03 7.68502214e-04 6.62902980e-03
6.54943978e+01 -1.45020597e-02 -4.11675735e-02 8.76228982e-02 2.70707529e-03 1.94479820e-03 6.91242382e-03
6.81975494e+01 3.29698356e-02 -3.57077414e-02 2.99528661e-02 2.97454891e-03 9.94402508e-04 1.31032629e-03
7.09011869e+01 1.20129515e-02 -7.36811082e-03 -1.04940617e-02 2.71461337e-03 9.42994200e-04 2.18383813e-03
7.36014134e+01 2.67490356e-03 -3.77334299e-03 -2.20384249e-02 3.98697373e-03 7.34951042e-04 2.83196988e-03
7.62992962e+01 -5.25968201e-03 3.69376819e-02 -1.63340308e-02 4.67178872e-03 2.25827049e-03 2.00737910e-03
7.89885212e+01 1.07762269e-02 3.62814826e-02 5.48424306e-03 3.72329004e-03 1.10502707e-03 3.34633812e-03
8.16902462e+01 6.25382961e-03 4.96493373e-02 2.73830305e-02 3.03153949e-03 3.87471114e-04 5.71391964e-03
8.43934931e+01 -2.48428676e-02 2.74196723e-02 8.63841071e-03 3.88566124e-03 9.55571471e-04 7.47104770e-03
8.70918900e+01 -2.60005858e-02 8.07995130e-03 -3.84441008e-02 3.16448735e-03 1.16571886e-03 4.27811846e-03
8.97998916e+01 -1.47623624e-02 3.41740989e-02 -8.21131601e-02 3.31571817e-03 1.12873674e-03 1.59388801e-03
9.24978009e+01 -7.21311648e-03 1.33171006e-02 -5.73403366e-02 2.63934247e-03 7.60624474e-04 1.82063659e-03
9.51973400e+01 -2.35826000e-02 3.13024471e-02 5.51490915e-03 8.08316697e-04 1.01289065e-03 3.48269171e-03
9.78886134e+01 -4.96302287e-03 5.93046951e-02 -1.40642429e-02 8.13233988e-04 2.39255195e-03 2.22255523e-03
1.00594415e+02 -1.00328819e-02 6.25132762e-02 -1.00212847e-02 4.40032430e-03 8.04078030e-04 2.56402620e-03
1.03285259e+02 -8.74940092e-03 -2.05711707e-02 2.65642581e-03 3.31922308e-03 1.55649327e-03 5.65463941e-03
1.05990759e+02 -1.73199938e-02 -2.11793418e-02 2.47664845e-02 2.35880361e-03 2.85384854e-03 2.59010192e-03
1.08695087e+02 -2.76488607e-02 -9.62029567e-03 1.40806016e-02 2.71461052e-03 7.45588879e-04 1.94508045e-03
1.11401290e+02 1.29648261e-02 -1.24216752e-02 -1.96769727e-02 1.85182049e-03 1.33968393e-03 1.37151596e-03
1.14105399e+02 5.02769394e-02 -6.02155318e-02 -8.85081364e-03 1.97500325e-03 1.84034948e-03 1.85536001e-03
1.16800071e+02 2.27607431e-02 -5.49264270e-02 -3.66936016e-03 1.84830974e-03 5.32661070e-04 8.29975053e-04
1.19510040e+02 2.23570362e-02 -3.37336989e-02 2.06282401e-02 2.50844911e-04 1.55691363e-03 6.05714111e-03
1.22202790e+02 9.64981007e-03 9.20397303e-03 3.53379013e-02 4.23419246e-04 1.64420749e-03 1.66744216e-03
1.24898165e+02 1.55590516e-02 2.87017624e-02 1.94573468e-02 2.50879125e-03 3.22932730e-03 9.34302689e-04
1.27596493e+02 1.36087969e-03 -8.83455947e-04 -2.05826198e-02 1.89160058e-03 2.94463621e-03 1.76743622e-03
1.30295399e+02 -5.20327442e-03 2.54806026e-02 -4.84399661e-02 1.21338812e-03 1.29011632e-03 2.66749725e-03
1.32988259e+02 1.62742262e-02 4.46939771e-02 -5.64200221e-02 7.35714509e-04 1.41586218e-03 1.96563965e-03
1.35686884e+02 8.26094304e-03 9.33799819e-03 -4.13241925e-02 1.03314989e-03 8.78399294e-04 2.75570675e-03
1.38380134e+02 -3.35122446e-04 -7.78175784e-03 -5.01534163e-02 1.25957379e-03 9.55798154e-04 2.38134700e-03
1.41080759e+02 9.38951682e-03 -1.42451309e-02 -5.08697118e-02 2.49961191e-03 6.60037283e-04 1.48101768e-03
1.43776712e+02 -1.20392069e-02 1.42173517e-02 -6.63389496e-02 3.51605593e-03 1.30296965e-03 2.92943855e-04
1.46481618e+02 -4.19179806e-02 -3.41581528e-04 -7.03596813e-02 5.01483126e-03 3.05706723e-03 4.88286785e-04
1.49177618e+02 2.79913211e-02 -1.55645078e-02 3.05878852e-02 3.88536942e-03 3.71416517e-04 1.01000856e-03
1.51873899e+02 5.32750050e-02 -2.07903030e-02 3.83675402e-02 4.90274374e-03 9.14245623e-04 2.47094100e-03
1.54571024e+02 -1.58439494e-02 2.43491821e-02 3.25481327e-02 6.16142383e-03 7.28997227e-03 7.40998081e-03
1.57262634e+02 -1.06624664e-01 -2.31130395e-02 -3.16363433e-03 1.51432615e-03 5.02701209e-03 4.62540903e-03
1.59951431e+02 -1.00733127e-01 -4.96234880e-02 -1.65815181e-02 3.15420704e-03 3.56177386e-03 1.42243089e-03
1.62651102e+02 -3.07552437e-02 3.00254532e-02 -1.85560140e-02 1.53217185e-03 2.32178931e-04 6.04222304e-03
1.65354681e+02 6.89553778e-02 8.05632452e-02 2.35406091e-03 2.61833810e-03 9.24732246e-04 3.59056705e-03
1.68061524e+02 9.60362528e-02 2.63056765e-02 -3.35910619e-02 2.55810002e-03 6.46989132e-04 7.33660018e-03
1.70769821e+02 1.99947970e-02 -2.40005086e-02 -2.47874060e-02 2.35108644e-03 7.28343798e-04 3.19619588e-03
1.73478665e+02 -3.82694156e-02 -2.35453942e-02 1.11325836e-02 5.04106266e-03 1.97427560e-03 2.43607309e-03
1.76179931e+02 -6.91284495e-02 -6.76857956e-03 1.03646266e-02 2.11246765e-03 1.90364929e-03 3.64547658e-03
1.78882056e+02 -3.90365183e-02 1.07486985e-02 2.91318588e-02 2.05481733e-03 2.16802664e-03 3.14346221e-03
1.81587196e+02 -2.42429890e-02 1.38012402e-02 4.27018983e-03 2.41070242e-03 2.68806780e-03 1.07123279e-03
1.84298712e+02 -2.56412464e-02 2.54801048e-02 -2.40372330e-03 3.06639274e-03 3.43076442e-03 1.33533539e-03
1.87000509e+02 -1.67199224e-02 5.26313197e-02 -6.45266024e-02 3.68629425e-03 4.58869930e-04 6.50432444e-03
1.89708556e+02 -2.42122609e-02 2.47776547e-02 -1.76454524e-02 3.72934815e-03 1.65752540e-03 4.27175737e-03
1.92414884e+02 -5.12218299e-02 -3.11654709e-02 4.81562144e-02 4.54307313e-03 1.20561324e-03 5.57034249e-03
1.95109790e+02 -2.87475535e-02 -4.24559422e-02 3.35931736e-02 4.09360278e-03 4.19248252e-03 8.37600592e-03
1.97812493e+02 -1.46923156e-02 -3.00049165e-03 -4.02435093e-03 4.87368171e-03 9.29970658e-04 9.58985941e-03
2.00507102e+02 -5.75434141e-03 -2.55258113e-02 -4.73023288e-02 1.34590805e-03 1.51046676e-03 5.19093037e-03
2.03204071e+02 1.25702317e-03 1.19017836e-02 -5.61655181e-02 3.04246405e-03 4.10841161e-03 3.22188413e-03
2.05902431e+02 -1.17672452e-02 2.58516273e-02 -6.03703248e-02 2.47556329e-03 5.41843779e-04 5.53504138e-03
2.08602540e+02 -6.78743704e-03 1.95070989e-02 -1.83613806e-02 4.13064379e-03 2.89632679e-03 5.74743246e-03
2.11301665e+02 -4.01641911e-02 -3.28923755e-02 1.33868880e-02 1.06509451e-03 1.21117201e-03 4.88819118e-03
2.13998196e+02 -2.46186735e-02 -1.32069058e-02 2.93612199e-02 1.32087929e-03 8.28237302e-04 1.86253309e-03
2.16690462e+02 -1.39455137e-02 -4.22470136e-02 -3.20145701e-02 5.52432524e-03 3.72058353e-03 1.64312876e-03
2.19387024e+02 -1.31981488e-02 -2.76831351e-03 -9.89532481e-02 2.98219555e-03 1.65753426e-03 9.96024690e-03
2.22088290e+02 -3.23680918e-02 1.02733153e-02 -5.96016754e-02 2.72838193e-03 1.62205825e-03 5.74790989e-03
2.24794212e+02 -4.05526442e-02 1.53914155e-02 1.77391191e-02 4.66475525e-03 1.14334200e-03 6.17825715e-03
2.27495634e+02 -2.28286763e-02 1.32325765e-02 5.21782306e-02 4.52791422e-03 6.22693999e-03 6.37130166e-03
2.30197509e+02 -1.75116505e-02 1.02887613e-02 5.96200759e-02 2.94849936e-03 6.39333660e-04 4.26640734e-03
2.32895899e+02 -4.89671851e-03 -3.44570327e-02 4.17766525e-02 3.19650705e-03 4.60505872e-04 3.99962417e-03
2.35594681e+02 3.64515235e-03 3.29653941e-03 2.02258129e-02 1.95814357e-03 1.28929898e-03 6.17050776e-03
2.38295134e+02 -1.70120644e-02 6.98111793e-03 -4.49126377e-02 3.70286549e-03 8.13190306e-04 5.50847562e-03
2.40991540e+02 -2.64852546e-03 2.51426941e-02 -2.57726508e-02 1.90693558e-03 2.95098382e-03 5.67852810e-03
2.43692524e+02 -2.62734334e-02 3.49408610e-03 5.57666257e-02 1.71803628e-04 2.58429932e-03 4.88317615e-03
2.46383399e+02 -2.26535768e-02 4.03556066e-02 1.07734393e-01 3.34271693e-03 2.58155201e-03 9.78695189e-03
2.49084243e+02 -3.51970561e-02 2.08670878e-02 3.60658047e-02 2.23626424e-03 1.44395589e-03 6.09795642e-03
2.51779540e+02 -2.97883169e-02 -2.42844000e-02 -6.55041289e-02 3.48313974e-03 8.95635850e-04 2.62321050e-03
2.54484962e+02 -1.92455914e-02 -2.32723345e-02 -4.82664166e-02 1.29122501e-02 2.75325183e-04 2.67760582e-03
2.57181931e+02 1.06420398e-02 -3.81058354e-03 -5.14986081e-02 2.94829501e-03 5.94332208e-04 3.34737831e-03
2.59891087e+02 4.36857490e-02 8.88214499e-04 -4.66645013e-02 2.03061839e-03 8.83865383e-04 1.39776632e-02
2.62590915e+02 2.21071951e-02 -3.73596578e-02 -4.97299843e-02 2.66746892e-03 1.83122195e-03 3.41237176e-03
2.65291212e+02 1.07338784e-02 -4.06475942e-02 -8.65430399e-03 6.63938022e-03 2.47074287e-03 1.80278170e-03
2.67987290e+02 -7.01906001e-03 2.26381938e-02 -5.82944005e-03 2.59220395e-03 5.76109496e-03 7.82443902e-04
