6.71385405e-01 -2.57170388e-02 7.10878767e-03 -3.30880783e-03 2.11414312e-03 8.40719981e-04 2.09737750e-03
3.36712473e+00 -3.67636514e-02 1.53337423e-02 4.05522307e-02 7.23283643e-04 4.16967065e-04 2.70303265e-03
6.06193770e+00 -4.66006049e-02 2.99333783e-02 8.29076076e-02 8.37525384e-04 1.81202592e-03 1.00912274e-03
8.75039519e+00 -2.23769608e-02 3.11932977e-02 6.81558086e-02 1.02360539e-03 1.14381870e-03 4.45494377e-03
1.14514294e+01 -2.61632393e-02 1.36967621e-02 2.65802415e-02 3.02435369e-03 1.57916331e-03 1.95825585e-03
1.41538169e+01 -2.50693841e-02 4.90078796e-02 1.44001457e-02 2.53081685e-03 1.09383778e-03 7.57261360e-04
1.68459388e+01 -2.60016579e-03 8.30602846e-02 4.54861631e-03 4.67743603e-03 1.47313468e-03 2.23387995e-03
1.95471482e+01 -9.80422706e-03 9.25815945e-02 6.94600867e-03 1.78600749e-03 2.14550248e-03 1.85380366e-03
2.22472700e+01 -2.37516569e-02 6.71229721e-02 1.06456297e-02 1.66890244e-03 5.77462714e-04 5.49212729e-03
2.49442810e+01 -4.51462396e-05 3.71121310e-03 -3.57403371e-03 1.53198655e-03 1.46759758e-03 1.59472129e-03
2.76478232e+01 7.13345871e-03 -1.22568506e-02 -3.88251074e-02 2.80191818e-03 1.57380328e-03 3.50597186e-03
3.03511138e+01 -1.87818821e-02 -3.72952761e-02 -3.28416709e-02 1.24788176e-03 1.75869859e-03 2.46763356e-03
3.30534997e+01 -2.49994317e-02 -7.10608866e-03 -3.38102705e-02 6.16495212e-04 9.61836852e-04 1.19907468e-03
3.57538857e+01 -2.81194079e-02 -1.69797778e-02 -3.24271692e-02 7.16901130e-04 1.08600972e-03 2.35378194e-03
3.84568825e+01 -2.85261655e-02 -5.21524992e-02 -5.00137114e-02 1.22949620e-03 9.03541464e-04 1.31925906e-03
4.11547091e+01 -2.61378323e-02 -3.97300375e-02 -6.10345504e-02 9.85638128e-04 5.89032077e-04 6.85115649e-04
4.38616013e+01 -1.77035614e-04 -3.94472564e-02 3.18310570e-02 2.56969521e-03 2.39529280e-03 8.52208793e-04
4.65644091e+01 -1.85448297e-02 -4.21266694e-02 5.25601191e-02 9.28076511e-04 4.79588674e-03 7.75717566e-04
4.92736325e+01 -2.53750185e-02 -4.00325661e-02 8.13610391e-04 1.79641683e-03 1.80769775e-03 1.13144841e-03
5.19763388e+01 -3.41800518e-02 -2.45737449e-02 -5.19611844e-02 5.86103503e-03 2.51829600e-03 1.90336359e-03
5.46844435e+01 -2.95889563e-02 1.17494631e-02 -4.87479909e-02 1.67497440e-03 7.17099910e-04 2.43521592e-03
5.73821732e+01 -4.86905844e-02 6.23225907e-03 -6.17934348e-02 2.42168397e-03 1.80148807e-03 3.16563069e-03
6.00858622e+01 -1.95998944e-02 -7.47257453e-04 -3.57011327e-02 4.44302890e-03 2.89708297e-03 4.48958185e-03
6.27956560e+01 -2.35990901e-02 -6.04562319e-04 5.66278228e-02 2.98151370e-03 7.27220626e-04 6.85732085e-03
6.54939810e+01 -1.80616756e-02 -4.33489400e-02 9.09735257e-02 2.62452442e-03 2.15975612e-03 6.68028973e-03
6.81977263e+01 2.95853004e-02 -3.42212676e-02 3.11156438e-02 2.88741177e-03 9.11923829e-04 1.26262757e-03
7.09008638e+01 1.03609794e-02 -1.05399624e-02 -1.56967833e-02 2.55604134e-03 9.45076520e-04 2.10264904e-03
7.36014263e+01 1.26586907e-03 1.10272568e-03 -2.43107317e-02 3.88490094e-03 6.39042443e-04 2.59686470e-03
7.62996497e+01 -3.90098496e-03 3.23123810e-02 -1.42892400e-02 4.53248473e-03 2.38023268e-03 2.04785341e-03
7.89876435e+01 8.77132367e-03 3.35791740e-02 6.23603590e-03 3.83532926e-03 1.33066352e-03 3.03670822e-03
8.16892372e+01 5.19265963e-03 4.58563205e-02 2.44472107e-02 3.06479124e-03 4.30719870e-04 5.61332538e-03
8.43931872e+01 -2.48424475e-02 2.53787828e-02 6.41021604e-03 3.73445525e-03 1.17706101e-03 6.86359838e-03
8.70914154e+01 -2.68635999e-02 1.19605799e-02 -3.99537183e-02 2.78979596e-03 1.03733410e-03 4.39969525e-03
8.97998138e+01 -1.79933992e-02 3.51438676e-02 -8.10947062e-02 3.13195294e-03 1.16625690e-03 1.74739455e-03
9.24977591e+01 -6.61699142e-03 1.21937714e-02 -5.72872815e-02 2.53078835e-03 6.69271244e-04 1.80987242e-03
9.51974857e+01 -2.41116406e-02 2.90571002e-02 6.58389016e-03 1.03781024e-03 9.40306022e-04 3.43582242e-03
9.78890888e+01 -5.15933997e-03 5.65012140e-02 -1.49200500e-02 8.30816252e-04 2.13263219e-03 2.37142636e-03
1.00594617e+02 -8.77602575e-03 6.35500551e-02 -1.29497499e-02 4.16805915e-03 7.96363267e-04 2.87347188e-03
1.03285617e+02 -9.59812971e-03 -1.92542956e-02 1.35429652e-03 3.39922299e-03 1.50227386e-03 5.65944479e-03
1.05990351e+02 -1.72053562e-02 -2.11590103e-02 2.41337975e-02 2.40043687e-03 2.66867653e-03 2.42355528e-03
1.08695008e+02 -2.85589050e-02 -7.92407958e-03 1.42262313e-02 2.93223794e-03 8.06498531e-04 1.80013271e-03
1.11400883e+02 1.35634620e-02 -1.20636032e-02 -1.93449841e-02 1.80453287e-03 1.38956313e-03 1.33365765e-03
1.14105101e+02 4.82014314e-02 -6.20280400e-02 -8.53181728e-03 1.95509829e-03 2.12305981e-03 1.91914021e-03
1.16800320e+02 2.23023557e-02 -5.66756804e-02 -3.02901667e-03 1.99946671e-03 5.86457720e-04 1.11358300e-03
1.19509179e+02 2.21362245e-02 -3.23688565e-02 1.93526350e-02 1.42646124e-04 1.61618252e-03 6.02946628e-03
1.22201914e+02 7.81303039e-03 7.87211821e-03 3.45355230e-02 3.66811918e-04 1.68586126e-03 1.51749924e-03
1.24897476e+02 1.18087332e-02 3.10390088e-02 1.76366854e-02 2.40498171e-03 3.28608593e-03 8.27574659e-04
1.27595273e+02 -3.45405571e-03 -2.47166016e-03 -2.08733892e-02 1.68322850e-03 2.90825730e-03 1.40601276e-03
1.30294086e+02 -4.09318826e-03 3.13554255e-02 -4.94783475e-02 1.28738226e-03 1.52809723e-03 2.68264811e-03
1.32987179e+02 1.62765075e-02 4.61078265e-02 -5.80288283e-02 7.34566909e-04 1.61151256e-03 2.12802910e-03
1.35686523e+02 9.17292569e-03 1.17822517e-02 -4.43722381e-02 1.30391233e-03 1.13917425e-03 2.98070683e-03
1.38379976e+02 3.10345995e-03 -7.75392211e-03 -5.55411819e-02 1.30871225e-03 8.23246226e-04 2.33426739e-03
1.41080773e+02 1.21817753e-02 -1.13783863e-02 -5.09723605e-02 2.65566338e-03 6.72435422e-04 1.54708251e-03
1.43776867e+02 -1.07205798e-02 1.77796738e-02 -6.32460608e-02 3.46262849e-03 1.37479868e-03 2.38363310e-04
1.46479914e+02 -3.52064462e-02 1.86029597e-03 -7.35403569e-02 4.71856652e-03 3.19027418e-03 5.78841531e-04
1.49177851e+02 2.65190216e-02 -1.26145246e-02 2.84762971e-02 3.51675891e-03 3.62856530e-04 9.94848917e-04
1.51873820e+02 5.30883000e-02 -1.85730398e-02 3.60354036e-02 4.92224788e-03 1.05788267e-03 2.31073031e-03
1.54570117e+02 -1.25683011e-02 1.96948340e-02 3.00569791e-02 6.19161863e-03 7.14717902e-03 6.93855368e-03
1.57261695e+02 -1.02481586e-01 -2.20153487e-02 -7.42238820e-03 1.70937438e-03 5.05482000e-03 4.55153209e-03
1.59952523e+02 -1.01772947e-01 -4.65011497e-02 -1.70467566e-02 3.50221675e-03 3.71537749e-03 1.72145264e-03
1.62651320e+02 -3.54965102e-02 2.68790460e-02 -1.73063542e-02 1.45123673e-03 2.68022810e-04 5.69741156e-03
1.65354758e+02 6.50383473e-02 7.43761311e-02 4.81005224e-03 2.45763339e-03 9.57918000e-04 3.01100908e-03
1.68061054e+02 9.70562446e-02 2.24038166e-02 -2.82950444e-02 2.56123073e-03 7.08523733e-04 7.29780136e-03
1.70769023e+02 2.03335119e-02 -2.16547984e-02 -2.42598889e-02 2.22596577e-03 9.22470705e-04 3.30858104e-03
1.73477929e+02 -4.19373866e-02 -1.97660829e-02 1.06980273e-02 4.99825430e-03 2.23622341e-03 2.40432077e-03
1.76179679e+02 -7.51722708e-02 -2.43794135e-03 1.40241359e-02 2.42246049e-03 1.98137100e-03 3.49063841e-03
1.78882554e+02 -4.42091252e-02 1.21661490e-02 3.00751680e-02 2.35774176e-03 2.41481945e-03 3.42270332e-03
1.81586336e+02 -2.43103506e-02 1.35683823e-02 4.76900237e-03 2.56353797e-03 2.84312277e-03 1.15259959e-03
1.84297054e+02 -2.20746697e-02 2.47927375e-02 -8.55531997e-04 3.06477469e-03 3.80906274e-03 1.22742927e-03
1.86999726e+02 -1.39109111e-02 5.21651706e-02 -6.33696021e-02 3.46762499e-03 4.53097435e-04 6.42667949e-03
1.89708226e+02 -2.07170460e-02 2.64875232e-02 -1.51359710e-02 3.94670175e-03 1.77526162e-03 4.02597401e-03
1.92414336e+02 -5.31648848e-02 -2.85240625e-02 4.78577081e-02 4.74073451e-03 1.14582757e-03 5.60294965e-03
1.95108976e+02 -3.00256401e-02 -3.92427908e-02 3.02653034e-02 4.08497267e-03 4.06126960e-03 8.20090134e-03
1.97812086e+02 -1.36099694e-02 -3.63186746e-03 -7.51962673e-03 4.97756099e-03 9.68096941e-04 9.08310554e-03
2.00506773e+02 -4.88779724e-03 -2.73577127e-02 -5.10036092e-02 1.39486353e-03 1.67879017e-03 4.44521919e-03
2.03203836e+02 5.09010581e-03 1.25332752e-02 -5.84448054e-02 3.02013823e-03 4.64968024e-03 3.06289443e-03
2.05902570e+02 -1.18398069e-02 2.18174990e-02 -6.02641996e-02 2.69583729e-03 6.93811483e-04 5.62851002e-03
2.08602633e+02 -9.72824402e-03 1.58616815e-02 -2.21202598e-02 3.98033658e-03 2.68697351e-03 5.74030622e-03
2.11301461e+02 -4.03512385e-02 -3.30296424e-02 7.65262425e-03 9.62390749e-04 1.23581572e-03 4.86541020e-03
2.13998101e+02 -2.25551713e-02 -1.38680933e-02 2.75493926e-02 1.42885451e-03 8.77624019e-04 1.77082981e-03
2.16690039e+02 -1.38233982e-02 -4.09571619e-02 -3.17963278e-02 5.22689622e-03 3.52310208e-03 1.62854068e-03
2.19385461e+02 -9.94210523e-03 -4.59062088e-03 -1.02674607e-01 2.81665837e-03 1.57482659e-03 9.36617875e-03
2.22087586e+02 -3.24016947e-02 8.14543306e-03 -5.86625788e-02 3.23121936e-03 1.53478050e-03 5.74428372e-03
2.24793320e+02 -4.26079562e-02 1.63589440e-02 2.18151823e-02 4.92347372e-03 9.90021257e-04 6.46625851e-03
2.27495398e+02 -2.35887726e-02 1.39206954e-02 5.79093274e-02 5.02349464e-03 6.40140507e-03 6.94943199e-03
2.30196898e+02 -1.71178529e-02 9.15418221e-03 6.07072271e-02 3.21785226e-03 6.70602990e-04 4.56324189e-03
2.32895336e+02 -3.73125368e-03 -3.72749916e-02 4.12626548e-02 3.20789629e-03 4.42810230e-04 3.75655181e-03
2.35593929e+02 7.61899746e-03 7.12298028e-04 2.15712217e-02 2.08274178e-03 1.37204693e-03 5.91675619e-03
2.38294304e+02 -1.58122485e-02 4.75361765e-03 -4.29184398e-02 3.42042937e-03 9.12926053e-04 5.13684285e-03
2.40990929e+02 -7.22171047e-03 2.21860106e-02 -2.11420715e-02 1.67705113e-03 2.71436363e-03 5.48835458e-03
2.43694148e+02 -3.39146116e-02 6.00711528e-04 6.05230662e-02 2.28352884e-04 2.60506436e-03 4.49639985e-03
2.46383148e+02 -2.68616768e-02 3.91400085e-02 1.08191702e-01 3.36174829e-03 2.67100497e-03 9.39233672e-03
2.49084570e+02 -3.83668539e-02 1.79078734e-02 3.40956732e-02 2.36422067e-03 1.57627774e-03 6.14939067e-03
2.51780070e+02 -3.29949235e-02 -2.57587759e-02 -6.39253260e-02 3.29033777e-03 8.07749077e-04 2.95322648e-03
2.54484383e+02 -2.41294085e-02 -2.30439653e-02 -4.92418425e-02 1.19175007e-02 2.64260283e-04 2.15891706e-03
2.57181586e+02 8.30344850e-03 -4.87959500e-03 -4.88865250e-02 2.91557893e-03 7.03772501e-04 3.23520991e-03
2.59891117e+02 4.19158293e-02 2.73340844e-03 -4.50679487e-02 2.23700193e-03 7.83140248e-04 1.26625751e-02
2.62590008e+02 2.06785777e-02 -3.76041183e-02 -5.11122981e-02 2.59096600e-03 1.94347038e-03 3.11234311e-03
2.65290742e+02 1.07291801e-02 -3.71211140e-02 -3.06773504e-03 6.31598910e-03 2.18890408e-03 2.12391916e-03
2.67984546e+02 -9.14096890e-03 2.16863753e-02 -7.26406976e-03 2.91919051e-03 5.94603420e-03 7.68123331e-04
