6.83115758e-01 2.40093997e-02 -3.62969257e-03 3.60598877e-02 8.78573641e-03 3.00528447e-03 2.61740850e-03
3.38115099e+00 2.83633267e-02 -1.12569523e-02 2.64292919e-02 5.78701001e-03 1.80832980e-03 1.48322102e-03
6.07677006e+00 2.73992859e-02 -8.79909839e-03 1.80249118e-02 5.93033470e-03 2.06737949e-03 1.75167392e-03
8.77290490e+00 3.80310402e-03 -2.56830405e-02 2.14023673e-02 3.24422062e-03 1.85491327e-03 2.01762357e-03
1.14693763e+01 -3.12022160e-02 -6.01398891e-03 4.57650000e-02 5.18851241e-03 1.05637959e-03 2.49388572e-03
1.41617482e+01 -2.95173761e-02 -2.91747689e-02 2.92393721e-02 6.52915358e-03 3.70238004e-03 1.14485053e-03
1.68621122e+01 -1.10810943e-02 -5.70603861e-02 1.27189988e-02 2.67318917e-03 4.33270256e-04 2.18364813e-03
1.95612529e+01 7.97204406e-03 -4.60240271e-02 1.05790431e-02 6.25668883e-03 1.06422171e-03 2.93797061e-03
2.22586607e+01 -5.59641922e-04 -4.25244626e-02 -2.35598877e-02 2.35034234e-03 5.65371076e-04 4.49802434e-03
2.49488154e+01 -1.08987328e-02 8.88505025e-03 -7.37892598e-02 4.30691449e-03 1.48081382e-03 1.64913432e-03
2.76491576e+01 -1.59356949e-02 4.08932568e-02 -4.50200834e-02 3.99334468e-03 2.40946430e-03 2.74608730e-03
3.03485388e+01 -1.75573809e-02 4.45756233e-02 -2.42608165e-02 1.74170110e-03 6.00695892e-04 2.52499057e-03
3.30518872e+01 -9.52906116e-03 3.61923457e-02 -4.21876371e-02 9.06228197e-04 6.65941168e-04 7.18409227e-04
3.57592404e+01 -1.58784294e-02 6.82703072e-02 4.07470328e-03 2.39928058e-03 5.43625688e-04 1.49004466e-03
3.84675607e+01 -2.58635179e-03 3.15026485e-02 5.54722108e-02 2.33775172e-03 1.55577110e-03 2.74192484e-03
4.11727341e+01 -3.97182770e-02 -1.02859514e-04 7.10302160e-02 3.31759377e-03 1.09508771e-03 2.36611065e-03
4.38819341e+01 -5.44352319e-03 3.45574799e-02 7.19975495e-02 3.96125381e-03 9.25240388e-04 3.94424588e-03
4.65705232e+01 1.68549572e-02 5.21823482e-03 1.95098259e-02 2.82984401e-03 1.94487655e-03 1.68390321e-03
4.92732029e+01 1.91275616e-02 -3.73857741e-02 1.70076511e-02 6.01275611e-04 1.90432957e-03 9.70473373e-04
5.19705982e+01 -4.55487622e-03 -6.46445116e-03 6.17457256e-03 3.81745999e-03 1.17781091e-03 2.58320589e-03
5.46764060e+01 -1.26444669e-02 1.54767907e-02 -2.56381675e-02 2.57483982e-03 2.50127756e-03 8.07673649e-04
5.73693857e+01 -1.44396558e-02 2.33070672e-02 -5.83184418e-02 9.20995176e-04 2.05820873e-03 8.04392059e-04
6.00724435e+01 -1.52465523e-02 1.04451838e-02 -4.24694809e-02 2.93580624e-03 1.34162507e-03 3.24231849e-03
6.27665685e+01 3.85490157e-03 1.11662290e-02 -3.19381570e-02 9.26033937e-04 2.15243381e-03 6.79726312e-04
6.54642685e+01 8.56964393e-03 1.03563113e-02 -1.51677337e-02 1.71059799e-03 1.43262841e-03 9.10629063e-04
6.81625169e+01 -6.23612605e-03 -5.10957941e-02 9.94247938e-03 1.55039433e-03 8.34322989e-04 1.70545945e-03
7.08607451e+01 -4.20167458e-02 -3.08044475e-02 -3.69810901e-04 3.59812125e-03 3.01386077e-03 9.89472462e-04
7.35716419e+01 -5.08875383e-02 -9.15659455e-03 -1.81194706e-02 1.71485501e-03 4.16846083e-03 1.45112052e-03
7.62733747e+01 -3.91678584e-02 2.13947078e-02 -2.41460688e-02 2.45238371e-03 2.04512782e-03 1.61148630e-03
7.89737638e+01 -4.73053463e-02 -6.57623605e-03 -9.20916380e-04 2.98538165e-03 5.49673080e-04 2.48918345e-03
8.16750872e+01 -2.77400748e-02 -3.22826148e-02 -1.66969351e-03 1.10001766e-03 2.87478060e-03 1.71186567e-03
8.43719232e+01 -1.80362803e-02 -1.65446157e-02 1.44354148e-02 2.98119771e-03 5.30354185e-03 2.02028183e-03
8.70755794e+01 -1.55928441e-02 -4.01153447e-02 3.03233200e-02 1.12823956e-03 1.30048970e-03 3.42384144e-03
8.97735919e+01 -3.81980404e-03 -3.29907181e-02 1.22457605e-02 1.07083031e-03 1.90645394e-03 2.03062344e-03
9.24785029e+01 8.97953875e-03 1.27289401e-02 1.77453748e-03 7.18103361e-04 1.70534198e-03 3.07559485e-03
9.51886826e+01 5.94807306e-03 4.50370283e-02 3.32498047e-02 2.08824879e-03 1.33010915e-03 3.90076306e-03
9.78949279e+01 1.13440888e-02 6.57087823e-02 6.49129662e-02 2.68408788e-03 4.49046175e-03 1.67701050e-03
1.00590359e+02 7.51820082e-03 -1.98502755e-02 2.11537704e-02 4.54780371e-03 1.10020783e-03 7.54361617e-04
1.03285125e+02 5.02252146e-04 -2.20213613e-03 1.95523449e-02 3.45953037e-03 1.42520799e-03 6.01352341e-04
1.05988672e+02 -2.14315292e-02 3.08277444e-02 3.73852235e-02 3.66708352e-03 6.47616391e-04 1.86492394e-03
1.08684328e+02 -1.53650445e-02 4.53558467e-02 4.70101738e-02 2.98126802e-03 8.00667628e-04 2.62477590e-03
1.11393156e+02 1.34165089e-02 3.10330633e-02 3.18348658e-02 5.05177582e-03 2.07775642e-03 1.38271962e-03
1.14100906e+02 3.35910392e-02 3.75492911e-02 6.19576774e-04 2.24342683e-03 1.53512048e-03 9.55053768e-04
1.16806453e+02 1.00744962e-02 2.66613035e-02 5.13890385e-02 2.76639099e-03 2.43756838e-03 7.36877221e-03
1.19514187e+02 2.21064602e-03 5.78252433e-02 6.58975498e-02 2.24278248e-03 3.41228967e-03 6.97197835e-03
1.22218297e+02 -3.34489613e-03 5.20938384e-02 5.91371965e-02 1.49609025e-03 2.17738075e-03 2.04622860e-03
1.24912468e+02 1.30595819e-02 4.25685567e-02 1.58497609e-02 3.89626136e-03 2.68657109e-03 1.37368916e-03
1.27601609e+02 2.41414170e-02 -1.92558650e-02 -2.09600604e-02 4.53104738e-03 3.48391506e-03 4.98714316e-03
1.30294281e+02 2.50581973e-02 -1.09266284e-01 -8.41607220e-03 1.59896127e-03 1.57075056e-03 1.00005855e-03
1.32990328e+02 1.01079901e-03 -7.95431623e-02 -2.95933143e-02 3.70902859e-03 2.60885684e-03 1.26518906e-03
1.35693750e+02 -3.49167560e-02 1.25445389e-02 -6.84497412e-02 8.82108309e-04 2.06000140e-03 1.27037077e-03
1.38397437e+02 -5.43052477e-02 4.16679849e-02 -6.58262195e-02 3.43322778e-03 2.02728051e-03 7.47101217e-04
1.41100625e+02 -3.80649931e-02 3.80479871e-02 -3.30442189e-02 3.55960217e-03 2.81343719e-03 7.19666421e-04
1.43808265e+02 -2.21726334e-02 2.16022136e-02 4.27865778e-02 4.44556913e-03 6.48158686e-04 2.87759310e-03
1.46506047e+02 -1.27109255e-02 1.35521068e-02 9.39633465e-02 3.10710279e-03 9.07780656e-04 4.16939036e-03
1.49203656e+02 -7.05553299e-03 2.56210535e-02 6.30638715e-02 5.53515323e-03 6.72775450e-04 4.66190874e-03
1.51892250e+02 -1.83348984e-02 5.91647102e-02 5.49251211e-02 5.10659608e-03 6.31829016e-04 3.43372257e-03
1.54582187e+02 -1.96601225e-02 3.09234413e-02 5.22668687e-02 1.73595743e-03 1.14857544e-03 3.26883669e-03
1.57275562e+02 -5.59844116e-03 3.60453545e-02 2.99432048e-02 4.40652139e-03 3.13121474e-03 4.74728909e-03
1.59979281e+02 -2.93848712e-02 1.94910940e-02 -1.85352655e-02 4.94842699e-03 7.50018496e-04 3.97013328e-03
1.62673047e+02 7.58717153e-03 3.03820173e-02 -3.42209642e-02 1.14300647e-03 1.66858658e-03 2.16382286e-03
1.65372906e+02 -4.82479589e-02 -9.09672125e-03 -4.96091990e-02 4.10448152e-03 2.57536133e-03 2.19427365e-03
1.68080531e+02 -8.89818154e-02 7.16035970e-03 -6.92218538e-02 7.03942038e-03 7.17170959e-04 5.88990421e-03
1.70774343e+02 -5.60909861e-02 4.84758728e-02 -8.21760458e-02 1.18704757e-03 1.61090520e-03 1.54963739e-02
1.73481297e+02 -4.38177169e-02 -1.60753780e-02 -4.94326726e-02 7.84024113e-03 1.63921160e-03 7.31696117e-03
1.76192031e+02 -2.83732075e-02 -5.53519707e-03 1.56478525e-02 3.68685482e-03 8.39937387e-04 2.28687341e-03
1.78899218e+02 -2.35839989e-02 2.08072952e-04 -3.24598179e-03 6.54043840e-04 2.01136199e-03 6.70016487e-03
1.81601109e+02 -4.06261000e-02 5.37443463e-03 1.16029482e-02 4.27988794e-03 2.10644595e-03 7.91116060e-03
1.84300890e+02 -7.68612307e-03 1.76822984e-02 8.99431438e-02 2.75153865e-03 8.17727475e-04 3.07571549e-03
1.86995750e+02 2.98116534e-02 -5.02972287e-03 9.10609146e-02 7.20457797e-03 3.25727776e-04 2.68632877e-03
1.89692843e+02 2.51500935e-02 3.53036855e-02 2.78583136e-02 4.18973592e-03 2.31034462e-04 3.00657811e-03
1.92398625e+02 -3.09725654e-02 3.38099552e-02 -6.28674348e-02 6.27704945e-03 9.48811253e-04 9.32460321e-03
1.95104781e+02 -3.37063210e-02 -1.26346008e-02 -6.71538579e-02 5.58451900e-03 1.76033857e-03 9.75054939e-03
1.97804359e+02 5.67549066e-04 -5.52777748e-02 -4.84625654e-02 3.81139381e-03 1.02481499e-03 3.10172836e-03
2.00507750e+02 -2.91672185e-02 -1.42240048e-03 2.52757500e-02 5.29830082e-03 2.92004820e-03 3.20765113e-03
2.03216609e+02 -7.79545634e-02 5.14840587e-02 6.97409573e-02 1.13272921e-03 9.95055466e-04 4.51542552e-03
2.05918453e+02 -5.75740415e-02 5.19583020e-02 7.11012431e-02 2.77888182e-03 2.62198546e-03 3.64466170e-03
2.08623015e+02 -6.35991569e-02 2.63534263e-02 5.79480307e-02 4.47461726e-03 2.65808717e-03 1.86805507e-03
2.11318078e+02 -3.98892107e-02 3.23791779e-02 5.35275222e-02 1.78491356e-03 2.15028640e-03 2.78366655e-03
2.14014984e+02 -4.25575291e-02 9.88343333e-03 1.48878892e-02 4.45636501e-03 3.22880862e-04 4.87530782e-03
2.16715265e+02 -5.20598770e-02 1.55340870e-03 -4.87742339e-02 4.08710981e-03 4.32349977e-04 1.07779962e-02
2.19417062e+02 -3.40689638e-02 7.21575906e-03 -4.05869762e-02 2.02556587e-03 6.86183990e-03 1.11043137e-02
2.22117531e+02 -9.45733802e-03 4.30346854e-02 -9.01497762e-03 3.05168118e-03 2.75847288e-03 5.63102225e-03
2.24816547e+02 -1.52423190e-04 4.12169290e-03 5.11572020e-03 2.70002269e-03 1.60464898e-03 5.20002270e-03
2.27512890e+02 -4.38606475e-03 -2.63092995e-02 -3.74835889e-02 1.80571765e-03 1.17882550e-03 4.68232639e-03
2.30207812e+02 1.05408533e-02 -6.70212652e-02 -3.95038179e-02 3.18176320e-03 3.10404205e-03 2.70714768e-03
2.32911703e+02 -5.97568851e-03 -6.57102951e-02 -1.41722755e-02 1.67661381e-03 1.62075961e-03 2.11761127e-03
2.35615343e+02 -3.81864482e-02 -6.81126459e-02 4.68318886e-02 3.60946472e-03 1.54845758e-03 1.80867023e-03
2.38312672e+02 -3.96792098e-02 -1.62691785e-02 8.75175642e-02 4.18964368e-03 1.84756282e-03 3.32865115e-03
2.41022640e+02 -7.55394266e-02 -4.02019016e-03 5.02088706e-02 7.92873656e-03 3.50216490e-03 5.01449837e-03
2.43728593e+02 -7.57184067e-02 4.88281377e-02 -8.48618741e-03 1.02883272e-02 3.78449434e-03 3.59927062e-03
2.46428547e+02 -4.18942062e-02 5.63332693e-02 -9.06923527e-02 7.24829485e-03 4.68265915e-04 5.44001505e-03
2.49131531e+02 1.73404126e-02 6.49885229e-02 -1.17585450e-01 6.04280412e-03 1.47557979e-03 4.89057589e-03
2.51836328e+02 -5.92842757e-03 1.86264649e-02 -7.05535258e-02 1.15078667e-03 1.52974070e-03 1.71231161e-02
2.54551484e+02 -8.63813706e-02 -4.95073006e-02 4.30411322e-03 5.03320922e-03 2.41338693e-03 6.18492157e-03
2.57247031e+02 -8.45328740e-02 -5.80925188e-02 5.37872762e-02 2.17181141e-03 3.91138815e-03 6.64022399e-03
2.59942156e+02 -6.85260179e-02 -6.19407554e-02 -2.18010598e-02 7.17165102e-04 4.80160798e-03 5.50654448e-03
2.62628328e+02 -2.97254374e-02 -6.67758769e-03 -4.07513436e-02 1.48289697e-03 1.79726579e-03 1.43687389e-03
2.65330078e+02 3.55694987e-03 5.15188671e-02 -2.75858445e-02 4.07818893e-03 7.94895926e-04 6.07682049e-03
2.68018874e+02 3.45156354e-02 9.70016506e-03 -2.19688888e-02 8.57379112e-03 1.30291360e-03 1.96544806e-03
