6.88360671e-01 -2.92801023e-02 5.00356897e-02 1.24565658e-02 1.78863565e-03 1.32440485e-03 2.50057602e-03
3.38170815e+00 -5.83697357e-02 -1.15435589e-02 4.47325857e-02 1.74573164e-03 1.08510589e-03 2.03259578e-03
6.07405237e+00 -6.19212069e-02 1.62266481e-02 3.71827420e-02 3.14673430e-03 1.16447942e-03 1.07882000e-03
8.76583799e+00 -3.16779656e-02 6.86783210e-03 2.13866562e-03 6.91096517e-04 2.28657016e-03 1.00118014e-03
1.14670266e+01 1.17092461e-02 -1.65091872e-02 -3.44603388e-02 1.62652321e-03 1.13059739e-03 2.35427097e-03
1.41626063e+01 1.53688375e-02 6.49187778e-02 -5.38340838e-02 6.28910971e-03 4.78063730e-03 9.03994771e-04
1.68607703e+01 1.08432153e-02 3.82853027e-02 -3.96060683e-02 2.77161089e-03 5.55672134e-03 5.02722537e-03
1.95562063e+01 4.66280587e-03 -1.23082958e-02 -2.58614636e-02 3.27680287e-03 9.64356224e-04 4.64525606e-03
2.22512594e+01 -3.34051174e-03 2.33244349e-02 -4.33079653e-02 1.80818058e-03 3.48607545e-03 6.36578258e-03
2.49552531e+01 -1.05333476e-02 7.13936581e-03 4.91295924e-03 2.04622437e-03 1.36597771e-03 5.29924342e-03
2.76488094e+01 -1.88437376e-02 -1.22487551e-02 5.03774640e-03 3.10643757e-03 1.78035691e-03 2.99956762e-03
3.03438938e+01 -1.55824826e-02 -3.42158962e-02 -9.80723075e-03 1.73882072e-03 7.29939482e-04 2.52300346e-03
3.30463500e+01 -6.51086284e-03 -1.86310431e-04 3.41299371e-02 9.66257828e-04 9.83675192e-04 1.71788891e-03
3.57433860e+01 7.15557682e-03 -2.25390966e-02 5.18286274e-02 1.92791390e-03 1.87706524e-03 2.97653861e-03
3.84507703e+01 2.52455573e-02 -4.55403177e-02 -1.78324980e-02 1.49703280e-03 7.79185636e-04 4.61086617e-03
4.11430860e+01 4.06356630e-02 -5.50816403e-02 -8.49593450e-02 2.15370000e-03 9.99969800e-04 2.98222196e-03
4.38548813e+01 3.41934797e-02 -4.27218325e-02 -5.01706194e-02 3.00416146e-03 2.39418829e-03 1.81580886e-03
4.65661985e+01 -2.37224059e-02 -4.16234184e-02 1.17101920e-02 1.99637087e-03 2.08662363e-03 9.55325281e-04
4.92698406e+01 -2.18349913e-02 -3.55652921e-03 2.30028764e-04 1.46439294e-03 2.56313899e-03 2.05892581e-03
5.19685391e+01 -5.45974124e-03 4.76638692e-02 -4.02205988e-03 7.11619115e-03 5.19260943e-03 2.78144782e-03
5.46716860e+01 2.37198377e-03 7.57146814e-06 4.90030864e-02 4.25262186e-03 2.69760652e-03 2.16058025e-03
5.73740500e+01 -1.68149479e-02 1.71087874e-02 4.77920473e-02 5.77551904e-03 3.68811250e-03 4.60987092e-03
6.00799297e+01 2.05056808e-02 5.36070861e-03 1.07578295e-02 4.31894732e-03 3.05888706e-03 7.34240949e-03
6.27866141e+01 2.48793737e-03 -1.68745579e-02 1.31395399e-02 2.14909518e-03 2.65648483e-03 5.98430903e-03
6.54842391e+01 -1.25738139e-02 -1.75432011e-02 -1.11636102e-02 3.12917536e-03 2.02849632e-03 1.92840982e-03
6.81841610e+01 1.62493518e-02 -1.11071017e-02 -4.19555452e-02 4.19714076e-03 3.36161079e-04 3.07692452e-03
7.08812094e+01 -8.33693760e-03 -4.75511959e-03 -6.14271818e-02 2.71299769e-03 8.78099592e-04 6.26226259e-03
7.35691016e+01 7.02915627e-03 -2.71706454e-02 -7.00842636e-02 1.91809859e-03 1.22293965e-03 6.81570037e-03
7.62674235e+01 1.07904041e-03 2.45260969e-02 -3.70943772e-02 3.97971142e-03 2.90046941e-03 2.68596798e-03
7.89566406e+01 1.81973137e-02 -2.13215259e-03 -4.38530075e-02 2.01414745e-03 2.81260815e-03 2.85603820e-03
8.16577703e+01 1.82718968e-02 2.32212562e-03 -1.21631002e-02 3.18360214e-03 3.20113413e-03 1.22772741e-03
8.43709985e+01 5.61592930e-04 1.80156344e-02 4.76723515e-03 2.34730290e-03 2.73372717e-03 3.13841935e-03
8.70812297e+01 -1.03557233e-02 1.41565958e-03 1.49601384e-02 5.21162664e-03 7.43645357e-04 3.53567082e-03
8.97834828e+01 -2.37926602e-02 1.18532580e-02 -8.90580648e-04 5.34939485e-03 2.72189545e-03 3.41920534e-03
9.24854735e+01 -1.19651851e-02 2.52281200e-02 4.55378084e-03 5.84890917e-03 2.54037987e-03 2.66141562e-03
9.51835594e+01 -1.63645970e-02 2.39794419e-02 3.79938254e-02 3.84072488e-03 1.80747294e-03 1.44241200e-03
9.78805297e+01 -1.68276497e-02 4.86925031e-02 3.16602629e-02 6.76515905e-03 1.17265231e-03 5.67494000e-03
1.00583384e+02 4.75546585e-03 5.89404745e-02 3.94794811e-02 2.64843328e-03 1.15890479e-03 5.24805795e-03
1.03285994e+02 9.46704154e-03 3.98764637e-02 8.84852864e-03 2.04331822e-03 5.97954237e-04 2.24046388e-03
1.05986213e+02 2.00084087e-02 -1.41870766e-02 1.38636821e-02 1.67300984e-03 7.02815682e-04 1.78414999e-03
1.08685088e+02 -1.79563346e-02 1.31698702e-02 -1.46353514e-02 3.19066724e-03 3.70092471e-04 2.78063389e-03
1.11388603e+02 -1.30052343e-02 1.00369721e-02 -3.41597046e-02 2.02989633e-03 2.06363117e-03 1.68867019e-04
1.14090697e+02 -8.52216149e-03 4.23723106e-02 -3.00556715e-02 2.41343993e-03 2.43505187e-03 3.91262790e-03
1.16797041e+02 -1.15762251e-02 -1.49786388e-02 -1.14390764e-02 2.70924939e-03 1.05846582e-03 2.91900528e-03
1.19500275e+02 -2.89778363e-02 -4.18037402e-02 -4.48614658e-03 8.89087379e-04 2.63389175e-03 2.78387611e-03
1.22199119e+02 -1.08874176e-02 -2.88168121e-04 -2.58669748e-02 2.23883473e-03 6.85293418e-04 1.19728293e-03
1.24899556e+02 1.18946693e-02 -6.67380374e-02 1.93080115e-03 1.66831639e-03 1.22292304e-03 1.87087381e-03
1.27601744e+02 1.48883492e-05 -8.14095275e-02 1.01137808e-02 2.61890886e-03 1.18220877e-03 3.13501762e-03
1.30295838e+02 4.86280124e-03 2.25143697e-03 -2.89655297e-02 1.74339723e-03 1.12685730e-03 7.87590415e-04
1.32987994e+02 2.16803812e-02 1.83374096e-02 -1.57126288e-02 5.02804848e-03 2.69988145e-03 1.04279429e-03
1.35676572e+02 3.17044763e-03 -2.28329183e-02 2.07550599e-02 2.57057732e-03 3.40044316e-03 1.81094057e-03
1.38381244e+02 -1.78359761e-02 -3.06386704e-02 2.69608061e-02 2.18211710e-03 2.13382796e-03 1.06043765e-03
1.41085588e+02 -6.86697120e-03 -7.51210647e-03 -1.16264986e-03 2.95843958e-03 8.49869670e-04 1.34440743e-03
1.43786947e+02 1.18243560e-02 -5.56265640e-03 1.04022997e-02 2.31349260e-03 1.22699024e-03 9.86894703e-04
1.46491103e+02 -1.69299934e-03 2.03557539e-02 7.19480716e-03 2.75828694e-03 1.67663144e-03 4.96837896e-03
1.49185759e+02 2.46499297e-02 2.80781948e-02 5.61562170e-03 4.69066661e-03 1.22010854e-03 8.22990127e-04
1.51878025e+02 6.63420730e-03 2.13300792e-02 -6.91917861e-03 4.27230239e-03 1.85288204e-03 2.88917809e-03
1.54581838e+02 -4.67068869e-02 4.04714579e-02 6.78028812e-03 2.24971221e-03 1.41008326e-03 5.29480667e-04
1.57273728e+02 -5.14416040e-02 1.59442749e-02 -1.65427013e-02 6.42808157e-03 3.55047928e-03 8.05985678e-03
1.59968978e+02 5.29251806e-03 -2.05934533e-02 -2.31087693e-02 1.69800742e-03 3.03298008e-03 8.26107367e-03
1.62670056e+02 5.54629990e-03 -3.93822573e-02 -9.96516165e-03 3.69884631e-03 7.86995636e-04 1.86054831e-02
1.65366759e+02 3.23992315e-02 2.35202598e-02 -2.11093051e-02 2.67111187e-03 1.73687578e-03 3.33942041e-03
1.68063150e+02 1.13120603e-02 8.11734497e-03 -3.34006869e-02 1.04757736e-02 4.66851831e-04 5.23388642e-03
1.70770806e+02 -2.25497767e-02 -3.18565786e-02 1.25574136e-03 6.40132409e-03 2.40690324e-03 5.34162139e-03
1.73470681e+02 4.09717481e-02 1.11433080e-02 -3.20765942e-02 4.04091458e-03 4.17878844e-03 1.60060382e-03
1.76174728e+02 6.82103890e-02 1.43048144e-02 -3.93827675e-02 2.47470673e-03 6.16851733e-04 1.65409989e-03
1.78884369e+02 5.92764197e-02 6.62649869e-03 4.44257640e-02 2.30422201e-03 1.56019311e-03 4.91073526e-03
1.81584900e+02 5.06456612e-02 -1.57287258e-02 4.82478103e-02 7.19170755e-03 2.19387647e-03 7.29907597e-03
1.84286931e+02 -1.73533785e-02 3.61800676e-03 1.20739765e-02 2.55488442e-03 1.96806558e-03 6.92350933e-03
1.86993181e+02 -6.36765645e-02 4.62640389e-02 -5.63552129e-03 3.31484326e-03 1.39123062e-03 8.13924550e-03
1.89698806e+02 -7.38359963e-02 2.76361601e-02 2.56958463e-02 3.19244491e-03 7.58944787e-04 6.69241215e-03
1.92392291e+02 5.23084266e-03 -8.06187451e-03 6.35289168e-02 9.92455875e-03 9.34336510e-04 3.04124893e-03
1.95083697e+02 6.27937901e-03 1.42605087e-02 5.11493997e-02 1.60839942e-03 8.09280301e-04 3.93502800e-03
1.97796353e+02 -5.56140456e-02 4.18349548e-02 2.69015661e-03 5.18778914e-03 8.03637259e-04 5.06453767e-03
2.00503775e+02 -6.25756921e-02 -2.44020043e-02 -2.43941041e-02 9.87493857e-03 2.76081826e-03 6.19935481e-03
2.03206119e+02 -3.40873966e-02 -5.89515472e-02 -2.11052372e-02 5.74049111e-03 3.25878421e-03 4.82917716e-03
2.05907134e+02 3.74609350e-05 -5.77219934e-02 -6.31968289e-02 4.44556284e-03 3.84134038e-03 2.99264929e-03
2.08606525e+02 2.48091498e-02 -1.80092362e-02 -3.18015428e-02 5.28738583e-03 2.06452746e-03 2.72637755e-03
2.11310259e+02 -2.59552745e-02 -2.87723452e-02 2.92753585e-02 1.27693693e-03 9.31823403e-04 4.03817910e-03
2.14002588e+02 9.54049441e-03 -8.44461508e-04 2.99524102e-02 2.17236933e-03 4.39814768e-04 5.04737414e-03
2.16702650e+02 1.02808898e-02 -7.29244215e-03 3.08323558e-02 1.27843673e-03 3.80452251e-04 4.43467025e-03
2.19402197e+02 1.18914974e-02 3.08706372e-03 9.87729346e-03 2.36325013e-03 4.93016378e-04 1.13035508e-02
2.22099681e+02 -1.63882367e-02 4.09416750e-03 -1.27639294e-02 3.02936241e-03 2.24787210e-03 5.76869420e-03
2.24798838e+02 -3.06214531e-02 2.70246978e-02 -2.36764299e-03 5.55829967e-03 8.73218443e-04 7.90367343e-03
2.27500697e+02 -2.91231282e-02 3.78800790e-02 4.89701885e-02 3.02128040e-03 2.53150537e-03 7.59317832e-03
2.30200884e+02 -1.32108885e-02 1.86827240e-02 4.67530606e-02 4.97617791e-03 2.44579108e-03 5.85042678e-03
2.32908025e+02 5.65794320e-03 2.87899609e-02 2.20714860e-02 1.00227619e-02 1.81081175e-03 1.65676952e-02
2.35604806e+02 4.99570030e-02 4.67794156e-02 7.19312670e-03 6.65018614e-03 8.98270376e-04 7.98242586e-03
2.38310275e+02 2.43399122e-02 1.99692575e-02 -1.45920422e-02 4.84067128e-03 2.42902905e-03 8.95430088e-03
2.41010306e+02 4.94720735e-02 -1.52264270e-02 -1.97886851e-02 5.77856294e-03 5.89822945e-04 1.11023023e-02
2.43701306e+02 3.38638259e-02 -4.88974549e-03 -1.49087701e-02 4.22996699e-03 1.65486621e-03 6.69866151e-03
2.46409806e+02 -3.28025181e-02 5.74572319e-04 9.63017244e-02 4.93428172e-03 9.11180625e-04 4.34029304e-03
2.49116963e+02 -4.85105359e-02 -2.26931479e-03 8.20033421e-02 8.55210559e-03 1.15346593e-03 5.30757657e-03
2.51816994e+02 3.35667236e-02 -2.05530815e-02 1.90577304e-02 8.74068637e-03 5.48166179e-04 3.98147629e-03
2.54513056e+02 8.00733086e-02 -1.77441029e-02 -1.81980954e-02 9.01688505e-03 1.31299195e-03 4.46278500e-03
2.57210994e+02 5.61318911e-02 2.32714682e-02 2.65546855e-03 2.67847109e-03 1.51538005e-03 6.95598588e-03
2.59901822e+02 1.79842254e-02 3.38520251e-02 6.29757201e-02 1.80348773e-03 1.30859009e-03 4.04264171e-03
2.62604603e+02 -1.45892964e-02 1.36100079e-02 7.69734632e-02 1.26278028e-03 2.18579564e-03 1.95999406e-03
2.65300791e+02 1.39418960e-02 -1.02573867e-03 7.16078644e-03 3.09071795e-03 2.55567151e-03 1.62569190e-03
2.68005342e+02 -1.53668785e-02 5.24503173e-02 -2.11679242e-02 2.59341877e-03 1.58151248e-03 7.93200075e-04
