6.86762156e-01 3.01535889e-02 -1.39272173e-02 2.38767206e-02 6.19620406e-03 4.53757879e-03 5.66509259e-03
3.38009433e+00 2.42546036e-02 -1.24205374e-02 -1.44616394e-02 4.74100048e-03 1.80147305e-03 3.24022599e-03
6.07393199e+00 2.53569742e-02 -1.00310353e-03 -2.41832593e-02 3.03238192e-03 6.84074215e-04 5.73568761e-04
8.77241714e+00 8.15156576e-03 -1.12892709e-02 2.73506817e-02 3.75840224e-03 1.90015779e-03 3.84309322e-04
1.14676539e+01 -1.46418960e-02 -3.83806463e-02 6.69937268e-02 2.98195846e-03 5.32443769e-03 2.96647483e-03
1.41649023e+01 -2.47836301e-02 -6.30751121e-02 6.73016756e-02 7.58136505e-03 1.15876101e-03 1.58714123e-03
1.68652914e+01 -3.05547598e-02 -3.32634160e-02 3.92869684e-02 6.19266034e-04 3.82593238e-03 1.29224974e-03
1.95618148e+01 -2.19114799e-02 -4.02223323e-02 2.20186560e-02 2.86727770e-03 1.52090959e-03 1.54507371e-03
2.22573882e+01 -5.73860586e-03 -4.21963126e-02 4.84214201e-03 3.47518691e-03 1.64061628e-03 2.18497803e-03
2.49483539e+01 -2.04789074e-02 1.25947119e-02 -3.33171736e-02 1.76579681e-03 1.61682855e-03 3.58692967e-03
2.76483945e+01 -1.03794500e-02 1.91214860e-02 -3.95379820e-02 5.36325387e-04 8.50602548e-04 8.85065850e-04
3.03453914e+01 -1.93502962e-04 4.60420946e-02 -3.64527206e-02 3.47216358e-03 2.30368088e-03 3.03856579e-03
3.30576023e+01 -1.22756492e-02 4.80321844e-02 -3.83483947e-02 2.78355493e-03 1.98929073e-03 5.87904255e-04
3.57640101e+01 -1.59633179e-02 5.42125577e-02 -9.87750761e-03 1.05811257e-03 4.10302454e-03 4.16560098e-03
3.84704070e+01 -3.89542155e-02 2.60131801e-02 6.90035171e-02 2.06896159e-03 1.41673885e-03 3.17876604e-03
4.11774304e+01 -4.21855868e-02 3.09271317e-02 7.28100471e-02 2.86242920e-03 2.84095921e-03 3.07483133e-03
4.38795054e+01 -4.44872119e-02 5.48621854e-02 5.24811479e-02 6.27797323e-03 1.85719597e-03 2.69744945e-03
4.65702851e+01 -2.63196424e-02 3.82347383e-02 -1.01904472e-02 3.08255200e-03 1.26991049e-03 1.35917959e-03
4.92697726e+01 -7.91389363e-03 2.06815432e-02 -1.30751488e-02 2.86792969e-03 1.31896893e-03 3.23524367e-03
5.19706117e+01 -4.88205334e-04 -4.34655969e-02 -1.71313905e-02 4.31193954e-03 9.66815327e-04 9.40488716e-04
5.46720007e+01 4.92925973e-03 -2.84627322e-02 -3.49902135e-02 1.39921745e-03 3.10657008e-03 1.46824152e-03
5.73712460e+01 1.63218527e-02 -2.33470230e-02 -4.98255192e-02 2.34354574e-03 1.45805378e-04 2.04310068e-03
6.00691351e+01 5.38656582e-03 -1.81837790e-03 -3.04716254e-02 4.70251486e-03 2.02830589e-03 3.61038485e-03
6.27591867e+01 2.19540858e-02 1.67704508e-02 -3.35589349e-02 3.69428978e-03 7.00871827e-03 7.56244325e-03
6.54530132e+01 2.88140115e-02 1.07844607e-02 -2.45136970e-02 2.62173645e-03 1.87790278e-03 4.90134235e-03
6.81537632e+01 9.41039760e-04 -6.92209883e-03 1.90874273e-02 4.76070175e-03 6.91269670e-04 3.44759049e-03
7.08625539e+01 -1.49414536e-02 -1.09147321e-02 4.18722153e-02 4.90688581e-03 4.39727044e-04 6.23785237e-03
7.35583054e+01 -1.79636539e-02 3.29069334e-03 3.57885258e-02 2.13619472e-03 2.05705384e-03 3.16991661e-03
7.62738695e+01 -1.61887429e-02 -4.53079571e-02 5.42637746e-02 4.02008970e-03 9.83930037e-04 2.40680201e-03
7.89814460e+01 -3.91988160e-02 -3.31178329e-02 3.69627301e-02 2.60980270e-03 8.80016603e-04 2.84771580e-03
8.16737335e+01 -2.01755819e-02 2.25075317e-02 -2.03044252e-02 4.80105144e-03 1.92343547e-03 2.11085848e-03
8.43724679e+01 -1.70661574e-02 -4.43088546e-02 -2.55385006e-02 4.47071912e-03 1.93606699e-03 1.40941360e-03
8.70711007e+01 -7.14149767e-03 -6.15584569e-02 6.18773816e-03 1.30932705e-03 1.07428758e-03 3.16776614e-03
8.97671210e+01 8.44857570e-03 -1.53156123e-02 2.12642561e-02 1.97858906e-03 1.92588711e-03 3.45026521e-03
9.24670054e+01 3.65637555e-02 2.53628703e-02 -1.32634880e-02 1.17739883e-03 2.38736163e-03 6.10142430e-03
9.51826414e+01 1.86195389e-02 3.03346417e-02 -3.85532221e-02 7.27133532e-04 2.52056450e-03 1.86311533e-03
9.78879101e+01 1.99128973e-02 -2.54698799e-02 -3.42974604e-02 2.70349432e-03 4.95132463e-04 2.85242675e-03
1.00587163e+02 1.65318061e-02 -2.03569383e-02 -1.69008329e-02 2.45568510e-03 8.15448384e-04 2.10431755e-03
1.03286085e+02 5.73662779e-03 -2.21787528e-02 5.21416642e-03 2.14119662e-03 9.55227300e-04 5.09184388e-03
1.05985038e+02 -3.97567028e-02 2.56289950e-02 4.63688735e-02 3.52621816e-03 2.98340279e-04 4.57521720e-03
1.08688210e+02 2.95113301e-03 3.64488241e-02 4.78993283e-02 2.18480801e-03 1.16950796e-03 2.33129671e-03
1.11392679e+02 3.85511748e-02 2.19504327e-02 1.74152781e-02 3.51446832e-03 1.68377494e-03 1.87784698e-03
1.14098866e+02 4.26700188e-02 1.77003690e-02 1.00641848e-02 2.44989533e-03 9.74955576e-04 2.86587890e-03
1.16808226e+02 2.58343625e-02 2.69290385e-02 6.53810809e-02 2.12413888e-03 1.56824461e-03 6.17592115e-03
1.19508444e+02 -3.07507334e-03 2.95188876e-02 5.00969633e-02 1.43945193e-03 1.90835792e-03 5.12179806e-03
1.22207757e+02 1.35609519e-02 5.56679376e-02 7.12668100e-03 2.72966230e-03 7.05199399e-04 2.41907341e-03
1.24905319e+02 -1.92151571e-02 9.01635292e-02 -3.74389023e-02 3.24654840e-03 1.51733483e-03 1.18409699e-03
1.27598382e+02 -1.08078138e-02 1.89799575e-02 -7.16214379e-02 8.92197014e-03 2.11215407e-03 2.06242918e-03
1.30294476e+02 2.50131821e-02 -7.12467281e-02 -1.94201506e-02 1.47100781e-03 1.56518640e-03 1.04382256e-03
1.32993741e+02 -1.05694735e-02 -3.42313366e-02 -2.02465546e-02 1.42426666e-03 2.57596105e-03 8.91453295e-04
1.35694382e+02 -3.06165348e-02 1.93192475e-02 -3.02905663e-02 1.73572270e-03 4.50745567e-03 1.37154067e-03
1.38392148e+02 -2.73540374e-02 5.08018458e-02 -2.70044194e-02 3.17409150e-03 1.28786542e-03 8.03433386e-04
1.41093819e+02 -2.69523875e-02 -1.10178742e-02 -3.48091878e-02 3.90724023e-03 2.02848283e-03 3.78265591e-03
1.43798007e+02 -2.79165233e-02 -1.76463303e-02 -1.17653960e-02 3.51705750e-03 6.48451322e-04 1.78953771e-03
1.46496132e+02 -8.88590814e-03 2.23067819e-03 1.46794368e-02 2.04675852e-03 1.07025335e-03 2.66576209e-03
1.49193085e+02 2.11677847e-03 2.23576057e-03 2.05777545e-02 5.75238436e-03 2.62152199e-03 1.36255801e-03
1.51885226e+02 7.66346171e-03 5.03211379e-03 2.21289546e-02 3.05421684e-03 1.60400832e-03 4.96184197e-03
1.54582819e+02 -2.66073325e-02 1.83858607e-02 3.90277235e-02 7.29216776e-04 5.69035105e-04 1.72082525e-03
1.57268179e+02 1.02437492e-02 3.78587743e-02 2.82664080e-02 1.83422953e-03 2.43765906e-03 3.42826360e-03
1.59970351e+02 1.25009218e-02 -5.64257011e-03 1.15695427e-02 6.01756071e-04 2.26504780e-03 5.43227548e-03
1.62670054e+02 -1.42726254e-02 1.00161495e-02 2.35323237e-02 3.83089336e-03 1.19306274e-03 7.85147589e-03
1.65368523e+02 -5.44487787e-02 -1.73656487e-02 8.63133703e-03 1.80045115e-03 1.29604363e-03 6.30770787e-03
1.68072773e+02 -4.86704835e-02 5.55449415e-04 -2.44618265e-02 9.53273669e-03 1.04602377e-03 2.89500401e-03
1.70776288e+02 -6.58484966e-02 3.19359610e-02 -5.30499734e-02 6.34565732e-03 9.98466787e-04 6.44087910e-03
1.73479726e+02 -4.25788965e-02 -1.04463496e-02 -1.40510813e-02 2.36785519e-03 1.50705958e-03 7.22409214e-03
1.76184491e+02 -4.00897219e-02 5.54857375e-03 3.89095319e-02 3.27812857e-03 9.52326666e-04 3.50779957e-03
1.78886382e+02 -3.53679907e-03 -3.69575973e-04 -1.21852693e-02 4.28733345e-03 1.07415030e-03 2.25525216e-03
1.81593538e+02 -1.40431801e-02 -6.32744080e-03 -2.14002165e-02 2.41616286e-03 5.52090354e-04 7.73043623e-03
1.84291444e+02 2.66729223e-02 1.10283696e-02 4.30347710e-02 3.87878175e-03 1.23120303e-03 7.58253602e-03
1.86987288e+02 7.27794185e-02 3.80644173e-03 3.10759442e-02 1.31819271e-02 9.04206734e-04 5.18657393e-03
1.89692163e+02 3.33075515e-02 -1.84971835e-02 -7.13185874e-03 1.08586822e-02 3.35960647e-03 7.47827038e-03
1.92391398e+02 -8.51949087e-03 1.04041939e-02 -4.49652415e-02 1.25007162e-02 1.39162989e-03 1.68855931e-03
1.95100804e+02 -2.09104946e-02 -4.91270878e-03 -2.41216434e-02 6.08432613e-03 1.34010776e-03 3.18696830e-03
1.97797444e+02 1.45258334e-02 -4.20122775e-02 -2.94365052e-02 6.75031486e-03 2.71783171e-03 6.55681569e-03
2.00500163e+02 7.92169048e-03 2.50072901e-02 1.83237948e-02 5.04677590e-03 1.47759789e-03 3.31783731e-03
2.03201710e+02 -3.89876730e-03 4.41181169e-02 2.25348065e-02 2.51380510e-03 2.13284799e-03 2.97456334e-03
2.05900679e+02 -1.28718475e-02 3.65975031e-02 8.17394576e-02 2.80421066e-03 4.77699078e-03 3.15048656e-03
2.08608960e+02 -3.28554179e-02 2.39808499e-02 4.74814971e-02 1.83589383e-03 1.86248933e-03 5.76792168e-03
2.11308960e+02 -3.32331258e-02 5.49163491e-02 1.68033508e-02 3.14570827e-03 1.56390720e-03 2.89818389e-03
2.14009679e+02 -1.13237461e-02 1.07911765e-02 -1.65419282e-02 2.03921713e-03 1.17114859e-03 3.23282323e-03
2.16706491e+02 -2.10495563e-02 2.61632356e-02 -2.80158693e-02 1.89881781e-03 2.41143843e-03 7.62355630e-03
2.19413523e+02 -1.90151782e-02 7.02587453e-03 -3.87350961e-02 5.05174416e-03 1.30182615e-03 1.13658056e-02
2.22112273e+02 9.85406409e-03 3.32954266e-04 -1.63408242e-02 4.72331558e-03 4.39309422e-04 3.21006524e-03
2.24812913e+02 -3.52306593e-03 -2.76775844e-02 9.35587012e-03 5.59729785e-03 1.80296131e-03 6.34990191e-03
2.27509773e+02 -2.84098439e-02 -6.22595189e-02 -2.96095366e-02 4.86385875e-03 5.13972546e-04 1.01564385e-02
2.30206101e+02 -1.55648583e-02 -6.55536035e-02 -6.54811871e-02 4.91908099e-03 5.52830936e-04 3.09127809e-03
2.32899851e+02 -3.01451037e-03 -8.89741674e-02 -8.82032544e-03 8.74681171e-03 2.61797562e-03 3.47269630e-03
2.35602226e+02 -7.15672625e-03 -6.52318799e-02 4.09864707e-02 7.36793655e-03 2.93659966e-04 3.30238206e-03
2.38305429e+02 6.55799285e-03 -1.08159763e-02 4.51579299e-02 3.89372794e-03 2.04542859e-03 2.40010767e-03
2.41014507e+02 -2.82698003e-02 -1.78893136e-02 5.87818381e-02 3.04851718e-03 3.90212457e-04 4.06477242e-03
2.43719194e+02 -2.13994461e-02 2.43719563e-02 -2.41426763e-02 3.54796950e-03 5.47556717e-04 3.49635475e-03
2.46428132e+02 1.55615600e-02 5.14565977e-02 -1.21570966e-01 7.39772702e-03 1.14598032e-03 4.32046633e-03
2.49131085e+02 5.02189339e-02 1.51349966e-02 -1.22869151e-01 2.78371781e-03 6.10796554e-04 6.13900520e-03
2.51835210e+02 -1.05457002e-02 3.16979506e-02 -1.02206986e-01 2.30957359e-03 1.46017739e-03 1.13351131e-02
2.54537819e+02 -6.32633263e-02 -3.71505192e-02 -5.60219614e-04 5.14173829e-03 8.65250579e-04 3.72557914e-03
2.57236757e+02 -3.84788891e-02 -8.86755413e-02 -1.14003551e-02 8.38422419e-03 1.86835516e-03 1.18136034e-02
2.59935804e+02 1.14050892e-02 -5.02072127e-02 -3.10121651e-02 4.34778732e-03 2.64052116e-03 5.57302644e-03
2.62629710e+02 1.02209889e-02 -6.67727748e-03 -3.20917048e-02 3.16327032e-03 8.24054103e-04 2.45840125e-03
2.65325194e+02 1.59678799e-02 -9.94208881e-03 -2.39914593e-02 2.03757424e-03 9.07742666e-04 2.10140990e-03
2.68004287e+02 1.69419413e-02 -4.77057877e-03 -1.02440796e-02 5.78832536e-03 7.96807670e-04 4.23691479e-03
