6.73692256e-01 -2.75694731e-02 -4.77574955e-02 1.50708780e-02 6.48765680e-04 3.39817825e-03 2.38210737e-03
3.37101287e+00 -2.02463051e-02 -4.92728119e-02 5.67444885e-04 3.38481283e-03 5.61811080e-04 4.36994462e-03
6.06751583e+00 -2.42117921e-02 -2.15081425e-02 -4.94634739e-02 9.97288766e-04 1.85012337e-03 5.56228928e-03
8.76116646e+00 7.88352645e-03 -2.17855351e-02 -3.83528470e-02 2.28195090e-03 8.41587469e-04 3.04549982e-03
1.14592985e+01 1.26452837e-02 -5.50788001e-03 1.14123859e-02 3.67725087e-03 1.22658731e-03 2.09701217e-03
1.41577907e+01 5.34088980e-03 5.27222379e-03 4.86712210e-02 1.29443626e-03 9.37930145e-04 2.76710994e-03
1.68577235e+01 -4.48933647e-03 1.41198457e-02 2.80996167e-02 1.54329881e-03 1.05393079e-03 3.63029922e-03
1.95582391e+01 8.41735429e-03 4.03753477e-02 4.25487388e-03 3.79135893e-03 1.73164421e-03 4.92021991e-03
2.22516922e+01 1.51092762e-02 8.40676589e-03 -3.77810722e-02 2.61708474e-03 1.67607638e-03 1.42812127e-03
2.49556782e+01 1.87848268e-02 1.94935805e-03 -3.70666965e-02 2.87247784e-03 1.66307165e-03 2.33578213e-03
2.76566985e+01 2.89020998e-03 1.55351624e-02 -2.65172633e-02 3.61053449e-03 2.40612018e-03 2.72613446e-03
3.03661688e+01 2.29754628e-03 2.75695525e-03 1.47746440e-02 4.45006286e-03 1.13195070e-03 3.62146248e-03
3.30719735e+01 1.36909553e-03 -4.29071995e-02 4.71438421e-02 2.32132376e-03 8.03949350e-04 3.36460256e-03
3.57763297e+01 1.00281445e-02 4.57900949e-02 4.47460906e-02 1.10410959e-03 7.58864873e-04 9.24134089e-04
3.84796141e+01 3.07844295e-02 3.04501643e-02 1.49245464e-02 1.54173448e-03 2.72090997e-03 2.14174442e-03
4.11840047e+01 4.43988323e-02 7.14223833e-03 2.15672993e-02 1.00432386e-03 2.22937534e-03 2.92032711e-03
4.38800563e+01 1.65870305e-02 5.86353981e-03 1.76027315e-02 2.13222622e-03 5.54358057e-04 6.42046894e-04
4.65912907e+01 -1.82962617e-03 -1.53951756e-02 3.48465382e-02 3.25614868e-03 3.51550508e-03 2.58001170e-03
4.92962172e+01 -1.01882340e-02 1.93856846e-02 5.10363936e-02 1.35991232e-03 3.86392819e-04 1.69762331e-03
5.20079360e+01 2.64013927e-02 6.09608275e-02 3.83157649e-02 2.11977062e-03 6.21792682e-04 7.44785781e-03
5.47055954e+01 1.96300363e-04 2.38796235e-02 2.02585254e-02 1.65858475e-03 2.78159956e-03 2.63427073e-03
5.74056032e+01 -1.50059183e-02 -2.38589711e-02 4.45098003e-03 1.86656556e-03 5.29745813e-03 2.00856341e-03
6.00976422e+01 1.75880862e-02 -2.37259877e-02 7.64736126e-03 1.90763186e-03 1.27534371e-03 1.05517365e-03
6.27910954e+01 1.17404084e-02 -5.78985421e-02 3.31340460e-02 2.49505898e-03 2.56655570e-03 3.11036017e-03
6.54912110e+01 -1.82184583e-03 -5.03369673e-02 2.11586860e-02 2.87242693e-03 1.36209704e-03 3.74424281e-03
6.81856204e+01 1.75294717e-02 -2.70516981e-02 -4.70529934e-02 1.27223493e-03 2.29096878e-03 1.46118056e-03
7.08741235e+01 4.37613789e-02 4.06915086e-03 -1.07235020e-01 8.65884958e-04 2.14615776e-03 6.42930013e-04
7.35801344e+01 4.68331805e-03 -1.46536828e-02 -4.48758468e-02 1.60152841e-03 3.09224644e-03 7.32108934e-04
7.62718110e+01 9.07470960e-03 -2.57966048e-02 -4.06167649e-03 5.15605547e-03 2.52561948e-03 3.01389507e-03
7.89799500e+01 6.00918507e-03 6.83432054e-02 3.66701016e-02 6.85607430e-03 5.21718156e-03 1.59866776e-03
8.16809829e+01 -1.04367443e-02 5.49485150e-02 2.16423764e-02 3.12261409e-03 1.25986817e-03 5.40799075e-04
8.43841954e+01 3.88721657e-03 3.11170313e-02 -6.64962965e-03 1.43278813e-03 1.89287651e-03 5.41873859e-04
8.70844047e+01 -4.35035631e-04 -6.35741977e-03 -3.24720922e-03 1.07216547e-03 1.17992755e-03 1.65326960e-03
8.97813657e+01 -8.50395505e-03 -9.77029688e-03 -1.27637171e-02 2.21412411e-03 1.35334274e-03 2.83950853e-03
9.24785266e+01 -1.00843240e-02 1.00540641e-02 6.08264479e-03 1.36951629e-03 4.74153486e-04 1.72840971e-03
9.51722016e+01 1.96725236e-02 4.64411575e-03 5.33930447e-03 1.21519432e-03 4.60123901e-04 1.83012462e-03
9.78752329e+01 -1.20900685e-02 2.99231126e-02 -2.72871234e-03 1.48081396e-03 9.16708461e-04 3.04583371e-03
1.00571813e+02 -2.38129724e-02 2.20219632e-02 -2.25532911e-02 1.41056967e-03 1.28567221e-03 8.25821744e-04
1.03274250e+02 8.87791273e-03 7.39875682e-03 -2.75787610e-02 3.01116059e-03 9.11998217e-04 4.82586552e-03
1.05978875e+02 1.29892217e-02 9.06655337e-03 -4.23097619e-02 3.03924085e-03 1.37843581e-03 3.55675641e-03
1.08679141e+02 -1.29745344e-03 -2.74233045e-02 -5.25383204e-02 2.74791706e-03 1.68484540e-03 2.82928870e-03
1.11376828e+02 -1.54286838e-02 -2.74639887e-03 -5.28064192e-02 3.99442513e-03 7.84904966e-04 3.54177639e-03
1.14069391e+02 8.17027202e-03 1.06669534e-02 -5.47071373e-02 2.86150584e-03 1.59320141e-03 1.74641718e-03
1.16769203e+02 4.45099645e-02 9.00182932e-03 -4.14502801e-02 2.44933106e-03 2.04309328e-03 9.17889220e-04
1.19474984e+02 1.75639225e-02 2.58514893e-02 -2.58198152e-02 1.39383706e-03 7.78305217e-04 1.64500433e-03
1.22172688e+02 1.78138448e-02 4.46741613e-02 -5.91740673e-02 3.91286006e-03 1.06742943e-03 1.87553139e-03
1.24869969e+02 1.06517208e-02 7.75441173e-02 -7.98140747e-02 2.00894316e-03 2.68969488e-03 2.47902437e-03
1.27561641e+02 1.68822952e-03 2.41115567e-02 -7.53109315e-02 5.39812827e-04 1.03911513e-03 1.83113550e-03
1.30254578e+02 -2.97088989e-02 -2.13777743e-03 -8.71485293e-03 2.94376711e-03 1.10345509e-03 4.78445713e-03
1.32944906e+02 -7.90920292e-03 5.54329856e-03 1.50925701e-02 4.49369010e-03 3.47838062e-03 3.13053486e-03
1.35641016e+02 1.13903114e-02 5.45264736e-02 4.97253403e-03 3.36964096e-03 3.16206076e-03 2.99975611e-03
1.38339828e+02 3.04438911e-04 4.98273846e-02 8.94361074e-03 2.77870200e-03 2.53666489e-03 2.18710836e-03
1.41028297e+02 -1.69886678e-02 8.56096357e-03 2.89475659e-02 1.97170502e-03 2.43019733e-03 3.84247588e-03
1.43722328e+02 -2.45453428e-02 2.14206572e-02 2.99694344e-02 1.47777691e-03 7.43737406e-04 3.23693054e-03
1.46420656e+02 -3.48600889e-02 8.64739543e-04 1.38029776e-02 4.12977832e-04 1.05957354e-03 2.56008167e-03
1.49116031e+02 3.56247565e-03 -1.65715404e-02 -9.52366073e-03 6.94326749e-04 6.76642523e-04 1.10131694e-03
1.51819094e+02 -1.00325042e-03 -3.35127620e-02 3.57390533e-03 4.02223102e-03 1.95638285e-03 5.24874018e-03
1.54522703e+02 -5.78225599e-03 -2.68737266e-02 -9.68685069e-03 1.18100850e-02 5.10852004e-04 2.18895773e-03
1.57218672e+02 3.08674057e-02 -7.62957765e-03 2.20379017e-02 1.44494797e-03 3.62583997e-04 1.64446602e-03
1.59923859e+02 9.63422993e-03 1.70362595e-02 5.29453428e-03 1.02650159e-03 2.61804344e-03 2.07204590e-03
1.62620422e+02 4.00944493e-02 8.67806973e-02 -5.78452089e-02 3.66925158e-03 9.35169176e-04 4.27923411e-03
1.65326547e+02 2.49626444e-02 7.43727559e-02 -7.43187673e-02 3.14796366e-03 6.87944266e-04 7.00375911e-03
1.68032406e+02 -2.45704336e-02 4.74807599e-02 -6.28445473e-02 1.56019568e-03 3.41948828e-03 3.38860267e-03
1.70738266e+02 -2.15013477e-03 2.14745995e-02 -6.74413886e-03 4.76458464e-04 1.64194771e-03 3.85240172e-03
1.73446000e+02 9.60475137e-03 -2.66963356e-02 -8.85453771e-05 2.14919402e-03 4.95830928e-04 3.05915925e-03
1.76148031e+02 2.49263501e-02 1.87606555e-02 2.00279422e-02 4.10912041e-03 2.55141376e-03 2.98091188e-03
1.78848781e+02 -2.26355293e-02 1.76690583e-02 1.21340732e-02 8.41615919e-03 4.67882178e-04 4.68587728e-03
1.81545188e+02 -2.73437982e-02 2.56037263e-02 -2.47073077e-03 5.02681965e-03 2.04496893e-03 6.78388418e-03
1.84241344e+02 -3.70435607e-02 1.81029029e-02 -1.10155959e-02 3.18855405e-03 1.56893646e-03 3.42256211e-03
1.86940047e+02 -3.72401286e-02 -3.94854548e-02 9.46706596e-03 6.83999394e-03 1.83526985e-03 2.22029712e-03
1.89639266e+02 1.44067111e-02 -4.72464576e-02 1.97652042e-02 9.23997987e-03 8.11005255e-04 8.89823831e-03
1.92342078e+02 4.56006336e-02 -5.61917112e-02 -2.52876979e-02 1.07669358e-02 6.74523570e-04 3.97739679e-03
1.95042781e+02 1.72998402e-02 -3.79972840e-03 -2.20322922e-02 3.42949067e-03 9.44745604e-04 3.45416942e-03
1.97749969e+02 -2.26132482e-02 5.17187834e-03 -4.98562278e-04 5.50774013e-03 8.64341875e-04 2.18682654e-03
2.00450297e+02 -1.83745463e-02 2.09590769e-02 -2.11043763e-03 6.29041431e-03 8.26027007e-04 2.22205170e-03
2.03147063e+02 2.25848599e-02 -2.16781958e-02 -2.01699667e-02 2.30514274e-03 7.68230156e-04 6.95344794e-03
2.05851813e+02 3.53520199e-02 2.44015536e-03 -3.31092480e-02 1.21527169e-03 2.86963768e-04 3.70257353e-03
2.08560563e+02 2.05688701e-02 5.39248270e-02 -4.73833526e-02 2.02586709e-03 1.49176511e-03 9.24214063e-03
2.11270141e+02 -2.53634808e-02 3.13844713e-02 3.88616145e-02 1.22114457e-03 1.06354931e-03 8.70763528e-03
2.13969922e+02 -1.76091449e-02 1.88029120e-02 1.49795511e-02 7.69842461e-04 1.94819857e-03 4.71253994e-03
2.16676609e+02 -1.17713598e-02 3.27080825e-02 2.65050537e-03 2.91261092e-03 2.53527344e-03 4.58441057e-03
2.19380500e+02 7.56507565e-03 4.30481452e-02 -5.28534602e-02 3.50059030e-03 7.04365201e-04 8.37662917e-04
2.22081266e+02 1.94851284e-02 4.14460108e-02 -5.14912926e-02 4.15175970e-03 4.50419766e-04 2.35011496e-03
2.24782391e+02 2.22401781e-02 -1.02055636e-02 -1.49676999e-02 3.93059239e-03 2.60245727e-03 2.27033319e-03
2.27481906e+02 1.91112943e-02 -1.15779518e-02 -1.16731638e-02 2.31058246e-03 1.81662663e-03 2.24917191e-03
2.30186281e+02 1.13932769e-02 -6.67440773e-03 2.32961426e-02 3.23851568e-03 1.71202944e-03 3.59255182e-03
2.32894828e+02 7.75955353e-03 -4.47489206e-02 1.54785227e-02 2.39223826e-03 2.11609636e-03 4.91217784e-03
2.35586906e+02 2.63573572e-02 -4.90632840e-02 -4.37944339e-03 2.22863765e-03 1.58119973e-03 2.52174573e-03
2.38289906e+02 -5.72023311e-04 -3.69660672e-02 2.38835731e-02 2.96988290e-03 2.98366080e-03 2.51329166e-03
2.40985828e+02 1.26627915e-02 -1.58894414e-02 2.58450902e-02 3.55755978e-03 2.02051383e-03 2.83578094e-03
2.43676656e+02 3.67884458e-02 -5.07474976e-02 3.00359031e-02 9.33378474e-03 1.59354901e-03 1.59790420e-03
2.46373688e+02 3.81841984e-02 -2.02286803e-02 9.72516957e-04 1.01044556e-02 8.23472763e-04 1.76655308e-03
2.49075406e+02 3.76612572e-02 2.06315823e-02 3.43010670e-02 7.76116113e-03 4.54944139e-04 2.51451354e-03
2.51778891e+02 6.84430463e-02 4.15647699e-02 2.67637154e-02 1.06132279e-02 1.84735090e-03 4.18264772e-03
2.54475953e+02 5.82895191e-02 3.63301556e-02 4.81334917e-02 1.13421740e-02 2.33004321e-03 2.10357682e-03
2.57176703e+02 6.06151508e-02 3.50079940e-02 7.47551240e-02 4.11921617e-03 1.60683178e-03 7.65687759e-03
2.59874891e+02 4.24344534e-02 7.56977389e-03 2.74534607e-02 4.96928642e-03 1.15017089e-03 8.12456550e-03
2.62569781e+02 4.79693994e-02 -2.07512321e-02 -4.54588683e-02 2.45213580e-03 3.04490940e-03 3.90034615e-03
2.65266078e+02 3.85567460e-02 -2.05467139e-02 -3.55635972e-02 7.75954714e-04 4.80728607e-03 2.05551806e-03
2.67961840e+02 1.25237719e-02 -6.76933055e-02 -4.16645557e-03 8.91253890e-04 9.36246333e-04 3.64060627e-03
