6.82058342e-01 2.87244496e-02 -2.56247960e-02 -4.81328921e-02 6.81393414e-03 1.90106679e-03 6.95038013e-04
3.37834647e+00 1.31864816e-02 -6.35906501e-02 -5.55005846e-02 6.24720245e-03 5.28238839e-03 5.28932419e-04
6.07371787e+00 2.67451157e-03 -3.63401228e-02 -2.32807708e-02 3.02575074e-03 3.21771390e-03 1.90515877e-03
8.77683287e+00 -3.08016223e-02 -4.63843345e-02 4.57428518e-03 1.14392894e-03 3.14525098e-03 1.25531238e-03
1.14717976e+01 -3.02597729e-02 -1.94626047e-02 4.70671247e-02 2.86969028e-03 8.48367620e-04 1.86013987e-03
1.41667116e+01 7.83695996e-03 3.22426679e-02 2.46882206e-02 2.49292674e-03 9.80883726e-04 4.65015680e-03
1.68618226e+01 4.80380240e-02 -8.99480439e-03 4.53140232e-03 7.52171055e-04 2.90115121e-03 2.31193365e-03
1.95677194e+01 4.06712589e-02 -4.14940818e-02 1.95397687e-02 5.83109057e-04 5.87490224e-04 3.38461463e-03
2.22689976e+01 1.29507517e-02 -3.35159637e-02 8.25587606e-03 2.38846306e-03 6.41804211e-04 5.95150000e-04
2.49821601e+01 -2.41184093e-03 -2.33172096e-02 -3.74268636e-02 8.97088938e-04 1.60183546e-03 1.29710332e-03
2.76856944e+01 2.05075339e-02 -4.82747568e-02 -2.46901812e-02 1.93364995e-03 1.55358856e-03 9.85727255e-04
3.03830897e+01 4.57849189e-02 3.71595466e-02 1.71201102e-02 5.89312639e-04 1.05564666e-03 5.52649650e-04
3.30796038e+01 2.88963402e-02 2.48256585e-02 4.85198298e-02 2.59755748e-03 1.66176249e-03 3.06950852e-03
3.57688147e+01 2.96176702e-02 9.11370938e-03 2.71940660e-02 1.57037020e-03 1.30382277e-03 1.28452246e-03
3.84655679e+01 9.68871140e-03 5.72991411e-04 1.41890905e-03 2.53690893e-03 1.68395584e-03 2.23956332e-03
4.11656460e+01 2.30629042e-02 2.16499511e-02 2.92761082e-02 2.27879779e-03 1.18818339e-03 4.83185396e-03
4.38667601e+01 5.14103707e-02 4.54110365e-02 6.62305598e-02 1.25017927e-03 8.17065775e-04 3.55156512e-03
4.65611554e+01 3.27171097e-02 4.19233732e-02 6.52326366e-02 1.38472751e-03 2.00967358e-03 1.90210051e-03
4.92682163e+01 3.30874093e-02 2.38770435e-02 2.15018963e-02 1.61616661e-03 1.27779515e-03 2.55487915e-03
5.19806866e+01 5.25476467e-03 4.26806226e-02 2.90820343e-02 4.98072737e-04 5.26176004e-04 7.61119194e-04
5.46837632e+01 5.69959836e-03 5.29210370e-02 1.32291324e-02 1.04691114e-03 1.18467351e-03 2.35259623e-03
5.73836147e+01 -7.47097446e-03 3.30645004e-02 6.50680047e-04 1.48651440e-03 2.33960209e-03 2.40908502e-03
6.00905460e+01 -1.53398787e-02 -5.67247546e-03 6.59424621e-03 2.90744090e-03 2.17460434e-03 6.88449619e-04
6.27936022e+01 6.83150544e-03 4.18539813e-03 2.70307533e-02 1.47194195e-03 1.19301631e-03 4.90936415e-03
6.54910351e+01 8.53083219e-03 1.58967188e-02 7.36723045e-03 2.61523174e-03 7.17513756e-04 4.24149923e-03
6.81960054e+01 2.40597731e-02 -4.19894681e-02 -3.10239617e-02 2.86654366e-03 2.08678346e-03 1.31358396e-03
7.08949632e+01 -6.08481070e-03 -3.61011706e-02 -3.25162734e-02 9.11283893e-04 1.72435305e-03 5.61094677e-04
7.35813772e+01 4.78511052e-03 1.38789801e-02 -3.53019637e-02 8.07437830e-04 3.06265041e-03 2.46080065e-03
7.62722288e+01 -1.23472707e-03 -4.25623403e-03 -8.97198019e-03 5.26178937e-03 1.50968414e-03 2.53603690e-03
7.89606210e+01 1.77960956e-02 1.10026497e-02 2.58452032e-02 1.12726876e-03 2.11538575e-03 1.06282155e-03
8.16553694e+01 9.17884487e-03 2.73550483e-02 1.00375716e-02 6.99069007e-04 3.51525956e-04 4.53666739e-04
8.43535897e+01 -1.66106295e-02 8.62281238e-02 -3.36618028e-02 1.44921802e-03 3.68823410e-03 3.51112374e-03
8.70471679e+01 -1.88443134e-02 1.98967677e-02 3.40829164e-03 3.18678819e-03 1.53338132e-03 1.32449312e-03
8.97400726e+01 -3.32705939e-03 -4.42072899e-02 4.54125701e-02 5.47158979e-03 7.26378767e-04 3.18066615e-03
9.24464397e+01 -8.94147152e-03 -2.95477822e-02 5.50161888e-02 1.63229849e-03 2.33795975e-03 4.37177403e-03
9.51479554e+01 -8.70853054e-03 -2.06432068e-02 3.74535117e-02 4.30177175e-03 9.58862692e-04 1.40073740e-03
9.78541163e+01 -1.79831150e-02 4.20953639e-02 3.14411705e-02 3.31090194e-03 3.12767894e-03 3.72890944e-03
1.00551999e+02 -3.53318184e-03 1.57638361e-02 -1.40542105e-02 2.64470807e-03 1.45887873e-03 2.52194505e-03
1.03253890e+02 -1.24453654e-02 -1.32146712e-02 -4.09878993e-02 2.46887541e-03 5.56716630e-04 2.04752611e-03
1.05960015e+02 -4.03173109e-03 1.28788496e-02 -3.80189920e-02 3.50688252e-03 1.35890748e-03 1.49910663e-03
1.08658671e+02 -6.78643498e-03 -3.70919565e-02 -5.40673622e-02 1.04101039e-03 1.67463814e-03 1.60709152e-03
1.11366640e+02 2.35872476e-03 -3.42285284e-02 1.88828128e-02 2.23223626e-03 5.65741577e-04 8.40501637e-04
1.14058765e+02 9.91766231e-03 -1.00908135e-02 2.27783444e-02 3.17987593e-03 3.44874418e-03 3.70342423e-03
1.16754718e+02 8.26745176e-03 1.49194486e-02 -3.35126884e-02 2.15930159e-03 8.38564329e-04 1.17916480e-03
1.19456030e+02 -2.76059484e-03 4.86844189e-02 -1.57999078e-02 1.92732698e-03 4.08863069e-04 2.48555929e-03
1.22147921e+02 2.40565941e-02 4.54749377e-02 -6.29489366e-02 2.54449680e-03 1.63118851e-03 8.58922419e-04
1.24843858e+02 5.76620440e-02 4.52254669e-02 -1.17351974e-01 2.48273230e-03 1.91875766e-03 1.85092407e-03
1.27544077e+02 6.49125269e-03 2.91008485e-02 -8.89619712e-02 3.97698826e-03 2.03151677e-03 1.28041701e-03
1.30230280e+02 -1.05073502e-02 2.05939257e-02 -2.69188925e-02 3.04713483e-03 2.45611634e-03 1.10544332e-03
1.32925952e+02 -4.13762061e-02 2.57359730e-02 1.12182617e-02 1.54034171e-03 1.42867851e-03 2.63568056e-03
1.35622687e+02 -3.05431179e-02 1.36993290e-03 2.94846810e-02 5.24139877e-03 3.17678345e-03 4.12278360e-03
1.38314374e+02 -3.17911112e-03 1.37906590e-02 2.98758805e-02 2.28696191e-03 1.46155334e-03 3.32966828e-03
1.41010983e+02 1.23655133e-02 4.20962051e-02 3.13736337e-02 3.45711171e-03 1.08728480e-03 1.53551075e-03
1.43713843e+02 -1.56696388e-03 1.79963357e-02 3.76874637e-02 4.13712179e-03 5.24869801e-04 2.50662178e-03
1.46413733e+02 -1.26265400e-02 1.90804676e-03 4.71572472e-02 1.01862788e-02 9.94312107e-04 2.20153161e-03
1.49113108e+02 3.21128168e-02 -2.70519009e-02 7.37672234e-04 1.02266859e-02 1.61007938e-03 3.27295336e-03
1.51814671e+02 2.14984754e-02 -4.95972996e-02 -4.98510130e-02 7.73120343e-03 1.15158911e-03 5.63589084e-03
1.54523062e+02 -1.08770487e-02 -1.66033504e-02 1.44850430e-03 6.82335937e-03 1.28876053e-03 3.10027171e-03
1.57227265e+02 -4.41077244e-02 -1.54719595e-02 3.98757109e-02 5.15025382e-03 5.93199646e-04 2.84218497e-03
1.59927702e+02 -2.48307971e-02 -9.44612172e-03 1.34300181e-03 7.38686575e-03 1.45361471e-03 3.36725911e-03
1.62623296e+02 1.07080090e-02 3.18560761e-02 -5.21586497e-02 5.86889689e-03 3.79259438e-03 4.26580684e-03
1.65316358e+02 4.39209119e-02 4.87378205e-02 -7.86157036e-02 5.14314440e-03 1.57264692e-03 4.14165743e-03
1.68019374e+02 2.06117437e-02 3.82900271e-02 -1.82194716e-02 5.56017313e-03 1.07046672e-03 5.20737199e-03
1.70718546e+02 1.40453515e-02 7.70215822e-03 -2.31946878e-02 2.05085377e-03 1.17438564e-03 7.68991914e-04
1.73423983e+02 1.48698733e-02 -2.38148413e-02 -4.24279216e-03 2.82858559e-03 1.50725547e-03 3.88216893e-03
1.76132015e+02 -2.47114590e-02 2.51413413e-02 1.10769778e-03 5.09831870e-03 2.28659882e-03 2.70180066e-03
1.78830780e+02 -1.90746809e-02 1.89496556e-02 2.95620801e-02 3.76674692e-03 1.14238170e-03 6.91640864e-03
1.81530593e+02 1.39039380e-02 -1.42479537e-02 3.68815642e-02 2.30880361e-03 1.05495279e-03 5.54524742e-03
1.84235983e+02 -1.50774178e-02 1.91848641e-02 -3.17016312e-02 8.17971850e-03 1.96574665e-03 2.26701729e-03
1.86934390e+02 1.65448896e-03 3.33321513e-02 -4.39289162e-02 2.85002543e-03 1.52923813e-03 6.53850264e-03
1.89640796e+02 5.01187074e-03 8.35815977e-03 -3.62552449e-02 6.10806263e-03 8.66879201e-04 2.58723205e-03
1.92338577e+02 -9.57843491e-03 -7.63605728e-03 -2.63571168e-02 2.87449859e-03 2.19860392e-03 6.21525472e-03
1.95042577e+02 -1.17375125e-02 -5.88794858e-03 -4.50294844e-03 3.01765301e-03 2.26283751e-04 3.01162920e-03
1.97743796e+02 1.31184355e-02 -4.16790907e-03 3.05325266e-02 2.49076187e-03 1.10020789e-03 1.45081750e-03
2.00436093e+02 5.30678953e-02 6.47298402e-03 3.77210620e-04 1.02193397e-03 1.04888351e-03 2.03624555e-03
2.03143530e+02 4.08675394e-03 1.93464851e-02 -5.66220639e-03 4.48157084e-03 1.73073159e-03 1.27530796e-03
2.05833218e+02 4.42301820e-02 6.95125804e-02 -5.07816954e-02 1.55772334e-03 5.04049788e-04 1.95402987e-03
2.08532046e+02 3.57821167e-02 3.14728092e-02 -8.32845693e-02 5.34308780e-03 2.12330929e-03 1.72438180e-03
2.11235796e+02 2.69841660e-02 -8.28175352e-03 -2.44380644e-02 3.45470952e-03 1.00719105e-03 1.37142326e-03
2.13941765e+02 2.14646238e-03 -1.78262098e-02 4.83930003e-02 8.15327126e-03 1.62872248e-03 5.52413080e-03
2.16652890e+02 -5.56933604e-02 4.84843819e-04 2.37238352e-02 1.18976269e-02 9.45944847e-04 2.94348509e-03
2.19348499e+02 -5.48974764e-02 -4.98805420e-04 -4.95574802e-02 3.84958191e-03 1.56832787e-03 5.28307648e-03
2.22042546e+02 -1.61338124e-02 2.68216172e-02 -7.33115879e-02 4.06292141e-03 1.47983207e-03 4.12827464e-03
2.24740999e+02 1.81362860e-02 9.54798632e-03 -5.34876474e-02 4.70696125e-04 6.95717248e-04 1.16398650e-03
2.27449780e+02 3.20645449e-02 -4.05981150e-03 -3.07623496e-02 2.01138419e-03 2.48590633e-03 1.04980918e-03
2.30152187e+02 5.75905057e-02 -2.72718164e-02 -4.35586050e-02 3.81615783e-03 3.85418985e-03 4.15513389e-03
2.32860202e+02 3.18711523e-02 -1.42659816e-02 -2.58541904e-02 3.72203779e-03 9.06926750e-04 3.79054724e-03
2.35561671e+02 -1.31778430e-03 3.64911156e-02 9.48019277e-04 3.80814851e-03 4.83650352e-03 5.19579888e-03
2.38257405e+02 -1.95149898e-02 -1.92650637e-02 -2.28317478e-02 2.83297838e-03 6.78372426e-04 1.14575709e-03
2.40962062e+02 -3.37514776e-02 -9.35451256e-02 1.47988944e-02 2.52629363e-03 8.10029774e-04 2.21919311e-03
2.43649843e+02 7.18463856e-02 -5.85064134e-02 5.19434237e-02 5.84118972e-03 9.14943118e-03 1.18887601e-03
2.46359312e+02 6.09250984e-02 3.33273582e-03 5.48611357e-02 2.50195294e-03 3.80394658e-03 3.23929357e-03
2.49049249e+02 9.99456830e-02 -5.68629606e-03 9.17824128e-03 6.62438698e-03 1.14787988e-03 6.47109700e-03
2.51745624e+02 5.76627710e-02 2.44275015e-02 -1.10102438e-02 5.50680223e-03 3.66933823e-03 4.49576949e-03
2.54438046e+02 -2.88594673e-03 5.08080084e-02 5.93351285e-03 8.72585014e-03 2.83883082e-03 5.77878751e-03
2.57135687e+02 -2.55768274e-02 2.91456927e-02 6.97531193e-02 3.61124221e-03 2.33177842e-03 1.81046280e-03
2.59823749e+02 2.09021526e-03 8.46134535e-03 5.28992587e-02 1.83173817e-03 1.72808018e-03 1.94100217e-03
2.62529655e+02 6.06192301e-03 1.30845702e-03 1.42231522e-02 4.52023108e-04 1.65180130e-03 2.42549163e-03
2.65227327e+02 4.03271615e-02 -1.96124128e-02 -9.78099399e-03 1.75516359e-03 2.30170717e-03 1.90544469e-03
2.67930008e+02 4.56603683e-02 -5.47673230e-02 -2.35475208e-02 6.56569744e-03 1.87188138e-03 3.10329946e-03
