6.56906952e-01 -2.29818163e-02 2.42286718e-02 3.44125602e-02 2.73037992e-03 2.60531694e-03 9.24532399e-04
3.34640005e+00 -6.02339647e-02 3.12877740e-02 4.04310260e-02 2.12727633e-03 3.46936614e-03 1.96860626e-03
6.05103020e+00 -4.67791433e-02 2.12173849e-02 3.68528868e-02 8.95741331e-04 2.11127821e-03 9.62416340e-04
8.74680770e+00 -2.43185219e-02 3.96124107e-02 -2.50402577e-02 2.05643916e-03 1.35633436e-03 8.13003647e-04
1.14459255e+01 -7.62301521e-03 3.72894921e-02 -3.76201764e-02 1.58866073e-03 3.77367481e-04 1.30314227e-03
1.41557943e+01 4.16290848e-02 1.73389243e-02 -2.42148988e-02 9.40428651e-04 1.88926702e-03 3.39785654e-03
1.68598365e+01 2.49685767e-02 -1.49527932e-03 9.81863419e-03 1.38561675e-03 1.65143678e-03 2.02150091e-03
1.95704724e+01 4.00548248e-03 -1.54315662e-02 1.41968659e-02 1.13890882e-03 1.06022803e-03 1.87335974e-03
2.22753208e+01 -1.80885736e-02 1.44927989e-02 1.96354210e-03 9.00456290e-04 1.03010698e-03 1.35388349e-03
2.49778036e+01 -1.13979725e-02 2.35904162e-02 6.57586895e-03 1.97532497e-03 7.69764121e-04 1.11269529e-03
2.76742443e+01 -2.03729377e-02 3.17871945e-02 1.15776749e-02 1.52866722e-03 1.62085049e-03 1.43904886e-03
3.03648552e+01 -3.78841820e-03 -1.09778449e-02 6.15511462e-04 2.36027769e-03 3.51840322e-04 1.27124523e-03
3.30512740e+01 -1.66082932e-02 1.68652361e-02 1.85924621e-02 1.83064246e-03 2.73503306e-03 3.16847929e-03
3.57441083e+01 -2.53668098e-02 -3.48681618e-02 -2.74886502e-02 6.12901934e-04 1.31583599e-03 5.66020628e-03
3.84462849e+01 -1.24403548e-02 -3.69938218e-02 -6.32390643e-02 4.73997575e-04 1.14932054e-03 6.49580481e-03
4.11520286e+01 -1.30722788e-02 -1.65145930e-02 -2.10278111e-02 1.91112811e-03 2.04154103e-03 5.60142220e-03
4.38578333e+01 2.15471767e-02 -2.35446197e-03 -4.65108722e-03 2.00724381e-03 2.17162551e-03 2.98675650e-03
4.65654396e+01 2.21183404e-02 -3.88056755e-02 1.07295578e-02 2.81649701e-03 1.71828867e-03 2.93669820e-03
4.92765161e+01 1.99146548e-02 -3.43221813e-02 3.34658623e-02 3.41950955e-03 1.50411387e-03 2.98877362e-03
5.19826146e+01 2.70814139e-02 2.90444721e-03 2.70211671e-02 2.04944943e-03 4.47627319e-03 2.06566735e-03
5.46854115e+01 2.17554464e-02 -2.46104629e-02 -1.01928701e-02 2.78231117e-03 1.23188559e-03 1.25856614e-03
5.73852161e+01 1.41907813e-02 2.61395274e-03 -1.40722505e-02 1.23285311e-03 1.78074481e-03 1.60181848e-03
6.00870193e+01 -1.21733297e-02 -8.45688225e-04 -1.86655760e-02 1.22795287e-03 1.07145962e-03 1.18842050e-03
6.27889271e+01 5.93044151e-03 -3.32717955e-03 -2.68595332e-02 6.88415975e-04 1.86364482e-03 1.38505252e-03
6.54814115e+01 -2.28143020e-02 1.25130442e-02 -3.51345542e-02 1.61398388e-03 1.86645702e-03 3.13594337e-03
6.81860677e+01 -3.42833255e-02 -1.72589234e-02 -1.44670382e-02 2.74410072e-03 1.29591542e-03 5.38893630e-03
7.08926427e+01 -3.50417980e-02 -9.03328903e-03 -2.06651358e-02 3.41506580e-03 3.70909356e-03 1.09088359e-02
7.35973130e+01 -5.07237472e-02 -1.75014265e-02 -4.17312348e-02 1.40985585e-03 1.93038883e-03 1.62177228e-02
7.63067224e+01 6.45606625e-03 6.59955600e-02 -1.34872351e-02 2.56066374e-03 7.07315189e-04 9.51640745e-03
7.90100271e+01 2.59712277e-02 3.14873815e-02 6.38613759e-03 4.46371960e-03 1.58184251e-03 2.60015849e-03
8.17206615e+01 3.34126743e-02 1.70788761e-03 -2.48578227e-02 5.52373744e-03 5.05386309e-03 2.93015403e-03
8.44164802e+01 2.05924061e-02 -2.57646479e-02 -6.26490484e-03 2.70954778e-03 9.94103132e-04 4.51619726e-03
8.71147849e+01 2.74112876e-03 -2.46891690e-02 1.43522123e-02 5.68286908e-03 4.53156712e-03 1.59004700e-03
8.98132521e+01 -4.82972996e-03 1.22816009e-02 1.27799888e-02 9.64518050e-03 1.27396263e-03 3.56997654e-03
9.25081239e+01 6.53208434e-03 2.44049967e-03 1.00023653e-02 2.79946967e-03 1.57159323e-03 2.63636792e-03
9.52057677e+01 2.44573854e-03 -1.05768753e-03 -2.31949547e-02 1.94072132e-03 1.13878386e-03 7.70351252e-04
9.78966786e+01 -2.72293193e-02 2.59565638e-02 -4.59506051e-02 1.02472578e-03 9.34758481e-04 1.18360888e-03
1.00589697e+02 -8.54543911e-03 -3.14909639e-02 -1.83451375e-02 1.17446490e-03 6.02929462e-04 1.65011847e-03
1.03281822e+02 6.27033332e-03 -8.22181256e-02 1.87961104e-02 2.33770685e-03 1.30029553e-03 2.36468836e-03
1.05983104e+02 3.37609755e-02 -4.26092623e-02 2.16411770e-02 2.34027006e-03 1.30962013e-03 1.82651606e-03
1.08681104e+02 4.95238713e-02 2.21467508e-02 -7.60179976e-03 1.75368074e-03 5.95989533e-04 1.58363313e-03
1.11392322e+02 4.66330738e-02 -5.83258894e-03 -9.64787658e-03 1.09766071e-03 2.86645768e-03 1.18508978e-03
1.14092807e+02 3.94961437e-02 3.63641975e-03 1.59643879e-02 2.25211511e-03 2.49399127e-03 1.57906552e-03
1.16795354e+02 2.66918658e-02 9.83318793e-04 3.46582366e-02 2.42153953e-03 1.54442423e-03 1.37342359e-03
1.19502166e+02 -1.20568552e-03 -2.17014576e-02 5.24390323e-04 4.32199674e-03 2.78526680e-03 2.17960718e-03
1.22198041e+02 4.42843553e-03 -1.12042756e-02 -9.99176207e-03 8.05786801e-04 1.10410704e-03 3.14246746e-03
1.24892916e+02 -2.82495462e-02 4.41682500e-03 2.84473337e-02 1.81266749e-03 4.32666660e-04 1.71879806e-03
1.27594291e+02 -1.81893340e-03 6.13908599e-02 1.60478322e-02 1.49924239e-03 1.08169392e-03 2.68043760e-03
1.30274557e+02 -7.02367769e-03 3.32659398e-02 2.31491590e-02 2.66745861e-03 3.57090941e-03 1.79737673e-03
1.32966416e+02 -3.21744138e-02 3.79762600e-02 -3.45352024e-02 4.89943495e-04 2.17187515e-03 1.56795478e-03
1.35652276e+02 -4.93734056e-02 2.93810044e-02 -5.72619929e-02 2.19784077e-03 2.31126132e-03 8.05600602e-04
1.38346776e+02 -3.69135185e-02 1.82598009e-02 -3.48112085e-02 1.02317872e-03 4.23872721e-03 5.59595826e-03
1.41051666e+02 -3.70580612e-02 5.83509075e-02 -7.47519093e-04 1.52149087e-03 2.55345689e-03 1.96397277e-03
1.43750932e+02 -3.60692929e-02 3.02682265e-02 4.09441302e-03 2.81390909e-03 8.72632887e-04 2.33303225e-03
1.46455291e+02 -1.09877244e-02 1.33861837e-02 -1.35502927e-02 6.93294386e-04 8.72982374e-04 5.73483365e-03
1.49153182e+02 2.83293109e-02 2.79607046e-03 -5.16265806e-02 3.02183020e-03 8.34790081e-04 2.76789288e-03
1.51858776e+02 -1.54804313e-02 5.70105579e-06 -2.54384223e-02 1.83103939e-03 1.34004818e-03 1.45983806e-03
1.54560666e+02 -6.53345190e-02 4.70176955e-02 9.47646475e-03 2.80127000e-03 5.83737110e-04 2.69308476e-03
1.57262369e+02 -7.00770185e-02 5.00999538e-02 1.74132940e-02 1.71307844e-03 8.41902896e-04 1.75167617e-03
1.59969307e+02 -7.38124967e-02 3.14209623e-02 -1.13837284e-02 3.55473731e-03 1.19121978e-03 4.37386879e-03
1.62666932e+02 -7.48240683e-02 1.01853424e-02 1.98303276e-02 3.53124368e-03 2.26383673e-03 1.20478117e-03
1.65363026e+02 -5.12170198e-02 7.80572028e-03 5.28103034e-02 1.78129132e-03 1.75637968e-03 3.37970271e-03
1.68055526e+02 -2.29498401e-02 -1.18347719e-02 1.96781735e-02 3.52937497e-03 7.99092013e-04 1.36184669e-03
1.70746447e+02 -4.56498104e-02 1.49118073e-02 2.00577601e-02 7.72251198e-03 1.11480697e-03 2.43438333e-03
1.73438541e+02 -6.66675426e-02 5.08756490e-02 -1.15709789e-02 7.62397255e-03 1.30631575e-03 1.77980821e-03
1.76138463e+02 -6.36331472e-02 5.91880006e-02 -5.02039757e-02 3.62065130e-03 1.07901536e-02 2.55674698e-03
1.78836244e+02 -4.33802037e-02 2.30539088e-02 -5.32580290e-02 9.46901572e-03 7.33732379e-04 2.88265946e-03
1.81547619e+02 -3.65023189e-02 -8.32751533e-03 -6.71343252e-02 4.61702681e-03 1.24861482e-03 8.90397349e-03
1.84260447e+02 -2.34778691e-02 -7.86440860e-03 -3.07828219e-02 9.02539919e-03 1.45786665e-03 1.16768151e-02
1.86964338e+02 9.44185322e-03 3.05441340e-03 -3.03872592e-02 5.44667819e-03 5.24811503e-03 1.96926838e-02
1.89686854e+02 -1.56717571e-02 -3.60207130e-02 -5.49964905e-02 2.71006620e-03 1.99059707e-03 1.33315991e-02
1.92388401e+02 -2.70734671e-03 2.30717693e-02 -4.22058374e-02 4.75623694e-03 1.44047784e-03 8.63643100e-03
1.95094197e+02 -4.49834703e-02 2.05626946e-02 1.04751639e-02 1.14233039e-03 1.52531370e-03 5.64818960e-03
1.97793885e+02 -5.09848586e-02 -4.53326595e-02 2.01784550e-03 1.81265183e-03 1.23136644e-03 5.04674291e-03
2.00486854e+02 -1.55533600e-02 5.93362730e-04 1.94022451e-02 1.57593732e-03 1.32701008e-03 1.24185093e-02
2.03184916e+02 -1.11443482e-02 3.05798726e-02 -7.24446117e-03 2.48923616e-03 1.08239227e-03 5.16264512e-03
2.05876182e+02 -4.40679584e-03 -2.07325984e-02 -9.94773144e-03 1.19926412e-03 2.01995365e-03 6.40298321e-03
2.08571947e+02 9.06997976e-03 -1.90873007e-02 1.03312809e-03 2.35984984e-03 1.16072285e-03 5.75378591e-04
2.11279338e+02 1.45479742e-02 -2.90257074e-02 -1.75653510e-04 1.14171811e-03 2.52926958e-03 1.95965697e-03
2.13981604e+02 2.33610456e-02 1.18077512e-02 2.66545609e-02 1.80567868e-03 8.86897489e-04 9.79658062e-03
2.16697791e+02 -8.85885132e-03 1.66832133e-03 -2.49069521e-02 1.13206066e-03 3.74675204e-03 3.53473418e-03
2.19410963e+02 -4.25535556e-02 -6.30112283e-05 -4.03706872e-02 3.04329953e-03 1.24890843e-03 1.42977309e-03
2.22116885e+02 -3.48653861e-02 5.30001034e-02 -2.83953119e-02 7.45777193e-03 6.09110196e-04 2.36401452e-03
2.24812776e+02 -9.25229775e-03 4.98613871e-02 1.62675671e-02 2.10087010e-03 6.79943772e-04 7.12842862e-04
2.27514682e+02 6.98517565e-03 1.19416954e-02 2.18051783e-02 2.41804265e-03 4.33964290e-04 1.89993808e-03
2.30209182e+02 2.06636031e-02 -2.69084826e-03 -9.15858182e-04 2.00841032e-03 8.43566196e-04 4.20930619e-03
2.32903322e+02 -3.80489712e-03 2.58114960e-02 -3.47561464e-02 2.02676434e-03 1.22525267e-03 2.75795794e-03
2.35592229e+02 8.77964526e-03 -8.97042203e-03 -4.26896161e-03 2.48272527e-03 1.91839853e-03 4.10533190e-03
2.38282822e+02 8.29333796e-03 -2.59318032e-03 4.67292736e-02 3.41624880e-03 3.51266777e-04 1.05068046e-03
2.40980807e+02 -3.43627701e-03 2.74818003e-02 2.75038918e-02 6.13105305e-03 1.48627528e-03 1.71191962e-03
2.43681197e+02 2.71114953e-02 4.61361431e-03 -3.46012823e-03 4.32613562e-03 1.34517655e-03 6.85835150e-03
2.46389822e+02 7.09373116e-02 -3.31874365e-02 -3.47062623e-02 4.65064584e-03 1.14992183e-03 1.73792815e-03
2.49085354e+02 7.67094472e-02 -1.83203504e-02 -5.94949855e-02 2.12420515e-03 4.94363766e-04 2.82999894e-03
2.51786119e+02 3.83993650e-02 -2.12683379e-02 -4.46046973e-02 6.35656478e-03 2.17126923e-03 1.81649028e-03
2.54493885e+02 -3.91855741e-02 -6.99811181e-03 -1.69981092e-02 5.30186926e-03 2.08289108e-03 8.19142636e-04
2.57188869e+02 -5.06387895e-02 -8.52612007e-03 1.79369097e-02 2.62931980e-03 8.63567056e-04 3.95899542e-03
2.59882979e+02 -8.27992751e-03 -1.79739491e-02 6.03385256e-02 1.02940245e-03 6.82692803e-04 1.52920146e-03
2.62582963e+02 2.08442302e-03 -1.90802278e-02 6.90010257e-02 2.90066813e-03 1.04797360e-03 2.89485349e-03
2.65276213e+02 2.22442820e-02 -1.91563090e-02 5.60853194e-02 4.01419109e-03 2.22681208e-03 3.05148795e-03
2.67969064e+02 1.49811840e-03 2.22411433e-02 3.63853271e-02 6.50637462e-04 4.91949740e-03 6.09248264e-04
