6.82425026e-01 1.75619293e-03 -1.24985035e-02 -6.72749973e-03 4.38392288e-03 2.99906471e-03 3.19840972e-03
3.39110749e+00 4.33383852e-03 3.11212399e-04 3.29174807e-02 5.51735776e-03 2.21381584e-03 7.67216161e-04
6.09699156e+00 -1.70233920e-02 4.28492249e-02 6.34398931e-02 2.77497058e-03 3.02463804e-03 1.46576194e-03
8.79570999e+00 -2.40466908e-02 5.41996172e-02 4.44797508e-02 3.04188987e-03 2.91439816e-03 8.22574305e-04
1.14908300e+01 -6.86148924e-03 -1.38713301e-02 -9.97353331e-03 3.74227219e-03 3.07075783e-03 1.53628874e-03
1.41831581e+01 4.14637996e-03 -1.55274323e-02 -2.47115023e-02 7.84218705e-03 1.25342370e-03 6.35512586e-03
1.68856284e+01 -5.83272204e-03 7.03348860e-02 -3.36068052e-02 8.67693477e-03 1.41151102e-03 8.00558260e-03
1.95859487e+01 9.56474489e-03 4.21140046e-02 -2.91238352e-02 2.73675319e-03 2.04424089e-03 5.24131249e-03
2.22878222e+01 7.86103058e-03 2.36473399e-02 1.02798376e-02 4.53332913e-03 2.62094568e-04 1.46702616e-03
2.49804612e+01 7.22122612e-03 2.30170736e-02 4.71355393e-02 4.55729092e-03 1.64649011e-03 2.57643357e-03
2.76836487e+01 2.79129659e-02 1.65621713e-02 3.14102870e-02 1.47128375e-03 2.62578831e-04 2.58580855e-03
3.03728784e+01 3.42462890e-02 -3.50820194e-03 -4.20568395e-04 1.30753831e-03 6.86067467e-04 3.38887983e-03
3.30747081e+01 2.97412056e-02 -1.38604367e-02 1.15193720e-02 3.00091346e-03 2.71247448e-03 2.87857161e-03
3.57678800e+01 1.27148593e-02 -3.45996752e-03 2.60503088e-02 8.63535417e-04 2.42509228e-03 2.42246855e-03
3.84609753e+01 1.45414805e-03 1.50054135e-02 7.12977613e-02 1.71725832e-03 6.95291276e-04 1.22600928e-03
4.11589362e+01 3.95171805e-03 9.71188787e-03 4.52164568e-02 1.34665464e-03 1.69577606e-03 2.30390634e-03
4.38606628e+01 1.00523590e-04 -2.71332226e-02 3.60137504e-02 1.00219697e-03 7.33470135e-04 1.90897910e-03
4.65618972e+01 -1.93320893e-02 -1.71183997e-02 5.05899015e-02 9.58533079e-04 4.26436315e-04 1.09222405e-03
4.92674128e+01 -4.93720262e-02 -2.29557334e-02 7.41411072e-02 2.67257433e-03 1.14460104e-03 4.21048622e-03
5.19704003e+01 -1.51896600e-02 -7.82732730e-03 4.94946022e-02 3.29574821e-03 3.31496856e-03 4.85270590e-03
5.46673722e+01 7.53449390e-03 8.25472459e-03 2.97351357e-02 8.74953379e-04 1.20366620e-03 2.48436307e-03
5.73593628e+01 2.60035453e-02 5.33178483e-02 2.42383905e-02 1.23168203e-03 9.47623294e-04 3.63854036e-03
6.00693300e+01 2.04794977e-02 -1.51071563e-02 -4.80522326e-03 1.02549693e-03 2.84739914e-03 3.01029552e-03
6.27839769e+01 4.10085758e-03 -5.75437721e-02 -3.18801651e-02 1.18404590e-03 1.07575185e-03 2.69761302e-03
6.54845409e+01 -1.70764271e-02 -5.96899149e-02 -5.13450668e-02 2.07340558e-03 1.14714009e-03 1.54019926e-03
6.81974300e+01 -2.30473372e-02 -5.78616346e-02 -4.17524614e-02 1.23944533e-03 1.45676297e-03 2.06916252e-03
7.09020331e+01 -1.72605231e-02 -3.83092121e-03 -1.18913711e-02 1.01623321e-03 3.95987949e-03 2.92333665e-03
7.35934675e+01 -1.48075144e-02 2.65541960e-02 1.65378797e-02 5.14589085e-03 4.43371336e-03 2.02893275e-03
7.62953534e+01 -2.36480479e-02 4.81875981e-03 5.27320179e-02 2.00602902e-03 5.81275343e-04 3.02374252e-03
7.90000112e+01 -2.30749597e-02 -8.42659299e-03 2.27447150e-02 1.93033197e-03 7.57888906e-04 4.85561854e-03
8.16929034e+01 -9.43760387e-03 2.12494445e-02 1.54945986e-02 3.47368109e-03 1.37924588e-03 7.04611315e-04
8.43867628e+01 -6.86135348e-03 3.25847892e-02 -4.98004745e-03 7.21556644e-04 1.24607167e-03 1.32347993e-03
8.70937144e+01 3.62905425e-04 -2.06677924e-02 -2.53192952e-02 8.44238300e-04 8.88180936e-03 2.89732309e-03
8.97887878e+01 -7.35649333e-03 -1.76892556e-03 -3.37471611e-02 1.89734649e-03 2.70387131e-03 3.91608125e-03
9.24927394e+01 -6.69524149e-04 1.65725128e-02 -5.54713673e-02 2.59806117e-03 4.08271657e-04 2.58292965e-03
9.51893175e+01 1.28914936e-02 2.06259914e-02 -2.49557063e-02 3.52822260e-03 7.97571741e-04 8.13286557e-04
9.78840769e+01 3.18422873e-02 8.72949787e-03 -3.14596051e-02 7.81319859e-03 1.90283501e-03 2.19376164e-03
1.00585485e+02 1.67671812e-02 1.08520321e-03 3.31436132e-03 9.28791790e-03 6.74894101e-04 2.65009334e-03
1.03288594e+02 1.35482834e-02 3.83902567e-02 4.51202041e-02 1.86902717e-03 1.29409607e-03 9.23232047e-04
1.05983453e+02 1.61289873e-02 -3.25616243e-03 5.62507546e-02 2.92625721e-03 5.12871279e-04 3.73378866e-03
1.08689157e+02 -1.58102033e-02 -7.92560080e-03 2.36492355e-02 1.97542969e-03 2.49482201e-03 1.38978450e-03
1.11383125e+02 -4.61185095e-02 -9.69727879e-03 -2.74178016e-02 1.95773105e-03 1.02859582e-03 1.26873521e-03
1.14077797e+02 -5.97856247e-02 -1.59849206e-03 -4.31446240e-02 2.67765349e-03 6.10703749e-04 2.07049405e-03
1.16772375e+02 -2.31073452e-02 -1.85883558e-02 -4.48290448e-02 2.30201964e-03 2.02780520e-03 6.29885348e-04
1.19469797e+02 -2.71335578e-03 -1.81615802e-02 -3.14366665e-02 1.15960453e-03 8.35826352e-04 3.07719683e-03
1.22168922e+02 -3.14477356e-03 1.01146766e-02 -3.21582388e-03 1.92933277e-03 4.02506377e-04 9.80992582e-04
1.24866047e+02 8.31489960e-03 1.77511852e-02 -3.52072682e-03 2.78914885e-03 1.91527944e-03 7.12087830e-04
1.27560469e+02 4.81320434e-03 -1.53900844e-02 -2.74520195e-02 1.25780562e-03 1.83996917e-03 9.30329840e-04
1.30254735e+02 -3.29020985e-02 -3.44049503e-02 -5.72246981e-02 1.26959674e-03 1.57970438e-03 2.89048522e-03
1.32951313e+02 -6.42582207e-02 -2.16065513e-03 -3.01535255e-02 4.01230442e-03 6.54412025e-03 2.68492976e-03
1.35645750e+02 -6.61963003e-02 7.26327863e-03 3.35383416e-02 2.13223324e-03 1.12771538e-03 2.97284915e-03
1.38341422e+02 -5.01292982e-02 -1.24769320e-02 5.86702427e-02 2.63498504e-03 5.39535991e-04 3.88498595e-03
1.41038891e+02 -4.69424474e-02 -1.40985721e-02 4.31093852e-02 4.25614114e-03 2.82438248e-03 4.25120447e-03
1.43740547e+02 -1.75468376e-02 2.28793125e-02 1.29498603e-02 2.49341034e-03 1.95971527e-03 3.08343261e-03
1.46445500e+02 3.82545510e-02 2.66453873e-02 -2.53485216e-02 1.25260219e-03 2.96924893e-03 2.48685298e-03
1.49154610e+02 3.97864311e-03 9.27417622e-03 4.10923811e-05 4.07448709e-03 2.10180975e-03 1.19451010e-03
1.51857078e+02 -3.72474582e-03 1.26831955e-02 3.92165734e-02 5.50259511e-03 1.96405083e-03 1.28904152e-03
1.54552860e+02 1.61699634e-02 3.78356244e-02 1.99865152e-02 2.77461960e-03 2.38228146e-03 2.05258165e-03
1.57251735e+02 -1.01973382e-03 1.40049550e-02 -6.07557298e-02 2.61468036e-03 9.40147670e-04 4.57778921e-03
1.59940750e+02 -8.20271625e-04 -2.90519425e-02 -9.80574208e-02 9.02907115e-04 1.69897524e-03 7.61719824e-03
1.62636828e+02 -2.13894623e-02 8.49886998e-03 -1.79860611e-02 2.31898312e-03 6.20134804e-04 8.35483306e-03
1.65336203e+02 7.16253098e-03 1.28335995e-02 3.43858863e-02 8.18467609e-04 2.35903608e-03 2.67856103e-03
1.68035594e+02 1.31407715e-02 -3.70993392e-03 -1.26526886e-02 3.26247974e-03 1.23914664e-03 4.41967327e-03
1.70739547e+02 -2.13861972e-02 1.54841352e-02 -6.92038380e-03 7.22488082e-03 1.93306544e-03 4.79012116e-03
1.73436860e+02 1.58610545e-02 4.43167638e-02 4.53434127e-02 2.89267949e-03 3.50925858e-03 5.70607826e-03
1.76140532e+02 -2.36955789e-02 2.71228355e-02 -2.54706523e-02 1.22862219e-03 1.81269765e-03 4.07302973e-03
1.78837078e+02 1.33127912e-02 -1.04815646e-02 -7.39255368e-02 1.82426062e-03 1.47815190e-03 2.74171096e-03
1.81534422e+02 2.35781880e-02 -2.32649087e-02 -4.70750750e-02 7.75305884e-04 2.48669324e-04 4.08941355e-03
1.84234047e+02 -2.48373158e-03 4.38420232e-04 -7.34524485e-03 3.09913276e-03 1.70354928e-03 2.14791092e-03
1.86941578e+02 -6.49324539e-03 -1.67620834e-03 -1.90766096e-02 5.01517514e-03 4.77469245e-03 1.26419925e-03
1.89644797e+02 4.21293221e-02 1.07342813e-02 3.49921749e-03 9.82884852e-03 1.86091582e-03 3.65032302e-03
1.92350000e+02 6.15581432e-02 -3.91922121e-02 3.73476739e-03 4.78236872e-03 4.44207466e-03 2.17717315e-03
1.95054625e+02 6.85542041e-03 -2.16573793e-04 -1.33479729e-02 5.72962595e-03 2.45674887e-03 1.47933966e-03
1.97759532e+02 -5.94506642e-02 -2.30188923e-03 -7.00816923e-03 4.32910501e-03 3.63212013e-03 5.52977997e-03
2.00467657e+02 -9.79426686e-02 -1.06724366e-02 -2.39866578e-02 2.35114929e-03 1.07161215e-03 4.19319249e-03
2.03159469e+02 -4.14740132e-02 -2.11010037e-02 -1.02183158e-02 2.74428868e-03 2.21978386e-03 2.02722045e-03
2.05863844e+02 -1.48282994e-02 -3.91109101e-02 4.66754002e-02 3.17912215e-03 1.09454353e-03 3.15289901e-03
2.08559782e+02 2.17034674e-03 3.88653495e-02 3.74551831e-02 1.45116004e-03 1.12034526e-03 6.58379888e-03
2.11253766e+02 1.51582663e-02 4.07649652e-02 2.83772007e-03 3.61831597e-03 1.10232785e-03 4.64228622e-03
2.13954532e+02 -4.97701642e-03 4.01570984e-02 -2.29934069e-02 3.34569624e-03 1.38644122e-03 5.83737923e-03
2.16657000e+02 -1.59628347e-02 1.13977839e-02 -2.31939733e-02 1.88341052e-03 1.32941947e-03 2.20764967e-03
2.19360375e+02 -2.83105979e-02 -2.41336022e-03 3.00184035e-02 4.02886445e-03 1.13031314e-03 2.11263177e-03
2.22059375e+02 1.28237548e-02 -1.75214009e-02 3.42276498e-02 1.64557581e-03 1.26659760e-03 4.17505081e-03
2.24758407e+02 4.69118487e-02 -2.08167387e-02 3.50432375e-04 4.74040978e-03 1.36664024e-03 3.92070014e-03
2.27458610e+02 2.20331964e-02 1.34371193e-02 -3.48773510e-02 5.01891225e-03 1.40944864e-03 4.53011548e-03
2.30164110e+02 -2.52378771e-02 2.85853613e-02 -3.68716119e-02 5.29206978e-03 2.07470926e-03 5.72652433e-03
2.32865422e+02 -5.94545843e-03 -1.16031292e-03 2.02869528e-03 5.84928813e-03 7.66016122e-04 3.49134956e-03
2.35573235e+02 1.79719455e-03 -8.89396967e-03 3.29740618e-02 4.96574644e-03 1.59158823e-03 5.64819284e-03
2.38266953e+02 2.32775876e-02 4.03124985e-03 1.15247136e-02 1.15899824e-03 1.88930094e-03 7.60228715e-03
2.40960891e+02 2.78357101e-02 -3.28870430e-03 -1.60367352e-02 1.97298372e-03 3.03240928e-03 9.03412895e-03
2.43660969e+02 -5.74357966e-03 -4.67302111e-04 1.82310074e-02 2.61590700e-03 1.81682758e-03 6.86250752e-03
2.46356188e+02 -3.31167463e-02 -2.37810564e-03 2.15403077e-02 7.30071736e-03 7.11417761e-04 5.39057571e-03
2.49057047e+02 -7.58795792e-02 3.96146805e-03 4.05374116e-02 2.76007886e-03 2.61163264e-03 3.39030402e-03
2.51759485e+02 -8.19078436e-02 3.19935747e-02 1.51154772e-02 4.13953219e-03 1.01397007e-03 2.72969952e-03
2.54464985e+02 -3.89645122e-02 4.22180020e-02 1.74839054e-02 4.42197237e-03 9.36470031e-04 2.92651142e-03
2.57170719e+02 -3.36335211e-02 4.30628423e-02 -5.29650746e-03 2.81193594e-03 7.76279622e-04 4.90100535e-03
2.59878453e+02 -4.93850479e-02 4.06493265e-02 -4.81183382e-02 5.25756031e-03 1.01672204e-03 1.09678556e-02
2.62569485e+02 -7.81624808e-04 -2.28150867e-02 -5.19975565e-02 1.76452795e-03 1.27041620e-03 1.86790307e-03
2.65269047e+02 2.48552597e-02 -2.61458179e-02 -1.71851434e-02 1.98018953e-03 8.78795147e-04 2.28320248e-03
2.67961481e+02 1.80682448e-02 -3.50820645e-02 -1.19236216e-02 2.49329392e-03 6.21503315e-04 6.40671365e-03
