6.87200245e-01 2.15425301e-02 -6.59137038e-03 1.02489265e-02 4.39439357e-03 1.00236838e-03 3.86652045e-03
3.38060950e+00 2.02312157e-02 3.94931326e-02 -6.00967315e-02 6.60260003e-03 3.77529476e-03 3.34711318e-03
6.08458777e+00 -1.69784784e-03 4.43855596e-02 -1.78513029e-02 4.74349403e-03 1.30177864e-03 8.62951272e-03
8.78007434e+00 2.42573779e-02 3.36765533e-02 -1.04207871e-02 2.62186278e-03 2.06985105e-03 2.75707692e-03
1.14874095e+01 -2.07752568e-02 1.13070276e-03 6.37552252e-02 6.57904423e-03 2.11289901e-03 9.25594145e-04
1.41876064e+01 -7.15767111e-03 -9.77640379e-03 9.38760772e-02 3.82743233e-03 1.76243438e-03 8.81367593e-04
1.68795579e+01 1.24084687e-02 2.27559686e-02 3.04785449e-02 2.88741582e-03 9.91122417e-04 2.65854520e-03
1.95796923e+01 2.52848160e-02 1.79939504e-02 -2.30922222e-02 1.29132113e-03 2.14824167e-03 8.70118251e-03
2.22834017e+01 9.65560220e-03 1.80978901e-02 -4.04148175e-02 1.59080051e-03 1.60180902e-03 3.44018285e-03
2.49834595e+01 1.28821768e-02 -2.56073518e-02 -4.99432729e-02 1.94398423e-03 1.54633986e-03 8.05590349e-03
2.76783407e+01 7.02976390e-02 -4.21118559e-03 -3.63771485e-02 1.94066563e-03 1.26184503e-03 4.33567717e-03
3.03795392e+01 7.61715036e-02 -2.06838077e-02 -7.60547744e-02 6.64864647e-03 2.72914993e-03 5.46881439e-03
3.30727782e+01 3.92240990e-02 -3.37577404e-03 -5.75000092e-02 5.49415241e-03 5.80945566e-04 2.41739637e-03
3.57672736e+01 3.60225792e-03 -1.26237703e-02 -1.21322130e-02 2.15118574e-03 8.68732122e-04 1.01108545e-03
3.84676626e+01 -4.28211478e-02 2.33577856e-02 -5.25474383e-03 1.95984122e-03 1.93041939e-03 3.59722174e-03
4.11608611e+01 -5.57941193e-02 1.90966401e-03 -1.13113785e-02 4.90503984e-03 5.12884976e-04 3.36421635e-03
4.38605267e+01 -5.64670405e-02 -2.91001022e-02 1.62920416e-02 2.40236207e-03 7.57914383e-04 1.02155160e-02
4.65516157e+01 -1.23694079e-02 -6.73284403e-02 1.15699799e-02 5.84222349e-03 5.25132128e-03 1.81423166e-03
4.92661298e+01 -2.25544695e-02 -4.48749459e-02 2.63101019e-02 3.48621449e-03 1.48807649e-03 7.44568109e-04
5.19644657e+01 2.72137427e-02 1.72591542e-03 -2.04412872e-02 5.85705005e-03 1.06032506e-03 4.53146810e-03
5.46788423e+01 1.07253366e-02 1.93967197e-02 -1.20914189e-03 2.50599761e-03 1.48960535e-03 3.42060101e-04
5.73822892e+01 -1.79272187e-02 -1.79512491e-02 -2.14011398e-02 6.35825199e-03 3.95014278e-04 3.71342045e-03
6.00735876e+01 1.42672481e-02 -5.07468106e-03 -2.00460486e-02 1.66641075e-03 1.19633788e-03 1.47651234e-03
6.27805845e+01 2.11927878e-02 7.82438844e-03 -2.29163400e-02 1.34740443e-03 4.02380701e-04 6.27750740e-03
6.54918298e+01 -2.87352076e-03 -2.72655473e-02 -3.70470773e-02 4.03093431e-03 1.34832533e-03 9.79582817e-03
6.81931439e+01 2.41972389e-02 -2.41484864e-02 -4.28735406e-02 6.02999008e-03 1.25893205e-03 2.63444848e-03
7.08999626e+01 -1.41660596e-03 1.00281319e-02 -3.57283110e-02 2.15632541e-03 1.31761253e-03 2.84680644e-03
7.36003361e+01 -1.82990289e-03 3.52238931e-02 2.74389365e-02 2.48469973e-03 2.60573558e-03 1.95513091e-03
7.62984923e+01 6.66481257e-03 4.33590318e-02 -1.42645769e-02 1.20543698e-03 1.38573645e-03 3.32936612e-03
7.89925282e+01 2.89153792e-02 3.03553594e-03 -3.83172698e-02 2.50756497e-03 1.91887084e-03 8.33090038e-04
8.16936736e+01 4.50063760e-02 -4.88284342e-03 1.19348153e-02 7.87100708e-03 1.25489374e-03 2.50653339e-03
8.43993236e+01 3.20047564e-02 -4.48287357e-02 3.78196691e-02 5.73621013e-03 1.89880681e-04 3.38316566e-03
8.70960689e+01 4.03214175e-02 -4.77330919e-02 1.62681809e-02 3.89815249e-03 2.16791811e-03 1.47419302e-03
8.97963470e+01 3.27624352e-02 -3.50630429e-02 -4.17743463e-02 6.66888303e-03 6.98496632e-04 2.34315890e-03
9.24938392e+01 1.02947588e-02 -4.03881950e-02 -5.44590724e-02 6.37275760e-03 1.16973953e-03 2.04968786e-03
9.51971236e+01 -3.05072431e-02 -1.08305993e-02 -4.86722371e-02 4.43482791e-03 1.16938322e-03 2.32497363e-03
9.78919611e+01 -2.62273678e-02 1.22649088e-02 -7.18917954e-03 6.45089937e-03 1.77470643e-03 2.69086111e-03
1.00585481e+02 4.52620725e-02 3.67953661e-02 4.91563197e-03 7.65921253e-03 2.64383796e-03 9.31239350e-03
1.03289794e+02 4.07920577e-02 4.47151463e-02 3.81288886e-02 5.71891309e-03 1.46447770e-03 6.19182230e-03
1.05997247e+02 -3.66364954e-02 2.66689699e-02 2.13323810e-02 5.83346716e-03 1.13221042e-03 3.53034715e-03
1.08690341e+02 2.05061484e-03 -1.50624802e-03 -8.56055553e-03 3.17878323e-03 2.71892071e-03 6.03151592e-03
1.11382638e+02 2.55461728e-02 -2.73434762e-02 -2.88398336e-02 5.24209818e-03 2.70953226e-03 6.69505439e-03
1.14075528e+02 4.22161361e-03 -4.00830015e-02 -8.20765107e-02 5.34777970e-03 1.52852333e-03 8.38475324e-03
1.16767153e+02 1.87653760e-02 -2.22656260e-02 -9.44902032e-02 4.03419976e-03 1.53266669e-03 5.01669559e-03
1.19465856e+02 3.65103226e-02 -1.63089146e-02 -6.93641692e-02 7.30323054e-03 1.34797986e-03 3.18710998e-03
1.22162997e+02 1.45731776e-02 -1.64894220e-02 -4.60925117e-02 3.10329168e-03 1.67567578e-03 3.00504771e-03
1.24860013e+02 -3.20832057e-03 -1.37048937e-02 -3.17748717e-02 3.78498229e-03 1.30549464e-03 2.32667551e-03
1.27565028e+02 -3.72474176e-02 -5.67088021e-02 -5.86739073e-03 1.08239117e-02 1.21582164e-03 4.67237652e-03
1.30257825e+02 1.96524611e-02 -6.81055523e-02 1.53816385e-02 6.07947530e-03 1.36523891e-03 8.22982782e-03
1.32947419e+02 1.54660288e-02 -4.95880968e-02 -8.58352632e-03 4.30050379e-03 1.11863894e-03 4.44080110e-03
1.35638856e+02 -4.71094352e-02 -4.87782270e-02 1.53528234e-02 1.69737426e-03 1.75276201e-03 5.11776075e-03
1.38339544e+02 -4.26235216e-02 -2.44053489e-02 -7.08821306e-03 4.04389877e-03 1.23715205e-03 6.11315407e-03
1.41046356e+02 -6.91455577e-03 -1.76058670e-02 -7.28286368e-04 3.77242354e-03 1.42611846e-03 8.07999715e-03
1.43745950e+02 1.85119188e-03 8.89424981e-03 -7.95482264e-03 4.19138062e-03 3.52476547e-03 2.88503241e-03
1.46453028e+02 -1.77480243e-02 2.06887469e-02 1.15043157e-02 3.92498593e-03 1.01686697e-03 2.50746852e-03
1.49157419e+02 -8.25642731e-03 -2.36396484e-02 3.69008267e-02 5.71348550e-03 7.85065014e-04 1.47118572e-03
1.51850731e+02 -7.59085487e-04 -2.14648026e-02 1.93071272e-02 1.11025843e-03 2.79002510e-03 1.31307217e-03
1.54545841e+02 8.93533884e-03 -1.27698713e-03 2.25294666e-02 2.33893009e-03 3.99832286e-03 1.50513173e-03
1.57241200e+02 1.62359795e-02 -1.50100737e-02 -8.25976272e-03 3.80599847e-03 1.82742036e-03 9.79712347e-04
1.59945231e+02 9.87941010e-03 5.79727230e-03 -1.43368048e-02 4.49341109e-03 9.31158764e-04 2.63117614e-03
1.62633684e+02 -6.30664563e-03 1.14309061e-02 -2.88186286e-03 5.53515368e-04 4.56876333e-03 2.24196919e-03
1.65328263e+02 -1.25849031e-02 -1.95984167e-03 -3.50839581e-02 1.02889133e-03 7.89911131e-04 2.76638545e-03
1.68033091e+02 -4.15023059e-03 -1.44933797e-02 -5.00656129e-02 1.87647232e-03 7.61611376e-04 1.08463607e-03
1.70727622e+02 -1.01327954e-03 -3.42950600e-02 -1.23647331e-02 2.19189178e-03 9.87228028e-04 1.46496728e-03
1.73441716e+02 1.23168242e-02 -3.75420999e-02 5.73295300e-02 3.84764951e-04 2.57536620e-03 2.07153822e-03
1.76138216e+02 -6.45814524e-03 -5.43966084e-02 2.72873980e-02 2.88151081e-03 9.92553832e-04 1.47856352e-03
1.78832309e+02 3.25362695e-03 -3.71623445e-02 2.20985551e-02 2.92434933e-03 4.50890676e-03 3.48919208e-03
1.81529013e+02 -3.24128935e-02 -1.32449604e-02 3.45520146e-02 2.02141463e-03 2.28397325e-03 3.13833439e-03
1.84232294e+02 -5.54602409e-02 3.82124351e-02 2.34914429e-02 2.04648838e-03 2.80606362e-03 2.19608504e-03
1.86935716e+02 -3.65378281e-02 3.70874086e-02 7.90573522e-03 1.94984974e-03 1.03043554e-03 3.35616640e-03
1.89653044e+02 9.72983092e-04 -8.90206342e-03 6.10995230e-03 2.26186193e-03 7.37020903e-04 5.47697324e-03
1.92356138e+02 7.73364574e-03 -6.17205332e-03 -2.28528402e-02 6.56706303e-04 3.66521595e-03 4.90862340e-03
1.95055841e+02 2.79696419e-02 -3.88859757e-02 -5.81005619e-02 1.55757253e-03 3.01656304e-03 1.58867647e-03
1.97758778e+02 2.18278663e-02 -3.47401824e-03 -6.28093508e-02 1.23802845e-03 1.29389222e-03 3.24287546e-03
2.00465481e+02 1.07275083e-02 -9.28537311e-03 -3.17398903e-02 2.44387545e-03 1.37079935e-03 2.09047490e-03
2.03172919e+02 -1.99036338e-02 2.52180738e-03 -3.41680026e-03 1.38884481e-03 5.04315731e-04 1.41288713e-03
2.05867028e+02 -4.00079831e-02 1.86112707e-02 -2.19745177e-04 2.93505107e-03 1.42366184e-03 7.39113032e-04
2.08575216e+02 -4.57002360e-02 1.48603146e-02 6.29923174e-02 1.75225742e-03 7.77244097e-04 2.98569495e-03
2.11272700e+02 -3.40024730e-02 3.47325268e-03 1.08553408e-01 2.36181716e-03 1.15572982e-03 3.72115630e-03
2.13965138e+02 -3.24013260e-02 -1.32959556e-02 6.23697457e-02 2.24265718e-03 2.05785014e-03 3.70930695e-03
2.16662309e+02 -4.05768451e-02 -2.74944293e-02 6.25968767e-02 6.67690809e-03 1.91079341e-03 4.42817768e-03
2.19361356e+02 -1.39469217e-02 -1.49856771e-02 4.59994059e-02 4.10726623e-03 6.01758039e-04 2.36941540e-03
2.22057716e+02 -1.12515287e-02 -4.58458599e-02 3.23522700e-02 2.82527097e-03 9.28943323e-04 2.07392111e-03
2.24757825e+02 -2.71383534e-02 -3.10969127e-02 -5.32230382e-03 1.27260447e-03 1.69094129e-03 1.12434734e-03
2.27463278e+02 -2.80734991e-02 1.00577596e-02 -1.23658281e-02 9.16834565e-04 8.60171501e-04 7.81244146e-04
2.30163184e+02 -2.46483177e-02 2.35594670e-02 3.50992569e-02 3.79267248e-03 7.81477628e-04 1.69043607e-03
2.32871950e+02 -1.28822596e-02 7.42149043e-03 2.65656345e-02 2.32618458e-03 1.38469164e-03 4.95921589e-03
2.35577622e+02 3.70827797e-03 2.12111988e-02 -1.32455242e-02 4.38252614e-03 1.41239166e-03 2.99824434e-03
2.38270325e+02 2.02278764e-02 4.19346071e-02 3.14967696e-03 4.56739917e-03 1.00963325e-03 4.98503896e-03
2.40974325e+02 4.74687065e-04 3.69546926e-02 8.05219704e-05 1.65564314e-03 1.05823658e-03 2.82000053e-03
2.43664716e+02 -1.15243692e-02 1.99662885e-02 1.12396951e-02 1.95084065e-03 1.24901966e-03 9.08141723e-04
2.46358528e+02 -1.78246556e-02 9.79518865e-04 1.96183698e-03 2.98707398e-03 1.45658485e-03 3.18183409e-03
2.49052841e+02 -7.56168956e-03 -3.70421172e-02 3.14954160e-02 3.08381446e-03 1.20987244e-03 5.22566053e-03
2.51750919e+02 -3.54718849e-03 -2.88396221e-02 4.29794344e-02 5.90228581e-03 2.01823398e-03 1.45280847e-03
2.54455122e+02 1.32103226e-02 3.47950621e-03 2.45361314e-02 6.43565853e-03 1.12985741e-04 4.83737660e-03
2.57169950e+02 2.75531126e-02 8.79764065e-03 -8.40988106e-03 2.19334054e-03 1.89849413e-03 6.09593744e-03
2.59878341e+02 9.12316464e-03 1.95212522e-02 -7.47809382e-02 2.63535179e-03 5.55142824e-03 1.16701438e-03
2.62576778e+02 3.85431508e-03 7.05077868e-03 -8.81406868e-02 2.72222020e-03 9.11116919e-04 2.31356319e-03
2.65271919e+02 1.34564701e-02 1.52704992e-02 -1.35239162e-02 2.93066297e-03 2.27787943e-03 2.92310311e-03
2.67968177e+02 2.07606308e-02 3.18360617e-02 2.80319257e-02 4.29731691e-03 1.96129892e-03 2.48130300e-03
