6.52980828e-01 -2.50792460e-02 9.04725256e-03 5.51610380e-02 4.65659838e-03 2.69417638e-03 1.59627988e-03
3.35618318e+00 -3.09417262e-02 6.85808848e-02 2.34879271e-02 4.00872585e-03 2.46180339e-03 5.76851622e-03
6.05685646e+00 -3.84856028e-02 4.19528665e-02 -1.45106613e-02 2.87052162e-03 1.54781997e-03 2.31929534e-03
8.76035365e+00 4.72260009e-03 -3.71175212e-02 -9.05413329e-03 3.07329380e-03 1.44554422e-03 3.37080863e-03
1.14609083e+01 3.79572032e-02 -3.58825738e-02 3.40244232e-04 1.46969426e-03 1.20865966e-03 1.18792607e-03
1.41672677e+01 2.52085076e-02 -9.52929672e-03 3.59892269e-02 2.41511155e-03 8.08805371e-04 1.30381449e-03
1.68634755e+01 2.01100613e-02 1.68032742e-02 3.47869010e-02 1.41773389e-03 1.78334602e-03 1.16565059e-03
1.95566349e+01 2.79288719e-02 1.78976925e-02 2.68261089e-02 7.39690873e-04 3.67847576e-03 3.22117897e-03
2.22518224e+01 3.81020988e-02 -1.92615634e-02 2.13024203e-02 1.34935034e-03 2.61126242e-03 8.64434000e-03
2.49493099e+01 2.56529268e-02 3.48548254e-02 -7.45315077e-03 9.10424506e-04 4.63011589e-04 3.64824217e-03
2.76555458e+01 8.81417991e-03 1.75639130e-02 -4.63828209e-02 1.16658858e-03 2.03703800e-03 2.52375140e-03
3.03596911e+01 1.29517121e-02 5.86979047e-02 -3.14270648e-02 2.48852736e-03 8.31819375e-04 1.98516466e-03
3.30666912e+01 1.04302926e-02 4.92121469e-02 -2.29830800e-02 5.92662630e-03 3.72026710e-04 9.79220577e-04
3.57631990e+01 9.63340799e-03 6.05358761e-02 -2.57055683e-02 4.69669623e-03 1.64250648e-03 3.60526415e-03
3.84689240e+01 2.84081350e-02 3.19834963e-02 -2.07103536e-02 3.11487244e-03 3.67960795e-03 3.75801125e-03
4.11699005e+01 3.10398509e-03 2.62608624e-02 6.10430858e-04 1.67446720e-03 1.57478001e-03 2.51234138e-03
4.38731396e+01 1.67188542e-02 2.28354409e-02 -1.51536053e-02 2.39719406e-03 9.26912124e-04 1.51931812e-03
4.65688005e+01 2.68493156e-02 -4.49910833e-04 -3.57984555e-02 1.06980106e-03 6.08270418e-04 2.71450306e-03
4.92679661e+01 1.56323429e-02 9.24640276e-03 -2.73638121e-02 2.50571001e-03 6.27739122e-04 2.27444089e-03
5.19602693e+01 6.29891409e-03 -2.30935355e-02 -4.19377559e-03 1.69080079e-03 6.86072793e-03 2.13339966e-03
5.46547630e+01 4.76027820e-02 -3.96396245e-02 -3.21715294e-02 4.88725646e-03 1.28649470e-03 9.83671345e-04
5.73632708e+01 5.53302062e-02 -4.63931636e-02 -5.45756803e-02 1.90036160e-03 3.29982898e-03 1.53384225e-03
6.00615271e+01 4.64375485e-02 -1.65308017e-02 -4.19069096e-02 1.71641222e-03 1.10324919e-03 1.45707586e-03
6.27716333e+01 7.25998813e-02 6.53130961e-04 -3.71204768e-02 4.81946449e-03 6.67405339e-04 1.37028458e-03
6.54745286e+01 4.13410451e-02 -8.53189514e-05 -3.24316033e-02 2.25729114e-03 1.00304804e-03 1.31231000e-03
6.81780505e+01 2.22495159e-02 -6.45450658e-04 -2.52823585e-02 2.51119202e-03 9.22157565e-04 1.04328047e-03
7.08892896e+01 1.49991140e-02 2.64513066e-02 -2.30668479e-02 1.02850903e-03 1.60982315e-03 2.45962553e-03
7.35860771e+01 8.36177758e-03 4.68621880e-02 -2.75098731e-02 4.74649322e-04 1.07365591e-03 3.33306241e-03
7.62783083e+01 2.38285518e-02 3.62025077e-02 -4.21694384e-02 6.96468433e-04 1.68673739e-03 3.59262347e-03
7.89760068e+01 2.63463751e-02 5.31684999e-04 -7.39175015e-02 1.24188682e-03 2.47653653e-03 1.95743364e-03
8.16700693e+01 2.78618253e-02 -4.47305975e-02 -3.53588978e-02 1.99083223e-03 1.49975787e-03 8.08197069e-04
8.43688162e+01 2.45770599e-02 -5.63336248e-03 3.94565446e-03 2.02673390e-03 1.26898547e-03 1.69355329e-03
8.70675287e+01 3.38416469e-02 1.38335813e-02 2.14628549e-02 5.58672901e-03 9.91416969e-04 1.94044148e-03
8.97650615e+01 1.09347612e-02 -1.25201082e-02 4.84602289e-02 3.14171585e-03 1.67775008e-03 5.51816344e-04
9.24629287e+01 1.70713394e-02 2.08408250e-02 1.50510169e-02 2.44528254e-03 1.43974909e-03 1.92918357e-03
9.51655974e+01 -1.73716876e-03 1.45141982e-03 -1.24309073e-02 3.75372061e-03 1.56872783e-03 3.39374572e-03
9.78686568e+01 -2.77173895e-02 -7.74710537e-03 3.71994692e-03 2.26528015e-03 1.43000012e-04 1.90652485e-03
1.00571357e+02 -1.90248513e-02 1.74939017e-02 2.50991680e-02 2.82239359e-03 1.41096944e-03 3.58245381e-03
1.03276247e+02 -1.72785958e-02 1.04424008e-03 -1.56637608e-02 3.11236223e-03 1.68241778e-03 5.06986634e-03
1.05974888e+02 -9.16223116e-03 -1.48999651e-02 -6.38925878e-02 1.64584216e-03 1.44196675e-03 1.64983840e-03
1.08675404e+02 2.37810871e-02 -1.43222217e-02 -4.07854120e-02 2.30045666e-04 1.29178753e-03 1.50567248e-03
1.11377107e+02 3.74792807e-02 1.73311929e-02 -2.01758095e-02 4.08448326e-04 2.74043817e-03 5.74806812e-03
1.14079888e+02 4.35633058e-02 -7.14442822e-03 5.87790850e-03 3.20536757e-03 3.20379263e-03 5.16818242e-03
1.16778247e+02 3.06310841e-02 -5.51329732e-03 1.36682554e-02 2.45636051e-03 1.08145343e-03 6.23247177e-03
1.19476607e+02 1.04207831e-02 -2.33017797e-02 -1.56517752e-02 1.73697669e-03 4.79495732e-04 3.69455497e-03
1.22174935e+02 2.71891033e-03 -1.90862828e-02 -7.75634615e-02 1.72090393e-03 2.49930572e-03 7.78457770e-04
1.24870982e+02 9.29820616e-03 1.56179715e-02 -1.11679543e-01 3.39508327e-03 3.69629634e-03 2.16779738e-03
1.27563826e+02 4.45431884e-03 2.38720558e-02 -8.45588821e-02 3.79528624e-03 2.54737975e-03 1.22546842e-03
1.30266607e+02 -1.20649311e-02 3.10561466e-02 -7.89739191e-02 4.35257454e-03 1.43672996e-03 3.53677484e-03
1.32967107e+02 -7.15871320e-03 4.83802483e-02 -4.84966492e-02 8.77393219e-04 2.09499031e-03 6.05667455e-03
1.35670372e+02 -1.11625785e-03 7.46553438e-02 -4.86196570e-04 3.78997021e-03 1.05140843e-03 1.97538480e-03
1.38365201e+02 -1.68774339e-02 1.30700143e-02 -2.90867336e-03 3.54301680e-03 1.02417866e-03 2.67558442e-03
1.41059794e+02 -1.39516634e-02 -1.88892851e-02 -2.71600010e-02 2.38979284e-03 1.92010962e-03 1.91532426e-03
1.43753122e+02 8.86126134e-03 5.13756872e-03 -4.22880531e-02 1.73222358e-03 4.87661272e-03 1.90318347e-03
1.46452091e+02 5.47362559e-02 4.39483561e-02 -2.82542540e-02 5.67818294e-03 1.65631201e-03 6.25602465e-03
1.49157216e+02 -6.69283191e-03 2.70073520e-02 -2.14398879e-03 4.02272787e-03 2.18390538e-03 1.80366359e-03
1.51855357e+02 -8.76120898e-03 1.10863746e-02 -4.93298050e-02 7.29513078e-03 1.71243554e-03 1.66792056e-03
1.54561529e+02 -8.95424836e-03 3.77757115e-03 -2.87950964e-02 3.77927860e-03 1.60853763e-03 2.99556626e-03
1.57260685e+02 3.37592668e-03 2.81588872e-03 1.53121167e-02 5.89840652e-03 3.32934089e-03 4.74818255e-03
1.59965044e+02 -2.80596608e-02 -2.29910959e-02 3.38376255e-02 5.63630183e-03 3.95550515e-04 3.68768867e-03
1.62659935e+02 -2.92152491e-02 1.28273016e-03 5.25182800e-02 6.85719207e-03 3.48811627e-04 1.62980955e-03
1.65359966e+02 9.04013489e-03 7.25850392e-02 5.08885845e-02 1.94331012e-03 8.10262164e-04 3.50582372e-03
1.68061810e+02 2.59495238e-02 9.25855831e-02 4.35655432e-02 1.11211349e-03 9.83175259e-04 6.04499614e-03
1.70754560e+02 3.13482533e-02 5.75093709e-02 1.83376937e-02 3.06626246e-03 8.95797168e-04 5.48668494e-03
1.73463388e+02 -4.90972622e-02 1.92786292e-02 6.14615239e-03 6.22216772e-03 6.27281991e-04 5.14031903e-03
1.76151654e+02 -3.34918494e-02 4.00835081e-02 -3.63712194e-02 2.23313106e-03 1.40273270e-03 3.05806285e-03
1.78855560e+02 -2.80423645e-02 2.65509581e-03 -8.06929566e-02 1.86569146e-03 1.05363114e-03 6.66976753e-03
1.81554638e+02 1.18386951e-02 -2.43652229e-02 -4.96881420e-02 2.52159038e-03 1.07727365e-03 5.24747139e-04
1.84255091e+02 1.09397898e-02 -3.90549503e-03 -2.51966610e-02 2.41285514e-03 6.64108619e-04 2.52825346e-03
1.86961607e+02 -1.65677167e-02 3.56621129e-02 5.71239754e-03 1.53340785e-03 1.84202968e-03 1.16283962e-02
1.89663826e+02 -3.16427238e-02 3.21786015e-02 4.23271502e-02 9.80317571e-04 1.29540019e-03 1.01802957e-02
1.92361263e+02 -6.11647746e-03 -1.58314199e-02 6.74393110e-02 8.00204887e-03 2.99743899e-03 3.68422614e-03
1.95069076e+02 1.50204534e-03 -1.02804584e-02 5.95414852e-02 9.57106021e-03 1.21538741e-03 7.17449824e-03
1.97761513e+02 3.35362310e-02 -2.61499054e-02 2.66009135e-02 1.67964941e-03 1.41263359e-03 5.98055052e-03
2.00457263e+02 1.66631645e-03 -3.77298613e-02 4.78354059e-02 2.35067079e-03 1.05799680e-03 5.07371955e-03
2.03148029e+02 -3.55659696e-02 -5.43607113e-02 3.19950549e-02 4.77499648e-03 6.72369770e-04 1.66840497e-03
2.05843279e+02 -4.41097813e-02 -2.38662161e-03 -2.72744944e-02 2.77657434e-03 6.35591148e-04 5.60059746e-03
2.08537404e+02 -2.43883535e-03 2.21712320e-02 -2.65719511e-02 2.61394596e-03 2.76968341e-03 6.25533084e-03
2.11237076e+02 2.89397293e-02 6.26994250e-03 -1.34139592e-02 3.46817005e-03 1.01097909e-03 5.75057813e-03
2.13946576e+02 5.50250044e-03 2.27490786e-02 -1.13825185e-02 3.36874629e-03 1.09310929e-03 6.57335241e-03
2.16656732e+02 -3.12967487e-02 6.64190417e-02 -7.05063192e-03 6.52727127e-03 2.22703458e-03 4.09613796e-03
2.19348669e+02 -1.51536179e-02 -2.72216067e-02 6.66353680e-04 9.29774743e-03 4.28871294e-03 2.14623932e-03
2.22050763e+02 -1.98033882e-02 -6.73618788e-02 5.05420575e-02 6.89905839e-03 1.24469615e-03 3.53396472e-03
2.24745904e+02 4.68912216e-03 -4.55872955e-02 -2.51777447e-02 3.82667259e-03 6.18949349e-04 1.66313194e-03
2.27447419e+02 1.53494228e-03 -3.74661722e-02 -1.15128327e-02 2.52374465e-03 1.38199737e-03 6.60941083e-03
2.30151451e+02 -1.32988206e-02 1.25030620e-02 3.47392230e-03 2.41145442e-03 3.63700075e-03 4.91547828e-03
2.32849466e+02 1.34000275e-02 3.76696053e-02 3.84256263e-02 3.11766145e-03 2.60903397e-03 1.38171793e-02
2.35543076e+02 -6.60180423e-03 1.86749132e-02 2.43212938e-02 5.55902304e-03 2.04825418e-03 6.62276080e-03
2.38233888e+02 2.52261296e-02 -4.36410581e-02 7.81217917e-03 4.41578900e-03 1.59456121e-03 7.94413271e-03
2.40934591e+02 4.04740489e-02 -3.17424069e-02 3.11895999e-02 2.86574910e-03 3.94113921e-03 6.77465237e-03
2.43634310e+02 1.91726528e-03 -3.09585863e-02 1.53116717e-02 4.14513641e-03 3.68656148e-03 9.12336445e-03
2.46331576e+02 1.86001125e-02 8.43980462e-03 4.40602932e-02 4.00221985e-03 1.66316075e-03 9.62073790e-03
2.49027576e+02 8.46344014e-03 -3.21904592e-02 3.73039813e-03 4.50278898e-03 3.16293061e-03 9.96559576e-03
2.51727919e+02 1.65279098e-02 -3.49080405e-02 5.94077896e-04 1.80487447e-03 1.15169463e-03 3.71476135e-03
2.54424232e+02 3.18586484e-02 -7.32721405e-03 -9.72853827e-03 1.55964138e-03 3.50242715e-03 7.94897632e-03
2.57129263e+02 4.88806011e-02 3.45277843e-02 -3.09255897e-02 3.96707225e-03 1.54666879e-03 5.68219883e-03
2.59833685e+02 5.21662409e-02 -2.17537236e-02 -6.79177810e-03 5.37464520e-03 7.16577697e-04 2.13837240e-03
2.62528919e+02 4.26982540e-02 -1.07887547e-02 1.21862047e-02 1.93206844e-03 1.03929044e-03 1.78807371e-03
2.65225029e+02 4.66608537e-02 3.16580231e-02 2.32161180e-02 1.03777218e-03 4.45379321e-03 1.87809668e-03
2.67917894e+02 1.77536584e-02 -3.46303460e-02 4.56310369e-02 1.99889196e-03 3.21179297e-03 3.59282774e-03
