6.56109997e-01 1.09815007e-02 8.27059169e-03 5.52682061e-02 1.63258939e-03 1.69896379e-03 2.13555505e-03
3.35183593e+00 -3.88020735e-03 1.70656953e-02 4.06343930e-03 2.22522286e-03 1.84528377e-03 2.45857644e-03
6.05187031e+00 -2.95726785e-02 1.07043661e-02 4.83427791e-03 2.52709618e-03 1.36968538e-03 5.77978950e-04
8.74306937e+00 -4.14150805e-02 1.77578167e-02 3.41080775e-02 3.50065286e-03 5.25958093e-04 3.53157906e-03
1.14383991e+01 -4.78392244e-02 2.99893215e-02 6.48688263e-02 1.43482383e-03 1.36330837e-03 3.33224123e-03
1.41357069e+01 -6.80757050e-03 1.08251449e-01 6.34950849e-02 2.16424289e-03 2.81669420e-03 1.19926780e-03
1.68394444e+01 1.10419788e-02 9.78007546e-02 -2.02237220e-02 3.68662524e-04 1.45340756e-03 1.35329867e-03
1.95468381e+01 4.21758474e-02 1.66691854e-02 -5.88787205e-02 2.24414891e-03 5.36821590e-03 1.76494079e-03
2.22457803e+01 2.20430146e-02 1.71699787e-02 -3.82399110e-02 1.13559344e-03 2.00384744e-03 5.14321752e-03
2.49462350e+01 3.95327129e-03 -2.36820588e-02 2.51716783e-02 1.92774347e-03 2.36763289e-04 2.85122580e-03
2.76415803e+01 2.50550768e-02 1.91297775e-02 1.91147433e-02 3.58235402e-03 1.01131945e-03 1.21049405e-03
3.03467881e+01 3.86233316e-02 1.99228202e-02 -2.50612871e-02 3.73942248e-03 8.82233024e-04 2.18978986e-03
3.30447912e+01 9.02923354e-03 2.20255520e-02 -1.20717733e-02 2.06621941e-03 4.88630115e-04 1.19804546e-03
3.57487069e+01 9.49407995e-04 -1.74237651e-02 -2.70178899e-02 2.47623392e-03 8.49762658e-03 3.75717106e-03
3.84473772e+01 -1.67064025e-02 -4.01637843e-02 -3.01510733e-02 4.48109180e-03 1.68497477e-03 1.45982831e-03
4.11521241e+01 1.50354343e-02 -1.51305971e-02 -2.51725572e-02 2.50631335e-03 4.34461388e-04 8.81977475e-04
4.38494538e+01 2.98129603e-02 -2.05197201e-02 -1.92800862e-02 1.88265500e-03 9.35647413e-04 3.06414180e-03
4.65606647e+01 3.62768850e-02 -1.86694670e-02 4.64661569e-04 3.60789104e-03 7.92994327e-04 4.95821070e-03
4.92676022e+01 1.05044860e-02 -6.57127030e-02 2.55491367e-02 3.79716740e-03 6.77633446e-04 4.21927406e-03
5.19710022e+01 3.68898774e-02 -4.33439116e-02 2.71746884e-02 2.60036777e-03 5.63187594e-04 7.99028865e-04
5.46770959e+01 3.09288706e-02 -3.52538153e-02 1.24473007e-02 2.75478607e-03 3.20653180e-03 1.14167311e-03
5.73734850e+01 2.65066625e-02 -4.99077141e-03 -2.78484878e-02 1.39738616e-03 1.84760686e-03 2.64946916e-03
6.00684913e+01 2.70046284e-02 -1.31920126e-02 -1.83240473e-02 1.56992108e-03 4.10568753e-03 2.63004403e-03
6.27599959e+01 4.17224826e-02 -2.25174812e-02 1.43975900e-03 3.42790385e-03 1.86755948e-03 7.49200211e-04
6.54559022e+01 3.49427426e-02 -4.40162287e-02 -2.09319464e-02 2.03312322e-03 3.99113477e-04 2.45998487e-03
6.81587897e+01 2.30484743e-02 -4.08178038e-02 -2.57628466e-02 1.70641163e-03 2.31870555e-03 2.51977442e-03
7.08527616e+01 3.09621494e-02 -6.47300802e-03 6.56671251e-03 1.75260402e-03 1.93696364e-03 4.58123490e-03
7.35628866e+01 2.59844038e-02 1.83091606e-02 4.23349992e-02 6.47807898e-03 1.96330366e-03 2.99020282e-03
7.62641647e+01 2.24832357e-02 5.39678297e-03 -4.88229880e-03 2.09893445e-03 1.08756272e-03 2.87193668e-03
7.89643022e+01 2.75596973e-02 5.52813371e-03 -4.06760113e-02 1.08776952e-03 4.50084060e-04 1.35259346e-03
8.16651241e+01 1.94995626e-03 3.38047069e-02 -4.04174984e-02 1.27054759e-03 2.65844123e-03 1.37900090e-03
8.43704366e+01 1.82048772e-02 -1.94017101e-02 8.51140113e-03 4.49071941e-03 1.03839041e-03 2.45060686e-03
8.70764584e+01 1.83431675e-02 -1.06739945e-02 4.32476958e-02 8.56569583e-04 5.80191447e-04 5.58228595e-03
8.97785553e+01 2.35316078e-02 2.21901634e-02 1.98238011e-02 8.55995532e-04 2.37086785e-03 4.04200545e-03
9.24785631e+01 7.53545539e-03 -9.41287502e-03 1.54416400e-02 4.17701905e-04 1.40761144e-03 4.65451860e-03
9.51832803e+01 -1.49496462e-02 1.72994815e-02 4.79953685e-02 1.77217810e-03 1.25084821e-03 2.94650949e-03
9.78936131e+01 -7.53384941e-03 6.91018329e-02 6.03116713e-02 6.84603832e-04 1.23441210e-03 4.42001336e-03
1.00595262e+02 1.02783238e-02 9.86832743e-03 2.34640818e-02 3.97166327e-04 3.34021854e-04 2.19420218e-03
1.03295027e+02 2.65240622e-03 -1.15968337e-02 -2.77780919e-02 8.06758274e-04 1.38176037e-03 2.71619960e-03
1.05995777e+02 -9.40878107e-03 -2.40275798e-02 -3.94267942e-02 5.15751160e-04 1.22847787e-03 3.12928450e-03
1.08685058e+02 -8.54273187e-03 -1.81786917e-02 -5.29143836e-02 1.12721643e-03 8.00649479e-04 1.02330728e-03
1.11382543e+02 2.10267375e-02 -2.60669826e-02 9.38722951e-03 2.19737289e-03 6.18821872e-04 2.30098628e-03
1.14075246e+02 7.92518067e-03 -4.47634496e-03 1.37471448e-04 1.96232142e-03 6.66364601e-04 9.37956958e-04
1.16777402e+02 -1.02076867e-02 -8.03256600e-03 1.93088398e-03 1.73313447e-03 1.68357562e-04 8.35066912e-04
1.19472012e+02 -1.15565702e-02 6.14872642e-03 7.10849907e-03 1.42569720e-03 3.64410308e-03 1.41575567e-03
1.22171715e+02 2.50797147e-02 -9.78850722e-03 -3.85664787e-02 1.20097986e-03 7.28424454e-04 1.07976406e-03
1.24860965e+02 1.62642694e-02 -3.14242446e-02 -4.01889884e-02 1.49468656e-03 1.78768543e-03 1.58571979e-03
1.27558277e+02 9.67714888e-03 -5.23909263e-03 -5.33788031e-02 2.66970870e-03 3.91082572e-03 4.77757249e-03
1.30256793e+02 -4.34261287e-03 2.05202247e-02 -4.35419847e-02 1.56230204e-03 1.21785128e-03 1.70139148e-03
1.32946605e+02 1.92868595e-02 1.05980528e-02 -4.08686533e-02 7.37246148e-04 4.10650256e-03 8.59251866e-04
1.35642777e+02 -9.51297266e-03 -2.73479102e-02 9.41250669e-03 2.14239572e-03 4.09058736e-03 2.50519112e-03
1.38339230e+02 -2.20983003e-02 9.28093420e-04 2.71138895e-02 1.42300606e-03 2.64639628e-03 5.85026725e-03
1.41035652e+02 -5.72848236e-03 1.02575182e-02 -1.24864835e-02 2.70520842e-03 1.92152559e-03 1.26053675e-03
1.43738855e+02 5.10286973e-03 3.73369929e-02 -1.22043988e-02 1.60545096e-03 2.01712783e-03 1.91644331e-03
1.46441527e+02 6.09242838e-03 3.97507330e-02 4.23908406e-03 3.22410172e-03 9.22589972e-04 3.78193771e-03
1.49144105e+02 2.84779584e-02 5.01962712e-03 -5.06468226e-02 5.82837534e-03 7.16457620e-04 2.91655122e-03
1.51844199e+02 1.21852379e-02 -7.39730212e-03 -7.12402674e-02 2.73951453e-03 2.68852227e-03 2.66232584e-03
1.54545496e+02 5.13177330e-03 6.29634643e-03 -7.12602829e-02 1.87658325e-03 2.76918845e-04 2.88238919e-03
1.57242152e+02 4.06576076e-04 3.36309008e-03 -3.89917323e-02 5.25292123e-03 1.81420645e-03 5.19278044e-03
1.59945715e+02 -3.34060820e-03 -6.48092464e-02 3.62915458e-02 3.11833642e-03 2.42262555e-03 9.96142981e-04
1.62639762e+02 2.85798974e-02 -4.30068813e-02 7.58143986e-02 1.39045536e-03 6.76244647e-04 2.33532119e-03
1.65337230e+02 3.70167672e-02 -4.62392560e-02 8.47783103e-02 1.82231653e-03 1.57985673e-03 3.32256968e-03
1.68035574e+02 -7.43826792e-03 -2.20802367e-02 6.33931964e-02 2.17101654e-03 7.67100925e-04 2.43155039e-03
1.70743746e+02 -6.72277306e-02 1.22459440e-02 4.89709089e-02 1.98423869e-03 9.93039094e-04 1.56887125e-03
1.73447418e+02 -5.83107202e-02 -2.63369660e-03 7.69390980e-04 1.13767337e-03 2.07622481e-03 6.16898923e-03
1.76159855e+02 -7.99559333e-02 -1.65831696e-02 1.81208757e-02 4.58163075e-03 1.68514278e-03 3.66909645e-03
1.78864230e+02 -3.81646171e-02 9.18786436e-03 -3.73079737e-03 4.18958012e-03 1.14064750e-03 1.92741500e-03
1.81560527e+02 -2.99868458e-03 -1.01908995e-02 -4.09181687e-02 1.99291043e-03 2.32566428e-03 3.10588563e-03
1.84264980e+02 3.34462489e-04 1.67204408e-02 -3.65188129e-02 2.28290533e-03 5.94594988e-04 4.41113577e-03
1.86964387e+02 3.37940654e-02 1.85513645e-02 -2.84190239e-02 8.80080734e-03 3.09918318e-03 1.74282792e-03
1.89660480e+02 3.06672964e-02 6.80224440e-02 9.54932649e-03 4.76714020e-03 1.33180778e-03 2.07142431e-03
1.92367512e+02 -2.51933544e-02 4.00454521e-02 5.89601834e-02 4.80939498e-03 8.42313398e-04 4.16862559e-03
1.95060637e+02 -5.53790098e-02 -2.78500570e-02 4.29590888e-02 8.93023666e-03 8.67943480e-04 4.36579252e-03
1.97762199e+02 -2.97865102e-02 -4.33452663e-02 -1.56819071e-02 7.83814246e-03 2.15490364e-03 1.18125074e-02
2.00460480e+02 3.11824131e-02 -2.73238553e-02 -2.54135820e-02 2.96879895e-03 1.19509554e-03 1.90382938e-03
2.03165027e+02 2.72975802e-02 -1.18531402e-02 -3.92205283e-02 2.92634234e-03 1.82982514e-03 1.05970656e-02
2.05863433e+02 4.81793249e-02 -3.42611288e-02 -4.70808582e-02 1.94435573e-03 6.50477499e-04 8.01102445e-03
2.08558949e+02 4.50395312e-02 -5.46673593e-03 -4.98148924e-02 3.32500759e-03 4.54068209e-04 2.54541541e-03
2.11252027e+02 3.48794852e-02 6.17564456e-03 -5.95883476e-02 3.70828934e-03 1.26610086e-03 3.27832914e-03
2.13944433e+02 1.21630981e-03 3.80540835e-02 -7.64291851e-02 8.96259407e-04 2.50808300e-03 2.95822774e-03
2.16635340e+02 -2.17556636e-03 1.05597281e-02 -6.53623742e-02 5.85932544e-03 3.79506912e-03 3.11227917e-03
2.19339840e+02 -1.66142576e-02 2.21616586e-02 -5.06898396e-03 5.38394941e-03 3.79605675e-03 5.27859261e-03
2.22032668e+02 7.93071007e-03 -2.29839014e-02 -4.38389990e-03 2.38353051e-03 3.74462730e-04 5.14430155e-03
2.24729137e+02 4.74547158e-03 -5.91345493e-02 3.41336253e-03 3.67802797e-03 9.20880795e-04 3.19665483e-03
2.27424293e+02 -2.14053993e-02 -4.16618701e-03 -7.41656316e-02 1.84031700e-03 9.66048904e-04 1.01823633e-03
2.30122637e+02 -1.79262606e-02 2.18765461e-02 -6.83314792e-03 3.03386998e-03 4.96684755e-04 3.37047138e-03
2.32826668e+02 -4.16709595e-02 5.07713379e-02 2.34501297e-02 4.01123042e-03 1.38808701e-03 1.14028858e-03
2.35533762e+02 -4.19634290e-02 1.53606424e-02 8.85097100e-03 9.78131271e-03 1.07637449e-03 6.04268371e-03
2.38234371e+02 -5.25553631e-03 1.61319698e-02 1.51979741e-02 3.13969495e-03 3.36476954e-03 3.86136356e-03
2.40938277e+02 1.54264459e-02 4.05426675e-03 -2.47373576e-02 5.08757248e-03 2.22394083e-03 3.90857281e-03
2.43643980e+02 4.11813357e-02 2.43406077e-02 -1.08848531e-02 2.75626926e-03 2.14824037e-03 7.22404083e-03
2.46352090e+02 -4.75531666e-03 2.50038491e-02 4.13837186e-03 1.65859649e-03 7.42979692e-04 8.83578145e-03
2.49053027e+02 2.24526378e-02 3.39840317e-02 3.88234950e-02 2.88485459e-03 1.58352314e-03 4.48511045e-03
2.51749246e+02 4.51525287e-02 2.61311766e-02 4.40897183e-02 1.41618814e-03 2.76401524e-03 3.34106544e-03
2.54439449e+02 7.93067413e-02 3.34736799e-02 2.00653335e-02 4.07739577e-03 2.04238389e-03 3.16756447e-03
2.57130433e+02 8.85968100e-02 -2.98584262e-02 -1.92343178e-02 1.99017393e-03 6.95120440e-04 3.39461941e-03
2.59822090e+02 4.13038657e-02 7.06970235e-03 -4.23702584e-02 1.73643443e-03 3.06007260e-03 1.13640652e-03
2.62516262e+02 -4.25834421e-03 -5.01315178e-03 4.31819712e-02 1.01814804e-03 1.33920656e-03 1.14459883e-03
2.65207105e+02 2.92630309e-04 -5.25400983e-02 5.82049265e-02 1.29584472e-03 1.09436780e-03 1.80531650e-03
2.67906313e+02 3.87003602e-02 -1.27792178e-02 4.70138318e-02 4.38372691e-03 3.42577817e-03 1.75043208e-03
