6.53898902e-01 -6.62900276e-03 2.16862888e-02 -6.78557685e-03 2.70909264e-03 5.83670854e-04 1.67844971e-03
3.34953327e+00 -2.65560160e-02 -2.15642654e-02 1.89449880e-02 2.17624435e-03 1.38077386e-03 1.81452721e-03
6.05290890e+00 -1.92682263e-02 1.65259155e-02 4.03693478e-02 3.28436178e-03 1.32484747e-03 1.76095690e-03
8.75854109e+00 -6.42711907e-03 -2.14522046e-02 3.73679656e-02 2.81517611e-03 4.65817539e-03 1.71081712e-03
1.14644687e+01 -1.20446219e-02 -8.39592328e-02 6.36158541e-04 2.63448918e-03 2.72209944e-03 1.13966735e-03
1.41501359e+01 5.00206111e-03 -4.23182845e-02 -3.92935820e-02 2.88801803e-03 6.87437330e-04 1.53285734e-03
1.68537922e+01 -1.46407168e-02 -5.81566130e-02 5.94627658e-03 2.01921117e-03 6.79676396e-04 1.15537841e-03
1.95506953e+01 -1.72094411e-02 -6.73471556e-02 3.50634740e-02 5.95188580e-03 1.73647077e-03 1.92874264e-03
2.22520109e+01 -1.23306505e-02 -2.32113635e-02 4.76311274e-02 4.28017088e-03 2.16622815e-03 4.75385777e-03
2.49437734e+01 -2.48960168e-02 -2.87834899e-03 -2.57150091e-02 2.86909967e-03 8.69106719e-04 3.38228644e-03
2.76465625e+01 -2.02966002e-02 -2.72816916e-04 -4.75368471e-02 1.71007759e-03 1.06572970e-03 2.50953932e-03
3.03480156e+01 -2.56539583e-02 2.89020703e-02 -5.97301114e-02 3.97649343e-03 1.88552392e-03 5.39809638e-03
3.30557141e+01 -2.99122225e-03 2.91632833e-02 8.79965786e-03 4.18014382e-03 1.22278588e-03 3.82337280e-03
3.57554297e+01 1.23369595e-02 2.99386670e-02 5.40856746e-02 4.72097916e-03 7.57681295e-04 2.40005380e-03
3.84581547e+01 1.95633546e-02 6.90182148e-03 4.63347076e-02 5.31902433e-03 1.12271319e-03 3.42522609e-03
4.11610703e+01 9.05074702e-03 2.68514862e-02 1.27937247e-02 7.65155216e-03 1.53794180e-03 1.33058338e-03
4.38666891e+01 1.78372754e-02 5.54751124e-02 9.22971601e-03 1.27653258e-03 2.47216293e-03 3.63030618e-03
4.65656234e+01 -1.60415215e-02 6.66915767e-02 -1.84997304e-02 8.64885400e-04 4.02530601e-03 6.00032199e-03
4.92684266e+01 -3.32137482e-02 5.03742846e-02 1.59834889e-02 2.28515318e-03 1.58535784e-03 3.50925993e-03
5.19661000e+01 -2.62669532e-02 4.71715645e-03 1.92481078e-02 1.95107947e-03 1.07784530e-03 2.37755221e-03
5.46658047e+01 -2.96669441e-02 2.57012164e-02 9.12746601e-03 3.21165992e-03 4.54389978e-04 1.66562268e-03
5.73591062e+01 -2.56976093e-02 1.21760500e-02 -3.84010741e-03 2.17742026e-03 2.26551811e-04 2.11043767e-03
6.00617766e+01 -8.94703467e-03 2.31649766e-03 -3.35448711e-02 2.38252951e-03 1.13124099e-03 3.46276338e-03
6.27626500e+01 2.32892321e-03 1.63767929e-02 -5.90202384e-02 9.04215608e-04 1.05950346e-03 3.34432772e-03
6.54658047e+01 -1.89071396e-02 4.65136293e-02 -5.91435676e-02 3.21477730e-03 3.04664653e-03 9.18672091e-04
6.81730312e+01 -2.48509601e-02 3.47920571e-02 -1.20723991e-02 2.77433781e-03 1.32032390e-03 5.72294379e-04
7.08801766e+01 -2.83689805e-02 1.94446998e-02 8.03731291e-03 2.73689290e-03 1.02730855e-03 1.74917724e-03
7.35770937e+01 -2.43577046e-02 4.89007384e-02 1.73645432e-02 4.74595228e-03 9.39381623e-04 1.87984416e-03
7.62777703e+01 -1.15101156e-02 2.54531285e-02 3.22987428e-02 1.53704079e-03 1.18247078e-03 3.87171440e-03
7.89752609e+01 -1.98025195e-03 -1.91397685e-02 -2.15499657e-02 3.02285478e-03 8.19421592e-04 2.71185866e-03
8.16743156e+01 -1.14882945e-02 -3.55676924e-02 -4.06320164e-02 1.74450632e-03 2.77736259e-03 3.11887499e-03
8.43670562e+01 5.53903752e-03 -1.45175741e-02 -3.46727541e-02 4.67365850e-03 1.19574098e-03 3.12565173e-03
8.70726516e+01 -1.84167320e-03 4.25076939e-03 -1.76052108e-02 2.31601025e-03 2.34639600e-03 3.21444585e-03
8.97731578e+01 -1.84129764e-02 6.39460745e-03 1.38850875e-02 2.83489475e-03 1.55536027e-03 9.66544664e-04
9.24732687e+01 -1.65137596e-02 2.12072152e-02 -4.55008511e-03 4.50387542e-03 1.98431027e-03 1.41646067e-03
9.51685390e+01 7.31707488e-03 -3.33918781e-02 -2.10111511e-02 5.26617200e-03 4.42612438e-04 2.24117045e-03
9.78727391e+01 -2.10883169e-02 -6.82270342e-02 -3.04623029e-02 8.07171402e-04 1.63400822e-03 1.86530404e-03
1.00577920e+02 -1.95521450e-02 -1.83839774e-02 2.31092912e-03 3.20220067e-03 2.56959575e-03 3.17551624e-03
1.03275889e+02 -4.61308569e-03 -5.45404364e-03 -1.27686423e-02 6.76431990e-03 1.44026919e-03 9.14235726e-04
1.05982811e+02 3.56257407e-02 4.98656625e-02 1.00854488e-02 1.38209921e-03 8.21294824e-04 2.49769013e-03
1.08689561e+02 2.21077141e-02 4.83701697e-02 6.14869085e-03 2.07407492e-03 9.21837294e-04 2.36640971e-04
1.11387623e+02 6.65051986e-05 4.34724052e-02 -3.41825004e-02 1.15852160e-03 7.80150557e-04 1.04919850e-03
1.14087623e+02 5.72440417e-03 3.84403095e-02 -2.72483055e-02 8.56383247e-04 1.90828241e-03 1.02032849e-03
1.16786233e+02 5.53713704e-03 -1.90695380e-02 1.87502778e-03 4.87098946e-03 9.02473811e-04 1.55545150e-03
1.19471233e+02 2.30281490e-02 -9.73243733e-03 1.25370718e-02 3.21089795e-03 1.19295997e-03 1.15916612e-03
1.22166748e+02 2.38468354e-03 -1.08618166e-02 1.43323089e-02 2.45791170e-03 1.93218806e-03 7.51165699e-04
1.24858077e+02 3.24931833e-02 -1.09169163e-02 -1.50946827e-02 4.37058258e-03 1.16316032e-03 1.09877273e-03
1.27557373e+02 2.87829985e-02 -5.82557088e-03 -3.70838833e-02 3.58252182e-03 2.39502505e-03 3.45279120e-03
1.30261108e+02 -1.98690717e-03 -1.12835649e-02 -4.08477760e-02 2.93717985e-03 1.13087497e-03 1.09265562e-03
1.32959327e+02 -8.83861537e-03 -1.03268217e-03 -4.03775069e-02 1.98601301e-03 1.08988787e-03 2.36475170e-03
1.35658780e+02 1.04499144e-02 3.12873269e-02 -5.25333217e-02 1.04595689e-03 9.68295885e-04 1.53637195e-03
1.38354983e+02 2.13363065e-02 4.93582478e-03 -7.37507338e-02 2.51076741e-03 1.40516712e-03 6.78618595e-04
1.41055358e+02 1.04942978e-02 5.41385806e-03 -1.32820901e-02 4.12347168e-03 2.59519097e-03 2.67812596e-03
1.43750592e+02 -2.85239277e-03 1.07286259e-02 -3.53889398e-02 2.33333748e-03 1.37164071e-03 5.47382498e-03
1.46451795e+02 4.21672553e-02 -1.65372308e-02 -5.70952926e-02 2.29324676e-03 2.19509283e-03 6.41488990e-03
1.49155420e+02 3.88263460e-02 -1.89735343e-03 1.11208095e-02 1.51996601e-03 1.28811342e-03 4.22976509e-03
1.51856623e+02 1.84349269e-02 2.22576895e-02 1.02934857e-01 2.35116553e-03 7.10691646e-04 3.78377364e-03
1.54555905e+02 -3.19518283e-02 4.83892919e-02 9.04227059e-02 5.99919470e-03 1.31279093e-03 4.87837280e-03
1.57260389e+02 -4.44274120e-02 4.53918532e-02 3.04254738e-02 3.57124230e-03 9.25494434e-04 6.29890294e-03
1.59953233e+02 -1.11389443e-02 1.68518242e-02 -7.78743947e-02 2.37193707e-03 5.43896499e-04 5.11304269e-03
1.62653514e+02 -2.01651816e-03 6.95470888e-02 -2.88941364e-02 1.17236533e-03 6.96764349e-04 3.51269712e-03
1.65349967e+02 1.62438903e-02 7.74089902e-02 -3.91135854e-02 6.61792595e-04 2.26305034e-03 3.60869253e-03
1.68048248e+02 2.91944383e-02 2.71208208e-02 -5.12977458e-02 2.70967471e-03 2.81946859e-04 2.50771937e-03
1.70751123e+02 2.05250883e-03 4.66707804e-02 -6.25056465e-02 1.09590581e-03 7.46961449e-04 4.20853779e-03
1.73448217e+02 5.98972095e-03 4.45941296e-02 -5.12978556e-02 1.45316815e-03 6.84874430e-04 3.40409676e-03
1.76150858e+02 -1.43054205e-02 -3.00118246e-03 -4.11898039e-02 2.34395128e-03 3.88599925e-04 3.42716139e-03
1.78851217e+02 1.63906486e-02 -4.75248414e-02 -6.01095236e-02 2.63885194e-03 1.94309388e-03 2.78348672e-03
1.81557967e+02 3.72646917e-02 -5.45216416e-05 -1.30002902e-02 1.68952147e-03 3.36819298e-03 3.31581669e-03
1.84265280e+02 5.67301719e-02 -3.74679606e-02 9.98688983e-03 2.97160324e-03 1.45011811e-03 2.22002674e-03
1.86968577e+02 1.48852974e-02 -3.51230464e-02 1.50062822e-02 5.48639089e-03 1.06278858e-03 5.19992198e-03
1.89673530e+02 -8.57031982e-03 -3.38593168e-02 1.74868347e-02 4.98899010e-03 1.88546667e-03 1.09126184e-02
1.92374827e+02 -1.06877767e-02 9.25352267e-03 5.69490607e-03 5.80871131e-03 1.86978003e-03 8.10164135e-03
1.95071655e+02 1.01438972e-02 2.37795554e-02 6.57334571e-03 3.65914814e-03 5.34778006e-04 5.09506944e-03
1.97767077e+02 -1.47674352e-02 5.27848360e-02 -2.77545658e-02 1.55116505e-03 2.59691462e-03 7.49779560e-04
2.00463561e+02 -3.76270271e-02 3.45109372e-02 1.00133826e-02 6.36623610e-04 4.60128819e-03 4.08146503e-03
2.03156983e+02 -3.59804189e-02 1.27644912e-02 5.89043898e-02 4.04217145e-03 8.92467368e-04 2.06460138e-03
2.05854295e+02 -6.82864389e-02 3.85900278e-02 6.31083508e-02 3.24274921e-03 2.83835381e-03 2.26525848e-03
2.08558748e+02 -8.06858390e-02 -2.63277053e-02 4.03677919e-02 4.38159050e-04 2.89210073e-03 4.31414285e-03
2.11254827e+02 -1.20107060e-02 3.83524973e-03 8.71402285e-03 1.00530244e-03 2.79705154e-03 6.83091764e-03
2.13956858e+02 4.13174341e-03 -2.32947521e-02 1.42409985e-02 3.41804553e-03 3.20622130e-03 6.47840018e-03
2.16652545e+02 4.37040087e-02 1.41473921e-02 2.94808932e-02 1.39773483e-03 3.83753484e-03 5.61859226e-03
2.19356483e+02 1.79157932e-03 3.57333899e-02 8.56063718e-02 2.05183981e-03 7.71560861e-04 3.62209301e-03
2.22046967e+02 -2.14493938e-03 1.17585118e-02 1.90851419e-02 3.07350370e-03 1.68770409e-03 4.49521680e-03
2.24746155e+02 -2.64433907e-02 -2.19246263e-02 8.02787853e-03 1.46166300e-03 3.03226961e-03 5.58144917e-03
2.27448092e+02 -5.13309680e-02 2.22933793e-02 2.22858180e-02 5.51948407e-03 1.91490636e-03 5.99027872e-03
2.30137577e+02 2.60307165e-02 4.61971154e-03 -6.84439748e-03 2.54203754e-03 1.37493445e-03 1.34139694e-03
2.32834952e+02 8.69179705e-02 5.79057247e-03 3.30995254e-02 6.62928991e-03 1.33576123e-03 1.77708736e-03
2.35540952e+02 7.09999576e-02 2.14759465e-03 8.42462295e-02 7.75257670e-03 1.47271499e-03 4.20154732e-03
2.38239420e+02 2.81499636e-02 3.08761030e-03 5.18321208e-02 3.52180095e-03 3.00909601e-03 3.36223077e-03
2.40942858e+02 -2.01295968e-02 -4.34807713e-03 2.70880996e-02 2.43963258e-03 8.64023946e-04 1.08026352e-03
2.43642045e+02 2.23670870e-02 -4.37770034e-02 2.32234689e-02 4.98569542e-03 1.36216463e-03 4.40902281e-03
2.46339827e+02 4.21955719e-02 -7.26862174e-02 -4.26191558e-02 3.30291245e-03 1.75630174e-03 3.95359756e-03
2.49051264e+02 -1.40566313e-02 -7.52450579e-03 -2.95685006e-02 8.31906885e-03 1.23034028e-03 7.08964640e-03
2.51745748e+02 -4.93897723e-02 -1.44427428e-02 -2.14204772e-02 2.94902140e-03 1.07455977e-03 6.95849448e-04
2.54447436e+02 -3.11383542e-02 -4.52187724e-02 -2.17839997e-02 3.21468610e-03 3.74412070e-04 7.48104221e-03
2.57142327e+02 2.70749789e-02 -2.16400142e-02 1.02941797e-02 1.97332846e-03 2.56033126e-04 7.55673314e-03
2.59834811e+02 8.47042850e-02 5.47218149e-03 2.71982255e-02 3.37603944e-03 1.69652426e-03 5.95797942e-04
2.62529389e+02 5.64051223e-02 4.59799309e-02 1.07409021e-02 1.96564682e-03 3.65990289e-03 2.94244747e-03
2.65224092e+02 2.89861988e-02 -7.65434319e-03 5.27411273e-03 2.25792679e-03 1.99283429e-03 1.77058038e-03
2.67916404e+02 -2.48667987e-03 1.72451637e-02 6.42369317e-03 4.11491673e-04 4.08667701e-03 5.81033826e-04
