6.58104739e-01 -3.55895296e-03 -7.68685123e-05 3.77882244e-02 6.16672804e-03 2.79814817e-03 7.25488612e-04
3.36645983e+00 -6.56394441e-03 1.11457828e-02 -4.12133072e-03 3.57305629e-03 2.99525552e-03 1.13508834e-03
6.06935748e+00 -3.56322894e-02 -4.31912144e-03 -2.74927432e-02 1.61326607e-03 1.70846540e-03 9.63270886e-04
8.76903374e+00 -2.57471858e-02 -5.73934653e-02 -3.67871379e-02 6.62954972e-04 1.66785396e-03 6.98952742e-04
1.14692086e+01 -1.14899391e-02 -3.14663561e-02 -1.21804431e-02 1.39924809e-03 5.74216770e-04 2.62942505e-04
1.41687601e+01 -1.37526415e-02 5.12627139e-03 2.83563553e-02 1.15640042e-03 7.73979168e-04 2.86574647e-04
1.68693555e+01 -1.73305739e-02 8.16179113e-03 4.63983607e-02 1.48235204e-03 1.40998099e-03 1.52904953e-03
1.95599195e+01 -7.04547002e-03 1.39160529e-02 1.47609937e-02 4.02760776e-03 3.34160016e-03 2.06301953e-03
2.22563398e+01 -3.12155502e-03 -7.33959376e-04 3.29317541e-02 1.50792251e-03 2.47023476e-03 2.08336339e-03
2.49494492e+01 8.67071494e-03 6.48657349e-03 3.05806306e-02 2.09790136e-03 3.12602716e-04 3.55190018e-04
2.76587898e+01 2.00837505e-02 -3.18609325e-02 4.65013196e-02 4.96636756e-03 6.00169544e-04 3.51788893e-03
3.03692633e+01 1.52238399e-02 -1.95207548e-02 -4.17935432e-02 2.00961715e-03 1.37242248e-03 4.48959010e-03
3.30863351e+01 1.41582882e-02 -2.27173769e-03 -7.31725462e-02 2.19519806e-03 7.52566715e-04 2.46180735e-03
3.57951430e+01 2.20676133e-02 2.30156323e-02 -7.18639783e-02 5.62516656e-04 1.42924662e-03 1.98615965e-03
3.84933148e+01 7.73126524e-03 1.54111574e-02 -5.66378854e-02 2.57348652e-03 1.35328200e-03 2.58525091e-03
4.11850367e+01 -7.94224514e-03 2.79458901e-03 -2.48896246e-02 3.65460366e-03 4.68594454e-04 5.86792595e-03
4.38683508e+01 -2.76769190e-02 7.49762867e-03 -1.61127900e-02 5.27922702e-04 1.05226715e-03 5.70981146e-03
4.65619648e+01 -1.66898647e-02 -9.27749660e-03 5.52675551e-02 1.18221744e-03 3.73816204e-03 2.93744200e-03
4.92568023e+01 -7.98503994e-03 1.66442523e-02 3.63763783e-02 2.56628699e-03 1.36619085e-03 3.98387782e-03
5.19604789e+01 -1.51288897e-02 3.22744771e-02 5.07339153e-02 1.06153956e-03 7.62123956e-04 5.01282398e-03
5.46703133e+01 -1.30643900e-02 -5.81789667e-03 5.86339163e-02 1.46117480e-03 1.01271986e-03 3.44856289e-03
5.73758320e+01 -4.32590468e-03 8.01954862e-03 1.57914718e-02 2.66669365e-03 3.43977140e-04 6.16523794e-03
6.00851539e+01 4.34248869e-03 9.87194780e-03 -1.78330960e-02 1.10043113e-03 8.16256082e-04 1.96271509e-03
6.27912992e+01 1.67887298e-02 -9.60442994e-03 -2.20801962e-02 2.85039287e-03 7.54380246e-04 3.26130429e-03
6.55006164e+01 1.80648044e-02 -3.49084016e-02 -1.43262367e-02 1.99619362e-03 2.80541654e-03 8.64875642e-04
6.82044351e+01 4.18478434e-02 -4.03400910e-03 -3.98521367e-02 5.20388826e-03 3.05732814e-03 1.44613907e-03
7.09054664e+01 4.53691755e-02 -1.76810143e-02 -3.10675476e-02 5.47107632e-03 4.19687172e-03 2.31333940e-03
7.36150383e+01 1.55133292e-02 -1.22285081e-02 3.38030988e-02 4.89856179e-03 4.97016799e-04 3.68387072e-03
7.63142992e+01 1.12987117e-02 4.53717510e-03 5.44008424e-02 4.70859262e-03 1.13073642e-03 2.31565373e-03
7.90253367e+01 9.33718775e-03 -3.70438639e-03 7.07326060e-02 2.68544087e-03 1.66713367e-03 1.72845270e-03
8.17233164e+01 -1.01854585e-02 -2.36047737e-02 5.28996210e-02 3.74348397e-03 1.30916947e-03 1.13962125e-03
8.44271320e+01 5.24691696e-03 2.19661678e-02 -1.59658513e-02 2.67465576e-03 5.15883524e-04 3.48104187e-03
8.71279070e+01 2.50261807e-02 2.70117798e-02 -1.12455385e-02 1.57039540e-03 1.05442659e-03 1.86008248e-03
8.98212351e+01 3.48262744e-02 1.97473172e-03 -1.27868744e-03 2.91064269e-03 9.77849954e-04 1.83787512e-03
9.25078789e+01 3.12589089e-02 -1.33530297e-02 1.40223655e-02 4.32088657e-03 1.91547929e-03 1.33600370e-03
9.52008898e+01 3.02278336e-02 1.30130992e-02 4.00491691e-02 4.62888046e-03 9.82773317e-04 1.37159869e-03
9.78966945e+01 1.26033390e-02 1.51460031e-02 4.64459810e-02 4.27900202e-03 1.97228542e-03 1.63707020e-03
1.00598668e+02 -1.25625782e-02 1.95950203e-02 2.49633224e-02 2.93856095e-03 1.20210812e-03 3.20232957e-03
1.03309934e+02 -2.53828991e-02 1.65823092e-02 1.10471221e-02 9.26999698e-04 2.18231203e-03 2.41548195e-03
1.06008262e+02 -2.11875057e-02 2.34932393e-02 -1.49089331e-02 2.08109984e-03 6.96584896e-04 2.44695422e-03
1.08706324e+02 -2.30504881e-02 3.77919951e-02 -1.72545917e-02 5.59244816e-03 6.75163509e-04 1.61789781e-03
1.11404309e+02 -2.91346169e-02 2.42490525e-02 -2.08003191e-02 1.73298582e-03 2.10806651e-03 1.65441921e-03
1.14105699e+02 -1.10676846e-02 -2.91343197e-02 -1.57231526e-02 1.22653377e-03 1.08214063e-03 6.14558948e-04
1.16804715e+02 2.19800270e-02 -5.02130796e-02 -1.94607666e-02 5.85354655e-04 2.91518753e-03 1.07197435e-03
1.19505949e+02 4.76224831e-02 1.81123134e-03 -1.82814565e-02 2.01021516e-03 2.55407493e-03 1.35752163e-03
1.22200699e+02 7.85525981e-02 -1.59386557e-02 -1.19252484e-02 6.58839712e-04 9.33241706e-04 8.42790689e-04
1.24897730e+02 6.52754449e-02 1.85247362e-04 -1.35057581e-02 1.11049816e-03 1.77449309e-03 6.56712762e-04
1.27587559e+02 4.23831181e-02 -4.04571762e-02 -4.16247628e-02 7.73859097e-04 2.08398363e-03 2.17304846e-03
1.30291137e+02 4.31608715e-02 -4.17068513e-02 -1.96475434e-02 9.73705415e-04 1.77890347e-03 1.04242262e-03
1.32984246e+02 2.74891651e-02 -2.75414919e-02 -4.13678447e-02 2.10975243e-03 2.42394080e-03 2.52960396e-03
1.35687824e+02 2.78630122e-02 -3.27052428e-02 -2.67241022e-02 2.41085948e-03 2.03564849e-03 1.43955246e-03
1.38386371e+02 3.46160488e-02 -5.64496914e-02 -1.94848068e-02 7.33996721e-04 3.70038026e-03 1.36600268e-03
1.41073215e+02 1.23511460e-02 -4.49374669e-02 -1.04599187e-02 7.16336598e-04 9.85504981e-04 3.08475610e-04
1.43780340e+02 3.71876397e-03 -2.85685022e-02 6.01103303e-02 2.02006690e-04 1.40226210e-03 1.76430649e-03
1.46481934e+02 -1.80563374e-02 -3.78986445e-03 8.19866919e-02 5.90095851e-03 8.89190891e-04 4.16363231e-03
1.49183730e+02 -2.58493921e-03 -1.55698310e-02 1.62235125e-02 2.01456814e-03 1.54938499e-03 7.60852343e-03
1.51879824e+02 2.15624629e-02 -2.69224135e-02 -2.74025374e-03 1.10521163e-03 1.87833790e-03 3.44769180e-03
1.54584559e+02 1.12532795e-02 -6.40438034e-02 -9.58069183e-03 4.79071893e-03 2.37554999e-03 2.27800605e-03
1.57278137e+02 3.10993658e-02 -3.85982723e-02 -4.22038525e-02 3.57606188e-03 1.92637310e-03 5.55366483e-03
1.59972684e+02 4.04710646e-02 -2.56889733e-02 -5.81263481e-02 5.20020157e-03 6.14889447e-04 4.95778913e-03
1.62672762e+02 4.63971135e-02 -1.58006608e-02 -4.13980324e-02 5.34053299e-03 1.39554960e-03 5.20609159e-03
1.65378184e+02 6.76141027e-02 -1.08355903e-02 -5.58202898e-02 2.88383187e-03 4.10107185e-03 6.10315457e-03
1.68082012e+02 6.44948451e-02 -8.27409748e-03 -6.40779360e-02 4.83254846e-03 6.61904821e-04 2.92468044e-03
1.70790449e+02 3.70511444e-02 -2.29763249e-02 -3.19879727e-03 3.07263132e-03 2.52097189e-03 4.22494835e-03
1.73493230e+02 1.84752513e-02 -5.26971846e-02 1.68229341e-02 2.27278897e-03 1.12222131e-03 2.92602281e-03
1.76183746e+02 3.83075892e-02 -2.72731503e-02 7.45554357e-02 1.13461280e-03 7.78452582e-04 2.35538147e-03
1.78875324e+02 3.18351422e-02 -2.46427938e-02 8.83799222e-02 2.31767094e-03 2.92900175e-03 1.66073283e-03
1.81573668e+02 2.12548456e-02 2.84490675e-02 9.15924636e-02 2.94308643e-03 1.97998664e-04 5.22563164e-03
1.84272168e+02 4.10575986e-02 2.06033388e-02 5.86126074e-02 2.80982405e-03 1.29589775e-03 8.34343461e-03
1.86977293e+02 2.16846626e-02 -1.66104210e-02 5.42599282e-02 5.54528578e-03 5.81987340e-04 1.08934268e-02
1.89677387e+02 1.42751114e-02 -7.48942692e-03 5.96263667e-02 5.10448124e-03 1.95374942e-03 8.17350591e-03
1.92381387e+02 1.57248769e-02 2.23425586e-02 2.20001921e-02 6.37409315e-03 4.55740745e-04 4.96645372e-03
1.95083184e+02 2.29819529e-02 3.29848260e-02 -1.20439358e-02 3.20654476e-03 6.44168531e-04 8.88318176e-03
1.97788012e+02 2.30489234e-02 -1.37703747e-02 -2.31674621e-02 4.12884004e-03 1.27305301e-03 4.38575888e-03
2.00497074e+02 3.03859036e-02 -3.96682184e-03 -5.10912156e-03 5.54255398e-03 2.61201749e-03 6.37413010e-03
2.03207043e+02 1.02005114e-02 -1.79047271e-03 -2.70089508e-02 7.14459860e-04 1.27909952e-03 4.58911611e-03
2.05920402e+02 -1.63174146e-02 -9.29241746e-03 -2.69567451e-02 8.93282475e-04 4.22295296e-04 6.39696994e-03
2.08627902e+02 -3.99174947e-02 -1.78832254e-02 1.24681869e-02 8.22242815e-04 2.68642090e-03 7.61925304e-03
2.11337887e+02 -6.27690883e-02 -1.68929205e-02 7.72958134e-02 2.23874368e-03 1.60630540e-03 3.95931075e-03
2.14039684e+02 -3.89160007e-02 -7.08000664e-03 5.48877911e-02 4.01444642e-03 8.72778680e-04 5.40559721e-03
2.16734137e+02 -4.98593724e-03 1.06698391e-02 2.41943386e-02 5.04242849e-03 1.07315552e-03 1.30008730e-02
2.19431965e+02 1.76055822e-02 -6.16630491e-03 3.24787199e-02 4.15131618e-03 3.01347106e-04 8.89681991e-03
2.22130371e+02 3.22042580e-02 -3.08873754e-02 -1.43388843e-02 1.55219459e-03 5.51040862e-04 8.42324187e-03
2.24823121e+02 5.56495990e-02 -5.76902506e-02 -5.96637764e-02 6.38999946e-04 1.08708862e-03 3.38927400e-03
2.27522199e+02 2.09072993e-02 -2.63996624e-02 -5.36384878e-02 2.12495137e-03 1.78858803e-04 4.22944963e-03
2.30224918e+02 -2.98918166e-02 -1.03263978e-02 -2.39956660e-02 2.03574808e-03 7.55626973e-04 5.40877926e-03
2.32927777e+02 -4.83124613e-02 -9.06683386e-03 8.85643736e-03 3.31022641e-03 1.28294710e-04 3.68480478e-03
2.35621277e+02 -2.90811289e-02 3.34962444e-03 1.93269219e-02 3.79000372e-03 1.22706830e-03 2.04623405e-03
2.38318996e+02 -1.86713373e-02 9.66493801e-03 -1.06410523e-02 4.32263098e-03 8.33139178e-04 2.13424319e-03
2.41024980e+02 -3.18025277e-02 -1.13149858e-02 1.55470364e-02 4.00381782e-03 5.47468483e-03 9.64975382e-03
2.43725809e+02 -5.99726090e-02 -2.15393955e-02 2.10784470e-02 2.59118910e-03 2.32903729e-03 2.84451632e-03
2.46414699e+02 -6.10972985e-02 -2.47674954e-02 6.51654714e-02 3.96896826e-03 1.80744673e-03 1.08118143e-03
2.49116684e+02 -7.06732477e-02 1.73125696e-02 5.43918054e-02 2.55133407e-03 1.28171656e-03 1.76861810e-03
2.51807652e+02 -1.22275942e-02 4.06236499e-02 3.74472835e-02 2.23862125e-03 1.47594959e-03 3.45134302e-03
2.54505137e+02 2.95165868e-02 -8.98568743e-03 1.60807562e-02 3.37537126e-03 8.48243728e-04 5.51824077e-03
2.57211465e+02 4.87664700e-02 2.47355184e-02 -4.36889653e-02 1.91400683e-03 1.88417699e-03 2.01907912e-03
2.59908793e+02 8.07070338e-02 1.64571826e-02 -7.73971668e-02 5.47394758e-03 4.09481147e-03 2.14581930e-03
2.62604277e+02 1.88928692e-02 -3.41750185e-02 -4.65156220e-02 1.10917680e-02 7.35346422e-04 1.39232318e-03
2.65289449e+02 4.27188100e-03 -4.03209740e-02 -1.83217211e-02 8.61681879e-03 2.55812350e-03 4.89541348e-04
2.67993995e+02 -1.67334176e-02 -3.25068195e-02 3.12673183e-02 1.08859729e-02 2.31357365e-03 1.07756872e-03
