6.78032799e-01 -1.21108183e-02 -4.46243246e-03 2.88206516e-02 6.38959612e-03 2.49844361e-03 2.02447730e-03
3.38167019e+00 1.54421728e-02 -2.15249406e-03 9.41430577e-02 2.15549140e-03 3.65441672e-04 4.17579312e-04
6.07604691e+00 5.53088866e-03 3.39290402e-02 6.88963373e-02 1.28237504e-03 1.25019181e-03 7.04683290e-04
8.77582784e+00 -5.42653831e-03 2.00383698e-02 2.67788150e-02 1.39133025e-03 1.13067703e-03 4.56921559e-04
1.14744714e+01 -1.60027373e-02 -7.32277313e-03 -2.81152166e-02 2.16179386e-03 8.98317555e-04 1.25348436e-03
1.41610543e+01 4.63747009e-03 -4.12727557e-02 -5.42254869e-02 6.14889628e-03 1.28204843e-03 2.02877809e-03
1.68552902e+01 6.68553389e-03 -6.08500491e-02 -1.45882559e-02 1.41196173e-03 3.08945293e-03 9.09645773e-04
1.95577464e+01 1.02804038e-02 -1.76002175e-02 2.86147878e-02 3.11665957e-03 2.80689638e-03 1.23682755e-03
2.22593527e+01 1.62507209e-03 -2.52830155e-02 3.61874814e-02 2.67725138e-03 1.01401056e-03 1.39023688e-03
2.49643293e+01 -9.14268396e-03 -1.16259811e-02 2.65906241e-02 8.63830905e-04 5.00483506e-04 2.19302655e-03
2.76694793e+01 -5.75486932e-03 -9.43916043e-03 6.55472402e-03 2.17125569e-03 1.34349361e-03 1.58427223e-03
3.03740261e+01 1.58129125e-02 8.08688605e-03 3.28210787e-02 2.72108643e-03 1.92391243e-03 7.69845135e-04
3.30780996e+01 2.51657898e-02 -1.54750820e-02 3.56684543e-03 2.72315244e-03 1.70078690e-03 2.17462360e-03
3.57809589e+01 3.28657641e-02 -5.74101102e-02 -3.04873154e-02 1.03651304e-03 1.64786134e-03 3.39658887e-03
3.84841996e+01 4.06877179e-02 1.02981191e-02 -3.04097731e-02 1.50508872e-03 1.56187644e-03 1.98581265e-03
4.11831777e+01 3.35796240e-02 1.47797711e-03 -1.79418263e-02 1.19270582e-03 1.22410079e-03 3.37929238e-04
4.38739339e+01 3.05646124e-02 -1.29573791e-03 1.02327157e-02 2.82318391e-03 1.89472890e-03 3.73093722e-03
4.65621824e+01 6.65857180e-03 1.03405355e-02 2.17481030e-02 1.81624837e-03 2.13953394e-03 4.15516587e-03
4.92544246e+01 -1.25693374e-02 -1.35998544e-02 2.03891502e-02 7.41293626e-04 2.11726512e-03 3.73654635e-03
5.19463855e+01 -2.04840186e-02 -9.40047762e-03 5.45134117e-03 1.68474771e-03 1.69522885e-03 6.11768123e-03
5.46520199e+01 -9.77254118e-03 -3.90859709e-03 4.93599128e-03 7.57771029e-04 2.04947940e-03 1.62464372e-03
5.73588230e+01 7.67506599e-03 -1.07632444e-02 4.12630075e-02 1.80823362e-03 1.37518231e-03 3.62476938e-03
6.00699418e+01 2.79598844e-02 -3.18881365e-03 4.03974662e-02 2.40678042e-03 2.46900990e-04 3.65400376e-03
6.27816105e+01 2.55399124e-02 8.96193627e-03 -4.72239318e-03 2.14953976e-03 1.37516843e-03 5.26396548e-03
6.54989871e+01 1.50602673e-02 -2.22504820e-02 -1.70293202e-02 1.26348130e-03 7.17969371e-04 2.26888606e-03
6.82090074e+01 1.68179070e-02 -2.39304032e-02 -1.74346846e-02 1.31778933e-03 6.88537780e-04 1.38661014e-03
7.09139402e+01 9.63171759e-03 -9.48571871e-03 -2.69502653e-03 5.35428208e-04 1.36795633e-03 1.91110015e-03
7.36113496e+01 -6.63428156e-04 1.35220611e-02 2.82104993e-03 1.63533031e-03 8.40192296e-04 1.76297786e-03
7.63009199e+01 -2.38522377e-02 3.86340890e-02 1.93751991e-03 2.73710362e-03 9.12741421e-04 1.44950125e-03
7.89961246e+01 -2.53396451e-02 2.39984095e-02 1.35981506e-02 1.03253432e-03 2.37912126e-03 1.95619540e-03
8.16835121e+01 -3.31330401e-02 2.20796991e-02 3.28675592e-02 1.34231985e-03 1.26408956e-03 6.92149079e-03
8.43809089e+01 -2.62977486e-03 -2.04868532e-02 1.66343358e-02 2.35333637e-03 1.05271084e-03 1.26251653e-02
8.70789761e+01 1.48670887e-02 -3.73307416e-02 5.98214401e-03 3.45589168e-03 1.28909490e-03 5.18945874e-03
8.97855824e+01 1.98802859e-02 2.61741380e-02 -5.42996206e-03 1.58616401e-03 6.57297544e-04 2.57892450e-03
9.24946668e+01 -5.62401438e-03 2.78565724e-02 -1.98621466e-02 1.91482936e-03 9.59643176e-04 1.73327144e-03
9.52021464e+01 -2.22384010e-02 -9.31646834e-03 -3.14072842e-02 2.55505119e-03 2.10655808e-04 2.17446669e-03
9.79013293e+01 3.46244574e-03 -1.94312589e-02 -5.49033114e-02 2.09139558e-03 3.91110375e-04 1.39015356e-03
1.00593085e+02 8.35356264e-03 -2.22715322e-02 -5.42426138e-02 2.35714111e-03 5.31026488e-04 3.40409864e-03
1.03284289e+02 9.10875556e-03 2.98139197e-03 -3.36636543e-02 1.63253997e-03 5.17382451e-03 1.96643080e-03
1.05973086e+02 -6.48610732e-03 1.43612181e-03 -4.08386020e-02 1.02558374e-03 7.73684845e-04 7.17599986e-04
1.08673742e+02 -1.23932425e-03 -1.68300433e-02 -3.17185967e-02 1.51608932e-03 2.61186444e-04 2.17855503e-03
1.11371007e+02 2.00067469e-02 -3.19945146e-02 -2.52238772e-02 1.49245966e-03 5.03328953e-03 1.15711254e-03
1.14072039e+02 3.74729394e-03 -1.16459682e-02 1.34276551e-03 3.94921946e-03 1.75497511e-03 3.42877914e-03
1.16773898e+02 8.66211444e-05 -1.91645749e-02 1.95961573e-02 4.85055806e-03 6.83151141e-04 1.69501433e-03
1.19473382e+02 2.95683630e-03 -2.44524457e-02 3.00718415e-02 8.28742951e-04 9.80242532e-04 1.15243666e-03
1.22170882e+02 -1.43841647e-04 -3.50782804e-02 3.19227582e-02 2.71628655e-03 1.68660671e-03 1.84898148e-03
1.24872804e+02 -8.44556209e-03 -2.24113775e-02 -1.47800873e-03 5.26072704e-04 1.41351204e-03 1.30481760e-03
1.27571320e+02 -2.05387784e-02 3.74121285e-02 -8.95243748e-03 1.91426349e-03 2.45546648e-03 4.73786636e-04
1.30269367e+02 -9.16690736e-03 2.77093728e-02 -3.63942704e-02 2.11884501e-03 2.04167844e-03 1.77367089e-03
1.32965164e+02 5.17674300e-04 -1.18237209e-02 -2.31740191e-02 2.08889885e-03 7.73168076e-04 1.75197273e-03
1.35663210e+02 -3.37243320e-03 9.78932132e-03 -5.78428420e-02 1.64632181e-03 1.96710937e-03 3.99584115e-04
1.38367992e+02 -2.21592816e-02 3.22179076e-02 -4.79697449e-02 1.86097078e-03 2.28447536e-03 1.83359294e-03
1.41066101e+02 -4.84803662e-02 5.48966409e-02 -2.87536936e-03 8.61377023e-04 5.87755680e-04 2.24985347e-03
1.43756945e+02 -3.30255477e-02 2.16982546e-03 -2.11175500e-04 1.88618382e-03 1.53627346e-03 1.70318841e-03
1.46451226e+02 -2.59160792e-02 -5.63610872e-02 -1.78256528e-02 1.23884700e-03 1.45081224e-03 3.79237388e-03
1.49149914e+02 -3.68487343e-02 -6.68772089e-02 8.45407969e-03 1.29880535e-03 1.70250415e-03 1.62303011e-03
1.51851273e+02 -5.31523214e-02 -3.74984372e-02 -2.86468347e-03 3.32927844e-03 1.65278788e-03 2.14277203e-03
1.54550851e+02 -2.00957939e-02 -3.40595176e-02 -3.56636887e-04 3.81062146e-03 1.18181613e-03 1.62547205e-03
1.57254679e+02 -1.61343182e-02 -2.95448386e-02 2.72776261e-02 2.14104891e-03 1.78519697e-03 3.52187993e-03
1.59951976e+02 -1.84121813e-02 -2.52355509e-02 1.18210092e-03 9.01022945e-04 7.90066832e-04 1.18516769e-03
1.62652117e+02 -4.72741948e-02 5.95611118e-04 1.12252401e-02 2.69349214e-03 9.33834370e-04 3.54658712e-03
1.65352273e+02 -7.45050455e-02 -3.31880990e-02 1.09577097e-02 5.32071359e-03 2.19380031e-03 3.59447550e-03
1.68054679e+02 -4.86417092e-02 -3.79997457e-02 9.64229839e-03 5.24614260e-03 6.50368837e-04 4.68671942e-03
1.70756789e+02 1.87109460e-03 3.19692694e-02 -2.21934544e-02 1.46576734e-03 1.63214302e-03 6.18090105e-03
1.73458148e+02 5.09127595e-02 6.13848032e-02 -4.04884256e-02 1.28807816e-03 1.86872219e-03 4.18448185e-03
1.76162773e+02 3.83314667e-02 1.57733790e-02 -2.68978573e-02 1.70036508e-03 9.01189366e-04 3.78748680e-03
1.78860820e+02 -1.61159651e-02 -1.60090846e-02 -1.60754304e-02 4.20931306e-03 2.12068596e-03 4.45276921e-03
1.81546070e+02 -4.52394124e-02 -4.32971872e-02 -1.34370151e-02 1.99639042e-03 6.87674931e-04 3.63933724e-03
1.84238023e+02 -7.17929147e-02 -7.08411646e-02 1.63460370e-02 3.80794502e-03 1.14571589e-03 7.12798786e-03
1.86925226e+02 -4.43974600e-02 -2.64410069e-02 -6.16623882e-03 2.63065086e-03 4.39409354e-04 7.77975224e-03
1.89622492e+02 -4.24671471e-02 -5.05361943e-02 -7.57382743e-02 1.63974005e-03 1.33830515e-03 5.55730905e-03
1.92330320e+02 -6.78033023e-02 -3.71534078e-02 -2.96175093e-02 2.47074944e-03 2.19293847e-03 9.13289813e-03
1.95030882e+02 -5.17807504e-02 1.27076923e-02 -1.85431999e-02 1.94261965e-03 1.63383085e-03 3.96392949e-03
1.97744023e+02 -6.25909992e-02 2.61840742e-02 1.58600431e-02 5.40849105e-04 1.41028794e-03 1.53259360e-03
2.00451742e+02 -6.12107101e-02 4.83664010e-02 1.32147464e-02 8.43585761e-04 1.19938190e-03 3.69089710e-03
2.03161632e+02 -3.35719035e-02 4.13667032e-02 5.34527241e-03 1.14233177e-03 1.30947076e-03 6.90265500e-03
2.05877445e+02 -7.39897947e-03 7.28190790e-03 -2.72387625e-03 2.47217008e-03 1.52330202e-03 2.48922575e-03
2.08583117e+02 5.39508007e-02 1.22056343e-02 -2.44136911e-02 2.33715638e-03 1.59443824e-03 7.03163671e-03
2.11287773e+02 7.87288581e-02 3.05591263e-03 -3.59335143e-02 4.76416195e-03 4.66108103e-04 3.28048900e-03
2.13995539e+02 1.21760579e-02 2.30058727e-02 -5.17093601e-03 3.59384450e-03 4.16269240e-04 1.20604699e-02
2.16690476e+02 -1.33343579e-02 -7.30386933e-03 2.54977473e-02 1.91739536e-03 7.70090411e-04 5.42217878e-03
2.19383289e+02 -8.54284656e-03 -3.14505057e-02 -2.70639494e-02 1.60393199e-03 1.13437437e-03 6.47408990e-03
2.22075195e+02 -1.53694409e-02 -9.84066629e-03 -2.81760983e-02 1.66059955e-03 1.14483815e-03 9.07264304e-03
2.24767789e+02 -5.89461148e-02 -4.25920748e-02 -4.51503142e-02 8.90237899e-04 1.01758423e-03 3.73602386e-03
2.27466211e+02 -5.96456097e-02 -3.77105383e-02 -2.80033562e-02 1.88811428e-03 5.13249482e-04 4.96240107e-03
2.30166492e+02 -2.88808601e-02 -5.19025019e-03 -2.52993863e-02 3.72872870e-03 2.23691242e-03 3.59842821e-03
2.32872601e+02 -4.21460819e-04 5.69196761e-03 -1.65880952e-02 3.81753877e-03 3.05755163e-03 7.35927287e-03
2.35578398e+02 1.95604454e-02 3.61134776e-03 1.63116776e-02 7.71338996e-03 1.89214122e-03 6.73287939e-03
2.38285085e+02 4.26841050e-02 -2.71248429e-02 5.85061817e-02 5.61270741e-03 8.79241776e-04 5.15855113e-03
2.40979148e+02 5.43955492e-02 -1.62375128e-02 6.17257020e-02 6.86760674e-03 1.84038996e-03 1.77899740e-03
2.43667179e+02 2.81840375e-02 1.05356639e-02 2.39021084e-02 1.29073848e-03 1.58360029e-03 3.06377504e-03
2.46356054e+02 2.07327213e-02 5.91385790e-03 -5.05404791e-02 5.69586412e-03 2.19370287e-03 2.65466049e-03
2.49054492e+02 2.21245441e-02 -1.01413471e-02 -8.47867140e-02 5.71605224e-03 1.30414705e-03 2.54311077e-03
2.51754461e+02 6.51588452e-03 -1.59133033e-02 -7.45086808e-02 5.19275334e-03 9.51553780e-04 4.89801547e-03
2.54451086e+02 8.38732006e-03 2.43797713e-02 -6.71166310e-02 1.07081132e-03 1.20885343e-03 4.73477567e-03
2.57152976e+02 2.58296187e-02 2.98310915e-02 -2.25940000e-02 3.94215181e-03 1.37911701e-03 1.42205967e-03
2.59846710e+02 2.16552319e-02 1.37625469e-02 1.52756542e-02 6.50512144e-03 1.88301169e-03 4.84753333e-03
2.62542945e+02 2.55795939e-02 -1.24609194e-02 5.56915018e-02 1.09471094e-03 8.11755616e-04 1.96427509e-03
2.65253539e+02 -7.34305137e-03 -4.92455361e-02 1.12916669e-01 2.24561499e-03 2.61396370e-03 1.57933793e-03
2.67954254e+02 -7.48205796e-03 -2.37553647e-02 6.59846826e-02 4.48437458e-03 1.28948052e-03 9.22604726e-04
