6.44556637e-01 -1.77839251e-02 -1.67439328e-02 7.44279326e-03 1.44336364e-03 2.04086363e-03 1.09385100e-03
3.34843430e+00 -1.23310549e-04 -2.74981939e-02 3.90502640e-02 2.84729372e-03 1.03706080e-03 1.79157305e-03
6.04944305e+00 1.71049794e-02 -3.23849289e-02 3.85323212e-02 1.91673018e-03 5.68722170e-04 3.54015749e-03
8.75528774e+00 -8.51255294e-03 -1.45463825e-02 4.96963242e-02 2.66025859e-03 3.88033006e-03 3.00335674e-03
1.14520071e+01 -1.98769428e-02 -1.10039526e-02 1.58517912e-03 2.56912088e-03 2.06982271e-03 3.21647822e-03
1.41534321e+01 -1.99767882e-02 -7.24445641e-02 -4.24649576e-02 3.00980974e-03 1.05108278e-03 1.48172483e-03
1.68484774e+01 -1.55891023e-02 -7.34520255e-02 -1.76070997e-02 1.91228591e-03 4.65873487e-04 2.57621723e-03
1.95556462e+01 -5.23998169e-02 -1.97080332e-02 3.10286213e-02 1.76060213e-03 6.41205537e-03 7.59023339e-03
2.22492024e+01 -3.29224600e-02 -3.47353364e-02 3.35079959e-02 1.56423472e-03 1.06044868e-03 1.03197554e-02
2.49483071e+01 -2.89920752e-02 -2.14360470e-02 7.94111862e-04 1.41474219e-03 1.42760600e-03 6.54764413e-03
2.76499790e+01 -3.22987684e-02 -8.57043849e-03 1.06738396e-02 1.95420579e-03 2.64260870e-03 1.58800339e-03
3.03460305e+01 -2.89283510e-02 -2.11622099e-02 1.49336570e-02 4.17206163e-03 5.48563615e-04 1.43550316e-03
3.30455634e+01 -9.94300206e-03 -3.54000860e-03 2.63018176e-02 5.31077449e-03 4.53879984e-04 1.66496896e-03
3.57506040e+01 -8.09376444e-03 -5.82996075e-03 3.15607509e-02 2.65399198e-03 7.00199172e-03 1.91003938e-03
3.84552384e+01 2.27493752e-04 7.18608194e-03 3.12845828e-02 2.88653495e-03 1.33139527e-03 2.40966749e-03
4.11548118e+01 -2.44945782e-02 1.34544213e-02 3.86526883e-02 4.77701831e-03 2.78986678e-04 1.51596083e-03
4.38580259e+01 -3.10049691e-02 1.90710268e-02 1.70679783e-02 2.54436480e-03 1.15538402e-03 2.19612724e-03
4.65654352e+01 -2.06735714e-02 3.03167320e-02 2.29707983e-02 2.75112274e-03 1.14692040e-03 2.11551720e-03
4.92636774e+01 -1.08629158e-02 2.29508687e-02 1.32925009e-02 8.54060428e-04 3.58259280e-04 2.95674025e-03
5.19669009e+01 -2.64458855e-02 7.46223806e-03 1.31957534e-02 2.00899801e-03 2.99326940e-03 2.45702823e-03
5.46682524e+01 -2.98866434e-02 2.39751493e-02 2.37115645e-02 1.47357377e-03 1.04351897e-03 1.87115852e-03
5.73678712e+01 -3.51090869e-02 3.30161986e-02 3.41272357e-02 1.99613333e-03 1.13910679e-03 2.38830479e-03
6.00624243e+01 -5.60967055e-02 2.18713105e-02 4.98554603e-03 5.76039791e-04 1.41648440e-03 3.24221623e-03
6.27681493e+01 -5.57176768e-02 8.11126386e-03 -3.39216920e-02 2.55360408e-03 5.91543809e-04 2.72038424e-03
6.54679321e+01 -3.39641470e-02 2.76980326e-02 1.00868011e-02 2.76486624e-03 9.09057477e-04 1.77545317e-03
6.81686915e+01 -2.91579288e-02 2.95060237e-02 1.05890085e-02 1.22836717e-03 1.50548940e-03 2.81892837e-03
7.08676821e+01 -5.50893160e-03 -1.20567055e-02 -1.54736074e-02 5.05234795e-04 2.98712591e-04 1.75631259e-03
7.35631415e+01 -5.21743718e-03 3.32074377e-03 -8.99730145e-03 4.54054950e-03 7.85473812e-04 4.41089222e-03
7.62710821e+01 -2.46091416e-02 2.77772967e-02 4.53738627e-02 3.60082736e-03 1.53819535e-03 4.22166964e-03
7.89729540e+01 -5.83093227e-02 1.24760377e-02 4.66041213e-02 2.68476068e-03 1.30693468e-03 3.15790588e-03
8.16705165e+01 -3.91406489e-02 -1.29343513e-02 3.62603492e-02 2.76803935e-03 1.27647662e-03 1.19042360e-03
8.43739243e+01 -2.90253341e-02 -1.17160837e-02 -1.74439221e-02 1.83811648e-03 7.70157184e-04 3.34352233e-03
8.70784462e+01 -2.83890883e-02 -9.65193783e-03 -3.08995840e-02 2.64796753e-03 7.60185808e-04 4.89974003e-03
8.97741321e+01 -3.06474730e-02 -6.43617592e-03 -1.78236442e-02 2.17143551e-03 1.66954938e-03 1.86190380e-03
9.24745946e+01 -2.60571687e-02 -2.13888923e-02 -2.47304921e-02 2.06528395e-03 8.51931310e-04 1.54554953e-03
9.51801712e+01 -7.66959466e-03 -3.45281992e-02 -3.18393583e-03 3.30370174e-03 1.36013814e-03 1.77268820e-03
9.78726587e+01 1.05273100e-02 -3.97702879e-02 -3.37201028e-02 5.94625283e-04 5.64811818e-04 1.44666748e-03
1.00579443e+02 -5.93917038e-03 -4.21280562e-02 -2.57991395e-02 2.39026068e-03 1.49171969e-03 2.39520478e-03
1.03286474e+02 2.10031904e-02 4.64892063e-03 4.37870342e-02 2.23932747e-03 4.06812509e-04 3.25686843e-03
1.05982881e+02 4.24459701e-02 2.38082497e-02 4.80962505e-02 8.33092748e-04 1.56223884e-03 2.79203428e-03
1.08697631e+02 2.38772637e-02 5.89112152e-02 3.04085246e-02 5.54343068e-04 1.03691246e-03 1.29467212e-03
1.11396646e+02 -1.41042475e-02 6.72610320e-02 4.30772572e-03 1.30894115e-03 1.14424428e-03 1.36708689e-03
1.14089912e+02 -1.64917432e-03 3.83791293e-02 -1.31220960e-02 1.30935873e-03 2.71565521e-03 2.10293838e-03
1.16780802e+02 2.19943969e-02 2.90105429e-02 -2.36559468e-02 2.16657358e-03 9.07484753e-04 1.62576823e-03
1.19470834e+02 2.40780334e-02 -1.45610969e-02 -2.24052504e-02 1.85567543e-03 4.69966971e-03 3.96586040e-03
1.22166959e+02 7.82201824e-03 1.05651163e-04 3.95745851e-02 6.72037829e-04 7.24474035e-04 1.56841394e-03
1.24861146e+02 1.56881568e-02 -8.47374635e-03 4.69019285e-02 9.15023233e-04 3.06734696e-03 2.10211982e-03
1.27552787e+02 9.06236771e-03 -3.17433399e-02 1.61761391e-03 5.12049104e-03 4.96625496e-03 1.23023860e-03
1.30246490e+02 1.14980176e-02 -4.19744490e-02 -1.52562398e-03 1.80581482e-03 3.95510725e-03 4.52644610e-03
1.32954568e+02 -7.02068042e-03 -2.35830268e-02 -2.51449779e-03 1.54704918e-03 1.06639882e-03 5.24892547e-03
1.35647677e+02 9.06894011e-03 -1.55563271e-02 -5.80593890e-02 3.98176641e-03 1.75261576e-03 2.59734989e-03
1.38345974e+02 1.23289436e-02 -1.09620340e-02 -1.09491666e-01 1.57101110e-03 6.69185383e-04 4.12449387e-03
1.41054177e+02 -2.55289183e-02 2.39191832e-02 -1.28012954e-02 3.51578292e-03 1.15888037e-03 7.28209887e-04
1.43758006e+02 -2.71538015e-02 -9.57598888e-03 1.35743865e-02 2.38872268e-03 1.47812937e-03 1.29451414e-03
1.46454365e+02 -1.38326876e-02 -3.32991649e-02 -3.04453376e-02 1.83052689e-03 2.85520429e-03 2.62955876e-03
1.49156256e+02 -6.62567225e-03 -2.34340632e-02 1.49451061e-02 2.91569278e-03 3.30499209e-03 2.10595238e-03
1.51858131e+02 -4.58462186e-03 2.21754475e-03 8.06374279e-02 3.19808830e-03 1.88030416e-03 3.22926830e-03
1.54558802e+02 -2.22962125e-02 -3.33448567e-03 7.71197446e-02 1.98269815e-03 2.34927058e-03 3.10497483e-03
1.57253990e+02 -2.53698214e-02 -1.26086579e-03 1.60386419e-02 5.67212856e-03 3.39587580e-03 6.28544530e-03
1.59951381e+02 2.55179530e-02 8.30024496e-02 -4.60165743e-02 6.22021162e-03 1.37923600e-03 4.77591782e-03
1.62652990e+02 2.10386231e-02 5.00919816e-02 -6.86969368e-02 5.80555715e-03 2.00792897e-03 1.81807480e-03
1.65351834e+02 1.67702449e-04 1.22826624e-02 -7.59470801e-02 2.08829150e-03 9.71142430e-04 3.73545638e-03
1.68049334e+02 3.03071651e-03 -2.75013477e-02 -6.44908510e-02 2.48563803e-03 1.14003267e-03 5.34218104e-03
1.70750412e+02 -1.89429576e-02 -3.77637173e-02 -4.25395767e-02 3.93746238e-03 1.36347773e-03 2.26134614e-03
1.73446631e+02 4.03430052e-02 -8.64544013e-04 1.45032818e-02 3.01255850e-03 1.30928122e-03 4.18790361e-03
1.76148193e+02 4.62955805e-02 -1.79434669e-02 1.27901398e-02 2.94411688e-03 2.07851297e-03 5.30647679e-03
1.78859599e+02 3.46210652e-02 -5.15670247e-02 5.82219892e-02 1.36999557e-03 2.58994641e-03 1.97210591e-03
1.81570302e+02 5.43486546e-03 -1.65731182e-03 4.41290483e-02 2.66338171e-03 3.69651560e-03 4.60078379e-03
1.84273396e+02 1.76313531e-02 -1.83271600e-02 4.92756245e-03 2.26603878e-03 8.59391233e-04 2.01255579e-03
1.86979302e+02 2.49196135e-02 -2.84733742e-02 3.26526384e-02 3.15602621e-03 3.00220544e-03 4.16219805e-03
1.89673365e+02 2.85649858e-02 -3.90378779e-02 -2.36271863e-02 2.26385081e-03 1.09010950e-03 5.52328533e-03
1.92378224e+02 4.63927520e-03 -1.40834898e-02 -7.61229803e-02 7.74017846e-03 9.80071732e-04 8.62018251e-03
1.95070662e+02 1.23559728e-02 5.02293551e-02 -6.81681962e-02 7.66582413e-03 1.49824978e-03 7.50692087e-03
1.97763693e+02 -2.75622880e-02 5.26645982e-02 -3.35627159e-02 2.06787029e-03 2.22243676e-03 5.71179632e-03
2.00461490e+02 -2.71623276e-02 3.94192292e-02 -2.65116194e-02 3.48548533e-03 3.59998511e-03 4.96253103e-03
2.03158193e+02 3.62025731e-03 3.94338064e-02 2.60520856e-02 1.00463552e-02 5.07522569e-04 2.32450702e-03
2.05862256e+02 -1.93902576e-02 1.35743024e-02 7.26532860e-02 5.78277464e-03 1.75796051e-03 5.36978427e-03
2.08560818e+02 -3.72846288e-02 -1.83596704e-02 4.45058976e-02 1.52149690e-03 2.98708980e-03 2.41387192e-03
2.11263209e+02 -5.64129746e-02 -2.87260449e-02 3.34327419e-02 3.26363874e-03 1.13170865e-03 1.96904136e-03
2.13958443e+02 -4.56325630e-03 -2.22348895e-02 5.03122211e-02 1.30081263e-03 1.14390835e-03 2.65434271e-03
2.16651724e+02 3.79594888e-02 -9.39614390e-03 4.62512380e-02 2.58208599e-03 1.19268634e-03 3.78949384e-03
2.19350131e+02 4.35033742e-02 3.95490509e-02 4.20486554e-02 4.84684228e-03 2.50587484e-03 1.67410710e-03
2.22050865e+02 1.22564787e-02 4.81749672e-02 2.57883229e-02 2.00204526e-03 1.71500253e-03 4.72331754e-03
2.24741959e+02 -2.55313365e-02 4.62205663e-02 1.04957197e-02 3.79580875e-03 3.09180701e-04 2.11032493e-03
2.27438818e+02 -8.52917380e-03 1.82547185e-02 3.86036033e-02 4.92665155e-03 1.45236248e-03 6.91488129e-03
2.30136037e+02 7.30485083e-03 2.22814926e-03 -1.01077697e-02 1.53288042e-03 1.79396991e-03 5.13962969e-03
2.32836506e+02 4.44197350e-02 -3.00951950e-02 -1.19684015e-02 1.50410417e-03 1.59725795e-03 6.57195812e-03
2.35538021e+02 3.80180608e-02 -1.22813039e-02 1.56653165e-02 4.37340631e-03 1.03352974e-03 1.04557892e-02
2.38245709e+02 -9.37124691e-03 9.93941241e-03 -1.40695396e-02 5.08556393e-03 2.80496237e-03 9.99561512e-03
2.40947631e+02 -4.85275911e-02 5.18080187e-03 -8.76536090e-03 3.86364795e-03 1.35066947e-03 2.83442704e-03
2.43650287e+02 -3.37039260e-02 -4.60600844e-02 1.93327733e-02 1.41412059e-03 2.26468490e-03 6.00263093e-03
2.46346912e+02 1.86334320e-02 -4.95477394e-02 -1.52589637e-02 1.25941391e-03 2.64961397e-03 4.55791447e-03
2.49050771e+02 1.96699999e-02 -5.25947939e-02 -3.84572086e-02 2.49954794e-03 3.03557378e-03 8.87293762e-04
2.51755334e+02 -2.40089906e-02 1.49011030e-02 -1.49888991e-02 3.95533667e-03 2.11227227e-03 4.73364931e-03
2.54454193e+02 -3.73099707e-02 -1.88549725e-02 -1.69588330e-02 1.20057723e-03 1.88997543e-03 3.90438549e-03
2.57144224e+02 -2.87557150e-02 -2.95305902e-02 3.07448044e-02 3.19177836e-03 5.11821931e-04 3.43333644e-03
2.59840724e+02 -2.67249970e-03 1.86561854e-02 4.62445322e-02 2.13972170e-03 3.65029294e-04 3.14499210e-03
2.62529802e+02 2.39923455e-03 -2.71666466e-03 -1.29022138e-02 5.88155054e-04 1.39372495e-03 1.49660133e-03
2.65224224e+02 2.29802968e-03 4.22650544e-02 1.48232583e-02 8.38433252e-04 4.03526999e-03 2.39698578e-03
2.67918305e+02 -3.65105307e-02 4.75695261e-02 2.37329642e-02 1.43737910e-03 1.73577421e-03 1.02642192e-03
