6.61490231e-01 -6.58641165e-03 4.12108973e-02 6.73368043e-02 3.34054294e-03 3.95660226e-03 2.70696570e-03
3.36539533e+00 -2.31696030e-02 -7.14863230e-04 3.77575941e-02 2.18142777e-03 1.05845394e-03 3.27607033e-04
6.06539455e+00 -2.16781808e-03 -2.28564458e-02 6.73124623e-03 2.34902006e-03 1.26840615e-03 2.10346122e-03
8.75509736e+00 8.79024856e-03 -5.20627645e-02 -6.16278763e-04 2.69764206e-03 2.99095288e-03 3.56854171e-03
1.14436281e+01 1.39655277e-02 -8.01233251e-02 3.94809035e-02 1.17324743e-03 2.30162804e-03 5.24162716e-04
1.41479594e+01 -1.93714447e-02 -4.21688689e-02 5.46696684e-02 1.69898888e-03 4.17416386e-04 1.28087832e-03
1.68454188e+01 -3.32203231e-02 -5.55261772e-02 -3.80106839e-02 1.15404020e-03 1.16227755e-03 2.13740263e-03
1.95474281e+01 -1.14328444e-02 1.14205067e-03 -4.70622427e-02 7.97869059e-04 1.58024688e-03 2.04605974e-03
2.22467516e+01 -2.27723849e-02 7.75896414e-03 1.64008360e-02 3.22936017e-03 1.03289869e-03 5.06308780e-03
2.49454594e+01 -6.32344766e-02 -7.14754709e-04 3.05534257e-02 2.05603803e-03 1.31649931e-03 2.46026707e-03
2.76366813e+01 -4.10020014e-02 -3.95448412e-02 1.94180846e-02 2.19922283e-03 7.05938126e-04 3.70296594e-03
3.03306047e+01 -2.49018212e-02 7.19566228e-03 6.99067908e-03 2.57113435e-03 5.42769730e-04 2.76318781e-03
3.30280938e+01 -3.28242303e-02 1.83132232e-02 1.51112359e-02 1.31732103e-03 1.58227812e-03 2.83110693e-03
3.57303141e+01 -2.12354061e-02 -1.12014078e-02 4.60014226e-02 9.56108633e-04 8.46964985e-04 4.09512250e-03
3.84362469e+01 -4.22093392e-02 -6.39272064e-03 3.97433624e-02 6.23963878e-03 1.07283022e-03 8.26924670e-03
4.11412906e+01 -5.65171498e-02 5.20214530e-02 4.70361014e-02 4.73242601e-03 1.36395351e-03 1.26835182e-03
4.38443969e+01 -3.58655956e-02 6.14926745e-02 1.45251179e-02 7.81967874e-03 1.08834727e-03 2.46961386e-03
4.65363031e+01 -2.01936974e-02 4.22634192e-02 -2.11331901e-03 3.75047958e-03 1.50445326e-03 4.56102847e-03
4.92478610e+01 -4.11737821e-02 2.04912145e-02 4.72066938e-02 3.21058918e-03 1.34371933e-03 4.02941969e-03
5.19435110e+01 -4.15651483e-02 4.79108529e-03 5.80673889e-02 4.84288909e-03 1.41437677e-03 2.08476707e-03
5.46446656e+01 -4.25875335e-02 2.17389296e-02 4.34919970e-02 1.18243502e-03 1.39295534e-03 2.08276023e-03
5.73435375e+01 -2.94964049e-02 4.14588267e-02 6.33670187e-04 2.39811140e-03 1.42020484e-03 2.65802787e-03
6.00432547e+01 -3.47122804e-02 2.19467991e-02 9.78675333e-03 2.47456259e-03 7.23938226e-04 1.77605180e-03
6.27548172e+01 -1.57516201e-02 2.24424996e-02 1.56624224e-02 1.44513397e-03 1.24193832e-03 1.46041553e-03
6.54632375e+01 -1.13960971e-02 -1.25041134e-02 5.28538029e-03 2.65256355e-03 1.05924234e-03 2.60048813e-03
6.81722531e+01 -4.43463109e-03 -3.20608603e-02 2.33673025e-03 5.01282536e-03 9.30520797e-04 3.39803799e-03
7.08818516e+01 2.51454275e-03 -4.37594994e-02 2.92277621e-02 6.80779299e-03 4.95253076e-04 3.69495965e-03
7.35862156e+01 4.96789940e-03 -1.78675608e-02 3.21900150e-02 2.88034570e-03 4.64283371e-04 4.64915605e-04
7.62893250e+01 2.15472837e-02 -9.86907873e-03 7.43954060e-04 5.52406569e-03 8.20026754e-04 2.36185833e-03
7.89948656e+01 1.08134962e-02 2.37280625e-02 2.82799928e-02 8.35873447e-03 3.90116541e-04 2.78751260e-03
8.16940156e+01 -8.92834490e-04 1.41323806e-02 1.09345789e-02 3.72212971e-03 1.47667688e-03 2.96804541e-03
8.43869953e+01 5.99435706e-03 3.43776183e-04 -2.24464435e-03 2.12907629e-03 2.30237775e-03 2.52172181e-03
8.70853797e+01 -1.55844422e-03 4.88912033e-03 -2.78639231e-02 1.61187332e-03 5.62714022e-03 1.38525269e-03
8.97840313e+01 -2.29973940e-02 1.82638930e-03 -2.38535862e-02 1.28808027e-03 2.17091086e-03 2.63814696e-03
9.24813750e+01 -4.42525640e-02 6.63973882e-03 -2.31048816e-02 1.48867431e-03 5.39014142e-04 1.92598179e-03
9.51778688e+01 -4.72452453e-02 -1.49899791e-02 -3.22609617e-02 1.94758357e-03 4.56066485e-03 1.23875330e-03
9.78732500e+01 -3.36227070e-02 3.60380772e-02 -1.40128496e-02 2.38581493e-03 1.18911066e-03 4.61963459e-03
1.00572694e+02 -1.31388587e-02 1.58666738e-02 2.36600180e-02 3.63050462e-03 1.75518009e-03 1.37840641e-03
1.03269366e+02 1.07228663e-02 -1.81295523e-02 2.06437280e-02 2.72371446e-03 7.35837616e-04 3.51328137e-03
1.05980913e+02 1.28127437e-02 -4.76714718e-02 -3.60711799e-03 3.66887074e-03 1.26881922e-03 1.59507653e-03
1.08678350e+02 6.40863789e-03 -3.02834195e-02 -4.16772595e-03 5.65574915e-04 4.64852153e-04 2.08254080e-03
1.11379475e+02 1.89654079e-02 -6.19572908e-03 6.00052856e-03 1.46930586e-03 6.59634006e-04 3.54529411e-03
1.14081834e+02 4.22896968e-03 4.59612122e-02 3.45534746e-02 1.22255540e-03 1.40241313e-03 2.09741301e-03
1.16776475e+02 3.73964974e-03 6.11487541e-04 2.19276734e-02 1.81726253e-03 9.00589169e-04 1.78496224e-03
1.19474897e+02 2.95668990e-02 6.96258456e-02 -2.95605804e-02 1.87380149e-03 1.19037844e-03 1.94718110e-03
1.22181334e+02 2.80478890e-02 2.40693025e-02 -2.02467801e-02 1.00848188e-03 9.65779565e-04 1.24598878e-03
1.24870147e+02 3.51805970e-02 -9.94562530e-03 -1.32930030e-02 2.47477183e-03 1.98981550e-03 1.80179056e-03
1.27569163e+02 2.20126521e-02 1.11901766e-02 2.00394386e-02 9.39739633e-04 1.81538450e-03 1.83472936e-03
1.30268053e+02 2.21816495e-02 -4.85185123e-03 4.84451390e-02 5.85204709e-03 5.53475848e-04 7.27937480e-04
1.32967178e+02 3.74587070e-02 -3.13332371e-02 4.08317982e-03 6.60027117e-04 1.03464005e-03 1.89874870e-03
1.35666381e+02 2.97339941e-02 -3.13463354e-02 7.99435839e-03 2.53648712e-03 1.76872557e-03 1.35436138e-03
1.38365991e+02 -8.67080373e-03 -3.22556462e-03 2.55714614e-02 1.72012063e-03 1.70736204e-03 1.93792513e-03
1.41066631e+02 -1.70103784e-02 2.15972772e-02 1.83170525e-02 3.88127068e-03 3.51551400e-03 2.85389274e-03
1.43759256e+02 -6.03267137e-03 9.07265973e-03 -2.51718171e-02 7.09285010e-04 2.98435992e-03 1.45113632e-03
1.46459975e+02 -1.13274487e-02 -6.74048196e-03 1.01800208e-03 6.42029451e-03 8.20319733e-04 3.82275970e-03
1.49156866e+02 -4.28545068e-02 5.80143064e-03 1.01728285e-02 6.12381213e-03 9.60118722e-04 3.91632950e-03
1.51853897e+02 -7.03603366e-02 -1.30364129e-02 -8.27183285e-03 4.03836474e-03 7.07844379e-04 1.95365786e-03
1.54558944e+02 -8.59411989e-02 -3.53371922e-02 -1.56260841e-02 9.95760002e-04 1.96624660e-03 2.33635809e-03
1.57256991e+02 -3.98127559e-02 3.52161338e-02 -1.24310022e-02 6.41925762e-03 1.98213106e-03 1.29478010e-03
1.59951084e+02 3.19849281e-04 5.11575071e-02 -4.93584190e-02 1.83934773e-03 2.48740179e-03 5.04310919e-03
1.62645834e+02 5.74115112e-02 7.92240447e-02 -3.87603702e-02 5.33441998e-03 3.27346094e-03 5.01663608e-03
1.65338803e+02 8.13307874e-02 4.82376435e-02 -5.46294556e-02 3.16711850e-03 4.95521339e-03 2.08039274e-03
1.68045209e+02 5.14044909e-02 2.23978637e-02 -2.30224136e-02 4.04123887e-03 2.32080316e-03 3.32978924e-03
1.70750975e+02 3.96987448e-03 4.92591967e-02 -1.23870061e-02 6.26487617e-03 7.30109706e-04 2.89224634e-03
1.73458569e+02 -5.21051669e-02 -1.68800453e-02 -2.27934792e-02 9.89201248e-03 3.04105504e-03 2.24093042e-03
1.76167725e+02 -5.35414337e-02 1.61779981e-02 3.76880190e-02 2.56132549e-03 1.67503692e-03 4.42333741e-03
1.78874897e+02 -2.30078287e-02 9.77972428e-04 4.23683017e-03 1.10087676e-02 2.19494674e-03 9.68798966e-04
1.81575022e+02 -1.67228566e-03 -5.08668228e-03 -1.03778162e-02 3.54349573e-03 1.64171008e-03 4.62874349e-03
1.84276569e+02 -1.03667383e-02 -1.21284469e-02 -3.40576918e-02 2.97895986e-03 1.91838668e-03 2.67808225e-03
1.86970194e+02 1.64172228e-02 -2.68134675e-02 -4.79028973e-02 1.88223925e-03 6.12313262e-03 4.01388428e-03
1.89665975e+02 7.19201025e-02 -5.04108259e-02 1.41806098e-02 1.94532668e-03 3.38835657e-03 3.38297669e-03
1.92365741e+02 5.08345189e-02 -1.64622777e-02 -9.69685251e-03 8.56206311e-04 4.85428408e-03 4.76975499e-03
1.95065772e+02 -8.49223783e-04 -7.18304810e-03 -5.69831213e-02 8.17944840e-04 2.14280841e-03 3.48294694e-03
1.97753116e+02 1.17628945e-02 4.39552105e-04 -3.45387841e-02 5.20294182e-03 3.00885690e-03 6.50362846e-03
2.00452600e+02 1.06515621e-02 2.93127002e-02 -7.76603077e-03 3.45403271e-03 1.89949746e-03 5.57059801e-03
2.03154788e+02 3.28654405e-02 2.36332792e-02 -3.57562865e-02 5.43330381e-04 1.71305304e-03 1.90237210e-03
2.05855709e+02 5.08511326e-02 2.25401016e-02 -3.69628881e-02 4.65327683e-03 1.14224835e-03 6.76993941e-03
2.08571756e+02 9.78016669e-03 -5.03356603e-02 2.23242962e-02 4.39770760e-03 1.24270376e-03 5.85938786e-03
2.11278256e+02 2.45067820e-03 -3.00023930e-02 1.38449028e-02 1.24007903e-02 2.03456605e-03 3.33660455e-03
2.13985678e+02 -3.25582271e-02 -2.22782247e-03 -2.63235742e-03 1.16801825e-02 2.11985202e-03 3.34423033e-03
2.16683209e+02 -9.54496888e-03 2.04754991e-02 1.19410939e-02 1.51928975e-02 1.67077643e-03 5.27934086e-03
2.19393381e+02 -7.02628017e-03 -2.60446145e-03 5.57078797e-02 1.37672455e-02 2.28404123e-03 2.05380738e-02
2.22099788e+02 -2.01580517e-02 2.62377272e-02 7.88566125e-02 6.10842262e-03 1.76004243e-03 8.30266325e-03
2.24789506e+02 1.32169082e-02 -3.72840063e-03 -1.29078906e-02 4.14308921e-03 6.72540079e-03 5.47099575e-03
2.27496319e+02 -3.27372366e-03 -6.77343745e-03 -8.56129943e-02 2.73444120e-03 2.88101761e-03 2.77492114e-03
2.30181053e+02 6.09270654e-02 -3.83052301e-02 -8.32567889e-02 1.57398546e-03 1.25502514e-03 1.88079016e-03
2.32872288e+02 4.77384208e-02 7.44238063e-03 -3.54415302e-02 5.81681487e-03 1.13108289e-03 3.70789423e-03
2.35574538e+02 -3.64902375e-02 -1.77590962e-02 -1.63737451e-02 1.09251313e-02 1.63526016e-03 4.94804134e-03
2.38261397e+02 -2.23317292e-02 -2.96497347e-02 4.41052142e-02 1.40840428e-02 8.77656788e-04 1.47265447e-03
2.40956725e+02 -5.27512093e-02 -2.94942008e-02 4.35108966e-02 4.23954636e-03 1.18660774e-03 6.77920551e-03
2.43652663e+02 -3.24074504e-02 -2.48088122e-02 1.44820064e-02 1.28253707e-03 7.74264048e-04 8.80381957e-03
2.46356163e+02 9.68685722e-03 -3.66265979e-02 4.22558584e-02 2.70568387e-03 8.84331819e-04 8.18014097e-03
2.49052022e+02 3.05237436e-02 -9.28070405e-03 4.07202707e-02 2.12307501e-03 3.27439155e-04 1.72275434e-03
2.51753053e+02 1.86657103e-02 -2.08594210e-02 2.99375055e-02 7.02788254e-04 1.07596889e-03 5.48892142e-03
2.54448038e+02 8.47508067e-03 -7.54503006e-03 8.24687670e-04 1.77799886e-03 2.69349860e-03 6.46691494e-03
2.57146928e+02 -9.86890059e-03 -2.35273099e-02 2.70013839e-02 2.49534281e-03 4.02726839e-03 2.22914366e-03
2.59838866e+02 -3.48780620e-02 9.82507769e-03 2.11641963e-02 1.74311278e-03 8.46794953e-04 3.65595480e-03
2.62533491e+02 6.50255479e-03 5.56871754e-03 3.66439285e-02 9.47776447e-04 6.18725187e-04 1.65092083e-03
2.65235131e+02 -7.89012345e-04 -2.39807176e-02 7.14665864e-02 3.42488305e-03 9.71215628e-04 1.48384960e-03
2.67937132e+02 2.03208343e-02 1.64727747e-02 5.81990670e-02 9.80583603e-04 2.82091521e-03 6.40833980e-03
