6.83057212e-01 -7.80485822e-03 4.03422220e-03 1.78082232e-02 2.77721495e-03 1.65627429e-03 1.49885236e-03
3.37205108e+00 1.43988037e-02 3.37295409e-02 -9.38779359e-03 2.42621470e-03 1.63259375e-03 2.33454622e-03
6.07404905e+00 4.43357160e-02 4.43306471e-02 4.22845910e-03 1.62239306e-03 1.00715890e-03 3.15048616e-03
8.77293014e+00 4.34589521e-02 4.05943193e-02 1.81445857e-02 1.46260234e-03 5.94668896e-04 1.42885672e-03
1.14688056e+01 -3.93222662e-03 -1.41016403e-02 1.29806027e-02 3.87637071e-03 2.53575203e-04 1.36783010e-03
1.41614978e+01 -2.24986889e-02 -3.26424919e-02 -2.54041750e-02 1.28623579e-03 1.51610401e-03 1.69303091e-03
1.68540228e+01 -3.80558317e-02 -1.59002480e-02 -1.95474617e-02 7.78627004e-04 6.44408067e-04 9.08423713e-04
1.95551900e+01 -5.72787151e-02 -3.51594545e-02 2.99589371e-02 1.11201515e-03 4.02262528e-03 1.91092969e-03
2.22606290e+01 -3.61437932e-02 -5.17263149e-03 1.22479893e-02 1.87186928e-03 1.34384669e-03 2.53151205e-04
2.49752759e+01 -3.07953721e-02 -6.05266221e-04 1.01988017e-02 1.89221079e-03 4.00607404e-04 3.89334080e-03
2.76740697e+01 -2.44919158e-02 4.45171858e-02 -2.68037662e-02 4.28963180e-03 4.33106737e-04 6.70354655e-04
3.03767509e+01 -7.58519239e-03 1.77642056e-02 -5.33485037e-03 1.86540437e-03 6.43830093e-04 3.10278744e-03
3.30790072e+01 6.78068383e-03 -8.23591502e-03 3.78838651e-02 1.60937169e-03 2.81545148e-03 1.66066495e-03
3.57732134e+01 3.02858245e-02 -1.19876664e-02 2.84848346e-03 8.03325286e-04 4.86624101e-04 3.25699533e-03
3.84759978e+01 2.28905292e-02 -2.03609282e-02 -2.23323351e-02 1.30634918e-03 1.71703744e-03 3.55660768e-03
4.11756744e+01 2.88787879e-02 -6.29100526e-03 -2.29709749e-02 1.07529355e-03 3.20328436e-03 4.10454402e-03
4.38774056e+01 1.95773424e-02 1.46473403e-02 2.12750191e-03 5.97880130e-04 2.43405885e-04 3.29656987e-03
4.65728587e+01 -9.17081217e-03 6.20505928e-03 -1.93639042e-02 3.45590337e-04 4.46451943e-03 3.63855716e-03
4.92675244e+01 -1.22443681e-02 -1.01600909e-02 -3.01967738e-02 3.67447147e-03 2.72432625e-03 6.74207558e-03
5.19557290e+01 -1.56986433e-02 -1.80479420e-02 -1.58915228e-02 1.50816339e-03 9.85102242e-04 7.83382943e-03
5.46553900e+01 -2.91415251e-02 -2.77620720e-02 1.87345767e-03 8.67948849e-04 1.31826782e-03 3.13473408e-03
5.73595259e+01 -3.09440139e-02 3.28616653e-03 1.13626073e-02 1.61303885e-03 6.15751839e-04 2.79263326e-03
6.00691134e+01 -1.92702710e-02 3.49813190e-02 -1.20699508e-02 3.88162898e-03 4.08244142e-04 2.22222705e-03
6.27805962e+01 5.24128156e-03 3.00537386e-02 -3.17516476e-02 6.77260400e-03 7.52603667e-04 1.65304292e-03
6.54996853e+01 -9.19292154e-04 5.04516814e-03 -2.70123005e-02 3.37583883e-03 6.36294006e-04 2.11864530e-03
6.82114947e+01 -1.85734848e-02 -1.15744256e-02 -1.17728227e-02 1.45578878e-03 2.75940958e-03 9.98078272e-04
7.09080337e+01 -8.09901215e-03 1.13324103e-02 -1.66960298e-02 2.05263423e-03 2.94765248e-03 7.00588585e-04
7.36062165e+01 -1.88533355e-02 1.21780097e-02 -2.10074379e-02 1.68238515e-03 5.17916495e-04 2.42224071e-03
7.63021931e+01 -3.61323791e-02 7.91666942e-03 -1.57577251e-02 1.48508592e-03 1.08678338e-03 3.87080440e-03
7.89870525e+01 -5.00860165e-02 4.02152700e-03 -2.61503964e-02 2.35054890e-03 8.49557218e-04 1.36310255e-03
8.16798665e+01 -2.65010351e-02 2.77270163e-02 1.09492600e-02 3.09806558e-03 3.27575146e-03 3.01168327e-03
8.43740947e+01 -2.38692387e-02 2.03377923e-02 3.33649616e-02 1.06778266e-03 4.23883137e-04 7.63862140e-03
8.70766728e+01 -2.40689639e-02 -6.25343089e-03 2.52789782e-02 4.23959659e-03 6.53427731e-03 7.64402985e-03
8.97848212e+01 -4.25779121e-02 -1.70271619e-02 6.94166193e-03 4.07634500e-03 5.02652020e-04 6.29889919e-03
9.24982056e+01 -1.36620844e-02 1.93222325e-02 -1.50227739e-02 2.81881522e-03 9.17653215e-04 8.21709028e-03
9.52074103e+01 1.19138846e-03 2.81034730e-03 -4.45927150e-02 3.36314816e-03 1.41051349e-03 1.81718385e-03
9.79052806e+01 2.58643629e-02 -5.97160125e-04 -3.59235238e-02 4.51615229e-03 5.23843167e-04 1.00925183e-03
1.00599520e+02 4.77201909e-02 5.02672157e-03 -4.10516718e-02 3.35395139e-03 1.44071888e-03 8.55228897e-04
1.03287395e+02 2.90731845e-02 1.27107386e-02 -4.38915039e-02 1.10569145e-03 3.76770694e-04 1.03217017e-03
1.05981160e+02 8.35510635e-03 1.68166801e-02 8.23899466e-03 1.79327589e-03 3.60932739e-03 1.94619592e-03
1.08669567e+02 -1.05278052e-02 -3.90893055e-02 1.48227418e-02 2.60826902e-03 4.78305916e-04 1.77268977e-03
1.11368520e+02 6.84238109e-03 -3.66476162e-02 1.45081494e-02 4.07738956e-03 1.01132808e-03 2.41557909e-03
1.14072504e+02 2.86189775e-03 1.95843160e-02 -5.57624651e-03 9.13710393e-04 1.31131940e-03 1.84768528e-03
1.16773613e+02 -2.55651663e-02 3.99284732e-02 3.56924492e-02 1.96678749e-03 6.42663138e-04 9.16781176e-04
1.19471363e+02 -4.91196657e-02 -1.93143669e-03 6.38080844e-02 4.45241366e-03 4.32380492e-03 6.89445196e-04
1.22170848e+02 -6.87459069e-02 2.24660108e-02 5.22002909e-02 1.78802549e-03 9.35066341e-04 6.11025343e-04
1.24873285e+02 -7.35505598e-02 1.09366659e-02 3.16391217e-02 5.81751062e-04 1.10678278e-03 1.93108657e-03
1.27577160e+02 -4.21304627e-02 1.51136859e-02 -2.49843820e-02 1.36835426e-03 2.37214192e-03 2.17078299e-03
1.30272160e+02 -2.67255542e-02 4.73613399e-02 -4.64495209e-02 1.98221007e-03 1.78567900e-03 1.15554434e-03
1.32980832e+02 -2.69462462e-02 5.68515810e-02 -1.56914527e-02 2.37994627e-03 1.31748250e-03 2.39986148e-03
1.35675676e+02 -3.02755834e-02 3.97016203e-02 2.40814791e-03 5.65083520e-03 1.18049219e-03 2.30999334e-03
1.38369598e+02 -1.03826898e-02 1.97815363e-02 -1.59561962e-02 1.93806729e-03 2.26244175e-03 1.89380805e-03
1.41071567e+02 6.63798769e-03 2.31040581e-02 -2.65780250e-02 8.15667497e-04 3.32835304e-04 2.21086556e-03
1.43761973e+02 -9.45798546e-03 4.92023587e-03 -1.13856729e-02 1.40271143e-03 7.21257795e-04 2.16813045e-03
1.46461192e+02 -3.78872844e-02 3.48083201e-03 1.89415407e-02 4.74199388e-03 1.61463892e-03 4.38876635e-03
1.49149035e+02 -2.68224795e-02 5.99699085e-02 4.02578519e-02 2.58257304e-03 1.02949926e-03 1.97105615e-03
1.51846348e+02 -2.55365607e-02 2.64837571e-02 -1.75850518e-02 3.04919927e-03 1.25460090e-03 3.36655958e-03
1.54550707e+02 -4.48916949e-02 1.21461844e-02 -2.94133375e-02 1.23857291e-03 6.38444092e-04 8.70546041e-04
1.57257363e+02 -2.82261996e-02 2.02510998e-02 4.07575760e-02 8.57672449e-04 7.07444321e-04 3.90563345e-03
1.59961035e+02 -3.32158641e-02 3.79997486e-02 5.28974219e-02 9.94190524e-04 7.28805076e-04 3.24113279e-03
1.62665895e+02 -7.23677500e-02 1.49657332e-02 5.06745299e-02 1.12466367e-04 1.45909873e-03 5.08538016e-03
1.65364535e+02 -8.96197296e-02 2.45917974e-02 4.05753426e-03 2.86469973e-03 1.16352518e-03 4.68971008e-03
1.68061129e+02 -7.27458479e-02 4.82154060e-02 1.43573432e-02 5.73461868e-03 1.53549355e-03 4.36728186e-03
1.70762863e+02 -2.11596556e-02 5.29977228e-02 1.06885047e-02 1.04216317e-03 1.99748854e-03 4.65942765e-03
1.73465785e+02 1.51106172e-02 5.43188427e-02 -3.61597078e-02 2.34007919e-03 2.42250075e-03 4.13028842e-03
1.76166020e+02 4.34255562e-02 2.36320269e-02 -4.65849079e-02 2.93837039e-03 3.24030317e-03 4.91138109e-03
1.78861926e+02 7.34357089e-02 2.70018375e-02 -3.31114677e-02 4.08332572e-03 1.75863938e-03 3.47136914e-03
1.81555113e+02 8.69528332e-03 -3.50465040e-02 -4.80148004e-02 1.86791905e-03 1.04209150e-03 7.54890048e-03
1.84245129e+02 -3.99675512e-02 -2.86989886e-02 -4.77721083e-02 5.47071013e-03 3.45585811e-04 1.28658142e-02
1.86932067e+02 -2.24912420e-02 -2.68045244e-02 -3.82470908e-02 2.97417928e-03 6.32956494e-03 1.14027689e-02
1.89637285e+02 -3.30897634e-02 -3.29025301e-02 -3.57664283e-02 4.15760856e-03 2.90247329e-03 5.31581689e-03
1.92332785e+02 -2.81684198e-02 -3.47812489e-02 -1.38567063e-02 5.27547516e-03 1.15412640e-03 4.85850789e-03
1.95038535e+02 -7.79159310e-03 -2.40511903e-02 -7.84107084e-04 9.44388556e-03 2.88373288e-03 5.21663832e-03
1.97744910e+02 -1.35514021e-02 2.86106489e-02 1.44404379e-02 4.33590452e-03 7.85933665e-04 5.05277245e-03
2.00453645e+02 -1.13761050e-02 3.82371298e-02 3.23103972e-02 4.51241843e-03 9.53308376e-04 2.19682311e-03
2.03168176e+02 -1.90225782e-02 2.82810105e-02 2.08876666e-02 1.14173610e-03 1.50556077e-03 2.13379582e-03
2.05874238e+02 2.07928550e-02 2.30518901e-02 4.08955690e-02 1.02432698e-03 2.09153280e-03 5.71713176e-03
2.08586504e+02 8.99359856e-02 7.61613993e-02 -3.38082300e-02 3.49264820e-03 1.60825253e-03 3.88680368e-03
2.11292598e+02 8.74628355e-02 4.31444379e-02 -1.15164504e-01 9.06668985e-03 2.22246820e-03 7.37400464e-03
2.13993442e+02 6.49773963e-02 2.03279122e-02 -1.06077117e-01 2.22856158e-03 7.65782818e-04 9.93603636e-03
2.16688207e+02 1.19672184e-02 3.92213079e-02 -6.71638621e-02 1.95640605e-03 3.00812933e-03 5.50995240e-03
2.19381020e+02 -3.95429276e-03 3.22019018e-02 -5.67816940e-02 2.32999859e-03 3.58812394e-03 2.72607003e-03
2.22076363e+02 -3.38433408e-02 -3.52180770e-02 -2.80854554e-02 5.00119585e-03 1.64436835e-03 6.48157485e-03
2.24774504e+02 -8.39545010e-02 -5.77012036e-03 -1.02652038e-02 2.52001920e-03 1.78273116e-03 4.45484852e-03
2.27476004e+02 -7.87602833e-02 2.94342371e-02 3.06595040e-02 2.35202828e-03 9.44305582e-04 6.66510905e-03
2.30173426e+02 -1.58103905e-02 2.71392896e-02 6.57265091e-03 8.35295900e-03 8.67712761e-04 6.69036923e-03
2.32876879e+02 3.12961426e-02 2.60703859e-03 -1.28821800e-02 4.05304613e-03 1.20013269e-03 5.84655728e-03
2.35580692e+02 7.72585786e-02 -2.22918009e-02 1.33717724e-02 1.58920034e-03 1.55455872e-03 2.97827924e-03
2.38283520e+02 9.44182243e-02 -1.86255291e-02 -4.16761630e-02 2.72147106e-03 1.42013462e-03 2.19832144e-03
2.40980567e+02 7.57589333e-02 1.47453605e-02 -1.35179305e-02 3.08948883e-03 1.86807612e-03 7.03208384e-04
2.43668332e+02 8.14018483e-02 1.13889515e-02 8.55746350e-03 1.63149514e-03 1.30779273e-03 1.57672677e-03
2.46368082e+02 6.82722621e-02 3.65870045e-02 7.24923521e-04 3.58297313e-03 1.31962580e-03 2.31184234e-03
2.49062535e+02 2.36936291e-02 3.60702891e-02 -3.56404569e-02 1.76533944e-03 1.96396877e-03 1.32574779e-03
2.51762379e+02 1.39607145e-02 -2.56691215e-02 -3.64801277e-02 1.46941778e-03 1.39558996e-03 4.97146445e-03
2.54461848e+02 2.83451757e-02 -1.06649939e-02 -3.75110668e-02 5.34577945e-03 1.08694132e-03 1.05508686e-03
2.57154910e+02 1.69947065e-02 1.34897172e-02 -1.09686119e-02 6.87547207e-03 1.63042081e-03 3.48414608e-03
2.59852348e+02 -4.09749721e-02 2.42373993e-02 3.31761900e-02 3.80046153e-03 1.54202934e-03 9.17386040e-04
2.62560520e+02 -4.38784051e-02 3.83283154e-02 1.06559647e-01 1.42825012e-03 9.71145904e-04 1.15858821e-03
2.65266629e+02 -3.25371714e-02 1.82081400e-02 9.48111262e-02 1.21494886e-03 1.25678268e-03 2.03585416e-03
2.67972805e+02 -2.78988605e-02 5.61825951e-03 5.11646572e-02 3.87312237e-03 1.22152172e-03 5.21410445e-04
