7.19260172e-01 2.34114714e-03 -2.70830363e-03 4.05504491e-02 1.31017336e-02 1.14750210e-02 1.66780012e-02
3.41943463e+00 -6.46907316e-03 -7.17603709e-03 2.15121238e-02 8.48108219e-03 1.81736356e-02 1.34734493e-02
6.12010197e+00 8.04662133e-03 -3.37706560e-02 5.22146478e-02 1.98125622e-02 1.80707709e-02 1.86432177e-02
8.80077510e+00 -7.89083526e-03 -1.59242349e-02 4.02424011e-02 7.67683596e-03 1.50661745e-02 4.56652332e-03
1.15013460e+01 -1.00134316e-02 -1.92829935e-03 2.33423948e-02 1.35422317e-02 9.14301915e-03 1.44748413e-02
1.41852101e+01 6.57637915e-03 -2.24284348e-02 3.17920176e-02 7.90592970e-03 5.19747445e-03 4.90601770e-03
1.68801851e+01 -1.10401906e-02 -1.44928187e-02 4.44375003e-02 1.65399640e-03 2.86406291e-03 2.90687396e-02
1.95720913e+01 3.57151799e-02 -3.05877970e-02 5.95263573e-02 1.30574524e-03 2.28125752e-03 8.47460594e-03
2.22578820e+01 -1.55918625e-02 9.80727269e-03 -1.15402497e-02 1.32819053e-03 1.66832110e-03 1.10491034e-02
2.49644132e+01 9.30889068e-03 -2.04043524e-02 -1.29495268e-02 1.49827658e-03 3.76238682e-03 1.36421493e-02
2.76571507e+01 1.97312769e-03 4.09092896e-03 1.01704473e-02 2.59453252e-03 8.89686305e-03 1.90457123e-02
3.03521460e+01 -2.47704595e-02 4.74940199e-02 -8.16343828e-03 5.57852867e-03 6.85939783e-03 1.11529225e-02
3.30564945e+01 4.33619057e-03 -1.14727543e-02 -3.22519162e-02 3.52789067e-03 8.29275854e-03 2.01224652e-02
3.57461320e+01 1.65183439e-03 -5.54069574e-03 -2.44465859e-02 1.11128379e-02 9.99328881e-03 1.21531946e-02
3.84611007e+01 2.67731931e-02 -8.10500491e-03 -2.38588181e-02 8.23724199e-03 1.50329664e-02 1.28277183e-02
4.11655288e+01 8.44185360e-03 1.08153446e-02 -5.78566279e-02 8.91995705e-03 1.17644732e-02 2.19270473e-02
4.38690413e+01 -6.46845372e-03 1.83476122e-02 -1.69766852e-02 5.80093396e-03 1.05670538e-02 1.94013314e-02
4.65648617e+01 -7.98133353e-03 3.75475595e-02 -6.71056246e-04 8.27902790e-03 1.02538878e-02 1.16667782e-02
4.92681007e+01 -1.07400631e-02 1.91366769e-02 -2.45062726e-02 8.90514759e-03 9.73365663e-03 9.25314171e-03
5.19653820e+01 -3.08474337e-02 -1.31428249e-03 -5.38554287e-02 1.11519506e-02 1.43010020e-02 8.83610130e-03
5.46516648e+01 -1.27820530e-02 -2.69182291e-02 -8.79564800e-02 7.57546824e-03 1.38209156e-02 2.48980440e-02
5.73461538e+01 4.41924783e-03 -2.69714599e-02 -4.68558789e-02 8.85458117e-03 9.27487914e-03 1.10784174e-02
6.00493288e+01 -6.15203813e-03 6.46999691e-03 -3.42664537e-02 1.08056103e-02 2.19114237e-02 1.23454802e-02
6.27618523e+01 3.01428015e-02 1.42045259e-02 -2.34877728e-02 9.26384701e-03 1.65249465e-02 5.63265860e-03
6.54573132e+01 -1.05716040e-03 -3.08290411e-02 3.49813600e-02 9.82917837e-03 1.73793626e-02 1.52170107e-03
6.81633288e+01 -1.87796224e-02 -1.24188668e-02 8.55719965e-03 9.08221552e-03 2.49663709e-02 4.83119112e-03
7.08537523e+01 8.41904364e-03 1.96354655e-02 1.35479444e-02 1.02054630e-02 1.39641404e-02 3.27302610e-03
7.35715038e+01 2.86982902e-02 -1.21497009e-02 -1.68298247e-02 9.73301106e-03 1.85247924e-02 1.07720560e-02
7.62835320e+01 1.33073090e-02 2.83166864e-03 1.64496963e-02 8.49378024e-03 1.45128635e-02 2.63033947e-03
7.89810992e+01 -5.40764538e-03 2.71164685e-02 1.01770665e-02 1.10452969e-02 1.71644363e-02 4.18319376e-03
8.16912804e+01 2.99039596e-02 7.94448086e-03 2.15378423e-02 1.16501138e-02 1.47794051e-02 1.74641061e-02
8.43813460e+01 -5.39770748e-03 2.01722124e-02 -1.54792333e-02 7.80937155e-03 1.42273829e-02 7.85840597e-03
8.70775335e+01 -3.48028237e-02 -8.98298314e-03 1.14938197e-02 8.40062551e-03 1.36050010e-02 7.59788850e-03
8.97731554e+01 -1.52515186e-02 1.40527012e-02 -2.78063138e-02 7.03103550e-03 1.65977018e-02 1.37839495e-02
9.24642054e+01 -3.10089286e-02 1.98244274e-02 1.89796291e-02 9.23013346e-03 1.39921678e-02 7.84811680e-03
9.51703945e+01 -1.12383159e-02 2.87332030e-03 -3.17399859e-02 5.87875937e-03 1.31963413e-02 1.31097344e-02
9.78660539e+01 -6.98399398e-03 -3.10814095e-02 1.09415294e-02 9.91009917e-03 2.29061920e-02 1.04909912e-02
1.00565993e+02 1.73941077e-02 1.27694358e-04 1.54696168e-02 1.39999857e-02 1.69283160e-02 1.97724610e-02
1.03267555e+02 -4.36081325e-02 1.52652612e-02 -2.57229657e-02 1.74815724e-02 2.24234208e-02 1.31189187e-02
1.05973680e+02 -1.31008465e-02 6.45205134e-02 7.45206772e-03 1.22073476e-02 1.97882747e-02 4.59922628e-03
1.08671134e+02 -1.45271920e-02 -1.66904644e-02 -4.45058789e-02 4.25903573e-03 1.71791328e-02 2.77969827e-03
1.11367430e+02 -1.35550580e-02 -1.83543511e-02 1.41651344e-02 1.24240390e-02 1.87220526e-02 1.13661282e-02
1.14061009e+02 -1.67930441e-02 -7.35261867e-03 -5.98429839e-02 5.55631311e-03 2.02109127e-02 5.73318630e-03
1.16757790e+02 -2.30922356e-02 -3.89908287e-02 -3.35408218e-03 1.50792255e-02 2.49081792e-02 6.90259944e-03
1.19467227e+02 -1.57049464e-02 -2.48029084e-02 -4.25005940e-02 9.68454987e-03 1.85045658e-02 1.11304110e-02
1.22154415e+02 6.23424093e-03 -2.96461300e-02 1.34431268e-02 1.18716277e-02 1.36292604e-02 1.11349164e-02
1.24861649e+02 1.55006605e-02 -4.68390576e-03 -5.85520377e-02 9.51212824e-03 2.07517282e-02 1.34426382e-02
1.27563477e+02 1.26281796e-03 6.07505925e-04 -1.13248403e-02 5.06091326e-03 7.73104308e-03 1.28359334e-02
1.30280821e+02 -6.62424296e-03 -1.74229828e-02 -6.70597849e-02 3.83765762e-03 1.01651298e-02 2.37219074e-02
1.32982649e+02 -2.33591629e-02 1.10946642e-02 -3.30612013e-02 7.33485693e-03 5.40689030e-03 1.07139426e-02
1.35676149e+02 -1.97607064e-02 5.52606308e-04 -3.10222909e-02 3.69696969e-03 4.87648072e-03 1.26163674e-02
1.38378055e+02 -3.13896268e-02 -3.29405003e-02 -5.18463866e-03 2.23743139e-03 3.04131128e-03 1.18508451e-02
1.41074399e+02 -1.96410200e-02 1.20431008e-02 -5.07266260e-02 3.23911665e-03 1.11958480e-03 1.32549305e-02
1.43773071e+02 -8.55204812e-03 -4.84745382e-02 4.95010455e-02 1.88611753e-03 4.98603051e-03 1.23108937e-02
1.46481680e+02 -6.73438784e-02 -4.38770201e-02 -7.96243899e-03 2.06958763e-02 2.00163990e-02 9.30088595e-03
1.49186274e+02 -3.86222244e-02 1.66971229e-02 3.26741691e-02 1.40775075e-02 2.74239088e-02 1.06807434e-02
1.51876368e+02 2.11004265e-02 5.97758191e-02 2.58226413e-02 2.29474448e-02 2.56776184e-02 1.59280568e-02
1.54587899e+02 3.90849142e-02 9.54330583e-03 7.49165860e-03 8.60011757e-03 2.48322859e-02 1.32572261e-02
1.57290493e+02 1.08068518e-02 1.70642790e-02 3.76561042e-02 1.34337230e-02 2.78929342e-02 2.18261141e-02
1.60007446e+02 -7.52242036e-02 -9.14451842e-03 1.32446944e-02 7.58567811e-03 1.97521321e-02 1.82506062e-02
1.62702446e+02 1.58120589e-02 1.74677402e-02 3.06670155e-02 1.78235798e-02 2.16232172e-02 1.88586603e-02
1.65400962e+02 3.50469237e-02 9.00693433e-03 8.63199733e-02 7.08692354e-03 1.83867211e-02 1.09634505e-02
1.68103055e+02 3.76487030e-02 -1.44811865e-02 5.73000410e-02 1.18447967e-02 2.65015470e-02 2.36330300e-02
1.70805102e+02 1.41209217e-03 -8.73156671e-03 4.94912058e-02 8.32268539e-03 2.05219352e-02 1.02032890e-02
1.73503696e+02 -4.10537393e-02 -1.02421962e-02 2.38348724e-02 1.09080505e-02 1.96488385e-02 1.00421555e-02
1.76198102e+02 -3.97469120e-02 -2.25900369e-02 6.08002751e-02 9.11390376e-03 2.24816762e-02 1.18873489e-02
1.78897259e+02 -1.79221598e-02 -2.14110122e-02 5.82971379e-02 1.65918215e-02 2.10119618e-02 1.07962123e-02
1.81603040e+02 -3.22422013e-02 -4.90045996e-02 8.66381451e-03 6.16789745e-03 2.42985792e-02 1.30663964e-02
1.84309743e+02 -6.19403871e-02 -3.22515840e-02 -4.39156647e-02 6.89705649e-03 2.83125894e-02 2.47477669e-02
1.86997134e+02 -5.37708152e-02 -1.12636273e-02 -1.59226833e-02 5.67912286e-03 2.07479016e-02 1.31584811e-02
1.89691852e+02 -2.23002889e-02 -2.88082001e-02 -1.01949004e-02 2.01691248e-02 2.76779837e-02 1.42425505e-02
1.92390087e+02 -3.26512247e-02 -2.22572116e-02 3.15731398e-02 5.65580933e-03 2.52143997e-02 9.65233105e-03
1.95083477e+02 2.94356769e-02 -7.49546850e-03 1.42055195e-04 1.15987868e-02 2.36136525e-02 1.37230776e-02
1.97783196e+02 2.59965804e-03 -2.10011833e-02 1.41024204e-02 6.62902088e-03 1.22412044e-02 1.54599647e-02
2.00482384e+02 -7.16119233e-03 -3.32846098e-02 2.91000057e-02 1.06608505e-02 1.84882202e-02 6.70264639e-03
2.03192227e+02 -4.05222869e-02 -3.43567445e-02 2.23450287e-02 8.54503303e-03 1.83661369e-02 1.43633619e-02
2.05882665e+02 -6.81127170e-03 2.58435438e-03 4.76296885e-02 1.06164749e-02 2.01722409e-02 1.15409929e-02
2.08590149e+02 -5.91233781e-02 2.81928163e-02 3.57909784e-02 3.26426127e-03 3.09616059e-02 1.40668100e-02
2.11297274e+02 -4.36885606e-02 1.33561191e-02 5.76186613e-04 1.47750104e-02 3.40325176e-02 1.91236417e-02
2.14006321e+02 -1.04113238e-01 -3.23715248e-03 -2.54005285e-02 8.32322384e-03 3.29089916e-02 1.40499115e-02
2.16710993e+02 6.08192611e-03 1.69694568e-02 -2.64326374e-02 4.07329335e-03 3.39370749e-02 1.38594965e-02
2.19411087e+02 3.48723108e-03 1.55736387e-03 1.91314412e-02 8.62232097e-03 1.90000183e-02 1.51184115e-02
2.22119962e+02 5.38688935e-02 3.06649850e-02 2.30411935e-02 8.38857261e-03 1.93942418e-02 6.79697250e-03
2.24830087e+02 -1.32644208e-02 -5.55111210e-03 5.03047579e-02 2.01070021e-03 1.37487375e-02 1.30491895e-02
2.27528868e+02 -7.95586304e-04 8.43864101e-03 5.32586287e-02 2.16902219e-02 1.06072541e-02 1.23871115e-02
2.30238540e+02 -6.76458258e-02 -3.65333930e-02 -1.95400687e-03 1.18462779e-02 1.72576388e-02 1.51030038e-02
2.32938587e+02 -5.73613453e-02 8.46215522e-03 -2.18839755e-02 2.31478812e-02 2.06319357e-02 7.86880827e-03
2.35636274e+02 -6.89180185e-04 6.90498498e-03 -7.63660677e-03 1.30259429e-02 1.59456472e-02 1.40977857e-02
2.38329962e+02 4.14348442e-02 5.45967501e-03 4.45736984e-02 7.30974566e-03 7.37934514e-03 6.03722329e-03
2.41033430e+02 8.27836247e-02 5.97426338e-03 -1.78406618e-02 9.29265599e-03 1.24957294e-02 9.88046237e-03
2.43725274e+02 8.59494451e-02 -1.44942112e-02 5.01269368e-02 3.92868228e-03 1.91720051e-02 6.30506387e-03
2.46436509e+02 2.91581498e-02 7.97952220e-03 2.04955827e-02 3.61268781e-03 2.36956139e-02 1.76565077e-02
2.49138415e+02 9.50536805e-03 -2.39114570e-03 8.41637006e-03 1.08666946e-02 2.34850297e-02 1.11872811e-02
2.51842696e+02 2.84062934e-02 4.37375495e-05 3.66896287e-02 9.51094897e-03 1.87386183e-02 1.28999694e-02
2.54547430e+02 -1.06827320e-02 3.71311227e-02 -1.53987377e-03 1.24633052e-02 1.61023274e-02 9.06422327e-03
2.57258743e+02 -5.07424282e-03 -1.47869325e-02 -1.18978096e-02 6.82220987e-03 1.24217024e-02 5.43332717e-03
2.59948962e+02 -3.26292773e-04 -4.02572134e-02 -9.82091883e-03 1.07787828e-02 8.19469463e-03 4.35079376e-03
2.62656587e+02 4.18379653e-02 -1.55339460e-03 -4.63094893e-02 1.27935013e-02 2.04833709e-02 1.66084882e-02
2.65347493e+02 2.52289715e-02 -5.08728457e-03 7.38050642e-03 1.60489614e-02 9.71388298e-03 1.26051577e-02
2.68054433e+02 3.12315241e-02 -8.89516864e-03 -2.58791782e-02 8.19592116e-03 8.84454292e-03 1.09141264e-02
