7.03361290e-01 8.11885536e-03 2.33677036e-02 1.44241758e-03 5.12612698e-03 1.47342794e-02 1.82943323e-02
3.40425569e+00 -9.73125853e-03 2.37097852e-02 1.18664442e-02 4.47321184e-03 1.84512568e-02 7.21818319e-03
6.10721288e+00 1.18217908e-02 2.06662194e-02 -3.54857288e-02 1.30742076e-02 1.32319365e-02 1.49036163e-02
8.81072633e+00 3.66242738e-02 -4.46783776e-03 -5.24065913e-04 4.73780743e-03 8.80064506e-03 7.36719128e-03
1.15109580e+01 3.32479933e-02 -1.98658760e-02 1.00024942e-02 1.37171637e-02 2.77652718e-02 1.20597614e-02
1.42107596e+01 1.78580020e-02 2.11419201e-02 1.62600722e-02 8.00691273e-03 1.48126310e-02 2.88343855e-02
1.68983487e+01 6.15915948e-03 3.41849236e-02 6.81235583e-02 2.41997723e-03 8.69028443e-03 7.77469803e-03
1.96034112e+01 3.24766918e-03 -2.03655092e-02 5.14380005e-02 2.22888813e-03 1.01123372e-03 2.49261927e-02
2.22943080e+01 -1.42552017e-02 7.00667653e-03 -1.92360101e-02 6.16366978e-03 7.66207065e-03 1.52716464e-02
2.49890096e+01 6.53124540e-03 -9.42492079e-03 -6.41324602e-02 8.52320497e-03 1.14014636e-02 2.53197168e-02
2.76930705e+01 -5.25073804e-03 2.74940772e-02 -6.02152952e-02 7.86818847e-03 8.89914682e-03 7.44566527e-03
3.03870737e+01 -2.09394732e-02 8.05382072e-04 -3.94759735e-02 7.76434167e-03 1.40934417e-02 1.38324254e-02
3.30774268e+01 -3.53070708e-05 -1.82365367e-02 -2.83778866e-02 9.57218087e-03 1.37099419e-02 9.14951537e-03
3.57706143e+01 -1.36941798e-02 -2.65167215e-02 -2.32285530e-02 1.22079340e-02 1.65879033e-02 1.30483667e-02
3.84616377e+01 -9.55245089e-04 -7.77583984e-02 -2.40977599e-02 8.09625499e-03 2.19787839e-02 1.28960044e-02
4.11585580e+01 -1.31916023e-02 -3.30642124e-02 -2.07815758e-02 1.23920316e-02 1.84393468e-02 7.97480569e-03
4.38653424e+01 1.05689126e-02 -1.61006556e-02 -1.31997788e-02 1.45923321e-02 2.14768626e-02 7.30087687e-03
4.65595799e+01 -1.81608394e-02 6.58749704e-03 6.43672935e-03 1.06643098e-02 2.26966658e-02 6.03570096e-03
4.92710877e+01 -2.36187800e-02 -2.05321383e-02 1.03573308e-02 1.30263060e-02 1.96664053e-02 5.88835638e-03
5.19677174e+01 -7.81503112e-03 -2.76713033e-02 -7.50241884e-03 1.26871007e-02 2.33872194e-02 9.68287837e-03
5.46710815e+01 -9.08966546e-03 -1.60226663e-03 6.87279017e-03 9.45846609e-03 1.96642275e-02 1.68840565e-02
5.73647440e+01 -3.40422300e-02 -1.55905113e-02 2.00445634e-02 6.53004770e-03 1.54927070e-02 7.85770274e-03
6.00735065e+01 -2.09423846e-02 1.28265657e-02 5.33570745e-04 1.63461055e-02 1.89506314e-02 1.42620992e-02
6.27592971e+01 -3.22528751e-02 9.44019602e-04 5.25468969e-02 5.91923993e-03 1.58270600e-02 2.61882902e-02
6.54610737e+01 3.50623254e-03 3.27938194e-02 -1.74416747e-02 1.49655324e-02 1.68674574e-02 1.42870083e-02
6.81795190e+01 2.14971161e-02 8.57127997e-03 -1.06145511e-02 1.19678702e-02 1.59636506e-02 2.44977597e-02
7.08767627e+01 1.23215259e-02 3.97322240e-02 -2.87676660e-02 1.06245833e-02 1.82404471e-02 1.08723560e-02
7.35856549e+01 1.55507805e-02 -2.63597479e-02 -3.41214768e-03 1.08272858e-02 1.42529546e-02 1.88396797e-02
7.62750002e+01 -3.35182388e-02 1.22417328e-02 -3.73280952e-02 9.95350542e-03 2.78747786e-02 5.56101125e-03
7.89763034e+01 -9.29800678e-03 -7.52770060e-03 1.74685830e-02 1.44761417e-02 2.34641705e-02 9.85833830e-03
8.16806940e+01 5.96507891e-03 -8.58190254e-03 -1.99992361e-02 8.75136596e-03 3.02794145e-02 1.09915687e-02
8.43772299e+01 2.52969054e-03 -9.72240521e-03 1.46782016e-02 1.45362703e-02 1.29980717e-02 1.30903536e-02
8.70842299e+01 -1.17680656e-02 1.76081067e-02 -5.26144209e-02 4.53515274e-03 1.93501217e-02 1.10223343e-02
8.97858955e+01 -2.74148141e-02 1.74243809e-02 -2.18811520e-02 1.25203021e-02 1.45230321e-02 7.61436843e-03
9.24722705e+01 -1.56040282e-02 -3.45727865e-02 -1.16696082e-02 7.19941139e-03 2.25422322e-02 1.83026772e-02
9.51701768e+01 -5.52066460e-03 -4.46113655e-02 1.21529546e-02 1.52654099e-02 1.80313879e-02 1.31124033e-02
9.78715362e+01 1.01733901e-02 -1.72742979e-02 -1.17456394e-02 9.79887423e-03 1.46247017e-02 2.88055663e-03
1.00582791e+02 1.99183451e-02 1.63779795e-02 -1.13946158e-02 7.81107053e-03 9.38838195e-03 8.57131424e-03
1.03291525e+02 3.61743759e-02 -4.57232994e-03 -2.07952487e-02 5.49694431e-03 1.48766218e-02 8.40292933e-03
1.05991478e+02 4.53324620e-03 2.11222885e-02 -1.79507620e-02 1.13616897e-02 1.60025827e-02 1.03700926e-02
1.08689775e+02 8.70307146e-03 4.34302330e-02 2.33492748e-02 8.92781023e-03 1.83186771e-02 1.15792363e-02
1.11390681e+02 9.34520764e-04 4.75613332e-02 -3.69149547e-02 1.24113704e-02 2.36025552e-02 1.00481652e-02
1.14077760e+02 3.98518553e-03 1.35300322e-02 1.30456495e-02 1.26545404e-02 1.23120371e-02 6.18536732e-03
1.16762510e+02 2.04655005e-02 4.65246580e-04 -2.44735774e-02 1.37491841e-02 1.54522398e-02 8.37092523e-03
1.19470353e+02 2.01620973e-02 2.24047501e-02 4.40582567e-02 7.14097918e-03 8.39904621e-03 1.91035465e-02
1.22169728e+02 1.37918763e-02 -1.15759327e-02 -3.91690438e-02 5.92804348e-03 9.61909613e-03 1.20791219e-02
1.24878822e+02 9.14098774e-03 -1.17620058e-02 -2.43413551e-02 1.29099580e-02 1.91021324e-02 2.19493766e-02
1.27581775e+02 -2.52218881e-03 -7.70287702e-03 -6.26432743e-02 6.47298797e-03 1.31565740e-02 1.92867796e-02
1.30287275e+02 2.61647539e-02 1.97376873e-02 -2.59437470e-02 1.29717573e-02 1.17154532e-02 1.26784300e-02
1.32986025e+02 1.54733474e-02 1.88228676e-03 -3.98812328e-02 2.87730042e-03 6.92984676e-03 2.92481817e-02
1.35688885e+02 3.88517527e-03 -1.78117143e-02 1.60492517e-02 3.15649394e-03 2.08922383e-03 2.60997706e-02
1.38393385e+02 3.30769141e-03 5.07258783e-02 -1.12037770e-02 8.66429912e-04 2.60812615e-03 3.34830461e-02
1.41085963e+02 -2.03501917e-02 3.03495997e-02 4.09048854e-02 3.61235089e-03 2.99074058e-03 2.04425032e-02
1.43792416e+02 -7.10630561e-03 1.81045496e-02 -3.64156422e-02 1.96487812e-03 2.24021225e-03 1.88929251e-02
1.46492947e+02 3.46291260e-02 1.56863974e-02 -1.17750739e-02 4.07624990e-03 2.29204091e-02 1.21893048e-02
1.49189338e+02 9.50280651e-03 1.60961000e-02 -6.67675359e-04 1.11984824e-02 2.11882097e-02 1.79908146e-02
1.51894306e+02 7.01854686e-04 -6.97185137e-03 2.03843919e-02 5.64920910e-03 1.27252307e-02 1.36658824e-02
1.54590650e+02 -3.39996384e-02 -1.78868705e-02 -3.02834311e-02 1.04469780e-02 1.15293251e-02 9.43280963e-03
1.57292713e+02 -3.43161264e-02 -2.28398417e-02 1.48838833e-02 8.67898442e-03 1.76119494e-02 1.37465173e-02
1.59994291e+02 -1.74015114e-02 -8.01264749e-03 3.16033050e-02 2.11846083e-02 2.53115295e-02 6.62873003e-03
1.62692385e+02 -1.08491101e-02 -2.44423409e-02 2.87464340e-02 5.25535329e-03 1.45725491e-02 5.78144499e-03
1.65407463e+02 -2.04226399e-02 -4.42517729e-03 1.53169040e-02 6.78528440e-03 1.01493961e-02 2.86133819e-03
1.68109275e+02 -3.95842154e-02 3.33340742e-02 4.58852852e-03 7.23730292e-03 5.84204786e-03 7.55907773e-03
1.70793369e+02 4.44566154e-02 3.67157400e-03 3.63442996e-02 1.22050042e-02 7.32499530e-03 3.77829371e-03
1.73500806e+02 -2.99327113e-04 -7.11486898e-03 8.00459248e-04 1.32190007e-02 1.09352974e-02 3.65614192e-03
1.76207963e+02 -6.00946814e-03 8.91826814e-03 3.86866076e-02 2.44747295e-02 1.45536841e-02 1.89310455e-02
1.78916806e+02 -5.93523985e-02 1.18122590e-02 3.45702693e-02 1.17402361e-02 1.02876448e-02 5.23632134e-03
1.81616369e+02 1.73137985e-02 1.87690300e-03 7.73091219e-03 2.75772031e-02 1.24356515e-02 1.27999678e-02
1.84321166e+02 -9.41690800e-04 1.74652083e-02 8.98731429e-03 7.28074899e-03 1.05859598e-02 4.30657753e-03
1.87026931e+02 -1.73118133e-03 -1.39699677e-04 -1.88153705e-02 2.24221356e-02 1.85144821e-02 1.30260763e-02
1.89727322e+02 -3.41997008e-02 2.74579482e-02 2.36322923e-02 1.15975006e-02 1.49708664e-02 9.20639861e-03
1.92430353e+02 -3.26010014e-02 6.36206633e-02 8.80644931e-03 1.30435497e-02 1.75991032e-02 7.97416356e-03
1.95128963e+02 -5.61789517e-02 3.33187967e-02 4.12095032e-02 1.21350441e-02 1.31340122e-02 1.26337991e-02
1.97818650e+02 1.37298265e-02 -1.81235990e-03 1.36283528e-02 1.87793355e-02 1.46328469e-02 8.11270910e-03
2.00514447e+02 2.57807213e-03 -2.94696319e-02 1.50526571e-03 1.79114829e-02 1.48211948e-02 9.11863671e-03
2.03216306e+02 3.69107076e-02 4.73301923e-03 -1.29896451e-02 2.33388731e-02 1.46340634e-02 6.63621763e-03
2.05915916e+02 -4.73507534e-03 -5.38929983e-04 -6.31778357e-02 6.17913754e-03 1.45830932e-02 1.43663730e-02
2.08616588e+02 2.11370969e-02 -1.15912253e-02 -2.69190990e-02 1.13871361e-02 1.49409392e-02 4.10584124e-03
2.11316010e+02 -2.01261217e-02 4.84538986e-02 -1.84497585e-02 3.15821521e-03 1.49528735e-02 1.42168546e-02
2.14024010e+02 9.39430660e-03 -5.49491441e-03 -2.17905470e-02 1.53521450e-02 1.54055063e-02 1.70766848e-02
2.16730385e+02 -7.21792323e-02 -7.02365117e-02 -5.70754161e-03 8.01859270e-03 9.15793527e-03 1.24098673e-02
2.19434931e+02 -4.10058824e-02 -2.12540537e-02 -2.99579923e-04 1.92000038e-02 5.35845461e-03 8.43604410e-03
2.22135103e+02 2.37682260e-02 -3.90556334e-02 -7.12385365e-03 2.21437196e-02 1.27978268e-02 9.26993544e-03
2.24826853e+02 9.78546111e-02 -8.17642358e-03 4.13500323e-02 1.77213760e-02 8.10218736e-03 3.45431824e-03
2.27532697e+02 4.91320985e-02 1.94531799e-03 4.93560483e-02 1.73346782e-02 1.02860609e-02 1.08323221e-02
2.30237681e+02 4.24729437e-02 -8.66645031e-03 -7.16177217e-04 1.26861946e-02 7.12966648e-03 5.80093584e-03
2.32937431e+02 -1.12129558e-02 -8.29662010e-03 -3.71892711e-03 1.79799923e-02 1.45142215e-02 5.96273686e-03
2.35636681e+02 -2.04215755e-02 -1.31812177e-02 3.75367144e-02 1.13804019e-02 1.56833021e-02 1.18546078e-02
2.38329072e+02 2.36049150e-02 -6.80347238e-03 2.91456871e-02 1.05115729e-02 1.79012654e-02 7.24882128e-03
2.41028166e+02 7.04864592e-02 5.83380351e-03 7.43085682e-02 1.47596672e-02 1.98214826e-02 4.30860241e-03
2.43725791e+02 1.10008672e-01 -4.48912323e-02 9.27464944e-02 1.24937171e-02 1.53108154e-02 1.34570871e-02
2.46432041e+02 7.30198178e-02 -6.42362073e-03 8.54543963e-02 1.32035775e-02 1.30578092e-02 1.03716736e-02
2.49140728e+02 1.86632504e-02 3.26590750e-02 5.31155855e-02 1.33891491e-02 1.13742379e-02 1.16451591e-02
2.51850916e+02 -4.81168670e-02 1.72307534e-02 7.14648567e-03 7.77529553e-03 9.33354868e-03 5.46996606e-03
2.54555213e+02 -3.73386974e-02 -1.35845945e-02 -4.81848281e-03 2.01229795e-02 1.21041054e-02 2.12578101e-02
2.57248416e+02 -1.13511611e-02 -2.00579511e-02 -1.64048759e-02 8.58505240e-03 2.12652408e-02 1.28625126e-02
2.59950431e+02 2.52781604e-02 4.68533487e-03 -1.05706669e-02 1.09766058e-02 1.92468901e-02 1.20485548e-02
2.62641072e+02 -2.39527616e-02 -1.99558479e-03 -4.91822836e-03 8.64054520e-03 1.26680601e-02 8.41977324e-03
2.65351697e+02 -1.17402225e-02 3.38309218e-02 -3.20273216e-02 3.93125186e-03 1.28758338e-02 1.70156406e-02
2.68045662e+02 -1.42615019e-02 4.94051000e-02 9.52792475e-03 8.01838492e-03 1.17516878e-02 5.75601095e-03
