6.90843067e-01 7.47937386e-03 -1.15032283e-03 7.04754849e-02 5.85136705e-03 1.41575557e-02 6.22750290e-03
3.39951738e+00 2.28238328e-03 1.93527618e-02 3.43150263e-02 1.02077342e-02 8.50763901e-03 1.02538316e-02
6.09708925e+00 -8.50314965e-03 4.75304699e-02 1.34169872e-02 1.04604291e-02 1.79352079e-02 2.85875637e-03
8.79927957e+00 -4.87669705e-03 2.40620222e-02 5.06871775e-02 2.00036069e-02 1.59754127e-02 1.45300641e-02
1.15048608e+01 3.60647105e-03 4.24355623e-03 5.06788578e-02 4.47386202e-03 1.45192342e-02 9.83513510e-03
1.42014405e+01 -1.57405636e-02 3.49382893e-03 8.49900047e-02 8.40119626e-03 7.88451616e-03 1.02237434e-02
1.69105452e+01 -2.13321988e-02 -1.45636956e-02 2.11051256e-02 1.13099231e-03 3.73479237e-03 1.50183604e-02
1.96020843e+01 3.49224623e-03 8.61155789e-03 3.70854614e-02 1.45118575e-03 3.61485962e-03 1.04264977e-02
2.22801452e+01 -5.03119876e-03 -1.96407212e-02 -3.75082762e-03 7.44717513e-03 7.08342656e-03 1.21562660e-02
2.49813014e+01 -2.67311468e-02 -6.27075206e-03 4.02538685e-02 6.26888264e-03 4.93806587e-03 1.28344578e-02
2.76725374e+01 -1.98284476e-02 -5.32149906e-03 -2.15070903e-02 7.56906578e-03 8.84160120e-03 1.67701561e-02
3.03626983e+01 -2.21545227e-04 7.09404225e-03 -3.22781975e-02 1.04913198e-02 1.36399566e-02 1.59115669e-02
3.30659546e+01 1.96864272e-02 -1.75939283e-02 8.80372013e-03 1.49314393e-02 1.49750279e-02 1.39724523e-02
3.57760999e+01 1.63830935e-02 2.99486741e-02 -9.46831018e-02 1.11291301e-02 2.47332766e-02 1.05826584e-02
3.84795999e+01 1.29419041e-05 2.61635295e-02 -2.39296584e-02 1.51415335e-02 1.99825733e-02 1.49943479e-02
4.11829999e+01 5.70890487e-03 3.68946501e-02 -7.19170254e-02 8.98251079e-03 1.83681610e-02 5.23580012e-03
4.38713796e+01 -1.74707679e-02 5.29979823e-02 -4.38861208e-02 7.55731696e-03 1.56266915e-02 7.43921161e-03
4.65751046e+01 3.39119645e-02 -2.49770890e-02 -9.63208483e-02 1.95271912e-02 1.87642764e-02 1.09843841e-02
4.92740577e+01 2.33061047e-02 4.13417920e-02 -1.54611495e-02 1.15952875e-02 2.16005174e-02 1.60739036e-02
5.19747124e+01 2.43789787e-02 -1.20916875e-02 -2.48835280e-02 1.00561735e-02 2.45332174e-02 1.01574977e-02
5.46715749e+01 -9.15539991e-04 -1.84235869e-02 1.44373975e-02 1.19805487e-02 2.00681903e-02 7.40828387e-03
5.73709155e+01 3.31154297e-02 -1.98009485e-02 -4.00899320e-04 9.00425290e-03 2.01155419e-02 1.15496858e-02
6.00740358e+01 9.32940659e-03 -4.72425678e-03 -3.10976703e-03 5.03291293e-03 1.39679686e-02 1.08577109e-02
6.27850046e+01 2.34709861e-02 -1.63617419e-02 -3.19205381e-02 5.00892372e-03 9.30222141e-03 7.89971162e-03
6.54861296e+01 1.47566079e-02 -3.79847881e-02 -3.70038839e-02 7.72999303e-03 2.11125672e-02 1.84988206e-02
6.81801139e+01 3.60502267e-03 1.31339652e-02 2.85777164e-02 1.46277262e-02 1.20571228e-02 4.71030052e-03
7.08852686e+01 1.22183504e-02 -4.79022139e-02 2.18828247e-02 1.18886088e-02 1.81602615e-02 1.23255625e-02
7.35888077e+01 2.80901142e-02 2.81606775e-02 3.54333472e-02 7.66605683e-03 1.73426550e-02 7.79616399e-03
7.62845702e+01 -2.37306518e-02 9.36644333e-03 -1.98203746e-02 9.86446556e-03 1.88989573e-02 9.76589783e-03
7.89907046e+01 -7.95336723e-03 8.03311817e-03 -7.40680035e-02 9.85340042e-03 1.67512371e-02 4.05747669e-03
8.16825577e+01 -5.31053394e-03 2.00983752e-02 -6.67083456e-02 1.38243576e-02 1.70282627e-02 3.76072495e-03
8.43770764e+01 -2.62920178e-02 -2.47967113e-03 -9.01450654e-03 5.99272516e-03 1.89614373e-02 1.16735354e-02
8.70716030e+01 -7.41248304e-03 -1.62498559e-02 -8.01026194e-03 1.02902898e-02 1.78625110e-02 1.20908739e-02
8.97639421e+01 -9.28084374e-03 -3.01570210e-02 2.69337456e-03 1.26670214e-02 2.59050651e-02 1.37957393e-02
9.24745921e+01 3.03842469e-02 2.42957664e-02 -5.31481446e-02 1.14653993e-02 1.52341951e-02 2.95962912e-03
9.51728061e+01 1.95032418e-02 3.11652194e-02 -5.58978339e-02 1.52437101e-02 2.62078717e-02 8.19338180e-03
9.78838921e+01 5.64234458e-03 -1.63510117e-02 -1.09380861e-02 2.14802337e-02 2.39475130e-02 1.48638907e-02
1.00570928e+02 -5.86409148e-03 9.63012796e-03 2.94123261e-02 9.24975093e-03 2.04696555e-02 6.67479917e-03
1.03283381e+02 -6.07346029e-03 1.23791174e-02 1.18894055e-02 1.34754035e-02 2.27945182e-02 3.51643062e-03
1.05991006e+02 -5.12809404e-03 8.88114461e-03 -4.83925741e-02 1.64540180e-02 2.19207216e-02 4.35496663e-03
1.08689131e+02 1.79759226e-02 -2.31113745e-02 -4.70897749e-02 8.97998893e-03 1.97953536e-02 9.48000631e-03
1.11388444e+02 -2.42391812e-04 -4.42904066e-02 -5.27902467e-02 1.27771614e-02 2.25773891e-02 6.16479114e-03
1.14088991e+02 -3.61718292e-02 -1.85999576e-02 -3.22843659e-02 1.31167590e-02 1.40152258e-02 1.46669660e-02
1.16801928e+02 -1.63053739e-02 -7.00055940e-03 -7.89652414e-02 7.51121451e-03 1.34934037e-02 1.30227726e-02
1.19490178e+02 -2.46162714e-02 -2.44117470e-03 -1.60900846e-02 7.67290794e-03 1.18091433e-02 1.05279301e-02
1.22185272e+02 -1.91382283e-02 -8.58467322e-03 -5.83801388e-02 8.64465150e-03 1.15112329e-02 2.00333198e-02
1.24881881e+02 -3.42832728e-03 3.16535630e-02 1.80571892e-02 8.47420318e-03 9.20859969e-03 2.02487985e-02
1.27580287e+02 3.16623345e-03 -1.55072140e-02 -1.41548559e-02 6.98439777e-03 1.24251334e-02 5.29757853e-03
1.30287475e+02 7.73232235e-03 3.23262746e-02 2.28510400e-02 7.33115027e-03 4.20345183e-03 1.38022431e-02
1.33002319e+02 1.39644638e-02 -2.28580807e-03 -7.20971348e-02 8.24156448e-03 8.40758933e-03 9.80113579e-03
1.35696725e+02 -1.37946847e-02 2.42478542e-02 -1.98197532e-02 8.40569931e-04 4.18000194e-03 3.41727310e-02
1.38394928e+02 6.70768359e-03 -2.62612397e-03 -2.83212880e-02 1.16639623e-03 2.68157760e-03 2.72286883e-02
1.41096506e+02 -1.14324394e-02 -1.32659474e-02 2.73386891e-02 2.55774440e-03 9.99072527e-03 4.33840691e-02
1.43788694e+02 -1.32358586e-02 4.54925112e-02 -3.33640319e-02 9.36670430e-03 1.07719552e-02 2.69700364e-02
1.46493584e+02 -3.04046629e-02 1.95696210e-02 -3.77078053e-02 9.18697252e-03 2.42616154e-02 1.54175227e-02
1.49197178e+02 -1.00197584e-01 1.75917215e-02 -3.29846510e-03 2.88595886e-03 1.79451765e-02 1.03728771e-02
1.51885256e+02 -5.81158316e-03 1.39754037e-02 -1.02525487e-02 6.26149060e-03 2.07345315e-02 1.87956602e-02
1.54591037e+02 -4.55497019e-02 5.73241050e-03 3.27406524e-02 2.70202850e-03 2.28675693e-02 1.85666975e-02
1.57295053e+02 3.01079336e-02 -6.07924235e-03 2.71775144e-03 2.59438349e-02 1.24795147e-02 1.24845604e-02
1.59983866e+02 1.30753169e-03 -4.50398236e-02 2.02569061e-02 6.89335012e-03 1.18879422e-02 3.28554554e-03
1.62682631e+02 -5.46065052e-02 1.49624585e-02 3.36417373e-03 9.07520324e-03 1.41043810e-02 1.66028402e-02
1.65386959e+02 -3.79112753e-02 -1.30605429e-02 -1.70768844e-02 5.21903845e-03 1.19545899e-02 7.99532527e-03
1.68088194e+02 -5.44101179e-02 -1.00397768e-02 -1.78493872e-03 1.01282187e-02 4.94154339e-03 1.09629699e-02
1.70814850e+02 -3.09124219e-02 3.76414710e-03 1.32726750e-03 1.34541702e-02 1.45803509e-02 9.19295657e-03
1.73514834e+02 -1.84991476e-02 -4.28688177e-02 5.21065143e-02 1.56940541e-02 8.73656345e-03 1.28984378e-02
1.76215694e+02 -1.78547403e-02 -2.14258805e-02 3.51146973e-02 1.30440654e-02 1.21943210e-02 7.12703130e-03
1.78917741e+02 3.80991243e-03 1.02004593e-02 3.41253182e-02 1.21368481e-02 1.73786304e-02 2.00380831e-02
1.81629709e+02 1.15827807e-02 -2.13634123e-02 9.98013815e-03 9.92056975e-03 1.67874095e-02 8.32585710e-03
1.84328959e+02 -3.26916119e-03 -1.30293568e-02 2.88438498e-02 2.65657612e-02 1.09300462e-02 1.89856070e-02
1.87031506e+02 9.47745965e-03 2.95286851e-02 1.32238281e-02 1.24759175e-02 8.87194907e-03 5.31142171e-03
1.89719787e+02 4.07866178e-02 9.67084686e-03 9.56911868e-03 2.07633866e-02 1.48879595e-02 1.00497535e-02
1.92410819e+02 3.34103165e-02 -1.74469142e-02 3.73246411e-02 1.03117573e-02 2.18832155e-02 6.67943222e-03
1.95120866e+02 3.53210323e-03 2.21570021e-03 1.09250082e-02 1.75865519e-02 1.47570384e-02 6.74966829e-03
1.97820522e+02 -2.47992114e-02 -1.22890730e-02 -1.25466546e-03 1.58635794e-02 1.01774424e-02 6.19243638e-03
2.00515741e+02 -3.71257734e-02 2.22030832e-02 4.21028272e-02 1.71136019e-02 5.35927645e-03 5.81720435e-03
2.03216084e+02 -1.77588252e-02 5.00675989e-03 4.18526583e-02 1.31487174e-02 1.33337825e-02 4.99850059e-03
2.05920912e+02 -5.76886143e-02 5.27712125e-02 4.56337697e-02 1.18877700e-02 2.30782878e-02 8.47186973e-03
2.08619319e+02 -4.85672499e-02 -3.62048990e-04 8.53922717e-02 7.62196779e-03 1.83603856e-02 2.38852025e-02
2.11319897e+02 -6.06237383e-02 2.03449435e-02 5.93643702e-02 8.28897637e-03 1.94581750e-02 1.29315902e-02
2.14019272e+02 -1.55779001e-02 1.99174745e-02 2.28259354e-02 7.39638030e-03 2.43023489e-02 2.17347091e-02
2.16721709e+02 -1.03319079e-02 7.68439497e-02 -4.64781066e-03 9.27971325e-03 1.55916018e-02 1.09412750e-02
2.19434756e+02 -3.92718644e-02 -1.28776255e-02 -2.35624283e-02 7.56277025e-03 1.30892141e-02 5.27729109e-03
2.22141756e+02 -3.99155900e-02 4.04718046e-02 -2.43704373e-02 2.14521316e-02 1.56465612e-02 8.05829871e-03
2.24858662e+02 -1.80366190e-02 -2.36319406e-02 -6.50730192e-02 2.44738633e-02 1.08356792e-02 1.60464835e-02
2.27555037e+02 -5.50609716e-02 -2.17455567e-02 -2.77267355e-02 8.50847126e-03 6.36258760e-03 1.13065750e-02
2.30244209e+02 -3.86446925e-02 2.31818804e-03 -8.37005041e-03 1.99140789e-02 6.46671530e-03 9.91492880e-03
2.32935006e+02 -9.94644471e-02 1.81352871e-02 3.63851436e-02 1.19822486e-02 9.18645276e-03 9.32172511e-03
2.35619350e+02 -2.29161865e-02 -4.74772457e-03 3.95869127e-02 1.67139779e-02 8.97104613e-03 3.81285997e-03
2.38320834e+02 -6.57725678e-02 1.13267559e-02 1.79016221e-02 1.67023359e-02 1.22374613e-02 1.14623419e-02
2.41028912e+02 -2.94457610e-02 4.06731079e-02 -3.43035612e-02 1.05002949e-02 2.60135263e-02 1.63007205e-02
2.43740272e+02 -5.00852493e-02 2.05574230e-02 -8.25669609e-02 6.87577123e-03 1.49267238e-02 4.96846748e-03
2.46436506e+02 -4.68853110e-03 -6.87923901e-06 -8.13819786e-02 1.28682570e-02 9.02046488e-03 1.01087430e-02
2.49132381e+02 -3.33878526e-02 -2.99305593e-02 -5.08952617e-02 8.91858577e-03 1.14015110e-02 4.93481981e-03
2.51831709e+02 -2.34054581e-02 -2.50109924e-02 -4.69163599e-02 1.13080992e-02 1.89840027e-02 1.40208939e-02
2.54534022e+02 4.51746332e-02 4.12400629e-02 -2.11983449e-02 3.54199542e-03 1.09290831e-02 6.97325482e-03
2.57241772e+02 2.54989712e-02 5.69028146e-03 3.21266168e-02 2.75277549e-02 1.63862163e-02 1.05992766e-02
2.59945412e+02 3.69265561e-02 -4.00293383e-03 2.03569721e-02 1.54400565e-02 1.59868435e-02 1.99620463e-02
2.62644897e+02 4.32692454e-03 -2.51841160e-02 2.52066003e-02 6.14134115e-03 9.85018530e-03 4.02287519e-03
2.65341022e+02 1.06313924e-03 -1.15193819e-02 6.46170552e-02 6.24560870e-03 1.92058725e-02 9.40198979e-03
2.68033540e+02 7.39273455e-03 -6.27884115e-03 3.28855192e-02 4.84969371e-03 1.01416459e-02 1.98072041e-02
