7.03843663e-01 -8.20845215e-03 4.14839914e-02 2.72161180e-02 7.24712306e-03 8.78229727e-03 1.26922763e-02
3.40297614e+00 2.16845421e-02 3.69629479e-02 3.67225577e-02 3.95337152e-03 1.26503627e-02 1.25772908e-02
6.10046942e+00 3.45810359e-03 4.07000806e-02 3.12277141e-02 1.34623641e-02 2.70760580e-02 1.39588852e-02
8.81214661e+00 4.40580889e-02 1.76248333e-02 2.71606170e-02 9.86732297e-03 2.25887119e-02 6.06469517e-03
1.15064291e+01 5.90377209e-04 2.40040512e-02 4.09050109e-02 1.14433587e-02 2.56987118e-02 1.09556496e-02
1.42093057e+01 3.56892595e-02 8.87624211e-03 8.04924259e-02 7.12470694e-03 1.66701080e-02 3.30913632e-02
1.69046244e+01 -1.71863121e-02 -4.63511802e-03 8.27003722e-02 2.54758750e-03 4.57127621e-03 1.20277824e-02
1.96013432e+01 -1.43572323e-02 2.70995833e-02 3.67070807e-02 3.99923814e-03 1.48592376e-03 2.68555979e-02
2.22967650e+01 2.07128880e-02 1.60663551e-03 -5.31969851e-02 7.98180385e-03 3.40443676e-03 4.60100132e-03
2.49796338e+01 -1.32211288e-02 1.10543139e-02 -5.42346533e-03 5.03811915e-03 7.08162004e-03 1.56948185e-02
2.76770463e+01 1.00474852e-03 3.45221401e-02 -1.62880794e-02 1.01168667e-02 1.18046458e-02 8.16272319e-03
3.03779354e+01 -1.70334284e-02 1.97529914e-02 -4.48531966e-02 9.96745661e-03 1.40257561e-02 2.48302411e-02
3.30705385e+01 -3.71532433e-02 -2.28466297e-03 -2.06189690e-02 8.37969831e-03 1.62462566e-02 2.11960987e-02
3.57715135e+01 8.69069567e-04 -1.96633248e-02 -2.98914106e-02 1.04907622e-02 1.89605034e-02 1.13686425e-02
3.84706557e+01 -7.48935603e-03 -3.26521772e-02 4.61928670e-03 1.16847750e-02 2.05544179e-02 8.56490439e-03
4.11758854e+01 -1.81511731e-02 -1.68841037e-02 -4.06129291e-02 1.49236237e-02 2.63290272e-02 9.59430414e-03
4.38726088e+01 1.85992176e-02 1.20105883e-02 -4.08299894e-04 1.19568901e-02 2.12772586e-02 1.52138243e-02
4.65621229e+01 8.83287722e-03 -3.23407819e-03 -2.97338267e-02 5.92785432e-03 1.53146708e-02 5.62990216e-03
4.92685510e+01 1.27705001e-02 1.05472038e-02 2.81454558e-02 7.10522533e-03 1.43574389e-02 4.70990586e-03
5.19801588e+01 1.99483813e-02 -1.66042031e-02 -1.19590625e-02 1.41779021e-02 1.65067190e-02 3.20102405e-03
5.46795338e+01 1.90217597e-02 -1.20462854e-03 2.66375184e-02 1.18050694e-02 2.89359600e-02 1.04893312e-02
5.73756901e+01 2.26324455e-03 -2.75732373e-02 -3.66252195e-03 9.36763778e-03 1.85951617e-02 1.04274097e-02
6.00718369e+01 -1.75112724e-02 5.14593177e-03 3.16988769e-02 8.92306610e-03 1.51898901e-02 1.66651349e-02
6.27747525e+01 -1.37433334e-02 1.24307919e-02 2.61797442e-02 6.46729539e-03 1.49046160e-02 1.97263456e-02
6.54801057e+01 1.12916979e-02 -1.28999996e-02 -2.39061009e-02 1.40356543e-02 1.73079440e-02 1.34601765e-02
6.81735807e+01 -8.93629621e-03 3.01645807e-03 4.52400368e-02 5.55427904e-03 1.23002178e-02 1.33817272e-02
7.08838916e+01 6.62924207e-03 -9.62340570e-04 3.66807658e-02 6.55674275e-03 1.63133727e-02 6.65619935e-03
7.35881463e+01 -4.78531793e-03 7.31959315e-03 4.38471920e-02 1.23884191e-02 1.74477284e-02 8.07948115e-03
7.62973838e+01 -9.37211920e-03 -6.39590995e-03 -2.05924666e-02 8.34032131e-03 1.07998607e-02 1.02095769e-02
7.89947260e+01 2.40322166e-02 -2.67889551e-02 -1.23881322e-02 1.14163803e-02 1.66263112e-02 7.34378499e-03
8.16834619e+01 1.32842718e-02 2.99751564e-03 -3.98816897e-02 1.12658722e-02 1.86091789e-02 9.00113603e-03
8.43900338e+01 2.62686482e-02 -2.36949794e-02 -5.38399979e-03 8.69014090e-03 1.81128559e-02 1.34705901e-02
8.70856275e+01 6.78307897e-03 6.77860084e-03 -5.79960070e-03 1.03454908e-02 1.86089345e-02 1.25728949e-02
8.97785822e+01 -1.59944686e-02 4.21628633e-03 1.90172187e-02 7.20216951e-03 2.25651229e-02 1.00142049e-02
9.24842932e+01 1.56643642e-02 -4.17846552e-02 -4.81724157e-03 1.03624443e-02 1.06728013e-02 1.85205587e-02
9.51789619e+01 4.66426202e-03 -1.00200324e-02 -1.24221777e-02 8.83856109e-03 1.72663293e-02 8.65649363e-03
9.78757229e+01 1.14423742e-02 2.99051565e-02 -2.37149664e-03 7.13620771e-03 1.64853328e-02 3.58787824e-03
1.00592406e+02 2.42961501e-02 -1.41166132e-02 1.81510481e-02 8.78315901e-03 1.68155120e-02 1.67912668e-02
1.03297578e+02 3.23321656e-03 4.57501851e-02 1.24022683e-02 6.09615155e-03 1.63352361e-02 4.11335166e-03
1.05997749e+02 -6.45689162e-03 2.22350440e-02 1.65731640e-03 1.27381122e-02 1.77038276e-02 1.32315756e-02
1.08704734e+02 3.11253146e-03 6.97467134e-03 -2.69429422e-02 1.22682160e-02 1.94143135e-02 4.81128039e-03
1.11395218e+02 -8.09952351e-03 3.53551869e-02 -3.56482351e-02 1.19831583e-02 1.40193613e-02 9.64620331e-03
1.14090281e+02 -7.99884346e-03 -1.17007746e-02 2.78323554e-02 3.68683869e-03 1.31164705e-02 1.48585591e-02
1.16786718e+02 1.06958328e-02 -8.13020319e-03 -3.75542266e-02 1.26969110e-02 1.32832037e-02 1.05434127e-02
1.19487343e+02 8.93080804e-04 -7.59280428e-03 7.11120564e-03 5.74120320e-03 1.52293347e-02 2.10224847e-02
1.22191249e+02 2.44021206e-02 9.82994844e-03 -4.98155195e-02 2.79419396e-03 1.15485435e-02 1.63384956e-02
1.24892812e+02 1.67869470e-03 2.93828408e-02 -3.56815231e-02 6.35532638e-03 7.24005596e-03 2.04932642e-02
1.27594828e+02 1.14660388e-02 -2.86896197e-02 -5.72995268e-02 1.28904687e-02 1.10727231e-02 2.58097124e-02
1.30296828e+02 3.53687669e-02 -8.82008756e-03 -2.41835698e-02 6.40388212e-03 9.48771120e-03 2.41439708e-02
1.32987578e+02 2.68318035e-02 3.28996122e-02 -1.09682875e-02 8.63190902e-03 9.77939315e-03 2.40913571e-02
1.35705203e+02 1.72009492e-02 1.73173664e-02 1.65303386e-02 3.76212279e-03 5.20121127e-03 2.41157954e-02
1.38416734e+02 5.25662912e-03 2.75295723e-02 -5.98529384e-02 4.54901551e-03 1.73279696e-03 2.24045645e-02
1.41116281e+02 -2.28706296e-02 3.51299096e-02 -1.68262129e-03 6.01112827e-03 4.71618863e-03 2.96793307e-02
1.43808343e+02 4.72396295e-03 1.31240975e-02 -2.23898104e-02 4.94549001e-03 5.70333281e-03 2.51379141e-02
1.46497812e+02 -1.55724166e-02 1.08502653e-02 5.01470831e-03 7.83500612e-03 2.78852083e-02 1.40777021e-02
1.49204249e+02 -7.26496630e-02 3.42843285e-02 2.04201287e-02 1.19779010e-02 1.76088387e-02 6.77080352e-03
1.51904812e+02 -9.23489896e-03 2.87103201e-02 1.26484997e-02 3.06202367e-03 1.72434935e-02 1.93046350e-02
1.54599234e+02 -5.15232435e-02 -1.69672973e-02 -4.93493148e-03 1.12757019e-02 2.48068775e-02 1.42622834e-02
1.57300906e+02 1.81629865e-03 -3.08171408e-02 5.10143655e-02 1.12062720e-02 1.77172963e-02 1.04768330e-02
1.59998078e+02 3.30722548e-03 -3.78448007e-02 5.34230406e-02 1.06611348e-02 1.71487456e-02 4.32431715e-03
1.62705312e+02 -8.30678517e-03 -1.41454410e-02 3.31134297e-02 4.28060494e-03 1.43333622e-02 1.35529645e-02
1.65412499e+02 -4.99025812e-02 -1.26252414e-02 3.19542090e-02 1.01518250e-02 8.89299247e-03 8.51994878e-03
1.68122093e+02 -5.26485902e-02 3.05305670e-02 -7.21844853e-04 1.06392530e-02 5.05338713e-03 1.20587898e-02
1.70815109e+02 3.70484940e-02 1.98393712e-02 5.18104395e-02 2.17259188e-02 6.21803447e-03 1.07722813e-02
1.73516624e+02 9.12727141e-03 -6.80899938e-02 4.14630146e-02 1.42745500e-02 9.86555021e-03 1.40241406e-02
1.76225953e+02 -2.65679844e-03 -1.36660004e-02 6.11018430e-02 2.56823684e-02 8.29771283e-03 5.44572837e-03
1.78932421e+02 -3.50165916e-02 -1.44254692e-02 6.74262404e-02 1.55719201e-02 1.27782117e-02 1.19126633e-02
1.81635031e+02 -2.25982055e-02 2.56667380e-02 3.13206595e-02 2.30863882e-02 1.58355513e-02 5.78713798e-03
1.84340656e+02 -5.76739175e-03 1.51231365e-02 -2.76132647e-02 1.41920353e-02 7.35098488e-03 6.10695900e-03
1.87034890e+02 4.62669573e-02 1.59438628e-02 -2.35311324e-02 7.51641533e-03 1.56795187e-02 5.62596715e-03
1.89735109e+02 3.38569572e-02 2.80622734e-02 3.78167537e-02 2.45781485e-02 1.96299005e-02 9.26297898e-03
1.92445624e+02 -3.48902926e-02 1.39715068e-02 4.24168907e-02 7.05191006e-03 1.14606693e-02 5.53881188e-03
1.95136859e+02 -3.00324110e-02 3.16146894e-02 5.81335348e-02 1.79660572e-02 1.35198435e-02 1.44877731e-02
1.97831624e+02 -8.51075804e-03 6.68259528e-03 5.15980476e-02 2.76882551e-02 1.24875874e-02 5.50501388e-03
2.00542406e+02 -3.69734832e-02 -1.17952578e-03 1.32761840e-02 8.38165845e-03 1.29103724e-02 7.78797146e-03
2.03230687e+02 1.80406021e-02 1.41698644e-02 2.57600456e-02 1.89591446e-02 8.59203708e-03 5.34708354e-03
2.05932640e+02 -5.23653518e-02 2.48609592e-02 1.51115571e-03 9.07209819e-03 1.13533503e-02 1.40081768e-02
2.08626546e+02 -8.21592944e-03 2.38329806e-02 2.43625851e-02 1.34172630e-02 2.08720983e-02 1.27075089e-02
2.11341687e+02 -6.88431513e-02 2.76094215e-02 1.32654836e-02 6.75259900e-03 2.43485733e-02 1.40452104e-02
2.14034124e+02 -1.94910078e-02 1.24518573e-02 -4.90180442e-03 8.98081164e-03 2.62645916e-02 2.49923629e-02
2.16737109e+02 -4.55562851e-02 2.35872451e-02 -2.87774904e-02 1.41616717e-02 1.69095947e-02 9.19167660e-03
2.19453328e+02 -4.04133603e-02 1.01306904e-02 -5.88928532e-02 1.99617542e-02 8.67000044e-03 1.29946681e-02
2.22162671e+02 -4.98010180e-02 -2.63823815e-02 -3.61072290e-02 1.30978505e-02 1.10457696e-02 8.87283110e-03
2.24872374e+02 6.23833949e-03 -5.74862039e-03 -2.68205723e-02 2.85134724e-02 1.26337169e-02 4.08255052e-03
2.27562718e+02 1.46916713e-02 -5.58247728e-03 8.78400201e-03 1.75758352e-02 5.26916091e-03 8.09309214e-03
2.30261203e+02 8.75634793e-03 -7.31876477e-04 1.00720738e-02 1.74798685e-02 7.33261166e-03 2.37237272e-03
2.32942578e+02 -2.60451799e-02 -1.91371345e-02 6.47735205e-02 1.34203846e-02 8.79332649e-03 1.24445797e-02
2.35643093e+02 -3.92329638e-02 -1.13577861e-02 4.77568086e-02 1.15186941e-02 7.84533692e-03 8.30458097e-03
2.38352562e+02 -7.99827996e-03 8.22885595e-02 6.92168471e-03 1.49348930e-02 1.03678540e-02 3.73494424e-03
2.41048187e+02 5.41394844e-02 2.62940722e-03 2.83781304e-02 1.45360688e-02 1.19984789e-02 9.22369155e-03
2.43746453e+02 5.88977679e-02 8.18186389e-03 2.69120696e-02 8.90176624e-03 1.27138738e-02 7.48400514e-03
2.46453656e+02 3.07626314e-02 -2.43393001e-03 2.34515287e-02 7.91677529e-03 1.84899153e-02 6.48302927e-03
2.49152046e+02 4.27550608e-02 -1.27388276e-02 2.38106169e-02 1.13101131e-02 1.08069555e-02 1.14133933e-02
2.51857249e+02 -3.02726295e-02 2.10443997e-02 3.64863101e-03 7.50349584e-03 1.10707380e-02 1.06770762e-02
2.54564671e+02 -8.88446726e-03 -4.48339616e-04 2.36095372e-03 1.08642330e-02 2.11726231e-02 1.07242917e-02
2.57268015e+02 -2.03413003e-03 -2.63044133e-04 -3.56523964e-02 2.51219552e-02 1.41994474e-02 7.52152868e-03
2.59972156e+02 6.64933484e-02 -5.31398149e-03 -2.70384356e-02 1.58545924e-02 2.14160773e-02 8.67244313e-03
2.62660437e+02 -2.28590030e-02 2.78090258e-03 1.79892269e-02 5.84693303e-03 1.00799319e-02 5.25801199e-03
2.65366515e+02 7.11470991e-03 1.56211800e-02 -3.83795353e-03 5.25953893e-03 1.26274932e-02 1.10840392e-02
2.68068820e+02 3.25310908e-03 2.38317195e-02 2.11373956e-03 4.31771733e-03 8.80255676e-03 1.53175607e-02
