7.03498478e-01 1.50145183e-02 3.80173789e-03 9.35209458e-03 1.26563237e-02 2.60529735e-02 1.19628933e-02
3.39837996e+00 -3.36800200e-03 8.14443289e-04 -4.45321785e-02 1.21595868e-02 2.06150478e-02 6.36456450e-03
6.09483652e+00 2.30657712e-02 -3.16615145e-02 6.04490812e-02 5.96418289e-03 1.38262058e-02 1.52086903e-02
8.80386933e+00 2.79861708e-02 -2.20108666e-02 3.50224559e-02 2.95523728e-03 1.36867408e-02 9.43406419e-03
1.14971612e+01 -8.93548631e-05 -3.78747264e-02 1.70646220e-02 3.73882404e-03 8.35993489e-03 9.84250084e-03
1.41943768e+01 -6.02460842e-03 -5.79166835e-03 -4.79517146e-03 6.90344581e-03 6.59658046e-03 6.43726705e-03
1.68960768e+01 -6.34252248e-03 3.21171831e-02 -3.66790062e-02 3.14765178e-03 4.68307090e-03 8.48510222e-03
1.95790862e+01 -3.65793246e-03 -3.11271996e-02 4.62899004e-02 2.78191177e-03 2.60402003e-03 1.17578032e-02
2.22842690e+01 -2.40138064e-05 -2.29490979e-02 -1.94970059e-03 5.98024367e-03 1.19602497e-03 1.30671476e-02
2.49864768e+01 -1.79569492e-02 9.90657049e-04 -5.52214209e-02 2.43167451e-03 3.98499655e-03 1.67945301e-02
2.76839425e+01 -3.99089908e-03 8.11945242e-03 -4.14360492e-02 4.66105472e-03 6.27094241e-03 5.03180293e-03
3.03782096e+01 -1.68385088e-02 -2.36141420e-02 -2.20795439e-02 6.23459998e-03 1.77534824e-02 8.16093746e-03
3.30819378e+01 -1.76846476e-02 -2.90552333e-02 -4.31751181e-02 1.63535846e-02 1.89029549e-02 6.38199340e-03
3.57779659e+01 -6.78350251e-03 -7.64970857e-02 -1.25678995e-02 5.73299422e-03 1.58605471e-02 8.51674587e-03
3.84808315e+01 -1.78075311e-02 -5.62834232e-02 -2.52739103e-02 1.69718720e-02 1.28735080e-02 1.38488080e-02
4.11843534e+01 6.91794707e-03 -1.25243280e-02 -2.86354717e-02 1.02748604e-02 1.86500296e-02 1.98499359e-02
4.38802331e+01 -1.11625666e-02 -3.65995460e-02 1.97672568e-02 4.03891708e-03 1.77029159e-02 2.12006305e-02
4.65766346e+01 -2.20920460e-02 2.81086291e-04 3.64765711e-02 1.13937421e-02 2.28025527e-02 1.08783247e-02
4.92903784e+01 6.26982369e-03 -1.24200206e-02 1.09632976e-02 8.24998685e-03 1.09798507e-02 1.46433304e-02
5.19887362e+01 -2.57605970e-02 1.19293767e-02 -2.20534533e-02 1.21356840e-02 1.34438747e-02 1.25972932e-02
5.46902471e+01 -1.57580372e-02 -1.68772135e-02 -4.61619423e-02 8.56456757e-03 1.58750458e-02 1.49453987e-02
5.73888675e+01 2.83783241e-03 1.97392084e-02 -5.92779652e-02 1.03266065e-02 1.73997188e-02 8.14583673e-03
6.00817503e+01 2.59468931e-03 1.65302053e-02 -1.70855870e-02 8.82553846e-03 2.14294715e-02 1.30861687e-02
6.27789034e+01 -1.23299526e-02 1.05406385e-02 -2.95183411e-03 1.55715167e-02 2.93060690e-02 5.74280738e-03
6.54803753e+01 -3.75781220e-02 4.35586505e-02 1.58337659e-02 7.76110085e-03 1.89529682e-02 4.73084820e-03
6.81705096e+01 -2.94274755e-02 -2.11902752e-03 -2.39994762e-02 1.32442715e-02 2.01252643e-02 4.75031737e-03
7.08739846e+01 -1.21821043e-02 4.71784227e-02 -3.10356078e-02 1.08770969e-02 1.56616415e-02 5.13075680e-03
7.35721096e+01 -2.29989607e-02 1.48972878e-02 -5.89356132e-02 9.33233713e-03 1.75039657e-02 9.19373391e-03
7.62695721e+01 4.36329310e-03 1.84404328e-02 -1.77608044e-02 8.96691843e-03 2.30290117e-02 9.51852222e-03
7.89604909e+01 -1.22537955e-02 -3.05251939e-02 -3.70646345e-02 1.62575872e-02 1.29478656e-02 1.67157144e-02
8.16504565e+01 1.49715026e-02 -2.74960328e-02 2.08884325e-02 1.05161976e-02 1.64233343e-02 1.07245089e-02
8.43575003e+01 1.09564092e-02 1.73433255e-02 -7.17928303e-02 1.27498170e-02 2.02534724e-02 5.97414876e-03
8.70619721e+01 -7.24423322e-03 2.20482622e-02 -3.54021735e-02 1.12709540e-02 2.27524917e-02 8.59735812e-03
8.97673221e+01 -8.28488476e-03 3.01118280e-02 -1.05741341e-01 1.83907161e-02 2.11618888e-02 7.46041426e-03
9.24703518e+01 -3.60990061e-02 -7.17995924e-03 -3.47866107e-02 1.41215838e-02 3.44024384e-02 1.02222619e-02
9.51678190e+01 -2.20744366e-02 -4.47179297e-02 -4.05562014e-02 1.21501626e-02 3.23789357e-02 5.70781104e-03
9.78596534e+01 -1.19747529e-02 -7.24078922e-02 -1.62578588e-02 1.05190704e-02 2.47396301e-02 3.39710374e-03
1.00558691e+02 1.40446728e-02 1.35468284e-02 -7.50033662e-02 1.72104617e-02 2.11736982e-02 9.27934058e-03
1.03267253e+02 -1.04786399e-02 9.92671858e-03 -3.83252306e-02 8.47810910e-03 2.87153722e-02 2.63608168e-03
1.05973253e+02 2.16610509e-03 2.62482827e-02 -3.94234135e-02 1.89865458e-02 2.51804576e-02 1.35535787e-02
1.08672878e+02 2.63881866e-03 3.54980535e-02 -4.39911951e-03 1.34746965e-02 1.86121508e-02 5.03968387e-03
1.11371472e+02 1.93788722e-02 7.97803707e-03 -1.23631227e-02 1.57645779e-02 2.29573655e-02 1.12824487e-02
1.14085738e+02 3.36934413e-02 1.97213765e-02 -2.19647673e-02 1.91848909e-02 2.24280091e-02 3.17412083e-03
1.16793378e+02 -2.32282042e-02 -1.08738971e-03 2.91604438e-02 7.22301724e-03 1.90007902e-02 1.27161149e-02
1.19495160e+02 5.32689020e-03 -9.84877620e-03 -6.78927259e-03 9.35406777e-03 1.19720199e-02 1.10810501e-02
1.22208457e+02 -8.18212755e-04 2.32203993e-02 -1.19157161e-02 5.55243609e-03 1.58847426e-02 1.20940387e-02
1.24908644e+02 -9.44747561e-03 -1.08995625e-02 -1.97960249e-02 1.23318163e-02 1.44871997e-02 1.37360730e-02
1.27606878e+02 -2.52964261e-03 -2.06215090e-02 -6.01342289e-02 3.35747080e-03 1.18359024e-02 2.80057954e-02
1.30288003e+02 -2.83199114e-02 -2.82635297e-02 -1.30072038e-02 7.34408953e-03 3.56809524e-03 1.78272898e-02
1.32977785e+02 -2.37325598e-02 1.00963211e-02 -4.68237382e-02 3.45926083e-03 3.22118094e-03 3.29073059e-02
1.35674941e+02 5.77761976e-03 2.25110410e-02 -1.33469634e-02 4.03112594e-03 1.46367305e-03 2.49272692e-02
1.38373800e+02 2.92574833e-03 -9.14256645e-03 -2.59212519e-02 3.81102914e-03 2.41671822e-03 2.60681233e-02
1.41082660e+02 5.82158183e-03 -3.34796439e-02 -1.18534560e-02 3.63744111e-03 2.20289855e-03 2.63116428e-02
1.43773019e+02 -5.84704835e-03 -7.30533540e-03 -2.44268738e-03 3.93102403e-03 5.49657642e-03 1.68831591e-02
1.46471644e+02 -4.13927530e-02 2.36020832e-02 2.63320830e-02 8.95343192e-03 2.02119754e-02 2.41822297e-02
1.49164800e+02 -2.96417444e-02 -2.78817198e-02 1.74057009e-02 4.75216053e-03 2.47148166e-02 1.75929513e-02
1.51852472e+02 1.02265014e-02 -2.02038141e-04 3.29560005e-03 2.21973616e-03 2.37332072e-02 7.52099966e-03
1.54558238e+02 1.75926010e-02 2.73676000e-02 3.33035419e-02 1.60358786e-02 1.36827085e-02 2.26005810e-02
1.57256425e+02 -3.32146717e-02 -1.45112202e-02 5.60366675e-03 3.50385892e-03 2.06791662e-02 3.45030039e-03
1.59961800e+02 -2.40002261e-02 -3.66965853e-03 2.17967821e-02 1.26519716e-02 2.93207317e-02 2.32529675e-02
1.62668613e+02 -3.03022834e-02 -2.79453286e-02 3.08854376e-02 1.44235972e-02 2.68418635e-02 1.11485404e-02
1.65369675e+02 -1.44417911e-02 2.10614307e-02 5.66619488e-02 1.60515042e-02 2.74786511e-02 2.02092760e-02
1.68074863e+02 1.72318560e-02 3.14081029e-02 3.02204709e-02 3.05187379e-03 2.59270870e-02 2.11749432e-02
1.70782035e+02 -1.95517446e-02 7.85271671e-03 -4.11357180e-02 1.20613043e-02 2.13302603e-02 1.77693412e-02
1.73488378e+02 -6.00974617e-04 3.15275429e-02 -1.31319772e-03 6.93012997e-03 2.32755585e-02 1.03143092e-02
1.76190425e+02 2.16395141e-02 -1.50813821e-02 3.58562169e-02 1.58932151e-02 2.39868777e-02 2.02120597e-02
1.78892253e+02 1.49242196e-02 2.30236722e-02 6.30283520e-02 8.16214732e-03 1.54057125e-02 9.21888323e-03
1.81604425e+02 -2.85785411e-02 -3.89778004e-03 2.39491525e-03 1.44230659e-02 1.47824186e-02 1.22197548e-02
1.84313800e+02 -4.10613644e-02 -1.69132901e-03 -5.27671547e-02 4.95462812e-03 2.27177631e-02 3.95575907e-03
1.87009394e+02 -3.80688179e-02 -1.01737743e-02 -9.53255435e-03 2.16798573e-02 1.84042326e-02 1.32748796e-02
1.89705972e+02 -3.98495114e-02 -1.23838733e-03 9.64189387e-03 1.13264324e-02 1.49418378e-02 9.09105871e-03
1.92410175e+02 -3.46416741e-02 8.13639083e-03 4.64522549e-02 1.85229956e-02 9.51720377e-03 8.24675288e-03
1.95109425e+02 -8.90852710e-03 -2.06820987e-02 4.72812425e-03 1.05268101e-02 1.41491730e-02 5.64555148e-03
1.97811707e+02 -4.05733056e-02 -6.47346361e-03 2.41952841e-02 1.34505868e-02 1.93996807e-02 1.78138821e-02
2.00502628e+02 2.97276161e-02 -5.38340391e-02 1.07540092e-03 1.03468436e-02 2.48120034e-02 1.29010481e-02
2.03202253e+02 -1.28405920e-02 -5.25522403e-03 -3.65875471e-02 9.31117319e-03 2.40641031e-02 1.32115768e-02
2.05904144e+02 2.29642799e-02 -1.90112365e-02 -2.19792629e-02 1.42878200e-02 1.53148933e-02 2.75217494e-02
2.08612394e+02 -1.10332522e-02 8.48216889e-03 -5.06158524e-02 9.74192503e-03 1.67808441e-02 1.33994581e-02
2.11310191e+02 5.47084397e-02 2.41576113e-03 -3.57635163e-02 2.77485600e-02 2.54658737e-02 9.88545562e-03
2.14019503e+02 -1.73141041e-02 -1.08625945e-02 -6.83189491e-03 1.81139607e-02 1.84835739e-02 9.99585929e-03
2.16721925e+02 6.12204900e-03 -8.34246967e-02 1.12453638e-03 5.84493496e-03 1.98834809e-02 1.20624738e-02
2.19408394e+02 4.57021253e-03 -3.35927256e-02 4.70774973e-03 1.59228434e-02 2.66962366e-02 1.25140107e-02
2.22108253e+02 -1.03277872e-02 -6.13515459e-02 3.65556389e-03 1.03921965e-02 2.81829231e-02 1.50619435e-02
2.24805378e+02 -4.51970036e-02 -2.66766507e-02 6.52283678e-03 6.65341033e-03 1.88305177e-02 1.30066920e-02
2.27515535e+02 -1.58439226e-02 8.43834282e-03 9.05710811e-03 8.82890740e-03 2.52941465e-02 1.88634032e-02
2.30204363e+02 3.77751892e-02 -5.11876297e-03 5.84669021e-02 7.70317695e-03 2.26390948e-02 9.18278175e-03
2.32912582e+02 7.99813792e-02 -2.21860592e-02 3.55579131e-02 1.44473147e-02 2.25260153e-02 1.40783263e-02
2.35613832e+02 9.84855866e-02 1.34766899e-02 2.24902662e-02 9.36500521e-03 2.18963691e-02 5.75536862e-03
2.38310957e+02 2.97076243e-02 -2.04756109e-02 4.22662878e-02 9.89682865e-03 1.38045677e-02 1.39292819e-02
2.41008675e+02 1.86014351e-02 1.01629387e-02 1.88804559e-02 1.28686892e-02 1.60937875e-02 4.36295680e-03
2.43697035e+02 -2.77083281e-03 -2.63931091e-02 2.79728199e-02 9.84930971e-03 1.65610476e-02 2.54729393e-02
2.46388269e+02 4.08268647e-02 1.00314016e-02 7.69893152e-02 8.92260688e-03 1.53605499e-02 9.93104685e-03
2.49095722e+02 -1.27979989e-02 4.49599726e-02 8.74444341e-02 1.84390066e-02 1.82806795e-02 2.63717679e-02
2.51798128e+02 4.97078979e-02 8.82919021e-04 7.80874840e-02 2.04261153e-02 2.36154274e-02 1.36386022e-02
2.54506175e+02 -4.43949273e-02 6.22033686e-03 1.42626381e-02 1.22740160e-02 1.66895347e-02 1.73262972e-02
2.57207957e+02 -3.89357717e-02 1.12553629e-02 -3.53768610e-02 7.94845086e-03 1.79484231e-02 1.21928123e-02
2.59902050e+02 -4.14085021e-02 -2.25076714e-02 -3.96704497e-02 1.41361596e-02 1.99952356e-02 6.27679308e-03
2.62617019e+02 4.75277192e-02 -1.90810122e-02 -2.09310819e-02 1.88138937e-02 3.71371039e-02 1.44040979e-02
2.65317550e+02 1.64677346e-02 1.46564095e-02 2.24637924e-02 8.27752295e-03 3.03597967e-02 4.76424490e-03
2.68020017e+02 8.82723853e-03 1.54096524e-02 8.59727818e-03 7.64764538e-03 2.44487116e-02 7.43298671e-03
