6.89943807e-01 7.05468281e-03 -3.04994924e-02 4.16198487e-03 6.53648874e-03 2.43705087e-02 2.01531719e-02
3.39396346e+00 6.12810618e-03 -1.92545743e-02 6.82309043e-02 1.27077906e-02 2.22490732e-02 7.27847936e-03
6.08115924e+00 -9.79419560e-03 5.24372056e-03 4.39707564e-02 9.27134983e-03 1.66467491e-02 1.70614739e-02
8.78635580e+00 -1.70971087e-02 -2.12257235e-02 1.18109986e-02 7.24475741e-03 1.30214298e-02 4.60196793e-03
1.14887997e+01 1.66115077e-02 1.14666423e-03 8.67193306e-03 5.25567932e-03 1.09491850e-02 1.53690100e-02
1.41824341e+01 -1.84367187e-02 4.59415113e-02 -1.41410356e-02 3.63389762e-03 4.77902068e-04 1.26138101e-02
1.68762075e+01 -6.22903647e-03 3.30667620e-02 2.66514416e-02 2.41334656e-03 2.82584734e-03 1.15665516e-02
1.95774372e+01 1.82047050e-02 7.83346762e-03 -8.88227694e-03 1.05172745e-02 7.83976571e-03 7.76289162e-03
2.22905731e+01 1.50944997e-02 -2.00811730e-02 -1.15911541e-02 3.27318886e-03 7.55019352e-03 3.80175499e-03
2.49958341e+01 -2.12231279e-02 -3.69998821e-02 -3.77682386e-02 3.46650363e-03 6.55173522e-03 1.08177362e-02
2.77035060e+01 -1.77240298e-02 -3.71218836e-02 -7.60894293e-02 7.00147516e-04 6.12720937e-03 1.29848949e-02
3.03988544e+01 -2.42149665e-02 3.24489987e-02 -5.93253131e-02 6.66847297e-03 4.20365669e-03 1.58980640e-02
3.30951528e+01 -1.15724754e-02 1.29350535e-02 -5.55241875e-02 4.40885022e-03 1.29069764e-02 1.48063727e-02
3.58059544e+01 2.03237290e-03 4.50627925e-02 -3.02881381e-02 9.28986496e-03 1.28837740e-02 7.85908250e-03
3.85004435e+01 -1.84506407e-02 5.63398364e-02 -1.95123129e-02 4.37356720e-03 1.56254525e-02 7.29904196e-03
4.12025028e+01 -1.26919256e-02 3.27963238e-02 2.23631511e-03 5.75531028e-03 1.78858582e-02 3.23131768e-03
4.39042481e+01 -2.16841899e-02 2.30139793e-02 -5.22605668e-02 9.00764327e-03 1.64869975e-02 1.24805693e-02
4.66008106e+01 -2.05359484e-02 -2.12455724e-02 -5.12815494e-02 1.48442057e-02 2.45597694e-02 5.60169775e-03
4.93026497e+01 -1.74818262e-02 4.68587849e-02 -5.95323732e-02 7.99019809e-03 2.19012794e-02 1.49870430e-02
5.20037669e+01 -1.32295360e-02 1.75046316e-02 -5.08683581e-02 9.97230126e-03 1.16745074e-02 1.06045123e-02
5.47026638e+01 -7.89235521e-03 -7.67250920e-03 -5.71127680e-02 8.08814509e-03 1.39635190e-02 1.51316716e-02
5.74019185e+01 -9.65984609e-03 -1.48658829e-02 -7.26871523e-02 1.12265249e-02 1.58457780e-02 7.88553814e-03
6.00947810e+01 -1.87435862e-02 -2.98916177e-03 -5.28903422e-02 3.82256679e-03 1.11142673e-02 1.04870136e-02
6.27910872e+01 -3.47974648e-02 -2.64544332e-02 -6.52152941e-02 1.22714119e-02 1.32038129e-02 4.33268305e-03
6.54846216e+01 2.19235931e-02 -5.18795152e-02 -2.05949909e-02 1.08306279e-02 1.87760885e-02 1.93864371e-02
6.81791903e+01 -6.45774747e-03 -7.85677883e-03 -7.06285630e-02 8.08597510e-03 1.48967644e-02 1.14550434e-02
7.08792778e+01 4.99499297e-03 -1.62817013e-02 -1.02056405e-02 6.76176515e-03 1.27260230e-02 1.45148568e-02
7.35813325e+01 1.58853801e-02 -1.56860148e-03 -6.93701486e-02 6.54349076e-03 7.24670515e-03 1.10914087e-02
7.62791450e+01 4.16713988e-04 -2.24657280e-02 -3.44762077e-03 6.68148651e-03 1.10508379e-02 1.30703099e-02
7.89724450e+01 1.47518748e-02 -2.42013709e-02 -1.93531506e-02 9.78195851e-03 1.38604803e-02 7.81021899e-03
8.16659606e+01 2.21508633e-02 -2.42104399e-02 9.22649404e-03 1.75091166e-02 1.37854455e-02 1.21926513e-02
8.43648325e+01 2.41036746e-02 2.72906241e-02 -2.42245617e-02 5.80926454e-03 1.73615955e-02 1.89668794e-02
8.70650591e+01 2.00107441e-02 4.41530171e-03 -5.63308034e-02 9.80839729e-03 1.15795531e-02 6.05870505e-03
8.97737919e+01 -1.63930612e-02 -1.94875872e-02 -7.79986011e-02 5.30871577e-03 2.21717796e-02 1.36244459e-02
9.24640106e+01 -1.02428965e-02 2.21720562e-02 -4.47989379e-02 1.09564078e-02 1.33815795e-02 7.55323017e-03
9.51697122e+01 -2.37627198e-02 3.45974764e-02 -8.77488847e-02 1.21093793e-02 2.52777529e-02 2.53263152e-02
9.78785544e+01 1.87370161e-02 -7.43066714e-03 -9.05608038e-02 1.00572902e-02 1.82965025e-02 1.33088046e-02
1.00577337e+02 9.24272709e-03 1.71267411e-02 -5.14526133e-02 1.16291949e-02 1.63332259e-02 1.96514681e-02
1.03290947e+02 1.15310253e-02 -3.03238491e-02 -6.84369666e-02 9.51201417e-03 1.86522252e-02 9.68959622e-03
1.06006790e+02 4.39952061e-03 -1.85225998e-02 -6.76660790e-02 1.49561278e-02 2.47218430e-02 1.58629541e-02
1.08707353e+02 2.86583527e-02 -1.54663092e-02 -2.30519101e-02 7.99535958e-03 3.03303028e-02 5.28000363e-03
1.11401665e+02 2.36737018e-02 2.30531929e-02 1.17642489e-02 1.01703978e-02 2.65668269e-02 7.18793495e-03
1.14115759e+02 2.75754442e-02 1.40193006e-02 -1.07036718e-02 8.09567319e-03 1.54248567e-02 7.86850106e-03
1.16814806e+02 1.17490101e-02 -5.13656166e-02 -3.29205739e-02 1.60256099e-02 2.67374021e-02 9.71827130e-03
1.19506587e+02 -1.53809479e-02 -2.47133327e-02 -1.22963612e-03 8.37444887e-03 2.50715458e-02 1.04975560e-02
1.22213712e+02 -1.14963656e-02 3.27827333e-03 -1.88502519e-02 9.36286337e-03 2.46881587e-02 1.68502054e-02
1.24919462e+02 -5.91337190e-03 7.58078909e-03 -8.02183378e-02 1.00130563e-02 2.58096117e-02 9.87635592e-03
1.27621368e+02 -1.36038586e-02 -2.43032694e-02 -1.63614818e-02 8.55598861e-03 1.62295651e-02 2.00624248e-02
1.30311259e+02 -5.87834504e-03 -4.96019908e-02 -2.39376197e-02 2.73971957e-03 1.17384369e-02 1.34424433e-02
1.33005103e+02 -1.24155734e-02 8.68422490e-05 1.49217385e-02 5.06191958e-03 1.74203753e-02 1.79070963e-02
1.35700181e+02 -3.17601733e-02 1.95616847e-02 -4.55180496e-03 7.24777084e-03 1.21252440e-02 1.87635980e-02
1.38395806e+02 -2.12405566e-02 -3.05649469e-02 1.79602805e-02 2.83529636e-03 4.21035399e-03 2.31646674e-02
1.41087962e+02 -1.69274008e-02 -1.08616185e-02 -5.72288027e-02 2.26853421e-04 1.69964332e-03 1.40493158e-02
1.43780228e+02 -3.03018904e-02 -1.59328117e-02 1.91397127e-02 4.36274756e-03 5.20656390e-03 2.09021140e-02
1.46462759e+02 -1.19255388e-02 -1.74755032e-02 1.15330817e-02 1.94519969e-02 2.50204152e-02 1.47121824e-02
1.49161728e+02 4.08525017e-03 -2.03431829e-02 2.35084538e-02 1.18410916e-02 2.03291196e-02 1.16145222e-02
1.51875150e+02 -2.68060848e-02 1.26476851e-02 1.85206090e-02 1.82735936e-02 2.07284770e-02 1.96259625e-02
1.54577728e+02 -2.23914827e-02 1.05761449e-02 6.09861633e-03 1.37016273e-02 2.52084617e-02 1.65355343e-02
1.57283478e+02 -1.77526495e-02 5.32736774e-02 -2.11614687e-02 2.05088345e-02 2.03088148e-02 1.27461506e-02
1.59991572e+02 -1.35282498e-02 2.53799500e-03 1.66823576e-02 1.44080018e-02 1.92049813e-02 1.34982062e-02
1.62699165e+02 -2.47734256e-02 2.31821695e-02 2.64598440e-02 1.39821997e-02 1.59036897e-02 1.87330057e-02
1.65393056e+02 -2.63735514e-02 -1.09110174e-02 5.67289537e-02 9.87084804e-03 1.96037374e-02 7.55710996e-03
1.68079775e+02 1.40353992e-02 -6.49761772e-03 3.24382612e-02 1.24630987e-02 1.64723549e-02 2.24993074e-02
1.70794228e+02 1.28346132e-03 5.92698769e-03 -5.35134488e-03 1.14549684e-02 1.84250287e-02 8.28691978e-03
1.73487134e+02 1.94600775e-02 -8.87500266e-03 5.11790633e-04 1.91130650e-02 1.53888794e-02 2.70688697e-02
1.76186900e+02 -4.49022872e-02 1.01914423e-02 3.10152123e-02 1.01446621e-02 2.16217880e-02 5.43494929e-03
1.78891259e+02 -4.05735630e-02 2.02390417e-02 1.57546614e-02 8.77464726e-03 2.43373882e-02 2.06463735e-02
1.81601743e+02 -8.07757863e-02 -8.88334628e-03 -6.40549405e-03 1.35014348e-02 2.01299152e-02 1.22890013e-02
1.84304915e+02 -4.58512201e-02 -3.79796975e-02 -1.97999547e-02 1.59061904e-02 1.45767677e-02 9.51122186e-03
1.87013634e+02 -8.58965969e-02 -5.62333913e-02 -1.05320390e-02 6.34993884e-03 1.58209149e-02 1.57186466e-02
1.89711759e+02 -6.05841499e-03 -2.74082597e-02 1.22115619e-03 1.50582034e-02 2.24703489e-02 1.48081115e-02
1.92412868e+02 6.65650163e-03 1.41145504e-03 -6.77436440e-03 3.61273581e-03 2.46502205e-02 1.02185107e-02
1.95127665e+02 -3.02654187e-02 1.88457337e-02 -2.32682946e-02 6.02081452e-03 1.66951298e-02 1.42059239e-02
1.97830618e+02 -3.30480520e-02 -1.09130856e-02 -3.41392941e-02 8.64503209e-03 1.70073703e-02 1.37336264e-02
2.00542634e+02 -5.08252666e-02 -3.66947048e-03 -2.04865672e-02 8.82243505e-03 9.88079864e-03 1.01155315e-02
2.03238556e+02 -9.73663535e-03 -3.96084117e-02 3.30449590e-03 2.31161841e-02 1.47460311e-02 1.35648537e-02
2.05948368e+02 3.03281018e-03 3.77094403e-02 -1.21298646e-02 6.52510499e-03 1.60245794e-02 9.75440202e-03
2.08645165e+02 -3.82784497e-02 1.75784266e-02 5.62720001e-03 7.64285946e-03 1.29019434e-02 1.23035795e-02
2.11349353e+02 -5.78842316e-02 8.29550292e-03 -9.34774782e-03 1.38757391e-02 1.26591050e-02 3.96130911e-03
2.14037212e+02 -7.73823712e-02 8.94625233e-03 5.83176374e-03 8.03619383e-03 1.93825875e-02 1.29065901e-02
2.16729759e+02 -1.23475126e-02 2.79254901e-02 4.78188488e-02 1.47445068e-02 2.39444923e-02 9.24350634e-03
2.19425587e+02 -1.39125346e-03 -4.46292701e-02 5.74602340e-02 1.61537905e-02 2.20712013e-02 1.64543690e-02
2.22122462e+02 5.40782318e-02 6.80362099e-03 9.09266739e-02 1.58811893e-02 1.95492374e-02 1.09309725e-02
2.24824228e+02 3.12123523e-02 2.46905857e-02 4.83403539e-02 7.17260536e-03 2.07838648e-02 1.13395238e-02
2.27523462e+02 2.46034235e-02 4.01979071e-02 5.24447740e-02 9.34872510e-03 2.04590982e-02 1.85192055e-02
2.30215056e+02 1.62302824e-02 -4.57687059e-05 5.34075313e-03 6.46470349e-03 2.27327878e-02 1.53578228e-02
2.32919868e+02 -5.05704389e-02 1.62338807e-02 -2.83290953e-02 3.06013870e-03 2.45951570e-02 6.59340471e-03
2.35624197e+02 -7.52015460e-02 -6.50557531e-06 -4.23370387e-02 5.33578229e-03 2.49053784e-02 2.39539469e-02
2.38317259e+02 2.39337844e-02 9.48496030e-04 -4.68094902e-02 7.76105685e-03 1.74354368e-02 1.58153298e-02
2.41023431e+02 1.15473164e-02 6.80340238e-04 5.96237387e-03 8.11506509e-03 2.30885339e-02 2.23032180e-02
2.43722634e+02 6.43157363e-02 2.09510644e-02 1.18998921e-02 1.35354572e-02 2.07757573e-02 6.85150864e-03
2.46418868e+02 3.31212286e-02 8.83617869e-03 3.14585726e-02 7.91096308e-03 2.08882983e-02 1.56310147e-02
2.49121009e+02 1.88652419e-02 7.72373425e-03 5.08807087e-02 5.48224202e-03 1.86953583e-02 6.51843141e-03
2.51824634e+02 -4.97942744e-02 7.24329391e-03 2.11916854e-02 7.73134147e-03 9.91764914e-03 3.10978752e-03
2.54532697e+02 -7.75299292e-02 2.16939165e-02 -5.52084468e-03 1.25264829e-02 1.22193504e-02 1.35057023e-02
2.57222056e+02 -4.54411245e-02 -1.87623270e-02 -1.47576194e-02 1.64346389e-02 1.78104534e-02 5.92207010e-03
2.59924259e+02 -7.43773752e-02 -1.27308161e-02 2.37103511e-03 5.98679534e-03 1.30820135e-02 1.27055673e-02
2.62621197e+02 -1.23894244e-02 -8.51492946e-03 3.47443921e-02 1.02233487e-02 1.53479860e-02 1.09600596e-02
2.65326431e+02 -2.60068775e-02 5.04255043e-03 2.53201312e-02 9.65235954e-03 2.48303057e-02 1.00539369e-02
2.68028328e+02 -3.94524665e-03 -8.59580534e-04 3.63956958e-02 1.78454339e-02 2.31991496e-02 7.34319422e-03
