6.61858789e-01 -2.57485911e-02 3.58657269e-02 1.95647146e-02 6.07174479e-03 2.70572879e-02 1.56727565e-02
3.36133149e+00 7.98394665e-03 1.11907610e-02 -1.85979493e-04 2.32800582e-03 2.50667633e-02 2.25583786e-02
6.06006946e+00 -1.44333630e-02 2.51151870e-03 -1.57907651e-03 1.40914509e-02 1.82127852e-02 8.16364189e-03
8.75665571e+00 -1.36976813e-02 4.31655035e-02 1.70812849e-02 3.87995575e-03 1.80210017e-02 1.50741031e-02
1.14651988e+01 -3.08154875e-02 1.35916711e-02 -2.60063548e-02 5.98764745e-03 1.82614371e-02 1.62282453e-02
1.41645426e+01 -1.06752836e-02 -1.81336757e-03 -1.60603048e-02 5.58660794e-03 1.30530754e-02 6.36894205e-03
1.68690113e+01 -3.58430093e-02 -1.43190432e-02 -2.40659607e-02 1.17864677e-03 1.46910370e-02 1.20702639e-02
1.95668238e+01 -9.99609021e-03 -3.56979680e-02 -2.32397627e-02 7.87251734e-03 1.67475502e-02 1.51162527e-02
2.22758832e+01 -3.03316413e-02 -3.58073676e-02 -5.08995049e-02 1.23442359e-02 2.24038291e-02 1.79080877e-02
2.49729270e+01 -2.41274629e-02 2.97462400e-03 -4.23988629e-02 1.50551170e-02 1.75647533e-02 4.99636022e-03
2.76718785e+01 5.44221023e-03 1.77565785e-02 -3.00478714e-02 1.32699894e-02 2.24741239e-02 8.29514402e-03
3.03709848e+01 2.22094101e-02 2.96489122e-02 1.44772675e-02 1.45232953e-02 1.76630256e-02 6.63200704e-03
3.30666301e+01 4.40213403e-02 7.01429667e-02 2.01054336e-02 2.26552938e-02 1.98944752e-02 1.20601774e-02
3.57752988e+01 -4.74921413e-03 1.95347893e-02 1.93046028e-02 9.36622205e-03 1.47908931e-02 7.69367064e-03
3.84723582e+01 1.47622642e-02 4.36905487e-03 -1.65375518e-03 1.56632007e-02 1.96964393e-02 1.09699660e-02
4.11754207e+01 2.71500861e-02 -6.36663805e-03 2.58056710e-02 1.68226714e-02 1.70691947e-02 1.14624003e-02
4.38848020e+01 -1.02657877e-02 -3.59166813e-02 -1.30396160e-03 2.64307473e-02 1.44103969e-02 7.39354135e-03
4.65845957e+01 1.53279954e-02 5.28888854e-03 -5.99620702e-02 1.04730142e-02 1.80492231e-02 8.71422132e-03
4.92866113e+01 1.58632246e-02 -1.18873727e-02 -3.29655676e-02 1.37041133e-02 1.63882240e-02 6.75563884e-03
5.19855207e+01 6.04709484e-03 2.68898599e-02 -2.07431396e-03 9.11407546e-03 1.80519626e-02 1.60108347e-02
5.46864879e+01 5.09376720e-04 -5.39433537e-03 1.14217834e-02 1.40382930e-02 1.57269440e-02 1.08629678e-02
5.73966738e+01 3.06039361e-02 -2.15692823e-02 -1.18317195e-02 2.26649940e-02 1.06531077e-02 9.24679868e-03
6.01069723e+01 1.37173993e-02 1.47973446e-02 -1.17720974e-02 7.27980759e-03 9.64076660e-03 8.17245813e-03
6.28224363e+01 -7.00462262e-04 1.67465919e-02 -2.77332628e-02 1.65163304e-02 9.79290400e-03 5.83497482e-03
6.55208551e+01 -5.05541069e-03 2.20445497e-02 -3.08842470e-02 1.24822777e-02 1.39422252e-02 3.85543536e-03
6.82235566e+01 3.17564050e-05 -1.88080833e-02 -9.35570200e-03 1.50662968e-02 1.58884417e-02 1.02151190e-02
7.09152613e+01 -4.59790646e-03 9.04099695e-03 1.62175886e-03 1.69927689e-02 1.93613087e-02 6.65804755e-03
7.36110004e+01 8.07809119e-03 -2.26678438e-02 -9.74306135e-04 1.38266690e-02 2.58372075e-02 1.24762917e-02
7.63138473e+01 -1.85430429e-02 2.30735990e-02 -3.65958642e-02 1.15118217e-02 2.53523982e-02 1.43015245e-02
7.90147082e+01 -3.04436856e-05 4.30035879e-02 -2.07248253e-02 1.01277927e-02 2.23537191e-02 2.29214715e-02
8.17054785e+01 3.79927547e-02 1.77779807e-02 -9.73276944e-03 6.92410030e-03 1.82612823e-02 8.85490451e-03
8.44054988e+01 5.06163568e-02 -6.00259503e-03 -3.26271476e-02 1.31423481e-02 2.36183599e-02 1.50209017e-02
8.71018207e+01 1.61029555e-02 -1.36403920e-02 1.93286125e-02 1.00143898e-02 1.57155628e-02 1.61312628e-02
8.98024582e+01 2.25673208e-02 3.46241626e-03 4.59827538e-03 1.07713197e-02 1.82524762e-02 4.25494518e-03
9.25000379e+01 -3.87516725e-03 2.33044322e-03 -3.11574359e-02 2.15133687e-02 8.45582081e-03 1.54702568e-02
9.52029051e+01 2.90981243e-02 -7.25754410e-03 -2.86280206e-02 8.65609446e-03 9.63679041e-03 8.84014305e-03
9.79016051e+01 1.58986264e-02 -4.43294408e-02 -2.31419364e-03 1.97202243e-02 1.14478318e-02 9.27638878e-03
1.00591685e+02 3.68050024e-02 -8.81091607e-03 6.15573017e-02 1.49063038e-02 1.56464146e-02 1.22389732e-02
1.03298888e+02 2.09258457e-02 -1.75313803e-02 -3.61155903e-03 7.68130514e-03 2.30037570e-02 9.13154764e-03
1.06010075e+02 9.62995590e-03 -4.03657673e-03 -1.84124644e-02 1.26054376e-02 1.55080678e-02 6.29790804e-03
1.08716013e+02 3.01057096e-03 2.46846652e-02 -6.50505563e-02 8.26384516e-03 1.58081126e-02 1.37296045e-02
1.11423200e+02 1.12146783e-02 -3.36511897e-02 -4.01666726e-02 1.07492033e-02 2.29440444e-02 2.39145932e-02
1.14120435e+02 5.81232260e-03 1.22270524e-03 -4.92724761e-02 1.48238811e-02 2.34871048e-02 7.92661361e-03
1.16824200e+02 -1.01439999e-02 2.52042812e-02 -2.66058885e-02 7.77414498e-03 1.54745346e-02 1.49687289e-02
1.19515669e+02 3.00961645e-02 -6.86490065e-03 4.31135838e-03 1.70835079e-02 2.28521967e-02 6.89483882e-03
1.22214544e+02 2.67287827e-02 2.91581636e-02 3.20930248e-02 6.84960866e-03 2.13836596e-02 1.71951564e-02
1.24921138e+02 -1.80625655e-02 -5.61627060e-02 1.15337409e-02 5.32162867e-03 1.79113792e-02 1.05303351e-02
1.27620810e+02 1.68120652e-03 -3.18210471e-02 -1.91214833e-02 8.93952037e-03 2.00392761e-02 2.12081820e-02
1.30317825e+02 -4.30449421e-02 -5.23282653e-02 -7.39595761e-03 4.82318105e-03 2.26694725e-02 1.70533481e-02
1.33006169e+02 1.03755226e-02 -4.60661349e-02 -7.94822143e-03 9.00504334e-03 3.03196664e-02 1.86095784e-02
1.35706216e+02 -7.50001984e-02 -3.69166136e-02 2.28375880e-02 4.16826431e-04 2.51618799e-02 2.36902470e-02
1.38405794e+02 -6.42844440e-02 1.40433750e-03 1.65927734e-02 3.82768288e-03 3.30938164e-02 1.71115034e-02
1.41096622e+02 -4.18409811e-02 3.56389112e-02 1.95649080e-02 4.18575851e-03 2.24672084e-02 2.28146731e-02
1.43790060e+02 6.91229204e-03 1.41525641e-02 3.80675392e-02 4.52964959e-03 2.55466600e-02 1.72273168e-02
1.46483060e+02 -9.95816838e-03 5.76260989e-03 2.96401071e-02 1.10393932e-02 1.51634007e-02 6.35173034e-03
1.49177013e+02 -1.29412542e-02 1.19060843e-02 4.48161436e-02 1.34522502e-02 1.78639725e-02 9.37402258e-03
1.51873669e+02 2.02797878e-03 4.81341112e-02 3.96005406e-02 7.85247306e-03 1.75577476e-02 1.10143023e-02
1.54578700e+02 4.84420574e-02 1.77982762e-03 4.08309082e-02 9.23876023e-03 1.48385885e-02 9.91472207e-03
1.57278435e+02 3.58472542e-02 -1.91860162e-02 -2.23184010e-03 1.09422954e-02 1.67002700e-02 9.80873160e-03
1.59981435e+02 -4.50125265e-03 3.48171346e-02 2.89023031e-03 5.46775496e-03 9.74840524e-03 1.40149963e-02
1.62684310e+02 -5.69020881e-03 5.28442267e-02 -7.62954209e-03 8.32246292e-03 8.64840814e-03 2.22357901e-02
1.65392013e+02 1.57038829e-03 3.54636619e-02 -2.35414653e-02 1.02082263e-02 2.19782388e-02 9.07517908e-03
1.68100310e+02 -2.15315782e-03 5.71426175e-02 2.52536239e-03 2.18617392e-02 1.78842157e-02 2.45470827e-02
1.70811107e+02 2.77216739e-02 1.59286675e-02 3.37183882e-02 9.47489345e-03 1.16957425e-02 8.79789786e-03
1.73507310e+02 1.56238829e-02 1.90652161e-02 -1.47754552e-02 9.56834297e-03 2.47596256e-02 8.67384997e-03
1.76208732e+02 1.31876531e-02 -1.94229341e-02 6.52774207e-02 1.05470474e-02 1.61200828e-02 5.74636920e-03
1.78910997e+02 4.60263586e-03 -1.17358473e-02 -7.67383320e-03 9.41997274e-03 2.01564014e-02 6.32502031e-03
1.81616919e+02 6.99852982e-03 -5.87034089e-02 4.13135034e-02 2.02107929e-02 3.22934359e-02 4.31116145e-03
1.84325263e+02 2.49257586e-02 -2.83060731e-02 1.90329830e-02 1.29757160e-02 3.35007603e-02 1.24400075e-02
1.87025154e+02 1.81572559e-02 4.32770397e-03 5.02819940e-02 9.18258684e-03 1.65581044e-02 5.53498859e-03
1.89729232e+02 2.80332299e-02 -2.95635074e-02 6.37303486e-02 1.13085217e-02 1.86920847e-02 8.99506226e-03
1.92430888e+02 1.31479692e-02 -7.31752182e-03 2.07735030e-02 6.74898596e-03 1.13610518e-02 1.91927474e-02
1.95136950e+02 -5.28929200e-03 -1.25885863e-02 -4.59516245e-03 1.29478723e-02 1.47034894e-02 1.28603841e-02
1.97829138e+02 3.15548097e-02 9.66830382e-03 -2.43744892e-03 7.91500481e-03 9.90058017e-03 1.63116777e-02
2.00525200e+02 6.20878580e-03 -1.56994975e-02 1.89931826e-02 9.53873943e-03 1.51971451e-02 1.56100405e-02
2.03229060e+02 9.76811385e-03 -6.15586210e-03 -2.26694356e-02 8.46005013e-03 1.80569663e-02 3.81618770e-03
2.05920794e+02 -1.88527187e-02 7.87517361e-03 -1.88077313e-02 1.73039186e-02 2.29712664e-02 2.01717635e-02
2.08615247e+02 2.91041144e-02 5.77966555e-02 -2.70427299e-03 7.81856915e-03 1.66528309e-02 5.92299768e-03
2.11319716e+02 1.16653663e-02 -7.42420721e-03 -3.85736987e-02 6.81316554e-03 1.28172774e-02 1.62968892e-02
2.14019232e+02 1.69274904e-02 4.53834723e-02 -7.50484333e-03 1.00091794e-02 2.08569474e-02 8.10073816e-03
2.16710794e+02 -7.77231018e-03 2.28724619e-02 2.64077779e-02 1.48977429e-02 2.04720518e-02 1.48900739e-02
2.19404341e+02 -1.60930502e-02 1.69322799e-02 5.14972327e-02 6.73520831e-03 1.47151991e-02 7.20924786e-03
2.22103091e+02 2.32622514e-04 -2.48896420e-02 6.91654747e-02 7.44206859e-03 1.69713856e-02 1.88690668e-02
2.24803997e+02 1.97828855e-02 -3.02362618e-02 7.12888729e-02 1.37084027e-02 1.60417395e-02 2.35102725e-02
2.27510279e+02 2.32610427e-02 7.54831056e-04 1.76462740e-02 1.06424769e-02 1.92388390e-02 4.61413805e-03
2.30218841e+02 9.94717765e-03 3.42920685e-02 -1.75830697e-03 1.44058436e-02 1.15405351e-02 8.65648441e-03
2.32931794e+02 1.64544222e-02 1.29649939e-03 -2.01447863e-02 3.92308262e-03 1.06829491e-02 1.02968114e-02
2.35633825e+02 2.44567677e-03 3.37533585e-02 -4.54326532e-03 8.77426338e-03 2.07806652e-02 1.97446317e-02
2.38331279e+02 -1.42072470e-02 2.12580837e-02 6.40995269e-02 9.07876427e-03 1.53389157e-02 8.09899507e-03
2.41035888e+02 -5.50404674e-03 1.97506361e-02 4.38802370e-02 1.65803955e-02 1.82127522e-02 1.36391809e-02
2.43732013e+02 -3.64140619e-02 9.64868871e-03 6.97123010e-02 1.27402460e-02 2.23164524e-02 2.24087003e-02
2.46437169e+02 1.78128444e-02 -9.04049811e-03 4.43118132e-02 1.46083750e-02 1.92895029e-02 1.00648680e-02
2.49129060e+02 -2.28201162e-02 6.28794302e-03 4.47388594e-02 4.31985475e-03 1.06203630e-02 1.18293966e-02
2.51829044e+02 -3.36627593e-02 2.82166656e-03 5.49444932e-02 4.50753796e-03 1.54951545e-02 1.35807042e-02
2.54531982e+02 -2.41747249e-02 2.04333699e-03 9.52683697e-03 9.37123801e-03 1.84511910e-02 9.04182408e-03
2.57224560e+02 -1.26300552e-02 -1.52890704e-02 4.31571555e-02 1.52890921e-02 2.55006432e-02 1.10929517e-02
2.59910341e+02 -3.43694464e-02 -3.73759060e-02 1.85065900e-02 7.85778233e-03 1.87865222e-02 8.53630166e-03
2.62615763e+02 5.39875703e-02 4.67427622e-03 5.29793523e-03 9.81500242e-03 3.98184326e-02 1.35915433e-02
2.65305779e+02 3.05618371e-03 -4.80693857e-03 4.69856879e-02 5.79378108e-03 3.93632908e-02 9.64280626e-03
2.68010366e+02 3.34563943e-02 9.08942756e-03 3.31591942e-02 2.76262335e-03 3.96067815e-02 2.48188893e-02
