6.80679161e-01 1.69642486e-02 -2.68231129e-02 8.70769548e-03 9.56951517e-03 2.66768562e-02 1.76115880e-02
3.36986254e+00 -4.32009311e-03 -1.94155102e-02 4.99260356e-03 9.39885891e-03 2.75721029e-02 2.44213376e-02
6.06441223e+00 1.11480288e-02 8.23064444e-03 2.33407139e-03 3.93104379e-03 3.23773580e-02 1.29407055e-02
8.76064474e+00 -1.40228931e-02 -1.40163820e-02 3.98432128e-02 6.42170059e-03 2.90776908e-02 1.19047082e-02
1.14519541e+01 6.24141521e-03 5.69411544e-03 1.77984778e-02 1.08544628e-02 1.85450656e-02 2.30367783e-02
1.41490041e+01 1.88815968e-02 -2.84129973e-02 1.12516235e-02 7.09334798e-03 1.57542567e-02 8.94312617e-03
1.68479182e+01 9.93381026e-02 -7.16874285e-03 2.71010236e-02 2.19124099e-02 1.49549126e-02 1.80006034e-02
1.95510807e+01 8.90576563e-02 -5.87017027e-03 2.08944341e-02 1.60982105e-02 1.08518175e-02 3.53969347e-03
2.22527635e+01 3.68759487e-02 2.52649843e-02 -1.25516861e-02 8.87752577e-03 1.63002379e-02 1.69612275e-02
2.49559713e+01 5.66004781e-02 1.73832230e-02 -5.45028339e-02 9.31822170e-03 1.17959889e-02 1.09247856e-02
2.76593338e+01 7.93100526e-03 -2.18113445e-02 -2.86194041e-02 8.31903287e-03 1.38539820e-02 5.63544075e-03
3.03525604e+01 1.33997838e-02 -2.56176330e-02 -2.40120370e-02 6.55673875e-03 1.66254467e-02 6.95983094e-03
3.30616572e+01 -2.43506610e-02 -2.93918676e-02 -1.19704926e-03 1.29489417e-02 1.67608115e-02 1.33020547e-02
3.57618729e+01 2.42719509e-02 8.57426596e-03 -1.74909217e-02 1.11844081e-02 1.90340773e-02 7.50179539e-03
3.84539338e+01 -3.07008446e-02 -1.70526843e-02 -7.87837140e-03 2.50654040e-02 1.07108555e-02 1.20573907e-02
4.11783010e+01 -1.38523704e-02 2.57838753e-02 -2.72440544e-02 1.98775854e-02 1.15708364e-02 6.95107362e-03
4.38739666e+01 -1.78219206e-02 7.68163686e-02 1.75892379e-02 1.66350573e-02 1.24087706e-02 1.29449280e-02
4.65741682e+01 7.77149149e-02 -4.19179676e-03 -5.20433103e-03 2.11740218e-02 1.13225451e-02 1.07539091e-02
4.93005338e+01 -5.15045512e-02 -1.02499481e-02 -4.39572499e-02 2.52248154e-02 6.16308423e-03 4.49680625e-03
5.20095182e+01 2.59165674e-02 -1.40567191e-02 -4.25843951e-02 2.05611897e-02 6.68367542e-03 5.15073544e-03
5.47036400e+01 1.01974054e-02 2.12666819e-02 -4.47052418e-02 1.65199383e-02 8.27515488e-03 3.68610221e-03
5.74126572e+01 1.50143965e-02 2.25046220e-02 -9.43064823e-03 2.32953898e-02 1.30271650e-02 1.42281636e-02
6.01245322e+01 -2.70300520e-02 -6.83624441e-03 -9.29026329e-03 1.68065694e-02 1.37785249e-02 5.70983087e-03
6.28190682e+01 1.93678841e-02 -1.00050841e-02 4.41024412e-02 2.76123954e-02 1.27897971e-02 1.10842766e-02
6.55196197e+01 3.66534937e-02 -2.10894728e-02 4.34380466e-02 1.49261282e-02 1.35866277e-02 8.45485295e-03
6.82262307e+01 2.31486306e-02 -1.35404454e-03 3.80762792e-02 2.66656393e-02 1.59611351e-02 1.03309559e-02
7.09198150e+01 1.57952834e-02 -1.97000703e-02 2.49817644e-02 5.29210434e-03 1.12466199e-02 1.23339171e-02
7.36278869e+01 1.68869054e-02 1.79858385e-02 -5.24954494e-02 9.09614212e-03 1.55449479e-02 1.46606474e-02
7.63287557e+01 -4.90984039e-02 2.05024081e-02 1.18257573e-02 3.29035850e-03 1.30847306e-02 1.30732008e-02
7.90218010e+01 2.85738604e-02 -3.42167993e-02 -5.72456651e-03 9.00561643e-03 2.23266844e-02 6.86205122e-03
8.17180994e+01 -1.28168332e-03 -1.96680859e-02 -6.27016221e-03 1.28517076e-02 1.96184364e-02 1.83561908e-02
8.44119760e+01 5.47301557e-02 2.10668954e-02 2.83538484e-02 1.25093099e-02 1.64034119e-02 8.16914853e-03
8.71218338e+01 1.58794073e-02 4.80822569e-02 -8.65908210e-03 1.40950461e-02 1.15916814e-02 1.99563690e-02
8.98220088e+01 4.48284834e-02 5.66580114e-02 3.42091442e-02 6.31149612e-03 1.73727309e-02 1.44472866e-02
9.25232275e+01 3.82137283e-02 1.78408691e-02 2.96170899e-02 5.18214702e-03 2.47236916e-02 1.41817997e-02
9.52220525e+01 -3.58573900e-03 -1.69772432e-02 4.29878942e-02 1.54781967e-02 2.56649395e-02 1.75470321e-02
9.79203135e+01 -1.80385146e-02 -1.22213863e-02 3.05256828e-02 1.31077465e-02 1.38767348e-02 4.59101560e-03
1.00606812e+02 -2.60192483e-02 -2.37756087e-02 2.25899537e-02 5.29991371e-03 2.46917872e-02 1.53340839e-02
1.03301281e+02 -8.44924922e-03 6.49758712e-03 7.29777367e-03 1.04990891e-02 2.49554904e-02 7.03826904e-03
1.06001140e+02 -2.36576238e-02 1.05610328e-02 7.63057850e-03 2.20105531e-02 3.00437029e-02 1.84588062e-02
1.08699656e+02 -3.61863438e-02 -8.78744440e-03 -1.19401190e-02 1.29309454e-02 1.54532855e-02 1.35968401e-02
1.11401218e+02 -5.62403952e-03 2.20793014e-02 -6.20505922e-02 1.49010284e-02 1.33258897e-02 4.21941522e-03
1.14101843e+02 -4.72157825e-03 6.63917399e-03 -4.01158096e-02 2.17465812e-02 1.07435344e-02 1.26718493e-02
1.16802703e+02 5.02681929e-02 -1.84900551e-02 -1.27566694e-02 1.21736846e-02 1.54947140e-02 6.24837026e-03
1.19514640e+02 -1.12275764e-02 -2.69188168e-02 2.16391593e-02 1.21683249e-02 1.42914538e-02 1.80335035e-02
1.22219499e+02 9.64611425e-02 -7.11862861e-02 -1.20374454e-02 6.71585972e-03 1.90732216e-02 1.58471727e-02
1.24923015e+02 5.68210485e-02 -2.63253936e-02 1.75803642e-02 2.47450025e-02 2.09325850e-02 1.60477711e-02
1.27630531e+02 4.31937131e-02 -3.39759096e-02 -1.02081464e-02 1.22038256e-02 1.63428984e-02 2.59588059e-02
1.30326359e+02 -1.47553985e-02 2.21737207e-02 -2.74485304e-02 1.82831442e-03 1.64196274e-02 2.37457646e-02
1.33024078e+02 -2.59900459e-02 4.44442001e-02 1.03235462e-02 1.83643587e-02 2.32515487e-02 1.34949605e-02
1.35707546e+02 6.14810419e-02 9.90658559e-03 2.40978045e-02 9.51716788e-03 1.71224765e-02 1.85974366e-02
1.38403093e+02 2.44643811e-02 -1.71872740e-02 -1.05054446e-03 1.41545885e-02 2.01285148e-02 7.79524300e-03
1.41101406e+02 -4.04861507e-03 -3.27926479e-02 -2.32977226e-02 2.34974444e-02 1.51730532e-02 7.18411390e-03
1.43804062e+02 -3.96031687e-02 -4.38659700e-02 -3.22753553e-02 5.41309884e-03 1.05572742e-02 4.99074860e-03
1.46504609e+02 3.07156280e-02 8.50854006e-03 4.46468765e-02 8.03444792e-03 2.81641919e-02 1.06422992e-02
1.49206765e+02 1.90722154e-02 4.13641018e-02 4.65595400e-02 8.64483176e-03 2.03997927e-02 1.88751172e-02
1.51909906e+02 1.51579840e-02 1.42907467e-02 7.71911121e-03 8.44654155e-03 1.70747476e-02 7.69745434e-03
1.54602640e+02 -9.05651999e-03 -2.18077881e-02 -3.22621148e-02 7.24212871e-03 2.08449948e-02 9.27495336e-03
1.57304437e+02 -1.53360334e-02 -4.17924854e-02 -1.88854402e-02 9.15698574e-03 2.47486922e-02 1.50841129e-02
1.59996499e+02 -1.72882692e-04 -2.86379310e-02 -4.50126815e-03 1.43465569e-02 2.53360891e-02 1.00469245e-02
1.62688453e+02 -5.14330063e-03 2.50542367e-02 4.85071530e-02 2.48052487e-02 2.37656724e-02 1.02231597e-02
1.65395484e+02 5.19371531e-03 -1.64777372e-04 3.69413247e-02 1.04542337e-02 2.09395660e-02 4.60578826e-03
1.68106265e+02 -6.22380327e-03 -2.03064751e-02 3.37778404e-02 1.00651706e-02 1.34270321e-02 5.60027610e-03
1.70812343e+02 -1.14155382e-02 3.12263797e-02 -2.61394955e-02 5.44156997e-03 1.83386356e-02 9.46133761e-03
1.73518812e+02 1.32580060e-03 2.09501515e-02 -5.98362017e-03 1.03801386e-02 1.96728558e-02 8.87834713e-03
1.76224203e+02 2.22716317e-02 6.96958733e-03 7.98930386e-03 8.02134479e-03 2.78468448e-02 1.01622933e-02
1.78924437e+02 1.01159907e-02 -3.51867483e-02 5.80862749e-02 1.37971379e-02 3.14313038e-02 6.82285588e-03
1.81642265e+02 3.96516097e-02 -1.64904863e-02 2.44497525e-02 1.12954846e-02 2.23988208e-02 3.05431095e-03
1.84340359e+02 -2.69056388e-03 8.12460984e-03 -4.78501774e-02 1.26407641e-02 2.83066103e-02 3.83693834e-03
1.87029499e+02 -1.72671494e-02 8.43212733e-03 -3.01979479e-02 1.33650013e-02 3.17459817e-02 6.72521884e-03
1.89733046e+02 2.04478080e-02 -2.05255262e-03 -1.80950080e-02 1.25340356e-02 2.21064917e-02 2.65830855e-03
1.92436796e+02 3.68026647e-02 -2.67456536e-02 4.76608841e-02 4.50093585e-03 1.71605413e-02 4.39930396e-03
1.95133406e+02 4.92415378e-02 2.34064661e-02 -2.02778527e-02 1.23128992e-02 2.50176623e-02 4.92552118e-03
1.97833281e+02 3.17657884e-02 -4.70266526e-02 1.26776105e-02 2.92474080e-03 1.51355592e-02 5.56464061e-03
2.00542218e+02 3.48652101e-02 -5.51617337e-03 -5.07145051e-02 1.20482755e-02 1.49812058e-02 2.21673464e-02
2.03234046e+02 8.31939215e-03 -1.53064107e-02 3.87150051e-02 9.82744507e-03 1.80618602e-02 2.76364611e-02
2.05949187e+02 4.69983359e-02 7.89090461e-03 1.56233030e-02 8.83579169e-03 1.36772203e-02 1.54819177e-02
2.08647937e+02 2.00202616e-02 -1.70263758e-03 2.33225439e-02 5.76547408e-03 1.09863181e-02 1.92532809e-02
2.11348765e+02 3.10021050e-03 3.03436658e-02 3.28129268e-02 1.08288674e-02 1.56103828e-02 1.39055671e-02
2.14044578e+02 6.53073918e-03 9.07345479e-03 2.64754816e-02 7.48369230e-03 1.59349072e-02 2.32893701e-02
2.16738687e+02 6.93804781e-03 1.38454960e-02 9.33814173e-03 6.86235160e-03 1.79394023e-02 1.60782454e-02
2.19436062e+02 1.98755337e-02 -8.77710210e-03 4.13472926e-02 6.51249115e-03 2.12958111e-02 1.29398751e-02
2.22128296e+02 1.63150565e-02 2.49943816e-03 3.49498589e-02 2.09505243e-02 2.46005258e-02 4.13573895e-03
2.24834593e+02 4.79683641e-03 -3.34035696e-02 3.00512514e-03 6.19626194e-03 1.93247588e-02 8.35153856e-03
2.27549531e+02 6.55277733e-03 -1.61553917e-02 4.72334309e-03 1.71269626e-02 2.02532244e-02 4.35210842e-03
2.30248328e+02 -5.56993216e-05 -5.95954086e-03 2.73877642e-02 1.26864969e-02 1.79952957e-02 7.97999386e-03
2.32951718e+02 -1.96484402e-02 1.06273689e-03 -3.38624293e-02 1.10859730e-02 1.58302547e-02 1.17027010e-02
2.35654734e+02 -2.89195364e-02 -3.54429193e-02 -7.84363592e-03 1.48792226e-02 1.19636058e-02 3.49420799e-03
2.38341484e+02 -2.93649661e-02 2.71920313e-02 -1.66992775e-02 5.55732246e-03 1.26536892e-02 1.17254038e-02
2.41037999e+02 -4.45738767e-02 -4.77686615e-02 7.09577427e-02 1.40539096e-02 1.62574928e-02 5.36749329e-03
2.43740093e+02 -9.45329619e-03 -3.80936628e-02 3.87669683e-02 2.77672741e-03 9.52025926e-03 1.78380665e-02
2.46440312e+02 -1.36499767e-02 -1.45849688e-02 4.93325093e-02 1.15570378e-02 2.07476718e-02 4.63116160e-03
2.49133374e+02 -1.92406438e-03 -1.12075426e-02 1.34606700e-03 4.42675233e-03 2.50009957e-02 1.45237343e-02
2.51842656e+02 1.46802399e-02 3.51800737e-02 3.22280597e-02 1.37505901e-02 2.63301367e-02 1.17619773e-02
2.54553140e+02 1.24956752e-02 1.34493712e-02 1.01281587e-02 8.82028586e-03 1.56407857e-02 1.07048932e-02
2.57256249e+02 2.37315523e-03 4.21894844e-02 -1.15131145e-02 2.89700997e-03 1.13785973e-02 2.28416654e-02
2.59955499e+02 5.41407682e-03 1.33179128e-02 3.07875833e-02 4.86549435e-03 1.47281992e-02 8.37513122e-03
2.62656843e+02 -3.38643955e-02 -4.92368834e-02 1.60305873e-02 3.35624442e-03 1.85717426e-02 1.16006900e-02
2.65357234e+02 8.44330100e-03 -3.08655022e-02 2.84409701e-02 1.63247325e-02 1.53959926e-02 1.48093221e-02
2.68055063e+02 -1.37691779e-03 5.50814972e-03 2.35340107e-02 1.58902880e-02 2.03014209e-02 2.05566316e-02
