6.83086168e-01 -6.23532158e-04 -2.24835791e-02 -1.57020330e-02 1.05719250e-02 2.58785522e-02 2.87781324e-02
3.37266142e+00 -2.34277856e-03 -1.26225748e-02 -2.35053966e-02 5.23300504e-03 3.37985494e-02 1.49783936e-02
6.06057705e+00 -1.36542840e-02 1.31056492e-02 -2.96008851e-02 8.81317537e-03 3.22803577e-02 2.39950866e-02
8.75398017e+00 1.45598743e-02 -5.36988108e-03 7.06318976e-03 1.07560528e-02 2.72325157e-02 1.08127090e-02
1.14449541e+01 3.14067276e-02 -8.10098326e-03 1.95615707e-02 8.31304249e-03 1.56707485e-02 6.67572769e-03
1.41603760e+01 4.07425431e-02 7.53648052e-03 -2.60026939e-02 1.73374885e-02 1.23914637e-02 1.26013042e-02
1.68477510e+01 5.55445027e-02 1.53753553e-02 7.31878581e-03 1.47303073e-02 1.20350727e-02 2.98504660e-03
1.95473681e+01 8.66945796e-02 1.99726339e-02 2.71142904e-03 1.52216339e-02 1.86845766e-02 1.22911782e-02
2.22536385e+01 7.58563072e-02 1.41202902e-02 -9.47606767e-03 1.18480590e-02 1.50701985e-02 9.37456369e-03
2.49441275e+01 6.53857036e-02 1.99223939e-02 -2.22612562e-02 9.61006800e-03 1.84938601e-02 1.21318612e-02
2.76443635e+01 6.23355773e-02 -3.01462497e-02 -9.93159778e-03 1.05499449e-02 9.47453135e-03 6.69185746e-03
3.03563072e+01 1.48492661e-02 -6.04047468e-02 -2.44627462e-02 9.38040346e-03 1.26563947e-02 1.00633769e-02
3.30644541e+01 -2.42707018e-02 -5.86433329e-02 -3.17149799e-02 1.49820426e-02 1.17720145e-02 9.41108744e-03
3.57605478e+01 -1.53891707e-02 -1.22883301e-02 -2.42727882e-02 2.24674943e-02 1.86197241e-02 9.70750367e-03
3.84573978e+01 -6.65983226e-03 -2.00837532e-02 -1.40270505e-02 1.14553464e-02 8.70698608e-03 6.11113096e-03
4.11586181e+01 1.73632719e-02 2.74819240e-02 -2.17816886e-02 1.95182108e-02 1.24753511e-02 4.33849284e-03
4.38651588e+01 -8.79522097e-03 4.95836493e-02 -1.63752133e-02 7.41863794e-03 1.17214679e-02 1.30805208e-02
4.65719463e+01 4.63418147e-02 -8.32482161e-03 -8.83241701e-03 2.20986655e-02 1.31862304e-02 1.72049276e-02
4.92746072e+01 3.06943742e-02 -1.81329314e-02 -9.78527546e-04 1.61241711e-02 8.46592854e-03 5.12342018e-03
5.19931213e+01 1.92061607e-02 4.11320600e-03 -1.18455293e-02 2.33103491e-02 1.25050583e-02 6.69426488e-03
5.47114322e+01 -2.87495036e-02 3.49521436e-02 -1.76853753e-02 1.16668737e-02 4.77677367e-03 6.66582260e-03
5.74154056e+01 -3.05945102e-02 2.81381082e-02 -7.66221307e-03 1.81191125e-02 1.41973620e-02 1.29201542e-02
6.01210978e+01 -3.03143960e-02 -4.75219604e-03 2.86211676e-03 1.58474569e-02 1.05385362e-02 3.69986279e-03
6.28101338e+01 9.66302308e-03 -1.03298704e-02 6.12489139e-02 1.33590792e-02 9.39000516e-03 1.27846261e-02
6.55113994e+01 3.44939457e-02 -3.18463656e-02 2.86955792e-02 1.80534994e-02 1.39923542e-02 8.67757484e-03
6.82135978e+01 4.42236615e-02 -7.81005135e-03 -1.10370430e-02 2.48316165e-02 6.07956828e-03 5.01567795e-03
7.09124056e+01 1.75600326e-02 3.79344394e-03 -1.78297355e-03 1.27946668e-02 9.55621181e-03 7.70463182e-03
7.36160135e+01 1.33870133e-02 2.45244287e-02 9.17486230e-03 6.00283934e-03 1.79516483e-02 8.99157518e-03
7.63182244e+01 -5.15457453e-02 -1.42844046e-02 6.16092222e-02 9.79039540e-03 1.59705014e-02 2.35406177e-02
7.90134478e+01 1.51515002e-02 -1.34950738e-02 1.07743703e-03 6.09967674e-03 2.26479359e-02 1.03389477e-02
8.17033666e+01 -3.66838007e-02 3.88886450e-03 2.27040157e-02 8.53161781e-03 2.18749768e-02 2.04946051e-02
8.44121150e+01 -2.23449916e-03 6.88225527e-04 -1.07587583e-02 1.04227045e-02 2.25273797e-02 9.15773206e-03
8.71127181e+01 -6.06505812e-03 1.56033809e-02 -3.64046968e-02 1.32107703e-02 2.07021768e-02 5.96027280e-03
8.98153338e+01 4.05487392e-02 2.25808765e-02 5.28600601e-02 9.94518109e-03 2.19198665e-02 1.47729487e-02
9.25114713e+01 2.44979349e-02 2.13673896e-02 6.22960111e-02 6.23231001e-03 2.65203883e-02 9.80557595e-03
9.52154135e+01 -1.09690531e-02 -9.17367112e-03 1.51607241e-02 5.31767608e-03 2.06760432e-02 1.40863288e-02
9.79091369e+01 -4.74018173e-02 -1.68623611e-02 -1.22750622e-02 5.15500725e-03 1.95281493e-02 1.11280392e-02
1.00605674e+02 -3.58562960e-02 1.19760114e-02 -1.05539308e-02 1.10222613e-02 2.03346500e-02 1.13186131e-02
1.03292706e+02 -2.96266399e-02 2.76190859e-02 3.18074568e-03 1.69342899e-02 2.43616104e-02 1.15536866e-02
1.05987862e+02 4.44538418e-02 -9.68209229e-03 -8.69059812e-03 1.18309111e-02 2.31651929e-02 1.50396709e-02
1.08683362e+02 -6.47889119e-03 -1.17523072e-05 4.37322576e-02 1.51412278e-02 1.76316222e-02 1.10367732e-02
1.11390268e+02 9.17196996e-03 1.34856789e-02 -1.46788678e-02 6.47351238e-03 1.81266279e-02 8.06238008e-03
1.14099440e+02 -1.16631971e-02 3.22843935e-02 -2.54927075e-02 7.70708855e-03 1.54819380e-02 1.82491168e-02
1.16797799e+02 2.84756715e-02 -2.30786802e-02 -1.00941891e-02 1.43307901e-02 1.68553351e-02 4.99399028e-03
1.19505206e+02 4.32624575e-02 -2.37287458e-02 3.16104215e-02 2.03443628e-02 1.06564349e-02 1.41662221e-02
1.22217003e+02 2.03873278e-02 -3.03043385e-03 -2.70258483e-02 1.43919657e-02 1.83462924e-02 1.42010690e-02
1.24924331e+02 3.62376153e-02 4.61316209e-02 -2.55483597e-02 1.02646882e-02 1.70022587e-02 1.72105532e-02
1.27615143e+02 5.52246483e-02 2.96815072e-02 2.29246698e-02 1.36824075e-02 2.03098413e-02 1.39270668e-02
1.30307706e+02 1.12447159e-02 5.94916996e-02 -1.24104038e-02 4.00903719e-03 2.52726134e-02 1.32764451e-02
1.33001315e+02 1.16600469e-02 5.39325133e-02 2.28368070e-02 1.14433605e-02 2.22810734e-02 1.03818661e-02
1.35696674e+02 5.25646408e-03 3.15394169e-02 1.85890347e-02 3.33226844e-03 2.47898227e-02 1.30624181e-02
1.38392768e+02 9.06055659e-03 7.51375935e-03 -3.49448457e-03 1.05917211e-02 2.24231725e-02 2.01082597e-02
1.41084362e+02 -1.18046822e-02 -4.40416984e-02 -2.83590866e-02 1.08682723e-02 3.03971272e-02 1.28860299e-02
1.43791221e+02 -4.06074177e-02 6.81262299e-03 -3.10197474e-02 1.08620860e-02 1.82035886e-02 1.45705133e-02
1.46493784e+02 1.88294472e-03 -1.67743802e-02 8.99967311e-03 1.77079751e-02 2.57374857e-02 1.79304292e-02
1.49189940e+02 -6.33118308e-03 -1.42185490e-02 1.76667094e-02 1.32234982e-02 2.05063038e-02 1.37956487e-02
1.51896831e+02 -3.08256504e-02 -2.79861996e-02 4.02445715e-02 1.42947304e-02 2.37482423e-02 2.32026171e-03
1.54582971e+02 -6.81364205e-02 -1.83627390e-02 -3.82133580e-03 1.71648877e-02 2.19685977e-02 1.39949793e-02
1.57276737e+02 -5.17967394e-02 -5.16855056e-03 -3.00922413e-02 8.02786770e-03 1.99492861e-02 1.04310730e-02
1.59967862e+02 -2.82438203e-02 -3.41732717e-02 -1.12113463e-03 1.23417201e-02 3.09304869e-02 1.28785422e-02
1.62680128e+02 2.57135007e-02 -1.79769156e-02 4.89997199e-02 7.10799794e-03 4.04282854e-02 5.92290829e-03
1.65385753e+02 1.48398279e-02 -5.97397840e-02 9.69046333e-03 7.26198026e-03 2.05961341e-02 6.61173022e-03
1.68089924e+02 1.99396946e-02 -6.69483015e-02 1.06638576e-02 5.44024273e-03 1.40393921e-02 9.52263014e-03
1.70783378e+02 -4.08426513e-03 -1.80134325e-04 -4.70089245e-03 1.37772449e-02 2.60164794e-02 1.19782955e-02
1.73495971e+02 1.52346216e-02 -2.29734916e-02 -1.78093269e-02 8.75644687e-03 2.11872918e-02 1.19550837e-02
1.76204518e+02 1.50347227e-02 2.08838425e-02 2.51648229e-03 2.23934794e-02 3.34557454e-02 1.10663094e-02
1.78914956e+02 1.14919587e-02 6.45943404e-03 -2.87075276e-02 1.14129093e-02 2.60440110e-02 3.84285982e-03
1.81614893e+02 -2.58136422e-05 1.74921431e-03 -1.65003623e-02 1.21701228e-02 2.36718485e-02 4.18648544e-03
1.84319003e+02 -9.24927245e-03 7.07279662e-02 -5.49321126e-02 1.03322603e-02 1.86879512e-02 6.25953265e-03
1.87020878e+02 1.98467488e-02 3.01181067e-02 2.80189492e-02 8.60364169e-03 3.53186430e-02 4.33012937e-03
1.89714487e+02 -2.98221964e-02 1.60247563e-02 -2.54785851e-02 2.32937628e-02 3.18595536e-02 5.89433739e-03
1.92412799e+02 9.42511801e-03 -1.74274120e-02 1.37219169e-02 1.14887754e-02 3.20417974e-02 5.67346405e-03
1.95119878e+02 1.60306793e-02 3.19556517e-03 -1.45347213e-02 1.42565263e-02 2.59331385e-02 1.53139136e-02
1.97816909e+02 -1.24571503e-02 -1.36340054e-02 7.86960281e-03 8.70176919e-03 2.25189073e-02 1.97279844e-02
2.00518924e+02 1.29421471e-02 1.27279254e-02 -1.98180938e-02 8.74328390e-03 1.61114967e-02 1.25539847e-02
2.03217471e+02 6.58387704e-03 3.06505478e-02 -1.47649894e-02 1.08500983e-02 1.47255238e-02 4.27225478e-02
2.05922737e+02 1.57764110e-02 8.54393076e-03 2.10567181e-02 1.36916359e-02 1.22820945e-02 1.85106722e-02
2.08626346e+02 7.71061656e-03 -2.92338897e-02 2.53309614e-02 1.04896029e-02 1.26750060e-02 1.45280018e-02
2.11329956e+02 -2.80994252e-03 2.27085806e-03 2.14497131e-02 1.39305970e-02 2.09676944e-02 1.34839747e-02
2.14024331e+02 -2.17943370e-02 -4.25565148e-02 -2.51960027e-03 1.15557946e-02 2.00529787e-02 1.61960229e-02
2.16720362e+02 -5.39067573e-03 3.44244816e-02 -1.80014358e-02 9.94179146e-03 1.26277861e-02 9.00599052e-03
2.19410956e+02 -4.79623161e-03 1.54072733e-02 -2.09128555e-02 1.02263958e-02 2.68441959e-02 1.38429688e-02
2.22122768e+02 -9.04878185e-03 -1.66895044e-02 -4.94582245e-02 1.89684191e-02 1.61363590e-02 7.60287340e-03
2.24821190e+02 -7.49033164e-03 -2.24110609e-02 7.62654356e-03 5.38443663e-03 1.92008073e-02 5.02379124e-03
2.27527346e+02 5.96577928e-03 3.64203946e-03 -2.83723452e-02 1.41467034e-02 1.88331817e-02 1.37467465e-02
2.30223768e+02 1.00950835e-02 -4.96320834e-02 2.52282331e-02 8.03306449e-03 2.76502558e-02 8.45263216e-03
2.32930799e+02 -1.30699698e-02 -1.16937256e-02 -2.28467914e-02 1.31433012e-02 2.32753071e-02 1.51881192e-02
2.35626534e+02 -1.46273242e-02 -1.11706317e-03 2.93372948e-02 7.34861340e-03 2.61730002e-02 8.78127164e-03
2.38329018e+02 -2.74219932e-03 -6.36366161e-03 -2.84855543e-02 2.09286136e-02 1.86820573e-02 5.83986361e-03
2.41025924e+02 -2.55272691e-02 -2.06326978e-02 2.42895584e-02 4.31183536e-03 2.05137295e-02 2.19326853e-03
2.43729628e+02 -2.06458679e-02 -1.79923098e-02 -3.12384992e-03 5.96918082e-03 2.25214824e-02 4.58779065e-03
2.46421628e+02 -1.61535709e-02 4.32035855e-03 3.42454502e-02 1.13396158e-02 2.53184364e-02 1.65394461e-02
2.49123440e+02 1.65406612e-02 1.52582495e-02 1.15217716e-03 1.18063314e-02 2.14757493e-02 1.08253653e-02
2.51822690e+02 2.55755639e-02 2.15622941e-03 2.42553538e-02 1.10522217e-02 1.74025599e-02 9.27145056e-03
2.54520987e+02 3.51645756e-03 5.72389285e-03 4.04049716e-03 1.20231801e-02 1.34246745e-02 1.28176532e-02
2.57227378e+02 1.06991209e-03 3.20215647e-02 -7.80688492e-03 8.15329942e-03 6.94884956e-03 2.14079306e-02
2.59938190e+02 4.28577735e-02 1.03356184e-02 -1.88486920e-02 1.44944870e-02 1.06410885e-02 1.14868344e-02
2.62628565e+02 -4.12995395e-02 -2.70306112e-02 4.22810582e-03 4.56062339e-03 1.91917189e-02 1.03935994e-02
2.65334065e+02 1.52004635e-03 -1.95021689e-02 -6.92504622e-03 1.79101747e-02 2.25059433e-02 1.98358027e-02
2.68021493e+02 3.88159275e-03 -3.96433839e-02 1.23118476e-02 4.16358810e-03 2.13657670e-02 1.91181968e-02
