6.81357743e-01 -7.36034434e-03 9.48782636e-03 5.76526279e-03 6.27711350e-03 3.15413592e-02 1.25674642e-02
3.37739345e+00 -5.66885460e-02 2.96430535e-02 3.43526921e-02 1.08844672e-02 2.79318075e-02 1.06382736e-02
6.06945704e+00 2.37660396e-02 1.31009898e-02 4.07472289e-02 8.43186478e-03 2.08273279e-02 2.17934547e-02
8.76167313e+00 -6.43498313e-03 3.58025602e-02 -2.08929221e-02 5.09259883e-03 1.99854626e-02 8.22998382e-03
1.14549367e+01 -1.64900569e-02 -1.81077085e-02 -4.09796909e-02 6.66867816e-03 3.27040901e-02 1.44538232e-02
1.41474820e+01 1.30270055e-03 -2.20354915e-02 -3.64554315e-02 1.54433520e-02 3.21695998e-02 2.10984561e-02
1.68603649e+01 -5.72605823e-02 -4.31436547e-03 -6.90802453e-02 2.09006240e-02 2.29920742e-02 9.48575135e-03
1.95555274e+01 -1.27505221e-02 -2.06877767e-02 -5.76532120e-02 1.29869635e-02 1.50536264e-02 1.49274036e-02
2.22521617e+01 -1.66456262e-02 -1.20433643e-02 -4.20220228e-03 1.59930943e-02 1.08869196e-02 1.36764454e-02
2.49435570e+01 7.04028278e-02 1.06093270e-02 3.98721384e-03 9.71290443e-03 2.17186824e-02 1.05705511e-02
2.76454399e+01 -3.48463524e-03 2.69080302e-02 1.18355724e-02 1.19492006e-02 1.95762667e-02 1.78436738e-02
3.03395727e+01 6.07787463e-02 1.64817379e-02 -1.18370086e-02 1.28758246e-02 2.14812659e-02 1.07730411e-02
3.30409524e+01 2.04298232e-02 2.48760443e-02 -4.69032627e-02 6.11562634e-03 1.44733103e-02 5.77915786e-03
3.57538258e+01 9.28477312e-03 1.15261114e-03 -2.12632945e-02 1.00901802e-02 1.07374745e-02 8.52236220e-03
3.84561055e+01 3.34936558e-02 2.77395411e-02 -3.15355908e-02 1.17150935e-02 1.43153412e-02 2.98257724e-03
4.11634399e+01 1.98890075e-02 -1.30684352e-02 7.40148851e-03 1.45798552e-02 1.27293490e-02 1.12717023e-02
4.38773899e+01 -1.57350141e-02 -3.54875489e-02 -2.31867804e-03 1.83195387e-02 7.34827566e-03 8.70314093e-03
4.65826070e+01 1.03133322e-02 -1.89062194e-02 -3.99425010e-02 1.22014247e-02 6.13889917e-03 5.53061438e-03
4.92856649e+01 2.62970379e-02 -4.47487976e-03 1.88585111e-02 2.21507615e-02 6.12918849e-03 7.74828821e-03
5.19920695e+01 1.30727944e-02 -8.22391477e-03 3.00440233e-02 1.10736622e-02 9.96274302e-03 1.78901791e-03
5.46999758e+01 3.95934420e-03 -2.91698114e-02 5.24157187e-02 1.65381113e-02 1.02424218e-02 3.09703719e-03
5.74043742e+01 5.58100734e-02 -5.92224231e-03 1.33547847e-02 1.71814569e-02 1.27827607e-02 4.94663408e-03
6.01047914e+01 1.34334293e-02 -1.13453493e-02 2.47351083e-03 1.65781196e-02 9.07422604e-03 1.14964594e-02
6.28115586e+01 1.34523363e-02 1.97961827e-02 -8.85078486e-03 1.04715591e-02 1.39187651e-02 8.40429564e-03
6.55097617e+01 9.41183259e-04 4.21323544e-02 -4.22524329e-02 1.71384381e-02 2.49801565e-02 1.30004787e-02
6.82207977e+01 -4.34893082e-03 1.88033406e-02 -4.53431114e-02 4.32531696e-03 2.07625563e-02 1.87609079e-02
7.09144399e+01 -2.16811332e-02 3.58106137e-02 2.29900454e-02 1.00385077e-02 2.53516620e-02 1.70801443e-02
7.36188820e+01 1.37181857e-02 -2.83888000e-03 4.32253359e-02 6.58784648e-03 2.53236818e-02 1.39610813e-02
7.63271586e+01 -1.70142656e-02 -1.76331290e-02 6.06791405e-05 1.69620930e-02 1.79859027e-02 5.29562177e-03
7.90249992e+01 4.12215523e-03 3.24032610e-02 9.81446154e-03 1.14238952e-02 1.64681833e-02 1.38903038e-02
8.17257867e+01 6.84590444e-03 2.80410673e-02 6.69491305e-03 3.78061489e-03 1.25100062e-02 9.93245283e-03
8.44388180e+01 -2.65912657e-02 2.32205591e-02 -1.76278853e-02 7.03182587e-03 2.81332924e-02 1.67353456e-02
8.71282633e+01 -2.29746703e-02 -3.07156352e-02 -5.87085124e-04 1.39852293e-02 2.45288122e-02 2.18090904e-02
8.98198899e+01 -3.09958966e-02 -5.07586220e-02 -1.93460137e-02 9.61131424e-03 2.33143949e-02 1.31701576e-02
9.25110414e+01 -5.73205389e-03 6.76021453e-03 -1.81604037e-02 1.57895680e-02 2.77641760e-02 1.26846145e-02
9.52067195e+01 1.17408829e-02 -2.98279047e-02 -2.53058791e-02 5.21171830e-03 2.31614173e-02 1.04765502e-02
9.79142289e+01 5.74220256e-02 -6.77081768e-03 -3.73489745e-02 1.64025045e-02 2.87598421e-02 2.12293481e-02
1.00607974e+02 3.11733030e-02 9.02570356e-03 -1.28892109e-02 3.97463623e-03 1.98232830e-02 7.06521286e-03
1.03304365e+02 2.81138307e-02 -1.20800218e-02 -4.41586567e-02 7.47655269e-03 1.59401275e-02 1.38323504e-02
1.06000693e+02 2.64073919e-02 -8.73804934e-03 -4.09409490e-02 5.01956580e-03 6.58461418e-03 1.06255513e-02
1.08688084e+02 1.55266852e-02 -1.33862927e-02 6.04343793e-03 1.20640686e-02 1.12155222e-02 6.71364911e-03
1.11401271e+02 1.16235106e-02 -3.04571963e-02 4.19601731e-02 1.49814178e-02 1.13930789e-02 1.09162199e-02
1.14094521e+02 9.93998099e-04 -2.31374037e-03 2.64707296e-02 1.68953811e-02 9.75806144e-03 5.69110330e-03
1.16798521e+02 1.95748736e-02 2.25404640e-02 -1.63444467e-03 7.25666925e-03 1.23009998e-02 1.08273518e-02
1.19493755e+02 2.29958997e-02 5.24668145e-03 -6.72694188e-03 9.52415800e-03 1.55947974e-02 1.12523276e-02
1.22195755e+02 2.26652163e-02 6.38176351e-02 1.36604168e-02 1.38419293e-02 1.62956932e-02 1.24502143e-02
1.24907537e+02 -4.16005847e-02 4.61798367e-03 4.02467889e-03 1.19706503e-02 2.18859230e-02 1.17574966e-02
1.27605693e+02 4.36605716e-03 2.46369734e-02 2.34963580e-02 1.73413042e-02 1.89350939e-02 1.27122912e-02
1.30302599e+02 6.41305343e-03 -2.02311496e-02 3.05218558e-02 4.37317794e-03 2.77929398e-02 1.26759698e-02
1.33005615e+02 -1.45729005e-02 -3.12705653e-02 7.56660441e-03 1.45126975e-02 2.41344406e-02 2.81914917e-02
1.35707537e+02 -4.13361164e-02 -3.65546880e-02 -2.07003550e-02 1.57798845e-02 1.75011710e-02 6.43558185e-03
1.38413255e+02 -1.21635999e-01 -3.66791891e-02 -1.72177025e-02 1.16050666e-02 1.99840962e-02 2.14045543e-02
1.41110068e+02 -2.07011268e-02 2.76414770e-02 2.39027808e-02 9.52546006e-03 2.06567063e-02 9.16963143e-03
1.43809084e+02 -5.73266776e-02 2.10287047e-02 5.66735622e-02 1.42034033e-02 2.51515187e-02 2.09740686e-02
1.46505599e+02 -4.62700728e-02 4.58240195e-03 5.39739628e-02 1.20784214e-02 1.14788325e-02 3.20073116e-03
1.49201912e+02 -3.69707626e-02 -1.32290210e-02 -2.73529788e-02 4.45983619e-03 1.08088749e-02 4.42020301e-03
1.51897630e+02 -5.01605776e-02 1.32492320e-02 3.91367245e-02 1.53630929e-02 1.26726789e-02 1.04890330e-02
1.54604302e+02 5.92483610e-03 8.75325695e-03 2.16963519e-02 4.06058923e-03 1.63498420e-02 2.46762741e-03
1.57302755e+02 -3.61675744e-03 1.44611216e-02 5.09670597e-02 1.14926989e-02 1.54345102e-02 5.46877284e-03
1.60008943e+02 -2.95542596e-02 2.39154312e-02 5.78340599e-03 1.11657523e-02 1.16967056e-02 1.14715749e-02
1.62713849e+02 -2.67793149e-02 -3.31275114e-03 3.13961370e-03 1.05352764e-02 2.02432955e-02 5.08629371e-03
1.65416209e+02 -2.36155801e-02 -2.08189242e-04 -2.63082399e-02 1.42770261e-02 2.39970252e-02 4.74887843e-03
1.68106005e+02 -1.47902314e-02 3.68131840e-02 5.23935128e-04 2.10775743e-02 3.46997852e-02 7.65644612e-03
1.70793552e+02 2.49479214e-04 -1.46585589e-02 4.83460606e-02 1.18115070e-02 2.13412704e-02 2.00390905e-03
1.73501287e+02 4.76110343e-03 -9.14525975e-03 6.63937201e-02 1.38264594e-02 3.43531604e-02 3.76782343e-03
1.76209677e+02 -1.95278996e-02 -1.23506907e-02 1.73925236e-03 1.64738917e-02 2.15687464e-02 3.28427739e-03
1.78910740e+02 -5.34662947e-03 1.53374309e-02 1.84247875e-02 6.47826097e-03 2.56882032e-02 5.49072856e-03
1.81609224e+02 1.80626244e-02 2.25178344e-02 2.31948004e-02 1.53315539e-02 2.86919279e-02 9.64287113e-03
1.84311880e+02 5.60984576e-03 -2.80394319e-02 5.16988474e-02 1.14223595e-02 2.18313400e-02 1.01434375e-02
1.87015474e+02 -1.14773220e-02 -1.29701044e-02 3.27072845e-02 1.33513493e-02 1.89217465e-02 3.74685568e-03
1.89723865e+02 7.87926995e-03 -4.27198877e-02 -2.38177625e-02 1.77094096e-02 2.40996349e-02 6.95448161e-03
1.92427459e+02 -1.19698163e-02 2.56301418e-02 3.22320771e-02 2.37521531e-02 2.90549243e-02 4.38158028e-03
1.95136443e+02 -5.16331136e-02 4.26892192e-03 -1.46792449e-02 1.07784007e-02 2.69944089e-02 6.81001402e-03
1.97839771e+02 -3.53991784e-02 2.25247323e-02 3.06936572e-02 2.06374510e-02 2.79208816e-02 4.60689492e-03
2.00538568e+02 -4.35649004e-02 -1.67671279e-02 -2.08658562e-02 1.26895010e-02 2.94390349e-02 3.89831619e-03
2.03236052e+02 -2.39543460e-02 1.95498846e-02 -1.58955359e-02 8.61218136e-03 1.42758336e-02 7.67649068e-03
2.05935552e+02 -8.80164001e-03 1.77664895e-02 -1.46812879e-02 3.96748071e-03 1.59447541e-02 1.58773582e-02
2.08641380e+02 -2.11055035e-03 1.58331180e-02 -1.60966661e-02 9.58607952e-03 1.29440052e-02 2.50489926e-02
2.11340349e+02 -2.00808019e-02 -2.79806005e-02 -1.97591931e-02 9.25995565e-03 9.48906391e-03 2.33594326e-02
2.14042412e+02 -2.89698087e-03 2.77298654e-02 -3.48383532e-02 9.35872567e-03 7.96549291e-03 2.24041635e-02
2.16750005e+02 5.16741238e-03 -8.07916182e-03 -3.99515614e-02 6.68424622e-03 1.40112507e-02 1.79574968e-02
2.19462146e+02 -2.36576562e-02 2.99655239e-02 -7.48264719e-02 1.62557250e-02 1.46919655e-02 1.61852146e-02
2.22165224e+02 -4.69170628e-02 -2.76125752e-02 -4.15643145e-02 6.24063274e-03 1.73182379e-02 1.03369980e-02
2.24864474e+02 -9.23823957e-04 2.44901918e-02 1.00646853e-03 1.63837272e-02 2.71067999e-02 9.72981966e-03
2.27545818e+02 -3.14365553e-02 5.79144750e-02 -7.37542795e-03 7.09173657e-03 1.96899426e-02 6.76754203e-03
2.30237255e+02 -8.29697115e-03 -2.30098295e-03 5.20309473e-02 1.78311861e-02 2.26949472e-02 2.59271660e-03
2.32934068e+02 7.30440610e-03 -4.41597566e-03 5.10854974e-02 9.19612704e-03 2.41024054e-02 7.97758611e-03
2.35628193e+02 4.01497434e-04 4.24679267e-02 6.20318909e-02 5.42695999e-03 2.42719941e-02 9.42457298e-03
2.38327568e+02 1.54958346e-02 -1.75199123e-02 5.89572714e-03 1.76656512e-02 2.34374545e-02 2.75419348e-03
2.41029287e+02 2.98287786e-02 4.34092861e-02 1.98718963e-02 8.72061045e-03 2.77788704e-02 2.32404765e-02
2.43734099e+02 1.06316601e-02 3.00835601e-02 -2.08720580e-02 2.10944795e-02 2.23743086e-02 9.11101687e-03
2.46432005e+02 1.94353751e-02 1.68447186e-02 7.11800121e-02 9.56009949e-03 1.35764953e-02 2.03719404e-02
2.49142724e+02 6.01592676e-03 1.83912919e-02 3.09467540e-02 1.24492259e-02 1.45020645e-02 8.40657927e-03
2.51843552e+02 -1.27193362e-03 -1.66038218e-02 5.48899874e-02 6.60842970e-03 8.99950485e-03 1.23325007e-02
2.54544255e+02 9.46118668e-03 -3.81342804e-02 4.40781149e-02 6.95031806e-03 1.31299332e-02 1.05392420e-02
2.57251255e+02 -5.57464266e-03 -3.75920503e-02 3.85427357e-02 1.03183762e-02 1.90872407e-02 6.04261398e-03
2.59959474e+02 2.41504092e-03 -3.51351229e-02 2.21109443e-02 6.77044680e-03 1.78413491e-02 1.74909010e-02
2.62661193e+02 -5.51500785e-03 3.31595495e-02 -3.03547227e-02 1.31432911e-02 2.18987644e-02 1.06478050e-02
2.65348771e+02 -1.84274527e-02 -6.38951439e-03 -9.13251929e-03 3.71488073e-03 2.23620548e-02 7.13661715e-03
2.68054156e+02 -5.56195382e-02 1.21899917e-02 -1.76824758e-02 2.09193312e-02 2.68907811e-02 1.49766670e-02
