6.81706145e-01 7.72771251e-03 -1.29284372e-02 3.03356515e-02 6.43670583e-03 1.84467988e-02 1.30391864e-02
3.38514751e+00 9.50906505e-04 -5.05014767e-02 3.83268680e-02 1.58808416e-02 1.82949127e-02 1.34753514e-02
6.07416017e+00 -1.23498986e-02 -2.17729034e-02 3.25597837e-02 3.81153351e-03 5.55390096e-03 1.18146347e-02
8.77308001e+00 -1.21456771e-02 -1.95594755e-02 3.58486814e-02 1.84669473e-03 4.13469396e-03 2.04031682e-02
1.14672678e+01 -1.40053203e-02 9.80102620e-04 -9.57902244e-04 1.74388154e-03 1.62423000e-03 1.94582888e-02
1.41688772e+01 -1.27940479e-02 -2.57243051e-02 -5.16442136e-02 1.60515271e-03 3.80879703e-03 1.68095046e-02
1.68540772e+01 -4.48229622e-02 -3.07372312e-03 -2.88628365e-02 4.60176171e-03 1.76137806e-03 1.80097180e-02
1.95454991e+01 -3.81975349e-02 4.32370036e-03 9.97990516e-03 6.94220506e-03 3.37096921e-03 1.49270958e-02
2.22529678e+01 -1.05382404e-02 -2.45525000e-02 -8.97767423e-02 4.03712342e-03 7.98357580e-03 1.54567754e-02
2.49505616e+01 -8.89545247e-03 -1.08377135e-02 -1.04400615e-01 1.55868568e-02 1.03372517e-02 7.38322536e-03
2.76473210e+01 -7.33406060e-03 9.82473605e-03 -3.40917693e-02 8.22725899e-03 6.47592265e-03 1.36907209e-02
3.03580944e+01 1.67509434e-02 4.51690554e-02 -4.78437173e-02 8.67837179e-03 1.75824379e-02 6.30873751e-03
3.30678100e+01 9.26163565e-03 2.35187859e-02 -1.38235295e-03 1.03104673e-02 1.33471562e-02 9.30930127e-03
3.57652131e+01 6.60875917e-03 2.71470399e-02 -2.98202633e-02 1.39678960e-02 1.55147174e-02 8.36118897e-03
3.84595194e+01 7.88387290e-03 -7.82801521e-03 -5.93808357e-03 1.51020022e-02 2.00010610e-02 1.19567962e-02
4.11670022e+01 -1.90047802e-03 -1.05533144e-02 -2.34138318e-02 1.36708728e-02 2.41473962e-02 1.33745730e-02
4.38691210e+01 2.60543820e-02 -7.46231271e-03 5.58032090e-02 1.30914793e-02 2.35949366e-02 6.32402023e-03
4.65710803e+01 3.26872415e-02 -1.16789635e-02 5.19301640e-03 7.70473042e-03 2.15302429e-02 9.56619785e-03
4.92860694e+01 2.89230012e-02 2.03800301e-02 2.49319572e-02 1.12855784e-02 1.02476064e-02 2.00327941e-02
5.19810116e+01 8.43028981e-04 1.71104675e-02 -4.63288198e-02 1.07268659e-02 1.41363662e-02 6.89535025e-03
5.46891397e+01 2.37553464e-02 -1.91600680e-02 -3.19254340e-03 1.07280911e-02 1.77561482e-02 1.57204345e-02
5.73840397e+01 1.98666631e-03 -4.56441367e-02 -3.95021833e-02 1.17105439e-02 2.29018400e-02 1.13452109e-02
6.00867881e+01 3.43036570e-02 -2.24587032e-02 2.28290992e-02 7.13817236e-03 1.84345161e-02 1.43899666e-02
6.27835241e+01 -2.14212529e-03 1.37455290e-02 6.20405429e-02 6.83691712e-03 1.19415778e-02 4.59204529e-03
6.54912319e+01 9.30653016e-03 1.23043713e-02 4.03215971e-02 1.20477148e-02 7.49687353e-03 9.82279322e-03
6.82066475e+01 -2.02848554e-02 1.45609094e-02 1.03607727e-02 5.85937217e-03 5.80909174e-03 1.33420552e-02
7.09104959e+01 9.96041586e-03 -2.51467850e-02 4.26635593e-03 9.06686549e-03 9.63103190e-03 8.79471492e-03
7.36071928e+01 1.87353232e-02 -1.02496588e-02 -1.90245391e-02 7.92272585e-03 1.48711971e-02 1.06801654e-02
7.63136553e+01 -5.08357466e-03 -2.13586492e-02 -2.16784077e-03 6.45277973e-03 1.60883223e-02 1.83061855e-02
7.90082959e+01 5.98169788e-03 3.47528007e-02 -1.86273925e-02 6.29218092e-03 1.39548756e-02 1.01960504e-02
8.17099303e+01 2.69209015e-02 1.31811645e-02 2.35874210e-02 5.13462126e-03 7.93995434e-03 4.05731668e-03
8.44199084e+01 3.60928669e-02 -7.61503510e-03 -4.00231278e-02 8.62680581e-03 1.14329663e-02 1.40697507e-02
8.71144163e+01 8.03375699e-03 -6.14806643e-04 -1.27198009e-02 9.12325251e-03 2.09239023e-02 8.97492873e-03
8.98060428e+01 2.57866662e-02 9.63672005e-03 -2.05521249e-02 1.21021497e-02 1.48432302e-02 1.44771863e-02
9.24944288e+01 7.36076509e-03 1.76023350e-02 4.82059585e-03 9.84400688e-03 1.85236285e-02 1.03570649e-02
9.51992319e+01 2.87624368e-02 2.77420934e-02 -2.81823524e-02 7.53680001e-03 2.01022370e-02 1.27326580e-02
9.78972194e+01 1.75916284e-02 3.65310593e-02 -1.43050816e-02 1.38762339e-02 2.68754754e-02 3.79225343e-03
1.00592574e+02 3.29678912e-02 9.66289774e-03 3.69970627e-02 1.35740590e-02 2.56105608e-02 7.32317115e-03
1.03289324e+02 5.81124118e-02 -3.18337810e-02 1.28504339e-02 1.48019801e-02 2.39325274e-02 3.06384181e-03
1.05995574e+02 4.16920445e-02 -2.12596278e-02 9.67323514e-04 1.19881807e-02 1.36076701e-02 8.29893341e-03
1.08701730e+02 3.83560121e-02 -3.99496767e-03 -4.45836918e-02 1.01130404e-02 1.21896665e-02 1.54047134e-02
1.11400887e+02 6.42640108e-03 2.34272307e-02 -2.73687127e-02 2.52649097e-02 1.76423962e-02 3.15766839e-03
1.14101777e+02 3.15109485e-03 2.66693296e-02 1.17772194e-02 6.82222115e-03 1.73272326e-02 2.21901863e-02
1.16789949e+02 -7.28004656e-03 -3.15678721e-02 -3.58514010e-02 6.57083164e-03 1.65757636e-02 8.74005073e-03
1.19479683e+02 -2.01273248e-02 -1.89602365e-02 5.92713232e-02 1.16564948e-02 8.92133015e-03 6.43196097e-03
1.22175527e+02 3.36329528e-02 -5.99581373e-03 -4.09773747e-02 4.92254877e-03 7.06869051e-03 1.68217884e-02
1.24879355e+02 1.81550949e-02 -1.73104926e-02 8.56097519e-03 5.21134289e-03 7.88794305e-03 1.31539432e-02
1.27575324e+02 -1.19302229e-02 -7.70492447e-02 -1.98726820e-02 1.89443200e-03 5.07661376e-03 1.52028473e-02
1.30272949e+02 3.43858024e-02 -4.37530534e-02 1.86127231e-02 3.75942025e-03 3.83678237e-03 1.66311384e-02
1.32975996e+02 2.05116335e-02 -2.79177492e-02 -5.11959227e-02 4.05137342e-03 3.19903377e-03 2.39819156e-02
1.35678793e+02 3.19653257e-02 -2.25757750e-02 1.80298471e-02 3.41268488e-03 3.23758705e-03 2.66940507e-02
1.38383996e+02 2.15766707e-02 -1.87502547e-02 2.71013613e-02 2.18919382e-03 6.33632919e-03 9.52277896e-03
1.41086793e+02 -9.87116309e-03 2.14342946e-02 -7.01412023e-04 4.31152266e-03 2.39223527e-03 2.06265003e-02
1.43787371e+02 -3.84680903e-03 3.24033434e-02 7.31830202e-03 4.52960221e-03 5.78671825e-03 9.49548178e-03
1.46490355e+02 3.35081147e-02 5.26902497e-03 4.78348243e-03 2.06057220e-02 2.40947300e-02 1.64046903e-02
1.49203293e+02 1.43256889e-02 -2.48675311e-02 -4.69909438e-03 1.47896555e-02 1.37037530e-02 8.11319749e-03
1.51900543e+02 7.71840538e-02 -1.62936910e-02 1.20525024e-02 1.77211445e-02 1.61303270e-02 1.52643589e-02
1.54591293e+02 3.66605867e-02 -6.65468011e-03 -3.28737929e-02 1.09102105e-02 1.52713618e-02 6.75149608e-03
1.57296340e+02 -1.12466234e-02 5.48140544e-03 -1.83377743e-02 2.23517638e-02 1.42203554e-02 2.03609745e-02
1.60004793e+02 -3.44542910e-02 -4.45646337e-02 -5.30730201e-02 1.70704174e-02 2.59435456e-02 7.20792028e-03
1.62702621e+02 4.83492623e-02 1.58675247e-03 -4.21570740e-02 3.53457249e-02 2.35825121e-02 2.34256117e-02
1.65398574e+02 2.49049928e-02 -5.11579077e-04 -1.10302284e-02 7.91260216e-03 1.01971823e-02 4.33708310e-03
1.68099637e+02 1.70022043e-02 2.31081560e-02 3.06471055e-02 2.14275200e-02 9.72060872e-03 5.25305736e-03
1.70787980e+02 -3.74458065e-02 5.95057567e-02 7.73578854e-02 2.58579528e-03 1.29890874e-02 1.57755754e-03
1.73492777e+02 -6.64085164e-02 1.75237287e-02 3.23293377e-02 1.32649794e-02 1.31554826e-02 1.76115640e-02
1.76191793e+02 -8.33937702e-03 -1.70372507e-02 2.13091164e-02 8.31943983e-03 2.03462683e-02 6.52470341e-03
1.78899121e+02 -3.77190134e-02 -2.88733415e-02 2.98250007e-02 1.17861919e-02 1.78929400e-02 8.85133656e-03
1.81594824e+02 -8.05033289e-02 -4.19009112e-02 1.97425121e-02 8.26365510e-03 1.01798851e-02 9.94572891e-03
1.84282777e+02 -1.60637747e-02 -3.38216970e-02 3.39892990e-02 1.40402321e-02 8.83672195e-03 3.97782230e-03
1.86975793e+02 9.52449983e-03 -2.93928474e-02 1.68733249e-02 1.16505207e-02 1.16928237e-03 2.51786018e-03
1.89683418e+02 5.37195305e-02 -1.96940510e-02 -1.36343225e-02 2.26041709e-02 2.33486075e-03 5.02579458e-03
1.92398168e+02 -5.34312021e-03 -9.72176691e-03 -5.33937264e-02 1.35635885e-02 2.89599458e-03 1.60193639e-03
1.95110012e+02 1.00750265e-02 3.50621906e-02 -3.21554945e-02 1.63860785e-02 2.94519194e-03 1.38450239e-03
1.97820996e+02 -2.96795275e-02 -2.86305671e-02 -5.18582739e-02 1.03987701e-02 5.06179011e-03 3.03042548e-03
2.00521043e+02 -5.19264717e-02 -9.79705843e-04 -1.37230024e-02 1.64972511e-02 7.61515779e-03 8.81657716e-03
2.03218277e+02 -4.06762874e-02 -4.52100056e-02 3.88811591e-02 1.62950121e-02 1.50080294e-02 6.20113665e-03
2.05926855e+02 -2.63531542e-02 -1.63659573e-02 -1.02753400e-02 1.41229616e-02 1.17700174e-02 1.45822359e-02
2.08628090e+02 5.28410424e-02 2.17445478e-02 2.95051415e-02 2.28716628e-02 1.08741584e-02 9.63248479e-03
2.11330996e+02 3.93728821e-02 1.85473987e-02 1.65253744e-02 9.64344135e-03 9.91780932e-03 6.71930473e-03
2.14024715e+02 2.72711605e-02 1.93075080e-02 5.41151566e-03 5.54269415e-03 1.87443520e-02 1.37207800e-02
2.16718230e+02 1.74569619e-02 2.03013226e-02 1.72668179e-02 9.71310411e-03 9.52591405e-03 1.65336476e-02
2.19409824e+02 7.23564641e-03 -6.81596531e-02 4.48005919e-02 3.17240685e-03 1.65282458e-02 1.37402239e-02
2.22109262e+02 9.66483545e-03 -1.48343601e-02 -4.93451489e-03 5.10787485e-03 1.89123729e-02 1.12999324e-02
2.24813121e+02 9.18631031e-03 -2.21584348e-02 -4.68526916e-03 4.13403024e-03 8.44310594e-03 5.45746299e-03
2.27508574e+02 4.13571165e-02 1.21619416e-02 1.21946266e-02 4.42603162e-03 1.79158642e-02 1.78148470e-02
2.30210558e+02 8.08588434e-02 -4.51171890e-03 1.30825008e-02 1.51311830e-02 1.80517258e-02 1.53299904e-02
2.32916058e+02 4.90663883e-02 -1.17594384e-02 3.40478768e-02 1.46638172e-02 1.64705688e-02 1.23741346e-02
2.35623262e+02 -3.05336438e-03 -2.22048810e-02 2.93746995e-02 1.14471631e-02 2.06051489e-02 1.10839510e-02
2.38324293e+02 2.49706918e-02 6.55361227e-03 2.94346084e-02 1.09055827e-02 1.72145302e-02 1.13287940e-02
2.41015699e+02 -1.48209886e-02 -1.24375269e-02 2.71716601e-02 1.90337333e-02 1.66289004e-02 1.50391398e-02
2.43721027e+02 1.96086073e-03 -3.19551968e-02 2.12579154e-02 1.10462760e-02 1.60634300e-02 6.81454893e-03
2.46418840e+02 -3.04148167e-02 3.38830709e-02 2.66869681e-02 1.20486127e-02 1.26140343e-02 6.18162650e-03
2.49117277e+02 9.21035950e-03 5.29922926e-03 1.36039535e-02 4.83013755e-03 9.69801227e-03 9.86508167e-03
2.51814199e+02 -2.33463559e-02 -2.15284153e-02 1.32856397e-02 1.29378636e-02 1.69915565e-02 7.01364875e-03
2.54510996e+02 -3.79477635e-02 -3.32698876e-02 5.60870696e-02 1.74420270e-02 1.90645248e-02 1.63684214e-02
2.57201496e+02 -1.81434210e-02 4.36182166e-03 4.51630539e-02 1.42294033e-02 2.07999552e-02 9.63565871e-03
2.59912824e+02 -2.31645309e-02 2.64204551e-02 3.68581326e-03 2.10828791e-02 2.22071816e-02 9.80481344e-03
2.62603340e+02 -5.55330090e-03 1.23686570e-02 2.47938596e-02 7.73094257e-03 1.86283558e-02 6.75915948e-03
2.65309324e+02 1.99241311e-02 -1.62219114e-04 3.04655060e-02 9.38129017e-03 1.76128937e-02 8.71736188e-03
2.68002050e+02 -1.07796086e-04 3.42498390e-02 5.64323505e-02 1.14821822e-02 2.22379101e-02 1.07647920e-02
