6.63510099e-01 1.40379990e-02 7.06646542e-03 1.81146617e-02 1.41176651e-02 1.56863720e-02 7.29308166e-03
3.37370438e+00 1.17603419e-02 1.91302707e-02 2.53463786e-02 1.01286977e-02 8.89816464e-03 6.59868572e-03
6.06999126e+00 -4.66449201e-03 -2.08984319e-02 -1.12893066e-02 2.90257121e-03 4.42588129e-03 1.10995128e-02
8.77037469e+00 -1.79604119e-02 -2.22134836e-02 1.05844763e-02 6.74986299e-04 5.79871659e-03 9.51346710e-03
1.14671233e+01 2.15156788e-02 1.18888616e-02 -1.82835664e-03 2.50258671e-03 1.16112576e-03 2.45195448e-02
1.41602264e+01 -2.21971088e-03 1.66489481e-02 1.88558777e-02 2.34857373e-03 5.01903645e-03 1.10831464e-02
1.68691999e+01 1.39861110e-02 1.67030240e-02 -2.48880746e-02 2.20099975e-03 4.09739250e-03 1.63717806e-02
1.95636780e+01 1.26475900e-02 -1.23591891e-02 -5.56632564e-02 9.08645885e-03 1.09706414e-02 1.64729516e-02
2.22798842e+01 1.53749855e-02 2.64494276e-02 -2.30607386e-02 7.86153557e-03 1.06459513e-02 1.73978544e-02
2.49654983e+01 -2.69618025e-02 -5.71344623e-03 -7.00294784e-02 3.61342172e-03 1.77275370e-02 1.34657542e-02
2.76690577e+01 -7.48339608e-03 -1.52101078e-02 -2.74335017e-02 1.01930835e-02 1.38937739e-02 1.00468949e-02
3.03662686e+01 5.17669799e-04 -2.68150403e-02 -3.21984624e-02 1.03887144e-02 1.60781937e-02 1.24652350e-02
3.30646170e+01 -1.67682366e-02 -2.48548168e-03 9.75139833e-03 1.04470783e-02 1.79384374e-02 1.11110157e-02
3.57776389e+01 1.16310699e-02 -2.08055502e-03 -6.76125271e-02 1.35401897e-02 2.14417697e-02 8.79038278e-03
3.84722077e+01 4.07583479e-03 4.65452398e-03 -1.81640683e-02 8.25319828e-03 1.46968105e-02 1.62244157e-02
4.11917202e+01 1.92205673e-02 1.92380551e-02 -3.87482508e-02 1.20758124e-02 1.87638011e-02 7.27491107e-03
4.38858452e+01 -3.17337715e-02 -6.03744480e-03 -7.50780977e-03 6.61261382e-03 1.19854930e-02 1.88226182e-02
4.65929889e+01 3.53565198e-03 2.23005393e-02 -1.67809314e-02 9.55872784e-03 1.82819421e-02 1.55941968e-02
4.92781639e+01 -8.81440424e-03 -3.22927002e-02 1.06534578e-02 6.04180956e-03 1.58552729e-02 3.66339800e-03
5.19885420e+01 1.11222433e-02 -1.64758124e-02 -1.56438657e-02 8.43170069e-03 1.72872271e-02 1.37782912e-02
5.46899905e+01 4.42720617e-03 -3.86119160e-03 2.16862839e-02 5.27280877e-03 4.15785266e-03 7.90652988e-03
5.73989889e+01 -5.65531190e-03 1.44857811e-02 -1.62183941e-02 8.68369761e-03 1.44136080e-02 8.28777184e-03
6.01107280e+01 -2.48242526e-02 2.48686306e-02 -9.48773199e-03 6.40623563e-03 1.57340612e-02 4.82073906e-03
6.28052264e+01 9.77044614e-05 -1.91200806e-02 -4.18502203e-02 9.37149238e-03 1.22631431e-02 1.12677774e-02
6.55121248e+01 1.53198517e-02 1.26096914e-02 -5.88722963e-03 1.49366078e-02 2.23869941e-02 1.36617011e-02
6.82113420e+01 1.66365120e-03 -2.96052084e-02 -3.40254736e-02 1.01783623e-02 2.45206672e-02 9.28196433e-03
7.09157686e+01 1.65861806e-02 6.50221159e-02 3.88166850e-02 1.28654165e-02 2.33629402e-02 9.41064399e-03
7.36184670e+01 -1.10903995e-02 1.24356203e-02 -1.77995610e-02 9.37415580e-03 1.56944650e-02 6.76058993e-03
7.63188108e+01 -3.93197953e-02 1.90305568e-02 -4.56776834e-03 6.33237720e-03 7.04357201e-03 1.42205280e-02
7.90186764e+01 -9.29188832e-03 -3.51376543e-02 -4.26145623e-02 5.71746243e-03 9.84180959e-03 7.51644062e-03
8.17066842e+01 -2.08955823e-02 -2.42413884e-02 1.84857858e-02 1.08069720e-02 2.15745196e-02 1.51259091e-02
8.44176873e+01 -4.97816861e-03 2.41746476e-02 -2.52574937e-02 1.61818382e-02 1.61247504e-02 7.91014018e-03
8.71169405e+01 -1.19650251e-03 -2.16115884e-02 5.48515326e-03 8.71342984e-03 1.70822607e-02 1.65315480e-02
8.98237077e+01 -2.58339058e-02 -1.34754471e-02 -2.50833630e-02 1.11035119e-02 1.80983931e-02 9.76785832e-03
9.25305749e+01 -1.42602806e-02 8.84651086e-03 -4.79864840e-02 8.52576036e-03 1.46621642e-02 1.29450808e-02
9.52196327e+01 -3.58096241e-02 7.82970539e-03 -3.21955142e-03 1.17400438e-02 1.40329962e-02 1.45355542e-02
9.79237452e+01 -1.94151304e-02 -1.35991168e-02 -3.16040370e-02 3.08141948e-03 1.07220476e-02 1.14107250e-02
1.00623292e+02 -2.50547197e-02 1.33475141e-02 -2.91799051e-02 7.98379239e-03 9.91126622e-03 8.85020092e-03
1.03341261e+02 -2.24020982e-02 6.30751281e-03 -2.31172896e-02 9.77763254e-03 1.05809865e-02 1.13540329e-02
1.06029386e+02 -5.03741505e-02 1.08577346e-02 -8.90742181e-03 6.98623832e-03 2.60390588e-02 9.95275443e-03
1.08723792e+02 -4.00423299e-02 -3.35568908e-02 2.65715633e-02 8.72683762e-03 1.06364675e-02 8.92756332e-03
1.11420417e+02 -4.65032677e-02 -1.03213644e-02 1.60856948e-02 6.51275933e-03 1.05114681e-02 1.45005582e-02
1.14119073e+02 -2.66676303e-02 -3.53682094e-02 1.38691782e-02 3.05681650e-03 2.97100439e-03 8.93426631e-03
1.16826589e+02 -3.83061082e-02 8.74346269e-03 -4.34457431e-02 7.24855479e-03 7.35948943e-03 1.33246537e-02
1.19520355e+02 -5.14592783e-02 9.88385538e-03 -1.27474944e-02 5.49811411e-03 7.73681340e-03 1.45149605e-02
1.22221292e+02 -1.27169252e-02 1.87551711e-02 -5.00772989e-02 1.27525036e-02 1.61538247e-02 1.54170899e-02
1.24909995e+02 -5.04978567e-02 1.75442483e-02 1.07789191e-02 9.24534558e-03 9.25591152e-03 1.03183324e-02
1.27606558e+02 -1.16480914e-02 4.94707875e-02 -5.32739151e-02 6.07477822e-03 7.00136042e-03 1.41831887e-02
1.30305151e+02 -1.29457320e-02 -1.78456429e-02 4.32984058e-03 5.77426056e-03 1.56127587e-03 8.62717419e-03
1.33005026e+02 -1.38517920e-02 -1.16502260e-02 4.36832655e-03 4.46466220e-03 3.91795463e-03 1.36441571e-02
1.35704526e+02 -3.34280463e-02 1.07248015e-02 1.09056715e-02 4.14874342e-03 1.93665418e-03 8.95429513e-03
1.38401417e+02 -1.32821922e-02 2.30050703e-03 -2.13192933e-02 2.03260320e-03 9.20524686e-04 1.62926678e-02
1.41099776e+02 -1.94800559e-02 -9.71272548e-03 -2.14180715e-02 5.84941620e-03 4.53244710e-03 7.17296481e-03
1.43817308e+02 -1.31892534e-02 -5.72022394e-02 -3.59536926e-02 1.03617949e-02 7.51907446e-03 1.20991291e-02
1.46533823e+02 -7.47783321e-02 -1.27859883e-02 -1.91458833e-02 1.71048318e-02 1.62450508e-02 1.04983255e-02
1.49233948e+02 -7.38267118e-03 4.28017159e-04 -1.31908434e-02 1.33430567e-02 2.20394260e-02 1.88073943e-02
1.51941386e+02 -5.55051103e-02 1.76657789e-02 -4.99630700e-03 8.65898810e-03 1.24277943e-02 9.75542362e-03
1.54646730e+02 -1.53002040e-02 2.39576791e-03 6.24751376e-03 1.59571174e-02 1.49265585e-02 1.06199771e-02
1.57346495e+02 -1.86568190e-02 2.11644419e-02 1.84541366e-02 2.18042827e-03 1.25553173e-02 6.86396645e-03
1.60051120e+02 -3.71519464e-02 5.56304707e-02 6.32365118e-02 2.52947472e-02 1.08116526e-02 1.92884842e-02
1.62750683e+02 -4.72363621e-02 -1.75717126e-02 3.76768761e-02 4.73924194e-03 2.42074767e-02 1.21260805e-02
1.65449276e+02 -3.87142718e-02 1.13824959e-02 3.71487566e-02 7.75865787e-03 2.45146113e-02 2.35691330e-02
1.68148417e+02 -2.15076263e-02 -1.71578574e-02 -9.32500482e-03 8.35831824e-03 4.01302673e-02 2.14597677e-02
1.70849714e+02 -1.00949407e-02 -6.07698019e-02 -1.64713321e-02 2.77105167e-02 3.16800800e-02 2.20054191e-02
1.73549042e+02 -1.61905899e-02 1.29657372e-02 -3.18413061e-02 3.34431322e-03 2.85185397e-02 1.06246025e-02
1.76241417e+02 -1.26281721e-02 2.54685926e-02 1.61305188e-03 2.51048209e-02 2.00765168e-02 9.39914332e-03
1.78931448e+02 1.98139727e-02 3.32189498e-02 1.81486429e-02 5.92652725e-03 8.31184886e-03 8.74120045e-03
1.81634401e+02 5.68857349e-02 2.30594511e-02 -5.06508008e-04 1.42682202e-02 4.98594664e-03 3.71641978e-03
1.84343761e+02 4.04246609e-03 1.84188972e-02 -2.94991003e-02 2.84115099e-02 4.03444541e-03 3.33795398e-03
1.87058167e+02 -7.04387615e-02 3.55072712e-02 -1.35225958e-02 1.34618336e-02 2.99969054e-03 5.72171228e-03
1.89751495e+02 5.84616844e-03 -2.04148036e-02 1.47855854e-02 1.51986653e-02 2.03515429e-03 2.75018877e-03
1.92451105e+02 -6.86580491e-04 -2.26873305e-02 4.63541169e-02 2.28597770e-02 3.25935278e-03 5.02069637e-03
1.95152776e+02 7.34126501e-02 -4.08565691e-02 3.26940426e-02 1.31754521e-02 1.15647253e-02 3.18100234e-03
1.97850730e+02 1.99333660e-02 2.90392774e-02 1.02366882e-02 1.25293433e-02 1.09528737e-02 9.19392587e-03
2.00560214e+02 7.11775904e-02 1.93482865e-02 1.05422500e-02 9.19308808e-03 9.83563358e-03 7.27608459e-03
2.03274901e+02 -3.83189179e-03 6.24215004e-02 -6.77830915e-03 2.04975570e-02 1.08439191e-02 7.28806273e-03
2.05988198e+02 -7.44906952e-03 1.16063521e-02 1.13507997e-02 1.24333418e-02 8.47877116e-03 7.99990172e-03
2.08674636e+02 -2.15130138e-02 9.28184770e-04 -2.55293157e-03 1.24090563e-02 8.39294442e-03 2.94220012e-03
2.11383886e+02 -1.97046781e-02 -5.08345064e-02 -9.82475788e-03 2.30298620e-02 8.93395884e-03 9.40729575e-03
2.14079511e+02 9.53050695e-03 -1.94326011e-02 9.78467385e-04 1.86222153e-02 5.63635395e-03 7.83080511e-03
2.16775417e+02 -3.43152309e-02 -1.86036977e-02 9.06624845e-03 7.98897679e-03 1.39512851e-02 7.03625737e-03
2.19482667e+02 -3.72381736e-02 6.98870401e-02 -2.30103984e-02 1.55068123e-02 1.56073188e-02 1.76346210e-02
2.22174480e+02 -5.58469680e-02 4.30463081e-02 -7.74333297e-03 6.74131049e-03 1.42716995e-02 9.38798189e-03
2.24879636e+02 -3.90947574e-02 4.74935263e-02 6.88230035e-03 1.08793015e-02 2.12676341e-02 2.36076390e-02
2.27586542e+02 -4.15340225e-02 5.05717557e-03 -3.50109249e-02 1.40379087e-02 1.51868535e-02 1.30875499e-02
2.30289995e+02 -8.27897736e-02 -3.18935702e-03 -2.96825001e-02 2.49220538e-03 3.38915481e-02 2.24446691e-02
2.33000261e+02 -5.41177652e-02 3.56813201e-02 -3.08095142e-02 4.43543371e-03 2.81686005e-02 1.72220752e-02
2.35705417e+02 -6.19410851e-02 4.94220357e-02 -1.32990997e-02 3.78203028e-03 1.96901668e-02 2.80854517e-02
2.38397323e+02 -6.06864980e-03 -3.63602030e-03 2.65283810e-03 1.31210262e-02 2.07388853e-02 9.67687949e-03
2.41097355e+02 -3.05492155e-02 2.40411210e-02 6.01330041e-03 4.89988414e-03 2.11510122e-02 1.14552633e-02
2.43791683e+02 -3.42377236e-04 1.16558681e-02 1.49342817e-03 2.34498765e-02 1.96526061e-02 1.23670842e-02
2.46490042e+02 -1.76832185e-02 -3.16347469e-02 -2.48363535e-02 1.38645070e-02 1.18955760e-02 8.84890945e-03
2.49184105e+02 -1.06572206e-02 -3.17204546e-02 -3.09575834e-02 2.85864162e-02 1.30200960e-02 1.24810816e-02
2.51879745e+02 -2.99823941e-02 1.84735164e-03 -3.61879344e-02 1.82172638e-02 1.18726430e-02 7.24868850e-03
2.54581089e+02 -3.09992215e-02 -4.45411635e-03 -4.97315505e-02 8.83395535e-03 1.30054515e-02 3.34463113e-03
2.57281308e+02 -3.44598420e-02 4.12079942e-03 -9.21968159e-03 1.21253209e-02 1.31338415e-02 1.67399235e-02
2.59974980e+02 -4.45739504e-02 -1.40916996e-02 -2.64708434e-03 6.73239467e-03 1.99857442e-02 3.94695850e-03
2.62671245e+02 7.35494231e-03 3.21859833e-04 6.41985006e-02 1.76660904e-02 3.31835924e-02 1.78893889e-02
2.65366901e+02 -1.13478601e-02 -9.47664313e-03 2.83335196e-02 1.61469228e-02 1.81497813e-02 7.83679150e-03
2.68069038e+02 2.33834138e-02 1.73530012e-02 2.59272428e-02 9.01311755e-03 1.96079533e-02 9.27053504e-03
