6.65293149e-01 -1.89161049e-02 -1.93101595e-02 3.01217636e-02 8.61277254e-03 2.34553895e-02 8.95477165e-03
3.36981770e+00 1.65014093e-02 -2.31139144e-02 1.73236709e-02 1.81679660e-02 2.69649655e-02 1.12971762e-02
6.06894380e+00 -3.04274406e-02 1.58051495e-02 3.89003941e-02 4.09488468e-03 3.04365618e-02 1.67895088e-02
8.76865161e+00 2.32117654e-02 8.84899434e-03 3.72069924e-02 1.14864114e-02 3.54752135e-02 3.23874306e-02
1.14751888e+01 -2.38977519e-02 -7.65690673e-03 3.27692932e-02 7.99877674e-03 3.56053540e-02 1.86796387e-02
1.41787529e+01 -1.89991791e-02 5.91304868e-02 5.42346049e-02 5.96313576e-03 3.93405381e-02 1.45011043e-02
1.68922716e+01 -2.43819300e-02 6.08838178e-02 2.17504432e-02 6.35253623e-03 3.38443931e-02 1.23405393e-02
1.95854997e+01 -3.74926231e-03 7.88557892e-03 3.78620653e-02 1.41524877e-02 2.77359075e-02 2.49649576e-02
2.22843716e+01 8.82114515e-02 -1.98830917e-03 3.00349418e-02 1.69252477e-02 3.41580945e-02 1.67008654e-02
2.49832294e+01 1.03627856e-02 -5.47976975e-03 3.25562416e-02 1.92021513e-02 1.76476473e-02 1.05516978e-02
2.76839419e+01 2.62576935e-02 -1.02781822e-02 1.09597392e-02 1.41947237e-02 1.12419231e-02 3.31026554e-03
3.03829888e+01 -6.07962377e-02 -2.31415328e-02 4.83035541e-03 1.85734923e-02 1.99510683e-02 1.44852986e-02
3.30770622e+01 -3.71198665e-02 -1.32678203e-02 -3.23024331e-02 1.16150327e-02 1.93332364e-02 8.91723599e-03
3.57645544e+01 -7.96687587e-03 -1.94356278e-02 1.59532511e-02 2.10024480e-02 1.43834742e-02 1.16171492e-02
3.84781450e+01 6.43946949e-02 -4.09002039e-02 -1.39005153e-03 1.18448027e-02 2.38286330e-02 2.05707574e-02
4.11795825e+01 1.11623332e-02 -2.09917923e-02 1.48908788e-02 1.35216283e-02 1.28618436e-02 6.74890730e-03
4.38815216e+01 2.45432463e-02 2.49327540e-02 -3.56094263e-02 1.08978359e-02 1.57790228e-02 1.38842053e-02
4.65869388e+01 -4.28200305e-02 3.01061864e-02 -4.94586536e-02 1.39174485e-02 2.16272175e-02 8.15556429e-03
4.92923654e+01 4.48235244e-03 3.59150272e-03 -4.49722024e-02 1.51849964e-02 1.71062772e-02 9.68459874e-03
5.19917826e+01 -5.35770286e-03 4.04934901e-03 -1.49212413e-02 8.01275289e-03 1.13068438e-02 2.35595902e-02
5.46997247e+01 -9.16616854e-03 3.54814413e-02 -6.70198073e-02 4.30119515e-03 1.25640455e-02 1.20343242e-02
5.73923200e+01 -3.14647973e-02 -5.19709388e-03 -4.03933153e-02 7.97220771e-03 1.22195636e-02 7.75873317e-03
6.00922372e+01 1.55967724e-02 8.32571532e-03 -1.56609727e-02 3.26074775e-03 1.86758787e-02 1.15977937e-02
6.28065013e+01 -8.59529522e-02 -2.65740002e-02 -3.66397060e-02 1.70687204e-02 1.40072690e-02 1.78468624e-02
6.55045466e+01 8.63154831e-03 -3.43471820e-03 -3.04312089e-03 9.79436764e-03 1.68224503e-02 1.37568636e-02
6.82094935e+01 -1.82129409e-02 -2.04855713e-02 2.00683985e-02 1.28841063e-02 1.30255019e-02 7.69231807e-03
7.09170450e+01 1.92600395e-02 -3.91121722e-03 3.13195399e-02 1.33901111e-02 1.18253307e-02 9.25586320e-03
7.36144997e+01 -4.41472334e-03 -9.23911071e-03 -5.71202210e-03 1.63126220e-02 1.27243151e-02 8.99153646e-03
7.63096435e+01 -2.04458157e-03 2.54890907e-02 -3.56454158e-02 1.57294689e-02 1.55826618e-02 9.03243611e-03
7.90052091e+01 1.00528195e-02 -3.96693928e-02 -4.90818830e-03 2.04778164e-02 1.87484500e-02 1.84085204e-02
8.17007529e+01 3.13311303e-03 -1.50061986e-02 -2.99611917e-02 1.39141560e-02 1.08004360e-02 3.73948327e-03
8.44104497e+01 4.07065214e-02 -2.22787600e-02 -2.77736269e-02 2.31304288e-02 1.08895294e-02 1.04025142e-02
8.71170310e+01 -1.07560886e-02 1.96394214e-03 2.26369087e-02 8.58607315e-03 1.38673316e-02 1.43425586e-02
8.98148466e+01 4.54432506e-02 9.63119798e-03 1.44675454e-02 1.64040240e-02 1.23851476e-02 6.76468773e-03
9.25152544e+01 5.38660173e-02 -1.62601510e-02 8.42067258e-03 1.79267200e-02 1.30675557e-02 1.05761230e-02
9.52255279e+01 1.81367968e-02 2.52521825e-02 -3.69384583e-02 4.92408916e-03 7.39382206e-03 9.74385788e-03
9.79377232e+01 -2.86209135e-02 5.03345199e-03 -1.44173468e-02 1.44485091e-02 1.29368669e-02 1.10690558e-02
1.00641836e+02 -7.43126698e-03 3.61242372e-02 2.23649217e-02 1.07151330e-02 1.55736406e-02 1.36295874e-02
1.03332851e+02 4.12366816e-02 3.58450319e-02 2.58779685e-02 8.46758001e-03 2.09897964e-02 1.01059882e-02
1.06032836e+02 2.97627194e-02 1.02835555e-03 -1.20380287e-02 1.93849335e-02 1.37887720e-02 1.05237021e-02
1.08737554e+02 -4.81219607e-03 4.18587559e-02 -4.90244282e-02 8.69682165e-03 1.65707631e-02 1.68562499e-02
1.11437648e+02 -2.44537790e-02 5.94065226e-02 -5.87135565e-02 1.29490552e-02 2.69086895e-02 1.47346615e-02
1.14130945e+02 -1.66553293e-02 2.28904718e-02 -1.81033382e-03 1.69833843e-02 1.93077849e-02 1.52424718e-02
1.16838304e+02 -5.22054670e-02 -1.14940424e-02 -1.76975716e-03 6.07268982e-03 1.80512349e-02 5.82918906e-03
1.19530429e+02 3.96398700e-02 3.73889855e-03 -5.56833433e-02 9.01446773e-03 1.92504155e-02 2.59063560e-02
1.22226539e+02 1.71360342e-03 2.79021124e-02 -2.22123764e-02 1.09644786e-02 1.61507994e-02 8.45335240e-03
1.24929617e+02 4.03662535e-02 4.14325135e-02 -4.61166427e-02 7.18847423e-03 2.91796092e-02 1.67525808e-02
1.27630914e+02 -3.95114547e-04 6.84883249e-03 -6.43092144e-02 6.23556581e-03 2.14212266e-02 2.19168511e-02
1.30324179e+02 2.75467987e-02 4.15419251e-02 -1.73001579e-02 2.36912482e-03 1.61750311e-02 1.60756209e-02
1.33022383e+02 -2.15308094e-02 5.79997779e-02 -2.51674516e-02 9.69396320e-03 2.35943623e-02 1.49367490e-02
1.35712664e+02 -3.45179998e-02 4.67715495e-02 -2.11412641e-02 7.49441139e-03 2.18387045e-02 2.14428337e-02
1.38414445e+02 -2.92882719e-02 3.30074992e-02 -1.32078421e-02 4.13727422e-03 2.05514001e-02 8.85654075e-03
1.41112445e+02 -5.22593329e-04 -4.94014425e-02 -3.38804077e-02 7.50053185e-03 3.34065761e-02 9.99164395e-03
1.43803523e+02 9.02617608e-02 -2.29446547e-02 -2.80528859e-02 4.14630728e-03 2.74130817e-02 1.65587078e-02
1.46515929e+02 1.73603089e-02 -2.11760592e-02 -8.84688340e-03 4.75577803e-03 3.96875736e-03 1.76053402e-02
1.49226383e+02 -4.32800396e-03 -2.63735226e-02 3.27720587e-02 7.55339457e-03 1.49380661e-02 1.22714398e-02
1.51933117e+02 -5.19256674e-03 -2.55944033e-03 -1.95469271e-02 4.36096732e-03 6.42497298e-03 1.89490434e-02
1.54641086e+02 3.35966173e-02 -8.32807651e-03 1.11465150e-02 8.45807001e-03 1.32840852e-02 2.63206725e-03
1.57337242e+02 4.18441059e-02 4.94913277e-03 3.32184772e-02 9.01933443e-03 1.47043167e-02 1.04612681e-02
1.60053367e+02 3.24214026e-02 2.11460249e-04 2.91536836e-02 7.13641120e-03 8.02533041e-03 2.07115830e-02
1.62758148e+02 7.89985161e-03 -1.11776406e-02 2.69100899e-02 3.00351292e-03 8.43902737e-03 1.44852964e-02
1.65452039e+02 -1.32137093e-02 -1.24088744e-03 2.10499332e-02 6.60234282e-03 1.89227822e-02 1.64071709e-02
1.68154883e+02 -2.26255340e-02 8.97173901e-06 2.32590300e-02 6.92098554e-03 8.94299697e-03 3.22144566e-02
1.70853508e+02 2.15879877e-03 -5.35772852e-03 6.57047943e-03 9.42825151e-03 8.09293242e-03 1.73444461e-02
1.73540961e+02 -2.06778715e-02 -2.53521947e-02 3.10501064e-02 9.48977444e-03 1.52459397e-02 7.94451239e-03
1.76246679e+02 7.99281006e-03 -2.06229162e-02 1.81798624e-04 1.08196697e-02 1.62752319e-02 5.37414352e-03
1.78953664e+02 8.66191637e-03 -9.68846389e-03 -5.69032166e-02 4.72016853e-03 2.02171996e-02 1.70405774e-03
1.81651226e+02 1.23818689e-02 3.80889356e-02 -1.57363943e-02 1.43439012e-02 2.93069441e-02 8.71269579e-04
1.84350101e+02 2.51953345e-02 7.72968856e-02 -1.59356889e-02 8.18826041e-03 1.98302807e-02 5.95900096e-03
1.87050023e+02 1.79324801e-02 -2.75633619e-03 7.26644038e-04 1.42425260e-02 2.02660441e-02 1.39763084e-03
1.89764945e+02 2.02466379e-02 3.48890191e-02 -3.47561087e-02 1.23827303e-02 2.36755109e-02 2.26058705e-03
1.92471992e+02 1.61913548e-02 6.74906433e-02 -5.88490892e-02 1.23547177e-02 2.02254099e-02 4.67546786e-03
1.95171383e+02 1.72075375e-02 4.00424155e-02 -2.53896422e-02 9.43129691e-03 2.35626544e-02 4.71422944e-04
1.97883211e+02 6.80561382e-03 2.50447026e-02 -8.81815912e-02 1.29423193e-02 1.77804298e-02 3.56243540e-03
2.00570898e+02 -1.76327809e-02 -4.04745566e-02 4.02455133e-02 1.57230123e-02 3.34258248e-02 5.82852093e-03
2.03279054e+02 2.96778320e-02 2.85613034e-03 -3.56117004e-02 9.56836758e-03 1.76434287e-02 4.28606528e-03
2.05965633e+02 -4.61345581e-03 -2.22943612e-02 7.79385545e-02 1.24280899e-02 2.47656464e-02 4.12103261e-03
2.08679133e+02 6.92082016e-03 -1.01884238e-02 -3.67751516e-04 1.71147892e-02 2.01081872e-02 6.00853167e-03
2.11375398e+02 2.22604324e-02 3.67921028e-03 7.55516474e-02 8.94422408e-03 3.01842821e-02 7.35669742e-03
2.14074195e+02 2.78908433e-02 -1.45448989e-03 5.96189029e-02 1.01209095e-02 1.57004829e-02 9.04686699e-03
2.16782804e+02 3.19513852e-02 -5.92749077e-03 3.56565994e-02 9.96346508e-03 1.91157591e-02 9.89692801e-03
2.19486414e+02 2.56338338e-03 -2.24597974e-03 5.12098875e-02 9.13421139e-03 1.26808686e-02 1.95652249e-02
2.22192679e+02 1.22855108e-02 -2.48948495e-02 5.38324333e-02 1.94505252e-02 1.56256655e-02 1.31294644e-02
2.24890539e+02 -9.68631001e-03 1.50871731e-02 4.97628559e-02 8.31562545e-03 7.36296919e-03 1.13879972e-02
2.27592523e+02 -3.70396652e-03 5.54905431e-03 5.24263894e-03 9.51809262e-03 3.41358725e-03 1.91866288e-02
2.30293695e+02 3.85287724e-03 -9.72217394e-03 -2.03371050e-02 1.68775756e-03 5.09432462e-03 1.47300396e-02
2.32987570e+02 2.13100716e-02 3.37638515e-03 1.85694933e-02 9.16080993e-03 1.18735538e-02 2.25917124e-02
2.35691461e+02 1.66209168e-02 1.38875247e-02 2.02871098e-02 4.26708898e-03 4.69709246e-03 1.01137942e-02
2.38398476e+02 -3.27104438e-03 1.54771325e-02 2.44659602e-02 1.04739184e-02 1.20213071e-02 1.00986673e-02
2.41103398e+02 1.66414708e-04 -4.37269594e-02 -1.20439335e-02 6.37362913e-03 1.64171971e-02 1.18030252e-02
2.43797383e+02 -1.15146140e-02 -3.13981833e-02 2.85719913e-02 1.32618147e-02 1.71916533e-02 8.78695084e-03
2.46499336e+02 -1.16553978e-02 -5.50367020e-03 -2.60437303e-02 8.19537568e-03 2.08030350e-02 6.40994917e-03
2.49187773e+02 -3.75199300e-02 -5.22233168e-04 -1.75682417e-02 1.42208117e-02 1.80126438e-02 1.04245857e-02
2.51882086e+02 -1.38385758e-02 2.19545951e-02 -4.49121933e-02 7.36639660e-03 1.70392209e-02 6.03970580e-03
2.54577070e+02 3.67958008e-03 -1.70768852e-02 -6.03947808e-03 1.00089164e-02 1.82108147e-02 6.85294413e-03
2.57280570e+02 1.46426010e-02 2.12298935e-02 -8.63399103e-03 7.97814480e-03 2.26680526e-02 1.28664925e-02
2.59978148e+02 -1.95864788e-02 3.76704951e-02 6.88893172e-02 1.30591423e-02 1.95836700e-02 1.49217181e-02
2.62682773e+02 -3.48408972e-02 -8.00903530e-03 3.87532311e-02 1.75480059e-02 1.83186544e-02 2.45961506e-03
2.65368945e+02 -6.79490686e-03 3.01552149e-02 5.59523888e-02 1.28061479e-02 1.49779859e-02 1.56893761e-02
2.68083189e+02 -9.51325125e-03 5.84561000e-03 2.33438137e-02 8.89123899e-03 1.71220889e-02 1.12306880e-02
