6.90884608e-01 6.86077415e-02 1.65452105e-02 -3.96781829e-02 9.15358718e-05 1.16777556e-04 1.24675015e-04
3.40865755e+00 6.62849166e-02 1.53714574e-02 -4.75172732e-02 2.90568751e-05 1.48131541e-04 2.22376760e-05
6.11818098e+00 6.89778612e-02 1.11565806e-02 -4.63166651e-02 3.02377470e-05 9.37013921e-05 4.80659159e-05
8.84020755e+00 5.54430330e-02 9.83701388e-03 -4.68682018e-02 6.09579052e-05 1.00064385e-04 7.24154908e-05
1.15591102e+01 4.21550094e-02 6.58273269e-03 -4.18969536e-02 3.83301457e-05 5.52769432e-05 7.48058891e-05
1.42869696e+01 3.01144487e-02 -1.65727656e-03 -4.81180956e-02 6.98611677e-05 1.14138977e-04 5.82698819e-05
1.70041399e+01 2.89245976e-02 -5.38051894e-04 -4.58746204e-02 4.65914423e-05 1.21482166e-04 4.40829574e-05
1.97205665e+01 3.69803761e-02 -5.22289372e-03 -4.88316831e-02 5.74396145e-05 1.37790471e-04 6.21477311e-05
2.24360196e+01 4.25099181e-02 -1.60571800e-03 -5.36101325e-02 1.90092642e-04 1.98865271e-04 6.86384040e-05
2.51477102e+01 4.22711019e-02 -1.31618605e-03 -6.36101201e-02 7.11130590e-05 2.23109051e-04 4.53488115e-05
2.78563040e+01 5.26557811e-02 5.70716700e-03 -6.97981735e-02 4.27504797e-05 3.51188964e-04 1.71925835e-05
3.05732649e+01 5.95726013e-02 6.00909259e-03 -6.86327888e-02 8.25390419e-05 3.81158482e-04 2.11924150e-05
3.32858665e+01 7.28566348e-02 7.21683313e-03 -5.49982923e-02 1.25068808e-04 4.69133422e-04 6.96380308e-05
3.60011555e+01 7.98876770e-02 7.52062937e-03 -3.69337863e-02 5.14828689e-05 5.72833723e-04 4.55156505e-05
3.87124930e+01 8.47490763e-02 1.02712855e-02 -2.50925609e-02 6.54999031e-06 7.66620083e-04 2.87323162e-05
4.14160055e+01 7.79863167e-02 1.21815555e-02 -9.03335086e-03 3.03764797e-05 8.27221879e-04 5.42719378e-05
4.41204211e+01 7.63543096e-02 1.80230474e-02 -6.41977020e-03 4.21121612e-05 4.43827066e-04 1.08278724e-04
4.68377696e+01 7.53995685e-02 1.95162031e-02 -7.85523977e-03 7.09397609e-05 4.22343867e-04 1.34592163e-04
4.95555180e+01 6.86020585e-02 2.19022960e-02 -3.24458145e-02 9.23286538e-05 2.22441802e-04 3.10675813e-05
5.22706133e+01 6.08365704e-02 2.11931508e-02 -4.07361433e-02 6.48357699e-05 2.89558535e-04 3.46327934e-05
5.49974633e+01 5.45687413e-02 2.10712203e-02 -4.30232427e-02 9.00356556e-05 3.49330962e-04 5.51684847e-05
5.77038711e+01 5.14649805e-02 2.17537261e-02 -3.99237515e-02 4.23078997e-05 2.15608820e-04 8.84237332e-05
6.04302493e+01 5.21279917e-02 2.12669611e-02 -3.86713072e-02 2.62061239e-05 1.87502451e-04 7.43936417e-05
6.31509602e+01 5.74281483e-02 9.61219013e-03 -3.38327514e-02 1.61947762e-04 2.63036365e-04 1.59020338e-04
6.58694852e+01 5.84479494e-02 1.13413521e-02 -4.59968714e-02 1.09065647e-04 1.73124213e-04 1.83319909e-04
6.85887821e+01 6.22618717e-02 7.27751459e-03 -5.37190625e-02 8.53785481e-05 3.13844461e-04 1.70202021e-04
7.13080868e+01 5.13132751e-02 6.81899074e-03 -6.96888755e-02 5.48004057e-05 9.53157992e-05 1.36126772e-04
7.40290446e+01 4.91124678e-02 2.22592838e-03 -7.09105976e-02 9.86878223e-05 1.21396865e-04 1.20041933e-04
7.67525118e+01 5.15145404e-02 -6.15189702e-04 -6.65019282e-02 6.69024151e-05 1.05521784e-04 2.99570727e-05
7.94666227e+01 5.65312180e-02 -7.12526787e-03 -6.40953919e-02 1.08624500e-04 1.50483109e-04 4.42141105e-05
8.21792821e+01 5.77433206e-02 -4.96361584e-03 -5.71036566e-02 1.08062983e-04 6.12694193e-05 1.47763383e-04
8.48884930e+01 5.94173074e-02 -4.70219280e-03 -5.01524656e-02 1.13011125e-04 5.60895476e-05 6.16868606e-05
8.76001508e+01 6.32525450e-02 -2.35240500e-03 -3.96303906e-02 4.74186627e-05 4.67513254e-05 2.13441256e-05
9.03101758e+01 6.01780639e-02 -1.16389986e-03 -3.23510892e-02 7.83438080e-05 1.18572483e-04 1.05350778e-04
9.30274243e+01 5.17398012e-02 3.91560307e-03 -3.74089989e-02 1.14018658e-05 1.28250446e-04 8.10346110e-05
9.57386727e+01 5.52961245e-02 1.05935820e-02 -5.31300098e-02 7.35676842e-05 4.07721460e-04 1.28584311e-04
9.84534461e+01 5.67808795e-02 1.87050713e-02 -6.76011418e-02 4.07246339e-05 3.15583520e-04 3.11845236e-05
1.01167399e+02 5.82084777e-02 1.90561971e-02 -6.96563869e-02 6.70176836e-05 4.63602808e-04 7.88733731e-05
1.03877290e+02 6.67932489e-02 2.03063381e-02 -6.52634793e-02 1.02538197e-04 2.35890025e-04 4.55136386e-05
1.06593040e+02 6.81552629e-02 1.89528619e-02 -5.51170230e-02 7.72872646e-05 2.03686229e-04 1.17366640e-04
1.09309931e+02 7.27593687e-02 1.49580825e-02 -4.49324836e-02 4.11774191e-05 2.13479900e-04 2.81857479e-05
1.12029837e+02 7.11231261e-02 1.52306370e-02 -4.55664375e-02 2.14618191e-05 1.02949766e-04 3.36578847e-05
1.14752759e+02 6.64733293e-02 1.45135989e-02 -4.73565160e-02 5.21609827e-05 1.29706592e-04 1.11143605e-05
1.17470868e+02 6.50477171e-02 1.01008824e-02 -4.26279143e-02 3.28028263e-05 1.70646746e-04 6.30737255e-05
1.20189774e+02 5.49643848e-02 7.67162991e-03 -4.32669731e-02 4.80758899e-05 1.84911360e-04 6.39247149e-05
1.22917477e+02 5.64256670e-02 4.40577593e-03 -3.97964117e-02 3.83830222e-05 2.89588430e-04 7.77673102e-05
1.25636884e+02 6.56258942e-02 -3.19692735e-04 -3.32526246e-02 5.26001593e-05 1.97301968e-04 2.83905890e-05
1.28364040e+02 8.13855070e-02 -2.08456280e-03 -2.51136945e-02 1.15523759e-04 8.74161771e-05 8.83340263e-05
1.31075618e+02 8.76995273e-02 -8.96011915e-03 -6.13095234e-03 7.06375775e-05 8.61752317e-05 4.82871866e-05
1.33795431e+02 7.98735664e-02 -1.76767878e-02 1.09386893e-02 4.02606292e-05 3.97794847e-05 9.14931405e-05
1.36509524e+02 7.29841729e-02 -2.07135128e-02 2.17722332e-02 3.02705496e-05 1.48596041e-04 1.26312072e-04
1.39224540e+02 6.38389341e-02 -2.40602406e-02 3.71881758e-02 9.06321520e-05 6.46258625e-05 8.37595473e-05
1.41933899e+02 4.98179318e-02 -2.58601996e-02 3.88633472e-02 3.61789191e-05 1.69326996e-04 8.27763300e-05
1.44635446e+02 4.20812966e-02 -2.73017699e-02 4.31584634e-02 8.95892842e-05 6.61333757e-05 1.93178138e-05
1.47352399e+02 4.64017133e-02 -3.57635541e-02 4.11449031e-02 8.21362368e-05 6.98901580e-05 5.43105002e-05
1.50060306e+02 4.89661118e-02 -3.12928871e-02 5.30837163e-02 5.08561900e-05 5.43495554e-05 9.05179810e-05
1.52777852e+02 4.63365234e-02 -2.26457334e-02 5.49641210e-02 2.13149322e-05 7.88417828e-05 6.53852667e-05
1.55498899e+02 4.83339058e-02 -8.21646308e-03 5.99892559e-02 1.24659136e-04 1.53856455e-04 8.62778713e-05
1.58217384e+02 4.97495751e-02 2.62394299e-03 6.52833404e-02 4.71581612e-05 2.74210259e-04 8.11150985e-05
1.60923602e+02 5.03371725e-02 2.98062568e-03 7.02194176e-02 5.84943858e-05 1.81189773e-04 3.41912251e-05
1.63635556e+02 5.35321858e-02 1.21053367e-02 6.48131082e-02 8.93355377e-05 1.65555418e-04 3.64645386e-05
1.66350665e+02 5.36606644e-02 1.09998406e-02 6.64004438e-02 4.63437950e-05 3.42123330e-04 3.73306207e-05
1.69070571e+02 6.34547290e-02 1.03887191e-02 5.56220526e-02 7.54802507e-05 1.05344228e-04 7.14763483e-05
1.71785868e+02 6.68334685e-02 1.52641160e-02 4.48553054e-02 4.34963766e-05 2.47070094e-04 3.68238469e-05
1.74494102e+02 6.72158436e-02 1.37192452e-02 3.84533215e-02 4.94657414e-05 4.32748278e-04 1.25553567e-04
1.77205993e+02 6.23295209e-02 1.78786019e-02 3.09256338e-02 5.12066722e-05 1.98417436e-04 4.49732403e-05
1.79917649e+02 5.74618994e-02 1.49723494e-02 4.03732224e-02 7.69093348e-05 1.30796544e-04 3.88281412e-05
1.82621415e+02 4.98422053e-02 1.32528437e-02 5.32268047e-02 6.80686813e-05 9.65146191e-05 1.22718812e-04
1.85342837e+02 4.60546692e-02 1.07579154e-02 5.84589535e-02 2.48684747e-05 5.36286025e-05 1.10418408e-04
1.88054337e+02 3.82326225e-02 4.22952347e-03 6.72879773e-02 7.34911616e-05 4.82483170e-05 4.96737248e-05
1.90774181e+02 3.89205905e-02 -6.02250893e-03 6.91605858e-02 1.04090596e-04 3.67856471e-05 6.61373241e-05
1.93484477e+02 3.64361967e-02 -1.36092778e-02 6.91801924e-02 2.03589078e-05 6.13656048e-05 2.87331049e-05
1.96205056e+02 3.99747639e-02 -1.27175980e-02 6.13793638e-02 3.66329344e-05 1.20912090e-04 5.12861611e-05
1.98930571e+02 4.80455004e-02 -1.44081388e-02 5.89655021e-02 9.51555705e-05 1.77484431e-04 2.47501848e-05
2.01644712e+02 4.92131333e-02 -1.40131112e-02 6.12373321e-02 2.87564219e-05 2.10123681e-04 8.35756709e-05
2.04371290e+02 4.98396826e-02 -7.95334245e-03 6.74450165e-02 5.71659971e-05 5.35332090e-04 2.60096259e-05
2.07083790e+02 5.20079823e-02 -4.40945934e-03 6.93898658e-02 2.42172025e-05 3.44862673e-04 1.46678502e-04
2.09809493e+02 4.98130404e-02 -1.01548885e-03 5.86910130e-02 5.25157039e-05 1.99643189e-04 9.30391635e-06
2.12527290e+02 4.30913112e-02 9.00930010e-03 5.75212929e-02 2.19712341e-05 1.38066218e-04 4.77712646e-05
2.15241415e+02 3.97922732e-02 1.68264397e-02 5.85222768e-02 4.66077901e-05 1.15575292e-04 1.10081243e-04
2.17954227e+02 3.38857124e-02 2.09093354e-02 5.91387989e-02 8.33926096e-05 1.12645494e-04 8.65138202e-05
2.20671274e+02 2.66194294e-02 2.39874270e-02 6.28496970e-02 9.29705398e-05 8.69886840e-05 5.67546887e-05
2.23385618e+02 3.18375964e-02 2.15571797e-02 6.35458494e-02 1.52928538e-04 2.09296437e-04 4.43283141e-05
2.26106649e+02 4.31993388e-02 1.86503151e-02 6.25807311e-02 7.51816373e-05 3.74724314e-04 1.60856821e-04
2.28823634e+02 4.58885059e-02 1.11294017e-02 7.36278094e-02 5.51067974e-05 4.26595837e-04 7.24552837e-05
2.31532212e+02 4.18261923e-02 3.79072808e-03 8.24031907e-02 5.80148660e-05 3.47171427e-04 7.02851542e-05
2.34241852e+02 4.45499718e-02 8.76266980e-03 8.97091607e-02 2.57774221e-05 1.60814229e-04 1.81322959e-05
2.36944056e+02 4.37886145e-02 6.60027800e-04 9.23482744e-02 5.50421901e-05 7.05366587e-05 8.41319963e-05
2.39662524e+02 3.87303665e-02 -1.11789644e-03 9.13437963e-02 1.35211421e-05 8.05460130e-05 2.47040581e-05
2.42383149e+02 3.95974930e-02 5.63337202e-04 7.51285247e-02 3.74506010e-05 5.65890151e-05 2.72555359e-05
2.45106696e+02 3.89737254e-02 6.75939306e-04 5.94856964e-02 9.53266469e-05 1.26120893e-05 7.96781114e-05
2.47835384e+02 3.91816810e-02 -5.28968558e-03 5.18679056e-02 4.02941052e-05 1.16697165e-05 1.08714882e-04
2.50559087e+02 4.32845380e-02 -5.99039255e-03 5.25456155e-02 4.53062002e-05 2.42637533e-04 6.86820678e-05
2.53286774e+02 5.20000956e-02 -9.24853377e-03 6.11093762e-02 3.03680207e-05 1.51041093e-04 1.00633279e-04
2.56012774e+02 5.98993548e-02 -2.44180977e-03 6.14463974e-02 8.35643905e-05 3.10173477e-04 2.63967993e-05
2.58718118e+02 7.01409113e-02 -3.00257405e-03 5.46055753e-02 4.53190120e-05 1.54779763e-04 1.26365463e-04
2.61431259e+02 7.18453870e-02 2.86515363e-03 3.95269148e-02 9.77778983e-06 1.40097161e-04 6.40948944e-05
2.64148274e+02 6.43094418e-02 5.16385752e-03 1.44137645e-02 2.36959569e-05 2.15491240e-04 7.86841065e-05
2.66867415e+02 6.57042469e-02 1.39724205e-02 -7.87951203e-03 6.08323598e-05 1.90354171e-04 1.09207472e-04
2.69584005e+02 6.48822855e-02 1.48826758e-02 -2.73601378e-02 2.73366414e-05 6.78369878e-05 1.29831470e-04
