6.72956917e-01 9.92124959e-02 4.41016074e-03 -5.04985988e-03 2.53349017e-05 9.19625700e-05 9.40716427e-06
3.38648796e+00 9.68339567e-02 3.03319937e-03 -2.45321623e-02 9.10494920e-06 6.62688461e-05 2.93819413e-05
6.09719733e+00 8.68649969e-02 3.37130122e-03 -3.93265077e-02 2.82215266e-06 7.74486462e-05 4.64492484e-05
8.81836593e+00 8.10041346e-02 1.01044524e-03 -4.90477640e-02 4.87279032e-05 1.37729770e-04 4.15663862e-05
1.15387561e+01 7.39658726e-02 2.07025690e-03 -6.02496718e-02 2.46941691e-05 3.62016195e-05 2.42749748e-06
1.42506858e+01 7.44920807e-02 4.25120417e-04 -6.65622314e-02 3.14817678e-05 1.10959530e-04 9.74738784e-06
1.69654061e+01 6.91497172e-02 1.84212436e-03 -7.23997157e-02 1.88511674e-05 1.37932428e-04 2.08436652e-05
1.96824951e+01 6.71260836e-02 4.95242524e-03 -7.28378851e-02 3.38920696e-05 1.39177470e-04 2.60553672e-05
2.23944889e+01 6.70329873e-02 2.51436405e-03 -7.43451148e-02 3.76608245e-05 1.72300765e-04 3.89179281e-05
2.51082483e+01 6.59564129e-02 5.95470702e-03 -6.81712401e-02 1.53901186e-05 1.25123848e-04 2.63963880e-05
2.78228483e+01 5.88889214e-02 3.03830531e-03 -6.98022679e-02 3.21073254e-05 7.84123372e-05 2.84500993e-05
3.05436670e+01 5.46169722e-02 6.73841503e-03 -6.73230431e-02 6.70305864e-05 5.57133581e-05 2.46547945e-05
3.32627264e+01 5.71157369e-02 7.05951873e-03 -7.37397562e-02 3.74095257e-05 7.74070556e-06 2.06131820e-05
3.59787545e+01 5.40536188e-02 6.94215919e-03 -7.31254995e-02 7.55312107e-05 4.06868171e-05 2.36523973e-05
3.86912967e+01 5.35341628e-02 5.74929568e-03 -7.76161811e-02 6.19354907e-05 6.47843107e-05 1.26889864e-05
4.14073123e+01 5.42517438e-02 2.09097295e-03 -8.51115716e-02 1.37513973e-05 1.89715915e-04 1.81032311e-05
4.41218264e+01 5.26608369e-02 1.68189522e-03 -7.97593327e-02 1.68872255e-05 1.25172950e-04 2.30766893e-05
4.68371967e+01 5.28667386e-02 -7.25159596e-04 -8.18766786e-02 3.79780135e-05 1.66511096e-04 2.93110060e-05
4.95563858e+01 5.54134822e-02 7.72118629e-04 -7.51045527e-02 9.31590368e-05 1.63996788e-04 9.07629256e-05
5.22708545e+01 5.89852972e-02 1.43733082e-03 -7.15667306e-02 1.56132654e-04 1.63945641e-04 1.13645237e-04
5.49902358e+01 5.75538723e-02 8.03077457e-04 -6.96734894e-02 1.07014699e-04 1.31328628e-04 6.89486994e-05
5.77033795e+01 6.22985233e-02 2.69742087e-04 -6.97295686e-02 9.05605401e-05 2.31406183e-04 1.09818527e-04
6.04184123e+01 6.32771493e-02 1.57696994e-03 -7.36011008e-02 1.55107886e-04 1.06449841e-04 1.06698810e-04
6.31310451e+01 6.28672846e-02 8.16566278e-04 -6.57072811e-02 8.64258541e-05 6.70667977e-05 1.42068257e-04
6.58484342e+01 6.58639702e-02 6.89347611e-03 -6.86908973e-02 3.05669916e-05 1.49831725e-04 7.97121186e-05
6.85693467e+01 6.13692918e-02 1.18005996e-02 -6.78928683e-02 1.77248174e-05 6.09244525e-05 1.66390011e-05
7.12854608e+01 6.25767631e-02 8.73738961e-03 -6.54555716e-02 1.21032244e-05 1.10272379e-04 2.32761259e-05
7.39990826e+01 6.56995924e-02 1.06662597e-02 -6.61437620e-02 2.79339847e-05 1.10530827e-04 1.96113792e-05
7.67165936e+01 7.21724862e-02 7.93680496e-03 -6.40441597e-02 2.41870226e-05 1.52116562e-04 2.74732855e-05
7.94329670e+01 8.13927676e-02 6.98561347e-03 -6.25518000e-02 3.57642555e-05 1.26712134e-04 2.60310498e-05
8.21498780e+01 8.17248651e-02 8.90862233e-03 -6.15872962e-02 3.25155250e-05 8.10279355e-05 5.97072104e-05
8.48675248e+01 7.86866225e-02 7.05872722e-03 -5.74627870e-02 2.79520225e-05 1.69613794e-04 4.82415395e-05
8.75798951e+01 7.55106754e-02 8.01312120e-03 -5.63499765e-02 1.26038533e-05 1.59255494e-04 4.40236919e-05
9.02958483e+01 7.64684990e-02 6.30365123e-03 -5.03365780e-02 2.67828619e-05 2.62218793e-04 2.22184742e-05
9.30116655e+01 7.77245666e-02 6.21926454e-03 -4.86806025e-02 4.02372938e-05 1.37688017e-04 1.66791237e-05
9.57243905e+01 8.13521714e-02 1.37331180e-03 -5.43813227e-02 3.37409482e-05 1.24261859e-04 1.99498585e-05
9.84430811e+01 7.77287461e-02 3.46675115e-03 -5.87183528e-02 1.45292357e-05 5.97823337e-05 1.58814132e-05
1.01155908e+02 7.77330406e-02 9.99364459e-04 -5.72463773e-02 8.61676667e-06 2.64742182e-05 4.98200309e-05
1.03864642e+02 7.61492255e-02 -3.77901148e-04 -6.19124359e-02 1.89876163e-05 5.01118538e-05 2.23650633e-05
1.06577017e+02 7.34139242e-02 -1.45859503e-03 -5.83103202e-02 2.64526602e-05 3.11554109e-05 3.28486432e-05
1.09291767e+02 7.33103434e-02 -5.01645397e-03 -6.07080936e-02 5.13301133e-05 8.48424952e-05 8.24179672e-05
1.12006955e+02 7.05771697e-02 -7.27503930e-04 -6.62099919e-02 6.37057301e-05 2.22707110e-05 3.36533919e-05
1.14720814e+02 6.86317320e-02 -4.47697167e-03 -5.92056082e-02 5.89421659e-05 2.67067186e-05 1.02265446e-04
1.17430361e+02 7.12086507e-02 -9.11452374e-03 -6.27021653e-02 3.84556370e-05 5.40887125e-05 4.02533111e-05
1.20143611e+02 7.05074245e-02 -9.58245462e-03 -6.25144114e-02 5.76037477e-05 2.90703620e-05 7.69050995e-05
1.22860455e+02 7.83321986e-02 -4.93852255e-03 -5.84708834e-02 2.23554005e-05 5.05712084e-05 7.18240058e-05
1.25576689e+02 8.26108562e-02 -4.65052010e-03 -5.30599479e-02 3.40366972e-05 8.26643847e-05 4.29624403e-05
1.28291470e+02 9.07927792e-02 1.76062623e-03 -3.66138011e-02 5.58321628e-05 6.90723574e-05 4.49968048e-05
1.31003923e+02 9.63431276e-02 -1.97222941e-03 -2.37176192e-02 4.66251292e-05 2.31974848e-05 3.03743352e-05
1.33721173e+02 1.02192234e-01 -2.04327053e-03 -1.01944208e-02 1.27368212e-05 2.26708352e-05 1.11650106e-05
1.36433017e+02 1.02553242e-01 5.70956157e-03 4.53357757e-03 3.32921989e-05 3.31405660e-05 3.96961932e-05
1.39147392e+02 9.81767847e-02 8.10344721e-03 1.88348918e-02 3.77979977e-05 1.30397985e-05 4.20066128e-05
1.41867470e+02 8.95366319e-02 9.54739092e-03 3.66539014e-02 6.75705227e-05 1.18271789e-04 5.51669200e-05
1.44579048e+02 8.43452261e-02 8.79880166e-03 4.82929309e-02 1.70366666e-05 5.64171787e-05 3.91308927e-05
1.47300126e+02 7.29081090e-02 7.44155333e-03 6.28203942e-02 2.13764338e-05 1.13158292e-04 2.49550436e-05
1.50021345e+02 7.03620919e-02 8.65024269e-03 6.48337504e-02 1.67486810e-05 1.07435382e-04 2.63705966e-05
1.52733048e+02 6.44461321e-02 9.11836035e-03 6.84212927e-02 2.45574492e-05 4.78195262e-05 1.07398395e-05
1.55449470e+02 6.59751558e-02 7.86141599e-03 5.92322963e-02 2.55593690e-05 1.04472254e-04 3.02569541e-05
1.58166814e+02 6.95987369e-02 4.89976488e-03 6.11729780e-02 1.64665799e-05 1.29345980e-04 4.33251656e-05
1.60880970e+02 7.02314694e-02 1.88637923e-03 5.81023381e-02 1.16448624e-05 1.41716138e-04 1.38189184e-05
1.63596017e+02 6.96252445e-02 2.76500000e-03 5.56837805e-02 8.53830094e-06 1.27830844e-04 6.17267509e-05
1.66308314e+02 6.94560970e-02 3.59790856e-03 6.20525733e-02 1.15419141e-05 1.70311523e-04 7.41084022e-05
1.69027548e+02 6.65147101e-02 2.87731277e-06 6.33390988e-02 2.25695620e-05 9.55339023e-05 4.16321698e-05
1.71742939e+02 6.92779148e-02 2.12869994e-03 6.19805948e-02 1.57594916e-05 8.04159464e-05 1.26855559e-05
1.74452642e+02 6.64269628e-02 6.99731570e-04 6.96984230e-02 1.92394723e-05 9.65951809e-05 4.31202762e-05
1.77169033e+02 6.25937998e-02 1.20422188e-03 7.34139807e-02 3.92124203e-05 7.07696820e-05 1.73953653e-05
1.79892408e+02 6.16185477e-02 -1.27844145e-03 7.05510619e-02 2.02231544e-05 1.78395666e-04 2.84911316e-05
1.82605501e+02 6.32611328e-02 -1.26810149e-03 6.86262450e-02 6.52155688e-06 1.27835189e-04 5.58133411e-05
1.85324673e+02 6.40114678e-02 -6.04765183e-03 7.17003159e-02 2.61118306e-05 1.29936412e-04 2.23343717e-05
1.88034767e+02 6.08453067e-02 -2.88266538e-03 7.17321730e-02 1.95298198e-05 8.19877037e-05 2.17929559e-05
1.90757986e+02 5.59763694e-02 4.26850132e-04 7.47791715e-02 3.56364349e-05 5.49586358e-05 1.86297134e-05
1.93472970e+02 6.03910324e-02 1.31660548e-03 7.23062480e-02 3.15147737e-05 1.21854279e-04 2.66976110e-05
1.96189064e+02 6.78501857e-02 -8.66784751e-04 7.34533794e-02 3.63275891e-05 9.79524996e-05 5.59835612e-06
1.98902205e+02 7.00091916e-02 -3.98405048e-03 7.12599791e-02 4.08514019e-05 6.49360376e-05 1.83525759e-05
2.01613330e+02 6.77596310e-02 -4.68935470e-03 7.09682706e-02 2.15839258e-05 3.74955314e-05 6.22261336e-05
2.04328736e+02 6.45004750e-02 -7.07620209e-04 6.94702950e-02 4.02503358e-05 2.43230213e-05 8.32369329e-05
2.07043111e+02 6.45667336e-02 -1.54057543e-03 6.75691200e-02 1.63483999e-05 1.46470330e-05 7.10033063e-05
2.09757033e+02 6.40837750e-02 -4.26382592e-03 6.60835579e-02 4.75562143e-05 3.78494669e-05 1.00723895e-04
2.12470017e+02 6.28691020e-02 -8.03879837e-03 6.36193971e-02 4.16981570e-05 1.99262893e-05 4.14014659e-05
2.15186876e+02 6.04494940e-02 -8.49755165e-03 6.97680225e-02 6.50148836e-05 1.45845225e-05 1.06839660e-05
2.17904033e+02 5.73742589e-02 -7.36669888e-03 6.70892266e-02 7.20909332e-06 8.47493482e-05 2.21290322e-05
2.20616720e+02 5.67756220e-02 -9.21884069e-03 7.10857844e-02 2.95999909e-05 4.86927222e-05 2.42758269e-05
2.23334470e+02 6.26568966e-02 -1.01894882e-02 6.83807277e-02 1.94440140e-05 1.77865153e-04 6.05192687e-06
2.26050345e+02 6.31319446e-02 -8.51833595e-03 7.05456778e-02 3.11633545e-05 2.17117521e-04 2.25251718e-05
2.28767220e+02 7.10340106e-02 -8.34645804e-03 6.82642436e-02 1.43902328e-05 2.52873635e-04 1.67916021e-05
2.31482033e+02 7.14596002e-02 -3.10281188e-03 6.80387532e-02 1.83252937e-05 1.30572545e-04 1.26260954e-05
2.34200126e+02 6.82439418e-02 -8.65600918e-04 6.55690484e-02 6.35952075e-05 1.66584951e-04 3.79663542e-05
2.36917486e+02 6.68360772e-02 -9.81118151e-04 6.60817652e-02 4.43498039e-05 1.11122364e-04 3.81908310e-05
2.39631970e+02 6.18428619e-02 -3.41171117e-03 6.24372326e-02 4.74269286e-05 6.66216232e-05 2.30781538e-05
2.42343861e+02 6.76199921e-02 -1.50672890e-03 6.80541510e-02 2.11314405e-05 1.04752321e-04 8.95504284e-06
2.45061330e+02 6.96143341e-02 1.97128620e-04 6.43480205e-02 1.17801223e-05 6.88835283e-05 1.00863552e-05
2.47777673e+02 6.73161996e-02 3.34050430e-03 6.66805080e-02 3.14246497e-05 1.91683760e-05 1.32112064e-05
2.50491236e+02 6.38597147e-02 4.66244911e-03 6.47737363e-02 4.52253476e-05 3.66890691e-05 2.87548888e-05
2.53201595e+02 6.25611800e-02 5.56889198e-03 6.03807947e-02 1.43000147e-05 2.29626690e-05 1.79514718e-05
2.55916611e+02 6.85763086e-02 3.99731876e-03 6.17757033e-02 4.19103376e-05 5.97162078e-05 7.22394105e-05
2.58631392e+02 7.13550689e-02 4.58241107e-03 6.21205314e-02 3.16620689e-05 8.51822278e-05 2.03890992e-05
2.61346564e+02 7.85339361e-02 2.36987851e-03 5.42883471e-02 2.23571861e-05 9.30653519e-05 9.92271647e-06
2.64059408e+02 7.98097384e-02 6.41663805e-03 4.89325593e-02 1.84363754e-05 1.53691225e-04 1.51674736e-05
2.66771251e+02 9.14326961e-02 4.88069950e-03 3.27060802e-02 1.46866840e-05 9.44261292e-05 4.10124252e-05
2.69488216e+02 9.83999614e-02 7.67971256e-03 1.34005637e-02 1.35918483e-05 1.41402483e-04 6.79091797e-05
