7.00427583e-01 6.54253957e-02 -1.18498293e-02 -2.85380421e-02 3.33093817e-05 2.63219546e-04 1.54359801e-04
3.41051634e+00 6.36471255e-02 -1.00073455e-02 -4.56131329e-02 1.88735248e-05 2.99082722e-04 2.24254262e-05
6.12664915e+00 6.18524703e-02 -9.93636850e-03 -5.38955074e-02 5.41200831e-05 4.27737438e-04 1.54717508e-05
8.84244634e+00 5.99133041e-02 -5.29003860e-03 -6.29210442e-02 5.67242861e-05 3.86003780e-04 5.34036813e-05
1.15535460e+01 5.74496249e-02 -3.12512947e-03 -6.63420921e-02 2.34576613e-05 4.12017074e-04 9.57393968e-05
1.42715148e+01 5.72134909e-02 2.22080561e-03 -6.61701312e-02 1.92306805e-05 3.80771014e-04 3.43744778e-05
1.69889601e+01 5.90415292e-02 3.26228993e-03 -5.68765357e-02 3.43675815e-05 2.42597356e-04 3.17639826e-05
1.97115148e+01 6.58696088e-02 7.67140529e-03 -5.93474444e-02 7.18167610e-05 2.20566784e-04 1.69395772e-05
2.24313335e+01 6.36767140e-02 5.60236415e-03 -5.89235030e-02 5.93700707e-05 2.26504661e-04 5.00337058e-05
2.51439429e+01 6.20097560e-02 5.99582993e-03 -5.78103704e-02 1.06001521e-04 1.94326676e-04 5.23235531e-05
2.78566945e+01 6.22659854e-02 5.75661109e-03 -5.43564050e-02 4.10546336e-05 1.36605481e-04 4.77316759e-05
3.05724538e+01 6.07671669e-02 7.00268087e-03 -5.40177457e-02 8.10977819e-06 7.76717940e-05 4.49522573e-05
3.32880179e+01 6.49492276e-02 1.02714148e-02 -5.55291476e-02 5.45494856e-05 8.06524213e-05 1.52696850e-05
3.59963132e+01 6.31432895e-02 1.13247414e-02 -6.42572969e-02 1.12375233e-05 7.98554056e-05 2.88080052e-05
3.87082445e+01 4.88389301e-02 1.87515307e-02 -7.38607361e-02 6.98334717e-05 1.01933319e-04 2.76701662e-05
4.14293491e+01 3.63160037e-02 1.43573943e-02 -8.00331642e-02 5.67683537e-05 1.04275903e-04 5.07606362e-05
4.41494101e+01 3.42876182e-02 1.57207776e-02 -7.10428674e-02 4.37230876e-05 1.71054186e-04 3.16159947e-05
4.68583288e+01 4.45817547e-02 1.17645527e-02 -6.58519192e-02 5.11965758e-05 2.37060243e-04 6.61140206e-05
4.95716273e+01 4.83712097e-02 4.06664166e-03 -6.63846527e-02 5.58051230e-05 1.88994854e-04 1.03965155e-04
5.22831210e+01 5.63126644e-02 3.17516230e-04 -6.10287074e-02 1.02938939e-04 2.04523797e-04 5.07262141e-05
5.49954288e+01 6.45686685e-02 -2.30048241e-03 -5.98782921e-02 4.51620933e-05 4.64004263e-05 3.91785617e-05
5.77080538e+01 5.57478066e-02 -5.64757754e-03 -5.09933776e-02 6.31629810e-05 2.08393705e-04 1.86846585e-04
6.04176320e+01 4.60188743e-02 2.64792265e-03 -5.58557904e-02 2.16276288e-04 3.91610363e-04 5.82289656e-05
6.31272007e+01 4.30857902e-02 3.19793139e-03 -5.89267152e-02 3.60345151e-04 7.00161942e-04 1.53282421e-04
6.58485741e+01 4.22394269e-02 6.45236599e-03 -6.12340794e-02 1.90249552e-04 4.78177820e-04 2.98361424e-04
6.85634866e+01 4.29493569e-02 8.43845421e-03 -6.46466801e-02 1.14582055e-04 6.06788406e-04 4.79210278e-05
7.12760695e+01 4.72102183e-02 7.75703322e-03 -6.30183049e-02 8.83473329e-05 5.78805771e-04 6.56116838e-05
7.39946913e+01 4.87885533e-02 9.46807406e-03 -5.95901312e-02 5.12328790e-05 4.80546854e-04 6.51806110e-05
7.67104366e+01 4.92692820e-02 8.02252438e-03 -5.26116058e-02 8.20276405e-05 4.27528351e-04 1.29549352e-04
7.94370367e+01 4.69260138e-02 1.28272752e-02 -5.69712542e-02 8.33099485e-05 4.27215648e-04 1.34623221e-04
8.21547148e+01 3.10396748e-02 1.40509678e-02 -6.30765332e-02 4.09980145e-05 4.04360130e-04 1.41862723e-04
8.48792804e+01 2.44103712e-02 9.39688355e-03 -7.15466291e-02 7.67972300e-05 2.67098317e-04 6.05972646e-05
8.75974445e+01 2.88143960e-02 1.72015142e-03 -6.80473881e-02 6.40934520e-05 1.48170438e-04 5.27000909e-05
9.03193679e+01 3.76293706e-02 -4.41043075e-03 -6.36812069e-02 7.38588004e-05 2.39470843e-04 6.61213788e-05
9.30485648e+01 5.33791501e-02 -6.10638615e-03 -5.49589203e-02 2.29494446e-05 2.32801002e-04 3.66202357e-05
9.57674398e+01 6.10770372e-02 -2.61897323e-03 -6.00368226e-02 1.02660805e-04 7.37322151e-05 5.44867438e-05
9.84746304e+01 7.34874018e-02 -3.14390272e-03 -5.66702672e-02 8.86328151e-05 1.42253465e-04 5.77535702e-05
1.01188393e+02 6.70512781e-02 -5.46963552e-03 -6.42922492e-02 8.77875171e-05 1.57690026e-04 1.06982775e-04
1.03896034e+02 6.49718736e-02 -1.28862769e-02 -6.44038538e-02 1.40436261e-04 1.75619119e-04 8.03322108e-05
1.06607612e+02 5.41030073e-02 -1.78113888e-02 -6.23059571e-02 1.19106425e-04 1.58081666e-04 1.53555603e-04
1.09328315e+02 5.15796465e-02 -1.72825466e-02 -6.07649446e-02 1.25398673e-04 1.71380170e-04 1.87352745e-04
1.12044049e+02 4.90040158e-02 -1.40309087e-02 -6.09367700e-02 1.85769433e-04 2.59574300e-04 1.43721893e-04
1.14758690e+02 5.43949549e-02 -1.05189993e-02 -5.68194641e-02 1.45243633e-04 2.57785459e-04 2.32813004e-04
1.17468409e+02 5.31507098e-02 -1.26514701e-02 -5.71091940e-02 1.83120360e-04 3.25368769e-04 4.39061992e-05
1.20181862e+02 5.81829703e-02 -1.00990789e-02 -4.50246212e-02 2.45025146e-05 4.91296144e-05 1.36171880e-04
1.22895221e+02 5.75109270e-02 -8.54582448e-03 -3.32217807e-02 3.13004038e-05 7.20544773e-05 6.58117404e-05
1.25612034e+02 6.54000420e-02 -8.16605457e-03 -2.62505695e-02 1.40297541e-04 3.63662721e-05 9.59133483e-05
1.28329643e+02 7.29617009e-02 -1.06538081e-02 -2.23523964e-02 1.01311648e-04 8.99880063e-05 8.97119481e-05
1.31047971e+02 7.52304642e-02 -1.16567900e-02 -2.26920272e-02 1.24189765e-04 9.73710571e-05 3.94291712e-05
1.33761846e+02 7.56578494e-02 -1.00724634e-02 -9.59791612e-03 4.38017086e-05 1.92294218e-04 1.15018444e-05
1.36478315e+02 7.72459425e-02 -6.92003809e-03 7.32839996e-03 7.98270384e-05 8.72036953e-05 2.92378127e-05
1.39197784e+02 7.68948956e-02 -2.75766409e-03 3.01350518e-02 1.09375038e-04 4.61986011e-05 9.71593659e-05
1.41917518e+02 6.83500430e-02 1.20111283e-02 4.24614630e-02 9.72560938e-05 4.39385415e-05 2.86603252e-05
1.44637721e+02 6.06958385e-02 1.80768322e-02 4.37308972e-02 7.18108874e-05 9.19451923e-05 2.19536529e-05
1.47358580e+02 5.62872923e-02 2.09452106e-02 4.20630233e-02 3.60685838e-05 9.17760480e-05 4.01256453e-05
1.50078221e+02 5.46803831e-02 2.11104379e-02 4.45914659e-02 9.12291083e-05 8.13610859e-05 6.44912822e-05
1.52794893e+02 5.23839072e-02 1.75777538e-02 4.61091150e-02 3.48404719e-05 1.43929966e-04 1.52277105e-04
1.55512127e+02 5.56508350e-02 1.71594389e-02 5.29561852e-02 4.19736517e-05 6.87599525e-05 1.41665382e-05
1.58225080e+02 6.41282534e-02 1.49499796e-02 5.66142187e-02 5.07280670e-05 1.16147513e-04 1.48018699e-04
1.60931455e+02 6.69052193e-02 3.18506628e-03 6.64033496e-02 6.87013363e-05 7.31292865e-05 5.48185856e-05
1.63636862e+02 6.04132484e-02 4.42976784e-03 6.72128643e-02 2.59208293e-05 1.02490729e-04 1.27594184e-04
1.66344377e+02 6.29811473e-02 -3.75679197e-03 6.50986653e-02 3.16019354e-05 5.19014018e-05 1.54957127e-05
1.69048299e+02 6.08048747e-02 -6.08846547e-03 6.31975974e-02 1.97857990e-05 1.03706612e-04 5.44409407e-05
1.71751752e+02 5.62634976e-02 -1.18740922e-02 6.64770953e-02 1.01239808e-04 1.44026269e-04 4.12063504e-05
1.74467159e+02 4.22828540e-02 -1.01332395e-02 6.11997469e-02 3.00782687e-05 2.40554822e-04 6.30533479e-05
1.77185049e+02 3.03072002e-02 -1.56951720e-02 6.33329928e-02 2.50392485e-05 1.20752202e-04 8.77722755e-05
1.79911268e+02 2.84919431e-02 -1.83800843e-02 5.63177403e-02 8.00730490e-05 1.68524279e-04 2.30816345e-05
1.82627502e+02 3.80913667e-02 -1.59697068e-02 5.06862698e-02 3.02500634e-05 6.44903754e-05 6.81737404e-05
1.85343909e+02 5.32367838e-02 -1.07716554e-02 4.41867537e-02 1.00955155e-04 2.20544543e-04 8.83217475e-05
1.88056893e+02 6.84694514e-02 -1.07300320e-02 3.56636570e-02 5.43159985e-05 1.04864761e-04 7.22578385e-05
1.90768737e+02 7.20573699e-02 -8.29169895e-03 3.21318475e-02 3.65496663e-05 1.69066160e-04 1.24232493e-04
1.93493112e+02 6.29961043e-02 -3.75121802e-03 3.12251521e-02 3.70914902e-05 1.73233665e-04 8.50545664e-05
1.96205127e+02 6.03489916e-02 1.52456122e-03 2.68048725e-02 7.86426947e-05 1.52856523e-04 3.37764407e-05
1.98924049e+02 5.98385024e-02 6.22309473e-03 3.41154629e-02 7.05816986e-05 1.88040632e-04 4.41673886e-05
2.01638330e+02 5.97137957e-02 8.75156617e-03 4.02073754e-02 9.37812358e-05 5.97947531e-05 9.37057195e-05
2.04354877e+02 5.73910247e-02 7.07762375e-03 5.16704134e-02 4.19551599e-05 6.35507898e-05 1.10364619e-04
2.07068971e+02 5.86729916e-02 3.43316576e-03 5.66908851e-02 5.35680973e-05 4.05183246e-05 4.73332441e-05
2.09783534e+02 5.68603697e-02 -7.03459525e-04 5.84357334e-02 2.13866283e-05 7.45015635e-05 3.94590769e-05
2.12496252e+02 5.69540098e-02 -9.19403396e-03 5.73248568e-02 8.21452098e-05 1.53317774e-04 5.10380482e-05
2.15220487e+02 5.74180689e-02 -1.36744613e-02 6.15162371e-02 8.71920963e-05 1.22140308e-04 9.06142291e-05
2.17939268e+02 4.99940070e-02 -1.67931585e-02 6.31632327e-02 1.36264446e-04 3.65523152e-05 4.47735495e-05
2.20657440e+02 4.02324881e-02 -1.21515023e-02 6.25117185e-02 5.00178148e-05 1.06518749e-04 6.03906730e-05
2.23383409e+02 4.30632302e-02 -5.27394494e-04 5.64329222e-02 3.92683515e-05 6.57921488e-05 5.33485069e-05
2.26107252e+02 6.24789172e-02 6.11596660e-03 6.19835793e-02 9.59727585e-05 1.52579377e-04 2.80825689e-05
2.28827018e+02 7.10482164e-02 1.52057403e-02 5.67549804e-02 1.18790067e-05 6.30589834e-05 4.14947738e-05
2.31544752e+02 7.94436730e-02 1.77604975e-02 4.91318162e-02 3.48034876e-05 1.62502998e-04 4.19976197e-05
2.34260049e+02 8.05220274e-02 2.10901444e-02 4.06770096e-02 1.88941555e-05 1.83703398e-04 4.03838489e-05
2.36970987e+02 7.69813336e-02 2.06457230e-02 3.78011316e-02 9.19871822e-05 1.35589435e-04 7.43733627e-05
2.39683674e+02 6.69284847e-02 1.72853708e-02 3.93293461e-02 6.07030058e-05 4.22134765e-05 6.41490326e-05
2.42398174e+02 6.29947592e-02 1.64825979e-02 3.71062353e-02 3.15924249e-05 1.20595541e-04 9.84807841e-05
2.45117080e+02 6.42892325e-02 2.68922977e-02 3.50039254e-02 1.04886129e-04 3.67263998e-04 1.37671239e-04
2.47832096e+02 6.85929263e-02 2.30826725e-02 3.94438669e-02 1.99671127e-05 3.03411106e-04 1.40760546e-04
2.50550315e+02 6.71910083e-02 1.78580038e-02 4.40414671e-02 5.19492180e-05 3.20206175e-04 1.02294068e-05
2.53267549e+02 6.67335917e-02 9.32964393e-03 4.62690089e-02 8.25635291e-05 3.90612076e-04 5.82833393e-05
2.55974924e+02 6.49364754e-02 7.26441430e-03 4.63420185e-02 3.54446640e-05 6.12503285e-04 1.18716479e-04
2.58689205e+02 6.64489622e-02 -4.15671529e-03 4.00531935e-02 4.11042749e-05 7.53622766e-04 7.47025075e-05
2.61413955e+02 6.57115970e-02 -5.04328524e-03 1.94709407e-02 3.23187474e-05 2.98247673e-04 4.32550504e-05
2.64126534e+02 6.05678774e-02 -7.77421089e-03 1.21228109e-02 4.60325284e-05 1.46219238e-04 5.51549040e-05
2.66842205e+02 5.80880604e-02 -1.16001421e-02 -7.42182187e-03 3.50129651e-05 2.19184902e-04 7.02048122e-05
2.69568550e+02 6.33396797e-02 -1.31377455e-02 -1.28700485e-02 4.36533160e-05 1.84740739e-04 8.92386996e-05
