6.82465940e-01 5.87376396e-02 -1.14264737e-02 -3.14319001e-02 4.93432161e-05 3.06370737e-04 1.81273584e-04
3.39992706e+00 4.80738614e-02 -1.33956059e-02 -4.14419836e-02 2.97336598e-05 1.54814294e-04 3.10231502e-05
6.11261065e+00 5.04380500e-02 -1.74070132e-02 -4.19732831e-02 3.58102162e-05 2.05366613e-04 3.18938813e-05
8.83762315e+00 5.95305136e-02 -1.75644742e-02 -4.15352687e-02 6.06154192e-05 1.41018804e-04 3.14973703e-05
1.15542008e+01 6.61859181e-02 -2.26883198e-02 -4.09517581e-02 9.93903492e-05 2.75131406e-04 4.55888247e-05
1.42697649e+01 7.05134996e-02 -1.94493842e-02 -4.40786721e-02 3.04817196e-05 4.72253193e-04 3.22444300e-05
1.69802774e+01 7.53987258e-02 -1.64846892e-02 -4.55526995e-02 5.46926462e-05 2.00897092e-04 5.24634677e-05
1.96902696e+01 7.48435827e-02 -8.07224238e-03 -3.60667771e-02 6.05174553e-05 2.67881532e-04 5.45846254e-05
2.24049258e+01 6.66577222e-02 1.03055636e-03 -3.37179656e-02 6.48211442e-05 9.24162503e-05 7.77199118e-05
2.51228430e+01 5.77872340e-02 3.52255710e-03 -3.66018282e-02 6.97564605e-05 1.22428363e-04 7.48961041e-05
2.78453899e+01 5.42287629e-02 8.06415319e-03 -4.61222252e-02 5.34775579e-05 1.42243548e-04 5.34228556e-05
3.05655977e+01 4.93541900e-02 8.33204354e-03 -5.51351953e-02 1.95472828e-04 1.24933952e-04 7.08146327e-05
3.32850774e+01 3.91335558e-02 7.14801536e-03 -5.97804276e-02 3.88820147e-05 4.28893108e-05 6.36527472e-05
3.60032711e+01 3.95660116e-02 1.35624922e-03 -5.38059038e-02 2.48251703e-05 2.30399573e-05 3.13787924e-05
3.87239446e+01 4.66075085e-02 -4.69949010e-03 -5.69632760e-02 4.88645770e-05 5.54973967e-05 3.63837494e-05
4.14391680e+01 5.46569755e-02 -1.23139206e-02 -5.85189455e-02 3.35257828e-05 6.20715882e-05 4.82721338e-05
4.41573492e+01 5.10743721e-02 -1.91826990e-02 -6.02149881e-02 3.74543949e-05 2.36446398e-04 6.21041839e-05
4.68693914e+01 3.73557816e-02 -1.69275068e-02 -6.57691030e-02 1.25534187e-04 1.03106030e-04 4.37203853e-05
4.95758258e+01 2.07126674e-02 -1.71732616e-02 -7.18751625e-02 1.01518832e-04 1.08741138e-04 4.03704481e-05
5.22934930e+01 2.01476639e-02 -1.81771282e-02 -6.82299841e-02 2.51886370e-05 1.22964359e-04 9.92886112e-05
5.50086961e+01 3.61919971e-02 -1.16929190e-02 -7.16132715e-02 5.65184275e-05 1.15124948e-04 4.99371782e-05
5.77193492e+01 4.37524326e-02 -1.14485482e-02 -7.51559357e-02 4.87827233e-05 1.36790240e-04 4.89029836e-05
6.04271071e+01 5.24545701e-02 -8.55618895e-03 -7.23679349e-02 7.53058239e-05 1.29328504e-04 1.10613488e-04
6.31363696e+01 5.56490905e-02 -8.87792013e-03 -6.57675194e-02 1.19169527e-04 1.40636188e-04 5.40204884e-05
6.58483883e+01 6.11566802e-02 6.10724909e-04 -5.94781976e-02 5.89885639e-05 2.73093080e-04 8.78215746e-05
6.85658461e+01 5.71638530e-02 3.85462291e-03 -5.85072570e-02 1.21818452e-04 1.18701183e-04 2.62341418e-05
7.12859039e+01 5.93316266e-02 3.73655670e-03 -5.25414942e-02 3.29477954e-05 5.63808471e-05 3.40984248e-05
7.39969039e+01 5.24156839e-02 1.27178827e-03 -6.15274937e-02 7.59859839e-05 1.56307464e-04 6.74273112e-05
7.67167352e+01 4.37540843e-02 1.67744509e-03 -6.16208703e-02 1.31688484e-04 1.98871221e-04 1.81807420e-04
7.94299164e+01 3.95313039e-02 -8.14567762e-04 -6.60444308e-02 5.18062575e-04 1.35198864e-04 6.91818130e-05
8.21452836e+01 3.77539589e-02 -1.98917158e-03 -6.99844586e-02 6.41632752e-05 1.65562819e-04 2.89075961e-04
8.48613727e+01 4.93853689e-02 -6.58444576e-03 -6.54141384e-02 1.80357391e-04 6.97639707e-05 4.38929480e-05
8.75845149e+01 5.92916178e-02 -1.84582756e-04 -7.78369237e-02 2.91323759e-05 2.02240127e-04 1.13002849e-04
9.03069133e+01 5.06614673e-02 -7.09175528e-04 -7.75134138e-02 1.30599752e-04 1.31062932e-04 7.86825630e-05
9.30261711e+01 3.96148335e-02 -2.36579589e-05 -8.19640965e-02 3.02342571e-05 4.89329975e-04 2.23271095e-05
9.57568602e+01 3.91565425e-02 -6.66023059e-03 -7.64596511e-02 9.38107954e-05 3.90308341e-04 5.38730647e-06
9.84781383e+01 3.74221829e-02 -8.07584897e-03 -6.83892903e-02 5.87325063e-05 6.45819020e-04 2.57868575e-05
1.01199576e+02 4.47959515e-02 -6.97622675e-03 -5.78013981e-02 6.36724535e-05 4.59149174e-04 1.13694826e-04
1.03919576e+02 4.67085470e-02 -7.37131491e-03 -5.33285677e-02 5.74740177e-05 6.34377011e-04 2.28080564e-05
1.06635341e+02 5.90314617e-02 -7.61773810e-03 -5.28181969e-02 3.60050413e-05 5.21817503e-04 6.97785404e-05
1.09352826e+02 5.31267286e-02 -9.30822231e-03 -4.94916230e-02 1.70879334e-04 3.40644140e-04 5.36428273e-05
1.12054779e+02 5.25281468e-02 -1.46989795e-02 -5.11627918e-02 1.21409878e-04 5.49222368e-04 9.87251841e-05
1.14774357e+02 4.90178485e-02 -1.68958640e-02 -5.77285281e-02 3.44772294e-05 5.10309579e-04 8.80493858e-05
1.17480170e+02 4.80969511e-02 -2.22325334e-02 -5.78643141e-02 2.05364193e-05 6.30164197e-04 2.83292835e-05
1.20190263e+02 5.56695260e-02 -2.97060579e-02 -5.81349669e-02 8.60915579e-05 5.32771960e-04 7.76010732e-05
1.22904529e+02 5.30557401e-02 -2.15551710e-02 -6.02934668e-02 1.51176820e-04 1.81772012e-04 9.43864248e-05
1.25613873e+02 6.37308994e-02 -1.17700013e-02 -4.91019186e-02 5.21775067e-05 7.63299936e-05 8.03838016e-05
1.28332576e+02 7.24955439e-02 1.12520148e-04 -3.45034061e-02 4.85053967e-05 4.80809731e-05 9.17233985e-05
1.31045029e+02 7.44331224e-02 1.19541377e-02 -1.29898450e-02 4.73573525e-05 1.04489933e-04 6.35681821e-05
1.33752701e+02 6.82919571e-02 1.95295058e-02 1.89516762e-03 3.26697192e-05 8.71174668e-05 1.36287670e-05
1.36475951e+02 6.48632487e-02 2.52672962e-02 1.85457194e-02 1.59596528e-05 1.94085600e-04 6.86683330e-05
1.39190576e+02 7.06691088e-02 3.22208252e-02 2.28440381e-02 3.52932155e-05 8.91029391e-05 1.41123753e-04
1.41903248e+02 6.89464914e-02 3.28367946e-02 3.24745983e-02 4.54130002e-05 6.26137975e-05 5.19406098e-05
1.44625576e+02 6.93186064e-02 3.13391494e-02 3.58132626e-02 3.86310251e-05 1.27541472e-04 2.07152134e-05
1.47340466e+02 7.20898915e-02 1.57508160e-02 5.19437847e-02 3.64520056e-05 1.41675912e-04 1.39695069e-05
1.50051232e+02 7.21596246e-02 1.23878704e-02 5.17356707e-02 5.33602394e-05 3.11103640e-04 1.54894070e-05
1.52764513e+02 6.93338482e-02 6.04588899e-03 4.70165527e-02 3.86372192e-05 4.36617798e-04 8.58053452e-05
1.55482841e+02 6.73913466e-02 1.03876592e-03 4.06290573e-02 5.61576408e-05 6.68725090e-04 1.53569095e-05
1.58201826e+02 6.78084326e-02 -1.23232304e-02 3.47512984e-02 4.58121068e-05 8.51521793e-04 3.77316273e-05
1.60917873e+02 6.64499686e-02 -1.85879497e-02 4.26893988e-02 6.27901536e-05 8.17438751e-04 1.59834566e-05
1.63632107e+02 6.21343391e-02 -1.50491999e-02 4.77601364e-02 5.26937783e-05 1.00226302e-03 1.08908030e-04
1.66346373e+02 6.17175211e-02 -1.50163633e-02 4.35734847e-02 3.62802866e-05 7.74445790e-04 4.61524768e-05
1.69063029e+02 5.27827210e-02 -1.03800881e-02 5.13638663e-02 1.49329736e-05 5.65356921e-04 1.83500898e-05
1.71773904e+02 5.64894257e-02 -1.31337874e-02 6.02745650e-02 6.18023209e-05 7.38708113e-04 3.20786868e-05
1.74489138e+02 5.27121264e-02 -7.51232016e-03 6.35425524e-02 3.27195896e-05 2.41270544e-04 5.62551740e-05
1.77216154e+02 6.06769795e-02 -8.32803521e-03 6.78209840e-02 7.06370817e-05 7.19513195e-04 7.63409727e-05
1.79931763e+02 6.50914188e-02 -8.04387977e-03 7.03856449e-02 5.01893945e-05 3.34990226e-04 6.55644505e-05
1.82650763e+02 6.39992447e-02 -9.62068408e-03 5.78090112e-02 3.64294108e-05 4.71606967e-04 8.84669780e-05
1.85362123e+02 5.91987029e-02 -1.08789837e-02 4.86791092e-02 8.88768191e-05 1.45774342e-04 1.02932982e-04
1.88075435e+02 6.46601559e-02 -9.08279678e-03 3.47924566e-02 5.81246026e-05 1.35968952e-04 1.12493076e-04
1.90790810e+02 7.13368856e-02 -7.19033869e-03 2.95101163e-02 3.62469783e-05 7.54342369e-05 6.28333218e-05
1.93503966e+02 6.98057341e-02 -2.94113248e-03 3.53254153e-02 3.72386529e-05 1.27735287e-04 8.57020798e-05
1.96214045e+02 6.98431275e-02 -1.69824252e-03 5.07264593e-02 4.29295141e-05 1.77256341e-04 5.16188229e-05
1.98918201e+02 5.97109650e-02 -8.31947017e-03 5.12688125e-02 4.54152328e-05 6.66193260e-05 5.01652128e-05
2.01625435e+02 5.48447401e-02 -8.60067138e-03 6.26850948e-02 4.18702389e-05 2.67772605e-04 5.43484558e-05
2.04344591e+02 4.64551817e-02 -3.54343938e-03 6.36860066e-02 2.46468472e-05 7.49026612e-05 5.21370015e-05
2.07063060e+02 5.12545154e-02 -2.78124004e-03 6.37384222e-02 5.55085617e-05 1.85806353e-04 1.17361521e-04
2.09783951e+02 5.59000737e-02 2.61959215e-03 5.76892481e-02 3.23190135e-05 1.02670391e-04 3.86955614e-05
2.12502966e+02 5.86093194e-02 4.81986051e-03 5.25414060e-02 4.74037094e-05 8.90759507e-05 3.66987746e-05
2.15224888e+02 7.10700394e-02 1.14854684e-02 5.03913769e-02 1.75097436e-05 1.09754523e-04 1.11577902e-04
2.17937295e+02 8.26633399e-02 9.99909281e-03 4.80849647e-02 6.21645784e-05 1.23674541e-04 1.51498133e-05
2.20654170e+02 7.67125471e-02 5.86392355e-03 4.11041476e-02 7.86508178e-05 4.06478518e-05 5.41388486e-05
2.23374060e+02 7.42385034e-02 -2.08754983e-03 3.39693894e-02 3.33942944e-05 5.77328855e-05 9.48803541e-05
2.26100545e+02 6.28155121e-02 -1.21954617e-02 4.26228676e-02 5.65210001e-05 1.84389849e-04 3.28848250e-05
2.28823748e+02 5.07284739e-02 -1.72397217e-02 5.26186943e-02 3.77764988e-05 2.14002463e-04 6.96826264e-05
2.31550654e+02 3.50718349e-02 -1.84290420e-02 5.54729411e-02 4.49424874e-05 3.63865096e-04 7.22309983e-05
2.34271045e+02 3.69116248e-02 -1.83298535e-02 5.55291527e-02 5.90131406e-05 2.97165593e-04 1.19238378e-04
2.36995920e+02 4.36052084e-02 -1.35379831e-02 5.13209042e-02 1.55955567e-05 2.54909326e-04 6.37335497e-05
2.39710091e+02 5.11386429e-02 -1.26105700e-02 5.36120037e-02 1.91485017e-05 1.00126561e-04 5.70191175e-05
2.42423076e+02 6.39755760e-02 -6.79898457e-03 5.73929720e-02 3.31196967e-05 1.54443773e-04 3.45879954e-05
2.45131045e+02 7.09492295e-02 6.07550194e-04 5.58583554e-02 1.14520307e-04 1.90327919e-04 5.22734942e-05
2.47835295e+02 7.44527315e-02 -5.43640210e-03 5.16873548e-02 2.70099769e-05 1.11858432e-04 8.52392460e-05
2.50547623e+02 7.72370290e-02 2.69317509e-03 4.09651938e-02 6.41371747e-05 1.78396418e-04 4.11367277e-05
2.53257263e+02 7.41606704e-02 -1.83703923e-03 2.41188931e-02 9.87423576e-05 1.55118473e-04 4.42533417e-05
2.55972248e+02 7.07623477e-02 2.14945263e-03 2.83750415e-02 4.90025459e-05 5.41049122e-05 2.19824857e-04
2.58696216e+02 7.18582046e-02 1.11875808e-03 1.92658361e-02 1.09458425e-04 5.19437027e-05 3.36775071e-05
2.61414498e+02 7.37203912e-02 1.01633241e-03 1.36549015e-02 3.52917701e-05 7.61753854e-05 1.07106674e-04
2.64131513e+02 7.11679276e-02 1.87227191e-04 4.08068628e-03 1.10143277e-04 1.71443502e-05 7.01696774e-05
2.66841732e+02 7.24471658e-02 -1.67203917e-03 -7.18099726e-03 1.48416325e-04 1.56114535e-04 1.34059283e-04
2.69560636e+02 6.76037735e-02 -7.41725751e-03 -1.49315830e-02 1.97347658e-04 3.32275181e-04 1.28615649e-04
