6.76521432e-01 6.92142495e-02 -1.68620108e-02 -1.48761183e-02 2.61775422e-05 4.17519366e-04 1.17488803e-04
3.39119832e+00 7.69593701e-02 -1.90505762e-02 -2.68664919e-02 2.39977410e-05 4.78695010e-04 3.43025826e-05
6.11654113e+00 7.46317541e-02 -1.58806263e-02 -4.15432896e-02 5.03496200e-05 6.60710596e-04 2.53244313e-05
8.82834285e+00 7.56144218e-02 -1.43677104e-02 -5.05120570e-02 6.29462190e-05 3.31293628e-04 4.69853019e-05
1.15373274e+01 7.49586671e-02 -5.47552528e-03 -5.39791746e-02 3.50556239e-05 2.66426965e-04 2.60984194e-05
1.42518196e+01 7.39488085e-02 -3.78887826e-03 -5.22140483e-02 4.43992822e-05 7.90979048e-05 7.06572348e-05
1.69664852e+01 7.24354032e-02 -4.13360570e-03 -5.14368886e-02 7.25706470e-05 3.56872552e-05 3.58704632e-05
1.96861883e+01 6.94197191e-02 -8.93311273e-03 -5.26317466e-02 4.32905059e-05 9.87265551e-05 6.25508968e-05
2.24053180e+01 6.86982007e-02 -9.86448621e-03 -5.08922059e-02 8.59010336e-05 9.92772653e-05 2.38686429e-05
2.51194211e+01 6.62233242e-02 -8.03744591e-03 -5.67956823e-02 3.76794014e-05 1.06137674e-04 6.44134343e-05
2.78362946e+01 5.06378722e-02 -8.70898703e-03 -5.59785328e-02 6.68999711e-05 1.66476217e-04 5.15393929e-05
3.05558508e+01 4.89399163e-02 -7.31721058e-03 -6.08766869e-02 6.94303332e-05 1.41484639e-04 5.70992897e-05
3.32800696e+01 5.61755979e-02 -1.10445457e-02 -6.28869400e-02 2.62734137e-05 2.34966108e-04 6.85947201e-05
3.59934961e+01 6.64731146e-02 -1.22150875e-02 -6.47607050e-02 4.06513179e-05 1.42054362e-04 4.20329668e-05
3.87188274e+01 6.57884665e-02 -1.57919063e-02 -5.63084211e-02 7.29992082e-05 4.11684196e-04 1.63298135e-05
4.14295446e+01 6.42611918e-02 -1.36295260e-02 -5.30402141e-02 7.06146459e-05 2.94044752e-04 1.21164088e-04
4.41456618e+01 6.45647347e-02 -1.76736719e-02 -5.06292592e-02 6.76448623e-05 1.88053322e-04 6.86848890e-05
4.68588493e+01 6.03695585e-02 -1.93182388e-02 -5.29662097e-02 4.25470967e-05 1.69536337e-04 2.71552501e-05
4.95749399e+01 5.04058210e-02 -2.12349815e-02 -5.82774455e-02 4.83287172e-05 2.41192727e-04 6.75457177e-05
5.22860289e+01 3.93254069e-02 -1.23166539e-02 -7.07302572e-02 1.09444166e-04 3.84630697e-05 4.69615053e-05
5.49952602e+01 3.32751728e-02 -1.09542510e-02 -7.03064180e-02 7.60548511e-05 6.99935160e-05 1.84063428e-04
5.77158242e+01 4.25565505e-02 -2.44828576e-03 -6.70761489e-02 4.27655760e-05 7.39017175e-05 6.78361778e-05
6.04383414e+01 4.66295916e-02 -2.33149655e-03 -6.33778184e-02 1.91293308e-04 1.49108470e-04 6.33601045e-05
6.31556024e+01 5.22637229e-02 -5.70325138e-03 -5.59079139e-02 1.05048763e-04 1.17360916e-04 9.89149496e-05
6.58681321e+01 5.89445309e-02 -1.17114312e-02 -4.50164311e-02 8.89214957e-05 8.82826433e-05 2.01469885e-04
6.85745352e+01 6.22233314e-02 -1.61308658e-02 -4.89543360e-02 1.51706000e-04 2.29235070e-04 1.23962555e-04
7.12752211e+01 5.75247570e-02 -1.26072646e-02 -5.56578419e-02 4.24714416e-05 2.15401488e-04 9.13982910e-05
7.39934117e+01 5.10560576e-02 -1.39458299e-02 -6.08237582e-02 3.57133452e-05 3.48179839e-04 4.65143008e-05
7.67108414e+01 5.00169424e-02 -1.41292363e-02 -6.95197202e-02 6.65191029e-05 3.32207464e-04 4.03061439e-05
7.94298446e+01 5.40099638e-02 -1.44379063e-02 -6.33735630e-02 1.47516076e-04 2.34735154e-04 5.57514933e-05
8.21479164e+01 6.69476812e-02 -1.00715549e-02 -5.72759276e-02 1.87329812e-04 6.26851242e-05 1.32092354e-04
8.48640086e+01 6.44291980e-02 -1.68410664e-03 -5.75200958e-02 5.17285207e-05 8.40013677e-05 5.05787760e-05
8.75856243e+01 5.61346833e-02 -4.22249122e-03 -5.24344783e-02 1.27706594e-04 6.72865623e-05 5.27017154e-05
9.02964446e+01 5.43613933e-02 -3.72957231e-03 -6.05224519e-02 8.86236084e-05 1.36669704e-04 1.24712899e-04
9.30152493e+01 4.54217798e-02 -7.53065100e-03 -6.38386540e-02 2.06750226e-05 1.33615952e-04 3.96506410e-05
9.57455930e+01 3.71226679e-02 -3.77305515e-03 -6.26900985e-02 1.17561011e-05 3.96780375e-04 3.51660547e-05
9.84703055e+01 3.68522589e-02 -3.16433022e-03 -6.84524397e-02 1.32285366e-04 5.00447095e-04 1.30747887e-04
1.01193577e+02 5.07825605e-02 -5.62699308e-03 -6.47749585e-02 6.36244806e-05 5.93321248e-04 1.04247606e-04
1.03913656e+02 5.27654375e-02 -6.95728919e-03 -6.87963719e-02 2.19574251e-04 4.90157511e-04 4.55054614e-05
1.06629234e+02 5.44060866e-02 -4.43530474e-03 -6.53028993e-02 1.56833811e-04 7.46165211e-04 2.17804572e-04
1.09348359e+02 5.64251061e-02 -1.53947414e-04 -5.99211313e-02 6.60589500e-05 8.45869131e-04 7.46543901e-05
1.12057906e+02 6.07226387e-02 1.24400267e-03 -4.84694203e-02 2.46611594e-05 7.73644110e-04 8.22090036e-05
1.14768593e+02 6.18735878e-02 -1.35786401e-03 -4.30451304e-02 4.13308166e-05 6.14626026e-04 3.98179012e-05
1.17482249e+02 5.62582216e-02 -7.54384124e-03 -4.27713372e-02 4.59539297e-05 5.91232763e-04 5.65853164e-05
1.20203093e+02 5.04860107e-02 -4.69882095e-03 -4.51687512e-02 6.15471475e-05 2.75310023e-04 5.20701358e-05
1.22915781e+02 5.54828505e-02 -5.92318703e-04 -4.32823077e-02 1.00365056e-04 2.32039149e-04 2.02635392e-04
1.25631140e+02 5.79370650e-02 4.73535786e-03 -3.76079395e-02 1.63086238e-04 1.15009465e-04 6.53704152e-05
1.28340749e+02 5.55981490e-02 1.27378237e-02 -3.05593539e-02 4.34743495e-05 5.33671799e-05 1.30810326e-04
1.31050327e+02 5.76860966e-02 1.42027303e-02 -1.92699973e-02 8.61278101e-05 4.71323871e-05 4.21232522e-05
1.33762656e+02 6.12310634e-02 2.07312625e-02 -7.43363796e-03 8.69225545e-05 5.45380256e-05 3.53038958e-05
1.36471562e+02 6.54462002e-02 2.54955697e-02 1.46541788e-02 1.41341467e-04 4.00957344e-05 5.40244563e-05
1.39189171e+02 6.35937565e-02 2.08031379e-02 2.02123725e-02 3.48424814e-05 1.40348937e-04 1.00132373e-04
1.41892515e+02 7.00306532e-02 1.78268895e-02 3.23810564e-02 3.22302847e-05 1.47515152e-04 4.14636531e-05
1.44604031e+02 7.03514522e-02 9.25590540e-03 3.92279239e-02 4.48063538e-05 1.53124872e-04 4.45579142e-05
1.47305296e+02 5.96706544e-02 -2.81850783e-03 4.44842289e-02 2.41519355e-05 1.84038910e-04 3.50169209e-05
1.50027093e+02 5.77179851e-02 -8.55226697e-03 4.36465983e-02 5.81984011e-05 2.46357003e-04 9.29703868e-05
1.52747187e+02 5.94087517e-02 -1.02933580e-02 5.52261552e-02 1.11929386e-04 1.20366956e-04 4.09378302e-05
1.55469359e+02 6.29901380e-02 -1.24194074e-02 5.03674775e-02 4.95733458e-05 3.02040635e-04 8.47396214e-05
1.58177718e+02 6.04551556e-02 -1.63717917e-03 5.69265784e-02 5.31295169e-05 9.05918429e-05 1.51824796e-05
1.60900015e+02 6.25891506e-02 -2.60981520e-04 5.43762045e-02 3.93563233e-05 2.20572138e-04 6.02282810e-05
1.63621202e+02 5.99653315e-02 -7.03634126e-03 5.91394689e-02 1.72691778e-04 1.61546668e-04 7.85787858e-05
1.66346468e+02 6.40868180e-02 -4.08433762e-03 6.36073735e-02 2.04322408e-05 4.49948808e-04 9.20182872e-05
1.69062109e+02 5.96585639e-02 -6.92805155e-04 5.45161833e-02 6.94110983e-05 4.16305102e-04 2.26830906e-05
1.71787546e+02 6.26597127e-02 3.07398819e-03 4.48599959e-02 5.71880351e-05 1.97077345e-04 3.18435610e-05
1.74509046e+02 5.65913670e-02 2.85746253e-03 4.13005700e-02 7.99097986e-05 3.27069487e-04 4.33912984e-05
1.77219671e+02 6.47556552e-02 1.18381637e-03 3.73552260e-02 4.18825292e-05 2.49645373e-04 1.63756606e-04
1.79936421e+02 6.82628063e-02 -8.92226300e-04 3.26325106e-02 1.33933190e-04 1.17573391e-04 4.58198382e-05
1.82653937e+02 7.35660601e-02 4.64159265e-04 3.95715251e-02 2.68928605e-05 1.71800351e-04 9.20036170e-05
1.85376749e+02 7.73234262e-02 -2.05895510e-04 5.09085089e-02 3.71431334e-05 2.37425771e-04 7.90922801e-05
1.88082202e+02 6.33031707e-02 -5.75566877e-03 6.81416539e-02 5.48558156e-05 3.07070649e-04 8.41016876e-05
1.90784046e+02 4.99069884e-02 -7.18171172e-03 7.25086391e-02 9.12752350e-05 1.80768550e-04 8.64164157e-05
1.93496093e+02 4.59958084e-02 -1.57139007e-02 6.58888338e-02 5.15331125e-05 3.17676113e-04 1.09482373e-04
1.96202546e+02 4.26537043e-02 -2.13395166e-02 5.92489786e-02 5.68935945e-05 2.67384978e-04 4.32402729e-05
1.98921343e+02 4.74016627e-02 -1.45701119e-02 4.66488435e-02 7.53492408e-05 3.61691737e-04 7.24489666e-05
2.01635265e+02 5.64627151e-02 -1.22461684e-02 4.25092958e-02 3.31704223e-05 1.56248383e-04 1.20495731e-04
2.04350249e+02 6.28574164e-02 -1.26818009e-02 3.61199295e-02 2.80709880e-05 1.92500047e-04 1.95300573e-04
2.07073062e+02 6.33804300e-02 -3.12732682e-03 4.14795565e-02 6.45487659e-05 1.15682076e-04 2.69676981e-05
2.09794046e+02 6.41467766e-02 2.40281179e-03 5.53092370e-02 3.82771949e-05 7.12991405e-05 9.25714963e-05
2.12521046e+02 6.77840003e-02 7.69152357e-03 6.10750113e-02 1.06616182e-04 3.74407515e-05 1.64923878e-04
2.15239734e+02 5.94818008e-02 3.71549023e-03 6.41500775e-02 8.74002750e-05 1.26779090e-04 7.60632546e-05
2.17960843e+02 5.46692445e-02 2.40253257e-03 5.73515267e-02 6.97798970e-06 7.60131183e-05 8.59614905e-05
2.20676562e+02 6.36183669e-02 -1.61553724e-03 5.43096914e-02 4.24785856e-05 9.72880100e-05 3.95211248e-05
2.23385437e+02 5.50577701e-02 -5.14447392e-03 5.90443506e-02 7.03759650e-05 7.55310554e-05 6.19535195e-05
2.26097156e+02 5.15764886e-02 -9.49924172e-03 5.92419460e-02 7.40809624e-05 2.77594365e-04 6.50442760e-05
2.28813187e+02 4.04123332e-02 -1.34545646e-02 6.37195418e-02 4.98290870e-05 1.33641421e-04 1.22572961e-05
2.31533343e+02 4.06403078e-02 -1.73039704e-02 6.67703909e-02 2.63039473e-05 8.40383959e-05 1.03130762e-04
2.34254218e+02 3.72836509e-02 -2.44764747e-02 6.43352228e-02 4.51879967e-05 1.65694221e-04 3.87759037e-05
2.36981109e+02 4.63692128e-02 -2.83801097e-02 6.38418385e-02 7.12418400e-05 7.95435603e-05 1.18259848e-04
2.39698968e+02 4.70920569e-02 -2.74174982e-02 6.79225493e-02 6.01359684e-05 2.10080772e-04 6.19302829e-05
2.42417671e+02 4.49853122e-02 -2.38461929e-02 6.50003648e-02 7.37407878e-05 1.20198524e-04 1.17270396e-04
2.45133281e+02 4.91026230e-02 -2.73949253e-02 6.54143946e-02 4.11491188e-05 8.13293085e-05 2.97760117e-05
2.47845671e+02 5.48494115e-02 -1.68195424e-02 5.83924519e-02 2.02601296e-05 5.38855545e-05 1.51982001e-05
2.50560827e+02 6.00952227e-02 -1.77709220e-02 5.02512544e-02 3.95522526e-05 1.21230275e-04 6.43259734e-05
2.53281140e+02 6.83958162e-02 -9.65310279e-03 4.39894326e-02 9.47809710e-05 8.90529982e-05 6.44472497e-05
2.55993218e+02 7.52315522e-02 -3.45194919e-03 2.17345779e-02 1.87662414e-05 8.21044457e-05 4.96656073e-05
2.58700937e+02 7.81398271e-02 9.96145973e-04 8.01847601e-03 1.72848135e-04 3.99123723e-04 3.17464135e-05
2.61413031e+02 7.72777266e-02 -8.90667449e-05 -7.75878051e-04 9.64087319e-05 4.64926281e-05 1.62899145e-04
2.64127749e+02 7.49042969e-02 3.37936127e-04 -4.74345584e-03 6.65120324e-05 4.64410685e-05 1.62026964e-04
2.66835765e+02 7.14722597e-02 -5.37174244e-03 -5.28725658e-03 3.85039818e-05 5.26213263e-05 6.27495897e-05
2.69547114e+02 6.98682280e-02 -1.02949941e-02 -7.33683158e-03 6.56833225e-05 4.13899046e-05 5.02005466e-05
