6.89211347e-01 6.62715211e-02 -3.35649895e-03 -2.11795990e-02 2.97473790e-05 3.32950785e-04 1.12370326e-04
3.39891515e+00 6.22798597e-02 -5.67161278e-03 -3.23077941e-02 3.44271892e-05 3.69530204e-04 3.05746920e-05
6.10261702e+00 5.72486182e-02 -2.47040719e-04 -4.59635919e-02 1.34955839e-05 4.06105678e-04 9.91114444e-05
8.81120593e+00 4.08855756e-02 -1.27220917e-03 -5.56210410e-02 4.80317965e-05 5.86257745e-04 4.74699636e-05
1.15237214e+01 4.31948708e-02 3.18157518e-03 -5.64793896e-02 8.20490997e-05 3.63497445e-04 2.98603052e-05
1.42450683e+01 5.19831000e-02 2.11311634e-03 -5.57273436e-02 3.28459215e-05 1.99979957e-04 9.07460787e-06
1.69493542e+01 5.63621281e-02 1.19048351e-02 -5.56507487e-02 5.16774572e-05 1.86772574e-04 5.92623877e-05
1.96625980e+01 5.95380923e-02 1.51516594e-02 -5.82949697e-02 4.87984652e-05 1.09491963e-04 3.48786809e-05
2.23664698e+01 6.23341237e-02 1.78573238e-02 -5.90355546e-02 3.34861290e-05 2.03385498e-04 5.45593649e-05
2.50789980e+01 5.60094262e-02 1.81323286e-02 -6.16714304e-02 1.50169037e-05 2.60880314e-04 2.99916181e-05
2.77977980e+01 5.34964637e-02 1.31140276e-02 -5.56426909e-02 6.81875052e-05 1.11102453e-04 1.57362946e-04
3.05278183e+01 5.33274762e-02 1.48312158e-02 -5.67159507e-02 8.84610582e-05 2.12276316e-04 3.03821111e-05
3.32556276e+01 5.08280778e-02 1.39392476e-02 -6.13288908e-02 3.35997688e-05 7.35095208e-05 3.61455203e-05
3.59812495e+01 4.84874116e-02 1.35994539e-02 -6.91545102e-02 3.30634380e-05 7.44264367e-05 3.42701887e-05
3.86968792e+01 4.54067084e-02 1.03653892e-02 -6.66532111e-02 9.69533539e-05 1.08630615e-04 1.62793121e-05
4.14098886e+01 4.86907786e-02 5.64399036e-03 -6.58084839e-02 5.18521690e-05 1.21328545e-04 4.96775197e-05
4.41274386e+01 5.52078352e-02 5.33727164e-03 -6.40856842e-02 2.13165384e-05 1.21191022e-04 8.93496054e-05
4.68346792e+01 5.19117757e-02 -1.42294422e-03 -6.15629057e-02 9.66469642e-05 8.60706223e-05 9.50851979e-05
4.95501495e+01 4.73294873e-02 -5.02351345e-03 -6.44820439e-02 1.99545575e-05 1.77525846e-04 1.90125684e-05
5.22665526e+01 4.29023973e-02 2.89301194e-04 -7.11416705e-02 6.28219479e-05 2.05413426e-04 9.20376813e-05
5.49916683e+01 4.46369669e-02 -6.36058031e-05 -7.43981229e-02 6.97432502e-05 1.55871060e-04 6.87448983e-05
5.77099589e+01 4.82221855e-02 1.14688864e-02 -7.56409189e-02 4.30555562e-05 1.59321571e-04 1.99468617e-05
6.04317230e+01 5.36582103e-02 1.87953831e-02 -6.85124550e-02 4.13729676e-05 6.08861987e-05 6.36971698e-06
6.31577995e+01 6.04894463e-02 2.69675080e-02 -6.03014973e-02 3.40126551e-05 2.82033273e-04 5.44995649e-05
6.58778230e+01 6.03833564e-02 1.94398610e-02 -5.02273453e-02 1.18812690e-04 1.04148326e-04 1.22615375e-05
6.85984480e+01 6.20266270e-02 1.37901309e-02 -5.77353580e-02 7.11245482e-05 1.50625218e-04 1.53378675e-04
7.13063511e+01 6.13034186e-02 9.03033061e-03 -6.62257133e-02 1.93554578e-04 1.91986428e-04 4.21959667e-05
7.40214558e+01 5.44686685e-02 5.98285762e-03 -6.78690537e-02 1.64343571e-04 8.93809679e-05 5.09945776e-05
7.67421823e+01 5.24148503e-02 3.34751420e-03 -6.26867539e-02 1.45172012e-04 1.10358474e-04 1.73117754e-04
7.94715855e+01 5.56135387e-02 9.06844968e-03 -6.07561346e-02 2.41232647e-04 1.81593056e-04 9.18375531e-05
8.21896183e+01 5.59368389e-02 8.59582178e-03 -5.29805036e-02 7.04808993e-05 1.32280739e-04 2.74728478e-04
8.48994542e+01 6.16633210e-02 1.26538364e-02 -5.35963163e-02 1.22525623e-04 2.68525012e-04 1.74707577e-04
8.76057230e+01 6.22810163e-02 7.84204344e-03 -5.90702467e-02 1.64878481e-04 1.39925257e-04 8.22471787e-05
9.03175480e+01 6.49215698e-02 4.83325001e-03 -6.21345680e-02 2.02980503e-05 1.39123812e-04 1.33981742e-04
9.30302683e+01 6.35012763e-02 7.59148531e-03 -6.07004257e-02 1.39985334e-04 1.38878558e-04 2.81030982e-05
9.57408823e+01 6.38483642e-02 1.22187474e-02 -5.92771486e-02 2.18332563e-05 1.04136452e-04 3.55602412e-05
9.84572980e+01 6.69675053e-02 1.43220903e-02 -4.87119216e-02 4.68080920e-05 8.36365938e-05 5.18086636e-05
1.01166579e+02 6.74871012e-02 1.46678742e-02 -4.45266691e-02 4.64507310e-05 2.10449192e-04 3.88692419e-05
1.03882657e+02 6.54429110e-02 1.30959752e-02 -3.96104873e-02 3.67930219e-05 9.89566613e-05 7.38956753e-05
1.06599798e+02 6.08237823e-02 3.12862271e-03 -3.99014630e-02 1.29258681e-04 1.30568496e-04 4.26284509e-05
1.09309532e+02 6.24500150e-02 5.32079118e-04 -4.61093930e-02 4.16941296e-05 2.20959674e-04 5.15752424e-05
1.12019860e+02 6.62892248e-02 -6.51637769e-03 -5.37207752e-02 1.24833138e-04 2.81660087e-04 2.46948247e-05
1.14731157e+02 6.70119060e-02 -7.60768964e-03 -6.37454672e-02 7.08932888e-05 1.85084510e-04 5.44837311e-05
1.17442110e+02 6.72080371e-02 -1.63275633e-02 -6.74087525e-02 3.66527461e-05 1.89764129e-04 6.13841720e-05
1.20163642e+02 6.36460500e-02 -1.62681820e-02 -6.42633774e-02 6.16489122e-05 2.12235378e-04 3.23535506e-05
1.22883876e+02 6.92302683e-02 -1.98101094e-02 -5.76304358e-02 3.73826583e-05 1.54867809e-04 4.07880094e-05
1.25598142e+02 7.32440337e-02 -2.00783996e-02 -4.06866052e-02 4.51072438e-05 2.40226996e-04 5.60777229e-05
1.28314657e+02 7.61075294e-02 -2.21255612e-02 -2.16999234e-02 7.28590735e-05 1.64854922e-04 2.32751370e-05
1.31027454e+02 8.65276356e-02 -1.91227664e-02 -2.94276108e-03 2.97492276e-05 4.64351553e-05 1.37446626e-04
1.33744079e+02 8.52159545e-02 -1.21146913e-02 2.46361303e-02 3.94684409e-05 6.18744646e-05 4.27337727e-05
1.36460954e+02 7.08129185e-02 -1.60580362e-03 3.92487325e-02 2.77968054e-05 1.08583606e-04 8.49770713e-05
1.39178610e+02 6.23810252e-02 7.49772580e-03 4.83179390e-02 7.88774713e-05 3.86194181e-04 4.19246976e-05
1.41890673e+02 6.08613981e-02 8.93466961e-03 5.83012071e-02 5.74035489e-05 2.04116709e-04 4.96570707e-05
1.44607485e+02 6.26435820e-02 1.16425768e-02 7.14861833e-02 5.08191879e-05 4.13186727e-04 2.07498766e-05
1.47329064e+02 6.50283831e-02 9.17621771e-03 6.30789597e-02 4.00352242e-05 7.56569755e-05 7.42761144e-05
1.50047579e+02 6.68109449e-02 9.26792598e-03 6.09080720e-02 1.87767388e-05 1.86856086e-04 2.15009947e-05
1.52766485e+02 6.83967499e-02 9.99823280e-03 5.87580896e-02 5.12876486e-05 5.55676647e-05 3.92457482e-05
1.55479610e+02 6.56925344e-02 1.05619489e-03 5.87486379e-02 4.59765044e-05 2.81988652e-04 6.56667878e-05
1.58192782e+02 6.40326527e-02 -2.27357587e-03 5.10096995e-02 7.35542024e-06 1.94844934e-04 2.57300029e-05
1.60897657e+02 6.25117753e-02 -6.52655363e-03 5.54816614e-02 2.43895327e-05 2.13270576e-04 7.42359203e-05
1.63599626e+02 5.91191257e-02 -4.03214867e-03 6.09162160e-02 1.06586538e-04 2.10659926e-04 5.81173669e-05
1.66304157e+02 4.82352661e-02 -4.66069260e-03 6.88939056e-02 2.29411300e-05 6.34819663e-05 4.31508082e-05
1.69023564e+02 3.57800839e-02 -5.08064375e-03 7.47913498e-02 2.54853192e-05 6.51691284e-05 6.75530953e-05
1.71736751e+02 2.40943232e-02 -4.68145124e-03 7.48271754e-02 1.89935296e-05 8.96600115e-05 1.99899763e-05
1.74459439e+02 2.42110986e-02 -1.33176382e-02 7.63983723e-02 7.26267069e-05 6.28128922e-05 7.71178920e-05
1.77182064e+02 2.90757918e-02 -1.17504442e-03 8.17196058e-02 3.57430696e-05 3.38917421e-05 4.13300383e-05
1.79911782e+02 3.71442239e-02 1.49055375e-03 7.82599404e-02 4.58040419e-05 1.60633901e-05 4.82998223e-05
1.82628876e+02 3.85363287e-02 8.82952587e-03 6.71466510e-02 5.66531857e-05 8.50529212e-05 4.65568036e-05
1.85358314e+02 3.95128077e-02 6.60529302e-03 5.28026946e-02 3.29203527e-05 1.46006663e-04 8.08750395e-05
1.88081751e+02 4.24092292e-02 4.04626576e-03 5.34680640e-02 4.91507373e-05 1.77840361e-04 3.14071423e-05
1.90810704e+02 4.62155009e-02 3.21081558e-03 5.33944610e-02 3.97191243e-05 2.20682755e-04 8.38590658e-05
1.93527032e+02 5.14623475e-02 9.51037509e-04 6.01624449e-02 7.15005217e-05 1.56617221e-04 1.94804153e-04
1.96237735e+02 5.42239890e-02 -2.57391095e-03 6.71606939e-02 7.69380330e-05 1.13045330e-04 6.44204091e-05
1.98950689e+02 5.84282483e-02 3.04312902e-03 6.91691777e-02 2.00854123e-05 1.05680608e-04 4.52243394e-05
2.01656892e+02 6.51187046e-02 5.69468434e-03 6.85513338e-02 5.81998904e-05 8.77389418e-05 4.32405131e-05
2.04377048e+02 6.49953799e-02 5.92424688e-03 6.56692968e-02 2.33752493e-05 1.38661397e-04 6.79073495e-05
2.07087704e+02 5.41725024e-02 1.24671339e-02 6.77439384e-02 4.83507064e-05 1.77643310e-05 4.07412860e-05
2.09816376e+02 5.34433825e-02 8.94405598e-03 6.57184897e-02 7.44619766e-05 1.44097024e-04 8.06324556e-06
2.12534985e+02 6.10764562e-02 4.70441901e-03 6.44864150e-02 3.24381464e-05 4.15177915e-04 1.51590022e-04
2.15255907e+02 6.09757057e-02 2.21470680e-03 5.45457047e-02 6.15571116e-05 5.20679306e-04 1.99903328e-05
2.17966126e+02 6.84318816e-02 4.34686946e-03 4.03100920e-02 2.42429356e-05 4.87951755e-04 4.97415221e-05
2.20674095e+02 6.98814140e-02 9.35031980e-03 4.35413615e-02 5.73114532e-05 2.32639307e-04 1.28251263e-04
2.23384767e+02 7.67785195e-02 7.39864307e-03 4.24655731e-02 1.39768931e-05 2.06598933e-04 1.00430352e-04
2.26092282e+02 7.65265300e-02 3.05814886e-03 5.59918816e-02 6.65447927e-05 6.53984938e-05 8.48767763e-05
2.28804876e+02 6.82853914e-02 3.30054447e-03 6.12234534e-02 5.51429512e-05 5.36039735e-05 4.10831209e-05
2.31521970e+02 6.09138805e-02 2.02721085e-03 6.20416198e-02 6.44639225e-05 1.05458236e-04 1.45179726e-04
2.34242985e+02 6.18459752e-02 3.13209188e-03 6.07673677e-02 3.60883273e-05 9.50826741e-05 5.63894521e-05
2.36963532e+02 5.95964965e-02 -1.51328573e-04 4.75875271e-02 1.62356400e-05 2.70797688e-04 4.79154993e-05
2.39681579e+02 6.85331030e-02 5.41063323e-03 3.94012692e-02 2.96898921e-05 4.45624842e-04 2.71707592e-05
2.42390298e+02 6.30821212e-02 4.81553201e-03 4.60080548e-02 1.64754982e-05 2.23404110e-04 7.82341878e-05
2.45105048e+02 5.38032329e-02 7.45149977e-03 4.78768199e-02 2.33296313e-05 3.73332418e-04 7.47061204e-05
2.47814814e+02 5.04452084e-02 1.87757920e-02 5.27091043e-02 4.42880494e-05 3.71256223e-04 3.99956981e-05
2.50529204e+02 4.81975936e-02 1.71306063e-02 5.81087471e-02 7.01993827e-05 3.81178176e-04 1.26865890e-04
2.53245767e+02 4.34843543e-02 2.60119092e-02 5.84599236e-02 5.32425401e-05 3.76073709e-04 6.89898822e-05
2.55964564e+02 4.90695821e-02 2.26204768e-02 6.07656223e-02 4.01232918e-05 2.47479040e-04 3.10658839e-05
2.58683282e+02 5.52760011e-02 2.01101913e-02 6.04622562e-02 4.92578369e-05 1.84019517e-04 9.20998600e-05
2.61399001e+02 4.62195048e-02 9.98760737e-03 5.31730845e-02 3.95182305e-05 1.93204214e-04 1.10257854e-04
2.64120407e+02 4.82509586e-02 5.80827226e-03 4.89597837e-02 3.24965327e-05 4.70604241e-04 3.58835069e-05
2.66839329e+02 5.99510246e-02 3.11518119e-03 3.41583146e-02 2.79834381e-05 5.39231984e-04 5.75007823e-05
2.69556053e+02 6.55547162e-02 -3.83974239e-03 4.42446113e-03 5.82039105e-05 6.66913505e-04 3.41311564e-05
