6.74634413e-01 7.12103946e-02 3.59379556e-03 -4.94507173e-03 5.74419089e-05 1.19739161e-04 5.58868212e-05
3.39150417e+00 6.39931674e-02 1.38652156e-03 -1.87743811e-02 3.98495290e-05 1.32735019e-04 6.62919212e-05
6.11601698e+00 7.09714876e-02 -3.22280344e-03 -2.64088120e-02 5.04717093e-06 2.83939350e-04 6.71678812e-05
8.83272777e+00 7.83057140e-02 5.21348050e-04 -3.19568010e-02 5.50013616e-05 2.00296113e-04 4.05516118e-05
1.15398984e+01 7.85535713e-02 2.25182751e-03 -3.80967434e-02 2.17320776e-05 3.39431781e-04 2.89496709e-05
1.42506046e+01 7.66205128e-02 5.57537382e-03 -4.41149080e-02 2.48314996e-05 2.31792721e-04 5.64354198e-05
1.69546125e+01 7.45842111e-02 4.29602361e-03 -4.16937900e-02 3.97263108e-05 3.19280361e-04 2.88308478e-05
1.96693687e+01 7.16548374e-02 5.98283774e-03 -3.91112128e-02 1.07989783e-04 1.57284683e-04 1.16713714e-04
2.23955328e+01 6.28508103e-02 3.89691015e-03 -3.85087691e-02 3.38961029e-05 1.03992492e-04 6.37313987e-05
2.51075140e+01 6.19722156e-02 7.77050673e-03 -4.48539418e-02 1.48087346e-04 2.05434169e-04 1.13348626e-04
2.78181875e+01 6.23536873e-02 7.15667031e-03 -5.09091447e-02 1.07101811e-04 1.13974693e-04 6.79252223e-05
3.05295875e+01 5.65109671e-02 6.25734398e-03 -6.84996656e-02 4.82964232e-05 9.31352137e-05 3.92652426e-05
3.32420125e+01 5.74166390e-02 -2.24796232e-03 -6.74447280e-02 2.82139468e-05 5.42590084e-05 4.19549838e-05
3.59553296e+01 5.76999720e-02 -3.39677227e-03 -6.35571923e-02 5.11625048e-05 4.05286394e-05 4.60506721e-05
3.86748515e+01 5.55173733e-02 -4.50482602e-03 -5.93161133e-02 2.63448708e-05 1.78943679e-04 2.13937315e-05
4.13975593e+01 4.99802748e-02 5.49693869e-04 -6.36041341e-02 2.86224744e-05 1.91392215e-04 6.81014667e-05
4.41241687e+01 5.17986201e-02 6.75156245e-03 -6.76445219e-02 7.06750475e-05 3.15412107e-04 1.86145320e-04
4.68484437e+01 4.89838826e-02 1.47868673e-02 -7.34397220e-02 5.85916953e-05 2.54184622e-04 4.81072996e-05
4.95661484e+01 4.86142277e-02 1.63951510e-02 -6.39605554e-02 5.06568272e-05 5.19754801e-04 7.80084683e-05
5.22854906e+01 4.85703230e-02 1.80661047e-02 -6.14067395e-02 2.71725579e-05 4.92026438e-04 5.27730139e-05
5.50087781e+01 3.94557466e-02 1.33051814e-02 -6.15181003e-02 1.20767893e-04 2.51468864e-04 2.09725578e-05
5.77201734e+01 4.08564897e-02 6.23096936e-03 -6.29168555e-02 1.18099277e-04 3.34929906e-04 1.49251405e-04
6.04370875e+01 3.98093955e-02 2.00093812e-04 -7.16677172e-02 8.19834948e-05 3.63242950e-04 1.17126184e-04
6.31516843e+01 4.55080551e-02 1.32243499e-03 -6.96485712e-02 6.90483917e-05 3.86939290e-04 8.41534003e-05
6.58779375e+01 5.25724807e-02 2.17241353e-03 -7.23559134e-02 5.47472740e-05 5.86722905e-04 4.88970464e-05
6.85978921e+01 4.70875693e-02 9.00314348e-03 -7.41468706e-02 1.56375020e-04 5.05542027e-04 1.55285735e-04
7.13039624e+01 5.26839239e-02 1.75503103e-02 -5.77075744e-02 7.78476207e-05 2.53381412e-04 4.36821555e-05
7.40233531e+01 5.83895843e-02 1.99803462e-02 -4.97893224e-02 4.39521891e-05 5.03842744e-04 4.71237664e-05
7.67397984e+01 5.96247287e-02 2.12257990e-02 -5.05964859e-02 9.29884841e-05 1.66582471e-04 8.71707801e-05
7.94589625e+01 5.59423769e-02 1.89683026e-02 -6.06103708e-02 1.01694083e-04 1.45723369e-04 1.10369250e-04
8.21743734e+01 5.01742624e-02 9.25864026e-03 -6.40460901e-02 1.08555933e-04 2.42943756e-04 6.31857008e-05
8.49021656e+01 5.06748184e-02 7.75980473e-03 -5.55593715e-02 1.18270362e-04 3.69627034e-04 1.12618996e-04
8.76324359e+01 5.31495865e-02 1.18611117e-02 -5.71550753e-02 3.48871164e-05 1.81520389e-04 6.30314880e-05
9.03455281e+01 5.39786542e-02 1.55496073e-02 -5.77250698e-02 4.08312251e-05 4.56056463e-04 7.17602541e-05
9.30612609e+01 5.98129831e-02 1.80641690e-02 -5.45016758e-02 4.57291897e-05 2.15165058e-04 8.72436508e-05
9.57714140e+01 5.68916856e-02 1.10146488e-02 -5.88988344e-02 8.62636481e-05 2.67861247e-04 6.30012498e-05
9.84769250e+01 5.39144483e-02 4.01560448e-03 -6.12803047e-02 7.41265606e-05 1.55380500e-04 3.76103561e-05
1.01188192e+02 4.90040063e-02 1.43915838e-03 -6.65117707e-02 9.47673397e-05 1.68057381e-04 1.46278496e-04
1.03898223e+02 5.18791137e-02 -6.30835682e-03 -6.62411889e-02 1.10883962e-04 4.05608623e-04 4.49967810e-05
1.06606067e+02 5.93469745e-02 -1.12053247e-02 -5.45281381e-02 4.27312391e-05 1.40724812e-04 4.44346902e-05
1.09310536e+02 6.01197433e-02 -2.33825213e-02 -5.45258570e-02 3.94145084e-05 1.89012682e-04 3.48988078e-05
1.12017505e+02 5.53997486e-02 -2.79899855e-02 -4.34599134e-02 6.62762372e-05 2.95861919e-04 3.29014860e-05
1.14725036e+02 4.28809944e-02 -2.56684834e-02 -3.36676559e-02 9.95981149e-05 2.87725214e-04 6.01356458e-05
1.17443911e+02 5.47219785e-02 -2.36831670e-02 -2.74943134e-02 1.02656120e-04 3.04806436e-04 1.04161144e-04
1.20149802e+02 5.75197980e-02 -1.69765094e-02 -3.51081320e-02 4.16537290e-05 4.16173306e-04 1.53134618e-05
1.22860317e+02 6.34206841e-02 -8.69181549e-03 -4.37766625e-02 8.15921518e-05 1.81825777e-04 5.71011713e-05
1.25580192e+02 6.56879780e-02 -5.46426505e-03 -4.05346298e-02 8.63477197e-05 2.37917798e-04 1.03133193e-04
1.28292755e+02 6.71862667e-02 6.42251735e-04 -3.57084960e-02 1.30813277e-04 1.77343841e-04 6.43591513e-05
1.31018583e+02 6.76071674e-02 3.48843244e-03 -1.54250203e-02 6.12274780e-05 6.40143560e-05 3.43674208e-05
1.33745755e+02 6.92050109e-02 -7.65824592e-04 5.38274638e-03 4.06124108e-05 1.75712805e-04 3.69385705e-05
1.36476239e+02 6.84073766e-02 -7.09583375e-03 3.40641680e-02 3.69170006e-05 1.21842446e-04 5.13591366e-05
1.39196864e+02 6.37113335e-02 -7.81790400e-03 4.91264231e-02 5.14876325e-05 1.46264401e-04 8.68448430e-05
1.41919161e+02 5.38295965e-02 -3.39640901e-03 5.30509917e-02 3.63198708e-05 2.12292818e-04 3.86838114e-05
1.44646442e+02 4.73972881e-02 -2.02445257e-03 5.16494482e-02 1.90835430e-05 3.86128272e-05 2.52310846e-05
1.47354223e+02 4.69111380e-02 -4.18947289e-03 5.48611022e-02 4.64726894e-05 1.02994444e-04 2.45261087e-05
1.50067552e+02 5.40164887e-02 -2.72668934e-03 5.25752039e-02 7.76594906e-05 1.76521530e-04 5.98375703e-05
1.52769911e+02 5.63084648e-02 -3.50600890e-03 4.83640106e-02 3.40428997e-05 3.81861505e-04 3.95357720e-05
1.55479036e+02 5.96671611e-02 -4.04323201e-03 4.72741084e-02 4.55829546e-05 3.72625252e-04 6.98338397e-05
1.58188942e+02 5.88526451e-02 -6.93767327e-03 3.96711175e-02 5.95919724e-05 4.50612750e-04 8.21982727e-05
1.60896552e+02 6.03055793e-02 -1.19884685e-02 4.21563499e-02 4.70152258e-05 3.93527595e-04 2.31180425e-05
1.63603083e+02 5.38641011e-02 -1.03814152e-02 4.79370046e-02 4.87553447e-05 1.36443187e-04 1.65450350e-04
1.66325302e+02 5.59319182e-02 -1.15537349e-02 5.18885558e-02 1.38121985e-04 1.65324696e-04 3.08554160e-05
1.69050427e+02 5.85896330e-02 -1.40357484e-02 5.31032545e-02 4.01718910e-06 1.12111781e-04 3.80722764e-05
1.71769739e+02 6.26421555e-02 -3.25687719e-03 5.70864159e-02 3.50150554e-05 2.05964028e-04 3.44501329e-05
1.74490973e+02 6.05970509e-02 4.67231926e-03 5.55349320e-02 4.34533753e-05 2.67486787e-04 6.61346685e-05
1.77215333e+02 6.52153598e-02 2.05563521e-03 5.90622023e-02 3.09956380e-05 3.34008331e-04 1.31525078e-05
1.79939833e+02 6.18547096e-02 -3.31058387e-03 5.92086952e-02 4.92196529e-05 4.43483860e-04 9.37041821e-05
1.82658973e+02 5.74416444e-02 -7.21850798e-03 6.96146842e-02 1.14099670e-04 3.80403709e-04 4.41657900e-05
1.85375286e+02 5.11040585e-02 -7.37145673e-03 7.84680441e-02 6.40659777e-05 2.93128812e-04 2.18566724e-05
1.88089255e+02 4.97948952e-02 -7.68700467e-03 8.27814474e-02 5.06543138e-05 2.33846778e-04 4.28342759e-05
1.90801239e+02 4.83827401e-02 1.70667350e-03 7.95115537e-02 8.59473608e-05 1.98967614e-04 7.71201115e-05
1.93520114e+02 5.63086024e-02 1.49126646e-03 7.45455739e-02 6.04791064e-05 9.29207739e-05 8.97437261e-05
1.96234395e+02 6.57224157e-02 3.99162434e-04 6.40283863e-02 4.11703037e-05 1.58258879e-04 5.77436211e-05
1.98955067e+02 6.54987035e-02 4.94700484e-03 5.81137617e-02 5.53509940e-05 1.85365671e-04 6.22910544e-05
2.01676630e+02 6.96453850e-02 5.55364903e-03 5.61803839e-02 2.66413938e-05 2.50396295e-04 3.61547751e-05
2.04398114e+02 6.63700625e-02 4.92867181e-03 4.77433492e-02 6.05280770e-05 9.95812575e-05 4.05071884e-05
2.07108364e+02 6.84116413e-02 6.53310499e-03 3.94729859e-02 6.84043188e-05 2.69489177e-04 2.90890619e-05
2.09827864e+02 6.98481630e-02 6.99369118e-03 4.08684402e-02 3.25717396e-05 1.09225715e-04 4.19502347e-05
2.12538786e+02 6.61585569e-02 1.13561447e-02 4.00200324e-02 1.36463562e-05 7.11877111e-05 1.27901332e-04
2.15257942e+02 5.71899734e-02 1.61389575e-02 4.53971272e-02 5.06936047e-05 1.79008137e-04 4.66718533e-05
2.17980364e+02 5.88116674e-02 1.51655807e-02 5.14605823e-02 3.94611359e-05 3.44210461e-04 5.27517661e-05
2.20701848e+02 5.71422019e-02 1.78672752e-02 5.54388799e-02 5.04373961e-05 1.23763703e-04 9.72253640e-05
2.23417536e+02 5.44240692e-02 1.84502010e-02 5.36827771e-02 8.11096974e-05 1.57376527e-04 4.87400748e-05
2.26144677e+02 5.51547503e-02 1.81523934e-02 5.17597030e-02 3.29446353e-05 1.10835153e-04 9.04148168e-05
2.28848630e+02 6.07143412e-02 1.22184266e-02 3.90918673e-02 2.65649883e-05 2.12900253e-04 8.38200581e-05
2.31548817e+02 6.66941938e-02 9.38906532e-03 3.63741987e-02 6.51229996e-05 1.59009267e-04 6.68418119e-05
2.34251536e+02 7.14296210e-02 4.80181578e-03 4.10431152e-02 7.56019059e-05 2.87796289e-04 8.87472354e-05
2.36963598e+02 6.35565925e-02 9.99728491e-03 4.67483302e-02 7.34986731e-05 3.54018104e-04 4.78918810e-05
2.39680880e+02 6.33153499e-02 9.19158639e-03 4.98382570e-02 4.00044441e-05 2.85036865e-04 2.59775843e-05
2.42398130e+02 6.74884020e-02 1.18537853e-02 5.14741579e-02 6.49828697e-05 2.35877491e-04 3.08379926e-05
2.45118473e+02 7.09549644e-02 1.91378898e-02 4.68271858e-02 6.57658277e-05 2.53800539e-04 1.63313210e-04
2.47827833e+02 6.74547809e-02 2.63002750e-02 4.10550831e-02 8.38681644e-05 3.87545537e-04 2.17915707e-04
2.50542786e+02 6.76324491e-02 2.61172734e-02 3.72031510e-02 3.52791334e-05 3.50948685e-04 5.62770276e-05
2.53254755e+02 6.38209995e-02 3.08885442e-02 3.25840202e-02 3.26930940e-05 6.03427357e-04 9.07487794e-05
2.55969020e+02 6.08733575e-02 3.33269858e-02 3.42272036e-02 2.24046614e-04 5.98586716e-04 9.43142853e-05
2.58679864e+02 6.33565347e-02 2.88340989e-02 2.32980670e-02 5.04316134e-05 4.25384099e-04 1.06436498e-04
2.61399005e+02 7.30487059e-02 2.41115903e-02 1.63066842e-02 6.78983963e-05 2.23349507e-04 5.60869730e-05
2.64111317e+02 7.45531797e-02 2.37257441e-02 1.48919679e-02 5.33156261e-05 3.00576207e-04 1.04387653e-04
2.66813770e+02 7.50540869e-02 1.66435068e-02 7.31645735e-03 6.67628018e-05 6.87562515e-05 9.21269772e-05
2.69535714e+02 7.13447877e-02 1.01731683e-02 1.16118787e-02 5.44457950e-05 3.55951542e-05 4.08246431e-05
