6.68778296e-01 5.96828640e-02 4.84083907e-04 -3.94511136e-03 3.25672939e-05 4.95472800e-05 5.17590728e-05
3.38390613e+00 6.12360496e-02 1.44077588e-03 -8.95536498e-03 2.91175622e-05 1.62086725e-05 8.05719981e-05
6.10098395e+00 5.95579889e-02 2.31796621e-03 -1.57581005e-02 7.60308147e-05 5.65935433e-05 5.67071805e-05
8.80945863e+00 6.45202713e-02 7.12159397e-03 -1.87829481e-02 5.37344428e-05 4.28811779e-05 6.14054418e-05
1.15252536e+01 5.53320359e-02 8.28626973e-03 -2.44473730e-02 2.45874975e-05 3.56892011e-05 3.71551819e-05
1.42472880e+01 4.81812506e-02 6.92871105e-03 -2.91527605e-02 3.76478718e-05 6.81513770e-05 2.29458636e-05
1.69690552e+01 4.02649297e-02 5.17394011e-03 -3.63858989e-02 5.10265690e-05 5.73931906e-05 5.35981351e-05
1.96854771e+01 3.81673623e-02 9.78948592e-04 -3.70718925e-02 6.92361359e-05 3.63065379e-05 3.02429348e-05
2.24039380e+01 3.62875684e-02 -1.17255665e-03 -3.77752889e-02 7.59716845e-06 1.38581387e-04 4.89702492e-05
2.51211568e+01 2.94032847e-02 -4.84036558e-04 -3.66965926e-02 1.99201214e-05 1.26565228e-04 4.23239274e-05
2.78409364e+01 2.96814077e-02 7.27553570e-04 -3.96990589e-02 2.11316705e-05 1.34432067e-04 2.00842987e-05
3.05550693e+01 2.81111117e-02 2.53606853e-03 -4.28510796e-02 6.32100991e-05 4.53485819e-05 6.01062557e-05
3.32699271e+01 2.20492302e-02 1.70751172e-03 -4.60129266e-02 5.59216033e-05 3.17777589e-05 6.73975195e-05
3.59897693e+01 2.61325473e-02 2.20170657e-03 -4.39513316e-02 7.50879007e-05 3.23604862e-05 5.23583984e-05
3.87079286e+01 2.80988673e-02 4.05081631e-03 -4.05968837e-02 7.12930694e-05 5.41719583e-05 1.52275233e-05
4.14279052e+01 2.76571077e-02 2.08129666e-03 -3.58662772e-02 9.37440679e-05 1.02113471e-05 5.87756369e-05
4.41438536e+01 3.41476752e-02 3.09172820e-03 -4.04177448e-02 2.67251750e-05 3.58150109e-05 9.31283657e-06
4.68651115e+01 3.33494441e-02 5.43530757e-03 -3.75906316e-02 4.08889523e-05 1.35163319e-04 4.16499130e-05
4.95837427e+01 3.13787038e-02 5.58576508e-03 -4.44103172e-02 4.58974610e-05 9.16051182e-05 5.46485500e-05
5.23066036e+01 2.63871679e-02 2.79767625e-03 -4.62084288e-02 4.46952996e-05 8.55434150e-05 9.30964844e-05
5.50253646e+01 2.70885583e-02 4.93313103e-04 -4.76078709e-02 5.44701763e-05 1.29910221e-04 9.56542074e-05
5.77376239e+01 2.48259785e-02 1.72874958e-03 -4.50776600e-02 1.07244701e-04 2.96932154e-05 3.66417633e-05
6.04603849e+01 2.93504214e-02 -1.90784969e-04 -4.07777487e-02 4.97402646e-05 8.42440302e-05 2.41974134e-05
6.31801224e+01 3.10145320e-02 -4.99009778e-04 -3.74019730e-02 4.09563307e-05 9.51068789e-05 2.78343184e-05
6.58912739e+01 3.59391486e-02 1.68329424e-03 -3.25073503e-02 9.16920032e-05 1.58543065e-04 3.56535596e-05
6.86081099e+01 4.04181245e-02 4.16287037e-03 -3.52465244e-02 3.55493038e-05 1.13885393e-04 1.42017983e-04
7.13276161e+01 4.30522973e-02 5.42850128e-03 -3.72348899e-02 1.28853361e-04 5.62624643e-05 1.77283441e-05
7.40494521e+01 4.18326123e-02 8.67912410e-03 -3.30681595e-02 3.25842648e-05 5.00573114e-05 3.72367451e-05
7.67694833e+01 4.02006891e-02 7.26300342e-03 -3.63370419e-02 6.61156814e-05 7.55746505e-05 3.80309608e-05
7.94899896e+01 4.13504130e-02 8.70302556e-03 -3.24146630e-02 3.00298359e-05 1.86848883e-05 2.43165686e-05
8.22037630e+01 4.17899114e-02 8.06354511e-04 -3.29733794e-02 4.03954910e-05 5.05889920e-05 8.41211519e-05
8.49167099e+01 4.13799074e-02 7.09389379e-03 -3.16890697e-02 6.11195359e-05 4.64664643e-05 7.77378942e-05
8.76312521e+01 4.61837210e-02 4.76680400e-03 -3.07284777e-02 2.28940190e-05 2.78812020e-05 7.16828423e-05
9.03467146e+01 4.32605875e-02 4.94726891e-03 -3.09420985e-02 7.65944191e-05 5.43818397e-05 9.69230305e-05
9.30615943e+01 4.51254706e-02 2.55519306e-03 -3.04799035e-02 1.25401478e-04 5.54353902e-05 3.54262871e-05
9.57762583e+01 4.30823041e-02 5.33427436e-03 -2.43375720e-02 3.29473137e-05 5.26155246e-05 4.53827303e-05
9.84908286e+01 4.32348199e-02 -7.42332882e-04 -2.79017976e-02 3.66685751e-05 3.32756956e-05 1.36557160e-05
1.01207071e+02 4.42817010e-02 -2.44847323e-03 -2.77580903e-02 5.01740181e-05 9.25371483e-05 2.06331125e-05
1.03927852e+02 4.48946326e-02 -2.45121091e-03 -2.75828798e-02 2.43750515e-05 4.16044843e-05 6.59230188e-05
1.06645805e+02 4.50691682e-02 -9.71093561e-04 -2.94755015e-02 5.44752108e-05 3.87732366e-05 5.85197890e-05
1.09355180e+02 4.29215980e-02 9.51913570e-04 -2.63893449e-02 2.17816482e-05 1.23595685e-04 1.85974685e-05
1.12066274e+02 3.98631042e-02 -3.98341257e-03 -2.63020753e-02 1.18891497e-05 5.03364369e-05 5.52664990e-05
1.14778743e+02 3.75125688e-02 -3.41548328e-03 -3.03125012e-02 5.95021162e-05 5.75930664e-05 2.88405000e-05
1.17496149e+02 4.16795431e-02 -2.00915531e-03 -3.06782067e-02 4.26903006e-05 4.57810943e-05 4.60162155e-05
1.20218493e+02 5.02108233e-02 5.62675451e-04 -2.22195521e-02 7.59341359e-05 3.12714719e-05 2.32399479e-05
1.22934040e+02 5.54768623e-02 -1.12695859e-03 -1.47158784e-02 2.30683017e-05 1.99336730e-05 4.51155220e-05
1.25652118e+02 6.10404193e-02 1.73518080e-04 -5.61400388e-03 1.02656954e-04 1.37475460e-05 8.29876075e-05
1.28369586e+02 6.37655709e-02 -2.62949289e-03 -9.96090389e-03 9.85604823e-05 4.12645185e-05 1.01129911e-04
1.31084024e+02 6.00995522e-02 -7.90566222e-04 -9.24132097e-03 5.02315315e-05 9.33412747e-06 7.66047954e-05
1.33797555e+02 6.13131844e-02 -9.03711403e-04 -3.70596186e-03 1.83475815e-05 8.66768721e-05 6.09411567e-06
1.36510118e+02 5.73066057e-02 -3.50416299e-03 1.46493244e-03 1.65257621e-05 8.10468988e-05 5.49509568e-05
1.39223196e+02 6.25323954e-02 -3.62632358e-03 1.05230737e-02 1.71845870e-04 9.63851651e-05 2.87586561e-05
1.41938696e+02 6.11757930e-02 -2.24349494e-03 1.73898299e-02 1.59746857e-05 7.87556675e-05 7.06731840e-05
1.44656305e+02 6.03392412e-02 2.57539140e-03 1.27705483e-02 2.00928171e-05 1.15906342e-04 2.42542114e-05
1.47374149e+02 5.43330700e-02 1.31381609e-02 1.54676954e-02 2.04067073e-05 7.39730430e-05 8.59014255e-05
1.50095633e+02 4.75003539e-02 9.42008361e-03 2.65542620e-02 3.64041283e-05 6.98706415e-05 1.14455317e-04
1.52816899e+02 4.32173150e-02 6.55373144e-03 2.91121799e-02 2.39335501e-05 1.61125373e-05 8.65637584e-05
1.55535805e+02 4.03298806e-02 9.07613369e-04 3.30714951e-02 7.95554217e-05 1.22593804e-04 3.75448763e-05
1.58250290e+02 3.33474036e-02 4.27808513e-04 3.50240338e-02 1.55419176e-04 3.90162319e-05 4.84818094e-05
1.60971961e+02 3.63102751e-02 -2.16347178e-03 3.40439689e-02 3.39685644e-05 1.69312256e-05 3.96460130e-05
1.63690899e+02 3.25294335e-02 -9.78518864e-04 3.61542934e-02 9.88245009e-05 3.07756993e-05 5.29142792e-05
1.66404946e+02 3.84021838e-02 -2.09914922e-03 3.28470204e-02 2.96523191e-05 2.83423525e-05 3.77993598e-05
1.69120711e+02 3.88262891e-02 1.64546561e-03 3.38503453e-02 4.05967721e-05 3.22906996e-05 4.52334801e-05
1.71835774e+02 3.33689820e-02 6.44333800e-03 3.73693189e-02 2.53308779e-05 3.52636540e-05 4.27027776e-05
1.74555477e+02 3.27275190e-02 7.99202765e-03 3.47118835e-02 5.92297736e-05 5.44085501e-05 5.06497698e-05
1.77272899e+02 3.41318277e-02 2.21236486e-03 3.58815723e-02 4.92986161e-05 1.08651002e-04 6.07553914e-05
1.79983743e+02 3.57833746e-02 6.09956399e-04 3.82038435e-02 3.94486506e-05 4.86853805e-05 2.32346573e-05
1.82706915e+02 3.47414238e-02 -3.55676469e-03 3.96573661e-02 5.59027835e-05 4.49850026e-05 4.83692646e-05
1.85427055e+02 2.94115866e-02 -1.23141408e-03 4.14925319e-02 2.48449216e-05 7.46938682e-05 7.44165892e-05
1.88146352e+02 2.98883951e-02 -2.50714642e-04 4.10809507e-02 2.04248542e-05 4.82787680e-05 4.07622601e-05
1.90867821e+02 3.45605148e-02 -4.44972828e-03 3.88851521e-02 5.78095384e-05 2.36507991e-04 3.00872457e-05
1.93578477e+02 3.22259177e-02 -2.84450805e-03 3.78242375e-02 5.76212971e-05 6.04208724e-05 2.00264894e-05
1.96294946e+02 3.35985104e-02 -2.94783220e-03 3.87776475e-02 6.08216088e-05 3.31819009e-05 4.67528363e-05
1.99013040e+02 3.65974993e-02 1.72319928e-03 3.71155928e-02 7.13255593e-05 3.71298058e-05 7.84713404e-05
2.01725461e+02 3.65605739e-02 -8.08574063e-04 3.78935431e-02 1.01376409e-04 2.31038381e-05 1.13379373e-04
2.04442211e+02 3.25701000e-02 -4.64635430e-03 3.65597020e-02 6.88929866e-05 2.80251152e-05 7.72103795e-05
2.07154836e+02 3.19974950e-02 -5.64481482e-03 3.76279941e-02 5.79662094e-05 1.57726476e-04 3.93352019e-05
2.09869055e+02 3.13065842e-02 -1.73411411e-03 4.16963937e-02 3.93943035e-05 5.66615868e-05 2.67630327e-05
2.12590555e+02 3.40822679e-02 -1.76188732e-03 3.70201617e-02 2.40920764e-05 4.41608617e-05 3.38496195e-05
2.15307946e+02 3.28526068e-02 -5.01204753e-03 3.09875606e-02 5.49683146e-05 7.50678093e-05 2.09529839e-05
2.18027915e+02 3.37011203e-02 -3.58980349e-03 3.52236588e-02 5.88216163e-05 1.21932200e-05 3.00927067e-05
2.20744430e+02 3.16397574e-02 -7.47770804e-04 3.61142304e-02 9.74485778e-05 1.55562293e-04 4.50383576e-05
2.23461352e+02 3.01881414e-02 -1.35969513e-03 3.96195187e-02 1.80296642e-05 1.86013342e-04 2.53080778e-05
2.26178227e+02 3.18335950e-02 -7.27547594e-04 3.80701587e-02 6.78325937e-05 3.98754176e-05 5.08855857e-05
2.28898524e+02 3.37794928e-02 -2.55577533e-04 3.53699117e-02 4.27700907e-05 8.49427316e-05 8.59383192e-05
2.31616915e+02 3.51723590e-02 -4.39293799e-03 3.70106202e-02 1.29200866e-05 6.13560977e-05 4.86262800e-05
2.34333915e+02 3.60566844e-02 -3.20197211e-03 3.70766743e-02 7.76880316e-05 2.31851294e-05 6.48389293e-05
2.37049243e+02 3.77675743e-02 -6.81289913e-03 3.85095505e-02 8.31779175e-05 9.07561557e-05 3.61934708e-05
2.39765133e+02 3.46027456e-02 -3.59151774e-03 3.45621532e-02 8.50405685e-05 1.51572091e-04 3.78266058e-05
2.42484352e+02 3.45089557e-02 -6.14966078e-03 3.17017386e-02 3.53365022e-05 1.29325680e-04 2.60803010e-05
2.45197868e+02 3.20286885e-02 -8.13745573e-04 3.46753011e-02 1.65029044e-05 2.46707388e-04 1.26383535e-04
2.47913633e+02 3.59064385e-02 2.05853187e-03 3.03978800e-02 1.14363605e-05 1.68457651e-04 6.17181429e-06
2.50631196e+02 3.86980643e-02 3.51324412e-03 3.03058650e-02 9.45167805e-05 8.06494425e-05 4.55119351e-05
2.53347790e+02 4.29723351e-02 6.50645856e-03 3.39658257e-02 3.08486378e-05 5.24266032e-05 6.07777579e-05
2.56069165e+02 4.26410332e-02 7.98105599e-03 2.65408453e-02 6.76620561e-05 3.26025563e-05 2.58171639e-05
2.58787133e+02 4.94064981e-02 4.79799971e-03 2.18078038e-02 2.94052952e-05 8.83371938e-05 5.51811955e-05
2.61501383e+02 6.18840694e-02 5.14512809e-03 1.42641656e-02 7.41399335e-05 5.09151836e-06 2.17510578e-05
2.64221727e+02 6.30057567e-02 -1.64172159e-03 1.20722765e-02 1.99971185e-05 1.35725449e-05 5.79046084e-05
2.66929446e+02 6.02904319e-02 -2.39175566e-03 6.07282153e-03 2.24300452e-05 6.53809582e-05 1.42048924e-04
2.69642604e+02 6.15265814e-02 -4.11984489e-03 2.72144036e-03 1.93398307e-05 7.14720842e-05 5.05898897e-05
