6.51948792e-01 7.22547695e-02 -4.63576347e-03 -3.45072409e-02 4.62698644e-05 3.19551009e-04 5.97686856e-05
3.36938485e+00 6.52802331e-02 -9.54339105e-03 -4.97246174e-02 2.99656586e-05 1.14974099e-04 2.17636625e-05
6.08784172e+00 6.93424955e-02 -8.74621425e-03 -4.86181639e-02 3.59700208e-05 2.42623250e-05 6.41628791e-05
8.79823157e+00 5.61636379e-02 -3.72479531e-03 -5.46143611e-02 2.96598165e-05 9.06118426e-05 4.48597455e-05
1.15246222e+01 4.81781982e-02 -3.21278485e-03 -5.70138781e-02 4.22934900e-05 2.39238972e-05 6.53094200e-05
1.42421409e+01 4.64355828e-02 2.81405450e-03 -5.60891987e-02 6.10275231e-05 6.24685437e-05 5.28376274e-05
1.69532816e+01 5.26389740e-02 4.48419148e-03 -6.11016678e-02 4.45433669e-05 1.95196800e-04 1.04403603e-04
1.96756488e+01 5.23606664e-02 9.41608555e-03 -6.13104544e-02 4.19758088e-05 1.29607834e-04 2.97191499e-05
2.23921191e+01 4.80862068e-02 8.53899813e-03 -6.11002594e-02 2.71359851e-05 2.27401306e-04 6.67140772e-05
2.51178628e+01 4.74805417e-02 1.21349586e-02 -6.36629096e-02 1.35687755e-05 1.28676812e-04 1.64002065e-05
2.78382644e+01 4.37874617e-02 3.34348089e-03 -6.60948696e-02 6.08000207e-05 2.01881597e-04 8.01959741e-05
3.05613691e+01 4.72728356e-02 -3.96333597e-03 -6.92821720e-02 7.95842786e-05 6.64355290e-05 1.76089949e-05
3.32832878e+01 5.44572452e-02 -9.84873725e-03 -5.86801722e-02 3.90103547e-05 5.31838898e-05 1.28873007e-04
3.59973988e+01 5.52544863e-02 -1.15153032e-02 -4.93166748e-02 4.96163554e-05 9.56753276e-05 7.98652538e-05
3.87066269e+01 6.08790623e-02 -5.69637772e-03 -4.54774796e-02 1.42289564e-05 1.22670109e-04 3.99691873e-05
4.14258800e+01 5.95637106e-02 -4.59816894e-03 -4.96583790e-02 8.78415616e-05 1.07777556e-04 1.04510023e-04
4.41430175e+01 5.69716343e-02 -4.80847248e-04 -5.91651284e-02 9.57691460e-05 2.27977522e-04 8.23403596e-05
4.68534488e+01 6.21040091e-02 -5.90600510e-03 -6.87245360e-02 7.11695248e-05 6.26335727e-05 9.57306638e-05
4.95646144e+01 6.03948832e-02 -6.62402087e-03 -6.90310666e-02 5.98387715e-05 6.09038371e-05 1.10315863e-04
5.22770816e+01 5.78191232e-02 -8.57491526e-03 -6.54402102e-02 4.81899912e-05 7.16630054e-05 4.52079504e-05
5.49859691e+01 6.16974839e-02 -8.03378939e-03 -6.79492005e-02 3.71892284e-05 2.44433164e-04 8.41369579e-05
5.77045081e+01 5.35541060e-02 -1.38623682e-02 -7.29499699e-02 2.92040080e-05 9.30256251e-05 7.20434909e-05
6.04155550e+01 5.61228972e-02 -1.47085970e-02 -7.66303130e-02 8.31450677e-05 5.44560240e-05 8.73378186e-05
6.31355378e+01 5.30406316e-02 -1.18356828e-02 -7.50421984e-02 5.58934420e-05 6.95712680e-05 5.55758914e-05
6.58499597e+01 4.98413624e-02 -1.78646034e-02 -7.77032236e-02 5.89391671e-05 7.54259646e-05 3.19965995e-05
6.85699706e+01 4.68453672e-02 -2.01887557e-02 -6.58230360e-02 1.28056206e-04 5.14209171e-05 1.18070719e-04
7.12883363e+01 4.99091505e-02 -2.20772979e-02 -5.94703315e-02 1.17372323e-04 2.08737418e-04 1.48069542e-04
7.40029066e+01 6.20108144e-02 -1.88902644e-02 -5.12897268e-02 9.55956700e-05 9.98246577e-05 6.44985326e-05
7.67162831e+01 6.48802317e-02 -1.73383856e-02 -4.69270644e-02 1.22788167e-04 2.69716049e-04 4.41456442e-05
7.94257738e+01 6.30299029e-02 -8.19054189e-03 -4.77409043e-02 1.89839230e-05 1.69640703e-04 1.59409104e-04
8.21463019e+01 5.97150498e-02 -9.02137057e-03 -4.99163768e-02 4.63493739e-05 1.02444745e-04 7.37187843e-05
8.48676894e+01 5.78485990e-02 -1.58676027e-02 -5.84843567e-02 7.21879554e-05 1.17954318e-04 7.63361639e-05
8.75779847e+01 6.67602712e-02 -1.64217465e-02 -5.30507861e-02 1.88923316e-04 8.55512473e-05 2.47720286e-04
9.02893737e+01 6.27568490e-02 -1.20583577e-02 -5.58474268e-02 2.09001001e-04 8.93216534e-05 1.55561685e-04
9.30033816e+01 6.52062141e-02 -7.94573426e-03 -5.85540792e-02 2.92912721e-05 1.38714406e-04 4.08160210e-05
9.57134050e+01 6.79627685e-02 -8.19674390e-04 -5.33195253e-02 2.51971771e-05 6.30667563e-05 1.77604709e-05
9.84328988e+01 6.34577433e-02 7.90803746e-03 -4.34131232e-02 5.86130767e-05 9.56734168e-05 4.35985975e-05
1.01151907e+02 5.50943565e-02 1.88495363e-02 -5.10755657e-02 2.40193423e-05 9.40774490e-05 5.25854619e-05
1.03873610e+02 4.54168938e-02 2.26523703e-02 -6.48241598e-02 8.74442692e-05 7.76669145e-05 2.08989255e-05
1.06594219e+02 5.40849743e-02 1.66829363e-02 -7.08799144e-02 3.61180716e-05 1.70023137e-04 6.97396833e-05
1.09317594e+02 5.56177181e-02 1.04164629e-02 -7.39350018e-02 1.17287182e-04 2.06070292e-04 4.23085581e-05
1.12040000e+02 5.93333428e-02 3.95547767e-03 -6.71811212e-02 6.69532424e-05 1.77074822e-04 7.37358386e-06
1.14764657e+02 7.35385462e-02 2.98920547e-03 -6.04895270e-02 1.37426549e-04 1.52310594e-04 5.84373658e-05
1.17484641e+02 7.60148681e-02 -4.67144116e-03 -6.00751058e-02 7.62167027e-05 9.33120196e-05 7.86919584e-05
1.20194235e+02 7.36177561e-02 -3.89699312e-03 -4.66645299e-02 2.18648806e-05 2.98037698e-04 2.99002845e-05
1.22907953e+02 6.65805543e-02 -9.57999216e-03 -3.94068078e-02 6.46515106e-05 2.05297367e-04 6.21743845e-05
1.25613500e+02 6.79723231e-02 -5.72916428e-03 -2.07172320e-02 1.82092997e-05 3.55977033e-04 6.04893823e-05
1.28317860e+02 6.83173011e-02 -1.55900564e-04 -9.57690005e-03 4.87408633e-05 3.75500829e-04 5.40122558e-05
1.31024407e+02 7.41175473e-02 3.26901454e-03 -1.05617165e-02 4.21619259e-05 3.92427491e-04 2.96534103e-05
1.33738563e+02 7.32943874e-02 8.84447588e-03 -5.78432290e-03 4.62565129e-05 1.63270625e-04 3.72081648e-05
1.36451985e+02 7.26402244e-02 6.86798243e-03 -2.33497035e-03 6.25038910e-05 1.86244163e-04 3.94691778e-05
1.39171407e+02 6.84542362e-02 1.20853623e-02 1.50239793e-02 4.74590801e-05 1.87797836e-04 8.04264110e-05
1.41885735e+02 5.86548906e-02 1.44749525e-02 3.62008690e-02 5.82095438e-05 2.90472881e-04 3.05075551e-05
1.44605578e+02 5.40790065e-02 1.98577519e-02 5.40522989e-02 8.79590474e-05 1.17131147e-04 5.72839934e-05
1.47330219e+02 5.63067859e-02 2.06290045e-02 6.04322433e-02 4.80726771e-05 2.68072590e-04 3.34532276e-05
1.50049375e+02 5.57701306e-02 1.77177010e-02 6.95793108e-02 2.35681608e-05 5.28919131e-05 4.60645635e-05
1.52755797e+02 5.94378110e-02 2.14039360e-02 6.97200172e-02 1.68528596e-05 1.24119348e-04 1.19978808e-04
1.55467625e+02 5.37635614e-02 2.06466369e-02 7.29805268e-02 2.66737871e-05 6.74358208e-05 2.43732796e-05
1.58178141e+02 6.08469285e-02 1.28790158e-02 7.08697022e-02 3.70995137e-05 6.39161120e-05 4.12223646e-05
1.60896094e+02 5.95103158e-02 6.27680983e-03 6.18054941e-02 4.53073712e-05 3.24430752e-05 3.04142861e-05
1.63618485e+02 5.94137458e-02 4.19938469e-03 6.28218294e-02 2.75106215e-05 8.08734039e-05 4.74354027e-05
1.66344750e+02 5.63150064e-02 3.86792904e-04 6.59844455e-02 1.05890497e-04 8.92620284e-05 5.56641977e-05
1.69070750e+02 5.39986656e-02 5.26453771e-03 7.21559992e-02 3.67451442e-05 9.54231062e-05 5.88764978e-05
1.71795657e+02 5.43163385e-02 -1.39077210e-03 7.06806495e-02 8.21196586e-05 2.06023190e-05 5.71573199e-05
1.74517875e+02 4.97786854e-02 -9.18682044e-04 6.93720551e-02 1.05008340e-04 1.65725220e-04 5.15933367e-05
1.77231766e+02 4.38924339e-02 -1.32386139e-03 7.57924964e-02 1.44388739e-04 2.40532838e-04 3.94030529e-05
1.79954547e+02 3.89411760e-02 -3.37097499e-03 8.15016905e-02 4.14007709e-05 2.49898831e-04 9.12209491e-05
1.82664672e+02 3.91633728e-02 -5.22460310e-03 8.12939105e-02 5.22865988e-05 4.40706539e-05 9.42546429e-05
1.85378391e+02 4.33830021e-02 1.29154829e-03 7.86429601e-02 8.63087058e-05 2.99428132e-05 2.75596221e-05
1.88098532e+02 4.33297085e-02 2.13767632e-03 7.73255222e-02 9.09434492e-05 6.92803885e-05 8.48894446e-05
1.90807297e+02 4.78932910e-02 4.05717889e-03 7.76640158e-02 4.18731446e-05 1.74693683e-04 5.01031234e-05
1.93512110e+02 5.24983361e-02 2.13891474e-03 6.76592927e-02 3.77976770e-05 2.11106820e-04 8.28642262e-05
1.96222000e+02 4.46312196e-02 -2.67854694e-03 6.72322343e-02 4.24811428e-05 1.17793890e-04 2.30430639e-05
1.98936969e+02 4.66117126e-02 -3.87560525e-03 6.35086677e-02 6.04697918e-05 1.24937712e-04 2.92882111e-05
2.01649985e+02 4.86142345e-02 -2.17924396e-03 6.47011455e-02 1.62370914e-05 1.88749755e-04 1.14394034e-04
2.04364172e+02 5.97168228e-02 -2.18427593e-03 6.53655285e-02 2.18197112e-05 1.23067385e-04 7.76816569e-05
2.07079422e+02 7.21974028e-02 -6.15169907e-03 6.03847716e-02 3.68549129e-05 1.82813989e-04 4.07366516e-05
2.09791657e+02 8.29880076e-02 -6.65542713e-03 6.19393357e-02 4.17874405e-05 8.61900646e-05 3.69194151e-05
2.12510110e+02 7.92519308e-02 -4.48498836e-03 5.68700943e-02 5.45127441e-05 4.35464837e-05 3.42882346e-05
2.15232047e+02 6.88541494e-02 -2.22499062e-03 6.35287712e-02 1.52485718e-05 1.09380231e-04 6.88424337e-05
2.17958938e+02 5.55392320e-02 5.09553252e-04 6.42625989e-02 7.24947053e-05 2.15226003e-04 4.29529040e-05
2.20676547e+02 3.90899322e-02 -1.20378181e-03 6.70267362e-02 4.83016583e-05 1.34498569e-04 7.96365120e-05
2.23397469e+02 4.84536517e-02 -8.81607391e-03 6.99551749e-02 3.01835517e-05 3.71270554e-04 4.14909857e-05
2.26109938e+02 4.47852465e-02 -1.01706904e-02 6.97317493e-02 5.23140065e-05 1.77762020e-04 1.99416059e-05
2.28822657e+02 5.74900240e-02 -1.91042739e-02 5.92070194e-02 8.69195777e-05 9.47077609e-05 2.04253487e-05
2.31537688e+02 6.71276037e-02 -2.12057818e-02 5.32431301e-02 1.61275434e-04 2.19802711e-04 4.15800697e-05
2.34250032e+02 6.46780112e-02 -2.44575057e-02 5.27008511e-02 2.20436340e-05 5.57506568e-05 2.75058805e-05
2.36963172e+02 5.37629648e-02 -2.79639164e-02 5.55147476e-02 3.27785358e-05 1.97779327e-04 3.70956738e-05
2.39685828e+02 4.55067242e-02 -2.38091429e-02 6.12757555e-02 7.36096147e-05 2.07425056e-04 8.72697396e-05
2.42398594e+02 5.06288372e-02 -2.11714753e-02 5.83549344e-02 1.75481408e-05 1.46397456e-04 3.52533653e-05
2.45118032e+02 4.74846236e-02 -2.02826693e-02 6.30538998e-02 4.34516128e-05 2.17430611e-04 3.95639731e-05
2.47841188e+02 5.53083017e-02 -9.23347769e-03 6.85625649e-02 9.13210761e-05 1.04991209e-04 6.29368266e-05
2.50552141e+02 6.20954727e-02 -4.48268260e-03 6.54867669e-02 9.63008221e-05 5.03177277e-05 8.78827280e-05
2.53264110e+02 6.10706431e-02 -2.85368208e-03 5.78413796e-02 1.98627887e-05 1.08345742e-04 1.71363104e-05
2.55971125e+02 5.62806908e-02 1.69227247e-03 6.07004212e-02 4.83836215e-05 2.15295886e-04 8.67539890e-05
2.58677844e+02 5.44142686e-02 2.35687365e-03 6.42748825e-02 6.61231797e-05 1.10578097e-04 9.81172124e-05
2.61383828e+02 4.91752794e-02 6.15033002e-03 5.65878991e-02 7.81484410e-05 3.22031466e-04 6.48683449e-05
2.64092657e+02 5.73818647e-02 1.64429493e-03 4.20696892e-02 3.98870888e-05 5.44357065e-04 9.42648629e-05
2.66802844e+02 7.47370292e-02 1.87112800e-03 1.55723265e-02 1.13020173e-04 9.53017910e-04 1.20324956e-04
2.69517226e+02 7.79416791e-02 -1.98164134e-05 -9.72566624e-03 6.36094568e-05 3.91968570e-04 1.59122027e-04
