6.68547771e-01 6.90058369e-02 1.34003141e-03 -3.17495739e-02 4.82858654e-05 6.85801644e-04 1.85966759e-05
3.38090160e+00 6.72907866e-02 3.28236985e-03 -4.58122118e-02 5.97055036e-05 7.15957349e-04 3.11164438e-05
6.08576192e+00 6.26734381e-02 1.40218300e-03 -4.69297148e-02 6.60006824e-05 9.83747314e-04 5.99471933e-05
8.80138473e+00 6.33071033e-02 -3.78179862e-03 -4.96155037e-02 2.76383262e-05 3.11505769e-04 5.99008019e-05
1.15215932e+01 6.70766945e-02 -7.11299655e-03 -4.40231853e-02 8.03912060e-05 1.88255145e-04 7.55223127e-05
1.42488947e+01 6.90546941e-02 -1.26688040e-02 -4.48488319e-02 7.21705699e-05 4.07030169e-04 4.94569517e-05
1.69738916e+01 6.33850307e-02 -1.33670760e-02 -5.13930773e-02 2.91215897e-05 5.13207975e-04 3.91989080e-05
1.96872885e+01 5.53513903e-02 -1.49294882e-02 -6.17710119e-02 7.85709145e-05 8.79595934e-04 3.24937979e-05
2.23992182e+01 5.41518237e-02 -1.34959328e-02 -6.49002863e-02 1.92470613e-05 6.78761171e-04 8.40359302e-05
2.51120275e+01 5.32192289e-02 -8.70615552e-03 -6.70522643e-02 6.01347759e-05 6.80422898e-04 5.16256393e-05
2.78219463e+01 5.72930803e-02 -2.33299702e-04 -6.45393088e-02 1.74978303e-05 2.85960926e-04 4.15329262e-05
3.05422822e+01 6.01351260e-02 3.69466020e-03 -7.03172591e-02 6.92486548e-05 1.37417723e-04 9.25513077e-05
3.32632697e+01 5.83034575e-02 7.45952371e-03 -7.06719896e-02 3.31996012e-05 1.50956666e-04 1.00134000e-04
3.59731416e+01 4.91344022e-02 1.41547903e-02 -8.23673331e-02 6.54815958e-05 7.90021617e-05 5.71532149e-05
3.86869947e+01 5.09584916e-02 9.97760587e-03 -8.30685899e-02 3.52997312e-05 1.34727175e-04 7.78578843e-05
4.14141979e+01 4.77441077e-02 6.43940174e-03 -8.18411868e-02 2.38067793e-05 9.66893450e-05 9.40054190e-05
4.41439963e+01 5.33255171e-02 8.03883342e-03 -7.39189462e-02 7.49481854e-05 1.72568489e-04 5.10854915e-05
4.68601932e+01 5.81514354e-02 3.86451077e-03 -6.03015455e-02 6.72271422e-05 2.07199099e-04 1.12062507e-04
4.95811650e+01 5.29312897e-02 6.31552105e-04 -5.59932169e-02 4.24107803e-05 3.07722123e-04 1.16011948e-04
5.22948822e+01 5.14325413e-02 1.00318243e-05 -5.96878599e-02 1.31345855e-04 3.37415660e-04 7.68981914e-05
5.49933744e+01 5.55397812e-02 6.32391294e-03 -5.31701281e-02 1.94930697e-05 3.05806856e-04 5.23318597e-05
5.77136666e+01 5.72343400e-02 1.40898540e-03 -5.29318261e-02 3.50846647e-05 3.77658163e-04 3.76758002e-05
6.04205104e+01 5.80067718e-02 3.71509101e-03 -4.46133194e-02 3.32834600e-05 2.02627260e-04 3.95980202e-05
6.31397479e+01 5.39920284e-02 -5.15472037e-04 -5.17992005e-02 7.01510551e-05 2.43131233e-04 4.93675078e-05
6.58508322e+01 6.01759456e-02 3.29538943e-03 -6.06388916e-02 1.77123449e-04 1.55108308e-04 3.67447886e-05
6.85526760e+01 6.09260716e-02 9.37113956e-04 -6.14733092e-02 3.92405243e-05 3.35092796e-04 3.83872762e-05
7.12714166e+01 6.04945604e-02 4.61745369e-03 -6.59651791e-02 6.03324624e-06 1.66767414e-04 4.95800756e-05
7.39858338e+01 5.67902229e-02 -1.80011770e-05 -6.45412657e-02 3.12776936e-05 2.72152771e-04 3.38647794e-05
7.67020728e+01 5.01417690e-02 -3.34663741e-03 -7.12370868e-02 7.04433994e-05 3.07969409e-04 3.36101215e-05
7.94124354e+01 5.64794089e-02 6.69464479e-04 -7.24328550e-02 5.00075377e-05 3.07946379e-04 3.64401976e-05
8.21261166e+01 5.94857163e-02 8.40216036e-03 -5.55581303e-02 6.21582351e-05 4.54423639e-04 1.33968018e-04
8.48472416e+01 5.52061546e-02 1.15692678e-02 -5.25934040e-02 9.36386185e-05 1.80738740e-04 9.50959536e-05
8.75586119e+01 6.13487633e-02 2.04215040e-02 -4.57514721e-02 6.93666053e-05 4.16650610e-04 7.74587292e-05
9.02756729e+01 5.67225053e-02 2.11475972e-02 -5.34538217e-02 4.83731272e-05 1.77198425e-04 2.98433103e-05
9.29954979e+01 5.65241423e-02 1.69137248e-02 -5.93946551e-02 7.32656072e-05 6.92637823e-05 2.64724616e-05
9.57191822e+01 5.12322649e-02 9.61251919e-03 -6.62342159e-02 3.57880573e-05 1.58369447e-04 3.99284548e-05
9.84451244e+01 4.84349830e-02 1.53036196e-04 -7.19450103e-02 3.32277556e-05 7.04953738e-05 9.18454897e-05
1.01172788e+02 5.70922417e-02 -8.16842109e-03 -6.82997190e-02 4.09692577e-05 9.17665413e-05 3.70027674e-06
1.03890976e+02 6.11648765e-02 -1.66066603e-02 -5.95711013e-02 1.20634423e-04 5.54356278e-05 6.03818811e-05
1.06604288e+02 6.11205068e-02 -1.62795802e-02 -5.42868430e-02 6.81959715e-05 1.85607495e-04 1.77181133e-04
1.09324101e+02 5.40078392e-02 -1.48166523e-02 -5.83548002e-02 1.00782988e-04 1.38148400e-04 1.13510965e-04
1.12031242e+02 4.82755939e-02 -5.68588644e-03 -5.49300659e-02 6.27113180e-05 8.44713454e-05 5.39337196e-05
1.14740585e+02 5.11891980e-02 -6.48959835e-04 -4.56340262e-02 1.20244192e-04 4.08889666e-05 4.74160499e-05
1.17457257e+02 5.51635532e-02 3.63841086e-04 -3.90163761e-02 3.07628733e-05 2.25516748e-04 4.19588274e-05
1.20168788e+02 6.01696059e-02 7.30829987e-03 -2.45514196e-02 7.35544932e-05 1.77524168e-04 5.00615517e-05
1.22890148e+02 6.45994130e-02 1.05318851e-02 -2.06628561e-02 7.47695139e-05 1.25668359e-04 7.63088173e-05
1.25613163e+02 7.10748054e-02 1.09919421e-02 -1.04467638e-02 2.94020044e-05 1.25256113e-04 1.04190817e-04
1.28331538e+02 7.53234210e-02 1.34428696e-02 -7.21373743e-03 7.31446271e-05 9.42183676e-05 2.74321327e-05
1.31056304e+02 7.49069708e-02 1.11462691e-02 7.95435554e-03 3.94263423e-05 2.05187717e-04 6.58607480e-05
1.33780710e+02 6.75826731e-02 1.62454614e-02 1.76964039e-02 3.65627383e-05 1.05695695e-04 6.45282808e-05
1.36506445e+02 6.19272735e-02 2.15269786e-02 3.70651120e-02 2.28322058e-05 2.05999930e-04 8.00970293e-05
1.39220773e+02 6.49926460e-02 1.99716183e-02 3.39955831e-02 1.30209487e-05 2.41287715e-04 3.38601687e-05
1.41927007e+02 6.58794130e-02 1.39777357e-02 2.77949736e-02 3.88871729e-05 2.64036954e-04 5.74533130e-05
1.44630148e+02 6.69174266e-02 1.09036453e-02 3.02880624e-02 1.06448260e-04 2.67382668e-04 7.42516800e-05
1.47337820e+02 6.44441868e-02 6.07116347e-03 3.12495820e-02 1.15910850e-04 3.37944963e-04 1.45807485e-04
1.50041882e+02 5.74588615e-02 9.12966769e-04 3.97270306e-02 9.54922093e-05 3.51521869e-04 1.19926583e-04
1.52751195e+02 6.10441556e-02 8.03203545e-04 4.28432908e-02 7.72656523e-05 2.41334687e-04 1.40907430e-04
1.55467601e+02 5.51139966e-02 1.11863701e-04 5.02059609e-02 1.23379382e-04 1.59966552e-04 2.18508596e-05
1.58187976e+02 5.36879137e-02 1.47600697e-03 5.26015071e-02 7.02006670e-05 7.96959105e-05 6.15276262e-05
1.60905929e+02 4.71604313e-02 6.35146933e-03 6.46450136e-02 9.75193386e-05 1.16454031e-04 3.02981601e-05
1.63620507e+02 4.37213932e-02 8.51116153e-03 6.53200770e-02 3.18990352e-05 2.52041801e-04 2.21025981e-05
1.66336648e+02 4.65703500e-02 6.83071223e-03 6.79561542e-02 2.41204042e-05 2.02372783e-04 7.59838783e-05
1.69049742e+02 5.04352067e-02 1.07067620e-02 6.88314755e-02 9.39350526e-05 1.28513903e-04 3.97856432e-05
1.71772867e+02 4.71500459e-02 -8.00623939e-04 6.87421076e-02 2.22726107e-05 5.36789077e-05 7.26984199e-05
1.74491210e+02 4.77726407e-02 4.27374986e-03 7.55927433e-02 2.31584469e-05 2.75393569e-05 5.83253013e-05
1.77221132e+02 5.51018647e-02 9.80326015e-04 7.08570878e-02 4.57857387e-05 5.24390790e-05 1.34126401e-04
1.79946054e+02 5.96644031e-02 2.01685893e-03 6.47475019e-02 5.84825436e-05 1.15799457e-04 8.15395322e-05
1.82672288e+02 5.94714717e-02 -4.82948003e-03 5.51646835e-02 1.97850751e-05 6.51866224e-05 6.49504028e-05
1.85388601e+02 5.97021516e-02 -8.63566138e-04 5.45836261e-02 5.39953876e-05 8.00994392e-05 1.08254577e-05
1.88116695e+02 6.03181079e-02 -1.77969795e-04 5.66663428e-02 8.06722090e-05 1.46965005e-04 9.31189551e-05
1.90824710e+02 5.76210057e-02 -3.64650239e-03 5.66027670e-02 1.75728619e-04 1.00233535e-04 6.78820361e-05
1.93538007e+02 4.70746770e-02 8.80584482e-04 5.72450315e-02 1.41226855e-05 8.21653048e-05 7.43348458e-05
1.96248163e+02 4.84813141e-02 -1.47703933e-03 5.51237985e-02 9.23534335e-05 7.75849139e-05 2.57165208e-05
1.98959632e+02 6.16173546e-02 2.89335904e-03 6.31785228e-02 3.80011260e-05 8.30447875e-05 4.42172933e-05
2.01665038e+02 6.79591126e-02 7.40233351e-03 5.99742741e-02 2.78357037e-05 8.41417360e-05 6.76830075e-05
2.04369445e+02 5.90679808e-02 1.20351416e-02 6.16258263e-02 7.74733331e-05 9.39508816e-06 1.00140427e-04
2.07080929e+02 4.81443211e-02 1.12447244e-02 5.70125666e-02 8.42417448e-05 2.79358946e-05 7.41631297e-05
2.09786679e+02 4.68555265e-02 1.10264188e-02 6.39686122e-02 1.17156953e-04 1.06123475e-04 4.41349815e-05
2.12498179e+02 3.70772310e-02 5.18659850e-03 6.21371636e-02 1.81406257e-05 2.03921873e-04 1.17319298e-04
2.15217679e+02 4.83497945e-02 1.47385247e-04 5.88856536e-02 7.10717519e-05 2.97066060e-04 3.04823709e-05
2.17944179e+02 5.77773311e-02 -1.87985095e-04 5.97888279e-02 2.59171491e-05 2.08622752e-04 3.69525355e-05
2.20656226e+02 6.63442753e-02 -5.91569735e-03 6.38922738e-02 3.94985397e-05 3.27887901e-04 4.01199428e-05
2.23374226e+02 7.79449739e-02 -6.54859589e-03 6.51368901e-02 2.77436487e-05 4.00728783e-04 7.38507915e-05
2.26096023e+02 7.29622975e-02 -6.63834117e-03 6.07573931e-02 4.08216732e-05 4.12681543e-04 3.30022675e-05
2.28813101e+02 6.33265959e-02 -7.13719581e-03 5.68855901e-02 9.91711824e-05 1.69313542e-04 1.33243509e-04
2.31539679e+02 5.95404411e-02 -8.67211641e-03 5.29199380e-02 4.04058510e-05 2.86797615e-04 9.92467539e-05
2.34251335e+02 6.37412686e-02 -1.01199658e-02 5.07425796e-02 4.53325853e-05 2.11571642e-04 6.41295611e-05
2.36968695e+02 6.01440635e-02 -3.87807014e-03 5.27285101e-02 6.23898078e-05 3.33959964e-04 4.07139556e-05
2.39678710e+02 6.58830591e-02 -6.94566112e-03 5.56382356e-02 6.48168175e-05 1.30988789e-04 9.61147883e-05
2.42392804e+02 5.57332270e-02 -1.52400365e-03 5.90774191e-02 1.90496485e-05 1.10948544e-04 3.41872621e-05
2.45113007e+02 4.13791284e-02 -3.22703927e-03 6.17492751e-02 5.09090171e-05 4.53670658e-05 3.74332066e-05
2.47829492e+02 3.12222220e-02 -1.81635227e-04 7.13072242e-02 5.07921230e-05 1.00936970e-04 2.67431630e-05
2.50541570e+02 3.53132119e-02 -2.83736476e-03 7.50489891e-02 3.53756586e-05 9.26348790e-05 7.59696908e-05
2.53262726e+02 4.35525625e-02 -2.10208164e-03 6.58117013e-02 7.22673699e-05 5.67556387e-05 6.52396306e-05
2.55977773e+02 4.93014177e-02 8.73514816e-04 6.42803326e-02 4.37245825e-05 2.46834087e-05 5.66848612e-05
2.58701226e+02 6.59586171e-02 8.00698841e-04 5.75925058e-02 1.92751485e-05 4.75951340e-05 1.06115578e-04
2.61413507e+02 7.82730589e-02 4.48180932e-03 3.96684341e-02 3.66262992e-05 1.06224964e-04 1.22276119e-04
2.64125679e+02 8.05600124e-02 -1.35722470e-03 2.11432489e-02 6.06614136e-05 1.12922495e-04 6.37648036e-05
2.66826288e+02 7.89725199e-02 -1.17564419e-06 -4.55204507e-03 6.02063400e-05 1.51607116e-04 4.37373562e-05
2.69542275e+02 7.26315314e-02 4.49764870e-03 -1.54086874e-02 1.34554136e-04 2.27150374e-04 7.54359048e-05
