6.92163574e-01 8.43486306e-02 7.29389906e-03 -4.23871106e-02 6.90873423e-05 5.21264347e-05 4.51672167e-05
3.40230445e+00 8.13149537e-02 4.64861297e-03 -3.95895755e-02 3.64188652e-05 5.76250680e-05 1.33686136e-04
6.12088070e+00 7.64964914e-02 9.61869853e-03 -4.25147682e-02 5.17321151e-05 3.16438639e-04 2.85930808e-05
8.82826210e+00 6.55257371e-02 3.42646184e-03 -4.48559622e-02 3.74828608e-05 4.08376470e-04 2.64831893e-05
1.15408952e+01 5.77628628e-02 -3.06919050e-03 -5.29864636e-02 9.60940436e-05 5.27404599e-04 3.30453898e-05
1.42506577e+01 4.45891600e-02 -6.50344340e-03 -6.09899932e-02 5.04596252e-05 4.42660169e-04 3.28552997e-05
1.69621249e+01 5.12890886e-02 -1.24280427e-02 -5.12789643e-02 1.57879739e-05 2.87040581e-04 4.20952890e-05
1.96803343e+01 6.19622172e-02 -9.58642815e-03 -4.73129743e-02 1.38435242e-05 1.73486096e-04 2.61652881e-05
2.23981030e+01 7.03585773e-02 -3.80040628e-03 -4.50448034e-02 4.88099023e-05 2.10981149e-04 2.39349035e-05
2.51111015e+01 7.09400975e-02 -4.30228962e-04 -5.07266717e-02 3.72068071e-05 3.30295329e-04 5.88593581e-05
2.78279062e+01 6.57419417e-02 -1.26569056e-03 -5.41876149e-02 1.17053779e-04 1.41854361e-04 7.01711619e-05
3.05419484e+01 5.73364207e-02 -5.46028972e-04 -6.23740320e-02 7.32271684e-05 2.51957256e-05 3.31670813e-05
3.32520405e+01 5.46542820e-02 -4.01747349e-03 -6.29106391e-02 4.09874869e-05 1.27546938e-04 8.60589262e-05
3.59707312e+01 5.35885994e-02 -1.35399498e-03 -6.53220398e-02 2.61254688e-05 9.08243581e-05 4.74669885e-05
3.86972530e+01 5.92105147e-02 -3.92502955e-03 -6.09436175e-02 6.16449916e-05 3.35226772e-05 8.78861509e-05
4.14181030e+01 6.34895594e-02 1.61122581e-03 -6.46638861e-02 7.51736752e-05 6.97087025e-05 5.50854601e-05
4.41311093e+01 5.92876713e-02 5.44438160e-03 -5.56567100e-02 9.13192701e-05 7.07171341e-05 9.60514866e-05
4.68460765e+01 4.95087408e-02 8.45255468e-03 -6.24947340e-02 5.11847853e-05 9.22692675e-05 1.16360239e-04
4.95605624e+01 5.44890343e-02 1.63958735e-02 -5.73180104e-02 2.89682352e-05 1.28211169e-04 3.12341398e-05
5.22869109e+01 5.49185227e-02 1.67010751e-02 -6.02154640e-02 1.15702164e-04 4.67137453e-05 8.47087516e-05
5.50037218e+01 6.27642062e-02 8.82384463e-03 -5.63473368e-02 4.77192726e-05 1.42754297e-04 2.35203163e-05
5.77175109e+01 6.64642767e-02 1.03450244e-02 -5.64389553e-02 4.65849027e-05 6.84848461e-05 8.18854692e-05
6.04269984e+01 7.93548068e-02 7.23752460e-03 -5.93200280e-02 4.04166889e-05 1.65135749e-04 8.96192114e-05
6.31272062e+01 8.08918534e-02 1.24847351e-02 -5.77965107e-02 5.44802341e-05 1.05002843e-04 1.97252232e-05
6.58329265e+01 7.64691116e-02 1.36208928e-02 -5.14396097e-02 4.52853986e-05 1.13882031e-04 2.08938975e-05
6.85447109e+01 6.47898096e-02 1.63042990e-02 -5.42598164e-02 3.16132908e-05 8.15600901e-05 9.18634237e-05
7.12537390e+01 5.73578691e-02 1.96204585e-02 -6.07315197e-02 9.51803348e-06 1.07321363e-04 7.05675643e-05
7.39732140e+01 5.04607920e-02 2.10646017e-02 -5.42642307e-02 4.24228492e-05 1.65748902e-04 1.29564037e-04
7.66820109e+01 4.97942044e-02 2.59811810e-02 -5.58703678e-02 1.15946083e-04 3.97892474e-05 7.23754218e-05
7.94052827e+01 4.05861953e-02 1.99586044e-02 -5.80490057e-02 6.60266569e-05 7.99019567e-05 1.26655238e-04
8.21263155e+01 4.19609924e-02 1.66406539e-02 -7.09732680e-02 3.55519352e-05 9.31070017e-05 1.34622792e-04
8.48455280e+01 5.14489527e-02 1.32258734e-02 -6.96540792e-02 7.27245602e-05 8.69402480e-05 9.13974835e-05
8.75615702e+01 5.47913338e-02 5.03606255e-03 -6.96262166e-02 3.13571117e-05 6.48999509e-05 1.09801988e-04
9.02779952e+01 5.16082787e-02 3.76466925e-03 -6.53348437e-02 5.27080839e-05 1.22296367e-04 3.29492256e-05
9.30027812e+01 4.61613009e-02 3.78745637e-03 -6.03646356e-02 4.47948576e-05 1.20430102e-04 1.80912962e-05
9.57224265e+01 4.71355773e-02 1.55897269e-03 -6.79135456e-02 3.04243316e-05 3.86807072e-04 6.82023075e-05
9.84384155e+01 4.83496539e-02 -3.40731349e-03 -6.67338197e-02 7.49828335e-05 9.90680556e-05 2.62761535e-05
1.01158312e+02 4.95329160e-02 -3.93916830e-03 -6.17617250e-02 9.14260528e-05 5.87921404e-05 8.28040682e-05
1.03870406e+02 5.39290286e-02 -9.73371154e-03 -5.29348950e-02 6.83652007e-05 2.39883218e-04 1.49980444e-04
1.06584094e+02 5.60463603e-02 -1.46858247e-02 -4.66438447e-02 8.84196797e-05 2.68758652e-05 7.84727969e-05
1.09297297e+02 6.66052364e-02 -1.45386590e-02 -3.90116341e-02 1.16721125e-04 1.10729847e-04 6.39536361e-05
1.12006703e+02 7.20114689e-02 -1.41394284e-02 -4.50066015e-02 8.16291442e-05 1.06096214e-04 3.47018575e-05
1.14719437e+02 7.21220946e-02 -6.40541554e-03 -4.83232553e-02 6.10322205e-05 1.67422879e-04 6.01244343e-05
1.17441625e+02 7.23004394e-02 8.27274782e-03 -4.57684408e-02 3.40215546e-05 2.18352128e-04 2.21525633e-05
1.20162094e+02 6.91742409e-02 1.19460433e-02 -4.41496577e-02 6.33075974e-05 1.83483856e-04 5.13791242e-05
1.22885703e+02 6.35920920e-02 1.23896669e-02 -2.84765376e-02 6.27221774e-05 1.13890067e-04 1.36198145e-04
1.25616359e+02 5.79105832e-02 2.08455414e-02 -1.52533261e-02 3.77763373e-05 1.14410859e-04 1.02503838e-04
1.28340469e+02 5.08744956e-02 2.41356964e-02 6.71666821e-03 2.74656524e-05 4.21767830e-05 2.47040616e-05
1.31064969e+02 4.75896018e-02 2.52200400e-02 2.71181668e-02 2.77002466e-05 1.11037764e-04 5.34336784e-05
1.33782109e+02 4.86943251e-02 1.37483897e-02 4.04157847e-02 1.09688460e-04 9.71923903e-05 7.67860533e-05
1.36492672e+02 5.85853090e-02 9.38360387e-03 4.21614150e-02 1.48300136e-05 2.20433892e-04 2.31294585e-05
1.39206703e+02 6.86924090e-02 9.56818607e-04 4.67894157e-02 2.58382535e-05 2.82327207e-04 1.18640877e-04
1.41918828e+02 7.16871988e-02 -7.52353244e-04 4.24894667e-02 1.14847341e-04 2.45886784e-04 7.39854498e-05
1.44627828e+02 8.28765558e-02 -3.33220464e-04 3.10745411e-02 8.28491231e-05 2.64678058e-04 7.49569868e-05
1.47338625e+02 8.28012253e-02 -1.81069025e-03 2.91968955e-02 2.22137734e-05 2.93470891e-04 9.76955262e-05
1.50059547e+02 8.35713547e-02 7.32789958e-03 3.10039846e-02 6.23599107e-05 2.87671257e-04 8.28846981e-05
1.52769234e+02 7.71957578e-02 7.32387050e-03 5.27086797e-02 3.59092357e-05 5.06817966e-04 9.33616205e-05
1.55477094e+02 7.22375658e-02 4.14883831e-03 5.86378855e-02 3.36170592e-05 5.11962288e-04 4.80873864e-05
1.58183844e+02 6.89815744e-02 1.94150288e-03 6.65355282e-02 4.92265783e-05 5.18693357e-04 2.49131427e-05
1.60900984e+02 6.68128729e-02 -3.65039120e-03 6.73636228e-02 4.51616032e-05 3.10527368e-04 3.49060950e-05
1.63609906e+02 6.22226273e-02 -8.26725891e-03 6.42834914e-02 2.89505575e-05 2.61502359e-04 3.48359418e-05
1.66326766e+02 5.50721797e-02 -4.72547670e-03 6.36187200e-02 2.75876227e-05 3.15597951e-04 6.15991216e-05
1.69042281e+02 5.52586338e-02 -4.20043099e-03 6.73567007e-02 6.80512793e-05 3.02665800e-04 5.38736643e-05
1.71760672e+02 6.42594251e-02 8.87397398e-03 6.55921520e-02 5.51333559e-05 2.91747162e-04 7.60592500e-05
1.74476750e+02 7.21009906e-02 6.02739171e-03 6.52380786e-02 1.88786095e-05 2.95617100e-04 1.17212027e-04
1.77199937e+02 7.06245616e-02 4.70487678e-03 5.98894981e-02 6.03002597e-05 1.33674045e-04 4.80366782e-05
1.79919937e+02 7.11069077e-02 2.20903515e-03 5.51954390e-02 1.91910854e-05 1.84718756e-04 7.15609369e-05
1.82637266e+02 7.16829785e-02 5.49590208e-03 5.50312577e-02 9.23826306e-05 4.99892194e-05 2.28648045e-05
1.85360734e+02 6.98811279e-02 -1.78240595e-03 5.08782017e-02 7.96023225e-05 5.13061035e-05 3.39775712e-05
1.88083578e+02 6.50951580e-02 -2.74867539e-03 5.02449559e-02 4.32023655e-05 1.23763563e-04 1.47751949e-04
1.90800656e+02 6.46385107e-02 4.60143356e-05 5.30621615e-02 1.07353161e-05 6.23343536e-05 8.34065419e-05
1.93522391e+02 7.50603800e-02 -9.41496417e-04 5.12861591e-02 6.09125204e-05 2.10403849e-04 7.72388114e-05
1.96240016e+02 8.00410908e-02 9.66684293e-03 4.71405043e-02 2.55047463e-05 2.79212585e-04 1.21091535e-04
1.98951641e+02 6.80530501e-02 7.76669670e-03 4.50211158e-02 3.88644751e-05 3.53006159e-04 1.16786627e-04
2.01660703e+02 6.19201921e-02 9.88353781e-03 5.34751283e-02 1.85851843e-05 3.61567826e-04 6.65119010e-05
2.04371656e+02 6.11921765e-02 4.82595638e-03 6.44204625e-02 1.04172199e-04 2.52797492e-04 3.63773477e-05
2.07089312e+02 5.26968662e-02 6.48795959e-03 7.26318576e-02 6.52621824e-05 2.04869092e-04 4.06107228e-05
2.09799812e+02 4.83955255e-02 2.21770513e-03 7.69274777e-02 3.51803830e-05 2.29219210e-04 5.09714822e-05
2.12512531e+02 5.02844549e-02 1.76813901e-03 6.60836166e-02 8.95294397e-06 1.15226788e-04 1.53295578e-04
2.15220250e+02 5.59796188e-02 1.75332866e-03 6.71241426e-02 6.69004686e-05 1.28288640e-04 3.32396870e-05
2.17935859e+02 6.30676758e-02 -1.66881367e-03 6.03265461e-02 3.38381184e-05 8.68975765e-05 8.15486535e-06
2.20647453e+02 6.37555048e-02 4.12001587e-03 5.84679657e-02 5.10165272e-05 7.33522338e-05 6.38051985e-05
2.23358812e+02 6.07405442e-02 6.92919638e-03 5.86180782e-02 2.51123168e-05 1.68431539e-04 5.32136636e-05
2.26080891e+02 6.17730506e-02 2.21867897e-03 6.04375170e-02 3.86365551e-05 1.09855209e-04 3.16495602e-05
2.28788719e+02 7.08225155e-02 4.65672088e-03 6.78436105e-02 5.51949160e-05 2.52719964e-05 6.00134689e-05
2.31504719e+02 6.62632400e-02 6.09240872e-03 7.14113480e-02 8.51931514e-05 8.41018015e-05 3.05091852e-05
2.34223562e+02 6.16741383e-02 1.00541738e-02 6.93641457e-02 6.78763030e-05 9.11518290e-05 1.01384315e-04
2.36944062e+02 5.94610244e-02 7.79309046e-03 6.57132312e-02 2.63506179e-05 1.75170754e-04 7.42623868e-05
2.39667406e+02 5.74857876e-02 8.40454405e-03 5.84025961e-02 3.13663372e-05 7.62120978e-05 4.42082911e-05
2.42375703e+02 5.78980059e-02 7.00728712e-03 5.93012581e-02 9.76644828e-05 1.55716037e-04 5.04173345e-05
2.45093516e+02 6.50576368e-02 7.84601218e-03 5.98394065e-02 4.05107368e-05 6.20703728e-05 3.90796109e-05
2.47811562e+02 6.12388863e-02 3.66741100e-03 5.51589404e-02 5.41617191e-05 2.04055863e-04 9.22433294e-05
2.50530250e+02 5.19384870e-02 4.21059117e-03 5.89521986e-02 5.59871575e-05 1.08761929e-04 7.74131997e-05
2.53250203e+02 5.38003725e-02 3.09080609e-03 6.46208258e-02 8.62691134e-05 1.38604830e-04 8.54033424e-05
2.55970750e+02 6.60478983e-02 -5.93983323e-04 5.59901865e-02 4.25286347e-05 1.52897053e-04 9.67185676e-05
2.58685312e+02 6.73384811e-02 -1.15732105e-03 4.38797740e-02 7.14946743e-05 2.28440057e-04 5.16147721e-05
2.61403187e+02 7.23958636e-02 -5.32423243e-03 3.49931322e-02 1.73634484e-05 9.78188741e-05 1.35626735e-04
2.64117437e+02 8.61303185e-02 2.63534014e-03 1.02335643e-02 1.97963436e-05 1.51165122e-04 3.24738808e-05
2.66835359e+02 8.54289778e-02 6.69952451e-04 -1.20865467e-02 1.61316508e-05 1.03943199e-04 5.41349755e-05
2.69548559e+02 8.73216704e-02 1.21185354e-03 -3.12130558e-02 9.83021431e-05 8.88313012e-05 1.25413928e-04
