7.05641521e-01 7.34817888e-02 -5.51438563e-04 -2.51488656e-02 7.05975924e-05 2.46475993e-04 5.35846590e-05
3.42251857e+00 6.74938995e-02 2.40693336e-03 -3.38387932e-02 5.02773347e-05 3.83119203e-04 2.39679947e-05
6.13228278e+00 6.28874139e-02 4.32632122e-03 -4.74483672e-02 7.20736288e-05 1.87719532e-04 1.22848013e-04
8.83901122e+00 6.00667747e-02 3.19100812e-03 -5.78983353e-02 3.42030381e-05 2.80976091e-04 6.66556303e-05
1.15415253e+01 5.79270275e-02 6.45200284e-03 -6.19997464e-02 1.65894384e-04 2.43614780e-04 1.34490789e-04
1.42485815e+01 5.65995828e-02 1.80971285e-03 -5.59881948e-02 3.50790017e-05 4.09537390e-04 7.88212650e-05
1.69604394e+01 5.54076812e-02 5.58939252e-03 -5.36442763e-02 2.95149384e-05 4.45663059e-04 5.39679237e-05
1.96735050e+01 6.24517802e-02 4.87544315e-03 -4.20461482e-02 4.59397001e-05 2.93805720e-04 2.23065431e-05
2.23843487e+01 6.39501805e-02 3.51793570e-03 -3.91807896e-02 1.21659530e-04 2.25281874e-04 7.01970551e-05
2.51051737e+01 6.70131149e-02 -3.77010330e-03 -4.06863578e-02 5.48641138e-05 2.80462224e-05 6.63157478e-05
2.78176222e+01 6.08082575e-02 -6.21158932e-03 -4.71211571e-02 1.14317260e-04 7.80854929e-05 2.57915390e-05
3.05383440e+01 6.17726857e-02 -6.64525691e-03 -4.88352878e-02 4.67005664e-05 1.32071615e-04 3.12983261e-05
3.32557331e+01 6.42243778e-02 -5.30372349e-03 -5.21578391e-02 1.56550306e-05 4.60198579e-05 8.14549215e-05
3.59720644e+01 6.88085621e-02 -1.13173174e-02 -5.13768525e-02 9.45462928e-05 1.38697693e-04 2.86403370e-05
3.86857268e+01 7.52888456e-02 -4.24214082e-03 -5.64993701e-02 6.18936181e-05 4.64869857e-05 9.30597513e-05
4.13984300e+01 6.60982367e-02 -6.17436728e-03 -5.13631720e-02 5.08112717e-05 1.23748341e-04 4.15977738e-05
4.41240081e+01 5.72741482e-02 4.09181542e-03 -5.63317564e-02 3.98773347e-05 1.22494217e-04 3.04958672e-05
4.68480456e+01 6.04176182e-02 9.48989838e-03 -5.73888385e-02 3.82630890e-05 2.13052394e-04 6.96296327e-05
4.95664331e+01 5.48098023e-02 1.37337496e-02 -5.94065354e-02 7.29417136e-05 1.30285190e-04 1.24629817e-05
5.22793018e+01 6.19000473e-02 9.94461667e-03 -5.81149483e-02 4.25842680e-05 1.55320368e-04 3.57540207e-05
5.49926769e+01 7.01042565e-02 1.97539235e-02 -6.11661750e-02 4.02107744e-05 2.05389733e-04 1.10047595e-04
5.77072268e+01 6.57730608e-02 1.40081152e-02 -6.28439396e-02 7.02475064e-05 1.40426531e-04 4.31692131e-05
6.04177300e+01 6.34282814e-02 1.86581902e-02 -5.58621577e-02 2.21250293e-05 1.70540806e-04 5.90214522e-05
6.31322003e+01 6.62498712e-02 1.20421730e-02 -5.56543110e-02 2.50676753e-05 1.44759529e-04 3.59916358e-05
6.58446534e+01 6.53511567e-02 1.64540483e-02 -5.51786606e-02 6.79869277e-05 5.55011627e-05 9.43308246e-05
6.85491643e+01 6.63165248e-02 1.88296358e-02 -5.37984274e-02 7.54582934e-05 1.25839771e-04 5.95938424e-05
7.12657925e+01 5.71079308e-02 2.32656976e-02 -4.80164881e-02 1.96061255e-05 1.44706848e-04 6.89917848e-05
7.39729393e+01 4.96717947e-02 2.66241418e-02 -4.78720680e-02 2.34361765e-05 9.56992396e-05 3.56061501e-05
7.66847706e+01 4.67359036e-02 2.83520498e-02 -5.10925818e-02 1.37423196e-04 1.75907934e-04 9.25940367e-05
7.94034690e+01 5.13950351e-02 2.27810041e-02 -6.13654588e-02 1.94232403e-04 8.85206234e-05 3.31908169e-05
8.21233159e+01 5.21849704e-02 1.65364341e-02 -6.85922125e-02 5.75499314e-05 9.92810832e-05 6.44762462e-05
8.48481315e+01 4.97006460e-02 6.98746487e-03 -8.09219864e-02 7.28602592e-05 8.44876516e-05 5.03544885e-05
8.75643565e+01 4.70067938e-02 1.71029612e-03 -8.23178418e-02 6.33379378e-06 7.92752646e-05 1.11181221e-04
9.02834628e+01 4.69418099e-02 -6.47225437e-03 -7.63193587e-02 1.20321009e-04 1.40186676e-04 2.18011713e-05
9.30028706e+01 5.44045397e-02 -1.23530439e-02 -6.92341036e-02 2.78326768e-05 1.22567988e-04 2.83006238e-05
9.57178222e+01 5.57032916e-02 -9.83134958e-04 -6.34181243e-02 5.72264281e-05 3.65878124e-04 2.10267233e-05
9.84405018e+01 5.85707266e-02 -3.32890947e-03 -6.31423788e-02 4.90650471e-05 4.25631461e-04 3.04502959e-05
1.01152455e+02 5.97517503e-02 -9.13325676e-04 -6.61952872e-02 1.79559474e-05 1.37616071e-04 4.43917810e-05
1.03868439e+02 5.49500665e-02 -4.62599541e-03 -5.52337804e-02 6.49979209e-05 4.81830256e-05 1.20616858e-04
1.06582955e+02 6.13660695e-02 2.73535600e-04 -4.64039813e-02 8.87586706e-05 1.17110428e-04 1.83259454e-05
1.09298861e+02 6.95860514e-02 -1.71317246e-03 -4.36331422e-02 4.31957894e-05 8.31792563e-05 7.51803830e-05
1.12011502e+02 7.70189210e-02 -1.29126440e-03 -3.77859780e-02 7.35763917e-05 1.20506760e-04 7.94640118e-05
1.14733502e+02 7.42680250e-02 -2.66862656e-03 -4.65165771e-02 5.61854329e-05 6.89122322e-05 1.31660353e-04
1.17458908e+02 6.83745515e-02 -2.90985407e-03 -5.28210049e-02 6.43644951e-05 4.74913001e-05 8.13322934e-05
1.20181158e+02 7.00745311e-02 6.81004630e-03 -5.60036558e-02 2.50615413e-05 5.98791289e-05 4.82040852e-05
1.22906377e+02 7.17968483e-02 1.63644305e-02 -4.26920087e-02 1.14244817e-04 4.04472496e-04 2.54992551e-05
1.25622314e+02 6.08484508e-02 2.15579568e-02 -2.15471451e-02 3.45516146e-05 4.97401975e-05 1.53889494e-04
1.28341846e+02 5.13198473e-02 2.49589399e-02 1.26121494e-02 3.82256878e-05 1.63410420e-04 2.36779061e-05
1.31057392e+02 5.02681309e-02 2.16737988e-02 3.12981549e-02 5.93218295e-05 2.62350477e-04 7.91184330e-05
1.33774236e+02 5.81232906e-02 1.35202902e-02 4.36891261e-02 4.41821138e-05 8.17477232e-05 8.45000224e-05
1.36490361e+02 6.60372218e-02 -7.67478940e-04 4.65814772e-02 1.12458086e-04 6.77547290e-05 2.69960463e-05
1.39204424e+02 6.75189563e-02 -3.25868235e-03 4.40808966e-02 1.06783492e-05 8.59379399e-05 5.11866583e-05
1.41912955e+02 7.01464410e-02 -3.84675295e-03 5.04782876e-02 2.18628512e-05 1.12547703e-04 5.39851125e-05
1.44630283e+02 6.92171083e-02 -3.45489004e-03 4.44349343e-02 7.24089066e-05 1.72501546e-04 5.55046429e-05
1.47351799e+02 6.64580534e-02 2.88249449e-03 4.56137608e-02 1.88278608e-05 3.01777011e-04 5.04802867e-05
1.50062752e+02 6.73264465e-02 -6.23048263e-04 4.18782615e-02 1.03262545e-04 2.79948544e-04 4.34518696e-05
1.52778142e+02 6.90579957e-02 -1.28200358e-03 4.04371994e-02 1.00302355e-04 3.00402985e-04 4.19043900e-05
1.55491580e+02 6.37987758e-02 -6.79245815e-03 4.66471916e-02 1.36557035e-05 2.52604187e-04 4.56939275e-05
1.58203221e+02 6.61813291e-02 -1.76518974e-03 4.78101444e-02 8.64472174e-05 7.73790362e-04 1.17222941e-04
1.60912033e+02 6.35011573e-02 -9.94407560e-04 5.22301240e-02 3.81858391e-05 5.84804357e-04 7.57782647e-05
1.63622002e+02 6.42103533e-02 -5.82342117e-03 5.44505680e-02 1.15714514e-04 1.15005780e-03 3.32099892e-05
1.66338439e+02 6.32058526e-02 -5.91894970e-03 5.38251289e-02 6.57518414e-05 6.98558824e-04 6.04280460e-05
1.69051096e+02 6.37114879e-02 -7.50494629e-03 4.84668579e-02 1.05482242e-05 7.18246970e-04 4.80910833e-05
1.71769564e+02 6.21877972e-02 -9.15747605e-03 4.81821319e-02 5.85743597e-05 5.33153030e-04 4.97058056e-05
1.74486533e+02 5.93066573e-02 -6.67016731e-03 4.20561597e-02 5.24962213e-05 5.96790599e-04 7.63243080e-06
1.77199611e+02 6.45299114e-02 -5.80433607e-04 4.76427255e-02 3.29206217e-05 1.91830119e-04 1.11008972e-04
1.79917205e+02 6.42576645e-02 2.42259138e-03 4.92957904e-02 4.37322034e-05 3.69203065e-04 4.15141678e-05
1.82634892e+02 6.15027881e-02 5.58572629e-03 5.83276914e-02 5.17807136e-05 2.51627187e-04 5.38366798e-05
1.85356517e+02 6.15123757e-02 6.13847698e-03 5.45195329e-02 6.71234934e-05 8.17442741e-05 5.60620173e-05
1.88081142e+02 7.18473211e-02 2.06636893e-03 5.29151800e-02 2.50934751e-05 2.35504738e-04 1.10058044e-04
1.90805392e+02 7.86668577e-02 7.66526946e-04 4.48639887e-02 8.86756074e-05 1.23593205e-04 8.09357195e-05
1.93523861e+02 7.57916381e-02 5.62893016e-03 4.37996636e-02 1.03697049e-04 3.58925902e-04 4.49190303e-05
1.96241080e+02 7.04322626e-02 9.11190678e-03 4.87178034e-02 1.42043795e-05 4.34093927e-04 7.20726634e-05
1.98947221e+02 7.03781491e-02 9.79104322e-03 5.51429299e-02 6.96290882e-05 6.07157551e-04 3.79699476e-05
2.01666642e+02 6.57130821e-02 5.30551107e-03 5.86914783e-02 4.44459907e-05 6.60968416e-04 9.44656255e-05
2.04383502e+02 5.54810908e-02 -2.84881962e-03 5.26924384e-02 1.07295722e-04 5.86024398e-04 4.71032527e-05
2.07103346e+02 5.87463717e-02 -3.88332328e-03 5.48899499e-02 6.66923143e-05 5.82852594e-04 3.35971727e-05
2.09817783e+02 5.96164966e-02 -1.35539402e-03 5.75490075e-02 1.15564611e-04 2.21398645e-04 2.26776170e-05
2.12527939e+02 6.43692782e-02 -2.45501780e-04 6.75520636e-02 1.19687608e-04 8.91701683e-05 2.80869450e-05
2.15238002e+02 6.42009473e-02 4.04771538e-03 6.67496311e-02 2.02557531e-05 7.55014073e-05 2.32249329e-05
2.17943627e+02 6.24033934e-02 5.44888748e-03 6.54302804e-02 5.40306233e-05 2.41412279e-04 4.08343875e-05
2.20650314e+02 5.19887001e-02 6.49103920e-03 6.33258842e-02 1.08720470e-04 3.36810036e-04 9.79823142e-05
2.23363861e+02 5.12512975e-02 9.40300471e-03 6.26113925e-02 4.36184322e-05 1.06425377e-04 5.49964113e-05
2.26074299e+02 5.21277836e-02 1.04470250e-02 6.14722870e-02 8.21457702e-05 3.62426163e-04 7.25781015e-05
2.28789674e+02 4.92471319e-02 1.24649272e-02 5.48762546e-02 6.49364268e-05 4.25553716e-04 3.07353209e-05
2.31506486e+02 4.87944554e-02 1.22808847e-02 5.90434068e-02 2.46449341e-05 5.39320234e-04 4.52816324e-05
2.34232158e+02 4.91588688e-02 1.13567688e-02 6.50374850e-02 6.61821810e-05 3.35074812e-04 3.53723049e-05
2.36944814e+02 5.23568744e-02 9.16789095e-03 6.63494424e-02 7.34421596e-05 2.07116701e-04 1.80041657e-05
2.39663658e+02 4.64194182e-02 8.06771279e-03 6.48236286e-02 7.79643991e-05 2.87018552e-04 7.13587758e-05
2.42391955e+02 5.32773862e-02 5.90054043e-03 5.84388035e-02 1.07581818e-04 1.22757124e-04 4.87439079e-05
2.45104142e+02 6.46211557e-02 1.07454812e-02 4.61983527e-02 9.22653277e-05 1.23404956e-04 2.23892946e-05
2.47818580e+02 7.65016270e-02 7.47920976e-03 4.69182626e-02 5.00989860e-05 2.42053034e-04 5.84904821e-05
2.50539939e+02 7.86300335e-02 6.63190513e-03 5.05196633e-02 3.33971804e-05 3.11732330e-04 3.59173057e-05
2.53255267e+02 7.44651374e-02 7.39970886e-03 4.77587825e-02 4.06885772e-05 3.48506769e-04 6.05057886e-05
2.55968799e+02 6.46990272e-02 6.16926079e-04 4.62231889e-02 3.37378603e-05 4.81915680e-04 4.10003154e-05
2.58695924e+02 6.37237360e-02 6.26109651e-04 4.32200855e-02 3.92603337e-05 1.40424435e-04 9.64952925e-05
2.61406299e+02 6.73962049e-02 3.75475227e-03 3.22059047e-02 9.38441087e-05 5.94103854e-05 4.93484314e-05
2.64123971e+02 7.72872309e-02 3.76979298e-03 7.92512715e-03 6.81834985e-05 3.85332776e-05 8.18332013e-05
2.66846767e+02 7.99033637e-02 6.46804452e-03 -1.59445860e-02 3.90065180e-05 6.75847673e-05 8.18914754e-05
2.69561311e+02 7.31150354e-02 -7.70269765e-04 -2.39479003e-02 3.73208047e-05 5.12102980e-05 6.73053996e-05
