7.08310041e-01 5.90074831e-02 7.85692609e-04 -3.73639875e-02 1.63335096e-04 4.26605040e-04 3.62952033e-05
3.42099651e+00 5.39072890e-02 -3.77848703e-03 -5.98277189e-02 4.62893424e-05 6.11771054e-04 2.36110507e-04
6.13806370e+00 5.48167742e-02 -2.36373039e-03 -5.49265584e-02 3.36833840e-04 2.79369166e-04 1.64337666e-04
8.85498260e+00 5.89220576e-02 6.97828864e-03 -5.44905992e-02 4.90302569e-05 1.08265548e-04 5.92428833e-05
1.15645023e+01 6.96849969e-02 1.36289928e-02 -4.69294324e-02 6.14628685e-05 6.43034052e-05 8.42997188e-05
1.42787695e+01 7.00285547e-02 1.73685167e-02 -5.29562013e-02 7.83203966e-05 7.52230816e-05 9.78080888e-05
1.69871179e+01 7.06541698e-02 1.83546119e-02 -5.14111884e-02 6.53155088e-05 5.71276289e-05 6.77188896e-05
1.96861960e+01 6.62149334e-02 1.36953612e-02 -5.26033357e-02 1.70988502e-05 8.72478810e-05 7.53364222e-05
2.24023867e+01 5.79317885e-02 2.72566797e-03 -5.83988401e-02 2.80281877e-05 1.84495046e-04 7.29283743e-05
2.51143992e+01 6.47476278e-02 4.76589690e-04 -5.82647533e-02 2.22732215e-05 1.92876845e-04 2.69409227e-05
2.78217539e+01 7.39667776e-02 -7.01401453e-03 -4.90672631e-02 5.93083655e-05 1.58794006e-04 3.28800009e-05
3.05464273e+01 7.99162481e-02 -3.72488985e-03 -5.07724406e-02 4.33776746e-05 1.36949340e-04 3.60394261e-05
3.32635617e+01 7.99911091e-02 -4.22242418e-03 -5.00896745e-02 3.04357629e-05 2.62332898e-04 4.06342660e-05
3.59744726e+01 7.04835900e-02 -2.25314249e-03 -4.89937182e-02 7.08482766e-05 2.13536662e-04 1.01078240e-05
3.86914820e+01 6.75356066e-02 -3.33656538e-03 -5.68322018e-02 4.71184939e-05 2.35127850e-04 2.39000455e-05
4.14085476e+01 7.15590937e-02 -1.01766825e-04 -5.25382580e-02 7.56552061e-05 3.49522206e-04 1.44554552e-04
4.41168617e+01 6.82450961e-02 -6.06901792e-03 -5.72492855e-02 9.24889012e-05 2.79749416e-04 6.96902349e-05
4.68204320e+01 6.71173225e-02 -5.80616192e-03 -5.44459788e-02 1.26957050e-04 3.13210113e-04 1.26481652e-04
4.95369273e+01 6.00911885e-02 -3.50318993e-04 -5.32183932e-02 6.26418773e-05 2.10156686e-04 1.11879053e-04
5.22546570e+01 5.67288837e-02 6.91344605e-03 -5.06024043e-02 1.24646633e-04 1.66275895e-04 6.86560538e-05
5.49799492e+01 4.98266268e-02 6.32796381e-03 -4.99800892e-02 3.73002320e-05 4.37881832e-04 6.89225372e-05
5.76988257e+01 4.91581762e-02 1.36562943e-02 -5.55890538e-02 5.76707650e-05 3.62900614e-04 3.57943185e-05
6.04163351e+01 4.78489623e-02 1.21508136e-02 -6.29208150e-02 4.73229159e-05 5.04121602e-04 4.16098472e-05
6.31287038e+01 4.38141593e-02 2.04882488e-02 -6.10359109e-02 2.32099546e-05 6.63409551e-04 3.42296931e-05
6.58468914e+01 4.02160006e-02 2.01241819e-02 -6.07467967e-02 2.98547597e-05 4.30649224e-04 7.78287976e-05
6.85619945e+01 5.56262118e-02 2.17094681e-02 -5.62536653e-02 7.49260534e-05 4.09169810e-04 5.46684951e-05
7.12793898e+01 6.32125513e-02 1.30563311e-02 -6.05677233e-02 6.73768388e-05 4.38855857e-04 5.43373590e-05
7.39925195e+01 7.46348165e-02 8.93657859e-03 -6.61118884e-02 9.49723180e-05 3.49871085e-04 4.05884494e-05
7.67065570e+01 7.00942495e-02 4.06750415e-03 -6.13219567e-02 1.31144380e-04 3.99157266e-04 6.52316383e-05
7.94204429e+01 5.83405034e-02 1.14989736e-03 -6.43433302e-02 5.44285501e-05 4.70569280e-04 6.60465557e-05
8.21319335e+01 4.71209730e-02 -3.10417818e-03 -5.82301983e-02 7.34790619e-05 4.50375377e-04 8.09880358e-05
8.48564289e+01 5.03850468e-02 -2.68392213e-03 -5.25099541e-02 4.95106317e-05 3.15391230e-04 3.65060465e-05
8.75724570e+01 5.34867721e-02 -5.05850309e-03 -5.86789123e-02 2.58976061e-05 2.37737379e-04 7.38682032e-05
9.02962132e+01 5.45032101e-02 -6.10488436e-04 -6.17837289e-02 3.35448606e-05 2.09720876e-04 5.60291992e-05
9.30126007e+01 5.80360505e-02 2.28724217e-03 -6.42339029e-02 8.07558337e-05 1.74140878e-04 2.18527329e-05
9.57294023e+01 6.16261694e-02 -1.43658117e-03 -6.02481285e-02 6.40232460e-05 1.62635871e-04 5.82691616e-05
9.84317007e+01 6.43240258e-02 -1.49509245e-03 -5.09944191e-02 3.47846666e-05 8.05049664e-05 3.34957879e-05
1.01140848e+02 6.98831951e-02 3.54134291e-03 -4.38506179e-02 5.57188430e-05 1.12849657e-04 3.56886552e-05
1.03854363e+02 6.80108466e-02 7.82088606e-03 -5.19360428e-02 4.51238926e-05 1.27924274e-04 1.43956659e-04
1.06574910e+02 6.52207991e-02 9.95178124e-03 -5.50620975e-02 5.53979679e-05 1.65535400e-04 7.95070228e-05
1.09298691e+02 5.61237589e-02 1.00074172e-02 -5.33203284e-02 4.07936170e-05 1.73050837e-04 5.89101060e-05
1.12022754e+02 4.90150158e-02 1.17938116e-02 -5.31805027e-02 7.69648906e-05 3.16676871e-05 3.16320934e-05
1.14752691e+02 5.43083492e-02 1.49567610e-02 -4.89288720e-02 4.96365939e-05 1.18676202e-04 4.54324311e-05
1.17474941e+02 5.90551379e-02 1.14502485e-02 -4.53727726e-02 2.75889708e-05 1.28731610e-04 7.89315186e-05
1.20189051e+02 5.92530192e-02 6.53395555e-03 -4.92830810e-02 3.62689063e-05 6.03292254e-05 9.72997835e-05
1.22912051e+02 6.06047146e-02 4.15843729e-03 -4.76514603e-02 6.32434097e-05 6.66697966e-05 5.95438065e-05
1.25625426e+02 6.85690786e-02 5.37294113e-03 -3.88957068e-02 7.35027172e-05 1.53459194e-04 5.05943324e-05
1.28339066e+02 7.92964506e-02 -2.01186361e-03 -2.22514586e-02 1.24594724e-04 3.23277135e-04 1.89454727e-05
1.31051223e+02 7.99106722e-02 1.17617400e-03 -7.62035709e-07 5.73515586e-05 1.60551831e-04 9.01081100e-05
1.33759191e+02 6.83593864e-02 1.39562248e-03 2.24086475e-02 9.83235971e-05 5.18545595e-05 3.60163622e-05
1.36482035e+02 6.46126727e-02 7.11719261e-03 4.45368911e-02 9.42679837e-05 1.90766658e-04 5.07311306e-05
1.39196848e+02 5.64058285e-02 6.51070159e-03 5.52957592e-02 1.11681069e-05 4.77958670e-05 2.87971065e-05
1.41924144e+02 4.94583395e-02 2.93992873e-03 6.70109870e-02 5.29969407e-05 1.21736651e-04 5.06055324e-05
1.44646660e+02 5.04669243e-02 -7.01758377e-03 6.97948129e-02 4.53391599e-05 7.26910218e-05 3.93968912e-05
1.47365832e+02 4.75677916e-02 -1.00309133e-02 6.86322843e-02 6.41076934e-05 7.59602114e-05 4.87053008e-05
1.50080941e+02 4.40162646e-02 -1.00371770e-02 6.28670016e-02 4.03051877e-05 3.81256488e-04 7.86195313e-05
1.52795519e+02 5.28408237e-02 -1.04919253e-02 4.90253807e-02 1.26184429e-04 1.78814748e-04 2.43899225e-04
1.55504676e+02 5.80060974e-02 -6.93351048e-03 3.96172333e-02 2.09882269e-04 4.41133206e-04 1.14163243e-04
1.58215207e+02 6.46918577e-02 -8.87681886e-03 3.17932015e-02 1.24984054e-04 2.95912855e-04 4.90143351e-05
1.60931082e+02 6.93375847e-02 -6.16645973e-03 3.39226019e-02 2.14278122e-05 4.90118189e-04 1.02659424e-04
1.63645098e+02 7.32014400e-02 -2.81430920e-03 3.97521240e-02 6.87279223e-05 4.37598692e-04 1.98192487e-05
1.66360004e+02 7.57400865e-02 -1.34496577e-03 3.88067115e-02 3.25212351e-05 6.72296306e-04 7.05283780e-05
1.69075348e+02 6.90951206e-02 -8.74874217e-03 3.91350067e-02 6.39504703e-05 3.90371055e-04 6.80222993e-05
1.71782848e+02 7.27720135e-02 -1.23441616e-02 4.41642214e-02 2.83760797e-05 2.73524077e-04 5.69706263e-05
1.74489207e+02 7.01730471e-02 -1.53887243e-02 4.93943357e-02 7.80948093e-05 1.49713808e-04 7.08208937e-05
1.77205785e+02 6.04897827e-02 -1.25235504e-02 5.27327792e-02 3.07714459e-05 2.56151075e-04 6.49164969e-05
1.79917379e+02 5.89097517e-02 -7.36656615e-03 5.47907517e-02 8.93115422e-05 8.58161002e-05 7.01361793e-05
1.82631691e+02 6.02796869e-02 8.85623529e-04 5.62982594e-02 7.39971371e-05 9.31622981e-05 2.85868038e-05
1.85347004e+02 5.92563256e-02 1.93016013e-03 5.31649033e-02 3.82374600e-05 1.88000379e-04 7.83483084e-06
1.88060394e+02 5.08695888e-02 9.53029146e-03 5.11208095e-02 1.77413730e-05 1.21773488e-04 8.69330703e-05
1.90778707e+02 4.64614124e-02 1.13516754e-02 5.75670027e-02 2.80378377e-05 2.07922885e-04 6.06787729e-05
1.93493769e+02 5.04206348e-02 5.08524303e-03 6.36099601e-02 8.11075168e-05 2.96647767e-04 6.33107333e-05
1.96213644e+02 5.64074306e-02 -7.88731830e-04 6.48077777e-02 7.94914173e-05 2.78621756e-04 1.10055951e-04
1.98944004e+02 5.58273759e-02 -3.91956410e-03 6.14894967e-02 5.47292544e-05 2.64791869e-04 2.77636506e-05
2.01666269e+02 5.15391104e-02 -2.80368683e-03 5.48531724e-02 9.24419990e-06 1.70737304e-04 1.66056228e-04
2.04386238e+02 6.79784916e-02 -9.17185432e-04 5.06890140e-02 4.08973564e-05 2.00998856e-04 1.00222842e-04
2.07102832e+02 6.88421127e-02 -1.12920771e-03 4.48682620e-02 7.82022422e-05 1.91547979e-04 4.60689166e-05
2.09826769e+02 6.83398390e-02 9.23698995e-04 3.95735915e-02 3.31190621e-05 1.92621857e-04 4.40366992e-05
2.12532769e+02 6.45478135e-02 -9.38692446e-05 4.15452764e-02 3.02112398e-05 2.16674203e-04 3.78338143e-05
2.15251629e+02 6.06719511e-02 3.49031559e-03 5.37651637e-02 6.75658768e-05 1.79326197e-04 2.51535212e-05
2.17964394e+02 5.79855143e-02 7.23561617e-03 6.10282666e-02 7.23511071e-05 1.97674029e-04 6.64063193e-05
2.20672676e+02 5.84987899e-02 8.69994698e-03 6.12585527e-02 6.01412565e-05 1.07567154e-04 1.72249026e-04
2.23381785e+02 5.67811033e-02 1.00795397e-02 6.41982766e-02 2.10304667e-05 4.44792405e-04 8.04762027e-05
2.26091582e+02 4.97581342e-02 9.95596084e-03 6.49222825e-02 7.18019218e-05 3.67766278e-04 4.01370530e-05
2.28792254e+02 5.33325566e-02 1.18034682e-02 7.15312563e-02 1.05119658e-05 1.82931632e-04 7.59415573e-05
2.31503957e+02 4.95333731e-02 9.85965029e-03 7.28288717e-02 5.75451574e-05 2.05647714e-04 1.73834216e-05
2.34216473e+02 4.52882660e-02 6.51134337e-03 6.73023990e-02 2.01925904e-05 2.12991354e-04 7.71601085e-05
2.36938051e+02 5.36259174e-02 4.19469880e-03 5.75628391e-02 6.79837896e-05 1.36273235e-04 3.65771080e-05
2.39657301e+02 5.78482406e-02 7.94173472e-03 5.95262611e-02 4.07751952e-05 1.50826215e-04 3.39371799e-05
2.42377238e+02 6.22248112e-02 5.95702704e-03 5.83662576e-02 1.33888670e-05 2.89813748e-04 5.93989593e-05
2.45103723e+02 5.88357667e-02 6.81627618e-03 5.84527108e-02 3.96268678e-05 3.95644433e-04 3.13558880e-05
2.47823285e+02 5.80617094e-02 5.27874713e-03 4.07820714e-02 4.61408346e-05 1.91699536e-04 5.64173563e-05
2.50539973e+02 5.76044726e-02 3.58706761e-03 2.83369396e-02 3.48910364e-05 1.33266942e-04 1.58446177e-04
2.53261582e+02 7.08431532e-02 1.02409063e-02 3.23343511e-02 9.73585885e-05 3.95733699e-05 5.76516499e-05
2.55978816e+02 7.94518692e-02 1.32294314e-02 3.10341136e-02 1.68515867e-05 9.15661304e-05 2.51820459e-05
2.58685644e+02 7.39360038e-02 1.59461854e-02 3.20195031e-02 1.16840422e-04 4.11626024e-05 1.07231022e-04
2.61410941e+02 7.06088358e-02 1.24258886e-02 2.70239192e-02 7.14231870e-05 1.46041163e-04 1.42133557e-04
2.64132973e+02 6.68647729e-02 6.15315051e-03 2.62655924e-02 1.04014472e-04 2.01127958e-04 4.17577787e-05
2.66851066e+02 6.62594875e-02 5.63024563e-03 1.12433239e-02 5.12583430e-05 4.01668073e-04 2.26067127e-05
2.69571611e+02 6.46509425e-02 3.63690783e-03 -5.52245345e-03 5.37922140e-05 4.98762944e-04 1.85722755e-04
