6.83845183e-01 8.69095471e-02 -2.37743139e-03 -1.17638701e-02 1.64085608e-04 1.30211338e-04 4.13269967e-05
3.39708242e+00 7.57364407e-02 4.76407145e-03 -3.56959589e-02 6.53538241e-05 1.09285707e-05 9.24305310e-05
6.11011350e+00 7.19251831e-02 5.16414083e-03 -4.65704613e-02 6.08847558e-05 1.85815989e-05 7.35726657e-05
8.82270366e+00 6.59545878e-02 3.30303491e-03 -5.84662454e-02 2.92096357e-05 4.52456581e-05 3.48961908e-05
1.15343585e+01 6.59790537e-02 1.93305176e-03 -5.66270942e-02 1.50802640e-05 1.52080914e-04 1.74269965e-05
1.42359038e+01 7.14124532e-02 1.07291756e-03 -5.26326824e-02 3.46378270e-05 1.49547091e-04 2.82107206e-05
1.69532148e+01 7.85715234e-02 -6.84608603e-04 -5.54596479e-02 4.99948191e-05 1.52591890e-04 3.83623544e-05
1.96702179e+01 7.87466499e-02 -4.00246544e-04 -4.77027245e-02 2.89920635e-05 1.17445413e-04 3.04105695e-05
2.23906929e+01 6.60005659e-02 1.20134428e-03 -5.17105062e-02 1.05279566e-04 1.36385021e-04 1.02247013e-04
2.51083991e+01 5.95941580e-02 -2.13471778e-03 -5.44743859e-02 3.68887812e-05 1.66138814e-04 1.07884312e-04
2.78282226e+01 6.61647653e-02 2.93388752e-03 -5.28664718e-02 1.50113296e-04 1.01677667e-04 6.37447874e-05
3.05432648e+01 6.92146028e-02 1.93573199e-03 -5.34251688e-02 5.98989834e-05 1.70304097e-04 1.04843677e-04
3.32670460e+01 7.51584565e-02 -2.73786563e-03 -4.68314286e-02 5.80252612e-05 1.27245597e-04 7.05343277e-05
3.59859101e+01 7.07538500e-02 -4.58755435e-03 -5.32509878e-02 6.54688084e-05 1.05891597e-04 8.74178240e-05
3.87021601e+01 7.50455784e-02 -9.30053141e-03 -5.68900463e-02 5.19013159e-05 5.18794870e-05 3.57950197e-05
4.14204241e+01 8.05854046e-02 -1.67208641e-02 -5.55076506e-02 6.13483797e-05 3.78903722e-05 4.58864308e-05
4.41372757e+01 7.34250150e-02 -1.83464705e-02 -5.29461146e-02 5.44481109e-05 7.18381942e-05 4.49205583e-05
4.68506944e+01 7.01506746e-02 -1.17737006e-02 -4.65059942e-02 7.12568755e-05 1.11488063e-04 4.68145831e-05
4.95616866e+01 6.00531858e-02 -1.04219806e-02 -5.15141506e-02 6.80597223e-05 2.63532828e-04 1.26180478e-04
5.22731804e+01 5.94122859e-02 -7.04641521e-03 -5.46373273e-02 1.46035553e-04 3.19054512e-04 1.90785184e-04
5.49947491e+01 6.16181732e-02 -6.50382518e-04 -6.47832135e-02 1.32207778e-04 2.98075163e-04 6.95855817e-05
5.77005413e+01 6.24198322e-02 5.33022873e-03 -6.90126458e-02 3.81709864e-05 1.68342461e-04 4.14162930e-05
6.04073929e+01 7.04131246e-02 1.07595254e-02 -6.31980660e-02 1.78632013e-05 2.68344147e-04 7.17252200e-05
6.31209663e+01 7.01465265e-02 1.75954061e-02 -5.73746650e-02 6.26325073e-05 3.37158578e-04 1.90561075e-05
6.58341226e+01 6.42689766e-02 1.44219622e-02 -5.08690927e-02 2.05780249e-05 1.98463588e-04 1.60510818e-05
6.85509069e+01 5.97443902e-02 1.52981830e-02 -4.61697443e-02 1.43326939e-04 1.12489814e-04 9.06990722e-05
7.12572069e+01 6.18809885e-02 1.33134352e-02 -5.73785818e-02 5.16413854e-05 2.55154426e-04 4.00501534e-05
7.39745460e+01 6.48026186e-02 3.39763797e-03 -5.80065357e-02 7.98380975e-05 9.86599092e-05 1.23172780e-04
7.66835366e+01 6.12750520e-02 2.85411163e-03 -6.13343258e-02 7.03620185e-05 2.83725350e-04 1.97028342e-04
7.94098757e+01 5.62894069e-02 -3.90189280e-03 -6.71601759e-02 3.65274426e-05 6.41889336e-05 1.21839479e-04
8.21404460e+01 4.96445064e-02 -6.95796334e-03 -6.69242066e-02 3.34713796e-05 2.44714763e-04 3.46508001e-05
8.48620944e+01 4.01461141e-02 -8.14953813e-03 -6.99902429e-02 8.65675203e-05 8.17406364e-05 9.98925564e-05
8.75904491e+01 3.51467700e-02 -2.57280751e-03 -6.64770473e-02 1.13149653e-04 1.15245329e-04 9.64359776e-05
9.03176116e+01 3.65988599e-02 -1.20302996e-02 -6.38823082e-02 4.48813165e-05 7.56983780e-05 1.23873024e-04
9.30367804e+01 4.52611277e-02 -1.27453074e-02 -7.27184740e-02 4.87741205e-05 4.68492030e-05 2.12565681e-05
9.57552819e+01 4.62961994e-02 -1.76924306e-02 -6.85170562e-02 3.57672389e-05 9.55173045e-05 6.53608078e-05
9.84742694e+01 5.72086290e-02 -2.19154855e-02 -6.03777279e-02 2.90339146e-05 1.05623143e-04 5.09828402e-05
1.01179455e+02 6.62267027e-02 -2.14903596e-02 -4.93456567e-02 1.12237892e-04 1.35481152e-04 5.18592969e-05
1.03889143e+02 6.73362628e-02 -1.77221860e-02 -4.54219126e-02 1.14768452e-04 2.02983957e-04 7.75158088e-05
1.06597799e+02 6.69963299e-02 -1.50445135e-02 -4.91349753e-02 6.78123725e-05 3.76614302e-04 2.97686490e-05
1.09305127e+02 6.30196565e-02 -1.25402616e-02 -5.66914368e-02 4.68488442e-05 2.04432203e-04 5.73356338e-05
1.12018737e+02 5.61376356e-02 -1.39555586e-02 -6.62450992e-02 3.38522597e-05 1.09503203e-04 2.80231353e-05
1.14738799e+02 5.49350682e-02 -1.35592719e-02 -6.20248846e-02 1.34429899e-04 1.24884759e-04 8.51371011e-05
1.17455705e+02 5.81887296e-02 -9.65136984e-03 -5.54070050e-02 4.30585980e-05 3.45029125e-05 1.22959558e-04
1.20175877e+02 6.65190462e-02 -5.09910397e-03 -4.85530232e-02 5.37551118e-05 3.18185895e-05 6.37273527e-05
1.22884846e+02 7.46649020e-02 -2.88337841e-03 -4.51252055e-02 1.00594594e-04 1.15403351e-04 1.52807835e-04
1.25604721e+02 7.14007311e-02 -2.44354539e-03 -4.02481877e-02 5.70948527e-05 9.56779244e-05 3.26934518e-05
1.28329971e+02 6.36612433e-02 -3.39420560e-03 -3.20447705e-02 7.34098569e-05 2.03741652e-04 1.07048530e-04
1.31047409e+02 6.00300576e-02 -7.14330492e-03 -2.85262303e-02 6.94378310e-05 1.25157655e-04 4.62574217e-05
1.33774330e+02 5.70582326e-02 -2.65737428e-03 -1.87082047e-02 3.71553946e-05 2.09567926e-04 1.10639902e-04
1.36491596e+02 5.78389886e-02 -1.76088496e-03 -5.35662610e-03 5.35552278e-05 3.08866219e-05 6.99940190e-05
1.39204065e+02 6.50825849e-02 8.09662138e-03 1.71837961e-02 4.24007835e-05 1.05876469e-04 2.08816187e-05
1.41911987e+02 6.92986720e-02 8.97103617e-03 3.35894779e-02 2.53315825e-05 1.63060379e-04 2.93401434e-05
1.44614002e+02 7.27526494e-02 1.34343053e-02 4.63190013e-02 1.61402347e-05 3.05433257e-04 9.23441230e-05
1.47321096e+02 7.26573051e-02 8.86001915e-03 5.05733973e-02 6.21289543e-05 2.16393344e-04 2.73555832e-05
1.50034893e+02 6.87423304e-02 1.13708254e-02 4.78085291e-02 4.80314515e-05 1.27125482e-04 4.24027582e-05
1.52753393e+02 7.10581021e-02 2.98128478e-03 4.85780888e-02 2.70366115e-05 1.67897452e-04 3.88539637e-05
1.55473127e+02 6.68408416e-02 -3.81055719e-03 4.96419597e-02 3.28102272e-05 1.95044000e-04 3.73457421e-05
1.58187674e+02 6.62258404e-02 -6.30570554e-03 5.40940531e-02 4.67107954e-05 4.89990278e-05 5.43278451e-05
1.60900534e+02 6.70625940e-02 -1.04821957e-02 5.91398617e-02 3.30202028e-05 4.03423987e-05 9.20359742e-05
1.63621877e+02 6.21653389e-02 -6.23567022e-03 5.50200395e-02 8.99340236e-05 1.58271053e-05 6.35525748e-05
1.66341221e+02 5.69571974e-02 -2.38291094e-03 6.06982699e-02 1.27252641e-05 6.90533631e-05 9.66380918e-05
1.69062924e+02 5.19128505e-02 7.87379480e-03 6.18500019e-02 3.77142099e-05 2.13974144e-04 6.80393178e-05
1.71786346e+02 4.63443625e-02 8.41557752e-03 6.03363008e-02 9.94972412e-05 2.86492619e-04 5.97615983e-05
1.74514815e+02 5.25726380e-02 1.27333449e-02 6.03173315e-02 3.53422557e-05 1.85989752e-04 6.33979296e-05
1.77230690e+02 5.49438240e-02 1.21414511e-02 6.28261827e-02 4.89599523e-05 4.06394281e-04 5.98173318e-05
1.79949221e+02 5.75627847e-02 1.31164879e-02 5.20563325e-02 5.63414760e-05 2.28429010e-04 7.11530144e-05
1.82662190e+02 5.89803149e-02 8.79290697e-03 4.61784318e-02 4.83649468e-05 2.23652264e-04 5.47291847e-05
1.85369659e+02 5.82916761e-02 5.05285889e-03 4.49983538e-02 2.81406876e-05 7.77685398e-04 5.25409185e-05
1.88064815e+02 5.98017170e-02 1.34947282e-03 4.70700049e-02 8.89364789e-05 4.12393608e-04 4.38303941e-05
1.90778034e+02 5.93485674e-02 -3.91787103e-03 5.22095102e-02 2.71608202e-05 1.73936222e-04 3.38045475e-05
1.93491268e+02 6.29046209e-02 3.27041019e-03 5.16116171e-02 3.77610761e-05 9.53400971e-05 7.80510439e-05
1.96209612e+02 6.48194236e-02 3.28812528e-03 5.53613136e-02 4.44061146e-05 2.97175426e-05 1.00402435e-04
1.98926299e+02 7.08148511e-02 4.04482768e-03 5.58519800e-02 3.76399103e-05 1.10387362e-04 6.46583638e-05
2.01635049e+02 6.73211704e-02 -1.05932807e-03 5.83864620e-02 2.64586328e-05 1.61417487e-04 4.64773856e-05
2.04347862e+02 6.88314323e-02 -5.90774907e-03 4.83488267e-02 7.67365733e-05 1.78404761e-04 3.36548641e-05
2.07060502e+02 7.02897735e-02 -4.15763155e-03 4.63270815e-02 6.17612526e-05 2.85173614e-04 2.79588711e-05
2.09783534e+02 6.52758581e-02 -8.20012634e-03 5.22974665e-02 3.99032772e-05 5.88722717e-05 1.28178806e-04
2.12504237e+02 6.18958017e-02 -1.05184754e-02 5.89799047e-02 1.50704057e-05 9.18611107e-05 5.58524287e-05
2.15217377e+02 5.94338370e-02 -1.12588844e-02 6.59298724e-02 7.69155760e-05 1.41053387e-04 4.93857051e-05
2.17929502e+02 5.42450731e-02 -7.73126646e-03 6.51608108e-02 5.27970570e-05 1.35457199e-04 6.31660413e-05
2.20650299e+02 3.95308529e-02 1.70892793e-03 7.13833562e-02 2.75373491e-05 4.90115473e-05 1.03094730e-04
2.23366643e+02 3.69342695e-02 1.92916981e-03 7.39334738e-02 3.72851423e-05 1.29798303e-04 2.86509617e-05
2.26087346e+02 3.95015220e-02 6.02242876e-03 7.72807523e-02 3.48787980e-05 3.22689977e-04 3.90330197e-05
2.28814580e+02 3.72259616e-02 5.42865556e-03 7.07315950e-02 3.86157214e-05 2.17051174e-04 5.24965986e-05
2.31535612e+02 3.59389176e-02 2.48889347e-03 6.96533713e-02 4.47811486e-05 6.13208672e-04 8.17273897e-05
2.34261455e+02 3.51436654e-02 -5.65385505e-04 6.47324905e-02 8.80133186e-05 4.05573755e-04 3.99071872e-05
2.36972721e+02 4.13405976e-02 -1.07832417e-04 6.88778397e-02 1.33388848e-05 2.91695032e-04 3.05259390e-05
2.39696127e+02 4.15396409e-02 -6.68069972e-03 6.35768683e-02 5.44476291e-05 1.13043295e-04 7.01170135e-05
2.42406705e+02 5.46521209e-02 -3.41277013e-03 5.93861807e-02 1.56258112e-05 1.68718606e-04 6.34901898e-05
2.45121190e+02 5.58987002e-02 -6.64496905e-03 5.94069073e-02 3.08027759e-05 8.50503306e-05 2.26591716e-05
2.47838143e+02 6.57274553e-02 -7.54159508e-03 5.77129505e-02 1.80949477e-05 1.63147618e-04 6.81329692e-05
2.50557174e+02 7.57203418e-02 -4.26501038e-03 5.00420480e-02 3.09540398e-05 1.22422866e-04 4.83091812e-05
2.53268565e+02 7.58330438e-02 -6.00745244e-03 4.89080461e-02 4.96455994e-05 4.69260946e-05 5.06192164e-05
2.55978393e+02 7.66981966e-02 -3.19556450e-03 5.45926866e-02 3.31119082e-05 2.85173790e-04 8.61166509e-05
2.58684846e+02 6.90774727e-02 -6.90941437e-03 5.69613243e-02 7.78635158e-05 2.22301548e-04 1.46373141e-04
2.61402612e+02 6.37196392e-02 -5.38757515e-03 4.83643580e-02 1.87105406e-05 1.71224887e-04 9.10932999e-05
2.64113315e+02 6.64013863e-02 -1.08327472e-02 3.22651597e-02 4.62534802e-05 4.73699676e-04 1.03903093e-04
2.66832846e+02 7.47551160e-02 -1.08080380e-02 1.36990498e-02 2.64737800e-05 3.48603734e-04 3.54336955e-05
2.69543329e+02 8.79402258e-02 -2.78754360e-03 4.40473507e-03 1.00011428e-05 1.88912128e-04 1.44696400e-04
