6.76395487e-01 6.33962440e-02 -1.30720545e-02 -4.66118546e-02 6.43181316e-05 1.11282952e-04 4.88538132e-05
3.38978066e+00 5.87119856e-02 -2.59820021e-03 -5.65339907e-02 1.18118645e-04 1.39291566e-04 4.22017385e-05
6.10386488e+00 5.82076533e-02 -3.67644078e-03 -6.15358997e-02 7.64432323e-05 1.36190150e-04 8.78097346e-05
8.81377394e+00 5.37990710e-02 -4.92166060e-03 -6.57072983e-02 7.22381379e-05 9.15667280e-05 3.24412818e-05
1.15234413e+01 5.90903718e-02 -5.33134446e-03 -6.60765289e-02 8.04261251e-05 2.76661606e-04 3.86894488e-05
1.42306522e+01 6.33484363e-02 -9.24520906e-03 -5.50920550e-02 3.68918701e-05 3.98255355e-05 7.17177551e-05
1.69454772e+01 5.30835986e-02 -5.13475417e-03 -6.54453935e-02 4.63622508e-05 1.22850617e-04 2.29121160e-05
1.96704303e+01 5.21956546e-02 -6.70946410e-03 -6.40750144e-02 7.31530484e-05 2.57377151e-05 4.00580181e-05
2.23958241e+01 4.58578785e-02 -2.26981553e-04 -7.48121231e-02 9.04573680e-05 8.26715631e-05 7.37432246e-05
2.51118069e+01 5.11240611e-02 -5.11287834e-03 -7.65487486e-02 9.21757271e-05 1.03471651e-04 7.75015190e-05
2.78268210e+01 4.61856652e-02 2.03462357e-03 -7.18223569e-02 7.91311150e-05 1.25625625e-04 3.77580568e-05
3.05448522e+01 4.43668559e-02 3.37627591e-03 -6.66009510e-02 2.82379877e-05 1.38715376e-04 9.21443523e-05
3.32608444e+01 4.85121783e-02 1.33165830e-02 -6.53200186e-02 5.38758288e-05 2.53125179e-04 4.30804583e-05
3.59820850e+01 4.97854832e-02 1.41306463e-02 -6.80485766e-02 4.32327379e-05 1.57525894e-04 4.24038828e-05
3.87005194e+01 5.02210802e-02 2.05866397e-02 -7.07849291e-02 4.71169541e-05 1.60772312e-04 6.78863117e-05
4.14108272e+01 4.86514853e-02 2.49487588e-02 -7.00590521e-02 4.50958245e-05 7.59535974e-05 4.40883318e-05
4.41376007e+01 4.95063427e-02 2.26331148e-02 -7.02547968e-02 7.69095006e-05 5.46915174e-05 5.53117936e-05
4.68453569e+01 5.59899830e-02 1.99347751e-02 -6.75517736e-02 7.45109850e-05 1.40050009e-04 2.21157676e-05
4.95649444e+01 4.98719608e-02 1.97074309e-02 -6.18187473e-02 1.19607663e-05 2.38500949e-04 1.22784546e-04
5.22810991e+01 4.96765737e-02 1.60515330e-02 -6.06285090e-02 1.29155565e-04 3.13225681e-04 4.50845474e-05
5.50060507e+01 5.71579640e-02 3.87403752e-03 -6.27710811e-02 8.28931249e-05 4.43671863e-04 6.47339693e-05
5.77262678e+01 5.62375231e-02 -7.40056087e-04 -5.84817857e-02 2.84383274e-05 3.72727631e-04 8.73749100e-05
6.04405710e+01 5.57028027e-02 -2.55210002e-03 -5.05078551e-02 4.22725424e-05 4.51601258e-04 5.30625658e-05
6.31645694e+01 5.71638552e-02 -7.03014805e-03 -5.54249995e-02 9.36307525e-05 5.62107740e-04 7.28010441e-05
6.58843085e+01 5.83062886e-02 3.39009732e-04 -6.13359635e-02 5.47571058e-05 6.23212325e-04 1.32527950e-04
6.86052866e+01 6.28840298e-02 -4.06478257e-03 -6.07392495e-02 9.29529420e-05 2.66039710e-04 5.47208399e-05
7.13128991e+01 6.49695021e-02 -2.73131539e-03 -6.55345240e-02 3.84115251e-05 3.42467131e-04 3.69991364e-05
7.40198694e+01 6.92894208e-02 -7.80328749e-03 -6.22795032e-02 3.49059113e-05 2.70689992e-04 1.53754678e-05
7.67323397e+01 6.66973210e-02 -3.67349484e-03 -5.50290315e-02 8.22621502e-05 3.03614025e-04 6.63934303e-05
7.94463413e+01 6.44136589e-02 7.85439414e-04 -4.52401605e-02 1.87329603e-04 1.67450701e-04 4.37454971e-05
8.21563616e+01 6.59279570e-02 1.33857854e-02 -3.95697657e-02 3.37489467e-05 2.99085801e-04 1.08379095e-04
8.48667913e+01 6.33659210e-02 2.18339839e-02 -3.68583490e-02 5.10582483e-05 1.75818624e-04 1.03646606e-05
8.75771022e+01 6.17425572e-02 2.34935068e-02 -4.74574698e-02 3.22341671e-05 9.04031094e-05 5.16965471e-05
9.02918475e+01 5.73961016e-02 1.86598859e-02 -5.34561759e-02 1.36696093e-04 1.94158767e-04 1.19540324e-04
9.30053944e+01 5.41027440e-02 1.47961891e-02 -6.51544042e-02 7.65473704e-05 2.05846224e-04 7.63466358e-05
9.57191053e+01 5.10267585e-02 9.01969157e-03 -6.29615795e-02 6.26393084e-06 3.00637341e-04 6.29876482e-05
9.84451585e+01 5.30557011e-02 8.47931075e-03 -6.54210688e-02 4.70052412e-05 7.81575646e-05 1.42288192e-04
1.01166869e+02 6.16384841e-02 1.03779293e-02 -6.76737273e-02 2.77216968e-05 8.12727275e-05 7.76986865e-05
1.03886229e+02 5.76896426e-02 1.07753654e-02 -6.22013255e-02 1.43328096e-04 1.00557040e-04 8.01253598e-05
1.06609791e+02 5.99785622e-02 8.05700129e-03 -5.33594954e-02 1.00453422e-04 1.57662786e-04 6.94963286e-05
1.09332979e+02 5.26592412e-02 1.07597533e-02 -5.75860028e-02 3.95658427e-05 2.17592986e-04 6.85956313e-05
1.12057494e+02 5.83645243e-02 9.05174057e-03 -5.66639304e-02 7.64069604e-05 1.33411404e-04 1.62984792e-05
1.14781698e+02 5.95940331e-02 1.09796412e-02 -5.89816412e-02 7.08976694e-05 1.86373764e-04 9.65110825e-05
1.17505073e+02 5.93022727e-02 7.62811897e-03 -5.36906922e-02 8.18627865e-05 1.37605105e-04 5.25761720e-05
1.20214510e+02 6.22981424e-02 1.16417865e-02 -4.77678695e-02 6.49973390e-05 5.21279280e-05 7.41462385e-05
1.22914916e+02 6.97429246e-02 1.20703363e-02 -3.33770573e-02 1.15315836e-05 1.07004732e-04 6.55051767e-05
1.25619198e+02 6.97955984e-02 8.29342678e-03 -2.32788886e-02 1.12067306e-04 4.48738399e-05 1.70018827e-05
1.28324698e+02 6.39751976e-02 1.48707564e-03 -1.86189662e-02 8.75930796e-05 6.88254176e-05 1.26948227e-04
1.31036541e+02 6.15214643e-02 -1.51891792e-03 -4.20948207e-03 1.54492243e-04 4.81197768e-05 6.02557273e-05
1.33744901e+02 5.19209267e-02 -7.48118333e-03 1.75716225e-02 8.89804897e-05 5.17744092e-05 8.35328180e-05
1.36458198e+02 5.45547358e-02 -3.49893969e-03 4.39178747e-02 3.94339463e-05 3.84606710e-05 6.45748521e-05
1.39171041e+02 5.77897893e-02 -3.76213324e-03 5.61687758e-02 7.34610970e-05 2.63733629e-05 2.73134178e-05
1.41886651e+02 6.35230476e-02 -2.37007848e-03 5.51265836e-02 2.69185128e-05 1.22464298e-05 9.00083064e-05
1.44606010e+02 6.49991482e-02 -2.38104640e-03 5.88753204e-02 7.34515141e-05 8.84744103e-05 1.65924920e-05
1.47324213e+02 6.64681593e-02 -6.60461254e-03 5.28311821e-02 3.78266740e-05 1.72428989e-04 4.64950573e-05
1.50045182e+02 6.06191002e-02 -6.81588454e-03 5.13190124e-02 2.35603555e-05 5.19520327e-05 5.47304336e-05
1.52767979e+02 5.86789978e-02 -8.86840461e-03 5.03853492e-02 1.87820487e-05 5.60192702e-05 1.09491743e-04
1.55488119e+02 4.80747669e-02 -6.29941090e-03 6.33547022e-02 5.54210156e-05 1.43872753e-04 1.16058359e-04
1.58196932e+02 4.63727460e-02 -2.30333341e-03 6.58644781e-02 6.45878254e-05 1.17177944e-04 8.60395836e-05
1.60905135e+02 4.46936755e-02 -1.06441134e-03 6.87714312e-02 8.15127697e-05 9.46570187e-05 3.03393090e-05
1.63621619e+02 4.78602930e-02 1.94661081e-04 6.29837585e-02 1.56067583e-05 2.61541515e-05 7.05171594e-05
1.66330573e+02 6.35900745e-02 5.16597313e-03 5.90723369e-02 3.35552572e-05 8.57185462e-05 4.81879763e-05
1.69041244e+02 6.97602706e-02 -8.05442612e-04 6.39467311e-02 5.10040965e-05 1.78172778e-04 5.28765284e-05
1.71748823e+02 6.30021998e-02 9.91397575e-04 5.48994235e-02 4.08646417e-05 2.82709895e-04 5.29465409e-05
1.74474526e+02 5.90123713e-02 -7.15101430e-04 4.98612237e-02 2.87533125e-05 3.95666536e-04 1.39163992e-04
1.77186776e+02 5.62679135e-02 -1.47571097e-02 4.59765470e-02 2.84871249e-05 7.25585923e-04 3.03716621e-05
1.79907698e+02 4.75060280e-02 -1.65669305e-02 5.13211005e-02 4.68712007e-05 4.90917632e-04 3.21909842e-05
1.82630135e+02 4.57505093e-02 -1.82586502e-02 6.06489168e-02 6.28995575e-05 4.48292377e-04 9.85396607e-05
1.85357119e+02 4.24690906e-02 -1.15025082e-02 6.19148363e-02 4.80708764e-05 3.74669601e-04 8.39214353e-05
1.88081385e+02 4.40804259e-02 -3.40088275e-03 5.71238404e-02 4.56708750e-05 3.00230344e-04 8.82034255e-05
1.90806869e+02 5.26816847e-02 3.60926438e-03 5.61085840e-02 4.60015087e-05 3.86718155e-04 1.13501722e-04
1.93522682e+02 5.77784467e-02 4.34160410e-04 6.09075778e-02 8.83327413e-06 2.83441486e-04 3.43980151e-05
1.96237948e+02 5.62952059e-02 -2.07304774e-04 6.16798275e-02 1.70322711e-05 2.76084177e-04 9.51254146e-06
1.98954119e+02 5.40033744e-02 6.92782956e-03 5.80499837e-02 7.02211569e-05 2.42936495e-04 4.57774899e-05
2.01670541e+02 5.08041118e-02 5.55207348e-03 5.00180193e-02 1.46166669e-05 1.60456958e-04 6.48777943e-05
2.04398604e+02 5.22991970e-02 4.67958368e-03 5.82404276e-02 9.39759338e-06 6.05309532e-05 4.15300600e-05
2.07102244e+02 5.41652839e-02 2.29850020e-03 6.56155867e-02 3.39604591e-05 1.11446795e-04 6.07542967e-05
2.09820948e+02 5.97806072e-02 -5.67635407e-04 6.31422030e-02 4.20606326e-05 1.34151346e-04 9.21180742e-05
2.12529698e+02 5.21069212e-02 4.14572198e-03 6.31113379e-02 5.12045147e-05 2.65770249e-04 5.13857808e-05
2.15241588e+02 5.33179528e-02 -5.19422279e-04 5.66082267e-02 5.69271501e-05 1.87560867e-04 1.53516593e-04
2.17960182e+02 5.52633788e-02 4.35666546e-03 5.90275073e-02 5.29481666e-05 1.89941311e-04 2.32458309e-04
2.20669416e+02 6.32037905e-02 4.07340712e-03 5.34472535e-02 3.00969507e-05 1.33435968e-04 5.60640338e-05
2.23383885e+02 6.28578531e-02 7.96080791e-03 4.84955685e-02 8.33320333e-05 2.97931419e-05 1.26419633e-04
2.26093807e+02 6.53051721e-02 9.62663367e-03 3.70885120e-02 2.76040260e-05 4.42622546e-05 1.43592225e-04
2.28806619e+02 6.67617032e-02 8.28749050e-03 3.93489386e-02 4.44263322e-05 5.50030190e-05 5.03542771e-05
2.31514994e+02 7.08178594e-02 1.08441674e-03 3.80785814e-02 9.00879647e-05 2.90394784e-05 6.56550124e-05
2.34226604e+02 7.13814647e-02 1.49550244e-03 3.47337759e-02 5.26328740e-05 1.23693909e-04 9.50575927e-05
2.36944619e+02 5.95605504e-02 6.73850697e-05 3.68121697e-02 3.10208416e-05 2.92154779e-04 1.06504571e-05
2.39675604e+02 5.33455949e-02 2.04094388e-04 4.94067005e-02 1.46731214e-05 2.47868441e-04 8.93800603e-05
2.42394432e+02 4.97621427e-02 -3.67305316e-03 5.44207150e-02 1.00659701e-04 4.93107411e-04 1.99475370e-05
2.45118557e+02 4.97107554e-02 -3.20215113e-03 5.82494472e-02 7.84000788e-05 2.78434448e-04 4.55569526e-05
2.47838823e+02 5.48017578e-02 -1.23205491e-03 6.29358876e-02 3.54192250e-05 4.54655664e-04 7.18970257e-06
2.50559229e+02 5.84662772e-02 1.29602257e-03 5.74909931e-02 4.77994393e-05 7.84437050e-05 7.07532434e-05
2.53274791e+02 5.91387066e-02 7.25573112e-03 5.20169271e-02 3.40726048e-05 1.52296783e-04 1.10728407e-04
2.55992963e+02 6.32927031e-02 7.80676668e-03 5.36918886e-02 8.08977906e-05 6.89250024e-05 3.00102089e-05
2.58700869e+02 6.02387410e-02 7.42290248e-03 5.22223185e-02 5.17165013e-05 1.52493425e-04 1.44730695e-04
2.61413338e+02 6.24506455e-02 2.95095025e-03 5.47143685e-02 3.75762277e-05 1.31657857e-04 7.46605062e-05
2.64123604e+02 8.03390100e-02 -8.85327208e-03 3.00708643e-02 6.56719796e-05 8.67144967e-05 9.94583389e-05
2.66831807e+02 7.62205047e-02 -1.77234379e-02 2.09889551e-03 9.47120526e-05 5.67830119e-05 9.01408000e-05
2.69540602e+02 7.18694110e-02 -1.32763763e-02 -2.44897144e-02 7.64065471e-05 1.75816614e-04 3.32274088e-05
