6.72264418e-01 7.78135970e-02 -2.84410734e-03 -1.86400247e-02 4.62155043e-05 9.34814631e-05 3.79507796e-05
3.38454342e+00 7.51055286e-02 1.86101843e-03 -8.96120742e-03 3.17928698e-05 3.15950639e-05 1.11408018e-05
6.10466108e+00 8.08154088e-02 6.95814891e-03 -1.55039009e-03 1.65359309e-05 1.09309800e-04 5.24511099e-05
8.81380967e+00 8.30581168e-02 9.55831572e-03 -6.28400562e-04 7.07826346e-05 5.78863344e-05 7.86043521e-05
1.15252290e+01 8.48570050e-02 1.20005615e-02 4.42486658e-03 1.73012651e-05 6.59988568e-05 4.51888264e-05
1.42363306e+01 8.57151383e-02 1.20178083e-02 8.15880086e-05 2.85429746e-05 1.92898203e-04 1.24449844e-04
1.69481337e+01 8.32681442e-02 8.71585606e-03 -8.15734207e-03 7.25016776e-05 1.27139537e-04 4.73808422e-05
1.96588744e+01 7.78207922e-02 1.24420645e-02 -2.48949224e-02 5.70400307e-05 2.47085400e-04 3.14060253e-05
2.23746884e+01 5.45139465e-02 4.00407355e-03 -4.35907752e-02 9.61554353e-05 5.55342898e-04 4.35978192e-05
2.50946790e+01 3.64628726e-02 9.24655619e-04 -6.70134812e-02 2.97084575e-05 4.28977578e-04 9.80167916e-05
2.78195462e+01 2.58686203e-02 -6.39760269e-03 -7.68165513e-02 7.27116092e-05 4.23220467e-04 5.97752433e-05
3.05431494e+01 2.00394577e-02 -2.53829125e-03 -7.95726674e-02 6.82834338e-05 4.86245573e-04 4.11202765e-05
3.32600650e+01 1.93152524e-02 9.13548475e-04 -7.88011334e-02 6.59726855e-05 5.16092003e-04 7.93384401e-05
3.59807087e+01 2.68629083e-02 8.64028298e-03 -7.27421254e-02 1.38804717e-04 7.80103913e-04 2.10494529e-05
3.86973603e+01 3.71456202e-02 9.88491505e-03 -7.02196828e-02 6.74555546e-05 5.19492556e-04 1.02750076e-04
4.14111869e+01 4.51474882e-02 1.29477738e-02 -6.64247907e-02 8.18621290e-05 2.53106090e-04 3.94383897e-05
4.41265494e+01 4.91545625e-02 1.99038051e-02 -6.80918316e-02 5.67126347e-05 1.99148582e-04 3.32545845e-05
4.68427103e+01 5.07555768e-02 2.18561404e-02 -6.45166670e-02 4.87484644e-05 1.52869137e-04 6.97910442e-05
4.95672431e+01 3.51697591e-02 1.90893083e-02 -6.77247741e-02 1.78046603e-04 4.35510959e-05 5.66056602e-05
5.22872634e+01 2.48641361e-02 1.61904074e-02 -7.79912162e-02 2.30037877e-04 3.25929109e-04 2.10876842e-04
5.50055822e+01 7.89844257e-03 1.50419881e-02 -8.11553575e-02 2.61705870e-04 4.00487033e-04 3.48897092e-04
5.77274290e+01 7.95498413e-03 8.06333780e-03 -8.30871573e-02 3.60491081e-04 5.19401645e-04 1.62367170e-04
6.04454212e+01 1.66280926e-02 5.17209465e-03 -8.15195217e-02 1.19742789e-04 3.27878722e-04 1.85374153e-04
6.31657587e+01 3.56969398e-02 1.61861466e-03 -7.13977831e-02 8.57619368e-05 6.57418611e-04 5.67251703e-05
6.58844806e+01 5.24016064e-02 9.49828948e-04 -6.08810202e-02 2.13529209e-05 3.42449264e-04 5.49028774e-05
6.86047634e+01 6.76072347e-02 5.30136530e-03 -4.98502233e-02 6.36669533e-05 5.17061885e-04 6.64298772e-05
7.13194603e+01 7.00564561e-02 8.50473971e-04 -4.11629137e-02 1.09959554e-04 2.06543037e-04 1.00894183e-04
7.40353603e+01 6.75416808e-02 6.42937488e-03 -3.87003593e-02 2.88276121e-05 2.85025654e-04 6.58190626e-05
7.67480509e+01 6.32807946e-02 1.26142348e-02 -3.62151356e-02 1.15637184e-04 9.50259119e-05 5.72068635e-05
7.94627634e+01 5.91347141e-02 1.87726043e-02 -4.40577522e-02 6.20548749e-05 3.38085104e-05 1.04080083e-04
8.21714556e+01 6.29079308e-02 1.59360929e-02 -4.32839315e-02 2.07485070e-05 1.79512610e-05 8.51244379e-05
8.48823415e+01 6.25483838e-02 1.83280390e-02 -4.39140677e-02 7.79139141e-05 1.69401736e-04 7.27150503e-05
8.76066556e+01 6.55891409e-02 1.18431688e-02 -4.12913832e-02 3.43356378e-05 5.38733098e-05 3.28361991e-05
9.03258540e+01 7.47857847e-02 7.75341035e-03 -4.09142837e-02 4.59153541e-05 9.34367768e-05 4.16308786e-05
9.30346009e+01 7.67682105e-02 4.56317651e-03 -3.68265943e-02 3.30031490e-05 1.49384573e-05 5.08412861e-05
9.57500212e+01 8.03005415e-02 4.25874758e-03 -2.95154036e-02 6.83582376e-05 9.43640392e-05 2.22393410e-05
9.84632384e+01 8.07355696e-02 4.27454148e-03 -1.91068650e-02 3.20552103e-05 4.07006080e-05 7.10437876e-05
1.01171312e+02 8.32410393e-02 3.52716029e-03 -1.15249566e-02 2.60118274e-05 1.27248765e-04 8.12134278e-05
1.03886312e+02 8.72101296e-02 -2.01405655e-03 -4.05515187e-03 1.00419184e-04 4.24500596e-05 8.00998943e-05
1.06605437e+02 8.76547665e-02 3.08069916e-03 -7.47912704e-03 5.56501362e-05 6.86547088e-05 1.23719891e-04
1.09318156e+02 9.13793978e-02 3.41164895e-03 -5.43806063e-04 5.58462988e-05 4.49644441e-05 1.07339311e-04
1.12039359e+02 9.49121162e-02 2.97604340e-03 1.29992368e-02 4.03616054e-05 4.70839982e-05 2.91532742e-05
1.14755702e+02 9.70238302e-02 5.55547717e-03 2.22090025e-02 1.01646419e-04 3.49141712e-05 3.71881100e-05
1.17471109e+02 9.63048917e-02 4.58632785e-03 2.41903684e-02 6.56126140e-05 7.07998256e-05 9.48942552e-05
1.20179249e+02 9.16199552e-02 -2.32825157e-03 2.58974215e-02 1.96877751e-05 1.08227404e-04 1.38807724e-04
1.22888343e+02 8.48392872e-02 -1.49774606e-03 2.45311539e-02 3.87691588e-05 6.76865463e-05 4.67792972e-05
1.25605562e+02 8.17154467e-02 -8.24661060e-03 2.84015127e-02 4.26169504e-05 4.87317359e-05 4.65050104e-05
1.28317859e+02 7.98177542e-02 -1.15498599e-02 3.05152932e-02 5.98199735e-05 5.77256121e-05 2.32187664e-05
1.31033765e+02 7.95119248e-02 -1.39831804e-02 2.49880358e-02 1.73083051e-05 4.70703810e-05 1.08176460e-04
1.33752484e+02 8.41425001e-02 -1.50455402e-02 1.75498592e-02 1.11371724e-04 8.58704828e-05 1.36229274e-04
1.36461827e+02 8.51866825e-02 -1.40814166e-02 6.06229614e-03 7.71031973e-05 1.11363633e-04 1.79869658e-04
1.39176218e+02 8.64064750e-02 -1.12144579e-02 -5.84499539e-03 8.11688843e-05 1.56908594e-04 4.89270562e-05
1.41889656e+02 8.19808700e-02 -1.41704871e-02 -2.01985811e-02 8.11200902e-05 1.27424396e-04 1.14691758e-04
1.44603265e+02 8.65177485e-02 -1.10907675e-02 -1.97438359e-02 2.03823002e-05 6.11378772e-05 6.58752644e-05
1.47320359e+02 8.75492332e-02 -8.55289362e-03 -2.20507915e-02 8.18952250e-05 8.39957267e-05 6.80046861e-05
1.50035484e+02 9.22005114e-02 -6.32665950e-03 -1.54615838e-02 3.00468223e-05 9.89507705e-05 1.60037244e-04
1.52744124e+02 9.56426412e-02 -4.30361661e-03 -3.58497528e-03 2.83049027e-05 4.12414810e-05 7.07481310e-05
1.55458452e+02 9.20985099e-02 -4.06856864e-03 1.09438004e-02 3.53838662e-05 1.86665390e-04 5.18878823e-05
1.58178531e+02 8.46327687e-02 3.81994850e-04 3.09115033e-02 8.07387122e-05 1.08629703e-04 1.28890177e-05
1.60895843e+02 7.10013022e-02 4.27048901e-03 4.96676759e-02 5.85847579e-05 3.43729207e-04 8.90534272e-05
1.63619062e+02 6.04660884e-02 6.92368390e-03 6.35455238e-02 2.09735094e-05 1.60420658e-04 6.22100467e-05
1.66337921e+02 4.70852148e-02 1.03254902e-02 7.20740877e-02 5.33633921e-05 1.41124080e-04 1.90129939e-05
1.69062781e+02 5.08536517e-02 4.96556261e-03 7.00195878e-02 3.17324258e-05 8.67619632e-05 3.44805578e-05
1.71781249e+02 5.76082264e-02 4.42176658e-03 7.09946281e-02 7.52478292e-05 1.21291444e-04 6.22276730e-05
1.74501093e+02 5.64353354e-02 1.08191633e-02 7.02793351e-02 5.00456273e-05 1.41145687e-04 2.05741450e-05
1.77213437e+02 5.56955119e-02 1.08340217e-02 6.34603352e-02 6.82582877e-05 7.34164341e-05 3.00054770e-05
1.79923484e+02 4.92970010e-02 1.23095996e-02 6.87240352e-02 3.45320423e-05 8.92202104e-05 9.92762844e-05
1.82635031e+02 4.81751201e-02 8.81699633e-03 6.92505556e-02 6.88076643e-05 3.98584146e-05 8.96012879e-05
1.85355421e+02 5.19413826e-02 4.23563038e-03 7.30225098e-02 7.16195658e-05 4.66673154e-05 7.14366745e-05
1.88075249e+02 5.44032072e-02 8.53079486e-04 7.01499830e-02 6.59576811e-05 5.74301299e-05 8.36954884e-05
1.90793015e+02 5.20180410e-02 -4.15517709e-03 6.63361195e-02 7.34284406e-05 8.00460042e-05 1.00761521e-04
1.93505999e+02 5.27959982e-02 -1.14559297e-02 6.37685810e-02 7.61022834e-05 3.57024500e-05 1.18605426e-04
1.96219296e+02 4.81987919e-02 -1.39184012e-02 6.61607226e-02 4.70491385e-05 3.18133320e-05 3.29748370e-05
1.98942187e+02 4.43334192e-02 -1.78265760e-02 6.63356067e-02 8.58583652e-05 1.14861524e-04 2.48212742e-05
2.01655359e+02 3.79766097e-02 -1.39200281e-02 6.35618178e-02 5.78813866e-05 3.23705931e-05 1.03434021e-04
2.04374202e+02 3.84428793e-02 -1.37951795e-02 6.87554298e-02 1.59519404e-04 1.18937774e-04 7.64933482e-05
2.07090296e+02 4.57323612e-02 -6.06121977e-03 6.71507182e-02 6.54283857e-05 5.48222104e-05 2.05465425e-04
2.09806999e+02 5.39943222e-02 -3.46712436e-03 7.34596538e-02 2.27090189e-04 9.31385941e-05 4.60394803e-05
2.12522546e+02 5.68524474e-02 -2.92885531e-04 6.80075673e-02 6.91267873e-05 1.63579126e-04 3.45694329e-05
2.15238531e+02 5.47098639e-02 1.33343691e-03 6.29917858e-02 4.94957043e-05 1.67957746e-04 3.52620868e-05
2.17963234e+02 6.02245319e-02 5.46055474e-03 6.35243060e-02 2.76209565e-05 1.56434389e-04 6.23627633e-05
2.20673999e+02 5.66756741e-02 7.91725864e-03 6.69587654e-02 4.24862420e-05 1.93372526e-04 3.76967376e-05
2.23388421e+02 5.20957403e-02 1.01322473e-02 6.06953774e-02 7.17883671e-05 1.33309469e-04 8.06056667e-05
2.26107671e+02 4.11192807e-02 5.58884131e-03 6.04984470e-02 1.11869053e-04 1.54521349e-05 3.64709963e-05
2.28822187e+02 3.33665960e-02 8.64131812e-04 6.23633021e-02 1.06739963e-04 1.52356604e-04 2.19130430e-05
2.31532468e+02 2.92296591e-02 -3.02045213e-03 6.23937632e-02 4.24646709e-05 2.96844781e-04 5.61032145e-05
2.34247374e+02 3.53648126e-02 -9.23205666e-03 6.11221108e-02 8.74376386e-05 2.96278715e-04 2.66725455e-05
2.36964999e+02 4.14980946e-02 -9.25407442e-03 6.09649000e-02 1.12771227e-04 4.39595645e-04 1.32861872e-04
2.39681843e+02 4.80542445e-02 -1.32156240e-02 5.44482852e-02 2.34041503e-04 5.38607884e-04 1.20285849e-04
2.42399781e+02 5.76404735e-02 -1.10516394e-02 4.70947934e-02 5.31727228e-05 4.59262284e-04 5.85627105e-05
2.45120281e+02 6.73324276e-02 -9.64743998e-03 4.57554947e-02 2.94660125e-05 5.76233757e-04 9.15600300e-05
2.47840562e+02 7.46936140e-02 -2.95456884e-03 4.03566728e-02 9.36696420e-06 6.60889247e-04 7.84900502e-05
2.50558218e+02 8.39769578e-02 -5.62401207e-03 2.75942650e-02 4.51574126e-05 7.80503377e-04 6.95609194e-05
2.53270968e+02 8.96019305e-02 -6.20445147e-03 1.10465038e-02 5.10152424e-05 3.41249711e-04 7.83900238e-05
2.55981031e+02 9.03797364e-02 -4.15455917e-03 4.12249407e-03 1.73434816e-05 4.35761230e-04 5.07056133e-05
2.58692484e+02 8.85705900e-02 -2.89150936e-03 -7.76789407e-03 6.36483002e-05 1.33423877e-04 7.86558468e-05
2.61404921e+02 8.49028595e-02 -2.90882377e-03 -1.31647767e-02 5.76205677e-05 2.22939164e-04 8.53221769e-05
2.64113546e+02 7.92425098e-02 -4.15803174e-03 -2.65866444e-02 7.02884259e-05 7.42813291e-05 4.37996730e-05
2.66827202e+02 7.14081223e-02 -4.58989396e-03 -3.08041455e-02 3.98966647e-05 5.38051670e-05 1.06328543e-04
2.69543674e+02 7.39496282e-02 -6.00123250e-03 -2.23981508e-02 3.27263939e-05 6.83209477e-05 7.07315550e-05
