6.71936771e-01 7.80079514e-02 -3.81759693e-03 -2.24550395e-03 3.38382076e-05 8.75093507e-05 2.96780079e-05
3.39462994e+00 6.59679015e-02 4.81237678e-03 -1.32297736e-02 8.46604586e-05 2.58393227e-04 4.81464871e-05
6.10880526e+00 6.27116530e-02 1.27858715e-02 -1.53783831e-02 5.14485402e-05 2.40053083e-04 6.49800341e-05
8.82192916e+00 6.76829832e-02 1.56430633e-02 -2.75205004e-02 4.19315800e-05 4.07955206e-04 7.91995278e-05
1.15415754e+01 7.49155548e-02 1.46877746e-02 -2.43771630e-02 4.23136116e-05 5.83561726e-04 5.04792340e-05
1.42556488e+01 7.31284444e-02 1.01444383e-02 -3.57207414e-02 3.23321199e-05 3.56254666e-04 2.06745815e-05
1.69781145e+01 7.03187635e-02 9.76855284e-03 -4.58891991e-02 3.76641693e-05 5.93098958e-04 5.17272118e-05
1.96959660e+01 7.14195700e-02 6.10313027e-04 -4.81773509e-02 1.85133426e-05 2.65541916e-04 2.66603746e-05
2.24152535e+01 6.62122116e-02 3.17619005e-03 -4.71375206e-02 9.59023541e-05 2.01686674e-04 8.95878310e-05
2.51322942e+01 6.57813464e-02 -3.31779745e-03 -4.98045430e-02 4.43390356e-05 2.55056141e-04 5.71108078e-05
2.78366504e+01 6.70821054e-02 -5.34713977e-03 -4.61109617e-02 2.62723736e-05 2.66330176e-04 5.58915203e-05
3.05433332e+01 6.62137938e-02 -1.68890264e-02 -4.46530191e-02 2.34437320e-05 2.65848545e-04 8.21112564e-05
3.32531004e+01 6.50757080e-02 -1.65155461e-02 -4.65961498e-02 5.22360690e-05 1.26903591e-04 5.25792129e-05
3.59687348e+01 5.26197022e-02 -1.11817070e-02 -4.76906367e-02 9.17094029e-05 8.26079136e-05 1.85661216e-05
3.86985426e+01 5.15199009e-02 -1.28017613e-02 -5.15690357e-02 3.49426048e-05 2.03775280e-04 2.07421166e-05
4.14207082e+01 4.99100162e-02 -6.06512366e-03 -4.89063830e-02 1.55751997e-04 3.49419045e-04 5.20578831e-05
4.41417645e+01 4.71226422e-02 -2.13203419e-03 -5.63159559e-02 1.54195711e-04 2.25710922e-04 6.02357273e-05
4.68536176e+01 5.10501434e-02 5.43136534e-03 -6.22914640e-02 5.96071887e-05 2.06763805e-04 7.97957933e-05
4.95749113e+01 6.08420952e-02 -5.89692368e-04 -5.53483181e-02 5.16770408e-05 4.65068174e-05 6.57090095e-05
5.22846910e+01 7.23038493e-02 5.20431008e-03 -5.14138555e-02 9.97413189e-06 1.83326236e-05 7.88523931e-05
5.50029645e+01 6.92801137e-02 -2.84838359e-03 -5.12131308e-02 2.15668799e-05 1.84300054e-04 9.93863123e-05
5.77215692e+01 5.74845574e-02 -2.98846552e-03 -5.19577819e-02 5.42933136e-05 2.10238016e-04 4.60509735e-05
6.04411645e+01 5.32172525e-02 -2.24695288e-03 -4.60127969e-02 4.10954248e-05 2.63418958e-04 1.77917268e-05
6.31553520e+01 5.10388598e-02 1.70826552e-04 -5.15647362e-02 1.07640598e-04 2.26105946e-04 7.90508658e-05
6.58703363e+01 4.90123172e-02 1.53962167e-03 -5.89755688e-02 1.06427527e-04 1.87549591e-04 4.45375658e-05
6.85910535e+01 4.96282476e-02 3.77357624e-03 -6.59955869e-02 2.83166955e-05 9.78843665e-05 5.06621375e-05
7.13131254e+01 3.99638408e-02 2.41702961e-03 -7.17164742e-02 3.77460468e-05 8.74984001e-05 3.54117387e-05
7.40245442e+01 3.54933555e-02 7.64453683e-05 -7.14612643e-02 1.38406498e-05 9.75948737e-05 8.27185620e-05
7.67490645e+01 4.39609528e-02 -7.00324964e-04 -6.91321991e-02 9.79881638e-05 9.50296226e-05 1.37185972e-05
7.94706723e+01 5.45685485e-02 -7.22009916e-03 -6.42671721e-02 8.77591057e-05 1.18877421e-04 7.13486016e-05
8.21925442e+01 6.18236074e-02 -7.50942895e-03 -6.50583755e-02 6.10574729e-05 6.54702976e-05 2.40106330e-05
8.49092051e+01 6.44574509e-02 -1.08887842e-02 -6.02221245e-02 1.62471181e-05 8.93088187e-05 5.73961015e-05
8.76210410e+01 6.73067917e-02 -9.96416520e-03 -5.69248284e-02 3.63248360e-05 8.56121665e-05 6.10462521e-05
9.03435176e+01 6.24156696e-02 -5.46371091e-03 -5.12033547e-02 2.44779234e-05 2.67856789e-04 4.01142743e-05
9.30539098e+01 6.30435821e-02 -1.13018202e-02 -5.41004088e-02 5.44926418e-05 3.10055963e-04 2.70399853e-05
9.57607551e+01 5.82367336e-02 -1.49271524e-02 -5.75921201e-02 7.63777275e-05 4.71685799e-04 6.68927093e-05
9.84700676e+01 5.35633021e-02 -1.47197869e-02 -5.51948396e-02 1.10796075e-04 3.73228249e-04 2.87317288e-05
1.01181210e+02 4.99497581e-02 -7.15634150e-03 -6.03399801e-02 9.30998658e-05 3.29307943e-04 5.82306590e-05
1.03892975e+02 5.44214649e-02 -4.22915709e-03 -5.78586953e-02 3.76042087e-05 2.65342482e-04 4.43704991e-05
1.06602382e+02 6.62094940e-02 -2.77814938e-03 -5.98214182e-02 5.52995186e-05 2.99855615e-04 3.38727854e-05
1.09309600e+02 7.06420263e-02 -7.15037100e-05 -5.33818253e-02 3.18242973e-05 2.32672021e-04 4.29459054e-05
1.12020350e+02 6.76400790e-02 -5.47915970e-03 -5.23240522e-02 1.01873804e-04 1.51658878e-04 5.04982984e-05
1.14731304e+02 6.40301922e-02 -6.40809276e-03 -4.88401824e-02 1.24262905e-04 3.97639772e-05 6.50822647e-05
1.17443054e+02 5.58337976e-02 -7.22147593e-03 -4.60102060e-02 1.16508054e-04 7.94347948e-05 6.09452985e-05
1.20162882e+02 5.81188872e-02 -4.49029091e-03 -3.70229552e-02 4.65344378e-05 1.91129368e-04 6.62526855e-05
1.22880350e+02 5.68184041e-02 -4.64938115e-03 -3.81605927e-02 1.69323807e-04 1.29854533e-04 1.41700119e-05
1.25602975e+02 5.80839105e-02 -7.39022970e-03 -3.41120226e-02 8.56090467e-05 1.00652132e-04 8.62482221e-05
1.28323944e+02 6.50335403e-02 -5.98868781e-03 -2.03943407e-02 1.03209761e-04 6.21429590e-05 1.71633143e-04
1.31046194e+02 6.35590103e-02 1.73882368e-03 2.60301354e-03 6.22032470e-05 1.66555216e-04 1.00818842e-04
1.33768788e+02 5.84527070e-02 2.83879861e-03 2.18338105e-02 4.30333376e-05 2.47920378e-04 1.30942067e-05
1.36485600e+02 6.00505874e-02 6.11548760e-03 3.08729631e-02 4.54979758e-05 4.28334472e-05 4.10581536e-05
1.39193741e+02 5.88677654e-02 3.06722205e-03 3.81951715e-02 8.94706951e-05 8.36629282e-05 4.46521067e-05
1.41907147e+02 5.86143636e-02 6.75303349e-03 4.37478762e-02 5.60270064e-05 1.09621849e-04 1.32923023e-04
1.44613710e+02 6.33661197e-02 3.52724339e-03 4.61365821e-02 6.60110982e-05 1.62872154e-04 7.01016132e-05
1.47324679e+02 6.78255082e-02 1.92058554e-03 5.08544476e-02 6.94853340e-05 2.72849271e-04 4.12654998e-05
1.50034319e+02 7.32852998e-02 -9.16860112e-04 4.69488790e-02 4.73734404e-05 5.13981594e-05 4.22711418e-05
1.52752132e+02 7.02558295e-02 -3.40805232e-03 4.40679588e-02 7.91013741e-05 9.81212278e-05 3.51126301e-05
1.55466475e+02 5.86350916e-02 5.83711132e-04 5.26460603e-02 4.29757162e-05 9.43564983e-05 7.22410817e-05
1.58187054e+02 4.87291546e-02 1.02112437e-03 5.88894895e-02 5.05202368e-05 8.37497682e-05 1.21200866e-04
1.60900335e+02 4.71597817e-02 4.50141469e-03 5.89039285e-02 1.26326968e-04 1.70732514e-04 8.61709492e-05
1.63626960e+02 4.24297937e-02 7.63445895e-03 5.65336862e-02 6.83598548e-05 2.01233415e-04 1.08004067e-04
1.66340960e+02 5.39912024e-02 1.10725350e-02 5.22083553e-02 3.03306703e-05 1.76611453e-04 2.99660287e-05
1.69063132e+02 6.16850377e-02 8.09259799e-03 5.22738845e-02 3.22979151e-05 3.04932175e-04 6.00475283e-05
1.71777882e+02 6.47437519e-02 4.41571249e-03 5.85694257e-02 4.13269477e-05 6.79445892e-05 7.31968687e-05
1.74496100e+02 7.01516881e-02 6.69801864e-04 5.40835619e-02 5.96170266e-05 1.65821011e-04 3.90641085e-05
1.77205491e+02 6.02350334e-02 -4.98549547e-03 6.04590404e-02 4.64815628e-05 1.45759136e-04 1.00078468e-04
1.79935538e+02 5.26592873e-02 9.56966565e-04 5.61335773e-02 2.43743631e-05 3.39570257e-04 1.07370983e-04
1.82649100e+02 5.40758797e-02 3.50262711e-03 6.18699361e-02 1.88567827e-05 2.92585346e-04 6.06882809e-05
1.85365288e+02 5.87644219e-02 4.70204861e-03 5.89332078e-02 1.55521380e-05 3.22642187e-04 4.48172766e-05
1.88081522e+02 5.48971031e-02 4.94220067e-03 5.86563071e-02 7.63125238e-05 3.99818463e-04 6.78096562e-05
1.90799085e+02 5.48717387e-02 2.65905898e-03 5.48070850e-02 3.15629108e-05 2.92781658e-04 4.92664779e-05
1.93510225e+02 5.36811657e-02 2.86953473e-03 5.33635217e-02 4.62806014e-05 7.32722852e-05 1.56717004e-04
1.96225819e+02 5.15499594e-02 4.71086024e-03 6.11908792e-02 3.21685310e-05 4.75351616e-05 1.10211026e-04
1.98945960e+02 5.24463865e-02 -5.45281210e-03 6.15932294e-02 9.98116415e-06 1.11958149e-04 5.14962644e-05
2.01665085e+02 5.62553796e-02 -3.33409954e-03 6.37205789e-02 2.17031411e-05 1.43780384e-04 6.72800333e-05
2.04388694e+02 5.75320524e-02 -5.76784579e-03 6.07341496e-02 2.59558053e-05 6.35655983e-05 7.41150744e-05
2.07113491e+02 5.29232958e-02 -3.52223989e-03 6.18759351e-02 4.47847564e-05 9.17012055e-05 3.83525701e-05
2.09826319e+02 5.01025966e-02 -3.40168147e-03 5.62951081e-02 1.02267107e-04 4.19675668e-04 4.02938062e-05
2.12538882e+02 5.66679259e-02 -3.46622986e-03 5.54870295e-02 3.21375789e-05 9.53818343e-05 9.63925538e-05
2.15260804e+02 5.44115719e-02 -2.15703257e-03 5.00183125e-02 9.88635615e-05 1.68166936e-04 7.89395696e-05
2.17987850e+02 5.52869664e-02 1.98745196e-03 5.30115317e-02 9.27419443e-05 2.28367998e-04 1.05067053e-04
2.20706069e+02 5.66722465e-02 3.37117380e-04 5.66973715e-02 1.87130979e-04 1.56341250e-04 3.95707415e-05
2.23432382e+02 4.55288029e-02 3.26774851e-03 5.53616872e-02 4.41637854e-05 7.51957389e-05 5.70873081e-05
2.26147194e+02 4.15328605e-02 -7.27533520e-03 5.77650500e-02 2.79228743e-05 1.35648702e-04 7.88991165e-05
2.28865194e+02 4.41413345e-02 -3.55804919e-03 5.94253999e-02 5.37471633e-05 2.20753669e-04 3.92026648e-05
2.31570710e+02 4.66707697e-02 -2.85084863e-03 6.38287034e-02 6.52439103e-05 9.25941274e-05 2.87127502e-05
2.34285929e+02 4.83204662e-02 -1.34313643e-04 5.90763920e-02 4.51537835e-05 1.29101374e-04 3.06378526e-05
2.36994741e+02 5.44761967e-02 -1.30470523e-03 5.52488821e-02 6.53563267e-05 1.76948671e-04 7.91322990e-05
2.39701272e+02 5.46611093e-02 2.01478224e-03 6.09357100e-02 8.79589722e-05 7.47933546e-05 7.74377784e-05
2.42397725e+02 5.15631316e-02 2.75824613e-03 6.53446443e-02 2.87246789e-05 1.94901416e-04 4.00036198e-05
2.45103069e+02 4.65689449e-02 8.52441279e-04 5.88329610e-02 2.66332081e-05 1.15231240e-04 6.14259943e-05
2.47802788e+02 5.88414639e-02 5.36148793e-03 5.15694685e-02 2.99079154e-05 2.31876944e-04 7.20968672e-05
2.50518179e+02 6.21209097e-02 4.21860789e-03 4.42792961e-02 1.88006663e-05 2.13032578e-05 9.69366489e-05
2.53232163e+02 5.98347640e-02 1.65974149e-03 4.38824595e-02 1.81420764e-05 6.21875077e-05 3.91378706e-05
2.55945429e+02 6.05780575e-02 6.04256446e-03 4.51180808e-02 8.72358492e-05 9.28121942e-05 1.21636893e-04
2.58665835e+02 6.50312061e-02 5.72063157e-04 3.57122715e-02 5.83251389e-05 1.01312506e-04 2.73790693e-04
2.61389350e+02 6.91646137e-02 -2.03984938e-03 2.58725984e-02 2.16717380e-04 7.72712206e-05 4.94728026e-05
2.64106897e+02 7.44347699e-02 -5.60686710e-03 2.04302686e-02 1.85858622e-04 1.24571959e-04 5.23679907e-05
2.66829772e+02 7.58391147e-02 -3.41123168e-03 1.01485683e-02 4.51745690e-05 1.44532262e-04 6.91372382e-05
2.69545775e+02 7.85245352e-02 -1.00922390e-03 1.17583483e-02 3.52475951e-05 2.18501449e-04 2.05341793e-04
