6.73195341e-01 7.93148908e-02 3.63470041e-03 -4.42919905e-03 2.67027593e-05 2.19975078e-04 4.36118265e-05
3.38755317e+00 6.85622791e-02 5.42283280e-03 -1.58638556e-02 3.56303060e-05 8.99902979e-05 1.60919361e-04
6.10903629e+00 7.31101897e-02 9.51997622e-03 -1.93263857e-02 2.01704328e-05 3.88560710e-04 5.66754889e-05
8.82345395e+00 7.25275983e-02 1.20762701e-02 -2.60644628e-02 1.18532413e-04 4.19395754e-04 2.84191117e-05
1.15447508e+01 6.77116605e-02 1.25586458e-02 -4.14645788e-02 4.62760647e-05 9.21266626e-04 4.97754068e-05
1.42658102e+01 6.37066336e-02 1.36826844e-02 -5.21623854e-02 3.31013213e-06 7.38841054e-04 6.35582160e-05
1.69814102e+01 6.92779984e-02 1.19405334e-02 -5.71119832e-02 5.94587936e-05 4.81661560e-04 3.53041694e-05
1.96978430e+01 7.34832792e-02 9.57035551e-03 -5.63282076e-02 1.57996327e-04 2.11166499e-04 5.17947825e-05
2.24113133e+01 7.16736363e-02 1.01270845e-02 -5.05716069e-02 6.40476279e-05 1.60821818e-04 1.49142446e-04
2.51272274e+01 6.65300790e-02 1.08660528e-02 -5.14945182e-02 1.10190123e-04 1.31808381e-04 7.60955291e-05
2.78363399e+01 6.95375388e-02 -1.11692576e-03 -4.48717177e-02 4.13159608e-05 2.42582848e-04 1.06898652e-05
3.05551289e+01 6.57545743e-02 -6.37237113e-03 -5.10820487e-02 4.19256990e-05 1.50094002e-04 1.16952076e-05
3.32562493e+01 6.28225221e-02 -1.82717013e-02 -4.99388281e-02 1.69774733e-05 2.23501963e-04 3.82794356e-05
3.59742352e+01 5.44805176e-02 -1.19929570e-02 -5.32539528e-02 6.31963591e-05 2.18567977e-04 8.62391442e-05
3.86903805e+01 5.85253086e-02 -1.76272310e-02 -5.09520345e-02 2.81367392e-05 2.10351538e-04 6.47310975e-06
4.14113430e+01 5.61781292e-02 -9.24118782e-03 -5.33856816e-02 2.75916314e-05 3.12396375e-04 6.52154315e-05
4.41371727e+01 5.21124937e-02 -9.54058686e-03 -5.26394237e-02 9.42377378e-05 2.16306791e-04 2.72283334e-05
4.68547383e+01 5.42986062e-02 -8.24107956e-03 -6.06541997e-02 1.05782872e-04 9.83977072e-05 4.27621991e-05
4.95657649e+01 5.98492300e-02 -8.16107007e-03 -6.45245493e-02 1.99866372e-05 3.45929487e-05 8.72522283e-05
5.22827336e+01 6.33654160e-02 -2.09179137e-03 -6.02462372e-02 6.42218902e-05 8.71934578e-05 4.55321559e-05
5.50011243e+01 6.48932302e-02 -8.31614543e-03 -5.69202796e-02 2.87788013e-05 1.48711623e-04 8.77782316e-05
5.77205024e+01 5.58886461e-02 -9.63432804e-03 -5.56304133e-02 6.56583074e-05 2.84045709e-04 6.47895087e-05
6.04419524e+01 5.50319899e-02 -9.14519425e-03 -5.14605727e-02 4.90786939e-05 2.42472888e-04 6.23758510e-05
6.31641243e+01 5.32028346e-02 -7.00295160e-04 -5.62409043e-02 2.74201800e-05 2.02072223e-04 9.20692233e-05
6.58835243e+01 5.32193215e-02 5.77087580e-03 -5.97300006e-02 9.01937830e-05 1.04914585e-04 5.56466883e-05
6.85994414e+01 5.59946503e-02 1.21113670e-02 -6.60884085e-02 6.05241829e-05 6.42730027e-05 1.72418652e-05
7.13091086e+01 5.70510926e-02 9.56879368e-03 -7.05302115e-02 2.56843178e-05 1.20669025e-04 3.99430301e-05
7.40252258e+01 4.88353261e-02 4.19827688e-03 -7.39879362e-02 7.19728006e-05 3.09805304e-04 5.18240907e-05
7.67435711e+01 4.58888616e-02 -4.36566109e-03 -6.98036225e-02 3.37546465e-05 9.47480466e-05 3.65131629e-05
7.94681243e+01 5.36962231e-02 -4.83326262e-03 -6.18134241e-02 1.04771409e-04 7.54687316e-05 1.94135709e-05
8.21858539e+01 6.39151512e-02 -1.07747079e-02 -6.53776987e-02 1.09946468e-05 8.57167989e-05 3.00164833e-05
8.49022664e+01 6.13574235e-02 -7.77917346e-03 -6.45129018e-02 3.39805861e-05 4.40278458e-05 9.31940300e-05
8.76262039e+01 6.13222419e-02 -6.98881414e-03 -5.89861864e-02 1.11091813e-04 1.47527739e-04 9.16915365e-06
9.03436040e+01 5.79358863e-02 -4.90191704e-03 -5.38408537e-02 5.66790628e-05 2.63549669e-04 5.40893499e-05
9.30601477e+01 6.04122443e-02 -8.20458234e-03 -5.63991449e-02 2.33487238e-05 1.30216893e-04 1.19792840e-04
9.57633899e+01 6.15494145e-02 -7.54647622e-03 -5.40225921e-02 5.95813925e-05 1.83096921e-04 3.66230465e-05
9.84658055e+01 5.61145570e-02 -8.40755256e-03 -5.64677641e-02 1.10006536e-04 1.98625202e-04 4.19500450e-05
1.01173999e+02 4.63802040e-02 -4.20456682e-03 -6.13945847e-02 4.21128318e-05 1.63339204e-04 8.02576436e-05
1.03885781e+02 4.97728976e-02 9.16891823e-04 -6.20208201e-02 3.64503997e-05 1.63949261e-04 9.52093020e-05
1.06597484e+02 5.85293821e-02 8.48741220e-03 -6.34708139e-02 7.98717359e-05 1.80203993e-04 7.04790877e-05
1.09310593e+02 7.01892560e-02 1.45520429e-03 -6.02939303e-02 5.12096426e-05 2.54426043e-04 8.75928995e-05
1.12012249e+02 6.63564450e-02 3.66675003e-04 -5.21857763e-02 7.41387942e-05 1.14755208e-04 5.77987289e-05
1.14725671e+02 6.58149270e-02 -4.33982726e-03 -4.90388263e-02 7.18101567e-05 1.67059299e-04 1.30830629e-04
1.17440437e+02 6.37925698e-02 -1.14853760e-03 -5.46039328e-02 2.83677219e-05 8.15649753e-05 3.31677630e-05
1.20154187e+02 6.05758643e-02 -5.01651524e-03 -4.79324189e-02 4.08943110e-05 1.24966438e-04 1.35410550e-04
1.22878937e+02 5.83708217e-02 -1.08610724e-02 -4.70512987e-02 1.58636756e-04 9.56387925e-05 7.74202535e-05
1.25600093e+02 6.09201547e-02 -8.57083473e-03 -3.49888106e-02 2.91613103e-04 1.33853731e-04 1.08226083e-04
1.28326093e+02 6.37380333e-02 1.04192125e-03 -1.48400000e-02 8.72778813e-05 1.16392046e-04 1.66065630e-04
1.31053515e+02 6.25129361e-02 4.16418561e-03 5.79106104e-03 9.77135689e-05 2.41495383e-04 1.18452321e-04
1.33771874e+02 6.24122860e-02 5.62775146e-03 2.75750137e-02 7.11774269e-05 1.24390402e-04 2.76558431e-05
1.36490093e+02 6.30331767e-02 4.58162052e-03 3.21254080e-02 1.22451877e-04 8.82356520e-05 3.77383691e-05
1.39197452e+02 6.34346896e-02 9.18655908e-03 3.81928466e-02 2.97219868e-05 8.02923459e-05 3.92340952e-05
1.41905952e+02 6.26630751e-02 1.85795903e-03 4.71533971e-02 3.35742496e-05 6.18483465e-05 4.60598797e-05
1.44612140e+02 5.91840021e-02 -1.79995163e-03 5.52458104e-02 8.60754565e-05 1.28009823e-04 5.69418241e-05
1.47318109e+02 5.66684978e-02 -6.87061173e-03 5.84070848e-02 5.74166980e-05 1.87240842e-04 3.76075446e-05
1.50025765e+02 5.88082999e-02 -7.07249631e-03 4.93938858e-02 6.30096598e-05 2.19367615e-04 3.60258974e-05
1.52743484e+02 6.53950606e-02 -3.31531303e-03 5.77451690e-02 6.15591543e-05 3.21023818e-04 2.26713002e-05
1.55457546e+02 6.16124952e-02 -1.76671577e-03 5.60115546e-02 4.35040733e-05 1.30204281e-04 4.27711133e-05
1.58179359e+02 4.84278913e-02 4.97360589e-03 5.62227609e-02 3.16117559e-05 5.68583758e-05 6.04069816e-05
1.60902906e+02 4.88811914e-02 7.02539796e-03 5.93342233e-02 8.36036145e-05 1.58153900e-04 9.92708197e-05
1.63617718e+02 5.13871183e-02 4.92460368e-03 6.33557022e-02 6.08693679e-05 9.78679978e-05 6.14029723e-05
1.66339640e+02 4.85829491e-02 1.70050549e-03 5.67036989e-02 6.30384551e-05 3.60986598e-05 4.93847732e-05
1.69061562e+02 4.40732797e-02 2.81304476e-03 6.02844271e-02 4.75623844e-05 1.51574050e-04 2.85481586e-05
1.71773406e+02 5.16786441e-02 8.13998519e-04 6.01966156e-02 3.51559829e-05 5.03400599e-05 3.43604188e-05
1.74489531e+02 5.82688375e-02 -1.70808589e-03 6.21660189e-02 8.71955063e-05 2.85857027e-04 6.17749198e-05
1.77207999e+02 6.08572043e-02 -2.17605578e-04 6.18666067e-02 6.89698015e-05 1.11288133e-04 4.21809187e-05
1.79924656e+02 5.61293410e-02 -3.31806221e-03 5.52651674e-02 5.02375123e-05 2.23222509e-04 1.11404975e-04
1.82643390e+02 4.79373080e-02 5.08018116e-03 6.03533251e-02 2.55920193e-05 3.06594735e-04 4.15084612e-05
1.85364077e+02 4.92867651e-02 7.94663497e-03 5.04530480e-02 3.44117132e-05 2.98161916e-04 8.34649722e-05
1.88073218e+02 4.91452705e-02 1.08957419e-02 5.36156583e-02 1.69171565e-05 3.80295101e-04 4.82169571e-05
1.90780218e+02 5.41965657e-02 4.36427405e-03 5.53066870e-02 2.94466977e-05 1.39538365e-04 7.14249464e-05
1.93492140e+02 5.57821170e-02 2.28362738e-03 5.72775049e-02 1.55716229e-05 2.81128001e-05 4.02256814e-05
1.96217281e+02 5.43982150e-02 -5.10469239e-03 5.88330742e-02 2.67799394e-05 5.72238944e-05 6.86024463e-05
1.98941577e+02 5.06529870e-02 -1.33037948e-02 6.36403764e-02 3.16528562e-05 1.96920794e-04 4.20530961e-05
2.01663218e+02 5.23582050e-02 -6.59233554e-03 6.63251346e-02 3.40169748e-05 1.69937784e-04 6.47839381e-05
2.04385609e+02 5.51076548e-02 -5.78553800e-03 6.52614548e-02 7.26137544e-05 1.21709356e-04 2.54893999e-05
2.07105671e+02 5.53974898e-02 -6.32739033e-03 5.83662494e-02 8.86887675e-05 1.28393531e-04 5.56830371e-05
2.09827765e+02 5.20777843e-02 1.82858294e-05 5.21278906e-02 7.62456742e-05 2.91521070e-04 7.94561718e-05
2.12549999e+02 5.83143340e-02 -3.51190977e-03 5.88451965e-02 1.88652821e-05 1.41377094e-04 4.16257712e-05
2.15261062e+02 6.21798021e-02 2.28067062e-03 5.44794819e-02 4.17036033e-05 1.34390483e-04 7.77515970e-05
2.17980218e+02 5.67540462e-02 3.45954992e-03 4.97185217e-02 8.49970507e-05 8.74192698e-05 2.61032449e-05
2.20695390e+02 5.29434045e-02 -8.80641469e-04 4.83156327e-02 5.19608323e-05 5.12616370e-04 9.23668213e-05
2.23419093e+02 4.87783582e-02 -6.90605226e-03 5.56749548e-02 5.95641487e-05 2.19848474e-04 8.59929048e-05
2.26138343e+02 4.35305004e-02 -1.12330390e-02 5.78427537e-02 2.22573339e-05 1.94809671e-04 8.52263448e-05
2.28855234e+02 4.56119460e-02 -1.13291734e-02 6.28252048e-02 7.42505701e-05 2.55795768e-04 8.07586664e-05
2.31567702e+02 4.55468869e-02 -9.69775165e-04 6.22426317e-02 9.51881545e-06 3.23939735e-05 9.04691735e-05
2.34276546e+02 5.28525861e-02 -4.07934489e-03 6.34282143e-02 1.17060830e-05 1.46843853e-05 3.74293861e-05
2.36979093e+02 5.23859124e-02 6.01620628e-03 4.96095871e-02 6.66833581e-05 6.27333962e-05 1.08270187e-04
2.39684562e+02 5.61754615e-02 3.12649800e-03 4.88107760e-02 8.05493036e-05 1.30174338e-04 7.80515733e-06
2.42386796e+02 5.13792317e-02 1.02111686e-02 4.70972308e-02 4.33080960e-05 8.58742587e-05 4.80738048e-05
2.45086812e+02 5.25617233e-02 4.96699352e-03 5.61382342e-02 4.80950209e-05 1.09426446e-04 9.14099353e-05
2.47801921e+02 6.15405644e-02 -2.01383246e-03 5.67439678e-02 4.01759155e-05 8.43909411e-05 6.00701013e-05
2.50504343e+02 6.48205614e-02 -2.23288458e-03 4.78712793e-02 5.91347362e-05 9.84922657e-05 3.38639492e-05
2.53219265e+02 5.93952583e-02 -1.59047375e-03 4.39089872e-02 4.30212128e-05 7.00924674e-05 5.10154684e-05
2.55944890e+02 6.16991992e-02 1.88804453e-03 4.05578430e-02 1.11149568e-04 1.44694583e-04 4.95962723e-05
2.58662702e+02 6.00264060e-02 7.90449557e-05 4.24303801e-02 2.94863081e-05 1.01898384e-04 3.08599503e-04
2.61378906e+02 7.03011029e-02 1.50886211e-03 2.97440637e-02 1.12051697e-04 9.05069234e-05 5.11400702e-05
2.64104984e+02 7.54065974e-02 -1.14939714e-03 2.15908169e-02 3.08606786e-05 1.22298953e-04 1.01958682e-04
2.66834781e+02 7.48301405e-02 -1.29454268e-04 1.21910570e-02 9.99459606e-05 2.08755811e-04 6.07795955e-05
2.69551201e+02 8.51841563e-02 -6.86400070e-04 1.07090691e-02 2.84150759e-05 2.33271643e-04 8.00354605e-05
