6.67288785e-01 6.76257805e-02 -3.81482709e-04 9.13943213e-03 3.08517199e-05 2.75395700e-04 1.52041592e-05
3.39328700e+00 6.99591542e-02 3.75358827e-03 4.77156591e-03 1.92543175e-05 3.50631260e-04 3.88108065e-05
6.11245044e+00 7.69990520e-02 2.69610030e-03 -1.14265891e-02 7.78986773e-05 2.14968689e-04 1.03195447e-04
8.82787575e+00 7.41585063e-02 4.85039445e-03 -1.78592988e-02 6.96987285e-05 2.21454632e-04 4.72539112e-05
1.15478022e+01 7.20426184e-02 3.21548063e-03 -2.25678443e-02 6.00187919e-06 4.55957664e-05 5.96102341e-05
1.42624240e+01 7.71647966e-02 4.51469054e-03 -2.01169893e-02 4.09399298e-05 1.40217776e-04 6.87680163e-05
1.69763318e+01 7.13688438e-02 -2.85320680e-03 -2.51675167e-02 3.14784659e-05 1.63172465e-04 7.16962416e-05
1.96969584e+01 6.08963253e-02 -9.10936643e-03 -3.62015065e-02 1.02640806e-04 2.76242049e-04 7.20088371e-05
2.24093818e+01 5.91768174e-02 -8.63667752e-03 -4.21329002e-02 9.17381016e-05 4.95665668e-04 4.81197930e-04
2.51264006e+01 6.19753050e-02 -2.72733361e-02 -4.71528942e-02 1.08951968e-04 4.41442512e-04 1.15701472e-04
2.78431850e+01 6.35401638e-02 -2.06603328e-02 -4.23041499e-02 4.76960372e-05 1.92409562e-04 1.00105811e-04
3.05678084e+01 6.18566960e-02 -1.41519230e-02 -4.68410534e-02 2.54503855e-05 1.22064677e-04 5.16352541e-05
3.32830537e+01 6.15905967e-02 -5.17534510e-03 -4.78459660e-02 2.84967494e-05 3.82863545e-05 8.80651158e-05
3.59941053e+01 6.24580259e-02 -9.50090785e-03 -5.24915886e-02 4.87916397e-05 1.05618971e-04 2.07168485e-05
3.87071334e+01 5.77734843e-02 -3.90782321e-03 -6.25246479e-02 2.96575972e-05 1.26187873e-04 4.28570152e-05
4.14192397e+01 5.01079631e-02 1.77257175e-03 -6.98285892e-02 3.44849878e-05 8.91087087e-05 8.28451384e-05
4.41404240e+01 5.81991394e-02 5.34479362e-03 -6.57781820e-02 9.52982791e-05 5.74985134e-05 9.14212702e-05
4.68598772e+01 6.52978754e-02 7.76179530e-03 -5.01179807e-02 1.56674324e-05 1.39601859e-04 2.37048684e-05
4.95792412e+01 6.44558130e-02 1.64646667e-02 -4.73446537e-02 4.64426020e-05 3.31201160e-04 8.85394567e-05
5.22939584e+01 6.47857380e-02 1.68476376e-02 -5.32698699e-02 5.09559687e-05 3.81071651e-04 6.74747707e-05
5.50048506e+01 6.58187970e-02 1.44281805e-02 -4.77752107e-02 9.59165847e-05 3.24025153e-04 8.91168853e-05
5.77182928e+01 7.23502027e-02 1.95805009e-02 -5.17935848e-02 5.49589117e-05 1.04440686e-04 4.71133345e-05
6.04249756e+01 6.94668752e-02 1.40940324e-02 -5.80970914e-02 8.92277138e-05 2.66157635e-04 1.76756142e-05
6.31391443e+01 6.08873500e-02 2.86146864e-03 -6.35432489e-02 9.02095964e-05 3.19894238e-05 3.11643124e-05
6.58591865e+01 4.81131718e-02 -4.75674982e-03 -6.38018788e-02 1.41303957e-04 1.63398296e-04 1.33738812e-04
6.85785693e+01 2.91585915e-02 -1.21417409e-02 -6.15006430e-02 1.13256106e-04 3.94846591e-04 5.20632254e-05
7.13063397e+01 2.35615420e-02 -1.79250444e-02 -6.29969803e-02 4.80275316e-05 2.04307957e-04 1.22789311e-04
7.40244272e+01 3.61669736e-02 -1.17723888e-02 -6.33772731e-02 2.09573872e-05 1.59801291e-04 5.30628269e-05
7.67612459e+01 4.25749967e-02 -4.07376085e-03 -6.59358554e-02 3.98588112e-05 8.00898625e-05 1.11103493e-04
7.94763881e+01 4.81965443e-02 -1.99310021e-03 -6.89272426e-02 9.38151089e-05 1.05913367e-04 1.16935695e-04
8.21913037e+01 5.66799518e-02 -1.05994962e-04 -6.68054328e-02 7.37684141e-05 1.88668543e-04 1.11374112e-04
8.49112943e+01 6.33388817e-02 -4.05158280e-03 -5.97478945e-02 3.75128936e-05 1.63621928e-04 8.55828033e-05
8.76215131e+01 6.48930816e-02 -4.22796771e-03 -5.38873340e-02 1.35895417e-04 1.29609014e-04 6.01342454e-05
9.03314897e+01 6.46339164e-02 -1.51005049e-02 -5.51744822e-02 6.03042853e-05 1.66736409e-04 9.78404038e-05
9.30461678e+01 6.00860463e-02 -1.38674588e-02 -5.10405360e-02 1.58234990e-05 1.06855280e-04 5.70418305e-05
9.57556350e+01 5.26000349e-02 -1.30379279e-02 -5.38825755e-02 5.61982075e-05 1.98037143e-04 8.75429926e-05
9.84709037e+01 5.34616515e-02 -1.00031315e-02 -5.06359312e-02 7.43959431e-05 4.06702781e-04 7.49537741e-05
1.01183954e+02 6.61078400e-02 -1.76806834e-02 -5.11048825e-02 8.97135488e-05 4.16086613e-04 1.26449626e-04
1.03888485e+02 6.83586133e-02 -2.20968298e-02 -4.31715375e-02 5.86224366e-05 5.86078345e-04 7.81313889e-05
1.06598391e+02 6.16302108e-02 -1.83877782e-02 -3.85627326e-02 4.20668583e-05 1.88085797e-04 3.03174583e-05
1.09315844e+02 5.52626173e-02 -2.07082481e-02 -4.65759942e-02 1.16188424e-04 1.68744782e-04 1.50989432e-04
1.12025266e+02 6.02510280e-02 -1.01578356e-02 -5.09281632e-02 9.01312671e-05 7.31935388e-05 6.18025920e-05
1.14739469e+02 6.50904319e-02 -7.54621814e-03 -5.45069278e-02 1.11420931e-04 1.41488387e-04 3.84842796e-05
1.17458454e+02 6.90686009e-02 -7.69966224e-03 -5.06887915e-02 9.33039252e-05 1.03567234e-04 5.81475537e-05
1.20164626e+02 6.92440498e-02 -9.08916836e-03 -4.16193831e-02 3.36023498e-05 2.43434285e-05 2.90792337e-05
1.22878610e+02 6.73729099e-02 -5.38820894e-03 -2.82230243e-02 1.25152611e-05 1.99932374e-04 1.84391159e-05
1.25594766e+02 7.11491513e-02 -4.43558263e-03 -2.15263052e-02 1.96442094e-05 1.11232639e-04 6.12119312e-05
1.28307329e+02 6.54964656e-02 -2.05066365e-03 -1.53586379e-02 4.32736821e-05 4.30014494e-05 1.15725254e-04
1.31019891e+02 7.08129041e-02 -9.18573743e-03 -1.36599517e-02 1.01649190e-04 3.11971015e-05 4.76824709e-05
1.33730485e+02 7.65593611e-02 -6.13819488e-03 -9.74815391e-04 5.16708819e-05 2.94178386e-05 2.39795700e-05
1.36453876e+02 7.23393170e-02 -3.34354719e-03 1.71146249e-02 2.48835979e-05 4.74392826e-05 2.17269862e-05
1.39172094e+02 6.67931241e-02 1.48503719e-03 3.76883861e-02 4.29556707e-05 8.65592325e-05 3.36596042e-05
1.41890251e+02 6.87817656e-02 5.75389348e-03 3.58037002e-02 4.59298407e-05 1.42901876e-04 6.45710640e-05
1.44608672e+02 7.33407970e-02 8.45636004e-03 3.42282048e-02 7.85999288e-05 7.42759796e-05 4.12379328e-05
1.47332110e+02 7.40424803e-02 1.22385118e-02 2.88576425e-02 5.90701181e-05 7.93780471e-05 3.69688124e-05
1.50040001e+02 6.37370957e-02 1.18084852e-02 4.24217451e-02 4.42954847e-05 1.68439561e-05 1.33266261e-05
1.52757266e+02 6.57874509e-02 7.83064224e-03 5.64185694e-02 1.28970086e-04 1.02861093e-04 3.73157657e-05
1.55474157e+02 6.63689911e-02 3.64252738e-03 5.37437231e-02 1.45634104e-04 5.40985605e-05 2.34125539e-05
1.58188282e+02 5.84895780e-02 4.83924404e-03 5.92802094e-02 3.35063830e-05 6.42258290e-05 3.04880855e-05
1.60906001e+02 5.79386525e-02 4.87065244e-03 5.35837367e-02 1.10389670e-04 9.18234906e-05 7.98192019e-05
1.63622797e+02 6.05000472e-02 7.97755363e-03 4.83597124e-02 4.26948307e-05 1.28850052e-04 3.37270532e-05
1.66335032e+02 6.80031616e-02 5.26889678e-03 4.58235903e-02 7.67465902e-05 3.75282289e-05 1.22336922e-04
1.69046704e+02 7.50295140e-02 8.23453653e-03 4.46221522e-02 7.15385253e-05 3.59645970e-05 8.92336383e-05
1.71763422e+02 7.27144357e-02 6.61472242e-03 5.24180787e-02 4.74134436e-05 8.43866801e-05 1.33925905e-04
1.74493032e+02 6.36680922e-02 7.77807940e-03 5.78969331e-02 8.60950172e-05 1.96842750e-04 1.12468961e-04
1.77212844e+02 6.62463467e-02 5.53519117e-03 6.06955853e-02 5.32660443e-05 1.57621101e-04 9.39547888e-05
1.79924626e+02 6.64237863e-02 2.77973937e-03 5.97671514e-02 5.02435306e-05 3.23207279e-04 8.45196768e-05
1.82648532e+02 6.43386834e-02 -8.17026524e-03 6.33057283e-02 6.65166032e-05 1.54872927e-04 8.01037168e-05
1.85358235e+02 6.71767091e-02 -4.53024515e-03 6.18251883e-02 6.73900133e-05 3.92885816e-04 2.87881965e-05
1.88083501e+02 6.48541631e-02 -2.46524922e-03 6.94664078e-02 3.00199189e-05 2.36824911e-04 1.77032443e-05
1.90796579e+02 6.29485432e-02 1.24768926e-03 6.59035634e-02 7.11847000e-05 4.79182152e-04 3.48387403e-05
1.93518157e+02 5.53718417e-02 5.56125666e-03 6.35011505e-02 7.61849299e-05 6.07814837e-04 9.20884474e-05
1.96231079e+02 5.96174085e-02 1.27479107e-02 5.58552767e-02 4.36734991e-05 3.64078294e-04 1.82259178e-05
1.98938235e+02 5.78588951e-02 1.37836296e-02 5.85060673e-02 2.42780662e-05 1.45235035e-04 9.54900163e-05
2.01651876e+02 5.79083157e-02 1.22289325e-02 6.23395251e-02 5.10988595e-05 3.10824083e-05 7.93517183e-05
2.04354422e+02 6.07274039e-02 3.47098237e-03 6.49346787e-02 9.78575266e-05 1.08497113e-04 5.14771539e-05
2.07078672e+02 6.32574049e-02 1.43221488e-03 6.52310231e-02 6.48583460e-05 2.35810101e-05 4.25980584e-05
2.09799969e+02 5.95778922e-02 -3.12544586e-03 6.87867928e-02 4.38073885e-05 7.51396893e-05 3.47368711e-05
2.12525469e+02 5.68952668e-02 -1.83833703e-03 6.50391931e-02 7.94556874e-05 2.92986864e-04 1.20146672e-04
2.15236501e+02 5.27316940e-02 -4.76413267e-03 6.58221678e-02 1.50538949e-04 2.04998478e-04 2.91235334e-05
2.17961782e+02 5.16390670e-02 1.99414153e-03 6.87378607e-02 3.24990691e-05 5.12820824e-05 7.37731918e-05
2.20676344e+02 5.22152931e-02 4.57009117e-03 6.71695838e-02 3.47777930e-05 1.29980612e-05 5.02636987e-05
2.23398969e+02 5.88757187e-02 9.36856097e-03 7.11338281e-02 4.52901688e-05 1.11114958e-05 4.37003497e-05
2.26117047e+02 5.51893794e-02 9.94145122e-03 6.85129654e-02 4.68293671e-05 1.10721475e-04 4.91561095e-05
2.28841797e+02 5.87859641e-02 4.34580334e-03 6.52765271e-02 7.74323281e-06 9.35242285e-05 1.71567503e-05
2.31564563e+02 5.59568030e-02 -4.54025160e-04 6.39195404e-02 1.52769555e-05 1.10219759e-04 4.83882557e-05
2.34267063e+02 6.03761789e-02 -7.35961256e-03 6.74985804e-02 5.84878088e-05 4.15196523e-05 7.79938146e-05
2.36971376e+02 5.06023150e-02 -2.74591323e-03 7.02123940e-02 8.29739264e-05 1.47448047e-04 5.06601485e-05
2.39679532e+02 5.37542095e-02 -7.74132809e-03 6.58958517e-02 7.35734207e-05 1.44007333e-04 3.54899611e-05
2.42390719e+02 5.76536397e-02 1.22672901e-03 6.11678963e-02 2.75167997e-05 2.39074244e-04 1.12080739e-04
2.45102297e+02 6.13507144e-02 3.02548436e-03 6.76562979e-02 5.22541233e-05 6.70450595e-05 6.03646672e-05
2.47814672e+02 6.07662135e-02 8.47596279e-03 6.12821286e-02 3.70135625e-05 6.64177127e-05 5.91204660e-05
2.50520610e+02 6.14053670e-02 1.31153668e-02 5.60045608e-02 4.62952665e-05 4.94305080e-05 4.72624211e-05
2.53227547e+02 7.04631262e-02 5.67548915e-03 4.51103694e-02 5.49567807e-05 9.09719905e-05 4.39910106e-05
2.55938454e+02 7.07188262e-02 1.41978103e-03 3.56566084e-02 4.85394548e-05 1.25972203e-04 1.02844276e-04
2.58654672e+02 7.20483869e-02 -2.99284350e-03 3.03117796e-02 1.31272015e-04 2.75242060e-04 1.15502618e-04
2.61363829e+02 7.16608085e-02 -7.42274240e-03 1.84581892e-02 4.14400369e-05 1.90067152e-04 2.93539653e-04
2.64083282e+02 7.16202675e-02 -8.62775174e-03 1.81838684e-02 1.50986247e-04 3.22301346e-04 1.26758550e-04
2.66802141e+02 6.76242761e-02 -5.08091333e-03 1.17266019e-02 3.73248573e-05 2.32811925e-04 6.27868368e-05
2.69530555e+02 6.69376296e-02 -7.44317106e-03 1.22137169e-02 6.98463602e-05 2.44559181e-04 9.21325797e-05
