6.52747163e-01 7.94382981e-02 -2.85310250e-03 1.40581868e-02 2.96777792e-05 2.22926404e-04 4.89417451e-05
3.37524731e+00 8.12918206e-02 -4.37956246e-03 1.30100051e-02 2.74635089e-05 2.05767526e-04 4.42931618e-05
6.10101684e+00 8.38223329e-02 -6.10705066e-03 -3.32372278e-03 2.62415486e-05 1.75095491e-04 6.87173877e-05
8.82178340e+00 8.71335675e-02 -1.17225033e-02 -1.47166121e-02 8.74351014e-05 2.13248242e-04 5.69444784e-05
1.15374653e+01 8.04792450e-02 -1.54225359e-02 -3.23787627e-02 6.34571962e-05 1.31258410e-04 5.58207054e-05
1.42583075e+01 6.69712379e-02 -1.84642060e-02 -4.04191606e-02 5.57216878e-05 2.79568847e-04 8.05248030e-05
1.69723903e+01 6.88977082e-02 -2.00573004e-02 -3.95353579e-02 1.36903203e-04 1.49011271e-04 7.37697448e-05
1.96821075e+01 7.00426187e-02 -2.33257301e-02 -3.40346458e-02 5.73002965e-05 8.33365466e-05 8.51601540e-05
2.23991575e+01 6.82664798e-02 -1.56160040e-02 -3.52628673e-02 1.17276812e-04 7.48631190e-05 8.23189122e-05
2.51189231e+01 6.27687876e-02 -6.21276645e-03 -4.40992828e-02 1.05286191e-04 4.85909921e-05 6.64658805e-05
2.78447715e+01 6.59181969e-02 -6.88550384e-03 -6.13697688e-02 5.35188645e-05 1.54216430e-04 4.95184306e-05
3.05671309e+01 6.59982196e-02 -7.33315851e-03 -6.74143072e-02 1.55600280e-05 5.54420947e-05 4.78481230e-05
3.32868715e+01 6.15128101e-02 1.15397131e-03 -6.96711623e-02 3.06600798e-05 2.61947327e-05 2.72680909e-05
3.60091434e+01 5.92589762e-02 5.77818654e-03 -6.45135699e-02 6.08847983e-05 2.48521814e-05 2.99507626e-05
3.87278200e+01 5.98090017e-02 1.10863297e-02 -5.69922244e-02 4.57303592e-05 1.36976400e-04 8.99826757e-05
4.14395856e+01 7.04181817e-02 1.25496105e-02 -4.95363244e-02 5.08308133e-05 1.58611194e-04 1.92252853e-05
4.41439450e+01 6.75962194e-02 9.52989491e-03 -5.40916438e-02 4.33557764e-05 3.10616963e-05 6.94562200e-05
4.68618731e+01 6.19224653e-02 1.02422878e-02 -5.96267088e-02 4.68626342e-05 1.32264915e-04 7.06105437e-05
4.95744481e+01 5.89882728e-02 1.29277341e-02 -6.11673724e-02 7.85980194e-05 8.64103334e-05 6.15577775e-05
5.22882793e+01 6.10708352e-02 2.05327339e-02 -5.31572680e-02 4.39253048e-05 1.64119551e-04 5.31289856e-05
5.49980778e+01 5.92515779e-02 1.50826323e-02 -5.95208113e-02 4.59184423e-05 1.49520743e-04 1.97643811e-05
5.77069887e+01 5.70830399e-02 1.08213313e-02 -5.35697305e-02 9.16858576e-05 3.89154720e-05 3.98448551e-05
6.04250809e+01 5.76047735e-02 1.52382288e-03 -5.62553443e-02 4.23360984e-05 7.35979193e-05 2.32377851e-05
6.31388575e+01 5.22830474e-02 4.77179207e-03 -5.75364512e-02 6.44089673e-05 2.68350899e-04 3.33556161e-05
6.58605278e+01 4.76904803e-02 -8.38560259e-03 -7.10386897e-02 9.22355971e-05 1.06695578e-04 5.19976094e-05
6.85843262e+01 4.77692763e-02 -7.65531316e-03 -7.51943995e-02 3.62878633e-05 2.01323748e-04 8.22920312e-05
7.13104965e+01 5.19302277e-02 -1.07281793e-02 -7.64340015e-02 5.44549796e-05 2.18380018e-04 2.51242095e-05
7.40366918e+01 5.00187715e-02 -1.20875173e-02 -7.03367999e-02 6.13199730e-05 4.86511730e-04 5.16886157e-05
7.67531997e+01 4.80686693e-02 -1.11308907e-02 -6.38540141e-02 8.74946097e-05 4.19635024e-04 9.01348348e-05
7.94694856e+01 4.70540191e-02 -6.97801955e-04 -6.00963269e-02 1.09866498e-04 2.22290242e-04 5.96142320e-05
8.21876153e+01 4.94743052e-02 -4.08458706e-03 -5.96261446e-02 1.35716852e-04 2.72843182e-04 7.84362445e-05
8.49028403e+01 5.33491625e-02 -2.08161331e-03 -6.24939239e-02 2.71743900e-05 9.19248746e-05 1.19071484e-04
8.76134028e+01 5.41030143e-02 -3.90672136e-03 -6.02652082e-02 1.25132941e-04 7.58320880e-05 4.23436830e-05
9.03245512e+01 5.60384078e-02 -3.63186800e-03 -5.89714111e-02 6.74149937e-05 1.86832804e-04 3.68177073e-05
9.30470700e+01 5.92975804e-02 -9.38426283e-03 -5.76638339e-02 4.03941460e-05 7.10759025e-05 4.81649962e-05
9.57668825e+01 6.69477908e-02 -1.09665411e-02 -5.36285995e-02 6.32818250e-05 1.11353756e-04 5.95859585e-05
9.84715528e+01 6.74598688e-02 -1.84565146e-02 -4.04761030e-02 3.25412907e-05 4.90720693e-05 2.91604468e-05
1.01177628e+02 5.86848224e-02 -1.68389464e-02 -3.56834796e-02 3.70950558e-05 7.62689087e-05 5.18966917e-05
1.03895581e+02 6.22207839e-02 -2.26129801e-02 -4.29402779e-02 3.24145106e-05 8.66205158e-05 1.57522981e-04
1.06605425e+02 6.29848579e-02 -2.74756120e-02 -4.60489985e-02 4.97738659e-05 1.98499132e-04 5.98138278e-05
1.09320503e+02 6.58324272e-02 -2.31127641e-02 -5.03480400e-02 4.24618206e-05 1.53919361e-04 1.18829232e-04
1.12043940e+02 6.41004313e-02 -1.79261066e-02 -5.16727021e-02 8.05320473e-05 1.19376047e-04 7.27307472e-05
1.14744925e+02 6.47072314e-02 -9.97436341e-03 -4.93447246e-02 5.28094090e-05 1.08706024e-04 5.81360785e-05
1.17457081e+02 7.04321321e-02 -6.23759476e-03 -4.78193327e-02 1.60723629e-04 2.12838133e-04 6.38062195e-05
1.20171331e+02 7.66025489e-02 -6.03494023e-03 -4.71086173e-02 3.10100475e-05 1.52789333e-04 8.00549680e-05
1.22878300e+02 7.95806580e-02 -7.87785983e-03 -3.14784411e-02 1.68503784e-05 2.95145327e-04 9.08338328e-05
1.25594128e+02 7.99845484e-02 -1.06803583e-02 -2.90028731e-02 4.75008584e-05 7.67698256e-05 2.76731064e-05
1.28304972e+02 8.22219497e-02 -9.31736774e-03 -1.57541924e-02 3.58111181e-05 2.61208234e-04 9.46605073e-05
1.31012722e+02 7.87832882e-02 -6.53292236e-03 -1.27246470e-04 9.23153366e-05 1.78876679e-04 3.90033938e-05
1.33726175e+02 7.62377980e-02 -9.04950630e-03 2.11440414e-03 1.38883006e-04 2.78654077e-04 8.84236392e-05
1.36442925e+02 8.06911029e-02 -1.89145649e-03 1.07275433e-02 1.81279902e-05 1.25081975e-04 6.74653571e-05
1.39164112e+02 8.06666246e-02 4.55518359e-04 2.00790667e-02 6.41217560e-05 1.59354585e-04 8.24467113e-05
1.41875143e+02 7.37974897e-02 5.29120053e-03 3.17230232e-02 6.78665424e-05 1.21661973e-04 4.95368496e-05
1.44600159e+02 6.59340599e-02 8.16221782e-03 3.86330837e-02 1.21705222e-04 2.26971869e-04 3.28826176e-05
1.47322534e+02 6.33668073e-02 1.15402928e-02 3.65085048e-02 4.95909529e-05 1.98666257e-04 5.73353507e-05
1.50049190e+02 6.13900238e-02 9.26162615e-03 4.82145509e-02 2.38321579e-05 1.22697008e-04 4.00448848e-05
1.52759659e+02 6.20359375e-02 1.74052088e-02 4.56531313e-02 5.10990346e-05 2.97994499e-05 6.34371404e-05
1.55481737e+02 5.87759472e-02 2.21623058e-02 4.81666046e-02 2.23531237e-05 3.88966693e-05 1.35467202e-05
1.58198018e+02 6.53923868e-02 1.52947789e-02 5.22173968e-02 6.47953523e-05 7.77931651e-05 2.65824823e-05
1.60915409e+02 7.46769030e-02 6.91403648e-03 4.49749383e-02 7.02909701e-05 1.63539036e-04 4.93989445e-05
1.63630425e+02 7.44260870e-02 1.82224251e-03 4.75951340e-02 5.10697857e-05 2.69948267e-04 5.76606174e-05
1.66343534e+02 6.74729800e-02 -4.11657422e-04 4.72092929e-02 8.66261718e-05 2.53129735e-04 5.12850912e-05
1.69066956e+02 5.44225212e-02 2.85765181e-03 5.64405255e-02 1.64603890e-05 4.07015730e-04 2.83798140e-05
1.71776925e+02 5.03565933e-02 1.08137956e-02 5.50842677e-02 8.06986819e-05 3.30303262e-04 1.68877796e-05
1.74480472e+02 6.01089495e-02 8.14646469e-03 5.84224631e-02 2.44288062e-05 2.45070056e-04 1.87441752e-05
1.77192800e+02 6.22641765e-02 9.49303200e-03 4.77095844e-02 1.05107265e-04 3.23439015e-04 8.14726392e-05
1.79914690e+02 5.62189745e-02 5.47795361e-04 4.65603861e-02 4.41501671e-05 4.04773432e-04 1.13295967e-04
1.82638159e+02 5.61318198e-02 -3.48152525e-03 4.69808379e-02 4.67455768e-05 2.99043625e-04 1.06231494e-05
1.85361909e+02 5.50523993e-02 -1.89010758e-03 5.60663517e-02 4.39429453e-05 2.54898318e-04 4.38705731e-05
1.88085003e+02 5.20808286e-02 4.54988664e-04 6.46487373e-02 6.36950504e-05 1.38790293e-04 5.76658213e-05
1.90799175e+02 5.50819963e-02 -1.43102085e-03 6.14520463e-02 5.55429265e-05 2.95598358e-04 5.44649880e-05
1.93517128e+02 5.98999041e-02 2.82614910e-03 6.40201746e-02 1.93483772e-05 1.68248968e-04 3.90983583e-05
1.96233909e+02 6.21710403e-02 4.57719745e-03 5.27601620e-02 4.35998742e-05 3.71103659e-04 4.18404485e-05
1.98944315e+02 5.64302012e-02 5.15949392e-03 5.60136583e-02 8.31837272e-05 2.15799342e-04 3.62503835e-05
2.01660128e+02 6.14670469e-02 1.10945353e-02 5.21220748e-02 3.51355694e-05 3.63427364e-04 4.15328690e-05
2.04375612e+02 5.86489746e-02 1.57970756e-02 5.68171366e-02 1.69914261e-05 1.29185774e-04 7.36027592e-05
2.07085050e+02 5.69819949e-02 1.58050272e-02 5.99277296e-02 3.73225196e-05 2.49101980e-05 2.70473315e-05
2.09795503e+02 5.85161711e-02 9.72623796e-03 6.59077381e-02 2.94284606e-05 2.60544054e-05 4.42456002e-05
2.12513987e+02 5.48354430e-02 3.03833035e-03 6.59637249e-02 3.96539494e-05 2.93778279e-04 7.56462051e-05
2.15229534e+02 4.63283231e-02 4.89682604e-03 7.02949107e-02 1.55526121e-04 1.98736455e-04 4.44248474e-05
2.17954237e+02 4.73936088e-02 4.06307691e-03 6.59951068e-02 3.06347425e-05 1.39489624e-04 1.28691817e-04
2.20677128e+02 4.81877954e-02 6.39321529e-04 6.52434335e-02 9.09477778e-05 9.06808219e-05 4.85526813e-05
2.23391956e+02 4.72750955e-02 5.30733610e-03 6.36387910e-02 3.04210200e-05 9.86167832e-05 6.96474989e-05
2.26111706e+02 5.91882600e-02 -6.22578632e-04 6.01504867e-02 4.01960066e-05 5.47768365e-05 1.13362079e-04
2.28813362e+02 6.32240095e-02 3.63720403e-03 6.20306761e-02 4.57717421e-05 9.28611915e-05 3.81966263e-05
2.31522534e+02 6.06530984e-02 7.91899229e-03 5.94045680e-02 4.84103687e-05 5.71274638e-05 1.94853037e-05
2.34249628e+02 5.37309791e-02 4.89128721e-03 5.71870491e-02 9.01279512e-05 1.52555539e-04 3.80885508e-05
2.36973347e+02 5.36041231e-02 -1.46605394e-03 5.54425848e-02 9.95581361e-06 1.00860236e-04 5.71268076e-05
2.39694347e+02 6.53616453e-02 5.04412999e-03 5.49598779e-02 1.14866859e-04 1.05501097e-04 1.99917482e-05
2.42416253e+02 5.80975759e-02 1.70764452e-03 5.76655749e-02 7.70541367e-05 9.24771974e-05 1.61433446e-04
2.45125534e+02 5.84898162e-02 1.79744235e-03 5.35924234e-02 5.29244061e-05 1.10744352e-04 3.74954197e-05
2.47832190e+02 5.38346881e-02 1.69179136e-03 5.05064970e-02 3.52001810e-05 1.07061416e-04 2.51034043e-05
2.50546487e+02 6.03972291e-02 -2.30757059e-03 5.18820608e-02 7.61120514e-05 1.51706807e-04 5.46364276e-05
2.53253409e+02 6.40147449e-02 -1.49555303e-03 4.35452268e-02 4.40936187e-05 2.01204536e-04 8.25102687e-05
2.55956378e+02 6.72301962e-02 4.96780960e-05 3.73339343e-02 6.14584966e-05 3.67107173e-04 3.14382051e-05
2.58672097e+02 7.30027844e-02 1.33871300e-03 2.93801898e-02 6.30839243e-05 1.62820369e-04 1.68225259e-04
2.61380831e+02 6.88864670e-02 -3.09089945e-03 2.56957649e-02 5.94440514e-05 4.42921116e-04 6.09380912e-05
2.64093893e+02 7.25489404e-02 -3.40400875e-03 2.10940767e-02 1.15389381e-04 3.45186120e-04 8.22994521e-05
2.66809831e+02 7.32110354e-02 -5.65614071e-03 2.30535566e-02 2.98438840e-05 2.23100353e-04 5.95988205e-05
2.69529505e+02 7.63255663e-02 -1.74356359e-03 1.90508813e-02 5.76048773e-05 2.41408731e-04 6.77125545e-05
