7.06863165e-01 7.83493465e-02 -2.18722746e-02 -1.18398052e-02 2.64083511e-05 1.29880820e-04 5.19920296e-05
3.42075854e+00 8.00300765e-02 -1.32391968e-02 -2.06220861e-02 1.51410653e-04 1.47047046e-04 2.81485244e-05
6.12446963e+00 7.72950370e-02 -9.04894740e-03 -3.30813809e-02 1.27594838e-04 2.36010999e-04 9.00876803e-05
8.82649526e+00 6.63375511e-02 -7.72569807e-03 -4.28613532e-02 4.88049668e-05 3.95426365e-04 1.09257488e-04
1.15458829e+01 5.45407075e-02 -3.86442088e-03 -4.96255600e-02 8.19860129e-05 2.79122482e-04 3.08104776e-05
1.42540220e+01 5.05016085e-02 -1.16053384e-03 -5.28050004e-02 3.05543580e-05 3.21517722e-04 3.04272446e-05
1.69722720e+01 5.48956259e-02 1.28659906e-03 -5.26361658e-02 6.77233617e-05 1.23367151e-04 3.10304162e-05
1.96902360e+01 6.00524525e-02 5.16133687e-03 -6.15339833e-02 2.60316267e-05 3.26156231e-04 8.92243172e-05
2.23991907e+01 6.30864433e-02 5.80973205e-04 -6.95209958e-02 9.89427553e-05 9.74622448e-05 3.11228488e-05
2.51057532e+01 5.75453251e-02 2.26185170e-03 -6.85484221e-02 4.91254869e-05 1.26083156e-04 9.89281652e-05
2.78169423e+01 4.90903052e-02 -5.14462334e-04 -6.66855158e-02 5.84462769e-05 1.20279026e-04 3.89309725e-05
3.05406064e+01 4.31836977e-02 -5.12447356e-03 -5.95245724e-02 2.48086203e-05 9.64683319e-05 3.51055899e-05
3.32621954e+01 5.33233387e-02 -5.66580454e-03 -5.39354101e-02 5.88891434e-05 5.59525468e-05 2.80666417e-05
3.59808110e+01 5.40292075e-02 -9.73614955e-03 -4.94418015e-02 3.19710791e-05 6.19028790e-05 8.05702302e-05
3.87026298e+01 5.85757048e-02 -7.73121122e-03 -5.24020848e-02 4.69053250e-05 5.68413597e-05 3.34833981e-05
4.14181907e+01 5.06741537e-02 -9.68746517e-03 -5.60108840e-02 3.41067959e-05 7.90207525e-05 1.41450295e-04
4.41423095e+01 4.70750646e-02 3.24136438e-03 -6.24303230e-02 8.75394983e-05 6.45911579e-05 1.16987429e-04
4.68607579e+01 4.12694105e-02 2.64439562e-03 -6.80420802e-02 2.60150283e-05 7.10654322e-05 6.05817038e-05
4.95891548e+01 4.81990329e-02 6.66852432e-03 -6.19740387e-02 1.14682494e-04 2.00902404e-04 4.38158737e-05
5.23092282e+01 5.31179967e-02 5.70315910e-03 -5.55572854e-02 9.41095189e-05 7.92740942e-05 4.45398396e-05
5.50372704e+01 6.78950031e-02 5.84211685e-03 -4.96156608e-02 5.97371135e-05 6.22279781e-05 8.10318972e-05
5.77447798e+01 7.33205468e-02 1.72192354e-03 -5.07871836e-02 8.58512932e-05 1.96084448e-05 4.15684408e-05
6.04511938e+01 7.26584480e-02 4.45270737e-03 -4.36685208e-02 1.75041760e-05 4.93499802e-05 2.12806337e-05
6.31627282e+01 6.62813948e-02 8.92815096e-03 -4.93124122e-02 6.41877811e-05 2.90044000e-05 1.51828332e-05
6.58727017e+01 6.39166938e-02 -2.61487463e-04 -5.03770344e-02 5.27100559e-05 1.35439243e-04 1.91743959e-05
6.85941251e+01 5.77864399e-02 6.96995386e-03 -5.71288455e-02 3.54397069e-05 2.05066095e-04 7.79952610e-05
7.13104345e+01 5.52094704e-02 -1.81467836e-03 -5.96745762e-02 3.75175788e-05 1.75916704e-04 7.48894603e-05
7.40194329e+01 5.09677428e-02 7.40154634e-03 -6.31469138e-02 2.27700282e-05 4.06271791e-04 2.61825993e-05
7.67372064e+01 5.61279104e-02 2.28387184e-03 -6.21387209e-02 2.33372737e-05 4.34631924e-04 6.36012018e-05
7.94477485e+01 6.45512599e-02 9.76967478e-03 -4.91818088e-02 4.97218862e-05 2.11892692e-04 1.79313499e-05
8.21590876e+01 7.21894856e-02 8.97143420e-03 -4.69391395e-02 1.96038154e-05 2.40765963e-04 3.04281656e-05
8.48703657e+01 6.20678342e-02 1.33489961e-02 -5.43140569e-02 1.80213336e-05 2.45490936e-04 6.51648246e-05
8.75897079e+01 5.55793122e-02 1.62028641e-02 -5.79297303e-02 3.26627577e-05 1.78598696e-04 7.21743959e-05
9.03056110e+01 4.32216500e-02 2.32980468e-02 -6.08779962e-02 7.24214561e-05 3.50066672e-04 6.43426924e-05
9.30222564e+01 4.64857412e-02 1.60142082e-02 -6.45188707e-02 8.25802103e-05 7.56523806e-05 4.61052766e-05
9.57435892e+01 4.86637846e-02 9.57466055e-03 -6.38007312e-02 1.11139785e-04 1.07483655e-04 4.89116744e-05
9.84653595e+01 5.85928528e-02 5.57487063e-03 -6.41411619e-02 1.08416348e-04 6.33516840e-05 6.19216408e-05
1.01180594e+02 5.70882501e-02 -2.68942749e-04 -5.72462724e-02 7.62041131e-05 1.29790193e-04 9.09231401e-05
1.03897859e+02 5.86971702e-02 4.73143904e-04 -5.99601446e-02 1.02437172e-04 8.94762213e-05 1.34536952e-04
1.06608672e+02 5.77063427e-02 4.16493799e-03 -6.27883687e-02 6.56530682e-05 1.07852949e-04 5.02033136e-05
1.09323719e+02 4.94125627e-02 9.58782918e-03 -5.90040038e-02 6.12673913e-05 1.15743634e-04 6.56980893e-05
1.12045484e+02 4.95788170e-02 8.44029269e-03 -5.43836350e-02 9.32165647e-05 1.90007583e-04 7.26283753e-05
1.14763016e+02 5.68224723e-02 1.19194852e-02 -5.25033125e-02 2.01085457e-04 4.73782167e-05 8.67807135e-05
1.17477328e+02 5.70805906e-02 7.17774061e-03 -5.78536825e-02 1.05901544e-04 2.86975928e-04 1.12935384e-04
1.20195672e+02 5.68505141e-02 7.15027215e-03 -5.74345556e-02 6.95270453e-05 2.87987812e-04 1.11762262e-04
1.22909797e+02 5.46681238e-02 3.82603537e-03 -4.36606698e-02 1.01264506e-04 1.43277195e-04 4.34638430e-05
1.25632922e+02 6.22138857e-02 6.84676935e-03 -2.80261933e-02 6.70446313e-05 6.44001575e-05 9.12854694e-05
1.28342719e+02 6.99456118e-02 5.48321996e-03 -1.73131475e-02 1.30312952e-04 1.02351277e-04 5.49620928e-05
1.31057281e+02 7.86210975e-02 -6.38500801e-04 -4.74204515e-03 5.88974766e-05 8.69177502e-05 2.32114558e-04
1.33775984e+02 6.98261289e-02 -5.14624060e-03 8.44258479e-03 1.52445353e-04 1.48549192e-04 6.29258153e-05
1.36488813e+02 6.68984789e-02 -4.55213022e-03 1.90584374e-02 3.74460729e-05 9.32133099e-05 4.61248793e-05
1.39199625e+02 6.84642367e-02 -4.67688522e-03 3.44739544e-02 1.68080508e-05 9.38962099e-05 4.98767924e-05
1.41911016e+02 6.50035415e-02 -9.96135926e-03 3.92895944e-02 5.03236003e-05 7.08284879e-05 7.98503531e-06
1.44619891e+02 5.23521020e-02 -1.10441792e-02 5.19883059e-02 4.58797332e-05 5.58732918e-05 8.11364537e-05
1.47327391e+02 4.78233217e-02 -1.18396768e-02 6.22347916e-02 3.61976408e-05 1.05894275e-04 7.09172507e-05
1.50038031e+02 4.55001289e-02 -1.02565649e-02 7.09160525e-02 9.73769150e-05 3.31208538e-05 6.43457142e-05
1.52754844e+02 3.87744328e-02 -4.22067834e-03 6.82266662e-02 4.96733243e-05 4.30881239e-05 1.39000244e-04
1.55465625e+02 4.82868744e-02 -8.07483250e-03 6.18102064e-02 7.77640768e-05 1.81807186e-04 1.05168838e-04
1.58186625e+02 4.38074715e-02 -1.20272667e-02 6.08223323e-02 3.95221785e-05 6.60983990e-05 5.41974331e-05
1.60910563e+02 3.50886679e-02 -9.05897727e-03 6.05172135e-02 5.30493787e-05 1.61890543e-04 5.34339302e-05
1.63633406e+02 3.33330613e-02 -7.59078077e-03 6.38145862e-02 4.22908857e-05 3.65095016e-04 3.92979446e-05
1.66350281e+02 3.91999416e-02 -5.80559247e-03 6.10549211e-02 2.67018167e-04 4.99800484e-04 5.04816641e-05
1.69074266e+02 4.52486455e-02 -5.93754915e-03 6.21142322e-02 6.16291692e-05 1.95709062e-04 7.33793916e-05
1.71793500e+02 5.12451875e-02 -4.94493438e-03 5.58376330e-02 3.05764708e-05 1.91091189e-04 1.24890647e-05
1.74511328e+02 5.42359367e-02 -1.68118695e-03 5.56746946e-02 1.12876457e-04 3.56483110e-05 4.29192361e-05
1.77226109e+02 5.56627501e-02 8.35029124e-03 5.50637213e-02 2.75944205e-05 1.00251763e-04 2.82161497e-05
1.79945938e+02 5.24373576e-02 8.40268074e-03 5.19324014e-02 6.32125620e-05 1.62313752e-04 2.38037229e-05
1.82654797e+02 5.27741882e-02 2.65249052e-03 5.60912862e-02 3.35674858e-05 2.58348813e-04 1.05659902e-04
1.85374781e+02 6.09408757e-02 6.74325419e-03 5.85015906e-02 2.99699232e-05 3.95335612e-04 4.07911451e-05
1.88089609e+02 5.20203253e-02 -1.97456473e-03 6.11283290e-02 3.25342260e-05 4.07961292e-04 3.41078281e-05
1.90803281e+02 5.25510789e-02 -2.35601334e-03 5.68932393e-02 2.38453698e-05 4.11009170e-04 6.95499099e-05
1.93504297e+02 5.20757404e-02 1.77004229e-03 5.61336776e-02 3.32546541e-05 3.68331757e-04 1.22156231e-05
1.96230313e+02 5.43631797e-02 -1.16347504e-03 5.67895952e-02 1.53657651e-05 2.31314005e-04 4.73159020e-05
1.98937984e+02 5.51427622e-02 -2.10342875e-03 6.45391583e-02 3.55119455e-05 3.47113385e-04 2.88264170e-05
2.01646031e+02 5.88367079e-02 -7.01223321e-04 6.27695320e-02 6.55141897e-05 1.53405460e-04 7.57207113e-05
2.04360359e+02 5.77686607e-02 -7.08282276e-04 5.43032502e-02 1.11115986e-05 2.55400253e-04 7.82624247e-05
2.07075359e+02 5.42915733e-02 8.62013657e-05 5.43492583e-02 1.66941418e-05 2.08427075e-04 4.36526392e-05
2.09789063e+02 5.65218327e-02 -2.17910977e-03 4.32789910e-02 9.03635448e-05 2.56083345e-04 5.78426902e-05
2.12506375e+02 5.27990180e-02 -4.92541601e-03 4.00676122e-02 9.08274838e-05 7.68345239e-05 1.47520784e-04
2.15222563e+02 5.82175894e-02 -6.10745443e-03 4.62372306e-02 2.50990939e-05 5.26403877e-05 1.00239002e-04
2.17944250e+02 6.19057796e-02 -1.91927154e-03 5.07645909e-02 1.92089323e-05 4.51065095e-05 9.34264023e-05
2.20666750e+02 6.32243006e-02 -7.15650436e-03 5.24177771e-02 1.09772406e-04 2.38345160e-05 2.93278965e-05
2.23381203e+02 5.41686303e-02 -3.99168576e-03 4.45488073e-02 5.48462456e-05 7.57243307e-05 5.91594749e-05
2.26101438e+02 4.86631641e-02 -5.12612885e-03 4.83744725e-02 3.61958151e-05 2.52836097e-05 2.32183147e-05
2.28815703e+02 5.24102354e-02 8.46160233e-04 5.30909780e-02 4.98073446e-05 1.41950019e-04 4.59362598e-05
2.31523688e+02 5.45767227e-02 -3.26930430e-04 5.46054976e-02 3.02985287e-05 1.18323020e-04 8.39961724e-05
2.34247703e+02 5.74034214e-02 -1.98057360e-03 5.56100355e-02 6.29460623e-05 2.54144122e-04 6.34228553e-05
2.36964188e+02 5.52013143e-02 -9.02129164e-03 5.68469342e-02 2.51664381e-05 1.18373731e-04 7.32335247e-05
2.39686031e+02 5.07220701e-02 -2.14294163e-03 5.42643015e-02 6.45385748e-05 1.92009548e-04 8.14593078e-05
2.42406656e+02 5.54272899e-02 -1.01952508e-02 5.07893889e-02 2.80180637e-05 8.47907875e-05 2.30727309e-05
2.45123188e+02 6.03317599e-02 -1.03290787e-02 5.28316138e-02 4.66072058e-05 1.30156715e-04 2.72671602e-05
2.47834578e+02 5.34203620e-02 -1.52210428e-02 5.28771253e-02 7.72127719e-05 6.83590256e-05 8.31957900e-05
2.50556266e+02 5.21465329e-02 -1.02456279e-02 5.48673205e-02 1.56141426e-04 1.38304120e-04 7.84010612e-05
2.53280063e+02 4.72050890e-02 -1.17834287e-02 5.11365506e-02 1.24414342e-04 3.06436691e-04 9.69740077e-05
2.55999828e+02 5.26107943e-02 -1.28958501e-02 5.24084196e-02 4.79659698e-05 1.83625748e-04 1.95957122e-04
2.58722750e+02 5.49266131e-02 -1.36149867e-02 5.15942160e-02 1.01005657e-04 3.58757377e-04 2.79732681e-05
2.61445359e+02 5.88331229e-02 -2.30591205e-02 3.90707817e-02 2.37735772e-05 1.31935962e-04 2.17073093e-04
2.64160703e+02 6.53829176e-02 -3.17762079e-02 2.30672992e-02 7.96289736e-05 2.73507356e-04 6.72669360e-05
2.66877031e+02 7.23545455e-02 -3.09011407e-02 1.25770486e-02 5.18496289e-05 6.95270824e-05 3.30128748e-05
2.69589451e+02 7.34975637e-02 -2.88322213e-02 -3.15391473e-03 6.93522157e-05 1.53696574e-04 9.87279023e-05
