6.87645712e-01 7.24802691e-02 -3.73819738e-03 1.08921615e-02 1.77856816e-05 2.73941089e-04 6.60504439e-05
3.40036235e+00 6.64356092e-02 -9.43059701e-03 -7.78687902e-03 9.08891457e-05 1.36227253e-04 7.08018461e-05
6.11326938e+00 6.60529254e-02 -5.16206662e-03 -1.95770984e-02 4.33583088e-05 8.72847384e-05 2.33099440e-05
8.83039891e+00 6.93695477e-02 -4.98107572e-03 -3.17339311e-02 4.48311921e-05 2.38323363e-05 9.94612045e-05
1.15462366e+01 7.21113410e-02 -9.95309121e-03 -4.52978156e-02 4.20499994e-05 1.62968474e-04 2.84150395e-05
1.42699147e+01 7.33715497e-02 -5.53307315e-03 -4.46519724e-02 8.44044390e-05 9.57100813e-05 4.43312997e-05
1.69926506e+01 5.36503045e-02 -6.34426713e-03 -5.37148225e-02 7.27483818e-05 2.09485271e-04 1.21850550e-05
1.97207850e+01 4.82879520e-02 -1.04955394e-03 -4.97970352e-02 3.18852182e-05 1.17363442e-04 1.49258623e-04
2.24425178e+01 5.18388308e-02 -1.02920983e-03 -5.25741790e-02 1.18341025e-04 1.21524181e-04 1.06991672e-04
2.51657866e+01 5.97185370e-02 -6.82335833e-04 -4.46414438e-02 4.01326008e-05 1.94464914e-04 4.44054366e-05
2.78783350e+01 5.53732328e-02 -2.99751712e-03 -4.92723026e-02 6.40841818e-05 1.62397882e-04 3.20414950e-05
3.05889600e+01 5.91018907e-02 -3.87929388e-03 -4.66416331e-02 1.08081072e-04 1.05193034e-04 8.31440877e-05
3.32968475e+01 6.69867303e-02 -6.32962707e-03 -5.36652644e-02 4.52073999e-05 2.17703029e-04 4.50053062e-05
3.60000663e+01 7.61076978e-02 -8.79713133e-03 -4.37240412e-02 3.18260209e-05 1.79819778e-04 2.43907938e-05
3.87060928e+01 6.82113570e-02 -6.67550228e-03 -4.59680540e-02 5.21904465e-05 3.00977415e-04 3.03904018e-05
4.14088600e+01 5.65687515e-02 -1.16480066e-02 -4.65350741e-02 6.38919938e-05 3.13474036e-04 4.25419980e-05
4.41213787e+01 5.12515044e-02 -1.45059866e-03 -6.07566590e-02 6.55649745e-05 4.26956152e-04 4.38094866e-05
4.68314897e+01 4.62727122e-02 -2.24093632e-03 -7.02395479e-02 7.20510694e-05 1.69180765e-04 1.99384411e-05
4.95463506e+01 4.16688677e-02 -1.58146411e-03 -7.67475297e-02 3.04581822e-05 1.22184098e-04 8.97935271e-05
5.22645819e+01 4.32550213e-02 -1.01515787e-04 -6.89313234e-02 1.04418508e-04 1.23510985e-04 3.36966225e-05
5.49792631e+01 5.10749084e-02 -1.15187942e-03 -6.19929107e-02 4.77364959e-05 2.25954088e-04 4.49924161e-05
5.77017069e+01 5.35222072e-02 -3.88620032e-03 -5.64012262e-02 1.08241243e-04 4.53700809e-05 3.75960652e-05
6.04245834e+01 4.74911154e-02 -3.57842962e-03 -5.40843764e-02 8.84697693e-05 1.14754795e-04 4.13595657e-05
6.31436663e+01 4.36111197e-02 -2.06423748e-03 -6.08238417e-02 2.25109741e-05 7.44689528e-05 1.66457061e-05
6.58611678e+01 3.99626334e-02 -2.78261254e-03 -6.48110666e-02 9.71959670e-05 8.04386943e-05 1.78234576e-05
6.85836131e+01 4.32577263e-02 4.13436656e-03 -7.09108357e-02 1.24554015e-05 1.40797167e-04 7.79436361e-05
7.12988459e+01 4.10767365e-02 -9.97595674e-04 -6.83876660e-02 3.26984758e-05 1.00336328e-04 2.74782223e-05
7.40144600e+01 4.77323818e-02 -4.50577740e-03 -6.18092977e-02 2.33611095e-05 7.69534001e-05 6.31340314e-05
7.67346178e+01 5.69083875e-02 -9.44009185e-03 -4.71835669e-02 4.07422720e-05 8.74262654e-05 8.82503360e-05
7.94474084e+01 6.66048276e-02 -5.20433082e-03 -4.33279096e-02 7.74016517e-05 8.96737183e-05 2.71480536e-05
8.21603522e+01 6.78145881e-02 -5.42973273e-03 -3.92260671e-02 1.16526730e-05 7.06386308e-05 7.40709172e-05
8.48780522e+01 6.44495527e-02 4.96237646e-03 -4.40270633e-02 1.15875372e-05 1.35233909e-04 3.73169943e-05
8.75970084e+01 6.44993332e-02 2.31786970e-03 -5.48776398e-02 7.68009161e-05 2.81548402e-04 1.48182638e-05
9.03097834e+01 6.13921859e-02 2.27027717e-03 -4.86129961e-02 4.06339824e-05 2.32954712e-04 5.21801276e-05
9.30298100e+01 5.70420366e-02 -8.66976408e-03 -5.28659829e-02 2.08195146e-05 1.67121419e-04 6.39128406e-05
9.57452147e+01 5.60450560e-02 -6.43831127e-03 -5.03773069e-02 5.39469546e-05 4.83100932e-04 5.20037633e-05
9.84626538e+01 5.44681837e-02 -9.28949811e-03 -5.40763936e-02 5.66213630e-05 2.33705534e-04 1.26416443e-04
1.01183755e+02 5.81155955e-02 -3.48319257e-03 -4.72444710e-02 8.80935151e-05 1.56316959e-04 7.03146448e-05
1.03897427e+02 5.66263530e-02 -6.16849265e-04 -4.98332917e-02 1.04245483e-04 1.12659604e-04 5.06035336e-05
1.06615302e+02 6.03257306e-02 1.90515111e-03 -5.12916468e-02 5.48287370e-05 1.08324600e-04 9.95377996e-05
1.09326818e+02 6.80034738e-02 5.63078438e-03 -5.32954954e-02 7.07782317e-05 7.49867381e-05 5.06905929e-05
1.12033271e+02 6.60155875e-02 2.84887488e-03 -4.54913240e-02 4.90183874e-05 3.33212550e-05 1.05162125e-04
1.14753443e+02 6.09923375e-02 7.95425133e-04 -4.83585129e-02 9.05870515e-05 1.76447148e-04 6.21380410e-05
1.17478474e+02 5.53021091e-02 2.18400843e-03 -4.90184756e-02 1.09880464e-04 1.13105995e-04 5.31572222e-05
1.20188490e+02 4.98004326e-02 3.46253571e-03 -4.76367099e-02 1.24591305e-04 1.24482925e-04 3.40474826e-05
1.22902630e+02 4.97769699e-02 -5.82780071e-03 -3.64656639e-02 4.99184585e-05 1.26534503e-04 6.16555474e-05
1.25615443e+02 5.05760367e-02 -3.12126551e-03 -2.99065886e-02 8.90553913e-05 2.43420995e-04 1.14319539e-04
1.28342021e+02 6.32131132e-02 -3.17579357e-03 -1.86700808e-02 1.00368016e-04 6.06543220e-05 7.58256368e-05
1.31060880e+02 6.81738130e-02 -5.49639844e-03 -1.08864553e-02 1.06377238e-04 1.82742297e-04 5.42206660e-05
1.33783458e+02 7.43217383e-02 1.79599791e-04 1.07185675e-02 7.00275336e-05 2.63520649e-04 1.09956304e-04
1.36502271e+02 6.59326268e-02 5.62461152e-03 2.31858126e-02 5.52468695e-05 1.97830374e-04 1.84801339e-04
1.39214599e+02 6.13756645e-02 1.12900824e-02 4.10316722e-02 4.26658671e-05 5.32483313e-04 2.91436706e-05
1.41924130e+02 5.65522991e-02 1.54251370e-02 4.14874641e-02 4.18722254e-05 2.79164543e-04 8.15095865e-05
1.44644412e+02 5.67740344e-02 1.37382094e-02 3.78569310e-02 6.09558501e-05 2.58795068e-04 1.43841729e-04
1.47362990e+02 6.59644698e-02 1.39699877e-02 4.42936165e-02 9.23684720e-05 3.75249876e-04 9.57522655e-05
1.50073474e+02 7.24272645e-02 1.11352866e-02 4.42926180e-02 4.22711856e-05 1.08965203e-04 8.29471102e-05
1.52793521e+02 7.25470239e-02 1.36580435e-03 3.87519659e-02 1.08303414e-05 1.46358045e-04 7.38679122e-05
1.55503833e+02 7.27793472e-02 -3.69701229e-03 3.08832924e-02 3.58811634e-05 1.11637278e-04 1.88094865e-05
1.58213255e+02 7.49812428e-02 -7.99618672e-03 2.36995282e-02 5.04911278e-05 1.48627538e-04 4.72042591e-05
1.60924208e+02 7.26538044e-02 -5.84997808e-03 3.45028662e-02 2.88993997e-05 5.47479049e-05 8.57827587e-05
1.63639630e+02 7.03194196e-02 -2.82362107e-03 3.72311760e-02 6.48396986e-05 6.55012009e-05 8.45443873e-05
1.66346880e+02 7.77369192e-02 -7.51100012e-04 4.10096939e-02 7.34755346e-05 1.59388137e-04 8.92861170e-05
1.69066318e+02 7.04653676e-02 1.55531911e-03 4.34630316e-02 5.34335472e-05 2.49535383e-04 5.84172550e-05
1.71777255e+02 6.75173350e-02 5.23043322e-03 5.03266324e-02 8.21474408e-05 1.18125380e-04 1.28964237e-04
1.74487943e+02 6.70609915e-02 2.33196809e-03 5.35689794e-02 5.02572536e-05 1.66616485e-04 5.26730662e-05
1.77193818e+02 6.17357693e-02 6.18220528e-04 6.11456874e-02 5.95360541e-05 1.35670244e-04 5.14470790e-05
1.79902537e+02 5.75833918e-02 -7.30150722e-04 6.71267679e-02 7.87345547e-05 4.86595547e-05 3.60075234e-05
1.82614068e+02 5.90833559e-02 -3.02401068e-03 5.86442412e-02 4.59704456e-05 1.23731247e-04 4.23214482e-05
1.85334443e+02 6.15597360e-02 4.24356799e-03 5.92132372e-02 2.39549895e-05 9.12557046e-05 1.41780225e-04
1.88047130e+02 7.01441690e-02 -2.10353431e-03 5.48049447e-02 3.83586946e-05 1.71541036e-04 3.49387743e-05
1.90768771e+02 6.70879773e-02 -2.08191974e-03 4.90527728e-02 4.52876539e-05 9.35575805e-05 2.89747840e-05
1.93489115e+02 5.99425100e-02 -4.13322638e-03 4.50463655e-02 4.97887518e-05 8.66726171e-05 5.26689738e-05
1.96200880e+02 5.28887864e-02 -2.15781718e-03 5.91396269e-02 9.30683207e-05 1.01124782e-04 1.11825002e-04
1.98923708e+02 5.14221276e-02 3.34113820e-03 5.85145679e-02 6.44484654e-05 2.96357501e-04 8.84026414e-05
2.01658521e+02 4.96754521e-02 5.72317963e-03 5.93611063e-02 2.47686284e-05 3.32997579e-04 7.63618355e-05
2.04379224e+02 5.38720054e-02 6.09930017e-03 5.39363340e-02 3.17621694e-05 1.57008688e-04 7.89637070e-05
2.07096130e+02 5.68180787e-02 2.27680377e-03 6.55934512e-02 1.12894526e-04 7.34891004e-05 5.14581609e-05
2.09810083e+02 6.45945154e-02 4.46396364e-03 6.29481457e-02 7.06299641e-05 5.50558712e-05 3.15071007e-05
2.12527255e+02 6.49097086e-02 9.49872070e-03 5.74992607e-02 9.78492463e-05 5.69756952e-05 2.25767798e-05
2.15241474e+02 6.09950394e-02 9.31464563e-03 6.30974520e-02 2.83273161e-05 8.83582178e-05 3.24092090e-05
2.17957458e+02 5.46027181e-02 6.36887296e-03 6.87689334e-02 2.95089079e-05 1.11438287e-04 5.23046351e-05
2.20671755e+02 4.82050961e-02 6.85416454e-03 6.65783503e-02 5.90081005e-05 1.22428126e-04 2.84215846e-05
2.23386787e+02 3.95806423e-02 3.72596567e-03 6.91209735e-02 1.12036478e-04 1.45927657e-04 8.47998586e-05
2.26094474e+02 3.14396050e-02 -2.37022831e-03 7.35124693e-02 9.44221683e-05 3.35474296e-04 9.50219730e-05
2.28817833e+02 2.34263330e-02 -4.78027739e-03 7.77625396e-02 1.47230949e-05 3.58979094e-04 5.36776476e-05
2.31530568e+02 2.66255846e-02 -9.86946517e-03 7.83818574e-02 7.82581656e-05 3.09537612e-04 6.79930499e-05
2.34240599e+02 3.72207618e-02 -7.62980230e-03 6.97212721e-02 6.60266989e-05 2.52654801e-04 3.90913070e-06
2.36961818e+02 4.88580356e-02 -7.44498946e-03 7.12843867e-02 4.75273034e-05 2.15041080e-05 5.53057418e-05
2.39690287e+02 5.47154027e-02 -4.22779992e-03 6.09029180e-02 7.49803625e-05 1.17707145e-04 3.54014712e-05
2.42411771e+02 6.06618300e-02 -1.26049121e-02 5.52439717e-02 2.69555865e-05 1.28904138e-04 5.63025501e-05
2.45134599e+02 6.50888235e-02 -7.36389021e-03 5.30091537e-02 1.70717589e-05 1.46655948e-04 5.30610075e-05
2.47839349e+02 6.59314666e-02 2.10256063e-03 5.03362854e-02 2.57873382e-05 8.39797178e-05 1.47591178e-05
2.50553880e+02 5.80404972e-02 1.75766141e-02 4.71752327e-02 4.64150723e-05 3.62500797e-05 4.84265739e-05
2.53270115e+02 6.50274091e-02 2.14617495e-02 5.62896476e-02 5.21419333e-05 3.43466085e-05 9.08536320e-05
2.55983333e+02 6.49692351e-02 2.26080615e-02 5.90451428e-02 3.99625574e-05 1.45471263e-04 6.82608357e-05
2.58710708e+02 5.46564868e-02 1.89693104e-02 4.99774600e-02 1.00886479e-04 4.97660494e-05 8.35318275e-05
2.61426802e+02 5.79424253e-02 1.57809018e-02 5.02501761e-02 2.36261585e-05 1.85590314e-04 1.26177042e-04
2.64137537e+02 6.15530147e-02 9.95992237e-03 5.20047693e-02 8.83656587e-05 1.97565948e-04 3.65581210e-05
2.66855943e+02 7.06974359e-02 3.17484033e-03 4.50296631e-02 7.67506109e-05 3.71663833e-04 3.41444109e-05
2.69566450e+02 7.72806305e-02 -3.92639408e-03 2.85388687e-02 6.36698461e-05 3.56945416e-04 1.61710498e-05
