6.94013303e-01 7.65791758e-02 -5.26548018e-03 1.36810774e-03 8.02634410e-05 1.09252625e-04 1.43625995e-04
3.40676922e+00 6.93234638e-02 -1.16184084e-03 -1.67675770e-02 5.28787660e-05 6.11246618e-05 3.73984864e-05
6.11652297e+00 6.90948954e-02 -5.69647369e-04 -1.69763819e-02 9.63733399e-05 3.43022421e-05 6.04940495e-05
8.83449265e+00 6.77109228e-02 -3.82491776e-03 -2.55896189e-02 7.47182923e-05 7.38961534e-05 5.41007961e-05
1.15498862e+01 7.07512591e-02 -1.08524635e-02 -3.82840480e-02 1.80318157e-05 9.36452365e-05 1.28276798e-05
1.42692644e+01 6.63237890e-02 -1.52053888e-02 -4.43209021e-02 3.81636756e-05 6.15430851e-05 3.02432111e-05
1.69895456e+01 6.20088916e-02 -1.92280376e-02 -4.71904112e-02 1.34834395e-05 1.21587516e-04 2.04017818e-05
1.97158456e+01 5.79879005e-02 -8.40679676e-03 -4.48428738e-02 5.27954739e-05 1.05506317e-04 6.68146679e-05
2.24388847e+01 5.57437294e-02 -5.02903225e-03 -4.95619964e-02 7.81006017e-05 1.58236972e-04 7.60160446e-05
2.51621831e+01 5.79394151e-02 -6.17602680e-03 -4.50074397e-02 1.10824043e-04 1.07842531e-04 9.01001951e-05
2.78688222e+01 5.93329202e-02 -1.00103348e-03 -4.79365625e-02 2.83826743e-05 1.11246735e-04 5.65792754e-05
3.05813284e+01 5.72900042e-02 -4.40176092e-03 -5.17641651e-02 2.64832974e-05 1.19883454e-04 1.08989249e-04
3.32908347e+01 6.26221840e-02 -4.71305347e-03 -5.50222042e-02 5.04105057e-05 2.67788304e-04 4.89908029e-05
3.59980316e+01 6.43806913e-02 -1.16564085e-02 -4.28445188e-02 4.33758974e-05 1.59466635e-04 4.53221916e-05
3.87017425e+01 5.42447267e-02 -4.03694665e-03 -4.60686959e-02 1.93780373e-05 2.55523568e-04 1.52000556e-05
4.14099581e+01 5.09055720e-02 -7.73026013e-03 -5.12487103e-02 4.51846220e-05 3.44855787e-04 1.23658148e-04
4.41226956e+01 4.92387587e-02 -6.44229280e-04 -5.62321706e-02 4.27219773e-05 2.46340351e-04 1.82672858e-05
4.68320988e+01 4.78817426e-02 -2.36659565e-03 -6.42726929e-02 5.99633247e-05 1.62122728e-04 6.84788839e-05
4.95511269e+01 4.35832758e-02 1.00993925e-03 -7.14556421e-02 2.18008525e-05 7.27829705e-05 7.22877698e-05
5.22661597e+01 4.84696249e-02 -6.23311193e-04 -6.70856533e-02 4.54778707e-05 1.11889178e-04 4.85064851e-05
5.49946222e+01 5.34089082e-02 -1.95582057e-03 -6.05553802e-02 9.70009064e-05 8.99935242e-05 4.35039534e-05
5.77111534e+01 4.62927147e-02 -2.30517742e-03 -5.88482752e-02 4.16422323e-05 5.06839952e-05 4.58123685e-05
6.04279941e+01 4.59454416e-02 -2.54496191e-03 -6.11387620e-02 1.04055486e-04 1.33473176e-04 3.67299997e-05
6.31438534e+01 4.54651788e-02 1.19988845e-03 -6.84786784e-02 3.20331476e-05 5.42740820e-05 7.22260846e-05
6.58593972e+01 4.10952461e-02 -1.13610899e-03 -6.37001808e-02 2.38289230e-05 1.12351866e-04 3.97860332e-05
6.85859972e+01 3.95547980e-02 6.89953494e-03 -6.46457265e-02 1.68508707e-05 9.73200701e-05 9.46437146e-05
7.13038159e+01 4.14519600e-02 -3.31497879e-04 -6.31978031e-02 5.71805566e-05 1.07301756e-04 2.85227790e-05
7.40217441e+01 5.03370317e-02 -1.28398046e-03 -5.56866376e-02 6.82281586e-06 2.19836574e-04 4.38297040e-05
7.67369519e+01 5.82400291e-02 -5.58595158e-03 -5.41658350e-02 4.97510889e-05 1.16552037e-04 6.49604438e-05
7.94516363e+01 6.05177435e-02 -3.73323785e-03 -5.05495623e-02 7.94119326e-05 3.19770991e-05 1.38830343e-04
8.21654409e+01 6.83894004e-02 -6.67572224e-03 -4.96008856e-02 7.14564469e-05 1.17603865e-04 3.90306489e-05
8.48804566e+01 6.72631512e-02 7.79489901e-03 -5.02463502e-02 9.59621034e-05 2.39984482e-04 5.69149643e-05
8.75923800e+01 6.19495142e-02 -2.45242236e-03 -5.61081638e-02 8.33466968e-05 1.67617910e-04 2.96124106e-05
9.03139128e+01 5.32651166e-02 -6.09542923e-04 -4.67228370e-02 7.52384111e-05 2.99636439e-04 2.29180215e-05
9.30350409e+01 5.71222855e-02 -8.91534368e-03 -5.16179682e-02 4.22645255e-05 2.64857944e-04 2.66938064e-05
9.57462253e+01 5.71598957e-02 -2.15300961e-03 -4.81162741e-02 4.72207834e-05 3.84016147e-04 1.48919669e-04
9.84598441e+01 6.41599838e-02 -5.30987890e-03 -5.14783532e-02 5.87296196e-05 1.45675374e-04 8.98344280e-05
1.01175027e+02 6.22063140e-02 -6.02262670e-03 -4.77282613e-02 1.34747234e-04 1.81032812e-04 7.85175360e-05
1.03889714e+02 5.65248100e-02 3.07672767e-03 -5.11728088e-02 5.70554721e-05 6.88961634e-05 2.79669288e-05
1.06610183e+02 5.26449193e-02 7.80883232e-03 -5.41900561e-02 2.77787892e-05 7.27754792e-05 3.90450839e-05
1.09328167e+02 5.86868803e-02 1.06713691e-02 -5.57875179e-02 1.36430948e-05 6.31480676e-05 5.55697132e-05
1.12045089e+02 6.66808853e-02 5.58355507e-03 -4.93462246e-02 1.90857480e-05 5.71596313e-05 6.71785526e-05
1.14760417e+02 6.95118354e-02 3.53865572e-03 -4.54580397e-02 6.31323786e-05 7.03462627e-05 2.93478825e-05
1.17475714e+02 6.23329497e-02 4.54684588e-04 -5.10271689e-02 3.03183681e-05 1.58647870e-04 1.11388215e-04
1.20196699e+02 5.43336178e-02 -7.86181742e-04 -4.53133011e-02 1.40788454e-05 2.19541395e-04 6.65591925e-05
1.22910042e+02 5.69138613e-02 -3.34181153e-03 -3.43419617e-02 6.58138711e-05 8.42093887e-05 1.64766526e-05
1.25626105e+02 5.12120852e-02 -3.16052962e-03 -2.78007559e-02 1.10401102e-04 5.51211475e-05 1.16089870e-04
1.28346761e+02 5.35680795e-02 -3.52182560e-03 -2.06427628e-02 8.14201843e-05 1.04982065e-04 5.15860967e-05
1.31059871e+02 6.83358396e-02 -1.21737268e-03 -4.46280960e-03 4.83816959e-05 1.75541113e-04 8.99573749e-05
1.33781496e+02 6.99320036e-02 1.99988686e-03 9.40509289e-03 9.61644581e-05 2.78681508e-04 6.67521647e-05
1.36501417e+02 6.86530027e-02 6.20298343e-03 1.87109946e-02 3.39395432e-05 2.48965335e-04 5.95503156e-05
1.39216324e+02 6.38232759e-02 1.17899956e-02 3.10727082e-02 6.05813738e-05 4.72572487e-04 3.17846567e-05
1.41930480e+02 5.99995796e-02 1.52971633e-02 4.50062123e-02 2.07924440e-05 1.70897444e-04 2.99771418e-05
1.44645136e+02 6.02963459e-02 1.52242055e-02 3.76999657e-02 2.36399925e-05 2.42857638e-04 1.25167709e-04
1.47366761e+02 6.80998780e-02 1.66231675e-02 4.01213695e-02 2.23070900e-05 2.75088908e-04 2.44971127e-05
1.50074433e+02 7.09373111e-02 9.17917071e-03 3.47739299e-02 2.96719809e-05 1.64812459e-04 7.19317199e-05
1.52790855e+02 6.81135378e-02 -2.88108245e-03 3.16927572e-02 3.29688924e-05 1.34622185e-04 1.91149428e-05
1.55501464e+02 6.99049809e-02 -1.19779642e-02 3.42286952e-02 2.61745012e-05 1.05203977e-04 3.26235764e-05
1.58212605e+02 7.40821539e-02 -9.34677737e-03 3.08385270e-02 5.28965745e-05 2.15826919e-04 8.49780550e-05
1.60924574e+02 7.30612815e-02 -6.49075031e-03 3.69901018e-02 4.86173266e-05 6.87191480e-05 1.89173245e-04
1.63636574e+02 7.22850590e-02 -6.66590956e-03 3.12773074e-02 5.30391171e-05 1.02042464e-04 4.14764324e-05
1.66356308e+02 6.80936571e-02 -4.34826223e-03 3.44908339e-02 1.29529779e-04 1.18186108e-04 5.16779062e-05
1.69067136e+02 6.79895073e-02 2.75961830e-03 4.43353670e-02 6.67496807e-05 6.68479565e-05 2.50499358e-05
1.71775667e+02 6.01272565e-02 3.78635763e-03 5.12295153e-02 3.58772010e-05 1.13470027e-05 8.34432191e-05
1.74494293e+02 5.99521721e-02 2.29952470e-03 6.47262732e-02 4.67942637e-05 9.07462936e-05 3.71439027e-05
1.77201308e+02 6.19159877e-02 2.77939505e-03 7.02880280e-02 1.03625655e-04 4.30489512e-05 4.23704328e-05
1.79904996e+02 6.07483835e-02 -2.36457765e-03 6.86049160e-02 7.62210691e-05 2.31437959e-05 2.32854762e-05
1.82625746e+02 5.68055962e-02 -7.47074065e-04 6.25504188e-02 2.71432481e-05 1.22398207e-04 7.07099554e-05
1.85346933e+02 6.07984626e-02 -3.78719930e-03 6.02443843e-02 2.99924654e-05 6.36242139e-05 4.86177814e-05
1.88061418e+02 6.87113126e-02 -5.58793936e-03 4.75764220e-02 4.66077874e-05 1.68911997e-04 4.93678057e-05
1.90779058e+02 6.83725199e-02 -3.39402277e-03 4.75876175e-02 6.00388725e-05 1.35772679e-04 2.19571160e-05
1.93492777e+02 6.78472611e-02 -3.63830728e-03 4.01046072e-02 8.75874761e-05 1.23585298e-04 5.27821800e-05
1.96208027e+02 5.48477756e-02 3.11732290e-03 5.06212680e-02 4.57506951e-05 1.65349368e-04 3.32707203e-05
1.98928074e+02 5.38541718e-02 1.00599763e-02 5.66597780e-02 3.58520120e-05 2.54685574e-04 5.72968155e-05
2.01652167e+02 5.17532157e-02 1.06713803e-02 5.98996452e-02 1.06146632e-04 2.80646873e-04 1.15073905e-05
2.04381246e+02 4.62000640e-02 3.99290220e-03 5.53809098e-02 4.47345136e-05 5.02963658e-04 7.26047264e-05
2.07098839e+02 5.60962809e-02 -2.56388421e-03 5.86845184e-02 1.97209729e-05 6.84357873e-05 2.79736866e-05
2.09815292e+02 5.61550895e-02 2.90034841e-04 6.39059259e-02 4.71816899e-05 5.13590802e-05 1.19113015e-04
2.12527027e+02 6.34729506e-02 6.83646623e-04 5.83246106e-02 1.14215335e-04 1.97669391e-05 1.07114484e-05
2.15242136e+02 5.77637804e-02 8.54482402e-03 6.17272319e-02 3.31455620e-05 8.28602112e-05 6.43394408e-05
2.17959933e+02 5.18032162e-02 2.67523901e-03 6.37609853e-02 4.74994708e-05 4.86296195e-05 3.12026874e-05
2.20668855e+02 4.03692203e-02 9.47894015e-03 6.42879144e-02 6.45150576e-05 9.35716368e-05 6.66855573e-05
2.23394371e+02 3.56407251e-02 4.73160520e-03 6.72961279e-02 4.40722118e-05 4.07780766e-05 1.22202503e-04
2.26102339e+02 3.01517043e-02 1.06939348e-03 7.34229972e-02 6.59653288e-05 2.60384507e-04 7.39070981e-05
2.28819683e+02 3.12842412e-02 -2.83636133e-03 7.31971791e-02 1.98483978e-05 5.21444963e-04 1.12797449e-04
2.31532714e+02 2.90697861e-02 -9.23607241e-03 7.11656783e-02 7.89978551e-05 2.32696855e-04 7.38342851e-05
2.34250199e+02 4.18877060e-02 -6.77828015e-03 6.82744010e-02 4.44552583e-05 2.49737205e-04 9.73091450e-05
2.36970574e+02 4.50426302e-02 -1.20947310e-02 6.43900454e-02 6.66876299e-05 3.70213374e-05 5.85976036e-05
2.39694918e+02 4.87982780e-02 -1.69544980e-02 5.98770669e-02 1.41479304e-05 6.82610579e-05 4.51120275e-05
2.42415074e+02 5.44714479e-02 -1.70903911e-02 5.67031634e-02 6.91187819e-05 6.05264743e-05 6.81565185e-05
2.45124324e+02 5.63946184e-02 -1.01818962e-02 5.92540854e-02 3.48202440e-05 3.38454664e-05 5.46357966e-05
2.47845449e+02 6.45166376e-02 -4.08955727e-03 5.55173202e-02 5.46626677e-05 1.91675032e-04 3.62532156e-05
2.50560355e+02 6.03443223e-02 1.23950702e-02 5.35994458e-02 1.73112376e-05 1.58893360e-04 7.30273999e-05
2.53275667e+02 6.16917492e-02 2.09182744e-02 5.35207574e-02 7.79815024e-05 1.01531688e-04 6.32902364e-05
2.55994277e+02 6.31498927e-02 2.71327263e-02 5.73416538e-02 6.92459209e-05 1.38100196e-04 8.40490395e-05
2.58704933e+02 5.75694645e-02 2.40183914e-02 5.49215159e-02 5.33214357e-05 7.06995546e-05 1.62790417e-04
2.61427402e+02 6.28257789e-02 1.90277676e-02 4.73308841e-02 1.82433909e-05 7.97580413e-05 6.09481251e-05
2.64144121e+02 5.91419049e-02 4.06574254e-03 4.90945001e-02 6.33473933e-05 1.11677881e-04 8.04378405e-05
2.66863964e+02 6.33290735e-02 6.25001225e-04 4.08588989e-02 7.31892659e-05 7.89542200e-05 4.76920066e-05
2.69583424e+02 7.73620548e-02 -1.31573002e-03 2.42227541e-02 4.03671941e-05 2.15632233e-04 9.91194427e-05
