6.73819417e-01 7.50625928e-02 -7.44764771e-03 1.61642884e-02 2.33778905e-05 3.79588838e-04 4.19622905e-05
3.38688433e+00 7.91230882e-02 -9.53236584e-03 -6.88623075e-03 7.00830699e-05 7.20442199e-04 1.66245626e-04
6.10333652e+00 8.28559158e-02 -1.42107933e-02 -2.40732357e-02 9.15412563e-05 4.87418374e-04 7.33452839e-05
8.82318729e+00 7.21334120e-02 -4.77899038e-03 -4.24277465e-02 2.40099805e-05 3.12942640e-04 7.79617921e-05
1.15414045e+01 5.44609559e-02 9.41974027e-03 -4.81941047e-02 2.05346888e-04 5.34915421e-05 2.92604595e-05
1.42696967e+01 5.07328645e-02 1.63233071e-02 -5.89150264e-02 2.61761810e-05 2.09065438e-05 9.60309753e-05
1.69899982e+01 5.28549997e-02 2.07651050e-02 -6.36605991e-02 9.52681645e-05 5.67854618e-05 2.30579217e-05
1.97101826e+01 6.36681304e-02 1.31766913e-02 -6.63241990e-02 7.55800933e-05 4.45985718e-05 7.74759060e-05
2.24295951e+01 5.13490481e-02 1.26643990e-02 -7.07402896e-02 6.31504005e-05 1.06081004e-04 4.02883679e-05
2.51498186e+01 5.51728912e-02 2.35879021e-03 -6.57104841e-02 6.00882166e-05 1.43490112e-04 4.97971391e-05
2.78675404e+01 5.99516906e-02 2.06580128e-03 -5.32786243e-02 1.69356386e-04 1.35535037e-04 4.47346053e-05
3.05821920e+01 6.90020946e-02 -1.94780296e-03 -3.82968243e-02 5.08308555e-05 7.16386620e-05 1.52337148e-04
3.32947326e+01 6.81591430e-02 -2.46049769e-03 -2.94548858e-02 1.29896075e-04 9.07463423e-05 1.63003352e-05
3.60060217e+01 6.55148256e-02 -3.78600344e-03 -3.03704784e-02 2.51076472e-05 1.32508794e-05 4.83848773e-05
3.87092139e+01 6.56071754e-02 -9.79803294e-04 -4.38094822e-02 4.74957075e-05 4.33940702e-05 3.66982603e-05
4.14182795e+01 7.20767621e-02 -5.53472310e-05 -5.34133781e-02 1.52565028e-05 7.17781621e-06 7.18572516e-05
4.41240092e+01 6.22443841e-02 -7.99446472e-03 -5.87150934e-02 5.95504947e-05 7.22435769e-05 3.57665330e-05
4.68370592e+01 5.38340026e-02 -4.41413786e-03 -5.19042657e-02 6.74813758e-05 6.98836705e-05 5.41487009e-05
4.95477029e+01 4.50191262e-02 -5.71520349e-03 -6.15797587e-02 8.45297768e-05 3.67517182e-05 6.78749350e-05
5.22670670e+01 4.86093006e-02 -3.91730252e-03 -6.23206171e-02 1.23667735e-04 8.23526418e-05 1.42128734e-04
5.49831560e+01 4.92660567e-02 -4.63126052e-03 -6.48875018e-02 1.53546472e-05 4.63882161e-05 4.35540090e-05
5.76961342e+01 5.13071615e-02 -1.51657729e-03 -6.56982093e-02 3.29394055e-05 1.67617679e-04 8.32986655e-05
6.04093357e+01 5.80202106e-02 -1.85712974e-03 -5.77300701e-02 3.15165796e-05 1.13059851e-04 5.32132097e-05
6.31192920e+01 5.71311157e-02 -5.41044583e-03 -5.76176480e-02 6.92552505e-05 1.12813159e-04 3.05490664e-05
6.58472545e+01 5.57122925e-02 -5.81402088e-03 -6.46027384e-02 4.77406694e-05 3.91167994e-05 6.63311288e-05
6.85653076e+01 5.13629694e-02 -1.15612033e-02 -6.79037874e-02 8.75962539e-05 6.60619912e-05 4.20040369e-05
7.12917795e+01 5.26963505e-02 -1.18514841e-02 -6.32899829e-02 2.94431524e-05 5.76272470e-05 7.55850024e-05
7.40028810e+01 5.91077944e-02 -9.50804358e-03 -5.55281501e-02 1.61773029e-05 2.43501810e-04 5.16359769e-05
7.67185998e+01 5.89565242e-02 1.48217815e-03 -5.01434518e-02 3.28096462e-05 7.28913621e-05 2.78999788e-05
7.94361326e+01 5.99029778e-02 -1.87769426e-03 -4.36071468e-02 8.42521304e-05 2.19502447e-05 4.43034407e-05
8.21546342e+01 6.54351846e-02 -2.47718585e-03 -4.10534916e-02 5.34954534e-05 7.97615054e-05 4.47689569e-05
8.48677045e+01 6.90334278e-02 -5.17330854e-03 -4.61712286e-02 6.60088992e-05 8.61506636e-05 1.52328231e-05
8.75912998e+01 6.73692097e-02 -5.42864787e-03 -4.42209215e-02 6.69737967e-05 2.55738604e-04 7.87003078e-05
9.03130967e+01 6.21522372e-02 -6.70381598e-04 -4.80698979e-02 5.92012884e-05 3.24435767e-04 7.83779719e-05
9.30349373e+01 5.71476000e-02 2.66773880e-03 -5.53032255e-02 4.82429370e-05 6.74759306e-04 5.20318214e-05
9.57584029e+01 5.55826767e-02 1.10344552e-03 -5.66971102e-02 4.09934850e-05 2.23844508e-04 1.30054859e-04
9.84697217e+01 5.29964726e-02 1.27815023e-05 -6.38193991e-02 1.77800143e-04 5.24320820e-04 5.00705798e-05
1.01193136e+02 5.83469665e-02 -9.85960226e-03 -5.52942531e-02 9.12966613e-05 4.06751671e-04 9.35189862e-05
1.03906011e+02 6.24655414e-02 -5.14878763e-03 -5.06954902e-02 9.28736393e-05 2.56853415e-04 1.61533184e-04
1.06616698e+02 6.71118676e-02 -1.40048189e-02 -4.05917686e-02 6.51747544e-05 1.19036083e-04 4.76877132e-05
1.09335901e+02 6.37972111e-02 -1.28021869e-02 -4.04013369e-02 6.77047608e-05 1.85851132e-05 2.97591251e-05
1.12046526e+02 5.48021883e-02 -7.68314933e-03 -5.42124919e-02 4.16855579e-05 1.13719391e-04 5.83189531e-05
1.14754183e+02 5.81553065e-02 -2.72473829e-03 -6.22001001e-02 5.00740898e-05 1.08737961e-04 2.17071042e-05
1.17462901e+02 5.73747562e-02 6.91284221e-04 -6.24818243e-02 4.21968986e-05 2.13645387e-04 2.83363499e-05
1.20171854e+02 5.57533976e-02 6.65141047e-04 -5.87153456e-02 1.11578678e-04 2.31751901e-04 1.21955480e-04
1.22899276e+02 7.30221253e-02 3.59364798e-03 -5.24229810e-02 4.72760352e-05 2.64748504e-04 1.57066935e-04
1.25619901e+02 7.68921471e-02 8.72601277e-04 -4.64342521e-02 4.20749499e-05 3.30909853e-04 3.75902049e-05
1.28338229e+02 7.11819629e-02 -6.95002604e-04 -3.07844248e-02 6.10416964e-05 2.50942061e-04 4.73503914e-05
1.31054667e+02 6.85999040e-02 -4.27730299e-03 -7.30679627e-05 3.89958703e-05 1.97051941e-04 1.41633222e-05
1.33773948e+02 6.30278957e-02 -7.34199573e-04 1.76895392e-02 3.60952586e-05 1.22679505e-04 3.15921489e-05
1.36496761e+02 6.70981835e-02 -4.96819339e-03 3.52259744e-02 8.81129937e-05 2.22515826e-04 5.43579815e-05
1.39213104e+02 7.29112950e-02 -5.19945415e-03 4.57779382e-02 2.04567759e-05 2.69652353e-04 5.73024358e-05
1.41927464e+02 7.47783750e-02 3.15778543e-04 4.96592088e-02 3.98367359e-05 4.02602585e-04 3.09349050e-05
1.44640464e+02 6.60091059e-02 4.69320687e-03 5.35334053e-02 4.75433740e-05 1.92199284e-04 2.81032447e-05
1.47353901e+02 6.07345937e-02 3.22793095e-03 4.78687881e-02 8.79301737e-05 7.17735891e-05 5.62260556e-05
1.50077933e+02 5.56031369e-02 3.01313350e-03 4.55696003e-02 6.45952544e-05 8.22566080e-05 4.41701639e-05
1.52791042e+02 6.41000427e-02 7.08789387e-03 4.33353784e-02 2.53354650e-05 7.52740605e-05 6.08582268e-05
1.55501933e+02 6.68160147e-02 8.32494265e-03 4.63110213e-02 4.08798405e-05 5.31332511e-05 1.09704781e-04
1.58208151e+02 7.24847212e-02 1.16249226e-02 4.39179164e-02 5.03334257e-05 7.87100054e-05 4.03029718e-05
1.60922745e+02 7.15939166e-02 7.62568120e-03 4.58896515e-02 7.54291184e-05 2.59776350e-04 6.05152194e-05
1.63628761e+02 6.68782875e-02 3.52764676e-03 4.38920091e-02 5.37650611e-05 2.40925392e-04 1.37921810e-04
1.66341964e+02 6.24421124e-02 3.80928594e-03 4.97365712e-02 3.18168402e-05 1.86891484e-04 1.13829720e-04
1.69054792e+02 6.86596958e-02 1.62690812e-03 4.37564413e-02 4.20616553e-05 1.89287136e-04 4.98552335e-05
1.71766042e+02 7.19838724e-02 -3.05625824e-03 4.01627162e-02 3.88986403e-05 2.98600107e-04 4.95261995e-05
1.74478401e+02 6.74468213e-02 6.25264875e-04 3.09935103e-02 1.03481622e-04 6.61834019e-04 8.86691061e-05
1.77198901e+02 6.44969882e-02 1.04510368e-03 2.88644768e-02 1.12367973e-04 3.09393459e-04 5.02951746e-05
1.79914651e+02 6.42387808e-02 4.12131678e-03 3.09948892e-02 3.85182631e-05 4.52018594e-04 1.50386362e-05
1.82631198e+02 5.89422937e-02 9.36321572e-03 4.26446708e-02 1.26216849e-05 2.68782392e-04 4.50673797e-05
1.85343495e+02 5.47964437e-02 1.74936466e-03 4.49922533e-02 1.63972528e-05 1.23610539e-04 7.18211812e-05
1.88052292e+02 4.43889256e-02 7.01243864e-03 5.36707122e-02 7.35252675e-05 1.31519810e-04 4.39003854e-05
1.90767042e+02 4.00613461e-02 4.88792679e-03 6.42433849e-02 2.44315376e-05 1.22739241e-04 4.44573373e-05
1.93493073e+02 4.06195940e-02 3.04271710e-03 6.49504707e-02 3.26591933e-05 8.67953402e-05 9.32933282e-05
1.96202964e+02 4.61098461e-02 -1.42022271e-03 6.65396607e-02 2.70763320e-05 1.19227573e-04 1.20075595e-04
1.98923276e+02 5.43197562e-02 -7.18647580e-03 5.99265842e-02 9.04674056e-05 2.97260119e-04 4.68937491e-05
2.01652011e+02 5.91326690e-02 -5.50029237e-03 6.89626661e-02 3.88775630e-05 2.37206946e-04 7.64281332e-05
2.04369683e+02 6.06675639e-02 2.81664883e-03 5.87755282e-02 3.37676839e-05 2.70055664e-04 6.80832011e-05
2.07086464e+02 5.62108028e-02 1.23520512e-02 5.01281082e-02 5.25628636e-05 2.54131908e-04 1.03181941e-04
2.09801511e+02 4.75964255e-02 1.48409870e-02 4.98399136e-02 3.54032568e-05 1.90160029e-04 5.29625200e-05
2.12526886e+02 4.82841145e-02 1.18781543e-02 5.90334454e-02 5.63157122e-05 2.79673621e-04 3.21726970e-05
2.15239433e+02 5.52570579e-02 9.30100583e-03 5.83668543e-02 5.26525753e-05 1.82904474e-04 4.90825704e-05
2.17950636e+02 5.57557550e-02 3.33267046e-03 5.72641962e-02 3.21166003e-05 1.00351392e-04 3.37433988e-06
2.20670386e+02 5.07887168e-02 -2.11403308e-03 5.62726672e-02 3.87074076e-05 3.74930394e-05 4.16793039e-05
2.23384104e+02 3.83621222e-02 -7.75395862e-03 6.57197891e-02 7.83956547e-05 2.31925822e-04 1.38473496e-04
2.26098323e+02 2.69290451e-02 -6.79137030e-03 6.54993123e-02 1.52664176e-04 9.56661899e-05 4.08744766e-05
2.28820558e+02 2.42740329e-02 -5.03851370e-03 6.28046919e-02 1.67407771e-05 1.88549868e-04 4.61478002e-05
2.31542808e+02 2.26695442e-02 -1.10862522e-03 6.64581536e-02 9.10019701e-05 3.65703984e-05 6.87582032e-05
2.34261261e+02 3.12337954e-02 2.63523048e-03 6.85737733e-02 8.70967984e-05 9.48238657e-05 2.98274548e-05
2.36977386e+02 4.39320950e-02 9.19234788e-03 6.31307684e-02 9.47941743e-05 2.42700841e-04 4.37311858e-05
2.39692729e+02 4.91897414e-02 9.77401257e-03 5.93074652e-02 7.31999460e-05 5.18218632e-05 7.87219003e-05
2.42405948e+02 6.17959261e-02 2.35820908e-02 5.09259655e-02 1.42910001e-04 1.73703707e-04 4.26000157e-05
2.45121401e+02 5.78962794e-02 2.53892319e-02 4.31726163e-02 3.39356488e-05 2.97492647e-05 1.36199491e-04
2.47847776e+02 6.48916278e-02 1.75045893e-02 4.64259052e-02 7.05354010e-05 6.33806627e-05 5.31900899e-05
2.50570167e+02 6.57698599e-02 5.75157963e-03 4.68845405e-02 1.24028263e-04 1.10254591e-04 9.54970828e-05
2.53283073e+02 5.92980561e-02 -1.92270049e-03 4.49309979e-02 4.88165625e-05 8.80608120e-05 1.29066850e-04
2.56008839e+02 5.37858063e-02 -2.66300990e-03 5.05768651e-02 1.05803665e-04 1.21808771e-04 6.34456969e-05
2.58717948e+02 5.70625446e-02 -4.38553514e-03 5.79392613e-02 5.12939952e-05 3.71393011e-05 6.18240937e-05
2.61431995e+02 6.15706021e-02 -9.94937200e-04 6.15331479e-02 4.00267584e-05 3.55567004e-04 1.12459443e-04
2.64139401e+02 6.51981776e-02 5.65182604e-03 4.82513748e-02 5.15677018e-05 6.00970983e-04 4.65255369e-05
2.66848464e+02 6.28750846e-02 3.47069937e-03 3.85951747e-02 3.66470886e-05 1.95255005e-04 4.41094721e-05
2.69565277e+02 7.01985027e-02 2.16735290e-03 3.13786747e-02 5.76071559e-05 4.90370965e-04 9.30357917e-05
