6.75451616e-01 7.00488109e-02 -7.92151357e-03 1.68865783e-02 7.05202485e-05 5.23347548e-04 3.99322266e-05
3.39122496e+00 7.23505363e-02 -1.32863429e-02 1.75427903e-03 2.80773752e-05 2.56249457e-04 1.84155338e-05
6.11184699e+00 7.11475107e-02 -9.32314414e-03 -2.57677674e-02 5.15515176e-05 1.32188552e-04 4.11157595e-05
8.82829261e+00 6.97229460e-02 -8.30668036e-03 -3.75307774e-02 3.83004365e-05 3.46305784e-05 1.70458736e-04
1.15437336e+01 7.31978068e-02 -2.92030469e-03 -4.72825394e-02 2.37964016e-05 1.14512579e-04 2.37225962e-05
1.42690039e+01 6.40682123e-02 3.64417219e-03 -4.93179239e-02 2.10222942e-05 9.65931835e-05 6.46820243e-05
1.69928914e+01 5.57050581e-02 1.14193327e-02 -5.81090225e-02 8.22045436e-05 1.14452207e-04 4.96625415e-05
1.97201992e+01 4.74478397e-02 5.63205173e-03 -5.87199108e-02 5.46769097e-05 1.67762354e-04 9.32799073e-05
2.24459539e+01 5.28269392e-02 1.17328694e-03 -5.73036019e-02 1.19038199e-04 1.03200304e-04 2.18927014e-05
2.51606148e+01 5.48366604e-02 2.57776148e-03 -5.22946677e-02 6.02205847e-05 1.85074422e-04 6.26943537e-05
2.78829539e+01 5.60571985e-02 -3.64445200e-03 -5.18917588e-02 4.00999732e-05 9.83425608e-05 4.00445316e-05
3.05915445e+01 6.29464834e-02 -2.45119229e-03 -4.47763530e-02 5.78228631e-05 1.71447492e-04 2.93053251e-05
3.33016570e+01 6.76081507e-02 -5.67752945e-03 -3.98379513e-02 6.14313748e-05 6.27288997e-05 4.97888494e-05
3.60066101e+01 7.59205244e-02 -2.68996597e-03 -4.30219456e-02 6.12540117e-05 2.39568990e-04 6.63230225e-05
3.87095382e+01 8.03049778e-02 -1.28933144e-02 -4.31030717e-02 4.74043710e-05 1.98995900e-04 2.17046616e-05
4.14190961e+01 6.77483807e-02 -7.92442611e-03 -5.04203531e-02 4.58485774e-05 1.15498401e-04 1.38557920e-05
4.41186773e+01 5.57937903e-02 -5.40846448e-03 -6.38677314e-02 2.03743555e-05 3.70817373e-04 6.54124637e-05
4.68327226e+01 4.34137430e-02 -1.87756489e-03 -7.44104216e-02 3.97688928e-05 1.12637613e-04 5.35047657e-05
4.95454929e+01 4.33573869e-02 -2.49544726e-03 -6.85673174e-02 9.20914477e-05 1.98265959e-04 4.38803576e-05
5.22580320e+01 4.12881710e-02 -1.84076870e-03 -7.22913430e-02 5.30522831e-05 1.70954998e-04 3.67697520e-05
5.49696476e+01 4.85032629e-02 -2.74042146e-03 -6.28701750e-02 1.00551825e-04 2.44232422e-04 7.44618678e-05
5.76931804e+01 5.92818744e-02 -4.35300682e-03 -5.72017629e-02 4.41897738e-05 1.25932276e-04 1.26914860e-04
6.04171992e+01 5.12207851e-02 -2.74825451e-03 -5.24406271e-02 4.48728494e-05 1.52205372e-04 4.85053727e-05
6.31402773e+01 4.33176871e-02 -3.26865208e-03 -5.59279809e-02 7.21169194e-05 8.69889661e-05 6.27317466e-05
6.58642461e+01 4.36245984e-02 -2.41918302e-03 -6.73275734e-02 8.91319473e-05 9.24210585e-05 3.86624401e-05
6.85800570e+01 4.70684850e-02 -6.37267679e-03 -7.21625013e-02 3.16087453e-05 8.10040838e-05 3.11771746e-05
7.12922226e+01 4.71859490e-02 -2.63432245e-03 -7.32592973e-02 9.60195439e-05 8.62928660e-05 6.44427770e-05
7.40104148e+01 4.77062375e-02 -6.73461559e-03 -6.17636099e-02 2.13612858e-05 6.90894076e-05 6.92463443e-05
7.67286211e+01 5.68013411e-02 -1.07156110e-02 -4.94171550e-02 3.17517020e-05 1.49613923e-04 4.20239579e-05
7.94384867e+01 6.89562188e-02 -5.15817083e-03 -3.56994971e-02 7.10551111e-05 1.56951485e-04 8.45015488e-05
8.21574570e+01 6.50337634e-02 2.86714273e-03 -3.57255504e-02 6.55567671e-05 9.94085120e-05 1.38346431e-05
8.48802382e+01 6.57742523e-02 -2.90110561e-03 -3.85803829e-02 8.41005052e-05 9.51041904e-05 4.43117320e-05
8.75993195e+01 6.41925851e-02 5.37375446e-03 -5.20829939e-02 1.50351927e-04 1.52262297e-04 5.06940232e-05
9.03120836e+01 6.84067617e-02 -1.41383753e-03 -5.31056544e-02 7.32178669e-05 1.20882713e-04 1.79228978e-05
9.30240898e+01 5.81253471e-02 -1.92756592e-03 -5.35803592e-02 3.42341592e-05 3.47361897e-04 2.06497751e-04
9.57483711e+01 5.67953643e-02 -1.17830903e-02 -5.14920879e-02 3.24038975e-05 4.50534577e-04 1.01707200e-04
9.84691992e+01 4.68351862e-02 -6.64358089e-03 -5.63146243e-02 4.91474935e-05 4.05116517e-04 5.26699631e-05
1.01184441e+02 5.43681950e-02 -1.70803284e-03 -5.20665497e-02 7.47067381e-05 2.80316774e-04 4.16424191e-05
1.03907410e+02 6.08672370e-02 -6.88490901e-03 -5.00634903e-02 1.10735186e-04 1.53475728e-04 6.98344082e-05
1.06616801e+02 7.05859908e-02 -4.15887597e-03 -4.67397591e-02 8.30987963e-05 1.30192379e-04 9.51543426e-05
1.09321488e+02 6.81024301e-02 -4.56007973e-03 -4.36590763e-02 7.04166169e-05 9.79931991e-05 6.31319409e-05
1.12035957e+02 6.45644441e-02 -8.26605114e-04 -5.02380630e-02 7.75203235e-05 5.56435393e-05 2.95366438e-05
1.14746191e+02 5.47061400e-02 2.45869361e-03 -5.51795123e-02 6.69019287e-05 1.39634739e-04 5.27455697e-05
1.17459644e+02 4.97488879e-02 2.60749997e-03 -5.00136521e-02 7.07069538e-05 2.34422297e-05 1.30507889e-04
1.20179879e+02 5.23955349e-02 1.81867401e-03 -5.08264206e-02 6.27767408e-05 1.16077740e-04 8.70137714e-05
1.22899394e+02 4.83203491e-02 1.51491222e-03 -4.44599736e-02 2.62927745e-05 2.82050627e-04 5.35069929e-05
1.25615769e+02 6.09602996e-02 -3.83052498e-03 -3.44752751e-02 6.94459346e-05 3.59265836e-04 8.09971189e-05
1.28339426e+02 7.41900158e-02 -3.85851070e-03 -1.87545320e-02 7.58155118e-05 1.69089736e-04 2.98032743e-05
1.31067441e+02 6.98511443e-02 -2.84209053e-03 -1.38848920e-02 7.30709827e-05 6.22371124e-05 7.73164780e-05
1.33784269e+02 7.09415924e-02 -6.18414257e-03 1.39440244e-02 5.39965379e-05 3.27613838e-04 9.93009545e-05
1.36501519e+02 6.79263191e-02 2.37839225e-03 3.06945828e-02 3.44750038e-05 2.19678405e-04 8.29048979e-05
1.39211348e+02 6.41388190e-02 9.05152597e-03 4.61671353e-02 4.28964055e-05 2.80925011e-04 6.77140337e-05
1.41930488e+02 5.84356320e-02 1.19173577e-02 3.78918983e-02 3.06523831e-05 4.47442038e-04 5.20933648e-05
1.44637816e+02 6.07970523e-02 1.02991355e-02 4.30910130e-02 3.46473938e-05 2.84578495e-04 7.30966177e-05
1.47358441e+02 6.26570242e-02 1.13250841e-02 4.55571621e-02 7.37543832e-05 2.18836110e-04 2.65597183e-05
1.50072004e+02 6.93518981e-02 5.38107320e-03 5.06504388e-02 5.38794593e-05 1.50043766e-04 8.85234921e-05
1.52785598e+02 7.45346228e-02 7.71788977e-03 4.20680652e-02 4.22924435e-05 1.14765618e-04 1.10356058e-04
1.55501144e+02 7.69710429e-02 6.55211215e-03 3.12107310e-02 3.21120825e-05 2.92364615e-05 5.13939569e-05
1.58212613e+02 7.21949946e-02 -2.09314270e-03 2.68844534e-02 4.94005133e-05 2.70686183e-05 1.85548137e-04
1.60923535e+02 7.22148963e-02 -4.51802821e-03 3.38009536e-02 7.17471775e-05 4.30677541e-05 9.38896079e-05
1.63639598e+02 7.05687017e-02 1.60114214e-03 4.63500421e-02 4.79538772e-05 1.01143025e-04 1.63608515e-04
1.66348316e+02 7.65192420e-02 3.82306542e-03 4.65340507e-02 4.22475471e-05 2.87457439e-04 9.76141403e-05
1.69054598e+02 7.37829624e-02 4.62814956e-05 4.57128706e-02 1.11596558e-04 4.21995050e-04 5.95691349e-05
1.71772660e+02 7.54886160e-02 3.03970310e-03 4.31286773e-02 3.45833090e-05 4.05109286e-04 1.08701674e-04
1.74484160e+02 6.93796657e-02 -1.32561117e-04 4.25118214e-02 7.48313257e-05 1.67678606e-04 7.41961991e-05
1.77199019e+02 5.97765138e-02 5.64669849e-04 4.81414887e-02 4.28290018e-05 2.78552772e-04 5.13906300e-05
1.79904941e+02 5.38893533e-02 1.10195297e-03 5.30771788e-02 3.67133618e-05 1.64605803e-04 7.31405227e-05
1.82615691e+02 6.05000653e-02 3.72723142e-04 5.29609228e-02 4.34777183e-05 1.06259226e-04 3.28707058e-05
1.85325160e+02 6.16360792e-02 5.11225436e-03 5.46619943e-02 6.15237182e-05 2.06557421e-04 3.49372307e-05
1.88040191e+02 6.08861518e-02 3.22774528e-03 5.61575211e-02 1.12231644e-04 2.12178848e-04 1.56503911e-05
1.90760535e+02 5.87959759e-02 1.43211638e-04 5.39428009e-02 8.38280053e-05 4.12368344e-05 2.42546574e-05
1.93479129e+02 5.21688892e-02 -4.69025592e-04 5.68922865e-02 1.05088826e-04 5.40579685e-05 2.36324848e-05
1.96209879e+02 5.20420439e-02 -5.34471662e-03 6.25625151e-02 1.68447783e-04 9.06706933e-05 1.26418838e-04
1.98932660e+02 5.07899809e-02 -6.51668209e-03 6.05955923e-02 7.71349651e-05 1.56138543e-04 8.89533897e-05
2.01649160e+02 5.21625783e-02 -1.92084695e-03 5.91172858e-02 5.36408280e-05 1.67551834e-04 1.17018137e-04
2.04364910e+02 6.05963694e-02 5.72719693e-03 5.95986330e-02 5.26557466e-05 8.11702714e-05 6.84420687e-05
2.07086785e+02 5.75869453e-02 1.10269382e-02 6.26281564e-02 1.00748976e-04 1.46201817e-04 5.96451656e-05
2.09806441e+02 6.62073739e-02 1.19722256e-02 5.92335595e-02 4.41616500e-05 7.53975423e-05 4.38357244e-05
2.12526848e+02 5.94335060e-02 1.16904775e-02 6.03193007e-02 5.72906150e-05 9.73722495e-05 3.11568444e-05
2.15250285e+02 6.07295893e-02 8.02278117e-03 6.33367006e-02 3.07367213e-05 1.56341295e-04 2.58936148e-05
2.17958223e+02 6.05638891e-02 1.12065427e-02 6.70144633e-02 5.47093360e-05 8.45143695e-05 5.13636833e-05
2.20669785e+02 5.23094425e-02 1.93551363e-03 7.06319300e-02 8.43629034e-05 1.45526520e-04 3.12261741e-05
2.23384379e+02 4.42241927e-02 -8.14063704e-05 6.56784728e-02 6.80762659e-05 3.11986276e-04 5.94222276e-05
2.26095316e+02 2.68396170e-02 -5.83416740e-03 7.02753497e-02 5.26530855e-05 2.34022050e-04 4.47240514e-05
2.28813691e+02 1.89950063e-02 -8.76633850e-03 7.36894727e-02 4.86229622e-05 1.99602563e-04 9.40957996e-05
2.31529660e+02 2.41757367e-02 -4.82654040e-03 7.84977881e-02 6.09092752e-05 2.07449351e-04 2.39645393e-05
2.34250004e+02 3.52668328e-02 -8.45305136e-03 7.61729940e-02 5.71767449e-05 1.10667257e-04 3.42010509e-05
2.36973035e+02 4.68259168e-02 -1.67710706e-03 6.79253629e-02 2.56647478e-05 2.06845847e-04 3.37523684e-05
2.39687926e+02 5.94510784e-02 5.50166734e-03 6.33181744e-02 5.75804268e-05 2.78744723e-04 9.56278368e-05
2.42408551e+02 6.28118715e-02 2.05144278e-03 5.51955484e-02 4.39602784e-05 9.91800258e-05 8.13647071e-05
2.45128348e+02 6.85637087e-02 1.61453107e-03 4.76081762e-02 4.14603367e-05 2.97572875e-04 4.56665648e-05
2.47846957e+02 6.47629458e-02 1.10313618e-02 4.12418822e-02 1.91677049e-05 4.07417513e-05 7.17992067e-05
2.50559332e+02 6.25956149e-02 1.62253275e-02 4.64331508e-02 5.11956093e-05 5.02987073e-05 5.98384128e-05
2.53278254e+02 6.23878126e-02 1.53573793e-02 5.49241280e-02 6.80937049e-05 1.76029363e-05 8.16450195e-05
2.55991410e+02 5.94570411e-02 1.08781676e-02 5.22499373e-02 4.88396493e-05 1.03808825e-04 1.57477444e-04
2.58707676e+02 5.84459649e-02 1.12381641e-02 5.28005716e-02 7.94345512e-05 7.45692477e-05 5.18374604e-05
2.61425519e+02 5.21916689e-02 1.08256234e-02 5.34129495e-02 5.38360961e-05 1.72368220e-04 1.48672329e-04
2.64143832e+02 6.69939786e-02 1.11517930e-02 5.24302100e-02 7.84243674e-05 3.74414001e-04 1.43006448e-04
2.66849785e+02 7.75225601e-02 9.70715667e-03 4.55138916e-02 3.46310047e-05 6.02298999e-04 3.80485211e-05
2.69557349e+02 7.11797639e-02 -2.26750848e-03 3.13339809e-02 2.72227716e-05 4.54565500e-04 6.87461521e-05
