6.83592337e-01 7.48801215e-02 -4.22753879e-03 -2.64890801e-03 6.81292869e-05 2.09576076e-04 1.41271973e-05
3.38784271e+00 7.46678117e-02 2.25278973e-03 -1.04480223e-02 6.19303396e-05 2.93511391e-04 6.61898882e-05
6.10364255e+00 6.87510098e-02 -5.24821194e-03 -2.40409651e-02 9.22057036e-05 3.62511850e-04 1.02437168e-05
8.81398161e+00 6.73123712e-02 -5.85341197e-03 -3.61888760e-02 2.53836658e-05 2.88598259e-04 5.01094631e-05
1.15261663e+01 5.50367790e-02 -9.62237177e-03 -4.41230399e-02 6.15873841e-05 3.87294633e-04 5.74897420e-05
1.42514304e+01 5.88819774e-02 -1.55924836e-02 -4.48277491e-02 1.71805407e-04 4.38940581e-04 7.48463242e-05
1.69667569e+01 6.22400668e-02 -1.91350932e-02 -5.25929460e-02 5.38267510e-05 5.42027546e-04 5.11482516e-05
1.96875851e+01 6.62856152e-02 -2.13483029e-02 -5.45627943e-02 5.65503370e-05 2.12264316e-04 7.88943518e-05
2.24007476e+01 6.73702448e-02 -1.66760848e-02 -6.07726176e-02 4.75858506e-06 2.32429164e-04 7.28830309e-05
2.51130147e+01 6.18386942e-02 -1.56740391e-02 -5.42100192e-02 4.63289985e-05 6.76436189e-05 3.85045826e-05
2.78312444e+01 6.15497834e-02 -9.47158425e-03 -5.73409658e-02 4.25915932e-05 4.06001930e-05 4.03900044e-05
3.05405929e+01 6.04097180e-02 -7.19887337e-03 -5.42565760e-02 8.40258765e-05 1.26667456e-04 5.42085055e-05
3.32567210e+01 5.78635730e-02 -6.78106278e-03 -4.91487102e-02 3.24729382e-05 1.67113893e-04 3.38164223e-05
3.59758804e+01 5.57097203e-02 -6.72101766e-03 -4.60822735e-02 2.48241473e-05 1.18819704e-04 1.08004503e-04
3.86984819e+01 5.34307391e-02 -4.99732178e-03 -5.72881353e-02 1.64584650e-05 1.81980260e-04 1.75973192e-04
4.14190288e+01 5.33696191e-02 -5.24395458e-03 -6.32484218e-02 4.26945355e-05 6.86555533e-05 5.00843940e-05
4.41261585e+01 5.76574797e-02 2.50481974e-03 -6.58380276e-02 5.59187417e-05 2.59626905e-05 2.00248157e-05
4.68451616e+01 5.60358130e-02 4.67739334e-04 -6.31928460e-02 7.81032066e-05 1.07916013e-04 1.61329298e-05
4.95598397e+01 5.13851669e-02 5.52597433e-03 -6.27098044e-02 1.75104215e-05 3.97978510e-05 6.10100536e-05
5.22779304e+01 3.89672015e-02 -5.65671132e-04 -7.02240354e-02 5.42464778e-05 9.24761894e-05 5.10605079e-05
5.50024116e+01 3.29885436e-02 6.53883035e-03 -7.06177092e-02 5.78595766e-05 1.02335213e-04 3.72507677e-05
5.77238538e+01 4.22184469e-02 9.34798205e-03 -6.87361276e-02 2.84111076e-05 1.14652195e-04 7.92657394e-05
6.04449257e+01 5.24273789e-02 1.19607757e-02 -7.10709537e-02 5.42850434e-05 9.94343449e-05 4.85909662e-05
6.31602132e+01 4.96334985e-02 1.17811141e-02 -6.70614421e-02 6.23347440e-05 1.65055004e-04 3.22170520e-05
6.58814960e+01 4.80062679e-02 9.61442573e-03 -5.54759173e-02 5.47422508e-05 1.20588914e-04 5.27817410e-05
6.85942194e+01 5.05209098e-02 4.58489508e-03 -4.66619101e-02 1.79557142e-05 7.58801973e-05 1.08474325e-04
7.13152413e+01 5.59235697e-02 1.11829040e-03 -4.47604488e-02 1.31862779e-04 7.75764418e-05 4.07192725e-05
7.40323616e+01 5.62931330e-02 1.88233501e-03 -5.51169304e-02 4.69255746e-05 1.22207691e-04 3.32006429e-05
7.67494772e+01 5.20919487e-02 1.43076688e-04 -6.00051866e-02 1.23919003e-04 4.15877951e-05 4.06216506e-05
7.94560319e+01 5.44790794e-02 7.59460567e-03 -5.93176448e-02 4.75294207e-05 8.95190609e-05 1.69937667e-04
8.21672429e+01 4.87842356e-02 8.59853358e-03 -6.18331359e-02 4.46559211e-05 2.59192161e-04 4.47802280e-05
8.48781116e+01 5.26699883e-02 1.29454639e-02 -5.64601483e-02 2.15658855e-05 1.52491329e-04 6.67569197e-05
8.75980647e+01 5.69273314e-02 1.21039664e-02 -5.82973661e-02 5.60259643e-05 4.11506152e-04 3.91794200e-05
9.03117366e+01 5.23660295e-02 1.52402743e-02 -5.40003648e-02 8.55113989e-05 2.47728769e-04 1.44876698e-04
9.30371257e+01 4.38834924e-02 1.88926657e-02 -6.25216407e-02 9.62495767e-05 1.87963267e-04 5.14498969e-05
9.57546116e+01 4.17579166e-02 1.20077115e-02 -7.19356614e-02 2.22817855e-05 1.41300095e-04 8.72766406e-05
9.84606241e+01 4.06039482e-02 1.16781130e-02 -6.75863315e-02 7.36977072e-05 3.94658323e-05 2.85516868e-05
1.01187160e+02 3.81828810e-02 4.02743101e-03 -6.60442205e-02 1.36474218e-05 7.85865868e-05 1.30782529e-05
1.03903988e+02 4.15362209e-02 3.41535929e-03 -7.08168532e-02 6.86896455e-05 1.15350377e-04 5.58224463e-05
1.06619129e+02 5.28032315e-02 2.97846693e-03 -5.97461678e-02 1.22504332e-04 2.87313680e-04 2.62650592e-05
1.09339207e+02 5.65014205e-02 9.89411157e-03 -4.88209774e-02 8.13848090e-05 3.65013682e-04 3.80009230e-05
1.12056566e+02 5.61760517e-02 7.66656166e-03 -4.26956350e-02 6.53420005e-05 2.89105583e-04 2.19663912e-05
1.14772551e+02 6.40806952e-02 3.95426673e-03 -3.93063278e-02 3.33559116e-05 6.13110416e-04 1.28136008e-04
1.17483707e+02 6.70053008e-02 1.08818167e-03 -3.72424620e-02 9.07395704e-05 7.76496438e-04 7.90297393e-05
1.20191191e+02 7.54826136e-02 1.36651557e-03 -3.29817546e-02 7.74650333e-05 5.73179052e-04 6.60025607e-05
1.22910457e+02 7.71901738e-02 8.17086260e-03 -2.16734210e-02 4.16078926e-05 2.91802207e-04 3.94125131e-05
1.25610223e+02 7.91714637e-02 1.13950033e-02 -6.13011971e-03 5.39121140e-05 5.08656557e-04 9.00919798e-05
1.28328379e+02 7.04516877e-02 7.69848274e-04 3.84825389e-03 6.25305168e-05 2.54947962e-04 2.99700469e-05
1.31052504e+02 6.73850882e-02 -7.93579832e-04 9.10412134e-03 4.65820592e-05 2.86945169e-05 2.03149567e-05
1.33764957e+02 7.15309006e-02 -8.05191653e-03 1.59586166e-02 1.04101349e-04 5.67241491e-05 4.60487178e-05
1.36477738e+02 6.53083303e-02 -8.97867169e-03 1.55079075e-02 7.14949304e-05 1.33961282e-05 3.35768419e-05
1.39193894e+02 7.03339665e-02 -5.18917184e-03 3.42931765e-02 4.01973936e-05 1.05921305e-04 3.45681661e-05
1.41905160e+02 7.41801131e-02 -5.84461610e-03 3.64126684e-02 4.36620410e-05 6.45970245e-05 3.57112624e-05
1.44615316e+02 7.05452671e-02 4.91297556e-04 3.15663133e-02 6.83574391e-05 2.54427427e-04 2.91576547e-05
1.47333316e+02 7.18598976e-02 -4.37654014e-04 3.04203180e-02 1.91545378e-05 3.76327711e-04 2.64543999e-05
1.50044191e+02 7.46088538e-02 -2.30782100e-03 3.52473621e-02 3.34984598e-05 1.68936890e-04 1.00298829e-04
1.52754941e+02 7.50691567e-02 1.12304876e-03 4.07731503e-02 5.58971299e-05 1.45886694e-04 1.28057716e-04
1.55462957e+02 7.03316749e-02 -3.25493258e-03 5.05422589e-02 9.65556215e-06 1.61450535e-04 5.02940679e-05
1.58185769e+02 5.93100032e-02 -9.31245199e-03 5.77169571e-02 7.23116711e-05 2.37405632e-04 5.60489866e-05
1.60904144e+02 5.01286740e-02 -2.48569328e-03 6.71289055e-02 3.34838119e-05 1.57238948e-04 6.75538072e-05
1.63622035e+02 3.77800105e-02 4.90446704e-03 6.61071855e-02 4.71107618e-05 2.01338348e-04 5.12217142e-05
1.66343035e+02 3.39870059e-02 3.76232015e-03 7.08333149e-02 8.21648399e-05 2.51806720e-04 4.90799026e-05
1.69067004e+02 3.18449470e-02 -1.64296627e-03 6.54245446e-02 4.54702240e-05 1.12097605e-04 8.96293539e-05
1.71800254e+02 3.50945158e-02 -2.68261589e-03 6.65179101e-02 5.28970680e-05 1.03967412e-04 3.66877389e-05
1.74517316e+02 3.07814593e-02 -2.68729049e-03 6.61733631e-02 1.80813423e-05 1.16518810e-04 7.31799389e-05
1.77236551e+02 3.89494798e-02 -8.64855224e-03 6.96895170e-02 4.41652019e-05 1.30625217e-04 1.20279094e-04
1.79937582e+02 4.48443869e-02 -1.35961362e-02 6.89922505e-02 2.75484488e-05 4.98199854e-05 1.27147525e-04
1.82650723e+02 4.88261854e-02 -1.03860672e-02 6.25438847e-02 1.85015308e-04 2.38525585e-04 5.45951317e-05
1.85375926e+02 5.18448724e-02 -1.22457096e-02 5.55279988e-02 6.11937150e-05 2.14468254e-04 8.46592461e-05
1.88093738e+02 5.73848694e-02 1.18238763e-03 5.51917548e-02 8.65226179e-05 1.22745836e-04 1.50063618e-04
1.90812254e+02 6.37435743e-02 2.59005857e-04 6.10455012e-02 3.47287872e-05 1.06644057e-04 5.12808856e-05
1.93531879e+02 5.64169795e-02 6.02173687e-03 6.06747007e-02 6.29940570e-05 1.14680618e-04 2.36524917e-05
1.96245957e+02 5.45127677e-02 1.61605292e-02 6.38801870e-02 1.56292866e-05 1.24542156e-04 2.64846938e-05
1.98956894e+02 4.53186954e-02 2.34458677e-02 5.91358037e-02 1.33741953e-04 1.41496123e-04 4.25222990e-05
2.01674754e+02 4.29761596e-02 2.47988548e-02 5.80331607e-02 5.66094220e-06 1.54339181e-05 6.21472736e-05
2.04383879e+02 3.98745791e-02 2.34418333e-02 6.07656256e-02 7.65698935e-05 1.32398948e-04 7.86430751e-05
2.07105785e+02 3.08528859e-02 2.80297376e-02 6.90573920e-02 7.79386123e-05 4.06035689e-05 4.59695748e-05
2.09820551e+02 3.23007977e-02 2.19253298e-02 6.96095171e-02 1.26345936e-04 1.17551476e-04 6.58213373e-05
2.12542629e+02 2.90274962e-02 2.04532147e-02 7.35055180e-02 9.92140827e-05 1.73078827e-04 2.63294130e-05
2.15264941e+02 3.51775229e-02 1.46364521e-02 6.95159227e-02 3.35724376e-05 1.84803773e-04 1.10748224e-04
2.17976551e+02 4.23634133e-02 9.12362031e-03 6.78910442e-02 8.98175293e-05 1.26270920e-04 5.00519228e-05
2.20689426e+02 4.37218217e-02 1.33564267e-03 6.79719695e-02 7.62389588e-05 6.57672732e-05 1.03459059e-04
2.23410535e+02 4.33351094e-02 6.74325439e-03 6.57025275e-02 7.05139962e-05 1.97021645e-04 3.57539681e-05
2.26114363e+02 3.79132078e-02 6.37729055e-03 6.11104160e-02 3.35422674e-05 1.45858526e-04 1.00797081e-04
2.28833863e+02 4.04931248e-02 8.73487963e-03 6.03813907e-02 4.61330508e-05 1.05868202e-04 1.84339963e-05
2.31548176e+02 4.95209291e-02 2.36566704e-03 5.47413407e-02 5.32306726e-05 8.35998866e-05 8.42626753e-05
2.34262160e+02 5.70993134e-02 -9.10535984e-03 5.64583564e-02 7.13210800e-05 5.12623849e-05 7.71105821e-05
2.36976098e+02 5.80541656e-02 -1.23273911e-02 5.99068369e-02 6.85899424e-05 1.01980233e-04 3.03185983e-05
2.39689863e+02 5.87081468e-02 -1.27504896e-02 5.54680897e-02 7.78371257e-05 1.62251364e-04 1.78473527e-05
2.42411754e+02 6.09131287e-02 -1.84144972e-02 5.08517486e-02 4.96356574e-05 9.89691508e-05 4.60356526e-05
2.45140191e+02 6.55729572e-02 -1.32169838e-02 4.35177106e-02 3.25060001e-05 3.61948365e-05 3.25836391e-05
2.47859598e+02 7.17391870e-02 -1.98241104e-03 3.52240747e-02 9.88399707e-05 2.07566515e-04 1.16019946e-04
2.50579191e+02 6.33283905e-02 5.63778652e-03 2.99126178e-02 8.22040090e-05 7.75291135e-05 6.24240652e-05
2.53298254e+02 6.36446208e-02 6.81331596e-03 3.70306172e-02 6.59371265e-05 7.32504272e-05 5.25502886e-05
2.56020519e+02 6.31177691e-02 5.07230162e-03 4.15918909e-02 6.11678999e-05 1.37801963e-04 1.18005679e-04
2.58725238e+02 6.92270229e-02 -4.89018669e-04 3.65199062e-02 1.19343264e-04 1.17737642e-04 4.23864642e-05
2.61439473e+02 7.48734094e-02 -1.28411866e-03 3.62391409e-02 4.71709235e-05 1.97838182e-04 5.34064750e-05
2.64151473e+02 7.46612105e-02 -2.54407449e-03 2.79399825e-02 8.40326891e-05 8.93950211e-05 1.29395446e-04
2.66872441e+02 7.44373393e-02 -6.69535364e-03 1.34682279e-02 8.94188134e-05 8.06358231e-05 3.97554851e-05
2.69584635e+02 7.64867490e-02 -2.51875642e-04 2.00712562e-03 8.91626302e-05 1.67344039e-04 2.34768109e-05
