6.74837473e-01 7.74328952e-02 -5.47104347e-03 3.84260547e-03 7.63018956e-05 2.24777733e-04 1.16130178e-04
3.39266090e+00 7.04511734e-02 -5.21216502e-03 -5.31140325e-03 6.83121669e-05 2.48891277e-04 5.63513415e-05
6.10418402e+00 7.10587405e-02 -6.27321752e-03 -2.58043258e-02 6.59886147e-05 3.06167439e-04 5.92023544e-05
8.81029761e+00 6.84323519e-02 -8.54679143e-03 -3.30746600e-02 4.18064070e-05 2.75376311e-04 1.95673666e-05
1.15284657e+01 6.07442845e-02 -7.56949754e-03 -4.88688133e-02 4.95534155e-05 4.77827649e-04 5.52669269e-05
1.42451939e+01 5.21475000e-02 -1.03615550e-02 -5.06965398e-02 5.02194031e-05 2.77426048e-04 1.87323196e-05
1.69647814e+01 5.87424190e-02 -1.05503960e-02 -5.16551862e-02 1.69375193e-05 4.47878888e-04 7.70669910e-05
1.96825423e+01 6.03611215e-02 -1.27915841e-02 -5.11062728e-02 7.19788890e-05 1.99434856e-04 7.73965795e-05
2.24040626e+01 6.00335895e-02 -1.14324423e-02 -4.90853611e-02 4.58875869e-05 2.26780624e-04 4.71780565e-05
2.51140798e+01 6.61558363e-02 -2.00986783e-02 -4.91220772e-02 2.39469696e-05 1.37750601e-04 5.73413399e-05
2.78305189e+01 6.37882490e-02 -1.24285613e-02 -5.22394292e-02 3.29163282e-05 5.85476595e-05 1.18806021e-05
3.05442142e+01 5.72987412e-02 -1.18722824e-02 -5.70004747e-02 2.62774745e-05 2.30699155e-04 3.95091065e-05
3.32667064e+01 5.20073218e-02 -7.90592018e-03 -5.25200430e-02 7.35992271e-05 1.34049928e-04 7.17746556e-05
3.59807376e+01 5.24883131e-02 -7.94264899e-03 -4.86250686e-02 3.39152669e-05 4.40952368e-05 1.65533129e-05
3.86906579e+01 4.83517985e-02 -5.63334343e-04 -4.59331955e-02 1.11575175e-05 3.56047175e-05 6.70756032e-05
4.14056579e+01 4.84257962e-02 3.56402990e-04 -5.15904242e-02 4.21465540e-05 5.30978917e-05 1.25241341e-05
4.41263689e+01 5.33088321e-02 -7.10656529e-03 -6.11637460e-02 4.75410516e-05 4.00253747e-05 4.69709385e-05
4.68407892e+01 5.14879232e-02 -5.25113596e-03 -6.33315622e-02 1.16070685e-05 4.78329263e-05 2.80979011e-05
4.95555611e+01 3.84352200e-02 -5.24441383e-03 -6.97018011e-02 9.57413675e-05 7.59178246e-05 2.81779062e-05
5.22811642e+01 3.54401441e-02 -9.95329275e-04 -7.47459188e-02 4.22416414e-05 2.79611708e-05 5.83141683e-05
5.49962501e+01 2.64421710e-02 6.62051390e-03 -8.30714617e-02 5.94858603e-05 1.39484561e-04 4.55539912e-05
5.77160423e+01 3.14942664e-02 1.13649000e-02 -8.39143261e-02 1.31865132e-04 1.08438971e-04 3.74848398e-05
6.04375517e+01 4.06439478e-02 1.00855534e-02 -7.63302753e-02 7.91865198e-05 9.62130227e-05 5.71560170e-05
6.31518782e+01 4.70062733e-02 6.95922979e-03 -7.25582669e-02 8.63355388e-05 1.09057421e-04 3.03932535e-05
6.58750126e+01 4.93218808e-02 5.67537608e-03 -6.38192786e-02 9.23991624e-05 1.23961161e-04 7.50236909e-05
6.85971142e+01 5.27561389e-02 2.14430071e-04 -5.41770131e-02 5.58032939e-05 2.98762728e-05 2.25164166e-05
7.13139767e+01 5.81236525e-02 3.96775222e-03 -4.72390015e-02 6.64537044e-05 4.57641069e-05 2.05471982e-05
7.40322595e+01 6.50975259e-02 3.92802647e-03 -5.02882721e-02 4.37636068e-05 4.30670417e-05 1.03238828e-04
7.67405017e+01 5.85354291e-02 7.52708632e-03 -5.55444175e-02 1.14070480e-04 8.84334333e-05 1.28445925e-05
7.94595423e+01 6.38713770e-02 8.46768238e-03 -5.19152807e-02 6.15192580e-05 1.20937867e-04 7.32385576e-05
8.21769954e+01 5.89068580e-02 8.93354224e-03 -5.58511756e-02 4.47926090e-05 2.79173575e-04 7.69960908e-05
8.48908923e+01 5.79743775e-02 8.66487584e-03 -5.68100209e-02 3.67173630e-05 3.54222946e-04 2.72606908e-05
8.76053423e+01 5.32136915e-02 1.00256781e-02 -5.90940095e-02 7.07986352e-05 2.20872674e-04 4.94428124e-05
9.03298736e+01 5.64684082e-02 1.27406460e-02 -5.73857860e-02 4.28813886e-05 2.38392747e-04 5.91283513e-05
9.30380657e+01 5.02022356e-02 1.64352668e-02 -5.27049035e-02 3.50058881e-05 1.51793329e-04 2.71729278e-05
9.57536548e+01 4.59934084e-02 1.40284941e-02 -5.60063709e-02 1.72728222e-04 5.58877031e-05 1.25193424e-04
9.84655548e+01 3.86610506e-02 1.13950366e-02 -5.75824169e-02 6.24742069e-05 5.32474346e-05 8.36718343e-05
1.01188616e+02 3.41360504e-02 6.82410865e-03 -6.83255125e-02 7.48408952e-05 1.12113266e-04 4.00556775e-05
1.03900647e+02 4.44492276e-02 9.08102585e-03 -6.98773083e-02 1.01287206e-04 1.31284331e-04 7.89020473e-05
1.06616772e+02 5.47683034e-02 1.90912853e-03 -6.24552978e-02 1.25981936e-04 2.25919553e-04 2.01996610e-05
1.09335897e+02 5.30181204e-02 2.39929900e-03 -5.76359298e-02 5.27704833e-05 1.77916350e-04 3.90975195e-05
1.12059491e+02 6.23218982e-02 1.26981392e-02 -4.63199700e-02 1.06080033e-04 4.16491660e-04 5.83258405e-05
1.14774444e+02 6.76914381e-02 1.01110900e-02 -4.06822464e-02 1.42811005e-04 6.36177763e-04 1.27775625e-04
1.17478834e+02 7.51459699e-02 4.14011678e-03 -4.10826606e-02 8.68828920e-05 4.10242057e-04 8.58608838e-05
1.20181272e+02 7.67046888e-02 2.57108146e-03 -3.41391403e-02 2.21110989e-05 3.36599918e-04 1.13658822e-04
1.22889647e+02 7.58879409e-02 6.48546458e-03 -2.92305617e-02 6.28290289e-05 2.87163343e-04 7.59260712e-05
1.25606975e+02 7.19392116e-02 4.32107844e-03 -1.01323976e-02 3.93011788e-05 2.88130705e-04 7.19194406e-05
1.28330225e+02 7.32083800e-02 4.36494138e-06 3.30252873e-03 8.14192710e-05 1.62283898e-04 2.04571467e-04
1.31048178e+02 7.32583466e-02 -1.35913321e-03 1.31304293e-02 2.53571407e-05 1.67136397e-04 2.62505986e-05
1.33767475e+02 6.83355014e-02 -2.30109379e-03 2.55042341e-02 2.58508742e-05 1.06537941e-04 7.92882573e-05
1.36478694e+02 6.71180973e-02 1.84550061e-03 3.17580297e-02 6.54176510e-05 5.95987832e-05 3.13791917e-05
1.39193428e+02 6.56437087e-02 1.85925510e-03 2.59277012e-02 4.44332622e-05 7.73282594e-05 6.10999244e-05
1.41906084e+02 6.59509032e-02 4.32126675e-03 2.91933492e-02 2.85961544e-05 1.25805851e-04 3.34824577e-05
1.44627803e+02 7.03907036e-02 1.15685684e-03 2.96618965e-02 6.71711279e-05 3.30637511e-04 3.20667710e-05
1.47333944e+02 7.01932178e-02 -7.74809087e-04 3.01462555e-02 2.82599855e-05 3.73375874e-04 1.01829445e-04
1.50051631e+02 7.57153396e-02 -9.24677369e-03 3.46712247e-02 6.99948599e-06 3.88842291e-04 1.48274718e-04
1.52756991e+02 7.39273377e-02 -7.01685850e-03 4.10329196e-02 7.20957826e-05 3.65468111e-04 2.45481062e-05
1.55469850e+02 6.20385114e-02 -3.84198365e-03 4.96718536e-02 6.53205482e-05 3.27584807e-04 4.21937462e-05
1.58177006e+02 6.11276938e-02 -3.32219834e-03 5.05811792e-02 5.73727735e-05 3.72240254e-04 8.08926817e-05
1.60899178e+02 4.96849695e-02 -6.64395149e-03 6.08641600e-02 4.66745253e-05 1.16013075e-04 3.70237317e-05
1.63623272e+02 3.60515127e-02 -5.25434092e-04 6.30820695e-02 3.47989451e-05 1.41449100e-04 1.15448711e-04
1.66344694e+02 3.22632886e-02 8.45402106e-03 6.90100278e-02 2.30785396e-05 6.35048782e-05 3.61931244e-05
1.69068381e+02 3.18639161e-02 3.66830481e-03 6.80538248e-02 3.84100729e-05 1.02616943e-04 5.11901449e-05
1.71787366e+02 3.87071332e-02 -1.30964494e-03 6.12664868e-02 1.30378160e-04 7.98476568e-05 1.14487081e-04
1.74503975e+02 4.39236020e-02 -5.12733214e-03 5.43754272e-02 1.52652271e-04 9.45743385e-05 4.71337714e-05
1.77219975e+02 4.73229022e-02 -1.21051033e-02 6.03961653e-02 6.75802913e-05 1.88195391e-04 1.64367487e-04
1.79938303e+02 4.57658861e-02 -1.62332077e-02 6.12076958e-02 6.24328654e-05 8.21330107e-05 1.08712395e-04
1.82666725e+02 4.18494381e-02 -1.81248989e-02 5.82521421e-02 3.57827806e-05 6.74547582e-05 7.73228744e-05
1.85385209e+02 4.44332581e-02 -1.24202910e-02 5.26035961e-02 3.85885000e-05 1.25209212e-04 4.81764839e-05
1.88106069e+02 5.85797747e-02 -6.66005857e-03 5.38934388e-02 5.25432324e-05 2.17329265e-04 4.28294569e-05
1.90822038e+02 6.10358264e-02 4.49075029e-03 5.62914168e-02 4.00922972e-05 7.42728127e-05 5.36728216e-05
1.93538756e+02 5.06523507e-02 8.98787620e-03 6.03241964e-02 5.24532236e-05 1.14609279e-04 8.18658764e-05
1.96252819e+02 4.50783088e-02 2.15297086e-02 6.68153155e-02 7.17914297e-05 2.32356698e-04 6.39583598e-05
1.98967084e+02 3.98071406e-02 2.72338655e-02 6.62091961e-02 3.50438776e-05 7.72177907e-05 4.71865433e-05
2.01685850e+02 3.50772325e-02 2.99298394e-02 6.94076223e-02 4.31435788e-05 8.36019534e-05 1.01046372e-04
2.04401397e+02 3.37729094e-02 2.67244435e-02 6.46046542e-02 6.82768398e-05 9.50849901e-05 2.59317149e-05
2.07117163e+02 3.17782140e-02 2.28926838e-02 6.59074107e-02 9.80876254e-05 4.86550466e-05 7.44960745e-05
2.09829397e+02 3.67946604e-02 1.56061708e-02 6.92234411e-02 7.66518813e-05 3.66162439e-04 9.23301399e-05
2.12546491e+02 3.49116105e-02 1.13528075e-02 6.76744386e-02 8.28504418e-05 2.16221381e-04 4.79351520e-05
2.15251131e+02 3.81170792e-02 3.49519585e-03 6.63817251e-02 5.29303186e-05 1.91109976e-04 1.16086474e-05
2.17967803e+02 3.82864244e-02 4.91184537e-03 6.91773431e-02 2.94494384e-05 2.12081401e-04 2.94787731e-05
2.20699881e+02 3.75772328e-02 2.82374163e-03 6.40990466e-02 2.23815697e-05 1.82084503e-04 2.09239185e-05
2.23412678e+02 4.02172406e-02 5.28937426e-03 6.35562957e-02 2.78900429e-05 1.08918489e-04 4.52402208e-05
2.26134834e+02 3.84342517e-02 1.19968432e-02 6.25257899e-02 6.54617351e-05 1.00177557e-04 4.08824368e-05
2.28838959e+02 4.34702582e-02 1.27671487e-02 5.69365977e-02 5.74506515e-05 1.63376570e-04 3.29054665e-05
2.31554100e+02 4.48536276e-02 5.26518413e-03 5.38431237e-02 7.47456373e-05 1.00231432e-04 4.42704083e-05
2.34262538e+02 5.12411722e-02 1.48054803e-03 5.78327163e-02 7.67945723e-05 1.10223636e-04 2.25435406e-04
2.36978006e+02 5.35879419e-02 -5.74243160e-03 5.48861915e-02 5.01283279e-05 1.95490976e-04 8.68618749e-05
2.39702709e+02 5.38300872e-02 -4.71004672e-03 5.22784578e-02 4.22197034e-05 5.82197926e-05 2.60912707e-05
2.42423491e+02 5.74566605e-02 -6.13310703e-03 4.58716774e-02 7.74993405e-05 4.50873116e-05 6.42133018e-05
2.45147131e+02 6.60932818e-02 1.10724473e-04 4.51907313e-02 6.13100677e-05 8.38726630e-05 1.44156052e-04
2.47861163e+02 6.76373819e-02 -3.24147543e-03 4.20438560e-02 3.23895750e-05 2.39122673e-04 8.77879093e-05
2.50576803e+02 6.47363371e-02 3.00809670e-03 4.24422035e-02 7.32465754e-05 8.43189666e-05 3.05638515e-05
2.53291803e+02 5.96559503e-02 -3.06044133e-03 3.73027054e-02 6.09073993e-05 8.23869937e-05 2.88411570e-05
2.56009866e+02 6.11547238e-02 -3.06890336e-03 4.32310798e-02 6.29089818e-05 3.77301009e-05 1.46151971e-04
2.58733038e+02 7.20059532e-02 -5.36202070e-03 4.28217090e-02 1.66746393e-04 2.24029637e-04 9.40157417e-05
2.61443725e+02 6.65177619e-02 -2.81313780e-03 4.07095724e-02 1.02278337e-04 1.30028864e-04 1.84022042e-04
2.64159194e+02 6.97333869e-02 -4.80541817e-03 2.80348830e-02 1.18891287e-04 7.77479155e-05 6.80928099e-05
2.66866913e+02 7.09311344e-02 -2.22708029e-03 1.16236828e-02 3.16385981e-05 7.30433023e-05 1.54409294e-05
2.69579175e+02 7.79297972e-02 -2.57586237e-03 4.61281401e-03 3.65424844e-05 3.06359537e-05 2.04674733e-05
