6.81562357e-01 8.03498198e-02 -1.43696102e-02 -7.50689583e-03 2.27524557e-05 1.55690935e-05 4.37670697e-05
3.39440373e+00 8.10250821e-02 -1.59844074e-02 -1.90545103e-02 3.42066880e-05 4.31133738e-05 7.36113665e-05
6.10492873e+00 7.78888177e-02 -1.46328259e-02 -2.97170055e-02 9.70941211e-05 1.02089214e-04 9.03449056e-05
8.82389904e+00 7.07749718e-02 -9.90372535e-03 -3.48099810e-02 4.81617968e-05 1.17610538e-04 9.39474734e-05
1.15411848e+01 6.76799086e-02 -5.34442748e-03 -4.64240469e-02 4.31520509e-05 1.57659525e-04 1.86317638e-05
1.42562895e+01 6.57669697e-02 3.31742197e-04 -4.68142014e-02 2.05690143e-05 1.55912541e-04 3.07308374e-05
1.69716770e+01 5.91386916e-02 3.63661322e-03 -4.55669489e-02 2.32863717e-05 1.28210409e-04 4.19658346e-05
1.96830004e+01 5.56263928e-02 2.20585611e-03 -5.41536500e-02 3.76121609e-05 1.78671245e-04 8.14826342e-05
2.23940598e+01 5.97488964e-02 8.16160602e-04 -4.30519734e-02 6.93657041e-05 1.73592155e-04 8.86754447e-05
2.51168364e+01 5.28955246e-02 -1.67782126e-04 -4.97972389e-02 5.15158239e-05 3.27021144e-04 7.00296583e-05
2.78310723e+01 5.34802637e-02 -9.13803195e-03 -5.07017165e-02 4.64208380e-05 2.46933917e-04 4.93256627e-05
3.05460176e+01 5.51091269e-02 -1.05825843e-02 -5.35974643e-02 7.84949257e-05 2.94557901e-04 3.78192646e-05
3.32664020e+01 5.35776949e-02 -7.10610864e-03 -5.87069757e-02 2.11341168e-05 3.31930763e-04 1.62877922e-05
3.59813426e+01 5.34157753e-02 -4.89906361e-03 -6.10802658e-02 6.08372931e-05 4.08531442e-04 2.06864025e-05
3.86985426e+01 5.65378719e-02 -1.21665532e-02 -5.92468596e-02 3.98203714e-05 3.02227346e-04 4.22277792e-05
4.14132348e+01 5.52764903e-02 -9.99189259e-03 -5.91597768e-02 1.22036121e-04 2.70233290e-04 4.20219757e-05
4.41241833e+01 4.59508650e-02 -5.69778481e-03 -5.95272832e-02 8.53226478e-05 1.33297828e-04 5.48618362e-05
4.68367739e+01 3.26284678e-02 -1.15213652e-02 -5.91995879e-02 4.88249779e-05 2.01025378e-04 5.09065653e-05
4.95576395e+01 2.36236731e-02 -3.27140614e-03 -7.05989385e-02 4.81412343e-05 1.64939293e-04 4.86737991e-05
5.22807317e+01 1.41828673e-02 -6.63742528e-03 -6.76061773e-02 3.08753143e-05 2.01777166e-04 3.79220002e-05
5.50020942e+01 4.68800253e-03 -6.56654400e-03 -6.84227836e-02 1.58443921e-04 2.04979538e-04 3.58267359e-05
5.77166833e+01 1.09911814e-03 -1.08337652e-02 -6.29252503e-02 1.79497924e-04 2.20872015e-04 3.59578306e-05
6.04379286e+01 2.63865229e-03 -1.08716598e-02 -6.80389372e-02 1.51133656e-04 1.78786278e-04 1.06834420e-04
6.31594364e+01 1.72047415e-02 -7.01484777e-03 -7.17555096e-02 6.82804923e-05 1.16754615e-04 6.27842610e-05
6.58761958e+01 2.99015222e-02 -2.91224533e-03 -6.91347061e-02 5.65059793e-05 1.51961635e-04 1.04012314e-05
6.85979395e+01 4.92861893e-02 8.29894491e-04 -6.23163709e-02 7.95596127e-05 1.14233125e-04 4.01720850e-05
7.13097661e+01 5.28530774e-02 6.12056426e-03 -5.04236731e-02 2.59220176e-05 6.65316247e-05 3.73616582e-05
7.40308739e+01 6.26664728e-02 7.79116066e-03 -4.21716154e-02 3.38114921e-05 1.42140354e-04 3.75858950e-05
7.67490098e+01 6.83036402e-02 2.33673601e-03 -4.14440242e-02 8.68419017e-05 1.34715703e-04 8.76772228e-05
7.94680426e+01 7.01382089e-02 4.29745748e-03 -3.70285392e-02 6.47272167e-05 5.24632898e-05 1.46455959e-04
8.21859895e+01 6.39937225e-02 5.97869629e-03 -4.99334492e-02 6.62798695e-05 7.81451279e-05 8.29988049e-05
8.49066786e+01 6.15352885e-02 5.70606568e-03 -5.22908887e-02 5.07883186e-05 2.40291337e-05 1.04736302e-04
8.76229958e+01 6.09987389e-02 6.00399855e-03 -5.14432325e-02 1.40477869e-04 1.26014854e-04 4.96803859e-05
9.03361145e+01 6.24640201e-02 5.90853958e-03 -4.93486067e-02 5.84656060e-05 4.77823103e-05 1.76321412e-05
9.30474379e+01 6.01804064e-02 4.82329928e-03 -4.31440741e-02 2.69149802e-05 1.29486572e-04 1.05536523e-04
9.57552161e+01 5.95256783e-02 5.86568597e-03 -5.11974746e-02 1.79228426e-04 7.00229744e-05 4.64759948e-05
9.84674614e+01 6.47487600e-02 1.01891125e-02 -5.21053888e-02 5.61837373e-05 1.84224691e-04 1.57274857e-04
1.01185794e+02 5.35756765e-02 1.33135832e-02 -5.04991904e-02 7.10163830e-05 5.28422293e-05 1.43703136e-04
1.03901404e+02 4.95792123e-02 1.13238147e-02 -5.76951559e-02 9.33084804e-05 4.17903586e-05 1.58319209e-05
1.06617654e+02 5.46792910e-02 1.07029511e-02 -6.55011470e-02 2.34371801e-05 1.02084534e-04 1.43894385e-04
1.09334825e+02 5.45033930e-02 8.06291429e-03 -5.93732386e-02 1.61413256e-04 1.14138914e-04 8.24363907e-05
1.12038560e+02 5.89086778e-02 5.08719397e-03 -6.00313249e-02 5.10981682e-05 7.20916540e-05 1.42557129e-04
1.14752685e+02 5.82320559e-02 3.05927340e-03 -5.05938838e-02 1.44020715e-04 5.99388468e-05 2.23073048e-05
1.17470888e+02 6.03978534e-02 6.72361331e-03 -4.02439986e-02 7.78187318e-05 8.70587373e-05 4.22308247e-05
1.20180700e+02 6.22316925e-02 8.36183765e-03 -3.39377156e-02 4.14501347e-05 1.70653281e-04 6.09699225e-05
1.22900716e+02 6.72806283e-02 2.41152569e-03 -2.79727659e-02 7.73015503e-05 2.29676678e-04 6.53048375e-05
1.25611388e+02 6.85266724e-02 -2.38111054e-03 -2.58938766e-02 9.05405003e-05 1.38762610e-04 6.25934738e-05
1.28321388e+02 6.39160448e-02 -2.97178599e-03 7.07407369e-04 6.08619974e-05 1.89109395e-05 6.34386823e-05
1.31039216e+02 6.44909786e-02 8.10401322e-03 2.37429324e-02 4.01607675e-05 4.78765985e-05 7.94691044e-05
1.33755232e+02 6.84179920e-02 7.41248346e-03 3.75060995e-02 3.14994693e-05 9.27118874e-05 3.36480276e-05
1.36474794e+02 7.23532977e-02 1.30696259e-02 4.33237834e-02 7.25490227e-05 1.32876504e-04 5.62380968e-05
1.39194169e+02 7.15685110e-02 1.25372797e-02 4.09977954e-02 1.08824569e-05 2.75299394e-04 1.26410615e-04
1.41910638e+02 7.37577266e-02 7.63406787e-03 3.97013630e-02 7.52766984e-05 4.57255182e-04 2.48946600e-05
1.44626122e+02 6.71801723e-02 8.94646003e-03 3.42996743e-02 5.07633105e-05 3.91480424e-04 4.02501463e-05
1.47342013e+02 6.25129030e-02 5.29298949e-03 4.21943109e-02 3.62281956e-05 4.04275725e-04 2.27770224e-05
1.50051013e+02 5.56671586e-02 5.79884807e-03 4.79902338e-02 3.77382810e-05 4.88733206e-04 2.32247679e-05
1.52769888e+02 5.38228373e-02 -8.33201888e-05 4.18027762e-02 5.39523775e-05 5.29934064e-04 4.01283068e-05
1.55486669e+02 5.73605642e-02 -2.70859718e-03 4.72239043e-02 5.35981720e-05 5.03283153e-04 6.60774893e-05
1.58206154e+02 5.78442261e-02 -4.50131533e-03 4.85303323e-02 6.64688227e-05 1.69851339e-04 6.50698015e-05
1.60919575e+02 5.42393655e-02 5.06726571e-04 5.95845582e-02 3.03116582e-05 2.45564109e-04 6.12662512e-05
1.63634935e+02 5.73024115e-02 7.22960795e-04 6.51776938e-02 4.07393506e-05 6.21169371e-05 5.18598086e-05
1.66341060e+02 4.76039375e-02 -4.31826411e-03 6.12944662e-02 1.10255671e-05 3.79989323e-05 1.39447742e-04
1.69049950e+02 5.01038573e-02 -6.28467261e-03 6.13208610e-02 6.46345689e-05 5.27680398e-05 4.80416469e-05
1.71774029e+02 5.70088483e-02 -4.69426935e-03 5.54753974e-02 9.66313116e-05 7.77924836e-05 4.52740582e-05
1.74490419e+02 5.95591428e-02 -3.95988690e-03 4.80005475e-02 3.11383599e-05 5.19359995e-05 3.03742675e-05
1.77211169e+02 6.00352137e-02 -8.14678130e-03 4.59243463e-02 2.17608169e-05 1.29076559e-04 9.41350705e-05
1.79933747e+02 6.10259446e-02 -1.06988031e-02 5.28725406e-02 3.42574044e-05 1.17063946e-04 1.16567001e-04
1.82652466e+02 5.91829618e-02 -7.18116413e-03 5.59516129e-02 5.83792258e-05 6.45894402e-05 6.84221103e-05
1.85381216e+02 4.65428210e-02 -6.85739608e-03 5.84120743e-02 3.86834509e-05 1.43636524e-04 1.20225233e-04
1.88098341e+02 3.89922231e-02 1.38932245e-03 6.28254971e-02 9.40423181e-05 3.97867781e-05 4.40945751e-05
1.90831404e+02 3.31297695e-02 1.96450262e-03 5.97357102e-02 3.28374091e-05 3.90100887e-05 8.95493511e-05
1.93549138e+02 2.96548599e-02 1.31533323e-02 6.15128221e-02 6.00089641e-05 6.44505805e-05 3.34444008e-05
1.96273872e+02 2.64341585e-02 1.31678129e-02 6.36176740e-02 3.69959208e-05 7.67319682e-05 2.40385223e-05
1.98989763e+02 1.29722923e-02 1.28815767e-02 6.73696984e-02 3.26956802e-05 5.75100805e-05 3.60542786e-05
2.01705685e+02 9.91605658e-03 1.20632355e-02 6.21907141e-02 4.51574164e-05 1.49272563e-04 6.70666783e-05
2.04416075e+02 1.96724154e-02 5.09988115e-03 6.20069656e-02 4.22846811e-05 3.69882437e-04 5.97380704e-05
2.07120232e+02 3.23310933e-02 4.46932270e-03 5.97685173e-02 8.38803340e-05 5.31748171e-04 9.84470327e-05
2.09831029e+02 4.14254473e-02 -1.11851651e-03 5.50385616e-02 7.22395574e-05 1.43806903e-04 1.01942752e-04
2.12546716e+02 4.18360246e-02 -4.35918098e-03 5.63340200e-02 4.68840480e-05 5.72592147e-04 3.54298813e-05
2.15264388e+02 3.49618330e-02 -6.76665494e-04 5.98982458e-02 1.37795785e-05 4.23161419e-04 1.84237496e-05
2.17975575e+02 3.49356547e-02 2.73331261e-03 6.12189475e-02 4.52385038e-05 3.19036192e-04 3.61345028e-05
2.20694388e+02 3.98993715e-02 8.75272906e-03 6.69254812e-02 3.42663388e-05 2.17964647e-04 4.43026412e-05
2.23413794e+02 4.50278385e-02 1.22814497e-02 6.38997679e-02 9.17041585e-05 3.57378108e-04 2.44522384e-05
2.26119591e+02 5.52902442e-02 8.94705678e-03 6.50015718e-02 1.81201408e-05 1.55902651e-04 7.29724415e-05
2.28850200e+02 5.30707273e-02 1.07898829e-02 6.48365056e-02 3.42129382e-05 5.50397315e-05 6.10721333e-05
2.31569107e+02 5.29226472e-02 1.70475072e-02 6.22615360e-02 1.77576647e-04 1.66022691e-04 2.28588781e-05
2.34291310e+02 5.25631584e-02 1.98395775e-02 5.93487785e-02 4.93383194e-05 9.38542376e-05 1.53196840e-04
2.37008466e+02 5.63567618e-02 2.79368025e-02 5.83591832e-02 9.93705228e-05 1.20715561e-04 8.95619164e-05
2.39720529e+02 6.08818263e-02 2.14580727e-02 5.86529258e-02 7.20881947e-05 6.25881557e-04 7.21579964e-05
2.42434732e+02 5.74346335e-02 1.88074052e-02 6.68220347e-02 7.44462552e-05 3.72553680e-04 1.97480373e-04
2.45144669e+02 5.65463517e-02 4.10910639e-03 6.69412164e-02 7.04179119e-05 3.68876998e-04 7.55368444e-05
2.47860825e+02 5.32651542e-02 1.70527054e-04 5.79384989e-02 1.19214847e-04 2.70946783e-04 3.81031984e-05
2.50569341e+02 5.83603304e-02 -8.60370129e-03 5.67913674e-02 5.73223927e-05 2.12892419e-04 1.38592317e-04
2.53284904e+02 6.77791170e-02 -1.46075837e-02 5.37995683e-02 7.46133233e-05 1.13005887e-04 5.09760702e-05
2.55995841e+02 6.25325358e-02 -1.06471936e-02 6.09110460e-02 6.90949328e-05 1.33664039e-04 8.12561423e-05
2.58705388e+02 6.03256657e-02 -6.49327960e-03 5.08150484e-02 4.33282299e-05 2.12137928e-04 8.54469561e-05
2.61421841e+02 6.04273185e-02 -3.06701688e-03 4.38147227e-02 2.00461354e-04 1.21086528e-04 1.23296507e-04
2.64140825e+02 7.19445293e-02 -1.69583516e-03 3.39186200e-02 2.71971118e-05 1.05916708e-04 1.72195750e-04
2.66863216e+02 7.52784454e-02 -5.99036867e-03 3.05523331e-02 9.27910505e-05 6.94909845e-05 4.40030663e-05
2.69580889e+02 7.74338663e-02 -4.94550808e-03 1.15812830e-02 3.47123802e-05 2.42397438e-05 4.14092977e-05
