6.72409997e-01 7.60645490e-02 -1.12997977e-02 -6.34813779e-03 1.38553891e-04 4.85768121e-05 9.70118516e-05
3.39417086e+00 7.01140779e-02 -6.47454991e-03 -2.29975002e-02 3.32446313e-05 5.92751747e-05 2.98634262e-05
6.11666883e+00 6.81867700e-02 -4.99778041e-03 -3.82713355e-02 1.24793488e-04 7.99301852e-05 5.19480725e-05
8.83046992e+00 7.17280889e-02 -6.56301107e-03 -4.02705708e-02 5.11331599e-05 4.55586077e-05 5.86423814e-05
1.15388551e+01 7.20206971e-02 -3.55809974e-03 -4.22535937e-02 7.41626544e-05 3.63053742e-05 2.13015062e-05
1.42530348e+01 7.45790400e-02 4.37138343e-04 -4.22513330e-02 4.35811411e-05 7.80326637e-05 2.60014518e-05
1.69690254e+01 7.49631636e-02 1.07026390e-03 -4.90941568e-02 3.65877151e-05 1.25018131e-04 1.93336082e-05
1.96865238e+01 6.78505898e-02 4.62278228e-03 -4.77456003e-02 2.75873327e-05 1.73265957e-04 1.67263681e-04
2.23998707e+01 5.17486971e-02 8.53781968e-03 -5.58500504e-02 1.67968619e-04 1.59764742e-04 6.85591150e-05
2.51180910e+01 5.54727436e-02 6.19393095e-03 -6.10383375e-02 7.14526936e-05 1.46958588e-04 6.23164917e-05
2.78275832e+01 5.23286528e-02 6.81574382e-03 -5.69060378e-02 6.14890423e-05 1.01608343e-04 2.10971613e-05
3.05504988e+01 5.33015740e-02 5.64221760e-03 -6.10381568e-02 3.28988563e-05 2.35559372e-04 6.87694465e-05
3.32618176e+01 5.90419596e-02 -5.16964763e-03 -6.17026007e-02 4.01661100e-05 3.25011990e-04 5.46638701e-05
3.59782941e+01 5.77241063e-02 -1.39720000e-02 -5.99061412e-02 2.51472937e-05 1.87837323e-04 8.30568803e-06
3.86901723e+01 4.99148029e-02 -8.73668198e-03 -6.22503751e-02 3.27169804e-05 1.82476159e-04 1.40996065e-05
4.14098707e+01 4.27593024e-02 -6.82158466e-03 -6.94494755e-02 7.92487892e-05 1.85623202e-04 9.79060820e-05
4.41238426e+01 4.57249946e-02 -1.00723123e-02 -7.30774781e-02 8.80428354e-05 2.33988830e-04 2.65644959e-05
4.68378848e+01 3.87042679e-02 -2.51864877e-03 -7.17805606e-02 3.07603381e-05 2.69121612e-04 6.63887801e-05
4.95577707e+01 2.08804124e-02 -1.05213369e-02 -6.73379808e-02 6.50940164e-05 1.51081681e-04 6.19235514e-05
5.22750410e+01 2.85733312e-03 -1.50514317e-02 -6.52124588e-02 3.29221360e-05 2.17025810e-04 6.82582196e-05
5.49912676e+01 -6.83370433e-03 -1.82687838e-02 -6.08656108e-02 8.36732436e-05 2.46644682e-04 1.33410734e-04
5.77140863e+01 -1.29803356e-02 -1.87437844e-02 -6.71729903e-02 1.19517977e-04 2.14291969e-04 2.52816685e-05
6.04271082e+01 -1.14502823e-02 -1.69774977e-02 -6.98966575e-02 4.65265756e-05 1.96182392e-04 3.01758285e-05
6.31448519e+01 -3.33576611e-03 -1.43746498e-02 -7.02596486e-02 2.38643006e-05 4.70895098e-04 7.77624013e-05
6.58638098e+01 7.74197253e-03 -6.10196759e-03 -7.18390194e-02 1.31673106e-04 2.98201022e-04 1.35202308e-05
6.85870394e+01 2.79881959e-02 -6.10438361e-03 -6.52096230e-02 2.23814942e-05 1.95075942e-04 1.38169429e-05
7.13152660e+01 4.45879888e-02 -1.93398545e-03 -5.77792958e-02 3.55843295e-05 9.03252755e-05 1.19132131e-05
7.40368379e+01 5.35168863e-02 -6.40808455e-03 -5.07117652e-02 1.04279397e-04 1.19382648e-04 3.23368283e-05
7.67611254e+01 5.66925912e-02 -1.85030358e-04 -5.05971963e-02 3.05003848e-05 2.21270711e-04 8.22352225e-05
7.94720160e+01 5.33611693e-02 -3.99899769e-04 -4.99657937e-02 4.41471360e-05 2.22566484e-04 2.95154260e-05
8.21904348e+01 5.99265807e-02 6.29005800e-04 -3.99224237e-02 1.08983819e-04 2.69795785e-04 4.53906965e-05
8.49037473e+01 6.51365796e-02 1.56626826e-03 -4.21891596e-02 1.97745393e-05 5.72701041e-04 5.41033082e-05
8.76194691e+01 6.93691107e-02 5.29294969e-03 -4.33090793e-02 5.21920640e-05 2.19132435e-04 5.83537238e-05
9.03307004e+01 6.66876161e-02 5.60775875e-03 -4.61595905e-02 7.06868308e-05 2.33492644e-04 2.45083386e-05
9.30550019e+01 6.67065356e-02 5.40191911e-03 -5.56312212e-02 9.39846438e-05 5.95486523e-05 8.49031922e-05
9.57767676e+01 6.83833361e-02 6.75214054e-03 -4.50782441e-02 5.99345195e-05 1.93552306e-05 5.52949759e-05
9.84881176e+01 7.00145510e-02 2.93469253e-03 -5.27864909e-02 5.48562636e-05 6.73177038e-05 7.37811523e-05
1.01192244e+02 7.36912294e-02 3.96131271e-03 -5.01501004e-02 7.31050552e-05 6.37910971e-05 8.18267055e-05
1.03892104e+02 6.89029174e-02 6.94860642e-03 -4.53625186e-02 4.20202064e-05 3.69942498e-05 1.71321735e-05
1.06598229e+02 5.26420528e-02 6.59494721e-03 -4.36883628e-02 6.13947800e-05 6.22467871e-05 5.14177872e-05
1.09312447e+02 4.74198886e-02 9.98789476e-03 -5.07295507e-02 1.22211402e-04 3.74950905e-06 4.97347074e-05
1.12019463e+02 4.21768789e-02 9.50660031e-03 -5.09964297e-02 7.30442232e-05 2.11418878e-04 3.90630265e-05
1.14739635e+02 5.17528600e-02 9.00796032e-03 -5.67225099e-02 1.05113283e-04 1.45964063e-04 3.97070569e-05
1.17461432e+02 5.88155572e-02 -6.98904531e-04 -5.72512078e-02 7.25580156e-05 3.95911011e-04 2.97364576e-05
1.20170682e+02 6.18863961e-02 -2.08471489e-03 -6.00842147e-02 5.96655285e-05 2.10426064e-04 1.26757608e-04
1.22889354e+02 6.37292901e-02 5.34425588e-03 -3.40750913e-02 6.70033384e-05 7.63420143e-04 1.56733550e-04
1.25604322e+02 6.02579103e-02 8.75057044e-03 -1.15323126e-02 6.66778910e-05 3.93887560e-04 5.60092640e-05
1.28323557e+02 6.48560440e-02 1.14491063e-02 9.57030834e-03 2.68554435e-05 5.93475864e-04 5.70218059e-05
1.31039916e+02 6.41501000e-02 7.92651698e-03 1.90939408e-02 4.45132432e-05 5.27144081e-04 6.84364750e-05
1.33753979e+02 6.09553625e-02 8.40034965e-03 3.03711610e-02 2.51748927e-05 5.35936356e-04 7.33462240e-05
1.36471463e+02 6.41258345e-02 1.99507618e-03 4.61402143e-02 4.86196352e-05 2.17470579e-04 1.26923588e-04
1.39181400e+02 6.56215088e-02 3.28739683e-03 5.49821687e-02 7.93530317e-05 1.67283926e-04 3.74189245e-05
1.41897729e+02 5.72696376e-02 7.21541113e-03 5.71740515e-02 6.76075999e-05 1.72346733e-04 2.83640057e-05
1.44608338e+02 5.76920345e-02 7.64540338e-03 5.95883798e-02 1.85974422e-05 2.53179451e-04 4.24953328e-05
1.47332307e+02 5.57169480e-02 8.46249058e-03 5.51112122e-02 1.59860358e-05 1.64852789e-04 5.08231578e-05
1.50046494e+02 5.95243125e-02 1.17048675e-02 5.02200336e-02 8.46956188e-05 2.46332998e-04 3.92457597e-05
1.52768682e+02 5.31208580e-02 1.37729451e-02 5.84318497e-02 6.24574471e-05 1.29147898e-04 7.09956328e-05
1.55483385e+02 5.17684875e-02 7.10360041e-03 5.97470514e-02 7.28880913e-05 8.63419889e-05 7.61831400e-05
1.58203447e+02 5.36907289e-02 1.03554457e-03 5.64016647e-02 6.31736066e-05 3.64420244e-04 3.24643113e-05
1.60910229e+02 6.08248657e-02 -8.50761514e-03 5.51917778e-02 2.97683801e-05 7.01932262e-05 2.55440903e-05
1.63622354e+02 6.70490216e-02 -8.90822322e-03 4.85272104e-02 3.48561811e-05 1.63683069e-04 1.02310399e-04
1.66345244e+02 7.44882053e-02 -7.03047741e-03 4.91974727e-02 1.68190222e-05 9.79058271e-05 6.11761006e-05
1.69052525e+02 7.48320041e-02 -9.94217963e-03 4.03624571e-02 8.27220604e-05 8.71293436e-05 7.73351538e-05
1.71771510e+02 6.40248371e-02 -1.28688892e-02 4.11003404e-02 1.25630175e-04 1.66819272e-04 1.45695939e-04
1.74490729e+02 6.17175869e-02 -8.20709794e-03 5.12794825e-02 8.64323825e-05 3.01819331e-04 1.29218237e-04
1.77208041e+02 6.24420964e-02 2.06749103e-04 5.82025315e-02 1.44239057e-05 3.49024751e-04 1.31138561e-04
1.79927166e+02 5.82956611e-02 6.59071762e-03 5.08706172e-02 1.56342933e-05 2.80524473e-04 2.86687434e-05
1.82646229e+02 5.40608648e-02 9.89489009e-03 5.26513207e-02 6.44599803e-05 1.51288775e-04 3.99068461e-05
1.85374275e+02 4.98167473e-02 1.17345582e-02 6.30402032e-02 7.28668575e-05 7.26529856e-05 8.65370058e-05
1.88095932e+02 3.69454289e-02 7.44774553e-03 7.32266038e-02 7.75501038e-05 7.35219353e-05 3.40333174e-05
1.90819213e+02 2.93591615e-02 7.18713383e-03 7.86871930e-02 4.91315148e-05 2.10052037e-04 5.00723106e-05
1.93538916e+02 1.77748405e-02 -3.79518263e-03 8.01989867e-02 4.07474185e-05 2.47621461e-04 3.99938913e-05
1.96261182e+02 7.50269554e-03 -1.32765286e-03 7.73665433e-02 2.38649593e-05 8.12912602e-05 3.07927274e-05
1.98980260e+02 8.33207309e-03 -6.65399381e-03 7.28375601e-02 1.45610839e-05 1.08544339e-04 4.09228009e-05
2.01696963e+02 1.27055404e-02 -1.09304221e-02 7.63550393e-02 2.81363598e-05 1.83280713e-04 3.62369433e-05
2.04415525e+02 2.19791231e-02 -9.52990754e-03 6.93316945e-02 7.97934588e-05 2.62803279e-04 1.21296465e-05
2.07140729e+02 3.42565520e-02 -8.86763316e-03 6.58128120e-02 5.15310934e-05 3.26116741e-04 1.37474311e-04
2.09853369e+02 3.47269302e-02 -1.68576267e-03 6.04327439e-02 6.03874873e-05 4.58327581e-04 1.92782891e-04
2.12551541e+02 4.36391596e-02 4.21995257e-03 6.49249351e-02 1.03579117e-04 1.56415729e-04 7.62984211e-05
2.15271869e+02 5.01997370e-02 4.80369734e-03 6.04220093e-02 1.56573853e-05 9.24980421e-05 4.80403335e-05
2.17978447e+02 4.56862793e-02 5.28645312e-03 6.69671580e-02 4.97144452e-05 1.73969218e-04 3.70760021e-05
2.20686932e+02 5.31696794e-02 2.85447872e-03 5.91449704e-02 7.40098628e-05 1.28272739e-04 9.11513301e-05
2.23416635e+02 4.77364003e-02 4.30200845e-03 5.99928325e-02 1.00735670e-04 2.26911158e-05 2.45507593e-05
2.26136369e+02 5.42545854e-02 1.25083513e-02 5.78083050e-02 4.31342917e-05 1.70896770e-04 7.44146334e-05
2.28856354e+02 5.21488889e-02 1.75601076e-02 5.50474173e-02 5.05786339e-05 1.54053286e-04 4.64280513e-05
2.31570338e+02 5.51459799e-02 1.59953516e-02 5.74549160e-02 3.10977523e-05 9.55929464e-05 3.23053130e-05
2.34290260e+02 5.43430382e-02 1.80777542e-02 5.71327534e-02 5.87068596e-05 2.10064761e-04 2.85815768e-05
2.37007010e+02 4.70153841e-02 1.39361840e-02 5.95446987e-02 1.32684749e-05 2.20961311e-04 1.16394480e-04
2.39714119e+02 4.18227316e-02 1.31905291e-02 6.43402545e-02 5.92628539e-05 2.96722605e-05 2.87409267e-05
2.42423463e+02 4.24504434e-02 5.92954018e-03 5.92759986e-02 1.05156471e-04 1.02858199e-04 5.59387146e-05
2.45132525e+02 4.93371565e-02 7.01062278e-03 5.78466456e-02 1.16839896e-04 3.00740918e-04 4.76839206e-05
2.47847072e+02 5.43351122e-02 1.56809329e-04 6.57882869e-02 4.51235386e-05 1.40771309e-04 7.73546600e-05
2.50557400e+02 5.11846490e-02 -9.69642326e-04 6.91093829e-02 4.29335299e-05 1.87159529e-04 1.03440863e-04
2.53276385e+02 4.34003628e-02 3.63137475e-03 6.81168274e-02 9.26864227e-05 1.58157085e-04 1.23934974e-05
2.55993838e+02 5.05594072e-02 -1.46146698e-03 5.21811480e-02 8.79260304e-05 9.88793749e-05 2.20990508e-05
2.58703525e+02 5.89921727e-02 -3.31003521e-03 4.76476093e-02 4.83574941e-05 1.39345866e-04 1.21934808e-04
2.61417150e+02 6.36109199e-02 -5.57448437e-03 4.58728469e-02 1.25673890e-04 1.97504007e-04 1.24464871e-04
2.64128822e+02 6.25630203e-02 -1.30278414e-02 3.86785534e-02 8.62746719e-05 7.89449824e-05 5.12551674e-05
2.66841104e+02 7.25348203e-02 -1.29902999e-02 2.58102253e-02 7.62692693e-05 6.23693270e-05 1.01561250e-04
2.69553178e+02 7.93872831e-02 -1.56425797e-02 1.03942609e-02 2.23247201e-05 3.85824632e-05 7.10847859e-05
