6.73401150e-01 8.50802140e-02 -4.39996040e-03 4.13963582e-03 9.02687434e-05 1.31312023e-04 3.20403047e-05
3.38914714e+00 8.48478331e-02 -3.45250406e-03 -1.72149564e-02 3.95033421e-05 1.68191525e-04 6.95766291e-05
6.10179121e+00 7.87799965e-02 -1.10541060e-03 -2.75620922e-02 1.29654755e-04 1.69699543e-04 2.16641697e-05
8.81491105e+00 7.04481737e-02 4.80817132e-03 -4.59828590e-02 5.31109801e-05 1.65943806e-04 1.99035167e-04
1.15337531e+01 5.44775227e-02 9.93551577e-03 -4.33394080e-02 8.76833458e-05 6.32625038e-05 9.57799846e-05
1.42513750e+01 4.97398427e-02 4.06972195e-03 -5.85216887e-02 6.50212889e-05 1.75668839e-04 7.47384114e-05
1.69775859e+01 5.24354751e-02 5.65968547e-03 -5.61519817e-02 3.53026732e-05 1.14775816e-04 1.10594505e-04
1.96920593e+01 5.41075420e-02 3.19637651e-03 -5.58030558e-02 2.34072665e-05 1.51791806e-04 2.86976452e-05
2.23979937e+01 4.88203201e-02 1.27212431e-03 -5.31727403e-02 2.11234636e-05 9.05182821e-05 2.34748162e-05
2.51170015e+01 5.15719765e-02 -4.90632568e-03 -4.81844183e-02 2.19198252e-05 1.52039217e-04 2.95571200e-05
2.78241796e+01 4.87918859e-02 -1.60908997e-03 -4.73233836e-02 3.05451774e-05 1.98771204e-04 1.31487519e-04
3.05470125e+01 4.20522189e-02 4.81967002e-03 -5.97678828e-02 7.14529959e-05 7.22217221e-05 3.35765149e-05
3.32656984e+01 4.59922555e-02 8.70809657e-03 -6.30993019e-02 5.33650426e-05 8.32498238e-05 6.38340927e-05
3.59806984e+01 4.69561975e-02 1.04805744e-02 -6.52720717e-02 6.14713485e-05 5.95452108e-05 7.25781631e-05
3.86937312e+01 4.77184061e-02 6.24775412e-03 -6.75343943e-02 6.33578671e-05 5.58066398e-05 1.23611613e-04
4.14062421e+01 3.97983983e-02 -2.71293917e-03 -6.44512521e-02 4.51767140e-05 1.53743238e-04 6.22605484e-05
4.41209843e+01 3.43978336e-02 -1.13848553e-02 -6.18243927e-02 1.44334853e-04 2.95240096e-04 1.08174148e-04
4.68438125e+01 1.64921407e-02 -2.02324490e-02 -6.61588491e-02 5.25471988e-05 3.79576358e-04 5.66272225e-05
4.95588765e+01 1.27429975e-02 -1.79170762e-02 -6.73661469e-02 2.27781229e-05 3.77761531e-04 6.67484275e-05
5.22841453e+01 1.00066787e-02 -1.73257938e-02 -6.70761968e-02 1.24041436e-04 2.99104078e-04 3.80823840e-05
5.50015453e+01 1.09246099e-03 -1.13926157e-02 -6.98211035e-02 1.13141087e-04 1.19810705e-04 3.87743963e-05
5.77192046e+01 -1.64297080e-02 -1.23993950e-02 -7.09844482e-02 3.70608205e-05 1.76108730e-04 2.18698982e-05
6.04345437e+01 -2.44668821e-02 -1.32273281e-02 -7.50802430e-02 7.98731665e-05 6.31479160e-05 3.46727488e-05
6.31601343e+01 -1.46408482e-02 -1.91463204e-02 -8.17824993e-02 1.06404504e-04 3.43848604e-05 4.02436800e-05
6.58790046e+01 -9.01036971e-03 -1.83677663e-02 -8.88279770e-02 5.57083520e-05 4.96081458e-05 8.43961710e-05
6.86022171e+01 1.26389248e-03 -2.23035370e-02 -8.02615321e-02 5.12212230e-05 8.03354955e-05 1.21868715e-04
7.13230687e+01 7.80798236e-03 -2.05180890e-02 -7.72757584e-02 3.26723203e-05 8.67320105e-05 7.53614855e-05
7.40428500e+01 2.13891783e-02 -1.59182785e-02 -7.88419849e-02 3.01523466e-05 6.00548964e-05 7.09776121e-05
7.67547406e+01 3.16556974e-02 -1.45135188e-02 -7.29152184e-02 5.13216909e-05 1.54816408e-04 3.06075340e-05
7.94638359e+01 4.84481435e-02 -1.52693852e-02 -6.37510049e-02 5.51773995e-05 8.74445943e-05 8.13863728e-05
8.21884234e+01 5.13439710e-02 -6.56210218e-03 -5.47490442e-02 3.15930389e-05 6.34792657e-05 8.54781320e-05
8.49103203e+01 5.67693119e-02 -3.11352380e-03 -5.73821902e-02 5.68306799e-05 3.48172573e-05 5.21223414e-05
8.76246531e+01 6.27212605e-02 -4.49072603e-03 -5.17463271e-02 1.40759232e-04 1.56086200e-04 7.70157500e-05
9.03348921e+01 6.11119816e-02 3.40258704e-03 -4.60534097e-02 6.09201387e-05 8.97395319e-05 7.35449178e-05
9.30492765e+01 5.68121368e-02 4.26458591e-03 -5.03977784e-02 3.02037550e-05 1.20862652e-04 1.01225331e-04
9.57641156e+01 6.25975724e-02 -1.22217807e-03 -5.27307452e-02 2.40816794e-05 1.85698634e-04 4.67097423e-05
9.84728171e+01 6.14902837e-02 6.05283540e-05 -4.50383737e-02 6.00733478e-05 1.17293162e-04 7.03041497e-05
1.01182006e+02 6.11504917e-02 -7.27288558e-04 -4.90257471e-02 1.15115823e-04 3.11562887e-04 6.20825476e-05
1.03897303e+02 5.89117082e-02 -2.90638995e-03 -3.69325702e-02 9.47381100e-05 1.83897698e-04 1.21223089e-04
1.06615709e+02 6.84668877e-02 -7.41224355e-03 -4.28520389e-02 9.29735358e-05 2.28203423e-04 1.94979771e-04
1.09329116e+02 7.57770566e-02 -9.27269790e-03 -4.59370193e-02 1.74085531e-04 2.74642334e-04 1.38228454e-04
1.12038678e+02 6.80804279e-02 1.89415085e-04 -5.09792126e-02 6.69479333e-05 4.05764158e-04 7.74508001e-05
1.14751959e+02 6.17243927e-02 4.08543031e-03 -4.63422312e-02 6.94280293e-05 2.11407124e-04 3.84933092e-05
1.17464709e+02 5.44014259e-02 1.13406358e-02 -4.40251646e-02 3.96636104e-05 2.70684059e-04 8.85864541e-05
1.20176991e+02 5.93455806e-02 1.06141266e-02 -4.10573704e-02 5.82475838e-05 2.36708472e-04 8.32860358e-05
1.22895256e+02 6.27515854e-02 1.36838928e-02 -2.94532465e-02 4.56299334e-05 4.81628547e-04 6.64424690e-05
1.25608381e+02 6.68598021e-02 3.70946334e-03 -2.08877935e-02 1.20743717e-04 2.45589988e-04 7.21317888e-05
1.28329178e+02 6.48445275e-02 -1.13972767e-03 -4.78641524e-03 4.18241907e-05 3.97399012e-04 9.42254026e-05
1.31044147e+02 6.36486032e-02 1.35375973e-03 1.38030202e-02 3.11823447e-05 2.42242226e-04 6.08930205e-05
1.33754772e+02 5.33051243e-02 1.13937670e-02 3.70309722e-02 4.10942370e-05 5.03282865e-04 6.06806577e-05
1.36469397e+02 5.49224921e-02 1.02089134e-02 4.97046231e-02 1.60658076e-04 1.94054543e-04 1.06846189e-04
1.39178725e+02 5.47381157e-02 6.53123460e-03 5.91746895e-02 4.60493485e-05 8.91553486e-05 2.14539981e-05
1.41895225e+02 5.17612072e-02 6.71141160e-03 6.38429125e-02 5.81549780e-05 2.03621129e-04 6.92307038e-05
1.44608912e+02 4.14276438e-02 6.69986013e-04 7.22960324e-02 9.35943314e-05 6.39630131e-05 7.33399989e-05
1.47329381e+02 3.63541179e-02 -4.57059189e-04 6.98211719e-02 5.88887112e-06 8.23226679e-05 7.33500692e-05
1.50052334e+02 3.64427680e-02 -1.03998966e-03 6.51721540e-02 1.65456479e-05 5.50477112e-05 1.23340554e-05
1.52774381e+02 4.03981140e-02 9.96000330e-04 5.90663806e-02 9.41257483e-05 1.83394013e-04 6.58591630e-05
1.55492241e+02 5.17186755e-02 2.65501797e-03 4.54025467e-02 4.20172841e-05 2.97718466e-05 2.92650397e-05
1.58205084e+02 5.81189519e-02 1.58816377e-03 4.08860341e-02 9.33496218e-05 8.24174054e-05 2.38220946e-05
1.60929537e+02 6.46873220e-02 4.37790849e-03 3.51258388e-02 1.17437279e-04 8.34101210e-05 1.02545866e-04
1.63647069e+02 6.39152076e-02 1.14596687e-02 4.25157051e-02 6.65012270e-05 8.88790600e-05 1.76182823e-04
1.66382272e+02 6.24703201e-02 7.03340419e-03 4.52170252e-02 1.65031411e-05 1.33241261e-04 5.79774661e-05
1.69090944e+02 5.97828711e-02 2.37162498e-03 4.26581003e-02 1.07934076e-04 1.72653225e-05 5.38467435e-05
1.71798756e+02 5.69526835e-02 1.05211823e-02 4.23430736e-02 6.54013458e-05 7.66405983e-05 3.88471890e-05
1.74507756e+02 5.24644941e-02 1.89883208e-02 4.13966311e-02 4.94680634e-05 1.90089238e-05 9.47794833e-05
1.77226037e+02 5.10035135e-02 1.64528257e-02 5.38025593e-02 8.29708389e-05 7.49930133e-05 4.76807675e-05
1.79939084e+02 3.78434462e-02 1.15408378e-02 6.15379538e-02 7.27758796e-05 9.09671194e-05 8.54685456e-05
1.82648209e+02 2.65660501e-02 1.07247597e-02 6.75707303e-02 1.18982382e-04 1.16664842e-04 7.68411276e-05
1.85369428e+02 1.88314855e-02 5.19300748e-03 6.64682274e-02 1.06577643e-04 4.52136080e-05 4.10784886e-05
1.88087194e+02 7.25639471e-03 -1.00986346e-03 6.62378738e-02 3.56424765e-05 1.79724865e-04 5.02278186e-05
1.90808256e+02 2.47071519e-03 -5.16091565e-03 6.61503127e-02 7.02116683e-05 1.21690296e-04 4.43365276e-05
1.93522756e+02 -1.03780115e-03 -1.32530321e-02 6.96962125e-02 5.51737460e-05 9.46149097e-05 1.61690044e-04
1.96246162e+02 3.93375587e-03 -5.04831608e-03 6.69447803e-02 9.48222525e-05 4.52932722e-04 4.36379321e-05
1.98974616e+02 9.34148440e-03 -9.85524538e-03 7.41505083e-02 6.23655546e-05 1.40717583e-04 4.90455467e-05
2.01693678e+02 1.35987173e-02 -7.35695959e-03 7.14399098e-02 2.88862008e-05 2.56486550e-04 1.33849889e-04
2.04424225e+02 1.63152539e-02 -5.30553550e-03 7.27374704e-02 4.27846970e-05 7.50320700e-05 3.07206228e-05
2.07147537e+02 3.06229667e-02 -3.89932768e-03 7.09998168e-02 1.75851386e-05 5.60887734e-05 3.06792868e-05
2.09864256e+02 3.13260766e-02 -3.62891846e-03 6.98175185e-02 1.59534005e-04 1.29036742e-04 3.43814045e-05
2.12581397e+02 4.33833026e-02 -1.48753088e-03 5.77500989e-02 1.88159194e-05 6.58651714e-05 3.43117203e-05
2.15301319e+02 5.49707145e-02 3.21091884e-03 5.27684977e-02 3.51669683e-05 4.46843758e-05 2.76955957e-05
2.18024506e+02 5.64435704e-02 7.13374702e-03 4.54074240e-02 8.38788375e-05 8.80453454e-05 4.96372394e-05
2.20744975e+02 6.42228390e-02 8.93775827e-03 4.65873787e-02 9.26356164e-05 2.46616314e-05 6.58366776e-05
2.23456131e+02 6.22976887e-02 8.95242194e-03 5.23980570e-02 4.02971969e-05 2.79119840e-05 8.23253506e-05
2.26164303e+02 5.69962322e-02 -5.57422771e-04 5.92383944e-02 1.08041268e-05 3.22033155e-05 3.12349520e-05
2.28870272e+02 4.98390315e-02 -4.66519962e-03 6.00292500e-02 3.50743539e-05 6.45752167e-05 2.16943394e-05
2.31572194e+02 4.77506605e-02 -1.35581744e-02 6.30129766e-02 5.29942052e-05 2.18801254e-04 4.62027005e-05
2.34283084e+02 5.00490506e-02 -1.54187171e-02 5.75466641e-02 4.56480489e-05 2.28359043e-04 7.55511305e-05
2.36993991e+02 5.41233489e-02 -5.62576907e-03 6.14840056e-02 1.01580724e-04 3.21202479e-04 7.47979840e-06
2.39715725e+02 5.56222188e-02 -3.33996718e-03 6.27544785e-02 3.59467647e-05 1.40805391e-04 8.41999783e-05
2.42429522e+02 5.24805817e-02 -4.96473699e-03 6.52022085e-02 4.82531246e-05 4.46490606e-04 6.91506827e-05
2.45142912e+02 4.74300842e-02 2.07835172e-03 7.08208666e-02 1.17618415e-04 1.00448851e-04 9.29758384e-05
2.47861241e+02 5.54683798e-02 4.98993903e-03 6.32128360e-02 2.81369296e-05 8.18929102e-05 3.31001213e-05
2.50570162e+02 6.13933226e-02 1.14886236e-02 5.30990970e-02 4.67457574e-05 6.77938759e-05 7.48948797e-05
2.53292506e+02 6.13754993e-02 8.66745654e-03 5.34709816e-02 9.78711528e-05 2.84747684e-04 8.56594351e-05
2.56003866e+02 5.50531217e-02 3.58893359e-03 5.71677283e-02 1.00379638e-04 2.11567797e-04 9.38850012e-05
2.58714819e+02 5.61324235e-02 -1.29178971e-03 5.76725569e-02 2.14498694e-04 3.43098450e-04 5.83196802e-05
2.61426647e+02 6.31497926e-02 8.36230617e-04 4.49595136e-02 1.82316467e-04 2.46564541e-04 7.21302520e-05
2.64142287e+02 6.10752633e-02 -4.33172901e-03 3.05588003e-02 5.54621245e-05 1.91113203e-04 1.12474947e-04
2.66857428e+02 7.08249570e-02 -2.06335397e-03 2.34776518e-02 5.21651913e-05 1.97828733e-04 6.25541839e-05
2.69573708e+02 7.78514425e-02 -4.60333706e-03 1.35072250e-02 9.36515406e-05 1.05750121e-04 8.55891980e-05
