6.75804689e-01 8.24964466e-02 -5.67756218e-03 4.50046672e-03 7.13965469e-05 1.25129374e-04 6.03697732e-05
3.39105540e+00 8.21562999e-02 -3.53156251e-03 -1.64501028e-02 1.06474646e-04 1.51758802e-04 4.31403427e-05
6.10437383e+00 7.98165616e-02 -1.65839573e-03 -2.82387531e-02 1.05006989e-04 1.94924303e-04 2.07634597e-05
8.81755539e+00 7.00437221e-02 5.78793717e-03 -4.31422090e-02 5.93349456e-05 2.27292020e-04 1.88497505e-04
1.15346741e+01 5.81139689e-02 8.76623575e-03 -4.60173641e-02 6.14418883e-05 8.89393755e-05 8.72629457e-05
1.42560179e+01 5.32219781e-02 2.78413036e-03 -5.56292297e-02 4.84696956e-05 1.19786409e-04 7.95333880e-05
1.69762038e+01 5.15100541e-02 4.56538361e-03 -5.41510784e-02 6.99505112e-05 1.27035350e-04 1.28555392e-04
1.96925616e+01 5.51741418e-02 1.60240534e-03 -5.33370935e-02 2.49569180e-05 1.94612681e-04 2.35479954e-05
2.24007195e+01 4.54998269e-02 2.28787702e-03 -5.09252885e-02 6.01509576e-05 7.86893600e-05 6.90133200e-05
2.51130226e+01 5.30064277e-02 -1.07678412e-03 -4.73848367e-02 5.94642813e-05 7.78692153e-05 4.89997244e-05
2.78212507e+01 4.63014779e-02 -1.85012252e-03 -4.99022220e-02 1.75171651e-05 1.91566123e-04 9.83966824e-05
3.05440601e+01 4.68264036e-02 4.80953373e-03 -6.06429502e-02 3.87214418e-05 6.44991577e-05 1.67321550e-05
3.32600476e+01 4.60784961e-02 1.01414108e-02 -6.05952420e-02 7.06739333e-05 1.03197548e-04 6.02066478e-05
3.59790366e+01 4.62150810e-02 7.94258785e-03 -6.69331021e-02 6.15886624e-05 6.04674144e-05 8.01441958e-05
3.86927257e+01 4.77303222e-02 5.10334216e-03 -6.89479042e-02 6.60289966e-05 1.17822532e-04 1.56345912e-04
4.14105491e+01 4.08078359e-02 -4.23285309e-03 -6.43404059e-02 7.38675048e-05 1.21878772e-04 5.52063660e-05
4.41203913e+01 3.29836885e-02 -1.09813208e-02 -6.19189582e-02 1.27336985e-04 4.40248602e-04 9.37282810e-05
4.68468273e+01 1.54349652e-02 -2.20508794e-02 -6.31379269e-02 4.77017351e-05 3.13591649e-04 7.43329451e-05
4.95605054e+01 1.52477723e-02 -1.67208305e-02 -6.67473832e-02 2.63254724e-05 4.25403781e-04 1.05223384e-04
5.22794398e+01 1.19049323e-02 -2.00390324e-02 -7.03341581e-02 5.82461501e-05 2.35315870e-04 1.34215603e-05
5.49995335e+01 1.93408154e-04 -1.23585380e-02 -7.28525076e-02 1.10384599e-04 2.01540668e-04 5.64999302e-05
5.77149382e+01 -1.92897734e-02 -1.28490795e-02 -7.29897899e-02 5.92588294e-05 1.59606460e-04 1.68470708e-05
6.04360679e+01 -2.47869363e-02 -1.31522347e-02 -7.51900799e-02 8.08952659e-05 1.87094906e-04 4.98270936e-05
6.31550116e+01 -1.72607037e-02 -2.01069150e-02 -8.33152055e-02 1.20067950e-04 2.87010333e-05 5.54634414e-05
6.58794695e+01 -7.16834990e-03 -2.06545355e-02 -8.98449629e-02 9.33309811e-05 6.40266670e-05 1.16489104e-04
6.86025710e+01 4.50886751e-03 -2.31601550e-02 -8.14521946e-02 9.17330707e-05 1.18845807e-04 1.01895929e-04
7.13260710e+01 1.43173437e-02 -2.05780706e-02 -7.99461464e-02 1.88156303e-05 8.29895154e-05 4.36386150e-05
7.40408773e+01 2.30364996e-02 -1.47847308e-02 -8.41945324e-02 2.15134784e-05 7.51728133e-05 5.76242212e-05
7.67572757e+01 3.30019185e-02 -1.51664237e-02 -7.15090274e-02 7.65001499e-05 2.02802024e-04 6.60979154e-05
7.94643273e+01 4.96804439e-02 -1.33600144e-02 -6.05671822e-02 4.59000347e-05 8.20630908e-05 4.56681052e-05
8.21849523e+01 5.40141216e-02 -6.56363813e-03 -5.09944773e-02 3.60246239e-05 5.39319665e-05 1.25445044e-04
8.49052523e+01 5.84341380e-02 -3.93447131e-03 -5.49082707e-02 6.89296850e-05 4.17938918e-05 7.96311584e-05
8.76261195e+01 6.39658184e-02 1.36713764e-04 -4.93879314e-02 1.22305643e-04 1.12564487e-04 4.83504359e-05
9.03342226e+01 6.25316755e-02 3.28841878e-03 -4.28917957e-02 4.05872886e-05 6.38460812e-05 7.10012933e-05
9.30469663e+01 5.64089950e-02 4.92975064e-03 -5.01050662e-02 1.81577580e-05 1.62308514e-04 1.52202113e-04
9.57617257e+01 6.23946222e-02 1.30765014e-03 -5.23480912e-02 4.14589603e-05 1.06045770e-04 5.57600008e-05
9.84777945e+01 6.30249682e-02 1.06170810e-03 -4.43149729e-02 5.75309954e-05 8.12503207e-05 9.50810474e-05
1.01180784e+02 5.79244046e-02 -1.96227499e-04 -4.36431287e-02 9.16396220e-05 2.11941486e-04 4.35492628e-05
1.03899049e+02 5.79463311e-02 -4.06331378e-03 -4.00640053e-02 1.31286894e-04 1.67736863e-04 1.30191128e-04
1.06616174e+02 7.18228955e-02 -7.71997793e-03 -4.12844578e-02 6.14094829e-05 2.08101961e-04 1.87044343e-04
1.09323518e+02 7.71156537e-02 -7.72911308e-03 -4.78125934e-02 2.40751484e-04 2.89416616e-04 6.64717920e-05
1.12034862e+02 6.74124584e-02 -1.73352250e-05 -5.21259591e-02 9.29599172e-05 3.01366727e-04 5.31333269e-05
1.14749502e+02 6.13968674e-02 5.33077878e-03 -5.48677718e-02 8.79394274e-05 2.12709031e-04 3.31986203e-05
1.17463268e+02 5.14617974e-02 1.21709514e-02 -4.83059082e-02 3.39021811e-05 2.74077386e-04 1.12590518e-04
1.20180190e+02 5.50868694e-02 1.27358953e-02 -4.16902704e-02 5.91945546e-05 2.44244751e-04 6.14921153e-05
1.22894705e+02 6.15353385e-02 1.29984973e-02 -2.99728238e-02 5.87516409e-05 5.00317859e-04 4.90493426e-05
1.25615377e+02 6.77752626e-02 2.13661373e-03 -2.52279447e-02 6.53015120e-05 4.49751924e-04 4.89173197e-05
1.28328346e+02 6.56015017e-02 -1.33172404e-03 -2.47529224e-03 4.15644543e-05 5.28147588e-04 6.06239806e-05
1.31039159e+02 6.68942247e-02 2.45129608e-03 1.82861198e-02 2.53982267e-05 2.89646169e-04 4.43820454e-05
1.33750721e+02 5.69640248e-02 8.62774631e-03 3.77497475e-02 6.54980293e-05 6.61124757e-04 2.59853349e-05
1.36465987e+02 5.51047739e-02 1.05080447e-02 5.14502716e-02 8.49468690e-05 2.78807587e-04 8.67556428e-05
1.39176330e+02 4.99846601e-02 6.84531634e-03 5.74925908e-02 1.37105512e-05 9.26970031e-05 3.97334402e-05
1.41897815e+02 4.87076079e-02 6.75328971e-03 6.26411836e-02 8.95131163e-05 1.67921834e-04 5.97845908e-05
1.44605549e+02 4.42310864e-02 1.60173655e-03 7.42072962e-02 1.30616127e-04 1.55157804e-04 6.11278962e-05
1.47333205e+02 3.71397317e-02 2.93991128e-03 6.58262832e-02 5.74859702e-05 1.37332343e-04 5.51473872e-05
1.50055565e+02 4.02997123e-02 1.98664585e-04 6.59770281e-02 2.86948536e-05 9.27721843e-05 1.72885747e-05
1.52775518e+02 4.21097305e-02 2.19128565e-03 6.06296527e-02 4.72312485e-05 1.33577170e-04 6.17767845e-05
1.55491065e+02 5.19199339e-02 5.08711629e-03 4.85384275e-02 5.13684843e-05 6.40290382e-05 1.89883254e-05
1.58202940e+02 5.53891484e-02 2.41739976e-03 4.40332050e-02 8.73740474e-05 1.26255731e-04 3.32672180e-05
1.60929143e+02 6.27390065e-02 3.95138213e-03 3.57011903e-02 8.55909258e-05 3.66842753e-05 1.28898401e-04
1.63644909e+02 6.26483576e-02 8.18261426e-03 3.42508392e-02 6.32143695e-05 2.30592936e-05 1.38228322e-04
1.66376565e+02 6.54612179e-02 1.55967100e-04 3.79994887e-02 3.95351484e-05 7.12391267e-05 8.87311531e-05
1.69086034e+02 6.07354173e-02 -3.53563614e-03 4.20966513e-02 1.38743750e-04 3.17120762e-05 7.31313868e-05
1.71795284e+02 5.96013041e-02 1.00879549e-02 4.51805668e-02 4.60176637e-05 4.29313133e-05 9.03550383e-05
1.74505393e+02 5.38276629e-02 1.63398501e-02 3.76799395e-02 9.40608759e-05 3.82840225e-05 7.33596498e-05
1.77222362e+02 4.74575485e-02 1.49209522e-02 4.99017769e-02 5.17965571e-05 4.43051181e-05 5.24631677e-05
1.79937627e+02 3.81830498e-02 1.33117268e-02 5.66413898e-02 8.57192934e-05 9.33972637e-05 8.70950150e-05
1.82648377e+02 2.85680652e-02 1.24705994e-02 6.60998435e-02 9.74622005e-05 1.77750698e-04 8.35383582e-05
1.85367815e+02 2.13813922e-02 6.84999494e-03 6.49036935e-02 4.69145813e-05 1.58998261e-04 8.18092310e-05
1.88085393e+02 1.53727910e-02 2.67201183e-03 6.64011021e-02 5.31370913e-05 9.17662220e-05 3.15601298e-05
1.90806955e+02 5.60011672e-03 -5.23525574e-03 7.01780584e-02 6.10320495e-05 9.83686733e-05 2.25119208e-05
1.93525440e+02 -7.51397964e-04 -1.20706858e-02 7.09637763e-02 2.56575009e-05 1.23518564e-04 1.17982731e-04
1.96255393e+02 4.85621530e-03 -9.50873164e-03 7.17133296e-02 5.89303062e-05 3.81473308e-04 6.59250210e-05
1.98976471e+02 9.36597523e-03 -1.47609754e-02 7.35827534e-02 1.55300529e-04 1.20176785e-04 5.37705460e-05
2.01691549e+02 1.66270909e-02 -9.22918121e-03 7.34375375e-02 3.16564350e-05 2.20865157e-04 8.14060701e-05
2.04417690e+02 1.84855890e-02 -9.18452728e-03 7.44911827e-02 6.38891749e-05 1.47281537e-04 6.01521511e-05
2.07145065e+02 2.85128042e-02 -9.68405619e-04 7.50359428e-02 2.66978059e-05 2.37993260e-05 5.45618845e-05
2.09859393e+02 3.23356219e-02 -3.33768887e-03 7.24272462e-02 9.14017232e-05 1.81851955e-04 4.30523955e-05
2.12577471e+02 4.51794775e-02 -9.39988702e-04 6.00506164e-02 2.31298940e-05 5.58372166e-05 8.53568569e-05
2.15296612e+02 5.62910375e-02 3.48865685e-03 5.15469027e-02 3.47571733e-05 7.39738839e-05 3.48043594e-05
2.18017174e+02 5.74684014e-02 6.50411274e-03 4.89965682e-02 7.09861177e-05 5.32188561e-05 6.45685790e-05
2.20732330e+02 6.25420453e-02 8.62455423e-03 4.50815460e-02 7.09493571e-05 2.08604484e-05 8.21238040e-05
2.23446612e+02 5.82534927e-02 1.26615643e-02 5.05987913e-02 2.55173126e-05 2.22496123e-05 9.50017181e-05
2.26157471e+02 5.70364472e-02 2.31211050e-03 6.01859131e-02 2.16902355e-05 5.36904640e-05 3.90307112e-05
2.28864440e+02 4.95804806e-02 -2.11304942e-03 5.86043372e-02 1.52739987e-05 6.47502263e-05 4.40876392e-05
2.31565705e+02 4.73383659e-02 -9.84613612e-03 6.22044947e-02 6.78991187e-05 2.57865794e-04 4.61165431e-05
2.34283018e+02 4.78575120e-02 -1.25737878e-02 5.99483618e-02 2.44516844e-05 2.34320868e-04 7.30550411e-05
2.36994893e+02 5.05937865e-02 -6.40071112e-03 6.15177823e-02 1.04963316e-04 3.68462918e-04 4.20581373e-05
2.39714752e+02 5.25404081e-02 -4.43764681e-03 5.96390616e-02 1.95893708e-05 1.50498114e-04 7.89986773e-05
2.42427909e+02 5.21697484e-02 -2.66521940e-03 6.13903891e-02 2.71626906e-05 5.79661559e-04 5.06330978e-05
2.45143580e+02 4.78014932e-02 3.55473657e-03 7.01057288e-02 1.25612334e-04 6.23013443e-05 8.85958863e-05
2.47862799e+02 5.15803226e-02 7.49487591e-03 6.68370656e-02 2.15858260e-05 7.65561439e-05 6.00607966e-05
2.50571877e+02 5.85983125e-02 1.42958240e-02 5.54867733e-02 8.48087729e-05 4.76169509e-05 9.67572439e-05
2.53283346e+02 5.92155113e-02 7.13004867e-03 5.46291259e-02 1.22690176e-04 2.19713783e-04 6.04156275e-05
2.55997315e+02 5.32031290e-02 3.70030368e-03 5.83665494e-02 6.23405739e-05 2.82945385e-04 9.22692568e-05
2.58706940e+02 5.12569833e-02 -1.04031716e-03 5.82348935e-02 1.89983320e-04 3.74847096e-04 4.62272275e-05
2.61422065e+02 6.07117501e-02 -2.39179010e-03 4.22576061e-02 1.32594098e-04 3.46892651e-04 5.49428035e-05
2.64140112e+02 6.44692461e-02 -7.54712881e-03 3.09101600e-02 6.33806496e-05 2.17352375e-04 1.31240940e-04
2.66854284e+02 7.06733942e-02 -3.96843541e-03 2.35180950e-02 7.66315928e-05 1.74921400e-04 8.12278333e-05
2.69574964e+02 7.54297562e-02 -7.54296886e-03 1.16433663e-02 8.99448591e-05 1.35906454e-04 8.51490607e-05
