6.72950625e-01 7.54002041e-02 1.56557700e-02 -1.67852877e-02 1.03813882e-04 2.38459445e-04 3.52483334e-05
3.38765008e+00 7.00619352e-02 1.47124577e-02 -3.30214596e-02 7.16216409e-05 2.68510069e-04 1.80768751e-04
6.09390055e+00 6.93931362e-02 1.29613841e-02 -4.44135394e-02 1.27804749e-04 2.56337874e-04 4.90227779e-05
8.80897211e+00 6.25451445e-02 7.55721885e-03 -4.45516147e-02 1.68148412e-04 1.61420167e-04 7.48590604e-05
1.15197679e+01 5.94805405e-02 2.90846720e-03 -5.01024214e-02 8.82224264e-05 2.27574435e-04 3.60454273e-05
1.42302491e+01 5.93452215e-02 -4.05104939e-03 -4.68703788e-02 3.48126285e-05 1.23962252e-04 2.64759984e-05
1.69436663e+01 5.80747488e-02 -8.08360343e-03 -5.49914081e-02 1.59871880e-05 6.71175539e-05 5.94753084e-05
1.96617398e+01 5.40363138e-02 2.35301894e-03 -5.48714119e-02 1.17305589e-04 1.16155889e-04 7.65184044e-05
2.23832710e+01 4.77456822e-02 3.92639445e-03 -6.83865386e-02 4.42732846e-05 2.12926740e-04 9.03793343e-05
2.51117226e+01 4.71227044e-02 -1.12418586e-03 -6.76599818e-02 1.19963959e-04 2.29065985e-04 4.98840002e-05
2.78296366e+01 5.21654322e-02 -3.25307500e-04 -6.10149365e-02 3.65092625e-05 1.27989647e-04 4.13461741e-05
3.05452757e+01 5.06622284e-02 -6.75898632e-03 -5.40719128e-02 6.54266519e-05 1.54596159e-04 5.65091779e-05
3.32601741e+01 4.84504402e-02 -7.96736404e-03 -5.38219904e-02 5.09407366e-05 1.38707594e-04 5.45495642e-05
3.59781148e+01 5.15589825e-02 -1.08904167e-02 -5.78636495e-02 5.06611609e-05 5.93268446e-04 2.61731257e-05
3.86897632e+01 4.40165102e-02 -6.53826001e-03 -5.88339679e-02 3.33673341e-05 4.49780110e-04 1.49778307e-05
4.14160601e+01 4.75042692e-02 -4.46782486e-03 -6.20202725e-02 7.07146536e-05 4.57297386e-04 5.70785486e-05
4.41320976e+01 4.92422046e-02 9.72694970e-04 -5.89332789e-02 4.25249453e-05 5.94458911e-04 4.97341467e-05
4.68536257e+01 3.60420174e-02 5.53956543e-03 -6.56329989e-02 2.52717874e-05 6.11165360e-04 1.12898882e-05
4.95723054e+01 1.45762560e-02 7.15434710e-03 -6.73615441e-02 2.78882459e-05 3.43403464e-04 6.02323471e-05
5.22864585e+01 1.16375057e-03 7.48150043e-03 -7.35244397e-02 9.36039627e-05 3.03403812e-04 4.21215865e-05
5.50048585e+01 -6.53218007e-03 6.69198225e-03 -7.84193768e-02 1.33377313e-04 2.91169196e-04 6.60222803e-05
5.77226616e+01 -1.57073782e-02 1.68061554e-03 -8.10096482e-02 1.39775708e-04 1.45931065e-04 5.08659430e-05
6.04475335e+01 -1.25466667e-02 -1.81805404e-03 -8.26506354e-02 3.32506195e-05 1.33322794e-04 1.07922152e-04
6.31609538e+01 -1.31769193e-02 -9.22322818e-03 -7.83519222e-02 8.14005213e-05 1.25520811e-04 4.25176159e-05
6.58827679e+01 -4.30633225e-03 -6.05717774e-03 -7.28537437e-02 1.66419370e-04 9.67767778e-05 7.68178822e-05
6.85977554e+01 -6.87606074e-03 -3.79937139e-03 -8.08553977e-02 8.17520781e-05 6.81481990e-05 5.78670844e-05
7.13177132e+01 1.64746554e-03 -5.78696025e-03 -8.49817935e-02 7.13912435e-05 3.83561865e-05 9.37116480e-06
7.40227851e+01 1.17736328e-02 -1.49401455e-03 -8.65736102e-02 2.52328567e-05 1.10566101e-04 1.00588585e-04
7.67478554e+01 1.92366621e-02 -8.17225724e-03 -8.22661235e-02 9.25740423e-05 5.00864713e-05 8.66752107e-05
7.94610695e+01 2.26565493e-02 -9.42209296e-03 -7.56555628e-02 6.26365322e-05 2.78555460e-05 7.18350105e-05
8.21689991e+01 1.80189147e-02 -2.02661961e-02 -6.95703638e-02 1.02793028e-04 1.51553589e-04 4.76227091e-05
8.48766695e+01 2.39288946e-02 -1.58759952e-02 -6.67990078e-02 8.82342805e-05 1.96706452e-04 6.90692522e-05
8.75928335e+01 3.16538282e-02 -1.99539277e-02 -6.36524728e-02 1.31114049e-05 3.44125405e-04 7.09955512e-05
9.03126991e+01 4.17967305e-02 -1.61027561e-02 -7.01102185e-02 3.59526393e-05 2.51219704e-04 1.24800141e-04
9.30273695e+01 4.21946383e-02 -1.48771957e-02 -6.10149762e-02 1.06317125e-04 3.21736787e-04 7.88158724e-05
9.57473601e+01 4.25377865e-02 -1.15203070e-02 -5.32599882e-02 4.95978940e-05 5.05526709e-04 9.97406724e-05
9.84676304e+01 3.97147604e-02 -8.12615550e-03 -5.38057080e-02 4.51905754e-05 3.06346890e-04 3.19574269e-05
1.01183724e+02 4.38780025e-02 7.67467024e-04 -5.47540868e-02 1.23784977e-04 2.69318535e-04 9.17563863e-05
1.03900365e+02 4.78317387e-02 5.06438727e-03 -6.24174859e-02 1.92953933e-04 3.62569205e-04 6.09547732e-05
1.06612584e+02 5.86648853e-02 2.12159650e-04 -5.69163633e-02 4.48520437e-05 1.40087839e-04 1.13170246e-04
1.09328834e+02 7.28078270e-02 7.99518476e-04 -5.76855515e-02 1.32716338e-04 1.11418679e-04 5.65426728e-05
1.12038037e+02 7.12580561e-02 -3.06756357e-03 -4.30257724e-02 8.71076688e-05 1.22787392e-04 9.18254447e-05
1.14748974e+02 6.32612915e-02 -3.69010125e-03 -2.54287263e-02 4.88897533e-05 2.28449716e-04 3.67155501e-05
1.17467880e+02 6.79097096e-02 -7.06303477e-03 -1.06608682e-02 7.84012373e-05 5.40346186e-05 1.25544193e-04
1.20180662e+02 7.89674344e-02 -9.51103375e-04 -1.34950668e-03 5.44668946e-05 9.25148063e-05 1.18166774e-04
1.22895834e+02 7.58258484e-02 7.43213842e-03 4.15844840e-03 4.98581392e-05 1.36317949e-04 9.22067177e-05
1.25611130e+02 8.35136201e-02 6.40479559e-03 1.12758016e-02 3.17758155e-05 1.81732965e-04 8.17908642e-05
1.28318115e+02 8.20155387e-02 7.52816747e-03 9.61825236e-03 3.11854304e-05 2.01646923e-04 1.38257632e-04
1.31032193e+02 7.66501546e-02 7.34378464e-03 2.07879945e-02 7.62471553e-05 1.68143705e-04 3.95052612e-05
1.33742959e+02 7.30054596e-02 1.46251434e-02 3.01467717e-02 1.21573495e-04 4.95982548e-05 2.18688245e-04
1.36460505e+02 6.66417869e-02 6.61763113e-03 3.01196997e-02 9.47684337e-05 2.31026629e-04 8.79145485e-05
1.39172896e+02 6.67610482e-02 2.95332298e-03 3.09526073e-02 5.26907972e-05 7.85129659e-05 4.61263855e-05
1.41897459e+02 6.49299134e-02 6.42791177e-03 3.35880000e-02 8.69632961e-05 8.57608616e-05 1.18352002e-05
1.44611802e+02 6.66354210e-02 2.96784539e-03 3.71336302e-02 3.77576761e-05 4.46764422e-05 3.96223002e-05
1.47333302e+02 7.50964436e-02 7.95660363e-04 4.25788992e-02 5.30220605e-05 1.52208668e-04 1.01814565e-04
1.50054380e+02 7.49381512e-02 5.71347248e-03 4.59566802e-02 1.36625388e-04 2.07130726e-04 4.31134214e-05
1.52770052e+02 6.49844723e-02 1.11885105e-02 5.74031678e-02 6.48557418e-05 4.05071049e-04 6.11708207e-05
1.55487724e+02 5.02630538e-02 1.12126303e-02 7.10396851e-02 8.73822411e-05 1.82045887e-04 7.27629891e-05
1.58199755e+02 3.50188831e-02 1.42648882e-02 7.12385800e-02 3.85894745e-05 2.01625296e-04 4.89112053e-06
1.60923068e+02 3.29378864e-02 1.73387856e-02 5.93958039e-02 8.00263151e-05 2.13868367e-04 4.26932368e-05
1.63638115e+02 2.74080152e-02 1.35658659e-02 5.89881037e-02 2.93001498e-05 4.96968183e-04 9.15904428e-05
1.66352130e+02 3.45003769e-02 1.51148691e-02 6.39243486e-02 2.37396084e-05 2.55182612e-04 2.29788056e-05
1.69072630e+02 2.81700576e-02 8.61520670e-03 6.05980812e-02 3.42782419e-05 1.94578570e-04 4.04480903e-05
1.71796271e+02 2.41282964e-02 7.22296294e-03 6.62258246e-02 4.40496752e-05 8.06040885e-05 1.18849677e-04
1.74507271e+02 2.79644439e-02 1.20315808e-02 6.90249665e-02 5.73194177e-05 3.26904100e-05 3.86613969e-05
1.77217568e+02 3.40849450e-02 2.98260396e-03 6.72644674e-02 4.95025495e-05 9.10543994e-05 2.91265326e-05
1.79933287e+02 1.89616109e-02 -3.60931036e-03 6.71384104e-02 5.93735910e-05 6.30376072e-05 1.26491465e-05
1.82651662e+02 5.65507511e-03 5.23036289e-04 7.41978135e-02 7.87412134e-05 9.60567713e-05 8.21389453e-05
1.85369630e+02 -8.82957020e-03 3.32405600e-03 7.46641763e-02 7.58322951e-05 2.25354235e-04 7.84121351e-05
1.88086334e+02 -2.76144204e-02 7.14158229e-03 7.89665186e-02 1.11136658e-04 1.16821324e-04 4.88376178e-05
1.90806099e+02 -3.75656180e-02 1.08742679e-02 8.09719421e-02 6.84789325e-05 2.22485498e-05 2.53989692e-05
1.93522865e+02 -3.81051366e-02 4.40901750e-03 7.83134188e-02 3.36800662e-05 3.06338254e-05 4.54982728e-05
1.96242318e+02 -3.13598175e-02 1.13128400e-02 7.59285004e-02 2.03169492e-05 1.06408580e-04 4.42851610e-05
1.98965693e+02 -1.48439106e-02 6.74084351e-03 7.81281095e-02 4.67279075e-05 6.12154998e-05 2.30971272e-05
2.01692943e+02 7.38502196e-03 7.65224840e-03 8.18330048e-02 1.83674368e-05 2.97391377e-05 2.75518045e-05
2.04412318e+02 2.71481618e-02 1.57787889e-02 8.30787754e-02 7.72042642e-05 7.46036613e-05 2.84314565e-05
2.07132302e+02 4.00508249e-02 1.14036814e-02 7.50879106e-02 4.38637724e-05 1.99631611e-05 3.85892486e-05
2.09846224e+02 4.73917591e-02 9.56464933e-03 7.31451171e-02 1.05823821e-04 2.54814057e-05 4.79693990e-05
2.12564255e+02 4.86955847e-02 -3.10958672e-03 6.84540913e-02 8.48059860e-05 2.28863627e-05 1.02943318e-04
2.15279959e+02 4.73258467e-02 -1.08361668e-02 6.57068229e-02 4.64973404e-05 2.50525829e-05 6.40477344e-05
2.17998677e+02 4.27338197e-02 -1.78968180e-02 5.86134917e-02 1.88254564e-05 7.17042306e-05 3.35128442e-05
2.20714255e+02 4.05318777e-02 -1.79721522e-02 5.98075923e-02 4.48126595e-05 1.02721729e-04 7.97033123e-05
2.23434021e+02 5.52255054e-02 -2.08689962e-02 5.62487926e-02 4.59084726e-05 2.44933226e-04 7.44494302e-05
2.26149474e+02 6.05578772e-02 -1.57384835e-02 4.83629837e-02 5.15961387e-05 4.86345985e-05 8.58741223e-05
2.28861927e+02 6.31753000e-02 -1.29082486e-02 4.44906684e-02 4.90334167e-05 6.18035458e-05 6.16882105e-05
2.31573349e+02 6.39637576e-02 -1.12775373e-02 3.90465977e-02 6.59039971e-05 1.18920694e-04 2.57737483e-05
2.34293084e+02 5.76927479e-02 -5.90855075e-03 3.80602731e-02 6.61257014e-05 8.04699904e-05 3.88041927e-05
2.37005099e+02 6.21278129e-02 -3.62763975e-03 4.11537552e-02 2.04906460e-04 7.23388490e-05 8.77745548e-05
2.39712880e+02 6.78170266e-02 -3.04485210e-03 3.70913961e-02 3.02934961e-05 3.01912379e-05 1.26353885e-04
2.42427209e+02 6.56532357e-02 -1.32652553e-02 4.08908055e-02 6.23711385e-05 1.64075795e-04 1.75959409e-04
2.45135740e+02 6.17276149e-02 -8.89538276e-03 3.46465136e-02 4.88618165e-05 2.23360355e-04 2.21573446e-05
2.47853724e+02 6.34481442e-02 -6.62987780e-03 4.11913490e-02 7.60687249e-05 2.68237087e-04 2.38395686e-05
2.50573162e+02 6.65901845e-02 -6.83149309e-03 4.33812801e-02 3.33418585e-05 2.66406402e-04 1.54470413e-04
2.53285959e+02 6.02442274e-02 -2.79258502e-03 4.09204900e-02 3.15479066e-05 1.46654221e-04 8.62108856e-05
2.56010287e+02 5.69656374e-02 -1.00353804e-02 4.73568119e-02 1.07448355e-04 8.82545777e-05 1.85021526e-04
2.58718349e+02 6.84720882e-02 -5.57648487e-03 4.95593545e-02 1.08816037e-04 1.03460217e-04 1.47712182e-04
2.61427912e+02 7.21072556e-02 3.07785025e-03 4.42652757e-02 1.15014496e-04 1.20628057e-04 1.14093131e-04
2.64142099e+02 7.27967921e-02 9.70956284e-03 2.39648990e-02 6.13259302e-05 2.19101822e-04 8.62410883e-05
2.66853849e+02 6.83745172e-02 1.09568713e-02 1.07630627e-02 1.65885389e-05 2.13755590e-04 5.96616010e-05
2.69568660e+02 7.33446291e-02 1.43006248e-02 -1.26116755e-03 3.17680352e-05 1.65583579e-04 3.47132030e-05
