6.70288318e-01 7.98563801e-02 -4.62169716e-03 1.55478949e-02 8.35848508e-05 2.10139514e-04 5.08180441e-05
3.38254002e+00 7.54208397e-02 -1.19364171e-02 -4.16108523e-03 4.36049119e-05 2.44490662e-04 1.09675794e-04
6.09262050e+00 7.32666859e-02 -8.86994213e-03 -2.53495030e-02 1.96401416e-04 1.67007501e-04 6.05576644e-05
8.81294393e+00 6.19599364e-02 -1.12737739e-02 -4.51275702e-02 6.25654369e-05 1.39035930e-04 3.47852007e-05
1.15327896e+01 6.54028596e-02 -5.47012189e-03 -5.02033071e-02 1.04119853e-04 1.48746559e-04 4.02284956e-05
1.42451771e+01 6.31101494e-02 -1.09516491e-03 -5.27190931e-02 2.29302444e-05 9.54095300e-05 3.34166096e-05
1.69677771e+01 6.61971834e-02 5.37934659e-03 -4.94999269e-02 1.28536599e-04 1.62531847e-04 2.88308535e-05
1.96846146e+01 6.70643610e-02 7.73021226e-03 -4.23103846e-02 8.76344980e-05 1.43724996e-04 4.95469516e-05
2.23935099e+01 5.98901477e-02 9.83299152e-03 -4.28784300e-02 6.84165191e-05 4.82945575e-05 4.67444514e-05
2.51134333e+01 5.64386253e-02 1.44135965e-02 -4.85490159e-02 2.85110211e-05 6.52150193e-05 4.02518980e-05
2.78207239e+01 5.35913411e-02 9.91662582e-03 -5.27508827e-02 9.16952751e-05 4.29027043e-05 6.13206887e-05
3.05369646e+01 5.17256149e-02 4.44329492e-03 -5.42484519e-02 8.93082882e-05 8.19976895e-05 1.05072370e-04
3.32544427e+01 5.12801460e-02 5.97346657e-03 -5.74564639e-02 5.58995406e-05 1.48868871e-04 3.00387838e-05
3.59794583e+01 4.47577321e-02 2.34305388e-03 -6.25091081e-02 1.40110338e-04 1.86731023e-04 4.45062595e-05
3.86941849e+01 3.56273470e-02 -1.12519740e-03 -7.02884388e-02 2.02776423e-04 8.08084401e-05 4.53658408e-05
4.14131052e+01 3.26630302e-02 -1.29879942e-03 -7.49465338e-02 7.83994393e-05 9.44562083e-05 6.37218930e-05
4.41256739e+01 2.92395103e-02 3.78086914e-03 -7.17578425e-02 4.55851967e-05 1.28708543e-04 4.04469813e-05
4.68486536e+01 2.05014245e-02 1.44456078e-03 -7.12321162e-02 1.05500448e-04 3.29655746e-04 1.54506139e-05
4.95624239e+01 2.30996636e-02 5.20045661e-03 -7.29805134e-02 6.86449985e-05 1.44600842e-04 4.78239720e-05
5.22901677e+01 2.15949060e-02 1.34990999e-03 -7.26177617e-02 9.05595746e-05 6.44149824e-05 1.40151294e-05
5.50048505e+01 1.41763106e-02 5.54424757e-03 -7.64954466e-02 4.08683614e-05 2.34135788e-04 5.75317777e-05
5.77195942e+01 -3.91435695e-03 -3.74609832e-03 -7.38195888e-02 1.93404522e-04 1.70060921e-04 4.55483344e-05
6.04317817e+01 -2.63085635e-02 -2.57513514e-03 -7.53037904e-02 1.15372799e-04 3.34436205e-04 5.88394377e-05
6.31408317e+01 -3.78411872e-02 -1.43907853e-03 -8.13697184e-02 1.37281918e-04 3.28820604e-04 4.46038591e-05
6.58560099e+01 -4.16508572e-02 3.94113979e-03 -7.35026233e-02 1.07867676e-04 3.38576729e-04 4.46624472e-05
6.85772646e+01 -3.19412466e-02 9.82977026e-03 -7.05491221e-02 7.62231349e-05 2.53932511e-04 9.41752139e-05
7.12916583e+01 -7.97309462e-03 2.05750185e-02 -7.19654312e-02 3.23921309e-05 1.31469788e-04 2.83995020e-05
7.40140224e+01 1.69348749e-02 1.62681916e-02 -8.00385813e-02 6.54461945e-05 1.67154286e-04 5.51595423e-05
7.67409927e+01 3.16650471e-02 1.57489919e-02 -7.92703264e-02 1.04581560e-04 2.66059280e-04 5.68739167e-05
7.94546067e+01 4.63955513e-02 8.69731676e-03 -6.48126498e-02 1.53109153e-04 2.12842777e-04 2.03020839e-05
8.21725192e+01 4.36896231e-02 1.16065332e-02 -5.86200453e-02 8.49103444e-05 1.73880914e-04 8.90279399e-05
8.48868333e+01 4.35765116e-02 2.46773079e-03 -6.09809113e-02 4.43900726e-05 2.83582182e-04 2.69483111e-05
8.76089833e+01 4.65512524e-02 4.93883657e-03 -5.86439935e-02 3.92237468e-05 2.69975408e-04 5.22990388e-05
9.03227958e+01 5.14253772e-02 2.38035914e-03 -5.80127310e-02 3.06334295e-05 4.05522105e-04 1.78168003e-05
9.30457052e+01 6.30633268e-02 4.11318908e-03 -5.27658614e-02 4.58942713e-05 1.88063852e-04 6.85196970e-05
9.57589427e+01 5.62642019e-02 -6.76089196e-04 -4.88714584e-02 3.43834813e-05 3.15017992e-04 3.71693412e-05
9.84770474e+01 4.54632563e-02 2.78695814e-03 -5.55888465e-02 1.73611416e-04 3.35274024e-04 3.26206658e-05
1.01189530e+02 4.39476717e-02 -1.23950211e-03 -5.98968737e-02 7.49951339e-05 4.61759548e-04 9.22521104e-05
1.03905327e+02 5.27706988e-02 -4.73260113e-04 -6.27379503e-02 3.23210257e-05 4.23898202e-04 7.16300692e-05
1.06621155e+02 5.98474769e-02 -7.13459670e-04 -5.32529306e-02 1.82014958e-04 3.64511422e-04 7.83585832e-05
1.09345186e+02 5.55688299e-02 -3.14104303e-03 -5.29581053e-02 4.17273184e-05 4.16065088e-04 1.60115681e-04
1.12058108e+02 6.28576680e-02 -5.41416642e-03 -4.42647926e-02 1.17051406e-04 3.51002043e-04 5.51623732e-05
1.14775093e+02 6.82595826e-02 -5.20562952e-03 -4.47276388e-02 8.35399753e-05 4.81724253e-04 9.05249961e-05
1.17491811e+02 7.15274110e-02 2.94106161e-03 -3.12589792e-02 7.71833882e-05 2.29047817e-04 5.45881146e-05
1.20200218e+02 7.50271934e-02 2.08128447e-03 -1.68575431e-02 9.58197821e-05 6.32126675e-04 7.44306963e-05
1.22917077e+02 6.89371749e-02 8.46369239e-04 -4.52850821e-04 5.35824762e-05 4.29275667e-04 8.30383032e-05
1.25634015e+02 7.19846975e-02 -3.54939840e-03 1.00169240e-02 5.79676241e-05 3.42214981e-04 1.06990016e-04
1.28344311e+02 6.24716189e-02 5.75457240e-03 1.32863586e-02 4.50828816e-05 7.08722400e-04 1.00777107e-04
1.31066046e+02 6.42544412e-02 8.32604058e-03 2.19831516e-02 4.16471306e-05 2.79160750e-04 5.34100709e-05
1.33785343e+02 6.19970960e-02 1.86848524e-02 2.90461626e-02 2.77888302e-05 1.54217090e-04 1.32949875e-04
1.36503999e+02 5.82043422e-02 1.60972897e-02 3.94225451e-02 5.77412337e-05 8.02678420e-05 5.98787099e-05
1.39214577e+02 6.05828309e-02 2.26931939e-02 5.23407195e-02 2.96407560e-05 7.51834384e-05 5.80054354e-05
1.41923624e+02 6.40081388e-02 1.38181775e-02 5.47865295e-02 1.92897409e-05 2.69060389e-05 2.33520598e-05
1.44627483e+02 6.41209974e-02 7.87206334e-03 6.03965720e-02 3.37127361e-05 1.29580434e-04 2.27500843e-05
1.47341015e+02 6.07972507e-02 3.40608728e-03 5.80406610e-02 3.88246347e-05 2.58758322e-05 3.27623523e-05
1.50055733e+02 5.07620900e-02 -4.19004864e-03 5.62091625e-02 4.16468035e-05 5.65231855e-05 3.53698122e-05
1.52766952e+02 4.99420400e-02 1.21034320e-05 5.10633788e-02 1.07852102e-04 1.80904173e-04 6.70568410e-05
1.55476671e+02 5.54000322e-02 3.61172699e-04 6.58016583e-02 3.63130924e-05 4.47375059e-05 5.58578742e-05
1.58186765e+02 4.75579984e-02 4.77216910e-03 6.79706454e-02 8.19958691e-05 2.65925721e-04 2.54480998e-05
1.60904561e+02 4.33934765e-02 -2.28756709e-03 6.54627304e-02 1.00264862e-04 2.05068031e-04 1.18513606e-04
1.63617483e+02 3.81984994e-02 3.39296615e-03 6.36357696e-02 7.31303595e-05 2.41389033e-04 1.88888641e-04
1.66347780e+02 2.60994216e-02 2.90170303e-03 7.16425311e-02 8.52284032e-05 9.72632211e-05 9.67912436e-05
1.69073952e+02 1.50203260e-02 1.16350434e-02 6.59544739e-02 1.09654438e-04 2.36199598e-04 1.09882050e-04
1.71806186e+02 2.01143119e-03 1.05783010e-02 7.56958712e-02 4.73602065e-05 2.25128338e-04 2.94416639e-05
1.74527515e+02 -1.83299204e-02 3.57410976e-05 7.19161214e-02 5.20042411e-05 1.30393660e-04 8.87135658e-05
1.77252061e+02 -3.55654998e-02 -3.69296248e-04 6.62779972e-02 8.50815844e-05 4.63219321e-05 2.40090770e-05
1.79968265e+02 -4.74380207e-02 -2.58183507e-03 6.60325090e-02 5.57015123e-05 1.40414741e-04 5.78480029e-05
1.82690874e+02 -4.40805873e-02 -3.25115241e-03 7.47968699e-02 7.74527447e-05 1.55269606e-04 4.16030805e-05
1.85410374e+02 -4.58805493e-02 -5.50084295e-03 7.21319447e-02 3.51220742e-05 1.82987753e-04 6.05133648e-05
1.88128093e+02 -4.59042578e-02 -5.63832177e-03 6.86437533e-02 4.88244843e-05 1.33455563e-04 7.49774888e-05
1.90847343e+02 -3.93496088e-02 -4.30323427e-03 6.83224807e-02 8.28086400e-05 1.17276102e-04 1.06721573e-04
1.93555874e+02 -4.57900527e-02 -1.08794677e-02 6.03106885e-02 6.23207852e-05 4.84594772e-05 7.83649293e-05
1.96272780e+02 -5.12710316e-02 -1.41509791e-02 6.13204077e-02 1.06468449e-05 8.46577583e-05 4.19024834e-05
1.98979983e+02 -4.72415286e-02 -1.00940684e-02 6.53165548e-02 8.00475530e-05 5.29173546e-05 4.43079326e-05
2.01689577e+02 -3.76983636e-02 -9.06589949e-03 7.53853524e-02 2.40862711e-05 3.06488889e-05 4.93173297e-05
2.04407327e+02 -7.78833096e-03 -1.36660198e-02 8.04163107e-02 6.10915742e-05 2.71446087e-05 6.51837389e-05
2.07131827e+02 2.43847029e-02 -6.69820584e-03 7.86787149e-02 1.36956514e-04 7.45697789e-05 8.28192247e-05
2.09844811e+02 4.14931400e-02 -1.07938131e-02 6.60166964e-02 8.03471383e-05 5.31242622e-06 7.57955726e-05
2.12564686e+02 4.83763083e-02 -5.69208439e-03 6.39463640e-02 4.28589887e-05 1.52746219e-05 9.15035286e-05
2.15280749e+02 5.01991591e-02 -7.29688955e-03 6.15271304e-02 8.26799579e-05 6.99751485e-05 4.58459901e-05
2.18000468e+02 4.95103315e-02 -5.52078026e-03 5.76300890e-02 4.69304231e-05 1.54116797e-05 1.18046172e-05
2.20707483e+02 5.44056175e-02 -4.61076407e-03 5.65589901e-02 8.13850721e-06 8.82902521e-05 1.36961158e-04
2.23426546e+02 5.82328768e-02 2.90525961e-03 5.62974933e-02 4.51485159e-05 7.37926519e-05 8.89739284e-05
2.26149046e+02 5.25879436e-02 6.58327374e-03 5.36545577e-02 2.57262199e-05 6.90279604e-05 4.30070704e-05
2.28868483e+02 5.07458319e-02 1.03804890e-02 6.21493329e-02 7.90864840e-05 1.59590609e-04 2.79511459e-05
2.31582171e+02 5.86638690e-02 1.47097237e-02 5.89688740e-02 7.55121457e-05 3.29892118e-05 7.11932281e-05
2.34301280e+02 5.63728205e-02 1.17679758e-02 5.87177948e-02 6.15200761e-05 2.04926761e-04 9.59972489e-05
2.37023140e+02 5.45265359e-02 7.76212521e-03 5.61637347e-02 6.26923419e-05 1.15569915e-04 7.17677894e-05
2.39740311e+02 5.24963019e-02 9.08555865e-03 5.63629885e-02 4.78438359e-05 1.53478866e-04 4.08706901e-05
2.42463952e+02 5.51430141e-02 5.01437073e-04 4.89273277e-02 6.81404004e-05 2.63647048e-04 5.35026733e-05
2.45178358e+02 6.72456447e-02 5.17007944e-03 4.14376449e-02 5.16809933e-05 1.36467233e-04 5.24937358e-05
2.47898436e+02 6.63206197e-02 -3.08407547e-03 3.62955318e-02 2.03183136e-05 1.88197878e-04 8.63564816e-05
2.50607624e+02 7.08956009e-02 -2.69098593e-03 3.81010321e-02 7.00611478e-05 1.90867954e-04 5.42746911e-05
2.53322218e+02 7.25220401e-02 -1.50416557e-04 3.00388815e-02 4.53412293e-05 2.52900690e-04 1.13388917e-04
2.56037218e+02 7.23222763e-02 1.98058799e-03 2.63650077e-02 6.31563430e-05 5.93830823e-04 3.64627127e-05
2.58737968e+02 7.43899478e-02 7.14867294e-03 2.64100447e-02 4.71325150e-05 4.81099832e-04 1.16261552e-04
2.61451936e+02 6.92783439e-02 -1.12661596e-04 1.63074491e-02 7.69769671e-05 4.59881257e-05 1.80047669e-05
2.64164436e+02 6.47628931e-02 -3.39809017e-03 2.21645080e-02 6.26893947e-05 5.97564904e-05 1.29211799e-05
2.66873577e+02 6.71482201e-02 4.33586091e-03 2.38845522e-02 2.90058230e-05 1.78227196e-04 4.41927398e-05
2.69587185e+02 7.46134233e-02 -6.71911678e-03 1.87690804e-02 5.13075556e-05 1.14186593e-04 6.63432699e-05
