6.72237984e-01 7.76308992e-02 -9.26595162e-03 -1.77435625e-03 7.52204463e-05 3.44013184e-04 2.78999368e-05
3.38755675e+00 7.97794190e-02 -7.27674478e-03 -1.23386359e-02 4.76512438e-05 1.74253106e-04 2.52906658e-05
6.10907535e+00 7.24399529e-02 -5.95371082e-04 -2.90499721e-02 8.51992139e-05 2.01684790e-04 4.58037363e-05
8.81272332e+00 6.73637129e-02 9.00509234e-04 -4.49884615e-02 1.10600851e-04 1.52062634e-04 8.67964072e-05
1.15261983e+01 6.83425441e-02 -3.65950981e-03 -4.91164410e-02 7.14117425e-05 2.18690688e-04 3.39537848e-05
1.42516014e+01 6.57737571e-02 4.12120070e-05 -5.10822555e-02 1.80050311e-04 1.94108584e-04 3.50818286e-05
1.69628202e+01 6.71605078e-02 4.88077791e-03 -4.69363788e-02 2.28201889e-05 6.93808283e-05 5.66815012e-05
1.96827280e+01 6.11232119e-02 7.36744486e-03 -4.97564968e-02 2.78906204e-05 1.13133870e-04 1.31772453e-04
2.23963233e+01 6.55983061e-02 7.57870515e-03 -4.72669071e-02 8.20305352e-05 1.20426590e-04 2.75594230e-05
2.50992218e+01 6.04118416e-02 1.09010219e-02 -4.84310416e-02 8.47427513e-05 7.79900850e-05 5.61869956e-05
2.78206280e+01 5.97570741e-02 7.58659251e-03 -5.29037116e-02 7.41874022e-05 7.97902241e-05 8.17338184e-05
3.05372218e+01 5.92373278e-02 5.46616145e-03 -5.60531647e-02 4.08692360e-05 4.13985857e-05 6.09727975e-05
3.32574311e+01 5.40988023e-02 -2.86551793e-03 -6.26278051e-02 5.23089714e-05 4.11630601e-05 8.01227221e-05
3.59730405e+01 4.00941137e-02 -2.78590720e-03 -6.68064906e-02 6.06718950e-05 1.09523406e-04 2.56489497e-05
3.86977468e+01 4.11288599e-02 1.12022643e-03 -7.19503076e-02 1.01494523e-04 1.03525615e-04 2.50918749e-05
4.14123046e+01 3.71735831e-02 1.01743998e-03 -7.24210286e-02 7.66206638e-05 1.41052462e-04 9.09012548e-05
4.41272546e+01 3.12632923e-02 4.37330849e-03 -7.13909753e-02 1.47078058e-04 2.07262101e-04 2.48577502e-05
4.68440952e+01 2.80283666e-02 5.48213351e-03 -7.60128356e-02 5.00024079e-05 3.99262559e-04 5.03163483e-05
4.95629952e+01 2.75441416e-02 -1.54889461e-03 -7.11949396e-02 5.48655041e-05 1.83412157e-04 8.30261067e-05
5.22847061e+01 2.33639677e-02 2.23397970e-03 -7.87381430e-02 8.52344681e-05 1.56115074e-04 3.52679270e-05
5.49973983e+01 1.77568031e-02 -2.48875547e-03 -7.41693907e-02 4.76401259e-05 1.12730569e-04 3.88168615e-05
5.77124733e+01 2.27993921e-03 3.31331529e-05 -6.67120945e-02 4.18189705e-05 2.86986821e-04 3.44520987e-05
6.04316561e+01 -2.27736728e-02 2.40648379e-03 -6.27165381e-02 7.15165106e-05 2.83288900e-04 1.27837764e-04
6.31449889e+01 -3.12061039e-02 2.76964331e-03 -6.79640759e-02 1.34450175e-04 5.18512647e-04 3.79379452e-05
6.58580858e+01 -3.06968103e-02 8.30633535e-03 -6.52983993e-02 1.54236401e-04 3.24864238e-04 1.04845563e-04
6.85713046e+01 -2.85624909e-02 1.08959065e-02 -6.14045551e-02 5.42321036e-05 9.68921655e-05 6.09329910e-05
7.12922061e+01 -1.34337142e-02 9.92859244e-03 -6.83002062e-02 3.51182852e-05 6.37136440e-05 7.32548408e-05
7.40065843e+01 1.92830749e-02 8.62980616e-03 -7.87064349e-02 3.59269700e-05 4.70405085e-05 1.88393464e-05
7.67244921e+01 4.00344251e-02 1.08468722e-02 -7.11265446e-02 1.78596819e-04 5.93543657e-05 7.67956734e-05
7.94497155e+01 4.36047118e-02 4.95796191e-03 -6.67784272e-02 2.41040760e-05 1.66449417e-04 5.60605638e-05
8.21707499e+01 5.11196081e-02 5.13223821e-03 -6.66373270e-02 1.15764929e-04 1.40162146e-04 5.74766580e-05
8.48894718e+01 4.47144629e-02 4.73202519e-04 -6.16701502e-02 6.44919454e-05 2.13934968e-04 1.44205001e-04
8.76097468e+01 3.70906960e-02 8.65069740e-03 -5.81018939e-02 1.01914111e-04 1.60593810e-04 2.26717131e-05
9.03253343e+01 4.52213383e-02 4.31435866e-03 -6.22989088e-02 5.21254673e-05 7.61700099e-05 2.93299483e-05
9.30340077e+01 4.75890287e-02 -9.27233676e-04 -6.55799574e-02 1.21970476e-04 2.62247998e-04 8.20787420e-05
9.57515421e+01 4.42869066e-02 -2.74895167e-03 -6.57461180e-02 2.83805106e-05 2.88536662e-04 5.03353105e-05
9.84650905e+01 3.30912941e-02 -6.57969532e-03 -5.55879593e-02 2.03895784e-05 5.05051335e-04 3.94763758e-05
1.01185755e+02 3.54336244e-02 -3.71723892e-03 -5.60894427e-02 4.00689843e-05 3.49152535e-04 1.87015908e-05
1.03905786e+02 5.36903701e-02 -7.17069259e-03 -6.19980727e-02 7.46139658e-05 5.66225323e-04 1.33135173e-05
1.06620895e+02 5.48071519e-02 -3.72424294e-03 -5.99641617e-02 4.58256316e-05 1.80469875e-04 6.24043570e-05
1.09331536e+02 6.48426678e-02 -6.20732038e-03 -5.20685901e-02 6.04241672e-05 4.79057933e-04 1.20888104e-04
1.12047676e+02 6.54470300e-02 -2.26613266e-03 -4.18685266e-02 7.72085944e-05 5.58390984e-04 4.37864806e-05
1.14759458e+02 6.72225869e-02 -3.80907310e-03 -3.97599462e-02 5.73985513e-05 5.64504902e-04 9.65281351e-05
1.17473536e+02 7.12986286e-02 4.17815087e-04 -2.96424032e-02 4.57219817e-05 7.04321291e-04 1.52697968e-04
1.20186739e+02 6.63463014e-02 3.78098765e-03 -1.64434387e-02 7.41492993e-05 4.62741133e-04 4.66983479e-05
1.22906630e+02 7.43563827e-02 6.13496144e-04 1.82774262e-03 7.25304846e-05 6.19157087e-04 9.71230233e-05
1.25619786e+02 7.71553722e-02 2.48620823e-03 1.39410454e-02 3.08629131e-05 8.38612258e-04 8.36219028e-05
1.28337005e+02 7.14750164e-02 1.16195641e-03 2.92832053e-02 1.16233488e-04 7.76437090e-04 2.87994947e-05
1.31055973e+02 6.68461198e-02 1.02522325e-02 2.83262841e-02 6.31383327e-05 3.87072162e-04 1.21041175e-05
1.33774536e+02 6.90265552e-02 8.21273347e-03 3.38257640e-02 9.98119206e-06 5.34073362e-04 6.55097714e-05
1.36493145e+02 6.45209615e-02 1.52140369e-02 2.85906048e-02 1.13757265e-04 9.53930998e-05 7.83251207e-06
1.39205848e+02 6.70480151e-02 1.66877125e-02 3.74711093e-02 5.96683833e-05 6.45309394e-05 2.63462050e-05
1.41917301e+02 6.00597048e-02 1.44743323e-02 4.32591979e-02 1.67800002e-04 1.53208474e-04 8.76430438e-05
1.44626895e+02 5.52305610e-02 1.57414469e-02 5.15021802e-02 8.27424303e-05 8.25986017e-05 4.76514261e-05
1.47322223e+02 5.94061932e-02 1.46581110e-02 5.96272392e-02 3.31767557e-05 6.20528919e-05 5.12485220e-05
1.50035239e+02 5.97603268e-02 1.46795643e-02 5.97750101e-02 3.36089421e-05 8.07744104e-05 2.04932017e-05
1.52749567e+02 6.42819202e-02 8.75498638e-03 6.07866831e-02 4.92792245e-05 1.37396862e-04 4.68246436e-05
1.55465426e+02 5.64824099e-02 5.52536837e-03 6.69303552e-02 3.03518440e-05 1.48588995e-04 5.17100342e-05
1.58172973e+02 4.47595785e-02 7.96608048e-05 6.79438112e-02 6.44148072e-05 4.30872100e-04 3.74360544e-05
1.60895833e+02 3.64830336e-02 -4.14715976e-03 7.27291760e-02 6.51690651e-05 2.87729146e-04 6.89399382e-05
1.63616661e+02 2.36790951e-02 -5.49024617e-03 6.89355235e-02 8.09046745e-05 2.29029410e-04 2.61628969e-05
1.66337661e+02 1.27384101e-02 -3.54732242e-03 6.97282975e-02 6.03189656e-05 8.38269330e-05 2.12598578e-05
1.69059520e+02 5.42538694e-03 6.00573946e-03 7.43458973e-02 4.90291152e-05 1.27238235e-04 3.72615970e-05
1.71782895e+02 3.90656072e-03 5.20194291e-03 7.54082150e-02 4.41251509e-05 1.37495917e-04 3.68578737e-05
1.74511926e+02 -7.04588474e-03 5.12475544e-03 7.46806440e-02 5.61092468e-05 3.14486022e-04 3.55058724e-05
1.77241739e+02 -2.12745529e-02 4.32288442e-03 7.32114771e-02 5.69619028e-05 5.55834773e-05 1.26654300e-04
1.79967083e+02 -3.53172270e-02 -5.22241744e-04 7.49084644e-02 1.65527850e-05 5.14725227e-05 6.06496903e-05
1.82685489e+02 -3.95778676e-02 -4.07228658e-03 7.77220697e-02 6.48115526e-05 7.13023935e-05 4.69372780e-05
1.85393442e+02 -4.13024140e-02 -1.29205295e-03 7.26983153e-02 2.42109810e-05 2.01341284e-04 5.06268365e-05
1.88116489e+02 -4.19610835e-02 6.35386318e-03 7.05434417e-02 1.95311750e-05 1.60781117e-04 6.19476350e-05
1.90838395e+02 -4.91179763e-02 3.40506649e-03 6.98328947e-02 9.91017729e-05 1.34582224e-04 9.46100034e-05
1.93555895e+02 -5.55493795e-02 3.32434762e-03 6.86742661e-02 1.85242315e-05 1.20286441e-04 6.00126024e-05
1.96256567e+02 -5.36478516e-02 -8.24840776e-03 6.90525656e-02 1.64017773e-05 1.11722053e-04 6.47230120e-05
1.98970364e+02 -4.53978061e-02 -1.02098906e-02 6.90969915e-02 5.09151776e-05 4.45827326e-05 5.41531164e-05
2.01687020e+02 -3.56600218e-02 -1.43683898e-02 7.39719274e-02 3.68734805e-05 1.72434057e-04 8.70829578e-05
2.04395145e+02 -1.28878219e-02 -1.62322415e-02 7.67667988e-02 3.26449219e-05 1.66510030e-04 6.93155548e-05
2.07114973e+02 1.78776704e-02 -1.42764991e-02 7.41623780e-02 6.06497872e-05 1.87641331e-04 5.79384040e-05
2.09836973e+02 4.06891635e-02 -9.93134291e-03 6.90907110e-02 6.10624548e-05 1.43368365e-05 6.66568568e-05
2.12552364e+02 5.36677220e-02 -5.56267442e-03 6.06660659e-02 3.04147561e-05 6.98737992e-05 3.19637850e-05
2.15268036e+02 5.03348285e-02 -5.48555562e-03 6.29546484e-02 4.75563565e-05 3.80776420e-05 4.21286924e-05
2.17983723e+02 5.01726971e-02 1.08646440e-03 5.56239314e-02 2.03133337e-05 7.48893089e-05 3.06381233e-05
2.20702942e+02 5.18943238e-02 3.77574056e-03 5.51985756e-02 2.55977431e-05 3.18762515e-05 9.29496402e-05
2.23408333e+02 5.43536468e-02 2.07452147e-03 5.60987814e-02 6.33775698e-05 4.21793733e-05 1.67599102e-05
2.26129286e+02 5.77186814e-02 2.60634801e-03 5.54561211e-02 2.06340798e-05 2.38935053e-04 3.71542204e-05
2.28844895e+02 5.83694543e-02 1.85354042e-03 5.72431951e-02 5.77167489e-05 1.37358890e-04 5.57204625e-05
2.31574973e+02 4.97112996e-02 3.56597062e-03 5.89891389e-02 2.67983453e-05 9.91210423e-05 2.89758954e-05
2.34298286e+02 5.19464207e-02 6.34949405e-03 5.10123736e-02 2.14770662e-04 7.05942307e-05 4.73210851e-05
2.37014583e+02 5.62269637e-02 8.37085912e-03 4.69419457e-02 5.57689460e-05 3.83948884e-05 3.51343315e-05
2.39728770e+02 5.66627049e-02 3.19137097e-03 3.92434453e-02 8.16812966e-05 1.12580583e-04 3.61193242e-05
2.42447911e+02 5.93954192e-02 4.21798607e-03 3.76533411e-02 5.89388328e-05 5.93212736e-05 3.59168330e-05
2.45163348e+02 6.56283978e-02 -3.65989474e-03 3.43902730e-02 4.79020667e-05 1.93017775e-04 2.97335342e-05
2.47873817e+02 7.35721315e-02 -3.15719153e-03 3.54213365e-02 5.95963815e-05 1.91352607e-04 1.63216781e-04
2.50594176e+02 6.72832849e-02 3.20821207e-05 3.70544756e-02 6.57728571e-05 2.14696336e-04 1.33063065e-04
2.53305833e+02 6.60918612e-02 -2.29171973e-03 4.14831587e-02 7.42243659e-05 3.28513383e-04 1.22497354e-04
2.56015505e+02 7.30596452e-02 3.26092991e-03 3.21763086e-02 7.96213337e-05 3.12418355e-04 1.79290353e-04
2.58730989e+02 7.94893766e-02 2.65031858e-03 2.54627527e-02 7.60222570e-05 4.33289727e-04 2.44116739e-05
2.61433442e+02 7.70832397e-02 2.72173347e-03 1.80499780e-02 7.01823717e-05 1.60624716e-04 8.05932020e-05
2.64142614e+02 7.48507383e-02 1.51931025e-03 2.19150327e-02 1.07357666e-04 9.13697862e-05 1.18884626e-04
2.66856676e+02 7.22446670e-02 -5.25401615e-03 1.83946004e-02 6.73898682e-05 1.02248273e-04 4.32713734e-05
2.69566271e+02 7.28541542e-02 -5.05005424e-03 6.75952611e-03 5.09415877e-05 4.26141045e-05 9.11616376e-05
