6.85346163e-01 7.28724276e-02 -1.06631984e-02 1.53609028e-02 1.52395160e-04 3.85037601e-05 6.80517557e-05
3.39633112e+00 7.75526911e-02 -9.73467197e-03 7.89953316e-03 5.05526550e-05 1.54032049e-04 6.97373050e-05
6.10406424e+00 8.18923198e-02 -4.77181548e-03 -8.28558780e-03 1.68403817e-05 2.09251948e-04 4.89834146e-05
8.82113674e+00 7.90522459e-02 -8.34229468e-03 -2.20609845e-02 6.00676958e-05 3.47110723e-04 4.01619431e-05
1.15342169e+01 7.40979523e-02 -1.13295596e-02 -3.61450648e-02 9.09290676e-05 1.57301726e-04 5.37087190e-05
1.42536263e+01 6.73764809e-02 -1.28443869e-02 -4.52336934e-02 4.66597222e-05 1.75559996e-04 8.27389977e-05
1.69792294e+01 5.44077311e-02 -5.81180498e-03 -5.90642378e-02 1.16607408e-05 2.13395471e-04 2.34030160e-05
1.96935935e+01 5.34922921e-02 -5.12582973e-03 -6.25262359e-02 5.02370472e-05 1.77224519e-04 9.15615524e-05
2.24071575e+01 5.24419737e-02 -2.88037593e-03 -6.17550406e-02 2.74510143e-05 1.09306899e-04 3.55196540e-05
2.51224560e+01 5.90864672e-02 -1.12215173e-03 -5.92630315e-02 1.10233314e-04 1.74196993e-04 7.41786236e-05
2.78254341e+01 6.42601678e-02 4.88619003e-03 -6.15268129e-02 3.30218699e-05 1.76676434e-04 6.42629917e-05
3.05440731e+01 6.11884878e-02 7.26959528e-03 -6.27414901e-02 7.11295736e-05 2.38268950e-04 1.51779730e-05
3.32526825e+01 5.45216294e-02 4.53670764e-03 -5.97202855e-02 6.83059932e-05 4.27241068e-04 8.79528054e-05
3.59718356e+01 4.70542940e-02 1.06942679e-02 -5.47624988e-02 4.56187091e-05 4.58148886e-04 3.71360156e-05
3.86798372e+01 4.65161216e-02 8.45101691e-03 -5.82639664e-02 3.85600159e-05 3.25425479e-04 3.19825064e-05
4.13951888e+01 4.59540948e-02 5.86519570e-03 -6.46745072e-02 1.54750406e-05 3.96622639e-04 1.55922573e-04
4.41056544e+01 3.14158379e-02 5.69442762e-03 -6.76555695e-02 2.87324535e-05 3.42233507e-04 3.10540750e-05
4.68170028e+01 1.85513572e-02 3.51261541e-03 -7.09529711e-02 4.83410058e-05 2.37471322e-04 2.73555804e-05
4.95408513e+01 -1.14855437e-03 -1.37062706e-03 -6.72479181e-02 1.72179583e-05 5.48295785e-05 3.49342909e-05
5.22587607e+01 -2.90643613e-02 -2.52437079e-03 -7.04892115e-02 1.71172275e-04 7.52910918e-05 6.17724129e-05
5.49787357e+01 -4.09569749e-02 1.58673408e-03 -6.73590494e-02 6.21537773e-05 6.64123102e-05 4.74700675e-05
5.76951794e+01 -3.98883986e-02 8.97805000e-03 -5.89918123e-02 4.79754207e-05 1.12645639e-04 8.04647086e-05
6.04132231e+01 -4.07081428e-02 8.20510161e-03 -6.01591603e-02 2.61752608e-05 1.26931808e-04 7.85282445e-05
6.31344247e+01 -2.69693459e-02 9.48740529e-03 -6.75193529e-02 6.80163676e-05 1.76681307e-04 6.87552222e-05
6.58633950e+01 -2.28310948e-02 5.19306753e-03 -7.19994029e-02 1.12486080e-04 1.20507856e-04 8.91198916e-05
6.85818669e+01 -2.56717055e-02 8.74189086e-04 -7.59452535e-02 1.56840573e-04 1.82764475e-04 1.99959323e-05
7.13013419e+01 -1.35928875e-02 -1.39494206e-04 -7.76903915e-02 1.60615868e-05 2.65383866e-04 3.11962266e-05
7.40107247e+01 -8.39888000e-04 -2.23361221e-03 -7.34374190e-02 2.27120625e-05 7.16930173e-05 1.27049784e-04
7.67332310e+01 9.87039033e-03 1.03585882e-02 -7.89471641e-02 6.00705065e-05 1.50211282e-04 5.33163848e-05
7.94432700e+01 2.14197366e-02 1.02379473e-02 -6.91246855e-02 1.31946176e-04 4.56525110e-05 4.18008876e-05
8.21669450e+01 4.03330202e-02 1.15260552e-02 -6.38429122e-02 1.86089235e-04 1.50350728e-04 1.05033072e-04
8.48903872e+01 5.66696106e-02 5.50435945e-03 -5.69476062e-02 2.37263455e-05 1.23980423e-04 1.42345131e-04
8.76089122e+01 6.16901604e-02 1.39946603e-02 -4.43507318e-02 1.17983630e-04 1.12016831e-04 6.39050419e-05
9.03237825e+01 6.68950252e-02 1.20048951e-02 -4.67649212e-02 3.07111147e-05 2.52015821e-04 2.10936744e-05
9.30399872e+01 7.18952624e-02 4.92739486e-03 -4.84340145e-02 1.10392426e-04 1.65979554e-04 3.80313606e-05
9.57431310e+01 7.05972075e-02 4.21250234e-03 -4.80895415e-02 3.27020074e-05 3.21821085e-04 9.69387557e-05
9.84607388e+01 6.40304067e-02 8.61076128e-03 -3.78882708e-02 1.35658408e-04 1.81631511e-04 7.70717006e-05
1.01182634e+02 6.72583961e-02 5.11110590e-03 -3.75403598e-02 4.30614386e-05 1.04328516e-04 1.42503937e-04
1.03901806e+02 6.56402068e-02 3.26415187e-03 -4.38121174e-02 1.13862894e-04 1.08789669e-04 4.26021895e-05
1.06623118e+02 6.43367068e-02 8.04859729e-03 -5.59689770e-02 3.03781238e-05 2.19695861e-04 8.68918347e-05
1.09347103e+02 5.55744308e-02 7.83465563e-03 -5.66576347e-02 7.26159402e-05 3.24824615e-04 3.73388251e-05
1.12053728e+02 6.25796250e-02 9.96376140e-03 -4.95594428e-02 6.91088886e-05 3.01638488e-04 6.73098813e-05
1.14773665e+02 6.06246500e-02 2.25390434e-03 -3.97873811e-02 6.49339383e-05 3.72865069e-04 3.31489225e-05
1.17493072e+02 5.92497796e-02 9.76828433e-03 -3.50059533e-02 6.84279727e-05 1.24145023e-04 5.82580689e-05
1.20210665e+02 6.13060964e-02 9.14446483e-03 -3.24897226e-02 5.82685987e-05 1.97005205e-05 4.98963509e-05
1.22930275e+02 7.12323825e-02 8.96550015e-03 -2.50990829e-02 7.34372272e-05 8.75342909e-05 5.61639799e-05
1.25640384e+02 7.77255984e-02 1.00909059e-02 -1.29946077e-02 1.89583946e-05 8.75051167e-05 4.56771026e-05
1.28337759e+02 7.42266782e-02 1.27174810e-02 1.30681703e-02 3.16172122e-05 8.13012340e-05 3.02472439e-05
1.31043087e+02 7.09897594e-02 8.35244767e-03 3.74687643e-02 5.02115429e-05 9.36142587e-05 2.22179214e-05
1.33753978e+02 6.79702022e-02 3.71040534e-03 4.88966921e-02 7.28988269e-05 4.90998724e-05 3.73755471e-05
1.36470353e+02 6.14136521e-02 -2.09839448e-03 5.30515633e-02 1.11770317e-04 1.32185396e-04 1.03153517e-04
1.39184493e+02 5.20739391e-02 -4.97014899e-04 5.32946485e-02 9.04472795e-05 1.48639985e-04 4.65082401e-05
1.41895775e+02 4.67962766e-02 -6.33087554e-03 4.87519193e-02 3.52381967e-05 1.41063076e-04 1.00654558e-04
1.44609728e+02 3.98184239e-02 -4.26931336e-03 4.78306444e-02 3.98845918e-05 9.05513945e-05 2.21714195e-05
1.47338384e+02 4.75757335e-02 -1.09338848e-03 5.66261635e-02 3.91775698e-05 1.66558833e-04 6.35512990e-05
1.50048697e+02 5.24044431e-02 -4.49389666e-03 6.49707129e-02 7.11720066e-05 1.63154555e-04 8.97088943e-05
1.52760353e+02 5.65526565e-02 -5.39399630e-03 6.04366852e-02 4.38049674e-05 1.46916559e-04 3.92408430e-05
1.55475290e+02 5.47548789e-02 -4.65855361e-03 5.12544391e-02 6.89823253e-05 2.62392926e-04 7.23780298e-05
1.58195603e+02 5.62224803e-02 7.83986502e-04 5.46780196e-02 3.60200506e-05 7.62492530e-05 3.61391010e-05
1.60905681e+02 6.07478826e-02 5.65357677e-03 4.81869981e-02 2.85560456e-05 3.39286994e-05 4.13286592e-05
1.63627822e+02 6.49576932e-02 8.52948636e-03 6.19959859e-02 3.25886886e-05 6.38996995e-05 5.20558251e-05
1.66353353e+02 5.23953168e-02 3.45295096e-03 6.78165032e-02 8.82080482e-05 1.08694030e-04 1.16880415e-05
1.69076322e+02 3.21697627e-02 6.64436636e-03 6.93792052e-02 8.73692821e-05 2.46270528e-05 3.19533706e-05
1.71794603e+02 3.35199550e-04 -4.88886711e-04 7.09475253e-02 3.27161203e-05 2.42516203e-04 6.54955070e-05
1.74520009e+02 -3.03765965e-02 5.73743654e-04 7.07222685e-02 1.05616150e-05 1.52450849e-04 8.50668189e-05
1.77237650e+02 -4.53636201e-02 6.35387159e-04 6.18521601e-02 4.17316428e-05 3.92944727e-04 1.27028091e-04
1.79956681e+02 -5.95842559e-02 -9.17821622e-03 5.85169082e-02 4.43400730e-05 1.27855163e-04 3.94492330e-05
1.82674650e+02 -6.66703223e-02 -1.61326509e-02 4.93403601e-02 4.99783115e-05 8.43582438e-05 9.76546317e-05
1.85390243e+02 -6.50224363e-02 -2.30933791e-02 4.83725035e-02 4.77035248e-05 2.14229853e-04 4.86309811e-05
1.88093493e+02 -5.95587424e-02 -2.29515448e-02 4.81046623e-02 4.30042232e-05 2.03061757e-04 2.75501287e-05
1.90812259e+02 -4.45494136e-02 -2.17300849e-02 5.24800472e-02 1.67961300e-05 1.20420121e-04 9.39430433e-05
1.93525868e+02 -4.54566179e-02 -2.05801476e-02 6.12300415e-02 2.17973869e-05 1.54436270e-04 4.62315247e-05
1.96246165e+02 -3.32806528e-02 -1.87554983e-02 7.04578406e-02 7.99495123e-05 3.01174502e-05 4.57873532e-05
1.98958665e+02 -2.05622812e-02 -1.47444787e-02 7.16048778e-02 6.03834390e-05 1.31329375e-04 4.88893892e-05
2.01677884e+02 -1.02198039e-02 -9.68066699e-03 6.48839689e-02 3.40479539e-05 1.55733952e-04 7.09381836e-05
2.04402353e+02 -7.37241852e-04 -9.02295513e-03 6.94907460e-02 5.82697971e-05 1.52196501e-04 8.67681809e-05
2.07129618e+02 1.58605803e-02 -2.00084621e-03 6.85164990e-02 5.13326180e-05 2.92105176e-04 6.13756419e-05
2.09844915e+02 3.08621436e-02 -4.21655909e-03 6.95788762e-02 4.89283134e-05 4.61351547e-05 2.42971196e-05
2.12564243e+02 4.56724269e-02 -5.21944310e-03 7.34428189e-02 6.31369692e-05 3.55213284e-05 6.65151863e-05
2.15285775e+02 5.22456601e-02 -3.88864111e-03 6.63841864e-02 2.28315619e-05 8.62315759e-05 1.38371903e-04
2.18003993e+02 5.21463889e-02 -5.21043335e-04 6.37183708e-02 3.82451571e-05 8.88294206e-05 4.41009885e-05
2.20709118e+02 5.56786678e-02 -3.18858257e-04 6.76700255e-02 4.60240224e-05 4.60163729e-05 6.66293236e-05
2.23428650e+02 5.70364077e-02 4.82517396e-03 6.04742094e-02 4.31651454e-05 9.06158819e-05 5.55960766e-05
2.26136197e+02 5.90245083e-02 -2.44196455e-06 6.01577259e-02 5.68316512e-05 8.52135878e-05 3.13924424e-05
2.28846853e+02 5.00737984e-02 7.10148521e-04 5.87484104e-02 9.16977131e-05 5.67153863e-05 9.41469001e-05
2.31555040e+02 4.00311760e-02 9.14496880e-03 5.98637457e-02 2.88560452e-05 6.43390578e-05 2.64972892e-05
2.34272806e+02 3.37455429e-02 1.01395541e-02 6.00434229e-02 3.81604252e-05 6.21936462e-05 6.55257056e-05
2.36996665e+02 4.95834881e-02 1.17753284e-02 5.70282399e-02 1.21897818e-04 7.02775071e-05 5.56552057e-05
2.39713415e+02 5.13698882e-02 7.63055917e-03 6.91673718e-02 3.59925617e-05 7.85090945e-05 3.09704260e-05
2.42428962e+02 4.86968557e-02 6.68120798e-03 6.93447632e-02 9.01597480e-05 6.65762453e-05 9.88894270e-05
2.45151822e+02 5.18405661e-02 3.58791450e-03 6.21523197e-02 9.43425551e-05 8.36225700e-05 4.93204573e-05
2.47865728e+02 5.20973106e-02 3.32631360e-03 5.56385635e-02 9.05222557e-05 2.03934860e-04 6.21535299e-05
2.50576259e+02 5.73902537e-02 8.29374952e-03 4.87448914e-02 1.10466553e-04 1.02675464e-04 7.67686314e-05
2.53298650e+02 6.12512035e-02 2.47607660e-03 4.98161749e-02 1.05286897e-04 6.88462608e-05 9.04299830e-05
2.56012603e+02 6.81292404e-02 5.97943702e-03 4.89809337e-02 6.94873030e-05 1.36988047e-04 1.29162238e-04
2.58729634e+02 7.10294384e-02 5.09971328e-04 3.82191967e-02 1.05613122e-04 9.28286856e-05 3.95117676e-05
2.61449290e+02 7.01720379e-02 2.19853155e-03 4.29561276e-02 1.58360355e-05 7.51197689e-05 2.18178834e-04
2.64154259e+02 7.49051696e-02 -1.96157834e-03 4.23424482e-02 3.95530199e-05 9.87998573e-05 7.62499066e-05
2.66864368e+02 7.46784777e-02 -4.07929331e-03 3.26371990e-02 5.60912814e-05 8.82400486e-05 8.79170343e-05
2.69580292e+02 7.16438290e-02 -8.66081965e-03 2.23049350e-02 4.07714887e-05 7.29844411e-05 3.08976316e-05
