6.83080113e-01 7.32753751e-02 -1.09158787e-02 1.57749454e-02 1.27965800e-04 4.50790885e-05 6.04918511e-05
3.39700218e+00 7.74777371e-02 -9.65190895e-03 7.62194066e-03 5.30210435e-05 1.62147047e-04 7.74222369e-05
6.10468437e+00 8.12708110e-02 -6.03434845e-03 -8.19115465e-03 2.14831911e-05 2.00206785e-04 5.62003713e-05
8.82144014e+00 7.84772516e-02 -8.86278559e-03 -2.31892441e-02 6.58141474e-05 3.49394968e-04 3.17829461e-05
1.15346284e+01 7.34671490e-02 -1.10430656e-02 -3.59512070e-02 9.51922201e-05 1.60193250e-04 4.97925404e-05
1.42546909e+01 6.69081953e-02 -1.25106740e-02 -4.52462909e-02 5.64556534e-05 1.99306081e-04 8.53755203e-05
1.69803440e+01 5.44989671e-02 -5.15613080e-03 -5.87284468e-02 1.09264493e-05 1.94977592e-04 2.51585465e-05
1.96954816e+01 5.36271726e-02 -3.98028005e-03 -6.25454193e-02 5.89573194e-05 1.92064283e-04 9.26790538e-05
2.24095925e+01 5.33038055e-02 -2.57236860e-03 -6.18355512e-02 2.81807351e-05 1.04514692e-04 3.68852875e-05
2.51252050e+01 5.95057490e-02 -8.54363876e-04 -5.89745757e-02 1.10254724e-04 1.76136458e-04 7.79106910e-05
2.78289237e+01 6.36224587e-02 4.98950026e-03 -6.09083059e-02 3.00779840e-05 1.92286230e-04 5.58225167e-05
3.05489722e+01 6.08720115e-02 7.51834063e-03 -6.22330920e-02 7.21236468e-05 2.64792322e-04 1.70422859e-05
3.32564566e+01 5.44423831e-02 4.87157713e-03 -6.03399090e-02 7.57019009e-05 4.14446672e-04 7.39318582e-05
3.59743597e+01 4.70297979e-02 1.09259160e-02 -5.55228831e-02 3.44931016e-05 4.62633591e-04 3.35564483e-05
3.86826487e+01 4.60992663e-02 8.07215697e-03 -5.81457068e-02 4.55971228e-05 3.47672948e-04 3.37530131e-05
4.13992769e+01 4.46328699e-02 5.90316006e-03 -6.40205695e-02 1.76663688e-05 4.12672130e-04 1.54344102e-04
4.41089253e+01 3.02397587e-02 4.95788739e-03 -6.74898946e-02 3.64403649e-05 3.48835527e-04 3.51046871e-05
4.68250862e+01 1.89740349e-02 3.70036358e-03 -7.07665474e-02 4.92852956e-05 2.18002698e-04 2.91307806e-05
4.95464737e+01 -2.14451401e-05 -1.36823796e-03 -6.74999155e-02 1.72226185e-05 5.00504061e-05 3.66745051e-05
5.22636534e+01 -2.77214043e-02 -1.79209653e-03 -7.00495852e-02 1.50207550e-04 8.41026511e-05 4.90916323e-05
5.49850815e+01 -3.89881282e-02 1.54317157e-03 -6.79632605e-02 4.84695359e-05 6.45190561e-05 4.50102033e-05
5.77013394e+01 -3.88250499e-02 8.34015468e-03 -5.94666134e-02 5.94822451e-05 1.03898346e-04 6.86453690e-05
6.04194550e+01 -3.99352237e-02 7.72656204e-03 -6.05144547e-02 3.18570680e-05 1.35570224e-04 7.80183430e-05
6.31412441e+01 -2.71713970e-02 9.55146675e-03 -6.74168164e-02 5.73715807e-05 1.79696191e-04 6.31086125e-05
6.58694378e+01 -2.30812758e-02 4.77464172e-03 -7.25315142e-02 1.16540578e-04 1.30309434e-04 9.75739735e-05
6.85874112e+01 -2.52387380e-02 1.82319391e-03 -7.65256706e-02 1.52827549e-04 1.89467149e-04 2.73850514e-05
7.13077034e+01 -1.39250004e-02 -1.82621970e-04 -7.89491943e-02 1.39152513e-05 2.77096118e-04 3.36649541e-05
7.40178706e+01 1.08465835e-04 -1.59270555e-03 -7.36414054e-02 2.69968714e-05 8.28293318e-05 1.15098133e-04
7.67402128e+01 9.64048449e-03 1.09759089e-02 -7.91310344e-02 5.97645096e-05 1.52987323e-04 5.77283536e-05
7.94526050e+01 2.11866404e-02 1.11588323e-02 -6.88657376e-02 1.64172095e-04 4.94373423e-05 4.20778619e-05
8.21747159e+01 4.07077448e-02 1.16888040e-02 -6.40009084e-02 1.71612819e-04 1.55922843e-04 1.05429394e-04
8.48985800e+01 5.70812392e-02 5.73850221e-03 -5.75178383e-02 1.98039928e-05 1.33833195e-04 1.56335912e-04
8.76179847e+01 6.18544567e-02 1.29078337e-02 -4.37869081e-02 1.13508360e-04 1.25686387e-04 6.08124888e-05
9.03327284e+01 6.76347192e-02 1.19942053e-02 -4.67641629e-02 2.75038599e-05 2.87341964e-04 1.37827746e-05
9.30489066e+01 7.23237129e-02 4.38828205e-03 -4.87975180e-02 1.09604835e-04 1.67690314e-04 3.11044659e-05
9.57523253e+01 7.11486767e-02 4.74354109e-03 -4.84628392e-02 3.23181935e-05 3.10668381e-04 1.02984697e-04
9.84724425e+01 6.54137416e-02 8.56423104e-03 -3.84019264e-02 1.32965778e-04 1.78978580e-04 9.55750578e-05
1.01189325e+02 6.80382085e-02 5.32805712e-03 -3.75277670e-02 5.01914080e-05 8.81526068e-05 1.48755913e-04
1.03912497e+02 6.46616579e-02 3.16609590e-03 -4.42726876e-02 1.19856164e-04 1.33223209e-04 4.82086953e-05
1.06634388e+02 6.29990784e-02 7.87545083e-03 -5.59492372e-02 3.26501049e-05 2.18784077e-04 8.36741698e-05
1.09357607e+02 5.55276845e-02 7.62826473e-03 -5.76022534e-02 8.15799000e-05 3.24639853e-04 4.39567467e-05
1.12064216e+02 6.25827024e-02 9.69032806e-03 -4.87646080e-02 7.14092490e-05 3.18242401e-04 6.25819855e-05
1.14784732e+02 6.06318570e-02 2.45756878e-03 -3.99924617e-02 6.69798258e-05 4.10117296e-04 3.07636443e-05
1.17502997e+02 5.89703255e-02 9.08684108e-03 -3.47373670e-02 6.47269052e-05 1.48103715e-04 5.58857962e-05
1.20223263e+02 6.15095512e-02 8.63236984e-03 -3.13924066e-02 4.55695308e-05 2.33797576e-05 4.65079703e-05
1.22942263e+02 7.01327774e-02 7.81522410e-03 -2.49431287e-02 5.83572577e-05 8.83337858e-05 5.05683804e-05
1.25652685e+02 7.82488647e-02 1.02785367e-02 -1.28958385e-02 2.17736235e-05 7.27750100e-05 5.91010456e-05
1.28350669e+02 7.37118542e-02 1.23657881e-02 1.27906587e-02 3.43509702e-05 7.75219252e-05 3.11574106e-05
1.31056997e+02 7.14600930e-02 9.02053159e-03 3.68884893e-02 5.30795666e-05 1.08876691e-04 2.25468350e-05
1.33766169e+02 6.81539641e-02 4.13235851e-03 4.82326403e-02 8.68624175e-05 4.89054066e-05 2.76791304e-05
1.36483028e+02 6.03727441e-02 -5.75783950e-04 5.35293866e-02 1.21813784e-04 1.33093210e-04 1.00101862e-04
1.39199263e+02 5.22058193e-02 -1.76840173e-04 5.33554808e-02 8.11243942e-05 1.62373842e-04 4.97859977e-05
1.41910732e+02 4.62047880e-02 -5.21970398e-03 4.87683622e-02 3.70215129e-05 1.36325882e-04 8.83341564e-05
1.44624044e+02 3.99752323e-02 -4.70575538e-03 4.66743505e-02 3.16578921e-05 9.94858623e-05 2.62457579e-05
1.47351591e+02 4.81147497e-02 -1.25438307e-03 5.60572831e-02 3.37367792e-05 1.65787584e-04 6.53660555e-05
1.50061997e+02 5.26145835e-02 -4.94627940e-03 6.53098784e-02 7.16007414e-05 1.57493056e-04 8.71938635e-05
1.52775669e+02 5.53944726e-02 -6.25926871e-03 6.01792304e-02 4.92226237e-05 1.50926733e-04 3.66870556e-05
1.55488325e+02 5.33262041e-02 -5.14395505e-03 5.11749578e-02 6.34772385e-05 2.35770430e-04 7.33607026e-05
1.58210044e+02 5.54758786e-02 2.36643007e-04 5.41253161e-02 2.87231317e-05 7.77380879e-05 3.22499884e-05
1.60922028e+02 6.14057760e-02 6.59965120e-03 4.91593999e-02 2.18535326e-05 2.79156153e-05 3.41587196e-05
1.63644075e+02 6.59337962e-02 9.50881954e-03 6.18743192e-02 2.64368016e-05 6.50201191e-05 4.87704074e-05
1.66369107e+02 5.26553944e-02 4.40941728e-03 6.73107896e-02 8.44177979e-05 1.29156983e-04 1.02223860e-05
1.69091935e+02 3.24292666e-02 6.68657577e-03 6.93570551e-02 7.07599356e-05 3.20542349e-05 3.25206380e-05
1.71811825e+02 -1.70628728e-04 -8.93091401e-04 7.17459713e-02 3.06146499e-05 2.50700327e-04 6.66602177e-05
1.74536997e+02 -3.06616664e-02 5.20135227e-04 7.07013957e-02 1.06914463e-05 1.40338269e-04 6.94733015e-05
1.77255216e+02 -4.57910640e-02 1.12858407e-03 6.15486546e-02 4.06930368e-05 3.75481482e-04 1.44050642e-04
1.79975388e+02 -5.98693587e-02 -8.60383722e-03 5.84794924e-02 3.45016628e-05 1.19972865e-04 4.40085508e-05
1.82692841e+02 -6.66314054e-02 -1.55745529e-02 4.87030196e-02 4.62587153e-05 9.06840864e-05 9.17547039e-05
1.85408653e+02 -6.40521833e-02 -2.28180162e-02 4.82290088e-02 3.82481324e-05 2.15943100e-04 5.82037553e-05
1.88110513e+02 -5.84815249e-02 -2.28200189e-02 4.82917069e-02 4.97702046e-05 2.02202107e-04 2.89662815e-05
1.90830982e+02 -4.41061417e-02 -2.25072244e-02 5.27951977e-02 1.82989015e-05 1.14910211e-04 8.25933422e-05
1.93546294e+02 -4.49257659e-02 -2.10756788e-02 6.12880569e-02 1.59601001e-05 1.73814749e-04 3.87459275e-05
1.96266653e+02 -3.37261287e-02 -1.88500560e-02 6.98071146e-02 7.58395009e-05 2.68240745e-05 4.92564962e-05
1.98978591e+02 -2.16899203e-02 -1.46952006e-02 7.06146316e-02 5.09541787e-05 1.22667274e-04 5.49665622e-05
2.01697513e+02 -1.06404609e-02 -9.42024441e-03 6.39421108e-02 3.00710390e-05 1.49203087e-04 6.94499556e-05
2.04420857e+02 -3.43822149e-04 -8.37693359e-03 6.89269012e-02 5.61511362e-05 1.48264370e-04 8.51247278e-05
2.07150325e+02 1.64695154e-02 -1.44925533e-03 6.92797655e-02 5.69349541e-05 2.94242332e-04 7.23415081e-05
2.09866341e+02 3.04994383e-02 -3.87470534e-03 7.06315002e-02 4.86775105e-05 4.22041179e-05 2.28306103e-05
2.12584044e+02 4.57900110e-02 -6.12055936e-03 7.33684444e-02 6.03371218e-05 2.97502629e-05 5.13434383e-05
2.15307841e+02 5.26615019e-02 -4.31946924e-03 6.65092903e-02 2.00382817e-05 9.14269240e-05 1.31730865e-04
2.18025107e+02 5.25322001e-02 -1.40740236e-03 6.33840993e-02 3.61144428e-05 9.44148503e-05 4.72373375e-05
2.20729841e+02 5.62497272e-02 -5.87294124e-04 6.69959751e-02 4.34024141e-05 4.29482352e-05 6.98810723e-05
2.23450857e+02 5.64369501e-02 4.92458773e-03 6.15061888e-02 4.58217815e-05 1.01322806e-04 5.29581784e-05
2.26157732e+02 5.90940586e-02 3.71398406e-04 5.98592767e-02 6.26024165e-05 8.09077445e-05 4.23500636e-05
2.28868888e+02 5.10763557e-02 1.31999766e-03 5.90717771e-02 8.46182977e-05 6.41799344e-05 7.31866079e-05
2.31577419e+02 4.01848737e-02 1.03084659e-02 5.96023710e-02 2.39930066e-05 6.38584415e-05 2.40204576e-05
2.34297388e+02 3.33576104e-02 1.03568745e-02 6.01049429e-02 3.96444354e-05 6.78454137e-05 5.54514907e-05
2.37020091e+02 5.01713121e-02 1.22127912e-02 5.74849776e-02 1.24441972e-04 7.81340451e-05 3.90480105e-05
2.39736153e+02 5.15152932e-02 7.26342037e-03 6.87361937e-02 4.05368860e-05 7.23182196e-05 3.79476335e-05
2.42453263e+02 4.92278107e-02 6.65465847e-03 6.94368249e-02 1.10922892e-04 7.69619590e-05 1.07448655e-04
2.45176513e+02 5.22065081e-02 2.97312785e-03 6.32347650e-02 9.44397138e-05 8.70449121e-05 6.56580539e-05
2.47890388e+02 5.25087737e-02 3.69066121e-03 5.53003021e-02 9.06294501e-05 1.92899584e-04 6.00710287e-05
2.50601966e+02 5.83245353e-02 8.29007061e-03 4.79505758e-02 1.01688486e-04 1.04344627e-04 7.05036101e-05
2.53324185e+02 6.18668297e-02 2.53608532e-03 4.85939539e-02 1.09331922e-04 6.97361790e-05 8.68512299e-05
2.56038075e+02 6.91021089e-02 5.75130026e-03 4.79654952e-02 6.37537260e-05 1.35146279e-04 1.33100294e-04
2.58755044e+02 7.07326622e-02 -1.96920623e-04 3.67069986e-02 1.09012489e-04 1.00694876e-04 5.51194565e-05
2.61474513e+02 6.99074556e-02 2.15943348e-03 4.20486518e-02 1.37567615e-05 9.48026411e-05 2.10692094e-04
2.64178888e+02 7.53849648e-02 -2.09814832e-03 4.15103244e-02 3.45389020e-05 9.68496259e-05 6.91778976e-05
2.66890216e+02 7.50293068e-02 -3.87644319e-03 3.33950488e-02 4.43101888e-05 9.18179652e-05 8.65518069e-05
2.69604643e+02 7.13513870e-02 -7.96431979e-03 2.29555666e-02 4.29684734e-05 7.57660974e-05 3.16473198e-05
