6.99915949e-01 8.12765029e-02 1.30837910e-03 -3.75363130e-03 7.59353368e-05 7.00114109e-05 1.08773758e-04
3.41623821e+00 7.69780516e-02 3.30934042e-04 -1.02600293e-02 1.10743813e-04 3.82933406e-05 1.02692109e-04
6.12604462e+00 7.57630962e-02 -5.25423928e-03 -2.16818455e-02 5.71279797e-05 2.25750809e-04 1.11050604e-04
8.83737993e+00 6.95917062e-02 -1.20197038e-03 -2.66953262e-02 2.66236700e-05 8.68116765e-05 7.56848326e-05
1.15485588e+01 6.96958699e-02 -3.30895143e-03 -3.58981218e-02 2.81999595e-05 2.02230093e-04 3.42155708e-05
1.42474432e+01 6.79432742e-02 -2.91652256e-03 -3.36811411e-02 3.12478598e-05 1.45779415e-04 1.20674439e-04
1.69642135e+01 6.59477856e-02 -6.75315988e-03 -4.66243591e-02 5.09421211e-05 8.20399459e-05 1.04068765e-04
1.96801104e+01 6.66002934e-02 -8.34078525e-03 -4.91079161e-02 3.54448846e-05 9.01799058e-05 4.22745795e-05
2.23931166e+01 5.54592243e-02 -1.17288681e-02 -5.61835858e-02 3.97843042e-05 1.00545995e-04 7.37834394e-05
2.51094979e+01 4.89928444e-02 -1.21541279e-02 -5.49232265e-02 8.65394895e-05 1.10033761e-04 6.06305846e-05
2.78250526e+01 4.26241913e-02 -1.26781985e-02 -5.28385300e-02 7.57599166e-05 2.34746936e-04 8.81410713e-05
3.05408604e+01 5.05382361e-02 -5.21137924e-03 -5.20117955e-02 1.42410690e-05 8.44321335e-05 5.05588028e-05
3.32586104e+01 6.01548127e-02 -8.93635593e-03 -5.60250373e-02 8.84679834e-05 1.82131901e-04 4.79362121e-05
3.59770698e+01 6.31124926e-02 -8.35136464e-04 -5.79538450e-02 6.91188348e-05 8.76346745e-05 4.46390797e-05
3.86762916e+01 5.95268434e-02 -7.93859171e-04 -5.42822621e-02 2.61966606e-05 2.36393908e-04 7.71098778e-06
4.13900573e+01 5.20359296e-02 -2.33708373e-03 -5.18769163e-02 3.07605815e-05 2.16916642e-04 7.36535735e-05
4.41041291e+01 3.82140127e-02 8.56638947e-05 -5.56342991e-02 5.42835146e-05 1.56811033e-04 6.46984481e-05
4.68181573e+01 1.63786909e-02 4.42219531e-03 -6.11237884e-02 6.44481927e-05 1.63868556e-04 2.57225611e-05
4.95360995e+01 -1.05114172e-02 6.15976237e-03 -5.74077298e-02 4.71571120e-05 1.64425155e-04 2.35428776e-05
5.22613979e+01 -4.29937882e-02 1.06280456e-02 -5.92557468e-02 1.24741695e-04 1.20497923e-04 1.21615821e-04
5.49829120e+01 -5.15457098e-02 1.82566289e-03 -6.56431934e-02 8.84450993e-05 1.17209708e-04 5.32417825e-05
5.76986463e+01 -5.16775257e-02 1.35394277e-03 -6.70403387e-02 1.32069584e-04 1.07163326e-04 8.62498569e-05
6.04175120e+01 -6.11087864e-02 -3.06806789e-03 -6.28694469e-02 1.73259292e-05 9.02711925e-05 3.63572688e-05
6.31370151e+01 -6.34295537e-02 7.05467024e-04 -7.34259593e-02 3.53386665e-05 2.86295096e-04 2.28929853e-05
6.58639948e+01 -5.35080235e-02 1.14438972e-03 -7.27424135e-02 7.08935961e-05 1.84738248e-04 4.57328316e-05
6.85778010e+01 -4.63271833e-02 1.30385901e-03 -7.47927591e-02 4.29215920e-05 2.99292953e-04 1.73425841e-05
7.12987291e+01 -1.99047163e-02 4.33746637e-04 -7.28337533e-02 4.19931273e-05 1.36926386e-04 4.96898865e-05
7.40177385e+01 -5.56588168e-03 -4.40271164e-03 -8.33236595e-02 6.34350790e-05 6.01533777e-05 5.71617712e-05
7.67473073e+01 1.40492299e-02 -4.23794833e-03 -7.43177978e-02 5.96756878e-05 1.44610707e-04 4.69842091e-05
7.94614713e+01 2.75803646e-02 -3.50718386e-03 -7.41059815e-02 1.43010024e-04 6.47008405e-05 6.53652055e-05
8.21849729e+01 4.34093789e-02 -4.26268310e-04 -7.68413308e-02 7.33565944e-05 3.36753954e-05 1.32118560e-04
8.48986417e+01 4.66673329e-02 6.60831959e-03 -7.47052633e-02 1.29987123e-04 1.36939754e-04 5.00657619e-05
8.76083416e+01 4.54045627e-02 3.06718561e-03 -6.78678013e-02 6.99783739e-05 7.97144435e-05 8.90568079e-06
9.03259635e+01 4.62131112e-02 9.10508796e-03 -5.65310928e-02 4.90209739e-05 1.10170628e-04 1.47352006e-04
9.30477573e+01 5.06310021e-02 2.57149894e-03 -6.21213349e-02 9.74319825e-05 6.79274392e-05 4.14302384e-05
9.57626229e+01 5.37646843e-02 8.90584760e-03 -5.72800637e-02 8.93289065e-06 6.34832308e-05 7.21106954e-05
9.84877885e+01 6.36253031e-02 4.53879194e-03 -5.44521427e-02 1.00611130e-04 3.78666545e-05 2.13425759e-05
1.01203342e+02 6.60392546e-02 8.57950598e-03 -5.40760919e-02 8.48107982e-05 2.09860992e-04 9.73871448e-05
1.03916185e+02 6.10064841e-02 6.99264179e-03 -4.71687892e-02 1.73160796e-04 2.08518541e-04 6.35050068e-05
1.06633701e+02 6.38063417e-02 8.12554665e-03 -4.38525539e-02 8.27981198e-05 1.31375847e-04 5.52906293e-06
1.09350420e+02 6.07629282e-02 1.23080424e-02 -3.63311647e-02 6.11565210e-05 1.01735556e-04 4.68261928e-05
1.12065201e+02 6.62858696e-02 1.42658122e-02 -4.25231396e-02 4.06229324e-05 2.26324623e-04 5.45272970e-05
1.14778342e+02 5.98113760e-02 1.81114975e-02 -5.30622841e-02 3.14783825e-05 4.32962395e-04 6.71105552e-05
1.17491654e+02 6.45076025e-02 1.68975434e-02 -5.01212433e-02 9.89665886e-05 1.51311643e-04 9.48443272e-05
1.20198123e+02 6.22984634e-02 1.53014448e-02 -3.60159586e-02 1.09616317e-04 1.87749917e-04 1.12417471e-04
1.22919967e+02 6.51799042e-02 1.32579953e-02 -1.99320253e-02 2.99646334e-05 3.49188972e-05 1.72163044e-04
1.25627326e+02 6.38039205e-02 1.62488241e-02 1.31926005e-03 6.48649381e-05 4.44819928e-05 7.92253461e-05
1.28332389e+02 6.11853209e-02 1.02235211e-03 1.24289672e-02 2.40164782e-04 7.30509350e-05 3.84852399e-05
1.31050857e+02 6.70507245e-02 -6.25156005e-03 2.23362267e-02 1.51625837e-04 8.99146220e-05 1.75410968e-04
1.33761623e+02 6.78766285e-02 -1.14786402e-02 3.55262482e-02 1.63429415e-04 4.79236016e-05 8.71601175e-05
1.36483389e+02 6.41929644e-02 -7.78186011e-03 4.79023933e-02 8.98776143e-05 1.06808283e-04 3.69061202e-05
1.39191217e+02 6.30689101e-02 -1.04480793e-02 6.16806450e-02 9.91621810e-05 3.88840082e-05 6.86930837e-05
1.41900279e+02 6.24129946e-02 -6.92232369e-03 5.95977550e-02 1.51226773e-04 9.87015931e-05 4.85392999e-05
1.44611951e+02 5.61139102e-02 -2.23017410e-03 6.13351247e-02 6.22669019e-05 1.62702228e-04 6.29090879e-05
1.47333732e+02 6.16632282e-02 -8.69087160e-05 6.04213431e-02 4.19151494e-05 1.80748199e-04 3.38414766e-05
1.50055217e+02 5.75672416e-02 7.20424839e-03 5.64428106e-02 4.20005085e-05 5.93105890e-05 4.63627412e-05
1.52782232e+02 5.00515708e-02 5.12019719e-03 4.88056714e-02 8.22860637e-05 1.16098759e-04 4.31863701e-05
1.55512748e+02 5.58651830e-02 1.64395061e-03 5.61229634e-02 1.17076973e-04 5.92948636e-05 6.47048132e-05
1.58234420e+02 5.46615130e-02 -5.46388301e-03 6.27497422e-02 1.60604034e-05 2.09187351e-05 1.87335527e-05
1.60957529e+02 5.12101023e-02 -5.96898026e-03 6.50489948e-02 4.73583138e-05 8.24896487e-05 4.33416679e-05
1.63662857e+02 4.18414059e-02 -1.33087425e-02 6.90690450e-02 7.33489781e-05 1.52476716e-04 7.97463288e-05
1.66380810e+02 3.02712419e-02 -1.07609011e-02 6.81211632e-02 2.33980691e-05 5.16778999e-05 5.95553774e-05
1.69091404e+02 1.92523348e-02 -1.40540357e-02 6.69383640e-02 1.25598363e-04 2.73267984e-04 4.36591789e-05
1.71803060e+02 5.11890786e-04 -1.82802701e-02 7.65947640e-02 3.52575230e-05 4.37782654e-05 3.33657139e-05
1.74517560e+02 -2.38552066e-02 -1.25370449e-02 7.22413496e-02 4.17121822e-05 1.86538860e-04 4.73164756e-05
1.77229685e+02 -3.18435900e-02 -1.34875935e-02 6.86133535e-02 5.49585791e-05 1.26745324e-04 5.31276195e-05
1.79943248e+02 -4.69030422e-02 -8.80634149e-03 6.62185914e-02 9.85128466e-05 1.55147765e-04 1.03505598e-04
1.82653529e+02 -4.67785960e-02 -4.45642347e-03 6.92123354e-02 2.71627551e-05 1.66941390e-04 7.80647999e-05
1.85366748e+02 -5.04968476e-02 -3.86263029e-03 6.26560578e-02 8.89572886e-05 4.74340123e-05 1.24153479e-05
1.88086467e+02 -5.63986442e-02 1.25658620e-04 5.92867262e-02 4.36762247e-05 1.32622622e-04 2.48478269e-05
1.90803639e+02 -5.30272826e-02 -9.12061821e-03 6.32564928e-02 2.47408374e-05 1.08752759e-04 6.74929399e-05
1.93524904e+02 -5.01665419e-02 -5.88274592e-03 6.39794893e-02 6.70728485e-05 7.40406828e-05 4.75839021e-05
1.96256545e+02 -3.42406953e-02 -8.79881033e-03 7.02374120e-02 6.73116571e-05 1.09727373e-04 2.85927509e-05
1.98977639e+02 -1.61294514e-02 -8.88277553e-03 7.42933785e-02 7.08152643e-05 6.46598016e-05 6.49025720e-05
2.01692014e+02 -9.38342264e-03 -1.56742904e-02 7.60651879e-02 3.23628011e-05 9.96825002e-05 4.18152070e-05
2.04419373e+02 6.61964279e-03 -1.12194557e-02 8.13567157e-02 1.71193373e-05 1.60028830e-04 1.89612530e-05
2.07138623e+02 1.48865066e-02 -1.07200189e-02 8.16644318e-02 6.55677635e-05 1.28200825e-04 2.13727456e-05
2.09851185e+02 2.53523815e-02 -5.63892295e-03 6.83346632e-02 7.36566166e-05 7.93244643e-05 1.27777191e-04
2.12577389e+02 3.73161322e-02 3.49183606e-04 7.05510388e-02 1.14072467e-04 3.85408496e-05 7.88960456e-05
2.15285514e+02 4.83061100e-02 4.97591705e-03 6.72346556e-02 2.74124679e-05 7.57045414e-05 4.75045413e-05
2.18006482e+02 5.52228662e-02 3.71605234e-03 5.93261078e-02 2.61628285e-05 1.46824317e-04 2.44886119e-05
2.20719373e+02 5.11029319e-02 8.91590830e-04 6.23797818e-02 5.71889495e-05 7.37873305e-05 4.31866581e-05
2.23429420e+02 4.65286534e-02 -2.07386716e-03 5.91575427e-02 5.02808561e-05 1.38399738e-04 3.54731867e-05
2.26146123e+02 4.44050820e-02 -1.22600431e-03 6.06837871e-02 6.18723888e-05 2.29505378e-04 1.03292448e-04
2.28868045e+02 5.78884028e-02 -3.11519886e-03 5.98886984e-02 1.71851176e-05 2.99515810e-05 1.69848621e-05
2.31579295e+02 6.13218823e-02 -6.48274811e-03 6.62679708e-02 1.88476025e-05 1.14040930e-04 3.98414787e-05
2.34292420e+02 5.72138723e-02 -1.07423136e-02 7.04194358e-02 3.80939565e-05 1.00173882e-04 1.48228015e-04
2.37011170e+02 5.37078010e-02 -4.05075300e-03 6.61553113e-02 3.00273535e-05 9.68898942e-05 6.87186528e-05
2.39716498e+02 5.32110531e-02 -5.33721627e-03 6.08617831e-02 3.85258900e-05 3.48556358e-04 3.39377811e-05
2.42422201e+02 4.55251032e-02 4.66696413e-03 6.39234784e-02 4.50836561e-05 9.42760091e-05 1.79500987e-05
2.45138435e+02 5.35433342e-02 2.80750408e-04 7.03017251e-02 4.30301505e-05 1.47275382e-04 8.70434522e-06
2.47857592e+02 4.26149249e-02 5.78686556e-03 7.45396860e-02 7.49880243e-05 4.25414913e-05 1.02449328e-04
2.50575592e+02 3.78401676e-02 8.25140156e-03 7.14682642e-02 4.08547868e-05 1.46964507e-04 2.53455097e-05
2.53298764e+02 3.59890176e-02 8.11955902e-03 6.76387205e-02 5.81611733e-05 1.19813189e-04 7.02181736e-05
2.56020326e+02 3.19482744e-02 6.48582088e-03 6.55605199e-02 1.05806777e-04 2.63699826e-04 2.26600641e-05
2.58736654e+02 4.09356053e-02 4.41789081e-03 6.25130271e-02 6.79376655e-05 1.52764975e-04 9.18813868e-05
2.61459654e+02 4.01918823e-02 4.27050704e-03 4.95146165e-02 2.16754255e-04 3.40722418e-05 4.77464604e-05
2.64173982e+02 6.68788698e-02 -3.21140404e-03 4.04575001e-02 8.30036521e-05 2.35972095e-04 6.65658985e-05
2.66882623e+02 7.39238036e-02 -5.83885498e-03 3.51376506e-02 4.52580685e-05 1.13066250e-04 1.10974232e-04
2.69602135e+02 7.85584957e-02 1.43047658e-03 1.47531703e-02 7.10867689e-05 1.40540187e-04 4.59288761e-05
