7.01188909e-01 8.02216533e-02 2.75176971e-03 -4.27228812e-03 8.10989538e-05 4.72740747e-05 9.54695954e-05
3.41659948e+00 7.74185164e-02 -7.17134124e-04 -1.44526729e-02 1.07794412e-04 2.86474749e-05 1.37190828e-04
6.12745495e+00 7.51870489e-02 -4.45217270e-03 -2.41076016e-02 9.47770975e-05 2.72959056e-04 9.61609928e-05
8.83840933e+00 6.94386895e-02 -1.27444847e-03 -3.02310906e-02 3.06819808e-05 1.29630955e-04 5.46808836e-05
1.15496112e+01 6.84845363e-02 -3.91881854e-03 -3.55814925e-02 4.17016167e-05 1.70277785e-04 5.44433314e-05
1.42498440e+01 6.86007417e-02 -4.02418368e-03 -3.17933279e-02 3.83270924e-05 1.22199372e-04 1.19538891e-04
1.69654237e+01 6.62646710e-02 -4.30347530e-03 -4.58383992e-02 6.64445238e-05 9.96433555e-05 9.67728269e-05
1.96822346e+01 6.76275614e-02 -7.01396462e-03 -4.92251547e-02 4.32309970e-05 7.32355232e-05 4.38491009e-05
2.23925284e+01 5.68016974e-02 -1.24786549e-02 -5.48068918e-02 4.70565251e-05 1.30432312e-04 1.01612867e-04
2.51056393e+01 4.99530439e-02 -1.13437442e-02 -5.36057368e-02 8.99494228e-05 1.00794907e-04 7.00474450e-05
2.78230800e+01 4.31345858e-02 -1.43444488e-02 -5.13406824e-02 5.36296285e-05 2.42868976e-04 5.64068308e-05
3.05376034e+01 5.20118662e-02 -7.68243077e-03 -5.36632639e-02 5.08144564e-06 7.92853386e-05 6.91544513e-05
3.32548503e+01 5.89508672e-02 -9.40018168e-03 -5.73463627e-02 4.81221731e-05 2.15687091e-04 4.01862505e-05
3.59724846e+01 6.37727000e-02 -2.69118452e-03 -5.78645713e-02 1.15623603e-04 1.15833948e-04 3.48233997e-05
3.86747425e+01 5.95950571e-02 -2.28837202e-03 -5.12726695e-02 4.94578931e-05 3.24164806e-04 1.60168258e-05
4.13866987e+01 5.09746676e-02 -3.95274189e-03 -5.16026680e-02 3.29041728e-05 2.25308676e-04 1.21207446e-04
4.41039268e+01 3.64445898e-02 6.31916583e-04 -5.38650588e-02 5.81038856e-05 2.04085060e-04 5.82642724e-05
4.68153893e+01 1.60963273e-02 4.33728325e-03 -5.82991945e-02 6.54099186e-05 2.13190543e-04 3.12769565e-05
4.95358268e+01 -7.35462302e-03 6.73184029e-03 -5.83933752e-02 4.10814266e-05 1.62346530e-04 2.37331971e-05
5.22581081e+01 -3.98183318e-02 1.07498902e-02 -5.80423924e-02 6.57235593e-05 1.12374323e-04 1.11447984e-04
5.49778050e+01 -5.01370308e-02 1.14068278e-03 -6.64030311e-02 9.69950288e-05 1.32550189e-04 3.31968963e-05
5.76942737e+01 -5.04510270e-02 -5.27802576e-05 -6.62690499e-02 1.35495444e-04 1.39937598e-04 5.58952563e-05
6.04125862e+01 -6.03250444e-02 -3.84836622e-03 -6.09458724e-02 3.26632556e-05 7.01106129e-05 3.23047879e-05
6.31369721e+01 -6.51721930e-02 -1.49444938e-03 -7.30453779e-02 3.79112591e-05 2.51457089e-04 3.55774527e-05
6.58582018e+01 -5.40414837e-02 7.75482341e-04 -7.19297287e-02 4.29877169e-05 1.91118800e-04 2.62652883e-05
6.85703300e+01 -4.80676577e-02 1.91117394e-03 -7.29319680e-02 3.33233434e-05 3.24983882e-04 1.98233972e-05
7.12950971e+01 -2.06836944e-02 6.26542908e-04 -7.50104572e-02 2.89580325e-05 1.95896042e-04 3.85013557e-05
7.40110659e+01 -4.69504145e-03 -3.74792640e-03 -8.58109088e-02 6.07376268e-05 6.41657220e-05 3.76723917e-05
7.67401940e+01 1.25650562e-02 -9.58268879e-04 -7.58148898e-02 8.33509022e-05 1.13034599e-04 3.11610552e-05
7.94578831e+01 2.61621996e-02 -4.10927830e-03 -7.56575172e-02 1.56146469e-04 5.99910037e-05 3.81392271e-05
8.21798971e+01 4.26114045e-02 -1.35252117e-03 -7.58118371e-02 6.44281405e-05 3.40812868e-05 1.02427299e-04
8.48950253e+01 4.71714738e-02 2.88371323e-03 -7.45640770e-02 1.12552961e-04 9.00758749e-05 8.79189781e-05
8.76044815e+01 4.63951895e-02 2.32701451e-03 -7.00597924e-02 6.95711643e-05 8.17783081e-05 1.74847319e-05
9.03232846e+01 4.35226717e-02 6.97868584e-03 -5.91845997e-02 5.28014204e-05 1.02154213e-04 1.59512921e-04
9.30455128e+01 5.19402443e-02 3.15954735e-03 -6.76526748e-02 1.07883330e-04 7.66423147e-05 2.49743847e-05
9.57596315e+01 5.39066056e-02 8.48779249e-03 -5.91138099e-02 4.69911046e-05 7.12638114e-05 5.84965203e-05
9.84818237e+01 6.33027745e-02 5.29762206e-03 -5.70126314e-02 8.39117839e-05 5.23428593e-05 3.78494701e-05
1.01194113e+02 6.52468814e-02 1.01501202e-02 -5.46709911e-02 9.35131489e-05 2.01491129e-04 6.96148940e-05
1.03908878e+02 6.00452062e-02 5.66824614e-03 -4.73967221e-02 1.42058966e-04 2.04513860e-04 1.02812228e-04
1.06630785e+02 6.13522234e-02 9.23697865e-03 -4.72458407e-02 9.81652869e-05 1.58029463e-04 1.05124338e-05
1.09346175e+02 6.02214067e-02 1.36097307e-02 -3.91449484e-02 3.34729401e-05 1.39888489e-04 6.28413196e-05
1.12060832e+02 6.55570670e-02 1.45712448e-02 -4.05099593e-02 4.59861572e-05 1.83895961e-04 7.01351339e-05
1.14765785e+02 6.23440461e-02 1.70570911e-02 -4.98921778e-02 3.36665025e-05 4.29143784e-04 8.20053588e-05
1.17482207e+02 6.13734209e-02 1.72178075e-02 -4.73412493e-02 1.07427992e-04 1.73944691e-04 5.81489425e-05
1.20189644e+02 6.01044540e-02 1.37196576e-02 -3.44871301e-02 7.98871803e-05 1.37648398e-04 1.06274564e-04
1.22911597e+02 6.39071988e-02 1.25648005e-02 -2.02873521e-02 2.47871532e-05 2.62943583e-05 1.41403264e-04
1.25620769e+02 6.43738970e-02 1.33091669e-02 -1.04118564e-04 6.17114767e-05 7.44625160e-05 1.07778300e-04
1.28327425e+02 6.40570276e-02 1.64123342e-03 1.14020966e-02 2.75792367e-04 1.14410628e-04 4.42896362e-05
1.31042644e+02 6.78296096e-02 -5.94826790e-03 2.19585002e-02 1.16536700e-04 9.61746563e-05 1.42276085e-04
1.33757503e+02 6.75162538e-02 -9.44231221e-03 3.54279295e-02 1.12022213e-04 7.25554403e-05 7.62267076e-05
1.36476394e+02 6.62361674e-02 -7.24647476e-03 4.85301379e-02 1.28756262e-04 1.01906295e-04 3.15185751e-05
1.39186613e+02 6.18352153e-02 -7.43379274e-03 6.12038875e-02 1.21460373e-04 5.57605066e-05 4.86235109e-05
1.41895082e+02 5.97720125e-02 -7.33983001e-03 5.61122634e-02 1.48311132e-04 8.10476031e-05 6.03597006e-05
1.44607738e+02 5.81490682e-02 -1.50273460e-03 5.79074813e-02 3.39296765e-05 1.36231413e-04 4.43929694e-05
1.47330488e+02 6.23925542e-02 1.05297981e-03 5.87898409e-02 5.21305866e-05 1.63626271e-04 4.07100514e-05
1.50050691e+02 5.85791424e-02 6.08706357e-03 5.54695806e-02 2.90203629e-05 7.64524567e-05 2.80521061e-05
1.52774238e+02 4.85062252e-02 3.38454508e-03 4.92423748e-02 3.82079781e-05 1.14938842e-04 4.69856217e-05
1.55508222e+02 5.20224246e-02 -6.13746292e-04 5.64237722e-02 8.69836795e-05 3.05237297e-05 5.44871935e-05
1.58225894e+02 4.87204212e-02 -6.30095457e-03 6.38942197e-02 1.19919721e-05 5.58739983e-05 2.46208833e-05
1.60951488e+02 5.09761164e-02 -6.04836943e-03 6.62992869e-02 4.09471466e-05 8.40619975e-05 5.70024920e-05
1.63653863e+02 4.29891166e-02 -1.20453685e-02 6.82894888e-02 6.04915438e-05 1.57756802e-04 6.48760440e-05
1.66370878e+02 3.06072413e-02 -1.18582038e-02 6.88429183e-02 3.19903870e-05 9.44113662e-05 4.41480284e-05
1.69082644e+02 1.84509235e-02 -1.57205316e-02 6.79043812e-02 7.93799568e-05 2.38942053e-04 3.04294988e-05
1.71792910e+02 -1.70892672e-03 -2.32913279e-02 7.70219524e-02 5.19813626e-05 1.73992493e-05 3.92925964e-05
1.74509113e+02 -2.31297312e-02 -1.43840032e-02 7.45256447e-02 5.39585821e-05 1.74286080e-04 4.60369638e-05
1.77219191e+02 -3.20724578e-02 -1.17289941e-02 7.01638273e-02 5.90192481e-05 1.23485661e-04 1.08600436e-04
1.79931285e+02 -4.58880898e-02 -7.03640053e-03 6.57344705e-02 9.79214092e-05 1.87726174e-04 8.13652794e-05
1.82642769e+02 -4.65051376e-02 -2.45531784e-03 6.95133074e-02 2.46425673e-05 2.31619859e-04 7.70926560e-05
1.85358425e+02 -4.90715780e-02 -3.13946396e-03 6.46969701e-02 5.75228549e-05 8.05825383e-05 2.17958764e-05
1.88077941e+02 -5.22537286e-02 6.42422255e-04 6.20584141e-02 5.00724751e-05 1.39259986e-04 2.55110259e-05
1.90795613e+02 -4.96899261e-02 -6.99645390e-03 6.51529657e-02 3.91290496e-05 1.36953169e-04 5.32212440e-05
1.93514816e+02 -4.93700401e-02 -4.27771394e-03 6.44876872e-02 5.46705467e-05 6.81532910e-05 5.66675650e-05
1.96244207e+02 -3.78049439e-02 -7.49658974e-03 6.87552819e-02 4.03510087e-05 1.26917212e-04 3.16903161e-05
1.98962800e+02 -1.68374354e-02 -9.12040756e-03 7.08470523e-02 9.34700341e-05 1.11423782e-04 5.45451652e-05
2.01683441e+02 -9.30941865e-03 -1.34076144e-02 7.39954062e-02 5.81252236e-05 1.08148238e-04 4.61221536e-05
2.04410691e+02 8.31900095e-03 -1.03716246e-02 8.12817019e-02 4.07070439e-05 1.95564028e-04 2.27867921e-05
2.07126832e+02 1.42639126e-02 -8.60680857e-03 8.23076140e-02 8.24311545e-05 9.49027465e-05 2.89920923e-05
2.09842988e+02 2.47463543e-02 -4.18105976e-03 7.11775314e-02 5.86362369e-05 1.08739032e-04 1.11614003e-04
2.12567410e+02 3.59738414e-02 -3.99706155e-04 7.25571494e-02 7.18837919e-05 4.18991090e-05 8.32449647e-05
2.15275863e+02 5.05353595e-02 2.06609216e-03 6.51916059e-02 3.19652019e-05 5.97366696e-05 4.59867399e-05
2.17995441e+02 5.55697546e-02 2.82798419e-03 6.07018936e-02 4.14733006e-05 1.98409834e-04 2.50992953e-05
2.20706941e+02 4.94767786e-02 -5.29408850e-04 6.15065846e-02 7.09399723e-05 9.73774554e-05 4.09670796e-05
2.23414347e+02 4.59756145e-02 -1.67324559e-03 5.96429461e-02 7.36701168e-05 7.77145839e-05 4.96374958e-05
2.26136722e+02 4.51317264e-02 -6.79245747e-04 6.04700148e-02 4.44816575e-05 2.20599751e-04 1.04171557e-04
2.28857535e+02 6.12509208e-02 -3.14946835e-03 6.10854918e-02 2.27257976e-05 4.40452036e-05 3.43162282e-05
2.31564628e+02 6.14889008e-02 -5.99322593e-03 6.62654389e-02 1.12832610e-05 9.38263664e-05 6.63454773e-05
2.34280800e+02 5.64962326e-02 -1.03265975e-02 6.96174075e-02 3.52789500e-05 1.06484465e-04 1.49055986e-04
2.36997566e+02 5.66803951e-02 -5.52190046e-03 6.39010215e-02 4.86359763e-05 1.08016654e-04 6.57549102e-05
2.39707097e+02 5.55001254e-02 -7.00047958e-03 6.13375980e-02 6.20009046e-05 3.75699018e-04 4.24332248e-05
2.42414972e+02 4.70063588e-02 1.86636275e-03 6.62181157e-02 5.53055571e-05 1.51726237e-04 1.50662455e-05
2.45124582e+02 5.30193573e-02 -9.46240888e-04 7.10444967e-02 5.01559976e-05 1.64140384e-04 1.20395217e-05
2.47842269e+02 4.20684437e-02 5.63029462e-03 7.38519029e-02 8.72080175e-05 4.10034529e-05 8.89162759e-05
2.50562144e+02 3.66389770e-02 1.02395056e-02 7.10938665e-02 5.46286996e-05 1.24801266e-04 2.12856515e-05
2.53285441e+02 3.36770894e-02 6.46240817e-03 6.80887294e-02 6.45277830e-05 1.43010671e-04 9.17885193e-05
2.56006160e+02 2.89698029e-02 7.35589446e-03 6.55768303e-02 1.14686756e-04 2.34963701e-04 1.45858198e-05
2.58727753e+02 3.83025655e-02 3.47705141e-03 6.35555954e-02 8.43264557e-05 1.41364921e-04 8.90412725e-05
2.61447644e+02 3.79440824e-02 2.42079948e-03 4.92110403e-02 1.69935726e-04 5.45583528e-05 5.68042021e-05
2.64157832e+02 6.56868304e-02 -2.56073063e-03 4.19359347e-02 1.11138195e-04 2.25452443e-04 6.15868168e-05
2.66870675e+02 7.66273079e-02 -3.44010651e-03 3.64094877e-02 2.03997476e-05 1.38574825e-04 8.50704853e-05
2.69589496e+02 7.91399335e-02 1.99183638e-03 1.39935670e-02 5.61160340e-05 1.56180008e-04 3.92837531e-05
