6.78815782e-01 7.01893392e-02 1.99337965e-03 -8.83847141e-03 7.76226024e-05 7.06658284e-05 5.12303816e-05
3.39149042e+00 7.31609032e-02 3.71303821e-03 -2.43921141e-02 4.18652493e-05 8.76454624e-05 1.38199203e-05
6.10874073e+00 7.46144060e-02 7.10974696e-03 -3.62146664e-02 1.85787233e-04 6.76902530e-05 1.08204741e-04
8.82234745e+00 7.14682878e-02 6.67014288e-03 -4.67248784e-02 9.45294551e-05 4.49386528e-05 5.48557170e-05
1.15340793e+01 6.40773785e-02 6.86562914e-03 -5.12109678e-02 8.51929057e-05 7.17074889e-05 1.05724120e-04
1.42504996e+01 6.96089074e-02 6.56881937e-03 -5.25531496e-02 3.57735770e-05 5.10772436e-05 4.40146496e-05
1.69704184e+01 6.52870089e-02 9.90947202e-03 -5.32216651e-02 4.45186080e-05 8.97704168e-05 4.65835309e-05
1.96821340e+01 5.73599963e-02 5.60934015e-03 -6.51608785e-02 8.71654557e-05 2.38651686e-04 5.26830321e-05
2.24035856e+01 5.23928278e-02 6.75095056e-03 -6.76173248e-02 4.07015548e-05 6.39714158e-05 1.15622827e-04
2.51166043e+01 4.74842980e-02 1.01340720e-02 -6.98622485e-02 8.02256947e-05 9.82560139e-05 8.97679806e-05
2.78383793e+01 4.89919960e-02 1.19042326e-02 -6.61562814e-02 7.70273421e-05 1.38671127e-04 2.87525376e-05
3.05509074e+01 4.95581322e-02 1.66397348e-03 -6.30815001e-02 2.13037531e-05 1.67107098e-04 8.38209935e-05
3.32674418e+01 5.53080378e-02 6.19257614e-03 -5.35342123e-02 5.22144933e-05 5.54154118e-05 4.66637805e-05
3.59771153e+01 5.33068922e-02 1.67784974e-03 -5.64335388e-02 3.62198517e-05 1.53951321e-04 1.36090101e-05
3.86856200e+01 5.50466175e-02 9.45514406e-03 -5.56108839e-02 4.31624995e-05 3.14326571e-04 4.11926839e-05
4.14056231e+01 3.83544443e-02 4.00863875e-03 -6.76558099e-02 2.95055978e-05 2.45785120e-04 6.63256515e-05
4.41249590e+01 2.85297396e-02 9.98233065e-03 -7.39792566e-02 4.94962722e-05 1.43312792e-04 1.45942427e-05
4.68307684e+01 1.00087348e-02 4.82897709e-03 -6.83639321e-02 1.04026926e-04 2.22637998e-04 4.81358691e-05
4.95479762e+01 -1.48715040e-02 2.74700124e-03 -7.11142658e-02 9.08647285e-05 1.32540847e-04 6.71055138e-05
5.22595981e+01 -2.31882865e-02 4.08947458e-04 -7.54841287e-02 6.27388978e-05 3.24154181e-04 2.11980590e-04
5.49865512e+01 -3.51755446e-02 -4.10216447e-04 -7.14730602e-02 1.38785413e-04 2.11352700e-04 5.67019246e-05
5.77088028e+01 -3.56583680e-02 -3.05941028e-03 -6.02215909e-02 2.94106502e-05 1.53180568e-04 9.79590107e-05
6.04293075e+01 -5.29408780e-02 -5.27117177e-03 -6.05801625e-02 4.63213032e-05 2.32323811e-04 6.93471447e-05
6.31500293e+01 -5.37624125e-02 -7.87340577e-03 -5.73962869e-02 1.20252073e-05 2.55618571e-04 2.83418029e-05
6.58630543e+01 -4.68946653e-02 -8.39631152e-03 -6.03767867e-02 1.17178707e-04 3.34978172e-04 7.85897511e-05
6.85781418e+01 -3.61006429e-02 -9.38630389e-04 -6.88122228e-02 3.47853062e-05 3.94681388e-04 8.04263348e-06
7.12940231e+01 -3.60281213e-02 -3.18493266e-03 -6.72459232e-02 2.52200301e-05 4.85577421e-04 3.67343334e-05
7.40179262e+01 -3.28165323e-02 3.81221932e-03 -6.74073201e-02 2.42219883e-05 2.50340506e-04 6.49008513e-05
7.67382075e+01 -2.33603950e-02 9.53051817e-03 -7.24731771e-02 7.32659237e-05 6.63201518e-05 2.12963066e-05
7.94523512e+01 -1.15172276e-02 5.91205587e-03 -8.11233703e-02 5.97287998e-05 7.46657990e-05 2.14094746e-05
8.21616543e+01 1.15792596e-03 2.01453161e-03 -8.29871981e-02 4.04201230e-05 1.50170450e-04 7.36723069e-05
8.48756449e+01 2.22201311e-02 -3.94044418e-03 -7.92550888e-02 1.25907596e-04 6.46259769e-05 2.24850339e-05
8.75890512e+01 2.71820496e-02 -3.33559051e-03 -7.59231219e-02 6.97767407e-05 1.83101929e-04 2.68342658e-05
9.03088653e+01 4.30118391e-02 -4.86038193e-03 -6.59302882e-02 1.15415556e-04 6.20526350e-05 5.92029468e-05
9.30225809e+01 4.74573060e-02 -7.03066459e-03 -5.71327705e-02 1.18457019e-04 1.43215419e-04 6.92713908e-05
9.57386559e+01 5.23158405e-02 -8.93579865e-03 -5.34558538e-02 5.84340361e-05 5.59770629e-05 1.09732238e-04
9.84575809e+01 6.25802034e-02 -4.42049709e-03 -5.53353844e-02 1.47362634e-04 8.03515149e-05 1.01098444e-04
1.01174375e+02 6.40417071e-02 -6.89056550e-03 -6.13647140e-02 1.50659933e-05 1.26062607e-04 5.66623197e-05
1.03891156e+02 6.28860479e-02 -1.43730231e-02 -4.64647177e-02 8.53813231e-05 7.00460401e-05 4.33910304e-05
1.06610265e+02 5.72780006e-02 -1.44821172e-02 -5.60234705e-02 6.38539019e-05 3.08428739e-05 3.53480645e-05
1.09330375e+02 5.16861094e-02 -1.46653257e-02 -5.96610219e-02 7.29666597e-05 1.02366461e-04 1.04012094e-04
1.12048062e+02 5.19277429e-02 -6.66994272e-03 -5.90214512e-02 9.93122390e-05 6.91023725e-05 3.53675000e-05
1.14778078e+02 5.69956632e-02 -4.48194557e-03 -5.83185162e-02 2.71520809e-05 4.63732420e-05 4.90236157e-05
1.17490500e+02 6.82549182e-02 9.75680459e-04 -5.24627923e-02 2.25237974e-05 8.01830320e-05 1.00299909e-04
1.20200328e+02 7.22252444e-02 3.72458378e-03 -4.03104580e-02 1.19296818e-04 2.35554063e-04 4.41622248e-05
1.22924812e+02 7.23944139e-02 -1.04200786e-03 -1.92482383e-02 6.87901088e-05 1.81681194e-04 1.53378105e-04
1.25637687e+02 7.10561547e-02 -7.95089395e-03 1.43851490e-03 4.42502095e-05 1.84667097e-04 6.63963858e-05
1.28361968e+02 6.02722109e-02 -1.09624339e-02 2.11736594e-02 5.00792639e-05 7.35153422e-05 4.90523634e-05
1.31074172e+02 5.31843139e-02 -1.96545895e-02 3.76390750e-02 1.31047306e-05 1.64637449e-04 2.03612023e-05
1.33778750e+02 5.77045789e-02 -1.32936642e-02 5.84710574e-02 1.00695880e-04 1.80945863e-04 1.16789167e-04
1.36480515e+02 5.81197615e-02 -5.65084042e-03 5.76940975e-02 8.67884130e-05 1.43929665e-04 6.11618448e-05
1.39200156e+02 5.84763891e-02 1.16135867e-03 6.12494989e-02 7.51312606e-05 1.22725387e-04 4.84480907e-05
1.41908312e+02 6.40021619e-02 1.65372907e-06 6.13545738e-02 9.18901974e-05 3.39544974e-05 4.70425994e-05
1.44627828e+02 6.82540662e-02 1.57384483e-03 5.78587908e-02 7.99960009e-05 8.80026228e-05 1.80796992e-04
1.47341484e+02 6.72626635e-02 4.25273621e-03 5.28074930e-02 6.13446521e-05 7.44339019e-05 7.32298582e-05
1.50060312e+02 6.17347316e-02 7.13466985e-03 5.63127508e-02 1.26734405e-04 2.25473651e-04 7.81106364e-05
1.52772875e+02 5.94415332e-02 1.14492947e-02 5.85891177e-02 9.68202066e-05 5.28983291e-04 1.41408449e-04
1.55482562e+02 5.83776589e-02 1.35142687e-02 6.20753205e-02 7.39527854e-05 2.59904930e-04 5.97750974e-05
1.58206422e+02 5.11103459e-02 1.80412922e-02 7.14955247e-02 4.31103489e-05 2.44103624e-04 5.69347498e-05
1.60905593e+02 2.98043224e-02 1.92029715e-02 7.26732054e-02 2.67845421e-05 3.61340094e-04 2.03101606e-05
1.63634547e+02 7.39454423e-03 1.29123329e-02 7.60388226e-02 6.10777871e-05 1.31013733e-04 3.31070459e-05
1.66355687e+02 -1.71707802e-02 7.34005016e-03 6.72849632e-02 7.45981281e-05 4.49282395e-05 5.09084183e-05
1.69073484e+02 -2.53622311e-02 7.31899930e-03 6.39880902e-02 4.06689410e-05 2.48082579e-04 9.08225762e-05
1.71800812e+02 -3.32205412e-02 1.89134505e-03 6.18117375e-02 3.07834904e-05 4.68849224e-04 8.88871792e-05
1.74523312e+02 -5.40307023e-02 7.98703271e-04 5.96064186e-02 1.10303107e-04 6.86876102e-05 3.68771884e-05
1.77238984e+02 -6.27676792e-02 7.07310045e-05 6.12107953e-02 2.88044731e-05 7.78712981e-05 5.32358003e-05
1.79951937e+02 -6.13125099e-02 5.44772451e-03 6.44955459e-02 6.47940744e-05 6.15989628e-05 7.01057495e-05
1.82667281e+02 -5.44813190e-02 1.31021679e-02 5.43335377e-02 4.49721130e-05 4.39084185e-05 6.95374059e-05
1.85378937e+02 -5.27445529e-02 1.66274834e-02 5.24970625e-02 7.43087620e-05 1.10191121e-04 1.31490152e-05
1.88094062e+02 -6.46330055e-02 1.57890254e-02 5.19510934e-02 5.73959991e-05 2.03938978e-04 4.15649233e-05
1.90806812e+02 -6.75180225e-02 8.69021179e-03 5.28356908e-02 4.60375460e-05 7.93544115e-05 5.48582419e-05
1.93523640e+02 -6.68225228e-02 -4.90834504e-03 5.08066295e-02 1.15202369e-05 1.91578090e-04 4.08297005e-05
1.96228640e+02 -5.67927720e-02 -3.40425078e-03 5.80935467e-02 9.24792043e-05 2.28239413e-05 6.48261854e-05
1.98939281e+02 -4.37111388e-02 -5.76278083e-03 6.48948278e-02 7.51890432e-05 7.67569990e-05 3.54684320e-05
2.01660172e+02 -2.47239124e-02 2.81313700e-03 6.60344658e-02 2.24253389e-05 6.88456993e-05 6.86973074e-05
2.04378593e+02 8.32006788e-05 2.55239707e-04 7.11482709e-02 3.49683840e-05 7.69207663e-05 2.61393716e-05
2.07103140e+02 2.92568475e-02 -6.16658782e-04 6.90717745e-02 4.76239535e-05 9.97123182e-05 4.23890298e-05
2.09828547e+02 3.82137779e-02 3.63636980e-04 6.65623584e-02 4.76102244e-05 5.50884373e-05 5.26030064e-05
2.12534328e+02 3.82783622e-02 2.06753334e-03 6.44174056e-02 9.73574678e-05 6.07170256e-05 4.58915380e-05
2.15253265e+02 4.74953247e-02 3.56386604e-04 5.93659871e-02 9.43470338e-05 1.52534063e-04 5.35818541e-05
2.17959062e+02 6.67887125e-02 6.74937135e-03 6.06792549e-02 4.32548172e-05 9.00499560e-05 7.33874647e-05
2.20678656e+02 6.32034530e-02 4.73242278e-03 6.26483850e-02 8.32446970e-05 9.57756930e-05 4.48039256e-05
2.23394672e+02 5.12202039e-02 6.33034807e-03 6.06965508e-02 1.33719952e-04 1.50358012e-04 4.64148083e-05
2.26112172e+02 5.24816306e-02 3.22009452e-03 6.33058968e-02 5.16525416e-05 6.33208111e-05 8.43304827e-05
2.28832109e+02 4.87800316e-02 -8.07633249e-04 6.27744538e-02 3.35913330e-05 1.64689212e-04 4.03159663e-05
2.31544422e+02 5.30468939e-02 -3.94004878e-03 6.39400463e-02 5.36904067e-05 1.05140001e-04 4.20548984e-05
2.34268625e+02 5.46944892e-02 -3.53461220e-03 5.65953210e-02 6.69100966e-05 8.75025491e-05 1.07234041e-04
2.36985937e+02 5.31800594e-02 -6.15349995e-03 6.06057702e-02 4.52233999e-05 1.67154539e-05 6.55497501e-05
2.39708406e+02 5.17953269e-02 2.39676981e-03 5.50026550e-02 4.63166120e-05 5.23187347e-05 3.52811272e-05
2.42427328e+02 5.52440623e-02 3.30837307e-04 5.36642166e-02 1.17289077e-04 3.63274377e-05 8.23460922e-05
2.45145390e+02 6.14949437e-02 4.31209880e-03 4.41031328e-02 5.83947490e-05 2.22996917e-04 9.32638280e-05
2.47868640e+02 6.60297867e-02 5.95182437e-03 3.95064527e-02 1.60443508e-05 1.27737736e-04 4.26740653e-05
2.50583484e+02 7.09251588e-02 6.06829037e-03 3.43154399e-02 7.96708751e-05 1.43643550e-04 2.37437282e-05
2.53298718e+02 7.60101875e-02 4.02761398e-03 3.50272740e-02 2.45397394e-05 2.87653403e-05 6.69938889e-05
2.56003172e+02 7.67958952e-02 2.00172289e-03 2.24104244e-02 9.89302482e-05 6.01862784e-05 5.17490264e-05
2.58723531e+02 8.67915105e-02 3.20935604e-03 1.48164168e-02 2.80991433e-05 1.15242587e-04 1.08670028e-04
2.61434750e+02 7.87291093e-02 -1.72745932e-03 1.45067882e-02 1.09105894e-04 3.15522921e-05 6.18917599e-05
2.64145437e+02 8.48166218e-02 -3.19442716e-03 9.70371929e-03 3.45866986e-05 5.85103573e-05 1.17092116e-04
2.66860593e+02 8.14982200e-02 -5.01324287e-03 8.41002170e-03 5.71765853e-05 1.06516503e-04 5.10848341e-05
2.69570591e+02 7.28966322e-02 4.59264120e-03 -2.98943288e-03 8.50612373e-05 1.46723462e-04 1.34313585e-04
