6.85268126e-01 7.33662951e-02 7.72370287e-03 -1.25094388e-02 3.75712695e-05 4.31184086e-05 8.02619465e-05
3.40150611e+00 7.48071800e-02 5.30937079e-03 -2.01744834e-02 5.49217856e-05 4.37491630e-05 7.53728618e-05
6.11332267e+00 7.53840055e-02 6.70618351e-03 -3.48092110e-02 4.71987326e-05 7.14718260e-05 5.34816893e-05
8.82140346e+00 7.15565709e-02 6.11946500e-03 -4.92824005e-02 6.17428967e-05 6.91277981e-05 5.28212333e-05
1.15337900e+01 6.70819753e-02 6.80543336e-03 -4.96302337e-02 6.69531742e-05 5.48963437e-05 2.08183971e-05
1.42476588e+01 6.40317816e-02 3.98795271e-03 -5.08795609e-02 6.20942961e-05 9.39062858e-05 6.14953217e-05
1.69678963e+01 5.42794830e-02 6.56429774e-03 -5.17383731e-02 3.27410978e-05 1.54623281e-04 1.00034983e-04
1.96871025e+01 5.60724397e-02 7.54788406e-03 -6.61837101e-02 7.27857165e-05 2.69643182e-04 5.75253838e-05
2.24013275e+01 5.63270031e-02 8.03289285e-03 -6.60595738e-02 6.60949186e-05 2.77049470e-04 2.36967139e-05
2.51196494e+01 5.76774790e-02 9.87792013e-03 -7.04985865e-02 4.32220853e-05 2.21742617e-04 1.88483394e-04
2.78376994e+01 5.86403205e-02 7.59513219e-03 -6.30645431e-02 1.71190518e-04 2.36547236e-04 5.66845817e-05
3.05480978e+01 5.72305738e-02 4.19763180e-03 -6.20999444e-02 5.58259252e-05 9.55617263e-05 2.13852660e-05
3.32577744e+01 5.43619112e-02 6.54344400e-03 -5.55994059e-02 3.53130663e-05 1.56422888e-04 5.02312657e-05
3.59767056e+01 5.00816979e-02 2.13662370e-03 -5.59480827e-02 3.69926564e-05 1.34083643e-04 5.31746507e-05
3.86920369e+01 5.13953718e-02 8.70780161e-03 -5.28039128e-02 6.15538287e-05 4.62091740e-04 1.59802223e-05
4.13997306e+01 4.38780326e-02 1.35523636e-03 -6.09162979e-02 2.89686560e-05 1.79460501e-04 1.14006225e-04
4.41217978e+01 2.48701928e-02 4.98422478e-03 -6.59942457e-02 3.71081439e-05 1.56800949e-04 4.34634591e-05
4.68308291e+01 8.65066558e-03 5.55176018e-04 -6.86977094e-02 7.81353974e-05 1.17502095e-04 1.21113036e-04
4.95474791e+01 -1.01376390e-02 -2.20717811e-03 -6.54733939e-02 5.99887010e-05 5.54852068e-05 3.53246562e-05
5.22642869e+01 -2.00046183e-02 -5.69642812e-03 -7.13691635e-02 1.03490603e-04 2.44136041e-04 1.82386643e-05
5.49877025e+01 -2.87060178e-02 -2.80289674e-03 -6.73093792e-02 6.23699989e-05 2.01441739e-04 4.17244816e-05
5.77131353e+01 -3.18965511e-02 -1.51848663e-03 -6.20789561e-02 6.14822459e-05 2.59301589e-04 3.83270880e-05
6.04310322e+01 -4.44584935e-02 -3.69202747e-03 -5.93961931e-02 1.57491397e-04 2.04828022e-04 2.96764241e-05
6.31535635e+01 -5.11865211e-02 -5.88180922e-03 -5.99896885e-02 2.81843424e-05 1.61001712e-04 4.26168040e-05
6.58755369e+01 -4.51109981e-02 -1.05825585e-02 -5.82124728e-02 2.33967682e-05 4.37583954e-04 3.82814844e-05
6.85809978e+01 -4.04363745e-02 -5.08333015e-03 -6.17923021e-02 3.18159977e-05 4.91037043e-04 3.76794658e-05
7.12940666e+01 -3.74967107e-02 2.77206406e-03 -6.91261817e-02 6.41164048e-05 3.93622863e-04 5.92683842e-05
7.40154619e+01 -3.42861344e-02 4.62663955e-03 -7.38149795e-02 3.74362523e-05 1.12014867e-04 3.41431984e-05
7.67360088e+01 -2.15084409e-02 7.34053078e-03 -7.43878584e-02 5.27384244e-05 1.54537025e-04 9.16290170e-05
7.94498322e+01 -1.13318256e-02 2.03927559e-03 -7.46264031e-02 7.68989531e-05 3.07237357e-05 5.48182513e-05
8.21621478e+01 2.42095060e-03 3.73054211e-03 -7.95072069e-02 7.17483009e-05 1.60379340e-04 7.64062349e-05
8.48787088e+01 1.62070154e-02 -2.09245269e-03 -8.13933935e-02 2.90827178e-05 2.26931407e-04 1.10961979e-04
8.75927416e+01 3.20522555e-02 2.14988398e-04 -8.48478120e-02 4.93414696e-05 1.91263132e-04 4.65626719e-05
9.03133103e+01 4.38115607e-02 -4.54355573e-03 -7.16053491e-02 1.15163536e-04 1.64977372e-04 6.72729575e-05
9.30331650e+01 5.24062380e-02 -4.42973906e-03 -6.12230035e-02 1.65657870e-04 1.40945420e-04 8.02584132e-05
9.57437228e+01 5.74805087e-02 -4.41503340e-03 -6.08638416e-02 7.95093509e-05 8.06600232e-05 1.05499415e-04
9.84669228e+01 6.32739974e-02 -6.11236309e-03 -6.26680191e-02 4.28669338e-05 7.82892639e-05 5.77529319e-05
1.01180890e+02 5.76684000e-02 -1.48428245e-02 -5.70801878e-02 1.06799459e-04 2.20172855e-04 1.06484183e-04
1.03900703e+02 6.15392057e-02 -2.09863923e-02 -5.48714590e-02 1.21902850e-04 1.11174233e-04 1.17780081e-04
1.06614453e+02 6.05725075e-02 -2.10852005e-02 -5.85016278e-02 4.26785182e-05 1.47761996e-04 1.25981128e-04
1.09334359e+02 5.39885480e-02 -1.79783628e-02 -5.92846473e-02 1.35367626e-05 2.00177997e-04 3.29194484e-05
1.12051218e+02 5.51590016e-02 -6.60760794e-03 -5.94472726e-02 2.69051248e-05 1.41253315e-04 5.65194090e-05
1.14766578e+02 5.27465776e-02 -4.30489213e-03 -5.97757029e-02 2.60714722e-05 9.10734408e-05 4.75543328e-05
1.17485953e+02 6.17031329e-02 3.69396853e-03 -4.69914744e-02 2.94715107e-05 1.57865919e-04 1.16941574e-05
1.20202843e+02 6.57008649e-02 1.74472333e-03 -3.73594945e-02 8.29822157e-05 1.38144906e-04 3.97874461e-05
1.22922109e+02 6.75667462e-02 3.46341667e-03 -1.85093545e-02 7.78628892e-05 4.03757314e-05 9.85718531e-05
1.25644218e+02 6.58567070e-02 -4.32102260e-03 -4.99316810e-03 3.27945947e-05 1.17093867e-04 6.51500511e-05
1.28356171e+02 6.68604776e-02 -7.55672648e-03 2.51132507e-02 5.29870876e-05 2.32517179e-04 5.39985180e-05
1.31068296e+02 6.18655375e-02 -1.44415453e-02 4.03036354e-02 3.04086162e-05 1.63286486e-04 3.76438026e-05
1.33778843e+02 5.75818869e-02 -7.12333278e-03 5.46821071e-02 7.82347237e-05 1.79219328e-04 2.10833240e-04
1.36485406e+02 6.02982118e-02 -1.61162310e-03 5.88971645e-02 6.40383981e-05 9.02071419e-05 6.53539673e-05
1.39202265e+02 5.43483952e-02 1.75707017e-03 6.24447105e-02 5.21766347e-05 1.22448545e-04 4.80387448e-05
1.41916093e+02 5.93650240e-02 1.46804044e-03 5.44621619e-02 4.35677701e-05 2.09420837e-05 4.02519381e-05
1.44627468e+02 6.62090386e-02 4.45324879e-03 5.53579133e-02 7.71046246e-05 1.00390325e-04 1.18184700e-04
1.47342062e+02 6.43587425e-02 3.40662625e-03 5.39158796e-02 8.03380734e-05 9.09540650e-05 1.64205404e-04
1.50054421e+02 6.23647034e-02 5.41805110e-03 5.95725310e-02 1.85117622e-05 1.23289977e-04 9.01992218e-05
1.52769656e+02 6.66706983e-02 7.42836155e-03 5.99021792e-02 4.98552574e-05 2.47537498e-04 5.47993255e-05
1.55492437e+02 6.10085833e-02 1.03164197e-02 5.78524861e-02 2.71216021e-05 2.23422015e-04 6.14327178e-05
1.58204624e+02 4.97265240e-02 1.99531360e-02 6.75931046e-02 1.45982896e-05 3.27508518e-04 1.10117698e-04
1.60915265e+02 3.53035815e-02 1.73721097e-02 7.03817923e-02 5.92785325e-06 4.37672530e-04 1.53794954e-05
1.63632109e+02 6.97613888e-03 1.10829778e-02 7.33304786e-02 3.22784779e-05 5.26343221e-05 1.03520142e-04
1.66353062e+02 -1.08210222e-02 5.29757249e-03 6.63849962e-02 3.84471351e-05 2.17367831e-04 2.82769334e-05
1.69079421e+02 -3.03654363e-02 4.68765608e-03 6.52321955e-02 1.80901281e-05 3.49840861e-04 5.39377549e-05
1.71798203e+02 -3.59317298e-02 1.16561840e-03 6.53065430e-02 2.90558321e-05 2.18234028e-04 4.80631543e-05
1.74523156e+02 -5.02907932e-02 2.80365163e-03 6.93580061e-02 2.58281192e-05 3.09357169e-05 2.07819147e-05
1.77239734e+02 -5.86126839e-02 -8.88642436e-04 7.31025205e-02 8.47714069e-05 1.75910434e-04 1.13066889e-04
1.79952328e+02 -5.96570256e-02 5.15183506e-03 6.18270100e-02 4.02251222e-05 1.11040443e-04 1.76197660e-04
1.82661640e+02 -5.83368277e-02 1.41038223e-02 5.42104820e-02 2.76827736e-05 3.58388994e-05 6.97949715e-05
1.85380562e+02 -5.91120585e-02 1.56344855e-02 5.54672897e-02 1.67699310e-05 1.36081790e-04 1.61737840e-04
1.88098218e+02 -6.44636028e-02 2.10419851e-02 4.97248968e-02 5.12773152e-05 1.48867244e-04 2.94600102e-05
1.90810156e+02 -7.01209330e-02 4.85951108e-03 5.03772397e-02 1.57144180e-05 3.69080553e-05 9.33491904e-05
1.93520578e+02 -7.00412937e-02 -4.05615947e-03 5.67876321e-02 4.75472523e-05 1.80283745e-04 6.85993343e-05
1.96233765e+02 -5.77942274e-02 -1.43973307e-03 5.81474578e-02 9.33764925e-05 6.17813220e-05 4.99702723e-05
1.98941624e+02 -3.66848650e-02 -2.55683444e-03 6.73549671e-02 6.20234279e-05 1.53190245e-04 7.67084160e-05
2.01663484e+02 -1.49102501e-02 8.51525365e-05 6.99796179e-02 4.06098031e-05 1.02779151e-04 7.23842214e-05
2.04385734e+02 7.36578790e-03 1.90163529e-03 7.24581078e-02 3.15929806e-05 8.53390942e-05 2.88939693e-05
2.07106593e+02 2.74968138e-02 2.98091967e-03 7.00503789e-02 7.88409222e-05 8.56865106e-05 4.29098666e-05
2.09820765e+02 4.09385460e-02 2.48419603e-03 6.90252495e-02 5.60901128e-05 6.72242312e-05 3.04643385e-05
2.12538499e+02 3.73312494e-02 6.26062287e-03 6.13954016e-02 5.78590582e-05 6.98710898e-05 4.52447715e-05
2.15253718e+02 4.60622202e-02 2.83984055e-03 6.36426177e-02 1.22998851e-04 9.78631529e-05 4.51201100e-05
2.17966296e+02 6.14082759e-02 8.78267372e-03 6.93025552e-02 4.74176680e-05 1.01475354e-04 8.38455998e-05
2.20675906e+02 6.74681849e-02 3.20884991e-03 6.47540084e-02 1.34395899e-05 1.28177089e-04 3.67693420e-05
2.23392968e+02 5.83906628e-02 3.34635434e-03 6.19889008e-02 5.56265622e-05 9.63998578e-05 3.22022919e-05
2.26116328e+02 5.51805497e-02 4.76344339e-03 5.72451932e-02 1.14850576e-04 1.55746089e-04 1.10480342e-04
2.28838656e+02 4.69404132e-02 -1.85197434e-03 5.96284773e-02 1.68057570e-05 1.97115679e-04 7.22952952e-05
2.31552781e+02 5.54478800e-02 -6.79543583e-03 6.06502420e-02 3.41848932e-05 7.50341182e-05 6.33245963e-05
2.34268343e+02 5.69170409e-02 -6.54524592e-03 6.09961813e-02 6.05187719e-05 4.37931760e-05 1.60127046e-04
2.36991499e+02 5.58713906e-02 -9.34949343e-03 5.88881983e-02 6.25720360e-05 3.68206052e-05 1.55489907e-05
2.39710640e+02 5.31602678e-02 -3.24458407e-03 5.74371453e-02 4.77871142e-05 6.14367500e-05 4.28493474e-05
2.42426859e+02 5.12239058e-02 1.00586028e-03 5.47460554e-02 4.98635559e-05 3.10193807e-05 1.16601495e-04
2.45152906e+02 5.93196274e-02 9.06555348e-04 4.92428174e-02 4.93424046e-05 7.05773538e-05 4.49788728e-05
2.47863656e+02 6.86688649e-02 5.44888744e-03 3.93034499e-02 7.23055535e-05 6.49495198e-05 6.37799123e-05
2.50579593e+02 6.80796063e-02 1.07641641e-02 3.80634220e-02 4.86920943e-05 7.48486175e-05 9.80775984e-05
2.53309937e+02 7.69285307e-02 3.44304356e-03 3.68424531e-02 1.15510198e-04 1.25882823e-04 2.55907198e-05
2.56017781e+02 8.31110172e-02 4.42903724e-04 2.54162518e-02 5.59864118e-05 7.36308009e-05 4.76518583e-05
2.58732265e+02 8.05460343e-02 -1.71685140e-03 2.21161255e-02 3.23602353e-05 5.54894181e-05 1.64079298e-04
2.61438546e+02 8.47458535e-02 -2.62510561e-03 1.37465045e-02 1.16838497e-04 8.02705408e-05 1.13777764e-04
2.64149281e+02 8.48872244e-02 -3.27928930e-03 1.78434827e-02 1.00452111e-04 2.08760650e-05 9.04989699e-05
2.66861687e+02 8.20917475e-02 -1.18527921e-03 1.65456066e-02 4.62303802e-05 5.33755897e-05 7.25431503e-05
2.69577449e+02 7.88768719e-02 6.25053159e-03 6.10748779e-03 2.93802587e-05 8.99983646e-05 1.65620907e-04
