6.58316196e-01 6.57627120e-02 -2.32083371e-02 3.18936672e-03 1.56677774e-04 2.86789192e-04 2.83489375e-05
3.36741690e+00 5.30057861e-02 -2.17955587e-02 -3.35005102e-02 1.24007355e-04 2.70690428e-04 2.67144970e-04
6.07708597e+00 2.43879606e-02 -1.91080787e-02 -6.06784805e-02 1.79990271e-04 4.27249179e-04 7.83810618e-05
8.79602378e+00 -6.84848204e-03 -1.58019204e-02 -7.38157316e-02 1.13344864e-04 3.83267272e-04 8.97802528e-05
1.15171588e+01 -2.22563028e-02 -1.42489442e-02 -8.33035349e-02 1.35730060e-04 2.52680847e-04 3.51918064e-05
1.42347744e+01 -1.86946372e-02 -4.94810847e-03 -8.14235620e-02 2.21716686e-05 1.90683575e-04 6.84227549e-05
1.69552400e+01 1.13891718e-03 -4.24894638e-04 -7.75828519e-02 5.69238783e-05 1.82276434e-04 5.12203947e-05
1.96791385e+01 2.74446168e-02 4.64832397e-03 -7.91571875e-02 4.68463152e-05 2.69821249e-04 6.12832927e-05
2.23970369e+01 4.90095715e-02 3.78777103e-03 -7.13545837e-02 2.68904602e-05 9.09173565e-05 2.28570199e-05
2.51087666e+01 6.32682323e-02 -2.59210338e-03 -7.25901355e-02 7.64990275e-05 1.49955960e-04 6.68613721e-05
2.78147963e+01 7.16953579e-02 5.61012255e-03 -6.59383117e-02 3.03915261e-05 4.70792825e-04 2.31721736e-05
3.05323322e+01 7.12459680e-02 6.78554887e-03 -5.92469927e-02 1.37704307e-04 2.56795077e-04 9.54954382e-05
3.32492057e+01 6.48309567e-02 9.06883295e-03 -5.91525395e-02 2.13658166e-04 1.57226030e-04 1.45237131e-04
3.59596291e+01 5.10819731e-02 9.73450421e-03 -6.05185021e-02 7.83844321e-05 3.39886472e-04 4.40612566e-05
3.86732041e+01 1.86959825e-02 3.24891358e-03 -7.25319189e-02 7.61887983e-05 1.40074162e-04 1.05019812e-04
4.13935588e+01 -1.62019154e-02 4.73868179e-03 -8.04889356e-02 4.61276290e-05 3.04755199e-04 4.18317284e-05
4.41239338e+01 -2.88450149e-02 1.77725292e-03 -8.76574390e-02 4.14443750e-05 2.66536992e-04 8.70055771e-05
4.68427572e+01 -3.15189595e-02 -3.97337738e-03 -7.97065241e-02 5.75164639e-05 2.49880600e-04 4.16103944e-05
4.95670150e+01 -2.32563624e-02 -1.06732821e-02 -8.36246030e-02 5.05696448e-05 2.72588270e-04 1.69577661e-04
5.22898416e+01 1.43659219e-03 -1.50811539e-02 -7.65733147e-02 2.87782106e-04 2.12416073e-04 1.51001673e-04
5.50178119e+01 2.80531397e-02 -1.02344916e-02 -7.23228122e-02 2.80649354e-04 2.82205715e-04 4.41503203e-04
5.77326213e+01 4.38954518e-02 -6.52436675e-03 -6.55001113e-02 3.92092601e-04 2.85274472e-04 2.95735024e-04
6.04469432e+01 5.27073734e-02 -3.72144903e-03 -6.30747108e-02 4.85535939e-04 2.40287552e-04 2.84348019e-04
6.31569838e+01 5.89553804e-02 4.58304925e-03 -6.21194442e-02 2.34011156e-04 5.01111852e-04 4.44170659e-04
6.58715775e+01 5.09386075e-02 1.06690225e-02 -6.27027406e-02 1.16780953e-04 5.96620019e-04 1.15560406e-04
6.85905197e+01 3.91416106e-02 8.66287570e-03 -6.75819752e-02 1.34352657e-04 7.23396737e-04 4.06587467e-05
7.13087135e+01 1.55421076e-02 6.59690155e-03 -7.66345342e-02 5.15621404e-05 8.40388645e-04 1.34689869e-05
7.40345260e+01 1.38136381e-02 1.13156285e-02 -7.70406004e-02 1.05702750e-04 1.44831038e-03 4.73085305e-05
7.67545197e+01 1.36009033e-02 7.19802292e-04 -7.20246084e-02 7.59395472e-05 1.35609871e-03 1.26992025e-04
7.94700135e+01 3.06978664e-02 1.88950160e-03 -5.35911471e-02 1.25971622e-04 2.24132009e-03 4.10900036e-05
8.21859510e+01 5.46412506e-02 1.12775164e-03 -3.58340139e-02 6.15293724e-05 1.81933482e-03 8.11431004e-05
8.49083103e+01 7.03532712e-02 6.78719130e-04 -1.20597523e-02 5.05183146e-05 1.55793402e-03 2.42727588e-04
8.76149869e+01 7.69045538e-02 3.69760646e-03 -6.13906793e-03 1.55706581e-04 1.36761857e-03 1.91754421e-04
9.03354072e+01 7.86427398e-02 1.09932714e-02 -7.24433409e-03 6.03157626e-05 1.17815639e-03 1.32542009e-04
9.30501447e+01 8.11400929e-02 1.50295555e-02 -1.05099671e-02 8.73935312e-05 9.29502663e-04 1.02498703e-04
9.57550478e+01 7.96992675e-02 1.72961620e-02 -2.14365466e-02 4.91364058e-05 3.80991305e-04 3.12078554e-05
9.84729994e+01 7.53793669e-02 1.66805226e-02 -3.80645513e-02 1.92589197e-04 3.25759636e-04 6.53927493e-05
1.01185920e+02 6.85594215e-02 1.96827582e-02 -5.70790384e-02 7.48659310e-05 5.41023882e-04 1.62141941e-04
1.03890873e+02 6.14875292e-02 1.27974522e-02 -7.00304006e-02 1.45035154e-04 7.99456462e-04 5.21521862e-05
1.06601420e+02 5.74046050e-02 1.16641485e-03 -7.98653373e-02 1.04620857e-04 5.99115439e-04 1.03669856e-04
1.09321482e+02 5.67924655e-02 -6.41175980e-03 -7.73037225e-02 1.36918484e-04 6.29008444e-04 1.24106629e-04
1.12040498e+02 5.26471767e-02 -1.07357743e-02 -7.53796485e-02 1.21437429e-04 1.61046640e-04 3.37378393e-05
1.14760435e+02 4.95430699e-02 -7.53925347e-03 -6.72024042e-02 5.64086257e-05 1.56725927e-04 1.10856225e-04
1.17476263e+02 4.55238723e-02 -7.79195404e-03 -6.62438759e-02 1.09562525e-04 8.71916747e-05 6.02906069e-05
1.20186857e+02 4.84291158e-02 -1.13143534e-02 -6.19939441e-02 6.50433561e-05 1.02245787e-04 5.57387187e-05
1.22894967e+02 5.28668275e-02 -1.24854572e-02 -5.81411260e-02 1.76333788e-05 2.46720655e-05 5.82983903e-05
1.25604326e+02 5.87169458e-02 -1.64840826e-02 -5.04209500e-02 2.92454669e-05 8.14960390e-05 4.88787727e-05
1.28323904e+02 6.55315739e-02 -1.66810325e-02 -4.21015403e-02 1.26649834e-04 8.17016141e-05 6.43513298e-05
1.31034420e+02 7.84323606e-02 -1.69346076e-02 -2.64808059e-02 5.08938129e-05 1.86002425e-05 1.74305188e-04
1.33753092e+02 8.41469844e-02 -1.16395697e-02 -5.29081298e-03 1.15005740e-04 4.10781445e-05 9.23014999e-05
1.36464467e+02 8.42905198e-02 -1.34864102e-02 2.47394641e-02 1.65378536e-05 1.56075979e-04 1.10287176e-04
1.39165638e+02 7.73746640e-02 -6.31809538e-03 4.29038103e-02 1.37664720e-04 9.87363979e-05 1.92997482e-04
1.41880123e+02 4.55984691e-02 -2.77344287e-03 5.47093917e-02 1.45280234e-04 1.86825365e-04 1.16552584e-04
1.44594248e+02 2.88171804e-02 5.12682366e-03 6.75372709e-02 6.92914570e-05 1.33754020e-04 6.08037259e-05
1.47316857e+02 6.40331023e-03 8.60584140e-03 7.40205096e-02 7.41809138e-05 9.48729653e-05 7.76285539e-05
1.50035670e+02 8.26757895e-03 1.69371500e-03 6.81151014e-02 3.73469644e-05 9.85577785e-05 7.64542470e-05
1.52755404e+02 2.52675308e-02 2.28778675e-03 6.75753412e-02 4.11339282e-05 1.40568886e-04 2.78956962e-05
1.55467607e+02 4.18794264e-02 2.81160765e-03 6.78642577e-02 5.84343065e-05 1.06209325e-04 4.48334932e-05
1.58186373e+02 5.09851721e-02 -3.97191684e-03 6.88186900e-02 5.10934490e-05 1.89492689e-04 3.54416270e-05
1.60896670e+02 5.98824819e-02 -1.04184903e-02 6.97790765e-02 6.51984476e-05 1.82331646e-04 4.78708541e-05
1.63608498e+02 6.63591979e-02 -1.74844459e-02 7.71634061e-02 1.01209921e-04 3.07882889e-04 6.97497581e-05
1.66319295e+02 7.34628295e-02 -2.47087930e-02 6.61533497e-02 1.59759731e-05 4.05497135e-04 2.52645856e-05
1.69031826e+02 7.22284899e-02 -2.36906993e-02 6.38093955e-02 2.19969788e-05 8.96735183e-04 1.20297120e-04
1.71750201e+02 6.81781433e-02 -2.93687305e-02 5.23096480e-02 9.52961865e-05 9.35458412e-04 8.63263929e-05
1.74460170e+02 5.59656445e-02 -3.59505293e-02 6.35933315e-02 3.54104493e-05 8.48808277e-04 1.34904016e-04
1.77173951e+02 4.25049079e-02 -3.43080416e-02 6.58764027e-02 3.08765224e-05 1.00759471e-03 2.80346857e-05
1.79893701e+02 3.13306590e-02 -2.83836849e-02 7.14591992e-02 6.75148719e-05 1.18093255e-03 8.76996172e-05
1.82616170e+02 3.46264638e-02 -1.72269825e-02 7.17990715e-02 8.57039817e-05 1.46844768e-03 1.24970628e-04
1.85343170e+02 3.84216304e-02 -3.09852956e-03 7.25475935e-02 1.11257875e-04 1.54292920e-03 1.13239776e-04
1.88066685e+02 3.90650677e-02 5.78857119e-03 6.93064872e-02 1.14334448e-04 1.37528942e-03 2.38045502e-04
1.90793857e+02 4.41006112e-02 1.41418059e-02 6.57709279e-02 2.32199828e-04 1.61170102e-03 1.90250754e-05
1.93518920e+02 3.54346655e-02 3.08030584e-02 6.36841246e-02 1.40418575e-04 1.26252154e-03 9.93113235e-05
1.96235670e+02 3.12219053e-02 3.63407895e-02 5.69739005e-02 2.35403070e-05 7.22804390e-04 5.98314740e-05
1.98951388e+02 2.51117061e-02 4.37521236e-02 6.07667013e-02 3.67690560e-05 1.00788419e-03 7.31402724e-05
2.01663388e+02 2.85337983e-02 4.16389533e-02 6.27208131e-02 1.74081077e-04 5.98032779e-04 1.13626344e-04
2.04378576e+02 3.27714351e-02 3.53614190e-02 7.02431999e-02 1.67156528e-04 4.56480706e-04 2.21431235e-04
2.07088295e+02 3.08153747e-02 1.98498619e-02 7.65542610e-02 1.10702138e-04 2.95254281e-04 1.43424896e-04
2.09806154e+02 2.32036257e-02 1.38557241e-03 8.62194178e-02 4.64538034e-05 6.18185051e-05 9.59399400e-05
2.12526857e+02 1.52308229e-02 -1.45548041e-02 8.28713583e-02 9.95829380e-05 5.30710734e-05 3.78425060e-05
2.15244717e+02 7.06042182e-03 -2.53173925e-02 8.60842653e-02 7.19700070e-05 6.82310654e-05 2.08764963e-05
2.17965576e+02 8.62840682e-04 -3.47881206e-02 8.29223960e-02 7.80894564e-05 3.95266446e-05 2.52795409e-05
2.20691326e+02 3.39951956e-03 -4.02021584e-02 8.03628064e-02 1.06967462e-04 6.59223097e-05 4.97844177e-05
2.23409935e+02 7.21350344e-03 -3.99542293e-02 7.10059570e-02 5.65740364e-05 1.42198019e-04 6.01279207e-05
2.26126967e+02 2.51464276e-02 -3.34292232e-02 6.41767501e-02 9.72548331e-05 2.82013368e-05 4.78978344e-05
2.28846013e+02 4.33696122e-02 -2.28424830e-02 6.11689159e-02 6.57219023e-05 1.92240392e-04 9.61991468e-05
2.31565623e+02 6.19336783e-02 -1.49219082e-02 4.70113839e-02 7.85203876e-05 1.97718519e-04 2.58285389e-05
2.34274029e+02 6.93338141e-02 -1.12420963e-02 4.26685626e-02 1.01514157e-04 3.77381892e-04 1.50439332e-04
2.36982060e+02 7.20770070e-02 -8.65421960e-03 5.37945629e-02 1.35583610e-04 3.36778621e-04 8.09539134e-05
2.39691138e+02 6.86481199e-02 3.70221954e-04 6.42514961e-02 5.44441241e-05 2.69806144e-04 1.98606173e-05
2.42401748e+02 6.78514218e-02 -2.07758940e-03 7.36995734e-02 1.28942790e-04 2.60067175e-04 7.03572355e-05
2.45120357e+02 6.09367950e-02 -3.15310342e-03 8.08270706e-02 1.15226264e-05 2.40288614e-04 5.76580912e-05
2.47837060e+02 5.55332176e-02 -1.90470106e-03 8.21591313e-02 4.58191922e-05 2.84579036e-04 6.37672317e-06
2.50551326e+02 4.82948512e-02 2.08195981e-03 7.87722283e-02 6.82255197e-05 2.39946263e-04 3.98536078e-05
2.53264076e+02 4.10676157e-02 2.93729326e-03 7.06293223e-02 4.03750162e-05 2.31589499e-04 1.18497981e-04
2.55972404e+02 4.12297477e-02 -4.37758261e-04 7.01501561e-02 4.72011477e-05 7.17257735e-05 1.76095814e-05
2.58685935e+02 4.03511870e-02 -1.25806745e-03 6.77050792e-02 2.91244276e-05 1.65875900e-04 1.06578643e-04
2.61402107e+02 3.94737002e-02 -6.44238122e-03 6.62006430e-02 3.56955144e-05 1.40920497e-04 4.99222314e-05
2.64116842e+02 4.17639875e-02 -9.45978657e-03 6.27654826e-02 4.33199450e-05 8.45528960e-05 7.02454288e-05
2.66826045e+02 4.83061384e-02 -1.50052805e-02 5.68707628e-02 1.48045914e-05 3.46018181e-04 7.90853153e-05
2.69540222e+02 5.93100122e-02 -1.78681248e-02 3.64183076e-02 6.53346868e-05 2.63643060e-04 8.64163574e-05
