6.66533664e-01 5.71275818e-02 -7.00296497e-03 -3.71249856e-02 4.40707225e-05 1.57085413e-04 3.56602491e-05
3.38490080e+00 5.98906600e-02 -2.28098534e-03 -4.98287481e-02 5.47249117e-05 2.13233108e-04 4.01429917e-05
6.09760284e+00 6.06504632e-02 -4.99625377e-03 -5.86720857e-02 1.56961572e-04 6.92382447e-05 6.73639230e-05
8.81273472e+00 6.15888214e-02 -5.23534357e-03 -5.85784396e-02 5.48448419e-05 3.01673307e-05 4.26730538e-05
1.15257582e+01 5.76694197e-02 -6.50487208e-03 -5.77906607e-02 1.23850470e-04 1.68738952e-04 3.42393261e-05
1.42427441e+01 6.09745873e-02 -5.41110255e-03 -6.16069292e-02 2.77030894e-05 1.08111251e-04 5.72480923e-05
1.69602285e+01 6.33548971e-02 -5.44547227e-03 -6.28321683e-02 5.46144794e-05 2.54627455e-04 3.27307087e-05
1.96759785e+01 6.30052792e-02 -3.52899663e-03 -6.61527346e-02 3.64533869e-05 2.06755245e-04 4.64136367e-05
2.23953957e+01 6.09984838e-02 -1.98113120e-03 -6.34857559e-02 1.00465392e-05 3.37074962e-04 6.90473677e-05
2.51086613e+01 6.89124430e-02 4.89981024e-03 -6.08006888e-02 1.10480315e-04 9.30540398e-05 3.86435280e-05
2.78198566e+01 6.00438395e-02 3.37342366e-03 -5.60203573e-02 4.25829020e-05 1.30140859e-04 1.03959852e-04
3.05332628e+01 4.02775261e-02 5.36045129e-03 -6.30693841e-02 4.32157183e-05 2.48526108e-04 1.44663955e-05
3.32567894e+01 3.07489784e-02 5.78684577e-03 -6.92023606e-02 3.52308874e-05 6.35540411e-05 4.25757769e-05
3.59756300e+01 3.01339973e-02 6.03272887e-03 -6.90062374e-02 2.21875594e-05 4.05865723e-05 3.52693011e-05
3.86977566e+01 3.21204960e-02 4.60932395e-03 -6.82492602e-02 3.87856031e-05 1.94511407e-04 1.66256823e-05
4.14175707e+01 2.97349605e-02 9.06225627e-03 -6.86033463e-02 5.12745785e-05 2.11469557e-04 5.60267400e-05
4.41375457e+01 2.95254169e-02 7.50438886e-03 -6.63884637e-02 1.06482928e-04 3.00994206e-04 9.62000450e-05
4.68550644e+01 9.75409514e-03 8.04808305e-03 -6.66017259e-02 4.68881265e-05 1.81085441e-04 9.09976417e-05
4.95794113e+01 -1.10785246e-02 5.18514690e-03 -6.90618528e-02 5.02279879e-05 2.41169953e-04 7.37053798e-05
5.22843644e+01 -2.57821898e-02 9.15110476e-03 -5.78387468e-02 6.19846386e-05 1.73669734e-04 1.09567427e-04
5.49977378e+01 -3.09151924e-02 1.22058180e-02 -5.53794733e-02 1.21168173e-04 4.47658501e-04 1.04957237e-04
5.77151410e+01 -3.81819648e-02 1.26576341e-02 -5.79761862e-02 3.53370780e-05 3.14540482e-04 6.71099093e-05
6.04312878e+01 -3.60321461e-02 1.29359108e-02 -5.45284075e-02 3.65315565e-05 2.31304527e-04 2.97049475e-05
6.31447300e+01 -3.89982942e-02 7.49993537e-03 -6.11598252e-02 8.23348093e-06 1.11111650e-04 6.09862147e-05
6.58585957e+01 -4.28709578e-02 5.78777878e-03 -6.36506719e-02 9.62846530e-05 8.75496032e-05 5.87872445e-05
6.85694003e+01 -5.11598667e-02 -1.46497110e-03 -6.34080399e-02 8.49505469e-05 1.39302953e-04 3.16662253e-05
7.12774894e+01 -5.80261701e-02 -5.19708498e-03 -5.43949152e-02 5.59247571e-05 1.12299635e-04 4.06565325e-05
7.39961582e+01 -5.04236880e-02 -5.43251274e-03 -6.30219294e-02 7.04276621e-05 2.97618812e-05 1.08423940e-04
7.67087894e+01 -3.72916333e-02 -8.20481359e-03 -7.13818579e-02 7.83366317e-05 8.24690726e-05 7.45759637e-05
7.94362753e+01 -7.85201331e-03 -1.31572077e-02 -8.41103071e-02 6.65038877e-05 8.31962121e-05 1.02369980e-04
8.21493863e+01 1.50399143e-02 -1.33620462e-02 -6.99197961e-02 5.26922421e-05 1.34493406e-04 3.19655206e-05
8.48750707e+01 3.01393962e-02 -1.08136352e-02 -7.00692326e-02 8.62412199e-05 1.81695623e-04 5.36066304e-05
8.75792003e+01 5.18850439e-02 -5.36546506e-03 -6.49740234e-02 6.40221086e-05 8.22315815e-05 1.05002527e-04
9.03014066e+01 5.82897265e-02 3.73218511e-03 -6.29431472e-02 7.32960980e-05 5.21041307e-06 3.26977610e-05
9.30178753e+01 6.55352762e-02 3.79716216e-03 -6.25951548e-02 3.08825605e-05 1.03024946e-04 5.79888926e-05
9.57279644e+01 5.79133121e-02 1.05762838e-02 -6.40117193e-02 5.38575947e-05 9.75541123e-05 1.85481210e-05
9.84526191e+01 5.13542533e-02 7.94029760e-03 -7.48554530e-02 7.21693519e-05 2.10850166e-04 4.84420223e-05
1.01163738e+02 5.53422756e-02 5.48551919e-03 -6.95709138e-02 1.42176470e-04 4.50930765e-04 8.60942057e-05
1.03877785e+02 5.47943321e-02 3.20388021e-03 -6.47828184e-02 1.02407227e-04 2.94977211e-04 7.95900818e-05
1.06600941e+02 5.86701574e-02 -2.54222278e-03 -5.16604622e-02 1.00482360e-04 6.12805636e-04 4.05641755e-05
1.09328628e+02 5.57142574e-02 2.48716678e-03 -4.61813315e-02 2.76991637e-05 3.11868324e-04 1.79513429e-04
1.12051878e+02 6.04012096e-02 1.60624647e-03 -4.78141196e-02 2.88488329e-05 2.61655745e-04 1.00680303e-04
1.14764707e+02 6.49903142e-02 7.41919385e-04 -3.95685384e-02 4.82530410e-05 2.66988464e-04 8.59797774e-05
1.17480722e+02 6.35025492e-02 -6.11440579e-03 -3.48068237e-02 3.57251259e-05 2.73318969e-04 6.83607846e-05
1.20191675e+02 5.79596732e-02 -8.92577036e-03 -3.17731317e-02 6.34869552e-05 3.80584204e-04 3.70453523e-05
1.22895832e+02 6.70673627e-02 -1.46247422e-02 -1.74522713e-02 4.82724080e-05 1.16631359e-04 2.87491759e-05
1.25611972e+02 6.33472106e-02 -1.68173772e-02 -4.73378945e-03 2.55612050e-05 8.45879022e-05 9.42902328e-05
1.28335316e+02 6.97609817e-02 -1.95186318e-02 1.41845753e-02 1.38981992e-04 4.11781754e-05 1.01213542e-04
1.31047238e+02 7.70376487e-02 -8.50280729e-03 2.63592498e-02 2.93353886e-05 2.00644181e-05 6.09491271e-05
1.33763957e+02 7.45031583e-02 -1.06546664e-02 3.30899646e-02 6.33228616e-05 2.96604677e-05 4.11237302e-05
1.36460035e+02 7.36758268e-02 -6.73566410e-03 3.82586727e-02 3.22695981e-05 6.87387511e-05 6.09227069e-05
1.39173675e+02 7.08745662e-02 -3.72102746e-03 4.84107349e-02 4.79166343e-05 6.67110116e-05 8.29692771e-05
1.41878566e+02 5.76014268e-02 -4.35732264e-03 5.43384776e-02 4.86536137e-05 1.04982853e-04 8.80091845e-05
1.44599957e+02 5.37939960e-02 -4.88780359e-03 5.86895233e-02 4.88230120e-05 6.85603823e-05 4.93961758e-05
1.47315925e+02 5.15901397e-02 -5.79999535e-03 6.40305282e-02 4.47540934e-05 3.67374969e-05 1.43368112e-04
1.50036550e+02 4.24697594e-02 -5.57373413e-03 6.87311261e-02 5.90552029e-05 2.52348945e-04 9.04135695e-05
1.52748363e+02 4.18004112e-02 -3.60044005e-03 6.88893762e-02 7.34609414e-05 2.86238865e-04 3.42555994e-05
1.55465660e+02 4.07259614e-02 -2.80701388e-03 6.97257024e-02 7.86571892e-05 9.79092364e-05 1.96198563e-05
1.58185410e+02 4.55601353e-02 -3.54350912e-03 7.04609104e-02 4.56391489e-05 1.49604117e-04 1.51590072e-04
1.60910066e+02 2.72805370e-02 3.00461757e-03 8.37096523e-02 8.94950155e-05 9.24959000e-05 8.60629003e-05
1.63629441e+02 2.59197850e-03 2.89720459e-04 7.97064878e-02 3.41802938e-05 1.37129111e-04 2.95222885e-05
1.66347941e+02 -2.67428133e-02 -8.60406449e-04 7.45860968e-02 3.86051054e-05 1.24245409e-04 4.61340436e-05
1.69072722e+02 -3.97953355e-02 3.49123139e-03 6.74681957e-02 1.27591570e-04 5.84384916e-05 2.70739039e-05
1.71786597e+02 -5.11064136e-02 3.17179516e-03 6.34999398e-02 1.51537581e-04 5.14583367e-05 6.85502544e-05
1.74502113e+02 -5.61041601e-02 -4.66051923e-04 7.00255349e-02 3.00229205e-05 5.30885679e-05 5.94022284e-05
1.77215082e+02 -6.69543477e-02 3.55919261e-03 6.95187428e-02 4.23729224e-05 7.89357327e-05 1.14429249e-04
1.79920628e+02 -6.09513544e-02 -1.86846097e-04 6.59779328e-02 9.36601295e-05 8.17514797e-05 1.02934751e-04
1.82637800e+02 -5.24420409e-02 -3.86508994e-03 6.69868067e-02 7.89668652e-05 2.45517052e-04 3.22945286e-05
1.85351410e+02 -5.77306602e-02 -1.27748833e-03 6.27321198e-02 2.59736490e-05 1.72945483e-04 1.57335296e-05
1.88068769e+02 -5.24289001e-02 -6.32249351e-03 6.31177575e-02 5.61859994e-05 6.67990199e-06 6.69494139e-05
1.90785738e+02 -5.24469338e-02 -3.23502654e-03 6.21864251e-02 3.92767419e-05 2.33197169e-05 6.43256806e-05
1.93499691e+02 -4.79931576e-02 -8.98861222e-03 6.65956171e-02 3.01468189e-05 8.55128777e-05 1.05602000e-04
1.96221910e+02 -4.57135794e-02 -8.89639213e-03 6.89554445e-02 3.37633957e-05 3.52064709e-05 6.95371239e-05
1.98931050e+02 -5.11469952e-02 -1.52275018e-03 7.03831571e-02 2.85619091e-05 3.71193106e-05 7.82598108e-05
2.01640847e+02 -5.39112643e-02 3.02349235e-03 6.97169301e-02 7.46739986e-05 5.98952049e-05 8.36427329e-05
2.04359832e+02 -4.90416770e-02 -1.27527740e-03 6.43792982e-02 1.00877747e-05 8.82347616e-05 1.45028385e-04
2.07070363e+02 -2.49753797e-02 -2.78929274e-03 6.39366155e-02 5.18551550e-05 3.29560295e-04 5.71373466e-05
2.09792707e+02 -2.68522340e-03 -7.34337714e-03 6.99346786e-02 7.11684898e-05 3.37395041e-04 1.48160039e-04
2.12512347e+02 1.59715626e-02 -1.15199252e-02 7.70899649e-02 4.21092357e-05 1.64992542e-04 4.16963471e-05
2.15228597e+02 3.95548426e-02 -1.11741513e-02 7.45963820e-02 5.94802681e-05 1.61744483e-04 2.97287320e-05
2.17941535e+02 5.14476936e-02 -1.08264104e-02 6.73690567e-02 6.50600040e-05 8.52566991e-05 4.62669930e-05
2.20659191e+02 6.25591002e-02 -8.36360807e-03 6.36371960e-02 4.11456198e-05 5.27004131e-05 5.68824129e-05
2.23378378e+02 6.06220819e-02 -3.50239282e-04 6.45812911e-02 1.01179249e-05 1.79640264e-04 1.08253773e-04
2.26094894e+02 4.96837672e-02 1.29006314e-03 6.10943004e-02 9.77720239e-06 2.18716029e-04 2.68319454e-05
2.28812066e+02 4.84935887e-02 7.60916177e-03 5.60482626e-02 1.20422774e-04 1.09758861e-04 7.58558813e-05
2.31530972e+02 4.45273662e-02 1.12745517e-02 5.82714520e-02 9.35895904e-05 1.14927405e-04 1.67239314e-05
2.34247300e+02 5.40607809e-02 1.03310348e-02 5.46510035e-02 3.69094688e-05 5.09999118e-05 7.52799669e-05
2.36965128e+02 5.53588324e-02 8.09516263e-03 5.89238675e-02 2.84855040e-05 1.14748210e-04 4.07951047e-05
2.39677566e+02 5.45390448e-02 4.69147351e-03 6.09096297e-02 7.26691505e-05 2.55726559e-05 5.97500293e-05
2.42393425e+02 5.55919272e-02 4.44501612e-03 5.76206344e-02 4.82451182e-05 3.51530555e-05 4.34931886e-05
2.45120175e+02 5.76642314e-02 6.35043429e-03 5.61873317e-02 1.02783248e-04 1.01865871e-04 7.53603940e-05
2.47832722e+02 5.57367023e-02 8.01949652e-03 5.99550737e-02 4.17387227e-05 3.39304418e-05 6.79638610e-05
2.50543675e+02 5.92126365e-02 5.16798165e-04 6.25746347e-02 1.45071188e-05 8.08935303e-05 5.82974476e-05
2.53256425e+02 6.62448795e-02 2.11242300e-03 6.63392953e-02 1.43444978e-04 3.81306485e-05 1.07789285e-04
2.55963082e+02 6.42776998e-02 2.90844243e-03 5.89220582e-02 9.37244661e-05 1.03266791e-04 8.57200664e-05
2.58675050e+02 6.73115545e-02 5.83785886e-03 4.54023967e-02 8.69081764e-05 1.86927655e-04 3.40292071e-04
2.61390503e+02 6.90273237e-02 4.10554558e-03 2.95590134e-02 6.22704137e-05 1.88371235e-04 6.29867835e-05
2.64105035e+02 7.87648714e-02 5.89168503e-03 1.30371772e-02 5.45679958e-05 2.67003379e-04 9.97699691e-05
2.66813800e+02 7.38533788e-02 6.15736658e-03 -1.22688425e-02 4.29722168e-05 1.07668165e-04 3.58831190e-05
2.69530923e+02 6.47133195e-02 -2.51782854e-03 -1.81169409e-02 2.64206096e-05 3.12638038e-04 8.83910391e-05
