6.65749972e-01 7.68665214e-02 2.15085462e-05 -2.97598803e-02 3.34643431e-05 1.37136572e-04 2.26418358e-05
3.37780954e+00 6.88524545e-02 -4.96823382e-03 -4.58473841e-02 6.82122071e-05 1.38932075e-04 2.24273733e-05
6.09927267e+00 5.89677403e-02 -5.36941754e-03 -5.45199595e-02 1.04756680e-04 3.95139828e-05 2.70738989e-05
8.81882657e+00 4.96381906e-02 -2.42260843e-03 -6.09828051e-02 1.35132728e-04 5.18258954e-05 6.90287690e-05
1.15362691e+01 4.62182998e-02 -5.33990044e-03 -6.04351614e-02 2.92447968e-05 3.94732173e-05 5.07965844e-05
1.42500456e+01 4.93476745e-02 -1.17001183e-03 -5.86097119e-02 3.56010795e-05 8.77036899e-05 6.20705766e-05
1.69714253e+01 5.08151445e-02 -1.14503421e-03 -5.27754577e-02 4.80072445e-05 3.13906690e-04 7.10769626e-05
1.96757222e+01 4.87655332e-02 -5.17984216e-03 -5.30043218e-02 8.39742096e-05 1.01149966e-04 1.05102891e-04
2.23892316e+01 4.89122619e-02 -6.25489109e-03 -5.86798612e-02 4.77625070e-05 2.45933064e-04 6.05815771e-05
2.51070222e+01 5.08515891e-02 -3.27069516e-03 -6.43639024e-02 1.02247803e-04 4.93803122e-05 2.56533664e-05
2.78280769e+01 5.78545993e-02 -2.57114668e-03 -6.43153982e-02 3.59882766e-05 2.80318118e-05 8.35400206e-05
3.05330363e+01 5.73420343e-02 -3.31634352e-03 -6.14841951e-02 1.52650893e-05 4.85359537e-05 4.31348206e-05
3.32619456e+01 5.90946541e-02 -2.53490087e-04 -6.32221937e-02 8.24752333e-06 5.45077516e-05 3.03065986e-05
3.59840019e+01 5.88807513e-02 -2.21707239e-03 -6.29985214e-02 2.55683706e-05 1.11539761e-04 9.35923486e-05
3.86958394e+01 4.60788315e-02 -7.53536293e-04 -6.71926082e-02 9.54363681e-05 3.86002363e-05 2.92050120e-05
4.14216753e+01 3.64378352e-02 -5.96650567e-03 -7.30490071e-02 4.14145892e-05 9.74657290e-05 7.66083722e-05
4.41417659e+01 2.53028623e-02 -4.61398295e-04 -6.78731425e-02 3.75736018e-05 1.77600775e-04 1.09573646e-05
4.68667238e+01 1.43901619e-02 3.27439715e-03 -6.96378409e-02 1.37304172e-04 2.02465589e-04 6.68833568e-05
4.95868253e+01 -7.24733261e-03 4.41147511e-03 -6.96848247e-02 1.83546585e-04 5.07860250e-04 6.48947879e-05
5.23016753e+01 -2.19472254e-02 1.63704237e-03 -7.27928906e-02 8.72931060e-05 4.96014390e-04 1.35625450e-04
5.50174753e+01 -3.14495537e-02 2.90089185e-03 -7.55307480e-02 4.05423417e-05 3.49467462e-04 3.57454033e-05
5.77285597e+01 -3.72255093e-02 5.07430660e-03 -7.24280755e-02 6.83139636e-05 3.56488447e-04 4.06339240e-05
6.04431659e+01 -4.34196944e-02 3.20721781e-03 -6.14056328e-02 1.29695171e-05 2.73616505e-04 3.22869570e-05
6.31517534e+01 -5.16703716e-02 3.98406117e-03 -5.88508105e-02 8.43949369e-05 6.02427620e-04 5.56785756e-05
6.58643238e+01 -5.95956022e-02 3.81110829e-03 -6.46759653e-02 3.08419723e-05 1.87983296e-04 4.27164512e-05
6.85764675e+01 -5.98199715e-02 6.54120793e-03 -6.66195832e-02 1.59482348e-04 1.21070487e-04 5.03299568e-05
7.12825363e+01 -5.03958913e-02 4.20547823e-03 -7.25992002e-02 4.85867768e-05 6.45387003e-05 8.13340959e-05
7.40023191e+01 -4.14163365e-02 4.10719762e-03 -7.14618707e-02 1.14681141e-04 2.30336429e-04 3.41333059e-05
7.67171988e+01 -3.35506746e-02 -3.86239768e-03 -7.23927259e-02 4.67343174e-05 2.23684031e-04 1.83656025e-05
7.94348425e+01 -2.19623968e-02 1.79300111e-03 -6.95430743e-02 5.02520228e-05 2.49282638e-04 7.93776026e-05
8.21599034e+01 -1.75642930e-02 -2.12375310e-03 -8.12422244e-02 1.25742049e-04 3.39043981e-04 1.05472310e-04
8.48831128e+01 3.65136919e-03 4.54621744e-03 -7.80434030e-02 3.90849767e-05 1.55959416e-04 1.41265458e-04
8.75994644e+01 2.40598577e-02 6.67405267e-04 -7.96330209e-02 9.28647600e-05 2.66710487e-04 3.04227449e-05
9.03273613e+01 3.42171388e-02 -9.44642874e-04 -7.41295197e-02 1.06323315e-04 6.23208870e-05 1.02971223e-04
9.30494238e+01 4.85924792e-02 -8.94787950e-03 -6.82894658e-02 4.08892383e-05 3.63666739e-05 1.03645426e-04
9.57683894e+01 5.35405551e-02 -4.25608539e-03 -5.94317410e-02 9.17927827e-05 1.14331598e-04 1.18201434e-05
9.84894456e+01 6.01753033e-02 -6.81937717e-04 -5.47657846e-02 2.14535418e-04 1.28632272e-04 1.35522067e-04
1.01210016e+02 6.26895074e-02 -1.16967298e-03 -5.45403057e-02 5.10678366e-05 1.96359287e-04 7.89845897e-05
1.03914813e+02 5.84064549e-02 -4.62192841e-03 -5.51116993e-02 6.95902455e-05 3.07417759e-04 5.58298207e-05
1.06629891e+02 6.09845444e-02 -4.10262291e-03 -5.72162565e-02 1.38947461e-04 8.22230191e-05 1.36536053e-04
1.09340578e+02 6.40916453e-02 -1.97744291e-03 -6.18109103e-02 5.43900272e-05 1.32529209e-04 1.71877720e-05
1.12045657e+02 6.50972089e-02 -4.85356939e-03 -6.32377409e-02 3.67393672e-05 1.01732438e-04 7.81385664e-05
1.14754938e+02 6.59464337e-02 -5.80200502e-03 -4.85660820e-02 4.66628649e-05 3.42222357e-04 4.07531870e-05
1.17470250e+02 6.54043023e-02 -4.75406744e-03 -3.60707567e-02 7.96945783e-05 1.08088729e-04 8.15423589e-05
1.20180344e+02 7.08064146e-02 -1.21971894e-03 -2.79220696e-02 9.78889502e-05 9.86057212e-05 1.19158547e-04
1.22899078e+02 7.35367026e-02 3.82322372e-03 -1.26689705e-02 1.03778970e-04 1.54423654e-04 2.19186163e-05
1.25610828e+02 7.09561100e-02 1.28536578e-02 -2.76887703e-03 1.04768682e-04 1.54135044e-04 2.05752566e-05
1.28327891e+02 6.70820654e-02 8.36220707e-03 1.39086804e-02 1.60688434e-04 4.42342471e-04 8.53043936e-05
1.31048250e+02 6.75472059e-02 7.11705008e-03 3.84269783e-02 1.46290022e-05 2.57522681e-04 1.10163909e-04
1.33761016e+02 5.84525339e-02 -8.28899729e-03 5.11008293e-02 1.52084268e-04 2.52707421e-04 2.81228033e-05
1.36466735e+02 5.82870736e-02 -3.92976886e-03 5.56996133e-02 8.94210282e-05 1.36648999e-04 1.34598513e-04
1.39190485e+02 5.38176848e-02 -7.73600946e-03 4.78841388e-02 1.57975036e-04 3.46772106e-05 8.59376846e-05
1.41912657e+02 5.04847364e-02 -1.33170947e-02 5.53065246e-02 2.94395681e-05 6.27595489e-05 6.07112927e-05
1.44635266e+02 6.27754303e-02 -7.04615184e-03 5.68502771e-02 7.08517952e-05 8.64993310e-05 3.53811109e-05
1.47356907e+02 6.42840252e-02 -8.73295213e-04 5.94131792e-02 1.08998582e-04 2.80777062e-04 4.11000053e-05
1.50072657e+02 6.13084093e-02 -5.27878202e-03 6.02013191e-02 8.84588245e-05 2.10689907e-04 4.18867260e-05
1.52781938e+02 5.43278034e-02 -6.39118563e-03 5.68713727e-02 1.15386091e-04 2.86538341e-04 3.96571140e-05
1.55496719e+02 4.19089549e-02 -9.01824191e-03 6.08188359e-02 1.36261408e-04 9.71140459e-05 9.54129883e-05
1.58213907e+02 3.12516554e-02 -9.65497659e-03 6.64770447e-02 2.82486113e-05 3.92576250e-05 2.97309122e-05
1.60928703e+02 2.99309664e-02 -8.56498198e-03 6.53011113e-02 9.03171382e-05 4.63851704e-05 1.58198474e-05
1.63646016e+02 2.68521063e-02 -1.58783840e-02 6.88513870e-02 3.61713701e-05 8.92600591e-05 8.76469776e-05
1.66362563e+02 1.25397561e-02 -1.83009966e-02 6.96183439e-02 1.60687975e-04 6.36759410e-05 9.01586725e-05
1.69078313e+02 -1.47612828e-02 -1.66650261e-02 7.21529647e-02 4.52136995e-05 4.88170939e-05 4.28000832e-05
1.71796266e+02 -2.88091785e-02 -1.00511411e-02 7.20561002e-02 2.40014401e-05 2.15516211e-05 2.19402504e-05
1.74510235e+02 -3.48219869e-02 -1.14975819e-02 6.86126371e-02 3.71188790e-05 2.50263803e-05 3.94615273e-05
1.77225860e+02 -4.29423468e-02 -9.87526200e-03 6.71338330e-02 6.42741816e-05 5.03378239e-05 8.16567510e-05
1.79942250e+02 -4.87636114e-02 -7.72116671e-03 6.57778167e-02 4.01514016e-05 5.40921788e-05 1.43684166e-04
1.82665750e+02 -5.37520203e-02 -7.51734239e-03 6.11050369e-02 6.88743966e-05 7.61402776e-05 7.83422431e-05
1.85382313e+02 -5.65959669e-02 -9.20498241e-04 6.05663816e-02 3.95914011e-05 3.57505165e-05 5.91259375e-05
1.88099641e+02 -5.15758547e-02 -4.58824788e-03 5.79062528e-02 4.02975992e-05 7.97067992e-05 7.60638098e-05
1.90802391e+02 -5.44556552e-02 -5.53512142e-04 6.29850876e-02 9.25334393e-05 4.96416294e-04 7.45549374e-05
1.93512313e+02 -5.90228185e-02 -7.98709043e-03 5.79055503e-02 3.99940594e-05 2.30323537e-04 4.61395672e-05
1.96229563e+02 -5.36129124e-02 -6.25662983e-03 5.58508529e-02 4.21458718e-05 1.80689210e-04 8.25994979e-05
1.98955000e+02 -4.70420439e-02 -7.69430249e-03 6.58033685e-02 8.65257070e-05 1.41875986e-04 2.29887098e-05
2.01661688e+02 -4.38201688e-02 -6.80109942e-03 6.98582274e-02 5.31679641e-05 9.89659251e-05 2.95281312e-05
2.04380282e+02 -3.44030920e-02 -1.28423533e-02 7.00547816e-02 4.11273739e-05 5.44514947e-05 5.66031862e-05
2.07097532e+02 -1.79200768e-02 -6.36490353e-03 7.46644048e-02 8.89697313e-05 8.12606650e-05 1.15662486e-05
2.09825328e+02 -3.41836148e-03 1.00603376e-03 7.58425268e-02 3.30638483e-05 1.30133673e-04 4.56540909e-05
2.12549407e+02 5.24537367e-03 8.44963256e-03 7.55261151e-02 1.43397932e-04 4.21704068e-04 6.98216913e-05
2.15270188e+02 1.32018434e-02 8.85530631e-03 7.08923921e-02 7.60442310e-05 3.24096361e-04 1.25647860e-04
2.17987203e+02 2.13239274e-02 9.49314570e-03 6.54528779e-02 2.68872275e-05 2.66515336e-04 7.07679714e-05
2.20707719e+02 3.47818834e-02 1.97536106e-03 6.38512943e-02 2.13273687e-05 3.82293888e-04 1.13532348e-04
2.23419391e+02 4.32006172e-02 3.70843362e-03 6.55932303e-02 1.27283213e-04 7.20589546e-05 5.50182867e-05
2.26139110e+02 6.06595506e-02 -3.24530796e-03 5.76059567e-02 3.80342540e-05 3.20303847e-04 5.33237719e-05
2.28854672e+02 6.27664299e-02 -6.18355096e-03 5.49994960e-02 5.17367579e-05 9.67951822e-05 6.36266170e-05
2.31562625e+02 5.99415450e-02 -7.63078245e-03 5.57209807e-02 6.32874282e-05 1.82054777e-04 3.90051592e-05
2.34272860e+02 6.04818511e-02 -7.94761099e-03 5.97853710e-02 2.70591721e-05 1.07410423e-04 3.74536230e-05
2.36984750e+02 5.76468423e-02 -8.43414433e-03 6.29749211e-02 2.80395542e-05 1.84863658e-04 8.45163282e-05
2.39686485e+02 5.03615220e-02 -4.35886714e-03 7.01251800e-02 6.77328575e-05 1.25126611e-04 4.51967009e-05
2.42409469e+02 5.54496632e-02 -4.14647520e-03 7.04263020e-02 4.59348322e-05 8.93468752e-05 2.60047169e-05
2.45129516e+02 5.23759060e-02 -6.56453965e-03 7.01871555e-02 3.82932758e-05 7.67825615e-05 1.28197400e-04
2.47847157e+02 5.23836396e-02 2.11779581e-03 6.70736187e-02 3.10595990e-05 1.13841208e-04 2.32392379e-04
2.50558688e+02 4.85905500e-02 -1.07124167e-03 6.70118616e-02 1.23098996e-04 1.09716611e-04 5.39594828e-05
2.53274641e+02 5.09824568e-02 -1.13059035e-03 6.15481597e-02 1.75171890e-04 5.51089669e-05 7.39269515e-05
2.55993360e+02 5.95765519e-02 -2.22103349e-03 5.23482880e-02 1.04856006e-04 5.62719609e-05 9.10801779e-05
2.58706094e+02 6.33568645e-02 7.43229232e-04 5.01220070e-02 8.39130383e-05 1.35892912e-04 3.43079115e-05
2.61423735e+02 7.11044809e-02 -1.27215973e-03 3.73597189e-02 5.73284206e-05 1.52346281e-04 1.04970998e-04
2.64146360e+02 7.65856900e-02 1.13078224e-04 1.52631143e-02 4.58753011e-05 4.42225388e-05 8.25741328e-05
2.66858985e+02 8.81076373e-02 -1.76144372e-03 -7.90961747e-04 1.07400560e-04 6.83390735e-05 6.02986873e-05
2.69561948e+02 8.30747214e-02 3.11199339e-03 -1.96736014e-02 4.57887451e-05 4.89062881e-05 3.22256571e-05
