6.62856505e-01 6.89986888e-02 4.92969264e-04 -3.46731559e-02 7.19956083e-05 1.69375914e-05 2.03252401e-05
3.37957376e+00 5.35510517e-02 -4.57743699e-03 -4.24997175e-02 6.49886130e-05 1.40452799e-04 3.52354534e-05
6.09867313e+00 4.16815704e-02 -4.66749545e-03 -5.20456398e-02 1.81925092e-04 1.79477345e-05 9.81730942e-05
8.81410610e+00 4.74384810e-02 -6.12477503e-03 -6.13081815e-02 1.45894206e-04 1.33678166e-04 9.14327521e-05
1.15297277e+01 5.86264889e-02 -5.16657657e-03 -6.72357432e-02 2.70952377e-05 7.14481313e-05 2.26381252e-05
1.42376230e+01 6.34586504e-02 -9.21161750e-03 -6.71981301e-02 3.66058861e-05 6.83630823e-05 4.11047645e-05
1.69538964e+01 6.23472863e-02 -9.35480826e-03 -6.49446082e-02 4.91730076e-05 1.01781602e-04 3.78722647e-05
1.96692058e+01 6.41222047e-02 -5.55600730e-03 -5.98526960e-02 9.32154647e-05 3.73129114e-05 6.03853362e-05
2.23849948e+01 6.30860936e-02 -1.90974898e-03 -5.36748582e-02 4.36004651e-05 3.49239717e-05 1.25479371e-04
2.50997574e+01 5.05168384e-02 -7.96128223e-04 -4.96001954e-02 1.04594049e-04 1.46694232e-04 3.47832089e-05
2.78142917e+01 4.31052497e-02 3.58484829e-03 -5.79371586e-02 3.85120903e-05 1.46102776e-04 8.68148729e-05
3.05393370e+01 4.99808962e-02 3.94445183e-03 -5.84877581e-02 3.98632716e-05 3.68299704e-05 3.81505444e-05
3.32602886e+01 4.49030845e-02 2.84151508e-03 -6.07966015e-02 8.13618832e-05 1.13903477e-04 6.16312060e-05
3.59805199e+01 3.86612034e-02 2.44424367e-03 -7.14161732e-02 3.87910673e-05 1.74595448e-05 5.10441509e-05
3.87034605e+01 3.84172960e-02 3.15413393e-03 -7.64218606e-02 6.76182410e-05 1.47729597e-04 1.44335378e-05
4.14360074e+01 3.74799865e-02 3.06550868e-03 -7.70926984e-02 5.97074322e-05 1.72756378e-04 5.15602023e-05
4.41549324e+01 3.03312385e-02 3.78355127e-03 -7.82607709e-02 5.19010325e-05 1.19635745e-04 1.90202210e-05
4.68638386e+01 1.14142669e-02 3.33587601e-03 -7.05445651e-02 6.84684844e-05 3.68920570e-04 2.35266491e-05
4.95831792e+01 -9.11519819e-03 7.00251861e-03 -6.66715298e-02 3.16938641e-05 3.35567171e-04 2.23317529e-05
5.23017573e+01 -2.84293081e-02 7.97139794e-03 -7.06399975e-02 2.83429431e-05 7.49091292e-04 1.13749646e-04
5.50142214e+01 -3.40801599e-02 1.16092349e-02 -7.87271753e-02 7.80968832e-05 6.33987363e-04 8.08290752e-05
5.77265355e+01 -3.14009678e-02 1.01864485e-02 -7.31581903e-02 7.69482539e-05 5.98435982e-04 3.37536316e-05
6.04420105e+01 -3.71429362e-02 1.13712299e-02 -7.14190087e-02 1.86629541e-05 4.52140676e-04 4.63968889e-05
6.31501167e+01 -4.85718541e-02 1.01535668e-02 -5.92188861e-02 7.17711462e-05 2.21845098e-04 3.94506478e-05
6.58611620e+01 -5.25838508e-02 6.86595986e-03 -4.78565564e-02 5.20330539e-05 6.39311110e-05 3.55199340e-05
6.85738652e+01 -5.26796611e-02 3.12572742e-03 -5.01366425e-02 6.28000802e-05 1.22454569e-04 3.47210210e-05
7.12855527e+01 -4.80601283e-02 -1.11893794e-03 -6.62926070e-02 9.04866087e-05 8.12790376e-05 5.45654974e-05
7.39996980e+01 -4.40597262e-02 -5.65218887e-03 -6.78820511e-02 5.41934199e-05 6.29801725e-05 3.03160361e-05
7.67159870e+01 -3.49496723e-02 -6.91312462e-03 -7.24092295e-02 9.34398592e-05 1.48184510e-04 5.29580026e-05
7.94319199e+01 -2.46028607e-02 -1.05471100e-02 -7.33216649e-02 1.95737645e-05 2.03521794e-04 1.24734790e-04
8.21501589e+01 7.35682781e-03 -8.36695924e-03 -7.77686324e-02 1.38545720e-04 1.55195781e-04 1.31989539e-05
8.48675198e+01 2.96284133e-02 -6.82092572e-03 -7.33220123e-02 9.47838668e-05 2.27507568e-04 2.36658860e-05
8.75918464e+01 3.68061785e-02 -2.57200320e-03 -6.29316478e-02 1.12397026e-04 1.99923178e-04 6.68974005e-05
9.03139089e+01 4.14516974e-02 -1.62445805e-03 -6.30826547e-02 5.14644509e-05 5.99369057e-05 1.06408766e-04
9.30297949e+01 4.27500015e-02 9.64424717e-03 -6.19280917e-02 1.29295075e-04 1.00507382e-04 6.44781646e-05
9.57492917e+01 5.00957925e-02 8.75156070e-03 -6.43346569e-02 6.02087065e-05 4.18879660e-05 1.10277085e-04
9.84625792e+01 5.79422810e-02 3.75492761e-03 -5.36909143e-02 2.34567852e-04 5.01153921e-05 8.19668077e-05
1.01191471e+02 5.68137464e-02 2.98038920e-03 -5.14027988e-02 5.92374057e-05 1.10884760e-04 5.00303273e-05
1.03911378e+02 5.69569704e-02 2.75862790e-03 -5.43275558e-02 8.71131721e-05 1.06636820e-04 3.49288723e-05
1.06630237e+02 5.70450617e-02 -1.30462364e-03 -6.11105698e-02 6.36159405e-05 1.06846191e-04 5.70269085e-05
1.09330721e+02 5.72794692e-02 -8.67400192e-03 -6.12482850e-02 3.25044559e-05 1.88401951e-04 7.08325478e-05
1.12039518e+02 5.82230988e-02 -8.42392837e-03 -4.53861963e-02 5.43813841e-05 1.01247675e-04 2.97609673e-05
1.14763815e+02 6.03101855e-02 -6.02138049e-03 -5.19838566e-02 5.31285475e-05 2.49053029e-04 5.58950308e-05
1.17474425e+02 7.09635748e-02 -1.92173525e-03 -4.43612413e-02 4.93650412e-05 2.63776951e-04 2.12467506e-05
1.20190753e+02 7.70216735e-02 -2.44503279e-04 -2.84701834e-02 2.91640611e-05 3.68835518e-04 5.41397517e-05
1.22909018e+02 7.43252878e-02 -3.58697654e-03 -1.57670194e-02 7.71499412e-05 4.25747549e-04 6.07101425e-05
1.25618909e+02 7.45022634e-02 -5.40622507e-03 2.53138638e-03 4.26670513e-05 2.95667215e-04 2.20767595e-05
1.28336096e+02 7.19360149e-02 -3.31917214e-03 1.11392083e-02 3.29426557e-05 2.67809441e-04 1.41610500e-05
1.31044768e+02 6.48474683e-02 -1.17374687e-02 2.05591689e-02 1.46255251e-04 2.06294499e-04 4.46974846e-05
1.33757612e+02 6.96482958e-02 2.33258614e-04 3.34238352e-02 5.94460047e-05 2.20471474e-04 5.50267760e-05
1.36473315e+02 6.78431088e-02 -6.61629161e-03 5.11292626e-02 2.33885647e-05 1.09592871e-04 1.67861347e-04
1.39195034e+02 6.61660269e-02 -8.54093965e-03 5.65331902e-02 1.07382370e-04 1.85792381e-04 4.40125282e-05
1.41900721e+02 6.89257375e-02 -7.51237581e-03 6.19866871e-02 4.88933803e-05 6.15908074e-05 7.68847882e-05
1.44620409e+02 5.65430250e-02 -1.08661815e-02 6.32502736e-02 5.59914706e-05 9.08217685e-05 4.78486234e-05
1.47333878e+02 5.01705572e-02 -1.44766620e-02 5.93656469e-02 1.27528131e-04 7.23174932e-05 4.23140528e-05
1.50052300e+02 5.10201286e-02 -1.22522421e-02 6.31718249e-02 1.42390906e-04 2.47016154e-04 6.77222131e-05
1.52779221e+02 4.90002596e-02 -8.03258128e-03 6.58563597e-02 1.25451520e-04 7.32588151e-05 6.26814912e-05
1.55499675e+02 4.63347458e-02 -4.08813595e-03 6.99161632e-02 8.18663114e-05 1.58863321e-04 1.25694850e-04
1.58216050e+02 4.07432609e-02 -2.22722353e-03 7.30303181e-02 3.09745862e-05 7.91770652e-05 1.35866877e-04
1.60927628e+02 2.51477381e-02 -8.58084157e-03 6.71921327e-02 6.19966281e-05 1.37769237e-04 1.83388560e-05
1.63647143e+02 1.09584771e-02 -3.51660063e-03 6.95901588e-02 4.02975225e-05 5.03147497e-05 5.78553277e-05
1.66356862e+02 -7.72641214e-03 -4.65561096e-03 6.78918939e-02 6.40375894e-05 6.88108437e-05 6.04559052e-05
1.69073612e+02 -2.79393410e-02 -1.10686891e-02 6.91064556e-02 3.88645357e-05 6.91776317e-05 3.44065351e-05
1.71791096e+02 -4.14758687e-02 -1.44674839e-02 6.79726332e-02 5.72934883e-05 9.49855690e-05 4.45441740e-05
1.74505846e+02 -4.98094424e-02 -1.09001433e-02 6.27685546e-02 6.94378776e-05 3.07441320e-05 3.09533401e-05
1.77226471e+02 -3.99592091e-02 -7.10446183e-03 5.93604343e-02 4.99747930e-05 1.32044264e-04 6.46450304e-05
1.79942050e+02 -4.45066955e-02 7.12171940e-04 6.06543242e-02 8.85516568e-05 6.34655444e-05 4.34960161e-05
1.82652628e+02 -5.20355123e-02 6.51106731e-03 6.24488162e-02 1.25134629e-04 7.92632270e-05 6.21395173e-05
1.85363628e+02 -5.17426573e-02 7.93629318e-05 6.30097519e-02 1.99531147e-05 5.60424082e-05 7.57771087e-05
1.88070596e+02 -5.60665102e-02 -4.24058541e-04 6.36921468e-02 4.94344471e-05 2.60614563e-04 4.16779061e-05
1.90802065e+02 -5.03710386e-02 -1.12073963e-02 5.82529188e-02 7.03923040e-05 2.12054524e-04 1.26984245e-04
1.93517925e+02 -4.60091324e-02 -6.72918808e-03 6.04915219e-02 4.95418796e-05 1.41478118e-04 3.02718965e-05
1.96231175e+02 -4.72342528e-02 -8.24327927e-03 6.14127451e-02 4.40880104e-05 1.52415312e-04 4.23999631e-05
1.98949300e+02 -4.99707492e-02 -8.51336434e-03 5.99372484e-02 3.37730487e-05 9.61417548e-05 8.70904348e-05
2.01662721e+02 -4.31998216e-02 -6.81816266e-03 6.37024068e-02 7.70216606e-05 4.49623319e-05 2.18330978e-05
2.04376800e+02 -3.39870888e-02 3.54308115e-04 7.20302936e-02 5.62425941e-05 6.98482235e-05 2.56063249e-04
2.07094440e+02 -2.61088090e-02 -9.43227899e-04 7.14986014e-02 8.80708669e-05 8.20419961e-05 4.34359843e-05
2.09810940e+02 -1.37746133e-02 -4.12121004e-03 7.37098684e-02 2.41727182e-05 2.75031017e-04 7.08595956e-05
2.12522221e+02 4.62158825e-03 -6.76937140e-03 6.59781209e-02 2.78990894e-05 2.23212646e-04 3.93632900e-05
2.15243737e+02 1.68212283e-02 -5.14532651e-03 6.55123690e-02 1.07857633e-04 3.22241254e-04 2.66064277e-05
2.17961753e+02 3.38048430e-02 -1.71293108e-03 6.48654684e-02 3.38184698e-05 6.64946539e-04 1.60793452e-04
2.20688987e+02 4.49003406e-02 4.47441653e-03 6.49599319e-02 8.97912698e-05 1.86747431e-04 6.51983298e-05
2.23413628e+02 5.83772990e-02 -1.38470224e-03 5.81712619e-02 6.76035664e-05 5.66095103e-04 6.04667881e-05
2.26126878e+02 6.18461876e-02 1.37814547e-03 5.98300717e-02 1.08786142e-05 5.11963191e-05 3.75331604e-05
2.28845393e+02 6.45168597e-02 -1.39416682e-03 5.78699563e-02 4.29660886e-05 2.89533448e-04 2.43805302e-04
2.31561534e+02 6.46908271e-02 -2.44054650e-03 5.70830323e-02 1.26147458e-04 1.88546350e-04 1.41085355e-05
2.34267768e+02 5.20575990e-02 -2.97586253e-03 5.87172065e-02 7.59692861e-05 1.70563992e-04 6.51473723e-05
2.36985878e+02 4.96379312e-02 -1.59746881e-03 6.01003620e-02 4.74714187e-05 3.09627224e-04 5.92062992e-05
2.39699503e+02 4.97258563e-02 3.15883585e-03 5.98034194e-02 4.82818255e-05 3.39252348e-04 8.63631716e-05
2.42412425e+02 4.75942243e-02 4.25269173e-03 6.43475129e-02 5.00305053e-05 1.93526298e-04 8.65665637e-05
2.45115831e+02 4.72678083e-02 5.54295530e-03 6.94019677e-02 1.49764384e-04 8.44772346e-05 7.55284196e-05
2.47834706e+02 4.84504581e-02 2.16030379e-04 6.77328885e-02 7.03752231e-05 8.36212970e-05 5.18336473e-05
2.50553956e+02 5.04518309e-02 3.90919977e-03 6.73756094e-02 8.01650069e-05 1.03337490e-04 6.65491105e-05
2.53266878e+02 5.15498244e-02 3.93126191e-03 5.96535837e-02 1.55609241e-04 1.17272061e-04 1.74824286e-04
2.55986534e+02 5.80038691e-02 -1.00088883e-03 5.88257794e-02 7.96932554e-05 3.30371326e-05 1.54711069e-04
2.58704550e+02 6.95160217e-02 -2.57325207e-03 5.08989880e-02 3.92828758e-05 1.37563517e-04 5.57195700e-05
2.61411893e+02 7.25655069e-02 2.46505273e-03 4.02462692e-02 1.35050220e-05 8.24339138e-05 6.19061916e-05
2.64116034e+02 7.99450705e-02 3.92335263e-03 1.99326833e-02 6.03406623e-05 9.00645850e-05 8.55513789e-05
2.66828206e+02 7.66812684e-02 3.62123770e-03 2.28286973e-03 4.77297361e-05 1.14717039e-04 3.26990014e-05
2.69546357e+02 7.29056357e-02 1.39133030e-03 -2.00038962e-02 6.45451893e-05 4.48106884e-05 8.13405889e-05
