6.71499627e-01 7.56642372e-02 -6.49286697e-03 -3.41179345e-02 7.66457211e-05 1.89275708e-05 2.02535998e-05
3.38480444e+00 7.36699503e-02 -9.69785818e-04 -3.73918668e-02 1.77741465e-05 8.24765048e-05 7.03043831e-05
6.09219757e+00 7.40276775e-02 3.44668524e-03 -4.94107457e-02 7.30698061e-05 1.50565448e-04 3.23256094e-05
8.80762913e+00 7.03490788e-02 1.91665109e-03 -5.54702994e-02 1.14508347e-04 1.65844768e-04 2.11473457e-05
1.15252833e+01 6.41332422e-02 4.55484463e-03 -5.90503875e-02 1.11109460e-04 3.87911305e-04 9.81202339e-05
1.42379287e+01 5.44190680e-02 -1.29338339e-03 -5.87608689e-02 4.85115151e-05 2.57954016e-04 1.56788615e-04
1.69615271e+01 5.00256780e-02 7.51919440e-04 -6.29325593e-02 5.74394319e-05 2.71466061e-04 6.62983846e-05
1.96779208e+01 4.85935304e-02 1.37882445e-03 -6.86486976e-02 7.70555851e-05 5.39967756e-04 7.76247813e-06
2.23926615e+01 5.32071786e-02 -5.63243777e-04 -6.58048194e-02 8.90107767e-05 3.22912932e-04 5.93624456e-05
2.51117037e+01 5.46139202e-02 -7.45950810e-03 -7.10074530e-02 6.85077550e-05 4.24571728e-04 7.84695883e-05
2.78299833e+01 5.75724552e-02 -6.22375723e-03 -6.52630107e-02 1.08279977e-04 9.98567256e-05 6.20753048e-05
3.05489130e+01 5.94681232e-02 -6.69940278e-03 -6.62076706e-02 1.64614738e-05 1.37417592e-04 3.13852125e-05
3.32645958e+01 5.87105694e-02 -1.08879514e-02 -5.80877508e-02 2.72775503e-05 8.80062144e-05 1.01498380e-04
3.59806865e+01 5.44432288e-02 -7.75948431e-03 -5.41232108e-02 2.94071392e-05 5.02561864e-05 5.06438947e-05
3.87026599e+01 5.21040736e-02 -4.86169997e-03 -5.30979463e-02 1.15397470e-04 1.02593762e-04 3.48448743e-05
4.14187224e+01 4.67718235e-02 -1.49600185e-03 -5.32882347e-02 2.33942886e-05 3.82939143e-04 6.04034543e-05
4.41379927e+01 2.80881738e-02 -2.92582496e-03 -6.39641901e-02 5.94896091e-05 1.80598583e-04 2.50188332e-05
4.68482755e+01 1.08421840e-02 -1.62013904e-03 -6.88259697e-02 1.11103777e-04 2.84293117e-04 8.52984269e-05
4.95685521e+01 1.41574926e-04 -6.82421231e-03 -6.98231256e-02 9.37829514e-05 1.73604722e-04 5.11702761e-05
5.22857037e+01 -1.57359473e-02 -7.08153627e-03 -6.80576410e-02 5.38751509e-05 2.88019670e-04 1.21790345e-04
5.50043755e+01 -2.39700804e-02 -7.78736957e-03 -4.83700441e-02 1.90010221e-05 1.71096390e-04 6.40846129e-05
5.77336709e+01 -4.42080727e-02 -5.10211399e-03 -5.26638288e-02 2.29383243e-05 1.33714334e-04 7.18202016e-05
6.04457349e+01 -5.17503466e-02 -3.40224011e-03 -5.62529764e-02 1.67459720e-05 1.07935405e-04 4.39006745e-05
6.31458802e+01 -5.26813817e-02 -3.73729744e-04 -6.19038743e-02 7.94459139e-05 4.59175793e-05 6.87672388e-05
6.58575630e+01 -4.59519914e-02 3.47319556e-04 -6.76715564e-02 4.25166531e-05 1.41528806e-04 2.48489631e-05
6.85792474e+01 -4.37041939e-02 -1.57020183e-04 -6.60924488e-02 2.15362633e-05 2.90889704e-04 1.11521017e-05
7.12921537e+01 -4.95950161e-02 3.94942754e-03 -6.15667041e-02 4.31106521e-05 4.14445395e-04 8.27887089e-05
7.40101630e+01 -4.61891381e-02 6.85427597e-03 -6.54853749e-02 1.04498448e-04 3.37304335e-04 1.67470879e-05
7.67212583e+01 -3.94837695e-02 1.50181185e-02 -6.95631688e-02 7.09976127e-05 1.63413689e-04 2.38730201e-05
7.94386318e+01 -3.49815508e-02 7.91880896e-03 -7.41641431e-02 5.47416443e-05 3.23465801e-04 1.37382189e-05
8.21522646e+01 -2.60443302e-02 1.10051111e-02 -7.89146940e-02 6.16421846e-05 1.06465595e-04 1.20868985e-04
8.48808115e+01 -1.36445998e-02 4.69838615e-03 -7.95906111e-02 4.79880814e-05 1.53939917e-04 5.06512392e-05
8.76021458e+01 4.80583957e-03 1.40192241e-03 -8.58846807e-02 5.57563331e-05 1.10064681e-04 4.68330755e-05
9.03300505e+01 3.74050285e-02 -4.97850909e-03 -7.88356147e-02 1.08864561e-04 6.19519897e-05 1.08225594e-04
9.30573974e+01 5.08142827e-02 -2.34856302e-03 -7.26905494e-02 4.35115721e-05 1.21258932e-04 3.47533812e-05
9.57704099e+01 5.18345985e-02 -9.16431722e-03 -6.82143599e-02 7.13029385e-05 1.67096487e-04 1.08907655e-04
9.84869990e+01 5.41896827e-02 -1.14383437e-02 -6.43886236e-02 1.12072640e-04 2.39331104e-04 1.56543221e-04
1.01188585e+02 5.72331640e-02 -9.40548950e-03 -6.20848866e-02 1.47152224e-04 3.23244565e-04 7.16749535e-05
1.03900304e+02 6.69698526e-02 -4.14104180e-03 -5.38029298e-02 2.51568865e-05 1.28773888e-04 1.27497647e-04
1.06608351e+02 6.39389462e-02 -3.63402813e-03 -5.12756005e-02 1.16249776e-04 2.09048109e-04 1.24564943e-04
1.09319085e+02 6.63481569e-02 -2.23965910e-03 -4.68299404e-02 2.30284073e-05 3.62863681e-04 1.66521567e-04
1.12032663e+02 6.23808053e-02 9.46593376e-04 -4.08974815e-02 5.70882467e-05 3.44690518e-04 5.44318060e-05
1.14747069e+02 6.44790719e-02 4.70599372e-03 -4.14190138e-02 3.21666664e-05 4.02189075e-04 7.80940454e-05
1.17465069e+02 6.45241770e-02 4.47705120e-03 -3.88456277e-02 9.28476913e-05 2.83169093e-04 1.01400452e-04
1.20165679e+02 5.93581209e-02 6.09886125e-03 -2.18949187e-02 4.73246308e-05 2.67592300e-04 7.22054767e-05
1.22875210e+02 5.70992565e-02 1.04724267e-02 -7.40401852e-03 7.66425880e-05 2.07728408e-04 2.35810873e-05
1.25587991e+02 6.01761137e-02 3.96623218e-03 1.81550188e-02 4.54025514e-05 1.35022592e-04 4.36537343e-05
1.28301679e+02 6.13474153e-02 8.01573406e-03 3.67249838e-02 1.09345070e-04 8.42148839e-05 5.62716676e-05
1.31015991e+02 5.47855323e-02 6.42772411e-03 4.80557726e-02 5.15505578e-05 2.74200304e-05 4.57809721e-05
1.33741960e+02 5.63941349e-02 8.25412587e-03 5.22978236e-02 8.44013288e-05 2.05673758e-05 4.83036125e-05
1.36473882e+02 5.34607710e-02 5.69972783e-04 6.37347176e-02 2.78844194e-05 9.29004764e-05 1.63856496e-05
1.39200897e+02 5.83967275e-02 -1.70605427e-03 6.93763814e-02 4.31518266e-05 1.01012528e-04 4.20264897e-05
1.41917038e+02 6.14400296e-02 7.99995149e-04 6.19699014e-02 2.80371714e-05 1.37006643e-04 5.18731503e-05
1.44628413e+02 5.59915329e-02 1.74891660e-03 5.04670525e-02 8.48756579e-05 1.29949524e-04 6.07211177e-05
1.47346913e+02 5.62204761e-02 -4.14826713e-03 5.12370489e-02 8.47775128e-05 1.22692532e-04 1.91103192e-04
1.50059366e+02 5.77912174e-02 -1.74184222e-03 5.19848860e-02 3.93437624e-05 1.18896110e-04 5.55024665e-05
1.52776772e+02 5.32930217e-02 -1.75913794e-03 6.07970354e-02 5.27203169e-05 1.15680956e-04 3.06662261e-05
1.55491960e+02 5.47498228e-02 -4.52873238e-03 6.38464717e-02 8.02363020e-05 2.49272418e-04 9.14134850e-05
1.58199179e+02 4.83250428e-02 -1.34397290e-02 6.09264559e-02 1.05711894e-04 3.09858775e-04 7.06859671e-05
1.60916147e+02 4.13306832e-02 -1.70720955e-02 6.85330631e-02 7.07238753e-05 2.84356263e-04 4.49508270e-05
1.63620960e+02 2.49605880e-02 -1.55683107e-02 6.95184573e-02 2.48178890e-05 2.06879903e-04 6.37595371e-05
1.66339085e+02 1.17802803e-02 -1.27325941e-02 7.64906162e-02 1.42241813e-04 1.74340076e-04 7.14470251e-05
1.69058163e+02 1.55342290e-02 -1.10105783e-02 7.72755473e-02 1.16262405e-04 2.17784150e-04 4.42870575e-05
1.71774585e+02 -6.20599647e-03 -1.27041353e-02 7.79082792e-02 2.04121674e-05 8.88400153e-05 1.15767505e-05
1.74498007e+02 -3.28380433e-02 -7.17322284e-03 7.20834405e-02 5.03390388e-05 1.04307467e-04 6.16238169e-05
1.77213491e+02 -4.84678744e-02 -9.65412101e-03 7.31215345e-02 5.27816997e-05 8.65173461e-05 4.25556663e-05
1.79925757e+02 -5.88251821e-02 -1.38249426e-02 7.23021677e-02 4.17668031e-05 8.53712196e-05 1.37924404e-04
1.82644897e+02 -5.68932466e-02 -1.34741584e-02 6.99011579e-02 5.03419804e-05 7.77616919e-05 1.42735197e-05
1.85357085e+02 -5.19150631e-02 -1.68425576e-02 6.53755970e-02 4.24352585e-05 1.00648111e-04 5.65226127e-05
1.88073866e+02 -6.53426448e-02 -5.40192615e-03 5.88762041e-02 5.46721217e-05 6.58612568e-05 2.88707234e-05
1.90796726e+02 -6.30578721e-02 -2.30638613e-03 5.71692293e-02 6.43573525e-05 9.19638786e-05 1.36437711e-05
1.93509272e+02 -5.55901662e-02 1.95396153e-03 5.64574529e-02 6.33022841e-05 1.07271714e-04 3.15598062e-05
1.96221710e+02 -5.39344828e-02 -3.04255444e-03 6.83380874e-02 5.03049755e-05 3.69572473e-05 8.60976617e-05
1.98933929e+02 -4.96556535e-02 -3.99274731e-03 6.52317424e-02 1.45961106e-04 1.81373192e-04 3.45403106e-05
2.01646054e+02 -4.29201782e-02 -6.52513953e-03 5.94917303e-02 8.86760506e-05 9.28905827e-05 3.45271822e-05
2.04380272e+02 -2.06870870e-02 1.06233319e-03 6.93324053e-02 2.28378544e-05 1.56616659e-04 5.97554149e-05
2.07098460e+02 -2.13201510e-02 1.43626390e-03 7.43410201e-02 5.01148243e-05 1.32376777e-04 3.64334645e-05
2.09819476e+02 -2.72602667e-03 2.45829248e-03 7.21393294e-02 2.43926348e-05 7.15530571e-05 3.25427726e-05
2.12541366e+02 7.46603471e-03 3.71159585e-03 7.74995728e-02 7.02648419e-05 1.27934933e-04 6.29375185e-05
2.15253366e+02 2.45858564e-02 9.13552080e-03 7.81101331e-02 1.00529965e-04 1.50179001e-04 5.26339379e-05
2.17977288e+02 3.56159922e-02 7.20696230e-03 8.36775059e-02 5.23912126e-05 1.49839083e-04 1.64846489e-04
2.20693647e+02 4.04617596e-02 7.01265490e-03 7.68625235e-02 6.99471609e-05 1.83897504e-04 4.66152081e-05
2.23407819e+02 4.35877081e-02 1.89734901e-03 6.90436308e-02 3.08174064e-05 8.45118724e-05 6.43266763e-05
2.26117007e+02 3.99467557e-02 -2.99774999e-04 6.87138016e-02 4.96520830e-05 1.47302801e-04 3.98932437e-05
2.28826382e+02 4.90661790e-02 -2.68628511e-03 6.95680637e-02 4.64463953e-05 3.40939756e-05 1.13523123e-04
2.31532663e+02 6.12986071e-02 -4.69170405e-03 5.78117943e-02 6.86978233e-05 5.19437534e-05 4.67775005e-05
2.34246835e+02 6.07086347e-02 -8.32573440e-03 5.89618925e-02 1.52248584e-05 4.07578383e-05 4.99687877e-05
2.36966632e+02 5.80043258e-02 -7.15272420e-03 5.27278078e-02 2.71622355e-05 7.93054207e-05 1.32608289e-04
2.39677538e+02 5.76601752e-02 -1.10790004e-02 5.17685462e-02 4.19260277e-05 7.56043310e-05 4.61171449e-05
2.42384757e+02 5.73779262e-02 -1.14067287e-02 5.58527775e-02 6.19976700e-05 2.00627541e-04 6.42084378e-05
2.45096976e+02 5.73003986e-02 -6.58987582e-03 5.72069282e-02 1.38295896e-05 6.14709096e-05 6.41158220e-05
2.47812397e+02 6.09730135e-02 -1.18542928e-02 5.89093033e-02 1.56700569e-05 1.23176558e-04 1.44453643e-04
2.50530210e+02 6.75671287e-02 -6.12625049e-03 5.43440877e-02 3.36801591e-05 1.37050724e-04 4.04390187e-05
2.53248929e+02 6.66344004e-02 -6.17980020e-03 5.92786158e-02 1.67534989e-05 8.21794285e-05 5.65757242e-05
2.55962585e+02 6.70062125e-02 -4.34727346e-04 5.87644227e-02 2.06206152e-05 4.85602128e-05 4.43687439e-05
2.58672366e+02 6.12477284e-02 -4.63132951e-03 5.32361082e-02 6.33700444e-05 4.37004159e-05 5.32873074e-05
2.61391538e+02 6.30702857e-02 -1.31500221e-03 3.75466199e-02 5.95235503e-05 7.07660126e-05 1.05057726e-04
2.64103929e+02 7.59380775e-02 -2.92133422e-03 1.58254716e-02 7.55149259e-05 1.06081719e-04 9.91131620e-05
2.66817069e+02 6.95650027e-02 -1.55230736e-03 -2.58226362e-03 8.80798950e-05 1.36713631e-04 1.49514645e-05
2.69543313e+02 7.61032785e-02 -7.30174799e-03 -1.68808590e-02 3.50739261e-05 6.79206866e-05 8.79482998e-05
