6.55531140e-01 7.54857714e-02 -4.46055910e-03 -2.21402151e-02 4.06322492e-05 1.30785127e-04 7.66892833e-05
3.37390802e+00 7.32903768e-02 -9.07154199e-04 -4.05916355e-02 6.58422845e-05 1.07733030e-04 2.27990304e-05
6.09733302e+00 6.96479259e-02 3.75684789e-03 -5.72468122e-02 7.83485959e-05 1.26329644e-04 6.43930444e-05
8.82334911e+00 5.89695760e-02 9.08881326e-03 -5.68527729e-02 9.52050058e-05 1.34674842e-04 6.48646794e-05
1.15428885e+01 6.46982101e-02 -5.73363395e-05 -5.72010770e-02 8.68790570e-05 2.52847508e-04 1.01069106e-04
1.42624682e+01 6.48371259e-02 -3.61591563e-03 -4.83795078e-02 9.39397868e-05 5.34053050e-04 5.86359259e-05
1.69705697e+01 6.44494427e-02 -4.20091424e-03 -5.00804887e-02 6.11529046e-05 2.94967945e-04 4.58988901e-05
1.96892166e+01 7.16438617e-02 -1.67794158e-03 -4.27197106e-02 7.87190086e-05 1.30955529e-04 8.91051441e-05
2.24013119e+01 6.65455278e-02 3.22745015e-03 -5.22870723e-02 3.43201114e-05 2.40878712e-04 3.14578713e-05
2.51136619e+01 6.64849146e-02 5.29575063e-03 -5.77877974e-02 9.07246017e-05 7.93466423e-05 5.86503318e-05
2.78284713e+01 6.02701994e-02 4.38789994e-03 -6.17524453e-02 3.57336361e-05 8.67063968e-05 2.50399089e-05
3.05483072e+01 5.69904103e-02 -7.37583778e-04 -6.13451583e-02 1.00124997e-04 7.27049937e-05 5.08098290e-05
3.32660432e+01 5.35714621e-02 -1.67634689e-03 -5.75895926e-02 6.89149151e-05 4.79777280e-05 9.63580921e-05
3.59747275e+01 5.24467878e-02 3.14010391e-04 -5.75112282e-02 2.05576149e-05 1.03727488e-04 1.88494824e-05
3.86924307e+01 4.66136852e-02 -3.65693834e-04 -6.17594487e-02 6.46415780e-05 2.72972708e-04 1.93987122e-05
4.14147307e+01 4.70891164e-02 -2.26031047e-03 -6.50609918e-02 5.12586171e-05 1.74674768e-04 2.63066348e-05
4.41189588e+01 4.33225118e-02 -4.06253077e-03 -6.81665398e-02 1.79625387e-05 2.05423022e-04 4.55129843e-05
4.68327791e+01 2.88878083e-02 -6.59282485e-03 -7.04923365e-02 6.65835907e-05 3.62088359e-04 2.81622359e-05
4.95481229e+01 2.14888008e-02 -6.48047407e-03 -6.55014485e-02 9.83824919e-05 3.10202919e-04 4.10994122e-05
5.22714182e+01 4.42110735e-03 -5.97550396e-03 -6.52183743e-02 1.20449168e-04 4.21280763e-04 3.97483921e-05
5.49924385e+01 -1.38209936e-02 -4.60545409e-03 -6.58852461e-02 1.51069748e-04 3.13925272e-05 7.66932578e-05
5.77119619e+01 -3.11039239e-02 -4.46412662e-03 -6.81320955e-02 4.93453819e-05 1.49444986e-04 5.90300341e-05
6.04339932e+01 -3.92274993e-02 -1.18064443e-03 -6.50787140e-02 3.26669531e-05 4.31813194e-05 1.95221709e-05
6.31592025e+01 -4.38232239e-02 -3.37856429e-03 -6.48030912e-02 8.35424276e-05 5.90630062e-05 3.94651273e-05
6.58855682e+01 -5.09868349e-02 -9.25798773e-03 -6.04448278e-02 6.72474384e-05 5.85794989e-05 3.43886730e-05
6.86108291e+01 -5.44076340e-02 -4.19257929e-03 -5.90488099e-02 6.13449183e-05 1.89872986e-04 8.04180354e-05
7.13285244e+01 -5.28411936e-02 -7.74212164e-03 -5.78979016e-02 5.49834991e-05 5.73330831e-05 6.26731280e-05
7.40453854e+01 -4.49211676e-02 -2.77296441e-03 -6.25326848e-02 4.84723928e-05 2.59612969e-04 7.31314003e-05
7.67632854e+01 -3.00274194e-02 -7.49023238e-03 -7.88338775e-02 3.01975682e-05 2.60116607e-04 7.26329360e-05
7.94838838e+01 -1.54781150e-02 2.66403824e-04 -7.93140481e-02 1.56531030e-04 3.19514699e-04 6.94135889e-05
8.21952229e+01 -1.55683288e-03 -1.02013862e-03 -7.62334301e-02 7.23808254e-05 3.25811888e-04 7.80378065e-05
8.49072057e+01 9.66936322e-03 3.50860351e-03 -7.51147048e-02 1.40770963e-04 8.73920764e-05 7.04564616e-05
8.76161494e+01 2.81503179e-02 6.91346015e-03 -7.92677096e-02 5.95516352e-05 4.81227752e-05 5.00390313e-05
9.03318619e+01 4.05814779e-02 8.99684451e-03 -7.30352280e-02 7.66939199e-05 1.12835968e-04 1.91227537e-05
9.30473307e+01 5.11616191e-02 1.34519947e-02 -7.07114454e-02 1.16490847e-04 3.64476602e-05 6.08170020e-05
9.57564854e+01 5.80773033e-02 1.21334352e-02 -6.99868626e-02 5.45540985e-05 7.00634887e-05 2.78852487e-05
9.84750822e+01 5.48188294e-02 9.11321719e-03 -7.05084527e-02 1.22520877e-04 1.28473068e-04 1.99251497e-05
1.01182345e+02 4.33669464e-02 1.23827428e-02 -7.35675951e-02 6.27260011e-05 2.49398212e-04 7.04024263e-05
1.03895751e+02 5.38818655e-02 1.10523694e-02 -6.65743399e-02 1.18791621e-04 1.54948687e-05 3.62659034e-05
1.06610735e+02 5.47223128e-02 1.25420490e-02 -5.39044096e-02 6.65717383e-05 1.67589566e-04 5.16256324e-05
1.09322923e+02 6.39574021e-02 5.52052071e-03 -4.16746905e-02 2.87180180e-05 7.01183335e-05 5.09954447e-05
1.12048642e+02 7.16229316e-02 -3.61894761e-03 -2.28453914e-02 5.34214796e-05 6.60380865e-05 6.39742652e-05
1.14758673e+02 6.89248030e-02 -6.79541537e-03 -3.52439242e-03 6.00085650e-05 9.56014096e-05 6.90730012e-05
1.17474267e+02 6.01249704e-02 -8.53850304e-03 1.04857245e-02 6.27911846e-05 1.65900267e-04 1.38697847e-04
1.20192360e+02 6.39919319e-02 4.85424132e-04 1.74020703e-02 9.63000198e-05 2.26237649e-04 8.69830375e-05
1.22899345e+02 6.44856343e-02 -5.86935533e-03 3.11445370e-02 1.09541357e-05 1.40922486e-04 3.18757160e-05
1.25623563e+02 5.75941725e-02 3.79214663e-03 4.70422714e-02 3.60801703e-05 1.52833701e-04 1.57613719e-05
1.28342782e+02 5.85911606e-02 6.17677700e-03 4.56180197e-02 5.02263541e-05 1.88522447e-04 8.77099845e-05
1.31053688e+02 5.76867529e-02 9.43622711e-03 4.88636609e-02 3.33905849e-05 2.37981986e-04 3.16106093e-05
1.33770220e+02 5.68564452e-02 1.48749652e-03 5.42166283e-02 3.85655150e-05 3.43833543e-04 7.34073854e-05
1.36469532e+02 5.38377763e-02 -1.16253692e-03 5.65746913e-02 5.27650004e-05 4.21994310e-04 7.84619502e-06
1.39174704e+02 5.72240463e-02 -8.17125387e-04 5.91405322e-02 3.51656802e-05 1.20832224e-04 1.93461202e-04
1.41885532e+02 5.77936223e-02 -7.56705776e-04 5.78936387e-02 8.10037749e-05 2.01032900e-04 1.13850163e-04
1.44603392e+02 5.67608936e-02 3.91611076e-03 5.02319891e-02 4.71507733e-05 1.94993469e-04 8.49633512e-05
1.47329017e+02 5.51922610e-02 1.33526548e-02 5.02869040e-02 1.89730791e-05 1.16914025e-04 9.75079610e-05
1.50049470e+02 4.27637286e-02 1.55303694e-02 5.89928478e-02 8.61370902e-05 1.42484703e-04 5.17091167e-05
1.52767907e+02 4.79202671e-02 1.58685961e-02 6.02172995e-02 2.77832602e-05 1.42185640e-04 4.75275020e-05
1.55488688e+02 4.79093512e-02 1.25816114e-02 6.96332994e-02 5.70951273e-05 9.26017299e-05 4.88035318e-05
1.58202595e+02 5.03506924e-02 1.06158177e-02 6.55321849e-02 6.64175710e-05 1.46156206e-05 7.44601244e-05
1.60927079e+02 4.49014407e-02 -3.25684053e-06 7.11290966e-02 7.87399728e-05 2.35829318e-05 2.47959107e-05
1.63641751e+02 4.08471244e-02 4.73932387e-03 7.19006748e-02 7.58968660e-06 4.57071493e-05 2.46171902e-05
1.66361235e+02 2.84156299e-02 5.77373221e-03 7.35480132e-02 2.89909009e-05 4.03979592e-05 5.25896197e-05
1.69078688e+02 5.26522318e-03 3.68781229e-03 7.81301998e-02 6.93947981e-05 3.75660228e-05 3.30461486e-05
1.71791407e+02 -1.79771413e-02 5.52809341e-03 7.69077268e-02 3.35548017e-05 2.39540110e-05 1.57546862e-05
1.74502220e+02 -3.34831393e-02 3.33752415e-03 7.54724338e-02 4.22099331e-05 2.66783051e-04 3.97755112e-05
1.77218282e+02 -4.83810288e-02 3.21980120e-03 7.60444918e-02 2.55505252e-05 3.69926668e-04 7.40952408e-05
1.79934407e+02 -4.16769943e-02 4.62706932e-03 7.53814870e-02 3.45939345e-05 1.54399255e-04 1.20604888e-05
1.82658595e+02 -4.42356453e-02 -2.59850627e-03 6.96090824e-02 3.00462221e-05 2.58459103e-04 5.13803428e-05
1.85368392e+02 -5.38148417e-02 8.51628176e-04 6.91831198e-02 7.73926207e-05 3.42645048e-04 4.24064190e-05
1.88087704e+02 -5.62238753e-02 4.62310672e-04 6.66072583e-02 4.97120261e-05 1.17994884e-04 5.64059628e-05
1.90802938e+02 -4.16703889e-02 8.65663640e-03 6.89983087e-02 7.00284144e-05 1.66921430e-04 5.35884038e-05
1.93517876e+02 -3.77883628e-02 1.00179998e-02 7.06647332e-02 2.67686630e-05 8.02745471e-05 2.51420398e-05
1.96242970e+02 -3.32630077e-02 8.89599560e-03 7.26228791e-02 4.30794565e-05 5.42785775e-05 6.18986894e-05
1.98967657e+02 -3.71110056e-02 -2.43530534e-03 7.38953864e-02 5.54063104e-05 1.43932209e-04 3.15704303e-05
2.01684673e+02 -4.78954302e-02 -5.81931280e-03 7.89412509e-02 4.71132173e-05 8.35304341e-05 4.75061291e-05
2.04404813e+02 -3.96302221e-02 -6.23386758e-03 7.33556991e-02 7.27313262e-05 5.10628140e-05 1.23908913e-04
2.07107767e+02 -2.40440097e-02 -8.48426518e-04 7.22985911e-02 4.37801257e-05 1.15807262e-04 7.01281482e-05
2.09822095e+02 -1.47589450e-02 -3.37965604e-03 7.12506593e-02 8.98340323e-05 7.95555304e-05 5.77470973e-05
2.12547642e+02 -1.32133422e-02 5.98032760e-04 7.52812622e-02 1.17645261e-04 1.96417513e-04 1.18926975e-04
2.15257813e+02 5.46225581e-03 -5.82166691e-03 7.28434929e-02 4.15182013e-05 1.65506036e-04 4.93842247e-05
2.17970501e+02 3.15438211e-02 -1.55487760e-03 6.73241767e-02 7.06183805e-05 8.32524619e-05 7.46665968e-05
2.20681095e+02 5.01591942e-02 -6.75737966e-03 6.35055675e-02 3.41701779e-05 3.03047413e-04 7.49596417e-05
2.23391626e+02 6.21670804e-02 -9.36312259e-03 5.26394679e-02 5.01363207e-05 9.09077192e-05 7.81270911e-05
2.26109188e+02 6.60810089e-02 -6.88800151e-03 4.80296779e-02 6.80670855e-05 1.02420086e-04 5.19249955e-05
2.28831626e+02 6.99653916e-02 -3.48189127e-03 4.96808331e-02 5.77390855e-05 8.10334515e-05 9.31517764e-05
2.31552501e+02 6.32411861e-02 -3.97740753e-03 5.28461284e-02 1.22176752e-05 4.91540130e-05 4.86536818e-05
2.34262032e+02 6.65697332e-02 1.38161209e-03 5.49623634e-02 2.81424460e-05 9.60985985e-05 5.01352049e-05
2.36975673e+02 6.63161223e-02 1.52072239e-03 5.19902431e-02 1.80129374e-05 1.28176285e-04 5.08112322e-05
2.39698032e+02 6.17012422e-02 5.54455209e-03 5.61409950e-02 5.96117653e-05 7.06235297e-05 4.11600279e-05
2.42413407e+02 5.28788721e-02 4.17743268e-03 6.60725925e-02 4.87253118e-05 5.75801803e-05 5.07096056e-05
2.45126126e+02 6.06750701e-02 -4.85619039e-03 6.46134651e-02 1.29676663e-05 1.13736334e-04 6.20629088e-05
2.47837407e+02 6.41744636e-02 -2.50885061e-03 5.03719603e-02 4.63930557e-05 8.06855468e-05 7.36554292e-05
2.50551767e+02 6.80564683e-02 -4.02140495e-03 4.69739441e-02 5.10522780e-05 2.76193265e-04 7.19420412e-05
2.53261423e+02 7.25680279e-02 -4.24308059e-03 4.24537077e-02 2.61910334e-05 1.96507643e-04 1.85593468e-05
2.55972298e+02 6.45584165e-02 -9.46089319e-03 4.50811038e-02 3.97902851e-05 2.92116245e-04 9.85861750e-05
2.58687501e+02 6.76398571e-02 -6.61157107e-03 4.22804250e-02 7.75004802e-05 2.64189969e-04 1.09590253e-04
2.61405720e+02 6.36045668e-02 -6.34978193e-03 3.68360919e-02 4.92147066e-05 3.07199353e-04 6.89736966e-05
2.64121423e+02 7.21711569e-02 -6.96237672e-03 2.41959865e-02 5.77051190e-05 3.21235013e-04 2.85930812e-05
2.66833610e+02 7.60335737e-02 -7.03468572e-03 8.60631532e-03 4.31589925e-05 8.88601803e-05 5.67717169e-05
2.69551941e+02 8.10851208e-02 -5.29565839e-03 -7.07162181e-03 1.60781770e-05 4.36107224e-05 8.37414468e-05
