6.55292264e-01 7.74560558e-02 -3.04707661e-03 -2.20118655e-02 2.96550014e-05 1.20847475e-04 8.51798955e-05
3.37450441e+00 7.55306701e-02 -1.90496418e-03 -4.15325750e-02 8.57458695e-05 1.11059358e-04 1.85907504e-05
6.09807596e+00 6.92421620e-02 4.69851260e-03 -5.73069586e-02 7.35745086e-05 9.82318490e-05 6.65379048e-05
8.82123362e+00 5.90119928e-02 8.78237929e-03 -5.69302500e-02 1.22231733e-04 1.54398262e-04 4.62542863e-05
1.15425142e+01 6.44392340e-02 2.70751511e-04 -5.68290656e-02 9.29001142e-05 2.87905135e-04 9.23890097e-05
1.42632158e+01 6.33640589e-02 -3.56505694e-03 -4.55657783e-02 9.61664819e-05 4.91096887e-04 8.13541082e-05
1.69675752e+01 6.24026178e-02 -3.88332961e-03 -4.83028164e-02 7.91299790e-05 2.56469453e-04 3.30700303e-05
1.96881861e+01 6.99389108e-02 -1.21677711e-03 -4.29149135e-02 5.37061513e-05 1.61091750e-04 9.13094523e-05
2.24025799e+01 6.65502850e-02 3.47943689e-03 -5.38304793e-02 3.25424300e-05 2.60741423e-04 4.64309322e-05
2.51142424e+01 6.67685340e-02 5.67682582e-03 -5.86309052e-02 6.92778717e-05 5.48664917e-05 4.65825533e-05
2.78310299e+01 6.05219925e-02 4.68526461e-03 -6.42406435e-02 5.21731870e-05 1.05785885e-04 3.73735759e-05
3.05494846e+01 6.03494036e-02 3.50015302e-04 -6.19900372e-02 8.74732597e-05 6.39044580e-05 5.30136990e-05
3.32637564e+01 5.47203333e-02 -1.80971760e-03 -5.71292382e-02 6.58826197e-05 4.94546137e-05 8.64697372e-05
3.59750768e+01 5.24571726e-02 -6.48949020e-04 -5.89646538e-02 2.67422969e-05 7.98373678e-05 1.86661873e-05
3.86935674e+01 4.63596011e-02 -1.07482644e-03 -6.16397849e-02 8.34459831e-05 3.11806269e-04 1.23413690e-05
4.14134158e+01 4.52979096e-02 -3.32028376e-03 -6.59413196e-02 7.14318298e-05 1.86551640e-04 3.09378221e-05
4.41189549e+01 4.33064554e-02 -5.51404072e-03 -6.58277825e-02 1.89942516e-05 1.83649312e-04 6.10945723e-05
4.68319424e+01 2.93206485e-02 -8.49092616e-03 -7.12795033e-02 7.26190926e-05 3.43623248e-04 1.92208401e-05
4.95453111e+01 2.12103129e-02 -6.71302295e-03 -6.54982069e-02 6.71329866e-05 2.72116389e-04 6.19903608e-05
5.22677330e+01 3.35104194e-03 -6.40945474e-03 -6.57217993e-02 1.47965014e-04 3.75552954e-04 4.06461495e-05
5.49922377e+01 -1.48839531e-02 -3.08628325e-03 -6.58244603e-02 1.37146154e-04 4.78510227e-05 5.45458289e-05
5.77093986e+01 -3.15476697e-02 -5.51626055e-03 -6.95662579e-02 5.38720642e-05 1.37856030e-04 4.09299950e-05
6.04318221e+01 -4.01865892e-02 -7.30786291e-04 -6.42455339e-02 2.75946441e-05 5.90629145e-05 3.22604784e-05
6.31592549e+01 -4.53956829e-02 -3.26286169e-03 -6.65979197e-02 6.39347660e-05 9.19682356e-05 4.16065336e-05
6.58828799e+01 -5.08677154e-02 -8.77991802e-03 -6.08100509e-02 7.83181625e-05 6.03536072e-05 4.58091588e-05
6.86053424e+01 -5.61540900e-02 -4.63299742e-03 -5.82428054e-02 4.72994894e-05 1.72712217e-04 8.78433545e-05
7.13261533e+01 -5.49460165e-02 -8.56576637e-03 -5.83914976e-02 5.25009319e-05 6.27126187e-05 6.61434093e-05
7.40404611e+01 -4.76787042e-02 -2.23148544e-03 -6.20891022e-02 5.22185582e-05 2.51571886e-04 5.58247532e-05
7.67623002e+01 -3.13655806e-02 -7.52247850e-03 -7.78374375e-02 3.14421670e-05 2.42139554e-04 7.08611777e-05
7.94820017e+01 -1.52346710e-02 1.53237809e-03 -7.81467035e-02 1.58867616e-04 3.90949265e-04 8.36139437e-05
8.21939674e+01 -2.70911579e-03 -1.40230440e-03 -7.60725240e-02 1.43547814e-04 2.97089878e-04 7.45199437e-05
8.49044189e+01 8.95048200e-03 3.67696234e-03 -7.40174575e-02 1.69424146e-04 8.32078841e-05 5.07879115e-05
8.76152705e+01 2.63798372e-02 7.10563584e-03 -7.86631275e-02 6.92946276e-05 5.43054437e-05 3.15770158e-05
9.03264080e+01 3.96170965e-02 9.45920289e-03 -7.31320906e-02 9.38914460e-05 8.11852006e-05 2.80939390e-05
9.30438939e+01 5.09912998e-02 1.42248245e-02 -6.98536653e-02 7.97083275e-05 2.24263910e-05 5.05319159e-05
9.57549689e+01 5.70255723e-02 1.17949845e-02 -7.00773536e-02 5.31662022e-05 9.38120755e-05 2.11365481e-05
9.84755236e+01 5.28518669e-02 6.32034114e-03 -7.14174946e-02 1.10225564e-04 8.12229858e-05 2.13192942e-05
1.01178775e+02 4.46465724e-02 1.23159540e-02 -7.36747144e-02 7.01543679e-05 1.83262466e-04 7.02373855e-05
1.03894588e+02 5.36413638e-02 1.19587689e-02 -6.71048288e-02 9.06938962e-05 2.53513287e-05 5.78019070e-05
1.06606135e+02 5.50221435e-02 1.23634828e-02 -5.43879741e-02 6.50828562e-05 1.63803437e-04 4.30023705e-05
1.09318103e+02 6.41271198e-02 5.02877660e-03 -4.32455794e-02 3.16858068e-05 8.61781455e-05 7.03064657e-05
1.12046978e+02 6.88432193e-02 -3.37970842e-03 -2.42089845e-02 4.32263438e-05 8.43588091e-05 5.05756785e-05
1.14752775e+02 6.97477811e-02 -5.16945556e-03 -2.65880975e-03 9.23692810e-05 1.23730876e-04 6.22331952e-05
1.17471166e+02 6.20456534e-02 -9.32956898e-03 9.69293686e-03 4.35623711e-05 1.60274261e-04 1.46340391e-04
1.20190072e+02 6.49147968e-02 2.28248762e-04 1.67854873e-02 1.23048333e-04 2.97308367e-04 8.90241209e-05
1.22895041e+02 6.40036804e-02 -5.71636249e-03 3.14535073e-02 3.18225340e-05 1.38017770e-04 5.05879646e-05
1.25619150e+02 5.82069519e-02 2.88451180e-03 4.79232079e-02 2.12076524e-05 2.07160690e-04 2.22719694e-05
1.28337713e+02 5.71745669e-02 7.23092427e-03 4.57680151e-02 4.25432161e-05 1.93252592e-04 8.98371525e-05
1.31050447e+02 5.77793893e-02 1.03357815e-02 4.98477963e-02 5.15865831e-05 2.26947470e-04 3.00150838e-05
1.33766260e+02 5.63836171e-02 2.53922231e-03 5.50152948e-02 4.42667342e-05 3.34339093e-04 6.19222711e-05
1.36471603e+02 5.45069176e-02 -2.08132118e-03 5.71718033e-02 2.80561675e-05 4.14175056e-04 7.65332221e-06
1.39169728e+02 5.70834324e-02 -7.90155191e-04 5.82240921e-02 4.37098064e-05 1.15372418e-04 1.73666853e-04
1.41883072e+02 5.61730306e-02 1.03677303e-03 5.80396745e-02 7.09969096e-05 2.28310945e-04 1.01455473e-04
1.44600619e+02 5.65895570e-02 5.28521049e-03 5.03100580e-02 3.49312564e-05 1.77686802e-04 9.44066997e-05
1.47325885e+02 5.47175349e-02 1.33967843e-02 4.93652256e-02 2.63502350e-05 1.43392161e-04 1.10800339e-04
1.50045072e+02 4.36251118e-02 1.40481212e-02 5.83186707e-02 9.94717539e-05 1.14064242e-04 5.39307532e-05
1.52766635e+02 4.80599060e-02 1.42793921e-02 6.00547589e-02 3.88639604e-05 1.67223901e-04 7.33034556e-05
1.55484135e+02 4.80349653e-02 1.28124915e-02 6.99302249e-02 8.28615144e-05 9.38239134e-05 2.62443053e-05
1.58196713e+02 5.00333882e-02 1.04338734e-02 6.53312764e-02 6.03488332e-05 3.32921666e-05 9.91264324e-05
1.60922556e+02 4.49663372e-02 -7.28396725e-04 6.89139105e-02 6.89745759e-05 4.77183867e-05 2.95357616e-05
1.63637791e+02 4.02661134e-02 5.05552295e-03 7.08993703e-02 1.58481028e-05 6.13427157e-05 1.35778246e-05
1.66356806e+02 2.87780811e-02 5.94813944e-03 7.29647390e-02 4.39815521e-05 3.46551595e-05 4.24922675e-05
1.69075853e+02 5.13198876e-03 2.73280433e-03 7.76185118e-02 8.38738839e-05 3.42007476e-05 5.38612448e-05
1.71784635e+02 -1.61177204e-02 4.20680153e-03 7.79810174e-02 2.30697079e-05 2.66071419e-05 1.77456920e-05
1.74497978e+02 -3.17880951e-02 2.21436982e-03 7.49696422e-02 4.57648569e-05 2.26455823e-04 4.77641586e-05
1.77212010e+02 -4.85694737e-02 2.59550970e-03 7.62988838e-02 1.86849024e-05 3.99330903e-04 6.49641978e-05
1.79929900e+02 -4.09371082e-02 3.59822861e-03 7.57581571e-02 3.71838443e-05 1.39490363e-04 2.26611427e-05
1.82652838e+02 -4.55582990e-02 -3.48677965e-03 6.94697686e-02 4.59182578e-05 2.69416840e-04 5.03580756e-05
1.85363025e+02 -5.48226429e-02 -6.80407258e-05 6.94212949e-02 6.21005430e-05 3.25088143e-04 3.18648634e-05
1.88083275e+02 -5.73965248e-02 3.22492626e-04 6.42508249e-02 4.97904441e-05 1.26208208e-04 7.40279178e-05
1.90797963e+02 -4.29801358e-02 8.05028676e-03 6.80209610e-02 6.82190712e-05 2.04810678e-04 5.39600539e-05
1.93513385e+02 -3.77649927e-02 9.60484943e-03 7.14881719e-02 2.75468854e-05 9.02375089e-05 4.38338499e-05
1.96238588e+02 -3.37299887e-02 8.25987853e-03 7.41243047e-02 4.31089567e-05 6.33723951e-05 6.81872420e-05
1.98962697e+02 -3.62686562e-02 -2.89823122e-03 7.49431653e-02 6.35860339e-05 1.33554991e-04 2.33991970e-05
2.01680681e+02 -4.71554694e-02 -4.53259484e-03 7.91220811e-02 5.36606303e-05 7.94097355e-05 4.03584430e-05
2.04397916e+02 -3.74128116e-02 -5.27201336e-03 7.15409797e-02 8.63038524e-05 4.85275484e-05 1.04847765e-04
2.07105181e+02 -2.37499679e-02 4.28018928e-04 7.25436811e-02 3.92717767e-05 1.01356959e-04 6.54403854e-05
2.09816306e+02 -1.47176786e-02 -3.01549809e-03 7.15798416e-02 8.09837802e-05 9.40460568e-05 5.70357519e-05
2.12541619e+02 -1.30845390e-02 -2.09350246e-04 7.29143220e-02 9.77228122e-05 1.71203145e-04 1.11832343e-04
2.15249900e+02 4.62206629e-03 -4.47488311e-03 7.21416514e-02 3.72567335e-05 1.87837997e-04 7.24249956e-05
2.17964510e+02 3.11472401e-02 -6.26129318e-04 6.60036122e-02 6.56952885e-05 6.10939717e-05 7.22268431e-05
2.20670306e+02 5.12813388e-02 -7.58406216e-03 6.15011857e-02 3.70083934e-05 2.65800024e-04 8.89564440e-05
2.23385056e+02 6.27964611e-02 -1.02366654e-02 5.20994964e-02 5.12504924e-05 4.99288580e-05 4.82440565e-05
2.26102900e+02 6.68522306e-02 -7.07457359e-03 4.67856580e-02 6.53182987e-05 9.10910887e-05 4.31771703e-05
2.28827400e+02 6.94047003e-02 -3.35855671e-03 5.16501473e-02 5.27879367e-05 9.78331484e-05 6.95072088e-05
2.31549275e+02 6.30649442e-02 -2.17311688e-03 5.40349176e-02 4.95282404e-06 5.51884130e-05 7.42494875e-05
2.34258275e+02 6.58984772e-02 1.80433745e-03 5.50956698e-02 2.79211554e-05 8.07096695e-05 6.98269759e-05
2.36970291e+02 6.64347998e-02 6.33580068e-04 5.20453597e-02 2.29676072e-05 1.55934866e-04 5.16943434e-05
2.39692088e+02 6.23958290e-02 6.02693711e-03 5.51970368e-02 1.01697918e-04 9.24363024e-05 4.53612819e-05
2.42407010e+02 5.53572913e-02 3.12553340e-03 6.47361604e-02 3.75661981e-05 6.57240433e-05 4.15292772e-05
2.45115150e+02 6.22382801e-02 -4.94737673e-03 6.36000262e-02 2.03206418e-05 1.07784676e-04 5.08700301e-05
2.47828572e+02 6.37144277e-02 -2.58606662e-03 4.95112984e-02 7.19488593e-05 7.27830204e-05 8.01947562e-05
2.50544681e+02 6.90064458e-02 -4.52747943e-03 4.59504284e-02 6.00325784e-05 2.86053779e-04 7.58346645e-05
2.53254994e+02 7.23111675e-02 -4.05746218e-03 4.23042265e-02 3.57766568e-05 2.34078092e-04 2.18435651e-05
2.55965478e+02 6.47516273e-02 -9.94361271e-03 4.48377166e-02 6.52440195e-05 2.61613916e-04 9.48571695e-05
2.58681666e+02 6.71385334e-02 -8.26298550e-03 4.22327120e-02 6.38711260e-05 2.86522391e-04 1.19928467e-04
2.61397822e+02 6.35225797e-02 -7.32520329e-03 3.50923099e-02 4.02222061e-05 3.10436595e-04 3.13591470e-05
2.64114166e+02 7.05930150e-02 -7.07653381e-03 2.40204232e-02 5.83984193e-05 3.51912413e-04 3.73820375e-05
2.66826885e+02 7.77800096e-02 -6.25617640e-03 8.67389639e-03 4.57197798e-05 1.04274531e-04 7.26218268e-05
2.69543288e+02 8.07203945e-02 -5.53012051e-03 -6.57787407e-03 1.83496813e-05 4.48130360e-05 7.30323061e-05
