6.69220483e-01 8.51438792e-02 2.97801556e-04 -2.64238528e-02 4.39733258e-05 1.04335990e-04 4.03575962e-05
3.37839179e+00 7.42941159e-02 3.03813430e-03 -4.26317759e-02 3.60375862e-05 1.57218224e-05 5.66082922e-05
6.09601867e+00 6.96449438e-02 3.79787789e-03 -4.60419285e-02 1.03271191e-04 7.31758444e-05 5.72145357e-05
8.81051836e+00 6.32417007e-02 -2.74095565e-03 -5.18034321e-02 7.78027479e-05 1.40078420e-04 1.31819611e-04
1.15285038e+01 5.74509295e-02 2.63973322e-03 -4.55683870e-02 1.48139374e-04 1.98175648e-04 2.96288793e-05
1.42489632e+01 5.48970392e-02 1.19546491e-03 -4.30987545e-02 6.28126919e-05 1.75245953e-04 1.07083583e-04
1.69668976e+01 5.31466316e-02 1.90096481e-03 -3.96509855e-02 9.77030887e-05 2.79810739e-04 6.83108748e-05
1.96936101e+01 5.21580597e-02 3.54960125e-03 -5.00411584e-02 4.89853562e-05 3.76588419e-05 5.26272571e-05
2.24070319e+01 5.70065121e-02 1.98914458e-03 -5.99870958e-02 3.15132489e-05 1.21544357e-04 8.44191819e-05
2.51291882e+01 5.74784066e-02 7.25452758e-04 -5.98172354e-02 7.95970249e-05 5.72455956e-05 4.23163943e-05
2.78454210e+01 6.30297668e-02 1.60058185e-03 -6.25213472e-02 2.50962812e-05 3.40787248e-05 1.83683935e-05
3.05503898e+01 6.35399988e-02 4.59575203e-03 -5.75295576e-02 6.85240545e-05 5.34424094e-05 8.64167834e-05
3.32680913e+01 6.44380315e-02 2.37214748e-03 -6.20151420e-02 2.84870684e-05 5.79061683e-05 7.46710223e-05
3.59809835e+01 5.59283041e-02 -6.60182791e-03 -6.62479655e-02 2.24255273e-05 9.20266830e-05 2.37158436e-05
3.86919398e+01 5.06817044e-02 -8.97000143e-03 -6.56365699e-02 4.25210914e-05 1.96428147e-04 6.59383942e-05
4.14091679e+01 4.48155683e-02 -1.27005314e-02 -6.53810043e-02 4.80562067e-05 1.42619492e-04 7.49571233e-05
4.41250038e+01 3.60827310e-02 -1.32770939e-02 -6.54212980e-02 1.03994740e-04 2.68960956e-04 7.56871504e-05
4.68447179e+01 3.96230512e-02 -1.43228439e-02 -6.24022196e-02 1.18414554e-04 3.44255021e-04 8.00178226e-05
4.95510741e+01 1.27126365e-02 -6.77145698e-03 -6.57774049e-02 7.54313238e-05 2.08959134e-04 1.14645628e-04
5.22676038e+01 -1.02409549e-02 -5.43051731e-03 -6.96349570e-02 8.48237137e-05 9.22320957e-05 7.94365104e-05
5.49902616e+01 -2.74032167e-02 -7.01899967e-03 -7.52290600e-02 6.47958867e-05 2.65401644e-04 7.45561199e-05
5.77086538e+01 -3.93498465e-02 -5.96093372e-03 -7.11639132e-02 5.24752593e-05 1.62006704e-04 9.52569059e-05
6.04356679e+01 -4.85739450e-02 -7.61147726e-03 -7.10622464e-02 4.01629984e-05 3.32494209e-04 2.33707294e-05
6.31525116e+01 -5.62032557e-02 -4.46777989e-03 -6.43329049e-02 2.90426226e-05 2.92698258e-04 8.05771141e-05
6.58741585e+01 -5.91716228e-02 -1.76478523e-03 -6.30973561e-02 5.32310836e-05 1.29669557e-04 5.35934042e-05
6.85933273e+01 -5.78368786e-02 -4.17671114e-03 -6.24471495e-02 1.08002743e-04 2.61370826e-04 2.08692345e-05
7.13192194e+01 -6.28965452e-02 -2.94879772e-03 -6.51410745e-02 5.96704436e-05 6.64908933e-05 4.22333575e-05
7.40475929e+01 -5.39728843e-02 -1.68962700e-03 -6.47158271e-02 8.08155572e-05 1.11483945e-04 3.08426181e-05
7.67667523e+01 -4.28761916e-02 2.24913788e-04 -5.97394697e-02 1.05360632e-04 1.32902309e-04 6.92432454e-05
7.94828929e+01 -2.50311127e-02 -5.05018854e-04 -6.32350623e-02 6.54186603e-05 6.03801208e-05 8.84692667e-05
8.22018835e+01 -7.58167179e-03 2.56516420e-03 -7.58447360e-02 1.31366563e-04 1.01677975e-04 2.65918379e-05
8.49056663e+01 3.10299899e-03 6.45314897e-03 -7.87579649e-02 1.86510624e-04 7.44761024e-05 1.76645928e-04
8.76235851e+01 1.99561950e-02 7.81588770e-03 -6.84168843e-02 7.88693725e-05 1.52188134e-04 4.97260310e-05
9.03330351e+01 2.82922954e-02 9.36339285e-03 -6.86297974e-02 4.18674495e-05 2.63255343e-05 7.03846728e-05
9.30447054e+01 3.76287937e-02 5.41534278e-03 -6.52419560e-02 1.13853284e-04 7.24545777e-05 5.63181024e-05
9.57545570e+01 3.73324353e-02 4.55790939e-03 -6.73434772e-02 2.48084757e-05 1.35801931e-04 2.71951595e-05
9.84754491e+01 4.20254088e-02 7.38771853e-03 -6.88416764e-02 1.65557165e-04 2.86334514e-04 5.51204786e-05
1.01193194e+02 5.48591043e-02 4.89255539e-03 -5.95262278e-02 4.39057234e-05 3.97688955e-04 9.97964909e-05
1.03907210e+02 5.32515597e-02 6.53408396e-03 -5.81387423e-02 3.57645619e-05 2.54305399e-04 6.85859304e-05
1.06616366e+02 5.85547447e-02 1.98090233e-03 -5.90431851e-02 1.85322240e-05 1.91265805e-04 2.65811173e-05
1.09326538e+02 5.79873856e-02 3.60970066e-03 -4.83075670e-02 7.83693957e-05 2.83619726e-04 1.20966007e-04
1.12032741e+02 6.05577365e-02 2.59280228e-03 -3.84060758e-02 7.63601333e-05 3.52828212e-04 9.57918350e-05
1.14746663e+02 6.68380524e-02 1.45554481e-03 -1.73480011e-02 4.93902812e-05 4.32068409e-04 8.55082965e-05
1.17463366e+02 7.92399785e-02 3.04329883e-03 6.55467751e-04 6.86852293e-05 3.76141650e-04 7.91184899e-05
1.20179851e+02 7.17287176e-02 -5.15641833e-03 1.93331732e-02 7.84507060e-05 7.33362085e-04 1.32160067e-04
1.22897616e+02 6.49016042e-02 2.36768960e-03 3.46877143e-02 1.76148280e-05 3.17111069e-04 4.90014552e-05
1.25612991e+02 6.64362970e-02 2.23683467e-03 4.09554895e-02 4.72213585e-05 4.40587833e-04 4.71437553e-05
1.28323710e+02 5.78096281e-02 7.11986989e-03 5.36158832e-02 9.07262523e-05 3.95236311e-05 4.23102174e-05
1.31042835e+02 5.80905219e-02 2.73861457e-03 5.63096184e-02 6.12800185e-05 1.93135980e-04 3.79825522e-05
1.33758476e+02 5.75368132e-02 7.34269405e-03 5.93530547e-02 5.12735271e-05 1.29258875e-04 2.10266341e-05
1.36473648e+02 5.81476747e-02 3.79601658e-03 5.79521358e-02 9.98940882e-05 5.90825445e-05 1.12881025e-04
1.39192898e+02 5.44062856e-02 5.47020712e-03 5.17827075e-02 8.37994503e-05 3.90373709e-04 1.27973257e-04
1.41918726e+02 4.69188483e-02 1.42016746e-02 5.58579202e-02 5.03085041e-05 5.46809457e-05 6.28803469e-05
1.44625554e+02 4.60102072e-02 1.07244479e-02 5.89547769e-02 5.41893750e-05 1.84425222e-04 3.15176441e-05
1.47339210e+02 5.14345141e-02 5.57242667e-03 6.12466302e-02 3.61365853e-05 8.12726348e-05 1.50692937e-05
1.50056398e+02 5.78596327e-02 2.08668131e-03 5.75299787e-02 7.65486192e-05 7.65989241e-05 1.58275562e-05
1.52771866e+02 5.17800320e-02 1.72005399e-03 5.78228350e-02 2.90094560e-05 8.04114237e-05 1.78133009e-04
1.55489851e+02 4.56114729e-02 3.27430819e-03 5.54398838e-02 3.29791569e-05 1.00920525e-04 1.08376077e-05
1.58210710e+02 4.41424076e-02 5.01272166e-04 6.13797453e-02 5.63519519e-05 1.16864046e-04 3.33710606e-05
1.60923132e+02 4.26260400e-02 7.19430641e-03 5.60446794e-02 4.85916437e-05 8.51695346e-05 3.28825564e-05
1.63638319e+02 3.70496734e-02 3.20844725e-03 6.29455251e-02 1.31686422e-05 1.34779726e-04 7.22581355e-05
1.66359054e+02 2.36966119e-02 5.54069850e-04 6.73895815e-02 4.45236970e-05 1.38799717e-04 1.32169927e-05
1.69074757e+02 9.00102579e-03 -2.62275236e-04 7.35247428e-02 1.00405580e-04 1.13508808e-04 2.97896373e-05
1.71790085e+02 -7.80628355e-03 -5.76972111e-03 7.54957531e-02 4.91180802e-05 1.46009177e-04 2.68462802e-05
1.74512741e+02 -2.07402860e-02 -4.70408771e-03 7.40646474e-02 6.68913140e-05 7.06207356e-05 4.12071301e-05
1.77230960e+02 -2.80687753e-02 -5.61374104e-03 6.20552132e-02 1.53206318e-05 1.08314915e-04 4.87045931e-05
1.79940429e+02 -4.88256027e-02 -5.60347449e-03 6.51689405e-02 3.62519601e-05 1.75360087e-04 7.65808091e-05
1.82650007e+02 -5.31131593e-02 -1.17143916e-03 6.41838640e-02 3.58118182e-05 1.97111903e-04 5.79892037e-05
1.85368773e+02 -5.55112782e-02 -5.61494238e-03 5.65364047e-02 1.43846234e-04 6.77498182e-05 3.37439806e-05
1.88089460e+02 -5.31887354e-02 2.52333240e-03 5.94299808e-02 2.89871878e-05 1.33078082e-04 1.04785907e-04
1.90812460e+02 -5.71447494e-02 -2.99488614e-03 5.81870258e-02 5.35255914e-05 2.80699842e-04 5.00210200e-05
1.93538976e+02 -4.37284855e-02 -3.20994809e-03 6.65845686e-02 2.95040390e-05 1.40981217e-04 5.43931638e-05
1.96252507e+02 -3.70095680e-02 -4.84861644e-03 7.42578477e-02 1.86635844e-05 5.32474178e-04 6.95270951e-05
1.98968007e+02 -3.89692732e-02 3.63407674e-03 7.54739483e-02 8.26033142e-05 1.34384346e-04 3.95242987e-05
2.01686179e+02 -2.35386249e-02 6.42088980e-03 7.00187810e-02 6.31783975e-05 1.75920398e-04 2.50000389e-05
2.04405929e+02 -2.82984169e-02 6.94050702e-03 6.98263911e-02 5.14398357e-05 5.02236157e-05 2.15477151e-05
2.07132382e+02 -2.44654508e-02 2.66856752e-03 6.95211547e-02 2.72803485e-05 9.78475415e-05 7.20415837e-05
2.09837585e+02 -1.90011212e-02 1.68999891e-03 6.96937491e-02 4.85820224e-05 1.04826965e-04 4.87584220e-05
2.12552554e+02 -3.48928857e-03 -1.83138286e-03 6.80814580e-02 1.73376410e-04 1.48969837e-04 7.90045806e-05
2.15262569e+02 1.12107878e-02 5.46926577e-04 6.48171841e-02 2.00615913e-05 4.82943989e-05 6.33841525e-05
2.17977273e+02 2.79832957e-02 -5.73624592e-03 5.71445367e-02 9.47638806e-05 1.20339746e-04 5.16694991e-05
2.20698085e+02 5.37040650e-02 -5.70031804e-03 5.35756189e-02 4.81002298e-05 5.97824011e-05 1.54867644e-04
2.23410163e+02 6.39724226e-02 -5.93788553e-03 5.12216354e-02 6.38886914e-05 7.53501967e-05 1.45584942e-04
2.26129569e+02 6.30905450e-02 -5.63869740e-03 5.83114740e-02 5.50805384e-05 3.78240793e-06 1.43099829e-04
2.28845319e+02 6.15608082e-02 -1.00457461e-03 5.69963933e-02 6.81353525e-05 9.79135920e-05 6.43723614e-05
2.31555038e+02 6.34061616e-02 5.14627165e-03 5.90838774e-02 1.93812069e-05 4.99718009e-05 2.88538452e-05
2.34280476e+02 6.31455982e-02 6.64573023e-04 5.90069010e-02 6.05934477e-05 6.41885359e-05 4.08488851e-05
2.36989148e+02 6.18696168e-02 -3.00760098e-03 6.31244793e-02 2.49190853e-05 3.44857077e-05 2.00017952e-05
2.39693679e+02 6.91674824e-02 -4.05147217e-03 5.53708733e-02 1.01074781e-04 9.74745258e-05 4.63866756e-05
2.42401944e+02 7.72693166e-02 -5.64765965e-03 4.76666980e-02 9.18685512e-05 5.03511861e-05 4.89950843e-05
2.45117710e+02 7.02494269e-02 1.04338333e-03 4.27123470e-02 1.34556861e-04 1.06493649e-04 6.60796459e-05
2.47829585e+02 6.75341494e-02 -6.91454425e-03 4.32657971e-02 4.03151205e-05 1.47403204e-04 6.98527030e-05
2.50538991e+02 6.39525407e-02 -7.66992670e-03 4.59599720e-02 7.47272280e-05 6.57638458e-05 8.58018981e-05
2.53266976e+02 6.41864106e-02 -9.19036989e-03 4.50574198e-02 4.10775611e-05 1.42370123e-04 2.47871203e-05
2.55982491e+02 6.77071930e-02 -9.25494910e-03 4.28627131e-02 5.59470330e-05 1.07417541e-04 7.51874396e-05
2.58696741e+02 6.77949152e-02 -1.49263203e-02 3.68017995e-02 4.89014987e-05 3.35203287e-04 6.74526941e-05
2.61408507e+02 7.03327736e-02 -1.02130494e-02 3.49338964e-02 1.92697456e-05 9.40756202e-05 8.30143614e-05
2.64122929e+02 7.60600557e-02 -6.23771497e-03 1.90527392e-02 3.44688604e-05 1.48445240e-04 2.92896922e-05
2.66839038e+02 7.96995534e-02 -2.88672645e-03 1.58342642e-02 4.06648142e-05 8.56259471e-05 9.17360850e-05
2.69550172e+02 8.27985258e-02 -3.43638132e-03 -7.07327205e-03 3.04335004e-05 2.80982318e-05 2.77455744e-05
