6.67391416e-01 6.61141809e-02 -2.99384026e-03 -2.48634897e-02 9.82720163e-05 1.65447594e-04 9.04705252e-05
3.38339834e+00 7.11040806e-02 -7.99938965e-03 -3.33269327e-02 1.28293567e-04 6.82254104e-05 6.38321764e-05
6.10472194e+00 6.49583009e-02 -9.64127754e-03 -3.82465767e-02 7.21962574e-05 2.18937785e-04 6.25668460e-05
8.82647725e+00 5.73256678e-02 -5.38653402e-03 -5.05355586e-02 4.04069074e-05 7.28690077e-05 7.57201069e-05
1.15343933e+01 5.81550855e-02 -4.02921753e-03 -4.94235643e-02 9.68748609e-05 1.35951826e-04 9.03360577e-05
1.42487605e+01 5.49450837e-02 -2.73688919e-03 -5.56245548e-02 3.82705718e-05 2.02632085e-04 4.19827556e-05
1.69633308e+01 4.65768063e-02 -2.81856543e-03 -6.00993426e-02 3.45174884e-05 2.17503311e-04 9.60355952e-05
1.96813262e+01 5.46528228e-02 -2.58662387e-03 -5.70989362e-02 4.59240747e-05 4.17775874e-05 6.05642955e-05
2.23987215e+01 5.86468621e-02 -1.01317338e-02 -4.72196707e-02 3.68319601e-05 7.76068172e-05 3.29764542e-05
2.51057371e+01 5.83207446e-02 -1.16290152e-02 -4.86743936e-02 4.89615940e-05 7.11144990e-05 2.02129442e-05
2.78238621e+01 6.11621289e-02 -4.01968503e-03 -5.03848910e-02 6.06109795e-05 9.96869795e-05 1.00442668e-04
3.05368105e+01 5.92841236e-02 3.80920313e-03 -5.75008151e-02 7.57705417e-05 9.90554615e-05 7.67417251e-05
3.32491090e+01 5.26700645e-02 4.11576085e-03 -6.00158125e-02 8.34362498e-05 2.47959456e-04 8.44955793e-05
3.59657027e+01 5.69396432e-02 3.41790125e-03 -6.08552780e-02 8.53018820e-05 8.44888379e-05 1.00974101e-04
3.86849840e+01 5.27357390e-02 2.19545000e-03 -6.66001180e-02 5.59749506e-05 5.82857648e-05 3.87160357e-05
4.14117511e+01 6.00375979e-02 6.98222391e-03 -5.93939910e-02 8.88477449e-05 6.70930109e-05 9.34719092e-05
4.41193590e+01 5.85758635e-02 5.60301380e-03 -6.37315699e-02 1.35066183e-04 2.15043897e-04 1.06789493e-04
4.68392887e+01 3.81980923e-02 1.89966667e-03 -6.45825103e-02 6.89660112e-05 1.75338230e-04 9.15585332e-05
4.95669340e+01 2.02840110e-02 5.68417664e-03 -7.17405456e-02 4.29796567e-05 2.59071247e-04 1.03918273e-04
5.22899574e+01 -1.01045926e-02 2.47239692e-03 -6.81352618e-02 1.61103973e-04 2.94138228e-04 6.22664133e-05
5.50055637e+01 -2.62585241e-02 -2.18508175e-04 -7.61927291e-02 3.86254000e-05 2.77192369e-04 1.17568776e-04
5.77311121e+01 -2.96635498e-02 -9.49121512e-03 -6.85499115e-02 1.07061125e-04 2.98712694e-04 4.45698772e-05
6.04506558e+01 -3.73551737e-02 -7.02772416e-03 -7.18346657e-02 2.68579725e-05 3.38065509e-04 3.59464839e-05
6.31692980e+01 -4.08184865e-02 -4.12788771e-03 -7.35218417e-02 7.52332877e-05 4.76452591e-04 4.68331232e-05
6.58905293e+01 -3.79151775e-02 7.18732371e-04 -8.05877961e-02 6.04724428e-05 3.57628499e-04 6.59042623e-05
6.86006824e+01 -2.87443422e-02 -1.99352160e-03 -7.77875399e-02 9.43369970e-05 4.38571747e-04 3.72105674e-05
7.13067152e+01 -2.74010652e-02 -3.51727213e-03 -7.75745501e-02 1.56287650e-05 1.68356661e-04 5.77697892e-05
7.40224340e+01 -1.77862038e-02 3.59406567e-03 -7.52939036e-02 5.14948491e-05 1.98690456e-04 3.85976975e-05
7.67463793e+01 -1.28858705e-02 6.74907688e-06 -7.75948183e-02 9.54029021e-05 8.63486563e-05 5.89850715e-05
7.94681558e+01 -3.85397051e-03 -1.88512380e-03 -7.58204435e-02 1.06409914e-04 2.50880165e-04 1.02205017e-04
8.21853824e+01 1.26792477e-02 -2.56291903e-04 -7.54021682e-02 1.57586726e-04 2.01764247e-04 5.22340455e-06
8.48994262e+01 2.60294800e-02 -5.42627821e-04 -6.99309055e-02 4.44002026e-05 3.73723112e-04 1.14275739e-04
8.76149683e+01 3.54857027e-02 -1.64318352e-04 -6.36774624e-02 2.06358060e-04 8.96108592e-05 9.51313149e-05
9.03348512e+01 4.19757794e-02 3.22386298e-03 -6.28646761e-02 4.14538564e-05 2.40765683e-04 1.13633753e-04
9.30567543e+01 4.33565235e-02 2.02969916e-03 -5.54846338e-02 1.72171194e-05 7.23738832e-05 1.51073630e-04
9.57644199e+01 4.41043139e-02 6.29800001e-03 -5.08497589e-02 3.39697524e-05 1.79780802e-04 1.13179265e-04
9.84830902e+01 5.60052403e-02 -2.74353359e-03 -4.11930125e-02 1.50429779e-04 1.95969166e-04 6.44401128e-05
1.01193467e+02 6.41249811e-02 4.25898423e-03 -3.54087961e-02 7.37735240e-05 1.05070713e-04 7.41015171e-05
1.03904404e+02 7.50739237e-02 -8.14727865e-04 -3.46413892e-02 2.64223304e-05 3.03499395e-04 1.94781824e-05
1.06619045e+02 7.32196831e-02 -2.92542040e-03 -3.44900740e-02 7.04964622e-05 3.45127641e-04 5.78719150e-05
1.09336545e+02 6.78370709e-02 -3.53407128e-03 -3.90656493e-02 8.04835445e-05 3.76244421e-04 6.10502719e-05
1.12059295e+02 6.81694690e-02 2.32481746e-03 -3.00973155e-02 5.88664554e-05 2.38284003e-04 7.92151447e-05
1.14776732e+02 7.34707458e-02 7.56483834e-03 -1.95481268e-02 1.23666457e-05 2.35129413e-04 3.72681338e-05
1.17491998e+02 7.62526215e-02 2.95033683e-03 1.42878004e-03 7.08001576e-05 1.26517656e-04 5.69148187e-05
1.20200061e+02 7.79769383e-02 6.58244837e-04 1.47898648e-02 4.75056381e-05 1.31123775e-04 9.42972867e-05
1.22910076e+02 7.41568616e-02 -3.91089940e-03 3.06028869e-02 6.83689675e-05 9.40624857e-05 4.11185442e-05
1.25626545e+02 6.98062577e-02 -6.36850296e-03 3.67256545e-02 2.53427494e-05 2.37378227e-04 1.08525223e-04
1.28336967e+02 7.32032108e-02 -4.64492556e-03 3.85779388e-02 6.47410323e-05 2.73925345e-04 1.73996704e-05
1.31044092e+02 6.28976318e-02 -5.07255117e-03 4.36235426e-02 2.43474107e-05 2.57893571e-04 2.48456399e-05
1.33769826e+02 6.68341326e-02 -7.46674138e-04 4.74479837e-02 1.79810389e-04 1.07255539e-04 1.19467839e-04
1.36473654e+02 6.83892942e-02 1.05226460e-03 4.38115738e-02 1.00454123e-04 3.14066216e-04 1.88671459e-04
1.39185014e+02 6.27891323e-02 9.06873193e-03 4.77015728e-02 1.69166558e-04 3.54348711e-04 9.94638844e-05
1.41902545e+02 5.34035054e-02 1.48370870e-02 5.24042358e-02 9.90440550e-05 3.40603971e-04 1.05494560e-04
1.44615264e+02 5.14983562e-02 1.04524813e-02 5.59173159e-02 2.78055365e-05 1.95835991e-04 4.58768169e-05
1.47332342e+02 5.09685399e-02 5.06218219e-03 5.66539068e-02 7.99265944e-05 9.74722771e-05 7.72407843e-05
1.50048232e+02 4.61139313e-02 -1.15162549e-03 5.60539793e-02 7.79227319e-05 1.47334385e-05 6.84164926e-05
1.52763436e+02 4.68099359e-02 -4.95005246e-03 6.55360442e-02 8.13447298e-05 1.50349528e-04 1.94689487e-04
1.55473404e+02 3.70855189e-02 4.78148522e-03 6.85806204e-02 7.29409040e-05 2.47300937e-04 5.68133470e-05
1.58193857e+02 3.85538228e-02 8.22570793e-03 6.76215409e-02 8.56585085e-05 1.90732546e-04 4.63574852e-05
1.60907404e+02 3.58043109e-02 6.70954963e-03 6.31729055e-02 6.00220115e-05 2.40212324e-04 2.98399710e-05
1.63637670e+02 2.66435529e-02 1.07785534e-02 6.57446071e-02 6.80241730e-05 2.25901788e-04 3.02864793e-05
1.66354061e+02 6.18768063e-03 1.22017635e-02 7.13952877e-02 1.01496535e-04 1.31987786e-04 4.34904402e-05
1.69072748e+02 -1.19648897e-02 9.28246835e-03 7.09374797e-02 4.85044269e-05 2.06707699e-04 4.48522588e-05
1.71790857e+02 -1.86883075e-02 1.13665560e-02 6.40853073e-02 7.79653707e-05 6.83196836e-05 7.68504994e-05
1.74505701e+02 -2.99272848e-02 1.16157681e-02 6.06857548e-02 4.16974817e-05 2.40648805e-05 2.44474969e-05
1.77225904e+02 -4.05794937e-02 1.18595808e-02 5.88455357e-02 2.24427949e-05 9.30292780e-05 1.26568928e-04
1.79955717e+02 -4.08787689e-02 1.65372203e-02 6.15048585e-02 5.23548427e-05 1.59190835e-05 5.93535762e-05
1.82670232e+02 -3.97874806e-02 1.29632588e-02 6.76847526e-02 3.49484376e-05 5.55198860e-05 6.29006633e-05
1.85388170e+02 -3.10986417e-02 1.45262396e-02 6.99687044e-02 1.77283286e-05 6.76913480e-05 5.87775765e-05
1.88118857e+02 -2.52974493e-02 1.17269976e-02 6.17176445e-02 6.77069163e-05 4.90030138e-05 1.73132185e-05
1.90832217e+02 -3.40549427e-02 1.64234494e-03 6.21825982e-02 1.05081700e-04 6.08478389e-05 4.19622722e-05
1.93548326e+02 -5.00793510e-02 -3.09329275e-03 6.87277302e-02 2.83681785e-05 3.24910207e-05 1.30937994e-04
1.96258623e+02 -5.54124074e-02 -3.41314021e-03 6.33538873e-02 2.23265734e-05 2.55192624e-05 7.84303133e-05
1.98960732e+02 -5.49294164e-02 -1.85015867e-03 6.01576968e-02 7.25402538e-05 9.92095486e-05 7.69007155e-05
2.01683014e+02 -5.45112344e-02 6.92939480e-04 6.21384227e-02 6.31518254e-05 1.45788786e-05 4.07541611e-05
2.04388561e+02 -4.94729143e-02 -2.22899497e-03 6.16447615e-02 4.89260437e-05 6.92861291e-05 9.09084340e-05
2.07105436e+02 -3.63982106e-02 -7.98130048e-03 6.35886605e-02 3.46727769e-05 3.83597487e-05 6.15228818e-05
2.09820529e+02 -2.06718789e-02 -1.33827941e-02 7.15039082e-02 1.17872209e-04 8.34459958e-05 2.81110722e-05
2.12547420e+02 1.35380291e-02 -1.52270915e-02 7.16162666e-02 5.93322997e-05 4.03329524e-04 3.07904206e-05
2.15265467e+02 2.45888156e-02 -9.42900353e-03 7.43527053e-02 1.41631436e-04 1.62551073e-04 7.26685031e-05
2.17980342e+02 3.55273429e-02 -5.59097402e-03 7.48729107e-02 5.01479711e-05 1.61320737e-04 3.62469956e-05
2.20699014e+02 3.22958106e-02 -3.16555284e-03 7.20154980e-02 4.06021153e-05 3.82753599e-04 4.32237967e-05
2.23408311e+02 3.71878831e-02 -4.28331115e-03 6.58262007e-02 7.18742804e-05 7.34237616e-05 4.85282600e-05
2.26123076e+02 4.43958837e-02 -2.34047280e-03 6.54417834e-02 3.69386105e-05 4.60433632e-04 6.31906398e-05
2.28847279e+02 5.54658763e-02 -1.75322325e-03 6.19786568e-02 8.73779932e-05 2.88041610e-04 9.16517165e-05
2.31557576e+02 5.98987028e-02 -1.41357952e-03 6.62022726e-02 4.73427676e-05 1.47362551e-04 7.33276034e-05
2.34262748e+02 5.88745260e-02 -2.34730038e-03 6.13976235e-02 4.19745555e-05 1.13517721e-04 1.06648380e-04
2.36984248e+02 5.49404279e-02 -5.83426418e-03 6.29094024e-02 1.66524511e-05 1.04453280e-04 1.84494438e-05
2.39702529e+02 5.95609170e-02 -5.19698354e-03 6.34520360e-02 1.20054624e-04 8.23627869e-05 7.53973678e-05
2.42415967e+02 6.41152394e-02 -3.59950378e-03 6.33309658e-02 7.02382781e-05 9.83627312e-05 1.13524696e-04
2.45134514e+02 5.99303128e-02 -1.14125991e-03 6.10403478e-02 1.63032803e-04 6.70315318e-05 4.83963709e-05
2.47850357e+02 4.92968578e-02 3.99572975e-03 6.47376058e-02 7.16103317e-05 1.47677931e-04 9.57077481e-05
2.50566701e+02 4.70861020e-02 5.57616226e-03 6.21256779e-02 1.47373862e-04 9.73581097e-05 8.06879148e-05
2.53287498e+02 5.38481745e-02 8.17761795e-03 5.91901844e-02 5.09314040e-05 7.77823457e-05 7.85846653e-05
2.55991904e+02 5.63245245e-02 3.27519642e-03 5.72869091e-02 7.02846265e-05 2.18713324e-04 2.07317881e-05
2.58706092e+02 6.70222465e-02 1.92110708e-03 4.50852043e-02 7.52222946e-05 1.17779868e-04 4.31850150e-05
2.61413420e+02 7.48581699e-02 -1.42276469e-03 3.13777054e-02 6.86500234e-05 2.38654924e-04 5.60835897e-05
2.64126592e+02 7.68784942e-02 3.82223637e-04 1.92750933e-02 6.41406941e-05 1.04719236e-04 3.67470097e-05
2.66840873e+02 7.42440147e-02 -2.21071076e-03 2.76995278e-03 3.10754882e-05 8.20450151e-05 7.59948120e-05
2.69556092e+02 7.24274605e-02 -7.59235345e-03 -1.39119429e-02 4.67582176e-05 1.39379990e-04 2.35014537e-05
