6.77022656e-01 7.97265278e-02 -1.15963015e-03 -8.22055869e-03 5.86480334e-05 9.88701816e-05 3.64371484e-05
3.39451225e+00 7.55998328e-02 -8.47395289e-04 -2.03545974e-02 1.31483267e-04 1.48553233e-04 1.98109743e-05
6.09823240e+00 7.29772443e-02 8.84450214e-04 -3.15633287e-02 4.09316393e-05 2.20154142e-04 5.52270151e-05
8.81003631e+00 6.52305003e-02 3.14937466e-03 -3.91943905e-02 8.14894214e-05 7.42607742e-05 8.04293130e-05
1.15181907e+01 6.39818354e-02 6.50948572e-03 -3.77410872e-02 3.89647521e-05 2.51715861e-04 5.66240498e-05
1.42284969e+01 6.44052893e-02 6.30229635e-03 -4.19018170e-02 6.83214204e-05 2.68089732e-04 6.16768875e-05
1.69503704e+01 6.14159105e-02 -3.43831830e-03 -3.94962861e-02 1.42104156e-05 1.78470714e-04 1.13368163e-04
1.96684719e+01 6.71686165e-02 1.42244607e-04 -4.71484765e-02 1.21344223e-04 1.49828759e-04 4.41116387e-05
2.23893782e+01 6.71082950e-02 -2.74227267e-03 -5.22058808e-02 3.20644115e-05 1.61562603e-04 7.98016002e-05
2.51077001e+01 6.24786333e-02 -2.52362231e-03 -6.37368482e-02 7.74101737e-05 2.70130353e-04 4.35968188e-05
2.78210016e+01 6.13755583e-02 -4.74094973e-03 -6.64837969e-02 3.41707146e-05 5.55006940e-05 1.24252363e-05
3.05368407e+01 4.98761838e-02 -8.60664031e-03 -6.88111403e-02 4.94860439e-05 5.30914972e-05 6.53250669e-05
3.32624001e+01 3.99413034e-02 -8.53135925e-03 -7.55902393e-02 2.78674983e-05 3.66929674e-05 2.95437217e-05
3.59896172e+01 3.54628528e-02 -1.27443863e-02 -7.75921196e-02 1.16628816e-04 8.08507079e-06 4.49203236e-05
3.87062141e+01 2.62464506e-02 -5.97037489e-03 -7.62896413e-02 4.97905798e-05 3.72286021e-05 5.96395316e-05
4.14174579e+01 2.77241324e-02 -3.55972660e-03 -7.28925283e-02 5.84324327e-05 9.75908355e-05 2.67119374e-05
4.41421672e+01 3.10319790e-02 -4.14313231e-03 -6.63056575e-02 1.91851813e-04 2.68259336e-04 5.21335235e-05
4.68536876e+01 3.55420045e-02 -4.96862573e-03 -7.10183003e-02 6.29502547e-05 3.71069870e-04 1.02292987e-04
4.95637079e+01 2.88051982e-02 -2.69242419e-03 -6.61299046e-02 1.42941413e-04 4.46838439e-04 7.94193567e-05
5.22788532e+01 2.01552499e-02 8.18781538e-04 -6.56256114e-02 2.10126207e-05 4.29395414e-04 7.68595916e-05
5.49951126e+01 4.01466405e-03 2.51386915e-03 -7.12688827e-02 5.14081127e-05 5.21463454e-04 1.52839903e-04
5.77060516e+01 -1.34111140e-02 6.59513116e-03 -6.90165926e-02 1.58017048e-04 4.53454222e-04 3.69674568e-05
6.04271954e+01 -3.78738654e-02 2.89988421e-03 -6.94311356e-02 8.07035801e-05 1.27162856e-04 3.55829064e-05
6.31456922e+01 -4.54635769e-02 -1.75645625e-03 -7.00703483e-02 4.96436434e-05 1.81826412e-04 6.99607650e-05
6.58664422e+01 -5.25194388e-02 -7.90409434e-04 -6.26200700e-02 2.88107026e-05 3.83913239e-05 7.20256639e-05
6.85838657e+01 -6.05628121e-02 1.90468523e-03 -6.25756106e-02 1.00771737e-04 1.86111851e-04 7.84498256e-05
7.13015938e+01 -6.18025231e-02 3.12417724e-04 -6.84796722e-02 9.38500109e-05 1.03774767e-04 3.89622178e-05
7.40119376e+01 -5.31485026e-02 -7.05985546e-04 -7.24710078e-02 7.44837251e-05 3.37214274e-04 6.82001126e-05
7.67376251e+01 -3.23472761e-02 -5.05307994e-03 -7.45919176e-02 1.12466406e-04 4.63370482e-04 3.96708383e-05
7.94651735e+01 -6.36916372e-03 -9.11261267e-03 -7.43136147e-02 8.56279261e-05 2.05738594e-04 4.89913928e-05
8.21856954e+01 1.89332233e-02 -1.30741877e-02 -6.50881367e-02 7.75613692e-05 2.99828557e-04 6.88422759e-05
8.49058282e+01 3.41819805e-02 -8.88865400e-03 -6.39689839e-02 6.15402743e-05 1.60216915e-04 1.07428908e-04
8.76269751e+01 3.65911343e-02 -7.05331650e-03 -6.32896997e-02 6.96069781e-05 1.65336015e-04 5.76541168e-05
9.03377610e+01 3.97878751e-02 -1.76503187e-03 -6.19905972e-02 1.64682813e-04 1.63234482e-04 6.59589263e-05
9.30613766e+01 3.95147942e-02 -3.85966712e-03 -6.67159267e-02 9.70856866e-05 7.03960903e-05 2.91680535e-04
9.57773235e+01 3.56188483e-02 2.05245645e-03 -7.46068849e-02 7.28141419e-05 1.41500600e-04 8.07367527e-05
9.84878719e+01 4.10237170e-02 -6.75299132e-03 -6.75448091e-02 6.17550798e-05 1.27522861e-04 4.21968123e-05
1.01203588e+02 3.99729382e-02 -6.25991278e-03 -6.53549388e-02 8.61106072e-05 1.86100405e-04 2.18388491e-05
1.03919306e+02 5.16917383e-02 -1.28861837e-02 -6.00103516e-02 1.07124829e-04 2.31997569e-04 1.03728527e-04
1.06628384e+02 5.82309673e-02 -1.23881105e-02 -4.34914853e-02 1.75940976e-05 1.32512817e-04 1.70526450e-04
1.09346291e+02 6.42864961e-02 -1.21644414e-02 -3.37110542e-02 1.47132347e-04 2.65128732e-04 5.81290868e-05
1.12057213e+02 6.92438465e-02 -5.86454641e-03 -2.33703025e-02 6.36516035e-05 1.25834493e-04 4.54613936e-05
1.14778853e+02 6.94761688e-02 -4.34193442e-03 -1.74961601e-02 4.95108524e-05 6.18760273e-05 4.87105063e-05
1.17494525e+02 6.99144360e-02 -2.63012670e-03 -3.63398510e-03 1.02367861e-04 6.96893526e-05 4.65289195e-05
1.20202947e+02 7.95119082e-02 -2.23452555e-03 9.47876606e-03 1.14635846e-04 1.04678046e-04 2.88807119e-05
1.22911619e+02 7.03375709e-02 1.48343448e-03 2.13045305e-02 6.61695700e-05 1.35127666e-04 4.08177273e-05
1.25611150e+02 6.64851835e-02 -2.80185004e-03 2.99615548e-02 2.47302174e-05 3.35311858e-04 9.99775400e-05
1.28329775e+02 6.48537092e-02 -6.35452554e-03 3.16360079e-02 1.37212062e-04 3.01100786e-04 1.12517306e-04
1.31041072e+02 5.88062305e-02 -6.16072241e-03 3.98189940e-02 8.26021784e-05 3.78447061e-04 2.22857873e-05
1.33749994e+02 6.03585469e-02 3.25453585e-04 4.43867561e-02 2.38913637e-05 2.10807262e-04 5.29985210e-05
1.36469775e+02 6.72787394e-02 5.14674233e-03 4.08123787e-02 4.40950484e-05 4.09534860e-04 3.25665087e-05
1.39182666e+02 5.89503240e-02 2.56193447e-03 3.90359819e-02 5.36252415e-05 5.22906421e-04 1.46811470e-04
1.41895166e+02 6.03165680e-02 3.76520402e-03 4.15918936e-02 4.79546278e-05 5.74478243e-04 5.27129111e-05
1.44610900e+02 5.93177523e-02 -1.15722802e-03 5.41971515e-02 3.89444425e-05 4.07237519e-04 4.00895836e-05
1.47330947e+02 5.47712494e-02 -1.76684886e-03 5.54896889e-02 4.54592597e-05 2.91887878e-04 7.48252489e-05
1.50050884e+02 5.21271448e-02 2.45011827e-03 5.73830519e-02 4.85773284e-05 5.62761889e-05 1.05492933e-04
1.52775650e+02 4.62119250e-02 1.04420813e-03 6.05683343e-02 1.01237850e-04 6.13636401e-05 1.09522363e-04
1.55483744e+02 4.82752936e-02 9.53842015e-04 6.08578123e-02 3.81754025e-05 9.32560097e-05 2.33037954e-05
1.58202119e+02 4.45293927e-02 -1.40970327e-03 7.00752000e-02 4.73631613e-05 8.87362560e-05 1.00150601e-04
1.60923166e+02 3.01746267e-02 4.70970378e-03 6.54707755e-02 7.18217798e-05 6.07633769e-05 8.04031521e-05
1.63639228e+02 2.56898101e-02 7.03916318e-03 6.91295139e-02 7.33942722e-05 8.42644205e-05 3.88763538e-05
1.66362025e+02 1.72991859e-02 -5.77057188e-03 6.62128828e-02 7.52949369e-05 3.07751156e-04 2.71823362e-05
1.69080275e+02 8.46408766e-03 -1.15866258e-02 6.51755685e-02 1.21140202e-04 5.52023541e-04 5.71041701e-05
1.71794494e+02 -9.82209987e-03 -1.67164406e-02 7.23097594e-02 4.64105796e-05 1.74539283e-04 1.28539067e-04
1.74507916e+02 -2.74496148e-02 -1.45280855e-02 7.03731014e-02 3.62969500e-05 2.32250786e-04 3.99584680e-05
1.77226744e+02 -3.33493768e-02 -1.25481430e-02 6.19844911e-02 7.29133541e-05 3.44590451e-04 5.86693055e-05
1.79939009e+02 -4.86120115e-02 -3.62868907e-03 5.06205218e-02 5.68057141e-05 2.77856330e-04 3.59817857e-05
1.82664400e+02 -5.40860370e-02 -3.36097447e-03 5.20506743e-02 5.80301013e-05 3.93140277e-04 7.91569192e-05
1.85377478e+02 -6.14744201e-02 -6.58126115e-03 5.31789094e-02 2.37541867e-05 2.75586548e-04 3.80583721e-05
1.88093556e+02 -6.25528006e-02 -8.38560934e-03 4.99342324e-02 2.96822486e-05 2.79542790e-04 2.11721795e-05
1.90805244e+02 -5.82944975e-02 -1.14830738e-02 5.46925210e-02 4.28158224e-05 3.59025064e-04 6.11035753e-05
1.93523181e+02 -5.55761430e-02 -8.51579776e-03 5.67563036e-02 1.99386111e-05 2.39853634e-04 2.86425079e-05
1.96243166e+02 -5.06409855e-02 -5.39893199e-03 6.17266064e-02 3.54199326e-05 2.88939883e-04 1.01886343e-05
1.98962525e+02 -5.00585828e-02 3.68874184e-03 6.16463099e-02 8.49084566e-05 2.66286274e-04 1.87069244e-05
2.01674853e+02 -4.99291981e-02 3.24364036e-03 6.47947063e-02 3.38629512e-05 7.04843340e-05 4.89969826e-05
2.04389181e+02 -3.56454505e-02 7.16302557e-03 7.34913564e-02 5.90327023e-05 6.62243354e-05 5.01767040e-05
2.07101572e+02 -2.55810904e-02 6.45907768e-03 6.87301844e-02 7.90486834e-05 5.42789489e-05 1.12573468e-04
2.09819181e+02 -1.11202297e-02 8.03629526e-03 7.09755797e-02 3.76072318e-05 3.23201724e-04 7.10407455e-05
2.12533869e+02 1.08131364e-03 5.52942609e-03 6.85623680e-02 5.47321042e-05 8.60824733e-05 6.13597976e-05
2.15267416e+02 1.49324108e-02 2.21381066e-03 6.28619918e-02 3.12895235e-05 8.66812093e-05 1.07797790e-04
2.17985400e+02 2.55416060e-02 -7.10095182e-04 6.52367492e-02 3.43598802e-05 2.33913505e-04 6.30123983e-05
2.20696853e+02 4.95195482e-02 8.23993746e-03 6.55603848e-02 1.90267865e-05 4.15728535e-05 6.00802472e-05
2.23410806e+02 6.23611706e-02 1.00484208e-02 5.60904390e-02 1.66525551e-05 8.74450650e-05 7.95828249e-05
2.26126588e+02 6.62992802e-02 1.09321261e-02 5.47713141e-02 6.83254018e-05 1.63429753e-04 6.70265839e-05
2.28838572e+02 6.48986516e-02 6.14935484e-03 5.01225326e-02 2.50485069e-05 1.97687665e-04 8.60774845e-05
2.31557009e+02 6.66647841e-02 1.37076475e-03 5.02534126e-02 1.18026090e-04 2.55759534e-04 5.98176026e-05
2.34274697e+02 5.81238371e-02 -1.56293416e-03 5.28529324e-02 4.80844126e-05 3.85175688e-04 3.57305572e-05
2.36989603e+02 6.11030898e-02 -4.79934431e-03 5.54885685e-02 7.93288480e-05 2.50012557e-04 1.52667203e-04
2.39707697e+02 5.75253148e-02 -5.15212775e-03 5.89321775e-02 2.84064453e-05 4.64233496e-05 1.38765924e-05
2.42434072e+02 6.50919326e-02 -3.29458959e-03 5.54019774e-02 7.21955616e-05 4.62609057e-05 7.89398444e-05
2.45151884e+02 6.22027738e-02 6.12179512e-03 5.07896770e-02 2.58913445e-05 2.29071628e-05 1.86395987e-04
2.47876666e+02 5.94803683e-02 6.59063307e-03 5.30843694e-02 6.72864234e-05 5.14350206e-05 4.77345833e-05
2.50585650e+02 6.98724488e-02 2.86566951e-03 4.67108821e-02 6.19803446e-05 8.55777830e-05 7.71048047e-05
2.53295103e+02 7.07917737e-02 4.36207339e-03 4.50536260e-02 5.53132614e-05 6.50743931e-05 5.92992535e-05
2.56011963e+02 7.08901897e-02 -3.79886387e-03 3.79756423e-02 1.18164657e-04 1.39180140e-04 1.08100546e-04
2.58727228e+02 6.54518014e-02 -3.16979683e-03 3.74851787e-02 5.05240238e-05 1.21577904e-04 6.32262579e-05
2.61438884e+02 6.79497086e-02 -9.08845585e-03 3.46403385e-02 4.13162726e-05 1.29936525e-04 2.45243702e-05
2.64154400e+02 7.06997118e-02 -3.77598830e-03 2.54853706e-02 5.86857287e-05 1.21272736e-04 5.63677098e-05
2.66863134e+02 8.27649902e-02 -3.60893455e-03 1.54297701e-02 3.87335552e-05 3.13807393e-05 6.08484840e-05
2.69571157e+02 7.99718983e-02 -2.40627679e-03 1.52450704e-03 2.25806360e-05 1.18154742e-04 8.79560855e-05
