6.72541750e-01 7.27454722e-02 -7.81623026e-03 -9.92280360e-03 8.06899285e-05 3.98759073e-04 1.94256755e-05
3.38645877e+00 7.28699578e-02 -7.97842423e-03 -2.69885080e-02 4.59636079e-05 3.71341758e-04 7.89249383e-05
6.10665065e+00 6.95553706e-02 -9.88696890e-03 -3.76141087e-02 1.27040970e-04 2.61458819e-04 1.30580316e-04
8.82866033e+00 6.98732583e-02 -1.93719653e-03 -4.96595557e-02 4.26882258e-05 1.95738143e-04 3.97125146e-05
1.15384596e+01 6.27834819e-02 -2.32720586e-03 -4.30485600e-02 2.08722170e-05 6.29841673e-05 4.18915653e-05
1.42573080e+01 5.43597590e-02 -4.61510267e-04 -4.38483302e-02 8.65277997e-05 1.17396177e-04 3.50665820e-05
1.69788439e+01 5.60509687e-02 6.32518736e-04 -4.54276368e-02 5.02442260e-05 9.16729964e-05 6.54734202e-05
1.96908642e+01 4.85611346e-02 -1.33906020e-03 -4.80381997e-02 3.04436645e-05 1.61935564e-04 6.25478273e-06
2.24100502e+01 5.73258998e-02 4.83033690e-03 -6.16406415e-02 8.84621777e-05 1.27467348e-04 1.58298404e-05
2.51154861e+01 6.09496503e-02 3.67786117e-03 -6.06544262e-02 8.47927748e-05 6.96228279e-05 3.24258190e-05
2.78281080e+01 5.56368832e-02 1.10709764e-02 -6.13080051e-02 5.21815479e-05 1.39671391e-04 8.22722748e-05
3.05440799e+01 6.27021055e-02 1.03891112e-02 -5.67452633e-02 4.27346261e-05 8.79858881e-05 7.76930881e-05
3.32562502e+01 6.42107410e-02 1.26832363e-02 -5.22611512e-02 5.98806291e-05 3.87400121e-05 7.51642666e-05
3.59625439e+01 6.71404767e-02 1.44497845e-02 -5.81994534e-02 6.78280227e-05 2.97655829e-05 2.93823158e-05
3.86793955e+01 6.70018624e-02 9.07382213e-03 -5.67102226e-02 5.06773684e-05 5.43506593e-05 4.95858991e-05
4.13942314e+01 5.92639557e-02 1.27847626e-02 -5.42824345e-02 6.60333527e-05 4.38303964e-05 1.22251609e-04
4.41113814e+01 5.48912706e-02 6.62986125e-03 -6.56449779e-02 3.26686188e-05 1.53741738e-04 6.41606845e-05
4.68271533e+01 4.44296742e-02 5.28767059e-03 -6.36664409e-02 4.31562067e-05 2.21500966e-04 3.83030556e-05
4.95568392e+01 4.01245096e-02 3.40233520e-03 -7.11578076e-02 6.66169401e-05 2.70094719e-04 3.02131472e-05
5.22731252e+01 3.12680505e-02 1.87328289e-03 -7.37742525e-02 6.12446431e-05 5.17970794e-04 3.22850991e-05
5.49795330e+01 2.64000160e-02 -6.29331569e-03 -7.15966401e-02 2.95833724e-05 5.19746034e-04 8.23044973e-05
5.77064455e+01 5.95297544e-03 -5.52782083e-03 -6.66599105e-02 9.61631461e-05 8.21237488e-04 6.14054318e-05
6.04288361e+01 -1.50244270e-02 -1.19723191e-02 -6.26156312e-02 3.83037404e-05 5.61040472e-04 5.87076705e-05
6.31500064e+01 -3.01981110e-02 -1.13325941e-02 -6.65206924e-02 3.36370708e-05 7.20848415e-04 7.37267410e-05
6.58714127e+01 -2.97038117e-02 -1.48916993e-02 -7.37183735e-02 3.78283946e-05 3.37504819e-04 5.77628420e-05
6.85919283e+01 -3.12760371e-02 -7.01494734e-03 -7.59879779e-02 3.15295689e-05 2.97497779e-04 3.58643783e-05
7.13152846e+01 -3.22760735e-02 -1.59654219e-02 -8.07652919e-02 6.67077675e-05 1.46891302e-04 2.77953965e-05
7.40274455e+01 -2.28807009e-02 -1.02266258e-02 -8.21088667e-02 8.51552031e-05 1.08000448e-04 4.73440206e-05
7.67410346e+01 -1.91745872e-02 -9.28403286e-03 -7.95309501e-02 9.99453654e-05 8.16645868e-05 5.23459725e-05
7.94543283e+01 -1.91217587e-02 -2.59315561e-03 -8.17535033e-02 7.87026501e-05 7.70427547e-05 2.75647519e-05
8.21772142e+01 -6.50269190e-03 -2.97852353e-03 -7.64862827e-02 2.78375974e-05 4.17790901e-05 4.60684772e-05
8.48926299e+01 -2.87254693e-03 6.32613688e-04 -7.69217958e-02 1.35008546e-04 1.95062144e-05 2.93904451e-05
8.76169314e+01 2.27058147e-02 -4.10114666e-03 -6.92993914e-02 9.41677839e-05 4.03254212e-05 5.18257263e-05
9.03359955e+01 3.13695046e-02 -5.96602428e-03 -6.69698012e-02 9.78964004e-05 1.59182444e-04 1.22772015e-04
9.30499596e+01 4.17410909e-02 -5.99747265e-03 -5.85170118e-02 7.69407083e-05 3.69573509e-05 5.67344822e-05
9.57731205e+01 5.20282326e-02 -1.53552578e-03 -5.64125777e-02 4.40318016e-05 1.41891151e-05 4.92508001e-05
9.84835127e+01 5.62950183e-02 1.13617381e-03 -4.50988813e-02 8.45582779e-05 9.56111836e-05 6.88625602e-05
1.01202197e+02 6.01583077e-02 5.86820581e-03 -4.37644830e-02 4.57065106e-05 9.61327566e-05 5.30356539e-05
1.03903744e+02 6.70614354e-02 1.09818400e-02 -4.53675599e-02 8.69007891e-05 2.08981534e-04 4.61372539e-05
1.06623338e+02 6.85346120e-02 1.22421311e-02 -4.20759960e-02 8.08215094e-05 1.67741213e-04 5.00130347e-05
1.09335369e+02 6.64388785e-02 6.89734939e-03 -3.71752591e-02 1.22688515e-04 1.21859945e-04 8.79437500e-05
1.12047041e+02 6.67270561e-02 7.48370805e-03 -2.59464375e-02 3.03606228e-05 1.55795546e-04 1.51835186e-04
1.14769072e+02 6.50276502e-02 4.77401076e-03 -1.61462832e-02 7.13529207e-05 1.54041169e-04 1.37825949e-04
1.17483447e+02 7.02337910e-02 2.19510607e-04 -9.46806477e-03 5.25647503e-05 1.33559428e-04 8.77198740e-05
1.20195088e+02 7.46348498e-02 -2.95031892e-04 7.95575881e-04 7.83851405e-05 5.12589323e-05 3.85458532e-05
1.22903119e+02 7.40577520e-02 -1.58852013e-03 1.56557878e-02 4.50991941e-05 1.64536747e-04 7.01829775e-05
1.25616791e+02 6.34210301e-02 -7.49182367e-03 2.13470711e-02 2.08105957e-05 9.71830271e-05 7.96872413e-05
1.28335978e+02 6.28990155e-02 -1.20765881e-02 2.68456102e-02 4.27527028e-05 7.63287206e-05 4.87336006e-05
1.31055697e+02 6.12823007e-02 -1.42034365e-02 2.98054988e-02 8.33947945e-05 8.53177548e-05 3.03571076e-05
1.33774213e+02 6.14997471e-02 -1.10504739e-02 4.22003655e-02 4.94817825e-05 1.15774771e-04 4.55844564e-05
1.36479619e+02 5.84062625e-02 -6.44689398e-03 4.89278107e-02 8.33102812e-05 4.52808366e-05 2.64654603e-05
1.39202135e+02 6.26506626e-02 -1.55259092e-02 5.60363162e-02 7.83217175e-05 1.10436120e-04 5.04419718e-05
1.41912369e+02 5.73554549e-02 -1.27589695e-02 7.08624817e-02 1.84668770e-05 1.52088323e-04 1.15247681e-04
1.44632135e+02 6.58502285e-02 -1.21736010e-02 6.14346541e-02 1.07966484e-04 1.50022342e-04 1.79114332e-05
1.47344900e+02 6.41126194e-02 -9.62260849e-03 5.79220326e-02 6.54017101e-05 2.18472350e-04 8.53698595e-05
1.50067181e+02 5.04957926e-02 -8.52877851e-03 5.15202226e-02 4.39284796e-05 2.14540915e-04 3.46691994e-05
1.52775494e+02 4.37974443e-02 -3.61950472e-03 5.59594402e-02 3.59725755e-05 2.32219759e-04 8.09981071e-05
1.55484650e+02 5.19405746e-02 -8.81487284e-03 6.38876572e-02 4.66220020e-05 2.21271786e-04 9.25171267e-05
1.58201963e+02 4.90385082e-02 -1.15585678e-02 6.40222043e-02 6.93614345e-05 2.41098700e-04 1.40251905e-04
1.60910166e+02 3.88380027e-02 -6.85862208e-03 6.70531057e-02 3.74848067e-05 3.29030070e-05 6.68407957e-05
1.63641228e+02 2.07279957e-02 -3.58141580e-03 6.61234458e-02 5.17695080e-05 1.58738646e-04 1.48742310e-04
1.66358838e+02 1.42015491e-02 -1.25066337e-02 7.55864468e-02 6.98414943e-05 3.51594913e-04 8.69442240e-05
1.69077791e+02 1.04858264e-03 -1.03634599e-02 7.74319439e-02 4.32450956e-05 6.84891414e-05 6.26837462e-05
1.71791478e+02 -1.16167964e-02 -1.12320272e-02 7.68339614e-02 2.75258651e-05 4.41801758e-05 5.93883633e-05
1.74504947e+02 -2.70385950e-02 -6.52831543e-03 7.45743386e-02 4.04403723e-05 8.55959907e-05 2.48247650e-05
1.77220463e+02 -3.36249652e-02 -6.20407557e-03 7.52999078e-02 6.22327159e-05 7.05309110e-05 5.28365849e-05
1.79939791e+02 -3.58044688e-02 -8.73926657e-03 7.32939965e-02 2.83393698e-05 8.78127593e-05 7.93934286e-05
1.82652838e+02 -3.37542865e-02 -1.04875683e-02 7.30878192e-02 1.92595718e-05 5.56980669e-05 7.69544222e-05
1.85371228e+02 -3.35799046e-02 -1.21038312e-02 6.39846873e-02 5.79875123e-05 1.26335381e-04 5.58597580e-05
1.88085791e+02 -4.03092261e-02 -9.72193793e-03 6.08869576e-02 3.71471719e-05 1.09918353e-04 1.63625430e-04
1.90796400e+02 -4.94599296e-02 -5.36330973e-03 5.89092977e-02 7.04469725e-05 8.61968994e-05 6.59457128e-05
1.93506463e+02 -4.96112467e-02 -7.58692366e-03 6.62490765e-02 3.09692051e-05 8.38543116e-05 7.16750749e-05
1.96222447e+02 -4.71108936e-02 -2.12354875e-03 6.72596642e-02 9.38849311e-05 1.31382093e-04 9.12682850e-05
1.98940681e+02 -4.30787355e-02 -2.19647839e-03 7.08991170e-02 6.50350916e-05 9.62239307e-05 4.78790128e-05
2.01661135e+02 -3.55219011e-02 -1.75217482e-03 6.85426725e-02 5.68475979e-05 1.30021446e-04 1.16522346e-04
2.04374838e+02 -2.94144662e-02 -2.25795443e-03 7.12323574e-02 2.54923057e-05 1.09192782e-04 1.91536833e-05
2.07102244e+02 -2.11435355e-02 -9.36808884e-05 7.28695968e-02 5.82499293e-05 6.13013277e-05 4.05503396e-05
2.09826510e+02 -8.59757829e-03 6.90114531e-04 7.65142706e-02 1.13351759e-04 3.89314418e-05 5.23702094e-05
2.12545666e+02 2.48243605e-02 4.57845453e-03 6.87979880e-02 5.31869489e-05 2.50927573e-05 9.14085498e-05
2.15259885e+02 3.36380069e-02 7.11573344e-03 7.04298870e-02 6.75988132e-05 3.35075715e-04 4.14922508e-05
2.17982681e+02 3.95679731e-02 3.59873166e-03 6.33934331e-02 6.37991387e-05 9.34434994e-05 5.40837316e-05
2.20706697e+02 4.06126195e-02 7.89051844e-03 6.60683277e-02 2.32557955e-05 1.99888874e-04 4.84171694e-05
2.23421697e+02 5.06216375e-02 5.05022462e-03 6.81222252e-02 4.43739206e-05 1.01196618e-05 3.12794322e-05
2.26136197e+02 5.17956384e-02 -9.14897343e-04 6.45745412e-02 4.60691751e-05 4.63284341e-05 7.24733557e-05
2.28859728e+02 5.65771076e-02 -1.55922348e-03 6.28645280e-02 6.13169894e-05 1.51269627e-04 3.42716012e-05
2.31580228e+02 6.57985152e-02 2.90361297e-03 5.97409850e-02 5.54754528e-05 7.67031123e-05 7.22237336e-05
2.34295150e+02 6.64534372e-02 7.78605784e-03 5.20353310e-02 9.22313704e-05 3.20812867e-05 4.23033203e-05
2.37005541e+02 6.46072381e-02 6.73287368e-03 4.83342293e-02 4.56473647e-05 1.92540628e-05 6.37716028e-05
2.39712416e+02 6.70808133e-02 2.26268394e-03 4.66450537e-02 1.83576882e-04 5.21153094e-05 1.04849905e-04
2.42423260e+02 6.70240969e-02 1.86884754e-03 4.43496998e-02 1.90071819e-04 3.23115454e-05 8.45054056e-05
2.45143900e+02 6.29884760e-02 -3.70242013e-04 4.71871121e-02 4.85245369e-05 1.33316437e-04 1.25781948e-04
2.47862166e+02 5.11729974e-02 -8.59949167e-05 5.38334871e-02 7.93174502e-05 1.51277295e-04 5.65958752e-05
2.50578822e+02 5.31440861e-02 -4.79050113e-03 6.26883591e-02 1.64922895e-04 1.31322840e-04 3.40645300e-05
2.53294603e+02 5.76587131e-02 -3.20146600e-03 6.18133528e-02 4.53118517e-05 4.32739178e-04 5.23314034e-05
2.56007822e+02 5.89893730e-02 4.60180210e-05 5.85326693e-02 1.34236729e-04 9.28108654e-05 3.69348300e-05
2.58729838e+02 6.12519696e-02 -3.32394616e-03 5.07772106e-02 3.77541899e-05 2.77748054e-04 1.91148767e-04
2.61443635e+02 6.26810875e-02 -1.04762204e-02 4.75337098e-02 4.12803966e-05 2.54286028e-04 4.58779119e-05
2.64148994e+02 6.83738621e-02 2.00376133e-03 4.10183503e-02 5.00518071e-05 6.44184495e-05 4.02453829e-05
2.66855244e+02 7.17880852e-02 -3.18007745e-03 3.02809343e-02 2.81239436e-05 6.72726857e-05 4.67925054e-05
2.69567232e+02 7.00239807e-02 5.78382795e-04 2.88058693e-04 3.90118058e-05 1.32643768e-04 5.65850531e-05
