6.73243360e-01 7.64765718e-02 -5.48674840e-03 -8.50333169e-03 3.83356402e-05 3.13677895e-04 2.97460187e-05
3.38593426e+00 6.99601559e-02 -9.84334406e-03 -2.39720291e-02 6.91976902e-05 2.58517982e-04 2.39794219e-05
6.10131848e+00 6.81985023e-02 -9.89353353e-03 -3.97933212e-02 5.51184492e-05 2.65718442e-04 4.83229188e-05
8.82660051e+00 6.19593675e-02 -5.91509301e-03 -4.96246408e-02 9.72155634e-05 2.05493921e-04 1.29909339e-04
1.15449552e+01 5.76420019e-02 -3.24979592e-03 -5.08060808e-02 7.45460031e-05 1.19478743e-04 8.26003405e-05
1.42640239e+01 5.93353312e-02 -4.44556540e-03 -5.36459895e-02 5.00600499e-05 2.05178950e-04 2.25524185e-05
1.69759177e+01 5.72326467e-02 4.49948447e-04 -4.96370949e-02 2.06591971e-05 1.88689299e-04 1.22009114e-04
1.97018661e+01 5.83847151e-02 -3.87521424e-03 -5.62013768e-02 4.55600470e-05 2.32181620e-04 4.66845892e-05
2.24042708e+01 5.75492709e-02 1.58919354e-03 -6.21145497e-02 6.94103513e-05 9.44891000e-05 5.50504000e-05
2.51166552e+01 5.92070005e-02 6.63760192e-03 -5.68391667e-02 7.00069410e-05 1.60656652e-04 6.39939486e-05
2.78349568e+01 5.53122008e-02 1.29736196e-02 -6.08668709e-02 2.75068940e-05 4.23591266e-05 5.70749694e-05
3.05456740e+01 6.18388803e-02 2.02130848e-02 -5.65652036e-02 3.94368541e-05 1.26612860e-04 5.74333477e-05
3.32553005e+01 7.26418826e-02 1.24402813e-02 -4.85269982e-02 7.64600626e-05 1.53594645e-04 3.51662937e-05
3.59669724e+01 7.73617405e-02 1.70848844e-02 -5.07772185e-02 6.83498552e-05 9.59466438e-05 8.51333234e-05
3.86728927e+01 7.49128856e-02 1.35236557e-02 -4.71593014e-02 3.31159591e-05 2.41499610e-05 4.17571554e-05
4.13816990e+01 6.22108191e-02 1.34097233e-02 -5.06638733e-02 5.23501965e-05 5.02013075e-05 9.08921604e-05
4.41056974e+01 5.00542507e-02 1.01411931e-02 -5.93521837e-02 8.92393938e-05 1.57376198e-04 2.62837878e-05
4.68265583e+01 4.26862845e-02 3.07963672e-03 -6.41553414e-02 6.81923117e-05 3.20324490e-04 3.89750090e-05
4.95490786e+01 4.00803028e-02 -3.87257652e-03 -7.16050421e-02 8.48339151e-05 3.01942065e-04 2.97983038e-05
5.22708364e+01 3.79455530e-02 -1.44098695e-04 -7.54025681e-02 3.09746094e-05 3.36111517e-04 4.67290551e-05
5.49925614e+01 1.92106382e-02 -1.29039204e-03 -7.14626365e-02 1.22107135e-05 3.05918112e-04 6.13240732e-05
5.77094630e+01 2.72477389e-03 -3.62412341e-03 -5.88642959e-02 3.66948352e-05 3.59509427e-04 5.24165722e-05
6.04288099e+01 -1.09909102e-02 -8.89717762e-03 -6.25046326e-02 4.66537862e-05 3.84577308e-04 4.33408083e-05
6.31534177e+01 -2.83802825e-02 -9.87349072e-03 -7.21175406e-02 6.66722883e-05 3.92445898e-04 3.35654557e-05
6.58784396e+01 -2.59333357e-02 -1.43552316e-02 -8.14576307e-02 2.11477668e-04 2.65134526e-04 4.67681623e-05
6.85936068e+01 -2.99847518e-02 -1.34350097e-02 -8.35723544e-02 2.84756048e-05 9.57013337e-05 4.68346182e-05
7.13138458e+01 -2.42117355e-02 -5.64908136e-03 -8.15689612e-02 6.66912979e-05 9.17799590e-05 4.41325962e-05
7.40203646e+01 -2.18733853e-02 -3.64986262e-03 -8.18037551e-02 5.30886745e-05 1.45581323e-04 6.18393960e-05
7.67372380e+01 -1.70682787e-02 -4.26443280e-03 -7.91950277e-02 8.78215819e-05 4.63727664e-05 6.33878090e-05
7.94475099e+01 -1.62625522e-02 -8.83382207e-03 -7.20294264e-02 5.98365005e-05 4.88777559e-05 7.72184968e-05
8.21643958e+01 -1.43415303e-02 -5.97827600e-03 -7.70196704e-02 4.31088466e-05 1.02900791e-04 1.06587346e-04
8.48886365e+01 8.50752136e-03 -6.62863727e-03 -7.19697306e-02 1.05757559e-04 9.84529552e-05 1.51224156e-05
8.76177833e+01 2.42830473e-02 -3.38586227e-03 -6.63290422e-02 5.99459415e-05 7.98463738e-05 2.38563785e-05
9.03370911e+01 3.77224477e-02 -6.24303251e-03 -6.42691325e-02 4.06599862e-05 5.73280049e-05 2.50188580e-05
9.30581911e+01 4.81039666e-02 3.08248536e-03 -6.05418416e-02 5.41528672e-05 6.25997011e-05 2.22681161e-05
9.57629052e+01 5.59260205e-02 1.86057425e-03 -4.78296459e-02 4.61877142e-05 1.65596175e-04 1.54868730e-04
9.84780302e+01 5.88020765e-02 9.96123295e-03 -4.84416481e-02 6.07622391e-05 3.40385609e-05 7.69138811e-05
1.01194847e+02 6.53089658e-02 5.71438823e-03 -4.50742008e-02 2.49902842e-05 1.02165092e-04 1.11653988e-05
1.03911613e+02 6.83096514e-02 8.92747864e-03 -4.13892092e-02 2.62829733e-05 2.68361481e-04 5.99163276e-05
1.06622347e+02 7.13507411e-02 6.37341636e-03 -3.78694454e-02 1.48314269e-05 1.96216395e-04 4.00438566e-05
1.09345410e+02 6.92472571e-02 6.85445346e-03 -3.36850378e-02 5.13363605e-05 3.36896933e-04 6.63750447e-05
1.12049551e+02 6.52866632e-02 6.01157397e-03 -2.62968144e-02 4.55390686e-05 1.36441294e-04 8.07641327e-05
1.14765613e+02 7.29570546e-02 7.27313768e-03 -2.05679835e-02 7.61528558e-05 1.19468823e-04 1.31428229e-05
1.17475644e+02 7.41294620e-02 4.63790013e-03 -1.22143136e-02 4.59521485e-05 1.49161108e-04 9.42157048e-05
1.20187566e+02 7.07749775e-02 3.55746209e-03 -2.85197798e-03 1.56215941e-04 1.06150032e-04 5.71478626e-05
1.22914347e+02 7.34613054e-02 -2.44509649e-03 8.73684298e-03 8.98444685e-05 1.82261986e-04 3.86771630e-05
1.25626691e+02 7.19806704e-02 -7.86888427e-03 1.33377862e-02 1.47924083e-04 1.11938792e-04 8.93830364e-05
1.28339160e+02 6.63951891e-02 -1.42091843e-02 2.23112773e-02 2.28640304e-05 1.99593049e-04 5.23516919e-05
1.31054551e+02 6.49149419e-02 -1.33242936e-02 3.63720047e-02 8.35959092e-05 4.07084576e-05 3.27297749e-05
1.33771691e+02 6.03122499e-02 -1.40616226e-02 4.26774793e-02 6.33820213e-05 1.16127139e-04 7.10945031e-05
1.36491629e+02 5.64553866e-02 -1.21933722e-02 5.37562141e-02 3.12230041e-05 1.14250219e-04 6.52316829e-05
1.39202301e+02 6.21905982e-02 -4.89113545e-03 5.32157207e-02 5.57776900e-05 2.71278051e-04 4.15483354e-05
1.41926629e+02 5.78717520e-02 -1.40335411e-02 6.20721357e-02 3.22919530e-05 9.06823442e-05 2.78311774e-05
1.44633316e+02 5.66306870e-02 -1.12089654e-02 6.10854379e-02 5.90162477e-05 1.88023621e-04 4.58488045e-05
1.47344144e+02 5.10155201e-02 -1.37236496e-02 6.04873245e-02 6.22150655e-05 2.36126337e-04 8.35249778e-05
1.50055894e+02 5.06997004e-02 -1.73136945e-02 5.72519008e-02 8.03985276e-05 1.73252582e-04 5.53320427e-05
1.52773629e+02 4.91055439e-02 -1.06671873e-02 5.71537912e-02 4.30475178e-05 5.83599578e-05 9.74430209e-05
1.55486363e+02 5.03150928e-02 -9.99116162e-03 6.27652750e-02 7.04433430e-05 1.55646045e-04 6.17660227e-05
1.58208847e+02 4.70017900e-02 -7.63818343e-03 5.96940235e-02 7.01573189e-05 1.29762455e-04 7.62407114e-05
1.60917410e+02 3.79344368e-02 -1.08222884e-02 6.37324047e-02 5.90967908e-05 1.69376762e-04 4.80885335e-05
1.63636863e+02 2.22731061e-02 -1.87616373e-03 6.53476800e-02 2.51858607e-05 1.85703116e-04 8.30074995e-05
1.66350894e+02 1.35250215e-02 -2.31855570e-03 7.08217861e-02 3.87324643e-05 6.44340032e-05 4.34705574e-05
1.69071879e+02 5.80222886e-04 -1.13113514e-02 7.85770400e-02 3.74273161e-05 7.77185423e-05 2.57738108e-05
1.71781722e+02 -1.61596990e-02 -1.48653760e-02 7.57833230e-02 4.88047475e-05 9.46062939e-05 7.15448749e-05
1.74500457e+02 -2.64817373e-02 -1.12418033e-02 7.16760258e-02 2.58558650e-05 1.41595442e-04 3.74088178e-05
1.77220394e+02 -3.85290530e-02 -4.23370744e-03 7.36399207e-02 4.73176965e-05 1.13710166e-04 2.52880566e-05
1.79932582e+02 -2.91808976e-02 -2.85476059e-03 7.92581940e-02 6.74099015e-05 3.17907462e-04 7.03182386e-05
1.82648254e+02 -3.22376392e-02 -1.66430455e-03 7.69073567e-02 9.21008294e-05 1.10497484e-04 3.33384416e-05
1.85364926e+02 -3.27090053e-02 -5.91400000e-03 6.54747531e-02 6.29582811e-05 1.78579195e-04 3.20932301e-05
1.88085144e+02 -4.13584655e-02 -4.45916923e-03 5.76983132e-02 1.66211591e-04 1.77790080e-04 1.40056116e-04
1.90797957e+02 -5.16223081e-02 -5.15686245e-03 6.26590758e-02 7.38093548e-05 1.75626915e-04 4.84715505e-05
1.93512926e+02 -4.68253207e-02 -8.56292834e-03 6.47414631e-02 1.48245324e-05 4.05298722e-05 8.23919754e-05
1.96222754e+02 -4.70078241e-02 2.03116321e-03 6.40118880e-02 5.20469773e-05 1.20242967e-04 4.99051678e-05
1.98938785e+02 -3.93621480e-02 -2.30514754e-03 6.86419595e-02 8.12675018e-05 2.54285366e-05 4.30586823e-05
2.01660910e+02 -3.09574028e-02 1.37178599e-03 7.58639953e-02 6.76031393e-05 7.24754863e-05 7.46359733e-05
2.04383535e+02 -2.90966973e-02 -6.24796462e-03 7.32963450e-02 8.95494987e-05 1.05830872e-04 3.09377751e-05
2.07110863e+02 -1.85736006e-02 -1.38840932e-03 7.38976048e-02 8.96170142e-05 2.20405081e-04 3.32956358e-05
2.09817660e+02 2.58552924e-04 7.24944153e-05 6.95703734e-02 3.72104553e-05 4.70352174e-05 2.82664323e-05
2.12530801e+02 2.44928855e-02 -1.27640587e-03 6.25341824e-02 3.95585652e-05 2.02251814e-04 5.81317416e-05
2.15261988e+02 3.39485157e-02 -1.17359391e-03 6.22108623e-02 3.79556907e-05 7.90198852e-05 3.07984591e-05
2.17981535e+02 4.05639059e-02 1.94673390e-03 6.21954522e-02 5.77430755e-05 2.27759993e-04 8.93217242e-05
2.20697535e+02 4.07053182e-02 -4.86482270e-04 6.15105975e-02 2.94234810e-05 3.69240599e-04 6.92268864e-05
2.23425269e+02 5.12430949e-02 5.28803307e-03 6.98502195e-02 8.71429182e-05 5.95820806e-05 1.19978643e-05
2.26147957e+02 5.37035620e-02 4.12788806e-03 7.09724543e-02 5.32702387e-05 4.86080516e-05 5.46266501e-05
2.28862847e+02 5.12986277e-02 5.57314939e-03 6.42381196e-02 9.92282826e-05 1.35530239e-04 1.19940399e-04
2.31578972e+02 5.74925472e-02 3.21069909e-03 6.18837459e-02 5.98663124e-05 4.46974531e-05 1.16713743e-04
2.34299410e+02 5.88804930e-02 4.68531079e-04 5.89159034e-02 4.08500943e-05 3.97798050e-05 5.80252117e-05
2.37016504e+02 6.23353073e-02 6.96435000e-04 5.72147516e-02 1.36078953e-04 2.27028406e-05 1.03734943e-04
2.39723504e+02 6.32147947e-02 9.62789173e-04 5.23082794e-02 1.19170758e-04 9.80051281e-05 2.19596128e-04
2.42430176e+02 6.66654777e-02 9.12540019e-03 4.79988020e-02 1.32831931e-04 3.09331448e-05 5.60552964e-05
2.45139785e+02 5.82885825e-02 1.40400614e-03 4.72872287e-02 4.39496763e-05 1.33396214e-04 6.21650816e-05
2.47853238e+02 5.17701124e-02 -1.76124082e-03 5.73062907e-02 5.71158808e-05 2.18981685e-04 8.99776884e-05
2.50563379e+02 4.97048337e-02 -6.91301249e-04 5.84551197e-02 7.86894066e-05 1.60824936e-04 8.40201333e-05
2.53284238e+02 5.57036789e-02 -4.67723847e-03 5.83234305e-02 2.86787443e-05 2.32996523e-04 8.26625889e-05
2.55999832e+02 5.77233030e-02 -2.03019091e-03 5.49915263e-02 8.54804407e-05 1.45261422e-04 8.52076320e-05
2.58720269e+02 5.54802088e-02 -6.69459367e-03 4.98150534e-02 6.05088379e-05 2.60193523e-04 1.14593469e-04
2.61438988e+02 5.85151760e-02 -4.38279522e-03 4.80581073e-02 8.16273611e-05 1.18002797e-04 8.04165705e-05
2.64157691e+02 7.17441689e-02 -9.95641466e-04 3.94705252e-02 5.26877935e-05 2.40323398e-04 4.02235201e-05
2.66863426e+02 7.77784729e-02 -9.83333878e-04 2.63838984e-02 5.60393047e-05 4.92017321e-05 9.05575419e-05
2.69569856e+02 7.79943750e-02 -2.87648492e-03 1.42041944e-02 5.88308667e-05 8.97032889e-05 9.28040182e-05
