6.95369987e-01 8.09967356e-02 -6.98177500e-03 -4.79916365e-03 4.66257513e-05 1.11830049e-04 4.96870318e-05
3.41045238e+00 7.89529151e-02 2.34595130e-04 -1.24459040e-02 9.45751284e-05 1.41272250e-05 7.55110869e-05
6.11951269e+00 7.05638615e-02 -1.02423504e-02 -4.24855806e-02 5.02266834e-05 1.58041596e-04 5.70096549e-05
8.83148925e+00 6.22851473e-02 -7.61064184e-03 -4.96085022e-02 7.47466563e-05 9.69340226e-05 1.09557738e-04
1.15418693e+01 5.45994851e-02 -7.33814389e-03 -6.17617748e-02 7.86940200e-05 9.18837639e-05 2.25893078e-05
1.42505177e+01 4.94836144e-02 -8.69623675e-03 -6.65389250e-02 1.90616950e-05 1.50453194e-04 9.75186364e-05
1.69752161e+01 5.43583226e-02 -6.08810934e-03 -6.99032051e-02 8.22013937e-05 1.22327067e-04 1.20424190e-04
1.96898724e+01 5.10212902e-02 -5.87864789e-04 -6.09673677e-02 8.48075185e-05 8.67593503e-05 8.49616333e-05
2.24016974e+01 5.17346451e-02 5.00676504e-03 -5.21170588e-02 5.72130499e-05 1.16774233e-04 6.86898115e-05
2.51171083e+01 5.98839796e-02 6.03773011e-03 -4.65650113e-02 3.94147910e-05 3.36683215e-05 5.00607581e-05
2.78323599e+01 5.97689277e-02 4.70879671e-03 -3.57022334e-02 4.50032268e-05 1.87539674e-04 8.99769620e-05
3.05475630e+01 6.00736382e-02 1.28502507e-02 -2.99078685e-02 4.61105005e-05 3.18499948e-05 7.77613579e-05
3.32559614e+01 6.21102221e-02 1.66643928e-02 -3.52756923e-02 2.63540894e-05 2.74148762e-05 7.46331088e-05
3.59675161e+01 5.47809398e-02 1.76922888e-02 -3.95056712e-02 9.66643510e-05 1.09223174e-04 3.46763902e-05
3.86820411e+01 5.90768574e-02 1.24422006e-02 -3.84109728e-02 1.34619343e-04 9.19614382e-05 5.11971176e-05
4.13956443e+01 6.20680329e-02 6.22588600e-03 -4.66144889e-02 4.26818042e-05 1.24537688e-04 1.11265818e-04
4.41112067e+01 5.91837939e-02 -2.83868797e-03 -5.47825214e-02 6.88597296e-05 2.01226706e-04 2.31562893e-05
4.68330302e+01 5.54947575e-02 1.50556736e-03 -6.10128275e-02 4.33293502e-05 1.30358505e-04 1.09000656e-05
4.95451224e+01 3.45014905e-02 2.60350392e-03 -5.94370369e-02 9.07079206e-05 3.18786514e-04 5.29649661e-05
5.22666474e+01 1.77614352e-02 -5.86677070e-04 -5.90047138e-02 2.53506763e-05 2.67253330e-04 6.89731972e-05
5.49944443e+01 4.40361488e-03 -1.86064427e-03 -6.66068180e-02 7.09907717e-05 4.21713840e-04 5.32358159e-05
5.77185755e+01 -7.03633632e-03 -1.74740399e-03 -7.96767326e-02 6.66413309e-05 3.11906788e-04 1.86287487e-05
6.04352146e+01 -1.79187600e-02 1.43857487e-03 -8.27269662e-02 7.72044294e-05 4.14081376e-04 4.39912998e-05
6.31528130e+01 -2.04234581e-02 5.80072927e-03 -7.65206055e-02 4.07645545e-05 1.57787162e-04 7.34870615e-05
6.58611083e+01 -1.46117284e-02 6.97522315e-03 -6.90294214e-02 1.17329217e-04 9.12681720e-05 3.31647631e-05
6.85810021e+01 -2.06581128e-02 8.99029540e-03 -6.43403543e-02 9.30658138e-05 5.26878817e-05 1.11160546e-04
7.13014099e+01 -1.37038608e-02 8.69310646e-05 -6.28720471e-02 2.61968101e-04 4.68157815e-05 3.88277339e-05
7.40211567e+01 -1.69290841e-02 -1.25029144e-03 -6.58808600e-02 3.80491975e-05 3.46960156e-04 6.43224452e-05
7.67393286e+01 -2.14687813e-02 -2.91997234e-03 -7.17228792e-02 6.58699079e-05 2.32292468e-04 3.30045402e-05
7.94618630e+01 -8.75875800e-03 -4.23430918e-03 -7.42241051e-02 7.37807964e-05 3.78514295e-04 5.92218979e-05
8.21762036e+01 8.33340367e-03 -7.48579401e-03 -7.86635455e-02 1.18300756e-04 3.69576763e-04 5.88226398e-05
8.48976239e+01 2.86422279e-02 -7.25795600e-03 -7.85472454e-02 1.42671312e-04 1.67946175e-04 6.12439886e-05
8.76086661e+01 4.34878126e-02 -4.16275714e-03 -7.75111818e-02 5.71308553e-05 7.51350221e-05 4.30273600e-05
9.03229302e+01 5.59259054e-02 5.84584213e-03 -6.37427210e-02 6.08769699e-05 1.07779580e-04 8.64767935e-05
9.30383239e+01 5.57836051e-02 3.52130644e-03 -5.71860789e-02 1.46395238e-04 6.09923324e-05 6.24333375e-05
9.57607724e+01 6.34837836e-02 4.63019936e-03 -5.43234111e-02 3.42208995e-05 9.68426110e-05 1.95390168e-04
9.84804552e+01 6.25024680e-02 3.87038224e-03 -4.96629233e-02 2.98176857e-05 6.26654203e-05 2.15752841e-05
1.01195191e+02 6.34749199e-02 4.34071050e-03 -3.77429916e-02 7.73865610e-05 8.43638409e-05 1.16968764e-04
1.03908660e+02 6.40300270e-02 2.56760994e-03 -3.74710324e-02 1.25328803e-04 9.34156223e-05 6.18416623e-05
1.06616457e+02 6.94356783e-02 1.36792504e-03 -3.56040897e-02 3.80343381e-05 5.30853102e-05 9.54082470e-05
1.09327394e+02 7.46106734e-02 2.46729475e-03 -3.14309188e-02 6.45877168e-05 4.84606099e-05 6.19246122e-05
1.12046097e+02 7.37589316e-02 4.01222699e-03 -3.12529999e-02 9.67143822e-05 1.54322021e-05 5.79553200e-05
1.14768004e+02 7.24940329e-02 5.10353671e-03 -2.05621218e-02 6.79844528e-05 3.26677187e-05 1.80012987e-04
1.17486847e+02 6.84947985e-02 2.55497462e-03 -2.35919023e-02 2.08518891e-04 4.03584228e-05 4.46657802e-05
1.20191519e+02 7.53371505e-02 -3.33415392e-03 -1.71973882e-02 7.66768714e-05 4.35675070e-05 1.36662683e-04
1.22905863e+02 7.45053284e-02 -4.52800231e-03 -3.58808733e-03 1.09175613e-04 3.40180660e-05 5.57299607e-05
1.25615722e+02 6.66540523e-02 -4.40432918e-03 7.16462062e-03 1.51567784e-04 1.19312114e-04 5.65113092e-05
1.28339160e+02 6.80454543e-02 -7.97503117e-03 2.60073087e-02 2.77295598e-05 4.93989952e-05 4.03499483e-05
1.31057707e+02 6.95381732e-02 -9.51850346e-03 4.03894901e-02 3.11949003e-05 9.03689590e-05 3.20470773e-05
1.33780519e+02 6.52457759e-02 -4.89344389e-03 4.33023571e-02 4.08603984e-05 2.34791387e-04 1.10334101e-04
1.36493176e+02 6.27012083e-02 -1.01287979e-02 5.50026127e-02 5.42627443e-05 1.33523556e-04 2.58997509e-05
1.39205285e+02 5.66752242e-02 -1.73876979e-02 5.17711962e-02 2.49242500e-05 6.37264628e-05 7.26594823e-05
1.41917754e+02 4.99566820e-02 -1.01156164e-02 5.88987899e-02 3.51782834e-05 1.94480887e-04 2.25415626e-05
1.44641222e+02 4.84054626e-02 -1.40114325e-02 5.35450868e-02 4.51009030e-05 1.10461278e-04 1.11659285e-04
1.47351832e+02 5.66363352e-02 -1.28489336e-02 5.62458064e-02 1.03616418e-04 8.42957077e-05 9.20723483e-05
1.50074566e+02 4.49845398e-02 -1.32325965e-02 5.63048647e-02 6.38078704e-05 8.52831278e-05 1.59444961e-04
1.52773847e+02 4.45404929e-02 -1.56881201e-02 5.80787470e-02 7.68904696e-05 3.00804811e-04 4.76761506e-05
1.55488754e+02 4.69707825e-02 -1.63696234e-02 5.77914292e-02 9.19268699e-05 3.34120116e-04 3.97313392e-05
1.58196769e+02 4.27490820e-02 -1.57040594e-02 6.43750681e-02 1.31296996e-04 2.40685339e-04 7.68622441e-05
1.60913769e+02 4.48029243e-02 -6.45526534e-03 7.33502507e-02 7.63163916e-05 2.23712787e-04 7.24181826e-05
1.63622972e+02 4.34376096e-02 -7.41071976e-03 7.35797571e-02 1.49352358e-04 9.39830010e-04 5.39234637e-05
1.66349613e+02 2.59438307e-02 -1.28164952e-02 6.86151137e-02 4.24729784e-05 4.02119510e-04 3.13645345e-05
1.69067957e+02 -1.87515807e-03 2.62259622e-04 6.96057940e-02 8.65457852e-05 8.37376221e-04 1.33360792e-04
1.71780722e+02 -2.87775630e-02 2.19211990e-03 7.29484924e-02 4.28054482e-05 4.11947708e-04 5.10913916e-05
1.74502457e+02 -3.34374967e-02 1.12499228e-03 7.69737702e-02 2.40318251e-05 1.66672868e-04 3.60014881e-05
1.77225550e+02 -4.80834102e-02 -2.31013440e-03 7.11072964e-02 5.95096808e-05 1.04940869e-04 1.04307524e-04
1.79939613e+02 -4.86365990e-02 -2.34324812e-03 6.55489468e-02 1.66952781e-04 1.72556163e-04 3.32712447e-05
1.82663597e+02 -5.90642931e-02 3.98100490e-03 5.87631076e-02 5.93240599e-05 7.06182128e-05 6.30609731e-05
1.85371566e+02 -5.01501894e-02 8.04961091e-03 6.88994146e-02 2.23430577e-05 6.20650358e-05 3.29852891e-05
1.88080332e+02 -5.09166760e-02 8.19956262e-03 6.90041100e-02 6.31704527e-05 1.99718059e-04 4.38511823e-05
1.90796035e+02 -5.02977364e-02 1.15615880e-02 6.99025732e-02 1.30377784e-04 1.16144826e-04 2.45443277e-05
1.93517207e+02 -4.53264002e-02 7.01264676e-03 6.77094832e-02 6.85882119e-05 9.95556588e-05 9.49164948e-05
1.96228113e+02 -4.08701580e-02 -2.88398588e-03 6.61639341e-02 6.69559878e-05 7.39205380e-05 1.14549715e-04
1.98946519e+02 -3.67997357e-02 -2.22405489e-03 6.97504214e-02 8.68143908e-05 5.03689950e-05 3.75258032e-05
2.01658066e+02 -2.92112651e-02 -4.33613833e-03 7.10781665e-02 2.70824692e-05 1.00639349e-04 2.68197407e-05
2.04380035e+02 -1.21066206e-02 -1.55985384e-03 6.84428977e-02 6.74562337e-05 3.43095901e-04 9.58757374e-05
2.07098504e+02 1.21167883e-02 -6.48343845e-03 7.95207660e-02 7.20711608e-05 7.86460930e-05 6.21226710e-05
2.09822410e+02 1.94224354e-02 -1.20477746e-02 7.16145557e-02 7.03486864e-05 2.51047775e-04 2.81958445e-05
2.12537051e+02 2.89262505e-02 -1.26379331e-02 7.18155644e-02 8.54272027e-06 2.72305073e-04 1.14635127e-04
2.15261238e+02 3.84047031e-02 -1.15491528e-02 7.23707145e-02 2.16699622e-05 4.57935609e-04 1.88912537e-05
2.17988269e+02 4.52284145e-02 -1.40155546e-02 6.92588126e-02 6.12432383e-05 3.36860108e-04 3.81297121e-05
2.20699050e+02 4.87809246e-02 -2.26677416e-03 6.45935253e-02 6.71569366e-05 5.49454850e-05 5.87615798e-05
2.23425832e+02 4.60498994e-02 -5.92540849e-03 6.22907180e-02 9.71486578e-05 2.61444681e-04 1.21339098e-05
2.26155113e+02 4.14489524e-02 -1.07785156e-04 5.53574903e-02 9.18425057e-05 1.41329348e-04 1.01045487e-04
2.28867238e+02 3.89208969e-02 -8.42687572e-04 5.86521929e-02 2.96171957e-05 8.66932556e-05 5.59240853e-05
2.31587394e+02 4.10556599e-02 1.17266470e-03 6.95848294e-02 6.72278003e-05 1.07828789e-04 2.56641603e-05
2.34299160e+02 4.61934029e-02 2.89992612e-03 6.52252461e-02 2.56674643e-05 1.62272316e-04 4.49639987e-05
2.37009082e+02 3.91824874e-02 1.88019215e-03 6.73484102e-02 8.99731151e-05 1.67917968e-04 8.70060267e-05
2.39713160e+02 4.30891282e-02 6.01492794e-04 6.37020325e-02 7.90947185e-05 2.55628748e-04 9.51386522e-05
2.42427035e+02 4.97363478e-02 -2.13553996e-03 6.35018050e-02 7.97735365e-05 1.77763995e-04 1.14123011e-05
2.45135551e+02 4.87955401e-02 1.36797070e-04 6.19042908e-02 3.68961548e-05 1.03884596e-04 6.15059236e-05
2.47851910e+02 5.91562946e-02 4.31839635e-03 5.62618708e-02 3.11213653e-05 1.10851273e-04 9.18996295e-05
2.50569519e+02 5.77464902e-02 -1.48416729e-03 5.44178825e-02 3.32079382e-05 2.28168256e-04 2.06181426e-05
2.53278566e+02 5.64898441e-02 -3.77448321e-04 5.96012012e-02 1.35423914e-04 1.34356603e-04 7.62179344e-05
2.55998254e+02 5.64675500e-02 -1.17625805e-03 6.25560629e-02 5.94456502e-05 2.37326700e-04 1.18471839e-04
2.58709285e+02 5.86207200e-02 3.18555669e-03 5.30377506e-02 7.17171482e-05 1.84803128e-04 7.11293653e-05
2.61439847e+02 6.53720546e-02 -3.26734536e-03 4.44447616e-02 2.81053154e-05 8.37539878e-05 1.02084920e-04
2.64157863e+02 7.36440302e-02 -5.97223895e-03 4.52359052e-02 5.15033376e-05 5.81646066e-05 9.01537654e-05
2.66871379e+02 7.52938718e-02 -1.23813058e-02 2.58786048e-02 9.86480387e-05 4.10725544e-05 4.03166080e-05
2.69593340e+02 7.62948959e-02 -7.07542656e-03 1.33502791e-02 4.42603410e-05 1.36955250e-04 1.13519593e-04
