7.04921709e-01 7.07684138e-02 -4.70073507e-03 7.42710006e-04 6.50517215e-05 1.24420302e-04 3.94266137e-05
3.41737009e+00 7.86746594e-02 -9.81437004e-03 -1.66506220e-02 6.95040376e-05 1.02641959e-04 4.58532736e-05
6.12725197e+00 8.28178986e-02 -2.76436023e-03 -3.35062575e-02 1.00397892e-04 2.57068875e-04 6.74305309e-05
8.83468134e+00 7.16330480e-02 -5.28130477e-03 -4.92621720e-02 6.70761778e-05 1.10639020e-04 1.76830215e-05
1.15456757e+01 5.88491467e-02 -4.41151154e-03 -5.79026696e-02 4.09834777e-05 1.31097198e-04 4.83024980e-05
1.42583585e+01 4.86224694e-02 -4.47115077e-04 -5.14573247e-02 6.61328933e-05 1.93458611e-04 2.44139110e-05
1.69737132e+01 4.11306412e-02 -1.42420475e-03 -5.59059593e-02 9.92351457e-05 1.02639435e-04 6.33343279e-05
1.96797445e+01 4.51842401e-02 1.89061297e-03 -6.05895886e-02 7.42029910e-05 1.50328128e-04 7.80058850e-05
2.23976773e+01 5.46118032e-02 -1.26760187e-03 -5.39785658e-02 5.89710357e-05 1.26703324e-04 1.02301272e-04
2.51162195e+01 6.22545055e-02 3.51017306e-03 -4.32729391e-02 6.80514853e-05 3.62200023e-05 3.55090775e-05
2.78307257e+01 7.47509108e-02 6.96488450e-03 -3.51388475e-02 5.02601245e-05 4.88162603e-05 4.45420214e-05
3.05464867e+01 6.80688662e-02 8.52626978e-03 -3.47505502e-02 3.70551287e-05 9.35756061e-05 5.37744638e-05
3.32603929e+01 5.87726068e-02 9.21296990e-03 -3.72892420e-02 8.34669007e-05 7.70207191e-05 5.45153442e-05
3.59792757e+01 5.46829980e-02 9.65104705e-03 -4.36326000e-02 4.70195674e-05 1.47746213e-04 9.24494985e-05
3.86825382e+01 5.77510150e-02 6.03775561e-03 -5.72474134e-02 1.15372412e-05 2.04274380e-04 7.19418222e-05
4.14012476e+01 6.16617419e-02 1.77945866e-03 -5.83661995e-02 1.05335402e-04 1.49334433e-04 5.58155138e-05
4.41153632e+01 5.91514866e-02 1.47648205e-03 -5.43320049e-02 3.93953385e-05 7.28029197e-05 2.35737932e-05
4.68239648e+01 5.27316106e-02 -1.14239824e-03 -5.22654623e-02 7.22096546e-05 1.55464154e-04 5.78119934e-05
4.95450070e+01 3.89361397e-02 3.67893689e-03 -5.89686727e-02 1.18642516e-04 2.34355962e-04 5.92504930e-05
5.22659632e+01 1.73358684e-02 5.28840634e-03 -7.35336733e-02 7.44468750e-05 2.37870717e-04 2.56075697e-05
5.49807038e+01 -6.36836694e-03 2.77007041e-03 -8.05346055e-02 5.84661459e-05 5.80090156e-04 5.12992069e-05
5.77045179e+01 -1.15521586e-02 5.24472598e-03 -7.96300153e-02 7.76708993e-05 5.70372853e-04 4.63117330e-05
6.04200413e+01 -2.29017383e-02 8.21150489e-03 -7.16966144e-02 6.91366935e-05 5.12178235e-04 1.44318054e-04
6.31390960e+01 -1.81909575e-02 1.42045086e-02 -6.94508040e-02 4.42667975e-05 4.01928570e-04 5.81178142e-05
6.58587663e+01 -1.95268981e-02 1.33125777e-02 -6.69768573e-02 9.12563215e-05 1.74808007e-04 4.87659277e-05
6.85778882e+01 -1.66836165e-02 1.08519931e-02 -6.83648725e-02 9.05215731e-05 1.62858277e-04 7.81055251e-05
7.12956195e+01 -1.89563622e-02 6.03624527e-03 -6.65685923e-02 3.95065689e-05 9.50259088e-05 1.55932359e-04
7.40193476e+01 -2.33123722e-02 2.18187745e-03 -7.12118784e-02 7.69082495e-05 6.82793015e-05 2.93871257e-05
7.67341867e+01 -1.15539850e-02 -4.86049712e-03 -7.62223878e-02 3.24227418e-05 1.61127514e-04 4.80646570e-05
7.94525382e+01 -3.52624437e-03 -1.23342393e-03 -7.82083469e-02 4.77388155e-05 2.76645711e-04 4.13745598e-05
8.21703241e+01 1.16026120e-02 9.06578211e-05 -7.83790292e-02 5.67306083e-05 3.47840912e-04 6.48731885e-05
8.48911976e+01 3.27429846e-02 2.88484048e-03 -7.58084998e-02 8.23141842e-05 2.64876424e-04 4.99519117e-05
8.76083445e+01 4.17433066e-02 2.73950924e-03 -6.27417221e-02 2.96969632e-05 2.43933190e-04 7.15301053e-05
9.03334929e+01 4.76524173e-02 -3.87569357e-03 -6.17253209e-02 9.55704717e-05 1.14628755e-04 4.04420961e-05
9.30496398e+01 5.47427824e-02 -9.16322658e-04 -5.77065091e-02 1.68083654e-04 9.51492040e-05 4.59693782e-05
9.57600695e+01 5.68146620e-02 -6.85509402e-03 -4.63292439e-02 5.64117823e-05 1.24598326e-04 6.00197196e-05
9.84755273e+01 6.08984303e-02 -1.22087213e-03 -4.90338569e-02 8.74203780e-05 4.63267018e-05 3.04400026e-05
1.01185963e+02 6.17525431e-02 -2.14789184e-03 -4.64065110e-02 4.72127793e-05 2.03509189e-04 1.04520167e-04
1.03907307e+02 6.65624818e-02 3.97933195e-03 -4.11341710e-02 1.11644787e-04 1.33158452e-04 2.78050741e-05
1.06623260e+02 7.07433507e-02 3.89406903e-04 -4.11930652e-02 9.45714260e-05 1.57241161e-04 6.79751313e-05
1.09329401e+02 7.06430837e-02 -6.05879090e-04 -3.34576116e-02 5.10014932e-05 1.41508182e-04 3.22903452e-05
1.12047010e+02 6.98394726e-02 -3.65464478e-04 -2.84439974e-02 4.49603447e-05 1.31336618e-04 6.82191008e-05
1.14763432e+02 6.80239080e-02 -2.11842939e-03 -3.65371977e-02 3.84254113e-05 2.36195840e-04 5.49246521e-05
1.17475416e+02 7.10496468e-02 -7.29786783e-03 -3.06379615e-02 8.45515797e-05 6.22840552e-05 8.58963090e-05
1.20196776e+02 6.55229902e-02 -4.76153178e-03 -1.67983469e-02 1.43965272e-04 2.06660089e-04 6.90613229e-05
1.22906869e+02 6.77410503e-02 -5.68170340e-04 1.25876030e-03 4.67988232e-05 1.53090473e-04 1.70606822e-04
1.25622963e+02 6.81279151e-02 -4.78435562e-03 1.57707427e-02 7.64449269e-05 8.55235851e-05 7.84247671e-05
1.28339401e+02 6.22790241e-02 -4.15687852e-03 3.06533315e-02 2.46407453e-05 9.03682377e-05 1.65421812e-05
1.31059604e+02 6.24995855e-02 -4.95895831e-03 3.76784847e-02 3.25349239e-05 5.14692179e-05 6.72847602e-05
1.33778557e+02 6.38970612e-02 -4.99930510e-03 4.60734755e-02 7.19618381e-05 1.45016280e-04 4.82966040e-05
1.36491651e+02 6.22630357e-02 -9.32540216e-03 4.61596438e-02 1.07822039e-04 3.57433381e-04 1.36432544e-04
1.39214026e+02 5.84098241e-02 -7.24227570e-03 6.12416158e-02 7.24680930e-05 2.22038304e-04 9.50807636e-05
1.41923088e+02 6.24776123e-02 -1.57305258e-02 5.59527296e-02 5.39087778e-05 3.20654468e-04 4.27971874e-05
1.44637526e+02 6.04559112e-02 -9.60230665e-03 6.06025803e-02 2.30656159e-05 2.60592518e-04 1.11689816e-04
1.47351323e+02 5.51735025e-02 -8.15924014e-03 5.58327857e-02 4.52082699e-05 1.56826528e-04 3.27449686e-05
1.50062588e+02 5.62164372e-02 -9.50680092e-03 5.78390408e-02 5.04261527e-05 1.13320334e-04 1.89485352e-04
1.52778823e+02 4.28878531e-02 -9.81767746e-03 6.26097230e-02 1.34443270e-04 3.77687865e-04 5.39280762e-05
1.55491291e+02 4.55639282e-02 -1.22729676e-02 6.19728017e-02 7.43096834e-05 2.25843414e-04 4.88939842e-05
1.58198869e+02 5.06448117e-02 -1.31682635e-02 6.44555018e-02 4.18260323e-06 1.61576610e-04 9.87696068e-05
1.60911916e+02 4.66409913e-02 -1.30859724e-02 6.36568145e-02 5.28014687e-05 2.84965899e-04 3.76690696e-05
1.63625010e+02 3.82282216e-02 -1.04079974e-02 6.60492012e-02 6.11491929e-05 4.70069501e-04 3.18230220e-05
1.66335885e+02 2.68719165e-02 -2.22648848e-03 6.91512900e-02 5.77895902e-05 4.45494210e-04 7.48087447e-05
1.69047916e+02 9.93593857e-04 -3.77213770e-03 7.40800217e-02 6.14337662e-05 6.43550005e-04 1.55330491e-04
1.71777323e+02 -2.87084138e-02 3.43925385e-03 7.44883802e-02 7.07534156e-05 3.96586414e-04 4.85058734e-05
1.74496291e+02 -5.15042907e-02 8.49451350e-03 6.72194767e-02 5.31658834e-05 5.53708041e-04 2.86970047e-05
1.77200354e+02 -5.49100420e-02 5.73548503e-03 6.57994511e-02 8.17806819e-06 1.05090545e-04 2.40229645e-05
1.79923119e+02 -6.35324531e-02 2.54821184e-03 6.14053371e-02 7.82159259e-05 7.70021287e-05 2.71239016e-05
1.82643401e+02 -6.05827861e-02 -1.61775098e-03 5.69431954e-02 2.22565894e-05 4.25231846e-05 7.26175318e-05
1.85363588e+02 -6.35479406e-02 3.06175883e-03 5.54674629e-02 2.35383764e-05 1.41823598e-04 7.30640139e-05
1.88088604e+02 -5.65120843e-02 1.66040793e-02 5.97618348e-02 3.41061586e-05 7.83322828e-05 5.08774044e-05
1.90810698e+02 -4.71221344e-02 1.44203534e-02 6.41115701e-02 4.12213352e-05 2.93354096e-04 1.43642448e-04
1.93520057e+02 -4.23857139e-02 7.58027947e-03 6.91661717e-02 8.87644283e-05 1.64946497e-04 1.19674763e-04
1.96235760e+02 -3.76813750e-02 1.03950519e-02 7.08752754e-02 7.93028467e-05 1.44026083e-04 4.22534172e-05
1.98946432e+02 -3.67385252e-02 -1.60526110e-03 6.46011470e-02 7.04756644e-05 2.73725092e-04 3.20322159e-05
2.01666448e+02 -2.59677715e-02 -3.12263346e-03 6.81074261e-02 8.50149579e-05 2.47208196e-04 2.56434699e-05
2.04384526e+02 -6.92985108e-03 -1.22261576e-02 7.22102021e-02 6.82697059e-05 1.56001202e-04 2.31905898e-05
2.07100541e+02 1.49832358e-02 -1.08326556e-02 7.30323962e-02 3.57642918e-05 1.57852587e-04 3.25668486e-05
2.09823088e+02 2.99009538e-02 -1.13976400e-02 7.91827356e-02 8.82395284e-05 3.07893222e-04 2.93579068e-05
2.12543713e+02 3.70757290e-02 -1.01309163e-02 7.36441729e-02 4.86675783e-05 1.66312955e-04 6.30752295e-05
2.15264979e+02 3.89385959e-02 -9.64494993e-03 6.87861574e-02 3.99615403e-05 8.83708372e-05 9.46032595e-05
2.17979807e+02 4.30964754e-02 -4.42403052e-03 6.89623627e-02 1.53585369e-04 1.79394957e-04 9.86782443e-05
2.20705260e+02 4.31551924e-02 -1.04670454e-02 6.63613983e-02 6.61775532e-05 2.22526225e-04 8.03847649e-05
2.23428041e+02 4.76677715e-02 -7.50609672e-03 6.04242926e-02 8.36719691e-05 1.52299974e-04 7.46193939e-05
2.26139073e+02 4.35426869e-02 -9.85012976e-03 6.90365979e-02 6.80138751e-05 1.57310208e-04 7.28306494e-05
2.28862213e+02 3.97732007e-02 -1.02850748e-02 6.53767581e-02 9.96135210e-05 3.48463694e-04 2.01935213e-05
2.31575854e+02 4.31347254e-02 -2.85696166e-03 5.97693956e-02 4.34541863e-05 1.89020945e-04 8.55250236e-05
2.34282354e+02 4.34197510e-02 6.23356000e-03 6.83401718e-02 1.37385899e-04 1.23213038e-04 3.07046783e-05
2.36997401e+02 3.99424337e-02 5.88802229e-03 6.70151909e-02 2.16821092e-04 6.39732778e-05 4.59452497e-05
2.39714869e+02 3.63539510e-02 -4.98969319e-04 7.26874241e-02 6.89346535e-05 1.34015093e-04 2.36662316e-05
2.42429885e+02 4.41641348e-02 1.92083959e-04 6.53580182e-02 1.37801834e-04 5.75304339e-05 6.98185945e-05
2.45142323e+02 5.01892249e-02 -1.39343861e-03 5.89028932e-02 1.05578652e-05 8.35983594e-05 1.49390879e-04
2.47847182e+02 5.31747742e-02 -4.43752503e-05 5.56954630e-02 3.94446463e-05 1.08685605e-04 3.61489461e-05
2.50562448e+02 5.96536319e-02 2.58987595e-03 5.92794851e-02 9.94015967e-05 7.60160825e-05 5.05261242e-05
2.53276307e+02 6.38713222e-02 3.59863988e-03 6.37032680e-02 1.21102755e-05 1.28716159e-04 4.96822033e-05
2.55989307e+02 6.46645469e-02 3.42667243e-03 5.56527984e-02 7.92257530e-05 1.19683807e-04 6.11647505e-05
2.58706838e+02 5.77418191e-02 -2.40320553e-03 5.06145257e-02 3.58634796e-05 5.70296836e-05 1.00502588e-04
2.61423869e+02 6.35422819e-02 -7.18238548e-03 4.59233757e-02 2.95868012e-05 2.63107252e-04 4.37397814e-05
2.64144760e+02 6.66092983e-02 -1.18160284e-02 4.38033996e-02 7.28063929e-05 1.78668666e-04 3.62956363e-05
2.66873432e+02 6.56236448e-02 -6.61147611e-03 3.22045080e-02 4.14891661e-05 1.32699798e-04 4.11693531e-05
2.69598298e+02 6.95405311e-02 -1.05223427e-02 1.40284919e-02 1.34076696e-05 1.53741998e-04 7.16009214e-05
