6.75920282e-01 5.03144212e-02 4.51334672e-03 -3.55315648e-03 1.44620400e-05 4.70798123e-05 1.78422135e-05
3.40022050e+00 4.83068148e-02 1.87194378e-03 -1.83352291e-02 2.39514748e-05 5.26439749e-05 3.97681488e-05
6.10883676e+00 5.23786781e-02 -5.64492275e-04 -3.01913619e-02 5.13182376e-05 1.18460212e-04 4.81973198e-05
8.82384488e+00 4.99527087e-02 -3.28830592e-03 -4.43494217e-02 6.96592637e-05 4.17351721e-05 5.37045175e-05
1.15420205e+01 4.71010861e-02 -3.38922100e-03 -4.64185169e-02 4.17395678e-05 2.12105792e-04 1.99183482e-05
1.42577768e+01 4.34524438e-02 -1.33136535e-04 -4.82049847e-02 4.41012480e-05 1.83349510e-04 2.76428142e-05
1.69720549e+01 4.66416463e-02 -1.13827806e-03 -4.69741119e-02 2.36551666e-05 7.28325522e-05 1.68800229e-05
1.96851768e+01 4.95118865e-02 2.32099860e-03 -4.81260895e-02 8.48552379e-06 1.28042736e-04 3.91183634e-05
2.24024643e+01 4.75755890e-02 5.12954583e-03 -4.99818901e-02 4.07236233e-05 4.77715658e-05 8.00758034e-06
2.51190455e+01 4.84140864e-02 3.11283619e-03 -5.48434347e-02 3.24324670e-05 1.12418798e-04 2.51379671e-05
2.78389580e+01 5.09390989e-02 8.42937116e-03 -5.46046533e-02 2.76485665e-05 3.66994991e-05 2.79670227e-05
3.05517752e+01 5.49348582e-02 1.95542903e-03 -5.72899389e-02 3.79925749e-05 2.49020948e-06 3.57512703e-05
3.32662814e+01 4.98266322e-02 2.94321629e-03 -5.42456734e-02 6.01374205e-05 2.54616948e-05 6.40669160e-05
3.59860533e+01 4.64553799e-02 4.72199965e-03 -5.82951792e-02 4.91212489e-05 2.58299132e-05 6.52104947e-05
3.86989174e+01 4.20132614e-02 1.31856890e-03 -5.60698904e-02 3.05602967e-05 5.27246009e-05 1.04102023e-04
4.14189111e+01 3.97732235e-02 4.36225156e-03 -6.16594137e-02 2.66368905e-05 3.33788898e-05 3.04250953e-05
4.41344111e+01 3.72341690e-02 7.06708883e-04 -6.24086750e-02 3.27324078e-05 8.61401415e-05 4.63383302e-05
4.68472986e+01 3.88631283e-02 -4.31425944e-04 -6.32260416e-02 3.64130386e-05 6.44128696e-05 5.26901240e-05
4.95653861e+01 4.20751626e-02 -3.05126764e-03 -5.80935616e-02 9.34377629e-05 1.29422877e-04 1.02857446e-05
5.22787111e+01 4.67560734e-02 -3.14881235e-03 -5.73113380e-02 8.04389648e-05 1.14121430e-04 1.68357995e-04
5.49947377e+01 5.34071812e-02 -8.61012827e-04 -4.95208048e-02 1.87543756e-04 5.81067866e-05 2.49540964e-04
5.77129721e+01 5.30618523e-02 3.18046184e-03 -5.12616667e-02 1.42713682e-04 1.25765550e-04 1.93079008e-04
6.04306689e+01 5.08347942e-02 4.19773379e-03 -4.72163983e-02 3.09432740e-05 1.22692233e-04 1.77879253e-04
6.31515564e+01 4.90609701e-02 6.95827790e-03 -5.47918288e-02 1.05868152e-04 1.92554927e-04 9.30111294e-06
6.58690127e+01 4.56906727e-02 5.79328971e-03 -5.66570929e-02 1.83499031e-05 1.29119144e-04 1.13642321e-04
6.85768596e+01 4.87689683e-02 3.05920478e-03 -5.53328450e-02 2.96941417e-05 1.01704103e-04 3.73229341e-05
7.12962971e+01 5.09957603e-02 5.57874513e-03 -5.44271287e-02 1.62695469e-05 3.28444789e-05 4.05410377e-05
7.40131471e+01 5.22766620e-02 3.84591147e-03 -5.01845327e-02 2.46428152e-05 1.15305736e-05 9.08291375e-06
7.67246830e+01 4.95227351e-02 6.11905367e-03 -4.35923594e-02 4.04954758e-05 6.49478706e-05 9.52500973e-05
7.94421314e+01 4.74459345e-02 4.50759731e-03 -4.17074028e-02 8.44191739e-05 1.56916172e-04 6.90630080e-05
8.21564908e+01 4.90033013e-02 6.48822517e-03 -4.00449489e-02 1.57444761e-05 2.29967945e-04 5.17561521e-05
8.48764143e+01 5.74747018e-02 4.24921560e-03 -3.91623539e-02 3.29835900e-05 1.34541997e-04 2.67781117e-05
8.75907549e+01 5.80073354e-02 2.16677124e-03 -3.87797274e-02 2.29239351e-05 8.83818572e-05 1.25027789e-04
9.03112283e+01 6.16272795e-02 5.73516510e-03 -4.38509624e-02 5.34401253e-05 9.08306493e-05 8.06257225e-05
9.30298377e+01 5.82753686e-02 3.96985029e-03 -4.74733891e-02 1.69740220e-04 1.86998733e-05 1.69512857e-05
9.57405189e+01 5.73392018e-02 2.56456159e-03 -4.51318736e-02 1.41676413e-05 7.80645344e-05 1.24207544e-04
9.84559158e+01 5.64540700e-02 7.68365466e-04 -4.07675979e-02 5.13841445e-05 3.78970966e-05 1.82223256e-05
1.01167850e+02 5.55123506e-02 9.43038043e-04 -4.27055907e-02 3.21165639e-05 9.66672287e-05 7.09404899e-05
1.03885678e+02 5.27656673e-02 1.94573427e-03 -4.44946465e-02 5.10809170e-05 5.49634537e-05 1.51505768e-05
1.06599600e+02 5.28152673e-02 3.08321605e-04 -4.90442462e-02 1.84858427e-05 3.81314751e-05 2.93223929e-05
1.09315803e+02 5.29941084e-02 -1.77630403e-03 -5.26974137e-02 4.22945280e-05 1.15496100e-05 4.37271347e-05
1.12028647e+02 5.55231167e-02 -5.98390554e-03 -4.47933224e-02 3.49346229e-05 3.80907168e-05 1.30256432e-04
1.14743991e+02 5.58918529e-02 -4.64952236e-03 -5.04113981e-02 1.12003468e-04 1.02882151e-05 6.48867104e-05
1.17462272e+02 5.62696327e-02 -5.82673391e-03 -4.95941122e-02 7.02794878e-05 6.06410692e-05 5.97541326e-05
1.20176241e+02 5.36693268e-02 -4.75541449e-03 -4.98525376e-02 4.40848047e-05 2.91128551e-05 9.08782372e-05
1.22885460e+02 5.08444797e-02 -3.65928438e-03 -5.37436322e-02 2.91741092e-05 5.51245436e-05 2.23647883e-05
1.25604038e+02 5.20388155e-02 -3.51124677e-03 -4.65281682e-02 1.92735748e-05 3.78981704e-05 2.67060222e-05
1.28316288e+02 5.55823069e-02 -4.63274223e-03 -3.91060795e-02 4.19852747e-05 3.10112200e-05 2.29199190e-05
1.31035038e+02 6.49849419e-02 -1.95252899e-03 -2.79888590e-02 3.03148630e-05 4.81546627e-05 9.31188493e-05
1.33747491e+02 6.37385318e-02 1.81196062e-03 -1.13148733e-02 5.74055436e-05 4.82866604e-05 1.63876894e-05
1.36467022e+02 6.63061340e-02 6.93214330e-03 5.78870319e-03 1.12228476e-04 1.95987234e-05 2.50891365e-05
1.39184678e+02 6.35458727e-02 8.92918569e-03 1.82706136e-02 1.24007442e-04 2.33565905e-05 1.42824895e-05
1.41896647e+02 6.57770846e-02 6.69727143e-03 3.33566983e-02 3.88422524e-05 4.33425954e-05 1.60823354e-05
1.44618960e+02 5.28091093e-02 7.63317165e-03 4.41219823e-02 3.71762665e-05 2.14758567e-05 6.57480802e-05
1.47333350e+02 4.66694929e-02 2.90891821e-03 5.84766939e-02 1.33038863e-04 5.91723847e-05 7.12510890e-05
1.50053210e+02 4.70780344e-02 1.09400641e-03 5.24564725e-02 5.41965266e-05 1.31223978e-04 1.61158294e-04
1.52768053e+02 5.17426366e-02 1.15112373e-03 5.25843676e-02 3.34070571e-05 1.99022653e-04 1.70754964e-05
1.55488460e+02 5.79864391e-02 4.34201368e-03 4.93948482e-02 2.90724981e-05 2.71085727e-04 4.77861273e-05
1.58197460e+02 5.38620715e-02 9.29923711e-03 4.64554002e-02 5.86733019e-05 1.13639240e-04 3.84148627e-05
1.60914991e+02 5.94459208e-02 1.07234110e-02 4.49475839e-02 2.71250780e-05 1.54455189e-04 4.14991488e-05
1.63627897e+02 5.85420353e-02 4.79613254e-03 5.20329583e-02 2.22485436e-05 8.32645779e-05 3.64129879e-05
1.66342835e+02 5.89175801e-02 8.10572523e-04 4.78361552e-02 6.53090517e-05 1.34571188e-04 6.08010729e-05
1.69057178e+02 5.54333910e-02 -7.07393890e-04 5.38371594e-02 2.59142356e-05 8.87686625e-05 8.19756132e-05
1.71776819e+02 5.23884468e-02 -4.04490575e-03 5.37727480e-02 1.17452721e-05 1.35999483e-04 3.24488328e-05
1.74495678e+02 4.98439242e-02 -3.36527326e-03 5.24376549e-02 2.00125707e-05 1.45175927e-04 6.00275647e-05
1.77212491e+02 5.23934390e-02 -3.75990816e-03 4.87539987e-02 4.30665672e-05 2.07485494e-04 2.06013303e-05
1.79927522e+02 4.82322811e-02 -2.01631299e-03 5.40065635e-02 3.17865982e-05 7.79227476e-05 2.70290430e-05
1.82644663e+02 4.93650949e-02 -2.25511393e-04 5.81066166e-02 3.51118729e-05 5.46438172e-05 6.84679714e-05
1.85356288e+02 4.51861125e-02 4.52258509e-03 5.87961645e-02 2.17291553e-05 7.68977196e-05 8.40752011e-05
1.88076710e+02 4.97277410e-02 1.42626714e-03 5.72628707e-02 1.35654391e-05 5.11605435e-05 2.89379173e-05
1.90788788e+02 4.97754885e-02 -2.58424057e-03 5.22869766e-02 1.32730584e-05 1.03073823e-04 3.52369057e-05
1.93508022e+02 4.84658668e-02 -4.57469547e-03 5.42533553e-02 3.24438179e-05 7.40603638e-06 2.46687690e-05
1.96226069e+02 4.39836361e-02 -1.64789153e-03 5.37997989e-02 4.75104561e-05 2.76420771e-05 1.38172800e-05
1.98934756e+02 4.42661866e-02 2.26935112e-04 5.09740367e-02 3.39973595e-05 5.60061895e-05 3.43742163e-05
2.01654460e+02 4.87048713e-02 1.32872546e-03 4.97706230e-02 2.13406952e-05 7.28520024e-05 5.82100370e-05
2.04370038e+02 5.44116068e-02 -2.43405318e-04 4.71827238e-02 5.99968195e-05 9.89393740e-05 3.46188939e-05
2.07081053e+02 5.59138665e-02 -9.50086665e-04 5.11110148e-02 8.59823554e-05 1.09608523e-04 4.23528683e-05
2.09796194e+02 5.32707362e-02 -2.48905213e-03 5.49419364e-02 3.76090848e-05 2.97184750e-05 1.83856420e-05
2.12512678e+02 5.13966142e-02 -3.11857349e-03 5.84416393e-02 2.51045312e-05 4.06175983e-05 7.49448760e-05
2.15227991e+02 4.98662256e-02 -5.62327107e-03 6.13267834e-02 2.86386158e-05 4.43509618e-05 1.26735089e-05
2.17942116e+02 5.00162689e-02 -8.57562477e-03 5.83334109e-02 1.93229895e-05 7.17750183e-05 2.48865095e-05
2.20663100e+02 5.45361004e-02 -8.25676611e-03 5.93364630e-02 3.01615366e-05 1.34014807e-04 4.22369554e-05
2.23381663e+02 4.94488028e-02 -8.40247081e-03 5.37112023e-02 4.11313879e-05 1.19229764e-04 3.05410655e-05
2.26095319e+02 5.15013187e-02 -7.56898718e-03 5.07829016e-02 2.11189998e-05 8.15652240e-05 1.49768946e-05
2.28810506e+02 4.60338007e-02 -4.31933402e-03 5.01958910e-02 2.87608243e-05 1.37009583e-04 5.00028027e-05
2.31531538e+02 4.60782945e-02 -3.14760825e-03 4.67729631e-02 4.30943501e-05 2.23252948e-04 6.32249326e-05
2.34244475e+02 5.17334991e-02 -1.96874662e-03 4.89734117e-02 3.08272027e-05 2.22114303e-04 1.81250840e-05
2.36959163e+02 5.44652063e-02 1.97611517e-03 4.90851751e-02 7.12340997e-05 1.66346710e-04 5.93562498e-05
2.39676288e+02 5.76450966e-02 2.69528011e-03 5.16826880e-02 1.15116678e-05 4.82431006e-05 5.17894550e-05
2.42397506e+02 5.13913658e-02 3.01121275e-03 4.97715706e-02 1.84717060e-05 1.94327374e-05 5.07021166e-05
2.45113944e+02 4.92849058e-02 3.07353825e-03 5.29978391e-02 2.53109990e-05 5.86836342e-05 1.87219952e-05
2.47824616e+02 5.33413018e-02 1.73934171e-03 5.45296078e-02 2.39243864e-05 3.67571264e-05 4.63598346e-05
2.50541866e+02 5.70513971e-02 6.61988323e-04 5.64766831e-02 5.38958335e-05 4.02118224e-05 3.34617737e-05
2.53256835e+02 5.73048557e-02 -1.23535649e-03 5.73235101e-02 2.82167793e-05 2.93187553e-05 1.13725054e-04
2.55969006e+02 5.64477340e-02 -6.59738282e-04 5.50224501e-02 7.36914429e-05 7.67520282e-05 1.95070225e-05
2.58682272e+02 5.49928816e-02 -7.09617637e-05 5.19479697e-02 1.86698735e-05 6.49865439e-05 2.92601139e-05
2.61394241e+02 5.44021067e-02 2.30347057e-03 5.07428038e-02 1.62751337e-05 1.08765809e-04 7.61296385e-05
2.64110460e+02 4.75059799e-02 3.65472863e-03 4.31367887e-02 6.19599265e-05 7.30077063e-05 1.26066077e-05
2.66829303e+02 4.77685492e-02 6.94906890e-03 2.90462859e-02 1.66586518e-05 9.58399928e-05 4.87076708e-05
2.69542477e+02 4.14731214e-02 6.68981529e-03 1.22174069e-02 2.20605791e-05 3.93853752e-05 3.59937070e-05
