6.84411394e-01 7.79615187e-02 -1.06465777e-02 2.45608280e-02 2.58604114e-05 3.84518106e-05 5.03249997e-05
3.40289808e+00 7.34550675e-02 -2.08526784e-03 9.61078697e-03 6.06382873e-05 5.16525706e-05 4.59473831e-05
6.12493510e+00 7.01364290e-02 -4.56649377e-03 -8.94007767e-03 4.30181253e-05 1.31562749e-04 4.74656739e-05
8.84171370e+00 7.46115225e-02 -1.52770580e-04 -2.58015180e-02 5.55173001e-05 9.27982459e-05 7.45279231e-05
1.15566774e+01 7.83847145e-02 4.09050157e-03 -3.04422805e-02 6.09803394e-05 1.64141938e-04 2.87889942e-05
1.42684493e+01 7.87681284e-02 6.84065718e-03 -5.00198673e-02 2.54507085e-05 1.73854052e-04 9.72171120e-05
1.69738462e+01 7.44170825e-02 1.62104989e-03 -4.58387819e-02 1.39394847e-04 2.53712897e-04 6.90474455e-05
1.96885009e+01 7.55189866e-02 5.26014215e-03 -4.76278719e-02 6.41807241e-05 3.75117534e-05 7.60583035e-05
2.23979993e+01 6.57493327e-02 8.41355236e-03 -4.78983265e-02 4.51616030e-05 1.27870267e-04 5.96771161e-05
2.51096431e+01 6.27021855e-02 1.99347533e-03 -5.34713984e-02 2.68634806e-05 5.62320695e-05 6.67426979e-05
2.78345524e+01 5.66610598e-02 -2.03244945e-03 -6.11210075e-02 1.46311392e-05 3.27635451e-05 3.91893901e-05
3.05435571e+01 5.71676753e-02 -5.24513291e-03 -5.93312335e-02 4.47484865e-05 4.05287772e-05 6.31790221e-05
3.32588478e+01 6.14174605e-02 -7.24295270e-03 -5.84526519e-02 8.30984157e-05 3.31214525e-05 3.40014661e-05
3.59796571e+01 6.05402299e-02 -6.61303365e-03 -6.27767227e-02 6.78810795e-05 1.11696794e-04 2.78639078e-05
3.86970306e+01 5.68360428e-02 -3.68394916e-03 -5.70991896e-02 1.25012135e-04 6.57012095e-05 1.28228619e-04
4.14158696e+01 5.09819123e-02 3.42782142e-03 -6.01431402e-02 8.83471985e-05 5.17487434e-05 1.31487334e-04
4.41362024e+01 4.83697657e-02 2.49933341e-03 -7.11155614e-02 1.24717278e-04 1.13310702e-04 1.07863149e-04
4.68433118e+01 4.23584117e-02 1.11481634e-02 -7.24863764e-02 4.35733376e-05 7.77052384e-05 8.63649016e-05
4.95502978e+01 3.50932672e-02 7.64683289e-03 -6.78699200e-02 1.01245602e-04 1.87893616e-04 3.93363796e-05
5.22638103e+01 2.74889961e-02 1.29300629e-02 -6.22806228e-02 1.11485010e-05 1.21019730e-04 4.91605537e-05
5.49851290e+01 4.67080824e-03 1.36213272e-02 -5.93158093e-02 3.99099627e-05 1.91969637e-04 1.03738290e-04
5.76956212e+01 -8.08695978e-03 1.94761015e-02 -5.88310039e-02 3.35849214e-05 4.86892111e-05 6.25352005e-05
6.04159728e+01 -2.44787301e-02 1.43329177e-02 -6.50916082e-02 4.92982387e-05 3.03167174e-04 1.90155341e-05
6.31268353e+01 -2.82706934e-02 1.14509323e-02 -7.31849124e-02 3.51852720e-05 1.05718438e-04 1.11763077e-05
6.58550368e+01 -3.25267050e-02 6.77217277e-03 -7.76871000e-02 2.35729946e-05 3.00681925e-04 6.19963018e-05
6.85746649e+01 -3.15725565e-02 9.59465891e-03 -7.68915927e-02 8.00972208e-05 3.63389837e-04 4.28464323e-05
7.12893399e+01 -2.72957718e-02 7.55549405e-03 -8.39544111e-02 1.54205854e-04 3.10416069e-04 5.82504926e-05
7.40151368e+01 -2.12398139e-02 1.41272205e-02 -7.90951294e-02 7.05069812e-05 2.41875137e-04 4.82456438e-05
7.67377806e+01 -1.67696869e-02 1.33209703e-02 -8.20134800e-02 2.97026784e-05 1.46841922e-04 2.89267397e-05
7.94531587e+01 -2.84611742e-03 1.73626799e-02 -7.52780480e-02 1.82644342e-05 9.08926571e-05 4.91008553e-05
8.21747587e+01 8.50968075e-03 8.61956637e-03 -7.28451336e-02 1.43250602e-04 5.50043896e-05 2.00710182e-05
8.48899306e+01 1.63440232e-02 2.02809191e-03 -6.80642127e-02 8.29919193e-05 9.78146035e-05 7.12443360e-05
8.76083040e+01 2.60773068e-02 -5.91619757e-05 -6.27779999e-02 1.47801925e-04 9.86803431e-05 4.60428384e-05
9.03194603e+01 4.09556315e-02 -1.37259028e-03 -5.82642008e-02 3.54485814e-05 2.31606408e-04 1.23463354e-04
9.30386587e+01 4.80228673e-02 -6.78768379e-03 -6.11621939e-02 8.44215633e-05 1.02933371e-04 1.55686716e-04
9.57472353e+01 4.87900780e-02 -8.06234693e-03 -6.09430762e-02 1.88133995e-04 1.59767253e-04 1.51280386e-04
9.84664165e+01 6.01645768e-02 -1.05025431e-02 -6.09717280e-02 1.76798585e-04 2.45523431e-04 3.74547050e-05
1.01178226e+02 5.99627863e-02 -6.99329873e-03 -5.89295028e-02 6.19556996e-05 9.35108866e-05 5.60780824e-05
1.03894476e+02 5.91205852e-02 -8.37534402e-03 -5.56643038e-02 9.27599592e-05 2.27016633e-04 7.45417425e-05
1.06612226e+02 5.60181274e-02 -7.44624518e-03 -6.08413695e-02 5.44934092e-05 2.03087436e-04 3.01501667e-05
1.09329788e+02 5.61117034e-02 -8.59290855e-03 -6.71851089e-02 1.28540936e-04 3.02132415e-04 2.46438922e-05
1.12051367e+02 5.80748843e-02 -8.74722155e-03 -5.21534287e-02 1.55374167e-04 2.18534717e-04 1.07815830e-04
1.14768398e+02 6.04701370e-02 -7.39987262e-03 -4.58247575e-02 8.69281681e-05 2.25235052e-04 9.85558729e-05
1.17483742e+02 6.59971122e-02 -8.96875662e-03 -2.64768646e-02 1.28828165e-04 1.84054787e-04 8.10680331e-05
1.20199117e+02 6.69515369e-02 -1.01774468e-02 -1.11702469e-02 8.36549837e-05 1.75110507e-04 2.56140589e-04
1.22910492e+02 7.02597115e-02 -1.07744911e-02 1.49453817e-02 1.55104319e-04 4.04670463e-04 8.46052943e-05
1.25622913e+02 6.72022790e-02 -6.28433988e-03 3.42986437e-02 1.33799763e-05 3.62447527e-04 4.84712469e-05
1.28341773e+02 6.73010752e-02 -3.86768126e-03 4.34679422e-02 8.18051485e-05 3.70598826e-04 1.97608051e-05
1.31048429e+02 7.53971662e-02 -7.98485816e-04 5.10975004e-02 3.67964364e-05 3.22524587e-04 3.23725533e-05
1.33758804e+02 6.82817095e-02 -1.96684751e-03 6.00216397e-02 2.17403394e-05 2.19851946e-04 1.25992854e-04
1.36473804e+02 6.56134350e-02 2.03223551e-04 4.92299962e-02 8.93424025e-05 1.62897518e-04 3.02385935e-05
1.39185460e+02 6.34689970e-02 -3.21898358e-03 5.15665638e-02 6.05521806e-05 2.74509048e-04 5.85814664e-05
1.41909960e+02 5.25237242e-02 -8.56615534e-04 4.48795406e-02 9.34504394e-05 1.94563319e-04 4.10914929e-05
1.44627882e+02 5.59637211e-02 -4.41269991e-04 5.57096492e-02 5.27796219e-05 1.93991675e-04 1.22496207e-04
1.47347788e+02 5.86929485e-02 -5.63690321e-03 5.51075762e-02 4.74274330e-05 2.07295864e-04 1.14081315e-04
1.50055617e+02 6.20728096e-02 -7.32605613e-03 5.41104322e-02 4.64448715e-05 1.14339346e-04 3.85500863e-05
1.52775320e+02 5.98409269e-02 -2.04850686e-03 5.51104619e-02 8.39255231e-05 3.61266396e-04 9.67686687e-05
1.55482132e+02 6.47266857e-02 -4.07608583e-03 5.97471476e-02 8.48737489e-05 2.68640559e-04 5.49476430e-05
1.58199492e+02 5.71180020e-02 -5.45946913e-03 6.16497424e-02 9.56167762e-05 1.07218953e-04 1.56621387e-04
1.60917070e+02 4.78291448e-02 1.12936598e-03 6.14334368e-02 4.32888016e-05 3.66669865e-05 6.77435450e-05
1.63637460e+02 3.23252154e-02 1.91752721e-03 6.69173627e-02 1.42598619e-04 2.08502311e-04 9.00849073e-05
1.66350445e+02 9.66200663e-03 -1.06358524e-02 6.71018077e-02 4.05671904e-05 3.71349021e-05 5.48020477e-05
1.69061913e+02 -2.05288308e-02 1.79499774e-03 7.37059744e-02 3.44016604e-05 7.70756034e-05 2.42253125e-05
1.71779507e+02 -3.95590081e-02 -3.36686439e-03 6.97197682e-02 3.70252637e-05 1.30234994e-04 8.76021911e-05
1.74492742e+02 -5.01768957e-02 -4.49930124e-03 5.72821910e-02 1.01473159e-05 4.05999914e-05 3.19938862e-05
1.77208710e+02 -5.29001205e-02 -2.04656563e-03 4.85863434e-02 8.05757110e-05 3.21887701e-04 3.87951773e-05
1.79931788e+02 -6.37055039e-02 4.92918240e-03 4.81014645e-02 2.90572946e-05 4.08676336e-04 5.18966111e-05
1.82641679e+02 -6.34735378e-02 1.10774575e-02 5.42742677e-02 3.09780705e-05 1.31674013e-04 9.62576639e-05
1.85356507e+02 -6.05584803e-02 8.50018721e-03 5.67842886e-02 5.84055771e-05 1.13737860e-04 3.16547024e-05
1.88078195e+02 -5.31831850e-02 -4.27898201e-04 5.50270595e-02 5.94491684e-05 2.51735276e-04 8.10387615e-05
1.90792085e+02 -5.98747021e-02 2.89731363e-03 5.33792496e-02 1.14673527e-05 4.13626804e-05 8.58539344e-05
1.93515320e+02 -4.72401247e-02 5.31721681e-03 5.38576965e-02 9.62420443e-05 1.45924174e-04 6.75362556e-05
1.96237335e+02 -4.26743445e-02 3.02661096e-03 6.26778856e-02 3.98502965e-05 1.06173869e-04 7.57009074e-05
1.98954945e+02 -3.51794776e-02 4.74089389e-03 7.34947585e-02 6.39596434e-05 7.35091580e-05 7.29055075e-05
2.01673054e+02 -2.53291182e-02 -9.11817678e-04 7.62010423e-02 6.53976463e-05 9.60606104e-05 7.59954121e-05
2.04395288e+02 -5.17265763e-03 1.52259123e-03 7.49915482e-02 7.28787126e-05 2.91585338e-04 3.06603008e-05
2.07116726e+02 7.31786731e-03 -1.77915102e-03 7.04710589e-02 9.74672250e-05 2.22354900e-04 2.56192273e-05
2.09826882e+02 2.70341726e-02 -2.56438353e-03 6.92717384e-02 5.50700796e-05 1.76857935e-04 6.59614071e-05
2.12554648e+02 3.73121671e-02 -1.03439806e-03 6.44515164e-02 3.80990562e-05 2.02864622e-04 6.54984735e-05
2.15271445e+02 4.27130976e-02 -3.65589128e-03 6.72149166e-02 5.53638536e-05 1.21037995e-04 4.28482886e-05
2.17983242e+02 4.41176676e-02 -1.23538399e-02 6.65319357e-02 3.24622852e-05 2.62567762e-05 6.96286618e-05
2.20695054e+02 4.11757284e-02 -4.80978349e-03 6.55179317e-02 5.41477603e-05 1.64158302e-04 2.53209884e-05
2.23404929e+02 4.35457310e-02 -9.52070239e-03 6.47729328e-02 2.41011683e-05 1.79782403e-04 7.13441658e-05
2.26120632e+02 4.86325415e-02 -7.62046904e-03 6.24320993e-02 5.87222954e-05 2.88293839e-05 3.83440194e-05
2.28831757e+02 4.79306324e-02 -7.19300994e-03 6.12842220e-02 9.45730410e-05 8.83973824e-05 2.16841111e-05
2.31543742e+02 5.20803638e-02 -1.03184775e-02 6.29461103e-02 8.50827706e-05 8.06397762e-05 8.19626818e-05
2.34261960e+02 4.49799683e-02 -7.07390528e-03 6.54751313e-02 5.75210938e-05 1.40439965e-04 2.78672606e-05
2.36982445e+02 4.81791756e-02 -4.65684075e-03 5.85924164e-02 7.38853816e-05 7.74863703e-05 3.97474997e-05
2.39707601e+02 5.34269077e-02 -5.82377168e-05 6.09099645e-02 9.69097411e-05 1.90382252e-04 9.00896923e-05
2.42420742e+02 5.01188336e-02 2.70918708e-03 6.64166743e-02 6.08704118e-05 2.05205745e-04 7.51840897e-05
2.45138867e+02 4.86251096e-02 4.99106264e-03 6.91612609e-02 5.08279723e-05 2.04581598e-04 2.70293219e-05
2.47862429e+02 5.12962158e-02 4.71907502e-03 6.66008479e-02 3.66992645e-05 1.84483680e-04 6.69454398e-05
2.50580085e+02 5.49000125e-02 -4.79274143e-03 5.15924911e-02 1.33955654e-04 1.85852034e-04 9.64046393e-05
2.53300226e+02 5.60150388e-02 -6.64431498e-03 4.54951275e-02 1.62964938e-04 3.69122128e-04 3.00368344e-05
2.56012804e+02 6.17949336e-02 -6.95044778e-03 4.31422419e-02 5.92778534e-05 2.28401299e-04 8.22741964e-05
2.58723476e+02 6.16140849e-02 -5.25219464e-03 4.40430835e-02 9.56726441e-05 1.74108823e-04 1.42471084e-04
2.61431882e+02 6.39909263e-02 -2.85892784e-03 4.54995272e-02 2.41130344e-05 2.26841488e-04 2.38561673e-05
2.64149742e+02 6.68051919e-02 8.19384895e-06 4.56549819e-02 5.67369360e-05 1.26607070e-04 4.82046822e-05
2.66862429e+02 6.79087469e-02 -3.05622159e-03 4.05342537e-02 3.16561444e-05 9.11616614e-05 2.43927900e-05
2.69566968e+02 7.32604829e-02 -3.86053214e-03 3.35593495e-02 1.49826485e-04 8.30752761e-05 1.02256088e-04
