6.78721639e-01 7.12224808e-02 1.23065225e-03 3.13212647e-02 5.60530116e-05 3.02445250e-04 3.60620549e-05
3.39310559e+00 7.22399678e-02 5.47792075e-03 1.82080300e-02 6.25917222e-05 1.27183519e-04 4.50684145e-05
6.10746044e+00 7.20476637e-02 1.91438087e-03 1.28342728e-02 3.04548540e-05 1.38343494e-05 2.50636453e-05
8.81521653e+00 7.98293218e-02 1.20957221e-03 1.42601844e-02 8.87945282e-05 1.45728901e-04 5.45256022e-05
1.15294937e+01 7.88153403e-02 -6.05327487e-03 6.31859267e-03 3.76168877e-05 6.87020762e-05 8.19252247e-05
1.42542718e+01 7.36309694e-02 -8.30317107e-04 -7.90894860e-03 3.11062500e-05 8.43498925e-05 4.22945640e-05
1.69709656e+01 6.93668787e-02 -5.96186383e-03 -2.43204197e-02 1.80789357e-04 1.16155428e-04 8.35369895e-05
1.96921468e+01 6.57898402e-02 -5.62765189e-03 -3.51143334e-02 1.33204338e-04 2.45743035e-04 4.81776880e-05
2.24101515e+01 6.17356122e-02 -6.65750642e-03 -4.38076808e-02 2.21731389e-05 1.37019098e-04 8.38143774e-05
2.51283109e+01 5.17496541e-02 -1.53190105e-03 -5.30651952e-02 6.32193607e-05 2.15684154e-04 3.58817500e-05
2.78398562e+01 5.02185387e-02 -1.73740541e-03 -5.77892935e-02 5.35825032e-05 3.32156993e-05 2.04479697e-05
3.05532515e+01 4.09936633e-02 -3.11005597e-03 -6.36948390e-02 7.90721528e-05 6.51879897e-05 5.59240973e-05
3.32679625e+01 4.06855251e-02 -4.54505590e-03 -7.12461379e-02 5.26112354e-05 1.06413096e-04 3.83321161e-05
3.59718062e+01 3.65894137e-02 -5.67851395e-03 -7.10582257e-02 8.58759945e-05 4.45532841e-04 2.66027918e-05
3.86901625e+01 3.99059999e-02 -4.13482182e-03 -6.45969176e-02 7.43691337e-05 2.14490081e-04 3.16346888e-05
4.14104218e+01 4.20531152e-02 4.54318172e-03 -6.17292362e-02 2.24243652e-05 5.55807740e-04 2.71208676e-05
4.41304859e+01 5.05264082e-02 8.29597409e-03 -6.30270050e-02 1.78997369e-04 2.84613389e-04 3.61748689e-05
4.68405547e+01 4.67982551e-02 1.49831055e-02 -6.40330873e-02 1.05818904e-04 2.35280063e-04 1.30932351e-04
4.95603953e+01 4.60718378e-02 1.13894239e-02 -6.20237850e-02 3.02009776e-05 1.08770836e-04 7.04323401e-05
5.22724625e+01 3.36757493e-02 1.23494596e-02 -6.77845633e-02 4.62208292e-05 2.23553032e-04 5.48939669e-05
5.49926140e+01 3.25651415e-02 9.40002300e-03 -7.34574754e-02 2.70692568e-05 2.16948580e-04 7.28247724e-05
5.77111453e+01 1.60296429e-02 1.20105195e-02 -7.96440789e-02 6.81847265e-05 2.46059568e-04 3.12991458e-05
6.04199406e+01 1.85376637e-03 6.38308818e-03 -7.09020153e-02 3.43362230e-05 1.03257582e-04 7.22973544e-05
6.31357203e+01 -1.07552060e-02 9.27379331e-03 -6.53081729e-02 4.83108360e-05 2.34368924e-04 2.93508058e-05
6.58542062e+01 -2.56322696e-02 9.38344804e-03 -5.41971657e-02 4.71416210e-05 1.33878016e-04 3.23145407e-05
6.85698640e+01 -3.97853214e-02 1.31901475e-02 -6.27757353e-02 3.69503421e-05 1.33177962e-04 7.59234082e-05
7.12800750e+01 -4.32200781e-02 9.07041158e-03 -6.56804599e-02 7.18032773e-05 8.88556851e-05 7.30468188e-05
7.40046297e+01 -4.68914263e-02 5.54302037e-03 -7.00949739e-02 4.18860062e-05 1.14908093e-04 8.52077575e-05
7.67226859e+01 -4.14556741e-02 7.65827749e-04 -7.18418694e-02 7.66187992e-05 1.29568471e-04 3.79090201e-05
7.94453765e+01 -2.31898099e-02 5.72185633e-04 -7.70522864e-02 3.89468817e-05 2.01766780e-04 1.57242296e-05
8.21661562e+01 -6.87454117e-03 6.41382278e-04 -7.73668063e-02 6.50889861e-05 9.97586989e-05 1.25597757e-04
8.48789703e+01 4.51421018e-03 5.46356896e-03 -8.45720447e-02 5.29571785e-05 1.86987658e-04 6.34911326e-05
8.75952468e+01 1.48934922e-02 6.00047423e-03 -7.57739734e-02 6.64316678e-05 1.34271918e-04 4.10244034e-05
9.03111734e+01 2.40876485e-02 5.01313767e-03 -7.49384025e-02 7.21660991e-05 5.12217387e-05 2.29943043e-05
9.30310359e+01 3.58895275e-02 2.41002648e-03 -7.21991554e-02 7.40636617e-05 9.02651032e-05 3.68659452e-05
9.57473172e+01 4.02139300e-02 2.94545571e-03 -7.21118865e-02 1.33437145e-04 6.70720274e-05 9.56849362e-05
9.84730984e+01 4.44671199e-02 -3.76020053e-03 -7.33287800e-02 1.25106824e-04 5.51604596e-05 3.67784193e-05
1.01191303e+02 4.19009731e-02 4.81169624e-04 -7.08198407e-02 4.04573453e-05 1.69851505e-04 4.39112272e-05
1.03904006e+02 3.83507252e-02 -4.84769761e-03 -6.37658414e-02 7.55794754e-05 1.28609533e-04 5.87525410e-05
1.06619100e+02 4.96174023e-02 -5.85111770e-03 -6.19056743e-02 4.73893438e-05 1.17945864e-04 2.88077314e-05
1.09331303e+02 5.09943614e-02 -9.75166350e-03 -5.95655550e-02 9.32536624e-05 1.39539803e-04 1.15006332e-04
1.12057850e+02 6.17961942e-02 -1.51761866e-02 -5.13732900e-02 6.62563476e-05 8.16669139e-05 3.77858254e-05
1.14774006e+02 6.33017045e-02 -1.57260145e-02 -3.47213078e-02 4.26558390e-05 1.43605781e-04 3.78068495e-05
1.17481412e+02 6.27804354e-02 -1.27326164e-02 -1.98317017e-02 2.80649480e-05 2.88808990e-04 8.87416999e-05
1.20196366e+02 6.08591200e-02 -5.26243081e-03 5.05998152e-03 2.19205779e-05 2.49141256e-04 5.43398558e-05
1.22899881e+02 6.21246055e-02 -8.73972520e-03 2.09805884e-02 3.90762464e-05 1.08275010e-04 3.33586310e-05
1.25620897e+02 6.60395254e-02 -4.97552045e-03 3.57240636e-02 4.28287963e-05 1.68222361e-04 7.29624894e-05
1.28329959e+02 6.51555646e-02 4.31370163e-04 4.57944364e-02 2.96258734e-05 1.53413400e-04 6.77766506e-05
1.31045381e+02 6.20381095e-02 -1.58695775e-03 5.26266131e-02 6.09111356e-05 1.74839290e-04 3.47666977e-05
1.33759350e+02 5.16555178e-02 1.72360847e-04 5.47923259e-02 8.14469616e-05 2.95577333e-04 3.63629326e-05
1.36476616e+02 5.01205780e-02 -1.39748579e-03 5.55022492e-02 1.79189853e-05 6.03209604e-05 5.62030421e-05
1.39185912e+02 6.45707950e-02 2.81194655e-03 5.13546914e-02 3.11823596e-05 8.00516769e-05 6.12815069e-05
1.41899303e+02 7.26543128e-02 9.86147759e-03 5.74809534e-02 5.03195107e-05 8.58128330e-05 6.82625463e-05
1.44614100e+02 6.75993792e-02 5.01458972e-03 5.71352860e-02 2.54583457e-05 1.41707079e-04 5.87854778e-05
1.47334319e+02 6.61541671e-02 2.37641388e-03 5.71291560e-02 3.53576630e-05 1.48803338e-04 6.63297136e-05
1.50045256e+02 6.50073021e-02 6.07053845e-03 6.03596856e-02 4.26992293e-05 1.02202223e-04 6.74498075e-05
1.52758381e+02 5.89649194e-02 6.55524186e-03 6.12896100e-02 2.19867029e-05 2.34420899e-05 1.17691910e-04
1.55470850e+02 5.22486744e-02 4.95496043e-03 5.90100609e-02 5.91571444e-05 5.11566974e-05 6.75608328e-05
1.58198022e+02 3.86159796e-02 3.90122265e-05 6.39265707e-02 2.94453080e-05 4.10119843e-05 6.24378859e-05
1.60919209e+02 1.49724570e-02 -9.38817633e-04 6.96266889e-02 7.79756955e-05 2.80204336e-04 9.89868168e-05
1.63644350e+02 -3.89900934e-03 -1.66279435e-03 7.64857394e-02 6.91733578e-05 4.27505971e-04 1.70700850e-04
1.66357881e+02 -3.20934972e-02 -6.45382380e-03 7.53388472e-02 4.00169943e-05 1.38243340e-04 1.30255212e-05
1.69076084e+02 -4.17810546e-02 2.01333139e-03 6.59564831e-02 4.24743277e-05 2.59442421e-04 6.05863711e-05
1.71793350e+02 -4.17236227e-02 -5.96629239e-03 6.75936773e-02 1.07251849e-04 9.58943828e-05 8.20740040e-06
1.74511553e+02 -5.08410790e-02 -8.44818188e-03 6.39839360e-02 5.92041869e-05 1.29269124e-04 5.80614332e-05
1.77222381e+02 -4.84844280e-02 -4.54998155e-03 7.39655757e-02 1.97415868e-05 5.37928514e-05 3.91290612e-05
1.79935881e+02 -4.89877581e-02 -9.04050010e-03 6.93711694e-02 3.33969992e-05 8.68208106e-05 4.30522014e-05
1.82650287e+02 -4.85103133e-02 -1.03195026e-02 6.45024675e-02 5.03597347e-05 2.39994836e-04 1.57897432e-04
1.85357616e+02 -5.09462563e-02 -9.08858754e-03 6.08947858e-02 5.95422487e-05 2.52391778e-04 5.94026367e-05
1.88071897e+02 -5.56903779e-02 -1.17163432e-02 6.24112782e-02 9.21529827e-05 4.35127972e-04 3.07293401e-05
1.90793147e+02 -5.47108703e-02 -5.28796710e-03 5.90005192e-02 5.01008544e-05 2.99380368e-04 1.64409020e-05
1.93515741e+02 -5.75335831e-02 2.19311346e-03 6.56016370e-02 1.86006909e-04 3.07049897e-04 3.71434125e-05
1.96233147e+02 -5.14955887e-02 6.94257651e-04 6.40015031e-02 5.20354087e-05 1.07307577e-04 1.09389891e-04
1.98957428e+02 -4.56322247e-02 3.84479573e-03 6.81615090e-02 1.55410917e-05 2.47041054e-04 6.56112318e-06
2.01681944e+02 -3.25398157e-02 6.47536845e-03 7.20901613e-02 7.59809608e-05 1.76596517e-04 2.91675699e-05
2.04401569e+02 -1.25877670e-02 7.01519931e-03 7.37557557e-02 1.86476564e-05 1.93522625e-04 7.57758687e-05
2.07119256e+02 8.19342308e-03 3.87406934e-03 7.55471504e-02 2.73649112e-05 1.05750990e-04 1.28911008e-04
2.09830303e+02 2.00051645e-02 7.15810441e-03 7.50063562e-02 7.80925590e-05 5.36864036e-05 3.79581966e-05
2.12550787e+02 3.57455777e-02 5.99001478e-03 7.07587632e-02 5.27182794e-05 2.06194496e-05 2.33925307e-05
2.15260647e+02 4.36679163e-02 9.48440440e-03 6.33445259e-02 6.56428848e-05 1.56502745e-04 5.37352947e-05
2.17972022e+02 5.49519899e-02 -2.88415870e-04 5.87261256e-02 4.14446448e-05 3.31838131e-04 6.84983959e-05
2.20680084e+02 6.04462353e-02 3.61922856e-03 5.25290855e-02 5.84741143e-05 2.59326106e-04 1.96053660e-05
2.23395959e+02 5.85959467e-02 -6.76662062e-03 5.19657882e-02 6.86615785e-05 3.21760550e-04 3.75781464e-05
2.26102944e+02 6.08087215e-02 -7.96181699e-04 5.59893027e-02 2.60900460e-05 1.85135528e-04 2.04358981e-05
2.28826319e+02 5.92338811e-02 4.28887032e-03 5.33168157e-02 1.08143265e-05 2.51175894e-04 8.15733501e-05
2.31542803e+02 5.68097328e-02 -1.67523671e-03 5.34929166e-02 4.37342857e-05 1.53149628e-04 3.28411370e-05
2.34255741e+02 5.84730181e-02 -1.19065872e-03 5.49719963e-02 1.02472314e-05 2.00172678e-04 6.55837936e-05
2.36981194e+02 5.52146848e-02 -5.86801947e-03 4.44957588e-02 9.48506863e-05 3.67438971e-05 7.00869392e-05
2.39705709e+02 5.75843507e-02 -3.15370643e-03 4.70651628e-02 4.76761817e-05 1.15999424e-04 8.21671746e-05
2.42414819e+02 5.83709762e-02 -1.18446341e-02 5.22055754e-02 6.42971313e-05 4.13448546e-05 1.78132025e-04
2.45140506e+02 6.05305745e-02 -1.31923469e-02 5.27848245e-02 1.59338472e-05 1.61595309e-05 5.65465565e-05
2.47858725e+02 6.65971567e-02 -9.78041728e-03 5.70604448e-02 5.64288572e-05 4.14708401e-05 2.99076108e-05
2.50583959e+02 6.10256293e-02 -6.23096447e-03 5.59507944e-02 6.99010815e-05 5.91378459e-05 8.09387490e-05
2.53311787e+02 5.34502860e-02 4.72552812e-04 6.23862825e-02 9.38721637e-05 6.21160200e-05 7.15391984e-05
2.56015225e+02 5.87668493e-02 -7.50313702e-03 6.24884153e-02 5.80355450e-05 1.17026568e-04 6.52556322e-05
2.58732600e+02 5.75664983e-02 -6.47001047e-03 5.27992045e-02 4.70494036e-05 5.26276161e-05 9.35431636e-05
2.61438662e+02 5.78235898e-02 -1.11375605e-02 4.55669769e-02 1.43383695e-04 1.86667512e-04 1.08281459e-04
2.64157053e+02 6.67651280e-02 -4.52196270e-03 3.85177187e-02 7.41512871e-05 1.26375110e-04 1.02879959e-04
2.66869522e+02 6.19814148e-02 -7.14000690e-04 4.13569661e-02 4.07187312e-05 1.51078931e-04 1.14596676e-04
2.69581487e+02 6.77232091e-02 1.48170193e-03 2.96209443e-02 5.51634290e-05 1.97201122e-04 6.49774596e-05
