6.84593380e-01 7.14366801e-02 1.77924474e-03 3.36452275e-02 4.26848431e-05 2.48075113e-04 4.78569205e-05
3.39432691e+00 7.37550039e-02 3.29991270e-03 1.95577484e-02 1.16360637e-04 1.73883360e-04 9.71019323e-05
6.10445910e+00 7.86341511e-02 4.46702188e-03 1.60008219e-02 6.80189468e-05 5.21249178e-05 8.55211512e-05
8.82044348e+00 8.28660214e-02 -1.23623627e-03 2.75059187e-03 6.84423949e-05 2.07638080e-04 2.29981138e-05
1.15348891e+01 7.68673116e-02 -1.82810291e-03 -1.74628826e-03 1.73364460e-05 9.20288400e-05 4.42865163e-05
1.42530422e+01 7.22201102e-02 -1.87684470e-03 -1.70616434e-02 7.66227277e-05 1.38348080e-04 2.16052862e-05
1.69763860e+01 6.85045028e-02 -1.80431623e-04 -2.02141663e-02 2.96069569e-05 9.35644241e-05 1.39259379e-04
1.96944000e+01 6.53184046e-02 4.69098162e-05 -3.44869764e-02 5.02159373e-05 1.91814754e-04 7.39232567e-05
2.24088063e+01 5.70429856e-02 -2.57507110e-03 -4.85960789e-02 5.16008152e-05 1.83706398e-04 1.36856108e-04
2.51207110e+01 5.89526115e-02 -4.52680684e-03 -5.57694645e-02 1.98217795e-05 9.76266469e-05 1.28959405e-04
2.78314875e+01 4.53055177e-02 -2.96374985e-03 -5.83759180e-02 2.55177611e-05 4.71854836e-05 2.73431296e-05
3.05457469e+01 3.69728128e-02 -6.08932380e-03 -5.91438506e-02 5.92827354e-05 1.41846592e-04 5.75334491e-05
3.32579735e+01 4.14296696e-02 -5.63951202e-03 -6.56597867e-02 9.09892581e-05 6.87455593e-05 2.26357176e-05
3.59784391e+01 3.46468843e-02 -1.12533621e-02 -6.43230344e-02 1.20378813e-05 3.62062172e-04 4.06621968e-05
3.86898641e+01 4.11457842e-02 -3.42815690e-03 -5.90476484e-02 4.94639579e-05 2.08173232e-04 9.89780955e-05
4.14067469e+01 4.13552726e-02 9.00670222e-04 -6.30034913e-02 3.28577884e-05 3.25124899e-04 6.20653021e-05
4.41280938e+01 4.39899384e-02 7.42167905e-03 -5.87167922e-02 9.87341795e-05 1.10919832e-04 4.90522219e-05
4.68433704e+01 4.76560997e-02 1.48379744e-02 -6.30208824e-02 2.20167250e-05 2.43946341e-04 5.09984214e-05
4.95563672e+01 3.76041490e-02 1.53536356e-02 -6.35859697e-02 2.90960483e-05 7.71596646e-05 5.00417577e-05
5.22737875e+01 3.52761248e-02 1.52945529e-02 -6.64317311e-02 2.25831395e-05 2.42444592e-04 6.85254980e-05
5.49883063e+01 2.68706353e-02 1.65546491e-02 -6.80844151e-02 3.23711738e-05 1.84405928e-04 5.12096856e-05
5.77052422e+01 8.05465326e-03 8.73714775e-03 -7.62738397e-02 4.51292572e-05 3.44696099e-04 1.46291641e-05
6.04155532e+01 -5.10625030e-03 1.04419284e-02 -7.55741704e-02 8.25379829e-05 1.56461826e-04 9.58661376e-05
6.31330141e+01 -2.08819434e-02 7.49077863e-03 -6.55095265e-02 4.75097200e-05 2.72518945e-04 3.30766653e-05
6.58507750e+01 -2.41664061e-02 1.21029515e-02 -6.11607028e-02 4.65333680e-05 1.51554631e-04 2.20336517e-05
6.85678704e+01 -3.74345927e-02 8.92121914e-03 -6.28254804e-02 1.06510889e-04 3.03644842e-04 7.53497559e-05
7.12826063e+01 -3.83575825e-02 1.20921056e-02 -6.36777874e-02 8.83109125e-05 1.44979675e-04 5.77304088e-05
7.40068375e+01 -3.76802665e-02 8.06003746e-03 -6.50854896e-02 6.18216355e-05 2.04277100e-04 3.31574411e-05
7.67322141e+01 -3.30367891e-02 7.11361324e-03 -7.36134078e-02 3.02224230e-05 1.71512758e-04 4.52772349e-05
7.94518485e+01 -1.73818200e-02 1.83504578e-03 -7.60059906e-02 5.45342925e-05 2.31717205e-04 2.97579013e-05
8.21661657e+01 -6.43498692e-03 5.89129565e-03 -8.25506141e-02 1.06795789e-04 3.13565411e-05 7.18806234e-05
8.48922250e+01 1.07244949e-02 5.27931563e-03 -8.29671684e-02 5.20044729e-05 1.34193401e-04 8.83709693e-05
8.76021141e+01 2.21086348e-02 2.27972891e-03 -8.50947447e-02 1.80447065e-05 1.34700613e-04 4.29401271e-05
9.03190516e+01 2.71983731e-02 2.73652785e-03 -7.85117318e-02 1.14949427e-05 2.02820575e-04 6.24735473e-05
9.30296625e+01 3.81826743e-02 -1.37095761e-03 -7.20375301e-02 6.81189016e-05 1.27371414e-04 4.46744427e-05
9.57551235e+01 4.69604122e-02 -4.46335204e-05 -6.79172265e-02 1.05835215e-04 6.71605536e-05 3.65690330e-05
9.84766438e+01 4.98560145e-02 -2.96521623e-03 -6.77918891e-02 4.80537516e-05 5.29433953e-05 2.40748614e-05
1.01191159e+02 4.03477899e-02 -3.93909105e-03 -6.87132995e-02 9.33484243e-05 7.66390352e-05 1.97857011e-05
1.03912722e+02 4.03604372e-02 -1.26610524e-02 -7.20420791e-02 5.70387506e-05 1.54194594e-04 2.73592853e-05
1.06618253e+02 4.45291252e-02 -5.66188227e-03 -6.07542048e-02 6.24160142e-05 2.77169881e-05 7.72206703e-05
1.09327331e+02 4.74511021e-02 -9.79831909e-03 -5.89009717e-02 3.85306248e-05 2.59642410e-05 2.36561269e-05
1.12055941e+02 5.49409459e-02 -1.05069640e-02 -5.51897298e-02 8.05553899e-05 2.62916650e-05 8.78138625e-05
1.14769144e+02 5.89140759e-02 -1.39176916e-02 -3.85554645e-02 5.17278141e-05 2.46208810e-04 1.08569147e-04
1.17481847e+02 6.31170608e-02 -1.13330663e-02 -1.66283495e-02 5.47038514e-05 2.43194954e-04 6.19799824e-05
1.20191722e+02 6.32318915e-02 -8.39523886e-03 3.77395237e-03 4.87781909e-05 3.20379823e-04 7.64216267e-05
1.22908253e+02 6.38206543e-02 -9.18986939e-03 2.12866384e-02 4.34735778e-05 1.23383226e-04 2.66373733e-05
1.25617503e+02 6.48436707e-02 -6.07855390e-03 3.41280437e-02 1.76850100e-05 1.48914015e-04 1.11103795e-04
1.28338206e+02 6.10762452e-02 -2.31427913e-03 4.92963397e-02 5.33901996e-05 1.72105013e-04 8.52051694e-05
1.31052956e+02 5.88446068e-02 -1.65685823e-03 5.21848489e-02 1.27575098e-04 2.35024614e-04 5.45506899e-05
1.33768566e+02 5.15597197e-02 -1.05133350e-03 4.74402818e-02 6.00676917e-05 1.96438484e-04 4.06692971e-05
1.36480238e+02 5.58504440e-02 4.53053217e-03 5.58925027e-02 7.98190787e-05 1.56319405e-04 2.54242655e-05
1.39191956e+02 6.50825557e-02 4.78856431e-03 5.51712670e-02 9.95470855e-05 1.20296009e-04 2.85619330e-05
1.41895128e+02 6.75556983e-02 7.14253888e-03 5.40925104e-02 5.47174769e-05 5.76996370e-05 3.40357477e-05
1.44617753e+02 6.88067674e-02 3.83876834e-03 5.46042455e-02 7.80978025e-05 1.09427538e-04 5.04953598e-05
1.47336144e+02 6.39651730e-02 1.84633703e-03 4.65742847e-02 8.24069328e-06 1.80538783e-04 1.03032326e-04
1.50047816e+02 6.12558192e-02 6.00327788e-03 5.68177134e-02 1.01501525e-04 9.51103836e-05 3.65364945e-05
1.52764566e+02 6.43926701e-02 3.48659576e-03 5.37843094e-02 3.95653829e-05 6.12867800e-05 1.45128140e-04
1.55483503e+02 5.81795448e-02 4.92620167e-03 5.81742817e-02 6.49549374e-05 1.21157644e-04 4.65712005e-05
1.58196222e+02 4.16452164e-02 2.58052899e-03 6.28691995e-02 7.32417318e-05 5.49970483e-05 9.17439749e-05
1.60925347e+02 3.11244962e-02 -1.01827851e-03 6.88660418e-02 5.41256835e-05 4.19632834e-04 6.54013749e-05
1.63633597e+02 2.38322106e-03 -2.30298300e-03 8.12769011e-02 1.30812533e-04 3.48450184e-04 6.54728327e-05
1.66355409e+02 -2.65405216e-02 1.37003554e-03 7.40008095e-02 5.63556306e-05 1.58851697e-04 3.22760085e-05
1.69070128e+02 -3.79279917e-02 -6.12513750e-03 6.50194663e-02 1.16344100e-04 9.43426676e-05 2.12841022e-05
1.71791441e+02 -4.31879148e-02 -8.01828529e-03 6.20605096e-02 5.05456975e-05 6.35865153e-05 1.90751678e-05
1.74511394e+02 -4.87225174e-02 -6.01919871e-03 6.78120243e-02 4.06872690e-05 7.68314030e-05 1.96943850e-05
1.77214691e+02 -5.60146030e-02 -1.76711762e-03 7.80994493e-02 9.82214893e-05 8.29694410e-06 1.23545136e-05
1.79933019e+02 -5.36770489e-02 -6.77616176e-03 7.16262227e-02 5.04224294e-05 1.30750467e-04 1.28277012e-04
1.82648784e+02 -4.76044360e-02 -1.07310657e-02 6.20803467e-02 3.61487410e-05 1.68369003e-04 6.15651319e-05
1.85365128e+02 -6.06764485e-02 -6.82682193e-03 5.81810694e-02 2.00824019e-05 7.47276295e-05 8.44735656e-05
1.88077128e+02 -5.77582749e-02 -4.12562015e-03 5.99219239e-02 2.22375354e-05 3.61219650e-04 4.86480020e-05
1.90791534e+02 -6.17447179e-02 -3.95893480e-03 6.31873006e-02 2.24562108e-05 1.12894653e-04 2.32013784e-05
1.93519659e+02 -5.56890232e-02 -6.77125150e-04 6.90486068e-02 8.76636846e-05 2.08224432e-04 5.16222911e-05
1.96240894e+02 -6.39846190e-02 -5.55133494e-03 6.45066815e-02 4.60642058e-05 8.00688335e-05 3.90012744e-05
1.98960363e+02 -4.19156382e-02 1.85629147e-03 7.00518759e-02 7.38108059e-05 1.21882020e-04 1.64343759e-05
2.01687222e+02 -2.85901516e-02 7.24416453e-03 7.12950142e-02 4.79754949e-05 3.39134030e-04 1.49372078e-04
2.04418566e+02 -1.07998651e-02 9.18591019e-03 7.23347652e-02 4.31414381e-05 2.41379073e-04 1.05486918e-04
2.07132863e+02 6.71335612e-03 9.77489112e-03 7.87846973e-02 9.07483973e-05 1.36054920e-04 5.45975268e-05
2.09844456e+02 1.88116213e-02 8.26564361e-03 7.35242687e-02 7.31196009e-05 5.98083116e-05 6.61436885e-05
2.12551909e+02 3.44262483e-02 1.97437568e-04 7.01329984e-02 2.04670599e-05 5.08463850e-05 5.63782658e-05
2.15268331e+02 4.43496138e-02 1.48530455e-03 6.94401066e-02 5.71858274e-05 3.04848454e-05 2.19974409e-05
2.17970878e+02 5.33418801e-02 1.27554018e-03 5.66291194e-02 7.38028460e-05 1.84799435e-04 7.35506997e-05
2.20681472e+02 5.65153432e-02 3.60935049e-04 5.63585447e-02 4.09287535e-05 1.86929380e-04 2.86235999e-05
2.23391488e+02 5.48993082e-02 -3.68233912e-03 5.59563554e-02 1.70684660e-05 4.26904122e-04 4.60597232e-05
2.26108613e+02 5.48938399e-02 -3.55707064e-03 5.44581302e-02 3.48055687e-05 1.49910890e-04 6.53630267e-05
2.28825972e+02 5.44124245e-02 -1.18490688e-03 5.06690404e-02 2.40448602e-05 2.63211439e-04 2.40618952e-05
2.31544675e+02 5.32085429e-02 -4.13291979e-03 5.57996452e-02 9.29199176e-05 2.06056751e-04 8.99971641e-05
2.34264847e+02 5.72404094e-02 -3.91544497e-03 5.15913080e-02 3.85848635e-05 1.81689514e-04 7.08427688e-05
2.36991409e+02 5.50600314e-02 -5.92374399e-03 5.33213009e-02 9.88565652e-05 4.27636981e-05 9.94814737e-05
2.39700644e+02 5.45674536e-02 -3.94971370e-03 5.37645171e-02 8.47093643e-05 1.37931202e-04 8.88595865e-05
2.42422831e+02 5.66234819e-02 -8.06379568e-03 5.25959455e-02 7.67039564e-05 9.35339202e-05 8.47111535e-05
2.45147456e+02 5.96185753e-02 -8.73522773e-03 4.86800544e-02 5.80097592e-05 8.46407407e-05 6.17060767e-05
2.47869488e+02 6.51189768e-02 -1.08474224e-02 5.72364014e-02 5.19621378e-05 1.09933479e-04 3.16922157e-05
2.50587175e+02 5.67999017e-02 -3.18467832e-03 5.65727897e-02 1.29561800e-04 1.22628770e-04 4.88038828e-05
2.53300847e+02 5.15623029e-02 -3.60277454e-03 5.86511332e-02 5.75254342e-05 2.42312787e-04 5.52778231e-05
2.56019706e+02 6.06630936e-02 -9.72340304e-03 6.17952129e-02 3.05435842e-05 2.58996874e-04 3.55024531e-05
2.58730034e+02 6.08075498e-02 -8.09251664e-03 5.35798929e-02 6.13915600e-05 1.43478724e-04 7.68826790e-05
2.61446238e+02 6.27967811e-02 -1.07715835e-02 4.66362597e-02 9.94559013e-05 2.24991956e-04 6.67306652e-05
2.64158503e+02 6.94091796e-02 -2.89339728e-03 3.97080482e-02 1.33790408e-04 1.14438672e-04 1.17826295e-04
2.66870534e+02 6.64987841e-02 -2.70561303e-03 4.22146329e-02 3.11450030e-05 1.13791467e-04 1.10707666e-04
2.69578746e+02 6.76789783e-02 5.28586655e-03 3.74599789e-02 1.49378794e-04 4.12316975e-04 3.69011838e-05
