7.02053639e-01 7.04678787e-02 -9.41083955e-05 2.29734352e-02 4.09280291e-05 1.35186031e-04 4.38380363e-05
3.40624845e+00 7.15559890e-02 -2.03145125e-03 1.57111137e-02 8.26016879e-05 3.30383263e-04 7.78263318e-05
6.11403924e+00 7.12849809e-02 -4.18066167e-03 2.14930409e-02 9.34278383e-05 1.61018295e-04 1.02781096e-04
8.83098705e+00 6.73448079e-02 -1.57792762e-03 1.45711724e-02 8.51293768e-05 1.65706231e-04 7.85972247e-05
1.15389561e+01 7.09150015e-02 1.37493105e-03 1.20493192e-02 3.74570866e-05 2.23208696e-04 7.51083733e-05
1.42506717e+01 7.32696491e-02 -5.30682956e-03 3.55651101e-03 2.35686125e-05 1.63751985e-04 1.03382700e-04
1.69626217e+01 7.31534771e-02 -7.36333517e-03 -2.31792995e-02 1.94991440e-04 2.33761156e-04 6.51818616e-05
1.96821233e+01 6.81241772e-02 -1.23905402e-02 -3.78474169e-02 3.39539534e-05 3.91269848e-04 7.87893620e-05
2.24008749e+01 6.85195630e-02 -6.21800630e-03 -4.78687906e-02 9.00440900e-05 2.06109441e-04 4.31442931e-05
2.51218202e+01 6.09412065e-02 -4.63385355e-03 -5.11244364e-02 4.70926649e-05 3.61659337e-04 7.92097745e-05
2.78491952e+01 5.44691992e-02 -3.39602880e-03 -5.85723102e-02 3.11263052e-05 1.34985597e-04 3.07268279e-05
3.05572108e+01 5.61421707e-02 -2.64845276e-03 -6.68819265e-02 2.33996456e-05 1.62616910e-04 5.31144906e-05
3.32686061e+01 5.32278068e-02 2.13147956e-03 -7.06094370e-02 3.93941663e-05 1.52098400e-04 2.72000255e-05
3.59880061e+01 4.69506934e-02 5.11926004e-03 -6.84755500e-02 4.97062241e-05 1.01226521e-04 7.41614144e-05
3.86939749e+01 4.86496324e-02 8.39376563e-03 -7.03622805e-02 3.47419938e-05 3.23701554e-04 4.70872460e-05
4.14042280e+01 4.72446238e-02 7.49178990e-03 -7.06886554e-02 1.09839189e-04 3.98493651e-04 4.09285527e-05
4.41163811e+01 5.12143489e-02 7.92388898e-03 -6.28684149e-02 2.69504146e-05 5.28711407e-04 1.85500570e-05
4.68330280e+01 4.63783252e-02 1.73550761e-03 -5.63886853e-02 7.80755239e-05 4.26874580e-04 1.23703497e-05
4.95541905e+01 4.80911054e-02 3.07860966e-03 -6.21574165e-02 1.19513507e-04 2.74165305e-04 5.25149464e-05
5.22687467e+01 4.88015269e-02 1.11939671e-03 -7.04270839e-02 6.47338031e-05 9.51074662e-05 8.81944418e-05
5.49881874e+01 4.31198547e-02 2.94375293e-04 -7.50342776e-02 2.98444240e-05 2.24586119e-05 8.65406240e-05
5.77007795e+01 3.59416962e-02 2.61243820e-03 -6.64729654e-02 2.90143169e-05 1.56392012e-04 1.12688842e-04
6.04336686e+01 2.93544138e-02 7.76734501e-03 -6.82588783e-02 2.45047414e-05 8.39840653e-05 7.65632896e-05
6.31446249e+01 2.08898324e-03 1.35552560e-02 -7.09729837e-02 3.07414811e-05 2.84549793e-04 2.80518221e-05
6.58564749e+01 -2.75356744e-02 7.68784030e-03 -7.13899797e-02 6.94699160e-05 3.72712044e-04 3.83072675e-05
6.85694374e+01 -4.43780744e-02 8.81473014e-03 -7.34245660e-02 7.02044339e-05 2.80571197e-04 7.56218535e-05
7.12839952e+01 -5.18558087e-02 3.72469039e-03 -6.92989855e-02 4.84599026e-05 9.20905170e-05 5.44985147e-05
7.39905155e+01 -5.56026334e-02 -6.17162923e-04 -7.07872731e-02 2.93355260e-05 2.26230905e-04 2.51604743e-05
7.67048702e+01 -4.48253665e-02 -2.53404033e-03 -6.74031216e-02 9.63153388e-05 6.43688229e-05 3.26377848e-05
7.94227655e+01 -3.96998951e-02 5.44970279e-04 -7.04012652e-02 6.15719353e-05 4.48167186e-05 4.93582303e-05
8.21408874e+01 -2.79829150e-02 -3.59502106e-03 -7.35132660e-02 1.27064233e-05 1.41388937e-04 3.93689508e-05
8.48638467e+01 -8.49521703e-03 2.98267269e-04 -6.55878234e-02 1.16018614e-04 1.92131679e-04 3.19171215e-05
8.75972624e+01 2.56299167e-03 7.44069222e-04 -6.81739024e-02 6.33636505e-05 1.31439425e-04 1.51180299e-05
9.03159342e+01 1.99941198e-02 8.75227043e-03 -6.62248987e-02 3.15019170e-05 9.14121872e-05 1.46240767e-05
9.30453749e+01 2.64133972e-02 8.04718305e-03 -7.55127910e-02 1.42716257e-04 9.97172478e-05 4.10977688e-05
9.57502030e+01 2.54461210e-02 7.49973052e-03 -7.38877969e-02 1.21102882e-04 7.48803204e-05 7.08799016e-05
9.84694186e+01 3.09537136e-02 6.06263579e-03 -7.07336019e-02 1.62206076e-04 3.27329259e-05 5.22720553e-05
1.01185709e+02 4.27873290e-02 3.45879124e-03 -6.02670010e-02 2.45909051e-05 4.33591113e-05 9.96509689e-05
1.03907506e+02 5.62943425e-02 8.82052270e-03 -6.10002553e-02 5.49318228e-05 6.82861621e-05 3.79336086e-05
1.06628709e+02 6.26942271e-02 9.41572213e-04 -6.43905170e-02 7.37729214e-05 3.81828594e-05 4.93097240e-05
1.09345475e+02 6.77520036e-02 -6.55760721e-03 -5.13671584e-02 3.74668463e-05 2.11785372e-04 9.77549719e-05
1.12053850e+02 7.18850223e-02 -1.22393185e-02 -4.74591080e-02 5.73228156e-05 2.59782216e-04 1.45272381e-04
1.14765740e+02 7.04880967e-02 -9.82250476e-03 -3.23837336e-02 7.00818386e-05 1.79727015e-04 2.98903895e-04
1.17476006e+02 7.36322130e-02 -1.15647771e-02 -1.98894401e-02 1.68215201e-04 2.47116449e-04 7.66860542e-05
1.20188194e+02 7.77801555e-02 -1.35043179e-02 -4.50066979e-03 6.06678526e-05 2.01003489e-04 9.37066828e-05
1.22902147e+02 7.54496338e-02 -7.18072131e-03 1.99849697e-02 1.03741011e-04 2.48511039e-04 9.87745258e-05
1.25615444e+02 7.04383496e-02 2.57221880e-03 3.18297170e-02 1.43254756e-05 2.27092219e-04 1.43166694e-04
1.28327428e+02 7.16540834e-02 -1.18730644e-03 4.53436219e-02 5.44818372e-05 1.27031489e-04 4.62385555e-05
1.31037959e+02 6.31256795e-02 -2.22666381e-03 5.10242652e-02 2.47225525e-05 1.54001142e-04 3.10864857e-05
1.33752225e+02 6.94360073e-02 3.97655360e-03 5.86090051e-02 1.02030304e-04 8.32236759e-05 2.21467531e-05
1.36469084e+02 6.66615130e-02 -5.83217494e-04 5.75384054e-02 7.69747154e-05 3.38450032e-05 6.24065571e-05
1.39192584e+02 5.77747803e-02 -3.82104026e-03 5.81578744e-02 4.85502817e-05 1.10206642e-04 4.88648064e-05
1.41908303e+02 5.42760587e-02 -3.04199987e-03 5.96831172e-02 7.23196389e-06 1.95499872e-04 3.38913558e-05
1.44617897e+02 5.88438821e-02 -5.56906143e-03 6.44880868e-02 2.64235375e-05 8.58956707e-05 9.53974064e-05
1.47323881e+02 5.66079711e-02 4.72317838e-03 6.19645789e-02 7.37423219e-05 1.07334777e-04 8.37027217e-05
1.50032225e+02 5.67471122e-02 4.94179044e-03 6.74006319e-02 4.33227333e-05 1.28472848e-04 3.59580600e-05
1.52755990e+02 4.54057512e-02 2.95872657e-03 7.01537313e-02 7.02580686e-05 4.37576222e-05 1.04193032e-04
1.55468194e+02 3.70247400e-02 -9.31779413e-04 8.32650620e-02 4.52044060e-05 5.57197463e-05 5.27555911e-05
1.58192350e+02 1.73132625e-02 1.16933269e-03 7.76444370e-02 7.40524374e-05 8.14977108e-05 5.13874645e-05
1.60903678e+02 -1.93174789e-03 -2.91327096e-03 7.78159002e-02 1.36747322e-04 6.11987249e-05 2.69455846e-05
1.63630272e+02 -2.60884369e-02 -9.25383703e-04 6.69165157e-02 6.34176464e-05 2.13238612e-04 2.25375316e-04
1.66353584e+02 -3.28771484e-02 -3.99744741e-03 7.35658935e-02 1.55175947e-04 3.42303445e-04 8.21414301e-05
1.69077350e+02 -4.15244090e-02 -4.44656083e-03 7.65693391e-02 8.11671163e-05 5.12443915e-04 5.88947494e-05
1.71789131e+02 -4.67356813e-02 -2.04439201e-03 6.75217927e-02 3.94831608e-05 6.05921668e-04 3.12029240e-05
1.74506428e+02 -3.97753741e-02 -7.27059043e-03 6.22735971e-02 6.33634396e-05 3.75838245e-04 4.56531427e-05
1.77228553e+02 -4.18560637e-02 -8.68008210e-03 5.63578820e-02 3.67949598e-05 3.52707899e-04 3.54584283e-05
1.79947209e+02 -4.74882090e-02 -7.81766801e-03 5.90561418e-02 7.64475061e-05 3.17243644e-04 8.71095765e-05
1.82659100e+02 -4.59929548e-02 -7.67956450e-03 6.87693721e-02 6.10308629e-05 2.86103113e-04 1.31119600e-04
1.85374334e+02 -4.36988496e-02 -9.22672705e-03 6.56809637e-02 1.35954016e-04 3.29451966e-04 5.13003453e-05
1.88097444e+02 -4.45336170e-02 -1.09506140e-02 6.78220663e-02 3.91460675e-05 1.43868365e-04 5.55611883e-05
1.90806537e+02 -5.19018276e-02 -4.29013343e-03 6.11272410e-02 3.01850711e-05 1.20694906e-04 8.89180734e-05
1.93519600e+02 -4.41645792e-02 3.04738656e-03 6.33132148e-02 7.16172809e-05 3.66224810e-04 5.62633446e-05
1.96241287e+02 -4.20608754e-02 9.57668230e-03 6.06274257e-02 7.04700159e-05 2.17411374e-04 4.79901763e-05
1.98949897e+02 -3.46050366e-02 3.06872058e-03 6.93187080e-02 1.49993869e-04 1.31206921e-04 4.50536654e-05
2.01667506e+02 -3.18571589e-02 1.67654628e-03 6.69322219e-02 6.99003459e-05 1.12524882e-04 1.11736761e-04
2.04381834e+02 -1.21573031e-02 1.92545153e-03 6.64821254e-02 4.86526955e-05 1.04910600e-04 8.30848327e-05
2.07103506e+02 1.37713150e-02 2.50354091e-03 6.59777377e-02 3.50197814e-05 2.23428058e-04 2.26835376e-05
2.09815834e+02 3.10334341e-02 8.22519229e-03 6.25529252e-02 6.88394215e-05 1.12107977e-04 3.03508315e-05
2.12539100e+02 4.30214778e-02 9.81285773e-03 6.14884317e-02 2.09226358e-05 1.78216552e-04 8.21402003e-05
2.15253787e+02 5.32903629e-02 9.31064100e-03 5.77123256e-02 5.19032398e-05 1.54605065e-04 6.16403061e-05
2.17969131e+02 5.62249456e-02 6.29551080e-03 5.29585340e-02 8.49524580e-05 2.65044342e-04 3.97783188e-05
2.20682569e+02 6.12912105e-02 2.98472453e-03 5.12978870e-02 6.80351757e-05 2.16475663e-04 3.63998640e-05
2.23401506e+02 6.61848569e-02 6.13488079e-03 4.97809065e-02 2.08701798e-05 3.10939437e-04 3.11098626e-05
2.26116397e+02 6.27341866e-02 3.72177418e-03 4.94946338e-02 5.25523258e-05 2.31062972e-04 1.89669495e-05
2.28835709e+02 6.39813586e-02 2.62229255e-03 5.31880451e-02 5.31818574e-05 2.23228109e-04 1.30347693e-04
2.31550709e+02 6.56064641e-02 2.73017247e-03 4.87380419e-02 9.52681364e-05 5.13265481e-05 3.82691016e-05
2.34268006e+02 6.27945220e-02 -4.87648905e-04 4.72984279e-02 3.62966352e-05 3.69956498e-05 5.01062332e-05
2.36985850e+02 6.33314968e-02 -5.72598285e-03 4.98639390e-02 2.76305548e-05 3.66195731e-05 2.11662028e-05
2.39704928e+02 6.54827295e-02 -1.04018324e-02 4.80310134e-02 7.06103604e-05 4.36248742e-05 4.65955270e-05
2.42419194e+02 6.29193871e-02 -8.79701710e-03 5.03781762e-02 3.84736989e-05 3.14710150e-05 7.52859163e-05
2.45140225e+02 5.61911091e-02 -6.40823067e-03 5.21058181e-02 7.57149433e-05 1.70941125e-05 9.78710926e-05
2.47859444e+02 5.24908901e-02 -6.60165275e-03 5.55833062e-02 4.10448111e-05 4.69203079e-05 4.93794370e-05
2.50568725e+02 5.92853683e-02 -6.15559080e-03 5.62874993e-02 9.73226225e-05 7.20793870e-05 5.94483784e-05
2.53292569e+02 6.01898103e-02 -9.57374267e-03 5.93417121e-02 5.96794886e-05 1.44704658e-04 9.94383728e-05
2.56012365e+02 5.24747783e-02 1.84973563e-03 5.49741680e-02 9.66103183e-05 4.32716857e-05 6.41992615e-05
2.58738709e+02 5.79688568e-02 -8.20169345e-03 5.13826736e-02 7.81278480e-05 5.81708458e-05 1.37698630e-04
2.61449350e+02 6.10348310e-02 1.46308616e-03 5.38157210e-02 1.31934540e-04 3.56952075e-04 7.51322388e-05
2.64166522e+02 5.81330807e-02 -1.56572024e-03 4.90894733e-02 8.56848195e-05 3.57478638e-04 1.06561080e-04
2.66869240e+02 6.16185357e-02 -3.72678919e-03 4.06761661e-02 3.47691470e-05 4.88817721e-04 4.80612757e-05
2.69585777e+02 6.94849028e-02 -4.28411005e-03 2.75773808e-02 1.04145651e-04 1.05674985e-04 7.28021595e-05
