6.94792535e-01 7.15793629e-02 -9.49098599e-03 2.73658583e-02 2.63915212e-05 1.66447334e-04 9.82302622e-05
3.41819570e+00 7.74878522e-02 -1.42817075e-02 2.48413730e-02 5.24711604e-05 1.74110271e-04 2.75883682e-05
6.13714899e+00 8.07202936e-02 -1.07766360e-02 1.65653948e-02 2.56228141e-05 3.45452860e-04 1.11127904e-04
8.84858117e+00 7.94063607e-02 -6.27003912e-03 9.25415524e-04 4.96037296e-05 7.41595241e-05 6.12772652e-05
1.15628701e+01 8.35236606e-02 -2.25407307e-03 -1.51182936e-02 7.05819910e-05 6.59118349e-05 8.33204545e-05
1.42717138e+01 7.97048184e-02 -2.77180757e-03 -2.85589540e-02 4.06804749e-05 8.30332379e-05 7.09467915e-05
1.69736529e+01 7.41973021e-02 6.45691736e-04 -3.58107356e-02 1.12255135e-04 3.60657197e-05 4.02919141e-05
1.96751154e+01 6.88158578e-02 -1.19038359e-03 -3.70109712e-02 8.75697803e-05 1.43522198e-04 1.14330053e-04
2.23821873e+01 6.96784586e-02 3.65987291e-03 -3.92220272e-02 6.69181201e-05 1.00921984e-04 5.84351115e-05
2.51053888e+01 6.99267130e-02 5.09352307e-03 -3.73263639e-02 2.55352221e-05 8.45507391e-05 2.72026097e-05
2.78174013e+01 6.46780614e-02 9.53374232e-03 -4.98214332e-02 5.27289475e-05 2.33912939e-04 2.83374117e-05
3.05416341e+01 6.68250035e-02 3.34460179e-03 -4.82901227e-02 4.48816172e-05 1.40500049e-04 8.67561900e-05
3.32611357e+01 7.03955315e-02 4.02049995e-03 -4.63072903e-02 1.08582682e-04 1.13570931e-04 1.22514634e-04
3.59761779e+01 6.52312701e-02 -3.54384222e-03 -3.67846190e-02 5.51084486e-05 6.76046421e-05 4.43671045e-05
3.86884326e+01 7.15942530e-02 -5.99857937e-03 -3.57405344e-02 5.18724640e-05 9.06151452e-05 4.40705995e-05
4.14065279e+01 6.67442326e-02 -9.35654468e-03 -4.76359655e-02 7.65986904e-05 1.70813703e-04 9.91161286e-05
4.41322185e+01 5.91162109e-02 -3.79407505e-03 -5.69793487e-02 7.92477688e-05 1.20884517e-04 4.95822772e-05
4.68483107e+01 6.07710608e-02 -3.63272568e-04 -5.87526298e-02 1.31520312e-05 2.37829617e-04 5.61040541e-05
4.95661779e+01 5.70241881e-02 2.25445329e-03 -5.65757923e-02 2.82904676e-05 2.79674451e-04 3.48608193e-05
5.22799748e+01 5.64119810e-02 -5.32645928e-03 -5.46806456e-02 4.17480602e-05 4.12418124e-04 2.98350247e-05
5.49917201e+01 4.14949147e-02 -3.95383694e-03 -4.88490712e-02 3.47362914e-05 1.71098350e-04 7.36878337e-05
5.77093435e+01 2.68012292e-02 -1.10029234e-02 -6.18796777e-02 5.56941133e-05 1.83203536e-04 1.08033981e-04
6.04122716e+01 3.46953982e-03 -8.31986443e-03 -6.40519504e-02 2.89278077e-05 1.27509450e-04 8.79449246e-05
6.31332482e+01 -1.32986256e-02 -1.60280732e-02 -6.62279303e-02 1.75071031e-05 9.92089419e-05 3.42401401e-05
6.58580810e+01 -3.04400994e-02 -9.22813831e-03 -6.55149135e-02 1.88168594e-05 6.24719317e-05 9.78883555e-05
6.85739513e+01 -4.08565578e-02 -7.19728915e-03 -6.15678809e-02 6.66517336e-05 2.25030133e-04 6.74816094e-05
7.12903341e+01 -4.83486410e-02 -7.29879667e-04 -6.07923654e-02 4.00813065e-05 2.92423526e-04 6.71815079e-05
7.40141560e+01 -5.42811859e-02 -3.75586314e-03 -5.68349668e-02 6.02470607e-05 3.18706770e-04 3.87533151e-05
7.67232763e+01 -5.13138343e-02 1.86624385e-03 -6.40940458e-02 7.19287089e-05 3.33797485e-04 3.55093086e-05
7.94340670e+01 -4.19716651e-02 -6.16361839e-04 -6.99003307e-02 3.72510371e-05 1.66252111e-04 1.70087212e-04
8.21443341e+01 -2.77840033e-02 4.58502584e-03 -7.75526589e-02 2.24191119e-04 3.43106562e-05 8.29166573e-05
8.48654795e+01 -1.11850788e-02 2.04230857e-03 -8.06608777e-02 4.18341613e-05 4.69611135e-05 6.47318819e-05
8.75865795e+01 3.41064903e-03 6.66206261e-03 -7.77078021e-02 8.05982626e-05 6.75847263e-05 5.34551936e-05
9.03170732e+01 2.41665478e-02 5.55721659e-03 -8.31731745e-02 4.22543447e-05 1.18811221e-04 8.59887427e-05
9.30269545e+01 4.65100232e-02 1.17657369e-03 -7.53005486e-02 4.55815565e-05 1.11720603e-04 1.55594792e-05
9.57532091e+01 5.67677310e-02 -2.70006157e-03 -7.17382670e-02 1.30729703e-04 3.33261210e-04 1.66249083e-04
9.84694263e+01 6.11791820e-02 -1.70199578e-04 -5.81735029e-02 8.20890371e-05 2.56091735e-04 5.60443187e-05
1.01185025e+02 5.75099961e-02 2.33189876e-03 -5.17038864e-02 5.77898305e-05 1.93694876e-04 4.48098693e-05
1.03904400e+02 5.43444167e-02 9.92603477e-03 -4.80062603e-02 7.90770710e-05 4.81139704e-05 8.14834539e-05
1.06624790e+02 5.83596395e-02 8.21454750e-03 -4.43049966e-02 8.67152654e-05 9.12803835e-06 3.35089209e-05
1.09334728e+02 6.35088689e-02 2.61511052e-03 -3.71606665e-02 1.09461050e-04 1.02357402e-05 6.82174268e-05
1.12056072e+02 7.26986610e-02 8.78058238e-03 -2.13228064e-02 1.35137518e-04 1.05614021e-04 1.01547852e-04
1.14762790e+02 6.95616574e-02 1.03336989e-02 -7.08315916e-03 5.05600634e-05 6.06078298e-05 9.66070688e-05
1.17475494e+02 6.84952348e-02 1.02781902e-02 2.30767963e-03 7.86847826e-05 1.42196000e-04 5.14825501e-05
1.20187556e+02 6.75823453e-02 9.28924868e-03 1.94672094e-02 4.12315243e-05 2.87438488e-04 9.80843990e-05
1.22909025e+02 6.39450189e-02 6.00680689e-03 2.05520012e-02 4.07731881e-05 2.38730356e-04 7.51597798e-05
1.25612775e+02 7.07329542e-02 -1.13535250e-03 2.98924413e-02 3.00485238e-05 4.57173895e-04 2.07139620e-05
1.28322306e+02 7.00410907e-02 -4.49618668e-03 3.70250204e-02 4.53590977e-05 1.76150304e-04 1.82410896e-04
1.31029072e+02 6.65034204e-02 -6.14478025e-03 5.14687733e-02 4.72704343e-05 1.53418269e-04 7.77272655e-05
1.33747353e+02 5.68733730e-02 -5.35101020e-03 5.36084822e-02 3.42274822e-05 8.80568309e-05 4.18934469e-05
1.36467790e+02 5.66293990e-02 -6.57144714e-03 5.70773180e-02 6.69109869e-05 1.19691226e-04 1.93978137e-05
1.39182103e+02 5.65043139e-02 -5.51721140e-03 5.66129969e-02 4.11227689e-05 9.39579960e-05 6.88194129e-05
1.41895681e+02 6.13165204e-02 -5.09978524e-03 6.39222146e-02 4.59450248e-05 2.87294184e-05 4.12928738e-05
1.44613197e+02 5.93969946e-02 -5.60890066e-03 7.12336006e-02 2.44616723e-05 1.07063521e-04 4.74055330e-05
1.47325322e+02 5.40038595e-02 -5.26737880e-03 7.20507777e-02 2.68163893e-05 8.45182192e-05 9.95040249e-05
1.50047181e+02 3.93101210e-02 -1.16857685e-02 7.10218182e-02 3.42252547e-05 1.43862817e-04 4.17363163e-05
1.52760119e+02 3.00028473e-02 -1.23710690e-02 7.33076811e-02 3.55420133e-05 4.16362627e-04 8.20534301e-05
1.55481384e+02 2.09614918e-02 -8.95415801e-03 6.59152108e-02 4.85583703e-05 1.64352871e-04 6.21506446e-05
1.58201056e+02 1.14021751e-02 -7.19550554e-03 7.02027795e-02 6.45740045e-05 2.64865306e-04 6.84325899e-05
1.60922103e+02 1.10568843e-03 -3.23548901e-03 6.69783957e-02 6.17534311e-05 1.28269227e-04 1.27497128e-04
1.63643244e+02 -1.16643793e-02 -6.28484352e-03 7.38804511e-02 7.40223698e-05 9.74346774e-05 8.19806991e-05
1.66359728e+02 -1.81893216e-02 -2.36960227e-03 7.53884078e-02 6.03242577e-05 1.18436827e-04 6.48918687e-05
1.69079790e+02 -3.63276520e-02 3.15172158e-04 7.09460941e-02 4.56491393e-05 1.21593682e-04 6.45571328e-05
1.71802134e+02 -5.33098433e-02 7.97591018e-03 6.87343302e-02 4.01608498e-05 8.38702169e-05 4.22786335e-05
1.74517775e+02 -5.08199841e-02 5.22057627e-03 6.45100222e-02 2.48709375e-05 1.56632759e-04 7.98994338e-05
1.77235728e+02 -5.30673223e-02 4.38302579e-03 6.53308174e-02 6.09082539e-05 3.25426427e-05 4.73832196e-05
1.79958478e+02 -5.79300689e-02 7.16855514e-03 6.36606847e-02 3.05707512e-05 1.62662389e-04 6.00487788e-05
1.82684369e+02 -5.99368892e-02 1.06753933e-02 6.22528560e-02 5.76381017e-05 3.34235686e-04 1.08402904e-04
1.85395603e+02 -5.44791640e-02 9.30346579e-03 6.73148656e-02 7.97564022e-05 6.06198640e-04 2.56989303e-05
1.88102072e+02 -5.95282884e-02 4.08799865e-03 6.13717384e-02 2.37257354e-05 5.29767803e-04 2.80767466e-05
1.90815009e+02 -5.45045390e-02 5.04572009e-03 5.55564918e-02 3.96587968e-05 4.14952563e-04 1.10892794e-04
1.93535962e+02 -5.32544702e-02 2.66170420e-03 5.45428159e-02 3.52458766e-05 2.89075402e-04 1.32736422e-04
1.96236072e+02 -4.71321740e-02 3.87721684e-03 5.91633820e-02 9.19058825e-05 4.18840289e-04 4.56079140e-05
1.98950790e+02 -4.41826429e-02 1.20945473e-03 6.68373582e-02 3.87628172e-05 3.34091518e-04 5.87343766e-05
2.01659603e+02 -3.41253142e-02 -1.79949987e-03 7.44851484e-02 3.64126034e-05 2.72100890e-04 3.53082310e-05
2.04380103e+02 -1.32419082e-02 1.53168473e-03 7.90707716e-02 6.83477064e-05 2.34528017e-04 5.35986602e-05
2.07092384e+02 1.54304836e-02 4.58691610e-03 7.75217177e-02 4.66485230e-05 3.84695781e-04 3.56686944e-05
2.09812072e+02 2.05752715e-02 2.09106277e-03 7.00184915e-02 6.31804617e-05 8.11540363e-05 3.09691061e-05
2.12529415e+02 3.98166031e-02 1.13647845e-02 6.28676964e-02 3.46715701e-05 4.73922766e-05 3.31502460e-05
2.15249775e+02 4.14602896e-02 2.91200674e-03 6.94782277e-02 3.03458953e-05 6.23488230e-05 1.07602145e-04
2.17968040e+02 5.07953226e-02 6.02039676e-03 6.21163853e-02 4.44434802e-05 7.07323877e-05 2.87189998e-05
2.20695806e+02 5.17574116e-02 1.82478751e-03 6.37248658e-02 6.03752561e-05 3.10117593e-05 1.19116463e-04
2.23421228e+02 5.85566471e-02 9.63370021e-03 5.62768320e-02 1.39605405e-04 1.05049449e-04 6.37310110e-05
2.26140837e+02 6.39365252e-02 1.01078268e-02 5.51916343e-02 7.63849945e-05 4.36186264e-05 1.01454896e-04
2.28860431e+02 6.17347956e-02 7.29319781e-03 5.76180143e-02 4.94980737e-06 3.21489951e-05 3.81441918e-05
2.31573478e+02 6.23419303e-02 1.28791185e-02 5.20366296e-02 4.16102135e-05 1.66597312e-05 2.96266518e-05
2.34280837e+02 5.90217341e-02 1.36853230e-02 4.89884210e-02 4.12574515e-05 1.87745893e-05 1.80766659e-05
2.37000431e+02 5.67981119e-02 1.17368468e-02 4.12014598e-02 1.29723337e-05 2.82823903e-05 5.95944127e-05
2.39710259e+02 5.02069714e-02 5.06334032e-03 5.52019646e-02 4.95280653e-05 5.26296237e-05 6.93803040e-05
2.42413775e+02 5.60654749e-02 6.61365888e-03 5.31884463e-02 4.92421944e-05 4.43668958e-05 8.43531463e-05
2.45140665e+02 5.48629820e-02 6.30059466e-03 5.40139521e-02 1.29470697e-04 1.53514506e-04 1.39507144e-04
2.47853087e+02 6.31355758e-02 9.21000076e-03 6.12074728e-02 5.68699026e-05 1.17302866e-04 6.26871845e-05
2.50566322e+02 6.66809094e-02 7.16510262e-03 5.62392322e-02 2.18750208e-05 2.11759130e-04 1.28181360e-04
2.53281009e+02 5.74994575e-02 6.54536647e-03 5.33926666e-02 1.00670332e-04 1.10534652e-04 7.30733783e-05
2.56000978e+02 5.55756141e-02 7.26404132e-03 5.78760291e-02 5.56979999e-05 9.61458454e-05 3.64526692e-05
2.58725384e+02 5.41871401e-02 -1.83806248e-03 5.08797647e-02 5.17483812e-05 8.48286258e-05 1.46890965e-04
2.61444744e+02 6.44165120e-02 -6.82308512e-03 4.68775143e-02 3.22457290e-05 1.51339696e-04 6.81919512e-05
2.64151790e+02 6.30838491e-02 -8.19005321e-03 4.37267177e-02 1.05003079e-04 1.50796988e-04 6.88106905e-05
2.66870869e+02 6.26050811e-02 -5.77299968e-03 4.05675355e-02 1.01247137e-04 1.32943090e-04 1.86706642e-04
2.69589222e+02 6.43049249e-02 -1.05338306e-02 3.32917432e-02 1.37391218e-04 2.86861408e-04 7.53090773e-05
