6.77872274e-01 7.21332937e-02 8.75804576e-03 5.11424841e-02 2.91547111e-05 2.51601406e-04 3.59513162e-05
3.39397101e+00 7.72494474e-02 6.19247493e-03 4.17872888e-02 1.25749837e-04 1.18442156e-04 3.80741167e-05
6.11901446e+00 7.40817708e-02 9.19450925e-03 2.46580413e-02 7.95438806e-05 5.07636881e-05 6.60779564e-05
8.83054571e+00 7.46529471e-02 5.06764433e-03 1.23024186e-02 5.28130043e-05 3.02021477e-04 1.28655347e-04
1.15498668e+01 7.52902147e-02 1.17657273e-02 -3.85684873e-03 2.74935917e-05 1.18694685e-04 1.20641570e-04
1.42615465e+01 8.05689375e-02 4.92254286e-03 -1.41024187e-02 7.43150442e-05 1.76690999e-04 8.04630091e-05
1.69818746e+01 7.94251284e-02 3.98010867e-03 -2.96817569e-02 1.22008285e-04 1.76824703e-04 7.73420459e-06
1.96916105e+01 6.91698201e-02 -2.54348739e-03 -4.19611954e-02 6.69719187e-05 6.10780395e-05 1.14816129e-04
2.24083230e+01 5.95265305e-02 -5.98502728e-03 -4.04928533e-02 5.31194485e-05 2.52916298e-05 8.52014114e-05
2.51232981e+01 6.52938013e-02 -9.54414329e-03 -4.62050629e-02 2.90474783e-05 1.66337579e-05 5.97978071e-05
2.78391793e+01 6.32200431e-02 -6.51194132e-03 -4.96416150e-02 1.13065686e-05 6.34574397e-05 7.22961488e-05
3.05470246e+01 6.15091137e-02 -6.59522268e-03 -5.58771800e-02 1.18017611e-04 1.29309120e-04 6.52807466e-05
3.32622684e+01 5.63733461e-02 3.81127442e-03 -5.71795244e-02 1.05585211e-04 1.52364114e-04 2.52993198e-05
3.59747512e+01 5.22478242e-02 -6.67569696e-04 -6.15210303e-02 1.45755928e-04 1.15755269e-04 5.18163918e-05
3.86833871e+01 4.96397776e-02 5.78422107e-03 -6.21615071e-02 4.02274698e-05 3.80846818e-05 4.61692659e-05
4.13990965e+01 5.18087932e-02 -5.62908251e-03 -5.99361298e-02 1.25011883e-05 8.00745595e-05 4.65213543e-05
4.41107309e+01 5.27034673e-02 -2.09462072e-03 -5.47996243e-02 1.04276576e-04 8.35756507e-05 3.98703473e-05
4.68270981e+01 5.22496647e-02 -1.20435722e-02 -5.53420208e-02 2.98801431e-05 8.41520847e-05 4.86849694e-05
4.95385543e+01 5.01521878e-02 -1.18747624e-02 -6.48887983e-02 3.35809896e-05 5.40003135e-05 5.48311366e-05
5.22620402e+01 3.46021511e-02 -1.81890430e-02 -6.73695064e-02 2.81388519e-05 2.10733936e-05 3.54508100e-05
5.49879465e+01 1.25394704e-02 -1.00611002e-02 -7.32169494e-02 6.16794115e-06 1.40150787e-04 1.44944669e-04
5.77035824e+01 -5.24761739e-03 -7.60477269e-03 -7.66570679e-02 1.68674844e-05 9.46890409e-05 6.31289622e-05
6.04310356e+01 -1.73366716e-02 -4.79813222e-03 -6.89002341e-02 1.30016324e-04 1.27304734e-04 8.17150513e-05
6.31446637e+01 -3.22792836e-02 -7.83588089e-03 -7.07074235e-02 4.60386848e-05 1.73106829e-04 8.70377177e-05
6.58582949e+01 -3.50861906e-02 -4.22628011e-03 -7.27961731e-02 5.03006467e-05 1.05405970e-04 1.77004693e-05
6.85758090e+01 -3.21501886e-02 -2.98213994e-03 -6.45823737e-02 5.61765636e-05 1.94685535e-04 4.60482171e-05
7.12943777e+01 -3.21960581e-02 -6.23532795e-04 -5.98344072e-02 1.18821826e-04 1.73801377e-04 3.68587470e-05
7.40082699e+01 -2.99045786e-02 -2.91141783e-03 -6.35569052e-02 9.14701488e-05 1.36112859e-04 9.32149455e-05
7.67291887e+01 -3.36488302e-02 -4.40893333e-03 -7.26248243e-02 1.09715353e-04 2.08276646e-04 1.14668772e-04
7.94492543e+01 -2.72442028e-02 -6.45158043e-03 -8.34610997e-02 6.03779598e-05 2.36786150e-04 3.02718171e-05
8.21780465e+01 -9.63341499e-03 -4.03029926e-03 -8.25652196e-02 5.96757213e-05 2.64835732e-04 5.49888250e-05
8.48925590e+01 1.46080246e-02 -7.78359724e-03 -7.39779096e-02 4.35625038e-05 2.27202087e-04 4.52501426e-05
8.76168090e+01 3.26475039e-02 -5.55272972e-03 -6.63396484e-02 2.58153035e-05 2.11632005e-04 5.88122230e-05
9.03234074e+01 5.19391301e-02 -7.55666592e-04 -6.37252900e-02 6.71490459e-05 3.00919181e-04 7.20540652e-05
9.30339293e+01 5.64268622e-02 -4.41409788e-03 -6.51767211e-02 6.31533056e-05 1.02099538e-04 5.34638859e-05
9.57394824e+01 5.94751580e-02 1.41430025e-03 -5.92044174e-02 1.09003613e-04 9.97692102e-05 1.25503868e-04
9.84532512e+01 6.21204359e-02 1.53391119e-03 -5.55576982e-02 1.03494012e-04 4.41121020e-05 8.56067069e-05
1.01161268e+02 6.13921700e-02 -1.15325504e-04 -5.25363200e-02 5.85432795e-05 3.43517948e-05 3.07966760e-05
1.03879315e+02 5.99588253e-02 5.19935709e-03 -4.95454637e-02 1.52129030e-05 1.45376330e-04 3.02789462e-05
1.06592346e+02 6.07934831e-02 3.81164541e-03 -4.51117432e-02 3.17760534e-05 3.38211270e-04 1.88288981e-04
1.09316737e+02 6.54804419e-02 2.33708499e-03 -3.68931262e-02 7.39362302e-05 6.07841892e-04 1.11766808e-04
1.12032253e+02 6.77921814e-02 8.87460351e-03 -2.75775299e-02 2.06076478e-05 4.98494491e-04 8.01352498e-05
1.14747237e+02 7.20365847e-02 1.09835853e-02 -1.87043463e-02 4.12911759e-05 5.52381059e-04 5.72680960e-05
1.17455784e+02 6.27578838e-02 7.77389087e-03 -2.06724179e-03 4.07406714e-05 3.45940602e-04 3.59527685e-05
1.20174362e+02 5.84448343e-02 3.63409106e-03 1.40110143e-02 4.74414473e-05 2.13239607e-04 3.04873862e-05
1.22888721e+02 6.51869478e-02 6.93758502e-03 3.04637904e-02 1.45617565e-04 2.25742098e-04 2.01144219e-05
1.25604112e+02 6.36437207e-02 2.95265254e-03 3.84704605e-02 8.73807963e-05 2.27575810e-04 9.17599344e-05
1.28318112e+02 6.24011411e-02 2.88872322e-03 4.28290036e-02 2.84900986e-05 9.10540224e-05 9.37751522e-05
1.31033800e+02 5.69974349e-02 3.35834984e-03 5.47443950e-02 9.83461184e-05 9.48213445e-05 4.14664952e-05
1.33747831e+02 5.33984726e-02 1.00465146e-04 6.12242850e-02 3.22028041e-05 2.00566324e-05 4.09560733e-05
1.36465550e+02 5.84195983e-02 2.20939500e-03 5.61419645e-02 4.07207516e-05 6.92261315e-05 3.27812663e-05
1.39184440e+02 6.35801848e-02 -1.73025062e-03 5.61311573e-02 3.46704862e-05 6.67856378e-05 8.44717869e-05
1.41901628e+02 6.77621169e-02 -5.93699934e-04 5.45889207e-02 4.07652908e-05 5.10271547e-05 2.14545498e-05
1.44619112e+02 6.93839698e-02 -1.05161411e-03 5.56118550e-02 1.65759419e-05 7.14657378e-05 7.83812643e-05
1.47333940e+02 6.65848290e-02 2.14714841e-03 6.00314739e-02 3.08564922e-05 3.33612687e-05 6.58551802e-05
1.50051050e+02 5.67707637e-02 -5.74736905e-04 5.64243898e-02 7.96434513e-05 1.19253800e-04 1.52976164e-04
1.52766409e+02 5.87908528e-02 2.25505989e-04 5.61315671e-02 1.60225480e-05 2.61423118e-04 2.61065669e-05
1.55482425e+02 4.97791942e-02 7.17574161e-03 6.34868524e-02 3.95482181e-05 2.28142456e-04 2.63520720e-05
1.58204393e+02 3.89430679e-02 6.08681423e-03 6.77071791e-02 5.23502017e-05 1.46725596e-04 1.26478021e-04
1.60932612e+02 8.07959766e-03 6.50003041e-03 7.18957988e-02 1.13095174e-04 1.10307918e-04 4.23982928e-05
1.63651471e+02 -1.38185631e-02 6.93204511e-04 7.38848764e-02 6.61763157e-05 1.36657762e-04 5.48503679e-05
1.66377190e+02 -3.02381401e-02 -6.01128401e-04 7.07456942e-02 4.10887488e-05 2.44243065e-04 9.04807673e-05
1.69087878e+02 -3.60980029e-02 -1.68879462e-03 7.09216231e-02 5.64446882e-05 6.30084599e-05 6.06473886e-05
1.71798971e+02 -4.25565138e-02 4.90116654e-03 6.51920097e-02 2.00355864e-05 3.76382685e-04 1.25943527e-04
1.74516534e+02 -4.52705335e-02 1.89225230e-03 6.70886124e-02 3.97648280e-05 2.57059065e-04 3.09995059e-05
1.77234862e+02 -4.49964900e-02 -1.20497759e-04 6.14879230e-02 3.46616663e-05 3.26982061e-04 4.09020170e-05
1.79944190e+02 -6.03299091e-02 2.15886182e-04 5.54043840e-02 3.20216636e-05 3.47387733e-05 9.50447026e-05
1.82653675e+02 -6.66848652e-02 -2.10693165e-04 5.68077756e-02 1.29348990e-04 1.79587596e-04 7.87649646e-05
1.85366706e+02 -6.80016703e-02 2.41342332e-03 5.41521070e-02 1.64696006e-05 1.31682679e-04 4.20415009e-05
1.88079050e+02 -6.66721515e-02 4.87401633e-03 5.44539480e-02 2.83766943e-05 1.75051921e-04 2.90623843e-05
1.90798831e+02 -6.42845608e-02 9.56548355e-03 5.35600017e-02 9.86358477e-05 7.36211694e-05 9.44263848e-05
1.93512737e+02 -6.17896121e-02 2.00258607e-03 5.59455386e-02 3.17610236e-05 1.86802379e-04 5.65901353e-05
1.96240550e+02 -5.80475211e-02 4.16477388e-03 6.57018009e-02 1.81299522e-04 2.50391372e-04 6.34680466e-05
1.98958221e+02 -5.72933871e-02 4.58402430e-03 5.94747068e-02 4.50969935e-05 2.12452569e-04 2.79612498e-05
2.01674909e+02 -5.68977241e-02 3.43377200e-03 6.21851330e-02 2.57153098e-05 3.54820942e-04 2.05786794e-04
2.04387253e+02 -4.82826942e-02 7.71120848e-03 6.69768575e-02 2.79537364e-05 2.94705379e-04 3.06676798e-05
2.07115159e+02 -3.53431417e-02 3.42684822e-03 6.75131046e-02 6.20142143e-05 1.14358381e-04 2.27980246e-05
2.09835800e+02 -1.55744840e-02 -5.93618029e-03 7.05441422e-02 1.46201576e-04 2.53444109e-04 4.71956132e-05
2.12559206e+02 5.87022396e-03 -4.84181977e-04 7.02924190e-02 4.80211596e-05 5.09209514e-04 6.09563665e-05
2.15270268e+02 3.16359499e-02 -6.47406811e-03 6.95636283e-02 9.75134251e-05 2.08973831e-04 8.37917974e-05
2.17990534e+02 4.04976119e-02 5.89511465e-04 7.24786132e-02 8.40965408e-05 3.05912059e-04 2.61410937e-05
2.20699315e+02 3.88750706e-02 -5.80131165e-04 6.60901042e-02 4.30421107e-05 4.02201353e-04 5.52355974e-05
2.23411190e+02 3.53756524e-02 7.50982022e-03 6.48889814e-02 5.93067361e-05 3.64126970e-04 2.11932490e-05
2.26126831e+02 3.94058856e-02 5.95187734e-03 6.70392516e-02 1.74699808e-05 2.78646215e-04 4.21335576e-05
2.28835565e+02 3.89083292e-02 6.72209957e-04 7.17047005e-02 6.33777628e-05 2.51265615e-04 1.26286650e-05
2.31555503e+02 4.14466427e-02 -3.50920820e-03 7.24848358e-02 3.48704090e-05 2.45961039e-04 4.64200090e-05
2.34273237e+02 4.78341683e-02 4.30121838e-03 6.10548037e-02 3.98116189e-05 5.91568174e-05 1.74254040e-05
2.36981565e+02 5.08376856e-02 6.24223874e-03 5.51556353e-02 9.64964116e-05 1.24635309e-05 3.80935434e-05
2.39701956e+02 5.31135275e-02 9.19785683e-03 5.28092280e-02 4.03703505e-05 9.60033739e-05 4.63441034e-05
2.42428268e+02 5.50183061e-02 1.41225959e-02 5.12718917e-02 5.81857243e-05 6.09273924e-05 6.19992949e-05
2.45132378e+02 5.53988870e-02 1.24082657e-02 5.55709025e-02 3.09444269e-05 1.25017307e-04 9.79352708e-05
2.47858253e+02 5.40924503e-02 9.55807337e-03 5.49650502e-02 6.09462669e-05 9.27469272e-05 1.04442738e-04
2.50570940e+02 6.30634928e-02 3.87473170e-03 4.88813370e-02 6.36321278e-06 1.69882836e-04 1.02720412e-04
2.53283815e+02 5.90825929e-02 4.29437709e-03 4.37299928e-02 6.91498035e-05 2.12051434e-04 4.91775402e-05
2.56001175e+02 5.91186371e-02 7.36347452e-03 3.69422218e-02 5.33629848e-05 2.86684817e-04 7.87391507e-05
2.58712534e+02 6.34543759e-02 1.83950916e-03 4.75017867e-02 2.58604726e-05 2.91907375e-04 1.38294975e-04
2.61430987e+02 6.29317604e-02 2.33185196e-03 4.27655435e-02 1.06294535e-04 2.99472094e-04 9.26275311e-05
2.64149003e+02 6.52594963e-02 4.38034054e-03 5.16427866e-02 5.23440896e-05 3.07882012e-04 5.53563846e-05
2.66854596e+02 6.10922338e-02 3.41826031e-03 4.69774725e-02 4.71749074e-05 3.02899686e-04 3.96355791e-05
2.69572342e+02 6.44799661e-02 4.18911403e-03 4.84246010e-02 5.31118355e-05 1.99883843e-04 5.49886699e-05
