6.91257632e-01 6.36114378e-02 -6.36607770e-03 4.23593342e-02 3.37159857e-05 2.05441560e-04 2.68185787e-05
3.40792107e+00 6.65285432e-02 5.36482699e-03 3.26053920e-02 8.99058600e-05 1.31845032e-04 6.98016134e-05
6.11933607e+00 7.61251459e-02 5.10279269e-03 1.54896803e-02 1.01286587e-04 4.28442463e-05 8.70394615e-05
8.83931888e+00 7.38293625e-02 8.68589573e-03 -2.95484414e-03 9.75857133e-05 1.44197702e-04 1.30388643e-04
1.15479887e+01 7.01256242e-02 1.51996513e-04 -1.18882671e-02 2.15196875e-04 2.96693724e-04 1.63567089e-04
1.42646825e+01 6.60414331e-02 3.55352878e-03 -1.64530496e-02 7.18978545e-05 6.30253266e-04 7.05886153e-05
1.69836215e+01 6.62995668e-02 2.75275383e-03 -2.53509729e-02 1.04867617e-04 2.53424296e-04 2.67208871e-05
1.96979684e+01 7.15456032e-02 -3.75295350e-04 -3.44257174e-02 5.84305350e-05 2.56051230e-04 8.76551603e-05
2.24090419e+01 7.37274816e-02 -1.50093391e-03 -4.63831760e-02 7.74715945e-05 7.05891240e-05 1.09561782e-04
2.51182293e+01 6.77048352e-02 -9.17484841e-05 -4.96357680e-02 3.73600641e-05 7.45390337e-05 3.57909503e-05
2.78238106e+01 6.63690109e-02 -5.44624728e-03 -5.02946103e-02 5.39831259e-05 9.87776266e-05 3.37321141e-05
3.05313747e+01 6.92103947e-02 -1.08767396e-03 -4.36988857e-02 2.27748503e-05 1.07307320e-04 8.89706500e-05
3.32495169e+01 6.48021392e-02 -7.46842404e-03 -5.42302891e-02 3.45333805e-05 1.55799732e-04 1.00050334e-04
3.59674669e+01 5.94644047e-02 1.65364753e-03 -5.49298641e-02 2.08204557e-04 9.50828216e-05 4.71604817e-05
3.86866247e+01 6.71122834e-02 -3.63152023e-03 -5.66523637e-02 4.60732969e-05 1.59939296e-04 5.83173760e-05
4.14019090e+01 6.78486135e-02 6.16753816e-03 -4.76896716e-02 4.18367684e-05 1.21586400e-04 2.23258641e-05
4.41276122e+01 7.12510192e-02 -3.26978460e-03 -4.28522456e-02 5.05414711e-05 1.88250441e-04 1.00166613e-04
4.68401559e+01 6.96627207e-02 -5.49610207e-03 -4.47508544e-02 2.26535017e-05 6.90396932e-05 2.98214817e-05
4.95604981e+01 5.33735220e-02 -1.36825944e-02 -4.93246071e-02 8.80868116e-05 5.97117684e-05 9.57060684e-05
5.22785043e+01 3.91485039e-02 -9.47582066e-03 -6.24732339e-02 7.32133612e-05 3.31491445e-05 4.25581819e-05
5.49912872e+01 1.87589862e-02 -1.51029431e-02 -7.16461088e-02 9.97748584e-05 1.30768507e-04 1.43193045e-04
5.77099137e+01 9.15735935e-03 -1.01603774e-02 -7.01222063e-02 6.08017909e-05 1.33344115e-04 2.92397991e-05
6.04247403e+01 -9.39442714e-03 -1.42610501e-02 -7.30304090e-02 4.03502637e-05 1.30024815e-04 5.56612493e-05
6.31364309e+01 -1.62515845e-02 -9.08341159e-03 -6.90949827e-02 1.59008813e-05 1.58679544e-04 4.52637174e-05
6.58569028e+01 -3.44038181e-02 -7.97809914e-03 -6.81738176e-02 6.01273861e-05 1.08026912e-04 3.03287045e-05
6.85726075e+01 -4.23075552e-02 -5.20253778e-03 -6.58403676e-02 4.94903207e-05 9.33122717e-05 6.57181511e-05
7.12929622e+01 -5.15523386e-02 -7.63679680e-03 -7.14360301e-02 4.85667107e-05 2.16800911e-04 4.28588763e-05
7.40053590e+01 -5.15702894e-02 -1.95243338e-03 -7.74147188e-02 6.49738250e-05 1.56013599e-04 7.51265438e-05
7.67345184e+01 -4.30864864e-02 -4.07113497e-03 -6.64038145e-02 1.62291007e-04 1.43465321e-04 6.25622656e-05
7.94461778e+01 -3.32823841e-02 1.72505420e-03 -6.55358330e-02 1.27484928e-05 1.27318853e-04 7.03593390e-05
8.21759981e+01 -1.80665870e-02 -2.01809710e-03 -7.18980957e-02 1.14459228e-04 2.34759860e-04 1.05374204e-04
8.48832965e+01 2.08609976e-03 2.30267979e-03 -7.31718113e-02 4.05592915e-05 2.67881449e-04 5.34366151e-05
8.76047606e+01 3.16952114e-02 -2.08733441e-03 -7.30023357e-02 5.08298021e-05 3.12931056e-04 7.09693583e-05
9.03123965e+01 4.06182350e-02 -2.55717795e-03 -6.15964968e-02 2.51742700e-05 1.24154552e-04 3.25524912e-05
9.30263778e+01 5.02263592e-02 3.61479038e-03 -5.57652284e-02 4.50343166e-05 8.76529779e-05 1.49318285e-04
9.57456169e+01 5.22232921e-02 -2.82179553e-04 -6.38762955e-02 1.02435082e-04 1.17077330e-04 6.06512855e-05
9.84550247e+01 5.57414843e-02 5.37113923e-04 -6.20833455e-02 7.33620513e-05 1.74995686e-04 4.60572131e-05
1.01170065e+02 6.65189375e-02 -3.27788159e-04 -5.76814168e-02 8.70000169e-05 1.70748656e-04 3.69405886e-05
1.03883659e+02 7.22765715e-02 -2.25149704e-03 -5.56097738e-02 5.77484044e-05 3.02164425e-04 7.06425668e-05
1.06604237e+02 6.77718462e-02 4.91439375e-03 -4.21517267e-02 3.05549594e-05 2.57060864e-04 3.13117925e-05
1.09324940e+02 6.41300187e-02 1.43973225e-02 -3.39247957e-02 8.28847835e-05 3.76549389e-04 1.14662775e-04
1.12035393e+02 6.53400643e-02 1.58366281e-02 -2.42180896e-02 1.94307860e-04 3.10614370e-04 6.01540328e-05
1.14756456e+02 6.38616915e-02 1.26912414e-02 -1.00871026e-02 3.22635064e-05 6.66435542e-04 9.49012026e-05
1.17465972e+02 7.25429263e-02 1.06581132e-02 -2.98232222e-03 1.70516830e-04 1.99027898e-04 6.16646235e-05
1.20185284e+02 7.61540542e-02 8.70802197e-03 1.11985971e-02 3.68375605e-05 1.88928183e-04 9.18946253e-05
1.22893956e+02 6.82462018e-02 7.00882402e-03 3.08159099e-02 1.51213023e-04 2.65748367e-04 2.92227970e-05
1.25609565e+02 6.34473367e-02 6.19095944e-03 4.34640095e-02 7.46593060e-05 2.75333456e-04 9.23910906e-05
1.28315690e+02 6.13158780e-02 1.59413424e-03 4.75650806e-02 3.10189273e-05 1.77642556e-04 7.98771730e-05
1.31033081e+02 6.48957849e-02 -3.03844933e-03 5.37725090e-02 3.67328436e-05 4.28746571e-04 2.69046059e-05
1.33747378e+02 6.82974474e-02 -4.29700997e-03 5.29607148e-02 7.50123446e-05 2.27998215e-04 9.35714416e-05
1.36456690e+02 6.76041569e-02 -1.10071521e-02 6.09274584e-02 2.80827738e-05 1.50339899e-04 7.85415114e-05
1.39172737e+02 6.40472508e-02 -6.46716831e-03 6.07739841e-02 3.77446225e-05 9.60023809e-05 6.10107739e-05
1.41892940e+02 5.62352954e-02 -4.27142102e-03 5.88947290e-02 4.18807385e-05 9.49230035e-05 4.58820059e-05
1.44609112e+02 5.16181307e-02 -4.74261347e-03 6.31529147e-02 1.65554029e-05 4.85409243e-05 2.27089094e-05
1.47331831e+02 5.68728128e-02 -6.12331923e-03 5.76455144e-02 2.83882155e-05 2.73984202e-05 4.72176137e-05
1.50043393e+02 6.51276230e-02 -2.13401535e-03 6.30633090e-02 7.69317970e-05 6.81830303e-05 8.09805975e-05
1.52772597e+02 6.08066458e-02 -1.72162608e-04 6.33538682e-02 5.11273527e-05 5.04116931e-05 9.63501698e-05
1.55489862e+02 4.46067591e-02 -8.02976861e-03 7.06707311e-02 1.49585607e-05 8.64594445e-05 8.25562589e-05
1.58214690e+02 2.90455868e-02 -1.00611650e-02 7.82112857e-02 1.63818460e-04 2.80591139e-04 8.14825862e-05
1.60922128e+02 8.06135284e-03 -9.62910418e-03 7.75435404e-02 7.65065164e-05 1.89345799e-04 1.97645561e-04
1.63649112e+02 -2.02785135e-02 -6.33780389e-04 7.40938362e-02 8.20533033e-05 9.14297042e-05 5.79475059e-05
1.66363081e+02 -3.34793832e-02 6.06845933e-04 6.86735901e-02 1.03431771e-04 1.59085990e-04 4.92925076e-05
1.69085940e+02 -3.62781815e-02 7.49684522e-03 6.60888722e-02 8.87194419e-05 2.59102018e-04 1.27411650e-05
1.71808393e+02 -3.65782720e-02 3.93556452e-03 6.45770441e-02 6.11026166e-05 1.72409512e-04 3.82048486e-05
1.74520690e+02 -3.68704370e-02 6.68870020e-03 6.03880824e-02 8.00293331e-05 1.45033523e-04 3.49124684e-05
1.77230675e+02 -5.24813415e-02 6.32462496e-03 5.75283743e-02 1.22717675e-04 1.07082796e-04 3.98256980e-05
1.79943362e+02 -5.38671006e-02 7.38599408e-03 5.90752774e-02 1.77696257e-05 1.79878350e-05 1.23859189e-04
1.82658581e+02 -5.66556063e-02 3.20707374e-03 5.13491495e-02 7.67524658e-05 2.01480048e-04 4.76885279e-05
1.85365753e+02 -5.74056827e-02 1.92639308e-03 4.65659041e-02 3.93537351e-05 1.22546468e-04 9.54701002e-05
1.88086581e+02 -5.77567123e-02 6.02198166e-03 3.91951732e-02 3.77937118e-05 9.59551291e-05 9.33226130e-05
1.90798159e+02 -6.30120431e-02 8.00060271e-03 5.13674802e-02 1.01714363e-04 2.23837148e-04 1.39778643e-04
1.93513753e+02 -6.28434803e-02 1.13246558e-02 5.95276461e-02 5.72612594e-05 1.47106592e-04 3.14408317e-05
1.96230378e+02 -6.14461360e-02 5.05021327e-03 5.81587368e-02 4.28138551e-05 5.37712916e-05 8.20457790e-05
1.98944472e+02 -5.61504197e-02 2.82456668e-03 6.63527662e-02 5.89208455e-05 1.17757484e-04 2.12583890e-05
2.01668175e+02 -4.51570220e-02 6.29978298e-03 6.60820007e-02 1.13648360e-05 1.61698571e-04 2.45837132e-05
2.04390253e+02 -3.39832592e-02 2.39352270e-03 6.69840964e-02 6.06412720e-05 1.11868641e-04 4.47451532e-05
2.07117284e+02 -1.26812950e-02 -6.93534797e-04 7.40695747e-02 8.30678575e-05 3.54703411e-04 8.93615710e-05
2.09828878e+02 6.65184271e-03 -2.06408114e-03 7.54786117e-02 8.67171048e-05 1.29919554e-04 4.27134615e-05
2.12550112e+02 3.02126423e-02 -6.75736865e-03 7.60789205e-02 4.18391292e-05 1.00280113e-04 7.09125806e-05
2.15263815e+02 3.66564424e-02 3.55994331e-03 7.33612750e-02 2.45339910e-05 1.96128100e-04 1.07729817e-04
2.17972315e+02 4.00058306e-02 2.22631630e-03 6.65998345e-02 1.56263703e-05 1.92638415e-04 1.99578084e-05
2.20691925e+02 4.40362981e-02 7.10889851e-03 6.87437867e-02 6.37904164e-05 3.47321768e-04 7.27619191e-05
2.23408112e+02 4.70171420e-02 1.32489722e-03 6.93814164e-02 4.77186007e-05 3.19414745e-04 2.24029701e-05
2.26123190e+02 4.54382849e-02 2.81691414e-03 6.37313675e-02 6.62184970e-05 2.20563026e-04 2.65159800e-05
2.28845347e+02 5.05971597e-02 7.20841829e-03 6.39796156e-02 2.98542437e-05 2.25569074e-04 4.94304346e-05
2.31557659e+02 5.32754083e-02 1.03599655e-02 5.98676748e-02 1.49052912e-05 1.16322636e-04 1.86552563e-05
2.34277768e+02 5.10871362e-02 4.67655251e-03 6.34427659e-02 1.52311717e-05 2.91371856e-05 2.02572811e-05
2.36995222e+02 5.44024580e-02 1.01474155e-02 6.24297595e-02 2.64697562e-05 4.64322538e-05 8.29006589e-05
2.39706190e+02 6.01137561e-02 1.65340872e-02 5.90330919e-02 8.61482036e-05 8.82726981e-05 8.79733803e-05
2.42416737e+02 6.22490287e-02 1.29397325e-02 5.62026966e-02 3.69366255e-05 3.96680317e-05 1.86205992e-04
2.45130472e+02 5.82948129e-02 1.22074193e-02 5.44839707e-02 6.88735350e-05 3.74464639e-05 7.58464816e-05
2.47846956e+02 4.91616053e-02 9.78125539e-03 4.77127887e-02 7.80213338e-05 1.85530588e-04 1.32814076e-04
2.50565003e+02 4.50012663e-02 9.38141960e-03 4.91963906e-02 1.16283385e-04 3.50538997e-04 8.82653535e-05
2.53276237e+02 5.61670285e-02 7.43327155e-03 4.95764006e-02 1.22140661e-04 1.94371176e-04 6.42334241e-05
2.55993956e+02 6.36680745e-02 2.51754407e-03 4.59450285e-02 3.73494368e-05 1.42993440e-04 4.16220227e-05
2.58711518e+02 6.48849255e-02 2.03192186e-03 3.93461625e-02 2.84157338e-05 7.48341654e-05 3.17701195e-05
2.61415753e+02 6.62789258e-02 2.45863802e-03 4.09286692e-02 6.12771831e-05 1.87495321e-04 7.32247355e-05
2.64136456e+02 5.73369861e-02 -7.60051147e-03 4.36792044e-02 6.22575509e-05 2.19965170e-04 3.44753301e-05
2.66852768e+02 6.60717655e-02 -5.40104667e-03 4.46006997e-02 4.94465219e-05 4.60059817e-04 6.13836738e-05
2.69570132e+02 6.58283734e-02 -8.03007443e-03 5.18713228e-02 3.60675853e-05 3.42919156e-04 1.83562544e-04
