6.86896753e-01 7.20449072e-02 8.48583294e-03 4.35092801e-02 3.63627166e-05 2.06979682e-04 8.89845925e-05
3.39301619e+00 7.09194227e-02 6.56943497e-03 3.67151651e-02 1.02515426e-04 4.21011799e-04 1.23689224e-05
6.10345900e+00 7.46343367e-02 6.33543888e-03 3.42185497e-02 5.17130983e-05 2.77179397e-04 8.77297966e-05
8.82238869e+00 7.79621772e-02 1.02859015e-02 2.78879541e-02 3.71363824e-05 2.51003726e-04 1.27752621e-04
1.15456235e+01 8.39901992e-02 6.26792650e-03 2.98508325e-03 2.74971627e-05 1.07829969e-04 6.37496876e-05
1.42628876e+01 8.52128559e-02 7.82410756e-03 -1.98785249e-02 4.08395301e-05 7.75812513e-05 1.03377914e-04
1.69744313e+01 7.89238332e-02 1.34118391e-03 -3.58036589e-02 9.57554455e-05 9.00459603e-06 6.58518085e-05
1.96924735e+01 7.20161217e-02 -3.07528122e-03 -3.91770094e-02 7.52785758e-05 4.28523499e-05 1.28895508e-04
2.24070673e+01 6.26072659e-02 -4.33916677e-03 -4.35054830e-02 5.44828839e-05 4.69040745e-05 1.28001939e-04
2.51265079e+01 5.96810138e-02 -3.97940906e-03 -4.41670993e-02 5.73210579e-05 7.05153539e-05 5.36800279e-05
2.78438798e+01 5.87658546e-02 -3.05805390e-03 -5.08886778e-02 1.16690486e-04 2.50728432e-05 2.85332804e-05
3.05579423e+01 5.01321001e-02 -2.79531750e-03 -5.76030921e-02 3.16104027e-05 8.85334204e-05 8.40102790e-05
3.32688110e+01 5.28611835e-02 -3.20404195e-03 -6.54971182e-02 5.30647476e-05 7.34490866e-05 1.84890015e-05
3.59814001e+01 5.43767605e-02 6.57072018e-04 -6.44441176e-02 5.11992934e-05 8.07330174e-05 6.72438840e-05
3.86907595e+01 4.69214218e-02 -4.45118956e-03 -6.71366048e-02 1.35679596e-04 5.65628642e-05 2.15070189e-05
4.14004985e+01 4.52887943e-02 -5.51487763e-03 -6.96370599e-02 5.29045543e-05 1.34569844e-04 1.81180855e-04
4.41023439e+01 4.12462981e-02 -9.48838681e-03 -7.18447170e-02 6.98070009e-05 5.22278608e-05 6.13395078e-05
4.68140954e+01 4.23926829e-02 -8.85558577e-03 -7.86262839e-02 5.73358722e-05 1.16317802e-04 4.58788751e-05
4.95387735e+01 3.84439081e-02 -1.01604448e-02 -7.32319525e-02 4.49588634e-05 7.45930197e-06 3.07093663e-05
5.22507423e+01 3.25751882e-02 -7.17946417e-03 -7.01980135e-02 3.69200863e-05 8.01131579e-05 4.07508546e-05
5.49715017e+01 1.18568859e-02 -8.97690201e-03 -6.71596317e-02 6.54051199e-05 1.01569884e-04 4.76630003e-05
5.77049689e+01 -1.10753404e-02 -9.24672199e-03 -6.79228875e-02 6.60334394e-05 1.36600234e-04 5.58888400e-05
6.04230876e+01 -3.06574355e-02 -2.48058184e-03 -7.06498636e-02 2.01795735e-05 9.09011407e-05 2.81913287e-05
6.31517626e+01 -3.07251769e-02 2.23553018e-04 -6.77290809e-02 2.73742706e-05 2.03314878e-04 8.86744611e-06
6.58704282e+01 -3.55182665e-02 -3.63601536e-03 -6.85644149e-02 9.65248432e-05 8.57450850e-05 5.94799168e-05
6.85813860e+01 -2.82251774e-02 -2.06790413e-03 -6.82758397e-02 3.91910626e-05 1.16554832e-04 1.17870844e-04
7.12897548e+01 -2.94737356e-02 -3.82172698e-03 -6.43148363e-02 7.25787815e-05 1.53228918e-04 3.56128083e-05
7.40125220e+01 -2.69805215e-02 -1.11880244e-03 -6.56333000e-02 7.92394406e-05 1.58993445e-04 5.22725097e-05
7.67334704e+01 -2.92016718e-02 -6.41259880e-03 -8.26674520e-02 5.60645870e-05 3.00162637e-04 3.39546214e-05
7.94523595e+01 -1.43628442e-02 -7.35862318e-03 -8.66859848e-02 5.36192350e-05 1.25610546e-04 6.20233867e-05
8.21731345e+01 -3.70785409e-03 -1.10274207e-02 -8.34413401e-02 5.70029527e-05 2.02394545e-04 4.43817335e-05
8.48956204e+01 1.79993548e-02 -8.10656900e-03 -7.61214549e-02 1.60230201e-04 8.52298802e-05 2.68201510e-05
8.76115079e+01 3.68795297e-02 -6.13777087e-03 -7.37662109e-02 6.63152249e-05 2.99996301e-04 7.11970131e-05
9.03234314e+01 4.77830371e-02 -3.73204600e-03 -7.33364331e-02 1.06639773e-04 1.78211477e-04 2.75415867e-05
9.30370157e+01 6.21973701e-02 -7.99729727e-04 -6.22765816e-02 8.91722939e-05 7.10374353e-04 5.41573772e-05
9.57465485e+01 7.03870707e-02 -3.43654438e-03 -5.78419124e-02 6.11549962e-05 4.14902911e-04 9.78902874e-05
9.84567720e+01 6.75828069e-02 -5.52278974e-04 -5.61433290e-02 1.12669538e-04 2.30489414e-04 2.66036806e-05
1.01167316e+02 5.58567893e-02 7.70808821e-03 -5.44832524e-02 2.36449765e-05 5.37431844e-05 3.41325329e-05
1.03881816e+02 5.40286907e-02 3.53692391e-03 -5.28697433e-02 7.51703389e-05 8.19444912e-05 4.25933262e-05
1.06596753e+02 5.66331976e-02 4.50505093e-03 -4.68064447e-02 9.40616298e-05 2.26094388e-04 5.43353777e-05
1.09300253e+02 6.16844129e-02 2.92531616e-03 -3.74584562e-02 8.72108101e-05 2.06200613e-04 6.43416291e-05
1.12023519e+02 6.96509399e-02 -1.18215906e-03 -3.12762758e-02 5.46733067e-05 2.50822262e-04 9.99987288e-05
1.14732081e+02 6.78992715e-02 1.55831737e-03 -1.83928441e-02 6.81993816e-05 2.53274838e-04 1.62336343e-04
1.17448378e+02 6.62581704e-02 4.30602518e-03 2.12563219e-03 9.59400544e-05 2.26252118e-04 4.49083458e-05
1.20163300e+02 6.12429632e-02 6.17456483e-03 1.46358329e-02 1.14252227e-04 2.68373912e-04 8.97285908e-05
1.22874441e+02 6.07635129e-02 -4.29735633e-05 2.43675836e-02 2.89169494e-05 1.32321356e-04 3.83679246e-05
1.25593128e+02 7.05160234e-02 1.80708913e-03 3.68188082e-02 9.45039794e-05 1.25023040e-04 1.21063415e-04
1.28314097e+02 6.05714143e-02 -1.22146504e-03 4.90325741e-02 6.11815149e-05 1.73360359e-04 2.24110873e-05
1.31037581e+02 6.19347805e-02 4.22674696e-03 5.58573395e-02 9.65136258e-05 2.05780609e-04 1.11137756e-04
1.33752566e+02 5.57414564e-02 4.61943241e-03 5.50974803e-02 8.28160621e-05 1.82839677e-04 8.28767641e-05
1.36469269e+02 5.45336934e-02 7.67634103e-03 6.02291639e-02 1.57049511e-04 8.95625717e-05 9.32529025e-05
1.39182925e+02 6.05410692e-02 4.53215569e-03 5.90840913e-02 5.26679257e-05 4.03799659e-05 2.14932849e-05
1.41897284e+02 6.79498090e-02 1.72413164e-03 5.68758538e-02 1.15588002e-04 2.64789101e-05 3.80711183e-05
1.44614722e+02 6.89188396e-02 5.03499431e-03 5.28040923e-02 4.64819251e-05 8.12454451e-05 6.16587931e-05
1.47332144e+02 6.44609319e-02 4.43156680e-03 5.16304206e-02 6.02454946e-05 1.12031944e-04 2.50763869e-05
1.50047956e+02 5.59958008e-02 7.70060242e-03 5.80909134e-02 6.23478821e-05 1.47270941e-04 1.05699848e-04
1.52763238e+02 4.76054130e-02 5.44789096e-03 6.01945528e-02 2.25519579e-05 1.74100080e-04 9.75098834e-05
1.55490425e+02 4.85645843e-02 1.02758767e-02 5.21235334e-02 6.18853877e-05 1.85884344e-04 8.31192155e-05
1.58203988e+02 3.56448517e-02 1.64554867e-02 6.28371055e-02 1.43068288e-04 2.39385967e-04 1.95426575e-05
1.60928722e+02 1.43512190e-02 1.13933795e-02 6.11486529e-02 3.34817848e-05 1.09018050e-04 4.97687271e-05
1.63652613e+02 -1.53230492e-03 5.06953944e-03 7.02917449e-02 3.08017824e-05 7.50314734e-05 2.56263319e-05
1.66367238e+02 -2.33401771e-02 5.54518731e-03 7.25901906e-02 4.49098299e-05 2.27907948e-04 5.64168767e-05
1.69083472e+02 -3.87649461e-02 -3.22514007e-03 7.25915523e-02 8.21941275e-05 1.36477257e-04 6.20571688e-05
1.71797488e+02 -4.68110907e-02 -6.62712879e-03 7.03506319e-02 1.96278784e-05 2.18602051e-04 4.36698600e-05
1.74513300e+02 -5.46824572e-02 -1.62563791e-03 6.26664988e-02 5.42593313e-05 3.87727877e-04 2.49170201e-05
1.77229800e+02 -6.24739283e-02 -1.64978321e-03 6.61079715e-02 4.14485411e-05 5.51399846e-04 4.95608910e-05
1.79939488e+02 -5.75281933e-02 -2.84640774e-03 6.02917882e-02 7.13705604e-05 5.84795423e-04 1.23020138e-04
1.82650722e+02 -6.09890016e-02 -9.42610288e-04 5.32395838e-02 9.65031227e-05 7.89382798e-04 3.34141918e-05
1.85362753e+02 -6.48997398e-02 4.35056502e-03 5.65676102e-02 2.29966446e-05 3.29186895e-04 8.87006926e-05
1.88083784e+02 -5.80957530e-02 3.54317505e-03 6.21943534e-02 1.71740138e-05 1.65552858e-04 1.26773366e-04
1.90798347e+02 -6.17138101e-02 -4.63886794e-03 6.18400179e-02 4.89315027e-05 1.72607105e-04 4.19267738e-05
1.93523238e+02 -5.41010686e-02 8.76969508e-06 5.79437290e-02 7.99999225e-05 1.53308346e-04 7.62575774e-05
1.96244034e+02 -5.68171438e-02 6.70912181e-03 5.52116801e-02 6.32752695e-05 1.98834011e-04 1.09180571e-04
1.98966253e+02 -5.52240203e-02 7.02274285e-03 5.87846109e-02 6.63245776e-05 2.54682749e-04 8.47852368e-05
2.01681441e+02 -5.42861921e-02 1.29295598e-03 6.06635340e-02 4.13532251e-05 2.97794934e-04 3.45908117e-05
2.04403081e+02 -5.84912037e-02 -1.66437302e-03 6.35233036e-02 8.27199069e-05 5.27370739e-04 2.40174793e-05
2.07115113e+02 -4.80618305e-02 1.08570913e-03 6.67112414e-02 3.87303327e-05 3.20816361e-04 6.15181643e-05
2.09831628e+02 -3.35180501e-02 7.95829266e-03 6.96475770e-02 3.82464696e-05 3.77376776e-04 3.98934679e-05
2.12554456e+02 -8.36149092e-03 5.49876128e-04 6.94525451e-02 1.45514992e-04 5.83208158e-04 3.43745219e-05
2.15276566e+02 1.24918706e-02 -3.17388993e-03 6.87938126e-02 6.43767939e-05 3.28140390e-04 5.37656120e-05
2.17989597e+02 3.37577339e-02 -6.92056054e-03 6.35102505e-02 7.58261108e-05 4.28307841e-04 6.41093099e-05
2.20706050e+02 4.54351375e-02 4.31010056e-04 7.03903894e-02 3.93253217e-05 1.43928416e-04 2.83080037e-05
2.23410753e+02 4.11657707e-02 1.68821278e-03 6.81695653e-02 8.55327014e-05 2.01788022e-04 4.46573091e-05
2.26122534e+02 3.89887827e-02 1.00757410e-03 7.20523867e-02 1.37918954e-04 2.06382051e-04 7.38063462e-05
2.28832019e+02 3.70049172e-02 1.51800734e-04 7.00106288e-02 7.31139610e-05 1.43000868e-04 8.37645867e-05
2.31548097e+02 3.82696734e-02 -1.71801769e-03 6.55636402e-02 3.14853917e-05 9.44798127e-05 2.99368592e-05
2.34265066e+02 4.62971812e-02 3.45781292e-03 6.48894576e-02 4.98897566e-05 1.26331094e-04 1.64216838e-05
2.36992628e+02 5.26655202e-02 1.19627641e-03 6.52700061e-02 9.64896537e-05 4.37372996e-05 3.53857525e-05
2.39711425e+02 4.92480293e-02 1.69523966e-03 5.00093912e-02 5.31661653e-05 4.68770181e-05 1.62995068e-04
2.42427566e+02 4.52697663e-02 5.05655576e-03 5.40012266e-02 1.47085499e-04 2.21443082e-04 8.62230287e-05
2.45147394e+02 5.56584269e-02 7.47336794e-03 5.48548252e-02 5.84521050e-05 2.35283719e-05 9.83645572e-05
2.47854081e+02 6.77590488e-02 6.49060449e-03 5.16288956e-02 2.39196048e-05 3.79264068e-05 7.12407245e-05
2.50567097e+02 6.80422778e-02 7.90800858e-03 4.76434424e-02 1.14644453e-04 3.59540847e-05 5.23902497e-05
2.53281238e+02 6.72656017e-02 4.89490145e-03 4.76403030e-02 8.81494649e-05 1.74257027e-04 1.98757361e-05
2.55997019e+02 6.28324930e-02 2.39239396e-03 3.72654747e-02 7.25559808e-05 2.62796460e-04 8.24521123e-05
2.58706581e+02 5.29241639e-02 3.03501731e-03 4.21627670e-02 3.74779276e-05 4.32725071e-04 1.14901353e-04
2.61423409e+02 6.14929694e-02 6.06103585e-03 5.14797602e-02 1.71907027e-05 3.37436275e-04 1.01441266e-04
2.64137753e+02 6.46301694e-02 1.00364067e-02 5.07330429e-02 1.17697572e-04 1.43920274e-04 2.64601475e-05
2.66854800e+02 6.47622779e-02 1.38815683e-02 5.78224815e-02 2.55854268e-05 2.63674745e-05 8.53855854e-05
2.69569632e+02 6.81444230e-02 1.68445992e-02 4.98179663e-02 5.85342412e-05 1.48082127e-04 2.00791401e-05
