6.81490937e-01 6.45099111e-02 1.48577427e-02 4.41500468e-02 1.74323598e-05 1.63810518e-04 6.80225594e-05
3.39853898e+00 6.68707752e-02 1.45870395e-02 3.69695982e-02 3.63000304e-05 2.36187582e-04 8.82147794e-05
6.11711071e+00 7.05428693e-02 6.76442544e-03 3.34661442e-02 1.30325236e-04 1.87051539e-04 4.71140257e-05
8.81838992e+00 7.80848277e-02 1.27871140e-03 2.17350550e-02 9.91605516e-05 7.06597655e-05 1.33125338e-04
1.15357810e+01 7.91788802e-02 1.41324780e-03 3.81753142e-03 1.08127364e-04 3.40680317e-05 6.42631084e-05
1.42588545e+01 7.00887573e-02 -3.22194501e-04 -1.36995935e-02 3.08622598e-05 5.37995620e-05 6.02908769e-05
1.69766841e+01 6.59700418e-02 1.18957610e-03 -3.08207204e-02 7.26908894e-05 3.52858332e-05 5.61035441e-05
1.96955263e+01 6.84574396e-02 2.67529691e-03 -4.16647702e-02 3.76151684e-05 6.83608934e-05 5.38298028e-05
2.24101388e+01 6.84844396e-02 3.85327722e-03 -4.96063061e-02 2.58230072e-05 2.19334593e-04 1.05345736e-04
2.51253466e+01 6.19925812e-02 5.79709520e-03 -5.38711006e-02 3.05739353e-05 3.51051129e-05 3.09779335e-05
2.78456670e+01 4.95179200e-02 1.95602216e-04 -5.92437885e-02 7.91513677e-05 1.01695763e-04 3.52369493e-05
3.05646529e+01 5.53840027e-02 -2.28751673e-03 -6.26706676e-02 7.34555910e-05 5.91554639e-05 9.89239474e-05
3.32768576e+01 5.19513183e-02 -8.23795720e-03 -6.42633674e-02 8.77986344e-05 1.02001552e-04 4.32954032e-05
3.59855873e+01 4.82021467e-02 -8.19053900e-03 -6.70895706e-02 7.53378953e-05 1.28469240e-05 7.38004088e-05
3.86887795e+01 5.38818714e-02 -1.21053376e-02 -6.65742701e-02 2.01094763e-04 3.61058177e-05 3.99307139e-05
4.13943388e+01 4.65227669e-02 -5.38234832e-03 -7.39832676e-02 5.04731755e-05 4.60958490e-05 6.15093830e-05
4.41074560e+01 3.27834994e-02 -8.91990029e-03 -8.25243162e-02 7.42682310e-05 1.88004929e-04 3.61481320e-05
4.68200826e+01 3.37190207e-02 -3.20427279e-03 -7.99876228e-02 4.37653878e-05 1.22719564e-04 1.74297535e-05
4.95363310e+01 2.74841226e-02 -3.86227116e-03 -7.86539083e-02 6.86672185e-05 1.23014640e-04 4.36744754e-05
5.22582560e+01 2.32605370e-02 2.08923419e-03 -7.26429938e-02 2.94424778e-05 1.61642398e-04 8.93520334e-05
5.49802232e+01 9.80116072e-03 -4.37040647e-03 -5.94585302e-02 3.94758703e-05 1.62780603e-04 7.85050023e-05
5.76959373e+01 -1.09771350e-02 6.88041376e-04 -6.50478070e-02 9.83077231e-05 1.98263104e-04 6.08927287e-05
6.04182716e+01 -2.98252862e-02 -6.52345149e-03 -6.61096789e-02 8.25824803e-05 2.54208181e-04 3.64427216e-05
6.31391045e+01 -3.62877482e-02 -9.99868178e-04 -7.34484987e-02 1.82271481e-05 1.17916369e-04 5.72451272e-05
6.58650779e+01 -3.26512723e-02 -1.33933021e-03 -6.81863125e-02 1.90493545e-04 6.53967187e-05 2.81687455e-05
6.85940841e+01 -3.48939981e-02 -5.62408064e-03 -7.26093389e-02 3.86088387e-05 4.52903094e-05 2.69407762e-05
7.13125170e+01 -3.47656553e-02 -1.83602120e-03 -8.09582726e-02 6.32478972e-05 1.89642748e-04 4.10183546e-05
7.40294576e+01 -3.10725503e-02 -7.81574474e-03 -8.31386108e-02 7.89947680e-05 6.32917180e-05 8.06087068e-05
7.67380810e+01 -2.24353588e-02 -3.02381158e-03 -7.54390283e-02 1.28027068e-04 1.90265908e-04 9.25182184e-05
7.94573607e+01 -6.78357017e-03 -8.13373178e-03 -7.25385514e-02 6.79592081e-05 1.74963579e-04 5.48100331e-05
8.21657873e+01 4.07384398e-03 -7.79088234e-03 -7.82211532e-02 7.45574757e-05 1.81964877e-04 1.38736269e-04
8.48849670e+01 2.42373760e-02 -6.57675091e-03 -8.47360284e-02 2.68551610e-05 1.59299350e-04 6.81367650e-05
8.75960513e+01 3.23196348e-02 -3.92869989e-03 -7.67070421e-02 6.54523744e-05 1.42737777e-04 3.44786224e-05
9.03174107e+01 4.49203371e-02 -5.12958490e-03 -6.63335119e-02 1.15270952e-04 3.40005071e-04 7.40101703e-05
9.30360841e+01 5.49824796e-02 -4.21914032e-03 -5.69916744e-02 7.72058220e-05 1.54468014e-04 9.18562984e-05
9.57440341e+01 5.57797755e-02 1.34227704e-03 -5.61772719e-02 4.94626489e-05 2.45353299e-04 1.22467964e-04
9.84665951e+01 6.04900983e-02 2.07653723e-03 -5.93406293e-02 3.03597751e-05 1.60922731e-04 4.48988016e-05
1.01177053e+02 6.30323353e-02 1.24266661e-03 -6.31905644e-02 6.12482942e-05 1.60969807e-04 4.27145607e-05
1.03878365e+02 6.28219151e-02 2.75286902e-03 -5.36001921e-02 7.38344117e-05 1.39052497e-04 7.92568367e-05
1.06592365e+02 6.34697668e-02 4.34733246e-03 -5.20845660e-02 6.89709985e-05 1.43156767e-04 1.42674194e-05
1.09304037e+02 6.60189525e-02 1.51250824e-03 -4.54621945e-02 5.96635360e-05 5.25987894e-05 8.16558943e-05
1.12018569e+02 6.38146908e-02 -6.75519710e-05 -2.72965512e-02 2.15463632e-04 1.43695473e-04 9.82737258e-05
1.14728662e+02 6.63633361e-02 -3.19297409e-03 -1.70537997e-02 8.04944912e-05 1.39821992e-04 1.96987097e-04
1.17451459e+02 7.26687845e-02 -2.43642451e-03 2.80268273e-03 1.70003226e-04 7.76036805e-05 5.47228987e-05
1.20153709e+02 7.77805783e-02 -1.83804192e-03 1.39653565e-02 5.54480803e-05 1.46329662e-04 1.50851851e-04
1.22880069e+02 7.13666239e-02 2.12896429e-04 3.32517261e-02 1.84616246e-04 7.82120931e-05 5.30888389e-05
1.25603381e+02 6.19060769e-02 -2.87641355e-03 4.85754331e-02 5.95019110e-05 1.78244108e-04 1.55253936e-04
1.28317225e+02 6.46792701e-02 1.74285605e-03 5.03415193e-02 5.48141898e-05 2.91445069e-04 7.07745961e-05
1.31034990e+02 6.42664325e-02 4.45854787e-03 5.09101318e-02 5.65467626e-05 2.51041269e-04 7.89157637e-05
1.33759131e+02 6.47001018e-02 4.39117258e-03 5.90851464e-02 6.13760146e-05 1.42014381e-04 3.18496439e-05
1.36476006e+02 6.57018415e-02 7.00127549e-03 6.17005460e-02 9.99710418e-05 1.48135719e-04 2.40852317e-05
1.39190865e+02 5.71143957e-02 8.35489405e-03 6.16163635e-02 1.11193189e-04 9.32206462e-05 9.89628719e-05
1.41904725e+02 5.42841254e-02 1.01884034e-02 6.01541473e-02 1.58213617e-05 2.99306372e-05 2.21846778e-05
1.44616803e+02 5.26636030e-02 1.05989321e-02 5.40907350e-02 8.80494648e-05 7.99663147e-05 6.32325758e-05
1.47333428e+02 5.69275434e-02 1.05213717e-02 5.61668453e-02 2.47816328e-05 1.42116061e-04 7.11604803e-05
1.50055662e+02 5.82055664e-02 1.13806954e-02 5.53521446e-02 9.81332908e-05 5.88967228e-05 1.00231924e-04
1.52774381e+02 5.07732680e-02 2.06956620e-02 5.88286032e-02 1.22485771e-04 1.67982715e-04 8.07368165e-05
1.55492912e+02 3.91235811e-02 1.25841618e-02 6.51268246e-02 1.12332048e-04 1.21683238e-04 1.17741774e-04
1.58215178e+02 3.43854347e-02 1.04975520e-02 6.51966633e-02 1.09056119e-04 9.66592711e-05 8.91932514e-05
1.60931131e+02 2.65757761e-02 1.10186106e-02 7.01425595e-02 5.20850179e-05 2.98977691e-04 6.74686664e-05
1.63644694e+02 6.53077304e-03 1.54829063e-02 6.90652963e-02 7.15772413e-05 6.51491983e-05 2.43901217e-05
1.66368178e+02 -1.43567705e-02 7.01051845e-03 7.12955498e-02 8.09183799e-05 1.75028379e-04 7.66251501e-05
1.69087834e+02 -3.48073988e-02 4.35228438e-03 6.63408424e-02 5.47222212e-05 1.93582326e-04 2.66244817e-05
1.71800397e+02 -5.40205320e-02 -5.95853933e-03 6.38839870e-02 2.30443839e-05 1.83699257e-04 6.77800819e-05
1.74511865e+02 -6.16465400e-02 -9.86578524e-03 5.90638968e-02 4.14287102e-05 1.22552623e-04 4.23753063e-05
1.77218725e+02 -5.78021755e-02 -3.53349404e-03 5.45141191e-02 3.05849848e-05 2.86945241e-04 4.42445598e-05
1.79934100e+02 -5.82776353e-02 9.23719792e-04 5.17410242e-02 1.69551857e-04 7.36135946e-04 5.52979791e-05
1.82644537e+02 -4.73803545e-02 8.33361210e-04 5.65772623e-02 8.11987346e-05 4.89032777e-04 4.84928542e-05
1.85370662e+02 -4.79684650e-02 -2.77168448e-03 5.32727687e-02 9.49151928e-05 5.38623624e-04 7.10860434e-05
1.88086444e+02 -5.10907271e-02 -5.46957513e-03 6.32808946e-02 4.91695904e-05 5.18887611e-04 7.56678714e-05
1.90806444e+02 -4.73078350e-02 -4.50193917e-03 5.92956020e-02 7.36546623e-05 2.96713350e-04 4.52021774e-05
1.93521975e+02 -5.02404344e-02 1.72519777e-03 6.31270706e-02 1.05458008e-04 3.75630924e-05 6.54267965e-05
1.96234569e+02 -5.48167265e-02 -1.18572727e-03 5.70275639e-02 5.19956376e-05 3.02242301e-04 8.85197769e-05
1.98956319e+02 -5.46026903e-02 -1.51041580e-03 5.75566386e-02 3.44684816e-05 2.87391613e-04 3.55573976e-05
2.01680272e+02 -5.82438414e-02 2.96420960e-04 5.73552779e-02 7.74917853e-05 4.80499079e-05 8.11435222e-05
2.04400865e+02 -5.22052501e-02 -3.71866345e-03 6.00653020e-02 6.93686347e-05 3.35442008e-04 3.41727056e-05
2.07122944e+02 -5.41428901e-02 -1.25881924e-05 6.14989681e-02 3.58626706e-05 6.49984882e-04 2.51218336e-05
2.09840256e+02 -4.61323306e-02 3.60339630e-03 7.01593760e-02 7.22330535e-05 4.49359846e-04 4.28910669e-05
2.12551459e+02 -2.52138152e-02 2.58659996e-03 6.66813607e-02 2.05209969e-05 2.01406955e-04 2.14089559e-05
2.15270084e+02 -3.65615617e-03 3.56235817e-03 7.06229613e-02 6.28250187e-05 4.30442006e-04 5.23334675e-05
2.17987662e+02 2.07557783e-02 -2.53845561e-03 7.22902987e-02 1.52730370e-05 2.11384626e-04 8.26542355e-05
2.20701194e+02 4.61821652e-02 -5.10896556e-03 6.99123746e-02 4.33865625e-05 1.93961805e-04 5.49008890e-05
2.23414881e+02 5.12603845e-02 -7.44725483e-03 6.80426043e-02 3.16579354e-05 6.46317371e-05 5.79766150e-05
2.26126865e+02 4.71539566e-02 -6.90030180e-03 6.46604129e-02 6.18430955e-05 1.96741253e-05 6.52335571e-05
2.28837069e+02 4.42340587e-02 1.40214932e-03 6.28950548e-02 5.44299289e-05 4.73609035e-05 4.84592842e-05
2.31553334e+02 4.67074936e-02 5.72065561e-03 6.65701753e-02 5.40208040e-05 5.63226559e-05 1.37016740e-05
2.34269178e+02 4.56695213e-02 -4.19415353e-03 6.81726145e-02 4.22429443e-05 6.88787536e-05 4.84913712e-05
2.36983475e+02 4.73201868e-02 -1.41358283e-03 6.43428589e-02 3.40561394e-05 1.31501815e-04 2.57786459e-05
2.39701803e+02 5.13510623e-02 -4.56715586e-03 6.95940831e-02 8.67727916e-05 1.69072525e-05 1.14381482e-04
2.42416928e+02 5.56636739e-02 -5.35220643e-03 6.39502755e-02 1.21612490e-04 1.83037414e-04 1.45721623e-04
2.45136272e+02 6.02329520e-02 -3.26618841e-03 5.04469207e-02 4.23213293e-05 9.38412163e-05 1.82690759e-05
2.47861553e+02 6.16750617e-02 2.05661518e-03 4.85394275e-02 2.60170863e-05 1.37708944e-04 4.91301155e-05
2.50575662e+02 6.54526119e-02 6.36689800e-03 4.19966222e-02 1.40194760e-04 1.82227243e-04 1.92972102e-04
2.53284022e+02 6.13866792e-02 2.51835917e-03 4.21409518e-02 2.03978846e-05 4.66270236e-05 8.77044393e-05
2.55996506e+02 6.23548121e-02 5.25093544e-03 4.77138303e-02 5.19258331e-05 1.02922519e-04 7.45086706e-05
2.58713022e+02 5.87260817e-02 8.73960125e-03 4.91166981e-02 4.67600172e-05 2.55805154e-04 5.51522954e-05
2.61425303e+02 5.69249334e-02 1.01192477e-02 4.42346056e-02 6.61167504e-05 8.33256932e-05 3.62351431e-05
2.64144084e+02 5.65143055e-02 1.71936048e-02 5.33512433e-02 1.46190739e-04 1.01511012e-04 6.81978399e-05
2.66856053e+02 6.57639698e-02 1.72805539e-02 5.17827834e-02 4.73726716e-05 9.80376938e-05 5.90336248e-05
2.69566843e+02 6.80673660e-02 1.35070400e-02 4.70813171e-02 8.04004973e-05 1.94324394e-04 3.01769898e-05
