6.79866635e-01 6.26976678e-02 1.52519486e-02 4.34443616e-02 4.97494344e-05 8.90011513e-05 2.48473092e-05
3.39336970e+00 7.01782854e-02 1.00134175e-02 3.92361525e-02 4.14101306e-05 1.45079929e-04 1.58232521e-04
6.10351721e+00 7.21654164e-02 6.12020062e-03 2.02973169e-02 7.18768622e-05 2.70348947e-04 5.19729981e-05
8.82378533e+00 7.08014764e-02 -1.57427463e-03 4.87789982e-03 8.19507220e-05 2.28956904e-04 7.52834675e-05
1.15361935e+01 7.01912417e-02 -4.86564384e-03 -3.93202757e-03 5.95451373e-05 1.21498099e-04 9.65603130e-05
1.42532497e+01 7.23793907e-02 -8.31472298e-04 -1.65960818e-02 1.45025357e-05 1.03262255e-04 1.07649711e-04
1.69603544e+01 7.05252526e-02 9.76362267e-04 -2.78128951e-02 8.67637046e-05 1.05999275e-04 1.07015291e-05
1.96773747e+01 6.01520011e-02 1.21289857e-02 -3.63398274e-02 5.96524541e-05 3.02755577e-05 4.56227027e-05
2.24007763e+01 5.62737636e-02 1.21273120e-02 -5.25739069e-02 2.72228505e-05 1.33348338e-05 8.94492920e-05
2.51237231e+01 5.65979819e-02 6.44659928e-03 -6.50040433e-02 2.24771191e-05 4.70853026e-05 1.28867232e-04
2.78354966e+01 5.76711296e-02 2.67685510e-03 -6.43484918e-02 3.26941292e-05 4.66312578e-05 2.57227518e-05
3.05463231e+01 5.32940317e-02 -6.49053100e-03 -6.36192197e-02 2.30980921e-05 6.17255089e-05 1.88239336e-05
3.32643310e+01 5.55741279e-02 -4.91257645e-03 -5.86955520e-02 4.49724167e-05 8.31456799e-05 7.92532159e-05
3.59761716e+01 5.53703693e-02 -8.87001986e-03 -5.83243566e-02 6.75742854e-05 9.01976514e-05 2.03422922e-05
3.86886091e+01 5.19492840e-02 -6.25635322e-03 -5.99459841e-02 5.12404791e-05 3.88061075e-05 2.11909682e-05
4.14084278e+01 4.57871590e-02 -6.66102728e-03 -5.78556020e-02 9.98297641e-05 3.50169517e-05 4.80011863e-05
4.41207747e+01 4.57253442e-02 1.41099730e-03 -6.35556901e-02 4.31642480e-05 1.16975362e-04 1.50616066e-05
4.68382825e+01 3.68512296e-02 9.65576851e-04 -6.37631602e-02 6.91777902e-05 8.64447070e-05 2.07717632e-05
4.95518935e+01 2.37950691e-02 4.97615415e-03 -6.86857547e-02 4.36642003e-05 7.53385247e-05 3.67313535e-05
5.22628731e+01 1.37805517e-02 8.24044626e-04 -6.85603078e-02 5.15898693e-05 1.46589377e-04 9.84723672e-05
5.49814450e+01 9.97650461e-03 1.03483784e-02 -8.21198548e-02 4.48581858e-05 2.48953516e-04 3.77917215e-05
5.76940763e+01 -3.06811383e-03 2.83062717e-03 -7.30731150e-02 1.97505008e-05 2.51589315e-04 5.04813996e-05
6.04184685e+01 -1.71722957e-02 6.00132221e-03 -7.08304281e-02 9.12421630e-05 1.45138258e-04 2.98893837e-05
6.31441122e+01 -3.41120882e-02 -4.93367344e-03 -7.02715849e-02 7.65371520e-05 7.94751409e-05 3.68250233e-05
6.58673716e+01 -4.64854741e-02 -4.21319394e-03 -7.33509418e-02 6.27761614e-05 6.10423715e-05 4.77279871e-05
6.85775310e+01 -4.32718855e-02 -4.86933236e-03 -7.69181294e-02 6.95859072e-05 2.60317042e-05 4.07481667e-05
7.13014466e+01 -3.08884245e-02 -3.02101183e-03 -7.08071745e-02 1.30073767e-05 1.21881412e-04 8.08037440e-05
7.40233091e+01 -2.72242125e-02 -3.40434082e-03 -7.48393585e-02 9.23902706e-06 4.27060909e-05 1.21897796e-04
7.67394216e+01 -2.11046392e-02 -6.60806312e-03 -6.94162459e-02 3.12265944e-05 9.44026707e-05 4.79702389e-05
7.94575060e+01 -1.08071834e-02 -2.12653039e-03 -8.11781820e-02 8.81304224e-05 1.34872817e-04 3.50996151e-05
8.21658950e+01 1.86520633e-03 -1.22456239e-03 -7.48737389e-02 5.75625464e-05 9.81817523e-05 8.44542256e-05
8.48851247e+01 2.16754532e-02 -2.16430310e-03 -6.73887234e-02 6.57701888e-05 2.45043794e-04 8.25032026e-05
8.76032575e+01 4.07335642e-02 5.57645852e-05 -6.74106770e-02 2.78478121e-05 9.55029639e-05 6.41193900e-05
9.03116935e+01 4.37585192e-02 -3.96931395e-03 -6.47935285e-02 2.17846744e-04 5.14880509e-05 1.14908042e-04
9.30376325e+01 3.96389695e-02 -2.86210582e-03 -6.84874105e-02 1.60197667e-04 1.02834197e-04 6.60250872e-05
9.57513247e+01 4.21730023e-02 -4.66282175e-03 -6.75068556e-02 8.20367020e-05 1.59853637e-04 9.17931052e-05
9.84624481e+01 4.65625268e-02 -4.69166654e-03 -5.57092592e-02 4.47679521e-05 1.48665712e-04 5.47213329e-05
1.01180836e+02 5.89367428e-02 -2.20336438e-03 -5.07988981e-02 7.93448861e-05 7.22732088e-05 2.60148451e-05
1.03885117e+02 6.97081028e-02 2.02167563e-03 -5.39811361e-02 4.42205498e-05 6.57356351e-05 3.88460091e-05
1.06596820e+02 7.02142051e-02 -1.00878865e-03 -4.47989383e-02 3.02099010e-05 2.31865737e-04 2.11634001e-05
1.09307539e+02 6.82589804e-02 9.21026545e-04 -4.22029519e-02 7.13266304e-05 1.67200373e-04 8.73330746e-05
1.12014789e+02 7.15118187e-02 2.34079556e-04 -3.29484029e-02 5.25066303e-05 3.16979300e-04 5.33662593e-05
1.14731258e+02 7.12959295e-02 8.80763679e-04 -1.34601887e-02 4.06742849e-05 2.26843222e-04 1.21287634e-04
1.17444351e+02 7.08704084e-02 -5.49641634e-03 1.25604261e-02 5.38338298e-05 2.19203897e-04 5.36025071e-05
1.20157836e+02 6.71064931e-02 -7.85221983e-03 3.35079228e-02 5.16225466e-05 9.66514639e-05 1.05923443e-04
1.22869492e+02 6.84465324e-02 -5.68902423e-03 4.70217297e-02 3.29115734e-05 1.72627470e-04 7.35149610e-05
1.25589945e+02 6.86604738e-02 -9.38527917e-04 4.63723722e-02 5.84771602e-05 7.83865047e-05 9.49022156e-05
1.28314461e+02 6.44215107e-02 2.33501109e-03 5.73087051e-02 7.38142785e-05 1.05918840e-04 7.96870383e-05
1.31039383e+02 6.25690176e-02 1.81329514e-03 5.87838871e-02 3.83701976e-05 6.61550934e-05 5.50732510e-05
1.33762773e+02 6.27174080e-02 3.75212158e-03 5.56902164e-02 4.77216860e-05 4.49410065e-05 2.46642323e-05
1.36473820e+02 5.71800919e-02 5.60126518e-03 5.18165488e-02 7.29959431e-05 3.68209449e-05 6.04791399e-05
1.39189445e+02 5.63841068e-02 1.06255934e-02 5.76097738e-02 1.17815562e-04 8.04749818e-05 3.39661020e-05
1.41916679e+02 5.39007501e-02 1.25454895e-02 6.09683558e-02 4.35910760e-05 1.53335776e-05 8.15231686e-05
1.44632289e+02 4.94392309e-02 2.16570918e-02 6.87689395e-02 3.84934135e-05 6.34348101e-05 5.09443308e-05
1.47351773e+02 4.45945037e-02 2.35363250e-02 6.33774732e-02 4.43688692e-05 3.00800400e-05 5.49388112e-05
1.50064164e+02 4.74804633e-02 2.53048925e-02 6.50841887e-02 5.36225960e-05 5.64992590e-05 1.01955486e-04
1.52783429e+02 4.73200575e-02 1.24251468e-02 7.10723714e-02 9.16823062e-05 2.19275771e-04 6.72414804e-05
1.55494242e+02 4.85740183e-02 1.60309536e-02 7.17115884e-02 7.66869438e-05 1.07612304e-04 2.43270103e-05
1.58209539e+02 3.87771987e-02 1.30215525e-02 7.72453376e-02 2.95637989e-05 2.21615626e-04 1.12230394e-04
1.60920789e+02 2.99806658e-02 8.51566597e-03 7.76952125e-02 5.37486405e-05 9.52529008e-05 5.09802336e-05
1.63641133e+02 1.37954290e-02 3.92377409e-03 7.30059948e-02 4.80969194e-05 3.42609797e-04 5.18607641e-05
1.66355086e+02 -7.42511853e-03 8.49583328e-03 7.14886384e-02 5.14117291e-05 2.87993860e-04 2.74107631e-05
1.69069429e+02 -3.77538875e-02 5.24681987e-03 6.58240019e-02 1.03676314e-04 4.75554496e-04 4.17431079e-05
1.71789836e+02 -5.07643556e-02 8.34389315e-03 5.82569698e-02 6.06709504e-05 1.22230543e-04 5.39560546e-05
1.74506070e+02 -5.27805691e-02 7.57976270e-03 5.46767735e-02 6.40440282e-05 2.88421898e-04 5.04171004e-05
1.77227054e+02 -5.36960660e-02 -2.53233579e-03 5.12351571e-02 2.05375676e-05 6.25098116e-05 1.09720267e-05
1.79949773e+02 -4.58955821e-02 -7.97695645e-03 5.50485279e-02 1.18560704e-04 1.44661703e-04 1.74521760e-05
1.82670617e+02 -4.80507610e-02 -7.93285958e-03 6.18848187e-02 8.54197892e-05 1.63259351e-04 7.19799773e-05
1.85381648e+02 -4.74076541e-02 -6.81188158e-03 6.53832376e-02 6.68529474e-05 4.38935973e-04 4.11283740e-05
1.88098164e+02 -4.04966114e-02 -3.93282897e-03 6.50380334e-02 9.10812930e-05 2.17612546e-04 5.53990331e-05
1.90815554e+02 -5.37834300e-02 -3.12054204e-03 5.91577720e-02 4.93914375e-05 2.99271448e-04 3.04217914e-05
1.93530867e+02 -4.96882653e-02 -7.98890170e-03 6.19614783e-02 4.37273189e-05 5.77924894e-04 9.57471774e-05
1.96249289e+02 -5.18752177e-02 -7.19744543e-03 5.90667274e-02 6.82725090e-05 4.59939692e-05 5.90917855e-05
1.98964851e+02 -5.26292652e-02 -6.14555796e-03 6.60252419e-02 5.10388261e-05 1.72451378e-05 3.58333118e-05
2.01681226e+02 -5.50496396e-02 -5.75542562e-03 5.98651799e-02 5.13517985e-05 2.14555731e-04 5.73489600e-05
2.04395008e+02 -5.07405971e-02 7.10131846e-04 5.94123757e-02 5.55585447e-05 7.56636695e-05 2.31262354e-05
2.07106711e+02 -5.16826156e-02 -2.47697809e-03 5.94087303e-02 1.16656302e-04 3.44828481e-04 8.41226336e-05
2.09828726e+02 -4.63316263e-02 -6.44912058e-03 5.87739105e-02 5.78046387e-05 7.57344273e-05 5.72469577e-05
2.12546758e+02 -3.89278700e-02 -5.27382235e-03 6.91266000e-02 5.75839938e-05 3.95016172e-05 3.18327030e-05
2.15261554e+02 -1.16678881e-02 -4.07583824e-03 7.82115510e-02 4.26737160e-05 2.80829688e-05 4.75842553e-05
2.17981554e+02 1.15250393e-02 -1.34896130e-03 7.48207190e-02 2.92689758e-05 3.85451250e-05 7.85788469e-05
2.20704617e+02 2.80774520e-02 -3.57425106e-03 7.07398258e-02 9.06662159e-05 2.78489792e-05 2.46890829e-04
2.23424070e+02 4.86837929e-02 -8.26738208e-03 6.14614731e-02 1.01469529e-04 4.19964503e-05 5.59620690e-05
2.26137445e+02 6.15096378e-02 -3.95089308e-03 5.63404278e-02 4.75888947e-05 3.32392227e-05 9.20055005e-05
2.28859914e+02 6.46016677e-02 -9.64467577e-03 6.03036338e-02 5.48336800e-05 1.87764531e-05 3.79408530e-05
2.31569820e+02 6.07312637e-02 -1.02406659e-02 5.43970953e-02 5.73158570e-05 1.91625424e-05 3.18935497e-05
2.34281554e+02 5.30299559e-02 2.06370538e-04 6.51308037e-02 1.07955574e-04 4.03987607e-05 1.68379963e-05
2.36994023e+02 5.25168248e-02 -5.65366432e-03 6.98521054e-02 2.92146967e-05 2.41355573e-05 1.53213451e-04
2.39707601e+02 5.37841089e-02 -5.73822684e-03 6.35913026e-02 5.23074938e-05 1.18987190e-04 1.28426952e-04
2.42422617e+02 5.54659310e-02 -7.00941909e-03 5.40053447e-02 8.77022746e-05 6.20209024e-05 1.77162560e-04
2.45134523e+02 5.63987293e-02 -6.54659365e-03 5.14707404e-02 5.21347287e-05 2.08034239e-04 1.15313652e-04
2.47850539e+02 5.49122731e-02 -7.12548472e-03 4.89349773e-02 2.18032877e-05 5.67516678e-05 5.33023616e-05
2.50570820e+02 5.21694393e-02 -6.72366791e-03 4.81748301e-02 1.05385952e-04 3.36298016e-05 3.99616911e-05
2.53289179e+02 5.58745247e-02 5.68993872e-03 4.97865524e-02 6.71930100e-05 4.01875058e-05 6.84039282e-05
2.56008539e+02 5.68014297e-02 1.24855852e-02 4.98500277e-02 7.59149573e-05 4.69608254e-05 2.78010197e-05
2.58726851e+02 6.11307706e-02 1.36721646e-02 5.43839545e-02 1.12672279e-04 4.33550350e-04 7.32243981e-05
2.61427195e+02 6.12782001e-02 1.61159913e-02 5.67188401e-02 3.17159902e-05 1.85360186e-04 3.67301527e-05
2.64139508e+02 5.74061761e-02 1.05639170e-02 4.78316863e-02 1.02839881e-04 6.56322463e-05 6.95011610e-05
2.66864804e+02 5.29884344e-02 1.00066294e-02 4.49819659e-02 1.48577439e-04 1.19016812e-04 6.26584741e-05
2.69571591e+02 6.02479503e-02 1.53267433e-02 5.33742683e-02 1.22397401e-04 6.07047315e-05 7.03703603e-05
