6.77575078e-01 6.10758357e-02 -1.35488576e-02 -4.90636156e-02 1.01303558e-04 6.79234566e-04 3.32069860e-05
3.39263336e+00 6.19010357e-02 -1.01218091e-02 -5.95424584e-02 7.26392863e-05 3.55450176e-04 8.82555261e-05
6.11151945e+00 6.59117353e-02 -1.02533614e-02 -6.12752570e-02 4.32050756e-05 3.62341827e-04 5.36937251e-05
8.82320679e+00 7.21253775e-02 -1.06414527e-02 -6.18410415e-02 3.09940771e-05 2.91544820e-04 3.99428311e-05
1.15284818e+01 6.37470128e-02 -1.72060053e-02 -7.16640680e-02 2.60633105e-05 1.99382568e-04 4.39737245e-05
1.42401099e+01 4.65759772e-02 -1.71536280e-02 -8.61509690e-02 4.35793129e-05 1.19998108e-04 7.14665445e-05
1.69619021e+01 2.55618662e-02 -1.66459506e-02 -8.83002264e-02 2.70691148e-05 8.34155860e-05 3.36424433e-05
1.96776724e+01 1.58794547e-02 -1.75326676e-02 -8.89200398e-02 4.95698316e-05 7.73757727e-05 5.67633535e-05
2.23980193e+01 1.05860504e-02 -1.44927138e-02 -8.72833009e-02 4.68230600e-05 6.10599815e-05 6.09461032e-05
2.51210537e+01 1.64354293e-02 -1.55266613e-02 -8.32519871e-02 6.98636393e-05 2.04922723e-05 5.60386498e-05
2.78374208e+01 2.51162740e-02 -1.36963389e-02 -7.94168144e-02 1.26924238e-04 7.66222666e-05 1.15213281e-04
3.05583115e+01 2.77062187e-02 -6.29646253e-03 -7.06388433e-02 1.12135187e-04 1.42437790e-04 7.73264767e-05
3.32767599e+01 3.05764626e-02 -5.62833235e-03 -6.83978430e-02 1.15514736e-04 6.43938547e-05 4.17661184e-05
3.59958599e+01 2.37635222e-02 -7.25745164e-03 -6.12423676e-02 1.26703401e-04 3.82981659e-04 1.33003825e-04
3.87212052e+01 2.14588480e-02 -6.90276459e-03 -6.00759765e-02 2.89395675e-04 7.27791100e-04 5.04037205e-05
4.14348412e+01 1.39029297e-02 -5.80416474e-03 -6.01788594e-02 5.31323730e-05 1.38524844e-03 4.58456484e-05
4.41444224e+01 1.19127787e-02 -1.50703882e-03 -5.86027085e-02 4.96945322e-05 1.93139643e-03 1.00360874e-04
4.68589443e+01 9.60737412e-03 1.85160328e-03 -6.09099410e-02 2.44473991e-04 1.54415592e-03 5.94365706e-05
4.95657115e+01 3.36299702e-03 -1.72652703e-03 -6.76463788e-02 2.18846855e-04 1.59733869e-03 2.25394526e-04
5.22758990e+01 -3.71473088e-04 2.35849686e-03 -6.39017528e-02 4.29062590e-04 1.49562013e-03 2.15130650e-04
5.49903974e+01 -4.16572565e-03 4.59325999e-03 -6.79017061e-02 1.64156295e-04 9.07538988e-04 3.04882339e-04
5.77103084e+01 -2.60636006e-03 5.94225932e-03 -7.32563350e-02 1.40259061e-04 4.86642314e-04 1.40676934e-04
6.04342677e+01 -4.96211301e-03 -1.83829795e-03 -7.60989637e-02 2.69963497e-04 4.77743521e-04 2.29414574e-04
6.31623380e+01 5.28008725e-03 -5.17306123e-03 -6.77241942e-02 2.68593863e-04 4.85869743e-04 3.41273249e-04
6.58893224e+01 1.57767504e-02 -6.92971266e-03 -6.10473568e-02 2.07061611e-04 4.11784083e-04 1.57784871e-04
6.86183959e+01 3.77372706e-02 -1.14721746e-02 -5.49081531e-02 3.93222213e-05 5.26709850e-04 2.23854744e-04
7.13329755e+01 5.28229944e-02 -1.11147789e-02 -4.11591099e-02 8.08537997e-05 2.96317992e-04 4.02886711e-05
7.40460724e+01 4.78577509e-02 -1.40611519e-02 -3.62882704e-02 5.62080072e-05 2.50733902e-04 1.40432959e-05
7.67625427e+01 5.03553284e-02 -1.08148090e-02 -3.86141266e-02 9.71443520e-05 2.25072738e-04 2.58979477e-05
7.94740834e+01 3.86127103e-02 -1.10382475e-02 -5.39463277e-02 1.24653563e-04 2.81258542e-04 9.59947919e-05
8.21879552e+01 2.96126308e-02 -1.44993099e-02 -6.22840025e-02 1.51895187e-04 2.70429157e-04 2.12075742e-05
8.48958068e+01 2.02608685e-02 -1.86400046e-02 -7.79556167e-02 1.04104297e-04 1.40167502e-04 8.21527537e-05
8.76108630e+01 1.12375513e-02 -1.71705095e-02 -8.20710718e-02 1.08229051e-04 2.16978727e-04 9.57850419e-05
9.03277990e+01 8.12183172e-03 -2.29550986e-02 -7.85217891e-02 8.84798848e-05 5.69128048e-05 8.44084513e-05
9.30486318e+01 1.17832413e-02 -1.91012021e-02 -7.19661760e-02 7.32517003e-05 3.95154482e-05 5.70523239e-05
9.57690834e+01 2.50147147e-02 -1.24823460e-02 -6.67476520e-02 4.52521594e-05 3.01952223e-04 3.87724281e-05
9.84814209e+01 3.70143789e-02 -4.10203521e-03 -6.23757483e-02 1.73208188e-04 5.59964869e-04 7.98190949e-05
1.01197121e+02 4.86827737e-02 2.75279345e-03 -5.52092691e-02 4.91266173e-05 4.30799142e-04 1.63436908e-04
1.03904340e+02 5.66864487e-02 1.00755244e-02 -5.09088865e-02 3.28043935e-04 2.21929674e-04 8.36610476e-05
1.06617418e+02 5.63754162e-02 1.52527939e-02 -5.17302057e-02 1.27599498e-04 2.69561086e-04 2.87008598e-04
1.09330965e+02 4.84995795e-02 2.17561603e-02 -5.98182421e-02 4.52003411e-04 9.92052236e-05 2.03175529e-04
1.12044261e+02 4.18082866e-02 1.89350486e-02 -6.69683346e-02 2.11730762e-04 9.93090168e-05 5.41103128e-04
1.14764027e+02 4.40651438e-02 2.34134674e-02 -6.77271829e-02 3.73477779e-04 2.56892779e-04 3.32057155e-04
1.17480074e+02 4.88039761e-02 2.63795307e-02 -6.34152500e-02 3.08073146e-04 6.77808179e-05 2.53957044e-04
1.20191746e+02 6.61212694e-02 1.68669922e-02 -5.37560497e-02 2.07796171e-04 3.35345573e-04 2.07566786e-04
1.22904183e+02 7.33686763e-02 1.82439913e-02 -5.49898160e-02 1.76078798e-04 1.52356736e-04 1.87676629e-04
1.25620621e+02 7.77708265e-02 1.10071312e-02 -4.84227512e-02 2.73569956e-05 1.86652553e-04 6.83102547e-05
1.28333636e+02 7.67826407e-02 4.91733225e-03 -3.96004490e-02 1.10311841e-04 1.73095464e-04 2.76177692e-05
1.31047465e+02 7.94689073e-02 -1.81341694e-03 -1.13923810e-02 3.13713863e-05 1.69929658e-04 2.43622030e-04
1.33760433e+02 8.20694573e-02 -9.08537785e-03 1.43514566e-02 2.08599394e-04 1.36930750e-04 8.42564175e-05
1.36472636e+02 7.55333558e-02 -1.57234007e-02 3.77806394e-02 7.66091569e-05 1.66857498e-04 2.68993799e-04
1.39186840e+02 6.95510685e-02 -1.27391634e-02 5.20307707e-02 1.31847306e-04 8.74800471e-05 5.19347902e-05
1.41905902e+02 6.67398035e-02 -1.12831914e-02 5.97612513e-02 4.08457317e-05 6.09268233e-05 1.66029696e-04
1.44610496e+02 5.60445474e-02 -1.43112456e-02 6.22549760e-02 6.87532233e-05 1.14653096e-04 3.27811557e-05
1.47324574e+02 4.43975248e-02 -1.94865601e-02 7.00684336e-02 5.00394341e-05 2.28051281e-05 5.93093172e-05
1.50042402e+02 3.77696163e-02 -1.58800119e-02 7.50313492e-02 2.95637035e-05 7.78032700e-05 5.92217733e-05
1.52762949e+02 2.21023762e-02 -9.52172085e-03 7.78989987e-02 3.41731214e-05 2.07385562e-04 3.19160396e-05
1.55480668e+02 2.04091369e-02 -2.52358065e-03 8.72359877e-02 7.05037452e-05 8.40094439e-05 4.08966721e-05
1.58204918e+02 1.96660659e-02 4.62975053e-03 9.17870298e-02 5.69059364e-05 2.42760392e-04 7.97733673e-05
1.60919824e+02 2.39578513e-02 1.27102506e-02 8.71025579e-02 4.08265276e-05 2.13634995e-04 9.07458349e-05
1.63631996e+02 3.53976513e-02 2.17144670e-02 7.84665850e-02 3.67721418e-05 1.42430429e-04 1.52898036e-05
1.66345808e+02 3.73668304e-02 3.24979332e-02 7.32153818e-02 4.50297459e-05 3.21316452e-04 3.87358908e-05
1.69061355e+02 3.92249439e-02 4.36407668e-02 6.75709148e-02 1.77572407e-04 2.45662385e-04 3.53591595e-05
1.71778949e+02 3.67124868e-02 4.27562154e-02 6.74727724e-02 2.58847112e-05 2.22228523e-04 7.28658977e-05
1.74496996e+02 4.04969357e-02 4.25637647e-02 6.00115359e-02 1.00734594e-04 1.85617775e-04 7.04934828e-05
1.77219949e+02 4.25785788e-02 3.50597080e-02 5.66930012e-02 4.81568393e-05 2.22820193e-04 1.25163975e-04
1.79935730e+02 4.88844045e-02 3.82820846e-02 4.82010249e-02 1.15485788e-04 2.97090147e-04 9.15257073e-05
1.82640136e+02 4.74687644e-02 2.88318906e-02 4.50720504e-02 3.62981973e-05 3.16762676e-04 1.48360491e-04
1.85348480e+02 4.67181853e-02 8.11555689e-03 5.20226788e-02 1.69918850e-04 2.82707076e-04 1.36571317e-05
1.88054074e+02 3.35998534e-02 -1.35636179e-02 6.09816300e-02 5.38051063e-05 1.92322105e-04 6.04822582e-05
1.90770011e+02 1.90518478e-02 -3.11994923e-02 5.92086837e-02 4.28248349e-05 3.72354764e-04 6.40253935e-05
1.93486871e+02 1.90598728e-02 -4.51372114e-02 5.87652473e-02 6.38662724e-05 2.83084417e-04 5.27121976e-05
1.96206605e+02 1.48331266e-02 -4.52496979e-02 5.94080073e-02 7.67314935e-05 3.71697597e-04 6.13210406e-05
1.98930558e+02 1.60722173e-02 -4.24103140e-02 5.30580142e-02 5.63671490e-05 2.80589512e-04 7.35962698e-05
2.01659324e+02 1.47507509e-02 -3.61224096e-02 5.82479227e-02 1.51037613e-04 6.14370170e-05 6.69213674e-05
2.04385371e+02 1.57745235e-02 -2.31534222e-02 5.87237505e-02 1.13448281e-04 1.00151001e-04 1.24525681e-04
2.07110058e+02 5.93036345e-04 -1.18956259e-02 6.64730207e-02 6.30971106e-05 6.53803111e-05 5.68907905e-05
2.09830136e+02 -5.18312857e-03 8.21814653e-03 7.15458328e-02 7.05958040e-05 2.19207126e-04 3.49952455e-05
2.12555340e+02 -5.08035123e-03 2.27762724e-02 6.64150235e-02 7.81528514e-05 1.25685677e-04 5.99060697e-05
2.15273105e+02 -1.65640126e-04 3.50021568e-02 5.99164156e-02 4.63879196e-05 2.13409970e-04 9.51507381e-06
2.17994168e+02 1.29799482e-02 4.72289125e-02 5.63131307e-02 4.16183386e-05 2.75934262e-05 4.43297660e-05
2.20699965e+02 2.59650327e-02 4.94488855e-02 5.75128208e-02 1.54565793e-04 1.90508628e-04 3.56255862e-05
2.23415152e+02 3.47125063e-02 4.45322235e-02 5.27252853e-02 1.49903138e-05 2.98022996e-04 3.75208310e-05
2.26124886e+02 2.79635555e-02 3.42058498e-02 5.34089137e-02 5.58031718e-05 3.44667388e-04 4.18962030e-05
2.28840855e+02 2.79779440e-02 2.06855344e-02 5.61322482e-02 4.37825998e-05 5.12336228e-04 2.31392361e-05
2.31552527e+02 1.93554518e-02 5.56233685e-03 5.96829798e-02 1.08945216e-04 5.74066500e-04 5.44712017e-05
2.34271699e+02 2.12344725e-02 -7.75115875e-03 6.52667715e-02 3.67693448e-05 6.06547992e-04 7.36461854e-05
2.37003090e+02 3.07489132e-02 -7.40083952e-03 6.25985733e-02 6.16885899e-05 4.48117110e-04 8.93645739e-05
2.39723886e+02 4.34980736e-02 -1.48210238e-02 6.27566440e-02 6.32476607e-05 2.39097297e-04 7.93054497e-05
2.42431277e+02 5.81547047e-02 -1.31744963e-02 5.87130478e-02 8.07605047e-05 2.81152337e-04 7.33171011e-05
2.45131980e+02 6.04460722e-02 -1.90693392e-02 6.31749968e-02 7.13281877e-05 3.69982329e-04 8.84675464e-05
2.47846090e+02 6.27207597e-02 -1.56699437e-02 6.72586837e-02 3.81678174e-05 3.39435338e-04 4.19516759e-05
2.50554168e+02 5.38828161e-02 -1.30581836e-02 7.08094763e-02 1.00011056e-04 4.01800010e-04 7.61784125e-05
2.53269558e+02 5.04240152e-02 -2.14009706e-02 6.64712128e-02 6.43611166e-05 3.05730082e-04 2.76198517e-04
2.55983918e+02 5.75482442e-02 -1.43953877e-02 5.96963179e-02 2.52528235e-04 2.91284164e-04 1.05804113e-04
2.58705855e+02 7.12120607e-02 -1.69891352e-02 4.61628034e-02 1.28990914e-04 3.60262859e-04 1.83480733e-04
2.61416855e+02 7.58966510e-02 -1.32501751e-02 3.23321884e-02 1.79314447e-05 4.11080615e-04 3.67424893e-05
2.64126136e+02 6.58437916e-02 -1.26568686e-02 1.72048076e-02 3.55269260e-05 6.54430700e-04 1.52994253e-05
2.66845199e+02 5.79892225e-02 -1.76288125e-02 9.97007662e-04 4.40964663e-05 5.60063903e-04 1.98153659e-04
2.69565065e+02 6.28496691e-02 -1.72503047e-02 -2.62228581e-02 3.45908303e-05 2.44326083e-04 1.15316382e-04
