6.75156733e-01 5.70337581e-02 4.78833402e-03 -3.92873000e-03 2.12390876e-05 5.68672300e-05 2.26108605e-05
3.39848996e+00 5.49131282e-02 2.16369175e-03 -1.87023968e-02 9.83654487e-06 5.66076086e-05 4.55886497e-05
6.10987776e+00 5.68075221e-02 8.22326325e-05 -3.11173853e-02 3.07903630e-05 1.19467943e-04 4.55511594e-05
8.82519651e+00 5.37389927e-02 -3.56451692e-03 -4.71063310e-02 4.87608525e-05 4.70214197e-05 4.06856424e-05
1.15414378e+01 5.14683796e-02 -3.48914120e-03 -4.99182198e-02 3.53832648e-05 2.25682968e-04 2.06718058e-05
1.42581112e+01 4.84343807e-02 -8.30344620e-04 -5.16815247e-02 3.71080696e-05 1.82866163e-04 2.82021462e-05
1.69746893e+01 5.05055188e-02 -2.05934266e-04 -5.17788200e-02 2.67073657e-05 1.01899271e-04 1.73872724e-05
1.96877065e+01 5.33545378e-02 2.28557165e-03 -5.27435532e-02 1.31180859e-05 1.33686849e-04 4.60567229e-05
2.24047690e+01 5.19115677e-02 6.47291605e-03 -5.45567559e-02 3.62443892e-05 7.04772781e-05 1.27627251e-05
2.51226753e+01 5.25915639e-02 3.09756390e-03 -5.91853982e-02 2.80570829e-05 1.14121905e-04 2.79308003e-05
2.78413096e+01 5.47278397e-02 8.61437750e-03 -5.94069427e-02 4.12697076e-05 2.91562242e-05 2.21817977e-05
3.05547268e+01 5.85159604e-02 1.88819846e-03 -6.19061637e-02 3.66096471e-05 4.19802862e-06 3.14419583e-05
3.32699753e+01 5.16336083e-02 4.42187511e-03 -5.73688261e-02 5.62729757e-05 2.10024895e-05 7.84390397e-05
3.59907065e+01 5.08507160e-02 4.98342376e-03 -6.35376542e-02 4.68239772e-05 2.52335078e-05 6.53503767e-05
3.87044846e+01 4.60166129e-02 1.60008691e-03 -6.28774816e-02 2.95341193e-05 6.00890609e-05 1.28844776e-04
4.14264331e+01 4.16288501e-02 5.18550369e-03 -6.59326047e-02 1.77720580e-05 3.68752568e-05 2.86899883e-05
4.41399940e+01 4.08994967e-02 1.14462395e-03 -6.89904032e-02 4.33229504e-05 1.20442475e-04 3.96296952e-05
4.68548800e+01 4.20402040e-02 -1.19538381e-03 -6.79715562e-02 3.99233442e-05 8.22256587e-05 5.24905859e-05
4.95739675e+01 4.46216964e-02 -3.05557669e-03 -6.30019814e-02 1.28129780e-04 1.31212419e-04 2.67225740e-05
5.22861081e+01 5.04336134e-02 -3.46274423e-03 -6.08611994e-02 8.53409307e-05 1.13319491e-04 1.91064667e-04
5.50027784e+01 5.79709585e-02 -2.96647169e-04 -5.46207956e-02 2.05593766e-04 6.34626880e-05 2.42942068e-04
5.77206628e+01 5.58247632e-02 3.10990978e-03 -5.53399299e-02 1.44497707e-04 1.38327631e-04 2.14255326e-04
6.04377096e+01 5.45807541e-02 3.96351813e-03 -5.16975996e-02 5.09447033e-05 1.34849511e-04 1.97832079e-04
6.31592393e+01 5.42142959e-02 7.55563777e-03 -6.01155829e-02 1.29792155e-04 2.40090889e-04 8.86563284e-06
6.58759503e+01 4.91911537e-02 6.22393900e-03 -6.02768728e-02 1.43300817e-05 1.46481679e-04 1.06932361e-04
6.85851721e+01 5.27042649e-02 3.59119405e-03 -5.88215796e-02 3.77236733e-05 1.11664384e-04 3.61821216e-05
7.13046331e+01 5.45107901e-02 7.51576422e-03 -5.94033506e-02 8.66495549e-06 4.27492517e-05 4.13943022e-05
7.40226440e+01 5.63263591e-02 3.51356930e-03 -5.36231809e-02 2.06634301e-05 3.82709730e-05 1.81094155e-05
7.67370331e+01 5.38809376e-02 7.10824660e-03 -4.80468674e-02 2.83141689e-05 8.39715484e-05 1.01985469e-04
7.94526081e+01 5.26366269e-02 4.70726286e-03 -4.54552328e-02 7.45906978e-05 1.54112184e-04 5.91780567e-05
8.21667175e+01 5.41548272e-02 7.18763179e-03 -4.29889523e-02 1.07265483e-05 2.41267339e-04 3.88623931e-05
8.48871675e+01 6.17727677e-02 4.79170307e-03 -4.26284021e-02 2.04520348e-05 1.70182872e-04 2.71519250e-05
8.76033784e+01 6.40311263e-02 2.89706958e-03 -4.24668775e-02 2.03973216e-05 1.22337476e-04 1.18976825e-04
9.03235581e+01 6.56419553e-02 6.33838717e-03 -4.66387194e-02 7.10965119e-05 8.09350345e-05 8.66305229e-05
9.30433675e+01 6.37563074e-02 4.09601991e-03 -5.02388958e-02 1.49943684e-04 4.49353931e-05 1.32027588e-05
9.57556331e+01 6.19239667e-02 2.92688064e-03 -4.70287513e-02 1.91429187e-05 7.98617957e-05 1.12799352e-04
9.84680893e+01 6.20360757e-02 4.08227988e-04 -4.41421947e-02 4.80581561e-05 4.26992766e-05 2.53917420e-05
1.01181311e+02 6.05092669e-02 2.10258728e-03 -4.75991935e-02 2.07325727e-05 8.31742443e-05 5.70082294e-05
1.03898577e+02 5.75705220e-02 2.33573480e-03 -4.70450518e-02 5.06074644e-05 4.96046431e-05 2.97653005e-05
1.06614374e+02 5.75401454e-02 -1.01475295e-03 -5.28474477e-02 1.25463081e-05 3.61625955e-05 2.17835935e-05
1.09329452e+02 5.70803481e-02 -1.91504367e-03 -5.66587820e-02 3.97072834e-05 1.70160012e-05 3.52714181e-05
1.12040514e+02 5.99189738e-02 -5.83206151e-03 -4.85167177e-02 4.07602719e-05 3.48939838e-05 1.28476893e-04
1.14756546e+02 6.12653786e-02 -4.48784773e-03 -5.45922314e-02 1.23873800e-04 1.94335298e-05 6.06138252e-05
1.17477202e+02 6.03655027e-02 -7.22101456e-03 -5.35321685e-02 7.14989109e-05 3.67915002e-05 7.42676366e-05
1.20192139e+02 5.87755378e-02 -5.23601522e-03 -5.39361948e-02 5.24458215e-05 4.64801300e-05 6.64504197e-05
1.22901686e+02 5.49933187e-02 -5.14757351e-03 -5.75612750e-02 4.20371538e-05 4.99139726e-05 2.12465627e-05
1.25620233e+02 5.72036841e-02 -2.89164041e-03 -4.99544820e-02 1.77573732e-05 3.90674607e-05 4.35098276e-05
1.28332827e+02 6.18222177e-02 -4.72443094e-03 -4.21020748e-02 4.23601538e-05 4.83673119e-05 2.24592696e-05
1.31051436e+02 6.99507939e-02 -1.65845180e-03 -2.70260150e-02 4.24746737e-05 5.84015952e-05 9.86737372e-05
1.33764686e+02 7.04581788e-02 1.46338334e-03 -1.02352153e-02 4.98970374e-05 5.91157781e-05 1.13155064e-05
1.36484358e+02 7.19063075e-02 6.70935297e-03 5.74148255e-03 9.99135401e-05 2.25600943e-05 2.41198336e-05
1.39202202e+02 6.94457030e-02 1.01249681e-02 1.81414532e-02 1.23433261e-04 2.28385454e-05 9.86245637e-06
1.41916280e+02 7.03283709e-02 8.08608644e-03 3.40273898e-02 4.63077957e-05 4.45898389e-05 1.89156820e-05
1.44637686e+02 5.89666044e-02 8.03010796e-03 4.74825780e-02 3.03093232e-05 2.53748072e-05 7.23021944e-05
1.47354061e+02 5.06750641e-02 2.66418533e-03 6.22018275e-02 1.03369782e-04 5.03250953e-05 9.65115814e-05
1.50071639e+02 5.12143399e-02 1.96181847e-03 5.67647599e-02 5.47982233e-05 1.84450356e-04 1.32568584e-04
1.52787780e+02 5.62446185e-02 1.99473369e-03 5.63354387e-02 4.05974191e-05 2.15225834e-04 9.52513517e-06
1.55508514e+02 6.14081072e-02 6.12419284e-03 5.35102007e-02 3.36790826e-05 2.40349429e-04 3.30368942e-05
1.58218249e+02 5.84306099e-02 9.21773351e-03 5.07080047e-02 4.62596494e-05 1.55248460e-04 3.85651612e-05
1.60938374e+02 6.46587272e-02 9.85473166e-03 4.78305886e-02 2.38092514e-05 2.05881682e-04 4.20305957e-05
1.63651092e+02 6.30223776e-02 5.75793931e-03 5.56768026e-02 2.92225902e-05 8.93550451e-05 3.02623974e-05
1.66366233e+02 6.29239218e-02 8.48035600e-04 5.19969660e-02 6.27758209e-05 1.41099029e-04 5.85099063e-05
1.69079108e+02 5.99224216e-02 -1.05233019e-04 5.67834842e-02 3.33994746e-05 9.29713007e-05 7.85768358e-05
1.71799421e+02 5.69219030e-02 -3.72463315e-03 5.86802552e-02 1.35709298e-05 1.60015046e-04 3.16216023e-05
1.74518296e+02 5.41912848e-02 -4.41104405e-03 5.64158640e-02 1.77391677e-05 1.44412787e-04 4.67783677e-05
1.77237139e+02 5.65561793e-02 -3.01587163e-03 5.27681604e-02 4.02148885e-05 1.80047340e-04 1.35479459e-05
1.79950186e+02 5.14650035e-02 -2.12817242e-03 5.98986290e-02 4.02965810e-05 1.07427713e-04 3.62738134e-05
1.82668858e+02 5.30874723e-02 -1.23799461e-04 6.29655411e-02 4.94735637e-05 6.45616273e-05 5.25675786e-05
1.85382671e+02 5.02359836e-02 4.09190961e-03 6.20765830e-02 1.78493823e-05 7.12829844e-05 6.62948425e-05
1.88103483e+02 5.29374275e-02 3.40584350e-04 6.15370055e-02 1.25565165e-05 7.58046314e-05 3.55792783e-05
1.90815936e+02 5.32762929e-02 -2.00043580e-03 5.82283389e-02 1.93985783e-05 6.11799322e-05 3.24885444e-05
1.93531764e+02 5.22543466e-02 -4.23231203e-03 5.87207582e-02 1.88640243e-05 2.50154695e-05 1.70909293e-05
1.96251374e+02 4.79962932e-02 -1.29330638e-03 5.76243536e-02 4.92630502e-05 2.13754972e-05 8.34759819e-06
1.98962608e+02 4.83961202e-02 -1.28424060e-03 5.57913965e-02 3.40783617e-05 3.49421706e-05 2.07528306e-05
2.01682171e+02 5.35155940e-02 1.49160621e-03 5.46629582e-02 2.65572389e-05 1.01194730e-04 6.06738814e-05
2.04399155e+02 5.82226383e-02 -1.01197693e-05 5.26212187e-02 8.29033723e-05 8.59005398e-05 2.14234411e-05
2.07107889e+02 5.95391015e-02 -6.75509273e-04 5.43432107e-02 9.43394275e-05 6.59167053e-05 4.02298121e-05
2.09824717e+02 5.72094085e-02 -3.46970268e-03 5.88661999e-02 3.78310044e-05 2.77972806e-05 1.27047386e-05
2.12542186e+02 5.58329844e-02 -4.07321817e-03 6.23240343e-02 3.31655389e-05 3.61747102e-05 8.30740674e-05
2.15256155e+02 5.35488427e-02 -5.99875185e-03 6.61586498e-02 1.66750247e-05 7.05256575e-05 1.30027113e-05
2.17971749e+02 5.42289595e-02 -8.78010274e-03 6.38122782e-02 1.45657981e-05 6.06064616e-05 2.26738698e-05
2.20693374e+02 5.70927797e-02 -9.80860176e-03 6.27502487e-02 2.43387131e-05 1.19037549e-04 2.43425648e-05
2.23412561e+02 5.29766965e-02 -9.02943339e-03 5.80047079e-02 3.89873136e-05 1.16197169e-04 2.42019220e-05
2.26125092e+02 5.62453290e-02 -8.30026694e-03 5.49663797e-02 1.34826374e-05 9.65067180e-05 1.43533635e-05
2.28841608e+02 4.98096115e-02 -5.03997181e-03 5.46614903e-02 1.92005706e-05 1.65450082e-04 4.90196407e-05
2.31563186e+02 5.14299672e-02 -3.41170177e-03 5.19669414e-02 6.26436142e-05 2.88496791e-04 4.57105693e-05
2.34275467e+02 5.64247164e-02 -2.06795813e-03 5.22904188e-02 3.71582867e-05 2.06095645e-04 1.08458310e-05
2.36991030e+02 5.74587158e-02 2.56816695e-03 5.25706482e-02 4.97518616e-05 1.62512220e-04 5.43441815e-05
2.39711264e+02 6.15804956e-02 1.33907984e-03 5.64570435e-02 1.76381639e-05 7.48831052e-05 5.44878856e-05
2.42432358e+02 5.58589908e-02 4.39648006e-03 5.35891380e-02 1.05077238e-05 1.79588131e-05 4.79033493e-05
2.45146780e+02 5.40522397e-02 2.50158746e-03 5.76536177e-02 1.71363699e-05 5.15050990e-05 2.59365981e-05
2.47858592e+02 5.75858865e-02 1.30330909e-03 5.83472058e-02 2.27880324e-05 2.93941077e-05 4.01492528e-05
2.50574311e+02 6.08123527e-02 1.51988538e-03 6.01461681e-02 5.39466333e-05 4.91930703e-05 3.11468974e-05
2.53291108e+02 6.16361494e-02 -5.71840628e-04 6.19505584e-02 3.66138699e-05 3.59126152e-05 1.30009245e-04
2.56004530e+02 6.02435981e-02 -7.88210205e-04 5.93982878e-02 6.32107551e-05 8.39168354e-05 2.18125508e-05
2.58716249e+02 6.07251829e-02 -4.82422514e-04 5.49007870e-02 1.68959739e-05 6.53218087e-05 3.47210928e-05
2.61428030e+02 5.81598347e-02 3.40970489e-03 5.53139184e-02 8.12920710e-06 1.25235666e-04 5.68512975e-05
2.64147264e+02 5.19082594e-02 3.67566557e-03 4.53492934e-02 5.97725595e-05 1.02707351e-04 8.76718255e-06
2.66863655e+02 5.26772869e-02 8.68520176e-03 2.94407138e-02 1.42519416e-05 1.11000538e-04 2.75538292e-05
2.69578735e+02 4.77352407e-02 6.23776337e-03 1.19609598e-02 1.57670264e-05 5.35567949e-05 2.32307138e-05
