6.74669786e-01 6.53560141e-03 2.26328958e-03 -1.74843924e-02 5.72476912e-01 6.70126901e-02 9.63748844e-02
3.38793405e+00 6.83998338e-03 1.16130901e-03 -1.41842654e-02 5.68063414e-01 6.88978454e-02 9.81934220e-02
6.09441217e+00 5.96967356e-03 5.95239603e-03 -1.37268570e-02 5.77731036e-01 6.42818814e-02 9.64319689e-02
8.81167014e+00 5.18969761e-03 3.93933797e-03 -1.32134875e-02 5.77202567e-01 6.66416410e-02 9.82753346e-02
1.15256636e+01 3.11520998e-03 1.25002941e-02 -1.45674805e-02 5.75308970e-01 6.52269169e-02 9.77321598e-02
1.42413792e+01 4.05278151e-03 1.10867410e-02 -1.47014865e-02 5.75767772e-01 6.52656493e-02 9.79886870e-02
1.69601901e+01 3.47894126e-03 1.16360128e-02 -1.11637182e-02 5.75207742e-01 6.53930943e-02 9.96399914e-02
1.96833089e+01 2.25172957e-03 1.11962006e-02 -1.23167799e-02 5.74240268e-01 6.57175391e-02 9.78911820e-02
2.24077761e+01 3.24498841e-03 1.12179701e-02 -1.64537881e-02 5.72065850e-01 6.68289007e-02 9.69677728e-02
2.51226745e+01 4.15450128e-03 1.63116180e-02 -2.07808432e-02 5.73375042e-01 6.66865045e-02 9.69462593e-02
2.78352886e+01 4.96472808e-03 1.64401336e-02 -2.49662206e-02 5.69422039e-01 6.61988691e-02 9.88222656e-02
3.05554261e+01 1.11186871e-03 2.12937576e-02 -2.21600062e-02 5.73139420e-01 6.59398084e-02 9.85981546e-02
3.32721026e+01 2.49348929e-03 2.00335484e-02 -2.33313539e-02 5.73420390e-01 6.49745853e-02 9.90259372e-02
3.59942136e+01 2.98345719e-04 2.04597157e-02 -2.24345449e-02 5.69538357e-01 6.72311066e-02 1.00727213e-01
3.87109401e+01 2.40962993e-03 1.68317067e-02 -2.00209677e-02 5.73451517e-01 6.47257292e-02 9.61667672e-02
4.14320745e+01 1.21414084e-03 1.62000071e-02 -1.73447790e-02 5.64296900e-01 6.94288772e-02 1.00306539e-01
4.41580745e+01 -1.35720385e-05 1.61988621e-02 -1.51428063e-02 5.69415450e-01 6.75892307e-02 9.69305348e-02
4.68747980e+01 2.66952589e-03 2.03759756e-02 -1.85311852e-02 5.65256863e-01 6.85585611e-02 9.75576714e-02
4.95882526e+01 1.63488832e-03 2.38843778e-02 -1.97180602e-02 5.70649502e-01 6.71648635e-02 9.76436415e-02
5.23057730e+01 -8.51531533e-05 2.49048125e-02 -1.97353038e-02 5.67377366e-01 6.73573175e-02 9.72177409e-02
5.50238683e+01 7.60162856e-04 2.37068293e-02 -2.27475422e-02 5.69989190e-01 6.73407375e-02 9.58665664e-02
5.77481995e+01 -1.70280425e-03 2.14508449e-02 -1.77601270e-02 5.69486206e-01 6.78966567e-02 9.80468862e-02
6.04661964e+01 1.20617940e-03 1.80216464e-02 -2.01065219e-02 5.73324660e-01 6.71792921e-02 9.66330632e-02
6.31793292e+01 2.54607339e-03 1.93606208e-02 -2.05946288e-02 5.73781690e-01 6.70178715e-02 9.70064167e-02
6.59012448e+01 1.60190651e-03 1.79611799e-02 -2.03490946e-02 5.68729606e-01 6.70246545e-02 9.65525965e-02
6.86192542e+01 4.82516698e-03 1.43470656e-02 -2.22330056e-02 5.72452188e-01 6.64106418e-02 9.61712977e-02
7.13360136e+01 5.78725909e-03 1.37128819e-02 -2.27268425e-02 5.72723545e-01 6.77740114e-02 9.74613727e-02
7.40521011e+01 4.26557636e-03 1.48973781e-02 -2.27032309e-02 5.76893712e-01 6.45525586e-02 9.64808702e-02
7.67733495e+01 1.31370171e-03 1.63530700e-02 -1.91407648e-02 5.69496761e-01 6.70952526e-02 1.00710401e-01
7.94953511e+01 4.11856653e-04 1.43826499e-02 -1.28078270e-02 5.69803116e-01 6.68788724e-02 9.91092089e-02
8.22164230e+01 1.44486580e-03 1.38452090e-02 -1.39967767e-02 5.66249893e-01 6.81490998e-02 9.98364154e-02
8.49334683e+01 4.26056380e-04 1.67647520e-02 -1.27815852e-02 5.69853945e-01 6.60538557e-02 9.94511229e-02
8.76504573e+01 6.03769444e-03 1.54922983e-02 -2.03777077e-02 5.76509827e-01 6.50632455e-02 9.70657523e-02
9.03601370e+01 4.59949895e-03 1.66291611e-02 -2.26855356e-02 5.72241960e-01 6.81725578e-02 9.72525993e-02
9.30691011e+01 4.24822281e-03 1.46303301e-02 -2.11582683e-02 5.72304363e-01 6.68296103e-02 9.72418918e-02
9.57858464e+01 4.30269188e-03 1.31950336e-02 -1.64129866e-02 5.68608993e-01 6.70207723e-02 9.91593040e-02
9.85046323e+01 3.39696311e-03 1.14112274e-02 -1.77322183e-02 5.68020697e-01 6.66071763e-02 9.86157518e-02
1.01219573e+02 5.11832189e-03 7.44711453e-03 -1.68009420e-02 5.73601458e-01 6.71628563e-02 9.81394565e-02
1.03935026e+02 5.90137413e-03 6.48272327e-03 -1.75000462e-02 5.74461567e-01 6.54117388e-02 9.67107714e-02
1.06647073e+02 5.63641749e-03 5.82085104e-03 -1.65008171e-02 5.73674692e-01 6.45205563e-02 9.70037132e-02
1.09364557e+02 7.45457557e-03 4.69286169e-03 -1.71695064e-02 5.67474547e-01 6.77639404e-02 9.98259530e-02
1.12081526e+02 6.07276757e-03 7.20025639e-03 -1.97015551e-02 5.71484550e-01 6.62554964e-02 9.58684744e-02
1.14796901e+02 6.27590896e-03 1.00863506e-02 -1.91419738e-02 5.66114482e-01 6.85224050e-02 9.93939546e-02
1.17513682e+02 5.17602877e-03 7.20292501e-03 -1.55294424e-02 5.77121107e-01 6.47939653e-02 9.56395379e-02
1.20232057e+02 4.54032592e-03 3.49680871e-03 -1.43324938e-02 5.72384363e-01 6.72956240e-02 9.63441513e-02
1.22952354e+02 4.68340306e-03 -1.39387727e-03 -8.98694969e-03 5.67739558e-01 6.92035115e-02 9.73264322e-02
1.25665979e+02 6.81328219e-03 -2.65179311e-03 -1.52123164e-02 5.72187668e-01 6.64126087e-02 9.79628992e-02
1.28379370e+02 7.85262286e-03 -1.78816933e-03 -1.41362889e-02 5.77514593e-01 6.59464445e-02 9.70413380e-02
1.31092901e+02 9.05551686e-03 -3.65876702e-03 -1.22784784e-02 5.80231355e-01 6.52911567e-02 9.74954781e-02
1.33805339e+02 9.11432184e-03 -3.37687399e-03 -1.28617200e-02 5.79166212e-01 6.40594940e-02 9.68566029e-02
1.36525417e+02 6.39895199e-03 -2.02432391e-03 -1.22722775e-02 5.71768449e-01 6.69405006e-02 9.82679806e-02
1.39244010e+02 9.39200627e-03 -2.28120895e-03 -1.59741009e-02 5.77664141e-01 6.53057632e-02 9.47412059e-02
1.41953604e+02 1.13360716e-02 1.49655152e-03 -2.05045291e-02 5.71744678e-01 6.70403629e-02 9.70286132e-02
1.44673323e+02 8.59875568e-03 4.61948064e-03 -1.98801310e-02 5.76822190e-01 6.60947426e-02 9.56488654e-02
1.47381104e+02 6.69314777e-03 6.65102460e-03 -1.74447516e-02 5.75503207e-01 6.33791415e-02 9.77919553e-02
1.50101620e+02 7.26421783e-03 6.64028849e-03 -1.57102901e-02 5.64789127e-01 6.54029625e-02 9.89709012e-02
1.52819792e+02 5.54511936e-03 3.61199500e-03 -8.39401628e-03 5.68985400e-01 6.59541642e-02 9.69161590e-02
1.55543917e+02 5.18887862e-03 -4.68738696e-03 5.71646407e-04 5.70437776e-01 6.74163668e-02 9.92894340e-02
1.58271120e+02 1.86217011e-03 -1.35935053e-02 5.73945937e-03 5.72103116e-01 6.86063480e-02 9.74450957e-02
1.60990901e+02 3.51877671e-03 -1.59069435e-02 1.02953174e-02 5.73761278e-01 6.73562289e-02 9.73046040e-02
1.63707276e+02 4.39058281e-03 -1.46538820e-02 3.66362433e-03 5.70356115e-01 6.68133350e-02 9.94045927e-02
1.66424120e+02 5.29585297e-03 -1.42644942e-02 3.92104765e-03 5.70465323e-01 6.74580471e-02 1.02684106e-01
1.69142010e+02 3.91231174e-03 -1.14615269e-02 6.84584874e-03 5.75737724e-01 6.85210648e-02 1.00318043e-01
1.71854807e+02 1.69580037e-03 -9.39937494e-03 6.27923341e-03 5.71831649e-01 6.58883026e-02 9.72646143e-02
1.74573010e+02 1.44977740e-03 -1.07631408e-02 4.20161880e-03 5.67602099e-01 6.75756740e-02 9.99957014e-02
1.77290010e+02 3.45124244e-03 -8.39457966e-03 7.02939100e-03 5.69339033e-01 6.51437068e-02 9.83598234e-02
1.80016448e+02 9.23765196e-04 -1.17362484e-02 8.75926372e-03 5.65498847e-01 6.64800786e-02 9.82448025e-02
1.82732339e+02 9.76318738e-04 -1.32257267e-02 1.01122429e-02 5.66852101e-01 6.73032926e-02 9.76536716e-02
1.85447057e+02 1.62815685e-03 -1.46476589e-02 1.02841632e-02 5.69575907e-01 6.69257205e-02 9.80787796e-02
1.88165339e+02 2.68692721e-03 -1.85530614e-02 6.47134868e-03 5.66587190e-01 6.57511724e-02 9.98481306e-02
1.90879760e+02 6.60536623e-03 -1.96121048e-02 4.40154132e-03 5.68874211e-01 6.81717464e-02 9.94697377e-02
1.93596167e+02 4.79076331e-03 -1.77228949e-02 2.70657755e-03 5.70742042e-01 6.42511703e-02 9.60581889e-02
1.96314448e+02 5.38029293e-03 -1.05820465e-02 2.57016560e-03 5.66939856e-01 6.92027955e-02 1.00735441e-01
1.99031885e+02 3.71092852e-03 -1.34103318e-02 4.93573062e-03 5.77326516e-01 6.56949614e-02 9.82156678e-02
2.01751510e+02 4.34838501e-03 -1.24949365e-02 6.08146195e-03 5.67267101e-01 6.55306541e-02 9.48935365e-02
2.04468432e+02 2.07929579e-03 -1.82676399e-02 5.47131325e-03 5.65270388e-01 7.04598359e-02 9.75474219e-02
2.07189729e+02 5.20511314e-03 -1.59698032e-02 5.62140601e-03 5.76892278e-01 6.65083088e-02 9.65882861e-02
2.09908073e+02 3.04719865e-03 -1.68211016e-02 5.31819994e-03 5.67685104e-01 6.71533145e-02 9.92667970e-02
2.12624026e+02 3.79648823e-03 -1.51212070e-02 4.23005072e-03 5.71748014e-01 6.60621910e-02 9.83822507e-02
2.15339823e+02 4.09172090e-03 -1.32630917e-02 3.77434839e-03 5.68759150e-01 6.80772089e-02 1.00043833e-01
2.18055245e+02 2.70646765e-03 -1.25231911e-02 4.40709513e-03 5.70261204e-01 6.67688457e-02 9.85431943e-02
2.20773245e+02 3.27043740e-03 -1.15289099e-02 4.16192271e-03 5.69573489e-01 6.63421673e-02 9.78862951e-02
2.23489182e+02 3.97006150e-03 -1.04251093e-02 6.74562504e-03 5.68876150e-01 6.47966925e-02 9.76456332e-02
2.26206089e+02 -7.45271553e-04 -9.53356302e-03 7.57808220e-03 5.65786865e-01 7.07866938e-02 1.00968470e-01
2.28922120e+02 1.38973883e-04 -1.19075554e-02 1.08167687e-02 5.78797720e-01 6.63067261e-02 9.83913218e-02
2.31639682e+02 2.48801189e-03 -1.42265010e-02 8.23230988e-03 5.71444900e-01 6.77144299e-02 1.00369254e-01
2.34361589e+02 4.27286237e-03 -1.61103905e-02 2.56263245e-03 5.74752472e-01 6.60337096e-02 9.66147403e-02
2.37079932e+02 5.93044524e-03 -1.59839478e-02 6.55212374e-05 5.71083564e-01 6.92462612e-02 9.96675583e-02
2.39797245e+02 6.72281297e-03 -1.60994525e-02 -1.60296779e-03 5.75992858e-01 6.99273131e-02 9.83671979e-02
2.42509932e+02 6.03107101e-03 -1.19756728e-02 9.19646707e-04 5.76413967e-01 6.92127210e-02 9.70515109e-02
2.45224589e+02 3.97468627e-03 -1.33319968e-02 -1.06863195e-03 5.72915491e-01 6.81732306e-02 9.82674061e-02
2.47939651e+02 4.86339084e-03 -8.10866819e-03 -2.25604821e-03 5.72043854e-01 6.69646480e-02 9.74425820e-02
2.50662057e+02 5.39736782e-03 -5.51120515e-03 -4.00305821e-03 5.70707770e-01 6.71280234e-02 9.59352115e-02
2.53377057e+02 3.85656724e-03 -3.63173631e-03 -5.43649989e-03 5.69427977e-01 6.75201349e-02 9.77244477e-02
2.56099901e+02 5.43796487e-03 1.27358551e-04 -1.10659049e-02 5.72353540e-01 6.98100663e-02 1.00187169e-01
2.58818714e+02 7.56037620e-03 4.27822461e-03 -1.74598260e-02 5.75088450e-01 6.77314874e-02 9.79181544e-02
2.61533948e+02 7.76582568e-03 4.84107976e-03 -1.65872602e-02 5.67383431e-01 6.96811299e-02 9.73985053e-02
2.64244729e+02 7.46803359e-03 8.13436585e-03 -1.95407867e-02 5.67127415e-01 6.58649900e-02 9.83591795e-02
2.66957151e+02 9.76128464e-03 5.48646686e-03 -2.20092724e-02 5.66565839e-01 6.77068748e-02 9.80487690e-02
2.69670398e+02 8.87713449e-03 2.33843657e-03 -2.21043932e-02 5.64685793e-01 6.84612460e-02 9.80713122e-02
