7.14772869e-01 -1.80414679e-02 3.97261496e-02 2.96509526e-02 9.16666165e-03 1.94512937e-02 8.64269025e-03
3.41194721e+00 2.23545434e-02 1.39549481e-02 8.12742841e-03 1.16490254e-02 1.22305662e-02 1.27344745e-02
6.11203175e+00 -1.87289202e-02 4.49276640e-03 3.06256477e-02 2.39900431e-03 1.21464229e-02 4.92860583e-03
8.80035737e+00 -2.78376773e-02 -1.18859439e-04 1.80854755e-03 4.73060770e-03 1.10449226e-02 1.50457438e-02
1.15020511e+01 -2.86939873e-02 1.02444956e-02 8.63158439e-03 5.05781878e-03 9.40189791e-03 9.43633653e-03
1.41864730e+01 -4.56739761e-02 -2.62976369e-02 1.32267670e-02 1.95055367e-03 6.14917017e-03 1.74591673e-02
1.68937121e+01 -2.28846136e-02 -3.59307316e-03 -5.36795131e-02 2.12824231e-03 2.07981667e-03 1.21556916e-02
1.95906511e+01 -2.20928701e-02 2.62603138e-02 -6.17517287e-02 5.65242566e-03 1.79864807e-03 2.72965274e-02
2.22756292e+01 -3.59574863e-02 -4.59321944e-03 -9.82686744e-03 6.95735043e-03 8.02090840e-03 1.23072281e-02
2.49828105e+01 -2.17426073e-02 -1.00138778e-02 -2.63105565e-02 4.47086044e-03 5.04079309e-03 2.42252590e-02
2.76737527e+01 3.54572027e-04 1.63334790e-02 -1.40693437e-02 5.12667704e-03 7.36378001e-03 1.35331982e-02
3.03688277e+01 -6.20684154e-04 3.09355450e-02 -9.64897834e-04 3.73223567e-03 1.95450259e-03 2.31607186e-02
3.30708168e+01 -1.69109374e-02 7.36503341e-03 -2.41345264e-02 2.32158239e-03 7.39968339e-03 1.69353444e-02
3.57611355e+01 -2.55463097e-02 2.36712995e-02 -1.77934774e-02 8.16988051e-03 1.24271242e-02 1.75116563e-02
3.84672386e+01 4.27612118e-03 7.26148414e-03 9.62264434e-03 7.27552172e-03 1.54668815e-02 1.09096025e-02
4.11802417e+01 8.94322698e-03 -1.55209587e-02 -1.41272720e-02 1.29336866e-02 1.34731527e-02 6.24381267e-03
4.38734933e+01 -1.17666757e-02 -1.59916936e-02 7.19326885e-02 5.86623127e-03 9.27319209e-03 1.59277554e-02
4.65883964e+01 2.27754587e-02 -1.94377517e-02 -3.90452337e-03 8.79711626e-03 1.41352089e-02 6.12028549e-03
4.92797183e+01 -5.87927654e-03 7.00628317e-03 5.65278634e-02 6.02602855e-03 6.06583947e-03 2.31622649e-02
5.19803355e+01 1.57387628e-03 -5.97382031e-03 -1.12403980e-02 4.46151304e-03 1.44950306e-02 2.45824145e-02
5.46764527e+01 -1.64051721e-02 -1.16341514e-02 6.79049809e-03 1.09806361e-02 1.77775483e-02 7.47267225e-03
5.73934527e+01 1.96201169e-02 -9.84964567e-04 -1.89027632e-02 1.07857342e-02 1.82740211e-02 1.06697781e-02
6.00806918e+01 -1.72396365e-02 -2.17856385e-02 -8.22417929e-03 8.81601500e-03 1.98013675e-02 8.06548706e-03
6.27811777e+01 7.50237386e-03 -1.14157476e-02 -5.87472632e-03 7.99552403e-03 2.22936068e-02 4.36849673e-03
6.54843183e+01 1.99917069e-02 1.31121408e-02 -9.01571147e-03 7.15952337e-03 2.20698790e-02 1.01339692e-02
6.81931543e+01 2.59412322e-02 2.59622921e-02 -3.30439520e-02 9.90800840e-03 1.63051760e-02 1.23244801e-03
7.09023417e+01 -3.27288127e-03 3.09551612e-03 -1.33534356e-02 1.14703197e-02 1.42454514e-02 6.98448976e-03
7.36060417e+01 4.73209445e-03 -1.60133932e-02 6.28092765e-03 2.36410934e-02 2.03320125e-02 3.08322473e-03
7.63017464e+01 -1.93213773e-02 -1.94330524e-02 -1.40787648e-02 1.09538078e-02 2.01792904e-02 8.08072397e-03
7.89972886e+01 -2.18287871e-02 -4.79927143e-02 -3.68940783e-02 1.19208954e-02 2.11672422e-02 3.10587709e-03
8.17034636e+01 1.61322343e-03 1.81167299e-02 8.18109660e-03 7.94770165e-03 1.16211486e-02 5.59606409e-03
8.43946746e+01 -1.74476518e-02 1.24077549e-02 -2.09677587e-02 8.47910728e-03 2.03404472e-02 6.43802247e-03
8.70978292e+01 1.13580988e-02 5.83274415e-03 6.80594166e-02 6.12987712e-03 1.19304214e-02 6.57025023e-03
8.97906199e+01 1.74044147e-02 6.83380330e-03 -7.86679070e-03 1.10591355e-02 1.90625708e-02 3.86298546e-03
9.24962152e+01 2.41567889e-02 -6.82771523e-02 -3.71950782e-03 1.09716335e-02 2.21052458e-02 4.07032959e-03
9.51876558e+01 4.41395071e-03 -1.83914618e-02 -2.62547213e-02 1.21378039e-02 2.33541981e-02 1.01191689e-02
9.78976777e+01 2.12716091e-03 5.45294709e-02 4.81841774e-03 1.23937550e-02 1.78466467e-02 1.40714873e-02
1.00599661e+02 2.56452491e-02 6.13149254e-03 2.04821131e-02 8.87705158e-03 1.77389486e-02 3.75031764e-03
1.03309989e+02 9.26982666e-03 -1.93816267e-02 2.13579311e-02 9.31427274e-03 1.10127799e-02 3.03171952e-03
1.06020004e+02 5.45942899e-02 1.43902479e-03 4.08684266e-03 1.03372000e-02 2.85426195e-02 6.74954471e-03
1.08722739e+02 3.64504063e-02 2.69557667e-02 -6.88591179e-03 1.52470840e-02 2.41858434e-02 6.90624999e-03
1.11418114e+02 -2.77311788e-04 4.42431988e-02 -1.79876953e-02 6.86981228e-03 1.70356273e-02 6.53722567e-03
1.14120098e+02 1.99061337e-02 1.56803928e-02 -1.41400201e-02 1.27839113e-02 1.62419333e-02 6.75606074e-03
1.16832317e+02 2.48853693e-02 -5.29816022e-03 -1.57785044e-02 7.54547041e-03 7.64596193e-03 5.77697326e-03
1.19525645e+02 2.45600572e-02 2.88330688e-02 1.23114257e-02 9.62026407e-03 1.18919453e-02 3.21414876e-03
1.22227442e+02 3.56085239e-02 -5.05280990e-02 -1.89923378e-02 8.36102960e-03 1.42642874e-02 1.43300357e-02
1.24931489e+02 -9.12378444e-03 6.80594188e-03 -2.33284505e-02 7.68673317e-03 1.23839119e-02 1.24629781e-02
1.27623395e+02 -1.38408286e-02 4.25588585e-03 -3.38577697e-02 8.41114792e-03 1.09698610e-02 8.61747026e-03
1.30310707e+02 1.60219675e-02 1.56380931e-02 -2.61483018e-03 9.12858141e-03 1.21755534e-02 1.40107526e-02
1.33026364e+02 3.70278962e-02 8.22787710e-03 1.38043504e-04 2.69359870e-03 1.01475001e-02 1.10606825e-02
1.35728504e+02 1.90365156e-02 -5.53357929e-03 -2.88169446e-02 4.35374496e-03 4.40686730e-03 1.79078621e-02
1.38426785e+02 1.34450732e-02 2.82533161e-02 3.46627004e-02 2.91652822e-03 2.24740054e-03 1.69217255e-02
1.41131848e+02 -6.46175085e-03 2.16864575e-02 -4.21016764e-03 8.52829238e-03 6.94627890e-03 9.49159665e-03
1.43830801e+02 5.53694796e-03 1.90396679e-02 2.26351265e-02 9.27825702e-03 1.10444891e-02 7.22237662e-03
1.46521536e+02 1.70557532e-02 2.01618671e-02 6.92450765e-03 9.94905746e-03 2.82680251e-02 2.09818944e-02
1.49233707e+02 -1.35343085e-02 -1.11374751e-02 1.16986507e-02 2.24772724e-02 2.90658904e-02 1.54450793e-02
1.51938442e+02 -1.73001664e-02 -1.49671966e-02 -1.90759181e-02 1.36729358e-02 3.07398623e-02 1.50576814e-02
1.54644770e+02 -5.51296834e-02 9.45390832e-03 7.72283368e-03 1.00623448e-02 3.00245659e-02 2.09387539e-02
1.57341379e+02 7.79438768e-03 7.88946774e-03 1.17802954e-02 8.83021632e-03 2.73634879e-02 1.59857740e-02
1.60041739e+02 2.14765146e-02 -1.85339836e-02 -7.17582289e-03 7.52190063e-03 2.21000698e-02 1.62052607e-02
1.62749707e+02 -5.52390979e-02 -8.34504875e-03 -4.82288456e-02 1.17903650e-02 2.28592514e-02 1.38777301e-02
1.65457410e+02 -2.51292388e-02 -4.76256362e-02 -4.88905978e-02 9.60475229e-03 2.46685715e-02 2.17423404e-02
1.68154301e+02 -3.21758140e-02 -3.28590819e-02 -5.13418093e-02 9.54882408e-03 1.80659756e-02 1.19756588e-02
1.70872879e+02 -1.92885418e-02 4.63313392e-02 -4.44452436e-02 1.89230890e-02 1.45222447e-02 4.89510902e-03
1.73560723e+02 9.59680924e-03 1.51133846e-02 -2.37284447e-02 1.79851590e-02 2.13409308e-02 2.23581623e-02
1.76274004e+02 -2.68367133e-03 4.52451862e-03 -3.39840977e-02 1.37490749e-02 1.35451551e-02 2.53906610e-03
1.78968239e+02 1.81085870e-02 1.14518679e-02 -4.65699974e-02 1.22651468e-02 1.97581397e-02 8.11418987e-03
1.81674567e+02 2.28953967e-02 -1.25286657e-02 -9.65658847e-03 9.63963674e-03 1.42329471e-02 1.56208573e-02
1.84362598e+02 6.78433619e-02 7.17295358e-03 3.73879145e-02 1.47133820e-02 2.27279337e-02 1.01105847e-02
1.87061223e+02 -3.02298477e-02 -2.13628400e-02 4.32231626e-02 7.76444911e-03 1.53491241e-02 1.33913856e-02
1.89760739e+02 -2.91967974e-02 5.62706276e-02 3.94474720e-02 1.50624552e-02 1.83293591e-02 1.14018847e-02
1.92458442e+02 -4.76697062e-02 4.99920536e-02 -5.73156713e-03 7.98185631e-03 2.49080038e-02 9.84069626e-03
1.95158457e+02 -4.65975931e-02 4.89297817e-02 6.25112182e-03 6.49015796e-03 1.66719414e-02 1.12203480e-02
1.97861848e+02 -6.13848509e-02 1.23387554e-02 4.29834457e-02 4.65018895e-03 1.63768442e-02 5.86950015e-03
2.00560207e+02 -3.27883373e-03 3.21634394e-02 3.14359430e-02 1.02912194e-02 1.47749283e-02 1.55606718e-02
2.03261504e+02 2.62043692e-03 2.56164449e-02 -1.06676405e-02 7.35918408e-03 1.31780698e-02 4.58094988e-03
2.05973207e+02 2.07679980e-02 2.49846799e-02 -3.16513991e-02 4.16093254e-03 1.59608540e-02 1.14388539e-02
2.08670723e+02 1.72744964e-02 -7.04859820e-03 -1.36869115e-02 5.67216318e-03 1.70208496e-02 1.29564229e-02
2.11375285e+02 8.24531607e-02 9.06441198e-03 -4.77539102e-03 4.83016113e-03 2.38804303e-02 1.42683783e-02
2.14076598e+02 7.10101677e-02 -1.50625437e-02 3.76325620e-02 2.48273065e-03 1.62881709e-02 1.55212919e-02
2.16794723e+02 8.91926000e-02 -2.00079080e-02 2.48236522e-02 2.46497420e-03 2.06034350e-02 7.31442434e-03
2.19500301e+02 -1.15708373e-02 -5.29927554e-02 -3.17800927e-02 4.52874039e-03 2.31856601e-02 1.32868117e-02
2.22205348e+02 1.94563068e-02 -2.30481951e-02 -3.40592400e-02 1.03561831e-02 1.26036441e-02 1.20448696e-02
2.24919426e+02 -3.98749811e-02 2.24868567e-02 -5.20695610e-02 1.77220249e-02 3.02434694e-02 1.16186857e-02
2.27608379e+02 5.09612620e-02 1.89483545e-02 -6.35473230e-04 3.82684661e-03 1.96928866e-02 1.62356518e-02
2.30316676e+02 5.17131583e-02 4.72811130e-02 -1.86257685e-02 2.17984604e-02 1.69798645e-02 1.11713576e-02
2.33023332e+02 -1.09603173e-02 2.97903090e-02 3.68493579e-02 5.39643443e-03 1.58272232e-02 1.03046295e-02
2.35725598e+02 9.83966211e-03 -3.43079167e-02 5.08422010e-02 1.66100616e-02 1.31150291e-02 1.00184898e-02
2.38423364e+02 -5.17447838e-02 1.18648465e-02 3.89394589e-02 7.27333987e-03 1.80567097e-02 1.16926694e-02
2.41128285e+02 -8.41814166e-02 -3.16020763e-02 -6.88986019e-03 7.14917864e-03 1.86796388e-02 5.08418048e-03
2.43828364e+02 -1.22150647e-01 1.70696393e-04 -1.92766891e-02 6.41703934e-03 6.69763417e-03 7.96285585e-03
2.46522317e+02 -5.91612301e-02 1.82578784e-02 -1.35330065e-02 1.33555920e-02 6.23878870e-03 5.13455190e-03
2.49210785e+02 -5.81409805e-02 -4.22971944e-03 1.72764959e-02 3.12778261e-03 8.02411870e-03 1.47006455e-02
2.51920801e+02 -4.04543276e-02 2.93501281e-02 -1.52291234e-02 9.54212388e-03 1.03010163e-02 1.07637888e-02
2.54626895e+02 7.68802282e-03 -3.23888818e-02 1.50246564e-02 6.95533331e-03 1.62416588e-02 1.28958440e-02
2.57327067e+02 2.61680298e-02 -3.64664755e-02 6.76307485e-02 1.22892867e-02 1.43543803e-02 9.42654042e-03
2.60030145e+02 6.96922338e-02 2.11800927e-02 8.82736302e-03 1.09201617e-02 1.28892550e-02 7.23769988e-03
2.62753973e+02 7.66069808e-03 1.14799644e-02 -3.10703598e-02 8.47115652e-03 6.69180728e-03 7.98996357e-03
2.65444301e+02 -3.94374708e-02 1.27349950e-02 -1.66191892e-02 4.43934631e-03 4.57845066e-03 1.51432435e-02
2.68145176e+02 -2.98900707e-02 2.09227470e-02 -1.93667448e-02 1.44478865e-02 8.35155459e-03 1.41922351e-02
