6.95103882e-01 4.18943319e-03 7.57014264e-04 5.33778880e-02 1.19865643e-02 1.88589665e-02 7.99491495e-03
3.39461970e+00 -8.16487714e-03 3.50280154e-02 1.00286915e-01 9.92867793e-03 2.07140157e-02 4.83267266e-03
6.09621095e+00 -2.55696994e-02 2.75128106e-02 7.10210097e-02 9.82240537e-03 1.48208672e-02 1.05406552e-02
8.79038751e+00 5.28774363e-03 2.87381843e-02 3.68978547e-02 9.91975560e-03 7.61566180e-03 1.02949224e-02
1.14770675e+01 -2.66139611e-02 4.76731062e-02 5.69527216e-02 4.75492172e-03 6.63099647e-03 1.24780379e-02
1.41780394e+01 3.45971441e-04 1.41032550e-02 3.91001035e-03 5.94756632e-03 5.47441226e-03 1.16964460e-02
1.68777206e+01 -1.82519753e-02 -3.13336556e-02 -6.63908538e-04 3.66079709e-03 4.60706242e-03 5.30338533e-03
1.95869003e+01 2.33114745e-03 -4.33022546e-03 -3.46574369e-02 1.74882213e-03 2.53908384e-03 1.72078527e-02
2.22831738e+01 1.73710470e-02 1.34648169e-02 3.26136758e-02 2.78042688e-03 1.74747088e-03 6.24238521e-03
2.49954003e+01 3.11830230e-03 9.28688160e-03 3.34752847e-03 6.40443091e-03 2.76540678e-03 4.89771993e-03
2.76883378e+01 -3.03243732e-02 -6.92737549e-03 5.65963735e-03 4.61093267e-03 4.34755263e-03 1.22876960e-02
3.03974972e+01 1.82486457e-02 -2.53687401e-03 -5.28695426e-02 2.38810792e-03 7.30283079e-03 1.28874582e-02
3.30935784e+01 1.38429519e-03 2.61556194e-02 -7.25660565e-02 8.91158394e-03 1.27828683e-02 7.30428799e-03
3.57891566e+01 2.28449318e-02 8.47833443e-02 -1.14333365e-02 9.18734606e-03 9.40962739e-03 1.46444454e-02
3.84882456e+01 3.51598178e-02 2.52907413e-02 -4.85713459e-02 6.44559063e-03 2.07235306e-02 1.55854683e-02
4.11937894e+01 -1.43564757e-02 1.48323349e-02 -3.81362622e-02 1.64981611e-02 1.49226853e-02 3.93512940e-03
4.39031472e+01 2.45922896e-02 3.05788994e-02 -7.40707788e-02 7.53502382e-03 1.60234610e-02 6.73161524e-03
4.65996316e+01 8.90022615e-03 -1.43244077e-02 -8.67899794e-02 5.00423729e-03 1.11669531e-02 1.18801034e-02
4.92965160e+01 -1.81904047e-02 1.05857063e-02 -7.78623779e-02 1.23640680e-02 1.65115049e-02 1.80347503e-02
5.19933331e+01 9.01735898e-03 2.10998920e-02 -5.91071906e-02 4.56059833e-03 1.81256589e-02 7.91526080e-03
5.46937753e+01 7.13840779e-03 3.03500746e-02 -7.40516693e-02 1.31781478e-02 1.71888131e-02 7.69955749e-03
5.73891660e+01 -2.48557459e-02 -1.22386931e-02 -2.12651998e-02 7.10615864e-03 1.46134636e-02 1.04142592e-02
6.00915566e+01 1.40793283e-02 1.20078299e-04 1.85464188e-03 1.18061066e-02 1.59375300e-02 6.49441245e-03
6.27864878e+01 1.04158984e-02 -2.57992636e-02 -7.00290294e-02 1.15440909e-02 1.66122057e-02 5.33305542e-03
6.54826878e+01 -2.01859455e-02 -3.97583528e-02 -3.43782310e-04 3.25309635e-03 1.20830399e-02 1.53949124e-02
6.81760347e+01 1.84288254e-02 -1.43970431e-02 -1.21331656e-02 1.09364905e-02 2.03361993e-02 8.64757896e-03
7.08749035e+01 -8.42659431e-03 -4.46694956e-02 2.93978468e-02 7.47148741e-03 1.56557212e-02 1.52323925e-02
7.35638644e+01 -1.29636354e-02 -2.46011180e-03 -1.86556392e-02 7.11128738e-03 1.72004605e-02 6.69297276e-03
7.62578613e+01 -2.20833001e-02 -4.11363536e-03 1.80581978e-02 1.27297285e-02 9.07170952e-03 1.29890022e-02
7.89655847e+01 -1.28121939e-02 2.16883264e-02 -5.00825758e-02 9.15242282e-03 2.73016633e-02 1.27471250e-02
8.16605769e+01 -5.16283853e-04 2.97992901e-02 -3.55913212e-03 7.53531669e-03 2.37790211e-02 1.86594659e-02
8.43647378e+01 1.09955777e-02 -4.53379869e-02 -7.26446168e-02 1.55196567e-02 2.33547544e-02 8.16629617e-03
8.70560456e+01 -8.29456992e-03 -1.72279109e-02 -8.28313065e-03 1.01664902e-02 1.68294694e-02 1.57537045e-02
8.97501363e+01 1.10083713e-02 -2.78989950e-02 -3.55794736e-02 1.93387926e-02 2.34976207e-02 1.64198408e-02
9.24601597e+01 3.46761438e-02 -1.87813096e-02 -4.16674608e-02 4.71555213e-03 1.38079648e-02 8.19197353e-03
9.51576238e+01 2.88266081e-02 2.18150527e-02 -3.52501487e-02 1.12359517e-02 1.60689294e-02 7.02799681e-03
9.78661831e+01 1.09979813e-02 5.44395807e-02 -2.50642459e-02 1.16097885e-02 1.86695099e-02 1.47666382e-02
1.00573307e+02 8.89108769e-03 -2.16322675e-02 -3.53167062e-02 1.10973935e-02 2.07932741e-02 9.88505081e-03
1.03280853e+02 2.48258265e-02 -2.26379066e-03 -3.22035485e-02 1.82667553e-02 2.66449397e-02 1.32327774e-02
1.05977572e+02 3.42211023e-02 -2.06592069e-02 -3.17040052e-03 6.00189583e-03 1.46293615e-02 5.14269481e-03
1.08689932e+02 1.83774880e-02 -3.24127873e-02 -2.94370036e-02 1.23693855e-02 2.42193831e-02 1.19310983e-02
1.11397635e+02 1.58983599e-02 -5.07985249e-03 8.64927616e-03 1.32943605e-02 1.80600551e-02 1.33427487e-02
1.14102807e+02 1.80822643e-02 -1.96408263e-02 -4.59396341e-02 8.99553278e-03 2.35790761e-02 1.12813453e-02
1.16810119e+02 1.71555889e-02 1.40507933e-03 -5.04874332e-02 1.77205957e-02 1.98792971e-02 6.81476246e-03
1.19501557e+02 2.32559454e-02 -9.51073893e-03 -3.25681151e-02 1.21579507e-02 2.38878547e-02 9.36015172e-03
1.22210510e+02 1.17253699e-02 -1.72337855e-02 -2.12940047e-02 1.24356098e-02 1.48899293e-02 1.25781591e-02
1.24904963e+02 1.16472165e-02 3.02738087e-02 -4.01506535e-03 1.06778570e-02 1.48179499e-02 1.71963844e-02
1.27607572e+02 -2.07925664e-02 -7.53608272e-03 -1.20821070e-02 1.25703741e-02 9.86488193e-03 1.48506142e-02
1.30307494e+02 -3.94701630e-03 3.43175448e-02 -6.62999533e-02 4.08715818e-03 1.20543049e-02 1.53606771e-02
1.32998525e+02 -1.90467109e-02 -3.87554670e-04 -1.18599010e-02 1.34665480e-02 1.16828119e-02 2.51245433e-02
1.35689088e+02 -9.22971411e-03 -3.04970025e-03 -3.67617073e-02 3.14264261e-03 8.01106431e-03 1.61132935e-02
1.38375838e+02 -1.19431481e-02 3.01692439e-02 1.08500966e-02 2.08174020e-03 3.74934263e-03 1.92711299e-02
1.41064791e+02 -2.79272677e-02 2.06267079e-02 3.70820319e-03 5.30522970e-03 1.37558165e-03 2.13924338e-02
1.43753322e+02 2.70924383e-03 1.32929864e-02 2.65967085e-02 3.95172267e-03 5.34080887e-03 1.45474974e-02
1.46451447e+02 -8.22835154e-03 -5.78166398e-03 -1.39847750e-02 1.08142184e-02 2.86989294e-02 1.92823363e-02
1.49155635e+02 -2.21776613e-02 5.49616194e-02 2.22606383e-02 2.12020332e-03 1.46855150e-02 9.78810805e-03
1.51856822e+02 -4.38309478e-02 -2.40178963e-03 -6.58644087e-03 1.17492654e-02 1.50695291e-02 1.62415554e-02
1.54562182e+02 -5.43439336e-02 -3.19367472e-02 -1.25791444e-02 6.15293778e-03 1.80945172e-02 4.02355953e-03
1.57267494e+02 -4.95842200e-02 2.35599224e-02 -4.26837073e-02 1.61591323e-02 2.06371075e-02 2.75100759e-02
1.59964322e+02 1.00066311e-03 4.62762182e-02 -2.70396788e-03 2.37296759e-02 1.55904962e-02 1.34858282e-02
1.62675322e+02 -2.92924531e-02 3.28560578e-02 -3.19313328e-02 1.02111956e-02 1.62792621e-02 1.67192370e-02
1.65385213e+02 -4.71730005e-02 -3.72175345e-02 -1.85299138e-02 9.23360135e-03 2.19130167e-02 1.63636365e-02
1.68082260e+02 -5.91955287e-03 -5.95444848e-02 1.75246309e-02 1.57977974e-02 2.21729920e-02 2.01582706e-02
1.70777385e+02 -1.72116601e-02 -3.09206520e-03 2.80116534e-02 1.03494141e-02 1.81584345e-02 2.63573247e-03
1.73473135e+02 1.20121242e-02 -3.41026915e-02 3.88915192e-02 1.23657703e-02 1.95146051e-02 1.71007897e-02
1.76183260e+02 -7.88152954e-02 -1.27633562e-04 -2.17506605e-02 8.08340009e-03 1.44340040e-02 7.93344035e-03
1.78881869e+02 -5.37457332e-02 1.86874038e-02 -3.44214057e-02 1.36808188e-02 1.45222907e-02 1.42289645e-02
1.81584150e+02 -3.95441787e-02 -4.16078478e-03 -9.26647198e-03 9.82468128e-03 1.84862580e-02 5.36701995e-03
1.84281010e+02 9.11570977e-03 -4.48170654e-02 4.89992810e-02 4.81006932e-03 1.24827575e-02 1.67748523e-02
1.86986103e+02 2.25691319e-02 9.34219917e-03 3.17370976e-03 7.84780724e-03 1.85624940e-02 9.80681065e-03
1.89698619e+02 4.44213838e-03 7.47864234e-03 2.11871598e-03 1.31683140e-02 2.04256856e-02 1.10092068e-02
1.92409353e+02 2.07398065e-04 -1.63466153e-02 -6.14679244e-02 2.99822273e-03 1.98469196e-02 9.85010068e-03
1.95110713e+02 -1.14389202e-02 1.72169267e-02 -1.03080421e-02 4.68190578e-03 2.71632105e-02 1.24255515e-02
1.97808307e+02 -2.89024346e-02 8.40255141e-03 2.64795106e-02 5.63797233e-03 1.64557018e-02 1.06547922e-02
2.00521541e+02 -2.48121502e-02 6.15678941e-02 7.45332561e-03 1.06889850e-02 1.54530905e-02 1.00944647e-02
2.03223447e+02 -5.62898369e-02 2.24793789e-02 2.96708125e-02 1.01859945e-02 1.08023670e-02 9.85560568e-03
2.05926853e+02 -2.79061394e-02 1.45311391e-02 4.92959323e-02 8.62124109e-03 1.39504726e-02 7.60843739e-03
2.08616103e+02 -5.10839756e-02 -5.59702451e-03 5.71182483e-02 1.62405169e-02 1.48798693e-02 4.31797470e-03
2.11315963e+02 2.00483356e-02 -5.36868167e-03 3.29308473e-02 8.15170331e-03 1.27821715e-02 1.24511117e-02
2.14015041e+02 -3.47100927e-02 -1.17559764e-02 3.81628607e-02 7.94874733e-03 1.53085781e-02 3.45681114e-03
2.16711838e+02 -2.40027360e-02 5.81311881e-02 3.71404266e-02 7.41288553e-03 1.48175408e-02 1.20806594e-02
2.19413041e+02 -4.01948669e-02 -1.59116850e-03 2.80299137e-02 9.23051955e-03 1.65493235e-02 1.06888262e-02
2.22097463e+02 2.34401790e-02 4.18979892e-02 5.42136935e-02 7.89328909e-03 1.69644005e-02 1.50186411e-02
2.24799197e+02 1.94246489e-02 6.25041097e-03 1.05725737e-02 9.19305921e-03 2.60255598e-02 1.85280480e-02
2.27490182e+02 -8.76853083e-03 2.34043845e-03 3.26393215e-02 2.01046597e-03 2.40891383e-02 8.02902318e-03
2.30199228e+02 -5.46197477e-02 -1.93740621e-04 -2.84374214e-02 3.94789370e-03 2.16133826e-02 1.58461109e-02
2.32908510e+02 -7.65294188e-02 1.15945630e-02 -5.26343571e-02 9.74304885e-03 1.79447991e-02 8.79415290e-03
2.35608838e+02 -1.03293025e-01 1.43602033e-02 -4.30632972e-02 5.31028683e-03 1.98311839e-02 2.72408731e-02
2.38311119e+02 -6.29430991e-02 2.74562506e-02 -6.43187922e-02 7.64119197e-03 2.73588570e-02 9.85516521e-03
2.40998103e+02 -6.54913942e-03 -2.89187528e-02 -1.47566883e-02 1.23334675e-02 1.72653990e-02 2.04673636e-02
2.43702728e+02 -4.57814953e-02 -7.94867525e-03 -1.08738567e-03 5.71674564e-03 1.68512282e-02 5.44804002e-03
2.46401166e+02 -5.07254934e-02 2.66686098e-02 -8.09331093e-03 1.56991054e-02 2.43188138e-02 1.80603147e-02
2.49096666e+02 -3.67025703e-02 -2.98336332e-02 -3.86874180e-02 4.09113066e-03 1.23608114e-02 4.68522824e-03
2.51799603e+02 -6.73902985e-02 -3.85347877e-02 -6.73247087e-02 1.52458527e-02 8.78543607e-03 9.90589098e-03
2.54493432e+02 -3.10115380e-02 -4.92750236e-03 -8.87978129e-03 3.15920208e-03 1.66917746e-02 3.05687587e-03
2.57185822e+02 -1.13275900e-04 -2.80307217e-03 1.12083260e-02 1.29120532e-02 1.74157178e-02 8.20412516e-03
2.59888010e+02 7.40810149e-03 1.23154403e-02 3.27522464e-02 6.57599995e-03 1.48259898e-02 1.16972387e-02
2.62580963e+02 -3.23062567e-02 2.87951959e-02 6.92095933e-02 6.89460049e-03 1.48066554e-02 4.21121702e-03
2.65307275e+02 2.19030426e-02 2.03907868e-02 6.84036617e-03 2.41173020e-02 3.03232853e-02 7.26410617e-03
2.68009677e+02 7.55125181e-03 2.92249321e-03 3.41549123e-02 1.56146092e-02 2.12425760e-02 5.89755156e-03
