7.04445294e-01 -1.08603889e-04 -1.64288087e-03 2.83773900e-02 1.01914684e-02 1.55578442e-02 7.28015146e-03
3.39432958e+00 -1.22151149e-02 5.63481122e-03 5.04802248e-02 2.54014689e-03 1.89866830e-02 4.22466413e-03
6.08263880e+00 1.21760277e-02 2.60680665e-02 -5.41340761e-03 7.99450368e-03 1.42486887e-02 1.02324725e-02
8.77406880e+00 -6.73595771e-03 -7.21487643e-03 2.01410157e-02 1.02947480e-02 1.60596917e-02 1.53209707e-02
1.14709080e+01 -2.71311846e-02 5.88944183e-03 3.76369204e-03 7.88534663e-03 1.72939448e-02 1.66510603e-02
1.41624408e+01 -1.42147069e-02 1.46714615e-02 2.27314840e-02 9.03945900e-03 1.15241273e-02 1.73156966e-02
1.68715627e+01 2.82389571e-02 -1.96934096e-02 -2.31254534e-03 2.05105103e-03 8.74726034e-03 1.61246018e-02
1.95660549e+01 2.28337040e-02 4.55236505e-03 -5.44394019e-03 5.01008114e-03 2.94109049e-03 1.26769472e-02
2.22784721e+01 2.53141279e-02 -3.04374743e-03 1.65384612e-02 5.59374745e-03 4.15429515e-03 8.29351300e-03
2.49824096e+01 -7.45472525e-04 -4.96352031e-02 -4.71356438e-02 4.02467850e-03 3.89059757e-03 3.10680946e-02
2.76715908e+01 -1.48994074e-03 7.02704326e-04 -2.78771534e-02 8.86337997e-03 1.65566198e-02 1.44946737e-02
3.03606924e+01 -6.30120277e-03 -3.84290356e-02 -2.55519515e-02 9.35815734e-03 1.39865264e-02 1.06159089e-02
3.30528127e+01 -1.07572001e-02 -1.83378356e-02 -3.73594750e-02 9.39114508e-03 1.64650901e-02 4.30771422e-03
3.57483143e+01 -1.32092765e-03 -1.32443921e-03 1.07155036e-02 1.38769748e-02 1.36714927e-02 8.81164174e-03
3.84553752e+01 6.55820028e-03 -7.25046181e-04 -3.97563031e-02 5.25535816e-03 1.53468599e-02 4.29135643e-03
4.11569627e+01 4.32026199e-03 8.99848812e-04 -5.71162722e-02 6.26896425e-03 7.96960876e-03 3.18301093e-03
4.38689283e+01 3.27422108e-03 -3.77543222e-02 -2.70459071e-02 1.13651442e-02 1.29405795e-02 8.91298728e-03
4.65818377e+01 1.98315305e-02 -1.43512103e-02 -2.94453464e-02 1.08419058e-02 1.43449335e-02 7.51838864e-03
4.92841565e+01 1.51143246e-02 -2.75175853e-03 -4.63001490e-02 1.13433901e-02 1.40235757e-02 1.63265878e-02
5.19940486e+01 2.11943789e-02 2.43893830e-02 -4.54752727e-02 1.03567004e-02 1.79796560e-02 1.46136804e-02
5.47025627e+01 2.05750146e-03 4.21026795e-03 -3.25201136e-02 9.18327642e-03 1.25800718e-02 1.02585209e-02
5.74160533e+01 1.33675848e-02 -1.05988170e-02 -6.09498208e-02 1.11622670e-02 2.29799488e-02 9.99951439e-03
6.01152361e+01 -8.39359568e-04 1.83188290e-02 -6.12380096e-02 1.50950451e-02 2.66046591e-02 1.45373010e-02
6.28272737e+01 1.02354757e-02 -2.90380496e-02 -1.10759598e-01 1.46017069e-02 3.87759582e-02 5.26460882e-03
6.55174971e+01 -1.78225337e-03 -9.33088641e-03 -5.11003190e-02 1.50379864e-02 3.18786553e-02 9.54178501e-03
6.82194111e+01 -2.30129051e-02 -6.91104332e-03 -6.45110793e-02 1.04932898e-02 1.89162661e-02 1.42538973e-02
7.09210455e+01 -9.30579977e-03 3.01598544e-02 -1.77602366e-02 1.01700578e-02 1.32551987e-02 1.72035300e-02
7.36258283e+01 -1.90514723e-02 -4.74473943e-03 -4.99895572e-02 9.03284604e-03 1.41869938e-02 1.41810075e-02
7.63272393e+01 9.94026209e-04 5.14832489e-03 -7.30026498e-02 4.40202366e-03 1.32288007e-02 1.95159819e-02
7.90206283e+01 -1.71452820e-02 -2.47611678e-02 -7.36919009e-02 1.67159118e-02 2.17078806e-02 2.13691943e-02
8.17173830e+01 -5.69063518e-03 7.20668032e-04 -1.55384822e-02 6.76851232e-03 1.61261303e-02 1.47413630e-02
8.44060908e+01 -1.04987203e-02 -7.70741710e-03 1.07951322e-02 1.66906514e-02 2.00007877e-02 1.49333961e-02
8.71095424e+01 -2.06618364e-02 1.82415762e-02 2.04404832e-02 4.63054174e-03 1.07579366e-02 1.19595977e-02
8.98059627e+01 -3.80520531e-02 -6.61779107e-03 -3.25347711e-02 9.86302537e-03 1.19092931e-02 1.61463563e-02
9.25106361e+01 -5.06899657e-03 -3.69150235e-02 -4.28387000e-02 7.90357017e-03 1.11244175e-02 1.52737203e-02
9.52111002e+01 3.59671774e-03 3.90244342e-03 -2.46804383e-02 6.72159888e-03 1.88801144e-02 1.01444745e-02
9.79080690e+01 -7.46531079e-03 -2.81298502e-03 -2.63764314e-02 4.04698976e-03 1.03933525e-02 7.79526295e-03
1.00608603e+02 6.88517132e-03 2.63756804e-02 -5.08640481e-02 1.51715760e-02 2.01073051e-02 7.51729134e-03
1.03310822e+02 1.93705762e-02 2.31295648e-02 -4.08434685e-02 7.70960966e-03 1.25088832e-02 1.70992167e-02
1.06016291e+02 5.94381314e-03 3.38274154e-02 -7.37259265e-02 1.14014753e-02 1.86811927e-02 2.45145789e-02
1.08716994e+02 -1.31351489e-02 4.65368461e-02 -3.57008348e-02 1.08747801e-02 1.02694201e-02 1.77683911e-02
1.11417978e+02 -6.41758879e-03 2.92578315e-02 -1.53755509e-02 5.98347090e-03 1.52373816e-02 1.31205945e-02
1.14120166e+02 -5.92729879e-03 7.79485689e-03 -3.27115910e-02 1.28299555e-02 1.74699928e-02 1.92729289e-02
1.16812556e+02 -3.63811548e-03 5.12499970e-02 -4.64341335e-02 1.23897863e-02 2.02548686e-02 2.53186933e-02
1.19510931e+02 -1.29794802e-03 1.07369727e-02 -4.61905339e-03 1.44013519e-02 2.30234944e-02 1.75314712e-02
1.22210072e+02 -3.55019385e-03 -3.34423569e-03 -3.98380147e-02 6.75636904e-03 1.93761953e-02 2.46152631e-02
1.24898275e+02 -3.92281510e-02 4.69311326e-03 -2.88574879e-02 8.54896635e-03 2.51395682e-02 1.22274417e-02
1.27593869e+02 -2.18003775e-03 -6.68096241e-03 -1.81749727e-03 8.58976134e-03 1.69553898e-02 1.44970556e-02
1.30290588e+02 -3.32131119e-03 2.60331653e-02 -1.50570247e-02 1.14294735e-02 1.00396909e-02 2.15984984e-02
1.32988806e+02 -6.41228885e-03 -1.44131179e-02 -3.82510301e-02 7.69717729e-03 1.18725109e-02 1.93534416e-02
1.35686166e+02 -1.00600059e-03 1.02134609e-02 -2.43275568e-02 3.01537508e-03 3.07252273e-03 2.31366027e-02
1.38386478e+02 -2.29490510e-02 7.60780183e-03 2.28036533e-02 1.50894823e-03 2.16284108e-03 3.51832973e-02
1.41078041e+02 -3.58560557e-03 -1.23878434e-03 1.51196037e-02 2.25789474e-03 3.53164677e-03 2.15193446e-02
1.43787853e+02 -8.17563703e-03 -2.84522621e-03 3.30822032e-02 4.91443742e-03 6.30736648e-03 1.11528913e-02
1.46489838e+02 -3.23885810e-02 1.36769957e-02 -2.97578531e-02 1.27404180e-02 1.24848647e-02 1.56867674e-02
1.49197166e+02 -1.88974838e-02 -4.70853214e-03 -3.04365736e-02 1.22726868e-02 1.27558850e-02 7.03238568e-03
1.51895322e+02 4.47828682e-03 6.93756787e-03 -6.38655019e-03 6.54029068e-03 1.99938901e-02 1.51358403e-02
1.54604510e+02 -2.98292109e-02 2.27106502e-03 3.49178628e-02 1.63992268e-02 2.46281504e-02 1.16684309e-02
1.57306728e+02 -5.53289571e-02 -1.28462400e-02 6.07792215e-02 9.58654044e-03 1.45487817e-02 1.19498439e-02
1.60006713e+02 -4.84608068e-02 3.80059716e-02 7.09746453e-02 1.19205571e-02 1.16584777e-02 6.51065923e-03
1.62696166e+02 2.46338674e-02 1.87026338e-03 5.40283145e-02 8.29676227e-03 1.99954359e-02 1.25847197e-02
1.65412291e+02 -3.09002998e-02 -5.46477054e-02 2.38860818e-02 4.10854889e-03 1.43920240e-02 1.00511063e-02
1.68111338e+02 -3.52418291e-02 1.14423721e-02 6.00570284e-02 1.60380100e-02 3.04065707e-02 1.18404002e-02
1.70817338e+02 -5.63498980e-02 -8.03858810e-03 3.94097710e-02 2.88841042e-03 1.75640661e-02 2.12798084e-02
1.73510931e+02 -6.94847192e-02 -2.98810110e-02 2.57100497e-02 6.58201688e-03 2.25879442e-02 2.31350355e-02
1.76203697e+02 -1.08770809e-02 -5.00470789e-02 1.35395238e-02 9.64068775e-03 2.29979771e-02 2.81502449e-03
1.78898056e+02 -3.63633763e-02 4.40228843e-03 2.07629952e-02 6.31050396e-03 2.78094071e-02 1.47499803e-02
1.81589697e+02 -1.76993464e-02 -5.42042685e-03 6.07318241e-02 8.92829117e-03 1.67786438e-02 1.20278742e-02
1.84289353e+02 -3.39842555e-02 2.63599843e-02 2.62918542e-02 6.87108758e-03 2.41406603e-02 1.50585887e-02
1.86980572e+02 -6.34392453e-02 4.17406492e-02 7.68014282e-02 1.10670346e-02 2.02597492e-02 1.16366222e-02
1.89680041e+02 -6.21828544e-02 4.14999352e-02 4.46325508e-02 9.96992046e-03 2.24752437e-02 9.38166171e-03
1.92381728e+02 -7.13183701e-02 1.56018321e-02 2.81212143e-02 1.66110760e-02 2.41105978e-02 1.47098676e-02
1.95085947e+02 -4.34536858e-02 -3.74202144e-02 1.55890146e-02 8.51755519e-03 2.43911327e-02 1.50410407e-02
1.97788791e+02 -3.34828439e-02 2.65835850e-02 2.93532403e-02 1.21452880e-02 1.92897034e-02 6.65138497e-03
2.00482416e+02 -3.61199962e-02 2.71415157e-02 2.95651185e-03 1.18706519e-02 1.72105681e-02 1.05029937e-02
2.03175135e+02 -1.14955900e-02 5.11451372e-02 3.25076961e-03 3.30158499e-03 1.95151708e-02 8.93368423e-03
2.05863713e+02 -3.10429195e-03 1.46368529e-02 1.94677456e-02 7.23085949e-03 1.39000551e-02 1.31787390e-02
2.08572619e+02 -1.05243215e-02 -3.05395535e-02 1.55733043e-02 1.39225871e-02 1.84155871e-02 8.97468766e-03
2.11275713e+02 -2.30314522e-02 -2.20948330e-02 2.87494063e-02 2.35212375e-03 1.49821532e-02 8.78315201e-03
2.13981025e+02 -8.36591605e-02 -3.31685990e-02 3.90827059e-02 1.28058301e-02 1.47754185e-02 8.24727901e-03
2.16682556e+02 -5.98500439e-02 1.79375233e-02 -1.21267929e-02 1.65904276e-02 1.62614191e-02 2.67938235e-02
2.19388244e+02 -7.91685935e-02 3.29252263e-02 -5.97208673e-03 7.47827127e-03 1.79309421e-02 7.71414590e-03
2.22090963e+02 -6.47711709e-02 -6.18718249e-03 3.42117968e-02 1.64162368e-02 1.92435354e-02 2.25540948e-02
2.24797010e+02 -8.92651025e-02 -6.36116394e-03 6.03437369e-02 2.53199966e-02 2.33929918e-02 6.46304228e-03
2.27488510e+02 2.43402096e-02 -1.04518972e-02 4.52190868e-02 1.38760862e-02 1.71286963e-02 1.14224820e-02
2.30184275e+02 3.50984254e-02 -4.98367349e-03 6.75959292e-02 1.56696324e-02 1.84963084e-02 7.63082246e-03
2.32889150e+02 4.49609926e-02 -1.70940411e-03 2.37836101e-02 1.39625802e-02 1.28872470e-02 1.14158353e-02
2.35598681e+02 -7.22980316e-03 -1.16339423e-03 -1.72014640e-02 2.01762039e-02 1.56946952e-02 1.59926086e-02
2.38295978e+02 5.65315989e-02 -5.57372879e-02 -3.41033365e-04 1.02364691e-02 2.14378616e-02 6.85898046e-03
2.41004978e+02 8.50028205e-03 -8.12749186e-03 -1.79474664e-02 1.27194305e-02 1.81157237e-02 2.14398757e-02
2.43705916e+02 8.23631149e-03 1.23167172e-03 2.93403881e-02 9.98903732e-03 2.25555074e-02 8.15817547e-03
2.46411994e+02 -2.49204344e-02 1.56123809e-02 2.06077687e-02 1.86065348e-02 1.81890281e-02 1.15523288e-02
2.49128135e+02 -2.56774165e-02 -4.04654206e-03 1.32471492e-02 8.01359077e-03 2.01936518e-02 1.54451082e-02
2.51837541e+02 -1.04889638e-02 8.51954155e-04 9.84958126e-03 2.04683850e-02 1.70543516e-02 8.76657451e-03
2.54537322e+02 -2.70602445e-02 2.33752064e-03 1.92210683e-02 1.09374614e-02 9.57594293e-03 6.57634630e-03
2.57242697e+02 -5.80213335e-03 -3.16532019e-02 1.49851286e-02 6.93293928e-03 1.48768527e-02 8.14307315e-03
2.59929525e+02 1.78102209e-02 1.98454204e-02 -3.69094111e-03 1.01774986e-02 2.01727102e-02 9.83060351e-03
2.62626760e+02 1.52932814e-02 4.12218919e-02 4.59432554e-02 1.14611535e-02 1.56604834e-02 1.15012892e-02
2.65327244e+02 1.80733229e-02 3.47724772e-02 5.45747992e-02 1.10472939e-02 2.39818443e-02 1.02263180e-02
2.68044062e+02 3.61637947e-02 2.31044110e-02 5.20919698e-02 1.23603866e-02 1.95676181e-02 2.27022315e-03
