6.93972802e-01 -2.77486796e-02 8.01801509e-03 -9.90843441e-03 1.00751791e-02 2.55698563e-02 1.18018989e-02
3.38869653e+00 -9.50200053e-04 -7.62667968e-03 -4.32650183e-02 1.35836057e-02 1.86185581e-02 7.28938234e-03
6.10034809e+00 1.24743435e-02 -5.65176001e-02 4.69059305e-02 9.72539148e-03 1.77930079e-02 3.08603294e-02
8.80513621e+00 2.64883296e-02 -3.93574051e-02 2.64525852e-02 3.94554705e-03 2.04417589e-02 7.37021820e-03
1.15009637e+01 -1.66939389e-02 2.18556774e-03 2.46674923e-02 1.03079566e-02 1.40687946e-02 1.38672950e-02
1.41946950e+01 -1.53978105e-02 6.79596433e-03 -1.88035698e-03 8.59149781e-03 1.85518777e-02 7.28244769e-03
1.69046434e+01 8.73450599e-04 1.56201653e-02 -3.81474399e-02 5.73989815e-03 5.33520854e-03 1.00107419e-02
1.95879887e+01 -1.01937121e-02 -1.88818912e-02 1.39969401e-02 3.08799498e-03 1.37983356e-03 1.10449069e-02
2.22838512e+01 -2.05408418e-02 -3.15673610e-02 -1.79377572e-02 5.59690606e-03 4.25670684e-03 1.59366379e-02
2.49860543e+01 -1.78586630e-03 4.92252569e-03 -5.35148642e-02 2.90351002e-03 4.40964878e-03 8.68630872e-03
2.76825090e+01 -3.68984079e-03 -1.35806622e-02 -7.24532760e-02 4.93572743e-03 1.08547697e-02 9.52055059e-03
3.03787872e+01 -2.20707921e-02 -2.15308467e-02 -3.05486825e-02 1.03812661e-02 2.50965897e-02 3.97439569e-03
3.30764715e+01 -1.43374009e-02 1.12427489e-02 -4.20870448e-02 1.36997149e-02 1.44029000e-02 6.26615884e-03
3.57737981e+01 -2.15956323e-02 -5.54860957e-02 -5.44200517e-02 6.51710347e-03 2.10203098e-02 9.95599447e-03
3.84695059e+01 5.62693202e-04 -2.48424527e-02 -1.30299128e-02 8.62665442e-03 2.05710170e-02 1.06198342e-02
4.11814168e+01 -3.42644659e-03 -1.82211288e-02 -3.69247148e-02 1.16220682e-02 2.35095871e-02 2.03187857e-02
4.38786700e+01 -9.10153245e-03 -2.10475876e-02 7.23072439e-03 7.85041330e-03 1.33498178e-02 1.99954794e-02
4.65753996e+01 -2.31424587e-02 2.97354453e-02 1.15408689e-02 1.24157822e-02 2.11431357e-02 9.62254852e-03
4.92806762e+01 -3.47272217e-02 -2.77472926e-02 7.01488036e-03 1.19174509e-02 1.36778708e-02 1.77621352e-02
5.19829465e+01 -2.84523032e-02 8.56838613e-03 -3.13202640e-02 1.09026919e-02 1.99659678e-02 1.94413262e-02
5.46793090e+01 -2.19963798e-02 -4.22072579e-03 -5.14804508e-02 9.86768657e-03 1.71106455e-02 1.66127357e-02
5.73809434e+01 -1.49864792e-02 1.20294892e-02 -9.00677675e-02 1.44326087e-02 2.12013023e-02 9.83451869e-03
6.00688465e+01 -2.86268437e-02 -1.75419347e-02 -2.91723298e-02 1.17925687e-02 2.01092854e-02 9.90679698e-03
6.27749997e+01 -1.05715303e-02 2.34785727e-02 -4.20432439e-03 1.51782281e-02 2.44044737e-02 6.60755096e-03
6.54715528e+01 -2.84376429e-02 3.63642749e-02 1.37448625e-02 4.94846350e-03 1.54906866e-02 6.82505597e-03
6.81671137e+01 -1.60128852e-02 -1.39789793e-03 -5.76504337e-02 1.65676453e-02 2.05288486e-02 4.48088217e-03
7.08714262e+01 3.97222343e-03 1.09282411e-02 -7.89821663e-02 1.30753018e-02 1.90549588e-02 2.17436840e-03
7.35660137e+01 3.04026866e-03 1.94199124e-02 -6.64900451e-02 9.28028645e-03 2.32254371e-02 5.71602020e-03
7.62651653e+01 4.40908026e-03 -1.19673968e-02 -1.91830577e-02 9.25203751e-03 1.32596700e-02 7.72315610e-03
7.89513168e+01 -3.56441758e-02 -2.42533318e-02 -1.09919146e-02 1.36808232e-02 2.21661049e-02 7.48238419e-03
8.16411700e+01 -1.73746736e-02 -2.90075953e-02 2.31419013e-02 7.16637490e-03 1.39918085e-02 9.81461419e-03
8.43494934e+01 7.99376377e-03 1.48009519e-02 -7.86500092e-02 8.34508538e-03 1.61409862e-02 7.55432719e-03
8.70625715e+01 3.62777372e-03 4.51127896e-02 -6.76075395e-02 9.08192527e-03 1.82480755e-02 8.57346743e-03
8.97628684e+01 1.20985034e-02 3.51107313e-02 -1.07843504e-01 1.79951632e-02 2.67301402e-02 9.67890628e-03
9.24650340e+01 -1.84230861e-02 -3.41175202e-03 -3.29543040e-02 1.32388075e-02 3.39556500e-02 7.78199707e-03
9.51603809e+01 -2.07351567e-02 -3.69397665e-02 -7.95348066e-02 1.41985377e-02 2.15383113e-02 8.26995758e-03
9.78554496e+01 -1.70955044e-02 -4.04435905e-02 -4.61373295e-02 1.13588389e-02 2.27496001e-02 6.84142456e-03
1.00551289e+02 3.16290127e-04 -1.76963978e-02 -8.18173751e-02 1.59944317e-02 3.05066511e-02 1.25443057e-02
1.03256226e+02 -1.63350864e-02 4.42997705e-03 -4.75620895e-02 1.54012354e-02 2.55583524e-02 4.36206242e-03
1.05960789e+02 9.80242601e-03 -2.52759452e-03 -3.46575848e-02 1.22420622e-02 3.17255356e-02 7.27273059e-03
1.08660679e+02 1.87942993e-03 1.32118028e-02 -1.74312668e-02 9.02319511e-03 2.48712710e-02 7.64071324e-03
1.11369773e+02 2.88394332e-02 -2.23706120e-03 -3.27758231e-02 1.68665364e-02 1.80687162e-02 1.13496380e-02
1.14073273e+02 5.25289167e-02 4.89516182e-03 -4.85460018e-02 1.24983566e-02 2.15367134e-02 6.63920186e-03
1.16782476e+02 2.21777323e-02 -7.18735122e-03 3.16748617e-02 9.41414858e-03 1.41940746e-02 1.50103834e-02
1.19484070e+02 3.13922735e-02 -2.09596138e-02 -4.40868187e-03 7.90225570e-03 2.04631724e-02 1.62345050e-02
1.22190195e+02 -1.00192939e-02 3.43639687e-02 1.97313177e-02 1.06553650e-02 1.06242865e-02 7.59700119e-03
1.24896476e+02 -2.92186444e-02 -7.81430173e-03 -2.62005864e-02 4.06872517e-03 7.98378909e-03 1.23885763e-02
1.27586039e+02 -3.04930384e-02 -7.10617309e-03 -6.27200739e-02 2.72646562e-03 8.97877788e-03 2.35026191e-02
1.30280179e+02 -2.94504484e-02 -5.07726024e-02 -3.35151311e-02 3.92954777e-03 4.83526393e-03 2.05988031e-02
1.32971070e+02 -3.96337383e-02 -9.85298717e-03 -4.91496107e-02 1.53726470e-03 3.30194558e-03 3.67277328e-02
1.35660586e+02 -2.40009032e-02 1.10436506e-03 -9.45347800e-03 2.02529500e-03 5.01425725e-03 1.68549607e-02
1.38367132e+02 4.18822790e-03 -2.21214368e-02 -3.67498684e-02 3.88280914e-03 2.33363865e-03 3.67203193e-02
1.41073039e+02 1.56434363e-03 -9.73859306e-03 1.18172335e-02 3.22141584e-03 2.83250720e-03 1.94789886e-02
1.43751664e+02 -1.75477670e-03 -5.66608503e-03 -2.57704385e-04 4.55297184e-03 6.70908615e-03 2.91079464e-02
1.46457773e+02 -2.42798341e-02 1.76591007e-03 1.87314611e-02 1.16206845e-02 1.47678291e-02 2.56237519e-02
1.49153679e+02 8.54762049e-03 -2.02995186e-02 2.38068009e-02 6.09070177e-03 2.07645173e-02 1.77604982e-02
1.51842773e+02 1.55939153e-02 -6.51559997e-03 1.71289760e-02 3.09501341e-03 2.39655214e-02 1.38707277e-02
1.54559523e+02 3.29458359e-03 3.12445228e-02 -2.41302960e-02 1.63531547e-02 1.66889057e-02 2.40352855e-02
1.57247945e+02 -3.25935195e-02 7.40133795e-03 6.65418823e-03 2.30158728e-03 2.01690996e-02 5.68869728e-03
1.59951117e+02 -5.29028822e-02 2.03936662e-02 6.12033127e-03 1.27240393e-02 1.93910207e-02 2.51789447e-02
1.62651773e+02 -2.91122721e-02 -2.58750766e-02 -2.89648824e-04 1.20114678e-02 2.07315263e-02 7.74231917e-03
1.65354242e+02 -3.40326430e-02 1.68355887e-02 2.96945187e-02 1.53376666e-02 2.37329080e-02 1.57439324e-02
1.68061492e+02 1.41417101e-02 2.58217565e-02 1.97476928e-02 1.34746635e-02 2.95392220e-02 2.58895476e-02
1.70761789e+02 2.97040031e-03 4.53676199e-03 -1.46590243e-02 7.34913859e-03 1.86941166e-02 1.41400389e-02
1.73468195e+02 2.06361783e-02 5.21580293e-02 -2.68227351e-02 8.07055364e-03 2.25597745e-02 1.37227526e-02
1.76180632e+02 7.96056728e-03 1.36409884e-02 9.32171965e-03 1.78817249e-02 1.62083649e-02 1.60135033e-02
1.78888617e+02 -1.84894336e-02 8.82487321e-03 3.13358139e-02 5.37366932e-03 1.36413065e-02 7.35000914e-03
1.81600554e+02 -3.53431431e-02 7.63785242e-03 -3.34571071e-03 1.70537688e-02 1.52666467e-02 1.11204048e-02
1.84296867e+02 -3.77362006e-02 -2.83193194e-02 -3.50427179e-02 1.06105197e-02 1.41692134e-02 7.27723155e-03
1.86997414e+02 -3.61396258e-02 -1.28556826e-02 -8.09036477e-03 2.94231736e-02 1.28737994e-02 1.39843859e-02
1.89695554e+02 -7.16084618e-02 -1.45510686e-02 -2.67113069e-03 1.24329088e-02 1.43791114e-02 1.17336828e-02
1.92399664e+02 -6.08719016e-02 -6.44200978e-03 1.16438557e-02 2.28317303e-02 5.91804433e-03 9.05809341e-03
1.95091711e+02 1.89730174e-02 -3.19404041e-02 -5.08168500e-03 1.15310003e-02 2.00163981e-02 5.33911095e-03
1.97785523e+02 1.27925867e-03 -2.46894890e-02 2.36389621e-02 1.78194980e-02 1.61947115e-02 1.53832343e-02
2.00488570e+02 2.28783577e-02 -6.39485033e-02 -2.34346846e-02 1.12714762e-02 2.63855126e-02 1.03476590e-02
2.03193914e+02 -1.25497654e-02 -2.38459724e-02 -7.88781321e-02 1.10162840e-02 2.79695935e-02 1.76648711e-02
2.05885414e+02 3.33101438e-02 -2.86025734e-02 -4.37628306e-02 1.34493916e-02 2.63729541e-02 2.90494647e-02
2.08593601e+02 -3.55577686e-03 4.95411082e-02 -5.55769832e-02 1.79277589e-02 2.34537242e-02 1.50221474e-02
2.11295445e+02 2.80769916e-02 1.15252488e-03 -3.96127617e-02 2.28565908e-02 2.25733442e-02 2.02498384e-02
2.14006179e+02 -2.21177569e-02 -7.25822611e-03 -1.67623778e-02 1.56067298e-02 1.71236564e-02 1.03250683e-02
2.16703914e+02 -1.56239488e-02 -6.16343202e-02 -8.28904658e-03 1.78411819e-02 2.79206285e-02 9.53095672e-03
2.19393195e+02 2.37387976e-02 -3.78628909e-02 5.99580338e-02 1.71518343e-02 2.31271383e-02 1.68390715e-02
2.22088351e+02 1.52637357e-02 -5.80457924e-02 4.56390517e-02 7.52214452e-03 1.74280198e-02 1.28214960e-02
2.24783757e+02 -1.10919337e-02 -2.06921699e-02 3.14937840e-02 5.61480502e-03 1.85187459e-02 6.06321571e-03
2.27488851e+02 2.70586549e-02 1.88306755e-02 3.10438275e-02 8.47232628e-03 2.03923266e-02 2.13654737e-02
2.30196039e+02 2.82864442e-02 1.20487157e-02 3.68496031e-02 8.14039509e-03 2.41015888e-02 1.81098944e-02
2.32895054e+02 5.72596151e-02 -1.77063945e-02 1.32383145e-02 1.96474961e-02 2.26732783e-02 1.19984587e-02
2.35601336e+02 5.64298158e-02 4.20706465e-02 -2.57251861e-02 1.21729856e-02 1.96693726e-02 5.95594315e-03
2.38298664e+02 -3.43493837e-03 -6.17926500e-03 5.93514998e-03 5.32254392e-03 1.44437064e-02 8.67373823e-03
2.40986382e+02 4.71678152e-02 -4.45355325e-02 3.53598990e-02 1.05572861e-02 1.33539579e-02 2.25766962e-03
2.43668664e+02 2.54772185e-02 -3.33497451e-02 5.57196358e-02 6.90283563e-03 1.66634878e-02 1.74823421e-02
2.46371757e+02 3.75142150e-02 2.73159702e-03 3.89189661e-02 1.32766426e-02 1.55472342e-02 6.45125213e-03
2.49081570e+02 -2.03395518e-02 5.74893693e-02 5.38337212e-02 2.75954744e-02 2.09287159e-02 2.13036283e-02
2.51786804e+02 1.42717945e-02 2.38982161e-02 6.30954654e-02 1.64561553e-02 2.23184193e-02 1.54608375e-02
2.54492226e+02 -6.60018038e-02 -3.90755771e-03 1.62478882e-02 2.06755014e-02 1.78877352e-02 1.85737297e-02
2.57197523e+02 -7.19324200e-02 -1.19754327e-03 -1.55256305e-02 1.23446368e-02 2.01544905e-02 1.38008781e-02
2.59891461e+02 -4.58069529e-02 -2.38565385e-02 -2.27219308e-02 1.34708765e-02 1.57578244e-02 1.07982180e-02
2.62604414e+02 2.47962558e-02 9.10489273e-03 2.57554215e-03 2.14240865e-02 2.35002132e-02 9.11641071e-03
2.65294382e+02 -5.59635444e-03 -5.90464257e-03 4.26081948e-02 7.09889347e-03 1.51901786e-02 6.49288160e-03
2.68009066e+02 -8.93268568e-04 -1.07018797e-02 -2.39905568e-02 5.14678568e-03 1.86577791e-02 8.18335545e-03
