6.82359303e-01 -1.08799344e-02 -4.23940490e-02 6.96413460e-02 1.34510343e-02 1.68662219e-02 1.44163619e-02
3.38516150e+00 -1.99680401e-02 -2.29817509e-02 4.35157500e-02 5.48793539e-03 1.40216787e-02 1.59069136e-02
6.09315541e+00 -9.06004754e-03 -1.66769528e-02 6.80169489e-02 8.20715635e-03 1.76778722e-02 2.72390035e-02
8.77475541e+00 -2.48260690e-02 8.42090626e-03 8.64223067e-02 6.41061921e-03 5.45655067e-03 2.27525935e-02
1.14818615e+01 -9.96258412e-03 -4.35188676e-02 3.84069604e-02 2.95046626e-03 5.82920040e-03 4.35407460e-02
1.41759678e+01 6.11349919e-03 -5.49773241e-02 3.37396001e-02 2.76556781e-03 2.20553416e-03 2.14725151e-02
1.68783037e+01 3.60598181e-02 2.43175812e-02 -3.93937328e-02 1.84727610e-03 1.21717275e-03 2.40292604e-02
1.95778334e+01 1.63390947e-02 -6.20291503e-03 1.59673337e-02 7.47961986e-03 8.10088860e-03 2.95248694e-02
2.22898084e+01 -7.24034718e-03 4.27156518e-03 -1.67944446e-02 2.53759200e-03 9.71045880e-03 2.37355229e-02
2.49985021e+01 -2.29667941e-02 1.11351691e-02 9.92997569e-03 6.90113589e-03 1.40755203e-02 1.56999566e-02
2.76969084e+01 -3.10232932e-02 2.29563586e-02 1.24981370e-02 6.91473589e-03 1.75168540e-02 2.16302107e-02
3.03893662e+01 -1.34374400e-03 -6.51165623e-03 9.83565003e-03 6.86928832e-03 1.95610133e-02 1.09008352e-02
3.30928974e+01 -2.35190479e-03 -3.30926943e-02 8.25986846e-03 6.08688332e-03 1.87341928e-02 1.25743793e-02
3.57939928e+01 -1.06006919e-02 -4.12345028e-02 -3.38506981e-02 1.31301199e-02 2.94322639e-02 1.12419616e-02
3.84926302e+01 -5.00842710e-03 -1.30403936e-02 -2.76644206e-02 7.23388831e-03 2.42797431e-02 1.00233540e-02
4.11927115e+01 1.42187533e-02 -1.71137467e-02 -2.12850296e-02 1.03516513e-02 2.60475856e-02 8.69988568e-03
4.38885459e+01 -6.72911674e-03 -6.66223622e-02 9.89488002e-03 7.82816009e-03 1.71974270e-02 6.83324028e-03
4.65968443e+01 2.22708827e-02 -1.01206667e-02 -6.65503802e-02 9.79974742e-03 1.94046923e-02 1.47403198e-02
4.92969302e+01 2.66835127e-02 -6.08832333e-03 -5.97721954e-04 1.28871834e-02 1.89434098e-02 1.67268909e-02
5.19949787e+01 4.44659360e-03 1.74092977e-02 -9.51888387e-03 9.42216428e-03 2.12220977e-02 1.88489658e-02
5.46908990e+01 -6.30955986e-03 -3.48452090e-02 -2.92426640e-02 9.25952104e-03 1.77799683e-02 7.98984713e-03
5.73899256e+01 1.91566887e-02 8.60657109e-03 -3.15417783e-02 1.35859876e-02 1.79031161e-02 1.50840441e-02
6.00871271e+01 -1.60490335e-02 4.15555654e-02 -2.88619609e-02 1.40989559e-02 1.49556947e-02 1.20493894e-02
6.27984724e+01 2.92428648e-02 4.21074779e-02 -2.81699078e-03 8.74209013e-03 2.20293030e-02 6.59794460e-03
6.54999318e+01 3.68612157e-03 4.48075358e-02 -3.87197161e-02 1.32659252e-02 3.09435204e-02 3.67884536e-03
6.81939756e+01 3.70734913e-03 -2.03968780e-02 -1.94654681e-02 1.40751764e-02 1.78418493e-02 9.28570563e-03
7.09008068e+01 -1.20130573e-03 3.42199137e-02 -8.16095559e-02 1.14986535e-02 3.16382737e-02 1.05360201e-02
7.35948662e+01 6.64588269e-03 -2.42532353e-03 -3.24423722e-02 8.06695330e-03 1.32934392e-02 1.78472944e-02
7.63012162e+01 2.52433590e-02 -1.09186219e-02 -7.84183860e-02 6.60000096e-03 1.80428778e-02 9.84024424e-03
7.90032287e+01 2.87556058e-02 1.30204265e-02 2.37612216e-02 1.04107712e-02 1.78439279e-02 9.40833127e-03
8.17088693e+01 3.09915424e-02 7.26412079e-03 -2.17139708e-02 1.21557615e-02 2.22487547e-02 4.39017039e-03
8.44138459e+01 1.00999218e-02 -1.29631014e-03 -1.76882703e-02 1.55421075e-02 2.02252176e-02 8.02549304e-03
8.71175271e+01 1.64874307e-02 -2.15982630e-02 -5.98658548e-02 9.55361415e-03 1.84692283e-02 1.19720108e-02
8.98123021e+01 -8.49192608e-03 -1.65861218e-02 -3.03534537e-02 6.71453476e-03 1.76246715e-02 1.44402210e-02
9.25252802e+01 -1.78919795e-02 -1.61077128e-02 -3.46253958e-02 8.87875515e-03 2.02461177e-02 1.21706075e-02
9.52102803e+01 9.81475980e-03 -3.81106029e-02 8.89294539e-03 1.08798462e-02 2.16557263e-02 6.26966071e-03
9.79067959e+01 -1.41272018e-02 1.48232092e-03 -6.17393954e-03 1.23426630e-02 2.14329785e-02 7.11640136e-03
1.00599201e+02 -6.74022683e-03 -9.18612149e-04 -3.47288843e-03 1.27658273e-02 2.23853251e-02 1.28499247e-02
1.03302497e+02 -1.05909268e-03 -3.53653539e-03 -2.51089474e-02 6.52473519e-03 1.74240956e-02 8.36504969e-03
1.06004451e+02 4.59480880e-03 -7.85066310e-03 -3.08871418e-02 1.70009660e-02 2.46993991e-02 1.07338708e-02
1.08700404e+02 1.34417995e-02 9.20409472e-03 -2.00779919e-02 1.30549096e-02 2.84954968e-02 7.85929804e-03
1.11401716e+02 4.06461968e-04 -4.56412392e-03 -5.80202885e-02 1.21894951e-02 1.99898512e-02 1.05522293e-02
1.14076044e+02 -1.42206411e-02 -8.71764970e-03 -3.62620667e-02 1.00412289e-02 2.09025719e-02 8.58601953e-03
1.16777482e+02 2.69289202e-02 -1.77583517e-02 -5.86120266e-02 1.26945910e-02 1.61498685e-02 1.29064924e-02
1.19488294e+02 3.23663445e-02 -1.26659959e-02 -4.83062923e-02 4.84147335e-03 9.09027284e-03 6.51203015e-03
1.22197013e+02 1.33071943e-02 2.62895435e-02 -7.74693399e-03 4.75966795e-03 7.97966367e-03 1.91121850e-02
1.24901451e+02 1.22667877e-02 -3.41241442e-02 -5.10655339e-02 3.75310181e-03 1.45814641e-02 2.96541575e-03
1.27600029e+02 -2.28490901e-04 2.33540772e-02 -5.66982133e-02 1.00860274e-02 1.32582634e-02 1.60046881e-02
1.30300763e+02 -1.69626549e-02 9.73888842e-04 -4.96212972e-02 3.29236430e-03 9.09076926e-03 9.87428555e-03
1.33018044e+02 1.87421612e-02 1.83983389e-02 -7.85420770e-02 2.38129523e-03 6.74107330e-03 1.76226193e-02
1.35709122e+02 1.98080933e-03 -1.64592567e-02 9.38460632e-03 4.27684375e-03 2.46345417e-03 2.05634257e-02
1.38418872e+02 4.47771067e-03 -1.32902991e-02 -6.66485282e-02 4.73765572e-03 5.96522389e-03 2.52474711e-02
1.41118216e+02 -6.75465341e-03 -2.27535727e-02 5.18016263e-02 4.19225847e-03 1.61136885e-03 1.81427535e-02
1.43813810e+02 -2.99118937e-02 -2.11056000e-02 -2.60506348e-02 6.63521892e-03 4.81082233e-03 2.61229977e-02
1.46516654e+02 -7.34983477e-02 2.73149388e-02 -1.49322303e-02 1.27132151e-02 2.35202524e-02 1.62560885e-02
1.49209388e+02 -3.44190837e-02 -1.77067630e-02 3.30956693e-02 1.75874412e-02 1.87354071e-02 3.33122558e-02
1.51888888e+02 2.30552939e-02 -1.87857127e-02 2.09561997e-02 7.14548530e-03 3.05026378e-02 1.87882886e-02
1.54604294e+02 -3.76778727e-02 7.68959400e-04 -2.88289711e-02 5.68853641e-03 3.38338251e-02 1.30971259e-02
1.57300044e+02 -4.62211111e-02 1.07239088e-02 -6.75653486e-02 6.94089119e-03 2.30604886e-02 1.93181344e-02
1.60001560e+02 -5.66886396e-02 -3.03157525e-03 -8.09916104e-02 6.77880337e-03 2.05507973e-02 1.48950482e-02
1.62694888e+02 -2.35548414e-02 -1.59875591e-02 -6.33915482e-02 5.11214472e-03 2.37102579e-02 1.05534085e-02
1.65400169e+02 -3.61601328e-03 2.68971220e-02 -1.69484968e-02 1.77295905e-02 2.37547295e-02 3.13860640e-02
1.68098216e+02 -2.81746485e-02 -1.87300159e-02 -5.02449514e-03 1.35683373e-02 1.75313978e-02 3.90548181e-03
1.70801029e+02 -4.10032340e-02 -1.69188641e-02 -1.77321917e-02 2.46648503e-02 1.55441000e-02 1.79518630e-02
1.73503591e+02 -4.55376289e-02 5.18152255e-02 1.91042824e-02 1.00435828e-02 8.78425530e-03 3.57764134e-03
1.76203076e+02 -4.43290568e-02 2.37215465e-02 -1.47133771e-02 2.79700296e-02 1.24986672e-02 1.36817237e-02
1.78891560e+02 -2.89530945e-04 3.46692641e-03 -3.63668621e-03 5.69934254e-03 1.68718819e-02 8.11833373e-03
1.81599107e+02 2.38604474e-02 1.91507358e-02 -3.45558914e-02 3.33026944e-02 1.34963663e-02 6.03414226e-03
1.84299591e+02 -3.04808573e-02 9.40044024e-03 1.27737894e-02 9.95382250e-03 1.30504603e-02 5.28479554e-03
1.87001310e+02 -1.89678021e-02 1.14997770e-02 2.29046487e-02 1.02696015e-02 1.55119930e-02 1.56150397e-02
1.89697982e+02 -1.59646117e-02 -2.55693227e-02 1.51467354e-02 9.68543191e-03 1.82927461e-02 1.59507588e-02
1.92394966e+02 3.50925831e-02 1.58372107e-02 1.24270361e-02 2.31315279e-02 1.33077691e-02 1.37685056e-02
1.95104904e+02 -1.05757482e-02 4.83059184e-03 -2.61669842e-02 1.23562015e-02 1.95484389e-02 2.40052946e-02
1.97800716e+02 -2.72133813e-02 -1.27445312e-02 3.03729435e-03 1.83553441e-02 2.74225161e-02 1.28064318e-02
2.00500216e+02 -3.55751584e-02 -5.23005489e-02 9.45274594e-03 1.90142298e-02 1.65732359e-02 1.62961275e-02
2.03199326e+02 -1.05159834e-03 -9.30496508e-03 4.82966309e-02 2.41043784e-02 1.61458758e-02 1.12575656e-02
2.05891638e+02 4.44205533e-02 -3.85437082e-02 4.61360343e-02 1.09759298e-02 1.43042114e-02 5.11763263e-03
2.08607310e+02 -1.55833552e-02 2.23446809e-04 -3.12090862e-03 2.11053145e-02 2.24021816e-02 1.48342629e-02
2.11309044e+02 -2.36834800e-02 -1.85795287e-02 -9.54903712e-03 1.57414386e-02 1.81114890e-02 1.65086908e-02
2.14008529e+02 -3.11665493e-03 6.28671686e-03 -9.39077283e-03 2.03202251e-02 1.79569348e-02 1.02578935e-02
2.16710966e+02 1.90295739e-03 -4.64574446e-02 -1.24927060e-02 1.11520633e-02 2.17787266e-02 1.33107796e-02
2.19417388e+02 5.81539447e-02 2.34488555e-02 -1.66446567e-02 9.16731657e-03 1.86326550e-02 7.37921673e-03
2.22120935e+02 -1.66472856e-02 -3.75092063e-03 -2.04276015e-02 1.51106649e-02 1.93067880e-02 8.89065951e-03
2.24829341e+02 3.20551493e-02 -3.37136080e-02 -1.79325868e-02 1.44400210e-02 1.21527233e-02 6.56242207e-03
2.27518216e+02 -1.26843445e-03 -1.51729317e-02 -1.02505929e-02 6.43046909e-03 1.67801266e-02 1.18268637e-02
2.30232919e+02 -2.54750134e-02 6.24761295e-03 -6.37752215e-02 6.63824548e-03 1.49328254e-02 8.27434608e-03
2.32935388e+02 -9.91180328e-02 5.62752627e-03 -5.45362770e-02 9.56291591e-03 1.12405211e-02 8.24338307e-03
2.35638154e+02 -1.05607747e-01 -9.64500579e-04 -3.28935551e-02 8.68058319e-03 1.52727408e-02 4.07212534e-03
2.38336404e+02 -8.70560609e-02 3.99325374e-02 -2.09839064e-02 2.44885378e-02 1.27713278e-02 9.75780371e-03
2.41036357e+02 -3.15000768e-02 1.62994226e-02 -1.49318404e-02 2.95466354e-03 1.27378564e-02 6.63306629e-03
2.43731388e+02 -5.25554989e-02 -1.49218798e-02 4.67293051e-02 1.44214350e-02 1.09333512e-02 1.68390662e-02
2.46424060e+02 -5.90888508e-03 -4.34833646e-02 3.85457220e-03 1.20786594e-02 1.69902488e-02 2.15834629e-02
2.49123763e+02 -4.08894965e-02 1.27084144e-02 -2.93454437e-02 1.22747590e-02 1.77557653e-02 8.01519086e-03
2.51817607e+02 -3.67510320e-02 1.26374868e-03 -2.45452106e-02 7.71451605e-03 1.46384735e-02 1.31585156e-02
2.54513294e+02 -7.62819419e-02 -5.51150864e-03 -3.52504261e-02 1.49079617e-02 2.42451267e-02 7.35952555e-03
2.57221513e+02 -7.80824568e-02 4.91131664e-02 -1.11078650e-03 1.09843710e-02 2.04690787e-02 1.79420658e-02
2.59907701e+02 -2.92890115e-02 -2.22661425e-02 5.22888707e-02 2.43508276e-02 1.86572374e-02 1.48682652e-02
2.62611607e+02 -1.40192918e-03 -2.24670374e-02 6.66504864e-02 4.89031355e-03 1.34774318e-02 1.78226800e-02
2.65301888e+02 1.23184992e-02 -1.36685901e-02 8.93151208e-02 1.04561257e-02 1.92888787e-02 1.11257884e-02
2.68023816e+02 3.57870104e-02 -2.99854312e-02 -1.79734339e-03 9.33625636e-03 1.25397542e-02 1.20471379e-02
