7.12400082e-01 1.07045702e-02 -8.62851623e-03 1.69590934e-02 7.78449484e-03 1.57806689e-02 2.29176590e-02
3.40629290e+00 -1.85539881e-03 1.44142558e-02 1.46744645e-02 8.49844165e-03 1.44569098e-02 1.73558954e-02
6.09729541e+00 1.41257334e-03 -2.32647728e-02 4.03279947e-02 8.05206033e-03 1.77159511e-02 2.32110408e-02
8.79309228e+00 1.17285794e-02 -3.07868749e-02 3.14867992e-03 1.26706610e-02 1.08277477e-02 1.42818584e-02
1.14926418e+01 2.92636720e-03 1.69813100e-02 4.89187899e-02 3.49819596e-03 7.97176339e-03 1.41456559e-02
1.41908121e+01 1.85076347e-02 2.49062019e-03 -1.03862579e-02 4.77393537e-03 4.59965876e-03 9.05626789e-03
1.68815152e+01 -4.27706079e-03 1.08952201e-02 -2.17356617e-02 3.74792240e-03 4.95465477e-03 7.31701545e-03
1.95815371e+01 1.27133576e-02 2.25944064e-02 2.49201185e-02 2.74259870e-03 4.58115677e-03 6.99435268e-03
2.22642543e+01 -1.28079290e-03 1.91953771e-02 -1.78167722e-02 2.85236750e-03 3.29394685e-03 1.41784772e-02
2.49593402e+01 1.42722741e-02 -5.10692271e-03 -1.13332196e-02 1.72072433e-03 2.42211191e-03 2.04289830e-02
2.76422199e+01 1.19167725e-02 -3.51913619e-02 2.11638977e-02 2.41298553e-03 3.02579116e-03 1.50148604e-02
3.03488981e+01 1.26891910e-03 -3.33396879e-02 -3.14920164e-02 5.73204711e-03 6.24404253e-03 1.01669185e-02
3.30597918e+01 5.60436835e-03 -2.75878324e-03 -4.90990358e-02 5.90327684e-03 1.26224200e-02 6.85581795e-03
3.57606856e+01 1.85980409e-03 -4.35787963e-02 -6.05127079e-02 1.63404455e-02 1.29921876e-02 1.60215672e-02
3.84636043e+01 -5.46502738e-03 -5.13792341e-03 -6.21549088e-02 8.55718940e-03 1.04035474e-02 2.72193191e-02
4.11657637e+01 2.40464944e-03 9.82727509e-03 -2.56666609e-02 5.01116568e-03 1.04894691e-02 1.40869510e-02
4.38630387e+01 4.05121917e-02 -2.15053678e-02 -5.54687587e-02 9.06760470e-03 1.26699017e-02 2.23346954e-02
4.65509121e+01 -1.60791388e-02 1.90450222e-02 1.74250260e-02 3.25164634e-03 1.26165908e-02 8.85089634e-03
4.92499043e+01 -8.47355762e-03 -3.51457069e-02 -3.18561961e-02 1.02758053e-02 1.57770462e-02 1.26452645e-02
5.19391949e+01 8.98038842e-03 1.37459048e-02 6.77399268e-03 8.82678773e-03 1.31072686e-02 1.01683356e-02
5.46474356e+01 -1.37271018e-04 2.99804237e-02 -5.19369868e-02 1.19910806e-02 1.66406380e-02 7.78535444e-03
5.73519793e+01 -1.42925047e-02 4.68032500e-02 -2.98103626e-02 5.35716809e-03 1.83317774e-02 1.65330847e-02
6.00589793e+01 7.79849233e-03 3.03767265e-02 -6.37514277e-02 1.61168127e-02 2.20644444e-02 6.97267212e-03
6.27453637e+01 -2.53278872e-02 -2.00218503e-03 -3.20935367e-02 1.12861705e-02 2.32183357e-02 1.40469492e-02
6.54557746e+01 -1.42626168e-02 4.67879047e-02 -5.09873160e-02 2.73656331e-02 1.69577012e-02 4.22651930e-03
6.81598387e+01 -2.00762815e-03 -3.13100090e-02 -4.23025545e-02 6.77356317e-03 1.94024121e-02 1.05640279e-02
7.08693184e+01 -2.66503485e-02 9.50388016e-03 -3.26079006e-02 7.87912351e-03 1.57931059e-02 5.05240959e-03
7.35741762e+01 -2.45027809e-02 -1.36414350e-02 -7.59016968e-02 8.89271551e-03 2.27886412e-02 1.42154578e-02
7.62660277e+01 -1.66077522e-02 4.91160550e-02 -2.41357846e-02 1.02748324e-02 1.44065042e-02 1.31358332e-02
7.89772043e+01 4.62825587e-03 2.93416790e-03 -6.65746708e-02 6.24329659e-03 1.25074994e-02 8.49869813e-03
8.16807856e+01 -1.62476387e-02 -1.35978409e-02 -3.19030857e-02 1.35744093e-02 1.29293161e-02 1.64197118e-02
8.43763418e+01 -1.79905479e-02 -1.00834867e-03 1.74442939e-03 1.20664799e-02 1.72029896e-02 5.88497599e-03
8.70846606e+01 -1.61349944e-02 -2.02554799e-03 -8.19441725e-03 1.18509937e-02 1.56316827e-02 2.73770866e-02
8.97872824e+01 6.40498417e-03 7.76740719e-03 -3.16992838e-02 1.01598282e-02 1.65537919e-02 6.89054209e-03
9.24802715e+01 -1.21769971e-02 -1.69608601e-02 -2.17997695e-02 4.46459706e-03 9.63937616e-03 2.35746688e-02
9.51768418e+01 -1.52104364e-02 -1.40372124e-02 -7.79958870e-02 8.00787361e-03 1.80435685e-02 1.26317120e-02
9.78715887e+01 -3.36773558e-02 -9.88970756e-03 -8.27399333e-02 1.09642895e-02 2.12499840e-02 7.48392887e-03
1.00568064e+02 -4.00608163e-02 1.01090402e-02 -3.22366185e-02 8.59423569e-03 1.91675219e-02 1.40594267e-02
1.03271282e+02 -6.23287889e-03 -1.38933190e-02 -4.98970089e-02 1.23208165e-02 1.71838410e-02 1.07672259e-02
1.05973095e+02 1.08069536e-02 -2.92699525e-02 -2.26230550e-02 9.13103316e-03 1.20270813e-02 2.15714757e-02
1.08665892e+02 -3.80275056e-02 -2.50873179e-02 -8.09759425e-02 1.59577167e-02 2.93634038e-02 4.70308201e-03
1.11370611e+02 -2.50300449e-02 -3.72884985e-03 -5.61655394e-02 7.87930212e-03 1.48625945e-02 8.48792836e-03
1.14066189e+02 9.07335309e-03 -2.23040246e-02 -8.50359709e-02 1.22968481e-02 3.04856596e-02 3.49296829e-03
1.16752626e+02 -1.56513709e-02 -1.43356495e-03 1.31733945e-02 1.00531454e-02 2.42766566e-02 1.56746977e-02
1.19455282e+02 3.98222604e-02 7.27159522e-03 -6.87451278e-02 5.01444599e-03 1.38115537e-02 7.49848291e-03
1.22163282e+02 1.85320026e-04 4.06074348e-02 -2.92791815e-02 7.07906852e-03 1.39940774e-02 1.64111845e-02
1.24866548e+02 1.07787137e-02 -2.27645248e-03 -5.68558925e-02 9.12072322e-03 1.05113938e-02 6.45165237e-03
1.27565423e+02 -1.21760279e-02 4.75539751e-02 2.82985702e-02 6.89747732e-03 8.70427556e-03 2.66067645e-02
1.30260907e+02 1.32725372e-02 -5.11460733e-03 9.85954941e-03 6.06719522e-03 9.78287991e-03 1.38946252e-02
1.32965189e+02 1.55544889e-03 1.18979463e-02 -1.63283811e-02 1.05789137e-03 6.40450783e-03 3.13954889e-02
1.35674611e+02 1.54281214e-02 1.23444024e-02 -4.17397523e-02 5.52156391e-03 5.19309115e-03 1.07827650e-02
1.38366689e+02 7.24728100e-03 -1.34683725e-02 4.31111319e-03 2.18575401e-03 2.56851022e-03 1.03759222e-02
1.41070986e+02 6.50930589e-03 -1.36928080e-02 -5.21390640e-02 1.18915407e-03 2.44266784e-03 1.69973282e-02
1.43771704e+02 -5.28641111e-03 -4.70481693e-02 2.01964959e-02 9.71123987e-03 2.19073838e-03 1.39898602e-02
1.46471017e+02 -4.42419753e-02 -1.82050396e-02 -1.91322005e-03 3.26009392e-03 2.00162507e-02 1.37771683e-02
1.49178579e+02 -2.81421264e-02 -2.92608127e-02 -1.20197827e-02 1.26136196e-02 2.22179845e-02 2.40481121e-02
1.51879142e+02 -6.20645366e-03 8.18281769e-03 3.05780706e-04 6.64567098e-03 1.39449614e-02 1.34496996e-02
1.54582829e+02 -6.29540511e-03 2.22983402e-02 3.73353859e-02 1.38575426e-02 1.55665407e-02 1.29689238e-02
1.57291001e+02 -1.00961190e-02 3.82180250e-02 -2.33161916e-02 8.30618585e-03 3.10303524e-02 1.44658225e-02
1.59988282e+02 1.79525682e-02 1.21702719e-02 9.63929600e-03 1.60394589e-02 2.85659558e-02 1.59991590e-02
1.62697798e+02 3.47759743e-03 -2.14803493e-02 -1.71692856e-02 9.83494232e-03 2.75998778e-02 1.19630878e-02
1.65407486e+02 -4.93875649e-02 1.83435636e-02 -3.64882703e-02 2.28018976e-02 2.14027442e-02 2.84498910e-02
1.68100939e+02 -2.73728685e-02 -1.00619525e-04 -7.58986249e-03 5.34195406e-03 2.69595176e-02 7.02461681e-03
1.70794470e+02 -4.08224078e-02 -2.60890487e-02 9.95052728e-03 1.66748738e-02 2.10608222e-02 2.12030247e-02
1.73499079e+02 -4.00355257e-02 1.10753275e-02 8.54178721e-03 9.54319148e-03 2.71998678e-02 1.27140066e-02
1.76193267e+02 -2.46510064e-02 -1.11270182e-02 1.28070688e-02 7.93844394e-03 2.60509370e-02 1.45104366e-02
1.78891345e+02 -2.95613194e-02 -1.02369176e-02 2.12401873e-02 1.54703132e-02 2.57203394e-02 1.54462642e-02
1.81592439e+02 -1.61493463e-02 4.41428238e-02 -1.58384844e-02 1.04642123e-02 2.66912828e-02 8.28655322e-03
1.84282736e+02 4.43514603e-03 3.44518013e-02 3.21504155e-02 5.37146024e-03 1.68318071e-02 1.07994524e-02
1.86993173e+02 -2.00247841e-03 2.81426202e-03 4.60062215e-03 1.11142299e-02 2.06927442e-02 9.57580720e-03
1.89690329e+02 -6.84938125e-03 -2.71415257e-02 8.44057751e-04 1.70425099e-03 1.53838817e-02 8.56956712e-03
1.92386595e+02 -1.16894399e-02 -1.63473252e-02 2.59700784e-02 9.70758705e-03 1.89184017e-02 1.32133097e-02
1.95082267e+02 1.79426234e-02 -4.30257503e-02 1.15706345e-02 5.08476199e-03 2.59207277e-02 9.27536932e-03
1.97785079e+02 -1.04238844e-02 5.48952695e-03 -4.05798541e-02 2.66677582e-02 1.89361531e-02 2.45373355e-02
2.00480173e+02 2.60717020e-02 -5.09492334e-03 -3.71522014e-02 7.76888693e-03 2.17991682e-02 1.06194553e-02
2.03187251e+02 -3.42435348e-02 7.45727411e-03 -1.47924074e-02 1.35243215e-02 1.98079700e-02 2.32661657e-02
2.05888298e+02 2.21766587e-02 -7.57449619e-02 -2.91411908e-03 1.42747497e-02 2.11593227e-02 1.01378156e-02
2.08577595e+02 3.07259935e-02 -3.96266372e-02 6.36538856e-03 1.64843956e-02 2.29447808e-02 1.45842625e-02
2.11276017e+02 6.05256052e-02 -5.22895618e-02 3.31883602e-02 7.31637553e-03 2.00748670e-02 1.39461026e-02
2.13981267e+02 -1.07210536e-03 1.80608172e-02 -3.34671019e-03 1.06056982e-02 2.67700303e-02 1.29230386e-02
2.16702329e+02 -4.57174173e-02 3.10741423e-02 -4.04133160e-02 2.45291964e-02 2.00154782e-02 2.34561338e-02
2.19412423e+02 -1.19804907e-01 3.32602076e-02 -1.32990201e-02 1.09643911e-02 1.98997624e-02 9.03877666e-03
2.22123032e+02 -7.69257593e-02 -1.47260649e-02 -7.08717439e-03 9.89470967e-03 2.09276466e-02 1.47975143e-02
2.24821501e+02 -7.88277660e-02 3.62685560e-02 -1.26522340e-03 6.83798130e-03 2.09402534e-02 1.68460615e-02
2.27523876e+02 -5.30887442e-02 6.23344483e-03 9.53382965e-03 1.12374245e-02 1.35942788e-02 4.59692919e-03
2.30214064e+02 -2.30707282e-02 -4.59544963e-02 6.90482182e-04 9.83277432e-03 2.06243642e-02 1.04769000e-02
2.32914907e+02 -2.32995165e-02 -1.15549627e-02 -1.20998685e-02 1.61708114e-02 1.28506380e-02 1.31890954e-02
2.35621345e+02 -5.16227779e-02 -4.75612097e-03 -4.37272875e-02 8.79131300e-03 1.30761165e-02 1.06005767e-02
2.38322657e+02 -4.46952947e-02 9.08083279e-03 -4.04950729e-02 2.53919992e-02 1.90319987e-02 6.88070556e-03
2.41033361e+02 -4.00403190e-02 -7.01721087e-03 -4.31778306e-02 9.56454485e-03 1.27223408e-02 1.17055546e-02
2.43749032e+02 -4.85769880e-02 -3.06864907e-03 -4.74120997e-02 1.20977517e-02 1.87315169e-02 2.38267564e-02
2.46441892e+02 -2.94525919e-02 -4.91684824e-02 -1.02972244e-03 8.12754403e-03 3.26364977e-02 1.44165841e-02
2.49140251e+02 -6.26539028e-02 4.14729839e-03 -4.36036031e-04 1.24086604e-02 2.59862293e-02 1.38022362e-02
2.51842564e+02 -2.33862996e-02 1.60559161e-02 -3.37227756e-02 1.07154459e-02 2.09334766e-02 8.74947238e-03
2.54537204e+02 -3.01624907e-02 -1.70060805e-02 8.85533660e-03 1.29787149e-02 1.88731474e-02 8.04900042e-03
2.57236564e+02 2.93274500e-02 5.35319960e-02 4.54250099e-02 7.92941542e-03 4.82373547e-03 1.10709824e-02
2.59932017e+02 3.12669338e-02 1.34696089e-02 4.90764442e-02 1.43096276e-02 1.10804614e-02 1.36165493e-02
2.62634595e+02 -4.16082633e-02 4.76658806e-03 5.24454535e-03 6.69885124e-03 2.07234794e-02 1.63029098e-02
2.65333470e+02 2.31607328e-03 -1.98363279e-02 7.51557923e-03 1.52838317e-02 2.47548011e-02 1.49676698e-02
2.68019787e+02 9.62831043e-03 -4.71060364e-02 6.25078153e-03 7.08482033e-03 2.01689109e-02 1.29343135e-02
