7.00226935e-01 -1.91434483e-02 1.43079723e-03 1.03581648e-02 1.23059059e-02 2.14203712e-02 5.34980768e-03
3.39208632e+00 -5.27488566e-03 -3.02334893e-02 3.89052664e-02 6.98316919e-03 1.81184300e-02 1.13823854e-02
6.07883100e+00 -1.05331761e-02 -2.64192583e-02 1.33709592e-02 1.15874611e-02 1.40886177e-02 1.31839285e-02
8.77803053e+00 -2.61369162e-02 6.02699258e-03 -8.53992187e-03 7.85159524e-03 1.21055803e-02 1.12713776e-02
1.14744054e+01 2.84306640e-02 1.22160980e-03 6.80005118e-02 1.19926704e-02 9.55664545e-03 2.46074601e-02
1.41806226e+01 2.85617887e-02 -8.18608611e-04 2.62855853e-02 3.12198053e-03 8.16767898e-03 1.81394260e-02
1.68746054e+01 3.08725448e-02 4.33271287e-02 8.15113847e-02 3.40772176e-03 3.95086276e-03 2.18694240e-02
1.95723804e+01 7.71194945e-03 1.83559615e-03 2.50256670e-02 1.29891962e-03 1.07999556e-03 1.79882632e-02
2.22698694e+01 -4.28347342e-03 -4.63809106e-02 5.76502050e-02 3.09907927e-03 2.06716253e-03 1.59323908e-02
2.49758476e+01 1.16458173e-03 -3.43315832e-02 -4.06582419e-02 2.29881883e-03 6.45278171e-03 1.61827511e-02
2.76741944e+01 -7.10699670e-03 -9.47277906e-03 -6.05311068e-02 7.14221383e-03 1.16319898e-02 1.50732344e-02
3.03554757e+01 2.58089064e-04 -1.88524045e-02 -9.37365494e-03 1.21136510e-02 1.21048796e-02 1.89088951e-02
3.30563507e+01 2.32197882e-02 5.69407808e-04 -2.08811882e-02 7.85960791e-03 1.38040103e-02 1.24415851e-02
3.57559866e+01 1.23353632e-02 -3.76102616e-04 1.88150023e-02 8.76362605e-03 1.14778864e-02 1.05917618e-02
3.84668382e+01 2.27734843e-02 -3.87496321e-03 -9.60789689e-02 1.03788212e-02 1.18323523e-02 7.88420759e-03
4.11751241e+01 2.99379823e-02 -1.57510708e-02 -8.93884876e-02 8.39744361e-03 1.26632064e-02 5.20083137e-03
4.38786491e+01 9.04910994e-03 -4.98703721e-02 -8.37037933e-02 1.42885463e-02 9.68794973e-03 1.16179800e-02
4.65908257e+01 4.04268205e-02 -2.28690494e-02 -6.16148692e-02 1.59000165e-03 1.39287416e-02 5.15223673e-03
4.92923007e+01 2.49679131e-02 -1.95326998e-02 -4.05340286e-02 2.59747990e-02 2.39105659e-02 1.09033087e-02
5.19983569e+01 3.22645402e-03 5.98878642e-03 -2.10149794e-02 8.92314906e-03 1.15466992e-02 1.28504303e-02
5.47051116e+01 6.42061078e-03 3.82461719e-03 -4.27249778e-02 8.50709783e-03 2.09149733e-02 1.36622865e-02
5.74187929e+01 3.95159159e-02 3.84226916e-02 -5.24941609e-02 1.41496516e-02 2.02655795e-02 1.55069483e-02
6.01151413e+01 1.13978162e-03 4.21893498e-02 -2.54441747e-02 3.54660595e-03 1.45223201e-02 7.89382189e-03
6.28166491e+01 1.20905068e-02 -1.23628920e-02 -7.23550222e-02 1.06714522e-02 2.33992047e-02 9.63305800e-03
6.55207522e+01 6.91108697e-03 8.47607656e-03 -2.54607190e-03 1.75034885e-02 2.06883103e-02 5.27542132e-03
6.82226273e+01 2.59975554e-02 -6.26651653e-03 -5.99498126e-02 7.62700575e-03 1.81875642e-02 1.21051691e-02
7.09220882e+01 -6.19768999e-04 4.11300452e-02 -4.75335513e-02 6.32726043e-03 1.82394866e-02 1.54962638e-02
7.36225116e+01 2.38318881e-02 7.82018132e-03 -6.66250617e-02 1.19715759e-02 1.07275028e-02 2.45691460e-02
7.63198835e+01 2.70845051e-02 1.97931536e-02 -1.56412680e-02 3.84808887e-03 1.17273084e-02 2.78346552e-02
7.90271366e+01 1.10774129e-02 2.16692515e-02 -4.38226486e-02 1.21783867e-02 1.77988385e-02 1.56601637e-02
8.17238913e+01 1.39337758e-02 2.61232384e-02 2.03390082e-02 1.65984895e-02 1.76250741e-02 1.74541775e-02
8.44212007e+01 -1.67229925e-02 -2.51994181e-02 -5.23937924e-02 6.93662601e-03 1.26833405e-02 1.52100769e-02
8.71109491e+01 4.85020317e-03 -4.27118312e-02 2.42788660e-02 7.94085531e-03 1.33161369e-02 1.33171367e-02
8.98101444e+01 1.29671187e-02 -2.06770058e-02 3.22625561e-03 1.03906722e-02 1.97416524e-02 1.47622749e-02
9.25064382e+01 -1.05242861e-02 -1.75131187e-02 2.37117268e-04 3.36545555e-03 1.70823055e-02 1.02852852e-02
9.52037710e+01 -8.98727448e-03 -3.44738038e-02 -2.48624283e-03 1.65520146e-02 1.19766457e-02 9.02538639e-03
9.79138179e+01 -1.17751482e-02 8.64014545e-03 -8.36360774e-04 7.55128144e-03 1.26631971e-02 7.22993717e-03
1.00613302e+02 -2.76654959e-03 -1.29582997e-02 -3.25157241e-02 1.12280677e-02 1.82940674e-02 8.40590745e-03
1.03309083e+02 -1.74981897e-02 3.99868021e-02 -9.73432452e-03 1.05661626e-02 1.71495178e-02 2.17739664e-02
1.06002083e+02 -2.09429685e-02 3.79176410e-02 -2.23700166e-02 1.02229628e-02 2.05659774e-02 1.16549249e-02
1.08689927e+02 9.85574704e-04 8.66887073e-03 -3.92433256e-03 1.67232059e-02 2.98623231e-02 2.10367141e-02
1.11401521e+02 -3.28499806e-03 2.93249756e-03 -3.79633497e-02 5.37484767e-03 1.90502850e-02 1.72939137e-02
1.14108927e+02 -1.13019231e-02 -6.45963205e-03 -6.56315637e-02 1.22180992e-02 1.75522019e-02 1.69736395e-02
1.16814083e+02 -1.04367267e-02 1.62093917e-03 -3.61715962e-02 1.20348221e-02 2.29429981e-02 2.03428200e-02
1.19513459e+02 1.00254248e-03 -5.82385298e-03 -3.59543621e-02 1.69677534e-02 2.02852904e-02 1.90881450e-02
1.22214209e+02 -8.12266741e-03 7.52426872e-03 -4.13102825e-02 1.22277553e-02 2.41820922e-02 1.52682591e-02
1.24903646e+02 8.95462341e-03 -1.55151182e-02 -2.41929442e-02 1.28567881e-02 1.57685419e-02 1.38257991e-02
1.27604380e+02 -1.19120781e-02 7.13181709e-04 -3.58700451e-02 1.23645225e-02 1.54891570e-02 9.31133801e-03
1.30292740e+02 -4.91875553e-02 -2.80254461e-02 -4.46107956e-02 8.97779127e-03 9.44133878e-03 2.25629794e-02
1.32989927e+02 -1.07471669e-02 -3.59647288e-03 -3.81250104e-02 2.75702098e-03 5.27348686e-03 2.38026618e-02
1.35678318e+02 -9.17757662e-03 -7.38295416e-03 -2.03845578e-02 1.02467941e-02 4.67887612e-03 2.28318162e-02
1.38378365e+02 9.42042104e-03 2.99557999e-02 7.45632402e-02 6.25813029e-04 1.16731810e-03 2.58278206e-02
1.41082177e+02 2.16995508e-02 -2.19184253e-02 5.16782144e-02 3.87571865e-03 3.09354664e-03 1.61085990e-02
1.43779084e+02 1.12198039e-02 -3.15389222e-02 2.77610959e-02 4.54085431e-03 8.92081129e-03 1.54750122e-02
1.46497771e+02 -4.52570159e-02 -8.13349925e-03 -3.99969621e-02 1.93053052e-02 1.94380091e-02 8.67711757e-03
1.49196240e+02 -2.36496062e-02 -2.47243166e-02 2.25772312e-02 1.52516279e-02 1.24139662e-02 1.04010856e-02
1.51898787e+02 -1.05913104e-02 3.83536412e-04 3.37198356e-03 1.39469478e-02 2.00389860e-02 1.83705754e-02
1.54599505e+02 -1.28515110e-02 5.97391399e-02 1.96113211e-02 1.09377561e-02 2.02278139e-02 1.52047457e-02
1.57304505e+02 -7.10826890e-03 1.14573996e-02 4.00672282e-02 8.16473790e-03 1.34570312e-02 1.22505154e-02
1.60000771e+02 1.39042201e-02 1.27467225e-02 7.81092288e-02 1.58914591e-02 1.61383671e-02 1.40128776e-02
1.62709458e+02 -2.22581037e-02 -2.86379597e-02 4.09697808e-02 6.05563154e-03 2.24159865e-02 7.24027504e-03
1.65408958e+02 -1.54480632e-02 2.86718653e-03 5.00940777e-02 8.23480757e-03 2.90624754e-02 1.40716296e-02
1.68109349e+02 -3.69286360e-02 5.11292190e-04 2.54179429e-02 3.60492832e-03 2.37819984e-02 9.96405161e-03
1.70812474e+02 -5.33162207e-02 -4.51162416e-02 -4.85391700e-03 5.57642251e-03 3.42662019e-02 2.37456418e-02
1.73508912e+02 -6.04879883e-02 -1.46704964e-02 2.74848559e-02 6.24839401e-03 2.11462940e-02 1.94142377e-02
1.76207427e+02 -4.19417435e-02 1.17038231e-02 1.42450255e-02 1.78051600e-02 2.01128377e-02 1.68029801e-02
1.78897349e+02 -2.64242014e-02 1.04035900e-02 3.20965159e-02 4.33868246e-03 3.42028287e-02 1.67777305e-02
1.81596646e+02 -1.07757779e-02 4.92204422e-02 2.47251779e-02 1.63270861e-02 3.48153474e-02 2.03743100e-02
1.84291552e+02 -1.66043654e-02 9.35595923e-03 5.25330769e-03 2.44859945e-03 2.61950845e-02 1.13475006e-02
1.86989568e+02 -9.19274973e-02 1.01546362e-02 1.70691815e-02 8.62165750e-03 1.96370470e-02 1.49131171e-02
1.89695052e+02 -1.06190872e-01 -1.00537462e-02 7.55164470e-03 1.95253102e-02 2.09963566e-02 1.40910259e-02
1.92384037e+02 -5.83142888e-02 4.38728785e-04 1.92690926e-02 1.22569476e-02 1.82711225e-02 9.28743608e-03
1.95090896e+02 -6.31220541e-02 -2.04379977e-02 5.69827524e-03 1.22878413e-02 3.04787131e-02 7.83967111e-03
1.97788037e+02 -5.28636518e-02 2.30809411e-02 2.67358286e-02 2.36789333e-02 3.52470673e-02 2.02301120e-02
2.00487037e+02 -3.67930213e-02 -1.97736876e-02 1.22999548e-02 6.22257511e-03 2.29697404e-02 1.51855379e-02
2.03181802e+02 -2.94763921e-02 3.44131850e-02 1.88353905e-03 6.57632658e-03 2.82685721e-02 1.45814723e-02
2.05872380e+02 -1.71847220e-02 -4.15045724e-02 4.30304217e-05 4.41727344e-03 1.75333309e-02 1.65937152e-02
2.08580146e+02 -1.32673990e-02 -4.76154642e-02 -1.65738753e-02 1.14407296e-02 2.15841520e-02 1.42438279e-02
2.11274177e+02 -2.90706371e-03 -1.49664442e-04 -7.00202258e-03 9.54145320e-03 8.12291481e-03 5.26080512e-03
2.13977459e+02 -2.45897798e-03 1.09591179e-02 3.11782747e-02 1.44265335e-02 1.30244046e-02 9.01650077e-03
2.16680662e+02 -3.41559278e-02 -4.38326279e-02 2.63866715e-02 1.35210728e-02 2.12909107e-02 2.51774473e-02
2.19390615e+02 -5.59212942e-02 7.53459499e-03 6.47308442e-03 1.46318476e-02 1.63820019e-02 1.53952232e-02
2.22095412e+02 -7.58003509e-02 -2.67008094e-02 -1.91699228e-02 1.43389736e-02 1.61183760e-02 6.71009927e-03
2.24795818e+02 -3.46242610e-02 -1.35872485e-02 -1.12126130e-02 1.33228604e-02 1.93145238e-02 1.01359112e-02
2.27493865e+02 5.12700516e-02 1.00589421e-02 1.81596583e-02 1.55346221e-02 2.59873043e-02 2.01972346e-02
2.30192177e+02 4.81322603e-02 1.31986266e-02 2.83036517e-02 1.37558448e-02 1.70469402e-02 1.87345999e-02
2.32892583e+02 7.55230709e-02 8.35388855e-03 3.22118131e-02 1.01180075e-02 1.93293889e-02 1.16629487e-02
2.35598224e+02 2.45364661e-02 -2.37146604e-02 7.05683117e-02 1.18831934e-02 2.41379863e-02 1.17787405e-02
2.38302318e+02 1.85884936e-02 -2.31403601e-02 6.35204575e-02 8.88945892e-03 2.43804501e-02 5.27974340e-03
2.41023787e+02 -3.34937226e-02 1.33565625e-02 2.72633945e-02 1.01540781e-02 2.69590420e-02 2.29338421e-02
2.43717052e+02 -1.16509744e-02 -1.09328114e-02 1.92105554e-02 7.19496290e-03 2.22047748e-02 1.73512730e-02
2.46425209e+02 -3.59811529e-02 -3.42248972e-02 1.18238024e-02 1.15119269e-02 2.27702277e-02 1.54722634e-02
2.49133146e+02 -2.84982997e-02 2.29673577e-02 1.15863849e-02 1.20806518e-02 1.46430057e-02 1.23063978e-02
2.51838474e+02 -1.57049077e-02 -1.27763463e-04 2.99587475e-02 1.04001038e-02 9.24463266e-03 7.85611330e-03
2.54533849e+02 2.91163106e-02 -3.86571300e-02 6.90529512e-02 1.33443736e-02 1.98222687e-02 8.71836122e-03
2.57229802e+02 7.67042446e-02 1.92116127e-02 1.22824228e-02 9.72197230e-03 1.81769752e-02 6.04688072e-03
2.59932334e+02 -2.51436767e-02 1.12435002e-03 4.77656582e-04 7.40977666e-03 1.71543455e-02 1.14341354e-02
2.62646662e+02 1.61481318e-02 1.05661179e-02 3.01992833e-02 1.11850197e-02 2.74668793e-02 1.53404209e-02
2.65337552e+02 -3.47227633e-02 3.22663859e-02 2.45957310e-03 1.57879100e-02 2.45323104e-02 6.90788622e-03
2.68042121e+02 -5.75005547e-03 7.49088528e-03 3.68842685e-02 1.56308737e-02 2.65760982e-02 4.23857114e-03
