6.93182881e-01 1.55562240e-03 -8.00742697e-03 4.08642359e-02 1.01329164e-02 1.90350466e-02 8.55860302e-03
3.39463008e+00 -7.35552258e-03 3.81714304e-02 9.59964901e-02 1.01814263e-02 1.90292549e-02 4.80331548e-03
6.09374742e+00 -2.03279522e-02 2.19840050e-02 6.85768220e-02 8.49435458e-03 1.76480815e-02 1.16113766e-02
8.79159023e+00 1.07649570e-02 1.64253837e-02 2.63503279e-02 1.08706715e-02 8.74500780e-03 7.65089221e-03
1.14760454e+01 -2.42632885e-02 3.88216553e-02 4.72397842e-02 5.35205181e-03 5.84571444e-03 1.32464919e-02
1.41756860e+01 4.81177134e-03 1.77404709e-02 1.08152066e-03 3.99708587e-03 5.62992342e-03 1.07427687e-02
1.68756454e+01 -1.70488512e-02 -2.04227688e-02 7.92742678e-03 4.22503327e-03 4.32092365e-03 5.44861129e-03
1.95853751e+01 8.38858189e-04 -1.52083660e-02 -2.97442150e-02 1.06738965e-03 2.03242662e-03 1.68703724e-02
2.22837454e+01 1.90739311e-02 7.11711788e-03 2.80521116e-02 2.40288267e-03 2.59869430e-03 5.27315009e-03
2.49941860e+01 9.57161670e-04 2.82314438e-03 1.28626945e-04 8.32803048e-03 4.83613031e-03 6.07598724e-03
2.76887907e+01 -3.93999739e-02 -1.67037887e-02 1.96378236e-05 5.15863553e-03 3.37036351e-03 1.07765305e-02
3.03977188e+01 1.53185970e-02 1.99009310e-03 -6.20690532e-02 3.37274468e-03 7.21623963e-03 1.27532067e-02
3.30919001e+01 -3.61932592e-03 2.69661199e-02 -6.63271249e-02 8.13524164e-03 1.34012196e-02 7.72287798e-03
3.57904344e+01 2.32795183e-02 8.13369764e-02 -1.52070886e-02 9.08827894e-03 8.07022781e-03 1.21580641e-02
3.84871626e+01 2.74972472e-02 3.24211586e-02 -5.37830531e-02 6.42274305e-03 1.99280624e-02 1.65033599e-02
4.11934032e+01 -1.00995973e-02 2.12989237e-02 -3.41209446e-02 1.59376392e-02 1.48416765e-02 2.54693489e-03
4.39019704e+01 1.28308881e-02 3.66571926e-02 -8.33851314e-02 5.82719863e-03 1.72847752e-02 6.64060078e-03
4.65998251e+01 1.11474449e-02 -1.69997866e-02 -8.77511256e-02 7.17235311e-03 9.96541950e-03 1.36443212e-02
4.92956298e+01 -1.47052008e-02 6.58087539e-03 -8.46586057e-02 1.15816577e-02 1.81249304e-02 2.02994485e-02
5.19934954e+01 1.04332221e-02 2.16440923e-02 -5.79546603e-02 5.39615852e-03 1.87503093e-02 1.03096748e-02
5.46942876e+01 1.80478110e-03 2.50391629e-02 -8.37852442e-02 1.23281873e-02 1.83005168e-02 8.39251899e-03
5.73871470e+01 -3.41246168e-02 -1.19864661e-02 -1.81466192e-02 7.33608734e-03 1.45592792e-02 8.73446947e-03
6.00882001e+01 8.92217230e-04 -5.24714037e-03 7.52009043e-04 9.82519637e-03 1.77158291e-02 7.11246148e-03
6.27852126e+01 8.51855166e-03 -2.74526756e-02 -8.00908526e-02 1.16874952e-02 1.84217057e-02 5.04543488e-03
6.54820407e+01 -1.13975185e-02 -4.46970599e-02 -3.96167055e-03 4.77236547e-03 1.32354763e-02 1.66375968e-02
6.81725469e+01 2.72373534e-02 -1.72526135e-02 -1.63693632e-02 1.22827448e-02 2.09445742e-02 9.71409375e-03
7.08723501e+01 -9.95459637e-03 -3.31797953e-02 2.10452106e-02 7.45393261e-03 1.47043205e-02 1.76794842e-02
7.35612610e+01 -1.68233830e-02 -4.81252234e-03 -3.42040677e-02 8.30916225e-03 1.77303705e-02 5.33405520e-03
7.62581423e+01 -2.32292944e-02 1.79551555e-03 1.60509973e-02 1.28662988e-02 9.40070850e-03 1.19380300e-02
7.89624126e+01 -8.59484808e-03 2.56516654e-02 -4.49681010e-02 8.79939319e-03 2.53595245e-02 1.13278498e-02
8.16546954e+01 -8.81308639e-03 2.65802837e-02 6.94711856e-03 8.23321048e-03 2.28396198e-02 1.79593742e-02
8.43604798e+01 6.78417946e-03 -3.68188800e-02 -7.32877319e-02 1.37919675e-02 2.32297273e-02 1.17617330e-02
8.70513173e+01 -5.43556661e-03 -1.82385397e-02 -7.70725342e-03 7.71226847e-03 1.70238014e-02 1.35811540e-02
8.97492485e+01 9.37916692e-03 -1.76102465e-02 -4.67116997e-02 1.59675280e-02 2.23405438e-02 1.67573883e-02
9.24586469e+01 3.05322639e-02 -1.56497181e-02 -5.47160696e-02 5.32762115e-03 1.87434787e-02 7.49785550e-03
9.51546798e+01 4.12276044e-02 2.03007634e-02 -4.15335521e-02 1.14614027e-02 1.48003608e-02 1.01772564e-02
9.78659141e+01 2.11850294e-02 5.46743215e-02 -3.75907305e-02 1.33281636e-02 1.86028866e-02 1.48199520e-02
1.00567864e+02 -2.75460320e-03 -2.49496350e-02 -3.60565631e-02 1.05219076e-02 1.90961350e-02 1.06040682e-02
1.03276770e+02 1.58288021e-02 -7.49781307e-03 -3.69508405e-02 1.48005377e-02 2.60285847e-02 1.17890748e-02
1.05974052e+02 1.70147856e-02 -2.41159670e-02 -7.32350536e-03 7.10642205e-03 1.63004510e-02 4.91166565e-03
1.08685833e+02 4.89406338e-03 -3.34932717e-02 -3.22056164e-02 1.20668566e-02 2.24257828e-02 1.23887558e-02
1.11395239e+02 2.87951344e-02 5.55257293e-03 2.92880520e-03 9.90398538e-03 1.54665006e-02 1.16236362e-02
1.14098224e+02 1.24664373e-02 -1.51886517e-02 -4.34271238e-02 7.71666025e-03 2.41132604e-02 1.05353934e-02
1.16806567e+02 2.04386082e-02 -1.02250343e-02 -4.66621927e-02 1.64232912e-02 2.08829399e-02 6.59441106e-03
1.19495458e+02 1.73300578e-02 -8.85994704e-03 -2.94824120e-02 1.24377953e-02 2.57550525e-02 8.98368891e-03
1.22206270e+02 1.47382314e-02 -1.44500510e-02 -2.09223761e-02 1.41221118e-02 1.62100754e-02 1.29159955e-02
1.24902474e+02 1.62628284e-02 2.87752413e-02 -8.35842988e-03 1.10779151e-02 1.85325523e-02 1.62026319e-02
1.27605317e+02 -2.02578470e-02 -5.95597990e-03 -2.12544795e-02 1.09986427e-02 8.90350770e-03 1.29094767e-02
1.30303864e+02 -4.67312341e-03 1.72213456e-02 -6.24909895e-02 3.84472813e-03 1.33495094e-02 1.04700684e-02
1.32993224e+02 -1.40941789e-02 1.91559794e-03 -7.69141946e-03 1.24967072e-02 1.01876049e-02 2.35544479e-02
1.35686880e+02 -6.55955435e-03 -2.36749857e-04 -3.53868049e-02 3.57326897e-03 9.59274040e-03 1.59056559e-02
1.38372130e+02 -9.19977592e-03 2.19617201e-02 2.46333976e-02 1.96264420e-03 4.44757558e-03 2.21744525e-02
1.41061114e+02 -2.78795733e-02 1.89264119e-02 -3.75849820e-03 5.63189893e-03 1.14125865e-03 2.18336593e-02
1.43748583e+02 -1.49272974e-03 1.59678114e-03 3.35193489e-02 3.36786399e-03 6.29235727e-03 1.63949905e-02
1.46442520e+02 -1.35864941e-04 2.59744322e-03 2.63196406e-03 1.18205741e-02 2.76911105e-02 1.58495383e-02
1.49148958e+02 -2.26084360e-02 4.57249092e-02 1.61578249e-02 2.58902261e-03 1.44769808e-02 9.14171990e-03
1.51851286e+02 -4.26330172e-02 -5.65372739e-03 -1.19987647e-02 1.21490248e-02 1.58065530e-02 1.51305542e-02
1.54555802e+02 -5.07026001e-02 -3.39940011e-02 -4.63601655e-03 7.00854706e-03 1.80315499e-02 5.45217434e-03
1.57265802e+02 -4.49183652e-02 3.33616036e-02 -4.91063428e-02 1.78848269e-02 2.10198036e-02 2.53814665e-02
1.59961442e+02 4.91315844e-03 4.05351282e-02 2.18401962e-03 2.34764604e-02 1.65050718e-02 1.18986823e-02
1.62670474e+02 -3.66448480e-02 3.60986279e-02 -2.24635658e-02 9.48122372e-03 1.45478688e-02 1.63510219e-02
1.65379864e+02 -4.96832329e-02 -2.97406557e-02 -2.23780776e-02 8.30531473e-03 2.18614437e-02 1.56378688e-02
1.68074317e+02 8.90419111e-04 -5.64755545e-02 1.61972209e-02 1.59126261e-02 2.25155949e-02 2.11434809e-02
1.70770270e+02 -1.06758086e-02 9.09976634e-04 1.91635831e-02 1.08354177e-02 1.88870348e-02 2.80893149e-03
1.73466349e+02 2.14894339e-02 -3.61403718e-02 4.08449405e-02 1.20760365e-02 1.85818846e-02 1.78093271e-02
1.76174505e+02 -7.00096835e-02 3.33631706e-03 -1.53682644e-02 7.71139425e-03 1.48857089e-02 5.69458215e-03
1.78877458e+02 -5.92623438e-02 2.50036550e-02 -3.21219779e-02 1.09953800e-02 1.57692332e-02 1.38168888e-02
1.81577020e+02 -5.46071715e-02 -7.76909711e-03 -4.70501821e-03 9.06320420e-03 1.71353654e-02 3.53278207e-03
1.84275286e+02 -2.18381281e-03 -5.52946590e-02 4.31853854e-02 5.08807106e-03 1.31345697e-02 1.49460828e-02
1.86980614e+02 8.53432733e-03 2.14759599e-03 5.06659208e-03 7.41281490e-03 2.03822519e-02 9.57635914e-03
1.89692645e+02 1.07701071e-03 6.64887561e-03 -3.72737984e-03 1.47955487e-02 2.17399756e-02 1.18471189e-02
1.92400270e+02 2.49353505e-06 -1.10518271e-02 -5.41987893e-02 2.90705602e-03 1.89928199e-02 1.05901350e-02
1.95103724e+02 -1.61905507e-02 2.32451154e-02 -1.82966183e-02 4.44814165e-03 2.71745929e-02 1.23426356e-02
1.97800395e+02 -2.70701152e-02 2.94203648e-03 2.02159579e-02 5.37913654e-03 1.56730562e-02 9.76442226e-03
2.00514177e+02 -2.57134188e-02 4.94138423e-02 -1.98082334e-03 1.05040338e-02 1.78821614e-02 8.80800278e-03
2.03216380e+02 -6.04287651e-02 2.41463656e-02 2.46738433e-02 1.64727644e-02 1.15611217e-02 1.06123234e-02
2.05920802e+02 -2.17141604e-02 1.48555550e-02 5.17222914e-02 8.86118552e-03 1.33719956e-02 8.53633013e-03
2.08611286e+02 -4.26206269e-02 -5.33555152e-03 4.45871948e-02 1.40029318e-02 1.49520864e-02 4.24181369e-03
2.11310020e+02 6.70168986e-03 -1.06566761e-02 2.41544393e-02 7.90923233e-03 1.06921750e-02 1.16579331e-02
2.14006520e+02 -4.74713455e-02 -6.83044425e-03 4.86048406e-02 8.00671448e-03 1.34379268e-02 4.38979381e-03
2.16705583e+02 -2.35938631e-02 5.26250490e-02 5.10592030e-02 8.58324548e-03 1.53868401e-02 1.04994387e-02
2.19405489e+02 -3.29644225e-02 -5.01162688e-03 3.98732921e-02 6.88030393e-03 1.91038607e-02 1.13484933e-02
2.22087786e+02 4.01996598e-02 4.11689289e-02 6.99376362e-02 1.02645328e-02 1.79342674e-02 1.53356693e-02
2.24792192e+02 3.01649781e-02 1.09575371e-03 1.38436030e-02 9.46994967e-03 2.25542042e-02 2.08141039e-02
2.27484442e+02 -3.13117157e-03 9.76678104e-03 3.90538968e-02 2.05282426e-03 2.55828533e-02 1.04114317e-02
2.30188599e+02 -4.35436278e-02 7.94734518e-04 -2.11171787e-02 3.11512332e-03 2.03824959e-02 1.48328532e-02
2.32900599e+02 -8.63729896e-02 1.51871281e-02 -5.40637843e-02 1.00229048e-02 1.99813954e-02 8.25240788e-03
2.35602270e+02 -9.93137419e-02 6.86670455e-03 -6.16323891e-02 4.49946537e-03 1.88397997e-02 2.89071429e-02
2.38303083e+02 -5.87649987e-02 2.56359751e-02 -6.44696325e-02 5.59761001e-03 2.94595990e-02 1.12394230e-02
2.40986520e+02 -4.22173914e-03 -3.48660372e-02 -5.41286853e-03 1.51909436e-02 1.83808858e-02 2.13702942e-02
2.43695192e+02 -2.51685216e-02 -6.16489238e-03 -4.44140555e-03 6.67315410e-03 1.73088875e-02 6.07131983e-03
2.46392864e+02 -3.01335850e-02 2.72625808e-02 5.86950481e-03 1.47143162e-02 2.43772209e-02 1.58881365e-02
2.49087302e+02 -3.39314324e-02 -2.69101283e-02 -3.35472291e-02 2.56622479e-03 1.20271898e-02 5.38757588e-03
2.51793161e+02 -7.41329083e-02 -3.41588842e-02 -5.31953952e-02 1.50436898e-02 7.30232624e-03 9.40755364e-03
2.54488677e+02 -4.09482976e-02 -6.20328284e-03 -1.60978635e-02 3.03397006e-03 1.51788309e-02 5.31811459e-03
2.57177989e+02 -1.26730572e-02 2.78988086e-03 1.04182019e-02 1.21624768e-02 1.69124054e-02 8.49859837e-03
2.59881864e+02 -1.01803499e-02 4.62685703e-03 3.28699149e-02 4.95658351e-03 1.29151867e-02 1.30543034e-02
2.62572114e+02 -2.88815492e-02 2.95699244e-02 6.54908338e-02 7.20490461e-03 1.74507405e-02 4.38012218e-03
2.65299239e+02 2.61452669e-02 2.01808386e-02 1.07888707e-02 2.19459330e-02 2.70529554e-02 6.81859323e-03
2.68003540e+02 1.41478215e-02 4.71965255e-03 2.79093989e-02 1.79215122e-02 2.54356481e-02 5.09004270e-03
