7.04050123e-01 2.36109594e-02 2.45012169e-02 9.45475841e-02 1.19658802e-02 2.77016220e-02 5.03021374e-03
3.40446655e+00 -4.35311922e-03 2.13770130e-02 1.04508422e-01 7.70841190e-03 1.06591423e-02 1.40146051e-02
6.09532389e+00 -3.37384675e-02 4.36872036e-02 7.56909049e-02 3.13132390e-03 1.54503513e-02 4.90016720e-03
8.79310405e+00 -1.27886677e-02 5.06631128e-02 6.41302394e-02 7.84740053e-03 1.20805236e-02 1.05872203e-02
1.14836178e+01 -1.93592297e-02 2.06554059e-02 4.50289129e-02 5.38407809e-03 7.59229768e-03 3.71287799e-03
1.41790881e+01 1.42936417e-02 -1.87392824e-02 3.82902553e-02 2.76830951e-03 1.01484792e-03 1.34537431e-02
1.68751194e+01 -5.19064328e-03 -8.30979302e-03 -2.00421692e-04 6.41787468e-04 3.37108012e-03 7.16694071e-03
1.95895725e+01 -4.05133486e-03 -1.82083496e-03 -3.03155164e-02 5.50376039e-03 1.05069095e-03 1.20981815e-02
2.22885037e+01 1.90462611e-02 2.24016686e-02 5.35229540e-03 4.39564455e-03 3.02215002e-03 8.09908272e-03
2.49830897e+01 2.49123267e-02 2.37874348e-02 1.63514863e-02 1.83157550e-03 4.50014976e-03 1.07347677e-02
2.76888287e+01 2.47983255e-02 1.98484529e-02 3.38269836e-02 7.56142051e-03 5.79950114e-03 8.29965981e-03
3.03896428e+01 2.59343281e-02 -3.80594604e-02 -8.06836907e-03 1.73542182e-03 8.31779676e-03 1.60245409e-02
3.30885428e+01 1.36692354e-02 -1.92558444e-02 -4.35810040e-02 9.60465103e-03 1.52991085e-02 5.31935560e-03
3.57902240e+01 1.44958994e-02 2.26470977e-02 -2.56114639e-02 1.24541524e-02 1.63166927e-02 1.48225923e-02
3.84813115e+01 -1.92495926e-04 -5.31580981e-03 -2.81889646e-02 7.17198256e-03 1.93756965e-02 7.65313009e-03
4.11873209e+01 1.34913717e-02 -1.16125762e-02 -2.14109581e-02 1.11441238e-02 1.54295459e-02 8.98649921e-03
4.38967084e+01 3.33447006e-02 -1.51423700e-02 -2.10882919e-02 1.07025296e-02 1.78989561e-02 7.99547703e-03
4.65893209e+01 2.87503429e-03 -7.37502010e-04 -4.04384852e-02 3.28085563e-03 1.21730654e-02 1.46654735e-02
4.92923272e+01 2.66390203e-02 6.40071314e-03 -4.54216770e-02 4.15867402e-03 7.56680241e-03 1.63811315e-02
5.19875412e+01 1.89387093e-02 5.71667600e-04 -4.79280294e-02 1.08308428e-02 1.57815086e-02 1.22928903e-02
5.46798428e+01 2.13264961e-02 3.28767891e-02 -1.94596116e-02 1.16394873e-02 1.31342200e-02 1.29531579e-02
5.73792459e+01 -2.56039694e-02 1.21055244e-02 1.79946839e-02 6.48881624e-03 1.28370820e-02 7.64237910e-03
6.00889287e+01 2.92097129e-02 2.32995088e-02 -2.03927886e-02 1.34409030e-02 2.61002573e-02 5.96400701e-03
6.27763678e+01 2.46250518e-03 -3.31273473e-03 -3.42732822e-02 8.22314430e-03 2.24408739e-02 2.75074651e-03
6.54852412e+01 2.49427327e-02 -1.72363343e-02 4.99736295e-02 1.16623854e-02 2.06304262e-02 5.70652990e-03
6.81811694e+01 -6.68534320e-03 -3.38951765e-03 2.03531623e-03 6.83738917e-03 1.90801755e-02 6.80195879e-03
7.08692459e+01 -2.54962163e-02 5.94246122e-03 5.86561664e-02 1.06956042e-02 1.36404449e-02 1.04282660e-02
7.35614522e+01 -5.85035749e-03 -2.73846140e-02 2.48056694e-02 5.45374474e-03 1.25941780e-02 1.96222131e-02
7.62625022e+01 4.84644646e-03 3.81054577e-02 1.95929863e-02 1.70450081e-02 1.93558504e-02 1.94375028e-02
7.89589615e+01 -9.89183583e-03 2.17328413e-02 -8.30740153e-02 1.47051016e-02 1.40548996e-02 1.47853503e-02
8.16596225e+01 -3.02991396e-02 2.49957143e-02 -1.71251629e-02 8.58158720e-03 1.21545386e-02 2.59568674e-02
8.43594240e+01 -7.03023190e-03 -4.11392526e-02 -6.50594789e-02 1.31099444e-02 2.16621307e-02 6.22028994e-03
8.70545272e+01 -1.13415791e-02 -4.06373524e-02 3.50612211e-02 9.00613004e-03 2.40128934e-02 2.00654777e-02
8.97486928e+01 1.50293958e-02 2.62236948e-03 -1.67555184e-02 1.29652514e-02 2.12182676e-02 9.15515882e-03
9.24457131e+01 1.13910671e-02 -4.10093055e-02 -1.03258950e-02 7.98234964e-03 2.56497758e-02 1.03706022e-02
9.51606569e+01 1.17182978e-02 1.10282936e-02 -2.36566741e-02 1.14619453e-02 2.62629731e-02 4.05881725e-03
9.78612444e+01 1.69913495e-02 1.47322877e-02 4.23597474e-02 1.38254982e-02 2.71376512e-02 1.37261370e-02
1.00574857e+02 1.44338089e-02 1.64048544e-02 -2.54810635e-03 9.77997450e-03 2.00198566e-02 3.41767496e-03
1.03270857e+02 2.93353460e-02 -3.80881287e-03 -1.99397557e-02 1.56858325e-02 2.37839162e-02 1.29193595e-02
1.05970497e+02 2.27480272e-02 4.86417796e-02 -1.53051183e-02 3.59927794e-03 1.99995054e-02 1.10371173e-02
1.08681247e+02 9.03101544e-03 -7.66985710e-03 -3.44298747e-03 1.07091218e-02 2.51384794e-02 1.07467538e-02
1.11390451e+02 4.12971864e-03 -7.50686182e-03 3.26802441e-03 1.64128112e-02 2.82289366e-02 8.58808550e-03
1.14098857e+02 8.85428811e-03 -1.90331130e-02 -4.54779910e-02 1.40369061e-02 2.49431756e-02 6.31660541e-03
1.16797513e+02 2.46550329e-02 3.04703604e-02 -3.74347965e-02 1.07981568e-02 2.13124877e-02 6.04503018e-03
1.19508747e+02 3.22455754e-02 1.05755313e-02 -3.01798525e-02 8.05770839e-03 1.62686643e-02 8.69970449e-03
1.22207044e+02 6.83875630e-03 -3.23280753e-02 -4.58318781e-02 7.60709180e-03 1.46975785e-02 1.54106738e-02
1.24900076e+02 -8.45824535e-03 -5.83794943e-03 -2.12450870e-02 9.30717278e-03 2.20196933e-02 2.18719222e-02
1.27594372e+02 -6.65694097e-03 1.55873126e-02 1.83186845e-02 6.00561297e-03 1.23893546e-02 1.68698453e-02
1.30299841e+02 2.20382503e-03 8.55879534e-02 -1.73053616e-02 9.91510860e-03 1.45373890e-02 2.23286856e-02
1.32982747e+02 -4.35347780e-02 2.33148035e-02 -3.44361201e-02 6.62213373e-03 9.13466210e-03 1.74251198e-02
1.35675482e+02 -1.34300592e-02 3.58581732e-03 -3.31040679e-02 3.82578093e-03 4.87618261e-03 3.59224448e-02
1.38370732e+02 -4.55196429e-03 3.57754982e-02 -3.35124493e-02 3.87067043e-03 1.12422047e-03 2.79763082e-02
1.41059732e+02 -1.65405153e-02 2.02469070e-02 -3.36160796e-02 1.37303069e-03 3.28468696e-03 2.80741460e-02
1.43761888e+02 4.39714233e-03 -6.81131528e-03 1.84477248e-02 8.60216479e-03 9.94347826e-03 1.23291490e-02
1.46464607e+02 -4.14409554e-02 2.62003223e-02 5.92033777e-04 3.93149702e-03 2.01125230e-02 9.35640939e-03
1.49156388e+02 -2.48923291e-02 3.70962614e-02 -1.84543989e-02 8.74813164e-03 2.66181035e-02 1.50253582e-02
1.51857404e+02 -7.24985434e-02 2.34220236e-02 2.23825767e-02 1.36955949e-02 1.24863596e-02 2.08872444e-02
1.54553591e+02 -4.36319954e-02 -2.99320003e-02 -2.91946550e-03 1.10043348e-02 1.63471662e-02 6.03930451e-03
1.57248138e+02 -4.76005433e-02 -4.10226672e-04 1.90113280e-02 1.14699100e-02 2.13816792e-02 2.76013513e-02
1.59960544e+02 -1.46921984e-02 1.37215553e-02 6.36178102e-03 1.65146912e-02 2.64288427e-02 6.43314551e-03
1.62667685e+02 1.65104135e-02 1.58497121e-02 -8.08290472e-03 2.15732325e-02 3.12848400e-02 1.62795795e-02
1.65370935e+02 -1.08856901e-02 -3.95157422e-02 1.20249222e-02 8.82802418e-03 2.47621108e-02 1.70438537e-02
1.68086154e+02 -4.41576400e-02 -3.24278113e-02 8.39435806e-03 9.17694192e-03 2.21738477e-02 1.06087198e-02
1.70774060e+02 -2.91639160e-02 -1.10990448e-02 5.92279915e-02 8.64939476e-03 1.67313633e-02 2.35223406e-02
1.73484951e+02 -3.90251732e-02 -4.17610140e-02 3.22557625e-02 1.71801922e-02 1.49305193e-02 1.35124222e-02
1.76186216e+02 -2.23144000e-02 1.20882561e-02 -2.20672285e-02 9.03499131e-03 2.37021740e-02 1.19991329e-02
1.78883951e+02 1.80598278e-02 -2.11610350e-02 -3.36817844e-02 1.53225967e-02 1.49293366e-02 7.28536165e-03
1.81577107e+02 1.81255341e-02 -1.07073672e-03 1.03016788e-02 2.52604913e-03 1.71180791e-02 2.02999325e-02
1.84279138e+02 2.17275561e-02 2.73826673e-02 4.27804242e-02 5.57932502e-03 1.52315516e-02 1.07897797e-02
1.86985576e+02 3.14366321e-02 1.30914476e-02 7.79670885e-03 1.41841404e-02 1.97720422e-02 9.12785532e-03
1.89687997e+02 3.23846810e-02 2.57653888e-02 4.47196288e-03 5.10602022e-03 1.36793046e-02 8.84478866e-03
1.92407622e+02 -3.37514633e-02 -1.28703545e-02 -4.05647322e-03 8.28176416e-03 1.84618068e-02 1.04518076e-02
1.95102451e+02 -2.16930784e-02 1.24062359e-02 1.60863256e-02 1.00094842e-02 1.61555635e-02 1.35896615e-02
1.97813466e+02 -4.06087789e-02 4.30114660e-02 3.27029719e-02 6.21781048e-03 1.87118721e-02 6.72564246e-03
2.00518326e+02 -1.56810368e-02 6.37002935e-02 4.47253860e-02 1.46694544e-02 2.79224589e-02 1.84635802e-02
2.03211247e+02 -5.23200051e-02 4.99642564e-02 7.71556081e-02 3.70351149e-03 1.06361551e-02 1.20152016e-02
2.05918685e+02 -2.57220373e-02 -6.12478267e-03 6.15904868e-02 2.21243054e-02 9.78034443e-03 3.41799692e-03
2.08607091e+02 -3.67158577e-02 -3.39910734e-02 5.52852655e-02 1.31812147e-02 1.03388534e-02 9.60594090e-03
2.11309654e+02 1.90822948e-02 6.38984769e-03 6.18514755e-02 7.05982392e-03 1.61349593e-02 1.37154596e-02
2.14004919e+02 8.72814515e-03 -1.63025954e-02 2.19010326e-02 1.22333476e-02 1.47006368e-02 8.10639683e-03
2.16701263e+02 4.59784061e-02 8.45665810e-03 7.17070655e-03 1.23443790e-02 1.57852166e-02 1.07002437e-02
2.19408935e+02 -7.50185371e-02 2.21605097e-02 -4.01203080e-02 2.00815122e-02 1.75012379e-02 4.98615711e-03
2.22110607e+02 -7.83235533e-02 1.21069703e-02 -4.48311980e-02 5.73605887e-03 3.68362213e-02 2.27691594e-02
2.24786357e+02 -4.00726582e-02 1.08684006e-02 -1.02719198e-02 8.67533173e-03 3.53761792e-02 2.61154304e-02
2.27490841e+02 -5.65408799e-02 -4.16666092e-02 -1.12814733e-02 1.14817855e-02 3.57247828e-02 1.02196313e-02
2.30201294e+02 -8.27157180e-02 -1.73675711e-02 -4.07157292e-03 7.52058005e-03 2.58269952e-02 1.69090808e-02
2.32888435e+02 2.73489534e-03 2.14467917e-02 1.47494259e-02 7.64370689e-03 2.58124407e-02 1.54567745e-02
2.35595951e+02 -3.18766515e-02 -3.87552185e-02 2.40217979e-02 4.75782383e-03 2.13254354e-02 1.10715362e-02
2.38299622e+02 -2.84044347e-02 2.75990654e-02 -6.63872083e-03 1.39262615e-02 2.38443508e-02 1.18556248e-02
2.40999310e+02 -5.41361290e-02 3.38987849e-02 -2.83029254e-02 8.20868827e-03 2.05205855e-02 1.46572035e-02
2.43702466e+02 -8.38713389e-02 8.15468587e-03 -2.28715237e-02 4.98634346e-03 2.25773715e-02 1.48687597e-02
2.46397732e+02 -8.06904448e-02 2.21296708e-02 -1.63179516e-02 1.31058127e-02 1.39687955e-02 1.31470176e-02
2.49095247e+02 -6.45034573e-02 -3.30679976e-02 -5.58697898e-02 7.15296782e-03 1.42726748e-02 8.26082782e-03
2.51778404e+02 1.44345335e-03 -2.36534588e-02 -3.69225252e-02 1.28040308e-02 1.08134777e-02 1.12575253e-02
2.54478169e+02 1.16402042e-02 -1.01388543e-02 -5.26517562e-03 9.80163543e-03 1.21949956e-02 5.93474310e-03
2.57172107e+02 1.72465584e-02 1.59928654e-02 2.36591430e-02 7.13340573e-03 2.00835836e-02 8.38164084e-03
2.59877935e+02 3.55682694e-03 9.30369323e-03 1.36498102e-02 1.21608100e-02 1.68958220e-02 1.43785794e-02
2.62586451e+02 -5.27363059e-03 -1.68645245e-03 3.43126066e-02 1.08059980e-02 2.37262319e-02 4.73509051e-03
2.65295060e+02 4.12746885e-02 2.76835407e-02 2.77388168e-02 1.44534720e-02 2.48425775e-02 7.97207167e-03
2.68002514e+02 2.64824764e-02 1.33463440e-02 5.47139545e-02 7.16340610e-03 2.32234580e-02 1.38442897e-02
