6.75530387e-01 3.09189316e-03 1.12693298e-02 2.59121833e-02 7.13728759e-03 1.07315329e-02 1.46845620e-02
3.37087600e+00 1.19844926e-02 1.04266852e-02 -1.73896640e-02 6.01499993e-03 9.15086239e-03 1.43116913e-02
6.06585412e+00 1.25723643e-02 -1.99706647e-02 1.65701170e-02 3.76276620e-03 1.41363376e-02 9.91560849e-03
8.77481584e+00 2.68183455e-02 -3.26883331e-02 -9.51177392e-03 5.16389882e-03 9.35223917e-03 2.54556684e-02
1.14746829e+01 1.40926005e-02 2.56447412e-02 -6.01158350e-03 2.83899070e-03 7.31755759e-03 1.58791727e-02
1.41767501e+01 3.45123476e-02 4.12027624e-02 3.26687386e-02 5.74606639e-03 8.05285240e-03 1.77441348e-02
1.68860782e+01 5.31301135e-03 4.01755237e-03 -3.95422507e-03 3.82582360e-03 2.56996207e-03 1.88868428e-02
1.96000141e+01 8.15233432e-03 -1.18384804e-02 -2.87822369e-02 2.43615213e-03 5.20381714e-03 1.86489749e-02
2.22966922e+01 2.13023565e-02 7.17533536e-03 -4.47508856e-02 1.11649491e-02 1.23035786e-02 2.00203742e-02
2.49918985e+01 2.70738259e-02 2.24979848e-02 -1.11020892e-02 7.52237244e-03 1.19748630e-02 1.16158153e-02
2.76990672e+01 1.42141040e-02 -1.88617807e-02 -3.51898585e-02 1.20896879e-02 1.49566686e-02 4.47078059e-03
3.04038422e+01 8.76035691e-03 8.30329634e-03 -5.81000239e-02 1.16161087e-02 3.09724524e-02 5.12654906e-03
3.31109188e+01 -2.83955892e-02 3.48520533e-02 -4.78766687e-02 7.86015395e-03 2.72936056e-02 1.12240965e-02
3.58047032e+01 -1.87756468e-02 4.92845961e-02 -2.99211875e-02 1.90401174e-02 2.86047085e-02 4.00920083e-03
3.85006938e+01 -9.86368655e-03 1.77058048e-03 -7.59326281e-03 5.46341147e-03 1.87850023e-02 8.38288114e-03
4.11978594e+01 -4.31379941e-03 1.31740899e-02 -3.22861911e-02 1.57684271e-02 2.86770888e-02 7.78170401e-03
4.38910907e+01 -4.23693808e-02 7.32981873e-02 -8.31172952e-03 1.85974725e-02 3.12321067e-02 1.31719325e-02
4.65887938e+01 -1.79096405e-02 1.29872095e-02 -5.72741705e-02 1.16506378e-02 1.69714800e-02 1.20231310e-02
4.92938235e+01 1.69768788e-04 -1.23722723e-03 -3.01868428e-02 9.51701397e-03 1.89508068e-02 1.77002638e-02
5.19965579e+01 -7.06247323e-03 -2.23657695e-02 -1.80045823e-02 1.01429834e-02 1.49897158e-02 1.86786527e-02
5.46925907e+01 -8.10709352e-03 -2.19661119e-02 -3.81944836e-02 1.12675171e-02 1.95486087e-02 1.74063564e-02
5.73908266e+01 -4.98630701e-02 -2.80434556e-02 -4.51014414e-02 6.68412248e-03 1.47141605e-02 8.62983629e-03
6.00950829e+01 -1.81877118e-02 -3.04369172e-02 -1.09964549e-01 1.41473797e-02 2.74746671e-02 1.09017459e-02
6.27905532e+01 -4.50804726e-03 -2.06353920e-02 -6.90703511e-02 1.03010330e-02 2.29537547e-02 1.29176048e-02
6.54818657e+01 -7.61270762e-03 -3.20502538e-02 -5.26251776e-02 1.78621245e-02 2.40632875e-02 1.04461989e-02
6.81846001e+01 3.94491846e-03 2.78260336e-02 -3.62295381e-02 7.50255344e-03 1.63509886e-02 1.41594047e-02
7.08805454e+01 -1.70540195e-02 -2.69936549e-02 -7.57132448e-02 1.16762785e-02 2.15229260e-02 6.60097685e-03
7.35879641e+01 -1.68685727e-03 -1.47720234e-02 -1.44298264e-02 1.09875471e-02 1.78124935e-02 6.08955212e-03
7.62782204e+01 -2.35845626e-02 -2.74891946e-02 -1.01322806e-01 1.77870356e-02 2.08442593e-02 7.74875950e-03
7.89805141e+01 -1.97026133e-03 -1.15635029e-02 -2.27870676e-02 7.49249156e-03 1.51357465e-02 7.48917990e-03
8.16835907e+01 -6.11406390e-04 -3.43951273e-02 -6.39517266e-02 1.11941975e-02 1.16418737e-02 1.29723072e-02
8.43977719e+01 -5.91147549e-03 -5.68763962e-03 -8.91224233e-03 4.31818543e-03 9.93373614e-03 1.93563349e-02
8.70974860e+01 -7.61671044e-03 3.80981679e-02 -2.43670556e-02 1.11094622e-02 1.52727043e-02 5.35291989e-03
8.97993001e+01 -3.27696354e-02 6.71597635e-02 -2.69620771e-02 5.14195577e-03 1.57045618e-02 1.14405962e-02
9.24939954e+01 -1.75906709e-02 3.01215587e-02 -9.80963698e-02 1.54157691e-02 2.73982796e-02 5.67562884e-03
9.52024766e+01 2.82976029e-03 2.64186700e-03 -3.96188134e-02 1.10692669e-02 2.28900538e-02 1.34284545e-02
9.79089032e+01 6.05713846e-03 -3.69218367e-03 -6.38441044e-02 1.60775666e-02 2.38096560e-02 7.86872929e-03
1.00606603e+02 -2.61370709e-02 -3.15565393e-02 -7.19702621e-02 7.59878703e-03 2.08004579e-02 1.08113165e-02
1.03298259e+02 -6.30997811e-03 -2.10359140e-03 -5.27940392e-02 1.38640031e-02 1.73057679e-02 1.05299266e-02
1.05990400e+02 -5.00711351e-03 1.44084334e-02 -5.96189205e-02 8.76815347e-03 1.11323723e-02 1.49990697e-02
1.08683572e+02 -5.86027673e-03 -1.40949860e-02 -5.31010384e-02 6.70438878e-03 9.44250644e-03 1.58944675e-02
1.11382947e+02 -2.74906003e-03 -1.02777548e-02 -7.73661294e-02 8.44609601e-03 1.06206711e-02 7.04090405e-03
1.14085572e+02 -2.48092886e-02 -9.62343395e-03 -7.17804251e-02 8.11664547e-03 1.75531006e-02 2.26148061e-02
1.16794822e+02 -6.23474365e-03 9.59773461e-04 -5.38295249e-02 1.24965708e-02 1.58386911e-02 6.32692554e-03
1.19492259e+02 -1.12065656e-03 3.60507480e-02 -2.53216535e-02 2.70185082e-03 1.54460689e-02 1.72228432e-02
1.22187650e+02 -2.34297050e-03 -1.86102735e-02 -9.82562881e-03 4.58341267e-03 2.05998976e-02 5.50524348e-03
1.24887697e+02 2.07714844e-02 -2.03569066e-02 -9.01676908e-03 9.75173272e-03 1.47557867e-02 2.70705065e-02
1.27586931e+02 2.27690188e-03 -1.91205885e-02 -1.99537969e-02 5.29270366e-03 8.42093687e-03 6.29233222e-03
1.30285619e+02 3.69424932e-04 -1.12398842e-02 -1.58180148e-02 5.10788841e-03 1.91477562e-02 1.47611288e-02
1.32991634e+02 -2.20653499e-03 -8.62741889e-03 -4.30524455e-02 6.12316404e-03 1.47092968e-02 7.14047674e-03
1.35688838e+02 -4.44774565e-03 -2.42728023e-02 -1.87715728e-02 3.09267694e-03 7.22018391e-03 1.37324814e-02
1.38392416e+02 -8.75598488e-03 5.17022787e-03 2.03434839e-02 4.99749445e-03 4.96168529e-03 1.33529571e-02
1.41105634e+02 -5.85440275e-03 2.64025733e-02 -5.07690881e-03 1.79072322e-03 2.44062007e-03 2.44395592e-02
1.43799400e+02 -4.40504292e-03 3.42382392e-04 3.40821153e-02 4.96521528e-03 2.82210541e-03 2.37532997e-02
1.46511306e+02 -1.87962889e-02 -2.63810089e-02 2.17795669e-02 6.19948154e-03 2.29642271e-02 1.59426144e-02
1.49210119e+02 -5.63310621e-02 3.38864445e-02 1.65456088e-03 3.11233157e-03 2.24290862e-02 1.10399895e-02
1.51896056e+02 -4.23116133e-02 9.54725136e-03 3.83190157e-03 9.87818451e-03 2.18512592e-02 9.50277191e-03
1.54580369e+02 -6.15608065e-02 -3.72541297e-02 8.01140289e-02 7.95045713e-03 2.01438970e-02 2.41421946e-02
1.57277509e+02 -3.58499545e-02 7.54766876e-03 6.52532868e-02 1.24826548e-02 2.04017694e-02 6.09972020e-03
1.59964572e+02 -1.33842301e-02 -8.79095275e-03 1.17734310e-01 8.19377910e-03 1.71628113e-02 1.58766802e-02
1.62669931e+02 2.58839588e-03 2.06316128e-02 6.21284500e-02 1.39966153e-02 1.67511975e-02 1.77047432e-02
1.65379009e+02 -3.79919452e-02 1.37960835e-02 1.88922898e-02 4.44082379e-03 1.13385965e-02 5.96247507e-03
1.68072619e+02 5.63597982e-03 1.18588163e-02 3.48538291e-02 1.27704355e-02 1.36019674e-02 8.61016249e-03
1.70777478e+02 1.71367134e-03 5.34239179e-02 -1.56925000e-02 7.91240926e-03 1.02262490e-02 7.43824270e-03
1.73484775e+02 1.67360134e-04 -1.57615598e-02 1.08324470e-02 2.86295462e-02 1.44610480e-02 1.74694604e-02
1.76188306e+02 -1.78889919e-02 -1.50177989e-02 1.40258403e-02 9.10237118e-03 9.79533234e-03 4.38571585e-03
1.78895619e+02 -4.48256706e-02 -3.60144067e-02 3.38190241e-02 2.25333895e-02 9.36331727e-03 1.53564226e-02
1.81601509e+02 -2.72721395e-02 -3.96328083e-02 3.19383734e-02 9.70854259e-03 1.32670095e-02 9.39471203e-03
1.84289291e+02 -4.07407616e-02 -4.35603035e-02 2.69474165e-02 2.07641477e-02 1.60539448e-02 9.51027288e-03
1.86997181e+02 -6.21918529e-02 -1.05368736e-02 5.36394441e-03 1.43412491e-02 1.38446626e-02 1.23153470e-02
1.89696884e+02 -3.23706132e-02 1.04146558e-02 2.00807835e-02 1.82391369e-02 1.35794164e-02 9.74915311e-03
1.92398119e+02 -1.54444176e-02 2.70268708e-03 2.41452974e-02 1.33377357e-02 1.23346547e-02 1.26895099e-02
1.95097416e+02 5.24769691e-03 1.69394336e-02 1.10170474e-02 1.56939799e-02 9.80823702e-03 7.52232871e-03
1.97790978e+02 -5.89098237e-04 -3.62153291e-02 4.93142803e-02 7.35853649e-03 7.69247024e-03 1.19573896e-02
2.00505463e+02 -6.05884849e-03 7.08195730e-03 -3.69914934e-03 1.72832026e-02 1.91770632e-02 9.57425719e-03
2.03208056e+02 -2.51592042e-02 -4.05910874e-02 -6.52039863e-02 1.01837971e-02 1.84251112e-02 1.09789208e-02
2.05917791e+02 -4.69876606e-02 1.40078215e-02 -3.43936791e-02 1.64931418e-02 2.44871522e-02 1.42111901e-02
2.08612806e+02 -2.52946552e-02 2.73219241e-02 -8.82765215e-03 1.15322937e-02 2.46872287e-02 1.70289272e-02
2.11314650e+02 -7.19578326e-02 2.12086465e-02 2.73552752e-02 1.27828469e-02 1.41408417e-02 1.23621859e-02
2.14017900e+02 -1.10493182e-02 3.92090970e-03 5.51467377e-02 1.36059983e-02 1.87908515e-02 9.71996400e-03
2.16723525e+02 -1.42967447e-02 1.91470141e-02 3.65547929e-02 1.08651326e-02 1.72172019e-02 1.05653844e-02
2.19422994e+02 -1.51653344e-03 -2.86002178e-02 6.76690024e-03 6.42536428e-03 2.33309763e-02 9.83529257e-03
2.22120666e+02 -2.31047472e-03 1.41108705e-02 1.80594213e-02 1.27024043e-02 2.02718775e-02 1.13610913e-02
2.24832963e+02 -1.65989981e-02 8.74533450e-03 -2.77304530e-03 7.03911162e-03 1.44986104e-02 1.55111943e-02
2.27523775e+02 -2.75672356e-02 1.45699771e-02 2.48855968e-02 1.05904533e-02 6.96285003e-03 1.13969329e-02
2.30221119e+02 -3.15810602e-02 -1.40881760e-04 3.93168400e-02 8.52768002e-03 1.09382517e-02 6.63493377e-03
2.32909166e+02 1.19954835e-02 8.94036592e-03 6.56665776e-02 1.08938656e-02 1.09501051e-02 1.00887689e-02
2.35599228e+02 4.73751049e-02 9.01634502e-04 8.12030306e-02 1.00261778e-02 1.01598440e-02 2.47239354e-02
2.38295103e+02 8.01693595e-02 -1.58782408e-02 5.58602005e-02 7.03042284e-03 2.00500473e-02 8.35445220e-03
2.40993713e+02 3.25290073e-02 -4.37455865e-02 2.89254355e-02 1.39425823e-02 2.12427537e-02 1.70523840e-02
2.43699869e+02 -1.56028936e-02 2.09158780e-02 -1.66746364e-02 7.28322349e-03 1.44562611e-02 1.46392017e-02
2.46399775e+02 -1.47017666e-02 3.29170850e-02 1.20648038e-02 1.40511532e-02 1.76366005e-02 5.61586492e-03
2.49097009e+02 -1.21739660e-02 6.49123726e-03 1.91042762e-02 1.62532058e-02 1.32613830e-02 1.09622706e-02
2.51793103e+02 2.61707008e-02 1.08216441e-02 4.79298771e-02 8.91797866e-03 2.25916827e-02 6.55200571e-03
2.54501056e+02 5.13270374e-02 1.74991419e-02 4.81793270e-02 5.84404942e-03 2.72201772e-02 2.37648009e-02
2.57200728e+02 2.22100800e-02 8.85545665e-03 2.97620800e-02 1.07552989e-02 2.53302332e-02 1.54955305e-02
2.59913353e+02 -3.05592056e-02 -1.73027136e-02 -2.62665593e-02 6.30823721e-03 1.91806999e-02 9.50581819e-03
2.62611244e+02 -1.63316426e-02 -2.34846847e-02 -1.52132872e-02 4.78195029e-03 1.21281164e-02 1.48801965e-02
2.65324853e+02 9.37431592e-03 -4.59427757e-03 2.09593618e-02 7.14084461e-03 1.32476971e-02 1.57968019e-02
2.68014458e+02 -1.25395910e-02 2.34312472e-02 -2.75463054e-03 1.15648370e-02 9.53936057e-03 2.07570571e-02
