6.58391726e-01 2.10681936e-03 -2.50735360e-02 7.22479432e-02 1.04269865e-02 1.91736749e-02 8.76316417e-03
3.36344359e+00 1.59585285e-02 -6.32799174e-03 7.03361407e-02 1.09973283e-02 2.34732584e-02 2.69327521e-03
6.06875891e+00 2.70774065e-05 1.25649370e-02 3.61475991e-02 7.46264001e-03 1.12584394e-02 9.95679012e-03
8.76931468e+00 2.72245631e-03 3.15065952e-04 6.57087111e-02 8.82737054e-03 1.19845440e-02 5.54379508e-03
1.14806825e+01 2.05070722e-02 -1.06700291e-02 3.35242557e-02 6.30575490e-03 7.06763733e-03 1.02596474e-02
1.41888919e+01 7.98599450e-03 -2.77282049e-02 2.49258201e-02 4.23999916e-03 1.52063391e-03 9.80699717e-03
1.68884528e+01 2.57112863e-03 -9.21997845e-03 -3.99830686e-02 3.86970636e-03 1.32656578e-02 2.05962389e-02
1.95816528e+01 -6.88653733e-03 1.31379620e-02 -1.50508210e-02 5.22947241e-03 9.02449822e-03 1.02873738e-02
2.22751888e+01 2.74143411e-03 9.51944417e-03 -6.04027840e-02 1.10851377e-02 1.82175751e-02 1.03973137e-02
2.49663606e+01 2.51480399e-03 4.45230370e-02 -4.01968397e-02 1.02853256e-02 1.79652373e-02 1.12565941e-02
2.76666872e+01 4.06811050e-02 2.98708997e-02 7.78974105e-03 1.10231210e-02 1.27801329e-02 1.18623490e-02
3.03674325e+01 2.69120034e-02 3.05837528e-02 -2.10974642e-02 1.00277837e-02 1.57119328e-02 7.60117285e-03
3.30787372e+01 3.75744479e-02 2.78404257e-02 -5.41723974e-02 7.17385796e-03 1.35026698e-02 8.34471319e-03
3.57822684e+01 3.31767372e-02 2.13700890e-02 -5.03083052e-02 1.23115579e-02 2.07380231e-02 5.15668207e-03
3.84870622e+01 1.32896960e-02 -2.13457878e-02 -7.21182547e-03 9.01429499e-03 2.36407438e-02 5.70219928e-03
4.12037372e+01 1.23380626e-02 -1.68073569e-02 -5.73001420e-02 1.24824881e-02 1.98437300e-02 6.01561874e-03
4.39055653e+01 2.61729691e-02 2.66169310e-02 -4.27698097e-02 8.17292003e-03 2.87082481e-02 8.33919837e-03
4.66045575e+01 1.32054257e-02 1.21050722e-02 -4.57131358e-02 1.74716186e-02 2.24993422e-02 9.51607862e-03
4.93038450e+01 1.92662916e-02 1.62948021e-02 -3.27816872e-02 9.75975638e-03 3.12148956e-02 2.29970404e-02
5.20130638e+01 4.54815877e-02 -6.70124308e-02 -4.69313480e-02 1.33704841e-02 2.24729054e-02 4.64379465e-03
5.47081591e+01 1.26030523e-02 -6.15570928e-02 -2.27698693e-02 1.23332268e-02 1.80143560e-02 1.75015398e-02
5.74150544e+01 1.64828994e-02 -2.98976102e-02 -5.95620438e-02 1.07598303e-02 1.93829855e-02 1.33237377e-02
6.01004747e+01 -1.64189652e-03 -2.44233786e-02 -3.86079019e-02 1.22019855e-02 1.65375360e-02 1.17387438e-02
6.28027684e+01 6.25645599e-03 1.79038181e-02 -3.46069430e-02 7.69872651e-03 1.33334220e-02 1.15545056e-02
6.55064138e+01 7.12446553e-03 -3.06681207e-02 -1.34562139e-01 7.98499024e-03 2.27418719e-02 5.92638089e-03
6.81931544e+01 -2.45252020e-03 1.28607171e-02 -7.16622674e-02 1.06783890e-02 2.16455085e-02 1.41697835e-02
7.08850513e+01 1.81561700e-02 1.91793522e-02 -2.17883305e-02 1.09981783e-02 2.30902417e-02 9.33419292e-03
7.35850075e+01 3.52385963e-03 4.18371964e-02 -1.02565837e-02 1.27901915e-02 1.63651124e-02 1.14498270e-02
7.62931716e+01 1.43143985e-02 -4.70967268e-04 -3.52132385e-02 1.34770572e-02 2.14640074e-02 8.69968493e-03
7.89866653e+01 1.17404979e-02 2.66550137e-02 1.05564723e-02 1.15203801e-02 1.76861335e-02 1.60887299e-02
8.16865778e+01 2.37995177e-02 4.16999653e-03 -5.86151440e-02 6.65027796e-03 2.12178723e-02 7.87011702e-03
8.43773841e+01 -1.09712864e-02 1.20516937e-02 1.23996750e-02 1.06605260e-02 2.13436645e-02 1.07442040e-02
8.70893403e+01 1.95089644e-02 -2.94645039e-02 -3.54548393e-02 1.10853787e-02 1.69668525e-02 1.02276598e-02
8.97909809e+01 2.48885742e-02 -6.42593736e-03 -3.29184846e-02 1.46739191e-02 2.16756823e-02 1.27196693e-02
9.25010575e+01 3.99232966e-03 8.64182926e-03 -4.66654833e-02 1.03544413e-02 2.05728667e-02 1.12192116e-02
9.52062028e+01 2.44651568e-02 -2.87868765e-02 -3.17979757e-02 9.05694428e-03 2.25009538e-02 1.54163975e-02
9.79001450e+01 1.69765415e-03 -3.19608712e-03 -1.88462350e-02 1.46884601e-02 2.20440409e-02 9.61722504e-03
1.00599881e+02 5.87213427e-03 9.84138278e-03 -6.12274259e-02 9.83103877e-03 2.00611397e-02 1.85702534e-02
1.03300475e+02 6.20472473e-03 -1.49272805e-02 -6.85165374e-02 1.03327002e-02 2.58843946e-02 1.21805374e-02
1.05996475e+02 1.45317214e-02 3.17956422e-02 -4.62639543e-02 1.73237661e-02 3.44497713e-02 8.60238498e-03
1.08701615e+02 4.45903340e-03 1.74673091e-02 -3.41148320e-02 1.14620896e-02 2.49510604e-02 4.18428376e-03
1.11410662e+02 -3.84193766e-03 -2.01110803e-02 -7.65637047e-02 1.06153224e-02 2.53156772e-02 1.23994904e-02
1.14111412e+02 7.63161125e-03 -8.80538795e-03 -3.25827874e-02 8.38895497e-03 2.68952236e-02 4.36004691e-03
1.16804990e+02 -1.28399216e-02 -3.71227138e-02 -6.14320213e-02 1.35732652e-02 2.20600712e-02 1.28679831e-02
1.19507943e+02 -1.50418451e-02 -5.16550163e-02 -8.93567914e-02 1.02637348e-02 1.70238401e-02 6.44814662e-03
1.22209303e+02 -2.34790973e-02 -5.57044263e-02 -3.52859826e-02 7.45538365e-03 1.29851723e-02 1.61179771e-02
1.24909615e+02 -4.11002669e-04 -2.22593728e-02 -4.49805497e-02 9.29628101e-03 1.22913803e-02 1.66205086e-02
1.27625303e+02 2.01586964e-02 1.57070277e-02 -3.85394349e-02 1.39576728e-02 1.35957980e-02 1.87993423e-02
1.30315068e+02 2.92364324e-03 9.56947360e-03 -3.20002772e-03 7.84074766e-03 1.32142500e-02 1.93143408e-02
1.33012506e+02 4.22573227e-03 1.17736551e-02 1.19264734e-02 8.52600647e-03 1.44996425e-02 1.86249742e-02
1.35713412e+02 6.98792916e-03 2.85147836e-02 -3.41533886e-02 9.53385344e-03 9.99851691e-03 1.65659421e-02
1.38407772e+02 1.42026816e-02 9.08849532e-03 -8.36804844e-03 9.62434512e-03 1.39422776e-02 1.83679041e-02
1.41097350e+02 1.85045562e-02 1.93267357e-02 5.01712469e-03 5.24174337e-03 2.09842981e-03 2.24466854e-02
1.43805506e+02 -2.33282720e-02 2.65987455e-02 -1.18115344e-02 3.93708562e-03 3.59031970e-03 2.95218037e-02
1.46491037e+02 -2.67548516e-02 9.04929174e-04 3.52059162e-02 2.39346451e-03 2.23789333e-02 2.36413085e-02
1.49197850e+02 -3.19937541e-02 1.78564823e-03 2.59877323e-04 1.13349370e-02 2.45045080e-02 1.95800654e-02
1.51908631e+02 -1.01425940e-01 -2.57652722e-02 -7.49255601e-02 1.02870978e-02 2.39951255e-02 1.77275069e-02
1.54600568e+02 -4.75339357e-02 -4.18309247e-02 -3.63053850e-02 5.62598396e-03 3.49358272e-02 1.31508808e-02
1.57298850e+02 -5.79352659e-02 -2.49787077e-02 -5.33558193e-02 5.94102829e-03 2.59807523e-02 1.38676206e-02
1.59994115e+02 -5.30973569e-03 -5.19150107e-02 -4.90844684e-02 1.70737986e-02 2.99348663e-02 1.07807556e-02
1.62686318e+02 -5.70797725e-02 2.87024436e-02 1.86336104e-02 3.80050883e-03 1.99150298e-02 1.45186330e-02
1.65388615e+02 -5.44118585e-02 6.21106403e-02 2.99491968e-02 1.98219766e-02 1.38977126e-02 9.59359426e-03
1.68086772e+02 -5.79792203e-02 -6.37111364e-03 -5.61773205e-03 2.23587124e-02 2.05619810e-02 9.90806584e-03
1.70789443e+02 -6.05049252e-02 6.27505879e-02 -1.69673954e-03 5.47809806e-03 2.41773476e-02 1.96327637e-02
1.73479740e+02 1.50967737e-02 2.79110826e-02 -3.18326950e-02 1.94201745e-02 2.60580475e-02 6.71769684e-03
1.76184443e+02 -1.68240363e-02 -2.50953092e-03 -6.86135314e-03 6.03546527e-03 2.51743632e-02 9.91300786e-03
1.78876584e+02 2.30510661e-02 -4.45305584e-02 1.65483297e-02 1.54539342e-02 2.06649474e-02 1.21286815e-02
1.81579881e+02 -6.63035305e-02 2.04666081e-03 -1.82505734e-02 4.69010871e-03 2.03830534e-02 1.72183800e-02
1.84275709e+02 2.05967748e-02 9.53928007e-03 -5.34432828e-03 1.61282344e-02 2.90427410e-02 9.90062428e-03
1.86970881e+02 7.41387477e-04 1.95431123e-03 1.76858358e-02 7.92378740e-03 2.38431654e-02 2.54257029e-02
1.89678318e+02 1.54888846e-02 -3.26080856e-02 1.10638665e-02 2.14956098e-02 2.25467390e-02 1.15258527e-02
1.92376568e+02 -2.70919115e-02 -2.47999610e-02 9.44078329e-03 5.10135928e-03 1.42753235e-02 4.55008083e-03
1.95071709e+02 -3.08140930e-02 1.17873100e-02 2.49975353e-02 1.91051579e-02 1.89881108e-02 1.33157654e-02
1.97777147e+02 -4.61783774e-02 -2.04640762e-02 -5.36815567e-03 1.33286644e-02 1.80596191e-02 1.76611444e-02
2.00474350e+02 -4.84506852e-02 2.40894391e-02 -1.22953998e-02 8.49460142e-03 1.82181686e-02 1.72518356e-02
2.03180725e+02 -1.23166966e-02 4.88521361e-03 1.39375961e-02 1.48137078e-02 2.29394925e-02 1.52805745e-02
2.05877600e+02 -2.49771386e-02 2.84838149e-02 4.29595862e-03 1.26692490e-02 1.30857074e-02 1.06176550e-02
2.08578865e+02 1.56308928e-03 4.81199042e-02 1.22264560e-02 1.28986992e-02 1.73603130e-02 1.32189136e-02
2.11274756e+02 1.70371556e-02 4.45343237e-02 1.28200446e-02 5.85554562e-03 1.60283168e-02 1.31143361e-02
2.13982225e+02 -3.57468536e-02 2.56304190e-02 1.78714529e-02 1.06164437e-02 2.19319790e-02 1.26290744e-02
2.16693365e+02 -3.55436405e-02 5.81842718e-03 1.69219670e-02 6.55623170e-03 1.49261564e-02 1.18212732e-02
2.19391412e+02 -5.28499813e-02 -3.71123999e-03 3.00444171e-04 8.73786750e-03 1.88534614e-02 1.18496451e-02
2.22097178e+02 -8.69797445e-02 1.37865777e-02 5.45602196e-02 1.72106784e-02 2.01829988e-02 1.75419282e-02
2.24800350e+02 -5.91692355e-02 -2.78530135e-02 4.96565885e-02 1.02538608e-02 1.73625517e-02 7.51977616e-03
2.27492147e+02 -4.52992912e-02 4.97244717e-03 6.31619240e-03 1.09124661e-02 2.57001606e-02 1.08121950e-02
2.30189318e+02 -2.30522492e-03 -2.57277611e-02 -3.91849554e-02 7.69554338e-03 2.54725072e-02 1.00353360e-02
2.32886865e+02 -9.37233726e-02 -8.45183118e-03 -2.48972759e-02 1.55085580e-02 2.21785111e-02 1.72070416e-02
2.35592397e+02 -7.12992659e-02 -1.04891951e-02 -3.90401082e-02 1.24131291e-02 2.54488489e-02 1.45427107e-02
2.38283740e+02 -7.90619495e-02 3.80668593e-02 -2.06450430e-02 9.49448975e-03 1.79486487e-02 7.30934139e-03
2.40980725e+02 7.86157007e-03 1.58264734e-02 -1.64997480e-02 1.25331242e-02 2.01198330e-02 1.17419697e-02
2.43675553e+02 1.07928630e-02 1.77406005e-02 -3.77702058e-02 1.34987431e-02 1.43140341e-02 1.61206756e-02
2.46392459e+02 -5.87239932e-02 3.07505919e-02 -6.40405855e-02 8.42790721e-03 2.40456161e-02 2.02340525e-02
2.49091897e+02 -5.63667495e-02 1.35250445e-02 -3.46528965e-02 5.86229458e-03 2.42443661e-02 1.77162542e-02
2.51779412e+02 -3.01081274e-02 3.36322011e-02 4.08405941e-02 9.54500189e-03 2.48661804e-02 2.11111241e-02
2.54478975e+02 -1.30797689e-02 1.83387666e-02 6.55659911e-02 5.20893606e-03 2.36182613e-02 1.09134288e-02
2.57186006e+02 -4.44594724e-02 2.60275810e-02 5.53046422e-02 8.24051252e-03 1.74391018e-02 1.62273479e-02
2.59888506e+02 -2.39329005e-02 -1.32940928e-02 7.53524158e-02 6.95888996e-03 2.26905070e-02 1.58288454e-02
2.62597412e+02 1.46715826e-02 -4.01231768e-02 4.31485338e-02 1.92611191e-02 2.67590010e-02 9.16915028e-03
2.65282600e+02 -1.76265857e-02 -4.05971656e-02 6.78602208e-02 1.71114256e-02 2.61039184e-02 1.34029999e-02
2.67984890e+02 2.58507880e-02 1.57835089e-02 5.72614683e-02 1.26576683e-02 2.20717821e-02 6.64214397e-03
