6.86677825e-01 3.80936406e-02 -3.44408861e-02 4.40071496e-02 1.80926164e-02 2.33096442e-02 9.75037395e-03
3.39363342e+00 3.71928773e-02 -1.91236116e-02 1.75331626e-02 1.07777919e-02 1.80249029e-02 2.27269442e-03
6.10211686e+00 6.29486734e-02 1.11175886e-02 9.84563450e-04 5.06858305e-03 9.36722626e-03 7.11509147e-03
8.79143983e+00 -1.33075891e-02 6.06239322e-03 -1.87901532e-02 2.21107819e-03 6.83647970e-03 6.04354096e-03
1.14819531e+01 -1.30987774e-02 2.15286552e-02 6.19836675e-02 1.15890454e-03 6.26026391e-03 1.03233392e-02
1.41807562e+01 3.87300726e-03 8.97440297e-03 4.98053379e-02 2.31120443e-03 3.92905871e-03 9.25294610e-03
1.68820406e+01 1.83965503e-02 1.73521556e-02 6.57204665e-02 4.44384007e-03 4.42676295e-03 1.79718737e-02
1.95861125e+01 -5.21410729e-03 3.64894833e-02 2.77238303e-02 6.33843497e-03 8.25718895e-03 1.98110595e-02
2.22838812e+01 9.65346557e-03 1.36924049e-02 2.95361438e-02 5.42187404e-03 8.40950949e-03 1.07039291e-02
2.49790547e+01 5.81218919e-03 2.00251614e-02 5.17563169e-02 9.96255025e-03 7.86822859e-03 1.71973481e-02
2.76764531e+01 -8.12012148e-03 -1.10118478e-02 -3.83020214e-03 3.86950758e-03 1.35477867e-02 7.70716501e-03
3.03802781e+01 1.29595565e-02 2.07392578e-02 -3.45563331e-02 8.96357004e-03 1.95029210e-02 8.24434303e-03
3.30891922e+01 3.65359369e-02 3.40441266e-02 -7.03763253e-02 7.84175797e-03 2.30697042e-02 7.39208932e-03
3.57820750e+01 8.67701716e-03 5.22975933e-02 -1.84705394e-02 1.57973497e-02 2.77315434e-02 1.39228967e-02
3.84891156e+01 2.44320588e-02 5.35640005e-02 -8.51850307e-02 1.22340852e-02 2.37083148e-02 1.97917638e-02
4.11926391e+01 1.30962834e-02 1.79229412e-02 -9.46023462e-02 1.43794511e-02 2.35155525e-02 9.60031456e-03
4.38941125e+01 2.38054828e-02 -2.27411402e-02 -5.59571651e-02 6.07639805e-03 1.54155014e-02 2.20764967e-02
4.65997562e+01 1.28863559e-02 -3.42408986e-02 -5.32684121e-02 1.55650970e-02 2.29256769e-02 1.82112548e-02
4.93054656e+01 1.95338048e-02 1.05578145e-02 -4.24036294e-02 6.94241433e-03 2.08013295e-02 1.80725019e-02
5.19925766e+01 -3.68647692e-03 -1.04250094e-02 -3.76484032e-02 1.02728080e-02 2.00994894e-02 9.08541210e-03
5.46912734e+01 -8.68939557e-03 3.44769664e-02 -1.44749198e-02 1.10935631e-02 1.77035180e-02 1.34659759e-02
5.73833016e+01 -3.11211222e-02 1.78681837e-02 2.30675611e-02 1.45525362e-02 1.75306773e-02 8.92196031e-03
6.00879359e+01 -2.28277110e-02 -1.59609928e-02 -5.51050890e-02 7.42120686e-03 1.40657863e-02 7.14859816e-03
6.27787375e+01 -1.51447593e-02 -2.34038931e-02 -7.74031990e-02 1.31150489e-02 2.77060636e-02 6.71200082e-03
6.54712609e+01 -2.59892357e-02 -9.00863765e-03 -2.19733930e-02 1.34535060e-02 2.46525930e-02 5.23756481e-03
6.81797844e+01 7.83933700e-03 2.82448987e-02 -2.58399892e-02 1.00302903e-02 2.39156090e-02 9.68175259e-03
7.08883453e+01 1.18068363e-02 -1.74257868e-02 -1.19686120e-02 1.47274855e-02 2.35098873e-02 8.37377984e-03
7.35932984e+01 1.18335987e-03 9.34861468e-03 -4.24369278e-03 1.00019555e-02 2.85679345e-02 9.03688971e-03
7.62967906e+01 1.97986833e-03 2.01624384e-03 -2.99971571e-02 1.45468235e-02 1.98858791e-02 7.74992965e-03
7.90037515e+01 2.66665189e-02 1.36254387e-02 -6.87727497e-02 7.00805850e-03 2.03375434e-02 2.06060149e-02
8.17124719e+01 2.83095289e-02 -1.60543488e-02 -4.01904173e-02 7.60306506e-03 1.14880669e-02 3.56127031e-03
8.44248781e+01 1.70653268e-02 4.44954141e-03 -4.28386521e-02 5.01802150e-03 1.68722359e-02 8.17092239e-03
8.71299422e+01 1.26185003e-02 -6.91750908e-03 -3.04222711e-02 1.75656687e-02 2.65643919e-02 1.29473448e-02
8.98362516e+01 -1.84891691e-02 2.81133777e-03 -5.79533157e-02 7.11375196e-03 1.33355389e-02 8.95308070e-03
9.25349172e+01 -1.69395783e-02 2.23326524e-02 -1.14430530e-01 1.42136943e-02 2.46515916e-02 8.09835860e-03
9.52296234e+01 1.79760263e-02 2.73702297e-02 -8.10879967e-02 1.70924855e-02 1.56025636e-02 7.92032465e-03
9.79190344e+01 2.45962099e-03 8.50630288e-03 -6.17915010e-02 1.06051340e-02 2.66313255e-02 3.66194037e-03
1.00625081e+02 1.89883255e-02 3.81603115e-02 1.63037187e-03 1.83967700e-02 3.11680225e-02 1.07053816e-02
1.03323597e+02 1.06715417e-02 -6.40459293e-03 -3.07658945e-02 1.16409505e-02 2.28704869e-02 6.31068613e-03
1.06019378e+02 -1.13520903e-02 5.23411250e-03 -3.86059866e-02 5.59624189e-03 1.29787284e-02 1.38233281e-02
1.08722159e+02 -1.55621235e-03 -1.05510786e-02 -5.44319259e-02 1.23492474e-02 1.62751518e-02 2.91547060e-03
1.11419941e+02 -8.55782586e-03 -3.52123350e-02 -1.57457940e-02 1.08681491e-02 1.34874164e-02 1.86670728e-02
1.14121909e+02 -8.51899887e-04 -3.54832477e-02 -7.48328881e-02 6.91805756e-03 2.92591666e-02 8.72610197e-03
1.16820316e+02 -9.99360624e-03 -2.52913536e-02 -2.78365739e-02 1.72078852e-02 1.63117821e-02 6.17709951e-03
1.19532003e+02 2.77671498e-02 -7.65526062e-03 -5.51155949e-02 9.43262844e-03 2.31260875e-02 7.78294839e-03
1.22234425e+02 -1.33936847e-02 -2.59592758e-02 -7.11430141e-02 2.11786476e-02 2.02223790e-02 6.31218367e-03
1.24929487e+02 -1.17634597e-02 -2.81699757e-02 -8.69650025e-02 6.05983118e-03 1.98130920e-02 9.80374586e-03
1.27632816e+02 -5.63663175e-03 3.39047254e-03 -6.50740544e-02 1.49661277e-02 2.64989630e-02 7.34140601e-03
1.30324753e+02 4.36033362e-04 1.15555086e-02 -3.95318657e-02 9.91014918e-03 1.59881093e-02 8.42072047e-03
1.33016941e+02 -6.58836421e-03 -3.86977342e-03 -2.99188414e-02 1.06997268e-02 1.84183518e-02 1.07931207e-02
1.35713612e+02 -6.33025475e-03 1.66094801e-02 8.63241064e-03 1.35209513e-02 1.14972029e-02 1.22475367e-02
1.38409503e+02 -4.20034018e-02 -1.11257296e-02 -2.51865752e-02 9.02394703e-04 6.40401912e-03 9.58144497e-03
1.41111784e+02 -5.13632666e-02 3.82902516e-02 -3.75277433e-03 9.45490527e-04 2.46892669e-03 1.34612006e-02
1.43804253e+02 -6.33412755e-04 -8.14687390e-04 1.28116549e-02 3.23185760e-03 5.10942570e-03 1.67080867e-02
1.46503066e+02 -7.12016698e-03 -2.45948895e-02 -1.72791075e-02 2.52794357e-02 3.47086581e-02 1.50007204e-02
1.49192862e+02 6.48677887e-03 2.28535401e-03 1.92939064e-02 1.65159033e-02 2.22418707e-02 1.77339835e-02
1.51892722e+02 -2.23800926e-02 9.82014598e-03 1.32479692e-02 2.79601933e-02 1.70663931e-02 1.33399925e-02
1.54589050e+02 -1.91669587e-03 -9.44824321e-03 1.18280132e-02 8.27972173e-03 1.71020048e-02 1.00653904e-02
1.57285534e+02 -2.74850817e-02 3.23253639e-02 5.56268635e-02 1.92750215e-02 1.86708511e-02 9.87033628e-03
1.59965644e+02 5.23506261e-02 -1.36812738e-02 7.84342211e-02 8.88718168e-03 2.38820775e-02 1.79419040e-02
1.62667597e+02 -3.35860856e-02 1.15759026e-02 3.91983185e-02 1.94935519e-02 3.21704424e-02 1.62704280e-02
1.65369409e+02 -6.63203636e-02 1.24307629e-02 1.17880584e-02 1.19036881e-02 1.57142946e-02 1.31171865e-02
1.68063347e+02 -8.09114377e-03 1.08051212e-02 8.35811376e-04 1.07702386e-02 2.51071465e-02 1.68258000e-02
1.70764800e+02 1.36152132e-02 5.81365238e-02 5.14027002e-03 7.97134035e-03 2.65842641e-02 1.38310781e-02
1.73482691e+02 -1.07124122e-02 4.03403175e-02 -9.64150564e-03 1.04161735e-02 3.05285867e-02 7.73256468e-03
1.76184019e+02 -5.52332596e-02 3.03556917e-03 -9.71692756e-03 1.05265236e-02 2.86727125e-02 2.06427378e-02
1.78881784e+02 -2.50981356e-02 -2.14817945e-02 -2.82160869e-03 2.12119137e-02 2.60944457e-02 6.55366165e-03
1.81581941e+02 -4.33539909e-02 -1.81280804e-03 8.41625398e-03 1.13243344e-02 1.59613724e-02 1.51954787e-02
1.84287284e+02 -3.53220076e-02 -1.63069691e-03 1.95428270e-02 2.50472387e-02 1.83446183e-02 3.03737713e-02
1.86982628e+02 8.62025455e-03 -2.73570610e-02 3.24869061e-02 1.13627314e-02 1.74847811e-02 1.06418053e-02
1.89684284e+02 1.18941173e-02 -9.10854421e-03 4.31645479e-02 1.12981373e-02 2.12109202e-02 1.61776704e-02
1.92393378e+02 -2.91134479e-02 -2.09863849e-03 6.09157643e-04 1.13912658e-02 1.13064880e-02 7.91896064e-03
1.95093987e+02 -7.22153615e-02 -1.06756881e-02 2.63021922e-03 1.04468301e-02 2.26724490e-02 1.26609077e-02
1.97800284e+02 -4.45148367e-02 -3.21410527e-02 9.58492225e-03 7.38185612e-03 1.48018022e-02 7.22443457e-03
2.00505456e+02 -2.72065271e-02 2.31894178e-02 -1.70939875e-02 1.27563868e-02 2.03231397e-02 1.94566315e-02
2.03197066e+02 -2.25953794e-02 -2.72528717e-02 2.10710852e-03 1.41332155e-02 1.67089947e-02 1.01665455e-02
2.05887394e+02 -3.77662470e-02 3.47923818e-03 2.11348490e-02 1.81166448e-02 2.27725504e-02 1.11013967e-02
2.08580269e+02 -2.70996631e-02 1.01977576e-02 4.77786802e-02 9.04035402e-03 1.51603918e-02 1.58642305e-02
2.11277659e+02 -6.12966132e-02 2.75959868e-02 3.83361076e-02 1.38593981e-02 1.50508142e-02 7.42913940e-03
2.13988034e+02 -5.35624512e-02 6.70273085e-03 -1.18316279e-02 1.99025160e-02 1.72209955e-02 1.28473709e-02
2.16685300e+02 -4.06174263e-02 2.24950214e-02 -4.55668370e-02 1.02634145e-02 2.01483343e-02 1.09748266e-02
2.19391550e+02 -5.36973489e-02 -2.94970528e-02 -4.69013806e-02 1.11882879e-02 1.60453650e-02 1.02881064e-02
2.22085112e+02 3.21622671e-04 -9.91918663e-04 -4.09829469e-02 6.08819199e-03 1.64116011e-02 3.38312087e-03
2.24774878e+02 4.61956577e-02 -2.23054857e-02 -1.93191122e-02 1.14391042e-02 2.42534192e-02 1.52570347e-02
2.27480159e+02 2.99930335e-04 2.42241975e-02 2.47054640e-02 1.75646417e-02 2.27933909e-02 1.44844830e-02
2.30186612e+02 -9.42721149e-04 1.47332836e-02 4.70940816e-02 7.08576062e-03 2.22887492e-02 1.06356033e-02
2.32889441e+02 -1.74761191e-02 5.45713945e-02 3.32244595e-02 1.41588389e-02 2.47625637e-02 2.06594396e-02
2.35582675e+02 -1.03305362e-03 2.82729129e-02 8.13059585e-02 6.16639245e-03 2.92713233e-02 1.50717063e-02
2.38291784e+02 -2.74564484e-02 -1.22678050e-02 5.35488116e-02 1.67604348e-02 3.69853491e-02 1.26253719e-02
2.40993112e+02 3.26902461e-02 -3.70097157e-02 8.67101723e-02 8.86708143e-03 2.09655966e-02 1.23939727e-02
2.43700237e+02 -1.82361737e-02 9.37050959e-03 2.76911281e-02 7.94115314e-03 1.93278003e-02 7.32497609e-03
2.46398269e+02 -1.98044724e-02 1.12688192e-02 6.78113982e-02 9.53920917e-03 2.44149023e-02 1.40458272e-02
2.49106112e+02 -9.89276432e-03 4.17272230e-02 1.91354258e-02 5.05165312e-03 1.40951317e-02 1.60486463e-02
2.51809503e+02 -3.73248810e-02 1.09429063e-02 1.12485839e-02 3.78249793e-03 1.45817238e-02 1.06616559e-02
2.54511737e+02 -2.34189812e-02 -6.73589740e-03 3.86364009e-02 1.00679598e-02 1.37074404e-02 1.62396545e-02
2.57204706e+02 -5.86513487e-03 -2.66981652e-02 6.22700120e-03 1.22920320e-02 1.67577848e-02 1.22661440e-02
2.59904331e+02 1.02632867e-02 1.84376817e-02 7.94405979e-03 8.39354392e-03 1.49832149e-02 9.58016712e-03
2.62602316e+02 8.39231564e-04 3.51408347e-03 4.00593242e-02 1.45871928e-02 2.35338362e-02 8.41967035e-03
2.65318222e+02 1.51907350e-02 -2.67085876e-02 1.17393115e-02 1.36042763e-02 2.73733064e-02 1.21058742e-02
2.68017563e+02 2.08241928e-02 -1.23558873e-04 5.53413591e-02 1.20685314e-02 3.42523991e-02 1.03230499e-02
