6.83661520e-01 -4.49236247e-02 5.45147664e-03 1.56915301e-02 9.41891085e-03 2.62598346e-02 1.17864991e-02
3.36901812e+00 2.71129326e-02 1.56817671e-02 1.76874833e-02 2.85134695e-03 3.45681922e-02 2.67102940e-02
6.06769828e+00 2.21103156e-02 6.02936928e-02 1.85327672e-02 2.35383744e-03 2.57845358e-02 1.09322236e-02
8.76817219e+00 1.03636576e-02 2.72233150e-02 4.04295433e-02 2.48389058e-03 3.16891929e-02 2.28613951e-02
1.14587891e+01 -3.47729797e-03 6.21940562e-03 4.03925927e-02 3.02455169e-03 3.98002067e-02 2.10443843e-02
1.41639297e+01 6.35953018e-03 -2.17722191e-02 -2.39547023e-03 9.92446991e-03 2.89181858e-02 1.71089236e-02
1.68663219e+01 3.35087327e-02 -1.97371543e-02 1.68516138e-02 5.27376451e-03 2.08275388e-02 1.08599559e-02
1.95720859e+01 6.92487455e-02 2.15824108e-02 1.71930838e-02 1.67590301e-02 2.03817980e-02 1.32654261e-02
2.22714391e+01 7.30755841e-02 5.98886731e-02 -5.10360159e-03 1.04837828e-02 1.84956903e-02 1.68994362e-02
2.49770750e+01 -1.75414768e-02 3.08053871e-02 -1.82111113e-02 1.21077792e-02 1.96363436e-02 1.19822515e-02
2.76730031e+01 -1.00345886e-02 3.66775766e-02 -3.21280347e-02 1.18765735e-02 2.20007787e-02 1.25918883e-02
3.03625672e+01 -1.01560322e-02 -2.98587681e-02 5.58335794e-02 8.75605033e-03 1.73298289e-02 1.26928665e-02
3.30499375e+01 9.12044954e-02 -2.84302813e-02 6.18322024e-02 9.15200829e-03 2.29863221e-02 1.58313620e-02
3.57564125e+01 3.56389211e-02 -5.90361070e-03 6.66543075e-03 9.76451414e-03 2.15314258e-02 1.16617098e-02
3.84625953e+01 7.15920780e-02 9.12469683e-03 5.41867398e-03 2.98637132e-03 2.15768371e-02 1.44928559e-02
4.11560281e+01 3.63147576e-02 -1.25721169e-02 7.05809564e-03 1.98869400e-02 3.26621413e-02 1.28082630e-02
4.38724719e+01 2.07817177e-02 -1.31367485e-02 -2.19664080e-02 4.68152987e-03 2.30006640e-02 1.91560338e-02
4.65843328e+01 -5.23677430e-03 -5.60359866e-02 -5.37167036e-02 2.11393618e-02 2.69926189e-02 7.22138334e-03
4.92773141e+01 6.59461431e-02 -1.02194022e-02 1.44533971e-02 1.09350631e-02 1.59083319e-02 1.60993226e-02
5.19693297e+01 6.38978346e-02 3.42715827e-02 -7.50033744e-03 2.23542130e-02 1.65566510e-02 8.41750628e-03
5.46752641e+01 5.51790185e-03 3.74174714e-02 2.82705611e-03 1.94287997e-02 1.04270467e-02 1.60021502e-02
5.73758531e+01 1.21639155e-02 -9.59174209e-03 -9.48057005e-03 1.69553011e-02 2.00029502e-02 1.76485633e-02
6.00833359e+01 -1.35657693e-02 -9.96676058e-03 -5.63975192e-03 1.39083831e-02 2.12313207e-02 9.78403592e-03
6.27987766e+01 3.28750387e-02 1.74618326e-03 -2.87993779e-02 2.20562491e-02 1.87389269e-02 1.56172423e-02
6.54990344e+01 1.76951757e-02 1.65581915e-02 5.34973669e-03 2.30957264e-02 2.35652686e-02 2.33214079e-02
6.82002344e+01 9.66414196e-02 -4.26867552e-02 3.25890441e-02 1.30333353e-02 2.26872972e-02 1.44100778e-02
7.09053344e+01 9.16694045e-02 -1.36735961e-02 3.16949614e-02 1.54576036e-02 1.57379591e-02 1.87712410e-02
7.36052547e+01 1.02082219e-01 -2.72551881e-02 -4.50819813e-03 1.84540135e-02 2.16954174e-02 1.36061354e-02
7.63006656e+01 9.08427098e-02 -2.20014198e-02 9.02117345e-03 1.40730286e-02 1.79500795e-02 1.05030196e-02
7.89955484e+01 1.02434037e-01 -4.94579600e-02 3.00015397e-02 1.22932383e-02 2.24861703e-02 7.40774506e-03
8.16845781e+01 1.00975800e-01 -1.23649855e-02 5.94015727e-02 1.97134080e-02 2.13141079e-02 5.76737475e-03
8.43975594e+01 2.61806728e-02 -4.96723700e-03 2.07020260e-02 1.53732128e-02 1.99619517e-02 1.33316301e-02
8.70886187e+01 3.41899759e-02 1.06892171e-02 -3.45126181e-02 1.94167155e-02 1.72340778e-02 1.20771434e-02
8.97938094e+01 3.91917051e-02 9.82420978e-03 -5.49224548e-02 7.05191075e-03 2.14079016e-02 1.39963794e-02
9.24814203e+01 9.57710680e-02 -1.92735999e-02 -1.52464611e-02 3.17245277e-02 1.50658123e-02 6.35440076e-03
9.51773219e+01 5.50591616e-02 1.65208568e-02 4.50886826e-02 1.18958922e-02 2.35095724e-02 1.25680194e-02
9.78769281e+01 4.32721138e-02 5.26053904e-03 2.05983040e-02 2.01447780e-02 1.95650820e-02 1.40364488e-02
1.00578873e+02 1.82797740e-02 2.08281248e-02 1.65658400e-02 1.72106565e-02 1.34935917e-02 1.79554116e-02
1.03283264e+02 4.59912694e-02 4.37880973e-02 -5.91163472e-02 2.14387393e-02 1.72897335e-02 1.08468928e-02
1.05978889e+02 4.93747795e-02 2.55379934e-02 -7.36995117e-02 1.08707041e-02 1.10615368e-02 6.00323790e-03
1.08681233e+02 6.52299380e-02 2.74614301e-02 -5.72607417e-02 9.26213218e-03 9.82274868e-03 1.11461910e-02
1.11373702e+02 4.10827485e-02 1.76212138e-02 -3.01365927e-02 1.42797206e-02 1.31969167e-02 1.00284033e-02
1.14070108e+02 8.17145825e-03 -5.25689924e-03 -3.45569027e-02 1.38150683e-02 2.00983723e-02 1.90421614e-02
1.16761327e+02 -1.52462667e-02 1.35724985e-03 -5.19318149e-02 1.22558414e-02 2.14657338e-02 6.99609358e-03
1.19456170e+02 4.36854271e-02 -2.94200534e-02 -1.94156838e-02 9.27949362e-03 2.35792841e-02 1.31993233e-02
1.22165077e+02 2.94011859e-02 7.42338539e-03 -1.83838539e-02 6.54053634e-03 2.51918315e-02 1.76267074e-02
1.24867373e+02 3.22193883e-02 4.86877324e-02 1.17254854e-02 1.22196515e-02 1.97787755e-02 1.80808496e-02
1.27566295e+02 2.90899722e-02 3.47580470e-02 -5.30671671e-03 6.33946645e-03 1.51935965e-02 1.42438626e-02
1.30276014e+02 4.03217989e-02 3.46016866e-02 -4.28113025e-02 1.84242116e-02 1.88951108e-02 1.10846456e-02
1.32972967e+02 1.07920093e-02 2.55819896e-02 -3.29167909e-02 1.25346061e-02 1.69122088e-02 1.41506066e-02
1.35682545e+02 5.79920208e-02 -4.74140275e-03 -3.88766483e-02 7.88312032e-03 1.77242263e-02 1.42577203e-02
1.38397373e+02 -3.38150492e-02 -1.30557858e-02 -6.34224145e-02 4.15087266e-03 1.61311620e-02 6.30328232e-03
1.41083780e+02 9.22175226e-02 1.74927281e-02 -3.08430785e-02 4.54661684e-03 1.52585424e-02 1.31989560e-02
1.43785842e+02 -4.16875569e-04 3.05353193e-02 -3.15983220e-02 5.87460484e-03 1.07544914e-02 5.80329500e-03
1.46478889e+02 -1.29168741e-02 1.39717422e-02 1.70789891e-02 2.06780227e-03 1.89798662e-03 1.20119787e-02
1.49182670e+02 1.73579195e-03 -4.33297312e-02 1.67035725e-02 1.95749288e-03 2.53634364e-03 5.43653684e-03
1.51882577e+02 -1.49818461e-04 -1.35160295e-02 3.42332234e-02 5.53104828e-03 5.14389203e-03 9.16540043e-03
1.54574889e+02 -1.66749326e-02 1.43969134e-02 -8.72717061e-04 7.42914611e-03 1.08109224e-02 5.76056850e-03
1.57284342e+02 1.16042652e-02 -2.34703910e-03 2.06653002e-02 1.65514452e-02 1.45629928e-02 2.31374019e-02
1.59981639e+02 -3.53909033e-02 -4.59556460e-02 1.49614935e-02 2.87504088e-03 1.83449332e-02 6.90627732e-03
1.62692577e+02 1.98283484e-02 1.07896106e-02 -5.32988468e-03 1.00857080e-02 9.71636366e-03 8.90941167e-03
1.65396030e+02 -1.98680477e-02 -3.45919509e-03 -2.23726241e-02 8.44086586e-03 1.57643055e-02 1.15028007e-02
1.68081795e+02 -3.36447149e-02 -4.64903215e-02 1.40117885e-02 1.81539659e-02 1.85107483e-02 7.36973939e-03
1.70792170e+02 6.02503178e-03 -4.24964059e-02 2.34925884e-02 9.36064637e-03 2.08577980e-02 7.46115993e-03
1.73492983e+02 -1.09170103e-02 -3.41002354e-02 4.31120148e-02 1.72341069e-02 1.59806192e-02 2.48127698e-03
1.76198092e+02 -1.00069608e-02 1.19062864e-02 2.15946379e-02 1.85776282e-02 2.46650685e-02 7.35108195e-03
1.78906030e+02 5.74480027e-03 -1.74110662e-03 7.72617233e-02 1.36496264e-02 2.70445174e-02 1.47237939e-02
1.81604108e+02 -8.02436221e-03 1.96369012e-02 7.16171497e-02 1.06467973e-02 2.80769535e-02 9.41567131e-03
1.84299452e+02 -3.37983750e-02 6.45434975e-02 5.91260721e-02 1.43168293e-02 2.04073695e-02 8.01770798e-03
1.86986123e+02 -1.68510756e-02 8.69548283e-03 2.50657114e-02 3.24430360e-03 1.68959618e-02 1.39919639e-02
1.89683139e+02 8.14961248e-04 -2.59154442e-02 5.95688739e-02 1.71792777e-02 2.43270525e-02 1.30364401e-02
1.92379452e+02 7.14990773e-03 1.58628494e-02 9.80683908e-02 8.14956109e-03 2.53875283e-02 9.58534372e-03
1.95079092e+02 1.28776949e-02 2.57891171e-02 3.26730557e-02 1.30912725e-02 2.12397539e-02 3.46969747e-03
1.97768436e+02 6.74181008e-03 3.80461805e-02 7.28649135e-02 1.32902734e-02 2.31438659e-02 6.78813640e-03
2.00475248e+02 -2.16632496e-03 -3.05986819e-03 2.52971313e-02 1.04239596e-02 1.79177214e-02 5.24758017e-03
2.03167842e+02 -2.89674211e-02 1.33413009e-02 6.18530391e-02 9.45535278e-03 2.56881387e-02 1.70274844e-02
2.05867483e+02 -1.59624856e-03 1.15971921e-03 1.47348153e-02 1.24793525e-02 2.40242678e-02 2.27672722e-02
2.08553623e+02 7.66294464e-03 -6.97938879e-03 4.93869676e-02 1.03004964e-02 2.11991275e-02 2.17346459e-02
2.11276498e+02 2.83280058e-02 2.54973342e-04 4.78351887e-02 1.31366125e-02 2.55169171e-02 5.68525497e-03
2.13969295e+02 -7.48293774e-03 9.67221902e-03 -1.33371575e-02 1.08829510e-02 2.12643766e-02 1.12278318e-02
2.16668639e+02 2.35920095e-03 4.56491147e-02 5.96622199e-02 1.74834846e-02 2.93533011e-02 7.64738944e-03
2.19376342e+02 1.96088785e-02 6.39256093e-02 2.07135680e-02 8.11352848e-03 9.60188188e-03 1.45448741e-02
2.22075077e+02 2.99642852e-02 -4.61036209e-03 9.62153209e-02 5.13099949e-03 1.93172639e-02 1.22615380e-02
2.24776748e+02 1.59994895e-02 2.19831338e-03 3.67085027e-02 1.34501547e-02 1.56452852e-02 1.26621807e-02
2.27472827e+02 -6.78959008e-03 3.32633538e-03 6.40658735e-02 1.01203916e-02 1.30358150e-02 1.16939049e-02
2.30167358e+02 -1.02628617e-03 1.65789192e-02 4.50562859e-02 6.65271685e-03 1.28760760e-02 1.42825596e-02
2.32865186e+02 4.36356831e-03 1.39665243e-02 1.76053952e-02 1.50968277e-02 1.71099937e-02 1.81578725e-02
2.35551780e+02 -2.58200973e-02 -3.21413612e-02 5.52774546e-02 5.85248336e-03 2.62209069e-02 9.22327432e-03
2.38271717e+02 1.22102358e-02 5.21398232e-03 8.97032076e-04 2.24077353e-02 2.77795993e-02 6.60378054e-03
2.40965155e+02 -2.17674458e-02 -6.47896754e-02 4.75940045e-02 6.65609928e-03 1.92354681e-02 6.28878724e-03
2.43681842e+02 2.12403298e-02 -3.09576848e-02 2.97063806e-02 1.05060826e-02 2.23615676e-02 1.37490449e-02
2.46394248e+02 2.51424719e-02 3.00860456e-02 3.37176883e-02 1.50369480e-02 2.28159874e-02 9.67032261e-03
2.49103217e+02 1.11544389e-02 4.02625991e-03 5.40585520e-02 7.81694349e-03 2.07694077e-02 1.60135796e-02
2.51810842e+02 1.11016186e-02 6.89798532e-03 6.36121284e-02 1.25527773e-02 1.71868759e-02 1.47325185e-02
2.54518530e+02 1.12172620e-02 -2.65818396e-02 1.07360515e-01 6.95222205e-03 2.31443168e-02 1.72417140e-02
2.57218389e+02 -4.85736550e-02 -8.65937068e-03 2.18510363e-02 9.46522165e-03 1.70137238e-02 1.70445126e-02
2.59913545e+02 -9.58386474e-03 -3.35902680e-03 6.13753700e-02 3.91788692e-03 1.33406480e-02 9.46671522e-03
2.62598280e+02 -7.73120011e-02 1.85469362e-03 3.26312930e-02 7.03283618e-03 1.19063812e-02 1.99990997e-02
2.65292623e+02 1.15232351e-02 -5.93182847e-03 3.21814018e-02 1.62533888e-02 2.56155727e-02 1.15837379e-02
2.67982468e+02 -3.76071186e-02 2.91632740e-02 3.58594809e-02 6.18607762e-03 3.34577176e-02 2.29305866e-02
