6.82421095e-01 -2.42437700e-02 -2.36532030e-02 6.00352669e-02 8.68198862e-03 2.26449234e-02 1.56330262e-02
3.37624552e+00 -1.01252303e-02 -1.33834469e-02 5.51036449e-02 5.79851045e-03 2.55242665e-02 9.00254960e-03
6.08365693e+00 -1.80686189e-02 -8.13156985e-03 5.01621016e-02 1.58460050e-03 2.26456784e-02 2.58398622e-02
8.77610208e+00 1.23662703e-02 -3.65325557e-02 -1.36838752e-02 3.31935358e-03 3.22546719e-02 1.25712312e-02
1.14804668e+01 2.29570019e-03 -3.08417166e-02 -5.68800534e-02 1.16819596e-02 3.70630356e-02 1.47129896e-02
1.41793480e+01 -2.38520722e-02 -2.55634884e-03 -4.42878497e-02 1.79015068e-02 2.75156267e-02 1.80768882e-02
1.68796511e+01 -1.21880693e-04 -1.65905884e-02 -6.91532624e-02 7.80956831e-03 2.39864421e-02 1.98914105e-02
1.95714230e+01 -3.23609710e-02 -1.36884995e-02 4.58526190e-04 1.38316629e-02 3.02311659e-02 1.70905952e-02
2.22739058e+01 -1.02417963e-03 -2.26350455e-02 -2.71449508e-02 1.39342319e-02 3.44243244e-02 8.85629908e-03
2.49679418e+01 2.65802526e-02 -6.84267659e-03 1.46214040e-02 1.02492538e-02 1.60695855e-02 1.78662298e-02
2.76638793e+01 5.45858980e-02 -1.33956199e-02 1.67641501e-02 1.25929465e-02 2.15686037e-02 1.04282675e-02
3.03664543e+01 2.34955015e-02 3.53292541e-03 -2.97928696e-02 1.26989327e-02 2.03319149e-02 1.17964100e-02
3.30638105e+01 1.77551108e-02 -9.86778477e-03 -3.84323079e-02 1.56879943e-02 2.05628880e-02 8.10164108e-03
3.57551558e+01 4.19289791e-02 -1.45558610e-02 -4.48777143e-02 8.22597243e-03 1.65742441e-02 9.00902962e-03
3.84556636e+01 4.18997013e-02 2.62785564e-02 -2.13617005e-02 2.80696358e-02 1.65904658e-02 7.77544587e-03
4.11565074e+01 2.46038144e-03 2.31631050e-02 -4.01185411e-02 3.77283941e-03 1.50795990e-02 2.16880223e-02
4.38526652e+01 -8.06463877e-04 -7.76575518e-04 -3.17809193e-02 2.65906177e-02 1.08744373e-02 6.59408331e-03
4.65535449e+01 6.31563041e-03 1.38914690e-02 -4.39449510e-02 3.67400013e-03 2.10802494e-02 1.69663464e-02
4.92623511e+01 1.46364045e-03 1.25739124e-02 -6.23562383e-02 5.04773558e-03 2.17507370e-02 9.76149506e-03
5.19719886e+01 3.01482684e-02 -6.93122676e-03 -7.28669365e-02 3.80797159e-03 2.63684250e-02 2.56890271e-02
5.46691465e+01 7.09085711e-02 -1.93406142e-02 -2.98223174e-02 1.31176692e-02 2.79283735e-02 1.27473986e-02
5.73781668e+01 3.21434475e-02 1.36486492e-02 2.92871114e-02 7.50205681e-03 1.97877998e-02 7.94860472e-03
6.00753683e+01 5.46582878e-02 9.57633553e-03 1.35313936e-02 4.63772118e-03 2.57507285e-02 1.64391159e-02
6.27743183e+01 5.31718989e-02 2.49289513e-02 -1.61873327e-02 8.44888645e-03 2.04192197e-02 9.67368575e-03
6.54733152e+01 -1.48362769e-02 1.79061233e-02 2.76325924e-03 6.69089751e-03 1.62896626e-02 1.08584719e-02
6.81844621e+01 -1.31067844e-02 -5.97070945e-02 -6.10402586e-02 6.13698873e-03 2.15505253e-02 1.17392563e-02
7.08798715e+01 -1.99461474e-02 -3.43897949e-02 -1.38707158e-02 1.22880494e-02 2.15801837e-02 1.04408278e-02
7.35815043e+01 2.21765134e-02 3.43944740e-02 -3.82179837e-02 1.82566742e-02 2.62355177e-02 1.39508038e-02
7.62762230e+01 2.80166183e-02 2.23900482e-02 -8.52508963e-02 1.03004908e-02 1.74002242e-02 1.31975821e-02
7.89785699e+01 9.39522747e-02 5.18598929e-02 -3.43845252e-02 1.77539566e-02 2.32798675e-02 1.88727632e-02
8.16903668e+01 5.86466322e-02 -3.71703171e-02 -5.08010964e-02 8.52156245e-03 2.28743976e-02 1.33097674e-02
8.43951355e+01 2.83039300e-02 2.49321845e-03 -3.78897114e-02 2.98030929e-02 1.80096664e-02 9.04045419e-03
8.71024402e+01 2.32344080e-02 9.29541802e-03 -4.89505154e-02 1.41911964e-02 1.40956346e-02 1.37295327e-02
8.97984105e+01 2.09055667e-02 -2.48837961e-02 -7.06191204e-02 2.81501351e-02 2.35826053e-02 5.43819937e-03
9.24881949e+01 1.45379698e-04 4.18714478e-02 -5.00223673e-02 1.21470263e-02 2.28376747e-02 2.39001362e-02
9.51818699e+01 -2.25350339e-02 1.75192557e-02 -1.68062821e-02 1.13258021e-02 2.42825860e-02 1.66032151e-02
9.78827949e+01 3.53473463e-03 -1.37444623e-02 -5.55661132e-02 7.28741455e-03 2.16856425e-02 6.83981865e-03
1.00576854e+02 9.43613404e-03 -1.54852085e-02 -6.28312685e-03 1.36979418e-02 2.23271827e-02 1.53544380e-02
1.03283776e+02 3.78219182e-03 -4.16066234e-02 -2.68082184e-04 8.17915156e-03 1.93586232e-02 8.51975161e-03
1.05975761e+02 5.37688072e-02 -3.15396444e-02 -4.31276296e-03 1.16872815e-02 2.28124204e-02 1.23818760e-02
1.08672386e+02 4.46953250e-02 6.39747520e-03 9.71530418e-03 8.36888366e-03 1.80017626e-02 9.93358493e-03
1.11382870e+02 -1.40457277e-02 -1.41763396e-02 1.93496944e-02 1.22362786e-02 1.40839859e-02 2.15185717e-02
1.14075761e+02 4.28796353e-02 6.79297463e-03 3.68606314e-03 1.15916419e-02 1.61230903e-02 1.14147101e-02
1.16775057e+02 3.59609623e-02 -1.00772369e-02 4.12660227e-02 1.19282027e-02 8.87063168e-03 9.70567574e-03
1.19481589e+02 2.33825056e-02 -1.62284367e-02 1.00838898e-03 1.12898174e-02 1.47943565e-02 6.83834315e-03
1.22169354e+02 -1.16319130e-02 -9.98628897e-03 -1.50063543e-02 1.57747672e-02 2.15333573e-02 9.63155295e-03
1.24873292e+02 -2.55658147e-02 -3.76104730e-02 -3.43639538e-02 1.63273988e-02 2.02300234e-02 2.08640832e-02
1.27563651e+02 -2.35201671e-04 3.75701693e-02 -3.59727560e-02 3.36172674e-03 1.72176618e-02 4.46399952e-03
1.30266745e+02 4.91258990e-02 -8.22076787e-03 -6.25066231e-03 1.62027037e-02 2.46740455e-02 1.81937167e-02
1.32963292e+02 8.77221879e-02 5.80615847e-03 -2.05509596e-02 1.21823847e-02 2.80381221e-02 1.73967617e-02
1.35663464e+02 9.23706579e-02 -1.51501141e-02 -2.11184343e-02 1.32657622e-02 3.12965445e-02 1.05371716e-02
1.38364823e+02 3.71847537e-02 -1.76315601e-02 -3.79971082e-02 9.84110617e-03 2.18975160e-02 1.69077955e-02
1.41060104e+02 1.00529896e-01 -3.67640660e-02 -3.92784979e-02 1.10500504e-02 1.97045230e-02 1.81558583e-02
1.43770464e+02 1.44192355e-02 -9.87627192e-03 5.63005734e-03 6.56242320e-03 2.83661223e-02 2.69578092e-02
1.46471886e+02 -8.09249172e-03 4.04167685e-02 -1.43139571e-02 5.29684529e-03 1.84220404e-03 1.44471186e-02
1.49174745e+02 -1.28128881e-02 4.88270913e-02 -1.09467247e-02 4.25755605e-03 4.27591737e-03 1.86488704e-02
1.51887229e+02 -6.54528760e-03 2.40506311e-02 -2.89012129e-02 9.94122829e-03 9.44756607e-03 1.61225777e-02
1.54588714e+02 9.92476949e-03 -1.42100124e-02 -1.72677047e-02 8.24623277e-03 1.38601269e-02 1.01173535e-02
1.57278870e+02 -1.65454212e-02 4.86523988e-06 1.31350232e-02 3.01243765e-03 1.48889631e-02 1.49805768e-02
1.59987432e+02 -9.96312684e-03 3.77184294e-02 -3.90132979e-03 1.31704649e-02 2.91197483e-02 9.71497207e-03
1.62683104e+02 -2.60072393e-02 -7.39833319e-03 3.70620208e-03 7.20233175e-03 2.15289073e-02 1.20926762e-02
1.65394542e+02 -1.82300593e-02 1.65108230e-02 2.37061208e-02 1.06362276e-02 2.12222166e-02 1.89807385e-02
1.68087057e+02 -8.87244484e-04 4.58579839e-02 8.57285065e-02 3.56452011e-03 1.21280583e-02 8.64522169e-03
1.70782589e+02 -6.19261432e-03 3.34022368e-02 8.31384498e-02 7.37072578e-03 1.73645956e-02 2.33718174e-02
1.73488401e+02 1.81977180e-02 7.43223693e-03 4.24931804e-02 6.51184597e-03 1.14709698e-02 9.33478735e-03
1.76182229e+02 6.74386191e-03 -1.25411362e-02 5.56073559e-02 7.77328294e-03 1.58841838e-02 8.46926671e-03
1.78884104e+02 -9.30890827e-03 -1.69299873e-02 2.92323174e-02 3.66211198e-03 1.14771239e-02 2.27679496e-02
1.81585323e+02 -3.61615346e-02 -2.71474996e-02 2.85676421e-03 1.57542557e-02 1.85828849e-02 3.61779222e-03
1.84279370e+02 -5.59581180e-03 3.27951384e-03 5.92832836e-02 8.02005727e-03 2.39644207e-02 1.06462750e-02
1.86974339e+02 -3.00689454e-03 -3.36153531e-03 9.42278750e-02 1.55380225e-02 2.70878981e-02 1.03179758e-02
1.89679573e+02 -2.78526372e-02 1.64555619e-03 1.13250370e-01 1.56411185e-02 2.36246829e-02 8.93500029e-03
1.92388167e+02 -1.60380868e-02 -1.01260857e-02 7.41363804e-02 1.12072051e-02 1.50411088e-02 4.86925542e-03
1.95085495e+02 2.20313184e-03 -4.73185551e-02 8.14878041e-02 1.17739356e-02 2.05862257e-02 2.09539812e-02
1.97779948e+02 1.38783201e-03 -4.53524231e-02 1.94062479e-02 1.10567896e-02 1.91708049e-02 2.50988655e-02
2.00478214e+02 -3.50128406e-02 -1.13108025e-02 1.82304809e-02 1.12025425e-02 2.60249976e-02 1.80293408e-02
2.03174136e+02 7.52722546e-03 5.08980393e-03 9.96712632e-03 1.14492165e-02 2.07556339e-02 1.08546593e-02
2.05865604e+02 -1.22223838e-02 -8.72811541e-03 9.97644793e-02 1.20382452e-02 1.27745383e-02 1.17308734e-02
2.08579448e+02 2.05710497e-02 -8.13447320e-03 2.81066959e-02 1.70756624e-02 3.03332189e-02 1.01745334e-02
2.11277729e+02 -2.13050658e-02 1.66605180e-02 1.02017522e-02 1.09107848e-02 1.57030778e-02 1.56976638e-02
2.13987057e+02 -1.50956920e-03 -2.53741027e-02 6.69548216e-02 1.18657220e-02 2.04831125e-02 1.89307029e-02
2.16679120e+02 3.88069502e-03 -6.70838825e-02 7.35022538e-02 1.14398600e-02 1.63303418e-02 8.18935862e-03
2.19377886e+02 -1.37717891e-02 -1.16690520e-02 9.27740036e-02 1.03464499e-02 2.19442194e-02 1.83385874e-02
2.22079386e+02 1.34383819e-02 -1.83431055e-02 2.09553993e-02 1.13491786e-02 1.91815790e-02 1.81394179e-02
2.24777620e+02 -1.54606982e-02 -4.32172567e-02 5.78894570e-02 1.47540640e-02 1.30394898e-02 1.49360275e-02
2.27478104e+02 9.58233661e-03 2.24173601e-02 2.15263487e-02 1.23907400e-02 2.00921140e-02 1.78510295e-02
2.30174511e+02 1.96942368e-02 1.41714130e-02 3.08234082e-02 1.29788712e-02 1.53545987e-02 1.04923355e-02
2.32877682e+02 -1.93804378e-02 -1.65416682e-03 4.95561769e-02 1.35915298e-02 1.56515374e-02 1.35047761e-02
2.35588464e+02 -6.93650981e-03 4.92278678e-02 3.75977882e-03 5.49988639e-03 1.83713903e-02 2.16282043e-02
2.38285839e+02 -3.17234744e-02 1.82653617e-02 2.62482866e-02 8.23348641e-03 1.85653176e-02 2.20263135e-02
2.40991604e+02 1.24517365e-02 1.96703317e-02 3.21253732e-02 1.43108514e-02 2.06417066e-02 1.58329564e-02
2.43692698e+02 -9.25934760e-03 1.82000945e-02 4.71846477e-02 1.04932942e-02 1.48879474e-02 1.72935709e-02
2.46380776e+02 -6.12718164e-03 -3.98751982e-02 6.21730385e-02 7.55788237e-03 1.57898258e-02 8.92120562e-03
2.49078167e+02 5.21174172e-03 2.89712108e-02 5.86950681e-02 1.97409115e-02 2.36947893e-02 1.85160425e-02
2.51785167e+02 -6.38906212e-03 -6.05384157e-05 2.62187186e-02 1.16403162e-02 1.96265671e-02 1.85450868e-03
2.54475198e+02 -1.97438722e-02 1.40807272e-02 4.04173542e-02 1.82362315e-02 2.04643068e-02 1.44094513e-02
2.57184386e+02 2.41841103e-02 3.16565952e-03 5.99187375e-02 5.73615550e-03 2.20355002e-02 5.40269527e-03
2.59871417e+02 1.83732706e-02 -1.78336678e-02 7.10144080e-02 1.27491013e-02 2.94535293e-02 1.04388744e-02
2.62570042e+02 7.52119262e-02 1.02938267e-02 6.31473934e-02 7.74396402e-03 1.60619760e-02 8.66103650e-03
2.65269729e+02 1.33963590e-02 -2.75510657e-02 8.27350185e-02 8.99102909e-03 2.08775155e-02 1.49786701e-02
2.67984283e+02 -2.37376322e-02 -3.53034302e-02 2.55763202e-02 4.94941518e-03 1.25138512e-02 7.56448111e-03
