6.85591200e-01 -2.42947807e-02 -3.16083198e-02 -2.82573663e-02 5.16452406e-03 3.22272784e-02 1.62257643e-02
3.37523949e+00 -8.49119034e-03 -3.42625547e-02 -3.41534927e-02 2.12964711e-02 2.96264342e-02 1.61341487e-02
6.08004230e+00 9.05211687e-04 5.86017184e-04 1.71032291e-03 5.70559683e-03 2.88903150e-02 2.62984293e-02
8.76652543e+00 -2.28436624e-02 1.52075582e-02 3.65726067e-02 9.61134047e-03 3.14878583e-02 1.36704577e-02
1.14682739e+01 -1.05168545e-02 4.77179400e-03 2.82912345e-02 3.48001056e-03 3.16994523e-02 1.14616520e-02
1.41586942e+01 -2.04125967e-02 -7.17028982e-03 6.76454059e-03 2.56172828e-03 2.05028056e-02 1.82107007e-02
1.68441629e+01 2.32431406e-02 -5.42574079e-03 4.03730454e-02 5.10580570e-03 2.89154096e-02 1.73003089e-02
1.95397067e+01 1.11755471e-02 -9.97680372e-04 2.22874108e-02 4.45271132e-03 2.50110430e-02 1.16669940e-02
2.22546098e+01 -1.31180514e-02 -3.91530129e-03 -1.70764204e-02 1.00984828e-02 2.58949316e-02 1.95202802e-02
2.49622348e+01 2.09992383e-02 2.44278847e-02 -5.71322824e-02 5.79984969e-03 2.13560583e-02 8.53225000e-03
2.76576645e+01 9.25791186e-03 -4.84999970e-03 -7.10540824e-03 1.73084406e-02 1.53903058e-02 7.13697024e-03
3.03725004e+01 2.27031657e-02 1.88702254e-02 -1.13891430e-02 6.19692224e-03 1.96853123e-02 1.08900674e-02
3.30797692e+01 9.58845642e-04 1.67571711e-03 1.24606794e-03 1.64947184e-02 1.95416428e-02 8.78933248e-03
3.57723207e+01 1.01771933e-01 3.97656139e-02 2.31921386e-02 9.07499930e-03 1.99423448e-02 9.29804316e-03
3.84830660e+01 5.31850467e-02 6.93638584e-02 -1.08926803e-02 3.13661595e-02 1.80526575e-02 8.95309841e-03
4.11828661e+01 2.46387297e-02 3.19707060e-02 7.91342089e-03 1.59193134e-02 1.49784158e-02 6.07082955e-03
4.38925286e+01 2.65045810e-03 5.26847608e-03 -1.50888531e-02 9.04362033e-03 1.50215190e-02 1.21341993e-02
4.65821707e+01 1.08027665e-02 -3.45768350e-02 -3.25734287e-02 1.80504419e-02 1.71618548e-02 1.31221197e-02
4.92796973e+01 -1.74049388e-02 7.66308275e-03 2.13953355e-02 1.67434389e-02 1.42620388e-02 2.31747215e-02
5.19807379e+01 4.61525601e-02 -4.72117522e-02 4.62899404e-02 1.42125651e-02 1.84020099e-02 1.18041910e-02
5.46812692e+01 5.32728472e-02 -4.49475902e-02 2.14873870e-02 2.60485683e-02 2.09875825e-02 8.97202696e-03
5.74015254e+01 2.06412352e-02 -3.53947766e-02 -1.65111963e-03 1.63234178e-02 1.24085529e-02 1.79564395e-02
6.01080270e+01 2.64856604e-02 -4.05033221e-02 -3.56038550e-02 1.57403663e-02 1.01355860e-02 3.32213749e-03
6.28054442e+01 1.83721872e-03 5.52343394e-03 -5.19180130e-02 1.99599610e-02 1.51373166e-02 1.74362789e-02
6.55021395e+01 1.20649184e-02 8.58993631e-03 -2.38767913e-02 1.34144359e-02 1.39284287e-02 1.55254745e-02
6.82019457e+01 2.56972644e-04 1.07202257e-01 -4.24296144e-02 1.60737597e-02 1.24303314e-02 1.10954397e-02
7.08990098e+01 6.21980151e-02 3.20124631e-02 -2.00886708e-02 1.63083250e-02 2.16512494e-02 1.04513992e-02
7.36002223e+01 3.39378264e-02 5.62770368e-03 -2.79357431e-02 1.36779609e-02 1.99651775e-02 1.21845696e-02
7.63023957e+01 1.00144325e-01 -4.77539107e-03 -3.86138940e-02 9.73713016e-03 2.14651595e-02 2.59372947e-02
7.90038207e+01 2.41777407e-02 1.07405293e-03 -5.54112440e-03 1.66987781e-02 2.23772066e-02 9.22465701e-03
8.17035973e+01 3.94408502e-02 -1.89815121e-02 -3.91269555e-03 5.98426165e-03 2.64997515e-02 2.11312387e-02
8.44063348e+01 -1.55861575e-02 1.23503622e-02 -1.46727619e-02 1.48921503e-02 1.65738242e-02 1.28934881e-02
8.71063192e+01 3.40065388e-02 5.38577684e-03 -4.55768714e-02 1.09857522e-02 1.94447141e-02 1.39055626e-02
8.97951911e+01 4.79276887e-02 -9.11223960e-03 -8.63447050e-03 4.86997170e-03 1.32344625e-02 1.96129007e-02
9.24906051e+01 3.86618714e-02 6.18148287e-03 1.16912431e-02 1.62653909e-02 1.51436480e-02 5.50857226e-03
9.51860864e+01 6.09081002e-02 -4.34616585e-02 -1.19198837e-02 1.16806153e-02 1.43483777e-02 6.63251922e-03
9.78819067e+01 4.90511952e-02 2.39932101e-02 2.78252836e-02 1.47028380e-02 1.76246885e-02 2.20736490e-02
1.00581754e+02 7.34191318e-02 4.67596280e-03 8.93417887e-03 1.84809209e-02 2.49470064e-02 8.60748124e-03
1.03278613e+02 5.09064720e-02 -2.50669294e-02 1.70482065e-02 8.80498834e-03 2.36528641e-02 1.25604690e-02
1.05973097e+02 9.07007659e-02 4.58445339e-03 -9.37823423e-04 1.35101257e-02 3.34852539e-02 1.58360588e-02
1.08670894e+02 6.42137615e-02 -1.65678249e-02 -7.96213977e-03 2.24161911e-02 3.03649176e-02 1.41694581e-02
1.11370832e+02 6.27623450e-02 -6.50237882e-02 -3.15632420e-02 1.06195455e-02 1.98239039e-02 1.52237870e-02
1.14076175e+02 2.01269677e-02 -4.15928325e-02 -1.02229792e-02 1.18537907e-02 1.69359138e-02 9.41174202e-03
1.16777894e+02 7.93560264e-02 -3.46197501e-02 4.26762390e-02 1.79619361e-02 1.77351790e-02 1.48129838e-02
1.19478113e+02 3.20309896e-02 2.86555501e-03 -2.44569894e-03 7.47848253e-03 1.40910044e-02 6.70842994e-03
1.22182629e+02 5.36370126e-02 -3.66159462e-02 -2.12966394e-02 1.05295548e-02 1.88314186e-02 9.50237029e-03
1.24885566e+02 5.21231124e-02 -3.06501405e-02 -5.42773333e-02 1.58254665e-02 1.41726678e-02 7.55633913e-03
1.27594285e+02 2.87824497e-02 1.73423227e-03 -3.01250055e-02 1.02358236e-02 2.53627981e-02 1.35185201e-02
1.30287316e+02 5.16694326e-02 -1.25591499e-02 1.36341314e-02 1.13075699e-02 1.77381367e-02 1.46408336e-02
1.32994504e+02 2.88037441e-02 -4.84846150e-03 -2.68922994e-02 3.92086156e-03 1.99560603e-02 1.14576400e-02
1.35704504e+02 -4.15445719e-02 2.13742573e-02 -2.73321200e-02 7.71003307e-03 1.66933616e-02 1.83898950e-02
1.38391972e+02 2.19527166e-02 3.96003488e-02 2.80160286e-02 1.13598290e-02 1.60115595e-02 7.04423669e-03
1.41092254e+02 5.87312029e-03 5.74932652e-02 1.27250987e-02 6.84767660e-03 3.23331586e-02 1.55278512e-02
1.43792472e+02 1.62410043e-02 1.67734428e-02 2.59410250e-02 4.46009431e-03 2.84635147e-02 2.02058014e-02
1.46483988e+02 6.58782337e-03 -4.92267279e-02 2.54731637e-02 3.07440418e-03 3.80422581e-03 6.17918719e-03
1.49191347e+02 3.51914849e-03 -4.55510514e-02 1.23754855e-02 3.02657980e-03 4.17849032e-03 8.44618932e-03
1.51891035e+02 -4.47778220e-03 -2.50927344e-02 1.47057374e-02 4.16805040e-03 6.82122620e-03 1.11292047e-02
1.54585910e+02 2.45910036e-02 6.84667980e-03 3.78800812e-02 5.74073531e-03 7.92028694e-03 6.76801956e-03
1.57284566e+02 2.02973494e-03 3.24020665e-02 4.88714185e-02 2.81516811e-03 1.24966121e-02 5.76578368e-03
1.59987488e+02 -1.88582352e-02 1.33412285e-02 2.08738560e-02 1.36505880e-02 1.64187284e-02 8.26279887e-03
1.62685019e+02 -1.09534293e-02 -1.12727499e-02 2.76036205e-02 8.26124008e-03 1.91673305e-02 9.23624331e-03
1.65392894e+02 -1.99338832e-02 1.86708799e-02 -1.29691951e-02 1.29838229e-02 1.65417536e-02 6.04167229e-03
1.68094254e+02 1.39212597e-02 -5.84386700e-03 4.38644848e-02 8.75868939e-03 2.14210528e-02 7.99820335e-03
1.70806488e+02 -6.83045405e-03 2.40427896e-02 4.01956351e-02 1.85998297e-02 2.00200011e-02 1.75020824e-02
1.73501472e+02 1.54193528e-02 3.79817783e-02 6.58510184e-02 7.52181378e-03 2.77388885e-02 1.89665045e-02
1.76209957e+02 -1.36334123e-02 3.13805729e-02 5.62913719e-02 1.95125653e-02 2.56165230e-02 1.17280579e-02
1.78896863e+02 -6.25495282e-02 1.10303674e-02 6.69947926e-02 1.05419380e-02 1.81151675e-02 1.91537483e-02
1.81591988e+02 -3.26243227e-02 1.37593620e-02 7.21168223e-02 1.00493906e-02 2.08511011e-02 7.85486228e-03
1.84295925e+02 1.53638753e-02 -3.02556142e-02 2.16318633e-02 8.50200222e-03 2.11465061e-02 2.11897709e-02
1.86999269e+02 1.57838983e-02 -7.63406468e-02 8.13636500e-02 1.63874547e-02 2.33342032e-02 1.40252617e-02
1.89700269e+02 2.10337868e-02 -4.50050862e-03 2.28724196e-02 5.78254366e-03 1.57097131e-02 1.24514027e-02
1.92397066e+02 1.09716343e-02 5.22862068e-03 3.27309332e-02 8.08781613e-03 1.73990975e-02 1.83369325e-02
1.95099222e+02 1.53245598e-02 1.45627733e-02 3.34060040e-02 6.84627960e-03 1.62798445e-02 1.57509510e-02
1.97792957e+02 1.76396947e-02 -2.77978029e-02 6.54507780e-02 1.09847682e-02 1.57633460e-02 1.54236974e-02
2.00480066e+02 -4.27131912e-03 4.25197827e-02 7.34577409e-02 1.04335619e-02 2.52853586e-02 1.12428372e-02
2.03181675e+02 2.13817929e-02 4.37688563e-02 8.77039664e-02 1.42676723e-02 2.08955175e-02 1.08555095e-02
2.05881879e+02 9.81770959e-03 3.92894032e-02 8.48097700e-02 1.21667779e-02 2.19207268e-02 5.91708973e-03
2.08584488e+02 6.31916060e-03 4.40420576e-03 1.68769453e-02 1.16087568e-02 1.99871734e-02 1.53043040e-02
2.11274160e+02 -2.02091291e-02 8.79585645e-03 6.66911422e-02 1.12561107e-02 1.83157178e-02 8.56421071e-03
2.13973660e+02 -1.38767029e-02 -1.10407825e-02 6.32982863e-02 1.05212479e-02 2.05748925e-02 1.84948060e-02
2.16671832e+02 3.59372372e-02 2.67231978e-02 4.21470452e-02 9.99763563e-03 1.52112490e-02 2.74012298e-03
2.19363035e+02 -1.33986631e-02 4.02481128e-03 6.86159082e-02 1.04899120e-02 2.90483550e-02 2.07115494e-02
2.22058566e+02 1.24350786e-02 -3.34355747e-03 5.31424233e-02 1.24028036e-02 1.95151309e-02 9.77706913e-03
2.24773254e+02 4.32488744e-02 -1.51374480e-02 5.45939878e-02 1.02207252e-02 2.50938259e-02 1.92054256e-03
2.27471347e+02 1.78257405e-02 -8.79534899e-03 1.01311657e-01 1.05510318e-02 2.37828796e-02 5.67624373e-03
2.30168550e+02 2.61339308e-02 2.24564721e-02 1.01639387e-01 1.60051985e-02 2.45448225e-02 1.28774692e-02
2.32879441e+02 5.32930781e-03 -1.10413927e-03 8.50181819e-02 1.23986689e-02 2.22059620e-02 5.90199405e-03
2.35584394e+02 2.64381443e-02 -2.81688536e-03 4.50441467e-02 1.38351791e-02 2.08530373e-02 1.05006428e-02
2.38294410e+02 1.24138005e-02 1.79244918e-02 7.87039985e-02 8.89399988e-03 1.62444385e-02 7.08209996e-03
2.41008972e+02 2.57852690e-02 3.51908502e-02 2.90020627e-02 1.17731598e-02 2.44141219e-02 1.77275330e-02
2.43702347e+02 3.73242014e-03 4.75036777e-02 6.66131571e-02 1.76064174e-02 3.30004059e-02 1.63785335e-02
2.46395285e+02 -1.59028381e-02 3.91526774e-02 7.32190810e-02 8.61072387e-03 2.57464294e-02 7.13195165e-03
2.49094269e+02 -1.69134801e-02 3.95474193e-02 4.64635902e-02 1.00710236e-02 2.54807447e-02 8.39239871e-03
2.51804425e+02 4.89687046e-03 1.05833661e-02 2.39109601e-02 1.18372864e-02 2.78631662e-02 3.10329163e-03
2.54506222e+02 -6.53225128e-04 -5.79947302e-03 4.02411800e-03 1.14496647e-02 1.88831129e-02 8.91936660e-03
2.57213785e+02 2.86572202e-02 -2.59897284e-02 2.89474678e-02 1.02539852e-02 2.17265743e-02 1.04426585e-02
2.59907238e+02 -3.43195739e-03 4.14863142e-04 4.05022760e-02 1.01726937e-02 2.13150571e-02 9.71300776e-03
2.62618113e+02 -3.49969168e-02 5.06421014e-03 -1.82130261e-02 1.47940931e-02 2.22178521e-02 7.60182323e-03
2.65312738e+02 -7.32806994e-02 2.22364647e-03 2.43946276e-02 1.59682557e-02 2.78748766e-02 2.08670315e-02
2.68018741e+02 -5.30940654e-02 -3.61347818e-02 -7.10943564e-05 1.02172237e-02 2.49114896e-02 1.66991408e-02
