6.73369247e-01 1.60786418e-02 2.21032704e-02 5.51901516e-02 8.16553864e-03 2.91426437e-02 8.50100210e-03
3.38377712e+00 -3.16784867e-02 -1.71959460e-04 2.96691892e-02 9.23523977e-03 2.89141105e-02 1.87091165e-02
6.08264134e+00 -3.00146164e-02 5.28704776e-03 -5.56416511e-03 4.41688558e-03 3.08318575e-02 3.02906020e-02
8.76900446e+00 -2.14062518e-02 -5.03790065e-03 2.23598418e-04 5.90538855e-03 2.53619757e-02 1.11226044e-02
1.14697710e+01 3.42121373e-03 -3.32300843e-03 -2.05302366e-02 9.07932327e-03 2.95578518e-02 7.05930222e-03
1.41571976e+01 4.04308197e-02 2.44022613e-02 -3.53049850e-03 1.42854806e-02 1.44133880e-02 1.29956588e-02
1.68658663e+01 4.11262338e-02 -1.10143425e-03 -3.58312818e-03 2.62252850e-03 1.94488541e-02 1.30024800e-02
1.95760913e+01 -2.93592953e-02 -3.83502482e-02 3.89004769e-03 1.68049089e-02 2.15756964e-02 2.51441551e-02
2.22734038e+01 1.64799496e-02 -4.09412023e-02 3.44433086e-03 1.52928293e-02 1.47785015e-02 7.47037976e-03
2.49801757e+01 2.77093875e-02 -7.21383929e-02 -2.42404307e-02 1.30381750e-02 1.74528719e-02 1.81183618e-02
2.76815867e+01 6.64333335e-02 -2.25358233e-02 -1.47023127e-02 9.67314896e-03 1.76984216e-02 8.90095130e-03
3.03721226e+01 3.47490056e-02 -3.74356766e-02 -2.87737199e-02 1.46506528e-02 1.00610898e-02 7.23613467e-03
3.30762320e+01 5.91626412e-02 -3.58235809e-03 -7.32847727e-02 8.96497883e-03 1.95698438e-02 1.84226539e-02
3.57698617e+01 6.00007325e-02 -1.37054438e-02 -1.93726203e-02 2.05079395e-02 1.71428581e-02 1.15583579e-02
3.84686788e+01 6.27123960e-02 -4.63292951e-02 8.82134191e-03 7.05417920e-03 2.78701225e-02 1.88072685e-02
4.11671570e+01 2.71981248e-02 -1.09103180e-02 -1.85892684e-02 8.14678636e-03 3.00991691e-02 3.55511987e-03
4.38770851e+01 3.82945063e-04 2.26671822e-02 2.49266953e-03 1.07745545e-02 2.11352601e-02 2.56415281e-02
4.65712679e+01 1.47029239e-02 2.52770021e-02 5.63218317e-02 1.37898189e-02 2.37526712e-02 7.17103863e-03
4.92650804e+01 1.60135049e-02 -2.13414426e-02 1.51225651e-02 1.00315069e-02 2.21727796e-02 1.61008015e-02
5.19597679e+01 7.50861680e-02 -2.74161649e-03 -2.59562524e-02 1.37670243e-02 1.53104012e-02 6.88847119e-03
5.46514242e+01 7.47479840e-02 -2.48980436e-02 -1.40654846e-02 7.80145614e-03 1.90306704e-02 1.50189945e-02
5.73605085e+01 3.48531814e-02 -1.82806639e-02 -3.64431821e-02 8.26663574e-03 2.36260471e-02 6.99478891e-03
6.00504757e+01 1.42219671e-02 1.41142524e-02 3.87916938e-03 1.43921954e-02 1.96042414e-02 1.87825565e-02
6.27616835e+01 6.36397464e-03 1.93910378e-02 -9.29407537e-03 1.52323675e-02 1.96878842e-02 1.02867456e-02
6.54668460e+01 -1.85840391e-02 3.97511097e-02 4.44404831e-04 1.02961241e-02 2.80995358e-02 1.75533495e-02
6.81600179e+01 2.95058476e-02 -1.68864055e-03 2.22500895e-02 2.45684300e-02 2.28755549e-02 1.03038255e-02
7.08517773e+01 6.81275760e-02 3.73288316e-02 3.08301841e-02 1.18209412e-02 3.06553882e-02 1.65962011e-02
7.35512257e+01 9.50247918e-02 7.62703305e-03 5.13354215e-02 8.57182730e-03 2.55800986e-02 1.93764231e-02
7.62546960e+01 3.72209157e-02 -1.94466253e-03 3.15144082e-03 1.40786740e-02 1.91743096e-02 4.91686171e-03
7.89575601e+01 1.49238208e-02 1.19987814e-02 -3.31978059e-02 9.12292533e-03 2.37315771e-02 1.29904698e-02
8.16681398e+01 -6.77541410e-02 1.02604283e-02 -3.62637112e-02 1.31736838e-02 1.42936841e-02 5.90011278e-03
8.43564179e+01 5.87358905e-02 -1.82168211e-02 8.88154161e-03 1.67865996e-02 9.37388011e-03 1.50208257e-02
8.70533913e+01 1.86302551e-02 -3.21732032e-02 3.20137748e-03 2.60008709e-02 1.06728762e-02 6.37634807e-03
8.97587320e+01 6.76422541e-03 -2.90113721e-03 3.82982614e-02 2.35285447e-02 2.12597002e-02 1.24681745e-02
9.24675335e+01 -1.96088368e-02 3.09264868e-02 8.72849760e-04 1.88598544e-02 2.20382432e-02 1.66820282e-02
9.51719742e+01 -1.94588276e-02 3.32218186e-02 -7.47702944e-03 5.89365399e-03 2.92555778e-02 1.28990056e-02
9.78647288e+01 4.50859297e-02 -1.13773979e-02 3.48298567e-02 2.55998428e-02 1.77425209e-02 1.17543605e-02
1.00573876e+02 3.98512515e-02 2.00086458e-03 -3.69692550e-02 8.82421058e-03 1.34085763e-02 7.59402265e-03
1.03276735e+02 2.60050514e-02 1.18121495e-02 -8.01239031e-03 1.72092264e-02 1.26890811e-02 1.33739522e-02
1.05982844e+02 -4.15953814e-03 -1.10822832e-02 -1.42563785e-02 1.14460554e-02 1.64106513e-02 5.85254395e-03
1.08684360e+02 -3.97618801e-02 8.37049998e-03 -5.21105543e-02 8.37695629e-03 2.61661726e-02 1.65327258e-02
1.11384251e+02 -2.29249317e-02 6.74342824e-03 -5.85309797e-02 1.50104622e-02 1.30766732e-02 1.08144575e-02
1.14093235e+02 1.51797405e-02 5.59186932e-02 -2.12238031e-02 2.46181581e-02 1.62588910e-02 1.30420029e-02
1.16794641e+02 3.61023249e-02 3.88090921e-02 8.19605390e-03 1.06678065e-02 2.01673584e-02 1.81110042e-02
1.19504985e+02 5.88669585e-02 -2.63358972e-02 -1.31261624e-02 1.02721003e-02 2.03549146e-02 1.32210515e-02
1.22218610e+02 -1.76886503e-02 -1.20919786e-02 -1.48699843e-02 5.97540796e-03 2.01959586e-02 1.92202687e-02
1.24914282e+02 3.51657544e-02 -2.13909845e-02 -3.52624366e-03 1.41703844e-02 1.16824430e-02 7.69357952e-03
1.27621954e+02 -1.28765556e-02 1.03489062e-02 -1.23872540e-02 7.43348067e-03 2.14553890e-02 5.52218639e-03
1.30318157e+02 6.27449994e-02 -1.88261576e-03 2.02151458e-02 1.68616240e-02 1.74758233e-02 2.19091649e-02
1.33012641e+02 3.65692330e-02 1.88554073e-02 2.49035779e-02 1.19980111e-02 1.52151342e-02 1.07351721e-02
1.35712360e+02 7.49977872e-02 -7.67792278e-03 -3.84284669e-03 1.11350310e-02 2.03973901e-02 1.57917530e-02
1.38402610e+02 6.00678557e-02 -1.63938727e-02 -2.50159125e-02 8.29199802e-03 2.68264096e-02 1.80067389e-02
1.41100626e+02 5.18476082e-02 -3.46608532e-02 -4.72766790e-02 4.84005339e-03 1.91460346e-02 8.83091460e-03
1.43794344e+02 4.48832336e-02 -1.19406625e-03 -3.14320500e-02 1.44635112e-02 2.39177855e-02 1.54611900e-02
1.46498704e+02 -2.39699205e-02 1.49881732e-02 -1.66286599e-02 5.80909652e-03 6.72793962e-03 1.67981153e-02
1.49194141e+02 -2.53448251e-02 -1.63958871e-02 -1.89987645e-02 7.12808603e-03 8.24442412e-03 2.57985072e-02
1.51888969e+02 -1.65210331e-02 6.34939693e-02 -2.80231267e-02 3.52415811e-03 3.63546435e-03 2.17230568e-02
1.54597704e+02 1.59564286e-02 6.11865457e-02 -5.96183377e-02 6.67997705e-03 1.17820415e-03 1.36607370e-02
1.57285923e+02 -3.29770437e-02 -9.01801456e-03 1.07703611e-02 4.99213642e-03 2.89841507e-03 1.73363385e-02
1.59988219e+02 5.65089335e-03 8.65136520e-03 -4.72594311e-03 7.53688648e-03 4.04581761e-03 1.72484815e-02
1.62679391e+02 -3.10929792e-02 5.46425657e-03 1.48208390e-02 3.09964959e-03 9.80938541e-03 1.40627182e-02
1.65373329e+02 -1.21178864e-02 -5.23293340e-03 3.64666715e-02 1.49180071e-02 2.46602260e-02 7.35836035e-03
1.68076391e+02 1.65674129e-02 -1.03770895e-03 5.69259262e-02 1.07692846e-02 1.44614107e-02 8.60680909e-03
1.70777813e+02 -1.38417211e-02 -7.37847048e-02 6.01957957e-02 9.80953623e-03 1.50214948e-02 7.44042298e-03
1.73491907e+02 1.59592079e-02 4.43517916e-02 1.28282634e-02 1.78782974e-02 1.83776813e-02 6.33806540e-03
1.76188032e+02 5.68330313e-04 1.24637381e-02 3.38027607e-02 6.58196534e-03 2.52231812e-02 1.40870519e-02
1.78880376e+02 2.03220758e-02 3.44390918e-02 7.15040196e-02 1.90790256e-02 1.26044119e-02 1.02388380e-02
1.81590954e+02 2.85008488e-02 -6.88333159e-04 5.48027060e-02 4.50139356e-03 2.21080422e-02 1.58355088e-02
1.84300844e+02 3.33925691e-02 -7.26643515e-04 3.07302143e-02 1.66595969e-02 1.77188977e-02 2.08867728e-02
1.86994876e+02 2.31540373e-02 2.11438900e-02 5.28548458e-02 9.02008277e-03 1.70809748e-02 1.61146084e-02
1.89712344e+02 4.09853775e-02 1.11030502e-02 3.44190212e-02 9.46809704e-03 2.11469340e-02 1.73390965e-02
1.92425188e+02 3.78544478e-02 -1.58469335e-03 2.62669045e-02 1.42796618e-02 1.56177121e-02 5.42490270e-03
1.95122782e+02 1.73553877e-02 -2.03335217e-02 4.35939075e-02 6.54953076e-03 1.91113894e-02 8.55400375e-03
1.97841110e+02 2.49926263e-02 -2.27651914e-02 -7.30200010e-04 1.60054639e-02 1.92086968e-02 9.89692033e-03
2.00548798e+02 -2.87814862e-02 -6.99216499e-02 5.52731391e-02 9.55233878e-03 2.07916517e-02 9.69646485e-03
2.03244782e+02 -1.98470516e-02 -2.07833434e-02 1.88791335e-02 1.13819582e-02 2.31180351e-02 1.47635166e-02
2.05935235e+02 -2.80620221e-02 -2.75993586e-03 2.97825775e-02 1.06029057e-02 1.63474233e-02 1.66838677e-02
2.08627501e+02 -8.12351339e-03 -1.77321241e-02 5.67061727e-02 1.03662741e-02 2.28716703e-02 5.69144995e-03
2.11324516e+02 -2.13929798e-02 -2.03702876e-02 3.91722113e-02 5.31419685e-03 2.19546696e-02 1.18689700e-02
2.14026469e+02 -1.79336785e-02 -2.44866891e-02 8.18699338e-02 1.32072475e-02 2.13394699e-02 8.67219468e-03
2.16730548e+02 -1.00045314e-02 -5.46346341e-02 4.12241898e-02 8.64340454e-03 1.80476642e-02 1.12340603e-02
2.19434751e+02 1.17858727e-02 1.18354308e-02 3.20829078e-02 1.65008501e-02 2.68720426e-02 1.88957883e-02
2.22142423e+02 3.70602094e-03 3.29991842e-02 -1.57348522e-03 1.17951990e-02 1.98609022e-02 9.62973126e-03
2.24830157e+02 -1.20646001e-03 2.73643909e-02 4.29521965e-02 1.26967856e-02 2.53354315e-02 1.47243250e-02
2.27535829e+02 1.16239145e-02 1.10774514e-02 8.59266094e-03 2.72067218e-02 2.57145930e-02 1.52984941e-02
2.30232485e+02 3.05094863e-02 5.61833366e-03 2.71330178e-02 1.59357073e-02 2.29083902e-02 1.35544537e-02
2.32931329e+02 1.60208245e-03 -2.42854749e-02 5.48709718e-02 7.11947008e-03 2.98863431e-02 1.12338324e-02
2.35635298e+02 4.58077831e-02 -1.77487629e-02 5.15915460e-02 1.59770684e-02 2.00754944e-02 1.68720849e-02
2.38339188e+02 1.32889312e-02 -3.92516174e-02 7.14656824e-02 3.74145471e-03 2.59071512e-02 1.28305203e-02
2.41045048e+02 1.60547134e-02 -3.86612745e-02 -1.25707022e-02 1.59006146e-02 3.04203308e-02 1.33205965e-02
2.43741860e+02 -1.81632563e-02 -3.41419087e-02 7.70518996e-02 9.38612427e-03 2.42299612e-02 1.05025678e-02
2.46450376e+02 -3.14338839e-03 -3.51596251e-02 7.63601351e-03 8.77426784e-03 1.76804683e-02 1.10044880e-02
2.49144485e+02 1.88092318e-02 -3.44654935e-02 5.84792577e-02 1.32520106e-02 1.95318570e-02 6.57683870e-03
2.51843048e+02 2.81938989e-03 -6.80054470e-02 1.45346761e-02 5.93775878e-03 1.56991157e-02 8.42140703e-03
2.54538126e+02 -1.03683553e-02 -3.50498110e-02 3.64069345e-02 1.17984628e-02 2.30602150e-02 1.11732268e-02
2.57230407e+02 3.55289008e-02 -4.62476577e-03 2.40577113e-02 1.29927733e-02 2.65898378e-02 5.14751228e-03
2.59926063e+02 9.85188140e-04 1.45413479e-02 6.17534990e-02 6.87049919e-03 2.48190661e-02 8.47807516e-03
2.62620454e+02 3.20851385e-02 -8.47035669e-03 3.66931468e-02 2.10058997e-02 1.09387873e-02 1.02553783e-02
2.65323173e+02 1.58627789e-02 -1.30779395e-02 2.28379199e-02 1.29599504e-02 2.00450882e-02 1.13226449e-02
2.68020907e+02 2.56337664e-02 1.43538317e-02 1.32430794e-02 1.38652614e-02 1.24015873e-02 7.44186292e-03
