6.79325943e-01 1.87494975e-02 -1.42159254e-02 -7.15097835e-03 6.08490076e-03 2.47509032e-02 9.06548794e-03
3.38742199e+00 5.35031250e-03 9.68100414e-03 -5.10277982e-02 9.36116534e-03 4.03241049e-02 2.72491661e-02
6.08663996e+00 1.55544652e-02 3.83335735e-02 -7.89863588e-02 3.95147471e-03 3.80849754e-02 1.61846296e-02
8.78675277e+00 3.13848095e-02 5.82618090e-02 -5.42770918e-02 7.18167025e-03 2.97313024e-02 2.48644612e-02
1.14909221e+01 1.89610671e-02 2.44423023e-02 -3.34988923e-02 1.16195082e-02 2.24765771e-02 1.23909865e-02
1.41890034e+01 -8.19997300e-03 1.94755085e-02 1.54332852e-02 5.80072230e-03 1.39197758e-02 1.34067184e-02
1.68825378e+01 1.48848356e-02 -3.68617550e-02 1.77187375e-02 1.74441356e-03 2.25525761e-02 1.06268389e-02
1.95806784e+01 -7.58479493e-03 -2.15166419e-02 1.08330891e-03 1.44765534e-02 1.99508641e-02 8.15241260e-03
2.22699253e+01 3.21701791e-02 3.29381955e-02 5.73182775e-02 2.27141309e-03 1.54248507e-02 8.26637410e-03
2.49731940e+01 2.02361992e-02 -1.30824821e-02 3.86525580e-02 1.26650621e-02 1.29652070e-02 6.18019327e-03
2.76760847e+01 8.44537469e-02 2.04270390e-02 -7.83741134e-03 8.01727591e-03 1.14859589e-02 1.01358069e-02
3.03794065e+01 3.37149162e-02 -5.06838998e-02 -6.05483925e-02 1.32886450e-02 2.54888507e-02 1.06579045e-02
3.30834597e+01 7.43606053e-03 -3.40809963e-02 -7.04704735e-02 2.20715162e-02 1.54815450e-02 1.93372447e-02
3.57820284e+01 2.53581570e-02 -4.62841747e-02 -4.35554506e-02 1.29281744e-02 1.56098302e-02 1.16916650e-02
3.84709722e+01 1.24843175e-02 -1.75268923e-02 9.11406790e-03 7.17341840e-03 1.82633015e-02 1.02454243e-02
4.11667143e+01 6.27414091e-02 -3.49095840e-02 -9.27843991e-03 1.25299189e-02 2.47883327e-02 2.28484460e-02
4.38577800e+01 6.73196600e-02 -2.03479243e-02 1.10712692e-02 3.95197839e-03 1.57275732e-02 1.76202079e-02
4.65692659e+01 8.44640791e-02 -4.91269096e-03 -2.65814567e-02 7.51783830e-03 1.51007184e-02 4.71140345e-03
4.92697925e+01 1.30489776e-02 -1.07183514e-02 -1.24433752e-02 3.24011652e-03 2.00752303e-02 1.87855463e-02
5.19724628e+01 3.50130585e-02 2.79005231e-02 1.80910687e-03 1.28955373e-02 2.00161860e-02 3.74402674e-03
5.46768315e+01 -8.07761882e-03 6.67134840e-03 -1.70951603e-02 1.28601197e-02 1.94124867e-02 1.18751325e-02
5.73722222e+01 -1.25071637e-02 9.81027063e-03 -2.29422722e-02 1.04433936e-02 1.76199881e-02 6.87884564e-03
6.00631471e+01 8.30338631e-03 9.36934308e-03 -9.29341857e-03 1.39776067e-02 1.63987317e-02 9.55948161e-03
6.27615065e+01 3.15019010e-03 -1.65151669e-02 1.03935748e-02 1.77796093e-02 1.34254809e-02 1.61867841e-02
6.54520159e+01 5.44307534e-02 2.45360293e-02 3.88891134e-03 1.48385136e-02 1.87332884e-02 4.54269183e-03
6.81578706e+01 5.88284657e-02 2.38357507e-02 -1.19199685e-02 2.34193020e-02 1.93522496e-02 1.52090156e-02
7.08689800e+01 1.33283409e-02 2.72724818e-02 -9.45453414e-03 1.28251443e-02 1.69162771e-02 8.59253479e-03
7.35846003e+01 2.42078201e-02 3.09197555e-03 -6.35660058e-02 2.14500375e-02 1.39222493e-02 1.69069915e-02
7.62794222e+01 1.97345856e-02 1.69660821e-02 -1.40877505e-02 1.23838915e-02 1.83712499e-02 1.58720017e-02
7.89814675e+01 2.60442643e-02 -3.27350082e-04 -7.14192897e-02 1.34528217e-02 1.46238570e-02 1.04888722e-02
8.16828393e+01 3.02590116e-03 3.38158672e-02 -7.70682203e-02 1.51435110e-02 1.01947014e-02 1.48491362e-02
8.43843346e+01 6.77006172e-03 6.76495027e-04 -3.13859584e-02 1.15918762e-02 1.74850433e-02 1.11014560e-02
8.70879471e+01 -1.26244905e-02 -5.42861149e-02 -1.17959338e-02 2.14982656e-02 2.03736485e-02 1.38767463e-02
8.97874597e+01 -1.03711686e-02 -3.85913082e-02 -8.59710146e-03 1.21270120e-02 1.71804768e-02 4.34302080e-03
9.24827846e+01 -5.45141930e-02 -1.42377684e-02 -3.21423829e-02 1.85212096e-02 1.61425806e-02 7.64587148e-03
9.51831503e+01 -2.71452997e-02 1.02821068e-02 -2.92382891e-02 9.47998553e-03 1.62808453e-02 1.33859810e-02
9.78740737e+01 -1.03443986e-02 -1.07435597e-02 -1.04139442e-02 1.86373379e-02 1.78789315e-02 9.86806358e-03
1.00575844e+02 2.93482149e-02 1.89050901e-02 2.36083560e-02 2.73366457e-02 2.23129606e-02 2.02077661e-02
1.03279985e+02 3.81205656e-02 3.83428521e-02 -7.99432185e-03 3.01658308e-02 2.10682520e-02 1.99612514e-02
1.05988594e+02 3.34264076e-02 2.88242670e-03 -2.73652334e-02 1.22633885e-02 1.92531137e-02 1.57092664e-02
1.08689485e+02 6.64888967e-03 -1.00913795e-02 -1.22959933e-02 2.32758296e-02 2.40805539e-02 6.64070069e-03
1.11376110e+02 7.43226440e-03 1.94423991e-02 4.33851959e-02 1.17296084e-02 1.65646563e-02 2.52903928e-03
1.14086875e+02 1.93865626e-03 7.22308854e-03 1.46340243e-02 2.15836954e-02 2.46800759e-02 1.58922619e-02
1.16791782e+02 -3.27881181e-02 5.04269302e-02 1.85927955e-02 1.79883060e-02 1.25042030e-02 1.17427600e-02
1.19494360e+02 9.92609634e-04 1.76085343e-02 -1.30176191e-02 1.48710419e-02 1.42818760e-02 8.39523072e-03
1.22192625e+02 3.88276476e-03 1.00614453e-02 -4.46338099e-02 1.15083089e-02 1.54674015e-02 1.05004644e-02
1.24893516e+02 1.99814702e-02 3.93194019e-02 3.61671138e-03 7.57109526e-03 1.88156071e-02 1.85111001e-02
1.27589344e+02 3.89876244e-02 1.37675186e-02 3.60278018e-02 1.07737569e-02 2.40150475e-02 5.56648547e-03
1.30291157e+02 8.50998311e-02 1.91562831e-02 6.37537907e-02 5.45845924e-03 1.71004693e-02 3.89192072e-02
1.33005563e+02 4.01043362e-02 -5.95317417e-03 1.85272409e-02 4.56098410e-03 1.86408867e-02 3.98471955e-03
1.35709578e+02 4.04775509e-02 -3.96142886e-02 2.01601281e-02 8.84913253e-03 1.73111770e-02 1.71520241e-02
1.38404094e+02 6.02232692e-02 -1.85703503e-03 -4.89678850e-02 7.85275654e-03 2.43070341e-02 1.10213097e-02
1.41109094e+02 6.61958774e-02 -1.33679430e-03 -5.25677797e-02 6.21205998e-03 3.77191146e-02 1.23873258e-02
1.43792094e+02 9.42424043e-02 1.24745153e-02 7.35271572e-03 2.81216473e-03 2.21204635e-02 1.28330768e-02
1.46508188e+02 6.27105839e-04 4.00435558e-02 -6.75013362e-03 2.87339714e-03 3.59938535e-03 1.99965395e-02
1.49207407e+02 -6.04422049e-03 5.13802094e-03 -3.09989231e-02 2.64661950e-03 7.00571545e-03 1.74297363e-02
1.51901391e+02 8.68640176e-03 -7.86839427e-03 -4.89691144e-04 2.67849891e-03 5.63888457e-03 6.96438820e-03
1.54606594e+02 1.47865460e-02 -7.22979195e-04 3.47675463e-02 4.26532660e-03 1.76584942e-03 1.93612972e-02
1.57311782e+02 2.59478206e-02 1.16459983e-02 3.03682004e-02 6.80208796e-03 6.87045379e-03 1.07286778e-02
1.60002344e+02 -4.34605310e-03 -2.81888118e-02 5.01988144e-02 2.52617338e-03 1.27684971e-02 2.19625714e-02
1.62704016e+02 1.71585128e-02 2.40247381e-02 4.28642519e-02 1.00910325e-02 1.32402895e-02 1.27925496e-02
1.65394766e+02 -1.75348194e-02 -3.97002475e-03 1.27107786e-02 3.39507623e-03 9.55129979e-03 1.76283674e-02
1.68093141e+02 7.83772908e-03 1.05704431e-02 3.49018945e-02 1.65157434e-02 1.35518012e-02 7.69819732e-03
1.70793891e+02 2.36581362e-02 -1.18574249e-02 3.88365455e-02 6.90214852e-03 9.49391992e-03 1.43640562e-02
1.73499860e+02 3.98587125e-02 2.90640759e-02 7.93651030e-02 1.34610326e-02 1.30868512e-02 9.45778325e-03
1.76220500e+02 2.84035985e-02 -2.52666918e-03 9.60302802e-03 3.13871598e-03 2.05217823e-02 6.98752125e-03
1.78919375e+02 -5.49114238e-03 4.84885290e-03 4.13131846e-02 1.08640424e-02 2.06940510e-02 5.15787344e-03
1.81628078e+02 7.95943839e-03 2.09404541e-02 -1.39262663e-02 7.03844657e-03 1.45634278e-02 1.05259634e-02
1.84327703e+02 -6.55062845e-03 1.17689792e-02 1.38034481e-02 7.11874541e-03 1.51824834e-02 1.95787480e-02
1.87030657e+02 3.21748524e-03 2.35554676e-02 6.52586567e-02 1.06744770e-02 2.62318689e-02 1.57413355e-02
1.89742719e+02 1.99658240e-02 1.29896516e-02 8.36247887e-03 1.20725627e-02 1.82881793e-02 1.61420173e-02
1.92439782e+02 -2.19482691e-02 1.83160653e-02 3.47887265e-02 5.60886523e-03 1.52875548e-02 1.10623382e-02
1.95135719e+02 -5.80342294e-03 1.15369600e-02 -1.39396939e-02 2.36577346e-02 2.25089067e-02 5.76060749e-03
1.97839953e+02 -1.71931585e-02 9.93458508e-03 7.56748944e-02 1.17027280e-02 2.73658202e-02 1.14832324e-02
2.00541828e+02 4.20394358e-03 -1.89774066e-02 6.21151059e-02 1.99589458e-02 2.60021313e-02 5.75209050e-03
2.03226938e+02 -1.20443545e-02 -1.59087382e-02 1.27144725e-01 1.27680743e-02 2.51391134e-02 7.11931846e-03
2.05923188e+02 -3.28977911e-02 -2.33907490e-02 9.03713948e-02 1.00422002e-02 2.12134529e-02 7.34607712e-03
2.08624360e+02 -1.31492876e-02 -1.87967233e-02 8.72834231e-02 5.39353052e-03 1.81982304e-02 9.99187821e-03
2.11321328e+02 -2.86920784e-02 -4.93666072e-02 2.44670423e-02 1.09308113e-02 1.47724772e-02 9.56895032e-03
2.14011157e+02 -4.09470194e-02 1.10009343e-03 2.71276622e-02 9.26778253e-03 1.17444340e-02 8.38742366e-03
2.16726469e+02 -2.10074546e-02 -1.88929952e-02 2.69446107e-02 1.37851168e-02 2.90246479e-02 1.66354656e-02
2.19416110e+02 -1.02120216e-02 5.70609362e-03 7.50348917e-02 8.81670436e-03 2.17219971e-02 1.43136667e-02
2.22113782e+02 -9.26011462e-03 -3.45867877e-02 4.25434453e-02 1.50556234e-02 1.91631203e-02 1.13571352e-02
2.24826766e+02 2.12470551e-03 -2.22756036e-02 1.20750865e-02 1.04100020e-02 9.94485065e-03 1.66745585e-02
2.27519219e+02 -1.69910107e-03 -2.35254992e-02 2.81838546e-02 9.72361923e-03 1.54164574e-02 4.39259293e-03
2.30221094e+02 -4.99142475e-03 3.15308051e-02 2.68681387e-02 8.98886708e-03 2.24974445e-02 8.40113215e-03
2.32919297e+02 8.46678577e-04 -1.20503628e-02 2.72410908e-02 1.85207731e-02 1.92982753e-02 7.26612027e-03
2.35627438e+02 6.25453221e-03 -2.55104347e-02 1.30387012e-02 1.08742453e-02 1.90256329e-02 8.07580943e-03
2.38321563e+02 1.06484193e-03 -4.10762172e-02 5.72667343e-02 9.79829079e-03 2.29287984e-02 1.75292161e-02
2.41034641e+02 2.14903848e-02 -1.48725013e-02 3.02446428e-02 9.47886493e-03 2.39784088e-02 7.09443824e-03
2.43731391e+02 2.50728025e-03 -5.21259382e-02 4.79387241e-02 1.43848084e-02 2.34069369e-02 7.11475692e-03
2.46442266e+02 8.69909419e-03 -6.90538788e-03 5.57043568e-02 1.36881456e-02 2.26330352e-02 7.64148282e-03
2.49145844e+02 2.21729167e-02 -1.15109019e-02 -2.40296157e-02 3.50616309e-03 1.78372198e-02 1.44285128e-02
2.51838969e+02 3.37491377e-03 -2.81528955e-02 2.49808510e-02 1.07124557e-02 1.81912655e-02 1.12653443e-02
2.54546485e+02 3.44380276e-03 -3.34501096e-02 2.05476712e-02 3.33600929e-03 1.84878983e-02 1.49044221e-02
2.57234688e+02 -1.81632736e-02 -4.19784379e-02 2.41732597e-02 1.33535508e-02 1.28831929e-02 1.23935696e-02
2.59941907e+02 -1.57625082e-02 -1.86165326e-02 5.18874333e-02 5.43215421e-03 8.69641764e-03 1.19115621e-02
2.62639282e+02 -4.14295742e-02 3.07714598e-03 4.81752268e-02 9.83267396e-03 1.94680319e-02 1.19154587e-02
2.65336563e+02 2.47738907e-03 -3.41660830e-02 2.44481254e-02 7.62931785e-03 2.17772950e-02 1.10686495e-02
2.68032148e+02 -2.26217388e-02 -1.34355349e-02 -7.66659379e-03 1.46411760e-02 1.75846286e-02 1.06415859e-02
