7.02622924e-01 -9.25378908e-03 -5.68363269e-03 -4.87563141e-02 1.24122128e-02 2.74750718e-02 5.47898314e-03
3.40179654e+00 -2.65122536e-03 2.21033380e-02 -5.92321066e-02 5.17486144e-03 3.24713303e-02 3.02924993e-02
6.09476201e+00 -2.19091952e-02 -1.85603369e-02 -3.71302148e-02 6.46882481e-03 3.97002515e-02 1.66567955e-02
8.77950404e+00 -2.29356293e-02 2.76799835e-02 -1.15749354e-02 7.69938338e-03 3.43333400e-02 2.09542122e-02
1.14794081e+01 -3.98110609e-02 9.46538089e-03 2.22886426e-02 8.46395179e-03 2.65608690e-02 1.00027396e-02
1.41687847e+01 2.77507689e-02 -4.82791303e-03 -6.25760498e-03 7.53160721e-03 2.27493720e-02 9.64346575e-03
1.68675315e+01 3.50888654e-02 2.28468217e-02 2.83602894e-02 6.53191831e-03 2.93919573e-02 1.20249183e-02
1.95725675e+01 4.31037457e-02 7.29367057e-03 4.78224713e-02 9.75881514e-03 2.79797216e-02 1.88973133e-02
2.22682534e+01 7.99417580e-03 2.14737589e-02 1.69175072e-02 7.06867474e-03 2.29954874e-02 1.46026729e-02
2.49730237e+01 2.90872846e-02 -1.97520231e-02 6.72182847e-03 1.37351265e-02 2.18010032e-02 7.78767707e-03
2.76745534e+01 2.91761490e-02 1.36984020e-02 -2.06662137e-02 9.88774263e-03 2.04210405e-02 1.23371562e-02
3.03573581e+01 2.96762447e-02 -2.16253595e-02 -1.01929099e-02 1.03447620e-02 2.20983416e-02 4.42250492e-03
3.30664987e+01 2.77022708e-02 -3.05466665e-02 -3.26239759e-02 7.26963333e-03 1.63928346e-02 1.48697158e-02
3.57603143e+01 5.05990893e-02 -3.04995199e-02 -3.79413191e-03 1.40550606e-02 3.11396828e-02 9.02504153e-03
3.84532784e+01 6.78130724e-02 -3.70511701e-04 -9.46120689e-03 9.53869162e-03 3.01139620e-02 1.76953270e-02
4.11605143e+01 -1.06434625e-02 -6.15332131e-02 -2.91772674e-02 1.55461169e-02 2.18126457e-02 1.10585068e-02
4.38587956e+01 1.88455820e-02 -7.58229251e-02 8.74750942e-03 1.25957092e-02 1.74675733e-02 2.25394905e-02
4.65588597e+01 2.28041318e-02 -3.46072043e-03 -9.65279481e-03 1.38603327e-02 1.40488594e-02 3.40452664e-03
4.92408253e+01 4.35651087e-02 -1.50679717e-02 -2.17915560e-02 7.11247006e-03 1.16436444e-02 1.37746728e-02
5.19448347e+01 4.87668736e-02 1.95201758e-02 -4.40583793e-02 1.20603062e-02 2.16607938e-02 4.34863099e-03
5.46418847e+01 5.64302068e-02 -1.78115571e-02 -2.36599098e-02 1.03953579e-02 1.29287778e-02 1.61139710e-02
5.73531394e+01 5.41125566e-02 6.09466731e-03 -1.11658431e-02 1.42195927e-02 1.41001625e-02 1.11396159e-02
6.00602331e+01 5.68873509e-02 3.64544946e-02 5.05199565e-02 1.49164527e-02 1.44572088e-02 1.22518923e-02
6.27716956e+01 6.19000210e-02 -1.02835085e-02 7.59993217e-03 1.13656956e-02 1.45980474e-02 1.49416615e-02
6.54832784e+01 1.51186736e-02 2.70846108e-02 8.34392840e-03 1.53162974e-02 1.57612443e-02 1.28127682e-02
6.81823878e+01 -1.65709249e-02 -9.27962727e-03 -1.90067335e-02 7.25383817e-03 1.46129166e-02 1.77104661e-02
7.08792956e+01 -1.54424208e-02 -9.02850249e-03 -2.03343871e-02 1.52907822e-02 2.87410725e-02 5.71906586e-03
7.35863300e+01 -3.42203362e-02 -1.05874520e-02 -4.71373367e-03 1.39337455e-02 2.17946428e-02 1.89707280e-02
7.62751284e+01 2.33429970e-02 3.65441893e-02 -2.61496096e-02 6.06677793e-03 2.23440053e-02 8.36469858e-03
7.89825987e+01 1.39782865e-02 -5.58483199e-03 -3.57108530e-02 1.75884467e-02 2.81938230e-02 1.13841636e-02
8.16917659e+01 -1.41786106e-02 3.54829342e-02 -5.91572137e-02 8.07478688e-03 1.85857117e-02 1.50612365e-02
8.43890175e+01 -9.08102777e-03 3.82641595e-02 -4.38025663e-02 1.15781818e-02 1.79761492e-02 1.45622399e-02
8.70968378e+01 -9.79347033e-03 -9.35385821e-03 -6.82037649e-02 1.74887634e-02 2.21780655e-02 1.82507827e-02
8.97808737e+01 2.83412436e-02 -1.58640179e-03 6.48554175e-04 9.54067962e-03 2.57862541e-02 1.66582094e-02
9.24908097e+01 2.06655339e-02 -4.02352052e-02 -4.74136559e-02 1.98462503e-02 1.94533250e-02 2.20352935e-02
9.51880925e+01 5.23291055e-02 -2.50857241e-02 -2.37756596e-02 8.71040839e-03 2.01814226e-02 8.35298488e-03
9.78899534e+01 2.84548371e-02 1.47255060e-03 -5.97002232e-03 1.65285050e-02 1.84012801e-02 1.71107833e-02
1.00588414e+02 -4.76541558e-03 -4.45131539e-03 -8.97174884e-03 2.96383618e-03 2.04620729e-02 1.95922105e-02
1.03269039e+02 6.21833334e-02 -9.65263745e-03 2.59625706e-02 2.00593715e-02 2.03097951e-02 1.26103615e-02
1.05965211e+02 2.34460032e-02 -3.53905215e-03 4.94256183e-02 9.93450517e-03 2.38807421e-02 1.25819477e-02
1.08668805e+02 2.71468008e-02 2.37274137e-02 1.01790007e-02 1.43761779e-02 2.47242527e-02 8.45204194e-03
1.11367914e+02 9.61057000e-03 5.27507273e-02 9.94811120e-03 8.61480983e-03 1.95553710e-02 1.76654463e-02
1.14075961e+02 9.44981129e-03 -2.07534236e-02 -1.70128577e-02 1.52808974e-02 2.11501599e-02 5.64464683e-03
1.16776430e+02 5.03460702e-03 4.04269059e-02 -2.68324209e-02 1.02979711e-02 2.07293305e-02 1.55935098e-02
1.19473727e+02 3.87372471e-02 2.33279615e-03 -5.59006936e-02 1.20034241e-02 1.80310102e-02 6.85282784e-03
1.22176742e+02 3.49843538e-02 2.60455519e-02 -2.70280766e-02 1.19052383e-02 2.00173040e-02 1.15950657e-02
1.24875914e+02 2.99508321e-02 7.04032304e-02 5.90634674e-03 8.81987670e-03 1.33392311e-02 1.31204801e-02
1.27584914e+02 -8.27129843e-03 1.78444112e-02 1.74363262e-02 1.80731535e-02 1.45900435e-02 8.50846293e-03
1.30272836e+02 7.96990381e-02 -9.62218113e-03 -7.16611266e-03 1.42572733e-02 9.95780048e-03 1.83012100e-02
1.32981336e+02 5.59467402e-02 -2.30518850e-02 -1.98059571e-02 1.68078090e-02 1.87360738e-02 8.15494018e-03
1.35689336e+02 7.18421129e-02 -4.32956476e-02 1.00565278e-03 1.84781308e-02 1.43814788e-02 1.33991981e-02
1.38398867e+02 5.99729675e-02 3.57326156e-02 2.57663480e-03 8.54042872e-03 1.22652130e-02 5.06055989e-03
1.41111680e+02 3.62657487e-02 1.10163298e-02 -2.17067963e-02 2.33430339e-02 2.23193883e-02 1.48427222e-02
1.43810836e+02 5.22826822e-02 -3.31731117e-03 -7.50073811e-02 1.43322492e-02 1.53571787e-02 1.60427089e-02
1.46510242e+02 -1.06086016e-02 7.69910001e-03 -3.97946694e-02 5.72604146e-03 1.03225092e-02 1.36994498e-02
1.49209242e+02 -1.58080962e-02 4.67019212e-03 2.53874921e-02 4.24071060e-03 4.49432755e-03 2.72389500e-02
1.51915149e+02 6.06248999e-04 -2.85619574e-02 8.51689711e-03 5.13136148e-03 2.09383658e-03 2.39243639e-02
1.54626289e+02 1.55071542e-04 -4.09452519e-02 5.92746740e-03 1.88137198e-03 1.76299694e-03 1.04989735e-02
1.57321383e+02 -3.03768540e-04 -1.22839130e-02 3.18716086e-02 4.71416951e-03 4.09065866e-03 8.71210696e-03
1.60029008e+02 1.51701633e-02 -4.73915045e-02 4.74783506e-02 2.10006014e-03 7.66602252e-03 1.42138837e-02
1.62731602e+02 1.63329562e-03 2.47819104e-02 2.33769729e-02 7.84291040e-03 1.35154071e-02 6.37344678e-03
1.65430774e+02 3.14741261e-03 -6.71707423e-04 3.47388462e-02 9.03705318e-03 2.85427919e-02 1.19993886e-02
1.68134242e+02 2.04849629e-02 -2.71633709e-02 2.87212638e-02 1.08943163e-02 2.02302016e-02 2.25343499e-02
1.70838852e+02 -1.96246426e-02 1.48573589e-03 4.47799585e-02 7.08459731e-03 1.21849598e-02 1.22578516e-02
1.73540992e+02 -8.60744009e-03 1.17768967e-02 -1.07409421e-02 8.92439929e-03 6.10060527e-03 7.41842894e-03
1.76223961e+02 -4.91731265e-03 -2.33030823e-02 4.88879102e-02 5.25077619e-03 1.63079693e-02 1.05430678e-02
1.78911821e+02 -1.81490580e-03 1.94452346e-04 2.79631932e-02 9.18145822e-03 1.10687914e-02 1.94726085e-02
1.81618055e+02 8.50916961e-03 -2.74181455e-03 2.05571869e-02 3.74356679e-03 1.41801124e-02 1.94706598e-02
1.84312399e+02 3.75110615e-03 2.37619667e-02 5.80131066e-02 1.41805138e-02 2.71270258e-02 1.14142832e-02
1.87011039e+02 3.28917969e-03 2.18732576e-02 3.56693412e-02 5.94665769e-03 1.86157754e-02 1.71205444e-02
1.89712321e+02 2.58603883e-02 2.40825563e-02 5.67839119e-02 1.79954386e-02 2.68417060e-02 6.56258179e-03
1.92419492e+02 -1.99092215e-02 3.15906551e-02 3.87489216e-02 6.19790782e-03 1.31361870e-02 1.43570720e-02
1.95120571e+02 -2.65789137e-02 1.20662516e-02 1.02820005e-01 1.13400620e-02 1.59779828e-02 1.46717878e-02
1.97817696e+02 -3.93315394e-03 2.27563229e-02 5.28124831e-02 8.39999835e-03 1.44561164e-02 9.37657269e-03
2.00522149e+02 -3.56015794e-02 2.91540978e-02 3.19650261e-02 6.97484281e-03 1.72628755e-02 1.20349705e-02
2.03220789e+02 -1.48499407e-02 8.92078119e-03 2.91115476e-02 4.79514922e-03 1.02993103e-02 1.97892610e-02
2.05923633e+02 -1.99021267e-02 -1.81973867e-02 5.36592116e-02 1.80803374e-02 1.12603914e-02 1.66832772e-02
2.08632039e+02 1.44677746e-02 -2.54929707e-03 4.43201435e-02 2.31454013e-03 1.04468596e-02 6.04273129e-03
2.11330742e+02 -2.44950557e-02 -4.44035615e-02 5.59950630e-02 1.70852103e-02 1.44273021e-02 7.95420618e-03
2.14029852e+02 -2.85183404e-03 -3.66855943e-04 7.08848971e-02 6.79269075e-03 9.63225263e-03 5.47062129e-03
2.16722867e+02 -1.03177974e-02 1.19897068e-03 4.80069927e-02 1.49481859e-02 1.51969060e-02 1.22308919e-02
2.19431524e+02 1.16063690e-02 2.85582090e-02 3.26181135e-02 1.55292368e-02 2.72337457e-02 1.16066960e-02
2.22141602e+02 -1.80451509e-03 -3.76453005e-02 1.56289333e-02 1.40839440e-02 2.44579243e-02 1.35754896e-02
2.24836539e+02 1.01867816e-02 -7.99914098e-03 7.06894673e-02 1.66775553e-02 2.41422450e-02 8.47053215e-03
2.27540805e+02 1.55292067e-02 -2.65485847e-02 7.30876913e-02 1.02593255e-02 2.69398992e-02 1.23944215e-02
2.30245164e+02 2.19760526e-02 1.44553663e-02 9.43761578e-02 1.26578862e-02 1.70543965e-02 1.66060412e-02
2.32944102e+02 5.18022091e-03 -1.67014662e-02 8.04482821e-02 7.77062196e-03 2.25642660e-02 1.08704534e-02
2.35653914e+02 3.99959883e-02 -4.89088039e-03 1.19149176e-02 1.25467756e-02 1.78853000e-02 1.89025348e-02
2.38347649e+02 1.31485644e-02 1.10354740e-02 4.11809284e-02 1.07351237e-02 2.39606531e-02 4.28364286e-03
2.41060680e+02 3.61876620e-02 -2.21678052e-02 -1.74914807e-02 1.39908368e-02 2.16683608e-02 1.29268582e-02
2.43750071e+02 -8.79837465e-03 -7.55271493e-02 4.53968737e-02 7.93372957e-03 2.68129643e-02 6.30206267e-03
2.46447508e+02 -2.67640402e-03 -7.79580263e-04 -2.27163809e-03 1.41610222e-02 1.59011889e-02 4.66557902e-03
2.49154399e+02 1.33287712e-02 -7.14152064e-03 4.93254253e-02 8.40764732e-03 1.48445800e-02 1.31925433e-02
2.51853805e+02 7.55486581e-03 3.47138722e-02 -1.02834950e-02 2.41403380e-02 1.59177766e-02 1.12267037e-02
2.54557008e+02 2.17971139e-04 1.62352294e-02 5.31241410e-02 9.07492174e-03 2.04289249e-02 5.34185673e-03
2.57265633e+02 1.04538952e-02 8.39076401e-03 2.83049920e-02 1.53631269e-02 2.49745102e-02 5.02958712e-03
2.59959039e+02 -1.14569387e-02 -1.19269309e-02 3.35711908e-02 6.70025857e-03 1.92150305e-02 9.70650385e-03
2.62659914e+02 -6.04814120e-03 -2.07499807e-02 9.03408468e-03 1.40766769e-02 2.27712520e-02 8.85517912e-03
2.65358805e+02 -3.55435069e-02 -5.04745396e-02 -2.53233436e-02 2.12689452e-02 2.66952885e-02 1.90674307e-02
2.68058748e+02 -2.41788402e-03 8.64564958e-03 -3.24035071e-02 1.39304924e-02 1.68429697e-02 6.08314950e-03
