6.99869923e-01 -8.86903380e-03 8.68435291e-03 -3.76815604e-04 4.65836397e-03 8.67530291e-03 2.30281524e-02
3.39904917e+00 1.78327508e-03 1.60140105e-03 3.56273518e-03 4.27467950e-03 3.70483942e-03 1.24421583e-02
6.08888994e+00 -1.15473753e-02 -2.25268376e-02 -2.19083508e-02 2.35473598e-03 1.66814101e-03 2.15449497e-02
8.78609760e+00 -1.29264150e-02 -1.90390253e-02 -1.43331479e-02 2.33285681e-03 2.09753217e-03 1.70079676e-02
1.14864017e+01 -1.01501286e-02 1.28883162e-03 -7.36061878e-02 1.68800416e-03 3.23157828e-03 2.21249505e-02
1.41705079e+01 -4.11205515e-02 4.84622456e-03 -1.53455459e-02 2.53910734e-03 1.76372944e-03 2.11725197e-02
1.68667126e+01 3.48798697e-03 2.55494722e-02 -1.29158629e-02 6.86518201e-03 1.03399614e-02 1.32151872e-02
1.95613532e+01 -1.05076538e-02 1.75665229e-03 1.31280302e-02 3.96503936e-03 1.17189212e-02 1.09100681e-02
2.22669954e+01 1.82265399e-02 2.10871167e-02 -1.19110662e-02 6.33158406e-03 1.55015061e-02 1.03288900e-02
2.49639595e+01 -1.95909668e-02 2.77416614e-02 -1.55208968e-02 1.46426724e-02 1.88900979e-02 1.07490296e-02
2.76498360e+01 -1.16659177e-02 3.70559178e-02 -4.22985136e-02 9.06143437e-03 1.29093340e-02 1.16370400e-02
3.03480610e+01 1.50281404e-02 2.41882191e-02 -6.89225941e-02 1.28359874e-02 1.57915628e-02 1.44734903e-02
3.30427782e+01 2.67341792e-03 4.34180064e-02 -3.49890959e-02 9.06835082e-03 1.37208593e-02 1.48984334e-02
3.57357470e+01 -2.58043006e-02 1.07454916e-02 -2.12107008e-02 1.02914860e-02 1.62762529e-02 1.10227132e-02
3.84447845e+01 5.38604561e-03 -8.74259575e-03 -8.63283731e-02 6.47491046e-03 1.04085533e-02 2.39436891e-02
4.11500142e+01 -3.54492288e-03 -7.73706435e-02 -5.32753423e-02 6.94174484e-03 1.69846258e-02 1.20202693e-02
4.38566610e+01 2.55232254e-02 -1.61655157e-02 -6.14463933e-02 1.08520668e-02 1.76313055e-02 2.32048960e-02
4.65557439e+01 -1.26853342e-02 1.44840176e-03 -1.82244904e-02 1.27879548e-02 1.42316451e-02 1.22944188e-02
4.92722517e+01 1.55023892e-02 1.77490332e-02 -3.97777323e-02 1.47439549e-02 2.26068704e-02 8.20590699e-03
5.19634673e+01 -1.27916420e-02 4.48659377e-03 -7.49199286e-02 9.49142032e-03 1.59199632e-02 6.96782570e-03
5.46551892e+01 -3.21139710e-03 4.03840270e-02 -2.10282338e-02 1.16691340e-02 1.64195592e-02 1.20810985e-02
5.73472782e+01 -1.44483105e-02 -8.74543031e-03 -1.89301599e-02 1.09165577e-02 1.51647480e-02 1.55390173e-02
6.00628001e+01 1.75822148e-02 9.50875693e-03 -3.50383257e-02 1.62509142e-02 2.15419581e-02 1.92914219e-02
6.27613126e+01 -3.93482056e-02 -1.45222582e-03 -5.46670053e-02 9.96582669e-03 1.58318119e-02 1.35630027e-02
6.54681860e+01 -1.14197782e-02 -3.97826808e-02 -5.68847489e-02 1.12153982e-02 1.77481028e-02 7.53249703e-03
6.81653767e+01 -7.50893142e-03 -2.60274480e-05 -5.71950610e-02 1.52466666e-02 2.38632865e-02 9.07321757e-03
7.08673845e+01 -1.05933276e-02 -2.88663511e-02 -4.43451738e-02 8.01106475e-03 2.23825782e-02 3.43321153e-03
7.35582517e+01 -1.87376205e-02 -2.28815280e-03 -3.72148048e-02 6.33357584e-03 1.70669131e-02 6.89746915e-03
7.62710626e+01 1.04100667e-02 2.89559112e-02 -2.01949832e-02 1.72253846e-02 2.21468098e-02 4.66842236e-03
7.89749564e+01 -2.07581732e-02 -3.82283981e-03 -5.25373633e-02 1.16163689e-02 2.22252534e-02 7.61914636e-03
8.16744985e+01 -1.17778249e-02 4.44112882e-02 -6.05583403e-02 6.69198517e-03 1.81312169e-02 5.45846907e-03
8.43736189e+01 -2.93488578e-02 2.91142534e-03 -8.83666608e-02 1.38593850e-02 2.93773265e-02 6.12823634e-03
8.70655173e+01 -3.60193283e-03 -2.24534578e-02 -8.32615512e-03 1.08755183e-02 2.16927829e-02 9.10097969e-03
8.97646751e+01 2.55010048e-02 1.91020214e-02 -7.99114334e-02 9.00874666e-03 2.17740998e-02 8.09346934e-03
9.24656548e+01 8.21696608e-03 3.58787384e-03 -2.26893556e-02 7.69694715e-03 1.37881363e-02 8.88787057e-03
9.51790282e+01 4.90425255e-03 -2.70495760e-02 -8.34566276e-02 1.60163092e-02 1.94840969e-02 3.99850810e-03
9.78736001e+01 -8.93450709e-03 -2.72649810e-02 -7.12272959e-02 1.20590531e-02 2.17549023e-02 1.64784552e-02
1.00569403e+02 -5.93577023e-03 -1.48359616e-02 -4.22534484e-02 6.08364738e-03 1.59869041e-02 9.72347281e-03
1.03264419e+02 -3.02669353e-03 1.33662081e-02 -4.03800480e-02 1.39701800e-02 2.61747070e-02 6.63696209e-03
1.05966247e+02 3.95583195e-03 4.17779181e-02 -8.63714499e-03 7.83989655e-03 2.67337805e-02 3.89394481e-03
1.08662341e+02 -8.87737709e-03 -1.19453818e-02 9.03272059e-04 2.38930899e-02 2.58869011e-02 1.10413054e-02
1.11368934e+02 1.62349555e-02 -1.51955003e-02 -1.62809208e-02 1.13372376e-02 2.81065481e-02 1.34486232e-02
1.14063731e+02 2.04146512e-02 -3.69083801e-02 -2.62770788e-02 2.07832515e-02 2.09418182e-02 4.53177580e-03
1.16772544e+02 1.54306039e-02 4.22403385e-02 -2.16575321e-02 8.78162189e-03 1.09107029e-02 1.05014650e-02
1.19470216e+02 1.57041952e-02 4.74913168e-02 -7.42905519e-02 8.80966406e-03 1.45230454e-02 1.23363172e-02
1.22168513e+02 1.41391048e-02 -1.06312950e-02 -4.29780461e-02 7.83406539e-03 1.13844209e-02 1.35949007e-02
1.24874981e+02 1.57814736e-02 4.23915348e-02 -4.26677148e-02 9.61916094e-03 2.13306607e-02 1.57407123e-02
1.27571513e+02 3.01614987e-03 2.85755865e-02 -1.89946028e-02 9.53088017e-03 1.72983650e-02 1.51337502e-02
1.30271966e+02 2.41048699e-02 -1.80765412e-02 -4.00431229e-02 1.28410606e-02 1.89166926e-02 6.10220368e-03
1.32976606e+02 3.46010447e-02 -6.07009346e-02 1.14849120e-03 5.79610580e-03 1.29951711e-02 9.65249758e-03
1.35677231e+02 1.73850135e-02 8.08672010e-03 -1.07602655e-02 7.88629707e-03 1.60638244e-02 7.75455796e-03
1.38386356e+02 9.30333492e-03 1.04982903e-02 9.52076331e-03 1.07705067e-02 2.18273162e-02 1.79416967e-02
1.41092747e+02 2.52154264e-02 1.69012393e-02 -3.39750161e-02 1.59455584e-02 1.83300584e-02 9.78682165e-03
1.43812153e+02 1.41647386e-02 9.02044869e-04 -4.23600834e-02 3.41762143e-03 1.10813760e-02 1.00757104e-02
1.46506278e+02 5.02922463e-02 -3.68063121e-02 1.26000750e-02 2.70202933e-02 1.00988237e-02 6.09433771e-03
1.49215013e+02 7.79031445e-02 -1.84516616e-02 4.26787656e-02 2.29801833e-03 3.08950508e-02 1.42377110e-02
1.51911388e+02 5.42505570e-03 -4.61612658e-02 8.90835677e-02 1.25813320e-02 2.66724431e-02 1.74157776e-02
1.54606638e+02 3.01519742e-02 -6.85992123e-02 2.69786850e-02 3.97959596e-03 2.40697620e-02 1.41822068e-02
1.57300934e+02 -3.64076067e-02 -2.26420224e-02 1.23945989e-02 1.73114955e-03 2.25147931e-02 1.89819787e-02
1.59999997e+02 -9.07719901e-03 -1.42144459e-02 3.34727692e-02 5.06759184e-03 2.52415215e-02 9.94508815e-03
1.62688981e+02 2.43470017e-02 3.04382373e-02 6.56184148e-02 6.02937711e-03 2.45596884e-02 2.57055774e-02
1.65395888e+02 1.64384626e-03 1.42428525e-02 1.93373104e-02 3.19265534e-03 2.72187184e-02 1.01843731e-02
1.68105794e+02 -2.99859306e-03 -3.54354448e-02 1.02788843e-03 1.40347107e-02 2.02695929e-02 1.30211190e-02
1.70809903e+02 -4.58353659e-02 -9.05860693e-04 3.69336250e-03 6.18277385e-03 1.78024552e-02 1.57710511e-02
1.73518434e+02 -6.60352944e-02 -8.97606306e-03 5.03442539e-03 1.64003099e-02 2.27919772e-02 1.45885055e-02
1.76219684e+02 -7.17987230e-02 1.71699191e-02 -1.62883145e-03 1.55759841e-02 2.29424252e-02 1.07592830e-02
1.78917653e+02 7.02861487e-03 -6.53580064e-03 1.05425220e-02 1.29444749e-02 1.91202996e-02 1.20981861e-02
1.81603388e+02 3.43535537e-02 -9.92600163e-03 4.40530942e-02 1.64899335e-02 2.50105392e-02 1.39276199e-02
1.84306716e+02 -2.46993628e-02 -7.15238180e-03 4.03502635e-04 6.02969139e-03 2.17263549e-02 1.30838146e-02
1.87012075e+02 -5.15972521e-02 -1.80970734e-02 1.54730905e-02 5.88312571e-03 1.95242770e-02 1.18852750e-02
1.89701513e+02 -1.03929988e-01 -1.05601213e-02 7.04506136e-02 7.48273733e-03 2.73129183e-02 1.70855601e-02
1.92394341e+02 -4.54041546e-02 8.82395088e-02 5.81379858e-02 5.05346065e-03 2.28882258e-02 5.34507264e-03
1.95088044e+02 -6.07584045e-02 2.81552405e-02 2.39198589e-02 1.05946469e-02 1.81973428e-02 1.76675190e-02
1.97790997e+02 -4.75201608e-02 1.32028100e-02 -2.05979521e-03 1.05953775e-02 1.38277624e-02 9.62548732e-03
2.00483028e+02 -9.31474550e-02 5.06689719e-02 1.75035860e-02 1.03996879e-02 1.84990608e-02 5.56040585e-03
2.03186497e+02 -8.07572778e-02 2.87856810e-02 8.79894022e-03 1.61036069e-02 1.58778458e-02 2.70155411e-03
2.05887684e+02 -4.60743437e-02 -1.99092199e-03 1.59242208e-02 1.15039741e-02 9.71831633e-03 9.09429513e-03
2.08596559e+02 -3.34403881e-02 3.13040493e-02 3.13994980e-02 1.21690748e-02 1.20102457e-02 1.04040448e-02
2.11304825e+02 3.77379962e-03 3.14480115e-02 2.12775878e-02 2.29211345e-02 1.90167175e-02 8.77742185e-03
2.14023263e+02 -1.30929825e-02 -1.95243466e-03 2.58479697e-02 1.09937213e-02 2.19459810e-02 1.13604440e-02
2.16730169e+02 3.19031786e-05 3.22797394e-02 3.09076363e-02 1.35709348e-02 1.85725713e-02 1.49879762e-02
2.19430013e+02 -1.72462292e-02 3.35922457e-03 6.05761435e-02 9.63211687e-03 2.02193332e-02 1.33267848e-02
2.22135591e+02 -9.34395288e-03 2.07986782e-02 4.30566871e-02 8.96060733e-03 2.13992213e-02 1.36591636e-02
2.24835778e+02 -3.47522983e-02 -7.93941321e-03 4.79350711e-02 8.87204275e-03 2.47275019e-02 1.08962890e-02
2.27538872e+02 -4.02331148e-02 -5.18034268e-02 3.07313002e-02 2.61218327e-02 2.70234214e-02 1.94970602e-02
2.30235419e+02 -4.29879683e-02 7.52482913e-03 4.48963340e-02 1.66266981e-02 1.63785357e-02 8.11915013e-03
2.32933216e+02 -1.44606823e-02 2.31515032e-02 2.16952851e-02 7.18307881e-03 2.16379586e-02 1.69660601e-02
2.35626934e+02 -5.41188079e-03 -2.68519497e-03 2.52085033e-02 2.59163438e-02 2.20342549e-02 1.67977832e-03
2.38331934e+02 -4.69220898e-02 2.68516424e-02 -1.28088851e-02 1.49413893e-02 2.51830798e-02 1.41565138e-02
2.41026216e+02 2.50006117e-02 1.01157889e-02 -2.37478751e-02 8.65933444e-03 2.02590872e-02 1.23323007e-02
2.43732122e+02 -4.66784496e-02 -6.63825028e-04 -2.52601350e-02 1.08165633e-02 1.40169473e-02 8.31219451e-03
2.46435122e+02 2.89407335e-02 3.71792354e-03 1.65498765e-02 1.26616955e-02 2.05023409e-02 9.62642299e-03
2.49136059e+02 -2.72091629e-02 2.30287933e-02 2.33564862e-02 3.69538874e-03 2.22453967e-02 8.65511891e-03
2.51845434e+02 2.07051116e-03 4.99916733e-02 -9.64623390e-03 1.42757113e-02 1.90500684e-02 2.03510949e-02
2.54542091e+02 -4.58997226e-02 2.01621658e-02 2.94293473e-03 5.63663028e-03 2.51730096e-02 2.34924727e-03
2.57242841e+02 -7.78741804e-02 1.49482103e-02 3.95862127e-02 8.06334850e-03 1.97408543e-02 1.90870262e-02
2.59947059e+02 -7.42993049e-02 7.50787996e-04 3.42209040e-02 1.79530353e-02 2.41659000e-02 1.18063228e-02
2.62646169e+02 2.92788244e-03 -3.72472536e-02 3.68050003e-02 6.14577191e-03 1.65463325e-02 2.86257378e-02
2.65333872e+02 8.90122136e-03 -1.21141236e-02 4.36261424e-02 1.43967781e-02 1.66618397e-02 2.32025943e-02
2.68034507e+02 1.31169905e-02 2.70156286e-02 -9.23419028e-03 5.37672255e-03 7.98599936e-03 1.32378206e-02
