6.76016241e-01 -9.21091028e-04 3.41441229e-02 4.55117005e-02 1.24294111e-02 2.55075927e-02 1.58454358e-02
3.37101950e+00 -3.89920530e-02 3.31519640e-02 3.75337769e-02 1.14897472e-02 2.67857331e-02 1.74602208e-02
6.07352794e+00 -4.37799434e-02 3.57884993e-05 6.43707853e-02 3.33023562e-03 2.61951082e-02 1.28747374e-02
8.75983762e+00 -5.21822486e-02 2.72604603e-02 1.39098887e-02 2.08559510e-03 3.12264007e-02 1.56649098e-02
1.14567831e+01 -2.42842382e-02 -2.98732212e-02 -1.84862170e-02 1.13361392e-02 3.04224893e-02 1.76685521e-02
1.41500378e+01 -4.08925969e-02 -4.18774816e-02 4.87922811e-03 8.56348234e-03 2.60847114e-02 1.54080939e-02
1.68568018e+01 -6.27413029e-02 -2.93110079e-02 -1.71232358e-02 1.27439535e-02 2.59231709e-02 2.08447068e-02
1.95550081e+01 -2.43388091e-02 -4.31136852e-02 -1.04322934e-02 1.41337884e-02 1.30978289e-02 1.63517858e-02
2.22513456e+01 -1.58950258e-02 -2.20237568e-02 5.11794624e-03 2.09424052e-02 1.28071343e-02 1.09925581e-02
2.49510331e+01 -9.06413078e-03 5.64120492e-03 8.60729134e-03 1.36356832e-02 1.66299476e-02 7.63104407e-03
2.76475690e+01 -2.51521778e-02 3.21511453e-02 -9.75703893e-03 1.90106579e-02 1.70099538e-02 1.63545312e-02
3.03424346e+01 3.16752496e-02 4.65918408e-02 8.39481435e-03 8.46825089e-03 2.09033754e-02 6.27970132e-03
3.30392550e+01 1.24155655e-02 3.30579520e-02 -5.05244207e-03 7.82078746e-03 1.47009974e-02 9.50961506e-03
3.57426737e+01 5.78554455e-02 4.09151940e-02 -8.39863791e-03 7.90812472e-03 1.05141817e-02 1.05352444e-02
3.84565690e+01 1.14969718e-02 1.25069270e-02 -3.22599782e-02 1.21645042e-02 1.49435947e-02 8.67975336e-03
4.11660800e+01 6.09559800e-02 -1.85230090e-02 -1.63211795e-02 8.01445095e-03 1.62978179e-02 1.13095604e-02
4.38789722e+01 -2.62468007e-02 -3.12505720e-02 1.42912974e-02 2.05292999e-02 1.16708601e-02 7.43820271e-03
4.65968206e+01 9.61290118e-03 -7.47878091e-03 -3.94541564e-02 9.10966589e-03 8.94377770e-03 5.00952644e-03
4.92868956e+01 -1.67041809e-02 9.65917236e-03 -1.19009238e-02 2.23064211e-02 8.53577549e-03 3.98907778e-03
5.20017362e+01 6.61873185e-02 -1.00198642e-02 -1.97620571e-02 2.43598640e-02 4.00982073e-03 3.03243303e-03
5.46944143e+01 2.59439073e-04 -3.31357032e-02 1.70563190e-02 2.11177317e-02 3.97350401e-03 6.48511653e-03
5.74068378e+01 7.01029573e-02 -5.67081510e-02 3.92044160e-03 1.57781311e-02 1.02230723e-02 5.35031651e-03
6.01020315e+01 2.77916274e-02 1.92238202e-02 2.24202739e-02 1.94898114e-02 1.27199068e-02 1.44038811e-02
6.28077003e+01 4.14568862e-02 1.43147394e-02 -2.50470242e-02 1.65984558e-02 2.27144246e-02 7.28785838e-03
6.55176003e+01 1.52501701e-02 2.62901751e-02 -3.02594395e-02 1.34043738e-02 1.48455514e-02 1.33373281e-02
6.82281753e+01 -4.64741392e-03 -6.54719039e-03 -2.30147430e-02 1.15274461e-02 2.38207669e-02 2.05562721e-02
7.09215472e+01 -4.45176206e-02 3.30479814e-02 2.20304960e-02 1.29123265e-02 1.75637256e-02 9.19847067e-03
7.36149534e+01 -1.17115609e-02 -9.22605758e-03 3.76936890e-02 1.12445549e-02 2.31009657e-02 1.82226038e-02
7.63142018e+01 -3.45188211e-02 4.12095749e-03 7.68198884e-03 1.08590165e-02 1.78764732e-02 8.45615482e-03
7.90181612e+01 2.85147220e-02 3.37912506e-02 -1.25514137e-02 6.66510637e-03 2.16129356e-02 2.06614132e-02
8.17264909e+01 1.16021464e-02 3.77886991e-02 -1.16032704e-02 8.32977776e-03 1.32770825e-02 4.40897308e-03
8.44263643e+01 -3.66236376e-03 3.52701943e-02 2.88301961e-03 2.54661523e-03 1.70708210e-02 8.93539692e-03
8.71198987e+01 2.47884770e-02 -1.81594085e-02 -7.27715816e-03 5.62748261e-03 2.12618985e-02 1.70140040e-02
8.98164815e+01 -2.05719634e-03 -2.23298556e-02 -3.25619521e-02 3.88353645e-03 1.92410416e-02 1.71803789e-02
9.25187425e+01 2.35463209e-03 -2.24032041e-02 -4.50451370e-02 9.53025947e-03 1.67923519e-02 2.01039668e-02
9.52057112e+01 5.30072434e-02 -1.89994740e-02 -2.22574071e-02 2.35054920e-03 2.33200196e-02 1.26798623e-02
9.78977565e+01 9.26199138e-02 -1.97293944e-02 2.06373327e-02 8.04127925e-03 2.61829765e-02 1.67283562e-02
1.00604339e+02 2.02719311e-02 -6.11302961e-05 -6.10041673e-03 8.24200064e-03 2.12349979e-02 1.00660912e-02
1.03298792e+02 1.03473572e-02 -2.61908909e-02 -3.61600349e-02 8.64049928e-03 1.95945044e-02 1.59950254e-02
1.05987167e+02 3.25564395e-02 -2.65517832e-02 -4.67850973e-02 4.22710941e-03 9.95530946e-03 8.88621978e-03
1.08688589e+02 3.90963853e-02 8.16321755e-03 -4.17110619e-02 1.61996522e-02 1.51451724e-02 6.91943063e-03
1.11389558e+02 2.06535491e-02 4.43489722e-03 7.97093954e-03 1.97689616e-02 8.06984811e-03 9.39357053e-03
1.14092433e+02 -2.25446650e-02 -1.03823786e-02 1.45563219e-02 9.88061762e-03 8.11261114e-03 1.60906836e-03
1.16789902e+02 1.06605235e-02 1.05841450e-02 3.36219017e-02 1.42454811e-02 9.81728291e-03 1.30017684e-02
1.19490589e+02 1.17125574e-02 -2.96004176e-03 -6.81519194e-03 1.91384391e-02 1.30726192e-02 7.94475005e-03
1.22203652e+02 4.10516732e-02 1.13157173e-02 1.53864826e-02 8.79247482e-03 1.36564869e-02 1.42219578e-02
1.24905433e+02 1.33642621e-03 -5.59085341e-02 3.30986739e-02 8.06117039e-03 2.01233224e-02 1.24678572e-02
1.27606933e+02 1.68966401e-02 -5.66124037e-03 3.51066092e-02 1.21150764e-02 2.50448067e-02 1.30020196e-02
1.30308152e+02 -2.16090783e-02 -3.12831145e-02 1.44782880e-02 7.48172241e-03 2.14289069e-02 1.87829373e-02
1.33015574e+02 -9.93022449e-03 -4.26204579e-02 -1.58533277e-02 1.50995692e-02 1.93773259e-02 3.21419821e-02
1.35709433e+02 -5.36863948e-02 -3.32520620e-02 -4.53327897e-02 1.82308446e-02 2.00188741e-02 8.03972868e-03
1.38403574e+02 -8.53229485e-02 -4.73846969e-02 -1.90749353e-03 1.39589886e-02 1.02810693e-02 5.10832495e-03
1.41099902e+02 -3.76741265e-03 2.47665428e-02 3.99959508e-02 1.39235641e-02 1.03909625e-02 1.08769631e-02
1.43806042e+02 -6.30899239e-02 1.46847159e-02 5.09440551e-02 2.05717222e-02 1.53454308e-02 9.99837960e-03
1.46502105e+02 -2.97119210e-02 3.40419654e-02 8.42236215e-02 7.08767432e-03 1.09644580e-02 9.50834066e-03
1.49193027e+02 -1.81407640e-03 1.99191274e-02 1.43970743e-02 1.80296140e-03 1.55442765e-02 7.93857130e-03
1.51894042e+02 9.51037965e-03 8.11617696e-03 2.71689479e-02 1.66029605e-02 1.26100654e-02 1.86286135e-02
1.54598152e+02 2.02158633e-02 -9.45046407e-04 1.63978232e-02 5.08137927e-03 1.14519166e-02 3.31079582e-03
1.57301355e+02 2.39318052e-02 1.46713115e-02 4.64434565e-02 1.27742509e-02 1.84372763e-02 3.31056665e-03
1.59999839e+02 1.32121315e-02 -2.46044737e-04 8.43655383e-03 1.05243629e-02 1.68855092e-02 7.30736001e-03
1.62704230e+02 -1.82043134e-04 1.51787499e-02 -5.85186613e-03 1.52432651e-02 1.64888018e-02 8.74223695e-03
1.65409433e+02 5.05740062e-03 3.79404561e-02 -8.86076399e-03 9.09961841e-03 1.64526711e-02 1.23240406e-02
1.68090683e+02 1.16853549e-03 7.48296192e-02 2.40817994e-02 2.61738911e-02 3.52752225e-02 5.02993862e-03
1.70798527e+02 2.35977232e-02 9.67911251e-03 2.09013747e-02 1.20154913e-02 2.18497134e-02 2.94093609e-03
1.73500558e+02 1.65195088e-02 -3.14896315e-03 5.75936817e-02 1.03731037e-02 2.60122408e-02 6.58010811e-03
1.76215433e+02 7.11121590e-03 -2.97279528e-02 -7.90014193e-03 9.44118231e-03 1.93820795e-02 2.92815957e-03
1.78904527e+02 -1.08428415e-02 4.79937594e-03 5.65061288e-02 1.12615619e-02 2.78311510e-02 5.73217448e-03
1.81603824e+02 -4.83683919e-03 -2.14935034e-02 4.13083446e-02 1.80296744e-02 2.01235206e-02 9.92952221e-03
1.84309949e+02 5.91493199e-03 -5.10184257e-02 6.40172560e-02 9.38267874e-03 2.02748039e-02 7.19821656e-03
1.87008964e+02 -2.30768844e-03 -3.70197810e-02 4.74162767e-02 1.35526297e-02 2.09501996e-02 4.80088753e-03
1.89717496e+02 -2.88485796e-03 -4.28507935e-02 -3.85451186e-02 1.13343212e-02 2.17260791e-02 4.69375699e-03
1.92415308e+02 -2.57883468e-02 1.89713684e-02 3.03088067e-02 1.21418122e-02 1.92003699e-02 3.53704839e-04
1.95132683e+02 -8.69091220e-03 2.28569031e-03 -1.52746478e-02 6.72974598e-03 2.02556068e-02 5.48750876e-03
1.97833917e+02 -9.64306549e-03 1.01667226e-02 1.95727037e-02 1.34351550e-02 1.78461216e-02 2.67467961e-03
2.00532574e+02 -2.73019451e-02 -3.54741686e-02 -4.66280959e-02 1.33348541e-02 2.16863031e-02 4.66332856e-03
2.03225292e+02 -1.27813662e-02 -2.26378380e-02 -4.03998611e-03 8.52405605e-03 1.59246052e-02 7.24175828e-03
2.05934058e+02 -1.10979526e-02 -1.09887849e-02 -4.00130283e-02 3.13276053e-03 1.14569021e-02 1.33704891e-02
2.08625761e+02 -5.42000753e-03 3.81044622e-02 -1.40937500e-02 8.48659209e-03 1.15137991e-02 2.10046065e-02
2.11330589e+02 -9.45717621e-03 2.64814696e-03 2.41422002e-03 3.08810505e-03 1.19098729e-02 2.51583363e-02
2.14030542e+02 6.78050439e-03 5.14150955e-02 -1.94717241e-02 1.22139676e-02 1.07390740e-02 1.68795516e-02
2.16729214e+02 -3.28785959e-02 -1.92141769e-02 -1.97501381e-02 5.10334168e-03 1.78317208e-02 1.50003003e-02
2.19454777e+02 5.23450045e-03 -3.34270717e-02 -3.94915950e-02 1.68499351e-02 1.33045259e-02 1.42670505e-02
2.22148152e+02 2.06960088e-03 -1.36545259e-03 1.45361128e-02 7.41593422e-03 2.30309708e-02 1.51897984e-02
2.24843574e+02 -8.52392899e-04 1.71462835e-02 2.89756867e-02 1.55720566e-02 2.21687996e-02 7.77775745e-03
2.27535714e+02 -7.51743948e-03 4.77851651e-03 3.60332111e-02 5.44887496e-03 1.31029510e-02 4.05623080e-03
2.30229449e+02 -8.60064847e-03 2.48006809e-02 2.86878202e-02 1.42688466e-02 3.22484042e-02 3.10098130e-03
2.32925277e+02 1.38464826e-02 7.53573166e-04 2.10570675e-02 1.48835024e-02 1.91478679e-02 5.33258250e-03
2.35624527e+02 3.61483533e-02 1.29824119e-03 7.68719431e-02 7.03087273e-03 1.45143469e-02 7.89038066e-03
2.38323777e+02 2.64940728e-02 2.83370823e-03 1.37419559e-02 1.42636884e-02 2.37089748e-02 1.75428554e-02
2.41017605e+02 1.62599007e-02 1.06743679e-02 4.86019204e-02 1.84901718e-02 2.29244403e-02 2.98317466e-02
2.43714886e+02 2.47514972e-02 1.15320081e-02 1.20471054e-02 1.32123286e-02 1.61476604e-02 8.12790995e-03
2.46421902e+02 2.30997783e-02 8.61651058e-04 7.75502718e-02 6.64071559e-03 1.57362864e-02 8.17970801e-03
2.49128511e+02 3.04898611e-02 1.20950925e-02 4.85313847e-02 8.55367628e-03 1.64379368e-02 8.85754113e-03
2.51836636e+02 9.00481050e-03 3.67060827e-03 7.41754722e-02 1.34061083e-02 1.58106027e-02 1.06180491e-02
2.54539152e+02 1.50607393e-02 -3.21728927e-02 1.67952097e-02 7.31196012e-03 2.45073798e-02 1.62922041e-02
2.57246511e+02 -2.34220893e-03 -3.64323838e-02 2.15289463e-02 1.16143790e-02 2.11984630e-02 5.47459509e-03
2.59945746e+02 -1.27998762e-02 -2.42601397e-02 3.44033627e-02 5.87761177e-03 1.71393926e-02 1.76121335e-02
2.62649949e+02 2.13767869e-02 1.51599600e-02 -1.52095025e-02 5.66548506e-03 2.20959824e-02 1.19845776e-02
2.65344433e+02 -1.11354116e-02 -1.67423071e-02 -3.88979276e-03 4.55780826e-03 1.38937098e-02 7.94354787e-03
2.68040197e+02 -2.99425052e-02 1.27542507e-02 3.10009135e-02 9.42205033e-03 2.44900565e-02 1.95259762e-02
