6.92504900e-01 1.47349786e-02 -2.67267264e-02 5.49479476e-02 9.09805903e-03 2.28306847e-02 7.61171294e-03
3.40808412e+00 3.08774356e-02 -1.35264913e-02 1.18756492e-02 7.27329232e-03 3.04138105e-02 1.82225158e-02
6.08810100e+00 1.78149249e-02 1.06706541e-02 2.88897347e-02 4.85529186e-03 3.58509447e-02 2.25786676e-02
8.78225193e+00 2.41182987e-02 4.23690098e-02 2.89541745e-02 5.33888845e-03 3.56240702e-02 1.92126627e-02
1.14794847e+01 -1.64700079e-02 1.16198068e-02 -2.67528103e-02 4.72070296e-03 3.69149291e-02 1.37376406e-02
1.41755113e+01 3.62887349e-02 -2.87708231e-03 -7.01358791e-02 1.45294620e-02 3.12896222e-02 2.75757206e-02
1.68765863e+01 -1.17320650e-02 -7.42742647e-03 -6.56714765e-02 1.03809185e-02 3.27446209e-02 1.11523543e-02
1.95710910e+01 -1.12342412e-02 -3.20824732e-02 -3.61681627e-02 8.96136811e-03 1.92904367e-02 2.43429813e-02
2.22607785e+01 1.18777844e-02 -3.35845303e-02 -4.96109829e-02 5.90950542e-03 1.99491485e-02 9.43787416e-03
2.49597363e+01 3.86555046e-02 -5.39020430e-02 -1.47758571e-02 2.05569622e-02 2.46093712e-02 1.17137497e-02
2.76527348e+01 1.75440655e-02 1.55005825e-02 2.38370725e-02 1.69231361e-02 1.52189478e-02 1.04097007e-02
3.03515801e+01 -3.17538453e-02 -3.93888792e-02 1.84183366e-02 1.14869694e-02 1.23399276e-02 9.53154920e-03
3.30596269e+01 -3.74448952e-02 -5.97348589e-02 -8.19379409e-03 1.49794607e-02 9.30564959e-03 1.52594968e-02
3.57507566e+01 2.39544368e-02 -2.04070341e-02 5.61454684e-04 2.03013494e-02 2.11897152e-02 1.54554721e-02
3.84551426e+01 1.52774414e-02 1.33391784e-02 1.19749094e-02 1.81935681e-02 2.47800257e-02 2.42203521e-02
4.11635222e+01 4.26461612e-02 -3.84525827e-03 -3.02867782e-02 2.41985499e-02 2.60021938e-02 7.86740483e-03
4.38629879e+01 3.28313027e-02 -3.22194341e-02 -4.93935067e-02 1.80015036e-02 2.24574400e-02 2.41275865e-02
4.65596222e+01 6.01573194e-02 -9.46704971e-03 4.85073043e-03 1.70545907e-02 2.06497498e-02 1.14788226e-02
4.92625722e+01 1.56713344e-02 -6.08603264e-02 9.03473822e-03 8.16217868e-03 1.69185760e-02 1.20155325e-02
5.19703738e+01 1.48592986e-02 -1.28312920e-02 1.78566067e-02 1.69988869e-02 2.07641915e-02 5.17744934e-03
5.46812129e+01 -3.57151668e-02 -2.82594110e-02 -7.11575043e-03 1.31525105e-02 1.48303218e-02 3.20667167e-02
5.73908238e+01 -4.84558117e-02 5.06530958e-03 -3.57963635e-02 1.84300716e-02 1.83457909e-02 6.50190905e-03
6.00794644e+01 1.66523146e-02 2.51258645e-02 -1.53944016e-03 1.25238770e-02 1.85376664e-02 1.82080333e-02
6.27724285e+01 5.59287957e-02 -6.68055414e-03 -1.67487764e-02 1.67980861e-02 1.51786583e-02 5.67265320e-03
6.54643160e+01 4.74874743e-02 5.03181993e-02 -6.74272321e-03 9.95319862e-03 1.18585292e-02 1.53304831e-02
6.81608269e+01 1.59754795e-02 4.50261885e-03 -4.50220363e-02 6.37798444e-03 8.86795892e-03 8.06433305e-03
7.08625113e+01 1.28094784e-02 1.57183229e-02 -4.55583868e-02 1.59208497e-02 1.75503128e-02 8.58020796e-03
7.35648676e+01 7.38097657e-03 1.81227557e-02 -3.80272938e-02 1.73087444e-02 1.21178592e-02 7.31846556e-03
7.62705816e+01 5.03348481e-02 1.59383470e-02 -4.19006584e-02 5.94684590e-03 8.28633579e-03 6.50262584e-03
7.89699535e+01 2.69846212e-02 -2.43182675e-02 -1.74150828e-02 1.08244477e-02 1.34312052e-02 1.18674028e-02
8.16702707e+01 5.92014449e-02 1.47049115e-02 -3.54825027e-02 3.38001836e-03 8.66633847e-03 9.04826704e-03
8.43661207e+01 4.41122761e-02 -1.08375872e-02 -4.36200081e-02 7.25039727e-03 1.24075506e-02 1.09403837e-02
8.70725113e+01 1.28077786e-02 -2.57249365e-02 -1.26558668e-02 1.33970085e-02 1.39372863e-02 1.13254526e-02
8.97670441e+01 -1.35565398e-02 8.35469857e-03 1.36268145e-02 1.62008247e-02 2.14559774e-02 1.51290165e-02
9.24628051e+01 6.66228175e-04 -6.42998482e-03 1.79801748e-02 8.19408077e-03 1.94022798e-02 1.16255298e-02
9.51600472e+01 9.10896877e-02 1.94927572e-02 1.52905881e-02 1.61617695e-02 2.78404019e-02 4.87894917e-03
9.78671957e+01 7.85615273e-02 3.06298638e-02 3.77108691e-02 1.10240472e-02 1.56769396e-02 1.43157760e-02
1.00573694e+02 7.77962172e-02 2.95313542e-02 2.63631214e-02 9.61362087e-03 1.71291796e-02 1.87298996e-02
1.03267585e+02 3.45445268e-02 1.22300972e-02 5.08289824e-02 1.32859445e-02 1.26500392e-02 1.09971447e-02
1.05969179e+02 3.54772129e-02 -1.55953982e-02 2.54753316e-02 1.97832228e-02 1.52872534e-02 9.40371278e-03
1.08673382e+02 -1.45601006e-02 7.23499059e-03 -4.10126969e-02 4.89837398e-03 1.90386485e-02 6.37356347e-03
1.11374163e+02 4.16049741e-02 2.36872455e-02 -4.33344509e-02 1.33541756e-02 1.95560712e-02 1.20346731e-02
1.14077382e+02 3.19058152e-02 -6.52447764e-03 -1.61300528e-02 1.87503658e-02 2.66519478e-02 1.13618375e-02
1.16782538e+02 4.82234948e-02 3.41975815e-02 1.35967497e-02 1.80582680e-02 2.39995287e-02 9.99001420e-03
1.19481272e+02 2.68053444e-02 1.87644907e-02 2.48252984e-02 1.19481166e-02 1.99865743e-02 1.66783975e-02
1.22187178e+02 5.85013769e-02 3.50672713e-02 1.76086797e-02 1.95707573e-02 2.27577782e-02 1.37316494e-02
1.24881850e+02 6.69773569e-02 1.81061116e-02 -1.23884001e-02 1.57010746e-02 1.58809255e-02 2.12869665e-02
1.27588366e+02 1.33481561e-02 -1.95962579e-02 -1.47330350e-02 1.15017650e-02 1.33647621e-02 1.12421001e-02
1.30283178e+02 -1.16791484e-02 2.00935179e-02 3.53339260e-02 2.79598803e-02 1.35227363e-02 1.17129725e-02
1.32995272e+02 -1.39847226e-02 -1.41562835e-03 2.75865938e-03 8.03427041e-03 2.15176367e-02 1.01239155e-02
1.35705319e+02 -3.34876209e-02 2.03358477e-02 -2.73133887e-02 2.23718403e-02 2.08261061e-02 2.64568048e-02
1.38407600e+02 7.03854344e-03 7.13181176e-04 1.79933160e-02 5.89701330e-03 2.10434744e-02 6.56377205e-03
1.41116475e+02 -2.87436220e-02 -1.35110837e-02 9.18460523e-03 7.93996503e-03 2.77243195e-02 1.48814837e-02
1.43815866e+02 4.29028381e-02 -3.84303010e-03 2.75872082e-02 2.11955324e-02 2.28011290e-02 1.33466936e-02
1.46518413e+02 -2.50564729e-03 7.76393694e-03 -2.59650345e-02 9.04547796e-03 1.42586891e-02 1.27769012e-02
1.49220991e+02 6.40125687e-03 -2.54406109e-02 -5.49000191e-02 1.46069527e-02 1.10495115e-02 1.75281796e-02
1.51917944e+02 1.68057633e-02 -4.50718845e-03 -5.12136176e-02 2.72486945e-03 6.36253201e-03 3.53298702e-02
1.54620085e+02 5.12323134e-03 1.44030722e-03 8.51412046e-03 1.54116046e-03 1.82068195e-03 2.48728807e-02
1.57306053e+02 -2.73395106e-02 -1.78796892e-03 -9.97710231e-03 1.96277232e-03 1.85070950e-03 2.91186439e-02
1.60013272e+02 3.54367651e-03 1.92279816e-02 6.98314817e-03 3.58122592e-03 8.81643083e-03 2.60669540e-02
1.62714960e+02 7.11654931e-03 2.13773308e-02 -3.04215662e-02 6.05718038e-03 1.32462938e-02 1.69556652e-02
1.65408428e+02 1.95115130e-02 -8.99019006e-03 9.47181962e-04 6.62022741e-03 1.79151882e-02 2.43249719e-02
1.68113897e+02 3.59430242e-02 -2.39580218e-03 -4.42414396e-03 2.09412193e-02 1.43109503e-02 1.00275031e-02
1.70809835e+02 6.19824049e-03 -1.93731533e-02 1.62381461e-03 3.02310566e-03 6.06189742e-03 7.79019134e-03
1.73513678e+02 2.25622540e-02 1.25725703e-02 7.91263251e-02 1.21261353e-02 1.15984074e-02 1.49926181e-02
1.76221350e+02 9.47617580e-03 -1.36574992e-02 4.99352396e-02 1.25931902e-02 1.45952816e-02 1.59332088e-02
1.78923632e+02 -1.91981043e-02 9.30955990e-03 5.67189604e-02 1.21378398e-02 1.46441298e-02 1.18003706e-02
1.81629725e+02 -1.03370890e-02 -5.88306650e-03 2.53526862e-02 1.97099449e-03 1.60805453e-02 8.99708148e-03
1.84321710e+02 -3.73127670e-02 2.44988736e-02 2.94386567e-02 2.77257219e-02 3.08643313e-02 1.18237720e-02
1.87004085e+02 -4.80468400e-03 9.72348026e-03 9.53970143e-02 1.22632544e-02 3.01331139e-02 4.76764178e-03
1.89707257e+02 1.18046495e-02 -5.96000858e-03 4.36235451e-02 1.14713137e-02 2.44257475e-02 4.33293551e-03
1.92413616e+02 3.43514340e-03 -4.99592142e-03 7.70022803e-02 1.47282374e-02 2.34713413e-02 7.14838280e-03
1.95103757e+02 6.44102552e-03 -1.96605755e-02 3.08630481e-02 7.10976386e-03 1.75701901e-02 4.35083168e-03
1.97801538e+02 2.23748311e-02 3.98163551e-03 7.95043453e-02 1.23621159e-02 1.51297058e-02 1.36652769e-02
2.00501335e+02 8.91504454e-03 -1.93579943e-02 6.29122651e-02 8.04352901e-03 1.09640178e-02 1.52745905e-02
2.03205179e+02 3.23613127e-02 9.11295409e-03 6.55744579e-02 1.22775372e-02 2.34368980e-02 1.29687876e-02
2.05908491e+02 4.05104025e-02 -3.74163967e-02 6.08695144e-02 1.83865422e-02 3.20502853e-02 7.57588446e-03
2.08621725e+02 2.47348604e-02 -3.06379652e-02 6.43284774e-02 6.56134929e-03 2.25585214e-02 1.02099958e-02
2.11323397e+02 1.43904980e-02 -4.64406440e-02 3.92004711e-02 1.34040474e-02 3.24812933e-02 7.97081708e-03
2.14028100e+02 -5.58620165e-03 3.25338707e-02 1.92827480e-02 8.64062562e-03 1.93022702e-02 5.22950215e-03
2.16739319e+02 1.48780870e-02 -9.47473628e-03 4.07182573e-02 1.68369953e-02 2.03289229e-02 7.21449943e-03
2.19435132e+02 -7.63317844e-03 -1.29376598e-02 5.31158193e-02 9.50738087e-03 2.14721974e-02 1.58548046e-02
2.22147444e+02 -8.08416865e-03 -4.30221203e-02 7.36794870e-02 1.69166382e-02 1.98713235e-02 9.64295569e-03
2.24839507e+02 -2.95477424e-03 -6.98588221e-03 3.32873958e-02 1.28563276e-02 2.72414091e-02 4.14916417e-03
2.27550897e+02 5.18007417e-03 3.29650516e-04 3.64308063e-02 1.63539539e-02 2.67335762e-02 1.79701852e-02
2.30245616e+02 1.96181044e-02 -2.60420409e-03 6.06805956e-02 1.60516639e-02 1.53015727e-02 7.92985603e-03
2.32954272e+02 -2.15255444e-02 -4.39169856e-02 5.36045625e-02 4.24064922e-03 1.84758758e-02 6.81248635e-03
2.35656944e+02 9.20998312e-03 -1.42807732e-02 4.21940029e-02 9.88225943e-03 1.64550958e-02 2.23787603e-02
2.38347022e+02 -2.26010656e-02 -4.47753689e-02 5.69269209e-02 1.01652477e-02 1.84139688e-02 1.12809410e-02
2.41058116e+02 -4.36184992e-04 3.35608913e-03 7.17484809e-02 9.57211200e-03 1.84904631e-02 8.29263920e-03
2.43751257e+02 8.64222071e-03 -4.17654573e-02 4.54889084e-02 4.53209599e-03 1.40958468e-02 1.71734418e-02
2.46461569e+02 1.15894034e-02 -4.24615723e-02 4.65175046e-02 1.06110462e-02 1.97269134e-02 5.85735975e-03
2.49149975e+02 1.58549557e-02 -6.35383218e-02 3.95627147e-02 1.10977067e-02 1.57412138e-02 1.60819017e-02
2.51855241e+02 2.99193285e-02 -7.54133982e-02 8.91776122e-02 7.30880112e-03 1.19958000e-02 8.05677038e-03
2.54548428e+02 6.14872421e-04 -1.74703215e-02 1.43000567e-02 1.15090172e-02 1.38663285e-02 2.50914032e-02
2.57252210e+02 1.42706136e-02 9.03462804e-04 1.52774134e-02 6.04001138e-03 1.69891862e-02 1.36459038e-02
2.59947913e+02 1.73894448e-02 2.82260472e-02 1.66664829e-02 7.71640946e-03 1.77139232e-02 2.59995768e-02
2.62642913e+02 -1.96581943e-03 4.42213879e-02 -1.94235586e-02 1.21956224e-02 1.67458471e-02 1.19098549e-02
2.65337225e+02 -1.03278066e-02 -4.04666333e-02 2.69362802e-02 6.64933496e-03 2.18053936e-02 7.70292578e-03
2.68047908e+02 -1.70571617e-02 1.16236616e-02 3.49318700e-02 6.74681497e-03 1.73226063e-02 1.13938666e-02
