6.99233696e-01 -1.81001486e-02 2.06659611e-02 8.70403136e-03 9.31372697e-03 2.21732312e-02 1.64494258e-02
3.39602219e+00 -3.90504115e-02 -7.84125895e-03 2.95685732e-02 1.98612312e-02 3.13342608e-02 1.27216524e-02
6.08947907e+00 -2.42504583e-02 -2.08657264e-02 -2.53709357e-04 4.23224730e-03 3.11306406e-02 1.64377197e-02
8.78879485e+00 -3.73440223e-02 -5.21504832e-02 -1.27226126e-02 2.76758922e-03 2.74510453e-02 9.32876530e-03
1.14734681e+01 2.62848021e-02 2.27164722e-03 3.32605403e-02 2.88563594e-02 1.67602292e-02 2.11518753e-02
1.41575666e+01 4.60316922e-02 -1.52064239e-02 1.84645914e-02 9.19717353e-03 2.33257628e-02 9.23743205e-03
1.68600650e+01 2.15815098e-02 -3.29151201e-02 4.44801389e-02 2.65056194e-02 1.70073599e-02 1.51803076e-02
1.95614713e+01 1.55427261e-02 2.30874415e-02 8.02779962e-03 9.80084463e-03 1.96288023e-02 1.05669210e-02
2.22500478e+01 1.68261825e-02 2.71570293e-02 1.78668131e-02 1.52360673e-02 1.97070742e-02 1.59139648e-02
2.49530603e+01 9.42215621e-03 3.36692451e-02 -3.54722881e-02 1.29062304e-02 2.37143094e-02 1.66207820e-02
2.76597853e+01 1.10612237e-02 -1.39055457e-02 -6.32222579e-02 1.51851750e-02 2.17575556e-02 1.18309108e-02
3.03539884e+01 6.87107620e-02 4.60983018e-02 -7.83581320e-03 6.68176484e-03 2.27762308e-02 1.35207679e-02
3.30615884e+01 4.92621940e-02 2.79028811e-02 -3.15177106e-02 1.76665893e-02 1.36948353e-02 5.23156239e-03
3.57587588e+01 7.08710417e-02 2.79330058e-02 -2.71156094e-03 7.71510377e-03 1.69776056e-02 1.17655864e-02
3.84599384e+01 3.29268348e-02 -2.72101245e-02 1.55373412e-02 1.53840938e-02 1.14701051e-02 9.84665407e-03
4.11631728e+01 4.22785821e-02 7.82089946e-03 2.15397841e-02 9.76116668e-03 1.16690932e-02 1.07169301e-02
4.38612635e+01 -1.24015709e-02 8.17397865e-03 4.06116304e-02 9.77138458e-03 1.70555136e-02 8.00976067e-03
4.65734759e+01 -4.11926941e-02 2.29535285e-02 -5.06482604e-02 1.39972701e-02 1.53135912e-02 1.18608346e-02
4.92566056e+01 1.71939382e-02 8.29439380e-02 -2.62567566e-02 1.30598995e-02 3.14634747e-02 1.13397592e-02
5.19513666e+01 6.00120576e-02 1.64764252e-02 -3.01626666e-02 1.71483530e-02 2.35497869e-02 2.32315251e-02
5.46530759e+01 7.04595393e-02 7.07039298e-04 -1.79628862e-02 1.57450141e-02 2.57485109e-02 1.41649869e-02
5.73497619e+01 1.08725751e-01 1.54730397e-02 6.06191451e-03 1.18561335e-02 1.40003664e-02 1.23953228e-02
6.00586150e+01 4.04372347e-02 -4.37918212e-02 -3.63016473e-03 2.04387338e-02 1.77207984e-02 8.71957936e-03
6.27709134e+01 -3.00935534e-02 1.07890240e-02 -1.40252715e-02 8.14081592e-03 1.25159941e-02 1.39772475e-02
6.54678822e+01 -7.50923827e-03 2.96263178e-03 -1.98323314e-03 6.56944477e-03 1.81087748e-02 4.29871376e-03
6.81607900e+01 2.51840929e-02 4.46719528e-05 2.89423592e-02 4.78712186e-03 2.28663090e-02 1.36701647e-02
7.08555947e+01 -1.48495562e-02 -2.25959902e-02 6.48789367e-02 5.22486382e-03 1.68366198e-02 1.35326545e-02
7.35554775e+01 3.11689933e-02 -2.49746758e-03 5.42108539e-02 2.36750217e-02 1.80797544e-02 7.22667880e-03
7.62448963e+01 1.80164530e-02 -1.92099298e-02 3.26618866e-02 1.10495231e-02 1.86551430e-02 1.32233163e-02
7.89562478e+01 -4.74825276e-03 2.58643582e-02 -1.90046603e-02 1.81424373e-02 1.40906715e-02 6.04464014e-03
8.16580400e+01 3.91423565e-03 -5.76214899e-03 2.83196865e-02 1.41065652e-02 2.45371172e-02 1.82334194e-02
8.43521353e+01 2.19102387e-02 -2.38615574e-03 1.77505161e-02 7.97112581e-03 2.54598250e-02 1.43665335e-02
8.70472244e+01 2.84328710e-02 1.43487829e-02 3.09047002e-02 1.76394887e-02 2.31993526e-02 9.33284492e-03
8.97608306e+01 1.60484885e-02 1.96696239e-05 -1.01878393e-02 7.23782532e-03 1.49634120e-02 7.70467711e-03
9.24594275e+01 -8.40724157e-03 1.31185526e-04 -2.35109146e-02 1.59695703e-02 1.49465601e-02 7.81583542e-03
9.51640166e+01 -7.98878605e-03 -4.89708678e-02 -1.78221618e-02 1.42301280e-02 1.68122838e-02 1.21755319e-02
9.78602181e+01 -1.38789549e-02 -2.05555323e-02 -6.99934946e-02 9.09081175e-03 2.50597060e-02 1.18105458e-02
1.00557256e+02 1.47624996e-02 -1.09673661e-04 -8.29354625e-02 2.29285766e-02 1.96229517e-02 1.20770436e-02
1.03264631e+02 9.81030811e-03 6.37425576e-03 -9.15151611e-02 1.83985013e-02 2.26301662e-02 1.33857829e-02
1.05973256e+02 3.69492603e-03 -7.29332878e-03 -6.38455230e-02 8.04934351e-03 2.99476759e-02 1.46480084e-02
1.08673849e+02 6.90308119e-02 -2.84557431e-02 -2.80695854e-03 7.60344111e-03 2.19642144e-02 2.61694794e-02
1.11372756e+02 6.36688375e-02 -5.31904137e-02 2.66866264e-03 7.30273931e-03 2.20532641e-02 1.07367548e-02
1.14081615e+02 3.87658832e-02 -4.53900187e-03 -3.80080982e-02 7.97900676e-03 1.29388622e-02 1.42429778e-02
1.16778740e+02 2.18589926e-02 -5.27762864e-02 -4.78431400e-02 1.66582122e-02 1.45547105e-02 1.30192521e-02
1.19477599e+02 2.65626647e-02 -4.45588710e-03 -3.69244243e-02 1.96519225e-02 1.76091548e-02 1.14611643e-02
1.22186412e+02 1.17927441e-02 8.02843337e-03 -4.33365115e-02 1.82488978e-02 1.29310582e-02 1.31172552e-02
1.24893865e+02 9.03727045e-03 -3.35351741e-02 -4.95070158e-02 1.84381067e-02 1.74838703e-02 1.32255045e-02
1.27597131e+02 4.83539519e-02 -1.62754144e-02 -2.86298181e-02 1.16302558e-02 2.54772076e-02 2.56468040e-02
1.30291099e+02 6.15035374e-02 1.47738081e-02 -3.82430403e-02 5.79454578e-03 2.08418511e-02 1.04192566e-02
1.33005740e+02 1.01313424e-02 6.92288622e-03 -2.19132802e-02 1.15104585e-02 1.77168453e-02 1.92917817e-02
1.35692474e+02 4.61440930e-02 -7.12438487e-03 1.50861263e-02 4.39720503e-03 1.81067593e-02 5.55890605e-03
1.38389490e+02 4.72549058e-02 -6.33040357e-03 -1.37603810e-02 1.43580665e-02 2.48287204e-02 3.22325616e-02
1.41092178e+02 4.22474247e-02 -1.15674150e-02 -1.17288157e-02 1.38576469e-02 2.71808893e-02 1.67765755e-02
1.43781459e+02 1.93581211e-02 -4.71287725e-03 -1.03080963e-02 4.22432887e-03 2.02711922e-02 1.45502257e-02
1.46489068e+02 -2.29593096e-02 -7.66572421e-03 -5.52006185e-02 8.41124781e-03 8.17813691e-03 1.25403613e-02
1.49188803e+02 -2.24143531e-02 2.99740315e-02 -9.39510733e-03 1.97542124e-03 9.64018214e-03 8.19142031e-03
1.51881256e+02 -5.96999020e-03 1.10756336e-02 4.09631809e-02 5.35268968e-03 1.96958009e-03 9.66217358e-03
1.54588099e+02 -2.77658913e-02 1.70930023e-02 -2.14193074e-02 1.04672012e-03 8.07173338e-04 2.03966990e-02
1.57290881e+02 3.70376764e-03 4.00681990e-02 -1.28187971e-02 2.04170176e-03 3.38114234e-03 1.53001479e-02
1.59983318e+02 -2.58241098e-02 2.79959333e-02 1.73411035e-03 4.94065606e-03 1.69184629e-03 2.32640818e-02
1.62692678e+02 -6.55052502e-03 -1.20353037e-02 4.56431344e-02 6.26387398e-03 8.15162012e-03 1.71517096e-02
1.65382771e+02 -2.20630434e-02 9.87709248e-03 5.03253970e-02 1.33226267e-02 6.99909141e-03 1.09477122e-02
1.68085099e+02 -3.43179857e-02 1.68691794e-02 5.11464546e-02 4.32871390e-03 2.02155611e-02 3.51496207e-02
1.70791474e+02 -2.03439289e-02 7.05925379e-02 3.30086871e-02 2.10120239e-02 2.01514255e-02 1.80946002e-02
1.73484834e+02 -1.00916161e-02 -2.69033945e-02 2.29956369e-02 9.14328087e-03 1.82667440e-02 1.35751695e-02
1.76179678e+02 -1.15839342e-02 -1.15731384e-02 2.83290826e-02 1.37964961e-02 1.72266023e-02 1.13678708e-02
1.78875084e+02 -6.27825616e-03 -6.99506018e-03 3.72295236e-02 1.00352199e-02 2.28673971e-02 1.67913445e-02
1.81578740e+02 7.02398829e-03 9.02068562e-03 2.55826118e-02 2.17449387e-02 2.00757430e-02 8.92266134e-03
1.84283178e+02 -1.36180665e-02 -2.20596778e-02 5.72747691e-02 6.92100736e-03 2.16302877e-02 7.71068732e-03
1.86984974e+02 -1.02925373e-02 -4.04256446e-02 5.80986418e-02 1.68574371e-02 2.98581922e-02 7.80691809e-03
1.89700537e+02 6.22021496e-03 3.00661087e-02 1.99900374e-02 6.78005858e-03 2.28051535e-02 7.84522028e-03
1.92405490e+02 -1.39075061e-02 -3.61009414e-02 3.23946417e-02 8.38064016e-03 2.61144007e-02 3.23263475e-03
1.95105740e+02 -2.02603264e-02 -2.71717826e-03 3.62065793e-02 1.09453074e-02 2.03418084e-02 2.17394820e-02
1.97809349e+02 -9.43780401e-04 -6.70069033e-03 1.43883732e-02 1.37857586e-02 2.52966853e-02 9.14168021e-03
2.00512303e+02 2.91155335e-03 -1.32606163e-02 -6.45367158e-02 1.36278895e-02 1.86822445e-02 5.76981359e-03
2.03212303e+02 -2.91585579e-02 -3.02550237e-02 9.39233105e-03 1.12239833e-02 2.03089263e-02 7.44601267e-03
2.05917084e+02 -2.02404172e-02 1.79151276e-02 1.49015561e-02 6.61923462e-03 1.93447122e-02 1.23282069e-02
2.08601303e+02 -3.41563718e-02 1.58363848e-02 5.67232607e-02 1.62754890e-02 2.10958163e-02 1.33758523e-02
2.11311553e+02 -6.96428746e-03 4.94892250e-02 5.73251871e-02 5.96520434e-03 1.91743201e-02 2.73091179e-02
2.14005365e+02 -2.56319753e-02 -4.05868992e-03 7.13639512e-02 2.01045409e-02 2.15255824e-02 1.69715177e-02
2.16700193e+02 5.01521499e-03 -1.64382079e-02 6.27496506e-02 9.51173256e-03 2.62647494e-02 1.80522623e-02
2.19399381e+02 5.18946355e-03 7.61253784e-03 6.52575638e-02 1.42050078e-02 2.26012442e-02 8.52909055e-03
2.22102928e+02 -5.90850924e-03 2.08686124e-02 6.72277441e-02 7.04392992e-03 2.87057472e-02 1.39546327e-02
2.24816724e+02 8.21738755e-03 -1.96861328e-02 4.35659562e-02 1.49431698e-02 1.61602728e-02 9.72862144e-03
2.27518834e+02 1.63601129e-03 3.72372369e-03 6.78191382e-02 3.77365369e-03 1.35483749e-02 8.58097582e-03
2.30232771e+02 2.89574383e-02 -1.07108648e-03 2.97984307e-02 1.04902988e-02 2.73493229e-02 7.98536522e-03
2.32935537e+02 1.50723290e-02 3.50853751e-02 9.74376462e-03 1.92975878e-02 2.52462873e-02 1.30276111e-02
2.35635459e+02 -3.09313569e-03 4.26094058e-02 3.72342965e-02 9.09068686e-03 2.41961074e-02 1.06839141e-02
2.38340537e+02 -3.20630260e-03 1.86092649e-02 8.99607797e-03 8.57715789e-03 1.63759192e-02 2.26016978e-02
2.41035943e+02 1.37365867e-03 2.95028114e-02 2.66701347e-02 7.19037767e-03 1.74250006e-02 9.76537213e-03
2.43741240e+02 1.17101256e-02 3.83121086e-02 5.62331842e-03 1.12476872e-02 1.97239329e-02 1.38251703e-02
2.46432053e+02 -2.94811986e-02 2.84962593e-02 2.68552843e-02 9.17904036e-03 1.45287917e-02 1.26250846e-02
2.49128896e+02 -6.94655996e-03 2.59741094e-02 1.55484579e-02 8.86949054e-03 2.12577236e-02 1.01894215e-02
2.51817271e+02 -1.34504689e-02 2.03717553e-02 1.96154448e-02 9.86252280e-03 2.17712983e-02 1.87656225e-02
2.54517787e+02 3.18215227e-03 3.01483639e-02 3.15335167e-02 1.20792045e-02 2.36550035e-02 8.83839350e-03
2.57220740e+02 -8.57094177e-03 3.37047632e-03 6.51549130e-02 4.85780799e-03 1.60505832e-02 1.60468551e-02
2.59928053e+02 1.40912361e-02 -3.61084642e-02 2.17621919e-02 8.45683060e-03 1.46704364e-02 1.65312263e-02
2.62625943e+02 -3.96197871e-02 -1.50141268e-02 4.19526654e-02 5.20066613e-03 1.81797643e-02 1.35804762e-02
2.65332115e+02 -8.29206795e-02 2.43664197e-02 5.90592801e-03 1.66925468e-02 1.74932087e-02 2.34819378e-02
2.68018716e+02 -4.45274982e-02 2.87761566e-04 3.06312731e-02 6.50502208e-03 3.63601376e-02 1.22682471e-02
