6.94341368e-01 -1.33579334e-02 -6.00966087e-03 -3.10384719e-02 1.04273308e-02 3.34358627e-02 1.53914867e-02
3.38764702e+00 -3.10262601e-02 2.46841680e-02 1.51736340e-03 4.23824462e-03 2.73454538e-02 1.10696848e-02
6.07755405e+00 4.41694336e-02 3.83880480e-04 4.52736880e-03 8.70478389e-04 2.34194107e-02 7.57644219e-03
8.77588390e+00 4.23080216e-03 1.25547081e-02 1.82298569e-02 8.24545659e-03 1.69242418e-02 1.26930695e-02
1.14750786e+01 3.72679658e-02 -1.58790559e-02 3.94841593e-03 1.74530677e-02 2.59968680e-02 7.75008743e-03
1.41723880e+01 -4.63383324e-02 -2.76978627e-02 -1.38628535e-02 7.21103825e-03 2.93196260e-02 1.27016374e-02
1.68613536e+01 1.03917057e-02 1.72377672e-02 -2.10818571e-03 1.90530228e-02 1.36797726e-02 1.76950704e-02
1.95544239e+01 2.39304633e-02 3.07492418e-02 -2.26120955e-02 1.49037193e-02 1.73222479e-02 7.56743971e-03
2.22521255e+01 4.49691287e-02 3.82073887e-02 -1.91542381e-02 1.55196913e-02 1.51332099e-02 1.49390799e-02
2.49515973e+01 1.34835019e-02 5.83343687e-02 -4.07372617e-02 1.07227707e-02 1.30985442e-02 6.45933061e-03
2.76606223e+01 -9.90356789e-03 2.80644958e-02 -3.07404130e-03 1.23339376e-02 2.23051400e-02 1.37931974e-02
3.03683614e+01 1.59324583e-02 1.39684827e-02 2.42730364e-02 1.25662319e-02 2.89967147e-02 9.72282741e-03
3.30715520e+01 1.42776095e-03 1.49013009e-02 6.04661891e-02 2.80520233e-02 1.43043232e-02 7.91308316e-03
3.57746333e+01 -1.09180318e-02 4.96524582e-03 1.87977774e-02 2.29134551e-03 1.27093538e-02 1.21565386e-02
3.84719364e+01 -4.62130641e-03 6.52352652e-02 -2.47741828e-02 1.43278201e-02 1.08673216e-02 9.25590009e-03
4.11632176e+01 5.30342607e-03 -6.69506744e-03 -3.44327551e-03 1.53399945e-02 1.46096663e-02 2.28694698e-02
4.38631317e+01 6.41894479e-03 -2.14957233e-02 -2.48899777e-02 8.03260702e-03 1.60322268e-02 1.37087277e-02
4.65642161e+01 2.43309861e-02 -1.88874239e-02 -5.23424829e-02 8.26869276e-03 1.71149172e-02 1.91488996e-02
4.92598348e+01 4.76948910e-02 2.20420972e-02 -1.03389250e-02 1.28057346e-02 1.84250279e-02 8.44047978e-03
5.19553661e+01 1.90779441e-02 -1.71194661e-02 3.43864288e-04 1.39698076e-02 1.76930964e-02 2.01566893e-02
5.46688489e+01 -1.92484050e-02 -5.52476024e-03 -3.14949798e-02 9.80140630e-03 1.64429613e-02 1.38174220e-02
5.73557723e+01 -3.19862083e-02 -4.00539894e-03 2.47112803e-02 1.40406275e-02 1.29634269e-02 1.43764905e-02
6.00636786e+01 2.34935711e-02 1.04775355e-03 2.37425381e-03 7.20041773e-03 1.71278816e-02 1.54249906e-02
6.27548176e+01 3.03573485e-02 -1.34391384e-02 8.66710230e-03 1.18002917e-02 1.35746900e-02 1.34299900e-02
6.54662551e+01 2.04352451e-02 -2.33884113e-02 -2.95850493e-02 1.55928580e-02 9.25504376e-03 8.35274100e-03
6.81604473e+01 2.52742424e-02 4.42532854e-03 -1.42097097e-02 1.40120956e-02 1.70758030e-02 1.51321074e-02
7.08645786e+01 -1.75110740e-03 -1.53851452e-02 -4.32790076e-02 2.00704895e-02 1.36107509e-02 1.13872109e-02
7.35637645e+01 -4.36218925e-03 -5.77672964e-03 -6.57407446e-02 1.38824447e-02 2.20035956e-02 8.87411032e-03
7.62572301e+01 -3.23626218e-02 -7.51842140e-04 -2.69151766e-02 1.18012398e-02 2.22884730e-02 2.11346833e-02
7.89566676e+01 5.23203155e-02 -3.15708405e-03 -2.49764380e-02 1.52556620e-02 2.12999071e-02 1.38103358e-02
8.16423301e+01 3.16346101e-02 -1.66308562e-02 -6.76542113e-04 2.63609350e-02 2.20449306e-02 1.22957390e-02
8.43540411e+01 2.77011709e-02 -1.99697073e-02 -5.32016934e-02 1.53342204e-02 1.66548178e-02 7.99007062e-03
8.70585708e+01 -3.00857437e-02 1.91513715e-02 -2.71665081e-02 9.02335389e-03 1.37527889e-02 1.09689922e-02
8.97524333e+01 5.78535649e-02 5.37878806e-04 -5.36542067e-03 1.87797342e-02 1.53679464e-02 1.12865222e-02
9.24493020e+01 4.33296814e-02 -4.38236158e-02 1.44860735e-02 9.68638581e-03 1.55135485e-02 4.06107428e-03
9.51461770e+01 6.95352998e-02 -2.23370061e-02 -1.81569964e-02 3.32872980e-02 1.36092413e-02 1.27801493e-02
9.78526989e+01 4.49339939e-02 1.37572468e-02 -7.11362355e-02 1.73156402e-02 2.40267467e-02 1.29839510e-02
1.00559405e+02 2.95025888e-02 1.33377664e-02 -6.07983130e-04 1.54243242e-02 2.93491478e-02 1.98489097e-02
1.03260202e+02 6.31259174e-02 1.86492493e-02 -6.88431760e-04 9.13169217e-03 2.86463815e-02 1.03882798e-02
1.05966827e+02 2.66841337e-02 3.41573285e-02 7.22349553e-03 1.97479655e-02 2.26986305e-02 1.59326765e-02
1.08666890e+02 8.31156149e-02 7.58677582e-03 2.44113755e-02 1.75117952e-02 1.93076059e-02 8.07839821e-03
1.11363561e+02 6.95026159e-02 -1.91310485e-03 -3.75015720e-04 1.49423079e-02 2.57367738e-02 2.94336319e-02
1.14072983e+02 7.15299405e-02 -3.46307301e-02 -4.35273917e-02 1.20028368e-02 2.12192220e-02 1.17872755e-02
1.16775046e+02 4.01353360e-02 -2.47167756e-02 -6.72635924e-02 1.09051175e-02 1.92041199e-02 1.15277827e-02
1.19483405e+02 2.78438743e-02 5.40310515e-03 -6.15589410e-03 1.03762968e-02 1.37130978e-02 1.39945696e-02
1.22187593e+02 4.32182158e-02 2.33334168e-02 -5.43785274e-02 1.24344681e-02 1.71474656e-02 6.67465696e-03
1.24888686e+02 5.06309830e-02 3.43859138e-02 5.63404251e-03 1.45511228e-02 2.41830102e-02 1.79853186e-02
1.27593015e+02 6.89121176e-02 4.65356888e-02 2.99559758e-02 1.60420630e-02 2.63365884e-02 7.88833957e-03
1.30314155e+02 5.86821752e-03 1.45424642e-02 -2.94645186e-02 3.72740644e-03 2.72707548e-02 1.01486100e-02
1.33006983e+02 1.69004940e-02 -1.49764601e-02 -4.96120312e-02 9.16663506e-03 2.44877820e-02 1.28386448e-02
1.35703374e+02 2.51409474e-02 -8.00410163e-03 2.32926354e-02 9.41159514e-03 2.00406084e-02 1.39070419e-02
1.38401655e+02 -3.73070589e-02 3.68049524e-03 1.50825869e-02 8.35944750e-03 1.74194753e-02 7.03077917e-03
1.41091577e+02 1.47802393e-02 9.12500147e-03 2.16149128e-02 4.78810612e-03 1.67210324e-02 1.72772354e-02
1.43790093e+02 -1.93984943e-02 1.25111795e-02 -1.26516713e-02 8.53285567e-03 2.75036357e-02 1.36991944e-02
1.46484015e+02 -1.24821285e-02 -1.67402818e-02 -3.14424722e-03 5.19757672e-03 1.25360898e-02 1.42084009e-02
1.49180999e+02 2.08985443e-02 -8.88714294e-03 -3.35396612e-02 4.99616597e-03 3.79336351e-03 7.33695905e-03
1.51877296e+02 -9.65813358e-03 -3.22292827e-02 1.39723003e-02 1.90014518e-03 8.86326634e-04 1.39654862e-02
1.54579015e+02 -1.14059008e-02 -5.03642103e-02 -9.82328919e-03 4.33717694e-03 1.82276611e-03 1.54114580e-02
1.57283390e+02 1.30853804e-02 -1.73231931e-02 1.37250007e-02 3.98370946e-03 3.12408355e-03 2.06285632e-02
1.59985858e+02 -6.58734376e-03 -3.82428831e-02 -9.63186303e-03 1.22736050e-03 5.71374394e-03 8.75892654e-03
1.62701515e+02 9.66207326e-03 -2.88053239e-02 1.36137543e-02 1.05838551e-02 1.38149686e-02 1.41776885e-02
1.65395015e+02 6.60728388e-03 1.37070945e-02 2.30896194e-02 1.71874058e-03 1.17294158e-02 2.21925997e-02
1.68088421e+02 -2.24949075e-02 2.28961874e-02 5.94765448e-02 6.89986196e-03 1.64421753e-02 1.30206383e-02
1.70775374e+02 1.41505025e-03 5.80930568e-02 8.14315710e-02 1.29346452e-02 2.52485540e-02 1.89111712e-02
1.73472015e+02 -7.80371565e-03 -2.71301331e-02 3.28505995e-02 9.97682288e-03 2.37076156e-02 2.21277651e-02
1.76177765e+02 -2.38084794e-02 -3.84680146e-02 4.35192704e-02 1.11596212e-02 2.42378899e-02 7.77387353e-03
1.78881265e+02 1.22655012e-02 -2.61873222e-02 1.53334276e-02 1.33933645e-02 3.30182726e-02 1.51842444e-02
1.81578171e+02 -5.94663293e-03 -3.72922987e-03 6.30393831e-02 1.47274084e-02 1.52880855e-02 1.75313305e-02
1.84279061e+02 -1.46298157e-02 7.17770717e-03 6.56074449e-02 3.09542438e-03 1.72914832e-02 7.28553000e-03
1.86981327e+02 3.45991007e-03 -1.04838673e-02 2.03640103e-02 6.02242829e-03 1.36582852e-02 1.07040968e-02
1.89687233e+02 -1.56849155e-02 -1.29385197e-02 6.17233555e-02 5.93957566e-03 1.49919137e-02 1.37867274e-02
1.92407640e+02 7.77313231e-03 1.22605657e-02 3.88963807e-02 6.92625519e-03 1.68043810e-02 2.24918559e-02
1.95110171e+02 9.27107169e-03 2.75712387e-02 5.26917030e-02 1.58226058e-02 2.65543455e-02 6.44536123e-03
1.97819374e+02 1.84287968e-02 3.33030922e-02 7.00455775e-02 9.75157151e-03 1.95929996e-02 5.70370556e-03
2.00520546e+02 3.04527112e-02 6.01771479e-02 5.76444597e-02 1.06758907e-02 1.80153334e-02 6.44502965e-03
2.03217577e+02 1.34612733e-02 1.87097845e-02 5.51146716e-02 1.28688028e-02 1.33599081e-02 1.93746343e-02
2.05922233e+02 9.91635783e-03 1.66687219e-02 4.73440111e-02 7.37923076e-03 1.02395819e-02 1.01350110e-02
2.08622124e+02 -2.77490373e-02 3.06738643e-02 5.98321345e-02 5.87026694e-03 1.65963687e-02 1.83650559e-02
2.11315905e+02 -1.00948651e-02 4.59580216e-02 5.84518066e-02 1.37154298e-02 1.09984994e-02 9.29916375e-03
2.14003358e+02 -1.63134977e-02 3.55386813e-03 7.53126801e-02 5.18832687e-03 1.85579060e-02 1.77506372e-02
2.16706233e+02 -1.42084079e-02 2.78094675e-02 4.85317379e-02 2.24969921e-02 2.13553238e-02 1.56303000e-02
2.19405640e+02 -7.49774971e-03 1.20317052e-03 7.94588636e-02 6.81594219e-03 1.80250850e-02 1.79099395e-02
2.22109780e+02 3.44217239e-02 -2.19337082e-02 6.25608394e-02 1.49149741e-02 2.63454609e-02 1.22990302e-02
2.24807890e+02 1.31679120e-02 -3.60014476e-02 1.20307839e-01 8.50028675e-03 2.09165610e-02 1.22921491e-02
2.27517608e+02 2.71510238e-03 -1.59032629e-02 7.02320602e-02 1.03125257e-02 1.83597266e-02 1.33653136e-02
2.30225624e+02 -2.05757267e-02 2.79312656e-02 5.37696929e-02 1.19323329e-02 3.07153834e-02 1.10237603e-02
2.32941108e+02 2.80966169e-02 3.40853148e-02 1.33219588e-02 1.69928672e-02 2.02680521e-02 1.10526597e-02
2.35635780e+02 -2.12360610e-02 -3.98296986e-03 1.77435481e-02 6.51632518e-03 2.01696855e-02 1.30909488e-02
2.38338858e+02 1.96847648e-03 5.74481403e-02 4.65330924e-02 1.82857612e-02 2.58503903e-02 1.08053764e-02
2.41031874e+02 -3.04115036e-02 1.58509324e-03 2.96711672e-02 4.99160432e-03 1.48771934e-02 1.08885115e-02
2.43729296e+02 -1.75281696e-02 6.55800403e-03 5.03203980e-02 1.86669179e-02 1.60700845e-02 2.33055665e-02
2.46423530e+02 -5.43729352e-03 1.41244568e-02 4.81315338e-02 9.52319425e-03 2.01427844e-02 1.01571266e-02
2.49118124e+02 -1.04278588e-02 3.39195735e-02 8.92802288e-02 1.52543547e-02 2.49093973e-02 1.13922038e-02
2.51818015e+02 -3.94163737e-03 8.58399677e-02 5.23065487e-02 1.49109063e-02 2.19940946e-02 9.14180178e-03
2.54518155e+02 -1.08675731e-02 4.27907616e-02 5.69133120e-02 1.05968674e-02 2.09297559e-02 1.59250801e-02
2.57212874e+02 -3.19657568e-02 2.25081755e-02 2.02723570e-02 1.18664164e-02 1.36053688e-02 5.18377008e-03
2.59932327e+02 -1.60271811e-02 5.05644169e-03 -3.86109127e-02 7.32491512e-03 1.26104040e-02 9.46205624e-03
2.62618124e+02 -5.75750835e-02 -2.84798721e-02 -1.72227701e-02 1.26917510e-02 3.25289491e-02 1.63356792e-02
2.65317968e+02 -5.98017440e-02 3.64940186e-03 -1.00201845e-02 1.57427971e-02 1.97946991e-02 9.40441908e-03
2.68016775e+02 -1.07980635e-02 2.32094005e-03 -8.64947864e-03 1.08594096e-02 3.40683285e-02 1.34289971e-02
