6.73661345e-01 -6.72100822e-03 4.56496165e-02 5.45133983e-02 6.41668399e-03 1.40899671e-02 1.30052394e-02
3.38044108e+00 -2.37274900e-02 2.89862200e-03 1.42300435e-02 6.62723299e-03 1.68601751e-02 9.58530133e-03
6.08134921e+00 -1.58363024e-02 8.95574691e-03 4.29987005e-02 1.04900981e-02 2.82518402e-02 6.26885924e-03
8.77510874e+00 -7.01424337e-03 -2.54276111e-02 2.17018920e-02 1.45468995e-02 2.27620829e-02 1.43161562e-02
1.14755189e+01 2.50723481e-02 -1.50884003e-02 4.02664742e-02 9.51977574e-03 1.87323905e-02 8.89837645e-03
1.41731126e+01 1.18906097e-02 2.39991426e-02 2.08804053e-02 5.95971833e-03 1.55612762e-02 1.49392742e-02
1.68686408e+01 4.49207865e-03 -1.22294743e-02 6.64828615e-02 7.26759228e-03 1.22855628e-02 1.58477890e-02
1.95811876e+01 2.05397619e-02 -3.03861791e-02 -1.24980687e-02 5.15240399e-03 2.36659432e-03 1.99438544e-02
2.22913126e+01 2.23143899e-02 -2.12730817e-02 -1.16017179e-02 2.58538253e-03 2.13519934e-03 1.61811303e-02
2.49969876e+01 1.46809224e-02 1.73412861e-02 -5.10941902e-02 4.90074229e-03 1.09775601e-02 1.09082010e-02
2.76907798e+01 -1.19018626e-02 -8.25835529e-03 -5.34179602e-02 9.40330660e-03 1.01485592e-02 2.08665949e-02
3.03870861e+01 1.18391349e-03 3.91851134e-02 -4.20608580e-02 6.26802074e-03 1.31845150e-02 1.22352768e-02
3.30870642e+01 -7.29673413e-03 3.84578848e-02 -1.22523222e-02 6.98822448e-03 1.64692001e-02 1.70536003e-02
3.57876314e+01 -1.84981933e-03 2.30885133e-02 -1.95599290e-02 8.83247788e-03 2.57324819e-02 1.03485194e-02
3.84890767e+01 -9.81680727e-03 3.05139001e-02 -1.71506169e-02 1.30238252e-02 2.14273576e-02 1.63305886e-02
4.11828611e+01 -4.22617607e-04 -1.13492459e-02 1.14377811e-02 9.52424675e-03 2.06161171e-02 5.22109273e-03
4.38819923e+01 -8.13590230e-03 1.44078474e-02 -5.86632961e-03 9.16796590e-03 1.58937317e-02 5.83445063e-03
4.65761376e+01 -1.00321999e-02 -4.47879520e-03 -2.80387883e-02 1.82573568e-02 2.25496393e-02 5.27975022e-03
4.92833283e+01 1.86591274e-02 -5.38228964e-04 -1.43062217e-03 1.66533296e-02 1.78980936e-02 1.66736034e-02
5.19793861e+01 -2.87930719e-02 1.00388191e-03 -2.29013783e-02 1.76443598e-02 1.90260741e-02 8.46313936e-03
5.46814705e+01 -2.37183538e-02 2.47283566e-02 -1.99082529e-02 1.20164289e-02 2.06321927e-02 1.61354895e-02
5.73809455e+01 2.17597218e-03 9.91263459e-03 -4.26719555e-03 1.04997808e-02 1.16392365e-02 9.95743378e-03
6.00934970e+01 1.29233887e-02 -3.48260465e-02 9.53662940e-03 1.41734710e-02 1.35266960e-02 1.02944677e-02
6.27968236e+01 4.36845556e-04 -2.31764611e-02 3.03616558e-02 1.48087665e-03 5.81963601e-03 7.04118406e-03
6.55100408e+01 1.01724948e-02 -1.34193494e-02 -4.96630305e-02 3.85601364e-03 4.86376226e-03 7.10847652e-03
6.82173376e+01 1.40562074e-02 1.31212032e-02 -3.91352458e-03 1.02392804e-02 1.14641799e-02 1.06609860e-02
7.09123814e+01 1.14961259e-02 2.38776518e-02 -2.97423803e-02 1.06916019e-02 1.53038776e-02 5.70259505e-03
7.36163611e+01 -1.30539869e-02 -6.47616873e-03 1.79628365e-02 5.10555336e-03 1.08837320e-02 1.12103403e-02
7.63100361e+01 2.12041297e-03 -9.24428102e-03 3.04371779e-02 1.02271014e-02 1.94891373e-02 1.84272758e-03
7.90226408e+01 -8.08908009e-03 -5.77502025e-02 5.93933882e-02 7.05458818e-03 1.49818015e-02 6.05484134e-03
8.17336126e+01 -7.59944424e-03 -2.16189851e-02 -3.45279733e-03 1.36156036e-02 1.25771823e-02 1.31386353e-02
8.44362955e+01 2.18745567e-03 5.54382908e-03 -1.65473649e-03 1.36256472e-02 1.52056202e-02 9.51563869e-03
8.71283267e+01 -4.53029151e-02 5.50542617e-03 -1.26702891e-02 6.42838253e-03 1.38327589e-02 8.75323521e-03
8.98322783e+01 1.85034814e-02 1.19671945e-02 -4.23294051e-02 1.60565768e-02 1.68256748e-02 2.03962281e-02
9.25236189e+01 -5.17829311e-03 3.78522161e-02 -5.98027087e-02 9.48411530e-03 1.29073184e-02 7.00453440e-03
9.52285392e+01 5.20601286e-03 5.19349770e-03 -9.49283910e-03 5.51268364e-03 1.72864356e-02 8.99740126e-03
9.79354533e+01 1.68003715e-02 5.76304609e-02 -3.84617140e-02 1.41844289e-02 2.88549599e-02 8.54251175e-03
1.00630224e+02 8.02644312e-03 2.35919176e-02 3.04898082e-02 1.03915898e-02 2.32212894e-02 6.26064915e-03
1.03335458e+02 2.55233926e-02 7.83250509e-03 2.62034880e-02 1.35738468e-02 1.63424050e-02 4.72289159e-03
1.06030880e+02 7.55742920e-03 6.02326477e-03 -2.24416688e-02 1.05065478e-02 3.04755456e-02 1.66805443e-03
1.08733177e+02 1.19079444e-03 -5.07743163e-03 1.90996968e-02 1.56879642e-02 2.41094671e-02 8.14603642e-03
1.11447208e+02 8.33017371e-03 -2.36265962e-02 -1.85415297e-02 1.11024208e-02 1.92009613e-02 6.88893170e-03
1.14145849e+02 4.65888522e-02 -6.87762451e-05 3.54766679e-02 8.89653938e-03 1.60744746e-02 8.12302613e-03
1.16854677e+02 3.06210665e-02 -1.77746703e-02 4.37529466e-02 1.36488675e-02 2.15739611e-02 4.34390173e-03
1.19556270e+02 1.84031408e-02 -2.25616452e-03 4.21369721e-02 1.25884506e-02 1.38385983e-02 9.56288095e-03
1.22263349e+02 -2.52963875e-03 -1.21663517e-02 -2.54170227e-02 5.02424147e-03 1.07571759e-02 8.67834111e-03
1.24954099e+02 -2.77264478e-02 -6.04465855e-03 -3.74458540e-02 6.78618798e-03 1.20831575e-02 8.64139829e-03
1.27657224e+02 -1.72242698e-02 -2.69912692e-02 1.20816675e-02 4.44785947e-03 7.82979743e-03 1.18257754e-02
1.30352849e+02 -4.26619288e-02 2.99581507e-02 -4.88473115e-02 6.39295787e-03 8.22812167e-03 1.04232784e-02
1.33044130e+02 -1.44761117e-02 5.18352789e-02 -1.50404526e-02 6.48082264e-03 7.02269988e-03 2.17415042e-02
1.35740052e+02 4.17545868e-03 5.38909157e-02 -2.69766821e-02 9.38673793e-03 1.46182554e-02 8.41014812e-03
1.38434161e+02 6.63373898e-04 2.04120643e-02 -1.97075110e-02 9.32736248e-03 6.47894506e-03 1.43748489e-02
1.41134911e+02 -2.91043992e-02 -1.05689744e-04 -4.47555909e-02 5.82588830e-03 7.31934027e-03 3.08259985e-02
1.43824911e+02 -2.58405552e-02 -1.22727428e-02 -3.75422213e-03 5.69683309e-03 8.39237226e-03 2.92043046e-02
1.46512645e+02 4.54412276e-03 -3.44064050e-02 5.15609243e-02 3.75180777e-03 3.41039914e-02 3.33699265e-02
1.49215052e+02 2.71144619e-02 -9.66318890e-03 1.66988239e-02 1.74489122e-02 2.99132083e-02 2.61887868e-02
1.51910286e+02 -4.67485019e-02 2.99514551e-03 -8.13311314e-03 2.70582658e-03 2.96427453e-02 1.54377350e-02
1.54610755e+02 -5.25745292e-02 -3.09157542e-02 -3.65962959e-02 1.31854647e-02 3.14590394e-02 2.19895619e-02
1.57303630e+02 -6.49499057e-02 7.64930225e-03 -2.87488434e-02 2.21861620e-03 3.19737005e-02 1.44541934e-02
1.59991333e+02 2.12603790e-02 5.15183691e-04 -5.95383224e-03 1.21066638e-02 2.36061597e-02 3.31634538e-02
1.62692333e+02 -2.43323227e-02 2.25389936e-02 -4.99653892e-03 2.44131696e-03 1.63787087e-02 9.03082883e-03
1.65391536e+02 1.63713176e-02 1.19122801e-02 -9.93800724e-03 4.12731474e-03 1.74569722e-02 7.50776823e-03
1.68091614e+02 -1.97580919e-02 -2.59121010e-02 4.82677208e-03 1.41441587e-02 2.08837466e-02 8.91956820e-03
1.70786145e+02 -3.10718201e-03 -2.09425834e-02 5.98862418e-02 9.41230928e-03 2.51882921e-02 8.75090718e-03
1.73485724e+02 2.62879385e-02 1.38837250e-02 4.01640241e-02 1.60547234e-02 1.67825213e-02 5.63788257e-03
1.76190099e+02 4.41774981e-02 3.12759097e-02 -1.38723849e-02 1.53630407e-02 1.91144915e-02 1.81976046e-02
1.78903317e+02 7.94565595e-03 1.46249425e-02 -3.52369059e-03 1.32796991e-02 1.81018445e-02 8.81560957e-03
1.81611020e+02 -5.80802962e-03 -3.52855457e-02 -5.82303568e-03 1.74791473e-02 1.03338438e-02 1.40885551e-02
1.84320958e+02 -3.00405552e-02 7.69130384e-04 3.86096880e-03 5.34333294e-03 1.80246803e-02 8.02057726e-03
1.87022005e+02 -6.62423811e-02 -4.42776901e-02 -1.02346327e-02 7.37762912e-03 2.32206170e-02 1.42342570e-02
1.89721802e+02 -8.19533290e-02 -2.77843921e-02 4.89678270e-02 9.39631432e-03 1.47928239e-02 1.59352754e-02
1.92415192e+02 -3.49146703e-02 3.29775001e-03 3.20668398e-02 7.13916119e-03 2.28910074e-02 2.65787313e-02
1.95110161e+02 -4.33659436e-02 1.84558181e-02 4.63276363e-02 1.58249515e-02 3.03276351e-02 1.07397273e-02
1.97809958e+02 -2.92187163e-02 3.17005726e-02 4.40695644e-02 7.03830347e-03 2.51959391e-02 1.84966849e-02
2.00507802e+02 -1.45060659e-02 2.96683145e-02 2.10648239e-02 1.27849104e-02 1.88445864e-02 1.30279819e-02
2.03208770e+02 3.54475070e-02 3.84741017e-02 4.24761191e-02 1.75221760e-02 1.57072608e-02 1.60799665e-02
2.05919583e+02 3.61804630e-02 1.49836336e-02 4.82333908e-02 8.07410631e-03 1.35709338e-02 5.42377626e-03
2.08603099e+02 2.06227223e-02 6.45745717e-03 3.84983079e-02 1.19778758e-02 1.70850381e-02 8.34145695e-03
2.11316161e+02 -3.18984738e-02 -8.19901060e-03 -6.83780991e-03 1.31289400e-02 9.83392863e-03 1.04067310e-02
2.14010552e+02 -1.72505663e-02 -1.80029155e-03 -3.62130653e-02 2.06234176e-02 1.53693669e-02 9.64043161e-03
2.16712333e+02 -1.60186775e-02 4.58880545e-02 -2.15357160e-02 8.89145549e-03 1.18288417e-02 1.57013597e-02
2.19407302e+02 -1.72086795e-02 1.79263052e-02 -7.93733613e-04 1.37058691e-02 1.78677170e-02 8.42859633e-03
2.22103364e+02 2.48645105e-02 -3.04761782e-03 -4.15429185e-03 2.47761647e-02 1.52441239e-02 1.00288440e-02
2.24817224e+02 -3.43552649e-02 5.16443259e-02 -8.24589442e-03 8.86982991e-03 1.04932264e-02 5.86740970e-03
2.27519520e+02 5.65709580e-02 -7.21093983e-03 -2.44352901e-02 2.04903980e-02 1.62889073e-02 7.83754733e-03
2.30217864e+02 3.78376959e-02 9.29665906e-03 1.93860504e-03 1.66150193e-02 1.31171147e-02 1.24615795e-02
2.32931349e+02 4.31608620e-02 2.03907233e-02 1.19541586e-02 1.12469166e-02 1.22705330e-02 8.64512049e-03
2.35630099e+02 3.34801690e-02 -5.46089820e-02 1.35272517e-02 1.79721868e-02 1.50147368e-02 7.40094963e-03
2.38339036e+02 5.20533614e-02 -2.40908231e-02 -4.21702929e-02 9.57135695e-03 1.07305494e-02 1.40989512e-02
2.41035161e+02 3.60935119e-02 -3.63756842e-02 -9.92067975e-03 1.34151527e-02 1.34953396e-02 1.30164078e-03
2.43740302e+02 2.49734823e-02 -5.15931874e-03 -8.59213496e-03 1.42487763e-02 1.04579633e-02 1.63445055e-02
2.46447458e+02 3.23053430e-02 2.12919879e-02 -1.44308800e-02 8.27553078e-03 1.50147555e-02 7.82460336e-03
2.49155255e+02 3.01603704e-03 -1.28077797e-02 -2.77379652e-02 7.22347632e-03 1.82838158e-02 2.45204875e-02
2.51852614e+02 -5.00593229e-03 -6.71922019e-03 -6.44045159e-03 1.25619709e-02 1.18760150e-02 7.33142556e-03
2.54543411e+02 4.04681040e-02 4.20507481e-02 1.30340924e-02 1.17863951e-02 1.59505812e-02 8.30355826e-03
2.57257286e+02 -4.41860152e-02 8.35886941e-04 -2.91135587e-02 1.19131303e-02 1.72606403e-02 1.15220369e-02
2.59959552e+02 -1.76264283e-02 2.43364352e-02 -6.92315033e-02 1.33781518e-02 2.17897114e-02 1.71116505e-02
2.62660599e+02 2.69079492e-02 -3.69577135e-02 -1.83725615e-03 8.47070746e-03 1.05371477e-02 2.11180392e-02
2.65350208e+02 2.34871861e-02 8.04755015e-03 5.76074665e-02 1.49121202e-02 1.41848599e-02 1.82291143e-02
2.68048030e+02 -6.18184968e-03 -2.03257330e-02 2.78530507e-02 5.72701910e-03 8.65424612e-03 2.78010093e-02
