6.80095317e-01 2.82674667e-02 2.94130705e-02 3.33855303e-02 1.41684396e-02 2.34738707e-02 9.89606225e-03
3.38452588e+00 3.90338858e-03 -4.22056119e-03 1.86816795e-02 1.18611572e-02 1.68987468e-02 5.95893885e-03
6.08521104e+00 1.35555062e-02 3.25801705e-02 1.85405165e-03 9.87226163e-03 1.81520241e-02 6.99230349e-03
8.78571729e+00 2.99411275e-03 7.65650430e-03 3.43239919e-02 6.47159160e-03 1.01430505e-02 8.91268766e-03
1.14830846e+01 -1.39457233e-02 1.77454472e-02 5.01335003e-02 3.90172653e-03 4.81393039e-03 1.09575659e-02
1.41974799e+01 2.00795044e-02 -4.80597899e-03 2.17770472e-04 4.45942520e-03 6.11355847e-03 1.42290762e-02
1.68971753e+01 3.68176128e-03 -2.24302107e-03 -1.81548525e-03 4.31880321e-03 2.46646899e-03 1.54939465e-02
1.95994049e+01 -1.51085168e-02 1.11008257e-02 1.12759079e-02 2.57179208e-03 5.59166779e-03 1.41202506e-02
2.23056831e+01 -2.57370517e-02 1.26885966e-02 -4.06215969e-03 2.31941503e-03 4.75326404e-03 1.96164331e-02
2.49936971e+01 -4.03189997e-02 3.52834943e-02 1.86088614e-02 5.19075191e-03 4.76692897e-03 8.26057004e-03
2.76858362e+01 -1.81854410e-02 -3.07959926e-03 3.73164729e-02 8.60329107e-03 1.03888639e-02 7.75794646e-03
3.03944456e+01 9.66580301e-03 6.20081967e-03 4.22070754e-02 5.21818120e-03 1.18607717e-02 8.83203209e-03
3.30863268e+01 1.10252034e-02 1.05133806e-02 -6.91524084e-03 1.28239538e-02 2.02976260e-02 9.88540890e-03
3.57932706e+01 1.20289386e-02 6.76644995e-03 -1.44559783e-02 1.16803659e-02 1.36905086e-02 1.15283670e-02
3.84943612e+01 1.05609536e-02 6.15084119e-02 -8.41502519e-03 4.02128598e-03 1.11652449e-02 9.75342180e-03
4.12001190e+01 2.06904130e-02 4.45326661e-03 -6.04944732e-03 6.48899895e-03 1.65392514e-02 1.21743648e-02
4.39092518e+01 2.50627461e-03 3.88824695e-02 -3.05655227e-02 1.74775602e-02 1.17728517e-02 1.83444114e-02
4.66042753e+01 -2.15409625e-02 5.99918581e-02 -2.14463761e-02 5.85556290e-03 1.26322473e-02 8.92260415e-03
4.93118143e+01 2.24434809e-02 3.38383390e-02 -1.28235390e-02 1.09768172e-02 1.07868705e-02 1.33051416e-02
5.19987049e+01 -2.47162391e-02 -2.83438418e-02 1.79727437e-02 6.78640615e-03 9.14963162e-03 7.43271607e-03
5.47025565e+01 2.34969469e-02 2.97852933e-02 -7.38786005e-02 7.59051054e-03 7.35764167e-03 1.36941400e-02
5.73930159e+01 5.66763779e-03 -1.30793608e-02 -3.58681432e-02 5.77972428e-03 6.70315578e-03 7.11180336e-03
6.00909049e+01 1.34576561e-02 3.75332665e-04 -1.31284671e-02 8.22138933e-03 1.21516344e-02 1.36542347e-02
6.27802284e+01 -1.03194235e-02 1.49218307e-02 -1.86383032e-02 1.17608328e-02 1.79308639e-02 9.90435434e-03
6.54835956e+01 -1.11045346e-02 -2.07915913e-02 2.69665152e-02 2.05000774e-02 2.57024902e-02 8.14043249e-03
6.81862284e+01 -1.33067353e-02 3.49283476e-02 -2.93109129e-02 1.14246303e-02 1.94183753e-02 1.12594002e-02
7.08865846e+01 1.53400351e-03 -5.62606736e-02 1.25171108e-03 8.44420205e-03 2.28878948e-02 8.47110554e-03
7.35864518e+01 1.94990004e-02 -5.19129729e-03 -4.63190844e-02 1.54870724e-02 2.88214835e-02 2.08775395e-02
7.62867268e+01 1.15529747e-02 3.18842389e-04 -5.09344081e-02 7.03146235e-03 2.24830759e-02 7.39898568e-03
7.89878003e+01 3.79468788e-02 2.76035997e-02 -4.92764433e-02 1.63231384e-02 1.72359626e-02 1.21422862e-02
8.16923393e+01 3.34055449e-02 1.08190872e-02 -7.64759886e-03 1.16151390e-02 2.14384115e-02 5.09042612e-03
8.44006565e+01 4.94523311e-02 1.06793782e-02 8.95649288e-03 2.24730041e-02 3.17072832e-02 7.88766391e-03
8.70932018e+01 3.80916263e-02 4.94569667e-03 6.96533620e-02 1.14864412e-02 1.78127922e-02 8.98578750e-03
8.98147565e+01 2.49494348e-02 1.77062251e-02 1.60501488e-02 1.01963615e-02 2.22695719e-02 8.05272380e-03
9.25123737e+01 2.04069757e-02 2.88584457e-02 2.46467435e-02 1.03956611e-02 1.74136684e-02 8.23267153e-03
9.52243659e+01 3.31327008e-02 2.55035539e-02 -5.47325428e-02 8.52114005e-03 1.65869603e-02 9.55869112e-03
9.79326331e+01 2.62967570e-02 2.12108072e-02 -3.65004317e-02 1.03535885e-02 1.64702341e-02 1.09624847e-02
1.00635089e+02 4.22719086e-03 -7.60909209e-03 2.78281355e-02 2.28174286e-03 4.76262238e-03 7.94744124e-03
1.03350949e+02 -7.48401871e-03 -2.33193306e-04 -3.33934015e-02 8.56973453e-03 1.14185687e-02 1.34271227e-02
1.06039308e+02 -1.57148239e-02 3.34491183e-02 2.21524957e-02 1.02616885e-02 1.12160196e-02 1.10082688e-02
1.08735433e+02 -1.03362950e-02 5.38505249e-03 -3.53193746e-02 1.16347353e-02 1.83178707e-02 1.83539070e-02
1.11435917e+02 -1.16001849e-02 -2.88039574e-02 -1.08187956e-02 9.52404378e-03 1.18946832e-02 1.88074780e-02
1.14131886e+02 1.18424513e-02 -1.48857271e-02 -2.58314850e-02 6.85912931e-03 8.79731525e-03 2.28956813e-02
1.16828496e+02 1.07027522e-02 -6.28396025e-02 -3.90186316e-03 1.02598734e-02 1.47670111e-02 2.57984374e-02
1.19529480e+02 2.00528513e-02 -5.74183724e-02 1.03540961e-02 5.51607157e-03 1.63942990e-02 1.11243604e-02
1.22228714e+02 -8.34824519e-03 -5.44912685e-02 2.09779820e-02 1.05759839e-02 1.89058476e-02 8.72920439e-03
1.24924246e+02 1.04522197e-02 -2.62031134e-02 1.77961155e-02 1.03658461e-02 2.42830686e-02 8.93848549e-03
1.27626027e+02 1.43749338e-02 1.19229987e-02 -4.45050188e-02 1.27020677e-02 2.50479537e-02 1.24017918e-02
1.30334855e+02 3.05921309e-02 5.39880527e-03 -2.33310162e-02 1.34463602e-02 2.51829980e-02 4.87480624e-03
1.33034542e+02 -3.57605351e-03 -1.87229330e-02 1.39035383e-02 4.69476787e-03 2.28136886e-02 4.92289010e-03
1.35731183e+02 2.03362221e-02 -1.57559172e-02 2.14644663e-02 1.93867004e-02 1.71873168e-02 9.51747399e-03
1.38424042e+02 -5.36550148e-03 1.55271469e-02 -1.23076953e-02 5.87631098e-03 1.39678894e-02 9.11868446e-03
1.41121308e+02 -1.10560116e-02 3.91017085e-02 -3.16209094e-03 7.06485949e-03 8.66577058e-03 3.13850224e-02
1.43818292e+02 -5.45635221e-03 3.41249296e-02 -4.72740074e-02 8.34394257e-03 6.67319807e-03 7.46593814e-03
1.46510746e+02 2.26515184e-03 -4.22146723e-02 2.91539397e-04 4.67813189e-03 2.60746686e-02 1.23738565e-02
1.49210496e+02 -2.84830193e-02 2.37233808e-02 -2.35269884e-03 7.80163773e-03 2.50447434e-02 3.10870948e-02
1.51902371e+02 1.24766217e-02 2.14561612e-02 1.48636293e-02 8.12643500e-03 3.32090698e-02 1.81304998e-02
1.54594761e+02 -2.50352028e-02 -4.94322019e-03 5.07459984e-02 4.10005448e-03 1.97024590e-02 2.05418488e-02
1.57302136e+02 -1.09713471e-02 -3.28239345e-03 2.31000241e-03 1.56684686e-02 2.10738440e-02 1.31631720e-02
1.59980339e+02 -1.48557012e-02 1.09335632e-02 4.12894848e-02 5.19610152e-03 1.84015304e-02 1.45348290e-02
1.62696996e+02 -3.81560217e-02 -1.84186812e-02 2.77632382e-02 9.42191879e-03 2.45514843e-02 1.23724433e-02
1.65397027e+02 -4.15299664e-02 -1.71177437e-02 -2.83745518e-02 1.56220044e-02 1.40080738e-02 3.56971826e-02
1.68089964e+02 2.43394410e-02 -2.02311086e-02 -6.37868154e-02 7.85834132e-03 1.71123505e-02 8.60423620e-03
1.70785449e+02 -2.21869189e-02 3.52636591e-02 -7.06995695e-02 1.00961941e-02 1.50106494e-02 2.17869667e-02
1.73483964e+02 -3.63907935e-02 -1.14054997e-02 -2.47340570e-02 4.86509039e-03 1.73708336e-02 1.54067592e-02
1.76182496e+02 -6.35881470e-03 -2.13003457e-02 -3.45081552e-02 1.35918122e-02 1.80367827e-02 9.85987036e-03
1.78889824e+02 -3.43821470e-02 -4.21645137e-02 6.31873517e-03 2.13046886e-02 2.22289285e-02 1.64760010e-02
1.81575589e+02 2.89011532e-02 -7.98461926e-02 1.60569601e-02 8.00696799e-03 1.30210724e-02 8.94415727e-03
1.84270527e+02 5.45885131e-02 8.33741982e-03 4.59164108e-02 8.26865437e-03 1.29990773e-02 4.50182002e-03
1.86968542e+02 4.16016392e-02 2.05161460e-02 2.59122058e-02 1.34193129e-02 1.16628446e-02 1.34496827e-02
1.89677996e+02 2.62829502e-02 -9.73814344e-03 -1.93412743e-02 7.57232413e-03 1.15092229e-02 2.75303382e-03
1.92375996e+02 3.12334051e-02 -1.06491806e-02 7.04134595e-03 1.10941712e-02 9.39943505e-03 1.59609184e-02
1.95088355e+02 1.31144311e-02 -6.66954690e-03 -3.48341994e-03 1.20787223e-02 7.57954491e-03 3.61533888e-03
1.97796933e+02 -3.50426984e-02 -3.00002482e-03 4.01835090e-03 3.23113815e-02 9.23392394e-03 2.14066440e-02
2.00500605e+02 -1.17721175e-02 2.06814122e-02 1.00792028e-02 7.72307966e-03 7.35982450e-03 5.34601532e-03
2.03200746e+02 -1.56327019e-02 2.98459193e-03 -4.66429105e-02 1.14213678e-02 1.33062358e-02 1.46382257e-02
2.05903652e+02 -1.92927117e-02 5.17406925e-02 -1.94324653e-02 4.04036326e-03 1.03810168e-02 5.33854584e-03
2.08590371e+02 -4.52574912e-02 2.98239058e-02 1.65972899e-02 1.57417509e-02 1.51288419e-02 1.53564309e-02
2.11294996e+02 -3.41841182e-02 7.02710552e-02 -1.22131398e-02 1.05919116e-02 2.00593120e-02 1.23642756e-02
2.13988996e+02 3.29402406e-02 5.67318322e-02 3.34365467e-02 1.70950458e-02 2.01633604e-02 9.77483599e-03
2.16699183e+02 2.85885838e-04 3.85724220e-02 2.97898092e-02 1.56454469e-02 1.40186702e-02 9.75142122e-03
2.19409074e+02 1.08260262e-02 9.05688479e-03 2.12729875e-02 8.67693309e-03 1.98213917e-02 1.63192461e-02
2.22107855e+02 -6.95670760e-02 7.93731033e-03 3.21120727e-02 7.91493687e-03 1.31753004e-02 6.67550949e-03
2.24812871e+02 -4.02948138e-02 2.93076693e-03 -9.99012743e-03 1.34979225e-02 1.38901396e-02 1.02029431e-02
2.27513558e+02 -6.71678532e-02 1.61925848e-02 -2.00761215e-02 8.26854145e-03 1.76050299e-02 1.16380908e-02
2.30195386e+02 -5.63296970e-04 2.00568958e-02 3.63598244e-03 6.86780035e-03 2.51067898e-02 1.31871871e-02
2.32895339e+02 -3.76516109e-02 3.71315257e-02 7.64976795e-03 1.21460535e-02 2.16687096e-02 1.88898261e-02
2.35587761e+02 -2.12523241e-02 3.22368416e-02 2.71177255e-02 9.57643588e-03 1.87804097e-02 1.69867994e-02
2.38301074e+02 -5.00735094e-02 4.82739588e-02 -5.78517969e-02 1.61229226e-02 1.54249872e-02 1.37204994e-02
2.40992292e+02 -3.88895727e-02 5.70153443e-02 -6.10561506e-03 1.60636475e-02 1.35612625e-02 8.18163822e-03
2.43703355e+02 -3.20403415e-02 2.43763782e-02 -2.70036647e-02 2.28514757e-02 1.67214282e-02 1.23185240e-02
2.46403261e+02 -2.63681523e-02 -1.29113960e-02 5.07629328e-03 8.99953198e-03 2.01988290e-02 8.89652679e-03
2.49100792e+02 8.66869857e-03 -8.05315144e-03 -5.89389971e-03 1.11861832e-02 2.00369129e-02 9.66973672e-03
2.51801152e+02 5.84981316e-04 7.70841522e-03 3.24699034e-02 1.36511728e-02 9.51253434e-03 4.02923679e-03
2.54494402e+02 9.76764053e-03 -3.80567220e-03 5.92157956e-02 2.23716129e-02 1.52203070e-02 1.99380668e-02
2.57198574e+02 3.50931436e-03 4.43734479e-03 2.37190952e-03 1.39891224e-02 1.27625310e-02 3.53770786e-03
2.59910542e+02 -1.06351586e-01 2.61016919e-02 1.74429179e-02 1.95509018e-02 1.61810695e-02 6.47520838e-03
2.62608792e+02 -4.00225022e-02 -1.42864377e-02 3.77348087e-02 4.14947487e-03 2.30455931e-02 7.50702412e-03
2.65321949e+02 4.65693741e-03 4.82993694e-02 4.73637044e-03 1.17819908e-02 1.82554030e-02 1.26209628e-02
2.68019430e+02 -5.69162815e-03 -2.39497754e-03 4.37673491e-02 1.01794102e-02 1.96383508e-02 7.35590874e-03
