6.78985988e-01 1.46759769e-02 2.22413759e-02 2.05036658e-02 1.72351551e-02 2.85772027e-02 4.47678434e-03
3.36594859e+00 1.44170262e-03 -2.71431048e-02 6.63198886e-02 1.29139087e-02 1.54680048e-02 8.66026534e-03
6.07669140e+00 6.03105221e-03 -2.92308978e-02 6.41690327e-02 4.79840536e-03 1.42559043e-02 3.76685632e-03
8.78270984e+00 2.39800839e-03 -3.27295770e-02 -6.59311500e-03 9.41842673e-03 1.10900973e-02 1.09849798e-02
1.14809358e+01 2.97387051e-02 -3.20148350e-04 -1.11141357e-02 8.20548366e-03 1.05460277e-02 1.02399942e-02
1.41899436e+01 2.97231574e-02 9.93885190e-03 2.81454945e-02 4.03035883e-03 7.18988016e-03 2.05637557e-02
1.68977170e+01 2.41132388e-02 2.98823147e-03 1.66028026e-02 3.76083949e-03 3.43673449e-03 1.07731115e-02
1.95870561e+01 1.93207755e-02 -1.95749793e-02 2.02812483e-02 2.53502091e-03 8.45567397e-04 1.35992738e-02
2.22968389e+01 4.48010604e-02 -1.03572220e-02 -2.11538255e-02 4.37354969e-03 4.72688408e-03 1.09640828e-02
2.49912264e+01 -1.66837476e-02 -9.83953152e-03 -4.54355441e-02 6.41509153e-03 5.80889476e-03 8.18465002e-03
2.76937030e+01 8.76767244e-03 2.00313891e-02 -3.65346052e-02 1.23890856e-02 1.00642402e-02 1.25253109e-02
3.03981530e+01 8.27798684e-03 -3.73894956e-03 -8.01936412e-02 8.03893715e-03 1.79323959e-02 6.67087573e-03
3.30962998e+01 -3.35327675e-03 -1.02803455e-02 -6.93029367e-02 1.66850443e-02 2.10532005e-02 2.33293322e-02
3.57988389e+01 -1.76677604e-02 -5.64973048e-02 -6.39905879e-03 2.89163048e-03 2.15270223e-02 5.53025008e-03
3.84992467e+01 1.39773065e-02 -1.57145984e-02 -5.23319652e-03 1.73353212e-02 2.01787645e-02 1.25304282e-02
4.11951498e+01 -1.66423429e-02 1.35238089e-03 -6.91949408e-03 1.27269498e-02 1.26103064e-02 9.60588503e-03
4.38980514e+01 -1.03391877e-02 -1.64955443e-02 -2.46446965e-03 6.03242416e-03 1.02511308e-02 1.13526874e-02
4.65856795e+01 -4.49458312e-03 -1.32566166e-02 -3.78526915e-02 3.71846064e-03 1.09567835e-02 1.40923351e-02
4.92933639e+01 1.22470553e-02 1.42394137e-03 -3.74537513e-02 5.90498628e-03 7.13495323e-03 8.97603454e-03
5.19803061e+01 -1.60911118e-02 4.25985656e-03 2.85230167e-02 2.13693068e-03 3.50301469e-03 1.02186429e-02
5.46807889e+01 -1.61506797e-02 -3.32615922e-02 5.69675425e-03 1.14035282e-02 9.79113218e-03 3.06627958e-03
5.73729780e+01 -1.63576740e-02 -3.77645182e-02 1.73428187e-02 6.43183788e-03 1.29106212e-02 9.53765873e-03
6.00781170e+01 -1.74240734e-02 2.58343632e-03 1.53147979e-02 8.21623596e-03 1.54764635e-02 7.83820972e-03
6.27772811e+01 -2.13137502e-02 -1.53496641e-03 -4.65265171e-02 1.65214277e-02 2.46114345e-02 7.85169643e-03
6.54721686e+01 4.80485512e-03 1.91332796e-02 -4.76600085e-02 9.43738892e-03 2.01170447e-02 3.06162388e-02
6.81679358e+01 4.21684729e-03 1.18817031e-02 2.04125286e-02 1.17321607e-02 1.76511676e-02 9.86469687e-03
7.08767061e+01 2.17335458e-02 1.40720096e-02 1.69304230e-03 9.27106448e-03 1.84169551e-02 1.39533058e-02
7.35774139e+01 2.40281294e-02 8.08741465e-03 4.08991223e-02 1.05759353e-02 1.51023707e-02 8.02648185e-03
7.62926123e+01 -6.70780113e-04 1.11956559e-02 4.74037168e-02 4.33083381e-03 9.20957842e-03 8.41695326e-03
7.89957077e+01 4.16222152e-03 -4.69122784e-02 6.37267938e-02 6.36419976e-03 1.93447346e-02 7.10680844e-03
8.16952342e+01 -2.13918915e-02 2.87695802e-02 1.72087482e-02 2.23515367e-02 1.76109383e-02 7.48038773e-03
8.44058202e+01 -2.57190153e-02 -7.85222672e-03 9.33236393e-03 1.01927878e-02 2.96851740e-02 8.26477870e-03
8.71069795e+01 4.28774230e-04 -1.71418421e-02 -8.18326753e-02 1.78198437e-02 2.85674051e-02 2.49902677e-03
8.98090358e+01 3.81857633e-03 5.53474925e-03 -4.30442155e-02 1.15725392e-02 1.39584179e-02 1.49471431e-03
9.25070498e+01 -2.63149244e-03 3.55995736e-02 5.43412651e-03 7.25761379e-03 1.68814749e-02 7.67629155e-03
9.52177842e+01 4.62808869e-03 -5.46793258e-03 -2.98254722e-02 4.77922594e-03 2.09418404e-02 5.47337501e-03
9.79157561e+01 -3.49331730e-03 -2.53714881e-02 7.46035802e-03 7.41818583e-03 1.83613053e-02 4.73630373e-03
1.00620901e+02 -6.58144446e-04 -2.71507055e-02 -1.43661559e-02 1.39592963e-02 1.43990005e-02 1.34127886e-02
1.03317323e+02 -8.93066348e-03 -1.68519783e-03 1.39028050e-02 1.02315817e-02 1.85599162e-02 1.72185116e-02
1.06017808e+02 3.18179200e-03 1.40842072e-02 5.18343719e-02 1.05953566e-02 9.91876190e-03 1.64805642e-02
1.08720511e+02 -6.81368070e-03 -4.52501031e-03 3.59338810e-03 1.24624606e-02 1.06719715e-02 1.15789335e-02
1.11424433e+02 5.87617531e-04 -7.67589916e-03 -1.23354538e-03 7.21150279e-03 9.59227287e-03 1.34364029e-02
1.14122339e+02 -2.13943761e-02 -2.64574010e-02 5.84640833e-03 6.79387139e-03 1.17296182e-02 9.07775212e-03
1.16817214e+02 -1.56096750e-02 1.83876849e-02 2.80026866e-02 7.98325126e-03 1.16419622e-02 1.57015199e-02
1.19520573e+02 -1.30626865e-02 3.41523245e-02 -9.11718778e-03 7.14296016e-03 1.39373787e-02 9.24426524e-03
1.22215823e+02 -2.19676661e-02 4.05880796e-02 -1.43281683e-02 1.24584500e-02 2.03079517e-02 9.88853744e-03
1.24930448e+02 2.40580609e-02 4.64950619e-02 -7.11021484e-02 7.77842413e-03 1.88791318e-02 1.44066552e-02
1.27625433e+02 -3.50757435e-03 1.01540085e-02 -5.88402408e-03 1.87430854e-02 2.23431128e-02 1.39680856e-02
1.30325386e+02 -6.29028433e-03 5.13635872e-02 -2.31571304e-02 1.15133326e-02 1.99097146e-02 5.02424954e-03
1.33015761e+02 -1.25552985e-02 3.28596332e-02 -4.79916486e-03 8.68937515e-03 1.99394362e-02 5.09111278e-03
1.35725526e+02 -1.11462997e-02 1.61908875e-02 -4.62666632e-02 6.01080953e-03 9.71841742e-03 6.03818242e-03
1.38428370e+02 -2.70966769e-02 -1.50225919e-02 -7.60120347e-02 7.73879991e-03 7.30746885e-03 1.16986739e-02
1.41109198e+02 -1.28313456e-02 -3.58034808e-02 -3.69740931e-03 6.20173761e-03 6.04318255e-03 1.36197912e-02
1.43804198e+02 9.12967826e-03 -3.55508888e-02 -5.42138832e-02 4.92459015e-03 7.25966625e-03 3.11879436e-02
1.46494433e+02 1.09645955e-02 -2.92359139e-02 2.20074451e-02 4.30404811e-03 2.64235299e-02 2.04622274e-02
1.49190261e+02 -2.25420386e-02 -2.72986277e-02 1.25340807e-02 1.17086325e-02 2.15873969e-02 2.58950102e-02
1.51880136e+02 -3.57459909e-02 -9.92585049e-03 6.24631482e-03 9.05053269e-03 1.96407860e-02 1.53133245e-02
1.54578792e+02 -5.98161181e-02 2.24967270e-02 -1.99315918e-02 7.63960902e-03 2.04251042e-02 1.56545751e-02
1.57270901e+02 -1.41605127e-02 1.40744417e-02 -1.72866876e-02 2.64501413e-03 3.16854078e-02 1.66498352e-02
1.59963667e+02 -4.89074402e-02 4.00689832e-03 -4.16426819e-02 7.32233715e-03 2.13117299e-02 2.93215997e-02
1.62652464e+02 -3.08361237e-03 3.24082667e-02 5.66592790e-03 1.40898315e-02 2.71274216e-02 1.59312536e-02
1.65358511e+02 1.32194879e-02 2.55251246e-02 1.09160659e-02 1.00207881e-02 2.12694519e-02 9.18853578e-03
1.68060120e+02 2.20152520e-02 5.64444972e-03 3.88228924e-02 1.09512978e-02 2.37785000e-02 2.33012242e-02
1.70765776e+02 9.24266711e-03 -2.98766815e-02 3.49112331e-02 1.92855937e-02 2.18012801e-02 1.12714063e-02
1.73465401e+02 3.63916105e-02 -9.28508280e-03 6.03144711e-03 1.95461151e-02 7.30400567e-03 8.80134279e-03
1.76155964e+02 5.56835562e-03 1.94383057e-02 1.84241642e-02 7.40892586e-03 1.53137745e-02 1.44276417e-02
1.78857886e+02 -4.43155361e-03 6.88321217e-02 7.40588311e-04 1.07143502e-02 1.62934598e-02 3.05945444e-03
1.81558745e+02 -6.78809431e-02 2.61399629e-03 1.28068680e-02 1.13769865e-02 1.47714450e-02 4.88416148e-03
1.84273573e+02 -9.20564753e-02 -1.99466403e-02 -4.09221907e-03 7.06702848e-03 1.86229984e-02 1.71247152e-02
1.86972667e+02 -7.41643469e-02 -1.17487114e-02 1.15589231e-02 8.41976349e-03 1.76305026e-02 9.84566435e-03
1.89671948e+02 -5.78237595e-02 -2.06537805e-02 -9.76973552e-03 1.68751945e-02 1.45404669e-02 5.86147051e-03
1.92382308e+02 -5.67303280e-02 3.94068376e-02 -4.07782047e-03 1.07313596e-02 1.25905587e-02 4.93045446e-03
1.95068370e+02 4.05998451e-03 1.02251012e-03 3.43873633e-02 2.55324006e-02 1.11260602e-02 1.73623595e-02
1.97773167e+02 1.89623539e-02 4.20230672e-02 -4.60630053e-03 7.31287211e-03 6.68777742e-03 2.63841415e-03
2.00473417e+02 5.53059254e-02 3.60466271e-04 3.96656693e-02 2.10523879e-02 1.21611024e-02 1.38120253e-02
2.03169605e+02 6.16823043e-02 -2.94788773e-02 3.90611802e-02 9.61597571e-03 1.10479391e-02 9.34995490e-03
2.05870355e+02 -2.45558427e-03 -4.30051221e-02 5.10175712e-02 1.64107735e-02 1.40861613e-02 2.70988920e-03
2.08581245e+02 1.97476519e-02 3.43888466e-03 -5.95969161e-04 1.70834791e-02 1.79826304e-02 1.27019017e-02
2.11279620e+02 -1.90754635e-02 2.58959928e-03 -4.33266780e-02 1.97451425e-02 2.17793764e-02 1.91532920e-02
2.13993433e+02 9.24209240e-03 -3.39555361e-02 -5.49754092e-03 1.44123158e-02 1.91618255e-02 8.48898309e-03
2.16685511e+02 2.61536260e-02 -1.21810082e-02 -1.05305856e-02 1.48292510e-02 2.29160906e-02 1.11970529e-02
2.19389370e+02 2.50574830e-02 -2.30733066e-03 -1.88676359e-02 9.51588167e-03 1.46100946e-02 1.08590307e-02
2.22079261e+02 -7.62458540e-03 -4.83667403e-02 5.35180694e-03 1.18866623e-02 1.66215603e-02 2.02144142e-02
2.24768495e+02 8.59786570e-02 4.03225980e-02 2.20937421e-02 1.45264923e-02 2.10794579e-02 1.03014579e-02
2.27473401e+02 -2.26157434e-03 -1.21097146e-02 1.65484706e-02 1.28727134e-02 1.84384538e-02 8.70578717e-03
2.30177230e+02 2.78153713e-02 -1.46682238e-02 -2.95491030e-02 8.76345472e-03 1.58538414e-02 9.76732880e-03
2.32881011e+02 -3.80616447e-02 -3.82214610e-02 -4.29661359e-02 1.22096314e-02 1.28280648e-02 1.06362192e-02
2.35572651e+02 4.62120205e-02 -5.40611007e-02 -1.08530327e-02 1.14134268e-02 1.59093506e-02 1.04148602e-02
2.38275870e+02 1.22413342e-02 -5.75061652e-02 4.78358921e-03 1.33133937e-02 1.94462476e-02 1.81040159e-02
2.40981105e+02 4.30466457e-02 -4.81739526e-02 1.08667415e-02 1.46009363e-02 1.72193520e-02 7.14563152e-03
2.43684370e+02 5.13107355e-02 -3.20194695e-02 -2.26940813e-03 1.22375665e-02 1.75867350e-02 1.16404437e-02
2.46395620e+02 2.54598771e-02 6.33425422e-04 -1.12271031e-02 1.43474574e-02 1.93219554e-02 7.92958759e-03
2.49086167e+02 3.48957205e-03 7.63263295e-03 1.84912925e-02 1.45466542e-02 1.65311448e-02 1.28639125e-02
2.51799105e+02 -3.19777944e-02 3.64646456e-04 -3.82041452e-02 1.14634393e-02 1.86099071e-02 2.04219381e-02
2.54493495e+02 4.49632261e-03 1.90924875e-02 -5.98432332e-02 2.23771732e-02 1.94938190e-02 3.33762807e-03
2.57189151e+02 4.48165479e-03 -3.11040455e-02 -4.41523409e-02 1.28370143e-02 1.87444980e-02 6.67485220e-03
2.59885073e+02 5.14844402e-03 -4.86511116e-03 -2.30666579e-02 1.51131551e-02 1.71688161e-02 1.22192961e-02
2.62583808e+02 2.13167357e-02 -2.42010997e-02 1.95275586e-02 8.56777552e-03 3.07946705e-02 1.01199378e-02
2.65285276e+02 2.57154815e-02 -5.84244916e-03 4.36699406e-02 9.30406023e-03 2.12638766e-02 1.88886561e-03
2.67994784e+02 1.25217013e-02 -2.36456176e-02 1.80673048e-02 9.41140431e-03 2.38584077e-02 1.38603973e-02
