6.72998087e-01 9.91140674e-03 5.47516106e-02 2.32782369e-02 8.57977972e-03 1.83807593e-02 2.14638520e-02
3.37844867e+00 -5.23194295e-03 6.03529500e-02 2.82795651e-02 9.46041504e-03 1.65841895e-02 1.24372314e-02
6.08046617e+00 -4.59281714e-03 1.38526142e-02 -1.17268011e-02 1.06739316e-02 1.26916038e-02 1.88859831e-02
8.78361023e+00 3.38175174e-02 -6.31641779e-03 4.59373871e-02 1.36002089e-02 2.14039357e-02 4.60360175e-03
1.14923818e+01 6.09213073e-03 -3.56102509e-02 -4.45078728e-02 8.57189711e-03 2.07774402e-02 7.88363495e-03
1.41961740e+01 3.76018012e-03 -3.98363822e-03 7.49730093e-02 1.10330388e-02 2.29370422e-02 9.67806649e-03
1.68993130e+01 -1.31991944e-02 1.95259719e-02 -2.39750394e-02 1.16909517e-02 7.77302945e-03 1.59565054e-02
1.95974677e+01 4.46171640e-03 2.12257083e-02 5.56131800e-02 6.08535212e-03 1.24723065e-02 8.31453206e-03
2.22962193e+01 3.99213414e-02 -3.02964990e-03 2.16963919e-02 9.09361880e-03 1.43756606e-02 1.67881402e-02
2.49971693e+01 3.29874781e-03 2.61470902e-02 5.31350419e-02 5.25451657e-03 9.90694629e-03 1.71360647e-02
2.76972037e+01 7.65199399e-03 3.73518068e-02 5.62878143e-02 1.28455993e-03 1.27992626e-03 7.83780113e-03
3.03983802e+01 6.60826095e-03 7.14693881e-02 4.06843316e-02 3.58840201e-03 4.27707703e-03 9.85455754e-03
3.30934630e+01 -1.18390575e-02 2.98652986e-02 -9.83611668e-03 3.90527628e-03 1.19180777e-02 1.10823604e-02
3.57821037e+01 7.40604836e-04 1.99062903e-02 -1.18405477e-02 1.25444025e-02 9.50678652e-03 1.39675117e-02
3.84760271e+01 1.28094786e-02 2.90003963e-02 -5.97106048e-03 9.48490646e-03 1.46867005e-02 6.18141921e-03
4.11732349e+01 2.21377242e-02 5.21561576e-03 -1.87668645e-02 1.39417083e-02 1.41500636e-02 3.67020446e-03
4.38759349e+01 3.34578413e-02 2.97609802e-02 -8.51908370e-03 1.17867230e-02 1.52067596e-02 6.73118070e-03
4.65822224e+01 1.22746435e-02 -5.64028951e-04 -7.18503483e-02 1.57025435e-02 1.55951467e-02 1.00760140e-02
4.92781818e+01 -2.20525470e-02 2.86436332e-02 -5.05934282e-02 9.29746914e-03 1.56178970e-02 7.71851944e-03
5.19856552e+01 6.28254424e-03 -4.76759029e-03 -8.88607877e-02 8.12508674e-03 1.57389655e-02 4.22428818e-03
5.46776474e+01 -1.78988860e-02 -1.21956105e-02 -9.97025419e-02 1.08652264e-02 2.02259769e-02 5.95750349e-03
5.73785802e+01 -4.94408555e-03 1.04577509e-02 -7.15274218e-02 6.50919119e-03 1.52404953e-02 1.55560199e-02
6.00757787e+01 1.74274762e-03 -1.08024338e-02 -9.27533867e-02 8.65114720e-03 1.71564997e-02 9.07862448e-03
6.27767115e+01 -9.12505770e-03 -4.01216643e-03 -6.80601385e-02 1.24794572e-02 2.11158932e-02 1.53229458e-02
6.54841271e+01 -1.62992015e-02 -1.90886740e-02 -6.75517394e-02 9.45296325e-03 1.93917992e-02 9.60071589e-03
6.81789912e+01 3.92970182e-03 8.62512951e-03 -3.56914856e-02 1.21731124e-02 1.44042373e-02 1.50103164e-02
7.08692255e+01 -4.62005228e-05 4.76691092e-03 -2.66073599e-02 1.08734478e-02 1.34618568e-02 2.41958390e-02
7.35695865e+01 1.48211407e-02 1.32250967e-02 -4.00850873e-02 9.64401609e-03 1.59099310e-02 1.53364781e-02
7.62730084e+01 -4.73504259e-03 -2.41605549e-02 -1.93085949e-02 1.51820229e-02 2.32222560e-02 1.54370343e-02
7.89804209e+01 6.98417821e-03 2.29003147e-02 -5.87972025e-02 8.72985964e-03 2.02173866e-02 9.37580976e-03
8.16885677e+01 1.91406670e-02 -2.01732412e-02 -5.13421501e-02 1.12370182e-02 1.67437728e-02 1.40971599e-02
8.43913552e+01 -4.65148138e-03 2.69260162e-02 -3.09814244e-02 3.78503582e-03 1.39193552e-02 1.03619073e-02
8.70834834e+01 -1.40028160e-03 2.28117698e-02 -9.62405743e-03 7.92626623e-03 1.95797264e-02 1.90623342e-02
8.97813662e+01 -1.62891050e-02 -3.26530784e-02 -6.43222775e-02 9.75500497e-03 2.67618236e-02 3.69186199e-03
9.24852365e+01 2.16672080e-03 3.63301425e-02 -5.46342156e-02 1.56142857e-02 1.47110944e-02 1.20996557e-02
9.51850677e+01 9.47106413e-03 1.88452462e-02 -6.36813369e-02 8.55259439e-03 1.79845872e-02 1.39570016e-02
9.78839849e+01 1.52897713e-02 -6.36619689e-03 -3.55117012e-02 7.34654267e-03 2.02002577e-02 1.30490486e-02
1.00586633e+02 1.25692592e-02 -2.06171172e-02 -1.51142914e-02 7.81078487e-03 1.85476724e-02 9.92251167e-03
1.03292133e+02 3.68497583e-02 7.89558796e-03 -1.97377366e-02 1.48449773e-02 1.57245471e-02 9.87108408e-03
1.05985790e+02 1.25782510e-02 -4.25484180e-03 -3.65522563e-02 1.23418996e-02 1.97884627e-02 9.24335862e-03
1.08700633e+02 2.62017526e-02 -4.42562491e-03 -1.16405145e-02 1.84516713e-02 1.50868463e-02 1.74304646e-02
1.11404493e+02 2.23201941e-02 -2.13358135e-02 -4.16850249e-02 1.58757446e-02 2.31827657e-02 1.43123725e-02
1.14107602e+02 3.11159789e-02 1.81102009e-02 -1.21325085e-02 1.22386961e-02 1.75366558e-02 1.50215359e-02
1.16804758e+02 2.30912205e-02 1.53511051e-02 -9.83309678e-03 9.10911348e-03 2.09089068e-02 1.66578945e-02
1.19499274e+02 2.79214210e-03 -4.93593312e-03 -1.61452623e-02 7.93164916e-03 2.44771799e-02 5.32001302e-03
1.22200946e+02 2.24218560e-02 -1.13541138e-02 2.73095257e-03 1.34624558e-02 2.31431025e-02 1.02990573e-02
1.24898415e+02 2.42581929e-02 1.58414881e-02 3.88087660e-03 5.71814079e-03 1.81168619e-02 1.50211827e-02
1.27601993e+02 1.68412280e-02 2.94872318e-03 -4.93720731e-02 1.10681095e-02 1.93995809e-02 1.37406401e-02
1.30294352e+02 6.74065581e-03 1.33808676e-02 -1.52099668e-02 1.17473352e-02 1.79377328e-02 1.98559118e-02
1.33001524e+02 -9.05843239e-03 -2.31484891e-02 -7.74195386e-02 7.53843757e-03 2.03276475e-02 1.32627264e-02
1.35696305e+02 -1.83123522e-04 -1.27386035e-02 -4.40050731e-02 1.26912016e-02 2.07993127e-02 1.45260560e-02
1.38398743e+02 2.61697507e-03 2.48635777e-02 -4.80325249e-02 3.25530900e-03 1.75514442e-02 9.00296993e-03
1.41095024e+02 9.64416546e-03 8.61076608e-03 -3.53688434e-02 1.24443163e-02 1.12727208e-02 1.75051669e-02
1.43796290e+02 -3.09891743e-03 -2.00220913e-02 -2.13321556e-02 8.00149311e-03 7.56360519e-03 6.64459138e-03
1.46503711e+02 -5.27081835e-02 -1.41295721e-03 -1.61612482e-03 9.42653998e-03 2.71244083e-02 1.82473685e-02
1.49184946e+02 3.35070408e-02 -3.90367956e-02 3.83401029e-02 3.72480727e-03 3.11739341e-02 1.11124172e-02
1.51883118e+02 1.19694380e-02 -2.99623428e-03 -1.07143888e-02 5.18194813e-03 2.33640786e-02 1.72851131e-02
1.54594196e+02 -1.84597232e-03 -1.66726666e-02 -1.98750100e-02 8.37204157e-03 2.72177400e-02 2.14749418e-02
1.57298915e+02 -7.56035730e-02 -2.18847212e-02 -2.79993760e-02 1.12456175e-02 3.07929646e-02 1.13961026e-02
1.59999024e+02 -4.76713390e-02 1.71203704e-03 3.08275463e-02 1.17757484e-02 3.40421590e-02 1.70843402e-02
1.62692680e+02 -3.20419703e-02 -1.61431353e-02 2.23909636e-02 1.16202858e-02 2.35783775e-02 2.20804070e-02
1.65385180e+02 -3.72614407e-02 -3.75861681e-03 1.21684834e-02 1.26712550e-02 1.91664993e-02 1.33027823e-02
1.68083165e+02 -9.43399830e-03 -2.61499399e-02 -5.18568388e-02 2.46146501e-02 1.78379636e-02 2.97717948e-02
1.70782399e+02 -2.63607513e-03 -5.86527819e-02 -3.60466203e-02 1.25606483e-02 2.17781780e-02 1.03746482e-02
1.73488993e+02 -3.04231114e-02 -2.02214621e-03 -6.90054774e-03 9.25468759e-03 1.48126639e-02 9.90316353e-03
1.76204040e+02 -4.17799707e-03 1.93568527e-02 -1.64209840e-02 1.03100875e-02 1.73879885e-02 7.54380733e-03
1.78914149e+02 -6.82030196e-02 -4.23671624e-02 -1.38654235e-02 1.44027290e-02 1.30352732e-02 8.58731727e-03
1.81619055e+02 -7.40965982e-02 -1.72676617e-02 -1.58380563e-02 1.26896376e-02 1.72945754e-02 5.20807603e-03
1.84315352e+02 -6.25142665e-02 -9.98267503e-03 -1.24521277e-02 7.27167517e-03 1.86867108e-02 1.36358584e-02
1.87012446e+02 -3.97456351e-02 -7.42114625e-03 -2.68204282e-02 9.94204696e-03 1.49250160e-02 5.63962339e-03
1.89712524e+02 -1.45080599e-02 1.54819034e-02 1.26706711e-02 1.22157530e-02 2.29935177e-02 1.82386252e-02
1.92411258e+02 -2.04726106e-05 -5.27243681e-04 -5.48400637e-03 1.69620311e-02 2.52375403e-02 2.59224288e-02
1.95117633e+02 -5.38950337e-02 3.04206081e-02 -8.82006085e-03 5.65856217e-03 1.54530515e-02 1.47593004e-02
1.97828540e+02 -5.83895267e-02 3.61947719e-02 -3.47225936e-02 9.44057385e-03 1.76506901e-02 1.81609029e-02
2.00530274e+02 -5.18786908e-02 3.29070511e-02 -5.52214485e-02 9.13820006e-03 1.40883583e-02 1.32172325e-02
2.03230618e+02 -4.96639734e-02 -6.49540558e-03 -3.22932371e-02 7.58998308e-03 1.95215017e-02 4.39267619e-03
2.05934165e+02 -3.36666826e-02 2.67042253e-02 -5.22927906e-03 8.50814166e-03 1.80841019e-02 1.46860950e-02
2.08619665e+02 -5.21688271e-03 4.82052690e-02 -2.30090896e-03 5.51269303e-03 1.83637204e-02 7.60499583e-03
2.11322524e+02 8.04527987e-04 -4.16347899e-02 5.79092677e-02 8.21155942e-03 2.12036015e-02 1.25024804e-02
2.14005680e+02 8.70850492e-03 -3.81419605e-02 2.99753694e-02 5.04712961e-03 2.44531265e-02 7.03361975e-03
2.16717352e+02 1.11579123e-02 -1.10543967e-02 7.82173737e-03 7.59745509e-03 3.02553814e-02 1.24854346e-02
2.19408774e+02 -2.31440904e-03 -2.61099258e-02 2.68793569e-02 5.79895765e-03 2.12099852e-02 1.15408858e-02
2.22101930e+02 -1.59849325e-02 3.91937664e-03 6.42263924e-02 7.34316005e-03 2.53640949e-02 1.92091432e-02
2.24808743e+02 -4.42353119e-02 -8.81272289e-03 3.33496898e-02 1.01665287e-02 2.47827179e-02 1.50060320e-02
2.27503915e+02 -7.06513638e-02 4.84292545e-02 4.29403509e-02 1.51610916e-02 2.42145495e-02 8.66918513e-03
2.30202540e+02 -5.39502875e-02 -1.74953680e-03 7.57863820e-02 1.20917503e-02 2.29200100e-02 3.31688776e-02
2.32899711e+02 -6.37767033e-02 2.27326027e-02 3.49789170e-02 1.42811547e-02 2.26481772e-02 1.12746541e-02
2.35603461e+02 -6.85311892e-02 3.87243144e-02 -1.46210846e-04 1.63891252e-02 2.82056391e-02 2.17432089e-02
2.38292790e+02 -4.53025548e-02 -1.88240772e-02 -5.80128788e-03 9.29112543e-03 2.35298655e-02 1.64158035e-02
2.40990665e+02 -2.71841755e-03 7.38141683e-03 1.10532042e-02 1.81917640e-02 2.23026852e-02 4.97687037e-03
2.43708930e+02 -6.87491081e-03 3.14503214e-02 9.20336083e-04 7.91006428e-03 1.95672577e-02 1.82855545e-02
2.46410711e+02 -1.34943929e-02 -2.81945750e-03 1.85703868e-02 1.89633680e-02 1.18214892e-02 4.54851202e-03
2.49114493e+02 -8.69802680e-04 1.23643056e-02 1.29305058e-02 1.33927070e-02 2.65627406e-02 1.50813730e-02
2.51803149e+02 5.12503746e-02 2.84176434e-03 2.57304981e-02 1.36866620e-02 2.42488236e-02 1.73468719e-02
2.54512696e+02 3.74734593e-02 -2.30642977e-02 2.39556186e-02 1.13758612e-02 1.74971588e-02 3.44353508e-03
2.57216399e+02 -1.15726005e-02 2.64494799e-02 2.78244377e-02 1.44024629e-02 2.75855909e-02 1.67768573e-02
2.59916915e+02 4.88878505e-03 -3.27094778e-02 1.58283132e-02 1.51049938e-02 2.66100495e-02 1.66857158e-02
2.62607633e+02 -9.19407608e-03 -1.08678820e-02 5.04795049e-02 9.42254530e-03 1.36413178e-02 1.64120376e-02
2.65310696e+02 -3.24793884e-02 -1.88163551e-02 5.99018480e-02 7.05780688e-03 1.35123875e-02 1.43308842e-02
2.68013980e+02 7.05308084e-03 -3.39710723e-02 2.78544963e-02 8.99688751e-03 2.02746828e-02 1.54490920e-02
