6.89357499e-01 5.50161624e-03 1.08528726e-02 8.31047164e-03 9.38334088e-03 1.83159918e-02 2.75318030e-03
3.38596989e+00 -1.73549155e-02 6.91584789e-03 7.18967449e-03 5.56884851e-03 1.94446205e-02 1.56338812e-02
6.10667004e+00 2.06780815e-02 4.42956134e-02 9.49936031e-03 1.13705772e-02 2.36876834e-02 1.88184620e-02
8.80237020e+00 4.91801080e-03 2.68568923e-02 1.76158665e-02 6.43174597e-03 1.49421454e-02 9.80380103e-03
1.15033127e+01 -4.05632497e-03 2.26448250e-02 4.94250563e-02 1.41022377e-02 1.88062435e-02 5.14851697e-03
1.42153502e+01 -2.09414565e-03 -3.37782616e-02 1.75715238e-02 1.39283890e-02 1.99851864e-02 1.65341829e-02
1.69087674e+01 -2.36249166e-02 1.20879138e-02 2.99631701e-02 1.13320424e-02 1.71408593e-02 8.56338890e-03
1.96151361e+01 -1.00876878e-02 -5.89399879e-03 -4.77475969e-03 1.98389406e-03 1.01149999e-02 1.25473741e-02
2.23118486e+01 -9.98827831e-03 -2.27338818e-02 2.07422872e-02 6.03437339e-03 1.08266218e-02 9.19449054e-03
2.50056330e+01 8.09368823e-03 -6.22340777e-03 -1.69871460e-02 6.06704964e-03 7.90162531e-03 1.45761959e-02
2.76941768e+01 -2.58992917e-02 7.66027351e-03 -3.20740280e-03 4.25585817e-03 6.63874916e-03 1.47716791e-02
3.03964221e+01 -2.49329207e-03 -2.27506143e-02 -2.44657227e-02 3.01180256e-03 1.96408827e-03 1.80408700e-02
3.30849096e+01 -4.76424665e-03 2.64698043e-02 -2.04886567e-02 1.30001977e-03 3.80134232e-03 2.93700459e-02
3.57729721e+01 -6.14098606e-03 -2.84960561e-02 -6.81972349e-03 6.47926644e-04 1.39426707e-03 1.85120701e-02
3.84728924e+01 -1.25886308e-02 -7.50534450e-03 4.73412551e-03 4.29892486e-03 2.31022765e-03 1.67469999e-02
4.11699393e+01 -2.48475331e-02 -1.41603658e-02 -3.24887007e-02 4.15045789e-03 9.38598571e-03 1.67503586e-02
4.38647814e+01 1.19628219e-02 2.31278865e-02 2.18860656e-02 1.60318036e-02 1.34937423e-02 1.10962338e-02
4.65509065e+01 3.99436934e-03 1.16910497e-02 3.72109738e-04 5.01479411e-03 1.02091374e-02 1.12747247e-02
4.92599268e+01 -9.12480708e-03 -2.15145327e-02 -7.83804528e-02 9.38471476e-03 1.98523491e-02 1.74735518e-02
5.19572049e+01 2.01812952e-02 -1.86451207e-02 -4.90932371e-02 8.20594358e-03 1.59349166e-02 1.13050613e-02
5.46505768e+01 -1.29978646e-02 2.24165990e-02 -4.45523184e-02 1.11964178e-02 2.46581975e-02 3.17623800e-02
5.73634314e+01 8.31592780e-03 5.33212670e-03 -3.10186165e-02 1.16783648e-02 1.74905324e-02 1.87110548e-02
6.00579877e+01 -2.43977389e-03 1.74153738e-02 -1.51533202e-02 1.37965883e-02 1.99695169e-02 1.48127668e-02
6.27587064e+01 -2.26805642e-02 1.84754136e-02 6.80807664e-03 9.31437662e-03 1.70027264e-02 1.23582178e-02
6.54535174e+01 -7.81793474e-03 1.34619083e-02 7.46465615e-04 1.01003373e-02 1.43061305e-02 1.00494830e-02
6.81521283e+01 -7.43913676e-03 -2.39359137e-03 -3.11657002e-03 5.93781101e-03 4.96738445e-03 1.10481291e-02
7.08534080e+01 -6.66570119e-03 -1.06478899e-02 -3.26474180e-02 7.80705787e-03 1.25735221e-02 1.12246596e-02
7.35564955e+01 8.70278660e-05 -4.23444478e-02 -1.03272333e-02 9.82172296e-03 1.87634838e-02 1.84120848e-02
7.62513596e+01 3.62066190e-03 1.21872974e-02 -1.70940876e-02 9.54187662e-03 2.01950631e-02 1.86653256e-02
7.89633096e+01 2.64391696e-02 -1.66811648e-02 -8.23623809e-03 6.76687476e-03 2.00254695e-02 1.42662660e-02
8.16572939e+01 -3.35627771e-03 2.19824732e-02 -1.31426765e-02 7.25442639e-03 1.42407571e-02 4.82759973e-03
8.43713783e+01 2.90755616e-02 4.62834336e-02 2.11704695e-02 1.06958508e-02 1.53495523e-02 2.66349245e-02
8.70779408e+01 1.51867073e-02 5.58855998e-02 -2.08660366e-02 8.90083714e-03 1.34958455e-02 7.14448949e-03
8.97725455e+01 1.80131905e-03 4.34794299e-02 -3.58989502e-02 1.03768192e-02 1.01174219e-02 8.09362226e-03
9.24832502e+01 -1.02850905e-02 1.42205114e-03 -5.63920895e-02 6.48804485e-03 1.21135543e-02 5.16939509e-03
9.51686111e+01 -1.93203227e-03 1.40298706e-02 -3.32263561e-02 1.06993044e-02 1.25820261e-02 2.01914079e-02
9.78658486e+01 1.10627690e-02 3.73010821e-03 -3.70331848e-02 7.39143067e-03 1.34614326e-02 1.94935543e-02
1.00570208e+02 1.65603777e-02 3.32233571e-02 -3.14894273e-03 7.59618091e-03 2.03530484e-02 1.17304515e-02
1.03274083e+02 2.16148240e-02 1.83745709e-02 -4.73415302e-02 9.24712846e-03 2.08571276e-02 7.88296923e-03
1.05976786e+02 5.77655435e-03 4.57992231e-02 1.42211087e-02 1.46010128e-02 2.27364105e-02 8.60880855e-03
1.08680989e+02 -1.64330613e-02 1.22520955e-02 -5.90394629e-02 1.42406361e-02 2.36523709e-02 9.65800512e-03
1.11382286e+02 -1.13863738e-02 7.20618261e-03 -4.46754875e-02 1.62538982e-02 2.87133268e-02 4.65396009e-03
1.14078489e+02 -1.49880498e-02 -3.64368541e-02 -2.57904064e-02 1.20867653e-02 2.75945241e-02 1.51270870e-02
1.16772177e+02 -1.47350563e-02 2.39742803e-04 3.97279818e-02 1.08967948e-02 2.66723486e-02 6.60864880e-03
1.19473927e+02 -9.77892848e-03 2.11545559e-02 -2.04204137e-02 1.03996979e-02 1.86373416e-02 4.90213176e-03
1.22175052e+02 8.53220184e-03 -7.16685421e-03 -4.59625955e-02 1.19457048e-02 1.36496916e-02 1.33912177e-02
1.24876489e+02 -4.07072080e-03 -5.70969801e-02 -1.15161559e-02 8.05828784e-03 1.79303155e-02 7.81277033e-03
1.27574427e+02 2.04736933e-02 -4.87474538e-02 -1.12620122e-02 1.40637724e-02 1.88242130e-02 2.07772531e-02
1.30283942e+02 6.66150022e-03 -2.59789220e-02 -3.84148977e-02 8.31118376e-03 1.88825451e-02 8.37404313e-03
1.32980302e+02 -5.50681586e-03 -2.67512560e-03 -3.74575791e-02 4.35577979e-03 2.35168028e-02 1.18993721e-02
1.35684271e+02 -1.78171206e-02 2.14418099e-02 -2.69628401e-02 1.18758657e-02 1.35816376e-02 1.17386022e-02
1.38387271e+02 -1.82065850e-02 -4.84901025e-04 -4.29843878e-02 4.51686358e-03 1.06297116e-02 1.61302755e-02
1.41074521e+02 -2.97279053e-02 -3.85221946e-02 -2.79555088e-02 6.16782291e-03 1.05210955e-02 8.72448588e-03
1.43773146e+02 -4.48085445e-02 1.31583332e-02 -3.58702280e-02 2.21946034e-03 5.40265041e-03 1.18616192e-02
1.46477052e+02 1.95405231e-02 1.48345641e-02 5.48174531e-03 2.70251818e-03 2.73989421e-02 1.38739515e-02
1.49173192e+02 -5.40519867e-02 4.53803140e-02 2.13682211e-02 7.05466219e-03 2.14653595e-02 1.77419019e-02
1.51874286e+02 -5.89493701e-02 6.68695896e-02 -2.59901457e-03 5.65816831e-03 2.73146504e-02 1.78847979e-02
1.54570911e+02 -5.53572404e-02 2.31794691e-03 -2.17791370e-02 1.15060020e-02 2.04988554e-02 1.36252364e-02
1.57269864e+02 -5.71370500e-02 -1.50508351e-02 -5.52955994e-02 1.58642091e-02 1.55715649e-02 6.61547085e-03
1.59973208e+02 -7.81407390e-02 -5.21270375e-02 -2.05563907e-02 9.73504451e-03 2.84743938e-02 1.29806341e-02
1.62659005e+02 -2.62669974e-02 -3.33470562e-02 -6.18799178e-03 1.47135696e-02 2.17223276e-02 9.65283764e-03
1.65359474e+02 -2.88155153e-02 1.81963009e-02 1.16864134e-02 9.13791840e-03 1.64996269e-02 1.74064072e-02
1.68065396e+02 -8.70271140e-03 4.53156359e-03 2.46523934e-02 9.38484697e-03 1.47608732e-02 8.73628692e-03
1.70757349e+02 -2.16846358e-02 4.17521943e-02 8.49796237e-02 7.84374809e-03 1.89443339e-02 1.28302314e-02
1.73463880e+02 -4.13160116e-04 -1.21339795e-03 7.56914098e-02 4.07075193e-03 1.31415564e-02 7.14539349e-03
1.76163802e+02 2.26377960e-02 -1.52469929e-02 1.82743815e-02 9.60347853e-03 1.74945362e-02 1.83348482e-02
1.78867302e+02 8.98811433e-03 3.05796904e-02 1.78736167e-02 8.45586057e-03 1.91654756e-02 8.00254038e-03
1.81579364e+02 -2.87469807e-02 -7.15607105e-03 1.45995773e-03 5.33852861e-03 1.56651298e-02 1.57750412e-02
1.84283583e+02 -9.23476504e-03 2.75481492e-02 -7.76020345e-03 1.57445924e-02 1.41169474e-02 1.13786552e-02
1.86989364e+02 -3.33943820e-02 -4.99540562e-02 1.95451084e-02 9.46231692e-03 1.54836504e-02 1.49954308e-02
1.89693489e+02 1.30156335e-02 -3.98292365e-02 2.11834743e-02 9.52040387e-03 1.50072954e-02 5.37434071e-03
1.92399817e+02 -9.32895900e-04 -2.54953515e-02 7.28381962e-03 2.93203975e-02 1.43896899e-02 1.33962392e-02
1.95100599e+02 6.47879244e-03 -2.58662973e-02 2.96143339e-02 8.97471138e-03 1.62518859e-02 9.87264139e-03
1.97800958e+02 5.06677900e-03 8.78941704e-03 6.41158944e-03 2.77313457e-02 1.62251286e-02 1.96462316e-02
2.00508099e+02 3.54381668e-03 2.52428955e-02 -4.16015586e-02 1.63207909e-02 7.08212035e-03 6.70960007e-03
2.03209724e+02 1.29099762e-02 3.25074902e-02 -6.15030288e-02 1.24638911e-02 1.19075912e-02 7.65506534e-03
2.05917021e+02 -4.28417122e-02 4.48830444e-03 -2.90856619e-02 1.80972423e-02 1.00837721e-02 6.31143300e-03
2.08617817e+02 -2.99591264e-02 -1.54518110e-02 -1.20220971e-02 1.77758122e-02 7.50185213e-03 8.66963499e-03
2.11315552e+02 -3.67802573e-02 5.90809188e-02 1.23672792e-02 2.36093563e-02 1.16647187e-02 8.73956253e-03
2.14029989e+02 -2.71985819e-02 8.86476394e-03 -2.74113519e-02 6.61316831e-03 1.54799477e-02 1.02822370e-02
2.16734817e+02 -5.46592063e-02 1.20203729e-03 -1.87404370e-02 1.39884605e-02 8.74094163e-03 3.98591218e-03
2.19432817e+02 -3.99666000e-02 -9.41226940e-03 -1.29947318e-02 7.81349330e-03 1.32938557e-02 1.67659757e-02
2.22140567e+02 -5.43976588e-02 2.36084752e-03 -1.68173794e-03 1.83584925e-02 1.67808294e-02 1.12211378e-02
2.24824708e+02 4.83972719e-03 1.62409276e-02 1.03924119e-02 1.56601982e-02 1.98066445e-02 1.22914167e-02
2.27531052e+02 -4.25742573e-02 -1.61649071e-02 -2.11886818e-03 1.61768842e-02 1.68718996e-02 1.57255767e-02
2.30222677e+02 -1.88076474e-02 -1.17902559e-02 5.34785079e-04 1.59009979e-02 2.18566292e-02 1.80661048e-02
2.32916271e+02 -2.96434232e-02 -2.95402134e-02 -5.96850513e-03 1.22687591e-02 1.62932304e-02 1.45918323e-02
2.35616474e+02 -6.07738766e-03 -1.06994446e-02 3.36971404e-02 7.01440673e-03 1.36779227e-02 7.89680671e-03
2.38308989e+02 -5.59714031e-02 3.96225433e-02 5.89148019e-02 1.46596826e-02 1.23992872e-02 1.36219000e-02
2.41011411e+02 -3.68273494e-02 -2.70011548e-03 5.47341776e-02 8.50124238e-03 1.66337689e-02 9.94296899e-03
2.43703192e+02 -6.77793381e-02 -1.85760077e-03 6.49949082e-03 1.62046906e-02 2.08447297e-02 1.24342848e-02
2.46409833e+02 -9.38000827e-02 -1.65751597e-02 -4.38183858e-03 1.89253724e-02 1.87546703e-02 6.84579767e-03
2.49100146e+02 -3.10917352e-02 -5.03906451e-03 6.68273513e-03 7.40981004e-03 1.98600949e-02 1.66722090e-02
2.51788349e+02 -5.95497185e-02 1.90246253e-02 1.87161984e-02 9.41278643e-03 2.54145753e-02 1.21826562e-02
2.54506442e+02 -6.07984577e-02 1.98694469e-02 1.16881284e-03 1.13364180e-02 2.42745281e-02 1.27454400e-02
2.57200177e+02 -5.12952624e-02 1.95059319e-06 -9.96065626e-03 1.20649340e-02 1.60066948e-02 1.17224249e-02
2.59902661e+02 -4.86490214e-02 1.45982190e-02 1.95335338e-02 1.59834477e-02 1.48297618e-02 9.79183456e-03
2.62609333e+02 -9.24741274e-03 -5.19013565e-02 -3.53494344e-02 6.94544707e-03 1.05940926e-02 6.56872483e-03
2.65309864e+02 -6.08905918e-03 -1.06660671e-02 -2.90286843e-02 5.69161255e-03 1.73809474e-02 1.05530155e-02
2.68001377e+02 1.11825450e-03 -2.21942437e-02 -1.37749210e-03 1.55108650e-02 1.70848359e-02 1.42334926e-02
