6.89980271e-01 2.21140664e-03 1.46946956e-02 2.27369452e-03 1.17739617e-02 1.92173990e-02 3.39851059e-03
3.38523269e+00 -1.62156163e-02 7.88932098e-04 1.47112781e-02 3.99190017e-03 2.23320111e-02 1.55012887e-02
6.10505254e+00 2.17620647e-02 4.91558546e-02 2.07861935e-02 1.41051440e-02 2.41609364e-02 1.86959196e-02
8.80300238e+00 1.01347022e-02 2.39249874e-02 1.76604772e-02 9.44560247e-03 1.43565016e-02 9.84826791e-03
1.15051757e+01 4.50374472e-03 2.42939978e-02 5.36943046e-02 1.29142789e-02 1.80708435e-02 5.64576731e-03
1.42172194e+01 -6.48450341e-03 -3.73301534e-02 1.93068527e-03 1.32641472e-02 2.04889897e-02 1.75542679e-02
1.69097475e+01 -2.57317402e-02 7.92863469e-03 3.89013455e-02 1.16718961e-02 1.33592261e-02 8.72077056e-03
1.96217257e+01 7.84108568e-03 -1.53434785e-02 -3.02092989e-03 1.63232565e-03 1.10540015e-02 1.26434876e-02
2.23131460e+01 1.14784165e-03 -2.15732220e-02 2.95716353e-02 4.86048553e-03 1.02901263e-02 8.37751845e-03
2.50074053e+01 2.28507056e-03 -4.05522939e-03 -1.32407983e-02 7.11071001e-03 1.01536802e-02 1.25708001e-02
2.76973788e+01 -2.48450425e-02 8.85711011e-03 -8.28405960e-03 4.10032251e-03 9.23154149e-03 1.63824051e-02
3.03987585e+01 -8.57283645e-03 -4.37493328e-03 -1.96126479e-02 3.55468549e-03 1.97126201e-03 1.89945815e-02
3.30890007e+01 -1.97039046e-02 2.45001576e-02 -2.01494819e-02 1.47138437e-03 2.97731941e-03 3.04066399e-02
3.57717835e+01 -1.11015732e-02 -3.67998206e-02 1.03504343e-02 7.28943579e-04 8.25804000e-04 1.96410129e-02
3.84765147e+01 -1.78076256e-02 -4.61061513e-03 -2.85563903e-03 4.60393137e-03 2.17518733e-03 1.57448784e-02
4.11746882e+01 -2.65008989e-02 -6.09619877e-03 -2.36010104e-02 4.34773009e-03 8.85433391e-03 1.57366094e-02
4.38697929e+01 1.24883330e-02 3.17986558e-02 1.80157596e-02 1.68425164e-02 1.40361111e-02 1.22282041e-02
4.65623819e+01 1.60480597e-03 9.88634564e-03 -1.78595442e-03 6.96158267e-03 1.35876601e-02 1.36349927e-02
4.92591007e+01 -1.30584502e-02 -1.15047714e-02 -7.39139777e-02 7.49377152e-03 1.97657397e-02 1.85455175e-02
5.19610225e+01 2.20433780e-02 -2.32214643e-02 -3.86623020e-02 5.87369429e-03 1.57989730e-02 1.36640398e-02
5.46575179e+01 -1.57117191e-02 7.47452033e-03 -4.47341507e-02 1.26177017e-02 1.83061906e-02 3.06204039e-02
5.73677569e+01 1.38884268e-02 1.37797428e-02 -1.53960565e-02 1.47589079e-02 1.93311547e-02 2.37011942e-02
6.00640147e+01 -9.29072316e-03 5.33471803e-03 -1.39885855e-02 1.39343393e-02 2.12846219e-02 1.36808698e-02
6.27610913e+01 -3.11603147e-02 2.18736917e-02 1.40773429e-03 8.04863855e-03 1.54940998e-02 1.19736164e-02
6.54571757e+01 -1.73068150e-02 7.33229849e-03 -4.76884044e-03 1.18659152e-02 1.58869320e-02 1.13840601e-02
6.81562897e+01 -5.49020585e-03 -7.83167317e-03 6.55761464e-03 7.29339354e-03 6.33722259e-03 1.04315673e-02
7.08624850e+01 2.24609807e-04 -1.53387613e-02 -4.04336175e-02 7.51919683e-03 1.13680729e-02 1.07663029e-02
7.35655585e+01 8.97424078e-03 -3.11330322e-02 3.60745573e-03 8.77856724e-03 1.71254335e-02 1.69577837e-02
7.62590335e+01 -9.66393856e-03 1.02777685e-02 -1.75757317e-02 8.45731285e-03 1.85297863e-02 2.10834040e-02
7.89698850e+01 1.53310044e-02 7.75984311e-04 -1.09011945e-02 8.02715183e-03 1.88198457e-02 1.61606436e-02
8.16665569e+01 8.15912531e-03 9.52816206e-03 -1.10372467e-02 6.93959753e-03 1.60129922e-02 6.97798987e-03
8.43756366e+01 2.94738587e-02 4.30572524e-02 1.29846489e-02 8.49516360e-03 1.58375046e-02 2.36571160e-02
8.70828085e+01 8.69907243e-03 4.87618520e-02 -2.71294171e-03 9.43208096e-03 1.27809705e-02 6.59681464e-03
8.97835569e+01 -6.88034406e-03 4.15156560e-02 -3.28627941e-02 9.56684965e-03 1.10208811e-02 6.92071006e-03
9.24913257e+01 -2.77791257e-03 1.41495158e-02 -5.73451459e-02 7.45033735e-03 9.14104016e-03 4.90044943e-03
9.51769460e+01 -2.91519610e-03 5.33026055e-03 -3.60646403e-02 1.03867867e-02 9.30299265e-03 1.65984147e-02
9.78752616e+01 1.63604693e-02 3.60571631e-03 -4.28910363e-02 5.43909631e-03 1.55038070e-02 1.90393773e-02
1.00583296e+02 2.33274601e-02 4.79038351e-02 -1.58561506e-02 1.18118580e-02 1.83943018e-02 1.36306608e-02
1.03281640e+02 8.09793336e-03 3.10872334e-02 -5.41187948e-02 8.02563058e-03 2.07611732e-02 8.25258026e-03
1.05984296e+02 -2.58476534e-03 5.11459314e-02 5.02287576e-03 1.17014978e-02 2.17274363e-02 6.80050439e-03
1.08696765e+02 -1.56931157e-02 1.16760268e-02 -7.61501307e-02 1.31382475e-02 1.97873772e-02 7.87910113e-03
1.11393280e+02 -8.42259612e-03 1.56067925e-03 -6.38099294e-02 1.50288917e-02 3.14883867e-02 4.48419990e-03
1.14088280e+02 -1.33224659e-02 -3.76328329e-02 -4.38170777e-02 1.38221724e-02 3.28755660e-02 1.29613437e-02
1.16786858e+02 -3.80433757e-03 -4.28844799e-03 2.59744707e-02 9.23188043e-03 2.59827538e-02 4.63636894e-03
1.19484046e+02 -1.53563656e-03 1.92270798e-02 -2.60125616e-02 7.56343722e-03 1.44346009e-02 6.44356058e-03
1.22194499e+02 8.71078280e-03 -1.43639226e-02 -5.48882276e-02 6.24513449e-03 1.50042999e-02 1.59902736e-02
1.24888187e+02 5.95293474e-04 -5.78448149e-02 -9.39956000e-03 9.60151460e-03 2.03017776e-02 6.81483605e-03
1.27590999e+02 2.63076479e-02 -4.45752743e-02 -2.03631557e-02 1.27582612e-02 1.70277739e-02 1.87971981e-02
1.30295108e+02 1.00181952e-02 -3.83815455e-02 -2.29329556e-02 7.20335007e-03 1.92676473e-02 7.94327616e-03
1.33002546e+02 -2.71359498e-03 2.59744869e-03 -5.07077989e-02 5.57792707e-03 2.23638890e-02 1.36676699e-02
1.35698655e+02 -1.63371504e-02 2.30172512e-02 -3.26648717e-02 1.35571136e-02 1.67104086e-02 1.07848244e-02
1.38400640e+02 -2.13423638e-02 -3.37592045e-03 -4.08281182e-02 5.05786898e-03 1.01815595e-02 1.87715761e-02
1.41087608e+02 -2.47112743e-02 -3.17242802e-02 -2.51816980e-02 9.27963427e-03 1.03731153e-02 7.74999927e-03
1.43784702e+02 -4.73461010e-02 1.48309087e-02 -3.83069865e-02 2.85568208e-03 6.61600957e-03 1.38610358e-02
1.46492577e+02 1.33589799e-02 7.95813340e-03 1.38584962e-03 3.07693807e-03 3.03482202e-02 1.42305488e-02
1.49187030e+02 -7.41006393e-02 2.79316014e-02 3.44067047e-02 7.25164120e-03 2.26525054e-02 1.82587866e-02
1.51888577e+02 -6.27323603e-02 5.81254949e-02 -2.84191717e-03 5.71712273e-03 3.05593674e-02 2.09516887e-02
1.54582937e+02 -5.11995914e-02 4.68241725e-03 -2.15105025e-02 1.13625792e-02 2.06981643e-02 1.37325039e-02
1.57287437e+02 -5.21073929e-02 -1.92783932e-03 -6.55995815e-02 1.94100745e-02 1.79278274e-02 8.30685827e-03
1.59984374e+02 -7.73680776e-02 -5.05049603e-02 -2.52903058e-02 9.96154432e-03 2.62343160e-02 1.17252197e-02
1.62672499e+02 -3.73004904e-02 -3.95786940e-02 -6.05345603e-03 1.41890507e-02 2.02428192e-02 8.99500225e-03
1.65370671e+02 -2.42603011e-02 1.03968387e-02 2.26728503e-02 1.22503777e-02 1.76146068e-02 1.72073035e-02
1.68081421e+02 -1.07741611e-02 8.85796650e-03 3.09893453e-02 8.44972016e-03 1.49825443e-02 8.51475280e-03
1.70776640e+02 -1.39030385e-02 3.92476817e-02 8.63981120e-02 6.96527291e-03 1.66134778e-02 1.17303803e-02
1.73477577e+02 9.96801398e-03 -1.66931043e-02 8.82086505e-02 4.25254751e-03 1.33355723e-02 7.45513593e-03
1.76180983e+02 2.08352803e-02 -2.75302364e-02 2.75313286e-02 8.13555971e-03 1.48388901e-02 1.97759392e-02
1.78886171e+02 -2.38212010e-04 2.54555813e-02 5.40577479e-03 6.88042347e-03 1.89221026e-02 8.19831709e-03
1.81600483e+02 -2.61608489e-02 3.24378569e-03 7.58116356e-04 7.01279869e-03 1.58511137e-02 1.55058591e-02
1.84302233e+02 -7.20710460e-03 2.61672293e-02 -1.43999326e-02 2.00410600e-02 1.41168196e-02 1.02475610e-02
1.87006890e+02 -3.12087777e-02 -5.92755701e-02 2.38795087e-02 1.14873357e-02 1.86625461e-02 1.42448180e-02
1.89711765e+02 -2.69766471e-03 -3.08905561e-02 3.25381778e-02 1.01271797e-02 1.75296205e-02 5.08041221e-03
1.92419874e+02 -4.35658588e-03 -2.74946600e-02 2.40952256e-02 2.72337654e-02 1.27480616e-02 1.26587939e-02
1.95123483e+02 5.31865224e-03 -3.08501225e-02 2.29141705e-02 9.08028320e-03 1.54248008e-02 1.03490031e-02
1.97820374e+02 -8.80902664e-03 6.68368749e-03 2.45456267e-02 2.72145267e-02 1.59495075e-02 2.04880779e-02
2.00528483e+02 -3.61618057e-03 2.07067127e-02 -4.20525134e-02 1.61539272e-02 8.30306431e-03 7.09931888e-03
2.03226046e+02 6.07795864e-03 3.25851532e-02 -6.45489490e-02 1.51994063e-02 1.19715466e-02 5.98523264e-03
2.05935874e+02 -4.73048465e-02 1.46570175e-02 -1.00037182e-02 1.67676967e-02 1.17090604e-02 8.69494833e-03
2.08641733e+02 -4.12122483e-02 -2.06773675e-02 -5.10978137e-03 1.74012260e-02 7.64152945e-03 8.38584092e-03
2.11336546e+02 -3.23824490e-02 4.67183429e-02 1.04126105e-02 2.34662323e-02 1.05998801e-02 8.03170180e-03
2.14048421e+02 -2.07475215e-02 1.47205589e-02 -3.59838217e-02 6.25218818e-03 1.38549324e-02 1.14983903e-02
2.16759546e+02 -5.76813735e-02 1.09781307e-02 -1.87523830e-02 1.89680494e-02 9.74853252e-03 7.12337706e-03
2.19451905e+02 -5.83487613e-02 -1.26756695e-02 -1.97635826e-02 1.14819731e-02 1.26990919e-02 1.72677667e-02
2.22165624e+02 -7.02770516e-02 1.58412514e-02 -1.93593891e-02 1.55109439e-02 1.89128079e-02 9.55386591e-03
2.24847218e+02 -2.45989931e-03 9.09429264e-04 2.55306207e-03 1.58192350e-02 1.89419162e-02 1.43948412e-02
2.27555312e+02 -3.74452091e-02 -1.39353661e-02 -1.74498148e-02 1.41225220e-02 1.84640655e-02 1.52155407e-02
2.30243374e+02 -8.16359061e-03 -1.06852467e-02 4.08476545e-04 1.57742180e-02 2.03274891e-02 1.37430829e-02
2.32938187e+02 -1.95711369e-02 -3.24545081e-02 1.43926950e-02 1.22623019e-02 1.65766096e-02 1.63444960e-02
2.35644468e+02 -9.22422312e-03 -8.45988759e-03 2.47629597e-02 6.22681794e-03 1.38220592e-02 8.59926317e-03
2.38335187e+02 -6.92049495e-02 3.67980899e-02 6.39963259e-02 1.40415850e-02 1.63665471e-02 1.48927030e-02
2.41037874e+02 -4.93158762e-02 -5.72565922e-03 4.16112632e-02 8.36405606e-03 1.89502254e-02 1.27869866e-02
2.43726546e+02 -6.47079462e-02 1.14783241e-03 2.59602040e-03 1.31131502e-02 2.28997998e-02 1.28590269e-02
2.46434921e+02 -9.06841657e-02 -1.37247032e-02 -1.14341896e-02 1.78029911e-02 1.84562909e-02 6.80400257e-03
2.49124655e+02 -4.44918394e-02 1.45104556e-02 6.72098155e-03 8.10964597e-03 2.04357726e-02 1.60490998e-02
2.51814093e+02 -6.68301532e-02 2.17523895e-02 5.54654036e-03 1.12762041e-02 2.41395684e-02 1.04790834e-02
2.54529374e+02 -6.45769820e-02 1.98644050e-02 -1.17409033e-03 1.03118348e-02 2.43452894e-02 1.23645376e-02
2.57226624e+02 -5.96461945e-02 -1.03150540e-02 1.92103569e-03 1.30049366e-02 1.94925281e-02 1.24516501e-02
2.59929577e+02 -5.87748091e-02 1.11958630e-02 2.16709866e-02 1.43298344e-02 1.22780431e-02 8.88847702e-03
2.62635905e+02 -7.38382225e-03 -5.45480581e-02 -4.04595996e-02 8.59539849e-03 1.08101215e-02 6.24985400e-03
2.65335827e+02 -1.62500640e-02 9.13428747e-03 -2.07133226e-02 7.62193725e-03 1.81340863e-02 1.08249078e-02
2.68032934e+02 1.27774092e-02 -2.96228457e-02 -4.69994239e-03 1.77848972e-02 1.71700049e-02 1.65951343e-02
