6.71577771e-01 1.59172464e-02 3.31187436e-04 4.07403771e-02 4.67258892e-03 1.04859669e-02 1.82271182e-02
3.36686062e+00 1.81991468e-02 6.56786414e-02 3.54226159e-02 1.19719010e-02 1.62952483e-02 1.21044892e-02
6.08194327e+00 1.57426475e-02 3.98373270e-02 -3.24732488e-02 5.33043871e-03 1.72382536e-02 2.58441797e-02
8.78567702e+00 -5.08955105e-03 1.76355025e-02 3.58245884e-02 1.72211933e-02 2.97040084e-02 5.70347787e-03
1.14864269e+01 1.32809585e-02 -3.64369945e-02 -3.19205944e-02 1.71270937e-02 1.38453302e-02 9.78559281e-03
1.41930237e+01 3.83822154e-02 -5.51135054e-03 5.31324927e-02 9.48596902e-03 1.93741859e-02 7.31035564e-03
1.68930128e+01 2.36194751e-03 2.78317263e-02 -3.22693077e-02 7.89212462e-03 1.28474892e-02 2.80517748e-02
1.96015862e+01 8.97921148e-03 2.62075998e-02 4.07268069e-02 7.15035894e-03 1.71461416e-02 1.31151777e-02
2.22914472e+01 -3.52156791e-03 2.01770964e-02 4.95510562e-02 7.38517016e-03 1.31656896e-02 1.37680574e-02
2.49991097e+01 7.11626094e-03 4.00444280e-02 5.99462443e-02 7.14260341e-03 8.26351744e-03 1.05167430e-02
2.76925597e+01 -6.86928493e-03 6.47405676e-02 4.28354297e-02 1.46473365e-03 2.54631341e-03 1.25230396e-02
3.03921878e+01 4.22257515e-03 7.16775257e-02 2.89383298e-02 2.30777413e-03 2.22656792e-03 2.95847164e-03
3.30785987e+01 -2.21066836e-02 2.33873491e-02 -4.49917382e-02 5.12508712e-03 6.79419428e-03 1.69220947e-02
3.57876269e+01 1.71495068e-03 5.17158370e-02 -9.04025407e-03 1.15340433e-02 2.11066727e-02 1.02280151e-02
3.84756066e+01 1.24969027e-02 4.32592421e-02 -7.20807399e-02 7.79753218e-03 1.04513597e-02 7.67792313e-03
4.11686612e+01 1.03264451e-02 3.66230820e-03 6.85549244e-03 7.62945008e-03 1.36970972e-02 1.31127384e-02
4.38738206e+01 3.35283685e-02 2.10164680e-02 1.28674704e-02 1.00020798e-02 1.58197501e-02 6.66133069e-03
4.65785519e+01 6.39850678e-04 1.73656320e-02 -5.39652667e-02 1.22346820e-02 1.59926995e-02 1.12029091e-02
4.92890925e+01 -1.16686398e-02 -1.23196269e-02 -6.61601080e-02 9.33378080e-03 1.75276316e-02 8.83083799e-03
5.19857597e+01 -4.34528853e-03 -1.79406765e-02 -6.50256780e-02 1.13724584e-02 1.37904194e-02 9.01112119e-03
5.46661222e+01 -2.82389103e-02 6.78351035e-03 -4.91279502e-02 1.01506301e-02 1.56751258e-02 1.44910828e-02
5.73766737e+01 1.88876660e-02 2.72661817e-02 -7.71590902e-02 9.08367678e-03 1.14783101e-02 1.55764266e-02
6.00678894e+01 -1.70260424e-02 1.42455041e-02 -9.20420346e-02 1.04453124e-02 1.89385052e-02 6.74297901e-03
6.27719581e+01 -1.57803260e-02 -2.15589986e-02 -5.15185169e-02 1.21805410e-02 1.77626680e-02 1.26796481e-02
6.54759409e+01 -3.59946887e-03 -1.01261030e-02 -5.97775386e-02 1.08925291e-02 1.20790532e-02 1.39468083e-02
6.81692206e+01 -1.03562193e-02 1.42812520e-02 -1.47420050e-02 7.77545082e-03 1.77260065e-02 2.25950417e-02
7.08735206e+01 -2.41822740e-03 -1.12418105e-02 -8.90256125e-02 1.31480914e-02 1.90752651e-02 1.20743041e-02
7.35712847e+01 -1.02184157e-02 4.12349367e-02 -6.11338336e-02 1.24008224e-02 2.18975122e-02 1.36377284e-02
7.62595831e+01 -7.82534963e-03 -9.82703887e-03 -1.43227834e-02 7.83763217e-03 1.62203836e-02 1.85454932e-02
7.89695003e+01 2.28880192e-02 -2.07848000e-02 -4.55834430e-02 1.69793976e-02 1.89880948e-02 1.19817044e-02
8.16708066e+01 1.29297622e-02 -3.04114787e-02 1.78781155e-03 5.86411216e-03 1.52264953e-02 8.09395381e-03
8.43739956e+01 -9.21968152e-05 7.33625276e-03 -9.38155555e-03 1.77468985e-02 2.02620785e-02 9.22189101e-03
8.70720378e+01 3.07803299e-03 -3.68309561e-02 -6.71438493e-03 8.40121983e-03 2.08356972e-02 1.65830124e-02
8.97719753e+01 2.86683063e-04 -2.21641115e-02 -3.58258774e-02 1.68106477e-02 1.74489108e-02 1.35808801e-02
9.24768644e+01 -8.26252971e-03 7.22452616e-03 -4.73126763e-02 7.04346605e-03 2.25567915e-02 2.49056532e-02
9.51786331e+01 -5.80060088e-03 -4.84722358e-03 -7.43745755e-02 1.24313488e-02 2.29672612e-02 2.13923569e-02
9.78767362e+01 4.35617270e-03 -3.17479362e-02 -2.53720501e-02 6.46200126e-03 1.14445867e-02 8.69837664e-03
1.00575372e+02 -2.53756162e-02 -5.02616098e-02 -5.53363167e-02 1.26414738e-02 1.65761262e-02 1.52397879e-02
1.03269825e+02 1.89424280e-02 2.22175478e-03 -1.93559259e-02 1.41006382e-02 1.67357944e-02 5.74862303e-03
1.05985732e+02 1.77568125e-02 -9.70570326e-03 -4.69532187e-02 9.25869301e-03 1.00508039e-02 8.22647865e-03
1.08690716e+02 1.48235128e-02 -1.90750138e-02 -2.37287278e-02 5.90251684e-03 1.08702188e-02 1.04294700e-02
1.11398153e+02 1.05325283e-02 -1.23605398e-02 -4.56490140e-02 1.25296943e-02 1.28398424e-02 7.69673522e-03
1.14098732e+02 -5.26827406e-03 1.52981945e-02 8.28083527e-03 1.49373031e-02 1.86758331e-02 1.69333175e-02
1.16793247e+02 8.42118324e-03 1.94571180e-02 -3.49415917e-02 1.27832533e-02 2.70952451e-02 1.97618556e-02
1.19497591e+02 5.02473017e-03 8.98888895e-03 -3.30458614e-02 1.40654982e-02 3.19544825e-02 1.06889839e-02
1.22186153e+02 -1.45858524e-03 3.07208863e-02 -2.29741260e-02 1.80600281e-02 2.35062956e-02 1.38502059e-02
1.24885294e+02 1.95530292e-02 1.64722551e-02 3.93089748e-02 8.72588283e-03 1.53945742e-02 2.01320570e-02
1.27588497e+02 -1.92085068e-02 -1.66862707e-02 -1.93255705e-02 1.09535400e-02 2.91648825e-02 1.94072686e-02
1.30293653e+02 4.90259589e-03 -1.60934740e-02 -4.62144055e-02 1.06664277e-02 1.29639590e-02 1.90569799e-02
1.32996591e+02 1.26258903e-02 1.63278028e-02 -7.18790391e-02 3.66129269e-03 2.15981983e-02 1.03564262e-02
1.35690622e+02 -2.03160603e-02 6.23880889e-03 -4.59279649e-02 1.47883437e-02 1.70403958e-02 1.00301522e-02
1.38390825e+02 2.21201470e-03 -4.72706789e-03 -4.72300518e-02 6.21878954e-03 1.45158079e-02 1.83656785e-02
1.41079763e+02 -1.23305972e-02 -1.69232986e-02 -4.11475585e-02 5.00176009e-03 9.29381385e-03 1.50450300e-02
1.43784638e+02 -1.35011390e-03 -2.15916590e-02 -4.57277656e-02 3.06709311e-03 6.17895733e-03 1.01000233e-02
1.46476544e+02 3.50404275e-02 8.92240602e-03 -3.45275327e-02 8.16348584e-03 2.74367989e-02 2.81345322e-02
1.49185638e+02 -1.09602921e-03 3.71919836e-03 -3.14807775e-02 1.17892250e-03 2.96192589e-02 1.21732571e-02
1.51879310e+02 -2.02574231e-02 5.82748777e-03 -2.39017649e-02 3.76685013e-03 3.10035829e-02 2.19236736e-02
1.54584122e+02 -2.84762812e-02 -1.13509576e-02 1.88739047e-03 1.39953016e-02 2.45969923e-02 2.02384434e-02
1.57281247e+02 -8.38106059e-02 -6.13535168e-02 -1.88555185e-02 6.62659946e-03 2.41752441e-02 2.37199364e-02
1.59986341e+02 -8.99664707e-02 -2.49800755e-02 3.40702475e-02 1.19388795e-02 2.78870793e-02 9.88095271e-03
1.62677107e+02 -5.86385499e-02 1.40034043e-02 2.12874431e-02 5.75854531e-03 1.67266499e-02 1.96994225e-02
1.65373763e+02 7.31477623e-03 -1.28110225e-02 1.40413636e-03 7.72979527e-03 2.06350967e-02 1.20945687e-02
1.68068966e+02 4.15561444e-03 1.58876685e-02 -1.13300549e-02 2.07398036e-02 1.73325825e-02 1.89367390e-02
1.70767778e+02 1.94991763e-02 -1.52374066e-02 -2.14164041e-02 6.37237279e-03 1.65567183e-02 7.61027102e-03
1.73472685e+02 -7.92611459e-03 -1.23402204e-03 -1.10239275e-02 2.33477608e-02 1.77296072e-02 1.61868871e-02
1.76182341e+02 -8.26540400e-03 -5.30121792e-02 -3.24296934e-03 9.76832024e-03 2.10129924e-02 1.31646819e-02
1.78889747e+02 -5.70552221e-02 -5.54383972e-02 -5.36000483e-03 9.98768050e-03 8.63500127e-03 1.22461857e-02
1.81599841e+02 -3.71964806e-02 5.51585190e-03 -9.59284800e-03 1.17883161e-02 1.85191999e-02 5.16213891e-03
1.84292341e+02 -4.80622716e-02 1.15344655e-02 1.38891196e-03 7.46942496e-03 1.74758487e-02 1.16125825e-02
1.86993153e+02 -2.44925685e-02 2.66733322e-02 -1.59858451e-02 1.30630153e-02 1.28533506e-02 5.50527618e-03
1.89694903e+02 -1.94247634e-02 3.08929196e-02 -4.05489806e-02 5.12520984e-03 1.62730537e-02 1.43304810e-02
1.92394435e+02 1.13764181e-02 -1.88980545e-02 -3.36477067e-02 6.06400208e-03 1.83203832e-02 1.47034960e-02
1.95111372e+02 -3.50350275e-02 1.63749099e-02 -1.16702208e-02 7.41256763e-03 2.08328045e-02 2.21488562e-02
1.97814294e+02 -5.66534227e-02 -1.37069931e-02 6.04008720e-05 1.29573301e-02 1.83225689e-02 9.73808064e-03
2.00516200e+02 -3.47645453e-02 5.06033142e-02 -2.04996483e-02 4.57215903e-03 1.44824975e-02 1.03435223e-02
2.03208763e+02 -9.41716691e-05 5.83083609e-03 1.47260362e-03 9.02835710e-03 1.63690136e-02 6.42595022e-03
2.05903747e+02 1.47782432e-02 -2.61310625e-03 3.84695738e-02 1.82063026e-02 1.64459725e-02 1.43388335e-02
2.08610263e+02 -3.06877278e-02 -1.17176340e-02 9.93811378e-03 1.11613554e-02 1.75004467e-02 1.15761260e-02
2.11305607e+02 -2.58337390e-03 -4.89214365e-02 2.41271598e-03 8.83908431e-03 1.49886420e-02 2.57518437e-02
2.14015153e+02 -1.67303064e-02 1.93672695e-02 -5.62139492e-02 2.01333089e-02 1.26052815e-02 8.48152946e-03
2.16703013e+02 -5.61392569e-03 8.58765514e-03 -2.90350171e-02 1.01933552e-02 2.06470649e-02 1.11679611e-02
2.19398325e+02 -1.10722737e-02 5.22045559e-03 -5.90470952e-03 1.06279399e-02 1.73204718e-02 1.41133520e-02
2.22103919e+02 -3.66266963e-02 -2.07670009e-02 1.57107957e-02 6.83280977e-03 2.16985940e-02 1.49714989e-02
2.24789528e+02 -5.46064174e-02 3.32933550e-03 3.36330331e-02 9.62877672e-03 3.06242768e-02 1.14405426e-02
2.27482482e+02 -5.40847119e-02 5.43173391e-02 6.02338535e-02 4.03660126e-03 1.72356984e-02 1.20809814e-02
2.30184435e+02 -2.42289775e-02 9.30346602e-04 4.98906893e-02 9.02617937e-03 2.26466371e-02 2.42647983e-02
2.32873091e+02 -4.08182963e-02 1.46497009e-02 5.71890118e-02 7.87582518e-03 1.89853521e-02 1.10075281e-02
2.35571419e+02 -4.74873838e-02 3.00515634e-02 1.52514455e-02 1.03712167e-02 1.29879125e-02 1.88878861e-02
2.38271482e+02 -3.22938115e-02 -1.63518625e-02 -2.67702549e-02 1.49759420e-02 2.28621602e-02 2.18732814e-02
2.40978810e+02 -2.26389093e-02 2.56483291e-03 2.72660259e-02 9.87958290e-03 2.17649611e-02 5.25287661e-03
2.43686435e+02 -3.82336599e-02 3.04213246e-02 1.52157746e-02 1.29371565e-02 1.88964678e-02 3.11818408e-02
2.46391169e+02 -2.14368033e-02 6.98967851e-03 3.90213247e-02 1.34455669e-02 1.26710987e-02 4.16318406e-03
2.49091216e+02 -1.27403741e-02 -8.46960483e-03 4.91583023e-02 1.03219461e-02 1.29418485e-02 2.74090798e-02
2.51786669e+02 2.87142240e-02 1.34460975e-02 3.64252626e-02 1.21034245e-02 2.14610568e-02 1.01827610e-02
2.54496888e+02 2.20303978e-02 6.54245091e-03 1.10362961e-02 8.23041554e-03 2.19931941e-02 1.12880328e-02
2.57204028e+02 -1.99617915e-02 -2.86827223e-02 2.50564324e-02 1.13978664e-02 2.33315517e-02 1.11646335e-02
2.59903857e+02 1.01847538e-02 -3.02829956e-02 4.46147638e-02 1.60650109e-02 3.01950450e-02 8.26398542e-03
2.62596497e+02 -2.38028742e-03 -7.64980945e-03 2.44861318e-02 8.31338307e-03 2.27101243e-02 8.68350368e-03
2.65295028e+02 -2.25098395e-03 -3.88019988e-02 7.26989019e-02 6.85632315e-03 1.69613074e-02 1.72776853e-02
2.67991983e+02 7.31464713e-03 1.88928607e-02 4.07636892e-02 1.00004486e-02 1.94221546e-02 1.54294849e-02
