7.11586598e-01 4.70164638e-03 3.03803292e-03 3.73189835e-02 9.39543147e-03 1.96135684e-02 8.83850585e-03
3.41284618e+00 5.14597958e-03 2.50551018e-02 -1.41459366e-02 1.10299743e-02 2.65079478e-02 1.70171416e-02
6.09911947e+00 -2.03281730e-02 4.23087963e-02 1.28026953e-02 6.78756435e-03 1.60282343e-02 1.74900465e-02
8.80191947e+00 -5.09296823e-04 -8.64971582e-05 2.41385399e-02 1.35265905e-02 1.57810274e-02 1.35245306e-02
1.14957124e+01 -6.96853310e-03 -2.20322719e-02 1.16142640e-02 8.47112280e-03 1.74887541e-02 1.50921700e-02
1.41931874e+01 -2.35627026e-02 3.83153171e-03 5.03689383e-02 1.49633201e-02 1.80298092e-02 1.38593292e-02
1.68918640e+01 1.58354250e-02 9.44634542e-03 4.92361626e-02 1.55898618e-02 2.09028826e-02 1.12999475e-02
1.95862421e+01 -3.69272518e-03 1.40149271e-02 2.27882140e-02 8.38133303e-03 2.04108288e-02 1.61854926e-02
2.22879984e+01 -6.25236476e-03 9.86347647e-03 5.42798863e-02 1.14255071e-02 1.27229281e-02 1.28249386e-02
2.49737734e+01 -8.23691213e-04 -1.26669408e-02 1.14976204e-02 5.28920529e-03 1.02068290e-02 1.04235861e-02
2.76728874e+01 1.99207897e-02 2.59772663e-02 4.89234710e-02 2.71123161e-03 5.42045709e-03 1.98328693e-02
3.03699359e+01 2.59266575e-02 1.32293497e-02 2.43682677e-03 3.67686084e-03 1.56337358e-03 1.56669699e-02
3.30663484e+01 3.70341873e-03 -6.13613173e-03 2.92006343e-02 4.40040555e-03 2.53293696e-03 2.06393105e-02
3.57717734e+01 -1.47700314e-02 1.20499706e-02 3.78824935e-03 2.65494346e-03 1.14351309e-02 1.47729587e-02
3.84703327e+01 -3.99321460e-03 4.61524878e-03 -4.32589748e-02 6.29166034e-03 1.22179150e-02 1.22027013e-02
4.11568187e+01 -1.99173473e-02 -9.87190082e-03 9.00171729e-03 8.54412692e-03 1.28798579e-02 2.20247811e-02
4.38747296e+01 -1.38033684e-02 3.64852409e-03 -5.46799002e-02 1.35146038e-02 1.43642593e-02 5.10347548e-03
4.65777343e+01 3.27011118e-03 6.23622099e-03 -8.33898376e-02 1.04837635e-02 1.27531040e-02 2.08028748e-02
4.92719843e+01 3.76125387e-04 -3.77478930e-03 -6.53213278e-02 1.54944146e-02 1.43308335e-02 1.60923376e-02
5.19721296e+01 6.56203139e-04 2.43892120e-04 -4.06300364e-02 7.09590896e-03 2.29259281e-02 1.22219280e-02
5.46803468e+01 1.48204474e-02 -4.05481972e-02 -6.79195954e-02 1.06102432e-02 1.13795217e-02 9.63108695e-03
5.73767671e+01 1.33082982e-02 5.05089913e-02 -3.64341663e-02 1.09622026e-02 1.46824491e-02 2.48228432e-02
6.00675249e+01 -9.67085457e-03 6.15042869e-02 -5.45087327e-02 3.01436711e-03 1.34125973e-02 2.09394795e-02
6.27751062e+01 -9.38652662e-03 -7.56028744e-03 -1.55334913e-03 5.70020742e-03 1.10215024e-02 1.84596260e-02
6.54774859e+01 -8.56270636e-04 4.40085423e-02 -6.22153823e-02 6.33843885e-03 1.23745191e-02 1.50172218e-02
6.81679812e+01 -5.83849737e-03 -1.32605763e-02 -9.43078856e-03 1.38055018e-02 1.35597007e-02 9.82010213e-03
7.08636234e+01 6.50704774e-03 -5.15957970e-02 -4.24452017e-02 1.33051425e-02 1.89542440e-02 2.15619969e-02
7.35688124e+01 3.48199295e-03 -1.47531255e-02 -2.74241043e-02 1.68504460e-02 1.90686720e-02 1.76934456e-02
7.62797109e+01 1.69438644e-03 -2.10201471e-02 -8.84116087e-02 9.06489028e-03 1.55282171e-02 1.54799250e-02
7.89733218e+01 -7.72715260e-03 -6.27166668e-02 -7.57587871e-02 8.54567654e-03 1.70150811e-02 6.72640107e-03
8.16743452e+01 1.40015285e-02 3.69797515e-04 -8.21066427e-02 1.03916355e-02 2.29870060e-02 9.24613954e-03
8.43743781e+01 2.33472823e-04 1.11339127e-02 -4.51462528e-02 1.04094631e-02 1.18704483e-02 2.07089327e-02
8.70815062e+01 2.79234293e-03 -4.06266695e-03 -5.99858898e-02 8.45958015e-03 1.10060680e-02 9.02629918e-03
8.97868437e+01 -8.55352112e-03 4.37639722e-03 -4.79694584e-02 1.20004576e-02 2.21114662e-02 5.44143231e-03
9.24790062e+01 4.51422107e-03 1.88792599e-03 -2.08279809e-02 8.32844486e-03 2.43123549e-02 1.57652971e-03
9.51741812e+01 -9.70373635e-03 7.04309185e-03 1.07744654e-03 1.71023212e-02 2.12880606e-02 9.20214570e-03
9.78710984e+01 -6.43852753e-03 -2.40134308e-02 -4.08152452e-03 7.18164452e-03 2.17792073e-02 9.81840719e-03
1.00576066e+02 9.51808206e-03 -8.59602474e-02 3.09250724e-02 1.53318362e-02 1.21849113e-02 8.34623095e-03
1.03274519e+02 -2.97948726e-02 -6.18190746e-02 3.77399874e-02 5.71108747e-03 1.04855615e-02 7.15845298e-03
1.05974503e+02 2.79130852e-02 -2.59585435e-02 -1.22371259e-02 9.28826638e-03 1.29166208e-02 5.72465095e-03
1.08673722e+02 1.95739472e-03 -4.49215212e-03 -1.03131854e-02 5.67830583e-03 1.21452200e-02 1.06916803e-02
1.11379159e+02 2.71123483e-02 2.52159119e-02 -4.27088412e-02 9.18405445e-03 1.00382279e-02 1.12472313e-02
1.14073284e+02 1.45770384e-02 1.25621516e-02 -6.19079482e-02 1.07294822e-02 1.92937423e-02 4.68822431e-03
1.16780566e+02 8.56521069e-03 -6.78542274e-03 -1.55580246e-02 2.09156029e-02 2.41996497e-02 1.04651038e-02
1.19480831e+02 2.15244133e-02 -6.18336900e-03 -9.53043972e-04 1.20970609e-02 2.53195724e-02 2.42816441e-02
1.22190066e+02 -1.40357009e-02 -7.07358107e-03 -3.29993327e-02 1.23134297e-02 1.63683922e-02 1.30547022e-02
1.24882175e+02 -6.51076989e-03 4.96663219e-02 -2.40977338e-02 1.16422243e-02 2.70741336e-02 2.27335083e-02
1.27577300e+02 2.23233550e-02 3.43714939e-02 1.47319534e-02 9.42792054e-03 1.84812936e-02 1.21038374e-02
1.30282737e+02 1.92762687e-02 -2.73401929e-02 -4.49655807e-03 5.09886628e-03 2.01854272e-02 1.15154961e-02
1.32987503e+02 1.51127476e-02 -1.16043261e-02 -4.68987546e-02 1.06311366e-02 2.29154468e-02 8.64155414e-03
1.35697472e+02 1.44575431e-03 -2.82927992e-02 -3.22695468e-02 7.19987629e-03 1.14060494e-02 6.49612275e-03
1.38403847e+02 1.78699972e-02 -3.48397117e-02 -8.15323447e-02 3.72337439e-03 1.29289308e-02 2.24468955e-02
1.41109034e+02 3.20110053e-02 1.64872000e-02 -6.77667455e-02 6.36851871e-03 8.73562600e-03 1.90114255e-02
1.43806581e+02 2.89310196e-02 5.19930851e-02 -5.78150495e-03 2.04767034e-03 5.90972495e-03 3.78421479e-02
1.46516144e+02 -3.25771797e-02 3.72986180e-02 -4.55939793e-03 5.31324020e-03 3.32424637e-02 9.58880619e-03
1.49217597e+02 -1.25984013e-02 2.67783102e-02 -1.11229623e-02 2.18954764e-03 1.72075386e-02 1.56205395e-02
1.51909472e+02 2.92902877e-02 -3.52993472e-03 8.57081449e-03 1.13433304e-02 1.33875852e-02 1.20251924e-02
1.54612112e+02 2.35169270e-02 -2.43599944e-02 -2.89075372e-02 1.64430968e-02 1.89507844e-02 6.30028501e-03
1.57319222e+02 -5.53648132e-03 7.95635952e-03 4.31928622e-03 8.85461668e-03 2.02124211e-02 2.18011425e-02
1.60021441e+02 -6.79416388e-03 3.95731925e-02 2.63647449e-02 1.60484567e-02 2.33546895e-02 4.62665448e-03
1.62714112e+02 1.76174135e-02 2.53054697e-03 2.11756503e-02 9.21924385e-03 2.47476123e-02 1.25719436e-02
1.65431956e+02 -1.01355982e-01 -3.11763664e-02 2.27543770e-02 1.17907914e-02 1.64715336e-02 2.02952247e-02
1.68129206e+02 -5.63654949e-02 -4.37521851e-02 1.78380172e-02 1.79312979e-02 2.32686574e-02 1.14684546e-02
1.70832425e+02 -8.71013470e-02 -1.89551575e-02 -9.12576938e-03 1.63163262e-02 2.46327417e-02 1.00889741e-02
1.73528675e+02 -3.22089173e-02 1.60281210e-02 1.50155522e-02 2.14711801e-02 1.68973461e-02 8.55926892e-03
1.76221941e+02 -7.00124408e-02 2.15690274e-02 2.76115231e-02 1.23819656e-02 1.01886569e-02 1.16470735e-02
1.78914612e+02 -1.16650656e-02 2.19297678e-02 3.16583849e-02 1.62257923e-02 1.61065055e-02 1.36714925e-02
1.81609503e+02 -3.63967054e-03 -2.17124066e-02 3.56466859e-02 1.32715099e-02 1.60430083e-02 1.64508817e-02
1.84311206e+02 -2.04583371e-02 -2.03087332e-02 1.44665269e-03 4.78042331e-03 1.61694791e-02 6.78638115e-03
1.87007737e+02 -4.79851447e-02 1.24103892e-02 2.30052168e-02 5.89733556e-03 2.57888935e-02 1.48677553e-02
1.89704441e+02 -4.53878943e-02 1.96357780e-02 2.60681865e-02 1.05444167e-02 2.04447355e-02 2.13287357e-02
1.92414909e+02 -3.82418237e-02 3.21292081e-02 1.54150986e-02 9.90581628e-03 1.95404742e-02 1.02610384e-02
1.95102331e+02 -2.68163931e-02 -6.85168494e-03 3.41716884e-02 8.92926566e-03 2.16193340e-02 1.50524902e-02
1.97810644e+02 -1.75515960e-02 1.42043567e-02 3.20446689e-03 1.50555007e-02 1.38688698e-02 1.03163060e-02
2.00501534e+02 -1.20050317e-02 -2.51880783e-02 -4.19985317e-03 1.84792536e-02 1.85113636e-02 1.23990700e-02
2.03198550e+02 5.13863926e-03 -1.98200994e-02 3.87312017e-02 2.28855005e-02 1.67753941e-02 7.92816628e-03
2.05907925e+02 -2.83408024e-03 -9.49282587e-03 -3.71920512e-02 1.66369908e-02 1.91201620e-02 6.94214758e-03
2.08615675e+02 -2.20634115e-02 -2.36867514e-02 -2.02553738e-02 1.53667722e-02 9.55511802e-03 6.73454914e-03
2.11319441e+02 -3.39581392e-02 -5.06612939e-02 -1.95513465e-02 2.38998821e-02 1.13034143e-02 5.53495883e-03
2.14018925e+02 -2.68262399e-02 -3.73590413e-02 1.82344454e-02 1.39723486e-02 1.26436589e-02 1.26561792e-02
2.16716159e+02 -2.99952303e-02 3.20026286e-03 4.56630453e-02 1.55064067e-02 7.26857026e-03 4.33243342e-03
2.19411519e+02 -6.07118346e-03 -9.73739630e-03 2.76727309e-02 1.16700554e-02 7.78172688e-03 4.41642929e-03
2.22124316e+02 -3.38773442e-02 -1.93140163e-02 1.21916292e-03 1.79156074e-02 8.84454979e-03 7.56743934e-03
2.24825581e+02 1.63569375e-02 2.14129827e-02 -6.42218392e-03 2.36472490e-02 6.53507531e-03 1.73270263e-02
2.27530097e+02 -4.09499562e-03 1.32901947e-02 -1.31159013e-02 9.66436457e-03 1.50981590e-02 1.30058970e-02
2.30236753e+02 -5.58958205e-02 2.11564066e-02 -3.02187118e-02 2.59257700e-02 1.20422016e-02 1.22529282e-02
2.32936550e+02 -5.55569636e-02 -1.37091228e-02 7.46670647e-03 1.66625912e-02 7.99446370e-03 7.68618931e-03
2.35640675e+02 -5.98559881e-02 -4.08069819e-03 2.85093461e-02 9.21476064e-03 1.62589849e-02 1.05824964e-02
2.38346894e+02 -5.18575825e-02 -3.10604185e-02 3.80879352e-02 1.19233044e-02 1.73246823e-02 1.02251483e-02
2.41052441e+02 -2.57684719e-02 -2.74253099e-02 -1.11462731e-02 1.51405217e-02 1.88447788e-02 6.39437525e-03
2.43745487e+02 -8.52375351e-03 -6.79461318e-03 1.32954932e-02 1.69057400e-02 1.61739323e-02 1.47291326e-02
2.46458659e+02 -2.59782750e-02 6.81649944e-03 -2.61073789e-02 1.20403175e-02 1.44353941e-02 9.85204400e-03
2.49148816e+02 -1.76952931e-02 -2.28213875e-02 -1.29892648e-02 1.60817295e-02 1.43775933e-02 1.25413922e-02
2.51865769e+02 -7.27615997e-02 2.46219497e-02 -1.97835559e-03 1.31003352e-02 1.75873221e-02 7.72489240e-03
2.54559534e+02 -3.39460160e-02 7.32989658e-03 2.27166523e-02 1.54190909e-02 2.86988695e-02 1.33639537e-02
2.57263831e+02 -3.00149162e-02 -1.80066901e-02 6.26336684e-03 1.12627135e-02 1.88001692e-02 1.35524990e-02
2.59965300e+02 -3.26883906e-02 -5.10979269e-03 -5.29176881e-02 9.66500939e-03 2.55044234e-02 1.31833312e-02
2.62659737e+02 -2.40398542e-02 3.87095738e-03 -3.06519422e-02 4.75063104e-03 1.70846219e-02 1.47636352e-02
2.65345269e+02 -3.96541258e-03 1.73391116e-03 6.56186465e-02 1.27181170e-02 2.14739262e-02 9.79280815e-03
2.68046748e+02 2.25378582e-02 1.95352068e-03 -1.90206997e-02 8.65975278e-03 1.68393837e-02 9.96544115e-03
