6.77612841e-01 2.13221411e-02 6.34692306e-03 3.83441359e-02 7.10304790e-03 2.07124462e-02 4.08115545e-03
3.38286708e+00 -1.59153163e-03 -1.05463785e-02 3.07027001e-02 9.84050272e-03 1.62124002e-02 1.49665761e-02
6.08136692e+00 1.35469361e-02 -8.48924909e-03 3.77463894e-02 8.94910798e-03 1.60071157e-02 3.57537976e-03
8.77730287e+00 -4.88961780e-03 3.61818941e-02 -3.09698867e-03 3.54919725e-03 1.35384759e-02 1.34154100e-02
1.14693726e+01 -1.82844002e-03 1.51348499e-02 7.57717941e-02 1.24762240e-02 1.99758117e-02 1.09090918e-02
1.41697022e+01 1.56693665e-02 4.91286594e-02 -1.07355143e-02 5.44319203e-03 8.60593232e-03 1.02110024e-02
1.68617210e+01 1.04638540e-02 3.24287633e-03 7.28692231e-02 5.75801542e-03 1.21343326e-02 1.98375627e-02
1.95672319e+01 2.77818174e-02 -2.89932521e-03 -1.16933449e-02 8.73442415e-03 6.77240384e-03 2.43267734e-02
2.22672835e+01 5.00744235e-03 5.72478148e-02 5.07758727e-02 3.30476380e-03 5.15145726e-03 3.58668735e-02
2.49844100e+01 2.25200529e-02 3.31510829e-02 -5.23876867e-02 4.70175655e-03 1.33379231e-03 1.67082852e-02
2.76791163e+01 3.31358164e-02 6.56297759e-02 -2.77881575e-02 3.23713772e-03 2.18570835e-03 1.93763313e-02
3.03781866e+01 1.52465339e-02 3.06262703e-02 -2.85648305e-02 4.47860725e-03 8.45544193e-03 3.00873074e-02
3.30823616e+01 -1.00578356e-02 4.68522059e-02 -3.15370060e-02 6.42780073e-03 8.90393788e-03 1.92144985e-02
3.57854585e+01 -4.53242023e-03 5.13982221e-02 -1.85722690e-02 3.54255404e-03 1.25840472e-02 2.26026213e-02
3.84929960e+01 1.14551117e-03 4.30547743e-02 -5.72282163e-02 1.26081363e-02 1.70812054e-02 1.76569795e-02
4.11988413e+01 7.68859299e-03 2.33553093e-02 -3.89401364e-02 3.30899433e-03 1.08940129e-02 1.17216035e-02
4.38973804e+01 -6.23918279e-03 2.92527110e-02 -3.35838463e-02 1.42800992e-02 1.67782675e-02 1.21288489e-02
4.66038569e+01 -2.12548934e-03 1.71433206e-02 -2.90679305e-02 9.45095754e-03 1.38595471e-02 6.03095536e-03
4.92969538e+01 -1.66044259e-02 -2.54953511e-03 -4.53582567e-02 1.63882920e-02 1.48263964e-02 1.33486710e-02
5.19985991e+01 1.31400488e-02 2.27410270e-02 -4.08817073e-02 1.10600196e-02 2.19094102e-02 2.67155414e-02
5.46936897e+01 -1.33962143e-02 -3.52582809e-03 -1.70607919e-02 6.24094830e-03 2.31634743e-02 1.20671449e-02
5.73946944e+01 -7.33085015e-03 1.38204081e-02 -2.90677236e-02 1.01989235e-02 1.51870421e-02 1.17558714e-02
6.00919304e+01 1.37200358e-02 3.69513245e-02 -5.53050738e-02 1.60799892e-02 2.11099057e-02 2.07827913e-03
6.27822163e+01 -3.34476926e-03 4.29546737e-03 -1.63878624e-02 8.00159285e-03 2.40873358e-02 1.25922018e-02
6.54781913e+01 2.11204595e-03 4.49010988e-02 -3.85184169e-02 1.28098279e-02 1.87683068e-02 6.07129433e-03
6.81712913e+01 -9.72706884e-03 2.64100595e-02 -2.75686336e-02 1.15346834e-02 2.13715675e-02 1.10814573e-02
7.08735569e+01 -1.80020293e-02 -2.78010527e-03 -6.22983498e-02 1.24448576e-02 2.44046625e-02 1.18430845e-02
7.35748710e+01 5.25541185e-03 3.81719934e-04 -6.45261574e-02 1.28555920e-02 2.58835811e-02 1.57505062e-02
7.62667772e+01 -2.94551755e-02 1.31655449e-02 -4.83620431e-02 8.78626610e-03 2.07330141e-02 1.08462179e-02
7.89748976e+01 -2.36617585e-02 -2.84184692e-03 -4.55792874e-02 8.89583046e-03 1.64273428e-02 1.16398112e-02
8.16638491e+01 -2.74528867e-02 -3.31548783e-02 -4.45855295e-02 5.77568261e-03 1.96706314e-02 1.39849997e-02
8.43656913e+01 -3.34546227e-04 1.35765909e-02 -1.77148225e-02 1.86538079e-02 1.14396963e-02 7.24938711e-03
8.70692413e+01 -1.13377695e-03 -2.11640469e-02 -1.05463759e-02 8.61140476e-03 1.95068283e-02 1.08018548e-02
8.97745288e+01 2.27763925e-02 -2.02024074e-02 -4.02976373e-03 1.04664477e-02 3.56531915e-02 9.22093175e-03
9.24845085e+01 6.24149963e-03 -1.80000542e-02 -3.39362531e-02 2.12553781e-02 2.67497604e-02 1.19010265e-02
9.51857491e+01 2.24050165e-02 2.59259930e-03 -1.95980511e-02 1.14127674e-02 1.66471849e-02 9.65353451e-03
9.78850929e+01 2.47572438e-02 -9.69637283e-03 -4.65029941e-02 1.12288225e-02 2.68680746e-02 1.20165488e-02
1.00591698e+02 -1.32472562e-02 -5.78087955e-02 -3.23177662e-02 8.39282838e-03 2.41010974e-02 4.73252506e-03
1.03287026e+02 9.44918353e-03 -2.03816002e-02 -3.97702737e-02 1.13320820e-02 1.75110227e-02 8.01497331e-03
1.05983416e+02 -1.80611175e-02 -4.96294011e-02 -1.34562750e-02 1.17862160e-02 1.73987045e-02 5.51053327e-03
1.08700073e+02 2.19854839e-02 -9.96162127e-03 -1.17003692e-01 1.27271533e-02 1.29135960e-02 5.61936682e-03
1.11407135e+02 2.01389050e-02 -3.19824312e-02 -1.24563279e-01 1.22011079e-02 1.89910574e-02 1.78323960e-02
1.14104432e+02 -1.68129768e-02 2.68317101e-02 -8.57074866e-02 8.94228209e-03 2.14906854e-02 5.92710355e-03
1.16795838e+02 -1.41196663e-02 1.88239120e-02 -1.37020357e-02 1.30763982e-02 2.78354821e-02 1.08645306e-02
1.19500151e+02 -4.62144475e-03 3.37193691e-02 -3.27733641e-02 1.28507272e-02 2.28483451e-02 1.09601105e-02
1.22202541e+02 -1.28237460e-02 -1.48327226e-02 -4.44816278e-02 1.00331150e-02 2.44720496e-02 7.41465369e-03
1.24896573e+02 -2.11426926e-02 -2.54237998e-02 -4.64710413e-02 8.94255643e-03 1.76660919e-02 6.20869909e-03
1.27596229e+02 2.61549863e-04 -2.09865303e-02 -3.12674585e-02 9.91854588e-03 1.31428591e-02 1.28115084e-02
1.30292635e+02 -1.00791826e-02 -8.27428677e-03 -4.42898373e-02 6.46141816e-03 1.43022893e-02 9.72797111e-03
1.32993135e+02 2.00753028e-04 -4.46017856e-03 2.14286362e-02 8.86383678e-03 1.55070174e-02 1.63704122e-02
1.35689604e+02 -7.01297168e-03 -9.81566119e-03 -1.04266787e-02 3.99569100e-03 2.15048364e-02 9.66317485e-03
1.38392338e+02 2.31309762e-04 -1.18623494e-02 1.11418880e-02 6.92545961e-03 1.42140252e-02 1.07339517e-02
1.41087166e+02 2.61421952e-04 -2.10548888e-02 -4.25296102e-02 8.72674600e-03 1.10083158e-02 2.37374256e-02
1.43781151e+02 -2.46217142e-02 -2.23526458e-02 -7.99736981e-03 5.55588210e-03 5.61779144e-03 2.33485487e-02
1.46490885e+02 -3.21254823e-02 1.69299226e-02 -3.05229649e-02 6.54027287e-03 1.72155287e-02 1.95651787e-02
1.49175729e+02 -8.24615968e-02 1.91222854e-02 -2.96929473e-03 9.24781410e-03 2.33016051e-02 1.61603861e-02
1.51870338e+02 -1.49042419e-02 -7.35447804e-03 -1.96957552e-02 9.14073529e-03 2.14671827e-02 1.84395652e-02
1.54560666e+02 -5.55018759e-02 -1.49529582e-02 7.19607566e-03 5.34486297e-03 2.29485063e-02 1.49614441e-02
1.57263291e+02 -2.39400858e-02 -2.38832657e-02 -2.05742597e-02 1.42545846e-02 1.47631789e-02 1.80326553e-02
1.59957479e+02 -6.77443811e-03 8.10099282e-03 -2.21403171e-02 2.62349853e-03 1.60227338e-02 1.08670176e-02
1.62657323e+02 2.75836037e-02 -2.38971204e-02 -4.03418987e-02 8.07586547e-03 1.96650486e-02 1.77660943e-02
1.65359963e+02 -1.24633496e-02 -2.25244296e-02 2.93938373e-02 1.48342063e-02 2.53656164e-02 1.49123615e-02
1.68075573e+02 -5.35335653e-02 -3.73491843e-03 1.55828568e-02 8.41276165e-03 1.46455551e-02 5.79241790e-03
1.70776854e+02 -4.33611343e-02 -1.81124064e-02 1.60227053e-02 1.10163149e-02 2.27207880e-02 1.09645201e-02
1.73476619e+02 8.75248560e-03 2.02260844e-02 2.21150178e-02 1.09755758e-02 1.36702743e-02 2.42685989e-02
1.76179979e+02 1.17649941e-02 1.97666838e-02 3.46603496e-02 1.69168210e-02 2.58883151e-02 9.04440616e-03
1.78872776e+02 2.09922536e-02 -3.86618552e-02 5.57469224e-02 1.76219724e-02 2.33605510e-02 2.02642652e-02
1.81574041e+02 3.31715179e-03 -1.08066641e-02 2.72998442e-02 1.27878493e-02 1.57952463e-02 1.03244535e-02
1.84280838e+02 5.63049847e-03 2.21247393e-03 2.58792513e-02 2.55860411e-02 1.94375229e-02 1.32745656e-02
1.86995698e+02 -5.53728018e-02 1.43093081e-02 -2.06229921e-03 1.95189981e-02 1.81869634e-02 8.82284107e-03
1.89696041e+02 1.01936323e-02 1.78690527e-02 3.75043286e-02 1.18517396e-02 2.28553414e-02 1.40123904e-02
1.92390494e+02 3.81855215e-02 8.98408191e-03 1.98820270e-02 1.60341387e-02 2.61755438e-02 6.13415793e-03
1.95098104e+02 4.08870755e-02 -2.04881597e-02 2.98512143e-02 1.17510242e-02 2.28763709e-02 2.43373967e-02
1.97800979e+02 1.77231632e-02 1.06261436e-02 2.20948081e-02 2.45145212e-02 2.52190013e-02 1.06207389e-02
2.00507854e+02 3.38237025e-02 -1.92909908e-02 4.86229005e-02 1.13360254e-02 2.37157781e-02 1.21244897e-02
2.03209666e+02 3.84574261e-02 -4.10689007e-02 2.90051271e-02 2.99572295e-02 1.91133376e-02 6.43286016e-03
2.05905635e+02 -2.52213357e-02 -3.63432321e-02 3.26457975e-02 1.77133047e-02 1.51466010e-02 1.51508720e-02
2.08612416e+02 -4.53149938e-02 -1.79242035e-03 -3.12735913e-02 2.26176032e-02 2.21947296e-02 9.24585918e-03
2.11305182e+02 -7.50657550e-02 -2.84840115e-02 1.38237983e-02 5.84638376e-03 1.99607288e-02 1.18374217e-02
2.14000744e+02 -3.15226991e-02 1.24359984e-03 -1.26955209e-02 1.74723429e-02 1.81689001e-02 9.56555638e-03
2.16705307e+02 -7.54130972e-02 2.54987333e-02 9.80224841e-03 3.99555774e-03 1.67288783e-02 1.35856580e-02
2.19391151e+02 -8.95058809e-03 4.03779390e-02 1.66894504e-02 1.15906151e-02 1.92158892e-02 1.44695640e-02
2.22093135e+02 -5.94624565e-02 5.04722069e-02 -4.75714578e-03 7.61241690e-03 2.09801223e-02 1.03399086e-02
2.24792260e+02 -6.92749581e-02 2.42859238e-02 -1.90729890e-02 1.76238001e-02 1.74981196e-02 1.86218783e-02
2.27481182e+02 -2.51338152e-02 1.49751308e-02 -5.06322905e-02 1.99682140e-02 1.69481640e-02 7.31293452e-03
2.30181260e+02 -3.74495867e-03 -2.69123701e-02 -1.67472724e-02 1.73049949e-02 1.43173466e-02 1.31662344e-02
2.32881432e+02 3.16991494e-02 4.76785742e-03 7.22271804e-04 3.53201195e-02 1.35673562e-02 1.63992474e-02
2.35589323e+02 -2.59005762e-02 2.37118350e-02 -2.59014932e-04 1.24451981e-02 2.10541317e-02 6.20497936e-03
2.38280744e+02 1.95006808e-02 2.36959367e-03 6.73615692e-03 1.24911363e-02 2.11035919e-02 1.89859737e-02
2.40982276e+02 -1.55145057e-02 1.69234187e-02 5.81832502e-02 1.25787137e-02 1.77315048e-02 9.08878324e-03
2.43679823e+02 -3.59798143e-02 7.06757861e-03 2.30324661e-02 6.71156838e-03 1.10954961e-02 8.56908568e-03
2.46378916e+02 -6.26067830e-02 1.09883126e-02 1.61563926e-02 1.00683324e-02 8.50532147e-03 6.48284678e-03
2.49078229e+02 -1.02619726e-01 -1.01503525e-02 8.07084355e-03 6.89608941e-03 1.51212040e-02 1.42734144e-02
2.51762244e+02 -6.49597267e-02 1.77557877e-02 -9.71531971e-03 4.86115773e-03 1.16260075e-02 8.36308227e-03
2.54479057e+02 -7.92126075e-02 -5.88907943e-03 -2.15658510e-02 1.48684695e-02 1.15736483e-02 1.74224352e-02
2.57174385e+02 -4.55031045e-02 -3.72225807e-02 -1.15273659e-02 9.06642869e-03 2.06625640e-02 4.91651848e-03
2.59879744e+02 -5.15002986e-02 -1.17010452e-02 5.69503608e-03 3.82194340e-03 1.35942805e-02 7.49352133e-03
2.62581557e+02 -1.90534086e-02 2.14504113e-02 3.47738298e-02 1.34104074e-02 2.31692307e-02 6.59250883e-03
2.65283198e+02 1.07516356e-02 -7.06560672e-03 2.85534540e-02 7.40663449e-03 2.45165481e-02 6.32731437e-03
2.67988202e+02 2.31821392e-02 2.67492106e-02 -9.07522009e-04 1.39226250e-02 2.61995487e-02 8.24253992e-03
