7.00063565e-01 2.13035517e-02 7.90649979e-03 5.41536466e-02 8.07717376e-03 1.05084907e-02 8.26267108e-03
3.41026949e+00 1.18926914e-02 2.29555333e-02 3.47908211e-03 1.31607921e-02 2.05931784e-02 5.29294207e-03
6.12322777e+00 -9.03359931e-03 -5.13435286e-02 1.75493992e-02 1.59900036e-02 2.56872768e-02 7.58913302e-03
8.82015683e+00 -1.06907045e-02 3.95620826e-04 1.90349719e-02 9.79547759e-03 1.94390940e-02 6.88690106e-03
1.15142851e+01 -1.95027508e-03 6.65005740e-03 4.63803893e-02 1.28977496e-02 2.44888828e-02 8.40158668e-03
1.42179523e+01 -1.91647246e-02 1.10146681e-02 1.18219313e-02 7.51419007e-03 1.88766455e-02 1.24304506e-02
1.69211304e+01 -3.67426399e-03 1.51374424e-02 -5.71742072e-03 8.58687205e-03 2.62259220e-02 1.44140551e-02
1.96064007e+01 -2.92161652e-02 3.76562833e-02 4.27339140e-02 1.24078433e-02 1.51265225e-02 1.85462562e-02
2.23049164e+01 -2.73738680e-02 4.96897008e-02 2.66209442e-02 5.73503740e-03 1.33020018e-02 1.50582746e-02
2.49887179e+01 -1.78082597e-02 2.21527869e-02 3.16068422e-02 1.07128240e-02 6.13904914e-03 2.20272139e-02
2.76841398e+01 -2.30534818e-03 -5.31172603e-03 4.73094652e-02 5.14718631e-03 2.76865318e-03 1.41728219e-02
3.03762164e+01 -6.72844238e-03 -3.31546471e-02 3.81530748e-02 3.00748427e-03 2.78900849e-03 2.00679504e-02
3.30692773e+01 1.42339918e-02 -2.89375418e-04 3.71240365e-02 2.64300309e-03 1.10893305e-03 1.42171463e-02
3.57760757e+01 -7.98773903e-03 4.78410444e-02 -2.50927311e-02 3.92053804e-03 3.45027813e-03 1.79075547e-02
3.84752039e+01 3.02497125e-03 3.91737280e-02 -5.39461388e-02 4.83708443e-03 4.06333289e-03 1.82331230e-02
4.11592976e+01 -5.34886058e-03 8.44860493e-03 -2.84414148e-02 8.02320830e-03 1.08342744e-02 1.39115346e-02
4.38589961e+01 -1.46745473e-02 1.27123791e-02 -1.38855325e-02 6.43936044e-03 1.02902871e-02 1.40588666e-02
4.65595148e+01 1.60436855e-02 -1.43229457e-02 -4.32350232e-03 5.23556832e-03 1.13559506e-02 1.87308363e-02
4.92622211e+01 -5.62579362e-03 -3.48591569e-03 -2.09522105e-02 1.03667480e-02 1.38645663e-02 8.17908486e-03
5.19630523e+01 -2.09489464e-02 3.51301794e-02 -1.60368750e-02 1.37112580e-02 1.86054545e-02 7.25714323e-03
5.46696632e+01 -8.97319964e-03 1.05804646e-03 -9.28019918e-02 4.76612346e-03 1.50122460e-02 1.21424183e-02
5.73574507e+01 -2.02747592e-02 -6.33677924e-02 -5.54644479e-02 1.23752010e-02 1.76615450e-02 1.44009289e-02
6.00590007e+01 1.36715976e-02 -3.07929257e-03 -5.63485827e-02 1.03986970e-02 1.51390484e-02 1.28662687e-02
6.27586320e+01 1.31472646e-02 -3.25032582e-03 -6.63297393e-02 4.56325469e-03 1.98120138e-02 2.43819124e-02
6.54621398e+01 7.17855274e-03 5.29430463e-03 -5.86418679e-02 1.09799764e-02 2.05868011e-02 1.62640047e-02
6.81583382e+01 -1.20549040e-02 5.26565670e-03 -3.38250312e-02 1.51713023e-02 2.01491638e-02 2.00098078e-02
7.08535367e+01 8.95206315e-03 3.20224170e-03 -2.64107783e-02 6.22563171e-03 1.88325483e-02 1.50173281e-02
7.35484054e+01 2.95597414e-03 8.93210577e-04 3.59107555e-03 1.00549980e-02 1.45102555e-02 1.30805676e-02
7.62519570e+01 2.48234657e-02 2.49181659e-03 -5.10259619e-02 1.24672887e-02 1.50264077e-02 6.79906296e-03
7.89561679e+01 1.91752990e-02 -8.41545263e-03 -5.29964588e-02 6.68397068e-03 1.69836533e-02 7.42872980e-03
8.16651289e+01 2.25173630e-02 -6.98004930e-03 -4.79091175e-02 7.09544496e-03 2.36651623e-02 1.14107698e-02
8.43640367e+01 -1.18565979e-02 -1.83635339e-02 -1.55124627e-02 1.76425691e-02 2.05175086e-02 5.40183021e-03
8.70639304e+01 2.03445957e-02 -5.83723316e-02 -4.46690743e-02 6.77938658e-03 2.17903010e-02 1.33697412e-02
8.97607351e+01 1.95832001e-02 -4.34425731e-02 1.55503632e-02 1.32813254e-02 1.77679659e-02 1.34821546e-02
9.24735789e+01 -2.82517680e-02 -4.02664306e-02 -4.37426313e-02 1.03772363e-02 2.24698336e-02 9.62229224e-03
9.51734429e+01 -1.73758780e-03 5.97815774e-03 -6.28636458e-02 1.10719351e-02 1.84143098e-02 1.04582463e-02
9.78763086e+01 -2.76878201e-02 -2.00855472e-02 -6.28501617e-02 1.14391212e-02 1.22431778e-02 6.60924875e-03
1.00572682e+02 -1.46915710e-02 -5.07332009e-02 -3.48419290e-02 5.68050599e-03 1.14141327e-02 3.75339639e-03
1.03277307e+02 -2.68166365e-02 -4.62542480e-02 -3.33806359e-02 1.44798477e-02 2.25156185e-02 8.82374572e-03
1.05968932e+02 -1.64499935e-03 -6.17008919e-02 1.25652197e-02 1.17936263e-02 2.07341036e-02 1.21371113e-02
1.08663979e+02 -1.85056597e-02 2.95858857e-02 -3.09826513e-02 1.07056651e-02 3.29609613e-02 5.17392966e-03
1.11366276e+02 -7.42545480e-03 1.46237060e-02 3.74353086e-02 7.12696337e-03 1.47871892e-02 7.14613468e-03
1.14080073e+02 1.83450685e-02 1.68869288e-02 -4.35504417e-02 1.49512511e-02 1.55449445e-02 8.43101938e-03
1.16791291e+02 1.36550462e-02 -1.47076283e-03 -1.62250687e-04 1.33197957e-02 1.87646180e-02 5.81951760e-03
1.19502026e+02 1.67106693e-02 -5.94834353e-03 -2.88101776e-02 9.42577889e-03 2.46403731e-02 1.52091012e-02
1.22192244e+02 -1.33064785e-02 2.61559736e-02 -2.24516681e-02 1.55441607e-02 2.02227716e-02 5.51249160e-03
1.24898354e+02 -6.59448097e-03 3.12479656e-02 -5.73880423e-02 1.38592685e-02 1.69284854e-02 1.47107769e-02
1.27593854e+02 -2.00917190e-02 3.29975921e-02 -6.36458612e-03 1.07590859e-02 1.98235261e-02 1.01883637e-02
1.30301073e+02 -4.02201151e-02 2.94267452e-02 -5.03372242e-02 1.36848444e-02 2.28958894e-02 9.37992322e-03
1.32994979e+02 -5.97982346e-03 2.11557719e-02 3.66430773e-03 7.09519619e-03 1.86266804e-02 1.04293639e-02
1.35691041e+02 -1.15272260e-02 -3.41342437e-02 -2.49487607e-02 1.20561304e-02 1.75321662e-02 8.21969242e-03
1.38391135e+02 5.37988034e-03 5.41562517e-03 3.83429802e-04 1.15226391e-02 1.92974894e-02 1.69371275e-02
1.41093588e+02 8.06006592e-03 -1.17655611e-03 -1.68921021e-02 4.56114237e-03 2.00401358e-02 6.87712670e-03
1.43794182e+02 1.52190662e-02 -1.14958657e-02 1.39683512e-02 7.48440805e-03 6.78058024e-03 8.92356918e-03
1.46479010e+02 2.60121212e-02 -1.28044631e-02 3.51935333e-02 2.65086321e-03 2.50261989e-02 2.66596993e-02
1.49186979e+02 2.71347019e-02 -4.95889868e-02 -5.08203915e-02 2.43697432e-03 2.70293759e-02 1.35627118e-02
1.51870604e+02 2.63244794e-02 -5.08475886e-02 1.29567745e-02 4.15305925e-03 2.51850399e-02 1.93379658e-02
1.54565323e+02 -1.49939821e-02 -1.61455449e-02 5.31886644e-02 1.00573554e-02 2.44800399e-02 1.63606135e-02
1.57260073e+02 1.22571876e-02 -3.92536739e-02 5.37300374e-02 9.80257793e-03 2.27365442e-02 2.52550167e-02
1.59959494e+02 -3.10540230e-02 -2.67836777e-03 3.53376968e-02 1.91498852e-02 2.33706684e-02 1.21879893e-02
1.62661885e+02 -3.09068428e-02 9.04235452e-04 1.30629054e-02 1.59163050e-02 2.72014676e-02 1.69123145e-02
1.65364698e+02 -5.69912377e-02 2.55203146e-02 -2.54407432e-02 1.05694339e-02 1.69051152e-02 6.86934372e-03
1.68064854e+02 -1.98450636e-02 -1.54209821e-02 -3.86548517e-02 2.07681352e-02 1.68022956e-02 1.33516303e-02
1.70770791e+02 -3.48917946e-02 -2.00838074e-02 -4.71596619e-02 7.96526031e-03 1.76706542e-02 9.93341305e-03
1.73478260e+02 -8.10335841e-03 4.89422836e-02 -4.86775018e-02 1.73920411e-02 1.70539002e-02 8.63072486e-03
1.76185557e+02 -4.66326520e-02 3.03646554e-03 -1.54186837e-02 6.55478901e-03 1.94838825e-02 7.70134271e-03
1.78884291e+02 3.93415388e-02 -3.80702416e-02 2.70360556e-02 8.99465265e-03 1.50253941e-02 1.04676934e-02
1.81591057e+02 -5.28230594e-03 6.88886465e-03 -5.25054309e-03 5.59767989e-03 1.46139316e-02 7.23910599e-03
1.84301213e+02 -2.38148403e-02 -8.46694262e-03 1.23221559e-02 1.19402167e-02 1.42897910e-02 8.44781155e-03
1.87005041e+02 -1.48641014e-02 2.45724496e-02 -1.78652832e-02 1.00159702e-02 1.72434424e-02 1.07544653e-02
1.89705244e+02 -3.49579517e-02 1.66178824e-02 -3.35945294e-02 1.17678771e-02 2.78707562e-02 2.67512142e-02
1.92401948e+02 -1.59606453e-02 2.46133724e-02 6.17972316e-03 1.09536443e-02 2.46489291e-02 4.45859354e-03
1.95096776e+02 9.14848421e-03 4.04951425e-02 6.55116682e-03 1.29494659e-02 2.47459604e-02 1.61396868e-02
1.97811526e+02 -1.41384629e-02 7.59236752e-03 -1.95020186e-02 1.04038421e-02 2.11444165e-02 8.52759489e-03
2.00516088e+02 -2.46400311e-02 -9.69852732e-03 3.36104325e-02 6.48688317e-03 2.30122823e-02 2.68650321e-02
2.03220276e+02 8.49421455e-03 -1.53437239e-02 4.77580307e-02 7.19558639e-03 1.63174139e-02 6.36904854e-03
2.05917276e+02 5.34103726e-03 7.58675332e-03 -2.20547577e-03 1.04376199e-02 1.89557504e-02 1.11956615e-02
2.08624448e+02 1.06603627e-02 3.57232295e-02 -2.20146269e-02 1.16631405e-02 1.54678698e-02 5.56605875e-03
2.11321010e+02 -6.39848426e-03 -3.07465113e-02 -7.84174628e-03 8.36617916e-03 1.46493509e-02 2.13457088e-02
2.14025916e+02 1.76360046e-02 -8.42111800e-03 3.67005780e-02 2.40699856e-02 1.64635236e-02 8.71037446e-03
2.16717338e+02 2.75662362e-02 -2.55546371e-02 4.17000698e-02 8.09259821e-03 1.61179938e-02 9.26174051e-03
2.19420151e+02 6.37602776e-02 5.29533146e-03 4.63190651e-02 1.39458157e-02 9.77716345e-03 7.23795707e-03
2.22117729e+02 5.58628044e-02 -2.14191312e-02 4.27992785e-02 1.20056246e-02 1.09854735e-02 1.15543301e-02
2.24824073e+02 2.15267771e-02 1.78575069e-02 1.60349923e-02 1.01772354e-02 1.35816161e-02 4.69983704e-03
2.27530885e+02 -1.56875918e-02 2.08233250e-02 2.93795006e-02 1.47449875e-02 1.44632560e-02 9.67294260e-03
2.30242526e+02 -5.34314514e-02 8.41635655e-03 1.99814449e-02 1.42171425e-02 1.60553479e-02 8.22998738e-03
2.32940541e+02 -3.93623298e-02 -1.24805662e-04 -3.30134400e-02 4.61482467e-03 1.98957376e-02 8.12944599e-03
2.35623526e+02 1.38914521e-02 6.47059003e-02 -3.92416108e-02 1.46061646e-02 2.32640214e-02 2.33594163e-02
2.38316979e+02 2.76094958e-02 2.01574925e-02 -7.91489090e-03 6.96274353e-03 1.61201126e-02 1.32695793e-02
2.41016354e+02 7.36301520e-02 3.62343714e-02 -7.17928978e-03 6.95040781e-03 1.64869902e-02 7.98815386e-03
2.43724541e+02 1.19312847e-02 -2.85068350e-03 1.16547034e-02 6.74898096e-03 1.38532851e-02 1.46143929e-02
2.46422588e+02 4.17284569e-02 1.42925640e-02 1.94233884e-02 7.34416425e-03 1.97332255e-02 1.92131577e-02
2.49100823e+02 4.21043389e-02 -4.62962048e-02 3.85709060e-02 8.52853971e-03 1.77499996e-02 8.54122671e-03
2.51812932e+02 2.95919095e-02 -1.83427488e-02 4.98368582e-03 1.15226400e-02 1.44941388e-02 1.39585726e-02
2.54504557e+02 1.27860485e-02 -3.51465336e-03 -3.02427085e-02 1.18084921e-02 1.68105429e-02 7.59253747e-03
2.57202119e+02 3.98677144e-03 9.66592252e-03 6.13577130e-03 5.44525640e-03 2.08597544e-02 1.24002258e-02
2.59904729e+02 2.39262953e-02 8.91718537e-03 2.17851222e-02 1.10589397e-02 1.81285787e-02 1.13627172e-02
2.62605541e+02 1.85162663e-02 2.93914230e-02 5.57007656e-02 1.33138805e-02 2.03470963e-02 2.09149286e-02
2.65312651e+02 2.80220245e-02 -2.21402357e-02 4.67237313e-02 9.17204877e-03 1.72712058e-02 1.90804697e-02
2.68014385e+02 1.86620807e-02 1.66922736e-02 4.90347716e-02 1.78080420e-02 2.24946256e-02 1.05297575e-02
