6.64905260e-01 2.37114040e-02 3.96302983e-02 1.57560845e-03 1.03963495e-02 1.97267118e-02 1.69517002e-02
3.37248015e+00 6.59402433e-02 2.59288947e-02 -1.63884965e-02 1.06200976e-02 2.74439242e-02 5.74156376e-03
6.07078500e+00 5.20369717e-03 -4.85180551e-02 -2.40366563e-02 8.72553963e-03 1.19865347e-02 2.13470102e-02
8.77013516e+00 -1.13267462e-02 -3.11198525e-02 -3.16339271e-02 8.68038047e-03 2.20576180e-02 4.93491340e-03
1.14621605e+01 -4.31420892e-03 1.15361928e-02 -1.64606967e-02 9.54201000e-03 2.94036664e-02 1.63793337e-02
1.41563761e+01 4.32586744e-02 -2.79656435e-02 -1.04253616e-02 6.54535667e-03 3.42676573e-02 1.75141221e-02
1.68640589e+01 4.34201250e-02 -9.28881260e-03 -7.01805434e-02 3.20633102e-03 3.41491728e-02 3.22654006e-02
1.95593386e+01 3.62877661e-02 -8.61449816e-03 -6.38136720e-02 7.74798749e-03 2.31748261e-02 1.45428310e-02
2.22783948e+01 6.08224534e-02 2.68741845e-02 -7.38350685e-02 8.13557534e-03 3.11689517e-02 1.43897505e-02
2.49572589e+01 2.31389428e-02 9.25751313e-03 -3.10301773e-02 1.43744625e-02 2.91657129e-02 2.33075357e-02
2.76560573e+01 5.36547664e-02 -2.09707551e-02 -6.27949324e-02 1.11642773e-02 3.53914340e-02 1.14512866e-02
3.03603714e+01 1.61372122e-02 -2.53394158e-02 -2.25015049e-02 6.12824829e-03 2.26842506e-02 5.98273303e-03
3.30560433e+01 5.74526663e-02 4.03293781e-02 -3.66317319e-02 1.62081122e-02 2.00086620e-02 9.71192286e-03
3.57675792e+01 -3.02439334e-03 1.18091365e-02 -4.05036479e-02 1.18871755e-02 1.32784132e-02 1.07463588e-02
3.84777308e+01 3.83086823e-03 9.86455183e-03 -2.96469445e-02 1.23603488e-02 1.55116474e-02 1.05395367e-02
4.11714417e+01 1.25429393e-02 1.23813837e-02 -1.28699627e-02 1.93883596e-02 8.67170076e-03 4.36513812e-03
4.38724120e+01 5.41573828e-03 -2.03949792e-02 2.64691203e-02 7.82684589e-03 1.80280992e-02 1.17931474e-02
4.65797605e+01 -1.08772571e-02 -5.79204512e-03 4.26769966e-02 2.39657582e-02 1.45986208e-02 8.26554898e-03
4.92668214e+01 1.88527900e-02 -3.56800985e-02 4.14624225e-02 1.32308124e-02 2.35944662e-02 1.24637520e-02
5.19788855e+01 4.90291849e-03 -4.22097986e-03 1.16144319e-02 2.56942619e-02 2.21322525e-02 9.21461498e-03
5.46794948e+01 3.46572327e-02 -3.59870846e-02 4.41809388e-02 3.72243080e-03 2.16501398e-02 1.60721577e-02
5.73818027e+01 -3.75219788e-04 1.17967552e-02 4.16982804e-02 7.69560681e-03 1.75741435e-02 2.15702757e-02
6.00909339e+01 -2.19509580e-02 3.05228525e-03 2.85699297e-02 7.25182566e-03 3.05515483e-02 7.04848280e-03
6.27955761e+01 -8.48611635e-02 -1.95088540e-02 -5.83543244e-02 1.08222667e-02 1.75093569e-02 9.75694634e-03
6.54979448e+01 2.23570655e-02 1.16520239e-02 -3.23314226e-02 1.47928698e-02 1.85099193e-02 6.40739726e-03
6.81918542e+01 2.93972452e-02 -1.52750439e-02 -2.05464573e-02 1.51783361e-02 1.10488418e-02 1.07382078e-02
7.09012870e+01 6.05779111e-02 4.56749647e-02 -2.94390315e-03 1.18973292e-02 1.62722796e-02 1.06285796e-02
7.36011776e+01 5.26232325e-04 1.01853268e-02 1.66226305e-02 2.25101122e-03 1.86270416e-02 1.31691929e-02
7.62986636e+01 6.66355703e-03 1.58020449e-02 2.12997193e-02 5.64859958e-03 1.84385239e-02 1.11877176e-02
7.90064026e+01 -5.72066783e-02 -1.19890321e-02 -6.53271079e-04 4.58031415e-03 2.98155282e-02 7.72219286e-03
8.16949917e+01 -4.45212257e-03 -4.68779793e-03 3.11465523e-02 1.22960783e-02 1.66410842e-02 1.80034620e-02
8.44025105e+01 -4.58564692e-02 2.70481418e-02 2.60269328e-03 6.53071925e-03 1.45106235e-02 6.56081199e-03
8.70943823e+01 2.79283789e-02 -1.55387327e-02 -2.00543176e-03 2.69229590e-02 9.91956864e-03 1.73347055e-02
8.98018370e+01 -1.95228112e-02 -3.09170479e-02 -3.14662134e-02 9.16988845e-03 7.39773753e-03 1.36392756e-02
9.25093433e+01 -6.55171508e-02 6.93124879e-03 -1.54953612e-02 1.52298564e-02 7.53148704e-03 1.53327128e-02
9.51984808e+01 -1.02550525e-02 -2.64489580e-03 1.62169801e-02 1.09173257e-02 1.87512985e-02 9.92697597e-03
9.78947511e+01 4.36780092e-03 5.80275520e-03 -1.13460991e-03 1.49862087e-02 1.13479953e-02 1.81285009e-02
1.00600914e+02 -2.17957841e-02 2.70288476e-03 -4.56813401e-02 6.85869214e-03 9.87022134e-03 7.25748405e-03
1.03306664e+02 -3.91954085e-02 -2.14566851e-02 -2.95779591e-02 1.03221159e-02 9.72084385e-03 5.91574513e-03
1.05996601e+02 -2.78727325e-02 -7.68854046e-03 5.17619028e-02 1.79616166e-02 1.14031079e-02 1.31389677e-02
1.08703101e+02 1.17933526e-02 -2.53939369e-02 5.63910304e-02 8.23937927e-03 2.01068087e-02 1.03502156e-02
1.11396210e+02 1.80072370e-02 -6.16395664e-02 6.11424463e-02 1.14844249e-02 2.06682274e-02 2.89045500e-02
1.14092632e+02 5.18878269e-02 -1.75029327e-02 -8.36104246e-03 3.37147562e-03 2.05672433e-02 1.27130497e-02
1.16794585e+02 -3.81763377e-02 3.79916363e-02 -5.13030637e-04 8.43042235e-03 2.05184114e-02 1.73873764e-02
1.19490507e+02 7.58984296e-03 -2.81704384e-02 -1.68429785e-02 1.19162853e-02 2.41049126e-02 5.26331582e-03
1.22190960e+02 -4.24818737e-02 6.16605699e-03 1.44825362e-02 1.09023799e-02 1.75119472e-02 1.44661710e-02
1.24872148e+02 5.49631207e-02 4.46226581e-05 3.27279403e-02 1.65087299e-02 2.34104627e-02 1.44834843e-02
1.27577460e+02 -1.35772397e-02 3.02349439e-02 1.13774370e-03 6.50787744e-03 2.88502282e-02 2.24044721e-02
1.30278882e+02 -1.77115291e-02 -6.70468378e-03 1.92600748e-02 4.29013827e-03 3.05923299e-02 2.48278857e-02
1.32965101e+02 2.50133690e-02 -3.03902271e-02 5.39193446e-02 7.59724080e-03 2.78113371e-02 2.18009027e-02
1.35662882e+02 -1.62089928e-02 -4.17464589e-02 3.36452360e-02 3.69361315e-03 2.26662095e-02 4.63678104e-03
1.38373773e+02 -1.61788964e-02 5.08721231e-03 4.10969005e-03 7.31660567e-03 2.96704794e-02 3.02566376e-02
1.41071554e+02 -2.46624664e-02 8.50761131e-03 1.24489938e-02 1.04774749e-02 2.42695929e-02 1.42057952e-02
1.43790242e+02 -4.16730729e-02 -2.39879150e-02 -1.49917309e-02 1.23528887e-02 1.44251406e-02 1.27492944e-02
1.46499789e+02 -1.19530123e-02 8.09850471e-03 -3.77129221e-03 6.60660949e-03 6.10968917e-03 5.40227556e-03
1.49194429e+02 3.27075897e-03 -9.40177822e-03 3.14918894e-02 7.12872178e-03 1.44364589e-02 1.04738709e-02
1.51902085e+02 -1.10495506e-02 7.75748399e-03 -1.18080669e-02 4.76645703e-03 1.74344888e-02 3.58777318e-03
1.54610695e+02 -3.10921820e-02 -1.32653273e-02 3.37640547e-02 9.60361644e-03 9.10186282e-03 9.49790446e-03
1.57311289e+02 -2.30911550e-02 1.59445357e-02 3.09709625e-03 8.45308162e-03 1.51421096e-02 6.53493311e-03
1.60007039e+02 -2.99339298e-02 4.15929010e-02 1.52373179e-02 1.08338910e-02 1.62374531e-02 5.77269690e-03
1.62710257e+02 -2.19679774e-02 2.77055108e-03 2.83580830e-02 1.48223259e-02 2.41349979e-02 1.28428971e-02
1.65405039e+02 -1.44170143e-02 2.43944142e-03 1.77344319e-02 4.27512658e-03 8.35021205e-03 1.81535089e-02
1.68102960e+02 -4.56614498e-03 -1.43028483e-02 1.54841025e-02 6.30435262e-03 1.19472191e-02 1.60349999e-02
1.70810757e+02 6.84439084e-03 -3.02072265e-02 -2.07357374e-03 1.03925653e-02 9.33045251e-03 1.10188195e-02
1.73498007e+02 -3.27590310e-02 1.41938267e-02 -1.30941963e-02 5.15674263e-03 1.07995967e-02 2.23614328e-02
1.76200867e+02 -1.94007905e-03 2.82754016e-02 1.65656642e-02 5.44107524e-03 1.78356678e-02 1.24308779e-02
1.78893179e+02 1.89533273e-02 1.99799744e-02 1.07774825e-02 1.53535559e-02 2.47839872e-02 1.10066622e-02
1.81588664e+02 -3.81799422e-03 3.98324628e-03 3.34388146e-02 9.12279650e-03 2.13790236e-02 5.37696734e-03
1.84297429e+02 -1.39363086e-02 -1.77385658e-02 -6.70885922e-03 1.22442097e-02 3.55185713e-02 3.85419478e-03
1.87007617e+02 -1.18820378e-02 2.24405670e-02 -3.02748209e-02 1.80497161e-02 2.20117828e-02 1.37885875e-03
1.89702882e+02 5.62772479e-03 -3.03577721e-02 -4.20881355e-03 1.70543952e-02 2.91192737e-02 9.49667114e-04
1.92399195e+02 -9.41791233e-03 -3.91986589e-02 8.57194382e-04 8.96818803e-03 2.32161924e-02 4.79556645e-03
1.95105992e+02 -1.75320588e-03 -4.19146071e-02 8.88836836e-02 8.03606119e-03 2.39486442e-02 4.09076457e-03
1.97808539e+02 1.21247983e-02 5.89134356e-03 -1.08575349e-02 1.19855771e-02 2.17681720e-02 6.76433565e-03
2.00515867e+02 2.08732606e-02 1.45988992e-02 4.91406881e-02 1.03030988e-02 1.61663919e-02 3.32305391e-03
2.03227507e+02 1.91399964e-02 2.57804238e-02 -5.17862693e-03 1.46760363e-02 2.30409269e-02 1.17184491e-02
2.05941054e+02 1.03376121e-03 1.25407856e-02 3.18416216e-02 1.27868093e-02 2.53025955e-02 7.51008836e-03
2.08626757e+02 -2.17947734e-02 2.32089343e-02 7.84313848e-04 8.78372516e-03 2.69371274e-02 7.50094229e-03
2.11335648e+02 -1.18717345e-02 -5.24540850e-02 -1.89771950e-02 2.04980841e-02 2.89800589e-02 3.85727155e-03
2.14029929e+02 -2.86187404e-02 -1.26783651e-03 -3.45658212e-02 1.16556855e-02 2.32892432e-02 3.72796206e-03
2.16729117e+02 -5.41930904e-02 -3.57224211e-02 -2.64774608e-02 4.76193654e-03 1.26963489e-02 8.26651128e-03
2.19434257e+02 -1.36168561e-03 4.16176876e-02 -2.49300962e-02 8.61053785e-03 7.38712938e-03 1.20254159e-02
2.22122195e+02 1.15090502e-02 7.07241158e-02 -2.78810327e-03 3.83886717e-03 1.12139818e-02 1.57071768e-02
2.24823585e+02 -4.47723125e-03 2.69034148e-02 -1.80798701e-02 1.38293350e-02 5.39141606e-03 3.97243596e-02
2.27531351e+02 -1.62407377e-02 9.81660591e-03 -1.48221946e-02 3.86449829e-03 9.01323494e-03 1.84712684e-02
2.30242257e+02 1.84041204e-02 1.01905730e-02 -3.37605493e-02 3.53342769e-03 6.43799440e-03 2.52481726e-02
2.32947132e+02 4.97263349e-03 3.51960183e-02 -1.14103858e-02 5.33286647e-03 5.39114057e-03 1.38374688e-02
2.35643835e+02 -5.90909315e-03 -2.53056333e-03 -1.73504651e-02 8.53219936e-03 3.94111838e-03 3.47995650e-02
2.38345757e+02 -3.10753372e-03 1.15755003e-02 3.31695644e-03 4.96216629e-03 9.34989820e-03 1.32660790e-02
2.41040960e+02 -2.18887077e-02 3.41636025e-02 -1.14732484e-02 1.18561486e-02 9.44684069e-03 1.62128292e-02
2.43735679e+02 -1.55513545e-02 1.95013317e-02 3.09111505e-02 1.15544703e-02 1.59800001e-02 8.33844096e-03
2.46427242e+02 -5.97708137e-03 -2.18720370e-02 -1.93350504e-02 5.92367606e-03 9.91482503e-03 5.11864628e-03
2.49122710e+02 -2.76403428e-02 -4.32709599e-02 -1.61770458e-02 1.04668381e-02 1.89021982e-02 2.80759359e-03
2.51824601e+02 -1.20445733e-02 -1.45758856e-02 4.93775493e-03 1.25051532e-02 2.35112780e-02 5.47650725e-03
2.54518726e+02 1.85748092e-02 -1.92196108e-02 4.23725439e-02 4.90898380e-03 1.90306688e-02 7.76478194e-03
2.57222960e+02 -1.44678799e-02 3.10018073e-02 4.42661625e-02 8.29403448e-03 2.34196483e-02 1.17253847e-02
2.59913117e+02 -1.01975545e-02 -3.85189568e-02 -3.44456916e-03 5.46413959e-03 2.11332766e-02 1.47489106e-02
2.62602382e+02 -1.77095047e-02 2.81101205e-02 3.13782809e-02 1.79596980e-02 1.98016348e-02 1.46102755e-02
2.65307742e+02 -2.68062393e-02 -2.22343482e-02 -2.29233118e-02 6.44754157e-03 1.21963797e-02 5.61186142e-03
2.68015412e+02 1.59940146e-02 1.75603871e-02 -8.59756143e-03 2.01511560e-02 1.32905061e-02 5.66612336e-03
