6.90771059e-01 1.62997027e-02 1.57995518e-02 4.57110766e-02 8.63190362e-03 1.10365847e-02 1.03961164e-02
3.38551301e+00 1.97565534e-02 2.49699066e-03 7.03125715e-02 6.70963068e-03 2.02223397e-02 7.76694594e-03
6.09106098e+00 -1.59675396e-03 -2.11279448e-02 3.56396992e-02 1.05418929e-02 1.33707976e-02 1.36418130e-02
8.78730333e+00 -4.38165600e-03 3.90012895e-03 3.35654450e-02 4.67057675e-03 1.48188080e-02 5.30661556e-03
1.14891119e+01 2.87260767e-02 2.68653483e-02 1.57030191e-02 1.57451850e-02 2.56569877e-02 1.76082378e-02
1.41928650e+01 6.98528471e-03 1.52741384e-02 2.58707378e-02 8.18056234e-03 1.36759865e-02 1.56655947e-02
1.68989416e+01 2.57332835e-02 -6.57770005e-03 2.64482917e-02 1.58989837e-02 2.10487066e-02 1.24771765e-02
1.96008682e+01 8.94251947e-03 7.67065266e-03 3.18612365e-02 8.83039075e-03 1.75737661e-02 1.89259984e-02
2.23072713e+01 6.56285239e-03 1.05256363e-02 3.08732567e-02 7.07347584e-03 1.18747292e-02 8.54904182e-03
2.50007057e+01 -1.88787453e-04 1.14277471e-02 4.44966852e-02 9.35281183e-03 8.32143329e-03 2.73754723e-02
2.77113900e+01 2.50454040e-02 2.95754703e-02 5.77943372e-02 2.24145712e-03 4.56918906e-03 2.79153489e-02
3.04106447e+01 -2.35353475e-02 1.75106142e-02 3.14643945e-02 1.15532493e-03 2.10243155e-03 2.26887663e-02
3.30992666e+01 -3.19082576e-02 3.11498209e-03 3.06541677e-02 3.46670713e-03 2.99404562e-03 1.95097261e-02
3.57841713e+01 -6.49478322e-02 4.69695803e-03 1.19202505e-02 1.89450616e-03 2.79153469e-03 1.97977506e-02
3.84852572e+01 -3.94081421e-02 4.24811695e-03 1.74160268e-02 3.14913068e-03 3.73296793e-03 2.68352671e-02
4.11777604e+01 -3.49707518e-02 3.05247343e-02 -1.34109451e-02 7.61562234e-03 5.77701665e-03 3.64922760e-02
4.38713166e+01 -2.75065301e-02 5.02618075e-02 -4.20998092e-02 2.62743732e-03 1.57020922e-02 1.42832327e-02
4.65685291e+01 -6.45109769e-03 -1.05409940e-02 -1.09734353e-01 1.17309490e-02 2.33217482e-02 1.52552490e-02
4.92672963e+01 3.02122404e-02 -2.32783247e-02 -1.80445011e-02 1.43683201e-02 2.83311616e-02 8.46838305e-03
5.19585463e+01 -2.50816167e-03 1.52005531e-02 -2.19274397e-02 1.17662707e-02 1.81972486e-02 7.93120853e-03
5.46618791e+01 -7.82430372e-03 -1.00181514e-02 -1.71835501e-02 8.35346972e-03 1.14174272e-02 1.78890550e-03
5.73565072e+01 -2.61646477e-02 -2.06633890e-02 -1.09172214e-02 5.87272889e-03 1.98283399e-02 1.11366606e-02
6.00585713e+01 2.36138632e-04 1.81297512e-04 -2.37116486e-02 6.74999713e-03 1.30821847e-02 7.90742058e-03
6.27562525e+01 -1.21096958e-02 -2.03533531e-02 -7.05094773e-03 9.48245411e-03 1.91601646e-02 1.06330688e-02
6.54618572e+01 6.40414986e-03 -2.54544812e-02 -7.11883768e-03 1.29703110e-02 2.74285545e-02 9.78622893e-03
6.81638963e+01 -1.36234758e-02 4.44110233e-04 1.31421725e-02 1.00993321e-02 1.78020522e-02 8.65499403e-03
7.08707104e+01 2.48051989e-03 1.29895156e-02 -2.29557110e-02 1.44891528e-02 1.75357509e-02 1.43964074e-02
7.35901291e+01 9.83177515e-03 5.33115235e-02 -1.97312851e-02 9.57446185e-03 2.15397606e-02 7.36216726e-03
7.62879557e+01 -2.25075221e-02 -1.50417316e-02 -2.68272825e-02 8.15504441e-03 1.81623289e-02 6.71126284e-03
7.89833619e+01 1.41126356e-03 -1.93085951e-02 4.29446947e-03 8.32487660e-03 1.80861892e-02 1.26103657e-02
8.16825588e+01 -1.08630927e-02 -4.74998341e-02 -3.03028224e-02 7.11463296e-03 2.35379215e-02 9.72553975e-03
8.43774182e+01 -2.06107242e-02 -4.29878761e-02 -3.94965870e-02 1.24040608e-02 1.76902116e-02 2.62418915e-02
8.70823744e+01 1.96506142e-02 -1.76454594e-02 -9.00039767e-02 1.22039995e-02 1.92679101e-02 3.29662529e-02
8.97780072e+01 2.30837119e-02 -1.91171681e-02 -4.82655231e-02 7.61501197e-03 1.58039459e-02 1.64117789e-02
9.24854057e+01 2.94764506e-03 -1.69907068e-02 -2.71445481e-02 1.25172654e-02 2.56870731e-02 2.23164595e-02
9.51838916e+01 -7.23932392e-03 -3.29508377e-02 -1.34578427e-02 1.16008622e-02 1.37066129e-02 8.87026859e-03
9.78876619e+01 2.19127327e-02 -2.53846232e-02 1.73117516e-03 1.31497639e-02 1.57913179e-02 9.69980802e-03
1.00586860e+02 1.09329563e-02 -6.12540890e-03 -3.45569112e-02 7.24628365e-03 2.48030296e-02 4.22805084e-03
1.03294517e+02 1.55130120e-02 2.02840908e-04 -3.83768034e-02 1.99783048e-02 1.42320666e-02 2.12439389e-02
1.05994563e+02 5.84050843e-03 -2.01321582e-02 -1.16579582e-01 5.73223600e-03 2.33259187e-02 1.09186498e-02
1.08689688e+02 3.26911189e-03 3.13554294e-02 -3.99393639e-02 9.05226246e-03 1.55983626e-02 1.19810296e-02
1.11385376e+02 -1.12797040e-02 -9.91366427e-03 -5.17107252e-02 1.06187727e-02 1.50791601e-02 7.32312804e-03
1.14088563e+02 -8.58048664e-03 -3.12535273e-02 -4.83575646e-02 2.83817877e-03 7.39820682e-03 2.71196531e-02
1.16781767e+02 -5.38434629e-03 -7.40248662e-05 -4.47320425e-02 1.19275869e-02 1.27934893e-02 6.10672002e-03
1.19490720e+02 -9.95891179e-03 2.17164727e-02 2.44541728e-03 6.18114636e-03 8.50765303e-03 1.63846042e-02
1.22185751e+02 9.09302618e-03 2.37338079e-02 -2.54903182e-02 1.04796313e-02 1.64785729e-02 7.47144812e-03
1.24876704e+02 -7.09276705e-03 3.88003192e-02 -1.58430203e-03 4.02274125e-03 1.59542367e-02 6.22549336e-03
1.27579642e+02 3.33786659e-03 3.25214397e-03 -3.69029291e-03 6.96131166e-03 1.56138147e-02 8.75004903e-03
1.30282173e+02 2.02098157e-02 1.06996753e-02 -3.62298998e-02 1.05917093e-02 8.39258994e-03 1.18063835e-02
1.32977157e+02 3.61259001e-02 -2.26497351e-02 -4.48720789e-02 7.19307982e-03 1.45978311e-02 1.48771881e-02
1.35685642e+02 1.31044478e-02 5.20459419e-03 6.38558585e-03 9.38526305e-03 1.09026170e-02 3.04409277e-03
1.38389923e+02 4.89244752e-03 2.35273282e-02 -4.51838154e-02 7.41056130e-03 8.08586310e-03 1.13151377e-02
1.41081251e+02 3.37877572e-03 5.83830094e-03 -8.01527790e-03 3.39763498e-03 5.67983868e-03 1.34859632e-02
1.43779438e+02 2.61183667e-03 -1.98272648e-02 -3.64921159e-02 3.97537943e-03 2.85331848e-03 1.81874687e-02
1.46478720e+02 -2.72954533e-02 -1.25416320e-02 3.84863257e-02 9.77030664e-03 2.63466169e-02 2.01773602e-02
1.49183251e+02 -1.85158007e-02 -7.85441694e-02 -3.59457255e-03 3.75887466e-03 2.54395390e-02 1.21074772e-02
1.51884595e+02 -2.60280047e-02 -4.31783821e-02 1.62060254e-02 1.52205313e-02 2.74886121e-02 2.73223606e-02
1.54583860e+02 -5.90097777e-03 6.81187098e-03 -3.26522995e-02 3.94003273e-03 2.79333362e-02 1.83025858e-02
1.57290845e+02 -3.99853942e-03 -1.47441180e-02 -4.02245883e-02 2.64681155e-03 2.07084376e-02 2.28489536e-02
1.59983673e+02 1.44372869e-02 -4.30129741e-02 -1.11943662e-02 1.60685936e-02 2.06774698e-02 5.89631901e-03
1.62691954e+02 1.04422483e-02 -3.71768928e-03 1.11578684e-02 5.57604868e-03 1.15335692e-02 9.95884386e-03
1.65389735e+02 5.77835149e-04 4.64512157e-02 1.71351739e-02 1.30653666e-02 1.94239122e-02 1.10319930e-02
1.68094376e+02 -2.95886818e-02 1.70055582e-02 5.04792255e-02 8.62418448e-03 1.49496074e-02 1.86599439e-02
1.70780532e+02 -6.82995065e-03 -4.01077461e-02 6.87902146e-02 9.43692289e-03 1.98724642e-02 6.79161528e-03
1.73484610e+02 -4.96117650e-02 -1.43839845e-02 2.68582010e-02 6.88001642e-03 1.98376814e-02 2.17815970e-02
1.76184063e+02 -1.62547252e-02 -4.19537647e-02 -1.31391272e-02 1.55059686e-02 2.22824842e-02 8.78093368e-03
1.78891610e+02 -4.66899520e-03 1.05917693e-02 -2.61861452e-02 1.18801916e-02 1.30192717e-02 2.06032465e-02
1.81601345e+02 -4.39089018e-02 2.99170403e-02 -3.03298571e-02 1.54413638e-02 2.04492527e-02 7.73400871e-03
1.84301517e+02 -6.16960113e-02 1.26233687e-03 4.53267055e-02 1.45392528e-02 2.40253607e-02 1.70647852e-02
1.86998751e+02 -4.69137629e-02 -3.96374725e-04 9.16246732e-02 1.31407806e-02 1.22048261e-02 7.45420383e-03
1.89703079e+02 -4.13656710e-02 2.56786445e-02 4.07359593e-02 1.31397604e-02 1.26669222e-02 1.01774626e-02
1.92406345e+02 -5.12169272e-02 1.81201620e-03 2.84877452e-02 7.63981988e-03 9.06176274e-03 4.21652268e-03
1.95107095e+02 -4.91009210e-03 2.89296063e-02 3.48937078e-02 1.80985619e-02 1.05625903e-02 1.00257202e-02
1.97811751e+02 -1.83397008e-02 3.63331218e-03 9.19506893e-04 1.40982123e-02 1.25544652e-02 3.83663694e-03
2.00519220e+02 -1.74360624e-02 -1.75607800e-02 3.54315374e-02 1.04580185e-02 6.92194929e-03 1.14264481e-02
2.03226798e+02 -1.19704956e-02 -1.23292875e-02 -4.57766558e-03 1.29678720e-02 4.24164357e-03 9.14640211e-03
2.05932751e+02 1.96989968e-02 -5.26913927e-02 2.07054903e-02 1.63958960e-02 4.96126860e-03 3.91456354e-03
2.08634579e+02 -7.22208860e-04 -1.86458976e-03 6.09987159e-02 9.67475610e-03 1.02102840e-02 5.28773713e-03
2.11340610e+02 3.46633769e-02 7.73374717e-03 3.92455499e-02 6.03267404e-03 1.00774197e-02 7.47245819e-03
2.14046110e+02 5.97108304e-05 2.79359737e-02 1.76810628e-02 2.11431172e-02 1.21914177e-02 4.27127298e-03
2.16749360e+02 -4.05906260e-02 1.54280023e-02 -1.08961483e-02 1.89236176e-02 2.15891376e-02 2.90859278e-02
2.19442548e+02 -4.94802155e-03 1.33705949e-02 -3.06117190e-02 1.17300797e-02 1.55595024e-02 3.78611402e-03
2.22147298e+02 -5.47860770e-02 -2.72000447e-02 -4.03003885e-02 5.99204128e-03 1.26513378e-02 1.42142570e-02
2.24844923e+02 -7.96677990e-03 -4.94919379e-02 -4.91241319e-02 2.19991596e-02 2.12799510e-02 1.27181299e-02
2.27536938e+02 3.18257356e-03 1.82876428e-02 -7.38370082e-03 1.13328762e-02 1.97913130e-02 1.15288475e-02
2.30229923e+02 2.40487248e-02 1.68483818e-02 2.29709123e-02 1.46340108e-02 2.00651617e-02 1.36109310e-02
2.32930142e+02 4.31845809e-03 2.86188223e-02 7.36193211e-03 1.52003174e-02 2.27693580e-02 1.78289684e-02
2.35621126e+02 2.15072986e-04 7.08768818e-03 3.00756141e-02 1.28779695e-02 2.74831914e-02 1.95406441e-02
2.38326720e+02 1.65532410e-02 -9.75894945e-03 6.80783585e-03 2.15664712e-02 1.82637868e-02 6.55258046e-03
2.41020329e+02 -2.05933770e-02 -1.99693445e-02 -2.75344431e-02 6.91419737e-03 1.69207427e-02 1.42215642e-02
2.43729501e+02 -1.01316019e-02 7.49316404e-03 -6.82162621e-02 2.12113534e-02 2.56093536e-02 7.27193037e-03
2.46428017e+02 -2.90300135e-02 6.25999483e-02 -5.39315363e-02 1.12017535e-02 1.85518871e-02 2.12606352e-02
2.49120438e+02 -3.29352841e-04 4.11428133e-02 1.10829628e-02 6.46189803e-03 1.55516484e-02 1.36482968e-02
2.51826298e+02 -1.71828660e-02 1.88697416e-02 -3.69100866e-03 1.73432887e-02 1.81072318e-02 1.44895433e-02
2.54530142e+02 -1.71861599e-02 -3.86416392e-02 1.34401700e-02 1.19602929e-02 2.47558852e-02 1.62074620e-02
2.57230720e+02 -1.62528919e-02 3.18243842e-03 1.09257574e-02 1.90013616e-02 2.04922444e-02 9.18737267e-03
2.59930767e+02 -2.92520972e-02 -7.15962201e-03 -4.48764647e-03 1.12903282e-02 2.17204682e-02 1.65582538e-02
2.62630157e+02 -8.09364296e-03 1.99404249e-02 8.90291750e-04 1.31716595e-02 1.01318942e-02 8.05847914e-03
2.65331657e+02 2.80331623e-02 -1.88111308e-03 1.00972569e-02 1.24128308e-02 1.42553602e-02 1.37574454e-02
2.68027325e+02 7.78115543e-03 4.64225835e-03 2.97405545e-02 8.49086016e-03 1.24589942e-02 1.72528018e-02
