6.72837510e-01 -5.10945797e-03 2.19184344e-02 5.62071938e-02 1.62369740e-02 2.02652984e-02 1.10794826e-02
3.37524261e+00 -5.65449318e-03 -1.74591714e-02 3.41704269e-02 7.32061772e-03 1.71710673e-02 7.47706756e-03
6.07600793e+00 2.29071020e-03 1.79657451e-02 3.11806740e-02 1.39508531e-02 2.24118727e-02 1.28764948e-02
8.77446496e+00 -2.40703389e-03 -1.40436863e-02 -3.22814963e-02 1.11700198e-02 9.82855779e-03 8.16480729e-03
1.14798661e+01 1.62741116e-02 3.34992828e-03 2.14768530e-02 1.50008680e-02 2.03524887e-02 1.83136760e-02
1.41729301e+01 -1.58108001e-02 -1.20025602e-02 -2.07088473e-02 6.83818512e-03 1.49073012e-02 1.13853145e-02
1.68710301e+01 7.27303712e-03 -9.06736515e-03 6.27738411e-02 1.48689778e-02 2.30854470e-02 5.32860727e-03
1.95758832e+01 -5.50013748e-03 -1.27560841e-02 2.89129028e-02 2.17619777e-03 1.32649815e-02 1.31909706e-02
2.22780098e+01 2.37643171e-03 -2.01597438e-02 3.83599748e-02 5.00852106e-03 5.11713173e-03 1.38441209e-02
2.49707832e+01 3.03256847e-03 2.62955382e-02 4.23706259e-02 4.45373816e-04 7.63069215e-04 2.71986476e-02
2.76784254e+01 -6.07763385e-03 5.59038207e-03 1.33395782e-02 6.05104898e-04 2.31068429e-03 2.04707069e-02
3.03760426e+01 -2.78259174e-02 1.09332227e-02 1.66992369e-02 2.96335815e-03 5.27656032e-03 2.30933291e-02
3.30828801e+01 1.43571896e-02 1.38816637e-02 1.54549094e-03 3.44783105e-03 8.46244560e-03 3.05472188e-02
3.57804457e+01 2.44399622e-02 1.54984499e-02 5.68861993e-03 3.99805066e-03 9.40100895e-03 1.86666925e-02
3.84790114e+01 -1.84374654e-02 1.81314143e-02 -2.17990624e-02 7.97599860e-03 1.88369442e-02 1.09870924e-02
4.11936036e+01 1.62289137e-02 1.21647892e-02 -5.16024436e-02 1.03569308e-02 1.21517921e-02 6.45215884e-03
4.38930317e+01 3.52890564e-03 1.41821226e-02 -2.13758100e-02 8.24539484e-03 2.00102696e-02 5.58182482e-03
4.65946348e+01 -7.70761527e-04 -2.90127885e-02 -2.28628277e-02 1.24709577e-02 1.69335797e-02 1.35533899e-02
4.93060223e+01 -1.26952139e-02 -1.21461314e-02 -7.73722501e-02 9.11412387e-03 1.98486880e-02 1.61217461e-02
5.20016707e+01 -2.08354327e-02 -3.76392853e-02 -5.40071400e-02 1.17529002e-02 3.16726305e-02 2.39023534e-02
5.47048317e+01 1.82497291e-02 7.66648050e-06 -1.20350295e-01 1.58118995e-02 1.86957037e-02 1.45042489e-02
5.73908473e+01 -2.37783752e-02 4.14469474e-03 -4.52613503e-02 1.14041670e-02 1.41557284e-02 2.11637645e-02
6.00973707e+01 2.30346897e-03 -2.76170028e-02 -7.12936250e-02 6.76550055e-03 1.68564434e-02 1.65496440e-02
6.27852098e+01 -2.70017209e-02 -1.21840857e-02 -6.35437423e-02 9.89378536e-03 1.96611986e-02 1.37791313e-02
6.54755598e+01 -3.05827544e-02 -3.60130715e-02 -9.07373245e-02 1.31782196e-02 3.31148220e-02 1.76274631e-02
6.81749785e+01 -8.91145989e-03 1.08202918e-02 -6.67532623e-02 1.12464898e-02 1.97715928e-02 4.18507411e-03
7.08700223e+01 7.74077391e-03 2.75836992e-02 -5.61827493e-02 1.08181107e-02 2.69938155e-02 1.33363504e-02
7.35685004e+01 3.05411734e-03 1.21752247e-03 -4.81714640e-02 8.17479409e-03 2.36288708e-02 8.15831151e-03
7.62593161e+01 -3.04244720e-04 -5.09468154e-03 -6.24217431e-02 1.30103697e-02 2.14326324e-02 1.00538225e-02
7.89535129e+01 2.11521014e-02 1.23070042e-02 -5.42525933e-02 4.81292171e-03 1.61565779e-02 1.26560514e-02
8.16624661e+01 2.66940729e-02 -2.63226375e-02 -7.71374791e-02 9.86620072e-03 2.25571554e-02 5.14151145e-03
8.43684442e+01 3.47869459e-02 1.60188276e-02 -2.99162972e-02 1.23717052e-02 1.35567633e-02 1.27987587e-02
8.70747895e+01 1.69443908e-02 5.75444124e-02 -3.11992175e-02 1.05390614e-02 1.76482964e-02 8.52468805e-03
8.97825176e+01 9.66563041e-03 1.86171962e-02 -4.23795710e-02 1.19496639e-02 1.97509278e-02 7.25105429e-03
9.24893364e+01 7.66197541e-03 2.70644505e-02 -3.25646545e-02 6.28519328e-03 1.61015963e-02 3.85468049e-03
9.51909286e+01 9.17351125e-03 1.85534624e-02 -1.27319550e-02 1.39549425e-02 1.64011401e-02 7.29489147e-03
9.79012379e+01 8.95795807e-03 -9.23104962e-03 -4.90524261e-02 1.26984923e-02 2.88624183e-02 8.64365597e-03
1.00595280e+02 1.10033462e-02 5.17450865e-02 -3.72690407e-02 2.29074465e-02 2.42825481e-02 4.90334762e-03
1.03307905e+02 5.34161169e-03 2.03361217e-02 -6.79861107e-02 1.05405043e-02 2.58435243e-02 1.12938232e-02
1.05998843e+02 -1.85870779e-02 -1.61685452e-02 -5.31272854e-02 1.16744818e-02 2.42784636e-02 8.20339263e-03
1.08699483e+02 3.99032937e-04 -3.65517695e-02 -4.28254975e-02 9.85639941e-03 2.27022459e-02 1.06061118e-02
1.11391686e+02 -1.08515602e-02 -2.29732066e-02 -6.65033231e-03 5.34451391e-03 1.46529517e-02 1.01461425e-02
1.14101358e+02 1.52720380e-02 -1.31729212e-03 -3.97385536e-02 7.22284630e-03 2.29874106e-02 5.89030260e-03
1.16802155e+02 2.35060980e-03 -5.90588823e-03 -4.66302126e-02 1.38697478e-02 2.11668875e-02 5.44037099e-03
1.19501280e+02 1.54951090e-02 1.63551346e-02 -9.39385712e-03 5.81745986e-03 1.11054753e-02 6.97639697e-03
1.22201733e+02 5.22294364e-03 1.71694074e-02 -1.12140810e-02 7.20459665e-03 1.44580772e-02 6.05700936e-03
1.24903358e+02 -2.46894138e-03 -6.02767880e-03 -3.85830631e-03 1.32495469e-02 1.54988427e-02 2.04181235e-02
1.27596014e+02 -1.78336245e-03 -4.21491576e-02 3.71686117e-02 9.05032018e-03 1.09102933e-02 7.15642157e-03
1.30296608e+02 -6.63768743e-03 -1.44976244e-02 -1.59648812e-02 1.38920128e-02 2.72825568e-02 1.52959408e-02
1.33001874e+02 1.23379025e-02 2.58216969e-02 -7.47589023e-03 7.46258822e-03 1.73856674e-02 1.29367066e-02
1.35710702e+02 7.86469296e-03 4.40597575e-02 -7.00970220e-02 1.00157479e-02 1.25708339e-02 1.13897390e-02
1.38394546e+02 -2.21546797e-02 8.70329277e-03 -3.72705787e-02 6.84025609e-03 1.91896324e-02 1.18771324e-02
1.41103108e+02 -2.06084508e-03 -1.80392213e-02 -5.36248108e-02 5.00111381e-03 5.86691815e-03 1.36976801e-02
1.43789593e+02 -6.49013166e-03 -3.83554233e-02 -3.78348119e-02 3.75330575e-03 6.93802819e-03 2.02950520e-02
1.46477499e+02 8.14612595e-02 6.04187795e-04 -3.33467655e-02 8.81349692e-03 2.74304785e-02 2.24715385e-02
1.49173249e+02 3.79256922e-02 -1.65338839e-02 -5.84066170e-03 2.20855313e-03 3.15296077e-02 2.15200410e-02
1.51878983e+02 -2.96943181e-02 -2.22335628e-03 -1.79161213e-03 6.37167292e-03 2.01203351e-02 9.42082776e-03
1.54575905e+02 -3.71513232e-02 -2.19905715e-02 -3.44624651e-02 1.31191075e-02 2.55271864e-02 2.00512245e-02
1.57272639e+02 -1.39006633e-02 -1.43751122e-02 1.51449728e-02 3.82733447e-03 2.54064398e-02 1.97118346e-02
1.59969733e+02 -4.24011315e-02 -2.98753357e-02 1.90963751e-02 1.50126205e-02 1.55365564e-02 1.55179668e-02
1.62679171e+02 -5.39877750e-02 -4.09970058e-02 1.51894587e-02 7.45698713e-03 2.19524425e-02 7.14101922e-03
1.65375827e+02 -4.98599489e-02 9.00524946e-03 -5.55308141e-03 3.92300697e-03 1.54087792e-02 8.82289888e-03
1.68076577e+02 -5.98134905e-03 4.35586014e-03 -1.81525529e-02 1.79487175e-02 1.29367953e-02 1.86097643e-02
1.70769593e+02 2.03275378e-02 -1.03549068e-03 7.31394795e-03 7.71346314e-03 2.00075115e-02 8.17907157e-03
1.73475468e+02 2.42772424e-02 -3.26953564e-02 -1.26449431e-02 1.41838072e-02 1.92953188e-02 9.72125995e-03
1.76179577e+02 -5.28610789e-02 -9.56739697e-03 -1.29058216e-02 4.37666702e-03 1.57255797e-02 1.83195743e-02
1.78882577e+02 -3.67606628e-02 -2.03178914e-02 -5.72388857e-03 1.00803921e-02 1.97855445e-02 1.43968909e-02
1.81593608e+02 -1.05660635e-01 4.27223459e-02 -2.26953350e-02 2.22882338e-02 1.57185240e-02 8.95329742e-03
1.84291827e+02 -2.68964331e-02 8.16462658e-04 -2.08710122e-02 8.94548534e-03 1.96817473e-02 1.73239791e-02
1.86987202e+02 2.68028434e-03 -2.35439743e-02 -1.23785826e-02 1.56215768e-02 1.70942262e-02 8.03641848e-03
1.89705030e+02 -6.30266545e-03 -2.36910900e-02 -7.21285461e-02 2.26686622e-02 1.99061657e-02 1.23849859e-02
1.92405077e+02 -7.60325626e-02 -8.00410966e-03 1.17821020e-02 7.27387638e-03 1.01854022e-02 1.85496304e-02
1.95119452e+02 -8.20806419e-02 -3.19617674e-03 7.79838569e-03 2.06941233e-02 1.15251949e-02 1.67491729e-02
1.97816014e+02 -5.94274238e-02 4.16792147e-02 -2.21550422e-02 6.06654630e-03 1.37973995e-02 6.58009907e-03
2.00521530e+02 -6.25636851e-02 4.00745000e-02 4.61458012e-03 1.53903149e-02 1.71453090e-02 1.45274585e-02
2.03216983e+02 -3.38948092e-02 4.57323789e-02 -1.02994208e-03 1.65586894e-02 1.91968476e-02 3.23396774e-03
2.05916421e+02 -5.72219382e-02 3.14484987e-02 1.57392428e-02 1.10454260e-02 1.98033239e-02 2.22796014e-02
2.08612764e+02 -1.29450588e-02 -1.05861368e-02 2.46495927e-02 1.30715951e-02 1.58316030e-02 1.30273508e-02
2.11297218e+02 -9.84009390e-03 9.86348240e-03 -9.95723717e-03 2.11387393e-02 2.73611071e-02 2.11331662e-02
2.14004999e+02 4.79596763e-03 -9.23040870e-03 -3.59970420e-02 1.25682567e-02 2.38083885e-02 1.11426529e-02
2.16707827e+02 -6.23596626e-02 -1.19379225e-02 -1.92736872e-02 1.74686648e-02 2.21473336e-02 1.20897012e-02
2.19398389e+02 -1.80363295e-02 -4.23738604e-02 1.69982282e-02 1.13995769e-02 2.50589452e-02 1.70871348e-02
2.22088640e+02 -1.48475093e-02 2.42855777e-02 9.73418816e-03 1.31540985e-02 1.71134613e-02 1.55891452e-02
2.24785389e+02 -6.26564579e-02 -5.22939222e-03 5.60749325e-02 1.46482842e-02 1.39922278e-02 4.70201398e-03
2.27485546e+02 -7.81744044e-02 3.52879443e-02 5.07414081e-02 1.45168165e-02 1.57495067e-02 8.95841190e-03
2.30186874e+02 -9.32881320e-02 3.07356460e-02 3.48063458e-02 3.11097838e-02 1.18496403e-02 1.30935376e-02
2.32876468e+02 -3.81223203e-02 -1.61374101e-02 3.97338978e-02 1.03504726e-02 1.70364593e-02 5.24572128e-03
2.35576171e+02 -4.69774720e-02 -1.44084699e-02 1.33340104e-02 2.79669870e-02 1.47191449e-02 1.67929205e-02
2.38286436e+02 -2.61088502e-02 7.65196950e-03 1.92204948e-02 9.32368723e-03 2.40088724e-02 8.06517370e-03
2.40984436e+02 -1.86931406e-02 1.11300181e-02 2.06606187e-02 9.31045469e-03 2.39096393e-02 1.65427313e-02
2.43680936e+02 -1.79376587e-02 3.22476725e-03 4.63060061e-02 6.55285869e-03 1.12712164e-02 7.03649602e-03
2.46382936e+02 -4.19502661e-02 -2.50883482e-02 1.68707771e-02 1.62570495e-02 1.35732522e-02 9.25882281e-03
2.49080389e+02 -6.96292960e-03 2.58966830e-02 1.49188699e-02 6.73626526e-03 1.88960255e-02 9.75190605e-03
2.51775968e+02 2.48650732e-03 7.64639187e-04 2.49435021e-02 1.92743053e-02 1.46300874e-02 1.52388439e-02
2.54488061e+02 -1.31771307e-02 -2.38946879e-02 1.60193866e-02 1.56098622e-02 1.58570125e-02 4.30916272e-03
2.57185218e+02 1.75523188e-02 -7.35011684e-03 3.88268060e-02 1.42308006e-02 2.06757831e-02 1.45422127e-02
2.59893593e+02 -1.10476499e-02 -4.25704610e-02 5.64035598e-02 1.54016935e-02 2.54137721e-02 9.44989109e-03
2.62588280e+02 -4.88194796e-03 2.05440659e-03 8.44812204e-02 1.26237431e-02 1.63116958e-02 1.52825220e-02
2.65294139e+02 1.55392475e-03 3.62073796e-02 4.62059342e-02 1.46703214e-02 1.37945352e-02 6.43526087e-03
2.67994640e+02 7.98664843e-05 -3.25611444e-02 3.82554921e-02 1.16173750e-02 2.68984157e-02 9.00795639e-03
