6.63729055e-01 3.38666566e-03 -5.78814211e-03 5.31496246e-02 6.70225145e-03 1.60504189e-02 1.39507465e-02
3.36737136e+00 -1.98909225e-02 -1.58104851e-02 6.03262777e-02 1.33647160e-02 2.40590468e-02 1.88902560e-02
6.06019293e+00 -3.51795926e-03 -1.73012977e-02 5.01155499e-02 6.71711526e-03 1.80259581e-02 1.24463885e-02
8.76979543e+00 9.66325402e-03 5.00433987e-03 3.70958851e-02 1.96423380e-02 2.17681641e-02 1.39261228e-02
1.14656189e+01 -8.70103392e-03 3.61816883e-03 1.90044124e-02 1.05340714e-02 1.70185240e-02 1.01746810e-02
1.41743595e+01 1.52357805e-02 -3.25791729e-02 5.22998486e-02 1.32796491e-02 1.80210082e-02 1.46628293e-02
1.68793829e+01 4.47828786e-03 -4.61839491e-02 1.89789838e-02 2.94529094e-03 6.77755124e-03 2.39045061e-02
1.95836704e+01 -1.27675626e-02 4.16142452e-03 3.43007284e-02 3.31228028e-03 3.29954997e-03 2.06962621e-02
2.22715220e+01 -2.32073259e-02 9.28394670e-03 2.04063749e-02 5.80310927e-03 2.72582315e-03 3.31854323e-02
2.49806501e+01 -2.40621978e-02 -1.98763771e-02 3.49529709e-03 3.00071707e-03 3.05971334e-03 7.42365632e-03
2.76842079e+01 3.09867762e-03 -5.04244137e-03 -3.04168282e-02 6.80624047e-03 9.64454196e-03 9.62523019e-03
3.03677079e+01 -1.57134127e-02 -4.42154390e-02 -4.64318764e-03 8.47395016e-03 1.79808928e-02 6.87340397e-03
3.30560142e+01 -4.93416983e-03 -2.97803859e-02 3.89740826e-02 1.12289872e-02 1.07120141e-02 1.38591822e-03
3.57625376e+01 -1.18190572e-02 -3.08636008e-02 -8.14476690e-02 5.67838569e-03 2.87186565e-02 1.16325314e-02
3.84624548e+01 1.49670573e-02 -1.10661059e-02 -6.26096188e-02 1.58118422e-02 2.60912897e-02 7.11116888e-03
4.11556392e+01 9.31639476e-03 -1.01098790e-02 -4.25819093e-02 8.10979796e-03 2.13062651e-02 9.71587003e-03
4.38641407e+01 2.66914127e-03 -1.52284639e-02 -1.65618095e-02 1.13980111e-02 2.15703679e-02 7.50003819e-03
4.65740892e+01 2.48065698e-02 6.43977091e-03 -4.10222516e-02 1.07731251e-02 1.74243011e-02 1.31096413e-02
4.92651392e+01 -2.06994057e-02 -2.75916757e-03 -1.17839373e-02 1.07651077e-02 2.04253600e-02 6.64115347e-03
5.19738423e+01 1.30057841e-02 -1.60378477e-03 -3.66649479e-02 1.05056023e-02 2.17638170e-02 1.02433462e-02
5.46714236e+01 -3.31710506e-03 -2.34546348e-02 -8.18263714e-03 1.00029063e-02 1.96016362e-02 8.05895162e-03
5.73900485e+01 2.66232997e-02 4.36024988e-03 -7.54485971e-02 1.06336777e-02 1.45148703e-02 3.12148133e-02
6.00905282e+01 -2.04433649e-03 1.13033848e-02 -2.26252830e-02 1.75070795e-02 1.78582131e-02 1.40039890e-02
6.27954626e+01 -9.78275579e-03 -4.85919701e-03 -2.54395007e-02 5.81016539e-03 2.33322131e-02 1.04295184e-02
6.54893704e+01 6.77615777e-03 3.23853104e-02 -8.77813811e-03 1.04914399e-02 2.20702307e-02 1.62282177e-02
6.81973095e+01 -2.71645069e-03 -7.79979173e-03 -3.35589725e-02 1.45466200e-02 1.68780587e-02 1.81483984e-02
7.09110814e+01 1.11751609e-02 -3.39006029e-03 -2.99253387e-02 1.06242850e-02 2.13986300e-02 1.18676435e-02
7.36172407e+01 2.23636591e-02 3.17415652e-02 -8.43299229e-02 9.89782132e-03 1.78129692e-02 2.17159182e-02
7.63099939e+01 -8.13251418e-03 1.42726092e-02 -2.24179461e-02 1.56575543e-02 2.70932169e-02 8.35626670e-03
7.90094454e+01 -1.15899143e-02 -2.02213877e-02 -6.26841458e-02 1.46850709e-02 2.26889951e-02 1.51105729e-02
8.17156892e+01 -7.31859071e-03 -1.11200176e-02 -8.00436836e-02 1.32774434e-02 1.23485694e-02 1.00708846e-02
8.44107329e+01 2.28548909e-03 -9.34997751e-03 -7.63400811e-02 1.54325815e-02 1.76682598e-02 2.72277521e-02
8.71046829e+01 -1.79947302e-02 1.32746109e-02 -8.60000561e-02 7.65351559e-03 2.47694255e-02 1.43692600e-02
8.98021032e+01 -7.24568028e-03 -1.76525585e-02 -8.66450168e-02 1.75223656e-02 2.31429674e-02 1.02182322e-02
9.24963907e+01 -1.33068805e-02 -4.68450743e-02 -3.62487246e-02 8.18457153e-03 2.37339432e-02 7.84362092e-03
9.51993657e+01 -6.24168705e-03 -7.11839474e-02 -8.01599657e-02 9.10094179e-03 1.12491104e-02 1.34116605e-02
9.79015923e+01 -1.95896788e-03 -2.83538718e-02 -7.18745513e-02 1.06298594e-02 1.78856707e-02 8.93037880e-03
1.00597427e+02 -8.72141323e-03 5.57134247e-03 -1.10944090e-01 8.69655238e-03 2.13054309e-02 1.49056330e-02
1.03301974e+02 -1.96797312e-02 2.08402080e-02 -8.87637347e-02 8.63196419e-03 1.80239565e-02 2.34183637e-02
1.05994552e+02 -1.17850450e-02 1.37706890e-02 -9.57321125e-02 6.73124966e-03 1.57120808e-02 1.85781676e-02
1.08692567e+02 5.29690743e-03 -5.31479996e-03 -3.63280510e-02 1.18657312e-02 1.94962514e-02 2.16543769e-02
1.11390270e+02 1.90484216e-02 1.83643843e-02 -1.72735232e-02 1.07447119e-02 1.86678402e-02 1.89076896e-02
1.14093630e+02 -9.35104172e-04 -1.62805687e-02 -2.68041051e-02 1.14655528e-02 1.37699854e-02 2.11203322e-02
1.16795224e+02 9.62477957e-03 3.18118086e-02 -8.45319327e-02 1.50767107e-02 1.75977064e-02 2.61741906e-02
1.19496489e+02 9.64217660e-03 4.62461265e-02 -5.30942776e-02 1.38862108e-02 1.69457560e-02 9.74002531e-03
1.22201739e+02 -1.20396267e-03 2.15975231e-03 -9.75328475e-02 1.45950138e-02 1.66777839e-02 1.45940313e-02
1.24899833e+02 -1.74215657e-02 1.65321634e-02 -7.31437089e-02 7.26056579e-03 2.42705523e-02 1.39503753e-02
1.27591270e+02 -1.55667468e-02 1.15737399e-02 -3.54652349e-02 1.41286511e-02 2.91983139e-02 9.87631679e-03
1.30290286e+02 1.21715188e-02 -1.16932238e-02 -6.20194527e-02 1.26069394e-02 1.65785463e-02 1.59040998e-02
1.33003817e+02 3.16379332e-02 -3.37787222e-03 -6.48165282e-02 1.30236272e-02 2.29637243e-02 2.45668348e-02
1.35696114e+02 -3.23504074e-03 -1.74621358e-02 -3.01899030e-02 7.87384335e-03 1.76330964e-02 1.34036864e-02
1.38390770e+02 -2.08200752e-03 4.29170888e-03 -4.20911458e-02 1.37301299e-02 1.51339319e-02 1.12205662e-02
1.41081599e+02 -1.02521298e-02 -2.18990252e-02 -1.50567297e-02 8.57681748e-03 1.50986626e-02 1.03199471e-02
1.43780895e+02 -1.22547999e-02 -7.26261203e-03 -3.15123390e-02 1.45121084e-02 2.41697601e-02 8.91260840e-03
1.46476942e+02 6.85066284e-02 -1.24290935e-02 1.61927735e-03 1.20979702e-02 1.66333492e-02 1.43245050e-02
1.49177333e+02 3.51926608e-02 2.11520787e-02 4.13033538e-02 9.20112679e-03 1.22779329e-02 1.41306814e-02
1.51893255e+02 1.64245715e-02 4.60715661e-02 1.35203015e-02 9.26524749e-03 2.61889207e-02 1.00760485e-02
1.54592286e+02 1.15101632e-03 6.02311748e-02 2.40285421e-02 4.55816480e-03 2.44998600e-02 2.51536423e-02
1.57295489e+02 -2.45255320e-02 1.89253211e-02 2.85492447e-02 4.19407724e-03 3.09672954e-02 1.54368880e-02
1.59987083e+02 -6.40915184e-02 -7.60950449e-03 3.10588814e-02 6.59781996e-03 3.54439148e-02 2.59644796e-02
1.62683208e+02 -3.67127533e-02 6.52536195e-03 2.38817019e-02 1.01869071e-02 2.93676504e-02 1.05590883e-02
1.65372989e+02 -1.49310444e-02 6.09881333e-03 6.06552075e-03 7.25772641e-03 3.02636544e-02 1.38090828e-02
1.68078599e+02 -2.86577048e-03 4.05902714e-02 -1.24074328e-02 7.40962421e-03 2.84852766e-02 1.56603455e-02
1.70791724e+02 -5.63743661e-02 2.59276154e-03 -2.65914693e-02 9.41338512e-03 1.30434774e-02 1.67624785e-02
1.73488692e+02 -3.62292046e-02 -6.63276554e-03 5.21796343e-03 9.59048687e-03 1.88099284e-02 1.13430696e-02
1.76181442e+02 -3.53316826e-02 -3.99413418e-02 2.60115184e-02 1.05262446e-02 2.25324610e-02 2.78478896e-02
1.78866302e+02 -8.74387697e-03 3.22476066e-02 4.19001766e-02 1.42795642e-02 1.48057328e-02 1.12107485e-02
1.81566927e+02 -4.86238613e-03 7.48755634e-03 -1.14178457e-02 1.37624532e-02 2.38205299e-02 1.54722043e-02
1.84266786e+02 -5.98015930e-02 6.17111254e-02 -2.61556078e-02 7.56932863e-03 9.87034822e-03 7.68307956e-03
1.86972708e+02 -4.55464735e-02 3.18881878e-02 -4.95888211e-02 1.86361933e-02 1.68109919e-02 1.10285796e-02
1.89676364e+02 -9.09663098e-02 -1.69671338e-02 -4.36025475e-02 8.36483669e-03 1.88591040e-02 9.84687219e-03
1.92375739e+02 -5.67153368e-02 -1.88572139e-02 -1.87342256e-03 1.68544115e-02 1.94595280e-02 1.41028595e-02
1.95061505e+02 -6.22401513e-02 1.35098936e-03 1.44380740e-02 4.19117545e-03 1.57259090e-02 7.66150644e-03
1.97760614e+02 -6.44518491e-02 -2.17982186e-02 -2.95006946e-03 1.99042430e-02 2.36706372e-02 1.78943064e-02
2.00452489e+02 -5.51273316e-02 -3.45352822e-03 -6.53043332e-03 9.54778063e-03 1.74374793e-02 7.74413361e-03
2.03146177e+02 -1.07981403e-02 -1.24818466e-02 4.86854022e-02 9.59088463e-03 2.44591293e-02 2.26939666e-02
2.05862442e+02 -3.55343283e-02 -3.28891997e-02 4.71415375e-02 1.17096065e-02 1.77508000e-02 5.23309779e-03
2.08560755e+02 -7.14047477e-02 -5.51611889e-03 3.32895003e-02 9.87765101e-03 2.19296211e-02 1.51156021e-02
2.11267286e+02 -8.70376064e-02 1.86002424e-02 9.79524571e-03 1.04426883e-02 2.30329529e-02 6.84361677e-03
2.13970005e+02 -2.42699460e-02 -2.01356875e-02 -3.31085853e-02 6.60356734e-03 1.64365833e-02 8.36324732e-03
2.16680317e+02 1.06428047e-02 -2.21542810e-02 3.60396181e-03 2.59882425e-02 1.96787022e-02 1.18300784e-02
2.19391880e+02 -6.48269424e-02 7.88562303e-04 3.63324305e-02 1.02534596e-02 1.21923158e-02 4.11515113e-03
2.22086224e+02 -4.24913214e-02 -4.08856352e-02 1.17918707e-02 1.88946387e-02 1.58334474e-02 1.53223040e-02
2.24778208e+02 -1.40048318e-02 -4.35841225e-02 3.50691242e-02 7.38858582e-03 1.17334350e-02 6.96884939e-03
2.27475270e+02 -3.95330083e-02 -4.83290240e-02 5.25335716e-02 2.23469396e-02 1.85900496e-02 7.25488981e-03
2.30172614e+02 5.33206284e-03 -1.02956355e-02 5.46504221e-02 7.52582370e-03 1.42645914e-02 1.42950984e-02
2.32873364e+02 -1.20704539e-02 3.79228497e-03 1.82261565e-02 1.95655015e-02 1.72846768e-02 1.83489676e-02
2.35582786e+02 -3.16217896e-02 -1.83052046e-02 -5.61666651e-03 1.40259763e-02 2.06711875e-02 3.19741772e-03
2.38289552e+02 -8.96500377e-02 -2.92862014e-02 3.15995999e-03 1.40253787e-02 2.21889239e-02 1.55731484e-02
2.40981614e+02 -2.04075768e-02 -2.99724319e-02 3.40090805e-02 1.26741215e-02 1.96278555e-02 9.88872729e-03
2.43674474e+02 -3.23617293e-02 -8.08718883e-02 6.01319551e-02 1.09117881e-02 2.06587759e-02 1.35870628e-02
2.46377380e+02 -2.37554055e-02 -6.74175289e-04 2.85243368e-02 1.87488180e-02 2.10469058e-02 8.18564329e-03
2.49076114e+02 -3.74021305e-02 1.88319854e-02 2.37624606e-02 7.85835404e-03 2.37932394e-02 2.02698151e-02
2.51772802e+02 -4.82925356e-02 8.67330372e-03 5.72603354e-02 1.21781513e-02 2.20131607e-02 1.88095195e-02
2.54481739e+02 -1.40670151e-03 2.13573306e-02 2.81893677e-02 1.30150512e-02 2.17517490e-02 1.70257514e-02
2.57171145e+02 2.14935654e-02 -1.07171265e-02 3.23237500e-02 2.24193283e-02 2.60523322e-02 1.85513694e-02
2.59868864e+02 8.61548931e-03 3.66338711e-02 3.81360085e-02 9.64672251e-03 1.50957202e-02 2.88459612e-02
2.62563395e+02 -6.02401575e-03 -2.14841327e-02 7.31214130e-02 2.85624395e-03 8.63869239e-03 4.89621898e-03
2.65265958e+02 -1.26992471e-05 1.43322827e-02 4.88782155e-02 1.38105688e-02 2.06431677e-02 1.89658371e-02
2.67968620e+02 -8.54744963e-03 3.35310624e-02 4.94193957e-02 6.13686207e-03 2.13688187e-02 1.76013641e-02
