6.75006736e-01 2.24084997e-02 -2.14924168e-03 5.69477027e-02 1.26268065e-02 2.71170266e-02 1.54373684e-02
3.38039137e+00 1.12122517e-02 1.50998356e-02 6.82309469e-03 1.12602922e-02 2.22983862e-02 5.38824242e-03
6.07173887e+00 7.68156317e-03 -1.06862613e-02 2.30133363e-02 1.23790781e-02 2.38327952e-02 5.25777168e-03
8.78109871e+00 2.34502668e-02 2.79228084e-02 3.88697886e-02 9.10654719e-03 1.38686264e-02 1.36536704e-02
1.14781517e+01 2.48646097e-03 5.16624210e-03 4.17929846e-02 1.06221666e-02 1.10335387e-02 2.03933150e-02
1.41731954e+01 1.51187413e-03 -2.12046075e-02 4.82317053e-02 8.27510548e-03 1.00417920e-02 6.31021907e-03
1.68649251e+01 -6.13718408e-04 3.20710175e-02 2.57433961e-02 4.67454312e-03 1.18487243e-02 1.80185979e-02
1.95630626e+01 2.26554397e-03 2.62450819e-02 1.44832902e-02 3.02112315e-03 5.01176027e-03 9.43383081e-03
2.22644751e+01 4.18799375e-02 3.30101662e-02 -3.90259690e-02 3.06689595e-03 1.66620094e-03 1.52728649e-02
2.49633032e+01 2.67420054e-03 5.66012154e-02 -3.53338727e-02 3.36885844e-03 4.01339120e-03 3.05049051e-02
2.76720173e+01 5.93289036e-03 -3.32098176e-04 -8.56102920e-02 1.17457156e-02 8.85938997e-03 1.18979817e-02
3.03622486e+01 2.60155694e-03 4.73279091e-02 -1.68242543e-02 4.14338711e-03 7.72623965e-03 1.61753243e-02
3.30566642e+01 1.47198900e-02 5.19046961e-03 -6.87008655e-02 8.82807817e-03 1.55481347e-02 1.04692898e-02
3.57650079e+01 2.11067091e-02 4.88972630e-02 -4.15518714e-03 1.08832645e-02 9.01425530e-03 2.58671004e-02
3.84690470e+01 -5.53860516e-03 3.14591029e-02 -2.99549267e-02 9.94373598e-03 1.64445644e-02 1.46683178e-02
4.11686079e+01 2.32989569e-02 1.31868391e-02 -1.97390959e-02 1.49017223e-02 1.52536884e-02 5.58567561e-03
4.38735032e+01 2.28449706e-02 1.61977808e-02 -5.46386509e-02 9.59598747e-03 1.63271790e-02 8.38200236e-03
4.65672626e+01 -1.51465916e-02 3.87677927e-02 -6.68229945e-03 1.26019649e-02 1.46475620e-02 1.71702438e-02
4.92760751e+01 8.94853519e-03 1.98382809e-02 -4.06648330e-02 8.65939525e-03 1.17645317e-02 4.93602423e-03
5.19793048e+01 -7.22829749e-03 1.65798782e-03 -3.08696481e-02 9.14901500e-03 2.42006648e-02 1.81866944e-02
5.46847282e+01 2.28629642e-02 -2.82178207e-02 -3.72782534e-02 7.57748063e-03 1.79529075e-02 6.51434751e-03
5.73887267e+01 -1.63983817e-02 -8.14818568e-03 -1.28727734e-02 7.86525118e-03 2.16730607e-02 9.34805346e-03
6.01019392e+01 7.19920912e-03 -1.80937505e-02 -7.46030085e-02 9.47401983e-03 1.93396687e-02 5.09792887e-03
6.27922142e+01 1.01213039e-02 -2.13170580e-02 -1.72737022e-02 1.60090028e-02 1.73203043e-02 8.37731919e-03
6.54970142e+01 8.80690973e-03 -2.49171310e-04 -8.22417146e-03 1.87958538e-02 2.26692685e-02 6.56491269e-03
6.82078548e+01 7.99965438e-03 1.81252807e-02 6.17135028e-04 1.61484813e-02 1.73509412e-02 8.10142563e-03
7.09125673e+01 4.69318424e-04 -1.11130821e-02 -6.70595569e-03 9.27456049e-03 2.09085432e-02 1.57797826e-02
7.36178657e+01 -2.58329208e-02 4.00656713e-02 -3.44200647e-03 1.78730138e-02 2.05628894e-02 1.28574088e-02
7.63135861e+01 6.26581102e-04 -2.55208596e-02 -4.24986891e-02 1.04601358e-02 2.06028513e-02 1.33528488e-02
7.90153736e+01 -9.11517047e-03 -5.20215423e-02 -5.65334546e-02 1.42030008e-02 1.66640741e-02 6.51350363e-03
8.17195048e+01 2.42249297e-02 -2.03261226e-02 -4.04271767e-02 1.16896579e-02 1.88093169e-02 1.02073615e-02
8.44297736e+01 6.19559286e-03 3.01749276e-02 -5.28660675e-02 1.76989302e-02 2.36908275e-02 1.43907600e-02
8.71285986e+01 -2.30140209e-02 -1.32145213e-04 -3.77744858e-02 9.22692226e-03 2.61797091e-02 6.18799063e-03
8.98313626e+01 -3.71159825e-02 -1.62758942e-02 -4.52283842e-02 1.25260570e-02 1.17566742e-02 6.63944783e-03
9.25313173e+01 -2.07218405e-02 9.00242900e-03 -7.06101994e-02 1.11663612e-02 1.98947320e-02 1.81768009e-02
9.52276642e+01 -3.43046916e-02 4.87048643e-03 -7.94631352e-02 1.47880789e-02 3.33023360e-02 8.12335133e-03
9.79209564e+01 -3.35333510e-02 1.54910478e-03 -4.82514929e-02 8.64389681e-03 2.33218865e-02 2.09638460e-02
1.00619450e+02 -7.12051609e-03 -4.05924726e-02 -3.81434503e-02 1.27261536e-02 1.50146362e-02 7.28371274e-03
1.03318669e+02 -4.60010797e-03 8.50492237e-03 -3.11558585e-02 1.25961989e-02 2.27484754e-02 1.70279812e-02
1.06015325e+02 -2.15027187e-02 1.79658905e-02 -6.69290779e-02 9.04823092e-03 1.35266741e-02 6.55049605e-03
1.08706747e+02 -1.84131248e-02 3.73049460e-02 -4.96768452e-02 9.23917609e-03 1.53705034e-02 5.57980563e-03
1.11407903e+02 -1.63527112e-02 -2.29047380e-02 -6.25656661e-02 1.11249367e-02 1.93873061e-02 6.18560842e-03
1.14100638e+02 2.74695584e-03 1.20071661e-02 -5.58317283e-02 7.57683807e-03 1.69893135e-02 4.95091414e-03
1.16794309e+02 3.87790983e-03 -1.10107618e-03 -7.80654671e-02 1.53428579e-02 2.25742681e-02 9.06127303e-03
1.19497263e+02 2.67174820e-02 -4.40736676e-02 -8.59713759e-02 7.73593012e-03 2.75232662e-02 1.70533601e-02
1.22198966e+02 -4.59604431e-03 -3.10740295e-02 -6.47141091e-02 1.16291337e-02 3.07365578e-02 1.33029990e-02
1.24899747e+02 1.14849093e-02 -4.15158414e-02 -4.73891017e-02 4.33500546e-03 2.14506342e-02 2.81541968e-02
1.27602075e+02 2.83656509e-02 -1.99712643e-02 -9.98735389e-02 1.09193611e-02 2.26738752e-02 1.04419446e-02
1.30299075e+02 1.39295855e-02 1.61115170e-03 -3.76684291e-02 5.46132585e-03 2.30793257e-02 1.89178171e-02
1.33008903e+02 1.32505741e-02 2.44113287e-02 -5.65159900e-02 1.10117051e-02 2.11363633e-02 9.81784648e-03
1.35717434e+02 1.38792259e-02 1.00437815e-02 -9.79963240e-02 1.61006613e-02 2.32569823e-02 8.56199050e-03
1.38412997e+02 -1.16018475e-02 -5.28809443e-03 -1.58864151e-02 1.37309145e-02 2.12927393e-02 2.24581830e-02
1.41119309e+02 -1.04684438e-02 -6.91708414e-03 -2.71140260e-02 1.05773561e-02 1.61001068e-02 7.87688233e-03
1.43814934e+02 3.80003600e-03 -2.68285677e-02 -4.48208386e-03 7.64768330e-03 1.68957893e-02 1.07731558e-02
1.46513169e+02 6.02251549e-02 -2.89651290e-02 -1.25560061e-02 8.12579663e-03 1.75170213e-02 1.61508840e-02
1.49221591e+02 7.19039873e-03 -2.06331273e-02 2.16828255e-02 5.05832659e-03 1.81553137e-02 1.53400496e-02
1.51922434e+02 1.18384693e-02 -5.28361112e-04 3.03373702e-03 2.23943355e-03 1.55242632e-02 1.21393225e-02
1.54621841e+02 2.22052756e-02 -2.40089255e-02 -3.12959024e-02 3.90208773e-03 2.50811188e-02 1.73210951e-02
1.57319278e+02 -1.73320684e-02 -2.88172180e-02 -5.76054714e-03 2.97656367e-03 2.03262355e-02 1.87098642e-02
1.60018747e+02 -7.01732680e-03 -3.70765947e-03 3.13166158e-02 5.65463208e-03 1.71775923e-02 8.23360663e-03
1.62720606e+02 -5.00457023e-02 -2.95289612e-02 3.69641428e-02 1.12982510e-02 1.87182309e-02 2.64820539e-02
1.65414669e+02 -7.03969783e-03 -3.91312484e-02 3.11252581e-02 8.36962014e-03 2.54333509e-02 2.04495934e-02
1.68107591e+02 -5.62878767e-02 -2.11092192e-02 8.56151809e-03 6.39189396e-03 1.97020829e-02 1.48488413e-02
1.70807075e+02 -6.27236468e-02 -3.01529019e-02 7.58594650e-03 9.97313512e-03 2.35332498e-02 1.33173651e-02
1.73500309e+02 -8.26724157e-02 -2.30519819e-02 -6.37940060e-03 6.67869647e-03 2.39335621e-02 1.71722798e-02
1.76188309e+02 -9.83860570e-03 -1.57770300e-03 -1.03521961e-02 1.33143103e-02 2.52726036e-02 1.23531909e-02
1.78882622e+02 2.14198228e-02 -2.89219074e-02 -3.30048433e-03 4.52217224e-03 2.53525524e-02 2.38204464e-02
1.81579794e+02 -2.74466618e-02 -1.11387978e-02 -9.93999943e-04 1.06788384e-02 1.65270734e-02 4.22563768e-03
1.84278841e+02 6.03727792e-03 -2.99842323e-02 -5.69459854e-02 6.15344263e-03 2.11780530e-02 2.57385983e-02
1.86970278e+02 -4.81585898e-02 1.36925514e-02 -5.39022011e-02 1.27537330e-02 1.78429302e-02 9.62887312e-03
1.89674372e+02 -1.68810679e-02 9.56370562e-03 -3.92651931e-02 1.33773077e-02 1.72631684e-02 2.68628310e-02
1.92384044e+02 -1.14746341e-01 2.15466144e-02 -7.03824031e-03 1.82406619e-02 2.47343580e-02 6.96123197e-03
1.95072091e+02 -5.91295013e-02 2.81730525e-02 3.45730641e-02 1.28000251e-02 1.59893405e-02 1.44161102e-02
1.97783263e+02 -4.58632547e-02 -5.45407885e-03 2.77002384e-02 8.73684372e-03 1.10169639e-02 7.78519750e-03
2.00485450e+02 1.15639797e-02 -2.66915875e-02 -1.49305163e-02 1.28757485e-02 2.09217354e-02 1.61347418e-02
2.03187981e+02 -3.09863486e-02 -6.39755235e-02 -1.93294703e-02 5.23099615e-03 2.02036417e-02 1.10115926e-02
2.05899028e+02 -2.47515494e-02 -3.12892673e-02 -5.81807091e-03 9.17413485e-03 1.86757219e-02 1.38994430e-02
2.08590528e+02 -2.75046744e-03 1.90035023e-02 5.73718957e-02 7.01470015e-03 1.23483845e-02 1.79138431e-02
2.11298044e+02 -3.80637337e-02 4.71519092e-02 2.18115763e-02 4.93947435e-03 1.84062900e-02 1.70156406e-02
2.13986309e+02 -5.69937457e-03 7.04441094e-02 4.88631509e-02 1.87217599e-02 2.12384472e-02 9.15358021e-03
2.16688091e+02 -7.95888345e-02 1.32460647e-02 5.71068680e-02 5.50725246e-03 1.18205764e-02 8.79341359e-03
2.19393888e+02 -6.05642054e-02 -2.84177440e-02 4.04467136e-02 1.14133265e-02 1.61834163e-02 1.36754385e-02
2.22080778e+02 -1.98316895e-02 1.79249183e-03 5.14427959e-02 2.45531264e-02 2.19728753e-02 1.41130626e-02
2.24784559e+02 8.70106493e-03 4.72279742e-03 3.13251759e-02 1.66646107e-02 1.33397607e-02 6.89627733e-03
2.27488075e+02 2.33594289e-02 3.75137801e-02 3.32044643e-02 1.31958415e-02 1.45481157e-02 9.76492432e-03
2.30191934e+02 -1.64766366e-03 -1.86437441e-02 5.61379190e-02 1.75276347e-02 1.80350452e-02 1.55221724e-02
2.32899591e+02 1.71546164e-03 2.24344302e-02 4.30051822e-03 1.23407632e-02 1.65481388e-02 1.14630300e-02
2.35619919e+02 -8.55523881e-02 1.66049255e-02 -8.76558391e-03 1.91242163e-02 1.91865339e-02 5.13196366e-03
2.38324794e+02 -3.47655257e-02 3.54691754e-02 -2.70410663e-02 2.06502598e-02 1.77421836e-02 1.78839202e-02
2.41012122e+02 -1.43782302e-02 1.93414395e-02 -1.99358227e-02 1.38789358e-02 1.81359287e-02 1.01247124e-02
2.43716950e+02 -1.14504112e-02 2.84162429e-02 1.07042904e-02 3.01021098e-02 1.41635483e-02 5.77519411e-03
2.46412731e+02 5.36812786e-03 -1.85919203e-02 2.93036640e-02 8.01114590e-03 1.11014083e-02 7.75366074e-03
2.49115841e+02 3.45513121e-02 -7.13173384e-03 3.03254874e-02 1.58832003e-02 1.42329559e-02 4.67118058e-03
2.51817075e+02 1.61186112e-02 -9.23846948e-03 4.20357730e-02 8.11521353e-03 1.78087976e-02 1.88838924e-02
2.54509997e+02 -5.56460857e-03 -1.80814566e-02 1.46195048e-03 6.09325094e-03 2.04681385e-02 3.13415627e-03
2.57209903e+02 8.98552480e-04 -1.61465510e-02 4.75884159e-03 5.69335175e-03 1.48605288e-02 1.15174256e-02
2.59904809e+02 2.87300037e-02 -1.75376095e-02 2.16855212e-02 1.80067690e-02 1.70488989e-02 2.21159219e-02
2.62600513e+02 2.28300677e-02 1.34176075e-02 8.30250315e-02 1.45053927e-02 2.81627091e-02 8.88707506e-03
2.65304544e+02 5.65226874e-03 -8.20631469e-03 6.43463008e-02 8.36888632e-03 1.95399783e-02 1.34484414e-02
2.68015734e+02 1.15626795e-02 3.36570461e-02 6.65853495e-02 6.86886669e-03 2.33745016e-02 9.01780439e-03
