6.82918926e-01 -1.18132194e-02 -2.19452675e-02 1.09998332e-02 1.74706032e-02 2.00699075e-02 1.39980445e-02
3.37830062e+00 -7.05689336e-03 1.60647619e-02 1.31294958e-02 1.01342048e-02 1.35768524e-02 8.43056693e-03
6.08298016e+00 1.45857771e-03 1.79868685e-02 -3.17887955e-03 7.47577412e-03 9.64021526e-03 2.12940777e-02
8.77650469e+00 -3.29358482e-02 3.26013301e-03 4.90382899e-02 9.29483608e-03 9.11810010e-03 1.98511778e-02
1.14747797e+01 -1.28985950e-02 9.56484486e-03 6.00596655e-02 2.62737740e-03 8.95447073e-03 1.23663297e-02
1.41729078e+01 -2.01397144e-02 -2.41279137e-02 8.24807957e-02 2.45633683e-03 8.21847666e-04 1.17851190e-02
1.68711219e+01 -1.56312203e-02 1.36525414e-02 6.29672783e-02 3.52100146e-03 3.97353930e-03 1.23874132e-02
1.95756875e+01 -8.46995150e-03 1.56284969e-02 -5.78304171e-03 2.77633242e-03 6.98770835e-03 1.62244281e-02
2.22738844e+01 1.04224328e-02 1.38087528e-02 -3.35280344e-02 7.44437970e-03 8.99233099e-03 9.80141209e-03
2.49769828e+01 4.27904681e-03 3.74918258e-02 -3.12863994e-02 5.49676953e-03 1.58665418e-02 2.20465019e-02
2.76831203e+01 3.21596405e-02 -1.38444836e-02 -3.06102489e-02 4.60619661e-03 1.56561649e-02 9.34267106e-03
3.03798687e+01 2.52685564e-02 -4.27248392e-03 5.04592349e-03 1.46502671e-02 1.83873624e-02 1.14786192e-02
3.30839234e+01 -1.41103718e-02 -2.37696114e-02 1.99094432e-02 1.10209083e-02 1.88532029e-02 1.05134320e-02
3.57909375e+01 4.53795341e-03 -2.63130655e-02 -5.02899909e-02 9.35671417e-03 1.36317518e-02 6.05802911e-03
3.84858469e+01 -1.56600047e-02 2.89472149e-02 -5.51323492e-04 1.61071307e-02 1.89633660e-02 7.41079564e-03
4.11861891e+01 1.18632630e-02 5.41703627e-02 -7.90556104e-02 1.02998138e-02 1.56420092e-02 1.21292101e-02
4.38907969e+01 2.69422033e-02 1.10632560e-02 -3.64056457e-02 5.97479406e-03 1.17028959e-02 1.10404815e-02
4.65806859e+01 1.44247782e-02 -4.66010776e-03 -5.06435805e-02 7.52550738e-03 1.63353346e-02 7.56480425e-03
4.92771844e+01 1.73740877e-02 -3.49792171e-02 -5.48872908e-02 9.64424688e-03 9.15649331e-03 8.69804196e-03
5.19820406e+01 2.57635326e-02 -1.83314588e-02 -5.32492684e-02 1.62480866e-02 2.25546991e-02 1.34861334e-02
5.46730375e+01 -4.82082914e-03 1.31914182e-02 7.24961728e-03 7.68453134e-03 1.51853176e-02 2.37666034e-02
5.73802531e+01 2.04601549e-02 -2.76864745e-02 -4.25037544e-02 1.00051730e-02 1.93074016e-02 1.53482484e-02
6.00707734e+01 6.97107648e-03 4.10280677e-03 -8.81837546e-03 1.58459586e-02 2.89943874e-02 1.81877657e-02
6.27776719e+01 1.98845408e-02 -6.18696239e-03 2.19183500e-02 1.40850614e-02 2.46088773e-02 1.02658200e-02
6.54830953e+01 3.73801948e-02 2.38516001e-02 -2.09298467e-02 1.07292798e-02 2.21976515e-02 2.62560623e-02
6.81698344e+01 8.97917577e-03 2.45662458e-03 -6.72255046e-03 4.05598824e-03 1.43347027e-02 1.05715570e-02
7.08652953e+01 -9.93902302e-03 -3.72520772e-02 -3.63704786e-02 6.06679492e-03 1.99055414e-02 1.97612571e-02
7.35698766e+01 1.24707548e-02 -2.10878892e-02 -6.59565852e-02 1.04941096e-02 2.09665007e-02 1.46495372e-02
7.62663000e+01 2.30989632e-02 5.95160521e-02 -2.80701191e-02 1.81938034e-02 1.99630002e-02 1.39679371e-02
7.89750984e+01 1.56601760e-02 4.05379276e-02 -3.16841342e-02 7.77710596e-03 1.72039624e-02 9.67247625e-03
8.16743547e+01 -2.39883693e-03 -2.47620414e-02 -2.56894568e-02 1.04136526e-02 2.32275353e-02 1.65044851e-02
8.43786891e+01 -5.36078351e-03 -2.29489324e-02 -6.63950996e-02 1.48381294e-02 2.63823657e-02 9.17992496e-03
8.70889922e+01 -5.63233503e-03 1.06388848e-02 -4.70925682e-02 1.28819459e-02 1.68222696e-02 1.46463540e-02
8.97863422e+01 1.53550315e-02 -1.00964267e-02 -4.12392541e-02 9.36615446e-03 1.91272124e-02 6.83833527e-03
9.24854266e+01 1.61782863e-02 2.57656534e-02 -5.44296421e-02 1.74126976e-02 2.18319578e-02 1.64234115e-02
9.51976281e+01 1.69822336e-02 6.35184865e-02 -1.85799081e-02 1.36072115e-02 2.18898848e-02 1.67637772e-02
9.78957594e+01 8.39926653e-03 5.34500247e-02 -3.91857708e-02 1.23806210e-02 1.91520225e-02 9.82615445e-03
1.00588225e+02 -1.30091849e-02 5.02693756e-02 1.03046272e-02 7.63984157e-03 1.90791012e-02 1.12074573e-02
1.03282428e+02 -9.33778802e-04 4.20995516e-02 -6.94705875e-02 1.30246151e-02 1.94002227e-02 3.23883720e-03
1.05980162e+02 -6.58313650e-03 2.71541083e-02 -1.72047822e-02 8.94876120e-03 1.95119860e-02 1.83628600e-02
1.08684912e+02 1.33054441e-02 -2.92535932e-02 -5.13899113e-02 6.24135515e-03 2.36579702e-02 1.27880490e-02
1.11384819e+02 1.51353115e-02 -4.76826946e-02 -4.61416263e-02 1.78771045e-02 2.30447587e-02 1.57929745e-02
1.14081209e+02 6.21359638e-03 -3.71270477e-02 -8.39077207e-02 1.04116362e-02 1.60406952e-02 1.39530632e-02
1.16771881e+02 -9.80871022e-03 -5.52251651e-02 -8.43882382e-02 1.01778528e-02 2.38146875e-02 1.13525959e-02
1.19462178e+02 -5.41485762e-03 -5.85478567e-02 -1.02729317e-01 1.52353270e-02 1.99341278e-02 1.78479607e-02
1.22163897e+02 1.48011096e-02 -1.67720320e-02 -7.47934714e-02 4.66784489e-03 1.92627713e-02 5.38786453e-03
1.24859584e+02 2.50896613e-02 -2.76937487e-02 -6.87836826e-02 1.66923581e-02 2.55869836e-02 8.74401304e-03
1.27572100e+02 2.42637682e-02 -1.84553894e-02 -4.84766201e-02 1.04207182e-02 2.52689566e-02 1.65537800e-02
1.30279319e+02 2.17368084e-02 1.90613244e-02 -9.50535501e-02 2.73307235e-02 3.28972698e-02 7.52873868e-03
1.32997022e+02 3.63736168e-02 3.16421601e-02 -7.59023074e-02 1.29569523e-02 2.23982495e-02 1.32324025e-02
1.35693084e+02 1.59262763e-03 2.80182564e-02 -6.12657877e-02 1.87002930e-02 1.94915963e-02 7.55625988e-03
1.38390459e+02 7.87519743e-03 2.46946207e-02 -4.00474706e-02 1.32968633e-02 1.60435812e-02 1.11025977e-02
1.41084053e+02 6.96220588e-03 3.43384999e-02 -3.28773005e-02 1.14059482e-02 2.06055552e-02 1.87123618e-02
1.43793116e+02 6.78890577e-03 5.54224630e-02 1.08897491e-02 8.41433501e-03 2.18534356e-02 7.48471236e-03
1.46497694e+02 5.47233917e-03 2.68755231e-02 -3.72862756e-02 1.60146283e-02 1.03538710e-02 1.42985546e-02
1.49200959e+02 -3.68830970e-03 -1.62059889e-02 -6.57289447e-03 4.55082959e-03 2.23961017e-02 1.76533703e-02
1.51899350e+02 1.41920469e-02 -6.00539804e-04 -2.38649695e-02 6.21197137e-03 1.32932551e-02 1.07202727e-02
1.54587975e+02 5.50866008e-02 -4.06484227e-02 -1.87043752e-02 1.25446487e-02 2.45231547e-02 1.05154192e-02
1.57282506e+02 1.27931707e-01 -2.91528517e-03 -1.05413516e-03 5.96674772e-03 2.39217859e-02 1.13935776e-02
1.59986647e+02 5.82004853e-02 -1.63301286e-02 1.87618382e-02 4.28016425e-03 2.06063317e-02 1.19532539e-02
1.62679678e+02 3.21987063e-02 1.34115565e-04 1.34359072e-02 5.17493621e-03 3.08529623e-02 2.08892522e-02
1.65373194e+02 -6.23931900e-03 2.60243004e-02 2.06728995e-02 9.79547859e-04 2.21191492e-02 1.80097819e-02
1.68064803e+02 -1.91524233e-02 5.98065543e-03 -1.19212352e-02 1.66770862e-02 2.54484113e-02 9.98442158e-03
1.70746959e+02 6.68341558e-03 4.42834256e-02 2.07831911e-06 9.72348031e-03 2.78152445e-02 1.78033916e-02
1.73453366e+02 -5.75451920e-02 8.77855330e-03 -4.98688762e-03 1.86214868e-02 2.74530379e-02 1.09205034e-02
1.76152287e+02 7.52476691e-03 -1.96800704e-02 2.19659990e-02 9.39806195e-03 2.45124620e-02 1.76506022e-02
1.78848303e+02 1.72266400e-03 5.79222535e-02 4.68787412e-02 2.30830618e-02 2.67151490e-02 1.40647132e-02
1.81559022e+02 1.21466302e-02 7.75688930e-02 1.40171649e-02 3.17866514e-03 2.06372970e-02 1.26000709e-02
1.84249506e+02 4.84553926e-03 -6.85807955e-03 2.66293341e-02 2.72268727e-02 1.75989770e-02 6.95097998e-03
1.86953350e+02 -2.83422873e-02 -6.60651434e-02 5.59563959e-03 8.39740128e-03 8.74009285e-03 1.17464541e-02
1.89651100e+02 -2.17938584e-02 9.01103720e-03 1.52636543e-02 2.19588273e-02 1.49176442e-02 3.50496806e-03
1.92350256e+02 -8.27647527e-03 1.17077694e-02 -3.01402389e-03 1.71879422e-02 2.12855468e-02 1.55343202e-02
1.95068631e+02 -3.08187379e-02 1.65510385e-02 1.29016236e-03 3.33210226e-02 1.01971929e-02 6.59602164e-03
1.97761131e+02 -4.11515549e-02 -6.29110047e-03 2.12315458e-02 1.58299158e-02 8.02343863e-03 1.65169088e-02
2.00462991e+02 -9.42662249e-02 1.78496584e-02 6.41633334e-02 1.62295229e-02 1.31301388e-02 1.37814708e-02
2.03162663e+02 -3.96904875e-02 2.47057335e-03 2.06646742e-02 7.52788142e-03 2.19943381e-02 4.29065251e-03
2.05860850e+02 -2.26160851e-02 1.46682344e-02 2.91376642e-03 8.65825189e-03 2.41101803e-02 1.11248064e-02
2.08566647e+02 -3.47322103e-02 1.04140970e-02 2.19223915e-02 1.52004234e-02 1.62069708e-02 1.26098470e-02
2.11264600e+02 -2.52473704e-02 1.16944804e-02 3.32007740e-02 1.14919416e-02 1.02246317e-02 8.64909045e-03
2.13962537e+02 -5.05959842e-02 3.47537754e-02 3.48535000e-02 2.20145728e-02 1.33878454e-02 2.18614069e-02
2.16658006e+02 -1.21111299e-02 -1.77892606e-02 3.97950738e-02 7.24390746e-03 1.32876998e-02 3.59321748e-03
2.19363678e+02 -3.32114309e-02 8.17455648e-03 1.44315079e-02 1.30349618e-02 2.11682760e-02 1.68651470e-02
2.22062303e+02 -1.94970015e-02 1.58073339e-02 5.04776333e-02 1.83533708e-02 1.77973298e-02 1.61012105e-02
2.24758553e+02 4.00445744e-03 4.27691913e-02 5.56262830e-02 1.44724436e-02 2.11722680e-02 8.89921187e-03
2.27461912e+02 -3.83896056e-02 1.70073211e-02 4.90051063e-02 1.15979201e-02 2.59438068e-02 1.52866834e-02
2.30167412e+02 -4.99601401e-02 -1.56891966e-02 5.07007725e-02 1.67966973e-02 2.43947970e-02 1.79920011e-02
2.32856928e+02 -2.89353705e-02 -3.33534350e-02 1.33376690e-02 1.42217136e-02 1.46910389e-02 6.97132557e-03
2.35555928e+02 -5.69562505e-02 6.82222523e-03 4.21119839e-02 1.98011852e-02 1.59762968e-02 1.29969941e-02
2.38253444e+02 -9.25179622e-02 9.20319196e-03 -2.19195064e-03 3.57619149e-03 1.87800183e-02 1.13709419e-02
2.40953459e+02 -9.54092604e-02 -5.00062593e-03 -2.89717785e-02 1.76436349e-02 2.41838937e-02 2.27754214e-02
2.43646553e+02 -5.21946234e-02 4.37579027e-02 2.62162275e-03 4.96839965e-03 2.41478243e-02 8.81269214e-03
2.46338662e+02 -3.94302857e-02 -8.01311251e-03 -1.26583003e-02 1.88773743e-02 2.38372376e-02 8.36085562e-03
2.49053241e+02 -8.26350417e-02 -3.35082046e-02 -3.30532442e-02 1.12359162e-02 1.80950910e-02 1.30946186e-02
2.51743897e+02 -8.35571058e-03 -3.86180546e-03 -1.65426202e-02 2.92133822e-02 1.80792112e-02 8.08224215e-03
2.54450678e+02 -5.67461759e-02 -1.03248052e-02 -2.10083001e-02 4.97245276e-03 2.05488852e-02 1.17089072e-02
2.57155912e+02 -5.95436204e-02 -3.46221951e-02 4.03992391e-03 2.57864557e-02 2.30528742e-02 1.44585832e-02
2.59851241e+02 -2.03344737e-02 9.24100515e-03 5.28302348e-03 1.06949317e-02 2.17664689e-02 1.11150162e-02
2.62560459e+02 5.99924065e-03 5.42972796e-03 1.87232405e-03 1.17027430e-02 2.00209285e-02 1.06554599e-02
2.65255397e+02 -1.63717383e-02 -1.25341710e-02 7.22788076e-02 1.32896473e-02 2.14909913e-02 1.01632450e-02
2.67962569e+02 -2.05040387e-02 -3.52963650e-02 4.87151122e-02 1.38697222e-02 1.59482051e-02 1.70531466e-02
