6.76085584e-01 2.57595914e-02 1.42152444e-02 3.14055684e-02 4.81423253e-03 2.40304499e-02 1.60522445e-02
3.37559382e+00 2.09240184e-02 4.64202798e-02 3.17589809e-02 1.31092418e-02 2.89951098e-02 1.38134358e-02
6.07507710e+00 1.22163871e-02 -2.34896357e-02 4.62195833e-02 3.85301304e-03 3.17618447e-02 1.46267348e-02
8.77042491e+00 5.37824126e-03 -5.08892696e-03 4.68945791e-02 2.72223735e-03 2.48345319e-02 2.05179107e-02
1.14777265e+01 -3.47164056e-02 2.26385174e-02 2.83373992e-02 1.02272275e-02 2.52410546e-02 9.52773605e-03
1.41749921e+01 3.46804636e-03 -2.18757951e-03 8.30774788e-03 1.38240941e-03 2.17138854e-02 6.53584386e-03
1.68793905e+01 -4.59220682e-02 -9.46479861e-03 8.53368842e-03 1.77006313e-02 1.45842602e-02 7.87083147e-03
1.95765874e+01 1.39020281e-03 3.13427409e-02 -2.83753860e-02 5.90841958e-03 1.40131767e-02 1.75538617e-02
2.22808796e+01 -3.26737889e-02 2.90157918e-02 2.55310274e-03 1.31588646e-02 1.38587348e-02 2.72190518e-03
2.49855952e+01 1.36042243e-02 -1.16801996e-02 6.45272639e-04 9.20996584e-03 1.16769564e-02 1.40301783e-02
2.76999921e+01 -2.01613183e-02 -2.16362904e-02 -2.94662986e-02 1.95796442e-02 1.51425913e-02 1.11035897e-02
3.03977312e+01 3.34951481e-02 -3.03062627e-02 1.55195117e-02 8.98451555e-03 1.80418798e-02 1.45382841e-02
3.30874765e+01 3.88523829e-02 1.00766779e-02 1.36629833e-02 1.51326898e-02 2.34927446e-02 9.97700042e-03
3.57990187e+01 -1.14342533e-02 -2.26443925e-02 3.43826672e-03 4.77447699e-03 1.71073688e-02 1.12474985e-02
3.84884296e+01 -5.45025593e-02 5.00602370e-03 2.11416327e-02 1.43906801e-02 1.68275548e-02 1.88209743e-02
4.11827280e+01 1.85659905e-02 2.34512802e-02 -3.83791582e-02 2.33027821e-02 2.54402821e-02 7.72586325e-03
4.38773249e+01 9.78213042e-03 -1.06331726e-02 -3.56555516e-02 6.23054271e-03 3.27423045e-02 2.63127801e-02
4.65762187e+01 9.98127596e-03 2.35464963e-02 -3.54246938e-02 1.81995364e-02 2.32545411e-02 7.82303391e-03
4.92659624e+01 -5.22717380e-02 8.17216530e-04 -2.27644646e-02 1.10726968e-02 2.69356451e-02 1.61386645e-02
5.19706593e+01 -1.26188051e-02 2.03290982e-02 -4.28926406e-02 1.51564756e-02 3.06285307e-02 2.03602173e-02
5.46630608e+01 7.66802075e-03 -4.56656432e-03 -7.09100529e-03 8.77834398e-03 1.58142246e-02 7.94353672e-03
5.73649062e+01 6.73241438e-02 2.45517070e-03 1.00585731e-03 8.15028951e-03 2.15353950e-02 1.36430594e-02
6.00692515e+01 -8.36598609e-03 -1.06727543e-02 7.00525646e-03 1.27921209e-02 2.70396758e-02 1.47140665e-02
6.27700046e+01 -1.95597774e-02 -6.50022940e-03 -5.09239322e-02 9.12906582e-03 2.64339205e-02 1.89762917e-02
6.54628593e+01 -6.88008000e-02 5.25915409e-02 -4.37320543e-03 1.22491217e-02 2.57489191e-02 4.91980725e-03
6.81570452e+01 -5.28641010e-02 5.51901200e-03 3.67045093e-02 1.12449553e-02 2.38422105e-02 2.61289865e-02
7.08509030e+01 -6.74064046e-02 1.10563579e-02 2.73549565e-02 9.24867574e-03 1.64498690e-02 1.15017741e-02
7.35539843e+01 -1.98170124e-02 -7.96296553e-03 -1.22379393e-02 1.75915325e-02 1.17410226e-02 8.92073306e-03
7.62475093e+01 1.63782996e-02 3.11437959e-04 -1.72557447e-02 1.68977816e-02 9.99426847e-03 6.24041173e-03
7.89617718e+01 4.00721526e-02 1.95724168e-02 -3.66322141e-02 1.26267014e-02 1.48587967e-02 1.19680073e-02
8.16717968e+01 4.03205046e-02 -2.58828799e-02 1.30263696e-02 1.34641843e-02 9.75592996e-03 6.31324056e-03
8.43788515e+01 7.68875860e-05 2.44470412e-02 3.47920793e-02 1.29499341e-02 1.00859109e-02 7.68815127e-03
8.70805140e+01 3.71049779e-02 1.57611034e-02 1.28770383e-02 2.22691788e-02 1.15372969e-02 1.13731775e-02
8.97819265e+01 -1.12252519e-03 -1.84333639e-02 -9.91343645e-03 1.42079432e-02 7.78371559e-03 3.87290701e-03
9.24944030e+01 -5.39989782e-02 -2.22088981e-03 -5.31105201e-02 1.87193432e-02 1.38991938e-02 7.13213481e-03
9.51914687e+01 -7.24120176e-03 -3.24600602e-02 -1.39970357e-02 1.88346201e-02 1.80408383e-02 1.35692843e-02
9.78947437e+01 -9.93251523e-03 -1.14195268e-02 -2.07976657e-02 1.87796699e-02 1.54864333e-02 7.79544724e-03
1.00598492e+02 -3.29748144e-02 -1.55468851e-03 -2.14094923e-02 8.18711580e-03 1.60988328e-02 1.47755071e-02
1.03308945e+02 -3.64017707e-02 -1.44129660e-03 -2.62553520e-02 1.49625675e-02 1.36345312e-02 7.82277179e-03
1.06006726e+02 8.72290110e-03 4.45642130e-02 -1.62807686e-02 2.10057718e-02 1.55925305e-02 1.37854354e-02
1.08710008e+02 1.91794231e-03 3.39596254e-02 -1.10914320e-02 1.04959058e-02 1.28849271e-02 8.55626474e-03
1.11413117e+02 -3.42313300e-03 -2.03969374e-03 -2.02055516e-03 2.09171780e-02 1.28914247e-02 1.92195701e-02
1.14112195e+02 -3.28479552e-02 -7.79883285e-03 -3.56427509e-02 4.47075058e-03 1.53171060e-02 1.43424273e-02
1.16816492e+02 -2.20544185e-03 7.83946616e-03 -8.58834654e-02 1.02941193e-02 2.08900607e-02 1.24348107e-02
1.19505914e+02 -2.17838714e-02 -4.33313408e-02 -5.24439443e-02 3.40827927e-03 1.50658874e-02 9.09348890e-03
1.22215023e+02 4.41943160e-03 4.15778124e-03 -3.38940375e-02 8.15496439e-03 2.71601511e-02 2.29494072e-02
1.24901086e+02 -3.63099130e-02 -1.50359878e-02 -5.73309957e-03 6.33166455e-03 2.18789023e-02 1.36851864e-02
1.27603117e+02 4.33788116e-02 3.82630936e-02 -2.64172397e-02 1.13970799e-02 2.46777272e-02 2.30770535e-02
1.30310258e+02 -4.71757135e-02 2.02071978e-02 -9.00711477e-02 3.99160810e-03 2.82948454e-02 1.37517435e-02
1.33002648e+02 6.28564960e-02 6.46765703e-02 -3.97725169e-02 7.59743121e-03 3.08487764e-02 3.36402752e-02
1.35697648e+02 -2.85161851e-02 2.75186175e-02 -2.09495131e-02 8.27012370e-03 2.61828405e-02 1.25977772e-02
1.38395492e+02 2.29949294e-02 -3.14468610e-02 -2.41358394e-02 3.22381647e-03 3.39270958e-02 1.15609912e-02
1.41084164e+02 -1.31299838e-02 -5.26914511e-02 -4.89701875e-03 6.33982577e-03 2.17277222e-02 2.23079479e-02
1.43783367e+02 -2.49464405e-03 -5.45594092e-02 8.31728889e-04 1.39191748e-03 2.15324398e-02 1.53618391e-02
1.46480914e+02 -1.57263433e-02 -3.74751636e-02 1.02332437e-02 1.48307565e-03 4.03581398e-03 2.22054456e-02
1.49175883e+02 -2.18377527e-03 1.08935433e-02 1.45331150e-02 6.21965798e-03 4.35535609e-03 1.05137740e-02
1.51874492e+02 -2.79384030e-03 1.54471476e-02 6.03432302e-02 9.57666030e-03 7.28301746e-03 1.68147013e-02
1.54569836e+02 -1.60474662e-02 4.97756086e-02 2.67969121e-02 4.91995586e-03 6.98332204e-03 1.32621256e-02
1.57271039e+02 -1.01112674e-02 1.73058989e-02 3.66037010e-02 6.51609584e-03 1.10064593e-02 2.96883294e-02
1.59966305e+02 2.01771125e-03 5.27436289e-02 5.04893289e-02 1.01048988e-02 1.93813726e-02 9.24966389e-03
1.62686148e+02 -2.82894306e-03 -4.67498257e-03 -3.59766062e-02 1.38050369e-02 1.53259659e-02 2.60219299e-02
1.65391789e+02 -8.32905425e-03 1.28165602e-02 2.39161575e-03 1.06573248e-02 1.44388828e-02 1.01062393e-02
1.68092508e+02 -2.01290692e-02 3.16015262e-02 -1.47707874e-02 8.03956065e-03 1.81495950e-02 1.55271398e-02
1.70795805e+02 -4.27309051e-03 -1.75764780e-03 2.57094914e-02 1.17334746e-02 2.76865248e-02 5.91605072e-03
1.73495664e+02 2.14270244e-02 2.45682607e-02 -1.67420380e-02 1.26473879e-02 2.43437899e-02 1.03755796e-02
1.76204398e+02 2.93381107e-02 -4.31850792e-02 -1.74033820e-02 8.63976654e-03 2.53029609e-02 1.11041029e-02
1.78901867e+02 3.85237581e-02 9.63818016e-03 -1.78554907e-02 1.56606918e-02 3.63100668e-02 9.87558434e-03
1.81611008e+02 2.14407992e-03 4.46896130e-02 -2.85586697e-02 1.49306609e-02 2.01605618e-02 3.30494672e-03
1.84317351e+02 1.89231696e-02 7.05994572e-03 -1.24739331e-02 7.88559443e-03 2.58892137e-02 1.35663948e-03
1.87014445e+02 -1.23451418e-02 6.22532200e-03 -4.01517973e-03 1.68833032e-02 1.76719247e-02 6.78039118e-03
1.89713008e+02 -5.96570177e-03 -8.71609549e-03 1.13345862e-02 1.43292281e-02 4.29301071e-02 1.04296559e-03
1.92419648e+02 -7.04144530e-03 2.73111572e-02 1.80657229e-02 2.07817948e-02 2.69595581e-02 2.51927279e-03
1.95130211e+02 3.30377049e-03 1.93714687e-04 -3.73955330e-02 1.35468810e-02 2.90175424e-02 2.36710861e-04
1.97823898e+02 -5.08132955e-03 -1.29520527e-02 -2.13050727e-02 1.60856372e-02 3.75642751e-02 1.56093599e-03
2.00517305e+02 1.26038673e-02 -3.37797531e-02 9.71184739e-04 1.14213463e-02 2.48693859e-02 3.74354307e-03
2.03208711e+02 -1.19243296e-03 -1.86810210e-02 1.17075932e-02 1.33485366e-02 2.17167690e-02 4.13881771e-03
2.05922039e+02 1.64575017e-02 -5.19619622e-03 2.48561346e-02 1.23853929e-02 1.85207112e-02 1.06715830e-02
2.08614523e+02 1.46999878e-02 8.48795409e-03 4.10797083e-02 9.05732799e-03 1.64722617e-02 1.07202772e-02
2.11324336e+02 2.79406567e-02 -1.91104455e-02 2.00335567e-02 7.35453804e-03 1.46977402e-02 7.10234180e-03
2.14024633e+02 2.97407065e-02 5.63472437e-03 2.64561954e-02 1.20933576e-02 1.27438689e-02 6.53382702e-03
2.16722539e+02 -7.48749022e-03 -2.09827898e-02 1.00300876e-01 1.26152066e-02 1.05152268e-02 7.84544541e-03
2.19436414e+02 1.57931948e-03 1.41674132e-02 6.87555849e-03 6.15767562e-03 1.06656269e-02 3.58149792e-03
2.22133367e+02 -7.82280301e-03 -1.72045603e-03 6.30775715e-02 1.21053654e-02 1.45695200e-02 4.85747767e-03
2.24843070e+02 -6.24636121e-03 1.72719600e-02 4.84014342e-02 9.58523032e-03 1.33111455e-02 5.97527024e-03
2.27542148e+02 -3.61164674e-02 3.80951361e-02 2.60001157e-02 4.35432945e-03 2.23997568e-02 5.12742893e-03
2.30239805e+02 -7.27606242e-03 1.76895932e-02 -3.87044604e-02 8.69760583e-03 1.54381948e-02 4.76209514e-03
2.32926601e+02 -6.27207928e-03 2.87917797e-02 -3.06500032e-02 3.30651448e-03 8.75401072e-03 4.91345818e-03
2.35618961e+02 1.09175794e-02 2.87718340e-02 3.29288697e-02 3.30155131e-03 7.58367708e-03 3.88779561e-03
2.38317351e+02 1.39256603e-02 -5.50276405e-02 -1.32996740e-02 6.41425035e-03 3.51136922e-03 7.32545053e-03
2.41023164e+02 -3.80953795e-02 -8.73753702e-03 -3.75584901e-02 6.34485694e-03 1.44230767e-02 2.31952388e-02
2.43715789e+02 -1.38301992e-02 -4.08739716e-02 -5.31850416e-02 4.61854653e-03 5.61877213e-03 8.86446016e-03
2.46407492e+02 -5.20131476e-03 -5.29177276e-02 7.15164318e-03 8.02523470e-03 1.11829867e-02 1.81213350e-02
2.49112711e+02 -4.18877584e-03 9.17592758e-03 -3.46582214e-02 8.29323368e-03 1.23348707e-02 1.70859876e-02
2.51814195e+02 -1.21917971e-02 -1.23477541e-02 1.70546888e-02 8.18226792e-03 8.22983934e-03 6.54241115e-03
2.54524680e+02 2.63261205e-02 3.52496930e-02 -2.44144375e-02 5.13765039e-03 1.17894667e-02 2.10008943e-02
2.57222836e+02 -1.10638671e-02 -3.98407457e-03 8.83328458e-03 4.86305538e-03 1.20156755e-02 1.52523656e-02
2.59915367e+02 -5.17293941e-03 -3.38392752e-02 3.59556779e-03 7.26144696e-03 9.74866078e-03 1.03014859e-02
2.62613883e+02 8.94351768e-03 2.65446205e-03 1.54671208e-02 1.00184314e-02 1.69179551e-02 8.38315487e-03
2.65320008e+02 -3.28359206e-03 -8.73731676e-03 -1.64871369e-02 1.00380130e-02 2.36656927e-02 1.83448343e-02
2.68021263e+02 -3.02871301e-02 -1.32438405e-02 6.87923269e-03 1.31596717e-02 3.11438895e-02 8.76514219e-03
