6.88250614e-01 -4.39418832e-02 2.01422935e-02 5.93929955e-03 1.32331935e-02 9.71650000e-03 1.19307311e-02
3.38900037e+00 -5.87283583e-02 4.91331113e-02 -3.06369096e-02 3.69991356e-03 1.99285347e-02 1.62184048e-02
6.09008022e+00 -2.61096339e-02 3.17990641e-02 -1.55990952e-02 9.67418984e-03 2.43096631e-02 1.47301010e-02
8.77230397e+00 -4.24747524e-02 6.76770266e-03 6.03970428e-02 7.06862089e-03 3.07382248e-02 1.04642270e-02
1.14707874e+01 3.28699258e-02 -2.28096025e-02 5.72569261e-02 8.91269206e-03 2.95622857e-02 2.44802847e-02
1.41637733e+01 2.37203514e-02 -4.73834067e-03 5.00748082e-02 5.34047559e-03 3.01664732e-02 1.13407878e-02
1.68663077e+01 4.22738725e-02 -1.83449981e-02 3.33138984e-02 5.56924316e-03 2.55114582e-02 1.31880216e-02
1.95779858e+01 -6.52635278e-03 -8.17065807e-03 -1.63948377e-02 7.20411134e-03 2.52120841e-02 1.76937706e-02
2.22768765e+01 1.20334207e-02 -2.41979453e-02 -4.07034781e-03 2.95184806e-03 2.10500965e-02 8.39835225e-03
2.49814796e+01 -3.49873885e-02 -4.64186461e-02 -2.45333610e-03 1.47266896e-02 1.65218567e-02 1.43335189e-02
2.76748374e+01 8.20565660e-03 -4.53601223e-03 1.24854378e-03 1.09238419e-02 2.54457341e-02 1.88964081e-02
3.03789874e+01 -2.95481007e-02 -2.49768221e-02 -5.37968604e-02 1.16274755e-02 2.20196377e-02 9.67844575e-03
3.30763952e+01 -2.26033942e-02 -1.67151691e-02 -5.35942572e-02 1.59171711e-02 2.57291132e-02 2.01508857e-02
3.57692968e+01 -1.13026145e-02 -1.37323955e-02 -5.29869166e-02 9.07174916e-03 1.88625474e-02 1.47190836e-02
3.84733562e+01 6.19773657e-03 -4.03470183e-02 -4.85738747e-02 1.12530383e-02 3.21405761e-02 6.77276159e-03
4.11822280e+01 -4.21209783e-02 -3.12875058e-02 -1.97217278e-02 1.56851665e-02 2.25083858e-02 1.83017374e-02
4.38828530e+01 4.09156089e-02 -1.36903102e-02 -4.36108907e-02 1.22508499e-02 1.64691463e-02 8.23712413e-03
4.65948733e+01 3.89903037e-03 1.41315167e-02 -3.92566165e-02 1.66151981e-02 1.59330123e-02 1.55680962e-02
4.92954218e+01 5.80925148e-02 -3.35897546e-02 -4.05328510e-02 1.77183648e-02 1.07817234e-02 1.01534491e-02
5.19852358e+01 5.17706955e-02 1.92773097e-03 -4.05762930e-03 1.34762786e-02 2.00770228e-02 7.70202398e-03
5.46972655e+01 1.60556899e-02 -2.83381846e-02 -5.02866721e-03 8.98652316e-03 1.42862311e-02 8.68537219e-03
5.73923608e+01 -1.77369092e-02 -4.57398842e-02 -1.93197956e-03 1.25432196e-02 1.09851546e-02 9.48696215e-03
6.00905249e+01 5.04497342e-02 3.36525786e-02 -2.41284735e-02 9.66070868e-03 1.61693840e-02 1.56263874e-02
6.27921827e+01 3.32906565e-02 4.49564253e-02 -2.74757731e-02 9.86361646e-03 1.88834443e-02 1.16651271e-02
6.54977968e+01 5.02809883e-02 2.96681275e-02 -3.55062033e-02 9.74652872e-03 1.38783259e-02 1.20493496e-02
6.82053374e+01 -2.68423538e-03 -1.33613734e-02 -3.32858918e-02 1.77190662e-02 9.37009468e-03 1.35159295e-02
7.08998358e+01 5.66048599e-02 -2.03269032e-02 -1.78366363e-02 1.76497381e-02 1.11169963e-02 6.30180320e-03
7.36023983e+01 1.22289273e-02 -1.42578224e-02 1.04507758e-03 2.58181733e-02 1.56314437e-02 1.57933273e-02
7.63115921e+01 -5.03230808e-03 -1.56308414e-02 -1.57169603e-02 1.71509251e-02 1.66979145e-02 7.44692393e-03
7.90011577e+01 -3.16455698e-03 1.39480862e-02 -7.75546063e-03 1.46830057e-02 1.64591064e-02 1.78742776e-02
8.17032265e+01 5.58072675e-03 8.09941737e-03 -1.39752207e-02 1.67799129e-02 1.61061564e-02 7.09510338e-03
8.43963671e+01 1.12473301e-03 -4.35079219e-02 3.29766462e-02 1.20999110e-02 1.58760398e-02 1.77064801e-02
8.70985515e+01 4.60751031e-02 -2.04884430e-02 4.18494678e-02 6.07302979e-03 1.32545287e-02 7.64907813e-03
8.97924577e+01 4.65235443e-02 1.50174827e-02 1.36971294e-02 1.51081064e-02 1.69035962e-02 1.22466744e-02
9.24921093e+01 2.31269210e-02 1.30841659e-02 -3.30168686e-02 5.37787058e-03 1.61351287e-02 8.92182876e-03
9.51910093e+01 1.40355354e-02 1.88838923e-02 -3.57134105e-02 1.17375101e-02 1.55083459e-02 5.81938378e-03
9.78916624e+01 1.62189902e-02 -2.27714339e-02 -9.00606219e-03 2.04539682e-02 1.68266739e-02 2.15597899e-02
1.00588436e+02 3.35942445e-02 -2.99897220e-02 -2.07684984e-02 2.26451245e-02 1.79287201e-02 1.61297556e-02
1.03278967e+02 7.11534125e-02 -3.66524057e-02 -1.85396455e-02 1.26791479e-02 1.67323568e-02 9.86916481e-03
1.05970780e+02 3.48765530e-02 -2.39170373e-02 2.04944259e-02 1.94997620e-02 1.32558536e-02 1.79735314e-02
1.08674498e+02 1.99137605e-02 -3.90915217e-02 5.10927119e-03 9.01693720e-03 1.69118464e-02 7.46032579e-03
1.11373764e+02 -8.09571294e-03 1.69052738e-02 -1.18820913e-02 1.07407514e-02 1.94487670e-02 1.52133580e-02
1.14079498e+02 2.40204527e-03 7.46921617e-03 -2.84987558e-02 1.06670061e-02 1.86980081e-02 8.51353293e-03
1.16778170e+02 6.21760453e-02 5.07515961e-02 -3.44532915e-02 1.50052957e-02 2.52811219e-02 1.00606083e-02
1.19483467e+02 7.15113693e-02 1.12190984e-02 -1.39174779e-02 1.49079924e-02 1.50777996e-02 7.12851100e-03
1.22180670e+02 7.38802778e-02 4.77520067e-03 8.98918861e-03 2.75474419e-02 1.61339021e-02 8.98862681e-03
1.24888842e+02 5.19264196e-02 1.55950621e-02 3.81263406e-04 1.81896154e-02 1.72269568e-02 6.64140084e-03
1.27582201e+02 6.46304262e-02 5.97932004e-02 -5.17055051e-02 1.11993389e-02 2.70427617e-02 1.14588224e-02
1.30299826e+02 3.10478968e-02 1.75508458e-03 -7.33763973e-02 1.55262205e-02 2.83436902e-02 1.48267806e-02
1.32999936e+02 -3.89096764e-02 -2.31804842e-02 -4.98073279e-02 1.05481794e-02 1.84304393e-02 1.07860481e-02
1.35700951e+02 7.78391176e-03 -4.84910827e-02 -4.50608110e-02 8.59085447e-03 2.21416688e-02 1.30301827e-02
1.38396123e+02 2.13172403e-02 -1.79621377e-02 -1.03279198e-02 1.53943051e-02 2.03125534e-02 1.36033754e-02
1.41096655e+02 4.81978073e-02 -3.05566271e-02 -1.66348821e-02 1.38010254e-02 3.15808392e-02 1.30456878e-02
1.43800639e+02 2.78345837e-02 1.02789312e-02 -3.28659054e-02 1.68518042e-02 1.59845419e-02 1.09484063e-02
1.46511030e+02 -1.19264555e-02 -2.05363027e-03 -5.05056157e-02 8.25631098e-03 1.82284842e-02 5.50039783e-03
1.49213280e+02 2.40482826e-02 6.20791291e-03 -5.21672893e-02 1.12008897e-02 2.00458744e-02 1.14652196e-02
1.51909920e+02 1.57790494e-02 -1.07570769e-05 5.83253831e-03 7.44292110e-03 7.31703510e-03 1.63283085e-02
1.54603326e+02 1.31740982e-02 7.11583060e-03 2.59809324e-02 7.75318254e-03 1.65384352e-02 2.12993214e-02
1.57305311e+02 5.07035372e-03 -1.23179917e-03 5.27727687e-03 8.32341066e-03 6.34009889e-03 1.71012331e-02
1.60012311e+02 2.30181656e-02 -1.19040226e-02 -6.95864333e-03 2.66061948e-03 8.63374643e-03 1.31817900e-02
1.62718248e+02 -4.42018833e-03 -7.98428172e-03 -2.12063239e-02 5.90613702e-03 5.86437039e-03 2.40946140e-02
1.65417639e+02 -5.12969776e-03 4.05563380e-03 1.31343902e-02 2.60125857e-03 1.79650554e-03 2.12520159e-02
1.68121155e+02 4.90035862e-03 -1.97809813e-03 -2.48832483e-02 3.03182691e-03 3.88587325e-03 2.65226151e-02
1.70812233e+02 -1.31156228e-02 2.16613499e-02 2.84730102e-02 7.29747662e-03 5.00957458e-03 1.14453474e-02
1.73507405e+02 -1.47312386e-02 2.77525855e-02 1.27118998e-02 5.51983055e-03 7.24151873e-03 1.14612432e-02
1.76202373e+02 -4.06939532e-02 -1.78693383e-02 5.24264720e-02 1.48021958e-02 1.71962716e-02 1.54348713e-02
1.78891092e+02 -2.14524230e-02 -7.61673775e-03 2.36695972e-02 1.02426863e-02 1.76928092e-02 1.18004722e-02
1.81593514e+02 -3.84994678e-02 -1.83959682e-02 5.12554305e-02 1.33965123e-02 1.57863010e-02 2.52579952e-02
1.84284045e+02 -1.04744338e-02 3.61738127e-02 3.44383193e-02 1.05000994e-02 1.93210407e-02 1.45359154e-02
1.86975717e+02 3.56436101e-03 2.67596657e-02 7.04541944e-02 5.87357246e-03 1.83552764e-02 2.38369071e-02
1.89676842e+02 2.49324491e-03 -4.48934253e-03 7.08738590e-02 1.28214040e-02 1.84879036e-02 1.44175657e-02
1.92381686e+02 2.94442307e-02 4.43533860e-02 3.09009803e-02 6.62006365e-03 1.05363536e-02 1.33435993e-02
1.95086030e+02 2.87776089e-02 1.79299757e-02 3.15697781e-02 7.36105950e-03 1.61863931e-02 2.19875653e-02
1.97796061e+02 6.63531237e-03 1.95870085e-02 2.89410740e-02 9.37368404e-03 2.04544862e-02 1.57405611e-02
2.00503795e+02 4.78654203e-03 -5.22224306e-02 2.43866683e-02 1.94552913e-02 1.82225573e-02 1.12117298e-02
2.03209545e+02 -2.22605415e-03 -3.92390377e-02 4.33959265e-02 1.01403409e-02 1.74784998e-02 1.65880319e-02
2.05898889e+02 4.47100708e-03 6.42712693e-03 4.73918020e-02 1.08526456e-02 2.59440975e-02 1.77272066e-02
2.08606514e+02 3.20192568e-02 -1.06682914e-02 4.34160440e-02 9.90276434e-03 2.46692984e-02 1.29850434e-02
2.11306076e+02 3.87072129e-02 -1.89402539e-02 4.20767349e-02 1.16285807e-02 2.46926282e-02 7.65734971e-03
2.14001201e+02 2.31557098e-02 -3.51971538e-02 8.31766228e-02 7.61395863e-03 1.71918011e-02 6.15976641e-03
2.16695389e+02 1.23150359e-02 -3.19924011e-02 2.10502739e-02 7.39489969e-03 2.08040188e-02 3.51769679e-03
2.19400608e+02 4.12980354e-02 -1.87002620e-02 7.68999552e-02 1.24516491e-02 2.34004895e-02 1.50630084e-02
2.22095155e+02 4.49985260e-03 -3.66156973e-02 6.42562373e-02 1.29391322e-02 1.98036570e-02 8.07572995e-03
2.24798670e+02 1.54636072e-02 -4.02109283e-03 5.93375573e-02 6.82691153e-03 2.36176908e-02 9.66781632e-03
2.27494170e+02 2.68022780e-02 -1.62653598e-02 7.45346110e-02 1.38789207e-02 2.78557109e-02 7.15111293e-03
2.30196920e+02 1.59940301e-02 -2.93991990e-02 4.78933604e-02 1.35446854e-02 2.59190819e-02 1.49733713e-02
2.32901858e+02 3.49350541e-02 -1.40232032e-02 6.04895668e-02 1.15229104e-02 2.36894904e-02 1.12384186e-02
2.35599608e+02 3.75324198e-02 -1.01976697e-02 6.48287134e-02 1.47351635e-02 2.15815535e-02 1.17580275e-02
2.38311436e+02 2.16823194e-02 2.53738110e-02 2.61048047e-02 8.70715526e-03 2.97381927e-02 6.71602574e-03
2.41006998e+02 3.71103417e-03 -1.89303873e-03 3.50917451e-02 1.33466936e-02 2.69272785e-02 7.13768807e-03
2.43707248e+02 2.71964709e-03 -6.38610966e-03 1.84405966e-02 9.56409210e-03 2.22599086e-02 1.90129878e-02
2.46409264e+02 -2.45549693e-03 1.41553485e-02 2.49291554e-02 1.27465673e-02 2.10965755e-02 6.20111651e-03
2.49099655e+02 -1.21686992e-02 -1.24654599e-02 5.82067011e-02 7.12435858e-03 2.56474200e-02 1.29869121e-02
2.51811498e+02 2.36612501e-02 -8.51857574e-03 3.89564152e-02 1.30652274e-02 1.96277072e-02 1.21121815e-02
2.54510420e+02 -1.42618648e-02 3.76479251e-02 1.87786790e-02 1.11576218e-02 2.01382245e-02 5.94066118e-03
2.57222358e+02 1.15889255e-02 2.14175773e-02 2.35231716e-02 1.87187887e-02 2.34236752e-02 9.20257885e-03
2.59909967e+02 2.20423718e-02 -6.36090382e-03 3.80235161e-02 9.18497872e-03 1.90966188e-02 1.12972164e-02
2.62605795e+02 1.12699254e-02 7.27686888e-04 3.66835010e-02 1.26308635e-02 1.80847725e-02 7.22388751e-03
2.65313623e+02 -2.63369920e-02 1.69659823e-02 -2.61686764e-02 7.91957249e-03 1.51095736e-02 1.03122010e-02
2.68014877e+02 1.78829022e-03 -1.88240833e-03 2.96377071e-02 1.25736433e-02 7.86307425e-03 2.28774966e-02
