6.85409227e-01 -1.69827540e-02 2.47120129e-02 3.63097140e-02 1.18462487e-02 1.28380288e-02 7.48174744e-03
3.39081355e+00 -5.72280752e-02 4.11288991e-02 2.21947671e-02 4.35319122e-03 1.58881079e-02 1.20742868e-02
6.08149855e+00 -1.48116971e-02 2.97209000e-02 -7.59105493e-03 7.87785401e-03 2.17968797e-02 1.37438676e-02
8.78206917e+00 -6.00824603e-02 2.82378878e-03 3.26856682e-02 1.05820871e-02 2.58600754e-02 1.05998207e-02
1.14727626e+01 2.86154850e-02 -1.32165549e-02 2.72922644e-02 8.52880247e-03 3.64182897e-02 2.08388597e-02
1.41671579e+01 -1.74727201e-02 -5.21050992e-03 1.92752604e-02 5.05625038e-03 2.75938082e-02 1.59696295e-02
1.68696126e+01 2.00914728e-02 -6.21409628e-03 5.65070438e-03 8.00745199e-03 3.15435676e-02 6.95671990e-03
1.95776204e+01 -1.62187674e-02 -3.61559508e-02 -1.80662274e-02 7.93478185e-03 2.58556726e-02 1.75681294e-02
2.22864845e+01 -1.51201201e-02 -2.02086499e-02 -4.15954651e-02 7.55813651e-03 2.45970098e-02 1.32674676e-02
2.49790720e+01 -2.45655781e-02 -2.33195017e-02 -1.20332308e-02 1.21562678e-02 1.38234006e-02 1.31224573e-02
2.76748392e+01 1.56757739e-02 1.12607356e-02 -7.69428968e-03 1.24006674e-02 2.25467692e-02 9.40318477e-03
3.03807267e+01 -1.69281446e-02 -1.54611828e-02 -6.67903448e-02 1.55241016e-02 1.60726575e-02 9.14098687e-03
3.30768360e+01 -2.63874515e-02 -9.65002626e-03 -8.00035674e-02 1.45399766e-02 2.17644672e-02 1.16420646e-02
3.57812454e+01 -8.31390461e-03 -7.59732282e-03 -6.07006572e-02 7.21039259e-03 1.62458634e-02 1.39619571e-02
3.84754892e+01 1.39017232e-02 -6.14901961e-02 -2.54311186e-02 9.26770018e-03 2.19230801e-02 5.55919159e-03
4.11808642e+01 -5.46961931e-03 -2.59482980e-02 -3.48012362e-04 1.97627907e-02 2.51976815e-02 1.86500970e-02
4.38909064e+01 4.24525623e-02 -1.35522771e-02 -4.33638945e-02 1.01723499e-02 2.19447420e-02 8.47680236e-03
4.65927001e+01 1.70720677e-03 1.62234696e-02 -1.67101308e-02 1.28806132e-02 1.02720442e-02 1.09134304e-02
4.92936517e+01 5.87945602e-02 -2.78690398e-02 -4.33560989e-02 1.35911006e-02 1.49405385e-02 1.26436451e-02
5.19950876e+01 7.27364366e-03 2.10036982e-02 -2.08545310e-02 1.64812036e-02 1.11942449e-02 9.19749015e-03
5.46888157e+01 1.87800697e-02 -6.45256749e-02 -6.14382013e-03 6.12482663e-03 1.48825431e-02 5.98494874e-03
5.73978814e+01 -8.81529396e-03 -6.94569784e-02 -4.07407267e-02 1.41061367e-02 1.72778446e-02 7.42507843e-03
6.00899095e+01 4.94128932e-02 3.27938437e-02 -3.80421217e-02 1.35810141e-02 1.75268895e-02 1.02578744e-02
6.27969392e+01 3.71348358e-03 5.07848637e-02 -5.96731390e-02 1.03244579e-02 1.33920417e-02 1.40044669e-02
6.55008173e+01 9.16199174e-03 5.13312611e-02 -3.25068904e-02 1.53153782e-02 1.60465099e-02 1.00780278e-02
6.81964689e+01 2.00393016e-02 1.17305427e-02 -2.93051069e-02 1.09060569e-02 9.83764149e-03 9.59356850e-03
7.08971345e+01 5.92594008e-02 -3.71320317e-02 -1.60192177e-02 1.13918337e-02 1.09561597e-02 7.59489779e-03
7.35933673e+01 1.33590696e-02 -2.39393011e-02 2.01440651e-03 2.70919927e-02 1.01129384e-02 9.27658769e-03
7.63060485e+01 -1.29778501e-03 -2.92340701e-02 -3.68473618e-02 1.24960469e-02 2.31596286e-02 6.27388455e-03
7.89984611e+01 -2.26008162e-02 1.18497164e-02 -2.24714683e-02 9.13035860e-03 1.46175241e-02 1.29471015e-02
8.16981720e+01 2.60201523e-02 3.97970982e-03 -1.46962256e-02 1.18204759e-02 1.25477690e-02 8.30564888e-03
8.43938954e+01 1.25905885e-02 -2.18028363e-02 4.12786968e-02 1.32187648e-02 1.37644006e-02 1.43055065e-02
8.70993345e+01 3.36015594e-02 -3.23883409e-02 4.01822970e-02 1.10339575e-02 1.54024228e-02 1.22999226e-02
8.97918423e+01 6.14517655e-02 1.13894923e-02 1.00786237e-02 1.02997094e-02 1.87938780e-02 1.30654696e-02
9.24897470e+01 4.95921394e-02 -2.36947002e-02 -4.83504441e-02 6.56446212e-03 1.87539905e-02 9.70362994e-03
9.51953032e+01 1.63976084e-02 -4.53040394e-03 -2.15335394e-02 1.30412787e-02 1.26571321e-02 5.94027534e-03
9.78953610e+01 2.50085896e-02 -1.10293299e-02 -5.47288178e-03 2.26232963e-02 2.39587082e-02 1.21862721e-02
1.00594634e+02 4.23455521e-02 -3.56043872e-02 -1.99459210e-02 1.73495539e-02 2.23651603e-02 1.24233387e-02
1.03275869e+02 1.03525824e-01 -6.14537643e-02 -2.54969189e-02 9.99174698e-03 1.48303287e-02 1.07542842e-02
1.05973963e+02 5.78370835e-02 -5.39747626e-02 2.05228518e-02 1.55221254e-02 1.34014241e-02 1.82481044e-02
1.08675103e+02 1.54903620e-03 -2.74613397e-02 1.71139914e-02 9.27262973e-03 1.91558999e-02 5.28507493e-03
1.11378228e+02 -1.76556282e-02 4.20124766e-02 1.44950561e-03 1.82835206e-02 1.59974824e-02 1.37704653e-02
1.14084213e+02 -2.46468600e-02 4.61548252e-02 1.17460776e-02 9.44050768e-03 2.04525576e-02 8.20494631e-03
1.16783463e+02 2.92797023e-02 4.43809979e-02 -1.22289449e-02 1.87449329e-02 1.33905065e-02 7.55606166e-03
1.19477025e+02 9.00010318e-02 3.36350850e-02 2.86195373e-03 2.19414676e-02 1.21165014e-02 6.65048599e-03
1.22181916e+02 6.64044299e-02 3.21433701e-02 7.66735481e-03 3.42248924e-02 1.57556908e-02 5.94387775e-03
1.24882900e+02 7.54103266e-02 4.13401346e-02 1.53924887e-03 1.49472476e-02 1.82560672e-02 1.00423313e-02
1.27581681e+02 8.93448408e-02 4.97952347e-02 -3.09448230e-02 1.35217286e-02 1.92257745e-02 1.06266514e-02
1.30292134e+02 3.79121989e-02 -1.68888416e-02 -4.89952898e-02 1.57656368e-02 2.84351048e-02 1.01321918e-02
1.33007681e+02 -4.19380006e-02 1.65868505e-03 -4.82750649e-02 1.05499795e-02 1.61217771e-02 1.17688203e-02
1.35703556e+02 8.44108578e-03 -5.01456621e-02 -1.25739490e-02 1.20888277e-02 2.10968300e-02 1.62022606e-02
1.38400728e+02 4.34290888e-02 -3.29680299e-02 -1.98111314e-02 1.06172005e-02 2.44062597e-02 2.25253935e-02
1.41097759e+02 7.05911706e-02 -3.52440283e-02 -3.62225327e-02 5.23120140e-03 3.04737101e-02 1.57849402e-02
1.43804572e+02 2.55826923e-02 -1.15045070e-02 -4.94003150e-02 1.54938232e-02 1.93319275e-02 9.44891713e-03
1.46512181e+02 -5.99097690e-03 -3.60078166e-02 -2.41073244e-02 1.69749245e-02 2.15340545e-02 7.80393718e-03
1.49211994e+02 3.37419988e-03 -8.76758177e-03 -4.85872684e-02 1.14795067e-02 1.19368222e-02 2.44734668e-02
1.51917166e+02 1.10800500e-03 4.69772612e-03 2.34867135e-02 6.40916239e-03 1.43936688e-02 1.45853304e-02
1.54611134e+02 2.54165403e-03 1.18414469e-02 1.66466466e-02 9.99055947e-03 1.30972030e-02 2.13963616e-02
1.57313400e+02 9.49328803e-03 2.11906522e-03 8.69709882e-03 6.79244084e-03 4.96923857e-03 2.54252347e-02
1.60012197e+02 -4.85480565e-03 -2.97364386e-02 -7.53021102e-04 5.35589716e-03 7.38537212e-03 1.41032957e-02
1.62721181e+02 -7.50525675e-03 -1.50784099e-02 -1.33685192e-02 3.59274273e-03 3.35058358e-03 1.70180225e-02
1.65419072e+02 -8.56573166e-03 1.42238856e-02 -1.03060991e-03 4.29344681e-03 4.42135663e-03 2.04690155e-02
1.68121150e+02 -7.79559240e-03 2.11132852e-03 -1.83137277e-02 3.36859279e-03 4.63347929e-03 2.30986319e-02
1.70816634e+02 -2.48838425e-02 6.23697484e-03 1.91203665e-02 3.26490338e-03 4.79080087e-03 1.41736054e-02
1.73513947e+02 -2.56399457e-02 2.47850014e-02 3.16517035e-02 7.20328279e-03 5.24513937e-03 1.53672987e-02
1.76207228e+02 -4.35074958e-02 -1.86586853e-02 2.10341813e-02 9.58644687e-03 1.50708015e-02 8.62634647e-03
1.78896838e+02 -2.57276017e-02 -5.39860847e-02 4.99662970e-03 1.33672539e-02 1.29034442e-02 1.46734063e-02
1.81592478e+02 -3.96805544e-02 -1.06457493e-02 2.43806530e-02 1.03487967e-02 1.71582654e-02 2.24307920e-02
1.84280228e+02 -2.99589625e-02 3.57562680e-02 6.38544518e-02 1.39233119e-02 1.69674760e-02 1.59243298e-02
1.86981244e+02 -5.42587877e-03 2.84289837e-02 3.93617364e-02 7.27446957e-03 1.65384310e-02 1.91236587e-02
1.89673947e+02 1.70798958e-03 -2.15847240e-02 6.73845192e-02 1.87978165e-02 1.84814075e-02 1.43358794e-02
1.92385572e+02 3.05178851e-02 4.40448507e-02 1.09896720e-02 5.26779294e-03 1.72665642e-02 1.49327069e-02
1.95088197e+02 1.87933833e-02 3.95895215e-02 -4.76162481e-03 7.44930466e-03 1.70820990e-02 2.11438543e-02
1.97795275e+02 1.41661410e-03 -8.37082506e-03 -1.74522754e-03 1.38427571e-02 1.89271067e-02 1.04899766e-02
2.00504931e+02 -1.07180456e-02 -4.10397795e-02 2.99845842e-02 1.19796869e-02 1.61788840e-02 1.68598239e-02
2.03203478e+02 -2.70795885e-03 -1.53564005e-02 8.30552732e-02 1.49426834e-02 1.86315840e-02 1.59140021e-02
2.05908619e+02 2.57811408e-02 -8.37364621e-04 2.39723513e-02 1.47183146e-02 1.84724078e-02 1.31965217e-02
2.08612384e+02 1.34075943e-02 -2.16404259e-02 3.34492931e-02 1.21340442e-02 2.82394468e-02 1.13119662e-02
2.11314369e+02 2.95921842e-02 -3.73225780e-02 3.13853646e-02 1.47046585e-02 1.65730463e-02 9.18184228e-03
2.14001759e+02 4.04270411e-02 -2.30053284e-02 1.02647469e-01 4.88477504e-03 2.40193801e-02 1.06682152e-02
2.16699509e+02 2.98058019e-02 -4.39145699e-03 3.13727868e-02 1.11071554e-02 1.84860984e-02 2.60489711e-03
2.19404619e+02 9.42705894e-03 -5.40571854e-03 4.63104512e-02 7.31637588e-03 2.62670907e-02 1.47960970e-02
2.22095650e+02 -1.99362318e-03 -2.32952797e-02 4.97369430e-02 1.35287008e-02 2.06460098e-02 5.65204896e-03
2.24798666e+02 1.02184716e-02 -1.72852714e-02 5.50186338e-02 8.64726099e-03 2.12537641e-02 9.20943578e-03
2.27501963e+02 3.21190524e-02 -9.90254591e-03 5.68497642e-02 1.86259530e-02 3.45482718e-02 5.03253182e-03
2.30200572e+02 1.83761097e-02 -1.06629474e-02 3.10503572e-02 1.24568042e-02 2.38012676e-02 1.36744620e-02
2.32900744e+02 2.55665764e-02 5.35815517e-03 2.43896814e-02 8.01379968e-03 2.44650170e-02 6.98866455e-03
2.35607338e+02 4.59184919e-02 -1.06856016e-02 5.64418647e-02 1.12730733e-02 2.12369636e-02 1.53849702e-02
2.38312228e+02 2.85545826e-02 2.68512845e-02 4.48751760e-02 1.43693767e-02 2.81736630e-02 6.39959636e-03
2.41010197e+02 3.15458518e-02 5.03423363e-03 5.97467485e-02 2.51159006e-02 2.76741548e-02 9.17284843e-03
2.43708197e+02 -6.36355716e-03 -5.05055660e-03 3.40119911e-02 1.24424006e-02 2.40063321e-02 1.06903496e-02
2.46409041e+02 1.87061842e-02 1.36021792e-02 4.86598412e-02 1.27412238e-02 1.94968947e-02 3.57636419e-03
2.49108588e+02 1.05670757e-02 -1.74989443e-02 7.66853014e-02 5.42048420e-03 2.08476440e-02 1.15630551e-02
2.51811931e+02 2.31812732e-02 6.41403200e-04 4.52126428e-02 1.66778729e-02 2.31920166e-02 2.09093833e-02
2.54511134e+02 2.61112783e-02 3.39005599e-02 4.13192108e-02 1.12415957e-02 2.19121693e-02 1.12721791e-02
2.57222822e+02 1.69910337e-02 1.15380709e-02 5.39799594e-02 2.43725189e-02 2.87527375e-02 1.48802697e-02
2.59916306e+02 3.02433804e-02 -2.51870420e-03 4.33367252e-02 6.54529580e-03 1.49002198e-02 2.47378953e-03
2.62616275e+02 -1.11666666e-02 -7.77870397e-03 1.70851775e-02 1.25475055e-02 1.96876000e-02 7.19929520e-03
2.65312009e+02 -1.37615317e-02 -3.35753302e-03 -5.09774387e-03 1.03923860e-02 1.51977505e-02 8.18703363e-03
2.68023203e+02 1.58116935e-02 2.09908495e-02 3.51871066e-02 1.11670476e-02 9.93991166e-03 2.18953050e-02
