6.76403881e-01 -2.37379396e-03 4.98185244e-03 7.66875893e-02 8.12000312e-03 1.49281257e-02 1.35402900e-02
3.38048836e+00 6.49942255e-03 2.06423392e-02 4.66528995e-02 2.21098658e-03 9.41067141e-03 1.15417517e-02
6.07343194e+00 3.06302644e-03 -2.33281725e-03 5.68708601e-02 2.73947746e-03 6.44088037e-03 2.35279253e-02
8.77826679e+00 1.65923388e-02 -3.35851172e-02 2.80635349e-02 6.30265354e-03 1.12783233e-02 1.26492476e-02
1.14767251e+01 1.21333068e-02 5.59745002e-04 3.81244136e-02 2.04867026e-03 2.78213509e-03 1.15055877e-02
1.41678844e+01 2.15739965e-02 2.38248581e-02 1.64643295e-02 3.15768398e-03 2.46646763e-03 3.33233111e-02
1.68602360e+01 3.21764809e-03 1.57258728e-02 2.42747596e-03 2.19861592e-03 4.48313923e-03 8.37031344e-03
1.95630969e+01 -6.41489781e-03 4.51962938e-03 2.38478657e-02 5.79608242e-03 1.03713013e-03 2.22172586e-02
2.22567876e+01 3.77316831e-03 -2.30017197e-02 -2.71121529e-02 6.39684290e-03 6.44973559e-03 1.18687700e-02
2.49502438e+01 1.01926035e-02 -5.06798606e-02 8.16479626e-03 4.96342550e-03 7.71678689e-03 1.11940227e-02
2.76458454e+01 9.02255631e-03 -2.85167666e-02 -1.64186196e-02 4.45788184e-03 1.54596577e-02 9.13396645e-03
3.03523657e+01 6.05751383e-03 -5.05412723e-02 1.74006565e-02 7.44625309e-03 1.70226340e-02 1.26037707e-02
3.30592298e+01 3.36782683e-02 -2.36810297e-02 -5.22815916e-02 1.24963135e-02 2.27461247e-02 7.04953928e-03
3.57632704e+01 1.51101041e-02 -1.89005875e-02 -2.55004976e-02 8.10689611e-03 2.55463925e-02 1.18606067e-02
3.84599407e+01 1.72169997e-02 -3.30656807e-02 -1.07249339e-02 9.73491615e-03 2.44460517e-02 5.89905267e-03
4.11682766e+01 1.23797794e-02 -3.06616178e-02 -1.63029914e-02 1.00574554e-02 2.33949078e-02 1.34688240e-02
4.38628016e+01 2.98375998e-02 -5.24637411e-02 -3.53672320e-02 1.09204463e-02 2.47687318e-02 1.32386527e-02
4.65711173e+01 -4.22765530e-03 -1.51227745e-02 -2.58792022e-02 1.01331051e-02 1.65759885e-02 1.07231500e-02
4.92730548e+01 -1.14296061e-02 -2.48141329e-02 -5.54498369e-02 1.04285581e-02 1.86601644e-02 1.48773748e-02
5.19633704e+01 -1.35562443e-02 1.81843672e-02 5.77140872e-03 8.19840560e-03 1.31049853e-02 4.35957767e-03
5.46754501e+01 1.18400004e-02 7.84567680e-02 -7.18613992e-03 1.08139291e-02 2.04823285e-02 1.14359820e-02
5.73792094e+01 1.88077368e-02 1.80665312e-02 -6.79851452e-03 1.68284713e-02 1.60674187e-02 1.89606700e-02
6.00928579e+01 2.68920912e-02 -1.49969609e-02 -3.87785805e-02 5.41482134e-03 1.65270830e-02 1.81464051e-02
6.27922876e+01 2.27228276e-02 -1.14374655e-02 2.55230612e-02 1.43080664e-02 2.50135322e-02 8.94119416e-03
6.55002626e+01 -9.20117319e-03 -8.04333035e-03 -2.78428917e-02 5.83907784e-03 1.57149866e-02 8.73136231e-03
6.82087985e+01 4.61134433e-05 -2.85063808e-02 2.93754575e-02 6.89394656e-03 9.20135723e-03 7.45366123e-03
7.08981641e+01 1.20362514e-02 1.45575160e-02 -3.07321474e-03 1.21340361e-02 1.53504120e-02 9.20470807e-03
7.35919891e+01 -1.96905309e-02 3.03583731e-02 3.83415398e-03 9.75912083e-03 1.06006172e-02 1.36514969e-02
7.62966126e+01 -2.48982862e-03 3.70545749e-02 -5.17852596e-02 4.29008895e-03 1.17861381e-02 8.36261109e-03
7.89783251e+01 -2.14178007e-02 -3.32374724e-02 -3.26737022e-02 7.83698849e-03 1.51773839e-02 9.16518787e-03
8.16820376e+01 1.45293349e-04 -1.23364116e-02 -7.32560060e-03 1.21626123e-02 1.62838695e-02 2.04691160e-02
8.43783516e+01 1.16082606e-02 3.54108398e-02 -2.82570684e-02 7.75939704e-03 2.56441078e-02 1.15847670e-02
8.70773485e+01 1.79116274e-02 6.79142391e-02 -3.36146160e-02 1.09587130e-02 1.27512162e-02 8.10853055e-03
8.97792438e+01 -1.31641237e-02 1.96992548e-02 -3.25216108e-02 9.61158328e-03 1.73747998e-02 1.22630050e-02
9.24786610e+01 -2.71999012e-03 -2.20536417e-02 -1.03426167e-02 1.38013430e-02 1.84701599e-02 1.59367941e-02
9.51736110e+01 4.99929558e-03 -8.11933226e-04 -2.04893116e-02 9.93157576e-03 1.59688492e-02 1.08960415e-02
9.78767923e+01 -2.35242931e-02 -8.41903455e-03 -6.52353560e-02 1.42165460e-02 1.72875790e-02 1.89786491e-02
1.00569269e+02 -1.08818337e-02 1.92828581e-02 -3.45044575e-02 1.25493845e-02 2.08041359e-02 4.65033736e-03
1.03265644e+02 -2.57731383e-02 1.91263017e-02 -4.70179005e-02 1.29025303e-02 1.88570881e-02 5.42216814e-03
1.05962144e+02 -9.38158716e-03 2.77666833e-02 -2.20632096e-02 1.06696040e-02 1.64183363e-02 1.36793636e-02
1.08676128e+02 1.01722998e-02 -9.30463073e-03 -3.50889608e-02 8.08884308e-03 1.57892170e-02 1.92568321e-02
1.11382253e+02 3.75699438e-04 -6.26277260e-03 -1.36834180e-01 6.89414294e-03 1.52846964e-02 1.59686219e-02
1.14076363e+02 -1.03513805e-02 -7.19723231e-02 -3.81836358e-02 1.27244463e-02 1.54176227e-02 1.11805514e-02
1.16777128e+02 3.53367234e-03 -6.29022605e-02 -3.40374939e-02 7.28706103e-03 1.29539810e-02 9.24860368e-03
1.19474097e+02 -1.76367255e-02 -4.07222519e-02 -2.15397056e-02 1.59282249e-02 1.93000322e-02 5.65014112e-03
1.22173816e+02 -1.54201436e-02 1.08124409e-02 -5.10700863e-02 7.30425602e-03 1.56865658e-02 1.06632902e-02
1.24871909e+02 -1.10402637e-03 -3.75036232e-02 -8.52227865e-02 9.92853130e-03 9.53204185e-03 5.99808600e-03
1.27570534e+02 1.74968543e-02 -2.22194538e-02 -9.43058092e-02 7.37883302e-03 1.54122526e-02 1.09738567e-02
1.30271738e+02 2.60951016e-02 -3.46209301e-02 -5.27922682e-03 5.33745113e-03 2.03685763e-02 5.46202266e-03
1.32976925e+02 9.24500591e-03 1.36991781e-02 -1.93412810e-02 8.64094487e-03 1.27123841e-02 1.06907768e-02
1.35681722e+02 2.11631439e-02 1.51803382e-02 -5.99593997e-02 1.01976543e-02 2.14304713e-02 4.87002614e-03
1.38378566e+02 1.94642444e-02 3.55166163e-03 -1.10268855e-02 1.71159728e-02 1.57144206e-02 4.98816948e-03
1.41072409e+02 3.60915017e-03 -2.42567289e-02 -3.92594167e-02 1.10752606e-02 1.08830200e-02 7.11931790e-03
1.43788097e+02 2.68513041e-02 5.14161261e-03 -2.00725844e-02 9.85719152e-03 1.25919425e-02 1.53963791e-02
1.46484316e+02 2.50785458e-02 2.90475163e-02 6.76468838e-03 1.24583933e-02 1.35188120e-02 1.08466909e-02
1.49183925e+02 3.76394595e-02 -2.47937093e-02 -1.22805054e-02 1.63732903e-02 1.36359625e-02 1.56073978e-02
1.51896144e+02 1.26199153e-02 2.28225964e-03 -3.42324282e-02 8.31541013e-03 1.75237364e-02 7.43675316e-03
1.54591909e+02 2.85336804e-02 1.52998230e-02 9.42980741e-04 1.67377502e-02 1.55847385e-02 1.62559390e-02
1.57290034e+02 -3.08636017e-03 6.24599563e-03 6.26898490e-04 8.77708989e-03 1.75851206e-02 7.63649225e-03
1.59981738e+02 4.00017205e-02 1.52190796e-02 -2.06558342e-02 2.24445562e-02 1.63467372e-02 1.61983343e-02
1.62674191e+02 5.00906331e-02 8.54090158e-03 -3.46211717e-02 2.88853709e-03 2.32393920e-02 1.65782970e-02
1.65377191e+02 6.47064985e-02 9.26028524e-03 -3.14206672e-02 8.53023411e-03 2.97262826e-02 2.57314775e-02
1.68089894e+02 4.07805078e-02 2.26859832e-02 2.41315601e-03 8.35816726e-03 3.28613248e-02 1.91864140e-02
1.70796659e+02 1.48993800e-02 3.46112768e-02 -1.33576177e-02 1.61004208e-03 2.60271321e-02 1.69658398e-02
1.73500003e+02 -2.08431554e-02 1.89372283e-02 -8.23434003e-03 5.82047009e-03 2.89785561e-02 1.62517472e-02
1.76204534e+02 2.07681149e-02 -6.55715622e-03 -6.64050840e-02 7.29771666e-03 2.43625223e-02 1.66532555e-02
1.78910347e+02 -3.51211213e-02 8.75805031e-02 -4.15495372e-02 9.71419619e-03 2.63352654e-02 8.15080884e-03
1.81609738e+02 -4.28302926e-02 4.91587904e-02 -2.93513217e-02 8.36283965e-03 1.61949376e-02 9.23878153e-03
1.84313316e+02 -4.56643071e-02 1.68901934e-02 -1.51478079e-02 1.85114781e-02 1.49228630e-02 6.69523904e-03
1.87005238e+02 -3.90775355e-02 -2.41725579e-02 2.94556427e-02 9.16461091e-03 1.64138452e-02 9.53869452e-03
1.89713519e+02 -2.39919202e-02 -1.44184754e-03 1.42674159e-02 1.79768383e-02 1.66287888e-02 9.25375390e-03
1.92411784e+02 -4.29594611e-02 -6.65700540e-03 1.78616436e-02 1.41243822e-02 1.66589803e-02 1.46397530e-02
1.95104019e+02 -3.23094385e-02 -3.34918214e-02 -6.44282313e-03 9.96164673e-03 1.34939389e-02 9.14915570e-03
1.97804925e+02 -8.27727863e-02 -9.00642936e-03 4.78214326e-02 1.55770968e-02 1.35321408e-02 1.47489190e-02
2.00487425e+02 -3.21260257e-02 -1.50194089e-02 1.61119851e-02 1.04914628e-02 1.56886097e-02 7.99492027e-03
2.03183675e+02 -4.40444893e-02 9.46562587e-03 2.88343541e-02 4.03478836e-03 2.15193606e-02 1.77468950e-02
2.05873800e+02 -1.37210781e-02 -4.30430140e-04 1.86102807e-02 7.77505886e-03 2.36177725e-02 9.00034604e-03
2.08570816e+02 -4.77617514e-02 -4.49935619e-02 2.79302938e-02 6.71200978e-03 1.89419886e-02 2.38109340e-02
2.11273191e+02 -2.41783189e-02 -1.88601171e-02 3.33583757e-02 1.32984620e-02 2.54518024e-02 1.05512812e-02
2.13979722e+02 -2.78170734e-02 1.27559811e-02 4.28201101e-02 6.81019107e-03 1.27512365e-02 1.33732504e-02
2.16680331e+02 -3.22741279e-02 -7.00372362e-03 2.58457510e-02 1.49363460e-02 1.63085691e-02 1.14063617e-02
2.19382253e+02 -7.83078504e-02 -3.79842414e-02 2.20465702e-02 1.46088933e-02 1.92906579e-02 1.36925365e-02
2.22092488e+02 -9.25178459e-02 -6.05738159e-02 1.28970666e-02 3.60907722e-03 1.46351679e-02 8.68523714e-03
2.24804847e+02 -1.14221340e-01 4.25137370e-02 2.03957086e-02 6.13725383e-03 1.09384595e-02 1.73734566e-02
2.27502409e+02 -7.27390590e-02 1.69714267e-03 4.57118805e-02 9.79761625e-03 1.64678137e-02 1.55353689e-02
2.30208347e+02 -5.53959803e-02 -3.04618350e-03 4.29132756e-02 1.92983752e-02 3.22699732e-02 1.54674265e-02
2.32904066e+02 -6.94517175e-02 -9.20797654e-03 6.99632945e-02 7.35301662e-03 2.04098637e-02 1.26321404e-02
2.35609988e+02 -6.70147393e-02 -1.36698968e-02 5.97493039e-02 1.22199806e-02 1.56448296e-02 1.15391883e-02
2.38312581e+02 -5.21944083e-02 -1.24395692e-02 2.81927433e-02 1.18863255e-02 2.44881876e-02 1.39121364e-02
2.41006597e+02 -3.10370988e-02 -2.80983285e-03 5.16847942e-02 2.70641779e-02 2.12161486e-02 8.74928594e-03
2.43716097e+02 -3.75194722e-02 1.03578417e-02 3.97000965e-02 4.66353542e-03 1.93895261e-02 8.70503340e-03
2.46411566e+02 1.91001761e-03 6.60846731e-03 -1.51064272e-02 2.88420534e-02 2.01812851e-02 1.19193905e-02
2.49099238e+02 -1.02494201e-02 -5.08846403e-03 1.48911056e-02 1.03167451e-02 1.93797139e-02 1.24478051e-02
2.51800988e+02 2.97840941e-02 -1.08535177e-02 1.67355489e-02 2.25484784e-02 2.00699445e-02 2.09835607e-02
2.54496284e+02 3.18109935e-02 1.69886768e-02 9.61353659e-04 1.85882413e-02 2.81213302e-02 6.91436148e-03
2.57210253e+02 -2.62553901e-02 -1.79969140e-02 2.33673181e-02 1.24331537e-02 1.81840936e-02 1.60851289e-02
2.59919456e+02 1.26612357e-02 1.48534722e-02 5.16435099e-03 1.54189291e-02 1.90466865e-02 9.48416426e-03
2.62612081e+02 -1.79848318e-02 1.80976659e-02 7.39025796e-03 6.10756906e-03 1.43198311e-02 2.14241687e-02
2.65309784e+02 -3.57761583e-03 4.55298580e-02 4.33629564e-02 1.16628304e-02 1.72667082e-02 7.72431799e-03
2.68006299e+02 -6.55530885e-03 -2.07539692e-02 2.59748158e-02 2.93968863e-03 1.06796717e-02 6.63932029e-03
