6.66291789e-01 -1.41216891e-02 1.65844846e-02 -2.58841994e-03 6.31823630e-03 1.95092736e-02 6.99093449e-03
3.36726560e+00 3.85832059e-02 1.23758311e-02 2.92790110e-02 1.44461672e-02 1.88969475e-02 5.18909588e-03
6.07428685e+00 2.50974457e-02 -6.21569145e-03 3.57456100e-02 1.13569801e-02 1.83282919e-02 1.85400211e-02
8.77120779e+00 2.79370221e-03 4.59907975e-03 4.47806018e-02 7.70004842e-03 1.99356894e-02 4.67739680e-03
1.14767267e+01 5.29787422e-03 5.09420379e-03 2.40437031e-02 1.37533975e-02 1.79738733e-02 1.45030113e-02
1.41656783e+01 2.02574518e-02 3.06160216e-03 7.74271553e-02 8.10561085e-03 1.69469097e-02 1.58420732e-02
1.68696689e+01 2.17716907e-02 6.15325479e-03 3.31963982e-02 8.81353688e-03 8.31486174e-03 2.25141342e-02
1.95610111e+01 1.95199671e-02 1.60915486e-02 8.72494332e-02 1.94358107e-03 2.52119513e-03 1.39030986e-02
2.22659251e+01 1.81253662e-02 6.63889982e-03 -5.62121427e-02 4.56335533e-03 3.17053718e-03 2.07233843e-02
2.49753236e+01 2.74419261e-02 4.01767117e-02 -5.78702428e-02 7.51360099e-03 6.46810851e-03 1.75515393e-02
2.76632361e+01 -9.38564602e-03 8.74470226e-03 -5.68088515e-02 8.14148228e-03 1.39314814e-02 1.53655436e-02
3.03714345e+01 3.38662696e-03 1.53370876e-02 -3.05466418e-02 5.22061832e-03 9.82563076e-03 1.66444821e-02
3.30701017e+01 7.15141350e-05 8.84397049e-04 -7.64904174e-02 7.02064498e-03 1.55930129e-02 1.93308561e-02
3.57689908e+01 -1.65117132e-02 6.02846190e-03 -2.47312101e-02 7.20203164e-03 1.10570492e-02 7.15870721e-03
3.84646954e+01 1.91710122e-03 4.72004929e-03 -1.95804261e-02 1.52890589e-02 1.23622034e-02 8.03429498e-03
4.11643939e+01 -8.33853587e-03 1.33037658e-03 -3.36557272e-02 9.63823203e-03 1.49611006e-02 1.00930593e-02
4.38622345e+01 -1.27968818e-02 4.12769352e-02 -1.36447263e-02 7.45373099e-03 1.42894574e-02 6.89140134e-03
4.65690236e+01 -3.19791203e-02 -1.96305589e-02 -3.56944185e-02 1.26344271e-02 1.86689580e-02 1.16476730e-02
4.92762126e+01 1.53213917e-02 7.65376845e-03 -5.67246967e-02 5.34819531e-03 1.98846116e-02 1.56261668e-02
5.19778548e+01 2.09749005e-03 -1.51166463e-02 -2.80862408e-02 1.81878452e-02 1.43237632e-02 1.18764024e-02
5.46925423e+01 4.90749785e-03 4.31732917e-02 -6.92735718e-02 1.23307088e-02 2.58803734e-02 7.19766279e-03
5.73856767e+01 -5.62065599e-03 -3.96565437e-03 -3.31627222e-02 1.48554997e-02 2.65887501e-02 8.65765863e-03
6.00887361e+01 -2.54149594e-03 -3.88328629e-02 -7.66464689e-02 1.05504546e-02 2.12555685e-02 1.77477147e-02
6.27959876e+01 6.14828146e-03 -6.60568428e-03 -6.90745718e-02 1.92082329e-02 1.98406326e-02 1.03408131e-02
6.55003142e+01 1.43379271e-02 -1.49745632e-02 -5.20204562e-02 4.80427926e-03 1.45183546e-02 2.20184329e-02
6.82165376e+01 2.51282271e-02 -1.89951230e-02 -7.35111142e-02 1.11148144e-02 2.48430925e-02 1.51232695e-02
7.09160767e+01 5.07009954e-03 -1.11191046e-02 -4.07269570e-02 7.19389878e-03 1.70744334e-02 1.32328632e-02
7.36135329e+01 -2.71608581e-02 -3.22093594e-02 3.52176497e-03 1.23184394e-02 2.10555495e-02 1.01169881e-02
7.63276173e+01 1.33679420e-02 -5.47418133e-03 -3.82957023e-02 6.92870579e-03 1.49148344e-02 1.52211374e-02
7.90276095e+01 2.95928445e-02 2.40792961e-02 -2.83430897e-02 9.62462348e-03 2.36322513e-02 8.48881937e-03
8.17308298e+01 4.66881346e-03 -9.56917742e-03 -3.16009029e-02 8.40258428e-03 2.87147933e-02 1.45221564e-02
8.44249439e+01 -7.76532707e-03 2.84410753e-02 -1.81871826e-02 1.03105753e-02 2.00889855e-02 1.24184560e-02
8.71351517e+01 1.01986438e-02 1.59919566e-02 -1.46829766e-03 6.97724758e-03 2.23229593e-02 1.56094442e-02
8.98406033e+01 -7.81984944e-03 -2.04647706e-02 -6.16242843e-02 1.34976463e-02 2.80407265e-02 1.82697602e-02
9.25311454e+01 -2.78984924e-03 3.96685092e-02 -6.59506267e-02 1.04676074e-02 2.01329700e-02 6.49570956e-03
9.52191861e+01 -4.84570847e-03 8.95300633e-02 -5.58206809e-02 1.57352428e-02 3.28870464e-02 1.36991385e-02
9.79156704e+01 -1.10968211e-02 2.44912492e-02 -1.05045984e-02 1.77121728e-02 2.23188281e-02 1.19312360e-02
1.00610388e+02 1.26506554e-02 1.82736741e-03 -1.39114410e-02 7.29724994e-03 1.73376193e-02 1.06750107e-02
1.03303669e+02 -1.70560779e-02 -6.88390375e-03 -2.37692794e-02 1.52102791e-02 1.06575875e-02 7.12143553e-03
1.06004731e+02 -1.73816076e-03 1.51717337e-02 -4.11963145e-02 1.34242771e-02 1.43167118e-02 1.16554177e-02
1.08707372e+02 -1.16963701e-02 3.13936247e-02 -7.56589298e-03 5.61617614e-03 1.32822795e-02 1.48983740e-02
1.11395794e+02 -1.71421016e-02 7.12272491e-03 -4.63027303e-02 9.15220001e-03 1.91727356e-02 8.02303095e-03
1.14098200e+02 6.35251187e-03 -6.33885977e-03 -5.39670629e-03 1.90514036e-02 2.46213056e-02 8.35594942e-03
1.16803356e+02 -3.64992857e-03 -6.26200203e-02 -6.45710200e-02 7.29155147e-03 1.97382023e-02 6.37411840e-03
1.19493763e+02 -1.83354695e-02 -6.87114601e-02 -2.97509455e-02 1.28997705e-02 2.22891761e-02 2.02900456e-02
1.22197013e+02 2.55439851e-02 -4.99956635e-02 -3.63741905e-02 1.24168085e-02 3.03793489e-02 6.62207945e-03
1.24902247e+02 1.98480919e-02 -1.22680970e-02 -1.82361237e-02 7.52003209e-03 1.31063762e-02 1.72982567e-02
1.27592294e+02 6.37805071e-03 -9.65902895e-03 -5.01066515e-02 7.32968603e-03 1.65748118e-02 1.79901469e-02
1.30295560e+02 4.12166978e-03 3.22815510e-02 1.22037121e-02 9.48613596e-03 1.63856837e-02 1.57288702e-02
1.33008669e+02 -2.78216649e-02 -2.58004116e-03 -6.40259591e-02 1.12732187e-02 2.16994956e-02 8.52407716e-03
1.35717341e+02 -1.90148319e-02 2.47713608e-02 -3.40145260e-02 1.21603163e-02 2.35802319e-02 1.96209018e-02
1.38415435e+02 -8.04329889e-03 9.16361806e-03 -3.02066898e-02 7.86320961e-03 2.18927019e-02 8.59399204e-03
1.41115216e+02 3.23553822e-03 9.56109643e-03 -3.35164734e-02 1.40252913e-02 1.74472350e-02 1.41474048e-02
1.43820466e+02 6.55556375e-03 -8.09241356e-03 -3.14302193e-02 7.49904251e-03 1.38549770e-02 8.54882346e-03
1.46514794e+02 -2.63511565e-03 2.66731796e-02 -3.31393961e-03 6.83884592e-03 1.91222045e-02 1.21495372e-02
1.49214669e+02 2.79002743e-02 1.41077590e-02 -3.75415304e-02 3.23193550e-03 2.20530844e-02 2.70311542e-02
1.51916169e+02 3.02399293e-02 -4.11482946e-02 3.08131978e-03 6.32193741e-03 1.71614888e-02 1.19322566e-02
1.54612216e+02 6.64124341e-02 -5.57279427e-02 -6.58526386e-02 1.02517696e-02 2.67773392e-02 5.61702946e-03
1.57313231e+02 -3.66102278e-03 -1.81461542e-02 -2.65420355e-02 4.18605233e-03 1.28354840e-02 1.46318377e-02
1.60020825e+02 7.26705917e-03 1.16977192e-02 -1.84802182e-02 4.89718439e-03 2.18855389e-02 1.47504013e-02
1.62714247e+02 -3.99961495e-02 -1.48940745e-02 2.26381549e-02 5.34300545e-03 1.84203533e-02 1.82802160e-02
1.65411950e+02 -4.29551641e-02 1.32399840e-02 5.85166730e-03 4.92988891e-03 2.49884506e-02 1.08718659e-02
1.68102981e+02 -4.65336881e-02 -3.43330662e-02 6.99243151e-03 7.55377224e-03 2.24049965e-02 1.72020582e-02
1.70795950e+02 -2.76620420e-02 1.47004547e-02 3.45946568e-02 1.19868238e-02 3.13618479e-02 1.03779290e-02
1.73489153e+02 -3.07474549e-02 2.58820340e-02 2.74131428e-02 7.63733575e-03 2.29963336e-02 1.22601916e-02
1.76193919e+02 -3.99147400e-02 1.14177199e-02 -1.94324045e-02 3.83873377e-03 1.75253121e-02 9.43487759e-03
1.78894435e+02 -4.78230310e-02 -2.98782845e-02 -1.94018120e-02 6.81949808e-03 2.18429383e-02 1.48455817e-02
1.81584325e+02 -5.17894727e-02 -1.01804925e-02 2.19207143e-02 6.35755931e-03 1.43683494e-02 7.30014634e-03
1.84272935e+02 2.54208899e-02 -5.41572974e-02 3.79896909e-03 1.03891220e-02 2.09465954e-02 1.13541982e-02
1.86960903e+02 7.20638786e-03 -3.62800533e-02 5.84017350e-02 6.70444386e-03 1.55964862e-02 8.23034381e-03
1.89658716e+02 2.71706724e-02 1.32828264e-03 6.89557424e-02 1.16300316e-02 9.12757360e-03 1.24287968e-02
1.92359966e+02 -1.22440991e-02 -1.34995372e-02 3.45378127e-02 9.19822961e-03 1.21610194e-02 5.73340730e-03
1.95077138e+02 -2.01594250e-02 2.01246339e-02 -3.12757331e-03 1.62835510e-02 1.89204004e-02 1.87277889e-02
1.97779216e+02 1.68611737e-02 1.11722135e-02 4.60278389e-03 8.08657246e-03 1.65648599e-02 1.32960904e-02
2.00494106e+02 -1.55906315e-02 3.98280657e-03 -2.04989915e-02 2.00526416e-02 1.38600894e-02 1.12796381e-02
2.03199278e+02 -2.81752989e-02 -1.41872153e-02 -7.21770356e-02 3.06335129e-03 1.50581225e-02 1.04913001e-02
2.05888044e+02 -1.68419991e-02 1.79552203e-02 -3.17469663e-02 1.11650840e-02 1.80568677e-02 1.34387638e-02
2.08594325e+02 -4.25142000e-03 3.67810941e-02 1.35451403e-03 1.47099489e-02 1.88544564e-02 3.47263296e-03
2.11291060e+02 7.27651593e-03 7.90420936e-03 3.95593099e-02 4.59462185e-03 1.14763834e-02 1.58749231e-02
2.13987716e+02 1.55937153e-03 2.38488679e-02 8.76169368e-02 1.57364181e-02 1.32766937e-02 9.22670454e-03
2.16681231e+02 -1.02183617e-02 1.07461745e-02 5.87209111e-02 1.14291060e-02 1.29492759e-02 5.24904105e-03
2.19379341e+02 -4.17684387e-03 6.79959056e-03 4.08953074e-02 2.00023050e-02 2.05933126e-02 1.48568350e-02
2.22087653e+02 -3.80694293e-02 -6.71081110e-03 -8.19578580e-03 3.22419397e-03 1.75215707e-02 1.25494441e-02
2.24796919e+02 -3.79458652e-02 3.96810253e-03 2.26143568e-02 1.61078014e-02 2.53388765e-02 1.01784515e-02
2.27500919e+02 6.82011010e-04 8.27762044e-02 1.80779698e-03 8.23371162e-03 1.31323969e-02 2.25352518e-02
2.30207294e+02 -3.98919602e-02 1.87509979e-02 -1.24865977e-02 2.93849256e-02 1.69288158e-02 2.22295940e-02
2.32921231e+02 -7.26293924e-02 -1.66925278e-02 3.52054383e-02 1.27386384e-02 1.72773576e-02 5.01135979e-03
2.35613872e+02 -4.10610035e-02 1.44179841e-02 -6.67892510e-03 1.99950874e-02 1.32508991e-02 2.31660184e-02
2.38312888e+02 -1.24236045e-02 1.94287817e-02 -4.74524221e-04 1.32487974e-02 1.48917438e-02 8.47044412e-03
2.41015075e+02 -1.14665267e-02 5.09546846e-02 -2.16927806e-02 1.63907393e-02 1.94668481e-02 7.73321591e-03
2.43711294e+02 5.51515189e-03 8.36253375e-02 -2.58256751e-02 1.40494635e-02 1.51085664e-02 1.06686523e-02
2.46425575e+02 -3.14257558e-02 -3.76502169e-03 6.62223383e-04 1.39689501e-02 1.73842238e-02 1.64893012e-02
2.49112575e+02 -1.35188131e-02 -2.42302488e-02 4.78240143e-02 1.01658198e-02 1.25287852e-02 6.45172282e-03
2.51812622e+02 -3.58305817e-04 -3.01789524e-03 1.47704211e-02 8.14690953e-03 1.41898615e-02 1.26238457e-02
2.54512919e+02 -5.21236801e-02 -1.37276107e-02 -3.35464074e-03 5.41727879e-03 1.83770835e-02 9.23580872e-03
2.57210466e+02 -4.90195410e-02 1.90373009e-02 2.00453067e-03 5.54781459e-03 1.84892319e-02 8.03213152e-03
2.59913075e+02 -4.39106634e-02 -3.62154292e-02 -1.32227990e-02 3.16941104e-02 2.46043820e-02 1.22948372e-02
2.62609575e+02 2.42764582e-02 3.94481102e-03 5.07329443e-02 1.29800551e-02 2.68717520e-02 1.30102971e-02
2.65318481e+02 2.49370407e-02 7.17061959e-03 1.04801974e-02 1.23871012e-02 2.34226553e-02 1.22119061e-02
2.68015433e+02 -1.46193351e-03 -5.86771298e-02 1.67444693e-02 1.15781264e-02 2.03877536e-02 6.63265909e-03
