6.80479529e-01 -2.42395614e-02 4.21701735e-03 5.26849782e-02 1.19506204e-02 2.06392975e-02 7.79639844e-03
3.38372329e+00 6.93041440e-03 -2.78762592e-02 6.91337271e-02 3.09571595e-03 2.18367537e-02 1.80447839e-02
6.07584563e+00 1.63435652e-02 1.05807105e-02 5.32110120e-02 8.86329992e-03 2.82545026e-02 2.20821803e-02
8.77572391e+00 2.34048507e-02 -2.42459080e-02 1.10288795e-02 6.15538304e-03 2.97241558e-02 1.46294891e-02
1.14802508e+01 9.03468941e-04 -1.63518719e-02 1.39743424e-02 1.61657378e-02 3.35149112e-02 1.98885646e-02
1.41933445e+01 -7.73831329e-02 -1.59420353e-02 3.29898002e-02 8.66672579e-03 2.52922383e-02 1.27715473e-02
1.68899914e+01 -2.74321377e-02 4.48873232e-02 -7.51924328e-03 9.32376041e-03 3.16826453e-02 1.04822872e-02
1.95765102e+01 3.20407280e-02 3.89723738e-02 1.48054511e-02 7.37820404e-03 3.05905666e-02 1.06175269e-02
2.22823445e+01 -6.19353792e-03 2.69990374e-02 2.69478544e-02 5.37284494e-03 1.89943471e-02 1.60368282e-02
2.49913055e+01 -1.28815317e-02 3.23952364e-02 3.10106277e-02 6.36642160e-03 2.75969162e-02 1.37245073e-02
2.76783711e+01 -5.81987143e-03 1.91346597e-03 5.38823176e-02 9.60173828e-03 1.98716594e-02 1.01341489e-02
3.03872758e+01 -3.08037147e-02 6.16997493e-02 1.01687916e-02 2.13393979e-02 2.19342374e-02 1.41129613e-02
3.30880898e+01 -1.66858018e-03 4.66831415e-02 6.26037732e-03 1.18391473e-02 2.81051257e-02 1.89014214e-02
3.57833398e+01 7.57682435e-03 8.25325122e-03 4.66359529e-02 1.20536782e-02 2.08605765e-02 4.59467866e-03
3.84801273e+01 2.49304759e-02 2.27297023e-02 6.21952512e-03 1.69299204e-02 1.94569882e-02 4.21833713e-03
4.11860711e+01 -8.44033556e-03 1.97565021e-02 -6.71193930e-03 2.01012258e-02 1.60174008e-02 1.31641419e-02
4.38776055e+01 1.62398647e-02 6.88668616e-02 -3.72320440e-02 1.07292677e-02 1.31354071e-02 1.37398642e-02
4.65745680e+01 1.83708130e-02 4.16956750e-02 -3.29598839e-02 8.90610566e-03 1.74333340e-02 7.39218045e-03
4.92722695e+01 6.34532050e-02 2.86699469e-02 -2.06933171e-02 1.19688398e-02 2.08823752e-02 9.00796871e-03
5.19793930e+01 7.30091541e-04 -6.81337901e-02 -2.86764544e-02 6.39850331e-03 1.95953547e-02 1.74460086e-02
5.46807633e+01 1.43755149e-02 -4.39780079e-02 6.46208329e-03 1.63354233e-02 1.81297083e-02 1.94476868e-02
5.73793289e+01 3.55609661e-02 1.25081385e-03 3.15116831e-02 2.33852538e-02 1.33551674e-02 7.43731573e-03
6.00825914e+01 5.79365576e-02 -1.65307201e-02 6.02729819e-02 1.63597616e-02 2.05182745e-02 1.01552582e-02
6.27840695e+01 7.29378682e-02 -1.63474556e-02 2.46894768e-02 1.84266165e-02 2.46706197e-02 1.35598957e-02
6.54825305e+01 7.35355374e-02 -6.21710439e-03 2.43662327e-02 6.33591969e-03 3.79687874e-02 1.60522356e-02
6.81883086e+01 2.37668692e-02 3.35073027e-02 3.87141359e-02 1.78552892e-02 2.66327795e-02 1.91405880e-02
7.08875695e+01 2.93191944e-02 -5.70088534e-03 1.80158825e-02 8.23760292e-03 1.31770208e-02 1.61267254e-02
7.35860695e+01 -1.58509390e-02 -1.05724205e-02 -1.51537768e-02 2.17222455e-02 2.65200212e-02 9.38086915e-03
7.62887117e+01 3.92979703e-03 -9.63947584e-03 -3.61570900e-02 1.90408399e-02 2.65997121e-02 1.34411148e-02
7.89710508e+01 2.69054287e-02 1.42066948e-02 -4.10973299e-02 1.76716780e-02 1.65349619e-02 4.58924876e-03
8.16772664e+01 4.62971705e-02 -6.08491550e-03 -2.85526201e-02 1.67770546e-02 1.73812491e-02 1.08865375e-02
8.43906086e+01 -2.08827327e-02 1.15575466e-02 -2.23795750e-02 8.95089029e-03 1.66795349e-02 9.87094725e-03
8.71000258e+01 2.03566834e-02 -4.17162131e-02 -8.59373610e-02 9.55577486e-03 2.19416189e-02 6.22678626e-03
8.97969633e+01 1.95529991e-03 -4.71379930e-02 -5.06997941e-02 1.50567595e-02 2.19905686e-02 1.38159670e-02
9.24892602e+01 8.17719089e-02 3.24490831e-02 -2.94359368e-02 7.62048444e-03 1.79435910e-02 1.55795853e-02
9.51841445e+01 7.79941511e-02 2.80460290e-02 1.65518187e-02 1.21531364e-02 1.69441093e-02 6.15157111e-03
9.78877633e+01 9.32247150e-02 1.27201348e-02 1.25227473e-02 1.12416042e-02 2.29990772e-02 1.79637805e-02
1.00590784e+02 8.39543802e-02 1.06342945e-02 -6.91402449e-03 1.22865590e-02 1.79162472e-02 5.08227285e-03
1.03298721e+02 5.85341137e-02 1.55391890e-02 -1.68003219e-02 9.76578952e-03 1.42600301e-02 1.77329890e-02
1.06013830e+02 3.74666247e-02 1.28429596e-02 -5.74603861e-02 1.54538855e-02 2.15143183e-02 1.14932776e-02
1.08720659e+02 4.68850020e-02 1.55246968e-02 -5.33133965e-02 2.10345602e-02 1.19333954e-02 5.03559821e-03
1.11424893e+02 3.83109125e-02 -1.91661744e-02 -6.19659297e-02 1.09601158e-02 1.00190459e-02 9.78692461e-03
1.14126971e+02 4.28305750e-02 1.74711657e-03 -6.88218654e-02 1.78690236e-02 1.70643259e-02 8.64208667e-03
1.16835127e+02 -9.04688738e-04 -2.77295822e-03 -5.35075142e-02 2.14269031e-02 1.61489721e-02 8.87262282e-03
1.19539815e+02 2.48579124e-02 -1.20762800e-02 -5.23684198e-02 8.41051881e-03 2.12638938e-02 1.88468331e-02
1.22240315e+02 7.33737128e-03 -5.09883789e-02 -9.11695126e-02 1.90250812e-02 1.97697976e-02 1.17192654e-02
1.24942830e+02 3.64094847e-02 -1.57440333e-02 -6.52475139e-02 1.88133787e-02 1.74841345e-02 1.27194125e-02
1.27634174e+02 6.48437470e-02 -7.22522491e-03 -3.97288486e-02 6.72000382e-03 1.54310119e-02 1.24976713e-02
1.30333799e+02 5.44918130e-02 2.39064713e-02 -2.14238444e-02 1.69145002e-02 2.04008324e-02 9.51748735e-03
1.33024768e+02 2.21839454e-02 3.00487877e-02 1.15208205e-02 9.13082965e-03 1.72497680e-02 1.01255612e-02
1.35722580e+02 3.17019955e-02 9.93844316e-03 9.68275980e-03 1.19037566e-02 1.78979411e-02 2.26503254e-02
1.38418627e+02 2.06127067e-02 -1.42965887e-02 -3.29377635e-02 1.49454755e-02 2.44795017e-02 9.31845048e-03
1.41111565e+02 3.40621168e-02 5.17802566e-03 -1.91777209e-02 1.90447551e-02 1.98440006e-02 1.23547415e-02
1.43800455e+02 5.11673561e-02 -4.79116778e-02 -3.41848664e-02 1.62046492e-02 3.06705365e-02 2.08354055e-02
1.46487909e+02 1.21482966e-03 -2.01120430e-02 -4.24505570e-02 9.75407334e-03 1.46333409e-02 1.78429838e-02
1.49179643e+02 1.50798970e-02 1.74355098e-02 -5.04874929e-02 8.91507797e-03 1.12716515e-02 2.40132934e-02
1.51873362e+02 2.14439892e-03 3.11990931e-02 -1.27558343e-02 1.36042438e-03 6.02349505e-03 1.56864913e-02
1.54578471e+02 -9.83669226e-03 -2.04423123e-02 -4.95815427e-02 2.96337531e-03 5.11260691e-03 9.95188982e-03
1.57273393e+02 -1.97754189e-04 -2.36370683e-02 5.36466803e-03 6.89009003e-03 4.69215120e-04 1.18464496e-02
1.59972205e+02 1.11791627e-02 -3.85311744e-02 8.81303816e-03 4.33977789e-03 8.19248431e-03 1.44449100e-02
1.62667893e+02 -5.76779125e-03 -1.97690997e-02 1.44167565e-02 3.44093645e-03 6.32408015e-03 1.51303562e-02
1.65378721e+02 1.92930861e-02 -2.54173389e-02 3.97216053e-02 6.71262511e-03 1.33218870e-02 9.89550271e-03
1.68083565e+02 -1.92304081e-03 -2.04386167e-02 -2.87403034e-03 1.17960299e-02 1.54052229e-02 1.05146200e-02
1.70792190e+02 1.94664838e-03 -2.17908650e-02 5.05342173e-02 6.86251603e-03 1.45743934e-02 1.28110030e-02
1.73489690e+02 -8.60704947e-04 -7.30131992e-02 2.94346464e-02 1.42720903e-02 1.96433065e-02 1.40339401e-02
1.76186362e+02 -6.54116971e-02 -3.86054953e-02 2.96423464e-02 7.39556776e-03 1.51389549e-02 1.11501834e-02
1.78872252e+02 -2.58299476e-02 -1.12649373e-02 3.45435795e-02 8.76263006e-03 1.02327145e-02 2.27543813e-02
1.81571252e+02 -3.14205729e-03 2.44037852e-02 4.46136940e-02 6.30921378e-03 1.67225756e-02 2.41936802e-02
1.84277987e+02 -2.83675777e-02 7.49229174e-04 7.71833055e-02 6.14027967e-03 1.57748404e-02 2.44090821e-02
1.86980330e+02 -7.35640426e-03 1.39353470e-02 7.13693483e-02 1.51774026e-02 1.51836662e-02 8.47070961e-03
1.89672659e+02 -1.37929326e-02 3.83559690e-02 7.01221652e-02 1.18479829e-02 1.32792417e-02 2.18814779e-02
1.92374659e+02 -2.18863376e-02 -3.12622589e-02 1.33215263e-02 3.79402462e-03 1.53593275e-02 1.91612336e-02
1.95078659e+02 9.69741694e-03 -2.12745984e-02 3.23718320e-02 2.26215257e-02 2.09096827e-02 1.74484791e-02
1.97773330e+02 -8.20417152e-03 -1.86238941e-02 3.42184997e-02 1.41762869e-02 2.60136598e-02 7.90563568e-03
2.00475409e+02 -1.48230784e-02 3.12545169e-02 5.99443413e-02 1.55303509e-02 2.82451133e-02 1.06634219e-02
2.03176034e+02 8.16662189e-03 2.61696082e-02 9.16470303e-02 1.78515882e-02 2.29264312e-02 1.16866518e-02
2.05867799e+02 1.14103261e-02 2.13390968e-02 7.12189988e-02 5.32272885e-03 1.75337846e-02 1.43033344e-02
2.08564049e+02 1.83031081e-02 2.10949104e-02 7.05869809e-02 1.24428526e-02 1.89364351e-02 1.64256422e-02
2.11258502e+02 5.66071900e-03 4.98407251e-02 3.96796006e-02 1.17186354e-02 1.30336522e-02 1.57036211e-02
2.13962080e+02 1.25078960e-02 4.23464756e-02 8.14180261e-02 1.01532238e-02 2.05762415e-02 7.67863725e-03
2.16670627e+02 -1.10892615e-02 1.69883331e-02 3.43418821e-02 1.10258643e-02 2.46699906e-02 1.93622246e-02
2.19366987e+02 3.03323782e-03 3.89822319e-03 4.92938238e-02 1.37570814e-02 2.13554607e-02 5.72453887e-03
2.22077299e+02 -1.43278105e-02 4.39639220e-02 3.14315560e-02 5.68659483e-03 1.42242571e-02 8.54418858e-03
2.24773909e+02 -1.64714305e-02 5.35963376e-03 5.01104569e-02 1.25173147e-02 2.36124229e-02 6.15961708e-03
2.27469034e+02 4.34497369e-03 2.27129950e-02 4.45006826e-02 1.62851612e-02 2.51120914e-02 1.28978634e-02
2.30169174e+02 -1.04790967e-02 -4.28022082e-02 5.22720142e-02 6.66209492e-03 2.26335326e-02 7.92677051e-03
2.32870205e+02 2.22815600e-02 6.43010739e-03 3.43155217e-02 1.74499637e-02 2.14306371e-02 5.17123456e-03
2.35573190e+02 1.10431576e-02 4.56317995e-02 7.09363018e-02 1.42502085e-02 2.09393481e-02 4.48608554e-03
2.38279205e+02 -5.95918398e-03 -1.77045191e-03 8.32803175e-02 1.50724331e-02 2.61900336e-02 5.16719069e-03
2.40983846e+02 3.46003742e-02 1.63580313e-02 5.77302413e-02 9.56941457e-03 1.99136740e-02 3.72962665e-03
2.43683487e+02 -1.77902353e-02 1.66378295e-02 5.96099672e-02 7.18987235e-03 2.40897260e-02 1.38764824e-02
2.46384174e+02 -8.32121984e-03 -3.36658748e-02 2.47498892e-02 9.95207351e-03 1.77713012e-02 9.91061095e-03
2.49077143e+02 -2.27610173e-02 -7.15343197e-03 2.64779054e-02 8.67198521e-03 3.27323097e-02 5.20061249e-03
2.51789612e+02 2.27611832e-02 -4.04855995e-03 4.90354729e-02 1.64991551e-02 2.79183755e-02 1.79779868e-02
2.54485299e+02 -1.04090007e-02 9.43954996e-03 1.04199156e-02 9.17911046e-03 1.79859721e-02 1.14382421e-02
2.57183096e+02 -2.66358673e-02 1.28159987e-02 4.98520055e-02 1.43296522e-02 2.27844767e-02 8.83712772e-03
2.59886362e+02 -2.81849335e-02 -1.30369206e-02 2.18148667e-03 9.41508100e-03 1.39918843e-02 1.56889642e-02
2.62590877e+02 -9.66768476e-02 -1.91991678e-02 -6.38312666e-04 1.01365938e-02 1.98199118e-02 1.07941869e-02
2.65285159e+02 -6.47294925e-02 -1.62284944e-02 -2.24083578e-02 9.11684470e-03 2.37611009e-02 1.08001078e-02
2.67998396e+02 -4.15118964e-02 -5.55001974e-02 -1.80766005e-02 1.32527386e-02 1.44905437e-02 7.52613474e-03
