6.99392665e-01 3.41801373e-03 -8.55736895e-03 3.63591113e-02 1.43692681e-02 2.16328387e-02 8.44031031e-03
3.40059617e+00 -1.87495517e-02 -4.19943884e-02 1.11699354e-02 9.78897430e-03 1.80779024e-02 7.34057407e-03
6.09978368e+00 -1.72064121e-02 1.74801540e-02 7.30784088e-02 1.20246158e-02 1.66053728e-02 1.03361600e-02
8.79032336e+00 -1.89567376e-02 2.95403375e-02 7.07538809e-03 5.47632210e-03 1.24562151e-02 1.40834767e-02
1.14978234e+01 -7.04769916e-07 -1.21813693e-02 3.91024917e-02 4.18711340e-03 7.85833985e-03 1.77425599e-02
1.41933171e+01 -7.47761121e-03 -5.49168655e-02 2.24993971e-02 6.58286432e-03 2.03112170e-03 1.05370575e-02
1.68924562e+01 -3.52114169e-03 -2.75528142e-02 5.63046717e-02 3.56285800e-03 4.22714610e-03 5.12034079e-03
1.95801968e+01 -5.10001779e-02 3.35104934e-03 -1.66356544e-02 3.11872949e-03 1.02216096e-03 2.53788703e-02
2.22733405e+01 -1.36913357e-02 -4.12442778e-02 -7.73828575e-03 1.70511815e-03 5.83591059e-03 1.23768871e-02
2.49678405e+01 -1.86618138e-02 3.31996700e-03 -5.88765755e-02 4.48329968e-03 6.18209712e-03 1.60137622e-02
2.76577015e+01 -2.07881812e-02 -6.95946854e-03 -3.65262750e-02 7.66620578e-03 8.81201360e-03 2.04610114e-02
3.03612952e+01 -1.26846467e-02 5.71163473e-03 -6.14953636e-02 1.34509915e-02 1.18652831e-02 1.66031077e-02
3.30607468e+01 1.12864319e-02 -2.05090260e-02 -4.36423689e-02 1.21370908e-02 1.98480654e-02 2.15413510e-02
3.57546765e+01 -8.68586594e-03 -2.50790582e-02 -3.29257120e-02 8.55757719e-03 1.68214390e-02 1.67854650e-02
3.84678827e+01 -1.89554721e-03 2.70924131e-02 -6.37510170e-02 1.01318594e-02 1.26854807e-02 8.22093347e-03
4.11730296e+01 -2.09631076e-02 3.19140375e-02 -3.39857277e-02 9.52965627e-03 1.55460492e-02 2.26232460e-02
4.38754968e+01 -2.90053465e-02 1.50093753e-02 -7.78878091e-02 1.17506695e-02 1.76682187e-02 9.69282475e-03
4.65724812e+01 -1.56982192e-02 -6.17059039e-02 -4.48407861e-02 7.60742918e-03 1.73805320e-02 1.06851913e-02
4.92624265e+01 -1.83647901e-03 -2.95961497e-02 -5.30168353e-02 1.35555952e-02 1.63214894e-02 9.82930025e-03
5.19680515e+01 -2.58743828e-03 -3.80344417e-02 -3.40717632e-02 1.15999520e-02 1.48043764e-02 1.34681866e-02
5.46734624e+01 -2.44227876e-02 -2.71863569e-02 -2.62385312e-02 1.19911087e-02 2.12352042e-02 1.56264280e-02
5.73805765e+01 3.10659519e-02 -7.78232007e-04 -5.10713854e-02 8.85781889e-03 1.75931033e-02 1.23370571e-02
6.00706671e+01 1.38600156e-02 2.02981461e-02 3.03281455e-04 1.12063889e-02 2.35152694e-02 1.55012753e-02
6.27811640e+01 3.09121984e-02 1.85560639e-02 1.73640745e-02 1.18873282e-02 2.44537638e-02 1.08766941e-02
6.54777249e+01 -4.62126880e-03 -2.88472761e-02 -1.31474495e-02 9.44438531e-03 1.91245365e-02 1.95965721e-02
6.81797109e+01 1.44100222e-03 -3.69595533e-02 3.37558143e-03 1.49138644e-02 1.70487287e-02 4.55396847e-03
7.08770609e+01 -2.71204907e-03 2.03514084e-02 -3.46362664e-02 7.51928380e-03 1.58174080e-02 1.55631234e-02
7.35784702e+01 -6.60081581e-03 -1.04419707e-02 -1.29143798e-02 7.59276482e-03 1.14469161e-02 1.13450050e-02
7.62814515e+01 -1.34527284e-02 -9.05931435e-03 -1.29784757e-03 5.81857016e-03 1.22096345e-02 1.12692215e-02
7.89769312e+01 -3.31166690e-04 -1.54771772e-02 -2.27075155e-02 1.30317757e-02 1.36860567e-02 1.06631839e-02
8.16869530e+01 1.45358923e-02 3.86209258e-02 1.79473863e-02 9.45406479e-03 1.38811235e-02 5.21154350e-03
8.43810624e+01 -7.48608042e-03 -1.15071346e-02 -2.04344172e-02 1.99484792e-02 2.64018087e-02 7.35018058e-03
8.70834780e+01 9.18944558e-03 6.14739077e-03 -2.63998847e-02 1.10233998e-02 1.86127339e-02 1.66163595e-02
8.97851468e+01 6.55696350e-03 -1.77177980e-02 -4.89972273e-02 1.64893881e-02 1.80914988e-02 6.35066333e-03
9.24745202e+01 -1.25389608e-02 1.76469774e-02 -1.12336161e-02 1.02525715e-02 1.89473398e-02 2.16337566e-02
9.51758437e+01 1.60108313e-02 5.21271350e-02 -5.47365434e-02 6.36354686e-03 1.77576139e-02 1.09717648e-02
9.78663484e+01 1.43866815e-02 1.18576475e-02 3.90055155e-02 9.63607456e-03 1.70441974e-02 1.13805326e-02
1.00574001e+02 3.57426484e-02 3.83973991e-02 -5.34757701e-02 1.17541225e-02 1.62502606e-02 2.23238359e-02
1.03276423e+02 -8.19566672e-04 -3.07286583e-02 2.54083222e-02 5.68397169e-03 1.35774298e-02 1.55220118e-02
1.05980189e+02 1.67857083e-02 4.37481958e-02 -3.15382024e-02 1.97955956e-02 2.03383187e-02 2.09344098e-02
1.08669533e+02 -4.46670460e-03 9.60095743e-03 3.39107185e-02 7.42783396e-03 2.03262747e-02 1.99740769e-02
1.11376408e+02 7.68627218e-03 -1.99997224e-02 -9.65697210e-03 4.90595248e-03 1.17669353e-02 1.34522418e-02
1.14073720e+02 -7.10645594e-03 -5.04313902e-02 -2.20879666e-02 8.09516339e-03 1.02227040e-02 1.61303749e-02
1.16773126e+02 3.65179011e-03 -2.32906129e-02 -2.77012855e-02 5.11992370e-03 8.09391707e-03 1.64392982e-02
1.19461345e+02 -2.59898683e-02 -5.03450453e-02 1.24079404e-02 1.37006746e-02 1.86497010e-02 7.81851751e-03
1.22178486e+02 1.60044911e-02 4.04200099e-02 -4.79015985e-02 1.01420086e-02 2.07927555e-02 7.27748848e-03
1.24882970e+02 5.82561642e-04 -5.38083111e-03 -3.68681605e-02 2.05290369e-02 1.57049838e-02 1.07338526e-02
1.27590095e+02 -1.44148682e-02 -2.04975540e-02 -4.75789508e-02 1.16430637e-02 2.05338022e-02 5.73238429e-03
1.30297908e+02 -7.32926857e-04 1.02698683e-02 -1.82142673e-02 1.23717817e-02 1.94677371e-02 1.62140847e-02
1.33005455e+02 2.39375657e-02 1.43233684e-02 -3.32908351e-02 1.37452000e-02 2.19177580e-02 5.90725021e-03
1.35708564e+02 2.10266261e-02 1.05180038e-02 -1.53421387e-02 1.55372930e-02 2.06992510e-02 4.88839779e-03
1.38413955e+02 1.50500767e-02 1.28791780e-03 -4.69594152e-02 1.31854711e-02 1.93364749e-02 7.44461918e-03
1.41113189e+02 -4.78912008e-03 -1.85997883e-02 -1.61902510e-02 8.96182145e-03 1.45157628e-02 2.25690693e-03
1.43806251e+02 2.28019166e-02 -4.08824793e-02 -2.77830636e-02 1.14159665e-02 2.60911779e-02 6.83632303e-03
1.46507142e+02 2.17846244e-02 2.89272824e-02 -1.36424356e-02 1.97710373e-02 1.72461313e-02 1.13932204e-02
1.49210330e+02 3.84202335e-02 7.74583730e-02 -5.07663348e-04 1.25252331e-02 1.89292200e-02 1.33075216e-02
1.51917845e+02 3.32461731e-02 4.24044488e-02 -9.21657121e-03 8.54783684e-03 2.53365775e-02 1.45725273e-02
1.54619533e+02 1.51095303e-02 3.34615184e-02 3.12608929e-02 3.65354871e-03 2.43248395e-02 1.30012456e-02
1.57326345e+02 9.03077671e-03 4.93730752e-02 -4.11176044e-03 3.86415220e-03 1.97909366e-02 1.39027323e-02
1.60018345e+02 2.01580033e-02 2.48724808e-02 8.31014821e-03 2.35076502e-03 2.15559854e-02 1.25700881e-02
1.62711923e+02 1.01595732e-03 -1.69346470e-03 2.47115457e-04 6.22721277e-03 2.64151951e-02 1.63089908e-02
1.65419095e+02 -5.97018738e-04 -3.29981636e-03 -4.47496145e-03 1.08367859e-02 2.29843142e-02 9.73033173e-03
1.68115298e+02 -4.72919265e-02 -5.22410926e-02 -1.26329941e-02 1.01461618e-02 1.89478785e-02 7.29448967e-03
1.70810298e+02 -2.56871267e-02 -4.50814965e-02 -6.22478862e-03 1.07289049e-02 2.29861431e-02 1.52957485e-02
1.73508642e+02 4.79176941e-03 -3.19957073e-02 -2.17530726e-02 8.13242629e-03 2.55800616e-02 7.19659476e-03
1.76209470e+02 -2.27643606e-02 2.39095279e-03 -6.28342389e-04 7.24972535e-03 1.35568166e-02 1.15120422e-02
1.78898814e+02 1.81936893e-02 -1.98670471e-02 5.17144348e-03 8.89579095e-03 2.13257778e-02 1.48115318e-02
1.81601283e+02 -1.67591307e-02 -3.07212704e-02 -4.61447187e-03 7.65714536e-03 2.02978733e-02 1.35532628e-02
1.84304533e+02 -1.33720732e-02 3.42719960e-02 1.24511050e-02 4.59136623e-03 2.40981527e-02 1.80959526e-02
1.87002673e+02 -1.51145231e-02 6.02912663e-03 3.46913675e-03 1.24198793e-02 3.03056851e-02 1.50685400e-02
1.89710955e+02 -3.91175791e-02 5.74851195e-03 -1.48405422e-02 6.16752016e-03 2.83000615e-02 3.04296075e-03
1.92406142e+02 -4.74191153e-02 1.35316258e-02 2.24510406e-03 1.81875828e-02 2.11869607e-02 2.99388262e-02
1.95098205e+02 4.21803301e-03 -5.10621813e-03 3.42694052e-02 1.76989816e-02 1.94382730e-02 9.36127593e-03
1.97790392e+02 3.30779929e-02 3.26316718e-02 2.34687945e-02 8.07057298e-03 2.13033156e-02 2.33492575e-02
2.00506017e+02 -2.87810047e-03 -1.85585598e-02 -3.42064704e-02 1.74520505e-02 2.17461041e-02 1.16480253e-02
2.03201986e+02 1.25130715e-02 -1.65290479e-02 -7.27230559e-02 1.63648101e-03 1.74716490e-02 1.23405198e-02
2.05890392e+02 2.99619930e-02 2.51905715e-02 -2.84031319e-02 1.33507635e-02 1.22427633e-02 7.47929885e-03
2.08588955e+02 1.88142514e-02 2.36850305e-02 -1.31861444e-02 1.23777746e-02 1.19006609e-02 2.49524037e-02
2.11299220e+02 -1.27021031e-02 1.98336744e-02 1.61648245e-02 1.36638254e-02 1.42097815e-02 2.72182423e-03
2.14000220e+02 7.14324295e-03 -3.00484212e-02 1.31395393e-02 3.96291820e-03 1.63970595e-02 1.58593279e-02
2.16709642e+02 3.46308721e-02 -4.18773007e-02 -9.95003653e-03 6.65134541e-03 1.50455087e-02 6.87359797e-03
2.19401533e+02 3.59580571e-02 -5.28557211e-03 -2.22280423e-02 1.30133651e-02 1.16613974e-02 1.30866954e-02
2.22110173e+02 -1.62802772e-03 -2.17153953e-02 -1.22285601e-02 1.18126541e-02 6.82002298e-03 7.46394311e-03
2.24793611e+02 6.37047645e-02 -1.03599230e-02 4.53063520e-02 1.32304472e-02 9.17411432e-03 5.40518638e-03
2.27499564e+02 7.98481846e-02 1.95516077e-02 2.26349165e-02 9.11189258e-03 9.07239239e-03 7.45064761e-03
2.30208517e+02 2.84844887e-02 4.88905373e-03 8.01658812e-03 1.11752235e-02 1.18122731e-02 8.05325542e-03
2.32922283e+02 1.52822534e-02 -4.97879610e-02 -5.70700437e-02 1.77566421e-02 1.12990445e-02 1.90367825e-02
2.35628408e+02 -3.57180479e-02 -4.69053384e-02 -5.38179377e-02 1.14974085e-02 1.47989324e-02 8.76394980e-03
2.38326955e+02 -3.87176045e-03 -1.98997792e-02 -1.75336744e-02 1.10993651e-02 1.58370388e-02 1.01660390e-02
2.41021267e+02 4.77937545e-02 1.56382534e-02 -1.33903487e-02 1.28192629e-02 2.47316843e-02 8.14272313e-03
2.43725314e+02 1.36894337e-03 1.98323730e-02 -1.25280447e-02 9.85391491e-03 2.11872925e-02 7.58786803e-03
2.46429892e+02 -3.47386147e-02 -2.84202689e-02 1.34872670e-02 1.11114508e-02 2.19979093e-02 1.51404241e-02
2.49127720e+02 -2.18945704e-02 8.98939332e-04 9.22848182e-03 1.97053603e-02 1.80517903e-02 4.65130479e-03
2.51827423e+02 -4.15719302e-02 2.17578598e-02 -3.19616540e-02 7.03862473e-03 2.07780191e-02 1.97913156e-02
2.54530423e+02 8.90840405e-03 -8.50869121e-03 -1.93982593e-02 1.82808586e-02 1.35353194e-02 1.50367677e-02
2.57230517e+02 -2.09783834e-02 -7.12027006e-03 -3.53209913e-02 1.13709324e-02 7.01845320e-03 1.37307690e-02
2.59928517e+02 -1.39681292e-02 2.27482441e-02 -4.14639279e-02 1.15775934e-02 9.91076548e-03 7.49846083e-03
2.62621705e+02 9.36439098e-03 2.63419437e-02 4.76274294e-02 6.90990984e-03 1.85122686e-02 1.09834689e-02
2.65319345e+02 -1.26818884e-02 3.02109564e-02 6.60833109e-02 2.00421026e-02 2.26335503e-02 1.28312163e-02
2.68023445e+02 6.36045447e-03 1.19951028e-03 5.97222185e-02 1.09940623e-02 2.25873784e-02 7.65472391e-03
