6.82738736e-01 -1.41550359e-02 -1.75574488e-02 -1.65653671e-02 1.88764662e-02 1.71992806e-02 1.09447216e-02
3.37917418e+00 5.61029373e-02 -3.27623005e-02 -1.49051345e-02 1.42033851e-02 2.71198494e-02 1.58137211e-02
6.08541918e+00 8.57300792e-03 1.27710818e-02 -2.12985370e-02 2.14645805e-02 2.01719118e-02 8.64042292e-03
8.77860152e+00 5.41430787e-02 -1.61094692e-03 2.71528886e-02 8.99266607e-03 2.16894805e-02 1.42113824e-02
1.14892387e+01 1.28299233e-03 1.36754754e-02 1.51440361e-02 8.77816218e-03 2.96591749e-02 1.72859521e-02
1.41875903e+01 3.07321091e-03 -6.14345771e-02 1.80803927e-02 6.65234731e-03 2.54260129e-02 1.66766602e-02
1.68777215e+01 5.70198733e-03 2.89820331e-03 3.43248044e-02 2.56686962e-03 3.77799437e-02 1.30633231e-02
1.95803903e+01 -3.73725597e-03 8.51073291e-03 -1.10904059e-02 4.68908697e-03 2.90388415e-02 1.95908454e-02
2.22696247e+01 3.32771996e-02 -7.37647025e-03 -1.46521408e-02 5.58087210e-03 2.29682740e-02 7.12216646e-03
2.49695387e+01 -1.11090550e-02 4.85927571e-02 -3.01439155e-02 6.19575393e-03 2.64519048e-02 1.21745392e-02
2.76658528e+01 1.20090711e-02 2.18240174e-02 -1.28543558e-02 2.09204672e-02 2.04470015e-02 1.70413930e-02
3.03702950e+01 -2.89370670e-02 -1.48152913e-02 -8.64774912e-03 2.88080510e-02 1.73446184e-02 5.24627171e-03
3.30804684e+01 -3.93957281e-02 1.77855724e-02 4.03116596e-02 1.32152624e-02 2.33089018e-02 7.32292620e-03
3.57744137e+01 -5.71662012e-03 5.23679553e-03 3.40802195e-02 2.69601617e-02 1.19946926e-02 1.26233214e-02
3.84702340e+01 1.97884261e-02 2.07319310e-02 -3.09799767e-03 4.53484841e-03 1.91266103e-02 1.72850849e-02
4.11736356e+01 -9.84019248e-03 1.86950240e-02 -8.08835944e-03 7.53822148e-03 1.53636283e-02 1.17686901e-02
4.38726278e+01 2.75367658e-02 5.01342718e-02 -1.25531925e-02 1.56433300e-02 9.10998188e-03 1.01767096e-02
4.65686950e+01 -4.63213833e-03 6.74438848e-03 8.74824146e-03 8.48145484e-03 1.74036961e-02 6.81680847e-03
4.92777200e+01 1.74014210e-02 -3.23566561e-02 -3.51491955e-02 1.65626136e-02 2.36827943e-02 1.90526309e-02
5.19702075e+01 6.83519012e-03 -2.30393820e-02 6.46935184e-03 7.02155381e-03 1.48068020e-02 6.84010407e-03
5.46700825e+01 4.74126273e-02 -1.11948637e-02 -6.58539716e-03 6.26276474e-03 1.47232084e-02 1.64799201e-02
5.73640200e+01 1.29211080e-02 -1.52691672e-02 6.00937106e-03 2.77866186e-02 1.96672158e-02 9.28958336e-03
6.00658528e+01 3.31259006e-02 -2.42767742e-02 -1.74329719e-02 5.61146601e-03 2.32167558e-02 5.13538190e-03
6.27600653e+01 -1.53902335e-02 -6.53253839e-03 -6.68997068e-03 2.13481262e-02 2.00253773e-02 8.47113181e-03
6.54568137e+01 3.60906272e-03 -1.76933451e-02 -8.64982330e-03 8.25662738e-03 2.70121292e-02 1.56359496e-02
6.81599715e+01 -4.01738039e-02 -4.02290432e-03 -6.98064251e-02 1.49526093e-02 2.11455354e-02 1.36848425e-02
7.08531481e+01 1.92485209e-04 3.61602961e-02 -5.15713260e-02 2.00129483e-02 2.25552169e-02 1.58672572e-02
7.35591012e+01 1.06709724e-02 -6.81634358e-04 -2.19463338e-02 1.18902087e-02 1.74253779e-02 5.73334916e-03
7.62624137e+01 1.27805263e-02 2.44709541e-02 1.49336078e-02 3.19453857e-02 1.50819377e-02 7.60305848e-03
7.89706012e+01 -1.58278391e-02 -5.59846190e-03 9.24040821e-03 2.43496354e-02 1.31473426e-02 6.07027196e-03
8.16726528e+01 -4.10152688e-02 -2.82894403e-02 -3.37651635e-02 3.01851593e-02 1.73703788e-02 1.10014646e-02
8.43763700e+01 -1.12450591e-03 -1.43363982e-02 -1.69661010e-02 2.19711026e-02 2.14639011e-02 1.75111582e-02
8.70885325e+01 1.45949436e-02 5.74966869e-02 -1.34012721e-02 7.70568927e-03 2.40093216e-02 1.46233113e-02
8.97878387e+01 6.34234277e-02 -1.24302839e-03 2.03198642e-02 2.95095886e-02 2.18090369e-02 1.03701705e-02
9.24944825e+01 2.10677487e-02 -2.08593505e-02 1.06935177e-03 9.40828200e-03 1.91688234e-02 1.19657168e-02
9.51909684e+01 2.72495879e-02 2.28511903e-02 -9.09280358e-03 2.03157328e-02 2.18577736e-02 1.02026599e-02
9.78868793e+01 8.82000804e-05 6.25295606e-02 -4.19576424e-03 1.35287078e-02 1.84425624e-02 1.52648744e-02
1.00587692e+02 -2.40189030e-03 4.33265343e-02 -2.46780334e-02 1.65437720e-02 1.85482395e-02 4.07186533e-03
1.03287676e+02 7.48539255e-03 -7.94329902e-03 2.27396495e-02 1.37964567e-02 1.96915100e-02 1.37355938e-02
1.05984067e+02 2.64409379e-02 8.25239126e-03 3.59395342e-02 1.36711158e-02 1.45622245e-02 2.09364569e-02
1.08684317e+02 6.01041486e-02 2.31627573e-02 -2.30962061e-02 2.15796013e-02 2.36769002e-02 1.73385296e-02
1.11389457e+02 9.33020197e-02 5.10822507e-03 -2.92816273e-02 1.63563036e-02 1.76133118e-02 1.23005287e-02
1.14084036e+02 8.43323154e-02 4.35277140e-03 -5.38590740e-02 1.34080172e-02 2.09778355e-02 1.03007581e-02
1.16787036e+02 8.60916455e-02 -3.00055706e-02 -5.15731068e-02 5.59042530e-03 2.31273839e-02 2.65349283e-02
1.19485879e+02 2.87389708e-03 -2.94657345e-02 -7.09693386e-03 8.92801805e-03 2.67927728e-02 9.86342047e-03
1.22188895e+02 -6.34725896e-03 -6.94659246e-03 1.96250968e-03 1.14782529e-02 2.39602106e-02 1.39830511e-02
1.24889942e+02 -2.56343012e-02 -1.08314919e-02 2.33277371e-03 9.01011731e-03 1.31343850e-02 6.41854963e-03
1.27583145e+02 5.44396150e-04 -3.59470299e-02 1.68726485e-02 1.70868490e-02 1.12769034e-02 5.50697675e-03
1.30279442e+02 1.81445431e-02 1.03493725e-02 2.93766824e-02 1.31619534e-02 1.53784121e-02 1.05263578e-02
1.32970254e+02 8.20264202e-03 1.97340871e-02 5.50363794e-02 1.65828572e-02 1.04762582e-02 6.61375090e-03
1.35683004e+02 -1.61125684e-02 1.43771923e-02 -2.93778904e-02 2.21523233e-02 1.43194325e-02 1.14816297e-02
1.38389598e+02 -1.83487983e-02 2.10506158e-03 -4.14109988e-02 5.89000296e-03 1.88282571e-02 1.10835713e-02
1.41092223e+02 -4.22147146e-02 7.55248705e-02 -2.80136991e-02 3.24457780e-02 1.75416571e-02 1.67615265e-02
1.43786457e+02 -4.44578316e-02 3.50986953e-02 -8.09604873e-03 1.12204254e-02 1.93653493e-02 1.77393263e-02
1.46484661e+02 -1.58013323e-02 5.07421724e-02 -2.40380567e-02 8.60769764e-03 1.33921636e-02 1.77295115e-02
1.49193629e+02 1.52145669e-03 2.92365206e-02 -2.86236041e-02 1.49664252e-02 2.16447655e-02 6.08841714e-03
1.51888473e+02 1.90378971e-03 2.84309851e-02 -5.70470060e-02 8.65326911e-03 1.74866514e-02 1.36075864e-02
1.54594817e+02 -9.00272597e-03 -1.05111960e-02 -1.36961783e-02 6.98102324e-03 1.09150472e-02 1.00033856e-02
1.57306114e+02 -1.83286991e-02 1.81311675e-03 -5.11385525e-03 2.49755984e-03 7.19281827e-03 1.22583399e-02
1.60002707e+02 -5.51627319e-02 -1.00133033e-02 -1.39176824e-02 3.16023760e-03 9.28823534e-03 5.36463140e-03
1.62693801e+02 -4.94775923e-02 -1.10687836e-02 -5.45952544e-03 1.77423050e-03 4.63152277e-03 9.50561763e-03
1.65389020e+02 -3.48269971e-02 -1.50911037e-02 2.24370220e-02 1.11546538e-03 2.91139896e-03 3.36869376e-03
1.68096301e+02 -6.54205204e-03 -7.34706859e-03 -1.77543529e-02 1.36110168e-02 8.24361816e-03 1.22071554e-02
1.70782692e+02 -4.55361657e-02 4.28734850e-03 4.82890089e-02 1.03273152e-02 1.16776456e-02 8.99945981e-03
1.73489832e+02 -2.29062431e-02 -2.91990819e-03 2.43599325e-02 9.78412432e-03 2.05687590e-02 9.45393923e-03
1.76186536e+02 -1.66103615e-02 -8.58943480e-03 3.90309880e-02 6.91875797e-03 2.72218421e-02 2.09870884e-02
1.78877348e+02 -2.84481654e-02 2.87485848e-04 1.02151681e-01 1.15006086e-02 1.48628930e-02 1.03086892e-02
1.81594661e+02 1.02660332e-02 -2.06272586e-02 4.48929312e-02 1.14893902e-02 1.61144930e-02 8.79624144e-03
1.84289223e+02 1.29529750e-02 -3.49580789e-02 -5.81619437e-03 7.64061345e-03 1.71220062e-02 9.95074457e-03
1.86994645e+02 -1.04822986e-02 -2.26966728e-02 3.49835282e-03 1.00247061e-02 1.58247133e-02 2.14470656e-02
1.89701207e+02 2.18831187e-02 1.82920518e-02 -3.14156791e-02 7.72909208e-03 2.20876760e-02 1.28407452e-02
1.92396395e+02 1.01249006e-02 2.47310628e-02 3.75557412e-02 1.40813216e-02 2.38595423e-02 6.57590196e-03
1.95104426e+02 -6.29816849e-03 -9.32233622e-03 3.01478932e-02 3.52048749e-03 1.33537375e-02 3.31791552e-03
1.97804036e+02 -1.81496281e-02 -5.79458252e-03 6.13965091e-02 1.49837316e-02 2.69859995e-02 1.19722143e-02
2.00508676e+02 -1.33251905e-02 -1.89751294e-02 4.54115440e-02 9.28416682e-03 1.29552340e-02 1.24775170e-02
2.03228832e+02 1.20362514e-02 3.31316496e-02 4.82359847e-02 1.06308242e-02 1.52552092e-02 1.06614580e-02
2.05925504e+02 -1.80386165e-02 6.72322799e-02 4.41100406e-02 6.51589951e-03 1.89692831e-02 1.57868843e-02
2.08637692e+02 -1.76718620e-03 2.06227772e-02 6.16640066e-02 1.21123635e-02 1.82877609e-02 5.46433776e-03
2.11342020e+02 2.30886064e-04 1.46314315e-02 4.89593019e-02 6.03824506e-03 1.96365978e-02 3.58616005e-03
2.14051426e+02 2.59494800e-03 3.96509914e-03 4.48843339e-02 1.32250496e-02 1.57763287e-02 8.75064198e-03
2.16744629e+02 -1.83411595e-02 -2.46371712e-03 3.72373058e-02 1.16435075e-02 1.03874428e-02 7.33362041e-03
2.19430801e+02 -3.03240953e-02 1.90977923e-03 6.04735949e-02 7.72505573e-03 1.42600314e-02 1.55841811e-02
2.22125332e+02 -1.01377107e-02 2.31133220e-02 3.20360403e-02 1.17075881e-02 1.95792365e-02 9.76715300e-03
2.24827536e+02 2.04245684e-02 9.76569602e-03 2.38253772e-03 1.16496916e-02 1.72999949e-02 1.24138498e-02
2.27519051e+02 1.46594232e-02 -3.09564751e-03 5.07216082e-02 4.73447818e-03 1.24027641e-02 1.33382502e-02
2.30211582e+02 1.61729369e-02 6.60454328e-03 1.03364371e-01 1.51230975e-02 2.17088034e-02 1.12136192e-02
2.32916020e+02 3.53178599e-03 -2.23255686e-02 6.62257609e-02 7.93180790e-03 1.10506483e-02 1.91178350e-02
2.35613629e+02 -1.13618701e-02 2.12757177e-02 2.63800239e-02 8.98235110e-03 1.89817043e-02 6.55873255e-03
2.38318223e+02 1.53516554e-02 -2.96881320e-02 3.03986315e-02 1.02356287e-02 1.58733775e-02 8.05872016e-03
2.41025067e+02 1.11169895e-02 -2.65939641e-02 1.03429727e-02 1.20448791e-02 1.75601183e-02 9.15432953e-03
2.43732676e+02 1.49630714e-02 5.38430647e-03 2.02752422e-02 1.43366757e-02 3.35152299e-02 1.24334196e-02
2.46434676e+02 1.43274659e-02 -3.02040275e-02 1.95620843e-02 1.02964104e-02 1.79431311e-02 7.22697121e-03
2.49129379e+02 1.76473442e-02 -4.73363018e-03 3.00939583e-02 1.21897779e-02 1.99810744e-02 1.76269142e-02
2.51823973e+02 -6.06328552e-03 8.73206970e-03 3.84469606e-02 9.91991381e-03 1.73573274e-02 1.28076478e-02
2.54523270e+02 -1.62181227e-02 9.78049188e-04 3.78110756e-02 1.14330621e-02 1.54389913e-02 8.93269664e-03
2.57227176e+02 -2.17193792e-02 2.09171643e-02 6.25664515e-02 9.14423497e-03 2.49005501e-02 6.00350177e-03
2.59915161e+02 -4.45719291e-03 9.54130722e-03 4.27378351e-02 1.12379554e-02 1.97736426e-02 1.24100449e-02
2.62628442e+02 -7.28685726e-02 -3.69969970e-03 8.02876480e-03 1.09687729e-02 1.78926813e-02 4.89793935e-03
2.65329911e+02 -1.26595523e-01 -1.77080112e-02 2.05538004e-02 9.66975832e-03 1.38096223e-02 6.59192742e-03
2.68020716e+02 -4.32240846e-02 -5.27062081e-02 -5.61618009e-03 3.27351804e-02 1.46333208e-02 1.59901020e-02
