7.07967033e-01 -2.19180192e-02 -5.19405259e-03 4.53466584e-02 9.85356134e-03 1.49875640e-02 1.20976054e-02
3.40272097e+00 -1.23618103e-02 4.19111075e-02 2.86082992e-02 6.15231167e-03 1.01774824e-02 1.81205151e-02
6.09456112e+00 -7.80303135e-03 1.11537129e-02 4.49067620e-02 7.31726712e-03 9.89480073e-03 1.29265002e-02
8.78930769e+00 3.58435091e-03 -2.69817967e-02 2.05515479e-02 6.59041732e-03 5.81974628e-03 1.36664725e-02
1.14832521e+01 -8.22377603e-03 5.16939088e-03 4.57420693e-02 5.25844526e-03 1.16829551e-02 2.05466496e-02
1.41797724e+01 3.41676128e-03 6.49105605e-02 1.97912134e-02 5.41200787e-03 6.11463668e-03 1.61854653e-02
1.68706255e+01 -1.08647113e-02 1.23848464e-02 8.98343274e-03 2.61949673e-03 3.40102222e-03 2.93821547e-02
1.95622146e+01 -2.27520914e-03 4.87426915e-03 1.16263061e-02 4.30043544e-03 3.31263542e-03 1.29717464e-02
2.22572364e+01 3.89421632e-03 -5.87243455e-03 -8.26023308e-03 4.38911866e-03 4.59462311e-03 2.45594938e-02
2.49590052e+01 -6.48551825e-04 -2.73274059e-02 -3.99363276e-02 1.06852312e-02 1.13915442e-02 6.74316536e-03
2.76631333e+01 1.33700338e-02 2.25650142e-02 -3.76394377e-02 6.94832205e-03 1.97403944e-02 1.13912714e-02
3.03601286e+01 1.57295054e-02 1.34315640e-02 -8.89805727e-03 1.68988484e-02 2.66058401e-02 1.40895076e-02
3.30573442e+01 1.56988977e-02 3.45781462e-03 2.12355630e-02 9.92331593e-03 1.67610954e-02 1.92190615e-02
3.57616114e+01 2.78619488e-02 2.19826477e-02 2.45393582e-02 1.14922265e-02 2.49119295e-02 4.37096289e-03
3.84502474e+01 2.40725496e-02 -2.67018959e-02 4.38577600e-02 1.02872384e-02 2.23175707e-02 1.04255210e-02
4.11579083e+01 1.26265374e-02 -5.44437067e-03 9.86975380e-03 1.41599548e-02 2.78715727e-02 1.37286454e-02
4.38575974e+01 3.21537114e-02 8.95179351e-03 6.51350432e-02 7.85573827e-03 2.29340362e-02 1.17626078e-02
4.65659458e+01 1.31553784e-03 2.18631258e-02 3.49652592e-02 9.31188459e-03 1.41510909e-02 8.04095389e-03
4.92720630e+01 1.07070238e-02 9.88917427e-03 -3.58572368e-04 8.09307273e-03 1.99212354e-02 1.15842951e-02
5.19717911e+01 -1.71648758e-02 2.91849033e-02 -1.22415249e-02 7.88366696e-03 2.16982927e-02 1.74592671e-02
5.46801161e+01 -4.81724691e-04 -1.31947091e-02 -4.46556941e-02 1.64712806e-02 2.08584625e-02 6.75375852e-03
5.73680114e+01 -2.54885941e-02 -2.18603758e-02 -2.80909796e-02 7.02451581e-03 1.60825245e-02 1.09072320e-02
6.00711536e+01 -2.14042145e-02 -3.01344453e-02 -1.03476627e-02 1.20211173e-02 1.83726701e-02 6.82799243e-03
6.27669302e+01 -1.11114901e-03 4.63935843e-02 -3.60767306e-02 1.63484390e-02 2.40604368e-02 1.83901225e-02
6.54727099e+01 2.90779723e-02 2.03145300e-02 -4.47775185e-02 7.46649743e-03 2.21960270e-02 4.35318923e-03
6.81704599e+01 7.29691637e-03 2.93894505e-04 -5.22086106e-02 1.20973223e-02 1.65630816e-02 2.01587936e-02
7.08700036e+01 -1.05477517e-02 -2.52641547e-02 -4.34376429e-02 9.15588762e-03 1.29646665e-02 1.21248947e-02
7.35745271e+01 1.38037061e-02 4.20166524e-02 -7.22732354e-03 1.02675941e-02 2.00921513e-02 5.54466480e-03
7.62709317e+01 1.70420836e-02 -4.08796660e-02 -1.08849587e-02 1.12789367e-02 1.24975379e-02 8.96453735e-03
7.89767661e+01 2.94442425e-02 -1.03727966e-02 2.60600009e-02 9.33749922e-03 2.21298241e-02 1.45741541e-02
8.16798317e+01 8.74740914e-03 -1.99401229e-02 2.39341733e-02 1.01333771e-02 2.20310246e-02 1.32602826e-02
8.43843286e+01 2.60807806e-03 1.57613983e-03 -9.42910497e-03 1.12994965e-02 1.39898369e-02 1.52882668e-02
8.70790786e+01 -9.86141263e-03 -3.77957228e-02 2.17557300e-02 5.09352953e-03 1.72122871e-02 6.35076501e-03
8.97827771e+01 -2.15223603e-03 -3.38575944e-02 -2.64176366e-02 1.11215714e-02 2.01933725e-02 1.07826366e-02
9.24853146e+01 -2.50053513e-03 -1.35590408e-02 7.06936356e-03 8.50920802e-03 1.51524460e-02 8.71638227e-03
9.51727271e+01 -1.75706545e-02 -2.18627243e-02 -3.23187286e-02 1.54411833e-02 1.99734468e-02 1.36875313e-02
9.78818193e+01 1.77893733e-03 2.45193167e-02 -3.10122345e-03 1.58515468e-02 1.74631049e-02 1.96168835e-02
1.00571971e+02 -2.88365046e-02 -3.58243520e-02 -4.31306014e-02 1.52091751e-02 3.34938457e-02 1.24708662e-02
1.03280768e+02 -1.73685047e-02 1.00239884e-02 -3.15359404e-02 1.36539639e-02 2.14895442e-02 1.19338353e-02
1.05979971e+02 -1.64512361e-02 -3.22756297e-02 -4.41287864e-02 8.00899028e-03 1.57897853e-02 1.34880983e-02
1.08682940e+02 -1.67705769e-02 -3.75165914e-03 -1.23738670e-02 6.97475598e-03 1.36385479e-02 1.04857390e-02
1.11371283e+02 -2.49720064e-02 3.41090370e-02 -4.02413070e-03 1.05554127e-02 2.27021746e-02 2.32023104e-02
1.14083815e+02 -1.29771004e-02 3.35621529e-02 1.12100466e-04 1.21563929e-02 2.13267034e-02 1.79880231e-02
1.16780096e+02 -3.47714269e-02 1.36430780e-02 -3.37972739e-02 1.17914676e-02 2.15872404e-02 1.30068059e-02
1.19483111e+02 -8.01358296e-03 2.99256987e-02 -6.79135056e-03 9.17497652e-03 1.00249886e-02 1.80149009e-02
1.22177940e+02 -2.37961819e-02 2.45907549e-02 -2.41406494e-02 5.27780743e-03 1.54379480e-02 1.18053460e-02
1.24890971e+02 -4.27252695e-03 2.91134565e-02 -2.52843339e-04 9.80150005e-03 1.83579362e-02 1.12675251e-02
1.27595627e+02 -7.65706217e-03 -3.07913440e-03 -2.86356331e-02 1.21863523e-02 1.21520783e-02 8.92185338e-03
1.30290127e+02 -1.17924566e-02 -3.06995441e-02 3.64510379e-03 1.01153385e-02 1.48749102e-02 7.88974738e-03
1.32990252e+02 1.98897255e-02 4.69308520e-03 -2.18021327e-02 1.25680969e-02 1.70977735e-02 5.63861122e-03
1.35696815e+02 -1.26830129e-02 1.17687321e-02 1.73657088e-02 1.07233662e-02 1.31814005e-02 2.53759085e-03
1.38401111e+02 -7.10776562e-03 2.89572649e-02 1.98195665e-02 8.12572568e-03 1.79442693e-02 1.15937949e-02
1.41115486e+02 1.63874788e-02 2.26044511e-02 8.83494919e-03 1.82834034e-02 2.48318326e-02 5.67277285e-03
1.43815861e+02 -6.12759075e-03 -1.75485404e-03 -4.04924246e-02 6.30553115e-03 1.26335845e-02 2.96521315e-03
1.46529486e+02 2.33489963e-03 -4.99130999e-02 -2.27401464e-02 4.52695354e-03 1.76637246e-02 6.07987872e-03
1.49231361e+02 7.01752828e-03 -3.58409553e-02 1.23231690e-02 5.24337798e-03 1.43307496e-02 1.41295337e-02
1.51922065e+02 7.11074295e-03 -5.13767739e-02 8.94743438e-03 8.72766248e-03 1.37780922e-02 1.43163987e-02
1.54631236e+02 2.64611231e-02 5.07691925e-03 -4.64509381e-02 6.14530059e-03 1.36936510e-02 1.14300438e-02
1.57325080e+02 2.67990659e-02 -2.69388928e-02 -2.52521200e-02 5.53255437e-03 2.51301660e-02 1.14866164e-02
1.60025018e+02 -1.82829034e-04 -1.46948956e-02 -2.85732158e-03 2.99704275e-03 2.11034106e-02 2.03612080e-02
1.62720815e+02 -6.88053228e-04 -1.48083939e-02 8.44331714e-03 4.22157341e-03 2.49027895e-02 8.49150137e-03
1.65414518e+02 -2.59512932e-02 -1.87368121e-02 1.99870633e-02 8.85997878e-03 2.63299412e-02 1.96388105e-02
1.68121549e+02 -5.25796305e-02 4.01291590e-02 3.52064595e-02 3.58518453e-03 2.56090028e-02 2.00911382e-02
1.70821018e+02 -3.14162236e-02 -1.85527122e-04 5.80045912e-02 1.43946859e-02 2.35737238e-02 1.51416576e-02
1.73520455e+02 -7.21602575e-02 3.02987861e-02 1.87401277e-02 2.06349090e-02 1.77475604e-02 1.82078199e-02
1.76220283e+02 -3.17101845e-02 2.90903124e-02 -3.30313492e-03 5.38595720e-03 2.93770839e-02 1.28486681e-02
1.78916830e+02 -4.21575697e-02 2.41853523e-02 -2.59580057e-02 1.78427080e-02 2.15520706e-02 1.27486775e-02
1.81613986e+02 -4.39345013e-02 2.79628466e-02 -2.94777216e-02 1.11740253e-02 1.82126901e-02 1.53803065e-02
1.84308096e+02 -2.55549500e-02 -1.02618720e-02 -1.98731403e-02 1.49808576e-02 2.33931555e-02 5.79701661e-03
1.86995440e+02 -1.72504082e-02 8.81855993e-03 4.36580994e-02 1.75455929e-02 1.90617611e-02 1.37441440e-02
1.89706393e+02 2.68752533e-03 -5.64184438e-03 -8.20515864e-04 1.14186621e-02 1.38495754e-02 2.30226276e-02
1.92403143e+02 -5.52822833e-03 -2.53385854e-03 3.73428971e-03 1.62464729e-02 2.06251870e-02 7.25597601e-03
1.95104783e+02 -1.02587253e-02 -1.09103252e-02 -1.81531174e-02 5.14834363e-03 1.71201125e-02 2.19284818e-02
1.97804705e+02 -4.50996764e-03 -3.51622858e-02 -6.55598513e-03 2.61243802e-02 1.84729451e-02 5.05575739e-03
2.00508283e+02 -8.09011022e-02 6.16623891e-03 3.63341781e-02 7.48362347e-03 1.43783045e-02 3.59150339e-03
2.03201877e+02 -2.13559511e-02 2.25577697e-02 2.25657959e-02 7.56244507e-03 2.26410597e-02 9.76087831e-03
2.05905252e+02 -9.78138278e-03 7.49816380e-03 8.52472745e-03 9.17019654e-03 2.48853648e-02 2.08071281e-02
2.08602549e+02 -6.51572513e-03 -1.81825826e-02 3.29752810e-02 1.61383208e-02 1.48376697e-02 4.67438689e-03
2.11303705e+02 -2.08416912e-02 -1.89310184e-02 3.62363151e-02 1.02525410e-02 1.90758133e-02 1.96420979e-02
2.14005002e+02 -3.29688490e-02 1.25772521e-02 1.68121130e-02 7.68125769e-03 1.61637377e-02 4.23556133e-03
2.16691658e+02 -1.16266990e-02 3.35545502e-02 3.37546844e-02 8.49686734e-03 1.68342529e-02 1.43971256e-02
2.19405486e+02 1.03093076e-02 2.07294128e-02 -1.17867780e-02 9.42885982e-03 1.34182387e-02 1.11380505e-03
2.22117643e+02 -3.57913704e-02 2.02397945e-02 -2.85363224e-02 5.09560045e-03 1.47893745e-02 7.36975522e-03
2.24830315e+02 -2.45593973e-02 -1.60950760e-02 -1.55862249e-02 7.96862525e-03 1.31071641e-02 1.80546974e-02
2.27534518e+02 -8.63578447e-02 5.20921160e-04 -6.78561673e-03 1.59130539e-02 1.69356412e-02 1.77016630e-02
2.30237736e+02 -5.82780028e-02 -2.52538857e-02 -1.52293485e-02 1.06254974e-02 1.77686838e-02 6.68438266e-03
2.32929424e+02 -5.07286618e-02 4.57288475e-02 5.63907971e-02 9.03865058e-03 2.07360992e-02 2.08026769e-03
2.35630893e+02 -1.44343587e-02 4.35287969e-02 7.14420086e-02 8.73315337e-03 1.89091492e-02 1.21876437e-02
2.38326299e+02 -2.52564479e-02 3.43527425e-02 7.52528742e-02 8.42702256e-03 2.56513566e-02 1.22699945e-02
2.41028768e+02 -2.69978168e-02 1.62683552e-02 4.35783620e-02 1.24635522e-02 1.52123648e-02 1.16433406e-02
2.43746393e+02 -6.47970836e-02 -2.92409080e-02 2.11893530e-02 9.65848016e-03 1.92499191e-02 1.21983093e-02
2.46441111e+02 9.56645096e-03 -1.98180375e-03 3.77674580e-02 1.12116269e-02 1.84927123e-02 7.34265043e-03
2.49148721e+02 1.91945990e-02 6.19169981e-05 6.16691910e-03 1.52779194e-02 1.59193249e-02 1.82788834e-02
2.51856002e+02 2.58275722e-02 1.34780914e-02 4.98048202e-03 1.79538507e-02 1.13825664e-02 8.71545633e-03
2.54561986e+02 -4.28175247e-02 2.02112135e-02 1.64861329e-02 1.47501122e-02 1.57950912e-02 1.32510497e-02
2.57263127e+02 -5.82667408e-02 2.07623978e-02 3.51310190e-02 1.11666875e-02 1.90699817e-02 1.18706100e-02
2.59959283e+02 1.53607110e-02 -3.49969716e-02 1.91619500e-02 1.12953314e-02 1.59197912e-02 7.77486703e-03
2.62655252e+02 1.17845745e-02 -1.45276809e-03 2.26028312e-02 7.95694396e-03 1.68032079e-02 6.69240737e-03
2.65361205e+02 3.62705968e-02 -4.12556533e-02 4.11118290e-02 1.35925995e-02 1.97992446e-02 1.09169860e-02
2.68058132e+02 -1.43940627e-02 2.51416499e-03 5.42197834e-03 5.77333816e-03 1.57827357e-02 1.41774911e-02
