7.13905141e-01 -9.61618069e-04 1.30745213e-02 3.60072413e-03 7.60059529e-03 1.25627717e-02 1.70960203e-02
3.39112135e+00 -4.95265148e-02 4.66584475e-02 7.68156430e-02 5.36962965e-03 1.15952621e-02 1.50122998e-02
6.08274714e+00 -7.09851651e-03 -1.04911486e-02 3.49862395e-03 1.13789537e-02 9.46087369e-03 1.04872327e-02
8.77401745e+00 -7.25380441e-03 -1.70722046e-02 4.78522399e-02 4.00529448e-03 8.17803735e-03 9.87227958e-03
1.14777714e+01 2.43039973e-03 1.04357865e-02 3.26799119e-02 6.21332638e-03 3.49830931e-03 1.63257225e-02
1.41733776e+01 -1.21645356e-03 5.99172920e-03 -2.13436224e-02 3.48858747e-03 1.84844128e-03 1.26553830e-02
1.68742339e+01 1.32151052e-02 3.53922004e-02 -3.91925123e-02 3.13470908e-03 4.07371148e-03 1.60064754e-02
1.95638260e+01 -9.13630824e-03 1.59442242e-02 2.68055014e-03 4.56466482e-03 5.30642163e-03 7.39527659e-03
2.22599510e+01 -5.47669281e-03 -1.16736105e-02 7.43734789e-03 7.98009529e-03 1.01336317e-02 5.90810890e-03
2.49524167e+01 -1.60904757e-02 -6.17172568e-02 4.52333530e-02 9.15202514e-03 1.57304125e-02 5.55496513e-03
2.76533104e+01 1.39121047e-03 -1.34782969e-02 -4.62495136e-03 1.31970397e-02 1.37001477e-02 1.15226481e-02
3.03565182e+01 1.02506251e-02 -2.31294740e-02 -2.24170374e-02 1.20528071e-02 1.61133020e-02 6.55194957e-03
3.30645276e+01 3.81421212e-02 6.44378651e-03 -5.74268757e-03 3.46090127e-03 1.78672534e-02 8.17715615e-03
3.57565042e+01 1.86432535e-02 -2.00029152e-02 1.78912013e-02 1.01065808e-02 1.99609946e-02 1.23771142e-02
3.84648682e+01 3.80532302e-02 -9.61271664e-03 1.51011792e-02 4.36919389e-03 1.34036855e-02 4.24665945e-03
4.11684417e+01 1.28969298e-02 -3.33420955e-02 -2.64649298e-02 1.76078502e-02 2.91797689e-02 1.14072311e-02
4.38669245e+01 -3.74896691e-03 -7.08100745e-02 1.00857001e-02 5.09128758e-03 1.28618529e-02 7.16623776e-03
4.65632917e+01 -4.94845369e-03 3.64210790e-02 -1.21147436e-02 1.41037842e-02 2.43111110e-02 8.90192222e-03
4.92622198e+01 -1.20480229e-02 2.20028296e-02 1.32960705e-03 2.04151975e-02 2.37290276e-02 1.31691792e-02
5.19653292e+01 -2.13797055e-02 5.14286227e-02 -1.62587300e-02 1.11927851e-02 1.76418948e-02 6.96346926e-03
5.46584104e+01 -1.96784666e-02 -5.13268018e-03 1.17544058e-02 1.63613061e-02 2.18519135e-02 7.81535467e-03
5.73660151e+01 4.06227904e-02 -3.21973090e-02 -2.12937389e-02 8.50679727e-03 1.24738817e-02 1.23483489e-02
6.00587510e+01 -7.07480212e-03 2.47196168e-02 4.32655562e-03 5.78156184e-03 1.34895273e-02 4.94625958e-03
6.27630370e+01 2.05761972e-03 3.24167928e-03 -4.22400410e-03 8.33343834e-03 1.65284741e-02 1.43326970e-02
6.54675260e+01 1.66739841e-02 1.87648619e-02 -2.82664815e-02 5.06003732e-03 1.20621762e-02 1.01635220e-02
6.81629135e+01 -9.25644903e-03 -2.60092267e-02 -2.66573033e-02 1.45466141e-02 2.20460827e-02 2.98217109e-03
7.08652948e+01 8.36383906e-03 1.00711385e-02 -2.38681903e-02 1.17346763e-02 2.10175929e-02 1.03825865e-02
7.35537214e+01 1.61824828e-02 -2.11761716e-02 -9.96102302e-03 6.37324022e-03 1.47847650e-02 6.77061134e-03
7.62525948e+01 4.76713066e-03 -7.48395447e-03 -1.99801760e-02 8.01836990e-03 1.96763938e-02 1.15709421e-02
7.89673901e+01 2.83943576e-02 -4.53258393e-02 -6.86554492e-02 6.30117086e-03 1.38918277e-02 9.70733421e-03
8.16633557e+01 3.23837077e-03 -1.72860931e-02 -9.66765682e-03 4.61494599e-03 1.52946127e-02 6.46184470e-03
8.43619026e+01 1.16311372e-02 -1.98499584e-03 1.41058402e-02 6.47099586e-03 1.51839571e-02 1.32426017e-02
8.70758823e+01 5.86052817e-03 2.90215951e-02 -2.03547388e-02 1.06767337e-02 1.76662307e-02 2.03819075e-03
8.97729479e+01 2.09338425e-02 2.67567774e-02 3.44520621e-05 1.26069600e-02 2.20533136e-02 1.13002381e-02
9.24600182e+01 6.43979751e-03 -4.05757235e-02 -4.14146994e-02 8.37666711e-03 1.62077480e-02 7.21606560e-03
9.51619370e+01 1.78085526e-02 9.68636245e-03 1.53173489e-02 7.47399769e-03 1.06909774e-02 8.24350786e-03
9.78657229e+01 3.63381786e-03 -1.62666867e-02 -1.93857280e-02 1.04905323e-02 1.49746070e-02 7.81709313e-03
1.00581892e+02 -7.95959035e-03 -1.43607025e-02 2.94184009e-02 7.81719172e-03 9.73962677e-03 8.55412201e-03
1.03269548e+02 -2.34371472e-02 -1.20528458e-02 -3.12171033e-02 9.42637091e-03 1.89515598e-02 1.48879902e-03
1.05987939e+02 -6.02887073e-03 4.22906351e-03 -1.98110096e-02 1.08517546e-02 1.40975503e-02 6.57991061e-03
1.08683595e+02 -1.58383308e-02 -1.41249203e-02 -5.98039936e-02 1.75364479e-02 2.25470146e-02 5.02371822e-03
1.11387142e+02 -1.47570380e-02 2.69057031e-02 1.09513793e-02 5.34965000e-03 1.46336757e-02 7.29528237e-03
1.14082454e+02 -4.36413083e-03 -1.42292256e-02 3.39115828e-05 1.88435975e-02 2.04220539e-02 6.52557327e-03
1.16779470e+02 1.16706978e-02 -4.73392223e-02 1.43374739e-02 8.12200671e-03 1.72770510e-02 2.40944122e-03
1.19476032e+02 -2.58289282e-02 -4.40043063e-02 1.77933778e-03 9.95582488e-03 2.70007963e-02 5.49536402e-03
1.22189298e+02 -3.95091754e-03 -1.95151479e-02 -5.72031384e-02 1.48314891e-02 2.27064056e-02 5.72225378e-03
1.24881001e+02 -2.82544010e-02 -1.97296606e-02 -2.87453848e-02 1.22416338e-02 1.97739329e-02 1.62451741e-02
1.27579782e+02 -1.95349100e-02 -5.51475651e-02 -6.39047206e-03 8.56094735e-03 1.88515947e-02 1.38437288e-02
1.30277782e+02 -4.49049971e-04 -9.25248708e-02 -4.10012649e-02 1.08009525e-02 1.74451220e-02 1.74057815e-02
1.32986923e+02 2.80853729e-02 -5.34697066e-02 -1.88508248e-02 8.25869089e-03 2.24296747e-02 1.32835658e-02
1.35684157e+02 -3.02785270e-02 -6.13749036e-03 -7.16599092e-03 1.43980369e-02 2.38451346e-02 7.24245056e-03
1.38397501e+02 -1.33624062e-02 6.31494658e-02 -5.84773387e-04 1.37486892e-02 1.98643752e-02 1.76520320e-02
1.41104564e+02 6.04000867e-03 1.17441420e-02 -2.54436279e-02 1.65957206e-02 1.71725857e-02 1.28364002e-02
1.43809751e+02 9.69186655e-03 3.65559071e-02 -4.56925075e-02 6.31020671e-03 2.13279134e-02 1.73157833e-02
1.46509673e+02 -1.32082246e-02 1.05206841e-02 -1.39635942e-02 8.78316725e-03 1.60952481e-02 5.32261590e-03
1.49211360e+02 2.32965409e-02 -5.40804340e-04 4.47914813e-02 9.43244640e-03 2.25687251e-02 3.14911145e-02
1.51917657e+02 3.55304039e-02 -1.68886365e-02 3.12699012e-02 1.39526558e-02 3.69005877e-02 1.50373174e-02
1.54612298e+02 1.44157927e-02 -1.47157828e-02 1.35355477e-02 8.67111985e-03 3.04520895e-02 2.28341079e-02
1.57316235e+02 2.19671618e-02 -8.35689763e-03 -2.61365949e-02 3.29893949e-03 2.92902954e-02 2.06697063e-02
1.60010892e+02 1.78870319e-02 -2.30996839e-02 1.24059785e-02 5.27833401e-03 3.03449334e-02 2.08694733e-02
1.62710095e+02 1.77032803e-02 1.00520422e-02 -1.13143295e-02 3.07718381e-03 2.53037339e-02 1.73372937e-02
1.65409782e+02 6.35725914e-04 2.62252297e-05 8.28728576e-03 1.18971565e-03 3.66041290e-02 2.12846049e-02
1.68111814e+02 -7.55870429e-02 2.30247459e-02 1.75288365e-02 6.21536995e-03 2.33244342e-02 2.23900276e-02
1.70805548e+02 -5.49488282e-02 5.72985139e-02 4.39899486e-02 5.24653684e-03 1.85179750e-02 1.11579105e-02
1.73505642e+02 -1.45406724e-02 3.35272046e-02 1.43351607e-02 2.13514640e-02 2.70628126e-02 1.39183782e-02
1.76204751e+02 -1.75987764e-02 -2.62913372e-02 -2.28655650e-02 6.39116812e-03 1.84083090e-02 7.60709809e-03
1.78906157e+02 -4.74397287e-02 5.84668641e-02 4.45398529e-03 1.61276885e-02 1.48042082e-02 8.50349193e-03
1.81599860e+02 -3.37547222e-02 1.89981680e-02 -3.76748774e-02 6.25262415e-03 1.60316345e-02 1.08855185e-02
1.84297501e+02 -4.93424514e-02 -1.11816383e-02 1.17528250e-02 1.63871637e-02 1.54932532e-02 1.29310043e-02
1.87001345e+02 3.94787446e-03 -3.87242358e-04 4.36979996e-04 2.61769942e-02 1.20409652e-02 1.10871843e-02
1.89701610e+02 -3.10372951e-02 -1.74123531e-02 2.09250340e-02 1.31701177e-02 1.00670218e-02 1.14064203e-02
1.92398079e+02 -2.56693636e-02 -6.04701047e-03 -4.52956272e-02 6.13864239e-03 1.42243936e-02 7.53650504e-03
1.95099751e+02 7.38228341e-03 -1.61955451e-03 -2.19633288e-02 1.65606323e-02 2.13796089e-02 1.74349511e-02
1.97794360e+02 -1.07680691e-02 5.22022578e-02 2.23741990e-02 8.65202252e-03 2.32137102e-02 1.52974060e-02
2.00497423e+02 -3.99383535e-02 -1.43304293e-03 3.74375511e-02 1.52396369e-02 1.82366653e-02 4.10401397e-03
2.03200423e+02 -5.41526339e-02 -1.72792740e-02 6.96623387e-03 1.51729341e-02 1.75808320e-02 1.80257000e-02
2.05891470e+02 -6.18062542e-02 -2.01750732e-02 1.38161106e-02 1.43547694e-02 1.93208079e-02 9.89269411e-03
2.08595189e+02 -1.56744751e-02 3.71127893e-03 1.85075395e-02 1.47058862e-02 2.16299707e-02 1.14149443e-02
2.11298048e+02 -3.59011415e-02 7.07595905e-04 4.62922269e-02 2.02288301e-02 1.80101358e-02 1.16742366e-02
2.14005282e+02 2.97984400e-02 -1.44270535e-02 5.44263493e-02 1.64245135e-02 1.51000721e-02 7.27015813e-03
2.16705782e+02 8.78953736e-03 -9.79004607e-03 -1.38734795e-02 1.00581489e-02 2.19641290e-02 1.00740270e-02
2.19407095e+02 -1.18931222e-02 2.79066293e-03 -6.96166671e-03 9.28210462e-03 2.46603312e-02 1.72967365e-02
2.22112954e+02 -4.16325539e-02 -2.74938521e-02 -1.80785875e-02 1.15803232e-02 1.61460799e-02 9.19101994e-03
2.24813392e+02 -6.23680072e-02 2.03134374e-03 -2.51657727e-02 2.58585285e-02 1.87930720e-02 1.36812880e-02
2.27510689e+02 -6.59693002e-02 -5.26137001e-02 -3.55109917e-02 1.21086975e-02 1.44925116e-02 1.45259322e-02
2.30214829e+02 -1.00647410e-01 3.19025027e-02 -1.59833644e-02 1.44790692e-02 1.47630136e-02 1.07814261e-02
2.32926517e+02 -1.25033027e-01 3.59349332e-02 1.84336318e-02 1.11240542e-02 1.76028765e-02 7.05409365e-03
2.35622485e+02 -4.16931636e-02 5.00259962e-03 1.09421550e-01 2.45023514e-02 2.16965666e-02 1.78231242e-02
2.38320251e+02 -3.72496912e-02 -4.01357800e-02 6.90812083e-02 1.25202002e-02 2.09018545e-02 8.23967867e-03
2.41029470e+02 -2.20272966e-03 -2.89675968e-02 4.77677597e-02 1.75965558e-02 9.35087232e-03 4.08924315e-03
2.43735017e+02 -1.10456836e-02 -3.49679345e-02 1.34243376e-02 1.23886094e-02 9.71283301e-03 7.22968331e-03
2.46441923e+02 -1.95301579e-02 3.69336346e-02 3.42416674e-02 9.71013101e-03 1.33337885e-02 1.20837669e-02
2.49144860e+02 -2.56498099e-02 -2.46717898e-03 2.02360941e-02 1.17594279e-02 1.76204787e-02 2.28305978e-02
2.51840892e+02 1.49617881e-02 1.67356797e-02 2.26386789e-02 1.04005436e-02 2.01309673e-02 1.02266853e-02
2.54555704e+02 -1.21826199e-02 2.21657999e-02 -1.03020468e-02 1.51730735e-02 1.57102260e-02 1.17031498e-02
2.57261532e+02 -3.10404134e-03 8.31525981e-03 1.82379866e-02 9.94800751e-03 1.91003670e-02 1.09940695e-02
2.59966314e+02 -5.52906110e-02 1.67606514e-02 7.39659491e-02 1.44383656e-02 2.63548622e-02 2.14230151e-02
2.62662142e+02 -8.22430317e-03 8.96011615e-03 8.72849891e-02 3.46086534e-03 1.03855438e-02 1.64187258e-02
2.65348642e+02 -9.09309929e-03 -1.73579478e-03 -8.91651243e-03 1.00572324e-02 1.12665950e-02 8.24491239e-03
2.68044441e+02 -2.25618883e-02 -7.44254531e-03 -8.34977522e-03 6.71858427e-03 1.15653239e-02 1.13477393e-02
