6.89130585e-01 -4.74403843e-03 1.02725604e-02 5.33628653e-02 1.26791069e-02 1.11419281e-02 1.07553636e-02
3.39646043e+00 -2.56367815e-02 -2.91590330e-04 3.72093936e-02 9.38146589e-03 1.06512016e-02 7.41338507e-03
6.09822105e+00 -4.29255531e-02 5.43154578e-03 -4.05484909e-03 7.16917589e-03 1.83161146e-02 9.70006755e-03
8.80022558e+00 -8.85286406e-02 -2.48947775e-03 8.70929854e-03 1.21618866e-02 3.13221743e-02 1.74510253e-02
1.14891242e+01 -1.78431881e-02 -8.44670408e-04 3.23675152e-02 6.29796285e-03 2.73941153e-02 1.25942383e-02
1.41928039e+01 -1.92139719e-02 4.48857847e-02 -7.21687632e-03 8.14914408e-03 2.62895001e-02 1.89896051e-02
1.68865695e+01 3.96026849e-02 1.57863924e-02 -2.07074532e-02 5.09922486e-03 3.57659002e-02 1.96728426e-02
1.95939336e+01 -4.70102461e-03 -1.19330095e-02 -7.20243830e-03 7.95732927e-03 2.56925090e-02 9.16067567e-03
2.22912617e+01 1.10645159e-03 -2.37557124e-02 5.22465254e-03 4.04411100e-03 3.59714701e-02 1.62262977e-02
2.49824757e+01 -3.46787802e-02 -4.86258888e-02 2.16568782e-02 1.45795647e-02 2.56934766e-02 1.91047631e-02
2.76847351e+01 -6.57670744e-03 -6.16979715e-03 -3.91544225e-02 1.04961802e-02 1.92647324e-02 6.40181591e-03
3.03776211e+01 5.11249214e-02 3.59172629e-02 -3.20094772e-02 1.83506885e-02 1.28597297e-02 1.06966964e-02
3.30718851e+01 7.41526815e-02 2.35036806e-02 -3.93962003e-02 2.95218008e-02 1.76985980e-02 5.21805752e-03
3.57784601e+01 3.56760502e-02 5.80798967e-03 -7.41571238e-02 1.09069047e-02 1.22472008e-02 1.01729825e-02
3.84809679e+01 4.95936090e-02 -5.42792495e-03 -4.59462666e-02 2.29278765e-02 1.11404353e-02 1.71614188e-02
4.11762351e+01 3.87512440e-02 -2.37156602e-02 -2.92869661e-03 1.14336924e-02 9.50280969e-03 1.55702648e-02
4.38758539e+01 -8.90537137e-03 1.00311537e-02 2.08782503e-02 1.08576859e-02 1.37774547e-02 3.92566857e-03
4.65779070e+01 7.32935609e-03 -1.07271425e-02 -2.41648225e-02 2.47382782e-02 1.39454330e-02 9.91152061e-03
4.92663289e+01 2.84935804e-03 6.75295977e-04 -1.52155692e-03 7.27050299e-03 1.39592301e-02 8.12243044e-03
5.19588367e+01 -3.16447217e-03 3.33175292e-02 -1.04394023e-02 1.21656485e-02 1.96763056e-02 1.86431036e-02
5.46569492e+01 -3.63864118e-03 -3.99165616e-03 -4.47227424e-02 1.01037623e-02 2.49109607e-02 9.08879374e-03
5.73566648e+01 -2.38873227e-02 3.83853787e-03 -1.23020975e-02 1.37282257e-02 1.98549041e-02 8.34767866e-03
6.00590273e+01 1.61341477e-02 1.76117195e-03 -2.35514003e-02 1.71101401e-02 1.32802069e-02 1.12755473e-02
6.27572476e+01 1.21525937e-02 -1.34360443e-02 -2.02299466e-02 4.76126559e-03 1.92141128e-02 1.21570883e-02
6.54609351e+01 4.30658757e-02 4.03405659e-02 7.52037206e-03 2.20099493e-02 2.11223920e-02 9.66800423e-03
6.81650554e+01 5.28965259e-02 1.36685810e-02 3.20065789e-02 1.37461253e-02 1.56896920e-02 7.12896240e-03
7.08637648e+01 4.10966440e-02 -5.19593754e-03 1.97568076e-02 1.04233605e-02 1.84458623e-02 1.41075670e-02
7.35689664e+01 2.87282514e-02 3.40433398e-02 -8.56379442e-03 1.39468899e-02 1.33742675e-02 1.49089748e-02
7.62682476e+01 4.31269155e-02 -4.63323119e-02 -3.72728789e-02 5.60051924e-03 1.18471337e-02 8.26099035e-03
7.89718304e+01 -9.70306029e-03 -2.41721579e-03 -5.33938681e-02 1.50017378e-02 6.52104583e-03 1.03899510e-02
8.16720289e+01 3.92089470e-02 9.58563999e-03 4.09252699e-02 1.28659715e-02 8.77219857e-03 6.48787998e-03
8.43806804e+01 4.62257549e-02 6.15006945e-03 2.86472955e-02 9.94302064e-03 8.10431749e-03 1.05828796e-02
8.70801304e+01 2.35902678e-02 -4.05322425e-02 1.06729229e-05 2.16509599e-02 8.71030036e-03 5.99579967e-03
8.97861226e+01 2.68997499e-02 -1.92364017e-03 -4.25140549e-02 1.59807022e-02 1.20076723e-02 1.11902823e-02
9.24893882e+01 3.25238585e-02 -2.08140678e-03 1.64530302e-03 2.28740212e-02 1.60423682e-02 8.59718654e-03
9.51812757e+01 5.08110530e-02 -4.38734562e-02 -2.21369738e-02 1.28590516e-02 2.16017495e-02 1.01327155e-02
9.78877211e+01 3.69291705e-02 -3.88561448e-02 -2.50194008e-02 1.61964731e-02 1.32210514e-02 1.30931696e-02
1.00587612e+02 4.73169946e-02 -3.99186736e-02 -3.56797018e-02 2.60936366e-02 1.50799140e-02 1.59255240e-02
1.03296815e+02 2.00085546e-02 -1.18730197e-02 -6.21919600e-02 1.41151363e-02 1.40569529e-02 9.81803391e-03
1.05996830e+02 2.27771106e-02 4.66766296e-03 -2.80984829e-02 1.76519170e-02 1.97192353e-02 9.41567654e-03
1.08709502e+02 -1.34755356e-02 2.76508514e-02 -1.01384764e-02 9.23943029e-03 1.78366614e-02 1.44182877e-02
1.11410862e+02 -4.72712480e-02 -4.26981569e-03 2.16158954e-02 1.51609930e-02 1.94725604e-02 1.13849308e-02
1.14109346e+02 -2.96796812e-03 1.70862880e-02 4.63276226e-02 6.38403105e-03 1.27620926e-02 2.45273426e-02
1.16805502e+02 -9.02547453e-03 2.03161363e-02 3.71696586e-02 9.42254771e-03 1.77989141e-02 5.25458363e-03
1.19510893e+02 6.00489467e-03 6.69607204e-02 -1.15180229e-02 1.43419806e-02 1.19369906e-02 1.82539736e-02
1.22197815e+02 1.26212810e-02 1.71076474e-02 -1.37674021e-03 1.54000924e-02 1.84172407e-02 5.55378618e-03
1.24897237e+02 6.70167864e-02 4.04775539e-02 -3.36861183e-02 1.32715924e-02 1.98365218e-02 1.20450485e-02
1.27597924e+02 1.12115830e-02 1.32822464e-02 -4.14466378e-02 9.19197071e-03 1.69529614e-02 6.69051811e-03
1.30302893e+02 1.72508020e-02 -1.24326329e-04 -4.67362290e-02 1.94361524e-02 1.56634212e-02 9.73686711e-03
1.32992330e+02 2.78939370e-02 -1.38181921e-02 -3.49275740e-02 2.37562081e-02 2.49843570e-02 1.36992533e-02
1.35696174e+02 4.21256434e-02 -5.64795333e-03 1.78766581e-02 1.34240075e-02 2.02575216e-02 2.57168745e-02
1.38400737e+02 7.41229753e-02 -3.85435273e-02 1.63190974e-02 2.00091125e-02 2.20478883e-02 9.72992763e-03
1.41104284e+02 6.06352338e-02 -6.59833646e-02 8.56451085e-03 5.89457050e-03 2.90435260e-02 1.63412503e-02
1.43798221e+02 6.22190584e-02 -7.51453164e-03 2.46322050e-02 1.88794805e-02 2.10115404e-02 2.84827261e-02
1.46507534e+02 3.45719308e-02 -3.43184548e-02 -2.70891484e-02 1.17642030e-02 7.31946480e-03 4.91765111e-03
1.49211346e+02 1.17460317e-02 -3.62951194e-02 -1.86150729e-02 1.06449178e-02 2.17989716e-02 2.19502750e-02
1.51912096e+02 -1.04771389e-02 4.64427105e-03 -8.56482171e-03 1.28474805e-02 2.61089020e-02 8.24090357e-03
1.54614502e+02 -1.42622206e-02 -1.66350651e-03 -3.75505001e-02 1.17503450e-02 1.81285106e-02 1.46175634e-02
1.57305174e+02 5.49272849e-03 3.86117714e-04 -4.28779778e-02 1.30911814e-02 1.34618471e-02 2.25037640e-02
1.60003018e+02 5.77867031e-03 2.38206903e-02 -2.66215182e-02 2.94917298e-03 8.32177244e-03 1.12674650e-02
1.62708284e+02 1.33539009e-02 3.06590466e-03 -7.14172138e-02 1.60041591e-03 1.95527642e-03 1.86828196e-02
1.65397065e+02 7.01732323e-03 1.20121687e-02 -3.24784853e-02 5.11513274e-03 4.31274977e-03 2.22489399e-02
1.68100627e+02 2.41856170e-02 -4.79808784e-03 -1.92909002e-03 2.10541755e-03 2.42223047e-03 1.67530604e-02
1.70811268e+02 4.33443566e-02 -2.76579235e-02 1.11452556e-02 9.58221803e-03 1.04522016e-02 1.59057292e-02
1.73503909e+02 4.08242295e-02 -2.85101694e-02 2.00267900e-02 6.32423482e-03 1.17716240e-02 1.76777451e-02
1.76206940e+02 -9.70737894e-03 3.04750029e-02 3.03641033e-02 9.74656667e-03 1.16980890e-02 6.45652730e-03
1.78911205e+02 1.23435889e-02 1.25645890e-02 -3.90756726e-02 9.50381202e-03 1.47517574e-02 2.00453250e-02
1.81605534e+02 1.01099351e-02 1.45649719e-02 1.23129339e-02 1.60484722e-02 1.22867908e-02 1.14685430e-02
1.84310784e+02 1.84445519e-02 1.53156392e-02 6.53132550e-02 2.07234256e-02 2.92012137e-02 8.15592231e-03
1.87019971e+02 1.06232893e-02 5.05745726e-03 1.91294451e-02 9.03841521e-03 1.77477466e-02 5.93693792e-03
1.89722018e+02 -1.15455398e-02 -4.12253629e-02 4.39369047e-02 1.31949937e-02 2.68227262e-02 1.09141438e-02
1.92418065e+02 2.17284875e-02 -8.91190646e-03 4.73412011e-02 8.73886632e-03 2.54280586e-02 1.42890387e-02
1.95124080e+02 2.75948623e-02 5.71052272e-03 2.28908664e-02 8.13008162e-03 1.51211291e-02 1.73206781e-02
1.97838987e+02 2.15853841e-02 -1.00468150e-02 9.87907494e-03 6.65394731e-03 2.06056692e-02 1.60489658e-02
2.00550690e+02 4.10411619e-03 9.22450628e-03 -1.62205659e-03 1.06000827e-02 2.08097513e-02 5.62094694e-03
2.03252377e+02 2.09970465e-02 -2.28894512e-02 6.56981655e-02 1.38094989e-02 2.80296078e-02 1.24447592e-02
2.05956065e+02 4.16731822e-02 -2.69212768e-02 3.75803230e-02 1.41908344e-02 2.65888310e-02 1.46120258e-02
2.08668440e+02 3.19383792e-02 -2.39233864e-02 1.95592973e-02 8.36895037e-03 2.11042395e-02 9.70199373e-03
2.11362377e+02 -8.87841785e-04 -1.66289877e-02 3.40521184e-02 1.46515338e-02 2.62482326e-02 2.10627254e-02
2.14063721e+02 6.22492909e-03 1.26035623e-02 4.07030277e-02 1.24739346e-02 1.92858018e-02 8.34317627e-03
2.16768752e+02 3.27669032e-02 3.24432748e-02 4.01020530e-02 1.90326729e-02 2.48308891e-02 9.66645340e-03
2.19473596e+02 1.91756070e-02 -2.38471043e-02 1.73568790e-02 6.58425610e-03 1.98346891e-02 9.49624317e-03
2.22180096e+02 1.29013593e-03 -4.61743992e-03 1.38188700e-02 6.81332406e-03 1.60897148e-02 1.10471995e-02
2.24873862e+02 -3.47403090e-02 1.80801670e-02 4.67308239e-02 5.84609917e-03 1.53723975e-02 7.92938233e-03
2.27562112e+02 -2.82253808e-02 4.40301842e-02 2.01292627e-03 1.29482051e-02 1.83870529e-02 1.66394863e-02
2.30261440e+02 -6.56519640e-03 -1.20567860e-02 8.44004080e-03 9.27326505e-03 1.06715310e-02 1.14342777e-02
2.32950205e+02 -3.40762031e-02 1.63585111e-02 -3.10004842e-02 6.93603055e-03 1.81651838e-02 1.14270093e-02
2.35645752e+02 -2.86246736e-02 -2.19620766e-03 4.96085356e-02 1.19329619e-02 2.36749604e-02 1.54056384e-02
2.38334487e+02 -3.14736522e-03 4.89118376e-02 3.33469485e-02 1.49334873e-02 1.76858104e-02 1.30222792e-02
2.41033705e+02 1.21709725e-03 1.77755256e-02 4.77049479e-02 1.24859658e-02 1.47594552e-02 8.07578810e-03
2.43732502e+02 -3.13934532e-03 -1.54480306e-02 5.03456326e-02 7.80162486e-03 1.62699504e-02 4.10172277e-03
2.46429643e+02 -1.24741956e-02 3.60952891e-02 1.86988007e-02 1.20780024e-02 2.30339887e-02 2.13735366e-02
2.49137799e+02 4.93869228e-03 2.99825600e-02 1.41374035e-03 9.36416560e-03 1.29631938e-02 6.14963347e-03
2.51844924e+02 -6.97215133e-03 2.39237120e-02 5.14841387e-02 7.41899233e-03 1.92688370e-02 2.00394981e-02
2.54552596e+02 2.65074876e-02 4.02143335e-03 2.26521925e-02 9.31136468e-03 1.51675058e-02 1.25940435e-02
2.57242830e+02 -1.25874764e-02 -3.89399559e-02 4.03422436e-02 8.24914616e-03 1.21300277e-02 1.45548849e-02
2.59940315e+02 -1.13773717e-03 -2.84327197e-02 5.61364460e-02 5.27586942e-03 1.31361971e-02 9.86492007e-03
2.62637362e+02 5.50252361e-03 -2.23031629e-03 -2.43730516e-02 1.46369009e-02 1.96880225e-02 1.19369454e-02
2.65334971e+02 3.73029644e-02 1.92251618e-02 -9.99661463e-03 2.54067312e-02 1.92360450e-02 1.27627816e-02
2.68035637e+02 3.91115112e-02 3.97387273e-02 4.05093779e-02 9.69670170e-03 1.67059105e-02 1.19847302e-02
