7.10259210e-01 -1.58819119e-02 5.35072573e-03 -2.69442110e-03 1.63857776e-02 1.49680711e-02 1.27511349e-02
3.39900550e+00 -1.91427038e-02 7.20436963e-03 2.20075041e-02 4.96972467e-03 2.12567448e-02 7.80374037e-03
6.09843987e+00 -1.38698974e-02 3.27331541e-02 2.40452610e-02 7.53128717e-03 2.34570756e-02 8.76966450e-03
8.79977580e+00 -2.25990116e-02 -1.98269107e-03 -9.14459771e-04 3.76722822e-03 2.94739922e-02 2.03229900e-02
1.14935772e+01 1.12276858e-02 1.05001795e-02 3.43636278e-03 9.41116494e-03 3.52739655e-02 2.60518411e-02
1.42000069e+01 -7.36064371e-03 -1.75441994e-02 -1.36216473e-02 6.05294874e-03 1.87278295e-02 5.78597092e-03
1.68951928e+01 1.17700357e-02 -4.92099619e-03 -1.44465557e-02 8.22539698e-03 3.53094565e-02 1.69621350e-02
1.95903960e+01 9.54113936e-03 6.34728494e-03 2.01987758e-02 5.27069727e-03 3.41200503e-02 2.75140988e-02
2.22901491e+01 2.04390423e-02 5.80643895e-03 2.40624380e-02 5.42582279e-03 2.65903166e-02 6.73182827e-03
2.49795163e+01 6.15979547e-03 -1.96437453e-02 1.75626421e-02 1.65427904e-02 3.17633021e-02 1.95353836e-02
2.76919819e+01 -1.05035902e-01 3.46195879e-02 -2.57036988e-02 4.31100273e-03 2.67337752e-02 2.16203284e-02
3.03834913e+01 -3.43800095e-02 -1.55164287e-02 1.51065839e-02 5.52505411e-03 2.82379715e-02 1.32113237e-02
3.30739663e+01 -4.55418160e-02 -1.11950509e-02 4.01438211e-02 6.54394434e-03 2.21451414e-02 1.25240763e-02
3.57695616e+01 -1.76125606e-02 4.05673338e-03 2.83586972e-02 6.67382884e-03 2.28797840e-02 2.59501694e-02
3.84652444e+01 -1.90035259e-02 -1.41591484e-02 6.17091235e-03 5.85083413e-03 2.22732525e-02 1.21391272e-02
4.11547507e+01 3.58309577e-02 4.42758604e-03 4.71452293e-03 8.79421629e-03 2.35578899e-02 1.46769819e-02
4.38567053e+01 1.28691993e-03 -7.57239405e-03 1.40464934e-02 3.54324115e-03 2.09336566e-02 5.19404713e-03
4.65502194e+01 3.12137975e-02 4.47920689e-03 1.89922219e-02 1.46640884e-02 1.70137439e-02 1.70066845e-02
4.92504303e+01 -2.35560062e-02 -3.61846871e-02 4.91200437e-03 1.25252083e-02 9.78848026e-03 1.08549482e-02
5.19500585e+01 2.24893351e-02 1.82900740e-02 -2.52013585e-02 2.15415145e-02 1.66253701e-02 4.59088462e-03
5.46582538e+01 -1.16474318e-02 -2.76288145e-02 -3.93439412e-02 9.58126770e-03 1.92761786e-02 1.07463096e-02
5.73645210e+01 4.68364125e-02 2.28696864e-02 -2.25005664e-02 1.12800752e-02 2.06071695e-02 2.18545113e-02
6.00569350e+01 1.32673187e-02 8.70031138e-03 5.94980136e-03 7.86274479e-03 1.98994193e-02 5.87229962e-03
6.27525303e+01 2.37409996e-03 1.62955476e-02 -1.74976550e-02 7.96953208e-03 1.59784652e-02 1.78120243e-02
6.54613007e+01 -3.28455836e-02 -5.21358588e-03 -2.61055684e-02 5.85967218e-03 1.76162324e-02 1.30767340e-02
6.81574272e+01 2.13662825e-02 -4.06744204e-02 -4.70505836e-04 1.03321828e-02 1.79632244e-02 1.09732639e-02
7.08591303e+01 -1.73772827e-02 -2.24403799e-02 1.31042401e-02 1.67943988e-02 1.62512333e-02 9.52008966e-03
7.35594225e+01 -4.84420013e-03 1.69761221e-02 5.45445315e-03 4.02515482e-03 1.37565972e-02 8.86381819e-03
7.62538819e+01 4.72468174e-03 4.15028157e-03 8.37366327e-03 9.26833757e-03 1.45255390e-02 1.23816807e-02
7.89572913e+01 2.91858087e-03 5.23339854e-03 -3.25099750e-02 8.41499460e-03 2.60721530e-02 1.49171530e-02
8.16536257e+01 3.25466886e-02 -2.37418061e-02 -2.89297034e-02 1.39110790e-02 2.57651607e-02 1.43617619e-02
8.43535944e+01 2.64143488e-02 -1.13883292e-02 -5.05630329e-03 1.87520786e-02 2.21245695e-02 1.23160807e-02
8.70661147e+01 1.41364321e-02 -2.65059787e-02 -6.92339973e-03 3.56723368e-03 8.97471583e-03 9.80427779e-03
8.97670507e+01 5.74276644e-03 1.64496059e-03 -1.11885166e-02 1.13656989e-02 1.07208451e-02 1.03473447e-02
9.24640585e+01 5.56805599e-02 -1.45898684e-02 -3.07584649e-02 1.14784542e-02 1.13605431e-02 1.03891809e-02
9.51670803e+01 -1.94570349e-02 1.02969992e-02 -2.04512343e-02 3.64483581e-03 6.01111339e-03 1.42068022e-02
9.78691600e+01 1.87802435e-02 2.90393162e-03 1.52703785e-02 1.13301347e-02 1.79316400e-02 1.58157256e-02
1.00574199e+02 -2.12225598e-03 -4.68963819e-02 -4.80200161e-02 6.80488703e-03 1.34292849e-02 6.65917543e-03
1.03269152e+02 2.43453817e-02 7.00450428e-03 -1.62371345e-02 8.49412473e-03 1.84270601e-02 9.04494384e-03
1.05969121e+02 3.45265491e-02 -2.37168986e-02 -1.39992470e-02 1.24014841e-02 1.68217868e-02 7.00841732e-03
1.08675730e+02 5.58214499e-02 -1.28905055e-02 -4.15241294e-02 6.62151775e-03 2.25818888e-02 1.64909362e-02
1.11375840e+02 7.08387735e-02 2.03820002e-02 -3.02851365e-02 5.62456704e-03 2.64076322e-02 1.20612890e-02
1.14078574e+02 1.21379111e-01 4.76224247e-02 -9.84752209e-03 7.60255043e-03 1.93557964e-02 1.48717343e-02
1.16789637e+02 7.14458987e-02 1.98854472e-02 -2.82039589e-02 8.66417003e-03 1.63863374e-02 7.35675247e-03
1.19497121e+02 3.82396242e-02 7.66792041e-03 -3.68044948e-02 1.37636403e-02 1.98375825e-02 1.40407359e-02
1.22206652e+02 2.40731847e-02 -3.15413194e-03 -3.52417131e-05 1.66974331e-02 1.79088220e-02 1.13802729e-02
1.24905652e+02 3.77260186e-02 4.75488782e-02 3.57427453e-03 8.28732577e-03 1.63301368e-02 1.36873003e-02
1.27608215e+02 3.53541280e-03 5.10311902e-02 -1.74219544e-02 1.45198090e-02 2.24174771e-02 1.21345332e-02
1.30301918e+02 2.03554875e-02 1.94513779e-02 -3.36208767e-02 8.94404725e-03 2.18374772e-02 1.01309082e-02
1.33008855e+02 1.29137597e-02 5.68839872e-02 -3.49975987e-02 1.22200721e-02 1.96717566e-02 1.35036774e-02
1.35703840e+02 3.22427604e-02 -2.16352750e-03 -3.03115810e-03 8.43701489e-03 2.05276316e-02 5.33857900e-03
1.38401933e+02 4.66405521e-02 -3.63258131e-02 -5.60285575e-03 1.67208243e-02 2.23630493e-02 1.85340554e-02
1.41098355e+02 2.66949427e-02 -6.54369805e-02 -1.81410662e-02 3.36137274e-03 2.04417290e-02 1.30113079e-02
1.43804433e+02 -2.75010547e-02 -4.31258617e-02 1.47258249e-02 1.62368118e-02 2.54961605e-02 6.47336416e-03
1.46490105e+02 -2.08796536e-02 6.29321629e-03 4.14166349e-03 1.03077194e-02 1.19269706e-02 1.92664727e-02
1.49181730e+02 -1.03121614e-02 -2.83105208e-02 -3.04670461e-02 1.11492859e-02 1.53789829e-02 1.60707797e-02
1.51887558e+02 1.34436382e-02 -4.05371192e-02 -2.62892106e-02 1.00645683e-02 1.42729332e-02 2.17956064e-02
1.54583418e+02 -1.54792731e-02 -3.67787194e-03 6.42710734e-03 8.84298756e-03 1.19525357e-02 2.99751262e-02
1.57281527e+02 1.04392883e-03 -2.14534263e-02 -7.22707777e-03 2.45255037e-03 1.27699111e-02 1.98141266e-02
1.59978824e+02 -1.67924176e-02 6.74832792e-03 -4.42594164e-02 6.28861622e-03 7.06812513e-03 2.11871764e-02
1.62677043e+02 -1.66074846e-02 1.26105458e-02 -1.26206980e-02 8.22134830e-04 1.05096140e-03 3.06797999e-02
1.65379793e+02 -3.04282911e-02 -9.93284184e-03 -1.04272117e-02 1.81962842e-03 2.30023462e-03 2.24953259e-02
1.68080418e+02 -1.88685019e-02 -6.48132382e-03 -3.67390887e-02 4.50878311e-03 3.91421884e-03 3.20680668e-02
1.70783793e+02 -1.62567410e-02 -3.71929806e-02 -6.21385347e-02 9.62153157e-03 5.28364019e-03 2.36864452e-02
1.73476199e+02 6.51325054e-03 -1.05798628e-03 -1.63447753e-02 2.19139953e-03 6.77496277e-03 1.88026605e-02
1.76188090e+02 1.91705378e-02 4.70548980e-03 8.31173181e-03 3.47182651e-03 8.54658034e-03 1.10335206e-02
1.78890387e+02 -2.05703341e-02 -3.60152973e-03 2.84370152e-02 1.56596991e-02 7.89502133e-03 1.92874885e-02
1.81588746e+02 -1.34824812e-02 2.04707652e-03 4.83095566e-02 1.09983362e-02 1.44603619e-02 1.08482548e-02
1.84284746e+02 3.83416092e-03 1.53260894e-02 7.30886094e-02 1.90193404e-02 2.45565787e-02 1.74895605e-02
1.86995605e+02 -2.90355494e-03 5.02634333e-02 3.57490534e-02 4.42549734e-03 1.40370640e-02 1.25109510e-02
1.89698527e+02 2.30533295e-02 2.97324462e-02 7.38294238e-02 1.35092489e-02 2.28218470e-02 1.84961002e-02
1.92398371e+02 3.95926151e-03 2.86921944e-02 5.39588555e-02 1.01648290e-02 1.77803454e-02 1.33293447e-02
1.95115355e+02 -4.72433296e-03 -4.19641023e-02 3.88663946e-02 9.32948641e-03 1.63719390e-02 9.30195169e-03
1.97810824e+02 -1.94421310e-02 -3.86696202e-02 1.08052857e-02 4.71917607e-03 2.15455743e-02 1.18983629e-02
2.00517652e+02 -7.86722585e-03 2.66868785e-03 3.87314403e-02 2.26790767e-02 2.91236555e-02 8.27857001e-03
2.03212199e+02 4.09662843e-04 -1.33658105e-02 1.34523138e-03 5.64666259e-03 1.99291501e-02 6.28221365e-03
2.05915262e+02 -3.22545541e-02 -1.59610920e-02 2.62287042e-02 1.77285272e-02 2.05965360e-02 1.95677828e-02
2.08615465e+02 -5.22665176e-03 6.46675884e-03 -4.06534112e-03 6.54488832e-03 1.52509494e-02 1.06213048e-02
2.11318340e+02 2.03415274e-02 -4.01035130e-03 1.21797071e-02 1.57196836e-02 1.98779982e-02 1.27089467e-02
2.14018215e+02 1.07172739e-02 -1.28936818e-02 1.65978208e-02 8.74011377e-03 2.26499425e-02 9.57050927e-03
2.16722574e+02 3.52397020e-02 1.45936703e-02 4.49256829e-02 1.30888082e-02 2.24209508e-02 8.30423015e-03
2.19416027e+02 -1.70271572e-02 1.27880581e-02 7.35541286e-02 7.22622623e-03 2.37341318e-02 1.64762591e-02
2.22120730e+02 2.17909773e-02 2.73240075e-03 1.03354582e-01 1.26775540e-02 2.06985916e-02 8.74902642e-03
2.24824324e+02 2.79794489e-02 -2.25099899e-02 4.88446103e-02 5.43000187e-03 1.33664509e-02 9.30129335e-03
2.27530777e+02 -7.53304404e-03 -3.83706176e-03 4.91873150e-02 1.36773113e-02 2.96261718e-02 6.48897401e-03
2.30231418e+02 2.89674222e-02 -9.66265485e-03 5.61231469e-02 1.41992805e-02 2.54787522e-02 2.03166549e-02
2.32927262e+02 3.13651499e-02 3.63473958e-03 6.14332402e-02 9.73400946e-03 1.78804681e-02 8.01405196e-03
2.35630496e+02 4.82812213e-02 1.19950065e-03 4.82839270e-02 1.56197603e-02 1.54985437e-02 8.45296026e-03
2.38331574e+02 5.86705436e-02 -5.06037996e-03 4.05995530e-02 6.73839870e-03 2.29541173e-02 9.34345917e-03
2.41037840e+02 3.23524458e-02 2.59257760e-02 -7.88197038e-03 1.16720736e-02 1.99284567e-02 2.28019804e-02
2.43733996e+02 2.63953232e-02 5.25557129e-03 6.97716972e-02 9.40809618e-03 1.31683125e-02 1.25603796e-02
2.46428371e+02 6.17737981e-03 2.87647215e-02 3.88119293e-02 1.74831465e-02 1.98215921e-02 6.51618932e-03
2.49127918e+02 1.98332481e-02 -1.91425685e-02 2.41923882e-02 6.39663519e-03 1.26899475e-02 1.01863318e-02
2.51804262e+02 -3.67356127e-03 -2.74840091e-02 4.54043933e-02 1.10404578e-02 2.23105842e-02 5.82304456e-03
2.54506543e+02 2.97298511e-02 -1.59594966e-02 -4.13308513e-03 7.55817093e-03 1.95422566e-02 1.46460486e-02
2.57209480e+02 7.48406960e-03 1.27375366e-03 1.76191770e-02 1.05488742e-02 1.53573610e-02 5.23487492e-03
2.59915105e+02 5.26155870e-03 7.49485064e-03 1.52121424e-02 1.61749525e-02 1.79959732e-02 7.78021899e-03
2.62615183e+02 -5.12973771e-02 1.74096843e-02 4.06460095e-03 5.34556879e-03 1.05706872e-02 1.00615988e-02
2.65311105e+02 1.76674808e-02 8.83259103e-03 2.18841677e-02 2.22515569e-02 2.15458976e-02 1.00633403e-02
2.68029782e+02 -4.00032640e-02 4.73999086e-03 -1.54705872e-02 1.40136205e-02 1.19764132e-02 1.41215204e-02
