7.10988576e-01 1.31566140e-02 1.77389176e-02 -1.24412740e-02 1.38256323e-02 2.43175431e-02 1.11976495e-02
3.39553610e+00 1.21247001e-03 3.28661745e-02 1.30567597e-02 4.76959306e-03 1.78630424e-02 1.22307416e-02
6.10805078e+00 2.16822011e-02 -1.94049354e-02 -4.73427494e-02 6.72815230e-03 2.57923971e-02 8.70447217e-03
8.80110985e+00 8.11984401e-04 6.69763516e-03 -9.17212248e-03 1.28014806e-02 1.81521947e-02 1.52193212e-02
1.14899522e+01 3.66684237e-02 1.43182495e-02 2.49272531e-02 9.64928207e-03 2.09785452e-02 2.69423749e-02
1.41860678e+01 -3.05254537e-02 4.75323418e-02 1.49866693e-02 6.36307260e-03 2.16283723e-02 7.42856089e-03
1.68740897e+01 -1.08851383e-02 2.03186456e-02 3.04176771e-02 7.09251429e-03 3.57145214e-02 2.42628007e-02
1.95665663e+01 -1.39173615e-02 -8.32513289e-03 3.84018770e-02 2.00140707e-03 2.87480820e-02 2.40936772e-02
2.22669475e+01 2.79047597e-02 -1.75623218e-02 2.17632743e-02 5.46375691e-03 3.43949912e-02 1.84463150e-02
2.49604788e+01 -1.49535293e-04 -4.99977667e-02 2.73360372e-02 1.23967478e-02 2.16169234e-02 1.84253581e-02
2.76615413e+01 -1.53699317e-02 -1.79895876e-02 2.72756071e-02 6.27815641e-03 1.85586730e-02 1.03017183e-02
3.03617709e+01 -1.27344342e-02 2.73763798e-03 7.90296624e-03 1.17872819e-02 1.70001325e-02 5.90006645e-03
3.30542163e+01 1.89994470e-02 1.47497664e-02 4.18234278e-02 1.36830888e-02 1.41796019e-02 1.85299251e-02
3.57601366e+01 -3.64774835e-03 -2.57279482e-02 -4.78797683e-03 1.95789883e-02 1.00194911e-02 5.03260227e-03
3.84615053e+01 3.58791710e-02 -2.96086874e-02 -2.53519457e-02 1.73175337e-02 1.68430972e-02 1.10595095e-02
4.11518959e+01 5.95540627e-02 -2.22372931e-02 -1.42400231e-02 1.47573815e-02 1.39345749e-02 1.59164581e-02
4.38672319e+01 5.47333704e-02 -2.29724456e-02 9.12790558e-05 1.24939825e-02 1.25783236e-02 1.78890311e-02
4.65631975e+01 5.93102540e-02 2.24216053e-02 2.64029230e-02 1.61178462e-02 1.86076968e-02 1.09048309e-02
4.92764772e+01 1.82294133e-02 -9.19929790e-03 -4.59094039e-03 9.66584015e-03 1.97153313e-02 1.97710214e-02
5.19628038e+01 4.86504290e-02 1.15622738e-02 4.09424059e-03 1.51781052e-02 1.83196689e-02 1.21937611e-02
5.46696319e+01 2.20834842e-02 9.82102564e-04 1.73394184e-02 6.39183208e-03 2.08156639e-02 9.63648181e-03
5.73715475e+01 2.40436347e-02 1.48203910e-02 2.80730061e-02 2.65059241e-02 1.69214975e-02 1.02955672e-02
6.00666647e+01 2.17580005e-02 1.12424826e-02 3.75000940e-02 1.63308185e-02 1.32304553e-02 6.77341782e-03
6.27706100e+01 -2.79183579e-03 -2.09178092e-02 6.47826728e-03 6.91162762e-03 1.40250098e-02 7.57033882e-03
6.54709116e+01 1.41186037e-02 2.72796280e-03 -1.65640091e-02 1.61507310e-02 2.46943112e-02 8.79213621e-03
6.81675538e+01 6.07659923e-02 -3.17276470e-03 -2.62448184e-02 1.46330004e-02 2.33308543e-02 1.99177639e-02
7.08648178e+01 6.69545042e-03 -5.23543818e-03 -9.41785328e-03 6.57538147e-03 2.22027570e-02 2.03727269e-02
7.35716959e+01 -1.47697708e-03 -7.67591632e-03 -9.82668772e-03 1.08429950e-02 1.67866469e-02 2.18864195e-02
7.62729881e+01 -2.03254612e-02 -1.77190767e-02 -3.36344011e-02 9.94322835e-03 1.39550863e-02 8.95592310e-03
7.89767413e+01 -1.49550447e-02 -2.91085256e-02 -7.37745674e-03 5.59689230e-03 2.08263158e-02 1.39453098e-02
8.16841506e+01 2.22279458e-02 -3.38596357e-02 -4.80671253e-02 1.18883064e-02 2.27349878e-02 9.03594898e-03
8.43792928e+01 1.33950428e-02 -6.90154076e-03 -2.15652120e-02 1.32117085e-02 1.24777378e-02 1.97381597e-02
8.70811084e+01 4.39841074e-02 1.80779254e-02 -1.23449755e-02 5.64174667e-03 1.50182776e-02 6.75192723e-03
8.97682163e+01 8.60674750e-04 9.28196248e-03 2.29342653e-02 1.33404618e-02 9.08417749e-03 1.10205275e-02
9.24632959e+01 1.29715870e-02 -4.64646331e-02 1.45305638e-02 3.58154146e-03 1.38836712e-02 1.34498745e-02
9.51700538e+01 -2.42053459e-02 -5.52626464e-03 -1.09229912e-02 2.55633811e-02 1.68335083e-02 6.41831596e-03
9.78639241e+01 2.32923552e-02 4.97873193e-03 7.42716816e-03 1.43611535e-02 2.09374107e-02 1.55346216e-02
1.00573348e+02 -1.16500587e-02 -6.10580601e-03 -2.97186704e-02 1.49876736e-02 1.04811725e-02 1.15858614e-02
1.03275832e+02 6.24800354e-02 1.73419328e-02 -4.36960490e-02 2.38689515e-02 1.94183224e-02 4.63373388e-03
1.05972441e+02 -1.06786158e-02 -3.71407001e-02 -3.46568861e-02 1.55382719e-02 1.45460991e-02 9.49129964e-03
1.08674941e+02 3.14165559e-02 -1.52319825e-02 1.60444663e-02 1.61663736e-02 1.46056734e-02 1.07705394e-02
1.11378410e+02 -3.22596791e-02 4.76324596e-03 9.10033773e-03 1.22141923e-02 2.31827422e-02 8.40207320e-03
1.14074098e+02 1.75549116e-02 2.76926336e-02 3.04451656e-02 1.89500132e-02 2.31403378e-02 2.12171235e-02
1.16777004e+02 -7.90746054e-03 -4.91332452e-03 1.34926503e-02 1.27431052e-02 1.72383518e-02 1.37618262e-02
1.19471801e+02 -5.42531134e-03 4.73321291e-04 4.44131594e-03 1.08790390e-02 1.91839406e-02 1.74265322e-02
1.22184363e+02 -2.71147996e-02 -2.76942055e-02 -1.09631579e-02 1.34567705e-02 1.61816634e-02 8.64298342e-03
1.24874019e+02 6.46385726e-02 -3.29729026e-02 -1.64054961e-03 8.28349064e-03 1.64851602e-02 1.63467228e-02
1.27577426e+02 4.70488856e-02 -3.63242085e-02 -6.31628813e-02 1.99863284e-02 9.56253711e-03 4.70113209e-03
1.30286582e+02 6.83201271e-02 -9.67915900e-03 -5.98768119e-02 2.74305332e-03 1.37351138e-02 1.77826358e-02
1.32991441e+02 2.54954729e-02 -2.68221652e-02 -2.14690381e-03 6.61297873e-03 1.60775443e-02 1.46048502e-02
1.35695394e+02 3.92411230e-02 -6.09424924e-02 2.02075394e-02 3.92090662e-03 1.12744347e-02 6.45044917e-03
1.38399113e+02 -3.62392471e-03 -1.89244737e-03 -7.63455154e-03 1.00290822e-02 1.71627742e-02 1.04442244e-02
1.41097488e+02 3.60491701e-02 -5.65547536e-03 -7.69446910e-03 4.62039015e-03 1.64078215e-02 3.46609717e-03
1.43813269e+02 1.89966102e-02 2.51110861e-02 -1.99872238e-02 1.80421325e-02 1.96553731e-02 1.57230624e-02
1.46509457e+02 5.66371079e-04 -3.67189459e-02 -4.48192745e-02 8.57251627e-03 2.18199854e-02 4.85862594e-03
1.49216301e+02 1.32424573e-02 -2.12929691e-02 -2.07876959e-02 8.46637237e-03 1.83243853e-02 8.37863109e-03
1.51908473e+02 2.52524112e-02 -2.90951424e-02 -2.53271299e-03 1.15120787e-02 2.16743875e-02 6.03842111e-03
1.54609973e+02 -3.00104818e-03 1.63100961e-02 -1.34434920e-02 8.53302501e-03 2.33240807e-02 1.11747046e-02
1.57315801e+02 5.35598833e-03 -2.52671092e-02 -2.22404761e-02 2.60539752e-03 1.20325390e-02 3.97686567e-03
1.60016613e+02 -8.53855235e-03 -3.14938204e-02 -1.77995934e-02 3.05752850e-03 2.53485105e-03 1.67914032e-02
1.62728832e+02 -1.45398461e-02 1.94050404e-02 -1.50430693e-02 6.78177652e-03 4.19394068e-03 4.26475125e-03
1.65421707e+02 -3.36276023e-02 -6.26453247e-03 1.20298257e-02 1.50739059e-03 8.10246051e-03 1.98240248e-02
1.68115051e+02 -2.17103516e-02 5.81346053e-03 1.55801171e-02 1.00747729e-02 1.13704082e-02 3.14657608e-02
1.70807801e+02 -2.09689083e-02 2.14017883e-02 5.15625299e-02 9.59851031e-03 1.74395426e-02 1.40130802e-02
1.73504035e+02 -1.56338881e-02 3.32550906e-02 1.78198104e-02 4.39205279e-03 1.33595963e-02 1.23707662e-02
1.76205910e+02 1.33325634e-02 1.49667609e-02 6.92462845e-02 1.01458299e-02 1.78679267e-02 1.12572793e-02
1.78900379e+02 -2.81080319e-02 5.46114026e-02 3.83236376e-02 8.21663552e-03 1.17725011e-02 1.14601509e-02
1.81599160e+02 -1.69781769e-02 2.49204081e-02 4.39779110e-02 8.98208345e-03 1.00394454e-02 2.34719040e-02
1.84296457e+02 -1.68449292e-02 -1.63255884e-02 5.04839143e-02 8.43115842e-03 2.16102769e-02 1.01115358e-02
1.86989348e+02 -1.44215445e-02 -1.87519901e-02 6.20445938e-02 4.69021869e-03 1.65908062e-02 6.61178190e-03
1.89690926e+02 1.46544748e-02 -4.64677079e-03 1.83002302e-02 1.47010459e-02 1.48573461e-02 1.04944878e-02
1.92382863e+02 -2.11874415e-02 4.69741450e-03 2.59295284e-02 6.07315446e-03 1.96088092e-02 9.36099383e-03
1.95097629e+02 -1.80354661e-02 -4.16686562e-03 1.61458523e-02 1.04900209e-02 1.99580270e-02 1.14808789e-02
1.97782301e+02 -4.52193669e-02 -1.29759653e-02 -2.01882744e-03 1.25521939e-02 1.13317084e-02 5.93196434e-03
2.00484941e+02 -4.46255263e-02 1.56402108e-03 1.56660723e-03 4.75924712e-03 1.82623757e-02 7.81268419e-03
2.03189941e+02 -3.13679409e-02 1.38075380e-02 2.23024833e-02 1.75112886e-02 2.41280818e-02 9.09894250e-03
2.05886066e+02 -3.42191839e-02 -1.42366198e-02 1.60671020e-02 1.60988754e-02 1.56266644e-02 7.40907908e-03
2.08595879e+02 -1.57932429e-02 -2.64741677e-02 -8.16684211e-03 6.88993479e-03 1.39531791e-02 9.96188639e-03
2.11292988e+02 -9.97774386e-03 -1.21697734e-02 4.85481260e-03 1.51878901e-02 1.82582291e-02 1.23901968e-02
2.13984332e+02 -8.70803671e-03 -1.03321142e-02 -3.89707238e-03 9.92436424e-03 1.40987757e-02 8.30112316e-03
2.16689019e+02 -5.76639675e-03 -1.37050460e-02 7.33425583e-03 9.51885120e-03 2.14540762e-02 1.18411280e-02
2.19388847e+02 -3.96224345e-02 4.15249367e-02 2.00382352e-02 9.88480103e-03 1.99032892e-02 8.78315669e-03
2.22100769e+02 -1.10421035e-02 1.76094166e-02 -4.70152998e-02 1.28103844e-02 1.35912522e-02 8.07017201e-03
2.24809426e+02 -6.05568913e-03 2.84965011e-02 2.97904478e-02 1.56270813e-02 2.01608085e-02 1.00023884e-02
2.27516988e+02 -4.06535434e-02 -4.04263076e-02 -1.65138714e-02 4.29611215e-03 2.08614981e-02 7.22999988e-03
2.30212347e+02 -2.02931854e-02 -3.43984347e-02 -1.13163257e-02 1.38830081e-02 2.13653954e-02 1.32562578e-02
2.32912676e+02 -7.17350715e-04 -1.24151039e-02 2.15480347e-02 1.43727176e-02 1.96318011e-02 1.56551450e-02
2.35615598e+02 1.19251167e-02 4.20164730e-02 5.12180930e-02 1.01938803e-02 1.49589230e-02 1.45739517e-02
2.38325488e+02 -3.54717897e-04 2.49950413e-02 1.15101701e-02 8.52823397e-03 1.61591880e-02 1.67785497e-02
2.41025394e+02 -2.97282810e-02 -1.51962264e-02 4.08962652e-03 5.90517434e-03 2.49891982e-02 1.46000207e-02
2.43713238e+02 -2.81017409e-03 -4.90234776e-02 6.11803312e-02 1.14435899e-02 2.19145753e-02 7.47877657e-03
2.46427879e+02 1.61734945e-02 6.44109780e-03 3.20263443e-02 6.62086077e-03 1.95477225e-02 1.51640944e-02
2.49138816e+02 3.21342760e-02 7.30160888e-03 -1.80568044e-02 1.11068556e-02 1.42431583e-02 1.59760517e-02
2.51834207e+02 -9.34095361e-03 2.67256079e-02 2.28962491e-02 5.86929620e-03 2.46613229e-02 9.43561485e-03
2.54531676e+02 9.01921954e-03 1.04572503e-02 3.93727105e-02 1.30065738e-02 2.99331596e-02 5.00473593e-03
2.57237410e+02 3.54038310e-03 2.18998476e-02 -2.19782628e-03 9.23824700e-03 1.58684363e-02 4.45671375e-03
2.59935488e+02 -3.56142829e-02 -9.86499064e-03 1.76135308e-02 9.53590482e-03 1.87197054e-02 1.38453488e-02
2.62642301e+02 -6.48243937e-02 2.16890518e-02 1.33949382e-02 1.00467630e-02 1.45537203e-02 4.64672295e-03
2.65336863e+02 -4.26552815e-02 -2.39750621e-02 1.52439414e-02 2.15044880e-02 1.00726759e-02 1.59498218e-02
2.68039380e+02 -3.64551811e-02 2.88673136e-02 -2.73948990e-03 1.00558256e-02 2.25229400e-02 1.02327293e-02
