6.78977500e-01 1.12881650e-02 -4.18641596e-02 -6.44249032e-05 1.16149600e-02 2.15235972e-02 1.06346077e-02
3.38734321e+00 -3.39004424e-03 1.15185720e-02 1.82020399e-02 8.08645835e-03 1.58484791e-02 5.98184496e-03
6.10189462e+00 3.19060936e-03 6.12087919e-03 -1.05281265e-02 1.49208165e-02 1.48346317e-02 9.00651425e-03
8.80173430e+00 3.70579441e-04 1.89903037e-02 -8.45580115e-03 5.79291707e-03 9.80933031e-03 5.01617958e-03
1.15092821e+01 -4.43346954e-03 -1.34531558e-02 3.28915783e-02 7.78689837e-03 2.58795284e-02 1.94959350e-02
1.42162790e+01 -5.41131936e-03 5.56458703e-02 3.23826385e-03 3.80685338e-03 1.60884035e-02 1.70827235e-02
1.69154806e+01 6.49098939e-03 6.57306225e-02 4.71853189e-03 8.12765042e-03 1.70218056e-02 7.51272111e-03
1.96202243e+01 -5.91788445e-04 2.47815162e-02 5.38614596e-02 1.03582052e-02 2.29488215e-02 9.03216268e-03
2.23296009e+01 1.19201567e-02 3.80679436e-02 -9.35917586e-03 1.22105150e-02 2.10452874e-02 2.01226230e-02
2.50206665e+01 -1.99759129e-04 1.38086756e-02 3.45659882e-02 9.29972285e-03 1.68887488e-02 1.82917101e-02
2.77223321e+01 8.93636633e-03 3.66279571e-02 2.86258686e-02 4.83728178e-03 8.79809795e-03 1.93125571e-02
3.04244634e+01 -1.70745303e-03 4.41147207e-02 4.45508343e-02 1.04836088e-02 9.38603460e-03 2.64541943e-02
3.31193727e+01 -6.56400569e-03 8.89068907e-03 -5.76000424e-03 1.14630695e-03 3.40966781e-03 3.29395977e-02
3.58121149e+01 -4.93042168e-03 -2.54934091e-02 1.26781903e-02 1.19513444e-03 3.98921718e-03 2.14517445e-02
3.85096149e+01 -1.78722373e-03 4.81424340e-02 -3.58711424e-03 8.60082461e-04 8.27596179e-04 2.07474790e-02
4.11941149e+01 -4.76395776e-03 5.65298378e-02 -1.33156790e-02 6.53976353e-03 2.10373546e-03 1.81444522e-02
4.38994399e+01 4.58833772e-03 -6.27210840e-03 -5.62038035e-02 1.52981164e-03 4.63880971e-03 2.41388578e-02
4.65909290e+01 1.40687013e-02 -2.64884935e-02 -3.08119586e-02 4.98788374e-03 9.69387813e-03 1.16472356e-02
4.92949415e+01 1.87579603e-02 -2.58697798e-02 -3.67599637e-03 1.01816208e-02 1.55836902e-02 2.07164004e-02
5.19930227e+01 -2.90961748e-02 3.03016730e-02 -2.11647806e-03 7.89206552e-03 1.01020745e-02 1.55122531e-02
5.46984102e+01 -1.36565142e-03 2.65877940e-02 -3.52793432e-02 6.75457251e-03 1.40087298e-02 1.46875897e-02
5.73808931e+01 -3.31633060e-02 1.75391788e-02 -3.78620727e-02 9.15117929e-03 1.08173610e-02 1.74938578e-02
6.00744993e+01 2.11794083e-03 1.44024063e-02 -1.80041261e-03 1.18715741e-02 1.32167436e-02 8.39032106e-03
6.27756384e+01 -1.90197780e-02 2.56693657e-02 -2.82329016e-02 1.11950310e-02 1.70703305e-02 1.42900234e-02
6.54753337e+01 1.35598105e-03 1.09907823e-02 -6.69537306e-02 7.31018597e-03 1.59220803e-02 1.04957849e-02
6.81813306e+01 -5.26350402e-03 1.51500520e-02 -3.12509979e-03 1.09698233e-02 1.46816000e-02 9.27924643e-03
7.08974759e+01 9.40061718e-03 -4.03339654e-02 -6.85779954e-02 1.33143865e-02 1.09815716e-02 1.92632085e-02
7.36025009e+01 2.15770292e-02 1.68495631e-02 -5.76542365e-02 9.65331458e-03 1.95529204e-02 1.18045602e-02
7.63012806e+01 4.72311134e-03 2.90670812e-02 -1.19722709e-02 1.13989007e-02 2.53906587e-02 6.92790727e-03
7.89983931e+01 1.33131845e-02 2.04953524e-02 -8.33340241e-02 6.17841416e-03 1.80438914e-02 5.79981748e-03
8.16966540e+01 2.69852931e-02 -4.22262749e-02 -3.82687078e-02 1.57878234e-02 2.21308947e-02 7.80170372e-03
8.44029509e+01 2.37732993e-02 8.00299632e-03 -1.89616462e-02 4.99030568e-03 1.28194405e-02 9.74802969e-03
8.71014259e+01 1.76847543e-02 -5.93545478e-03 -1.58563766e-02 1.01424093e-02 2.27455382e-02 6.34771372e-03
8.97995618e+01 1.40807709e-03 1.31754711e-02 -6.49827775e-03 1.43574298e-02 2.19973997e-02 4.02697441e-03
9.25036790e+01 9.88841207e-03 1.76510620e-04 -5.60533841e-02 1.01071607e-02 2.56250515e-02 9.47444475e-03
9.52025806e+01 -6.13451055e-03 -3.57054579e-02 -2.25791757e-02 9.53506818e-03 2.33497916e-02 1.23879826e-02
9.79087243e+01 -4.20804780e-03 -3.08629014e-02 -5.46251239e-02 1.52797573e-02 2.48445910e-02 8.37415438e-03
1.00609068e+02 2.72586945e-03 -4.90935917e-02 -5.59734817e-02 8.12617183e-03 1.73470114e-02 8.04814201e-03
1.03304193e+02 5.48698606e-04 2.06702198e-02 -7.74759231e-02 1.26812046e-02 8.75445379e-03 9.73032089e-03
1.06000990e+02 -1.38281146e-02 -1.93487394e-03 -3.94204447e-03 2.35661918e-03 1.88229806e-02 1.56840023e-02
1.08700506e+02 1.12586700e-02 4.88595430e-02 -8.17596909e-03 2.16738070e-02 1.83687739e-02 6.93463079e-03
1.11403724e+02 -8.50995700e-04 2.42897925e-02 2.62066384e-02 9.71818561e-03 1.88365699e-02 1.23300481e-02
1.14107506e+02 4.63239637e-03 -2.88511811e-02 -5.43526210e-03 1.33312397e-02 1.96267365e-02 7.47663203e-03
1.16805068e+02 1.96619062e-02 2.92130002e-04 1.26988798e-02 6.78494335e-03 1.64059890e-02 1.59799807e-02
1.19518756e+02 1.51679094e-02 1.98655762e-02 -3.55094018e-02 1.32537002e-02 1.58225693e-02 1.23017905e-02
1.22216162e+02 3.14267200e-03 5.26370549e-02 -2.56088279e-02 6.75531614e-03 2.01315100e-02 8.28945242e-03
1.24925959e+02 -1.46990237e-03 -1.16765027e-02 -1.03121161e-02 1.35763235e-02 2.49458449e-02 7.08600766e-03
1.27628006e+02 -1.36818097e-02 1.42040276e-02 9.24056346e-04 7.23964140e-03 1.89635177e-02 3.00831043e-03
1.30328646e+02 -8.23648388e-03 -1.14642738e-02 1.84984986e-03 1.26845084e-02 1.90588778e-02 2.11664288e-02
1.33028068e+02 6.32357921e-05 3.09555494e-02 -9.81119847e-03 8.46051992e-03 1.72183919e-02 5.04207340e-03
1.35730115e+02 -7.48238272e-03 -5.39185103e-02 -1.56514705e-02 6.59106658e-03 1.65902308e-02 1.63954375e-02
1.38413959e+02 -4.26798942e-02 -3.04845178e-02 -3.02795810e-03 1.26951270e-02 1.26731649e-02 1.34135345e-02
1.41114693e+02 -7.85755619e-03 1.24817533e-05 -3.94250156e-02 3.47006223e-03 3.64094179e-03 1.99799862e-02
1.43805099e+02 -2.74829064e-02 -1.65052543e-03 -5.11445973e-02 1.80191962e-03 3.17223528e-03 1.97785023e-02
1.46502584e+02 -5.59014230e-02 1.01504980e-02 1.63059045e-03 5.82092347e-03 2.63472195e-02 1.83158311e-02
1.49203427e+02 -5.71008662e-02 -5.42651884e-03 5.98827836e-03 6.51702459e-03 3.52944120e-02 1.84044493e-02
1.51890146e+02 -4.54839493e-02 -2.70345610e-02 -2.76254441e-02 6.66140860e-03 2.35724825e-02 1.15506579e-02
1.54594443e+02 -2.47586599e-02 1.11977631e-03 -3.46492933e-03 4.81481435e-03 1.74059487e-02 1.17576608e-02
1.57296365e+02 -5.73438447e-02 3.26892267e-03 1.59156718e-02 9.46665068e-03 1.29650843e-02 1.44524459e-02
1.59989240e+02 -6.17692289e-02 7.29135891e-03 3.84421413e-02 2.56147453e-02 1.26706253e-02 9.27260311e-03
1.62695631e+02 -3.41956607e-02 6.87473418e-03 2.70890485e-02 1.44260842e-02 1.90878614e-02 9.03001692e-03
1.65391506e+02 -2.79219976e-03 8.48528085e-03 4.26030286e-02 1.13801258e-02 2.55446162e-02 1.03591688e-02
1.68087896e+02 -3.29752859e-03 3.91066955e-02 1.84194562e-02 1.12141165e-02 1.81248583e-02 1.47566165e-02
1.70794615e+02 -2.16344769e-02 3.61854842e-03 -9.14758227e-03 3.84305791e-03 2.21995143e-02 8.06480375e-03
1.73495146e+02 -3.83673555e-02 3.31524598e-02 2.17567706e-02 1.69619714e-02 1.97209285e-02 2.13654150e-02
1.76201037e+02 -2.54493940e-02 -1.31529117e-02 2.01957088e-03 6.70741853e-03 2.01593289e-02 8.87033680e-03
1.78887631e+02 2.36237684e-02 -2.88703111e-02 6.36684151e-02 1.10672113e-02 2.29143525e-02 1.47705180e-02
1.81591396e+02 3.64880527e-03 -3.54933965e-02 6.98642273e-02 1.61339228e-02 1.49168215e-02 1.14881913e-02
1.84291099e+02 1.32864924e-02 -3.51517942e-02 2.77336325e-02 1.22520745e-02 1.71903329e-02 1.30328774e-02
1.86992568e+02 -2.10071535e-02 3.91079622e-02 4.91094377e-02 1.67431340e-02 1.54611549e-02 2.07053823e-02
1.89697443e+02 2.01399277e-02 -1.63618980e-02 4.28753671e-02 9.17490567e-03 1.72996491e-02 1.19836410e-02
1.92395896e+02 1.13498585e-02 3.99294108e-02 2.36464457e-02 2.19961584e-02 1.40071269e-02 1.18429234e-02
1.95101131e+02 3.71468891e-02 4.30321383e-02 3.58879875e-02 8.42719116e-03 2.11182156e-02 1.16925023e-02
1.97797943e+02 -1.57987382e-02 2.63088965e-02 2.59846421e-02 1.89080416e-02 2.08144487e-02 1.44046387e-02
2.00508834e+02 -3.47678519e-02 1.12262279e-02 -6.01988344e-02 8.50650125e-03 1.48084799e-02 9.25754323e-03
2.03211865e+02 -4.16259526e-02 1.09577854e-02 -3.61096807e-02 1.18100496e-02 1.53791839e-02 1.49745022e-02
2.05911396e+02 -2.41457435e-02 -8.21177658e-03 -1.04833229e-03 9.62423734e-03 1.16156216e-02 8.40322868e-03
2.08609006e+02 -3.53986171e-02 -1.36853133e-02 1.05783701e-02 1.00633240e-02 1.61073058e-02 8.72151664e-03
2.11312052e+02 -4.03225150e-02 4.76550478e-03 2.26994912e-02 1.23351335e-02 1.51570355e-02 1.14933980e-02
2.14017834e+02 -4.05667659e-02 3.91881566e-02 2.25467011e-03 9.83122054e-03 1.98077382e-02 1.31856987e-02
2.16706599e+02 8.72026211e-03 2.96025353e-02 -5.12292245e-04 1.34559348e-02 2.04151734e-02 5.32303907e-03
2.19418302e+02 -2.94155454e-02 -3.39427386e-02 -8.87771483e-03 5.86717091e-03 1.22775701e-02 1.26140437e-02
2.22117349e+02 -3.47840754e-03 -1.78226878e-02 -1.68022650e-02 9.58984307e-03 2.12327643e-02 7.73090281e-03
2.24824209e+02 -3.14221798e-02 2.34461688e-02 -4.74151036e-03 6.71750353e-03 1.25051726e-02 1.13111498e-02
2.27524271e+02 -6.58856954e-03 3.17667200e-02 -3.04523223e-02 9.34520533e-03 1.75755762e-02 2.27256396e-02
2.30231506e+02 -3.53427890e-02 4.86543669e-03 -5.14217846e-02 2.00430703e-02 2.08258831e-02 1.60079196e-02
2.32919662e+02 6.86499312e-03 4.89773403e-03 -1.05778381e-02 7.02855935e-03 1.34701808e-02 1.54117712e-02
2.35616552e+02 2.25142206e-02 1.05557376e-02 -2.89155108e-02 9.49796607e-03 1.53289808e-02 1.63868369e-02
2.38317912e+02 -4.29340801e-02 2.69521969e-02 -3.89204959e-03 5.63757650e-03 1.98969206e-02 1.66907998e-02
2.41008849e+02 1.19012523e-02 5.86700788e-03 1.48082076e-02 5.66597766e-03 1.70874567e-02 1.44369486e-02
2.43714849e+02 -3.12367598e-03 -3.01386033e-02 1.29381612e-02 7.98407493e-03 1.19091522e-02 1.31299742e-02
2.46411724e+02 -2.28768666e-02 -2.54469965e-02 1.42958323e-02 6.00865502e-03 1.31332258e-02 8.61933128e-03
2.49119256e+02 -7.04329434e-02 -3.20551567e-02 6.79713846e-03 1.49798954e-02 1.53727113e-02 5.56163680e-03
2.51813568e+02 -2.05458338e-02 3.89675138e-02 2.34310648e-02 5.69960412e-03 1.20269531e-02 1.08574813e-02
2.54513490e+02 -1.17327176e-02 1.22155008e-02 1.75700590e-02 1.04888075e-02 1.60615670e-02 1.60530998e-02
2.57220974e+02 8.66281157e-03 -2.34113566e-02 1.20052247e-02 8.50322601e-03 1.96072733e-02 4.08490674e-03
2.59914990e+02 -1.61343177e-02 -7.37266640e-03 6.81155818e-03 7.99232144e-03 2.50501147e-02 2.81292700e-02
2.62616287e+02 2.33669242e-02 1.84663005e-02 1.86098222e-02 4.27441552e-03 1.74674056e-02 1.79287284e-02
2.65321287e+02 7.50134789e-03 1.93976358e-03 1.52625781e-02 1.05791158e-02 1.68242045e-02 1.15113885e-02
2.68033784e+02 8.97691309e-03 -7.53605733e-03 4.22790101e-02 9.02158519e-03 2.05580459e-02 7.09673207e-03
