6.71194091e-01 -2.00212896e-02 -7.44997152e-03 3.11633517e-02 5.01119442e-03 1.03642552e-02 1.08858333e-02
3.36859977e+00 -1.30328573e-02 -2.38028156e-02 1.48220206e-02 9.49929356e-03 1.12452858e-02 1.13498686e-02
6.07658289e+00 -1.30608674e-02 -7.75745640e-03 -1.03252660e-02 1.09032225e-02 1.14438203e-02 9.88778413e-03
8.77550008e+00 3.20524490e-02 -3.50592410e-02 -4.22178105e-02 7.02019340e-03 1.71093514e-02 1.53566735e-02
1.14750177e+01 3.44345602e-02 -6.58169014e-02 5.14543809e-02 9.33675289e-03 1.69876806e-02 8.56872723e-03
1.41876474e+01 2.09930670e-02 -6.83469539e-03 1.75241788e-02 8.27418414e-03 1.64784036e-02 1.00107066e-02
1.68825021e+01 7.47380475e-03 1.67641183e-02 -1.37950135e-02 8.39305421e-03 1.25501039e-02 1.31390498e-02
1.95821787e+01 1.85701883e-02 -8.59812751e-03 1.19120887e-02 1.20861484e-02 1.37709233e-02 8.10644513e-03
2.22790037e+01 4.28788830e-02 -4.28738861e-02 4.35444034e-02 5.81025928e-03 9.51229312e-03 2.89087805e-02
2.49857459e+01 4.34506362e-02 1.02457294e-02 3.17772534e-02 2.30110336e-03 5.74054163e-03 6.52833629e-03
2.76864271e+01 6.08676637e-03 -1.56566301e-02 5.14293729e-03 2.99466303e-03 4.66432587e-03 3.12963579e-02
3.03850834e+01 1.40204989e-02 -7.87130758e-03 -4.35990135e-04 2.97318005e-03 1.10664697e-03 1.39404076e-02
3.30760021e+01 4.75558015e-03 4.26869659e-03 1.35564960e-02 5.09504682e-03 3.84149232e-03 1.67329481e-02
3.57842271e+01 2.13468483e-02 -1.25003501e-02 -4.07844130e-02 7.08915475e-03 4.80328878e-03 1.43357988e-02
3.84759943e+01 -1.28028375e-02 -7.20009567e-03 -4.86143546e-02 6.22887053e-03 7.77226604e-03 2.36273247e-02
4.11712912e+01 4.78952105e-03 7.94341839e-04 1.29477963e-02 5.54025382e-03 8.00731400e-03 1.08324053e-02
4.38738365e+01 2.34066959e-02 -5.63690215e-02 1.25877262e-02 1.21938714e-02 1.05648470e-02 1.69259320e-02
4.65727459e+01 -2.81510712e-03 -7.50639395e-02 7.20519650e-02 3.98997266e-03 7.61116851e-03 1.79281916e-02
4.92812521e+01 1.93929811e-02 -4.09619685e-02 -2.24585512e-02 8.37860617e-03 8.41893401e-03 1.57143828e-02
5.19818755e+01 -3.07766704e-02 -1.58365921e-02 -2.46492242e-02 3.93838299e-03 1.17863749e-02 2.13681840e-02
5.46812990e+01 -1.31984359e-02 2.74032274e-02 -6.62252908e-02 5.93028611e-03 1.72113294e-02 1.63383229e-02
5.73805646e+01 1.25766483e-02 -4.00049802e-02 -1.78060242e-03 1.73737198e-02 2.11778431e-02 1.38161459e-02
6.00914802e+01 2.90486298e-02 1.81205305e-03 -7.22541008e-03 7.77142963e-03 1.73392418e-02 1.11834000e-02
6.27998896e+01 6.71931209e-03 3.29678385e-03 -7.29005586e-03 1.16357484e-02 1.84239743e-02 1.33096815e-02
6.55083443e+01 -8.02364511e-03 6.89257117e-03 -3.89027226e-02 1.05172505e-02 2.10502012e-02 1.41184762e-02
6.82128959e+01 -8.10172955e-05 1.16922748e-02 3.09909282e-03 6.22439385e-03 1.80128423e-02 1.25743351e-02
7.09157709e+01 -2.24347357e-03 -1.88329620e-02 -4.13632286e-02 9.70583181e-03 1.96280991e-02 2.54641290e-02
7.36201302e+01 -1.68567773e-02 -4.72286270e-02 -6.30448488e-02 8.59668548e-03 1.90174886e-02 5.48657845e-03
7.63199755e+01 -2.70981922e-02 2.87503331e-03 -3.80958047e-02 1.29297742e-02 2.77320555e-02 1.04146847e-02
7.90224052e+01 -7.41492448e-03 -5.98107875e-02 -3.79949306e-02 1.18802578e-02 2.22164506e-02 4.31460985e-03
8.17164209e+01 -2.26463105e-02 3.21453038e-02 -2.48232623e-03 1.15454985e-02 2.29855512e-02 5.95405958e-03
8.44252818e+01 -1.43967376e-02 5.74206735e-02 7.69574174e-03 1.55796400e-02 1.98919580e-02 1.31338288e-03
8.71240209e+01 -1.05293815e-02 2.26044814e-02 -3.89676958e-02 8.97079244e-03 1.43081260e-02 8.33492285e-03
8.98191459e+01 -3.07444529e-02 -4.29167019e-02 -2.05654399e-03 6.34905670e-03 1.16205057e-02 1.34968027e-02
9.25260927e+01 2.00452691e-02 -2.96925443e-02 -5.16848554e-02 9.80534397e-03 1.20701189e-02 8.35779332e-03
9.52326052e+01 1.16169724e-02 -2.43091663e-02 -4.66009306e-03 7.50800837e-03 8.01435107e-03 1.92201710e-02
9.79273990e+01 2.09310994e-02 -2.08538472e-02 -3.35472353e-02 9.06524138e-03 2.26933907e-02 6.55894480e-03
1.00634235e+02 8.18771153e-03 1.44129716e-02 3.29203285e-03 1.05029642e-02 1.56885129e-02 1.10899830e-02
1.03333516e+02 -9.41771269e-03 -1.45826423e-02 -1.38478881e-02 1.02757246e-02 2.50888660e-02 9.15230321e-03
1.06039313e+02 -2.37734728e-02 1.88685559e-02 1.13484340e-02 1.85576356e-02 2.94395952e-02 4.63659120e-03
1.08728313e+02 -5.91829575e-02 -9.30059533e-03 -1.79818721e-02 1.02482523e-02 2.15842828e-02 2.16108545e-02
1.11423985e+02 -3.46342436e-02 7.02321221e-03 -2.93056697e-02 7.34573525e-03 2.76183465e-02 1.11746098e-02
1.14108922e+02 -3.23359391e-02 -1.05780756e-02 -7.88157752e-03 7.90743811e-03 1.77856698e-02 6.02694895e-03
1.16817516e+02 -1.67163374e-02 -1.32489876e-02 -8.54665279e-03 6.47273497e-03 1.89084821e-02 8.97269664e-03
1.19521219e+02 -4.08690664e-02 -7.70436302e-02 -1.95094446e-02 1.64456071e-02 1.73331191e-02 6.92207535e-03
1.22214751e+02 -1.97840579e-02 1.29385353e-02 -8.79796883e-03 8.38037057e-03 1.49357504e-02 1.04026621e-02
1.24914516e+02 -8.04517458e-03 -6.19241381e-04 -2.12693266e-02 1.04870601e-02 1.87625652e-02 6.39217105e-03
1.27618016e+02 1.01765831e-02 2.99549398e-02 -2.38114391e-02 1.63953060e-02 3.09470855e-02 7.11617879e-03
1.30323579e+02 1.75000231e-02 -1.58331427e-02 -4.75063695e-03 5.51802157e-03 2.31342935e-02 2.79197960e-02
1.33021297e+02 -7.12138844e-03 -5.92438776e-04 2.59443637e-03 1.53448624e-02 1.49300305e-02 1.08475721e-02
1.35720251e+02 -9.13116109e-03 2.18809481e-02 -2.42275575e-02 7.21315875e-03 1.71917854e-02 9.02540191e-03
1.38431844e+02 1.90352795e-02 -2.31332034e-03 -4.34792547e-02 9.90085236e-03 1.21977124e-02 9.37386993e-03
1.41124438e+02 -2.68973562e-02 3.83367996e-03 -3.43363404e-02 3.54138504e-03 5.26528374e-03 1.96143376e-02
1.43823110e+02 -1.62391612e-02 -3.51450537e-03 -4.15058525e-03 9.05948509e-03 1.87743494e-03 1.97892402e-02
1.46527501e+02 8.89594004e-03 2.86186697e-02 -3.18111681e-02 3.21457099e-03 2.12165161e-02 2.73639773e-02
1.49226063e+02 -8.79063574e-03 2.67331489e-02 2.22553617e-02 7.85609986e-03 2.31564381e-02 2.02697348e-02
1.51924126e+02 3.46091925e-03 -2.37268400e-03 3.17100723e-02 1.50408986e-02 2.67039090e-02 2.21356823e-02
1.54624126e+02 -9.28313984e-03 7.30654026e-03 1.58789406e-03 9.03793386e-03 2.73686810e-02 1.64682022e-02
1.57320251e+02 -3.59097555e-02 5.08733797e-04 2.57626538e-02 4.99872114e-03 1.96997245e-02 8.32661172e-03
1.60020766e+02 -1.51029440e-02 1.83912644e-02 -2.72291424e-02 1.21592190e-02 2.22359126e-02 1.24767663e-02
1.62708032e+02 -4.90634848e-02 1.20116312e-02 1.66888014e-02 1.27419908e-02 1.54871008e-02 1.44341097e-02
1.65400047e+02 1.00614126e-02 1.41206518e-02 1.37009683e-02 1.42100666e-02 9.84744961e-03 1.69559393e-02
1.68094688e+02 -4.04491755e-02 4.43894398e-02 4.21788296e-02 8.14971936e-03 1.03622696e-02 1.23781517e-02
1.70792751e+02 3.10516750e-02 8.04450081e-03 3.78092887e-02 8.65021381e-03 2.55065388e-02 1.31394385e-02
1.73506235e+02 -1.54718653e-02 1.38334403e-02 7.41274326e-03 6.71905139e-03 1.70845705e-02 1.46368256e-02
1.76202297e+02 -4.55171980e-03 1.08338758e-02 -9.00275649e-03 6.93514578e-03 1.41421839e-02 1.45183157e-02
1.78902797e+02 -2.31666521e-03 -7.30214881e-03 -2.43608584e-02 1.07754037e-02 1.50156431e-02 9.37489106e-03
1.81601938e+02 -2.16862070e-02 -2.45321353e-02 -3.21893328e-02 5.30519590e-03 1.30454132e-02 1.52916247e-02
1.84285985e+02 5.26707446e-02 2.17161501e-02 -1.28168594e-02 6.76625780e-03 1.70610834e-02 9.59504207e-03
1.86999938e+02 -1.31324185e-02 -3.25670631e-02 3.99969252e-03 1.23720107e-02 1.77361595e-02 1.72419991e-02
1.89701610e+02 -3.28487933e-02 1.47111921e-02 1.46452976e-02 4.77970819e-03 1.72582071e-02 7.44939782e-03
1.92395782e+02 -4.48033844e-02 3.68082514e-02 2.56383975e-02 1.12022222e-02 2.15548104e-02 2.05127870e-02
1.95093719e+02 -3.06656043e-02 2.63620551e-03 -1.19177577e-03 7.16892106e-03 2.05072036e-02 5.59496526e-03
1.97781907e+02 2.17238665e-02 1.28715104e-02 1.50380353e-02 9.76687141e-03 1.70518562e-02 1.91339687e-02
2.00474844e+02 4.68995872e-02 -1.73670426e-02 9.68398029e-03 1.99802292e-02 1.83028199e-02 1.59337463e-02
2.03176922e+02 5.79038331e-02 4.37680608e-02 1.97895842e-02 6.74128710e-03 1.56431107e-02 9.27241316e-03
2.05880094e+02 1.16552968e-02 1.34596679e-02 -6.71277881e-03 8.82028470e-03 1.29451742e-02 1.46085890e-02
2.08582547e+02 3.74222822e-02 -4.53639490e-02 -3.83025019e-03 1.23805504e-02 1.86998785e-02 9.06345219e-03
2.11291219e+02 -2.96541154e-02 -6.79032012e-03 -5.74838834e-03 1.08294850e-02 1.57855817e-02 6.94553091e-03
2.13994422e+02 -1.81036510e-02 -3.13789442e-02 -1.72067109e-02 8.48009077e-03 1.50547021e-02 1.13945949e-02
2.16690751e+02 -2.02216420e-02 -3.64365590e-02 -9.37812496e-03 1.42888542e-02 1.48394193e-02 9.02215210e-03
2.19392001e+02 1.38089396e-02 -7.20443738e-03 5.62474794e-03 1.49677646e-02 1.47997481e-02 8.69310934e-03
2.22093563e+02 2.98730915e-02 -1.89257102e-02 6.36008758e-03 1.63797874e-02 1.59160543e-02 1.20659240e-02
2.24795891e+02 6.78048001e-02 -3.24851632e-02 2.13170697e-03 1.53677645e-02 1.35342677e-02 7.10130512e-03
2.27502829e+02 2.36088854e-02 -3.66954608e-02 -1.80527462e-02 9.17485958e-03 9.59008679e-03 1.18111948e-02
2.30208626e+02 -1.28899958e-02 4.30009167e-02 -1.34693990e-02 1.11903637e-02 1.35242971e-02 6.32471945e-03
2.32914719e+02 -5.47054900e-02 1.45961255e-02 9.11452392e-03 1.08401520e-02 1.28843442e-02 9.39027670e-03
2.35613438e+02 8.72823191e-03 2.51221337e-02 2.03245763e-02 8.09898467e-03 1.63053505e-02 1.32775017e-02
2.38319376e+02 -1.03237209e-02 -2.28640823e-03 -9.29603750e-03 1.12621399e-02 1.25117114e-02 6.18388916e-03
2.41023766e+02 2.88858002e-02 -3.50417719e-02 -1.05677653e-02 2.52924109e-02 1.73610849e-02 1.40590752e-02
2.43730735e+02 -5.86687032e-03 -1.01827569e-03 -9.66938378e-03 4.52767168e-03 1.47496984e-02 8.62851601e-03
2.46430032e+02 3.54952935e-02 -1.89701234e-03 4.87504058e-04 2.08857571e-02 1.08815144e-02 7.75923254e-03
2.49133204e+02 1.82720018e-03 2.93930112e-02 7.33194111e-02 5.21178464e-03 1.42547930e-02 7.55694989e-03
2.51835485e+02 4.75343243e-02 4.31766144e-02 4.81179371e-02 2.44482428e-02 1.96843090e-02 1.37264339e-02
2.54532297e+02 -8.37696513e-04 1.41038148e-02 4.22374544e-02 9.09812164e-03 1.81521270e-02 1.28807570e-02
2.57237438e+02 5.47050561e-03 3.92192434e-02 4.68801284e-02 1.64886922e-02 2.06147264e-02 7.53273208e-03
2.59940954e+02 -3.16194932e-02 1.05291170e-02 2.23180164e-02 1.38307071e-02 1.40415753e-02 1.18818507e-02
2.62642126e+02 -1.69744115e-02 -1.39250104e-03 1.76461595e-03 4.71613143e-03 1.44075476e-02 7.61573772e-03
2.65335844e+02 -1.40455390e-02 1.38961073e-02 1.61527347e-02 4.08351741e-03 1.21893262e-02 5.19005199e-03
2.68032147e+02 -3.61843979e-03 2.54136587e-02 -5.80855929e-03 1.13001683e-02 1.21845219e-02 1.45195514e-02
