6.80337391e-01 1.58577150e-02 2.09241821e-02 3.49004282e-02 3.65356266e-03 1.22943972e-02 7.46994977e-03
3.38576009e+00 2.36023372e-02 3.35723165e-02 6.26733010e-02 1.29812230e-02 2.15996274e-02 1.02326555e-02
6.08747711e+00 2.88535778e-02 -3.29901086e-03 1.95019551e-02 1.21737458e-02 1.57195007e-02 6.62422899e-03
8.79880400e+00 -3.93224016e-03 -1.00187684e-02 5.42212810e-03 5.98678266e-03 1.04769089e-02 1.20616376e-02
1.15097982e+01 3.35725912e-02 -2.29077401e-02 1.95016901e-02 1.16182405e-02 1.21031481e-02 7.02012563e-03
1.42113107e+01 1.56638141e-02 -6.23179785e-02 2.51064001e-02 1.21704270e-02 2.80444225e-02 4.07185414e-03
1.69144904e+01 7.95731350e-03 -3.44804248e-02 4.49450462e-02 9.27958564e-03 1.71876495e-02 6.79951433e-03
1.96148217e+01 2.50628735e-02 -4.41615015e-02 7.26970222e-03 1.14205755e-02 2.26342292e-02 1.20009904e-02
2.23227935e+01 -5.56854993e-03 -4.28314692e-02 4.59282583e-02 9.28658791e-03 1.65821974e-02 4.44303540e-03
2.50072029e+01 1.06238934e-03 3.81775170e-03 4.90106161e-02 7.19827645e-03 1.27475120e-02 1.56339293e-02
2.77136529e+01 8.11808157e-03 -3.47228090e-02 -3.46328752e-03 6.69280710e-03 7.79773370e-03 1.69819256e-02
3.04084076e+01 -9.58408319e-03 -4.34011374e-02 1.82339295e-02 4.54466477e-03 8.10120672e-03 1.77843148e-02
3.31066748e+01 2.59341716e-02 1.27711412e-02 9.76677895e-03 2.25608083e-03 5.25479947e-03 1.87397253e-02
3.57987295e+01 -7.63833336e-03 1.42302985e-03 1.35394199e-02 2.22712920e-03 9.07749335e-04 2.33237286e-02
3.84948560e+01 -1.65437405e-02 -3.69510071e-02 -9.99637973e-04 3.50332247e-03 1.37577327e-03 1.98742355e-02
4.11941732e+01 -1.31733496e-02 -5.57093217e-02 1.86316318e-02 6.72775153e-03 7.64074506e-03 2.38617268e-02
4.38998779e+01 -1.47563214e-02 -2.52164515e-02 -6.33714036e-03 1.27800455e-02 1.27809145e-02 1.34738215e-02
4.65974842e+01 -1.52115569e-02 2.42499325e-02 -8.88493704e-03 9.94529943e-03 9.14495419e-03 3.29162839e-02
4.93024310e+01 -2.22509415e-02 -1.39481339e-02 -5.24512591e-02 5.44508286e-03 1.24298973e-02 1.71825690e-02
5.19989795e+01 5.99130847e-03 -1.67868686e-02 -4.94008120e-02 1.16962585e-02 1.89935227e-02 1.17894271e-02
5.46809951e+01 -9.61175641e-03 -2.84724774e-02 -7.57437352e-03 6.77531393e-03 1.58899774e-02 1.38767421e-02
5.73928763e+01 -1.58567721e-03 -3.17757792e-02 -2.09644328e-02 8.95848253e-03 1.57520350e-02 1.89761965e-02
6.00833810e+01 -2.26514373e-02 6.43323309e-03 -3.46504489e-02 1.28467840e-02 1.87823441e-02 1.93121213e-02
6.27862404e+01 -2.69702825e-02 -8.85520894e-03 -4.64566600e-04 6.67302039e-03 1.44567051e-02 1.38887931e-02
6.54772216e+01 -1.41855619e-02 -3.12882460e-03 -3.23324965e-02 6.72663746e-03 1.80514592e-02 1.36124292e-02
6.81748607e+01 3.40185469e-03 -3.66113605e-02 -2.12590470e-02 1.00615359e-02 1.98773478e-02 1.97649124e-02
7.08791482e+01 1.02862435e-02 5.22452305e-03 7.76466913e-04 1.06200640e-02 2.04520393e-02 1.22928079e-02
7.35690826e+01 -2.37605252e-02 -3.36637760e-02 -5.10250645e-03 1.09121195e-02 2.59163001e-02 1.81789040e-02
7.62798920e+01 6.27682776e-03 -1.01934596e-02 -6.16014451e-02 1.18614370e-02 2.44343475e-02 1.00211080e-02
7.89921295e+01 -1.49665127e-02 -3.08937364e-02 4.49432289e-03 8.81105712e-03 2.02212075e-02 1.68973720e-02
8.16989451e+01 3.81332672e-04 2.94104240e-02 -1.22654828e-02 1.06115690e-02 2.04917445e-02 3.83469264e-03
8.44015201e+01 4.51293179e-04 2.66016447e-02 -2.71350746e-02 1.75849584e-02 2.19027164e-02 6.71894001e-03
8.71033873e+01 -1.25064760e-02 -3.12084824e-03 -3.98809199e-02 1.13059659e-02 2.10465832e-02 7.62732685e-03
8.98121013e+01 -2.44730327e-02 -1.38030091e-02 -6.91311258e-02 8.59892256e-03 1.65161703e-02 1.56417178e-02
9.25057935e+01 -1.71967366e-02 1.27942831e-02 7.67236970e-03 3.38994763e-03 1.39304971e-02 1.60172715e-02
9.52071810e+01 7.45446029e-03 3.94762695e-02 -2.52943774e-02 1.62456622e-02 2.85672893e-02 7.07310044e-03
9.79092170e+01 1.74562345e-03 -1.30221766e-02 -5.05966929e-02 8.03017845e-03 1.56190427e-02 1.95015175e-02
1.00599559e+02 8.81443413e-03 1.77365716e-02 -1.04561336e-02 1.47242426e-02 2.51992758e-02 8.27768801e-03
1.03301637e+02 -8.44488713e-03 -3.87810160e-02 -2.25230192e-02 6.54614078e-03 2.50747534e-02 1.79217134e-02
1.05998200e+02 -1.99410181e-02 1.18600499e-02 -6.02864592e-02 1.37014262e-02 1.87191312e-02 7.77394393e-03
1.08686965e+02 7.06239405e-03 -1.30175391e-02 -2.78298423e-02 7.98912241e-03 1.89626680e-02 7.49814517e-03
1.11400372e+02 1.46774947e-02 -1.19910684e-02 -5.99249319e-02 1.96728939e-02 1.17583380e-02 1.45382453e-02
1.14091497e+02 1.24505097e-03 -6.84667601e-03 -5.27695034e-02 6.33010346e-03 2.01148325e-02 1.19216236e-02
1.16799965e+02 6.45344453e-03 2.28696582e-02 -2.42320600e-02 7.46556286e-03 1.70913396e-02 8.54060105e-03
1.19508997e+02 1.67175545e-02 -4.07251618e-02 -2.35204941e-02 1.25325969e-02 1.51603323e-02 1.78848116e-02
1.22207887e+02 3.10325336e-02 -6.45632694e-02 -1.55651262e-02 1.04910627e-02 1.22800586e-02 2.06503097e-02
1.24914450e+02 1.98164106e-02 1.02973639e-02 -4.07098615e-02 7.06305500e-03 1.35284813e-02 1.28289751e-02
1.27624387e+02 1.11155647e-02 -6.22079986e-03 -4.84333122e-02 1.34594959e-02 2.24480691e-02 1.42534271e-02
1.30316215e+02 -1.03490181e-02 -1.72625961e-02 -2.77427016e-03 5.64921739e-03 9.14494454e-03 9.60874496e-03
1.33027747e+02 -1.65593825e-02 -2.58119609e-02 -4.12155256e-02 1.08064347e-02 1.30798859e-02 2.36044443e-02
1.35722325e+02 1.24615844e-02 1.97986309e-02 -3.62621596e-02 8.98773280e-03 1.67739689e-02 1.18455747e-02
1.38411762e+02 -5.57865059e-03 -5.96302217e-04 -3.89602693e-02 5.35298416e-03 1.17857769e-02 2.26155341e-02
1.41106684e+02 -1.71217453e-03 -1.03147645e-02 -3.97278628e-02 8.43518362e-03 1.17451899e-02 1.18305200e-02
1.43800731e+02 -1.23819268e-02 -1.28000593e-02 2.39414133e-02 4.83092166e-03 4.72730197e-03 1.38426106e-02
1.46493512e+02 -1.51689317e-02 1.31011586e-02 2.03042983e-02 6.81217896e-03 2.36880310e-02 1.82404998e-02
1.49186184e+02 1.02609293e-03 9.68057598e-03 -1.36413978e-02 1.25813020e-02 2.96906589e-02 1.46948468e-02
1.51886028e+02 -2.71158355e-02 4.11601921e-02 2.28375027e-02 9.38260484e-03 2.34966541e-02 9.68468252e-03
1.54589934e+02 -4.25208508e-03 -9.61072345e-03 -3.71796731e-03 6.22713682e-03 2.70803273e-02 1.25564610e-02
1.57288809e+02 -1.62066399e-02 8.72596420e-03 -2.17228473e-03 9.21100272e-03 1.65283326e-02 7.01596430e-03
1.59990590e+02 1.76625882e-02 -3.16456131e-03 -4.52185173e-02 1.82815161e-02 1.64706388e-02 1.29073668e-02
1.62693137e+02 -7.44882192e-03 -9.64093489e-04 -3.97918540e-02 1.15424995e-02 2.85043977e-02 1.63040379e-02
1.65412387e+02 -7.30347790e-02 3.30757130e-02 -1.61876223e-02 6.31782411e-03 1.19908837e-02 1.31151165e-02
1.68101169e+02 1.03520182e-03 8.32514572e-03 3.62889249e-02 8.42489357e-03 1.48156271e-02 8.46619897e-03
1.70803278e+02 -1.34131602e-02 1.49618065e-02 1.25619382e-03 1.05769192e-02 1.50502834e-02 1.47228882e-02
1.73509106e+02 -2.12646294e-02 2.73517489e-02 -4.99406796e-03 1.11816841e-02 1.63546955e-02 1.06606577e-02
1.76201340e+02 -1.56879982e-02 3.09557264e-03 1.28779048e-02 9.08539976e-03 1.77158634e-02 1.91573545e-02
1.78910387e+02 -3.69163977e-02 2.25202557e-03 -2.92669632e-02 3.61458335e-03 1.69551543e-02 3.52493226e-03
1.81605747e+02 -9.74255803e-03 -1.15515786e-02 -5.60053292e-02 4.94115095e-03 1.23081317e-02 7.91264436e-03
1.84318075e+02 -7.19577434e-02 4.50737711e-02 -4.36943109e-02 7.03466569e-03 1.39594152e-02 1.17957120e-02
1.87013137e+02 -3.25583415e-02 -1.52508528e-02 -2.17828598e-02 5.05894257e-03 1.92656843e-02 2.13282903e-02
1.89705981e+02 -9.13265674e-02 -1.70558094e-02 -1.28088617e-03 1.65158620e-02 1.47862327e-02 1.17247938e-02
1.92411044e+02 -6.08040017e-02 1.13025293e-02 -1.47462679e-02 3.24632280e-03 1.89104143e-02 1.13088916e-02
1.95101497e+02 -5.60707974e-02 -3.75967411e-02 -2.56212823e-02 1.48243435e-02 1.90609229e-02 1.29368294e-02
1.97814200e+02 -3.15469372e-03 -1.88232367e-02 -5.84042706e-03 1.34428446e-02 1.66068072e-02 1.48395652e-02
2.00510825e+02 3.42971037e-02 -1.86335678e-02 4.94439074e-02 2.09462578e-02 2.09246949e-02 1.15526442e-02
2.03205059e+02 4.33472021e-02 2.12550727e-02 5.46965936e-02 1.87685864e-02 1.74034651e-02 5.15498347e-03
2.05910403e+02 1.30297557e-02 2.25999281e-02 1.35248949e-02 1.28049835e-02 1.76004489e-02 9.94564813e-03
2.08606512e+02 -1.54584786e-02 3.57786189e-04 -2.19164057e-02 1.11951983e-02 2.09656065e-02 8.13314402e-03
2.11314622e+02 -3.94012056e-02 1.05516123e-02 -2.00273156e-02 8.22856651e-03 1.80819413e-02 1.39524500e-02
2.14007590e+02 2.75049124e-02 -5.99514605e-02 -4.01389728e-03 1.54093506e-02 1.57619128e-02 5.33404831e-03
2.16712669e+02 -9.55577745e-03 -6.57280806e-02 4.83731412e-03 1.76494621e-02 1.99349143e-02 1.22225157e-02
2.19419575e+02 3.55126889e-02 -7.18764207e-04 -1.14155105e-03 1.12833426e-02 1.83997581e-02 1.40581815e-02
2.22116403e+02 3.89249930e-02 -8.99223763e-03 -9.96329742e-03 9.68869469e-03 1.69425536e-02 9.02506855e-03
2.24817512e+02 2.15028833e-02 -2.14593538e-03 -9.37847629e-03 1.19315355e-02 1.68921502e-02 1.52229317e-02
2.27522981e+02 -7.46303858e-03 -1.77366963e-02 -2.66734236e-02 1.54610774e-02 1.79728606e-02 9.33022758e-03
2.30216622e+02 3.08464352e-02 -1.39886592e-02 5.07640126e-02 6.66682027e-03 2.33934970e-02 1.48568307e-02
2.32921419e+02 -2.06086469e-02 -1.06584857e-02 5.08145635e-02 2.64279885e-03 2.16672658e-02 2.65136391e-02
2.35622012e+02 -2.03809779e-02 2.31503729e-02 4.53265624e-02 1.34349206e-02 2.30089203e-02 1.55989942e-02
2.38321934e+02 2.55341106e-03 -3.62600552e-02 8.08881981e-03 1.81675734e-02 1.84503177e-02 6.18249864e-03
2.41019544e+02 -2.73135633e-03 -9.42581013e-04 -2.26197688e-02 1.05084676e-02 1.15542470e-02 1.20250019e-02
2.43709934e+02 -3.03336601e-02 2.34552908e-02 5.43258483e-03 1.23587437e-02 1.60617516e-02 9.92090379e-03
2.46411137e+02 4.14686513e-03 1.77767587e-02 2.18976266e-02 9.11580926e-03 1.85146151e-02 3.67882971e-03
2.49101684e+02 9.42155560e-03 2.05209231e-02 6.85987768e-03 4.38443316e-03 1.61334050e-02 1.14316825e-02
2.51815137e+02 1.94207552e-02 -5.63590777e-04 -1.05037657e-02 1.89595413e-02 1.81097524e-02 1.41747379e-02
2.54515403e+02 -9.11255601e-03 9.56191493e-03 -1.89836218e-02 9.36554229e-03 1.27018561e-02 1.15726769e-02
2.57223262e+02 1.99139343e-02 5.79171712e-02 -2.51534747e-02 8.53188612e-03 1.99139756e-02 2.41771340e-02
2.59925840e+02 1.17638047e-02 3.03498376e-02 -7.06574093e-03 3.74189978e-03 1.66619774e-02 6.50648443e-03
2.62634247e+02 -1.84634139e-02 -1.99467900e-03 3.50426329e-03 1.17068373e-02 9.33139608e-03 1.94342065e-02
2.65337450e+02 -1.55863770e-02 1.66811125e-02 -3.50756733e-02 6.72869916e-03 1.09219455e-02 1.93852789e-02
2.68033638e+02 2.74291209e-02 1.91712718e-02 2.51281676e-02 9.63109181e-03 1.27528607e-02 1.88768935e-02
