6.88858876e-01 5.61052111e-03 -9.84404383e-03 -9.84358599e-03 1.35085281e-03 4.43596849e-03 1.72470053e-02
3.39053797e+00 2.16119548e-02 8.39140826e-03 1.16287065e-02 5.22954759e-03 3.87169099e-03 1.88428636e-02
6.09781406e+00 2.19103788e-02 3.03774132e-02 -2.38033838e-02 2.92223291e-03 3.47612157e-03 1.50976509e-02
8.79916187e+00 3.13104988e-02 7.89016165e-03 4.12580509e-02 1.78799879e-03 9.40577389e-04 2.35988215e-02
1.15063148e+01 5.81654911e-02 1.00400195e-02 -9.96588659e-03 2.49871575e-03 6.20209706e-04 2.19915463e-02
1.41988461e+01 2.81053490e-03 6.01742968e-02 5.39848235e-03 2.51375031e-03 1.58902351e-03 1.77010210e-02
1.68961117e+01 2.81732408e-02 3.93119250e-02 -1.94613098e-02 3.99236797e-03 2.88406008e-03 3.21584526e-03
1.95910492e+01 2.89833125e-02 1.56338486e-02 -1.29019992e-02 2.57971938e-03 5.42356557e-03 1.41386545e-02
2.22866555e+01 2.58483727e-02 2.87156565e-02 1.68346429e-02 8.52155918e-03 9.96057436e-03 5.42462524e-03
2.49954398e+01 2.14780723e-02 -2.86765130e-03 1.46230449e-02 9.23118719e-03 1.16174359e-02 1.04969052e-02
2.76871055e+01 1.32818411e-02 2.70921854e-02 5.17487834e-02 7.02099929e-03 1.20325783e-02 1.07505012e-02
3.03775570e+01 2.74616507e-02 -9.98132965e-03 -2.42048303e-02 1.29351486e-02 1.25816595e-02 8.79585981e-03
3.30810711e+01 2.87953707e-02 1.09511537e-03 -5.53542311e-03 4.14300115e-03 1.57001978e-02 1.21711934e-02
3.57805539e+01 1.17391528e-02 -3.52356953e-02 -2.86979376e-02 6.89997938e-03 2.17503651e-02 1.73329027e-02
3.84659477e+01 1.40175880e-02 -2.80092871e-02 -5.04760539e-03 1.29238855e-02 2.95408448e-02 8.54081153e-03
4.11721633e+01 1.05449486e-02 -3.83888396e-03 -3.47190758e-02 9.82655481e-03 2.46052723e-02 8.94844783e-03
4.38696164e+01 -1.19958364e-02 -3.18781450e-02 -2.21221609e-02 1.16131781e-02 2.05083315e-02 9.43897434e-03
4.65709992e+01 8.20855510e-03 8.75877599e-03 -2.42238803e-02 5.85777012e-03 1.54293295e-02 1.40154989e-02
4.92725477e+01 -2.35222781e-02 -2.80267996e-02 -6.97121269e-02 7.55469383e-03 1.17018518e-02 9.99519530e-03
5.19769367e+01 -7.91835681e-03 -5.58188173e-03 -4.96762705e-02 9.85866190e-03 1.46828831e-02 1.20133358e-02
5.46627477e+01 -2.76210498e-02 2.75637744e-02 -1.18723439e-02 8.51441908e-03 1.79978947e-02 6.57570433e-03
5.73643867e+01 -1.17297385e-02 4.23369743e-02 -1.58564339e-02 2.47937286e-02 3.25225672e-02 6.92076447e-03
6.00588398e+01 -1.34771172e-02 1.74207798e-02 -5.17199992e-02 8.92140038e-03 2.38455702e-02 9.95619069e-03
6.27504039e+01 1.62472265e-03 -1.10561763e-02 -2.77159646e-02 1.68888263e-02 2.32243297e-02 9.57944452e-03
6.54492727e+01 1.61131621e-02 -5.77476555e-03 5.70217856e-03 7.29070390e-03 2.41211491e-02 1.66938921e-02
6.81533742e+01 5.36741870e-03 -5.92672592e-02 -2.40268896e-02 8.82995947e-03 2.37738167e-02 8.62104232e-03
7.08362805e+01 -2.20346825e-02 -3.58354831e-02 1.55110532e-02 1.51223359e-02 2.58858893e-02 1.18973731e-02
7.35442664e+01 -7.15612985e-04 -1.70342838e-02 -2.31896332e-02 1.37476889e-02 1.87532200e-02 9.52575967e-03
7.62448727e+01 1.17087526e-02 2.05350477e-02 -3.31795231e-03 7.26454730e-03 2.18562308e-02 8.15682843e-03
7.89477977e+01 6.80319641e-03 -1.65144948e-02 5.42725852e-03 1.81399554e-02 2.08287191e-02 1.19545485e-02
8.16548961e+01 -2.79447170e-03 -2.61258220e-02 -3.77587289e-02 1.06461100e-02 2.26986490e-02 1.10376933e-02
8.43468742e+01 -2.72159838e-02 -4.42767660e-02 1.61492829e-03 1.38189965e-02 2.45788862e-02 1.12603808e-02
8.70482523e+01 2.67000510e-03 -1.44315147e-02 -4.69027476e-02 7.89174959e-03 2.08836474e-02 5.17738215e-03
8.97416711e+01 -1.15537486e-02 3.58947529e-02 5.36275144e-03 1.40841223e-02 2.22019757e-02 6.23166307e-03
9.24583555e+01 -7.41218966e-03 -4.14112460e-03 -1.50452577e-02 1.30936325e-02 2.71370999e-02 2.91716954e-03
9.51568820e+01 -1.12230344e-02 2.77436447e-03 1.87851945e-02 1.92375254e-02 2.82580133e-02 4.33714612e-03
9.78652180e+01 -4.67237327e-04 6.29790345e-03 -1.64129077e-02 1.34442143e-02 1.55460617e-02 2.81247134e-03
1.00571341e+02 -4.11833563e-03 5.91110786e-03 -2.31959916e-02 1.07343057e-02 2.02918000e-02 4.88407697e-03
1.03271107e+02 2.93707315e-04 5.95426240e-03 -3.17575451e-02 7.17884771e-03 1.42182599e-02 3.54639680e-03
1.05983576e+02 1.04808789e-02 -1.22763750e-02 -1.14477958e-02 6.43155305e-03 2.29795835e-02 9.98331508e-03
1.08682982e+02 2.15729349e-03 8.95474964e-03 -7.85223376e-03 9.23538572e-03 9.67572299e-03 2.74166060e-03
1.11388498e+02 -4.40789244e-03 3.88014177e-03 9.70001697e-03 1.12489625e-02 1.95004913e-02 5.40805601e-03
1.14095498e+02 -2.15791983e-02 -2.48188740e-02 -4.07660741e-03 1.35036722e-02 1.62092789e-02 7.08091459e-03
1.16791295e+02 -1.29071142e-02 4.47630840e-02 -4.91107549e-02 5.43838664e-03 1.68435120e-02 7.24197540e-03
1.19488920e+02 6.91738271e-03 4.98435965e-02 1.67663325e-02 1.59402845e-02 2.21069972e-02 8.72767212e-03
1.22189373e+02 1.51423072e-02 4.90514404e-02 -1.88483831e-02 1.20902207e-02 1.92875011e-02 7.15986147e-03
1.24905779e+02 1.56170103e-02 3.04829525e-02 -4.00383082e-02 8.37902120e-03 1.40431284e-02 9.28338154e-03
1.27611076e+02 2.36386594e-02 -7.65479412e-03 -4.38124651e-02 1.31320314e-02 1.47450123e-02 1.19014542e-02
1.30305045e+02 -1.85126170e-03 5.80079856e-03 3.19691508e-02 6.16516567e-03 7.92260634e-03 2.35000011e-02
1.33009388e+02 9.17791342e-03 -2.95507639e-03 -5.17991133e-02 1.15761414e-02 1.59199903e-02 1.52687327e-02
1.35707732e+02 -2.94452413e-02 2.18853596e-02 4.65129524e-02 1.23221996e-02 4.34733687e-03 1.49669749e-02
1.38395545e+02 -2.13296487e-02 4.96612462e-02 -3.76880278e-02 4.20659476e-03 3.12034300e-03 1.40060841e-02
1.41089466e+02 -1.89977224e-02 -1.07908169e-02 -1.88599390e-02 1.92350579e-03 3.01596912e-03 2.00272257e-02
1.43776420e+02 -3.56294933e-02 3.14485430e-02 8.67788971e-04 5.37626724e-03 7.01766443e-03 9.84052512e-03
1.46465138e+02 -5.08174112e-02 3.06574453e-02 4.52300113e-03 5.70376158e-03 2.24206035e-02 8.92343649e-03
1.49165357e+02 -6.33405287e-02 -2.50828221e-02 -1.36806324e-02 1.18017896e-02 1.31694222e-02 1.19438889e-02
1.51862732e+02 -4.34066319e-02 -3.06574804e-02 -1.12787983e-02 8.23198022e-03 8.05435159e-03 1.14401992e-02
1.54576341e+02 -3.64043927e-02 -3.32752360e-02 -2.26207619e-02 1.45204689e-02 8.15487163e-03 9.03249450e-03
1.57263873e+02 4.56016862e-02 -2.46626110e-02 2.62585280e-02 9.54280087e-03 1.00601410e-02 9.63831437e-03
1.59956420e+02 3.32133043e-02 3.87417457e-03 3.45641603e-02 1.81673395e-02 9.97261243e-03 6.72741904e-03
1.62663201e+02 3.81935832e-02 4.13126323e-03 2.20249489e-02 6.67109621e-03 9.81200527e-03 1.05273342e-02
1.65373545e+02 -7.61872071e-02 4.32287242e-02 3.48950129e-02 2.35045395e-02 6.56708189e-03 1.20510803e-02
1.68055310e+02 -1.99313269e-02 4.61764346e-03 4.26926822e-02 1.37921708e-02 4.59709807e-03 6.35857460e-03
1.70754388e+02 -3.86386647e-03 -1.73614694e-02 6.74723996e-02 2.65926405e-02 1.99483355e-03 1.24729864e-02
1.73447373e+02 3.45593689e-03 -3.27607400e-02 5.90538334e-02 1.49677906e-02 5.11679479e-03 5.00435484e-03
1.76153966e+02 -2.71649765e-02 -4.33487432e-03 5.07850866e-02 3.11728722e-02 3.66213134e-03 3.15531371e-03
1.78857170e+02 -2.44344160e-02 2.01023279e-02 3.71324329e-02 5.63898776e-03 6.48176015e-03 3.64421040e-03
1.81563857e+02 1.30829155e-02 6.95135984e-02 1.30744980e-02 6.05122801e-03 1.25607987e-02 4.60956573e-03
1.84277904e+02 2.10904118e-02 4.63137601e-02 -3.77731293e-02 1.71408590e-02 1.18001290e-02 7.18628979e-03
1.86987810e+02 9.14954455e-02 1.47987784e-04 -6.94291677e-02 1.09399657e-02 5.79823119e-03 1.10932293e-02
1.89710732e+02 3.07599047e-02 3.46161595e-02 -5.52042027e-02 1.18575511e-02 4.04930690e-03 1.14356456e-02
1.92414716e+02 4.25347865e-02 2.84154439e-02 -2.96285040e-02 1.87990826e-02 8.82898673e-03 1.13768065e-02
1.95131451e+02 -9.14003688e-03 1.70913502e-02 -2.58405200e-02 9.79276182e-03 8.28659210e-03 6.56451276e-03
1.97829513e+02 7.19594904e-03 7.97387037e-03 2.05438549e-02 1.56976620e-02 7.08496048e-03 9.05893091e-03
2.00516529e+02 4.79815461e-02 -2.17673107e-02 1.43239002e-02 1.05919950e-02 7.09536940e-03 4.49988783e-03
2.03207670e+02 6.92573728e-02 3.53150401e-02 -9.49593903e-03 1.52435692e-02 1.63204988e-02 5.85803715e-03
2.05918451e+02 -2.56997851e-02 4.34229564e-03 -4.03161976e-03 7.40004230e-03 1.22754070e-02 2.04257788e-02
2.08619451e+02 -2.76865144e-02 -2.58259965e-02 -5.18742762e-02 1.18578088e-02 1.33154933e-02 4.93591625e-03
2.11325810e+02 -1.14423960e-01 -4.21059045e-03 -3.16865162e-02 9.76067860e-03 1.20252101e-02 1.06298002e-02
2.14029638e+02 -8.59062905e-03 -5.38623474e-03 -1.14868015e-02 8.94750659e-03 1.37208914e-02 2.25798811e-03
2.16725654e+02 -6.51746762e-02 1.20882927e-02 8.46903130e-03 1.38429547e-02 1.20407901e-02 5.39615317e-03
2.19417826e+02 3.20388907e-02 7.40401783e-02 9.92033099e-03 1.05389180e-02 1.72796869e-02 7.19156689e-03
2.22118810e+02 -7.12159208e-02 8.16432403e-03 -1.73603137e-02 6.83808582e-03 1.12630608e-02 1.29720372e-02
2.24814435e+02 -4.32992510e-03 4.98562833e-03 1.24145729e-02 1.07860459e-02 2.17255514e-02 7.37654163e-03
2.27497435e+02 -7.43252783e-02 -1.41441287e-02 3.13486721e-02 4.68250640e-03 2.71888586e-02 2.30047290e-02
2.30201201e+02 -7.70630062e-02 -2.87534305e-02 8.36034783e-03 1.11355796e-02 2.16731940e-02 4.64721327e-03
2.32895123e+02 -3.28610312e-02 -4.00250610e-02 -2.99729779e-02 5.17636160e-03 1.30059047e-02 1.05433067e-02
2.35597998e+02 -1.19232053e-02 -1.19444788e-02 -2.27991881e-02 9.84645606e-03 1.52008449e-02 8.15945191e-03
2.38295466e+02 3.55632685e-02 3.26930278e-02 -1.17438843e-02 1.65137301e-02 1.89944234e-02 7.10993803e-03
2.41006498e+02 3.04217577e-02 3.12724716e-02 -1.58108673e-02 8.88651323e-03 2.09913987e-02 1.17161201e-02
2.43715263e+02 5.46000438e-02 2.18821840e-02 3.47221586e-02 1.35940555e-02 1.97903849e-02 1.77559293e-02
2.46413529e+02 4.18963107e-02 -1.61855898e-02 4.87863545e-02 1.96384830e-02 1.83282234e-02 1.64806854e-02
2.49109951e+02 5.49781487e-02 -1.37805399e-02 4.91222361e-02 1.96277191e-02 1.75996227e-02 1.90228946e-02
2.51814982e+02 -7.53053018e-03 3.43688776e-02 5.91632923e-03 9.79865749e-03 1.61752835e-02 1.25928346e-02
2.54525498e+02 -4.78046035e-02 -1.11083677e-02 -3.01790369e-02 1.88133151e-02 1.45328485e-02 1.80977727e-02
2.57216373e+02 -1.20638626e-02 3.31817795e-03 -1.60784968e-02 2.07590191e-02 1.14064696e-02 3.16307257e-03
2.59910873e+02 -2.87860786e-02 2.18287835e-03 2.11862506e-03 1.18224167e-02 1.30983984e-02 5.21678456e-03
2.62611998e+02 -6.62653416e-03 3.40437493e-02 2.82465973e-02 1.05273084e-02 2.17694823e-02 4.26918308e-03
2.65307295e+02 -1.70140896e-02 2.31574384e-02 6.84529256e-02 7.33928292e-03 1.40783000e-02 1.14359060e-02
2.68008018e+02 4.91342480e-04 -2.96952952e-02 5.32425821e-02 6.94694849e-03 1.44695893e-02 1.20405098e-02
