6.91093000e-01 1.84196705e-04 -1.32458993e-03 3.04216885e-03 1.33901279e-02 1.66579969e-02 4.79350665e-03
3.39225581e+00 4.34750999e-03 -1.91478231e-03 -4.39955332e-03 1.35286378e-02 1.87921731e-02 6.26578947e-03
6.09145065e+00 -8.40508419e-03 -5.36458316e-02 1.96590365e-02 1.02500847e-02 2.23360099e-02 4.67777018e-03
8.78640769e+00 -1.92922221e-02 3.07087197e-02 1.21810867e-02 6.13327459e-03 1.75200468e-02 6.17064675e-03
1.14911469e+01 2.01564271e-02 -1.15249965e-02 2.17852667e-02 8.79067164e-03 1.11293013e-02 5.48537785e-03
1.41814250e+01 1.55672793e-02 -3.48367758e-02 1.58924447e-02 6.15973667e-03 1.48170168e-02 1.02113548e-02
1.68862485e+01 2.72870934e-02 7.75907010e-02 4.77534424e-02 1.56994815e-02 2.56503667e-02 1.61441989e-02
1.95886016e+01 3.98892228e-03 7.06238309e-02 5.40608387e-03 9.88687703e-03 1.84802148e-02 1.14472805e-02
2.22866407e+01 -1.52303634e-03 2.25755425e-02 6.12949388e-02 1.21515676e-02 1.88899566e-02 5.97813818e-03
2.49953594e+01 8.29372986e-03 -2.61452545e-02 2.24900052e-02 9.11213207e-03 1.81838421e-02 1.62629004e-02
2.76826938e+01 -3.78580037e-05 7.39737588e-02 3.13070007e-02 6.49158828e-03 1.28135688e-02 2.17256644e-02
3.03732235e+01 -1.59240199e-02 2.77490686e-02 4.03877220e-02 6.49914742e-03 5.08921896e-03 1.61673106e-02
3.30778250e+01 5.31876532e-03 6.19638884e-03 1.79598999e-02 9.79034395e-04 2.87142402e-03 1.41467449e-02
3.57777203e+01 -1.15554636e-02 -3.76290539e-02 -3.63928504e-02 5.23037490e-03 4.28350857e-03 1.49787601e-02
3.84811610e+01 1.52153180e-02 9.79097249e-03 -2.87355362e-02 6.16378243e-03 6.86820207e-03 7.82176274e-03
4.11818875e+01 4.89180594e-03 2.30515414e-02 3.50316507e-02 6.74724324e-03 1.53548262e-02 1.26276731e-02
4.38784063e+01 -8.00609421e-04 -3.94994023e-02 3.48750408e-02 1.03517240e-02 1.37790181e-02 6.96212584e-03
4.66005078e+01 8.80014047e-03 2.05734262e-02 -4.84341153e-02 6.86114935e-03 1.66528515e-02 1.09758168e-02
4.92989344e+01 -1.29652871e-02 -5.58549374e-03 -7.90654722e-03 1.60990584e-02 1.84190759e-02 1.05040273e-02
5.20049922e+01 1.47207510e-02 4.16504689e-02 -3.88010765e-02 1.31805447e-02 1.70688806e-02 9.92899631e-03
5.47088782e+01 9.80689551e-04 -4.37352154e-03 -4.69162736e-03 1.55657656e-02 1.59345713e-02 7.91069567e-03
5.74182516e+01 7.11853228e-03 -5.43892997e-03 -1.17350323e-02 6.25615723e-03 1.01512717e-02 2.29629220e-02
6.01117125e+01 -2.48936967e-03 1.09037588e-02 -3.35868793e-02 4.69387067e-03 1.01150411e-02 1.04338137e-02
6.28035547e+01 -1.99577874e-02 -2.23239015e-02 -1.58863881e-02 1.46278549e-02 1.08423502e-02 8.48250180e-03
6.55038141e+01 2.03442130e-02 7.16050029e-03 4.79790519e-03 9.60075797e-03 7.36571288e-03 9.27321970e-03
6.82079719e+01 1.40498112e-02 -2.19277476e-02 -5.84554905e-02 6.67960847e-03 1.67408021e-02 5.45130868e-03
7.08957219e+01 6.13035592e-03 -7.10213306e-03 -4.26595213e-02 9.50548324e-03 1.55521407e-02 1.51979396e-02
7.36010188e+01 -3.09140640e-03 -3.43203887e-02 -3.33216343e-02 5.19723547e-03 9.65308954e-03 9.77917990e-03
7.63057672e+01 6.22872619e-03 -4.65548031e-02 -2.08265340e-02 1.52206137e-02 1.72515536e-02 7.95719161e-03
7.89992641e+01 -1.85145674e-02 3.56540589e-02 2.42682322e-04 8.58415428e-03 2.12236738e-02 6.65562722e-03
8.17174000e+01 -1.56506360e-02 -2.71798093e-02 1.45928657e-02 1.40141857e-02 1.37601011e-02 1.41956395e-02
8.44197969e+01 -1.01311303e-02 -3.56391586e-02 -4.22239142e-02 5.81006833e-03 1.58311992e-02 3.70633601e-03
8.71286125e+01 1.68266552e-02 -7.00306601e-03 -9.88745710e-05 9.08196882e-03 2.46616828e-02 6.10286209e-03
8.98272547e+01 7.95037477e-03 1.80906777e-02 1.56096438e-02 1.47528585e-02 1.83269163e-02 2.05730197e-03
9.25383907e+01 1.47625293e-02 -4.94184669e-02 3.29835303e-02 6.23672517e-03 2.00716403e-02 5.06392281e-03
9.52416157e+01 1.96389163e-02 -1.95735464e-02 4.74880119e-04 1.64801259e-02 2.80821873e-02 8.83119664e-03
9.79295969e+01 -6.39601313e-03 2.17463045e-02 1.07588427e-02 8.50758895e-03 1.22081968e-02 8.25871236e-03
1.00633158e+02 2.20344204e-04 2.12531119e-04 -3.98710905e-02 1.14023280e-02 1.30701703e-02 1.07883706e-02
1.03325736e+02 -3.99733263e-03 -1.67600181e-03 -1.37462039e-02 6.61910518e-03 1.01978215e-02 1.86412976e-02
1.06032705e+02 1.30565664e-02 -3.91422722e-02 -6.45472442e-02 5.12640420e-03 6.88277406e-03 1.23221660e-02
1.08741408e+02 1.98360727e-02 2.09681393e-02 -1.21239131e-02 1.00943003e-02 1.41363311e-02 2.29584979e-02
1.11439236e+02 -1.57868828e-02 2.88936857e-02 -3.23057345e-02 6.28839836e-03 1.14130565e-02 1.51895620e-02
1.14156314e+02 -6.95378446e-03 1.25678431e-02 -2.92716074e-02 1.44916685e-02 1.61814547e-02 1.56630692e-02
1.16848080e+02 -1.63805214e-02 3.48303620e-02 -5.29896791e-02 5.90948831e-03 1.02886461e-02 1.27144435e-02
1.19547283e+02 -1.24018995e-02 2.59948454e-02 1.56116335e-02 1.16057159e-02 1.89743946e-02 9.34861176e-03
1.22243377e+02 -1.00462503e-02 -7.82945149e-03 -3.35786789e-02 8.25025911e-03 1.52485085e-02 1.19665415e-02
1.24951423e+02 1.30931606e-02 1.36955097e-02 -1.16684213e-02 8.88945597e-03 1.67105749e-02 8.20421918e-03
1.27646689e+02 4.48146186e-04 -1.38262127e-02 -3.54349902e-02 3.37125136e-03 1.87167015e-02 1.03958781e-02
1.30344142e+02 3.08024566e-02 3.18834637e-02 1.50954663e-02 1.21640008e-02 1.92927916e-02 8.64191843e-03
1.33048470e+02 6.75978452e-03 7.60460176e-03 -3.67345876e-02 1.33818869e-02 1.85045317e-02 9.56393877e-03
1.35749705e+02 3.26589454e-02 -4.82643565e-02 -4.66676201e-02 1.09203039e-02 1.20360852e-02 1.57635100e-02
1.38454783e+02 1.43696866e-02 -3.29511704e-02 -5.63033467e-02 7.22273833e-03 1.51233464e-02 1.35292171e-02
1.41146611e+02 -3.23816085e-02 -3.38092215e-02 -1.32673293e-02 1.05894047e-02 8.55271090e-03 1.02121646e-02
1.43847767e+02 -2.91124145e-03 -8.34567776e-03 -7.12338907e-03 3.02815651e-03 6.24857652e-03 1.80643196e-02
1.46546720e+02 -3.00096194e-02 -1.32063214e-02 1.86441815e-02 6.12284870e-03 2.73832565e-02 1.26184898e-02
1.49226048e+02 -6.62092124e-03 1.30378728e-02 1.49159593e-02 5.07956246e-03 2.48676035e-02 1.34851140e-02
1.51921111e+02 -1.69741192e-02 4.20847183e-02 2.22439144e-02 4.18856327e-03 1.74285055e-02 1.69935428e-02
1.54619580e+02 -2.10979177e-02 1.77359442e-02 4.01297652e-02 4.38752053e-03 2.44437031e-02 1.10316515e-02
1.57321205e+02 -2.30075178e-03 3.14476573e-02 -3.64337813e-02 1.36662163e-02 2.94190061e-02 1.76632877e-02
1.60025127e+02 -1.41441653e-02 -1.64951099e-03 -1.46093820e-02 7.29848478e-03 1.66280043e-02 1.49726600e-02
1.62723002e+02 -2.12180419e-03 2.38288138e-02 -4.09347667e-03 1.62490819e-02 2.54033630e-02 1.25033590e-02
1.65423705e+02 1.27219585e-02 7.39778526e-04 5.00018472e-03 1.54482560e-02 2.33886137e-02 2.19599849e-02
1.68123720e+02 3.53972798e-02 -2.37897157e-02 2.65691388e-02 1.82294761e-02 3.58549697e-02 9.87686836e-03
1.70824236e+02 -7.04443365e-03 -4.68562633e-02 1.37047817e-02 6.87024698e-03 1.97928320e-02 1.69156222e-02
1.73531236e+02 -3.00321203e-02 -2.67274091e-02 2.30101218e-03 5.91139967e-03 2.40132411e-02 1.25930839e-02
1.76223705e+02 -2.30431596e-02 -4.29950474e-02 -7.26582214e-03 4.19801028e-03 1.98324815e-02 1.32451493e-02
1.78924783e+02 -1.95074211e-02 -7.01430884e-03 -3.90912364e-02 3.51509453e-03 1.63222612e-02 1.31326178e-02
1.81614986e+02 2.93764275e-02 -1.31582947e-02 -5.06900399e-02 1.55464221e-02 1.73884634e-02 1.04390763e-02
1.84312283e+02 -3.28326767e-02 9.51917541e-03 -8.25318596e-02 6.97392860e-03 1.65958701e-02 5.95246780e-03
1.87022111e+02 -4.58465084e-03 6.68423290e-02 -9.72894954e-02 8.09481581e-03 1.17074574e-02 1.15647976e-02
1.89719580e+02 -2.74727562e-02 3.71454808e-02 -6.33247398e-02 1.20293179e-02 1.21175474e-02 9.14039942e-03
1.92419892e+02 2.39855893e-02 3.00467412e-02 -4.44602679e-02 1.17381429e-02 1.49914683e-02 9.23184605e-03
1.95113377e+02 2.35321052e-02 -3.45281157e-02 -1.25915749e-02 1.04411163e-02 1.33231351e-02 5.85348460e-03
1.97815298e+02 3.85345571e-02 -2.73781592e-02 -6.61162981e-03 1.14559315e-02 1.36978704e-02 1.43144098e-02
2.00509423e+02 1.69530427e-02 6.73400201e-03 2.77958728e-02 8.97882386e-03 1.03043541e-02 9.45050899e-03
2.03202736e+02 4.04878425e-02 1.35599819e-03 4.29918737e-02 1.35892282e-02 1.36173651e-02 7.81315255e-03
2.05909439e+02 -8.45465398e-03 1.99011797e-02 2.67567791e-02 3.38744897e-03 9.40449328e-03 1.24273288e-02
2.08614517e+02 1.20177733e-02 1.50937650e-02 1.91419759e-02 1.74294945e-02 8.49461744e-03 8.12823796e-03
2.11322111e+02 -1.08815881e-02 -2.23601633e-02 2.71217593e-02 7.68433748e-03 2.03096622e-02 9.91862065e-03
2.14026502e+02 1.76819364e-02 8.72391961e-03 -1.85648664e-02 1.77021598e-02 1.78271161e-02 2.38138353e-02
2.16728564e+02 -2.53541181e-02 1.54447201e-02 8.93938705e-04 1.03542717e-02 1.63605512e-02 5.53941939e-03
2.19423658e+02 5.10783416e-03 8.99330436e-03 4.99816736e-02 4.90949100e-03 1.43179389e-02 1.20659353e-02
2.22120564e+02 -1.74597276e-02 -4.62534859e-03 2.02558053e-02 7.79226472e-03 1.00866893e-02 3.58879718e-03
2.24823189e+02 -1.38827373e-02 1.79149675e-02 1.53114468e-02 9.50478546e-03 1.22980505e-02 1.18364105e-02
2.27525236e+02 1.21673644e-02 1.15876117e-02 2.77373834e-03 1.43997407e-02 1.82074380e-02 1.46624157e-02
2.30228517e+02 1.74580138e-03 -3.40774018e-02 4.35177180e-02 1.65768484e-02 1.77886099e-02 8.69643598e-03
2.32932580e+02 -1.07615284e-02 -9.53624942e-03 2.03713381e-02 1.96734703e-02 1.91456506e-02 9.78496569e-03
2.35630080e+02 -2.29442872e-02 -1.95092214e-02 4.23687901e-03 3.24089138e-02 1.62424181e-02 8.71291441e-03
2.38333080e+02 5.26879717e-02 -2.14960953e-02 -2.53034250e-03 2.27727623e-02 1.71312695e-02 7.63794209e-03
2.41041673e+02 2.58473870e-02 9.51038459e-03 -3.56451617e-02 1.46941703e-02 8.63688060e-03 1.04131167e-02
2.43744705e+02 -2.35928171e-02 -6.54715911e-02 2.05480022e-02 1.68695945e-02 5.36773343e-03 3.62340279e-03
2.46449564e+02 -1.96046954e-02 -1.78239581e-02 4.35281511e-02 1.44792301e-02 7.35583946e-03 3.58996214e-03
2.49151392e+02 1.31461226e-02 -1.29379207e-02 6.05167001e-02 1.09845321e-02 7.15993763e-03 5.37761392e-03
2.51852064e+02 -6.80994139e-03 2.17809793e-02 4.10622292e-02 8.52409254e-03 1.08023751e-02 4.45360199e-03
2.54562127e+02 -9.17235531e-04 -7.15625701e-03 1.26273530e-02 9.89125721e-03 1.79353688e-02 9.75719769e-03
2.57259720e+02 -1.11929953e-02 -1.59291256e-02 1.32477951e-02 1.00104194e-02 1.49976682e-02 1.31164788e-02
2.59972236e+02 -2.13770396e-02 -7.19478933e-03 7.81619681e-03 1.20550327e-02 1.53968306e-02 1.29905540e-02
2.62669533e+02 -1.25105656e-02 9.49646870e-03 2.21520285e-02 1.16972857e-02 1.78116437e-02 1.95762669e-02
2.65382783e+02 -1.52540989e-02 5.76318870e-03 -7.88413218e-03 1.04322182e-02 2.31664995e-02 1.21106551e-02
2.68073239e+02 -2.29743500e-02 2.59337485e-02 1.01663928e-02 7.62545842e-03 1.30847713e-02 1.22940801e-02
