6.94992111e-01 1.92813789e-03 -4.95585089e-03 1.85426252e-02 1.37871675e-02 1.95492802e-02 1.21101906e-02
3.40500534e+00 1.91245185e-02 3.15699491e-02 2.32022178e-02 9.93134949e-03 1.59305492e-02 6.31195380e-03
6.09852752e+00 -8.04921998e-03 -5.70392338e-03 4.25223244e-02 1.33035021e-02 2.14288387e-02 9.72460220e-03
8.80050237e+00 -4.06595757e-03 2.84275074e-02 2.26704618e-02 1.08287488e-02 2.31009055e-02 9.82508334e-03
1.14990019e+01 -2.30166118e-02 1.19333175e-03 5.31295103e-02 1.17059450e-02 1.91398441e-02 1.11943935e-02
1.42026800e+01 -2.76934422e-03 -1.86696622e-02 2.05320417e-02 1.20804682e-02 1.48767505e-02 1.16567980e-02
1.69040206e+01 1.43273668e-02 -3.62527506e-03 3.75915651e-02 8.71794651e-03 1.12876349e-02 1.16707928e-02
1.96049581e+01 -1.55866247e-02 -4.43365789e-02 7.50172734e-02 6.03127953e-03 1.70451093e-02 2.89495813e-02
2.23088816e+01 2.02493631e-02 -2.57860342e-02 7.89370949e-02 1.01430695e-02 1.24912919e-02 1.78126487e-02
2.50038550e+01 2.31288631e-02 8.72315304e-03 5.01342620e-02 6.24885464e-03 1.12392452e-02 1.45001509e-02
2.76980238e+01 -2.92171732e-02 -2.23026867e-02 4.88777632e-02 1.71031831e-03 3.42419293e-03 2.50033988e-02
3.03915394e+01 -3.07259372e-03 -4.22595356e-02 2.87466947e-02 3.37405065e-03 3.36553303e-03 1.06520250e-02
3.30804675e+01 -2.93834086e-02 1.50597634e-02 -6.41989599e-03 5.33750968e-03 2.27527278e-03 2.69817786e-02
3.57738597e+01 -8.58303247e-03 -1.34118780e-02 -5.10715454e-03 5.96387052e-03 9.78224817e-03 1.24503775e-02
3.84701581e+01 9.17508765e-03 -3.60679941e-02 -1.42429691e-02 1.08835434e-02 1.43664199e-02 1.79272525e-02
4.11750691e+01 -2.00779795e-02 -9.47924871e-03 -3.30931735e-02 5.86327100e-03 1.70363257e-02 2.11258920e-02
4.38763316e+01 1.26368816e-02 -1.76371469e-02 -2.87582245e-02 1.43134293e-02 1.93221368e-02 1.67268098e-02
4.65644144e+01 2.63661061e-04 3.61545462e-02 -3.55450141e-02 8.30934891e-03 2.77493136e-02 1.05399219e-02
4.92671456e+01 8.35610565e-03 -1.11626162e-03 -1.39182251e-02 1.30310310e-02 1.70684130e-02 6.44657680e-03
5.19572394e+01 -1.42804130e-02 -1.85321055e-02 -1.31939585e-02 1.21108735e-02 2.28678933e-02 1.37354185e-02
5.46583831e+01 7.09126046e-03 2.33287516e-02 -8.37522914e-03 5.81223074e-03 1.06884638e-02 8.34368220e-03
5.73576019e+01 2.70966336e-02 -2.32741123e-02 -8.72262870e-02 9.29596364e-03 2.31481279e-02 4.97098511e-03
6.00522722e+01 -1.11304855e-02 -2.25313217e-03 -5.47897241e-03 7.75279571e-03 1.97504656e-02 1.48559901e-02
6.27493675e+01 -2.10537509e-03 -3.35693884e-02 -4.31447917e-02 1.20123954e-02 2.38045940e-02 1.04523298e-02
6.54471910e+01 3.26995421e-02 5.92323906e-03 -3.12313854e-02 1.36138274e-02 2.31593640e-02 9.08075541e-03
6.81455472e+01 2.15565814e-03 -2.67060978e-02 -8.07953070e-02 6.68817016e-03 1.96881673e-02 1.18403595e-02
7.08533003e+01 -3.48767244e-04 -1.22057933e-02 -7.15647582e-02 1.67629275e-02 2.02841823e-02 1.89562257e-02
7.35466769e+01 1.09153112e-02 -1.49528095e-02 -6.88639543e-02 9.27027589e-03 1.98573355e-02 9.38899037e-03
7.62344519e+01 -2.44603536e-02 -9.34915985e-03 6.25671311e-03 1.35528586e-02 2.60173477e-02 1.60638624e-02
7.89468191e+01 2.66015464e-02 -2.68488385e-02 -1.57935968e-02 1.72567800e-02 1.78790734e-02 8.83831981e-03
8.16497816e+01 -5.07805980e-03 1.28787059e-02 -6.47237732e-02 7.91065721e-03 1.41395295e-02 1.26414882e-02
8.43473644e+01 -1.13049056e-02 -1.87268202e-02 -5.88782256e-02 1.36215971e-02 2.22078735e-02 1.26328636e-02
8.70431691e+01 2.04969502e-02 -2.47272970e-04 -3.88865318e-02 1.64203544e-02 2.59888418e-02 1.01363263e-02
8.97513988e+01 2.23415551e-03 -2.57210248e-03 -6.86840322e-02 1.61068201e-02 3.14909852e-02 7.24299254e-03
9.24646300e+01 9.41398865e-03 2.57388423e-02 -5.73786339e-02 1.48172641e-02 1.86089030e-02 1.45243614e-02
9.51636144e+01 -2.79821028e-02 2.95741062e-02 -5.64995070e-02 2.55706112e-02 3.85392576e-02 1.35477367e-02
9.78707238e+01 -3.28405059e-02 3.98188322e-02 -6.36862414e-02 1.07419886e-02 2.38566107e-02 1.03793207e-02
1.00568849e+02 -2.02645006e-02 4.97781621e-02 -1.92567961e-02 1.53256046e-02 2.43874160e-02 1.43563319e-02
1.03279177e+02 -2.32683372e-02 1.61222704e-02 -9.71937271e-02 1.10942305e-02 2.52742919e-02 8.69859982e-03
1.05973755e+02 -2.25783530e-02 -4.48178951e-03 -5.64455024e-02 1.20686904e-02 1.15925047e-02 1.19101067e-02
1.08680396e+02 -1.50608524e-02 3.50752335e-03 -5.32521264e-02 1.21134215e-02 1.86815210e-02 1.54898682e-02
1.11381364e+02 1.77252974e-02 -1.59604521e-02 7.04836666e-03 1.34214140e-02 1.76587124e-02 1.15646029e-02
1.14072677e+02 -1.40713029e-02 -3.23315061e-02 -1.63029606e-02 1.32721572e-02 1.47239115e-02 1.19519996e-02
1.16783521e+02 -8.60093260e-03 -2.49835671e-02 -3.43596190e-02 8.28039819e-03 1.42997755e-02 1.74216776e-02
1.19473958e+02 -1.53540321e-02 -4.25649931e-02 -5.47676583e-02 9.56196860e-03 1.42676765e-02 1.14938972e-02
1.22183521e+02 -2.27525391e-02 -3.12619508e-02 -8.03707772e-02 7.26137786e-03 1.41414492e-02 1.12046100e-02
1.24872146e+02 -2.30289598e-02 -3.72164969e-02 -7.28333702e-02 7.17795885e-03 1.41555841e-02 5.82198075e-03
1.27566943e+02 -1.76007977e-02 1.16507338e-02 -4.61593517e-02 1.27152606e-02 2.06524549e-02 8.86636899e-03
1.30270114e+02 -9.95679194e-03 2.18292857e-02 -5.14402266e-02 1.03561090e-02 1.50318150e-02 1.15050135e-02
1.32963489e+02 -1.06232894e-02 -1.02871788e-02 -2.48257677e-02 1.01009514e-02 2.17736194e-02 9.69750307e-03
1.35664489e+02 -1.24194574e-02 1.21863487e-02 -2.78883528e-02 6.06013267e-03 1.34425458e-02 1.45394534e-02
1.38362443e+02 -4.34601537e-03 -2.04044418e-02 -3.55320671e-02 1.01412756e-02 1.59210724e-02 1.24134660e-02
1.41071802e+02 9.94875614e-03 7.17247952e-03 -4.20044065e-02 1.25486082e-02 1.26908766e-02 6.84003228e-03
1.43748427e+02 -3.76670250e-02 -2.50195963e-02 -1.83205398e-02 4.53575818e-03 9.56878670e-03 6.35185382e-03
1.46459083e+02 -2.00190810e-02 -1.77553670e-02 -4.44826037e-03 8.47559552e-04 2.33949493e-02 1.04312216e-02
1.49167677e+02 -5.41604895e-02 9.57034192e-03 7.39031847e-03 9.69161312e-03 2.50002537e-02 1.99821310e-02
1.51864552e+02 -2.13153810e-02 2.80138505e-02 -1.38380139e-02 5.53034379e-03 2.55289958e-02 1.41720650e-02
1.54568318e+02 -7.95718033e-03 1.72990189e-02 1.96377739e-02 1.15305120e-02 3.16080764e-02 1.58237813e-02
1.57256693e+02 -3.72243167e-02 -6.52391998e-02 1.13475365e-02 9.41590730e-03 2.73861967e-02 6.32212746e-03
1.59964208e+02 -4.57218450e-02 -4.76771959e-02 7.31063451e-03 8.81729927e-03 2.32745875e-02 2.28425086e-02
1.62662724e+02 -3.02268880e-02 -1.20644604e-02 -1.59867387e-02 6.65510582e-03 2.33767956e-02 9.70592524e-03
1.65358177e+02 -1.30327311e-02 4.40099784e-02 8.39247093e-03 1.51325760e-02 2.38741737e-02 1.69269150e-02
1.68052224e+02 2.52761153e-03 4.02188704e-02 1.29962771e-02 5.09828914e-03 2.54579568e-02 1.16722447e-02
1.70758521e+02 -8.18526981e-03 2.02203937e-02 -1.31938167e-02 1.94679719e-02 2.57127815e-02 2.33435291e-02
1.73464099e+02 -4.97879579e-02 6.72509663e-03 -2.29552579e-02 1.24828953e-02 1.28978761e-02 6.24560572e-03
1.76172255e+02 -6.14870877e-02 -1.29564291e-02 -6.44695641e-02 3.98969802e-03 1.36892623e-02 1.35067706e-02
1.78861489e+02 -8.65879526e-02 4.22783903e-03 -6.09705448e-02 1.76727280e-02 2.25568742e-02 7.98458595e-03
1.81556771e+02 -1.63678099e-02 -1.90303382e-02 -3.32199429e-02 6.52988589e-03 2.21528829e-02 1.16956583e-02
1.84259833e+02 -4.96600437e-02 4.83690689e-02 -3.23048113e-02 1.24077542e-02 1.42074811e-02 2.01316116e-02
1.86968755e+02 -3.08849991e-02 1.07126273e-02 -1.10753821e-02 1.65637999e-02 1.41092990e-02 6.99431362e-03
1.89675739e+02 -2.59148586e-02 3.49408016e-02 -6.64355954e-03 1.00416203e-02 1.80398929e-02 1.28133831e-02
1.92381568e+02 -2.98679027e-03 3.10233002e-02 -4.58267991e-03 7.78555271e-03 2.13990802e-02 1.40531966e-02
1.95092521e+02 4.27026000e-03 -2.18895236e-02 -2.86736093e-02 1.56325131e-02 1.98939569e-02 1.07611493e-02
1.97805974e+02 -1.42052171e-03 1.54142084e-02 2.19834214e-02 1.26272176e-02 1.56379504e-02 5.29470631e-03
2.00511911e+02 7.60959495e-03 -2.34439000e-02 2.74736368e-03 6.39744748e-03 1.21613440e-02 7.76664993e-03
2.03213880e+02 -5.00646621e-03 -2.90183090e-02 -5.91683051e-03 6.68466488e-03 1.64596618e-02 6.54868436e-03
2.05909896e+02 9.32094406e-03 -1.67588595e-03 1.27311684e-02 6.18743186e-03 2.66164299e-02 1.84887153e-02
2.08614458e+02 -4.01925952e-02 -9.16992947e-03 3.12762703e-02 4.79920843e-03 2.27451083e-02 1.96394494e-02
2.11308099e+02 1.90802032e-02 1.11365966e-02 5.07071553e-02 1.19696678e-02 2.33633186e-02 1.32855339e-02
2.14014552e+02 -2.32048580e-02 -1.36734147e-02 1.33497692e-02 6.52265351e-03 1.71364255e-02 9.74704322e-03
2.16718099e+02 -1.57964834e-02 -2.36281645e-02 4.39028549e-02 1.02242801e-02 8.06897290e-03 8.73852312e-03
2.19419583e+02 -4.04091265e-02 2.61715550e-03 5.68526867e-02 4.71441969e-03 1.35071750e-02 1.00878443e-02
2.22121130e+02 -4.56134818e-02 -2.62000285e-02 1.74556635e-02 8.33286398e-03 1.75496420e-02 1.29318342e-02
2.24813599e+02 -2.47659407e-02 -6.28668247e-02 2.06201443e-02 7.18318075e-03 2.20093579e-02 1.24521872e-02
2.27518458e+02 -1.57750084e-02 -1.65645146e-02 2.84589064e-02 9.22364695e-03 1.87712767e-02 6.34177545e-03
2.30226646e+02 -4.16865860e-02 2.65342800e-02 3.96590175e-02 1.32939933e-02 1.77114635e-02 1.56579387e-02
2.32919911e+02 -1.00562575e-02 9.96322864e-04 4.19850326e-02 1.93054454e-02 2.27767469e-02 1.37126951e-02
2.35617068e+02 -3.69956779e-02 1.53734626e-03 5.44494793e-02 6.57245643e-03 1.93014793e-02 1.22314513e-02
2.38316927e+02 -1.49696887e-02 -2.74923477e-02 2.91789762e-02 1.92680825e-02 1.51313429e-02 1.31559776e-02
2.41019364e+02 -4.90992234e-02 3.54574106e-02 4.08891386e-02 1.65464956e-02 1.89860594e-02 1.00155234e-02
2.43707380e+02 3.38264197e-02 4.71450798e-02 4.69841504e-02 2.10483280e-02 1.68375259e-02 2.95125131e-02
2.46405661e+02 2.21113540e-02 2.15934198e-03 -1.65027109e-02 1.70183337e-02 1.65172448e-02 1.74785767e-02
2.49108614e+02 -4.36429766e-02 2.38200595e-02 4.35347203e-03 1.90083550e-02 1.55238860e-02 7.52462091e-03
2.51800771e+02 -2.76569564e-02 -1.60459297e-02 4.54814924e-03 1.33428358e-02 1.79552364e-02 9.94346853e-03
2.54490911e+02 3.18384356e-02 -3.79865849e-02 2.93096534e-02 1.66833055e-02 1.07329601e-02 8.28235109e-03
2.57200786e+02 -6.73670810e-03 4.89731336e-02 3.19100675e-02 7.59699584e-03 1.49449575e-02 1.06370350e-02
2.59902239e+02 -9.57176107e-03 3.52361522e-02 1.24793126e-02 9.82311727e-03 1.68306762e-02 1.11922402e-02
2.62613255e+02 4.00657634e-03 9.45420616e-03 1.37506887e-02 2.22660465e-02 1.82942362e-02 1.44062003e-02
2.65299474e+02 -2.52898806e-02 4.54692809e-02 6.11132712e-02 1.21687528e-02 2.36787096e-02 1.05171335e-02
2.68007701e+02 -1.31906052e-03 1.23071336e-02 1.50608247e-02 3.88814004e-03 2.49512980e-02 1.07782044e-02
