7.14348783e-01 -1.89369723e-02 3.22012619e-02 2.49836670e-02 4.49840747e-03 2.14713968e-02 6.62756951e-03
3.41031467e+00 4.53633062e-03 2.26568817e-02 8.80398280e-03 1.39570586e-02 1.66074772e-02 5.51145271e-03
6.10266467e+00 -1.25197866e-02 1.17384178e-02 4.58292783e-02 3.57242804e-03 1.11951720e-02 4.12710351e-03
8.80245748e+00 2.26631514e-03 2.68889035e-02 -1.54146112e-02 4.71007006e-03 8.50436099e-03 1.38619308e-02
1.14940661e+01 5.94094443e-03 -5.92528026e-03 -1.23488536e-02 6.25554480e-03 1.07157374e-02 9.94997506e-03
1.41890114e+01 -3.30484839e-02 2.11796803e-02 1.77880991e-02 4.97617705e-03 8.22457190e-03 1.77531926e-02
1.68860473e+01 1.38868188e-02 1.90057091e-02 -2.30753942e-02 1.46380424e-03 5.43395857e-03 8.93149520e-03
1.95733005e+01 -3.22184018e-02 2.42142255e-02 -5.80946498e-02 1.84631003e-03 1.06405350e-03 2.49501790e-02
2.22718286e+01 -1.01302179e-02 3.28306023e-02 -1.05175719e-02 3.04823119e-03 5.77622963e-03 7.20204807e-03
2.49532880e+01 -4.42575678e-02 1.16263061e-02 -9.59844094e-03 4.67029856e-03 3.77508240e-03 1.97101532e-02
2.76576645e+01 -1.54327889e-02 2.58768156e-02 -5.09935448e-03 8.81949685e-03 9.30598071e-03 1.68772531e-02
3.03597739e+01 9.29060534e-03 7.65042085e-03 1.08463965e-02 1.04171004e-02 1.03011333e-02 2.62709931e-02
3.30593786e+01 -1.38893953e-02 -2.19482915e-03 -2.14894668e-02 6.58164574e-03 6.79246315e-03 1.57640916e-02
3.57666395e+01 -1.52378336e-02 2.96076929e-03 -1.08852027e-02 8.72210618e-03 1.30869135e-02 1.64697279e-02
3.84510114e+01 -1.31357682e-03 -4.20414776e-03 3.94293874e-02 1.06600948e-02 8.99471959e-03 7.32790832e-03
4.11518473e+01 -1.13750677e-03 -7.84153773e-03 -3.11401090e-02 1.14693331e-02 1.69346869e-02 1.18256805e-02
4.38527442e+01 2.04201480e-02 -2.41381463e-02 4.99276520e-02 6.32302010e-03 9.76853898e-03 1.21355325e-02
4.65582411e+01 3.36172009e-02 -2.41910605e-02 -2.34674204e-02 4.37009144e-03 1.79364180e-02 1.06476599e-02
4.92547083e+01 3.10891058e-04 -6.76522552e-03 8.92252984e-02 9.19044396e-03 1.12985953e-02 2.01507594e-02
5.19607270e+01 2.26438004e-02 -9.40650435e-03 -2.57595747e-02 7.54470524e-03 1.50255712e-02 2.10904374e-02
5.46533598e+01 -1.14115269e-02 1.40745348e-02 4.16226080e-02 1.02649576e-02 1.88296947e-02 7.95728544e-03
5.73595379e+01 -1.67012881e-02 3.83750019e-02 -3.39537515e-02 1.36952068e-02 2.38305362e-02 1.05537158e-02
6.00619880e+01 -3.46018705e-03 1.47549957e-02 -2.79849519e-02 8.18280223e-03 1.83709048e-02 1.00989745e-02
6.27583786e+01 -1.36467464e-02 1.84436621e-03 -4.93132926e-02 1.94028192e-02 2.88548834e-02 1.04497039e-02
6.54609645e+01 1.09449498e-02 -3.57570312e-04 -3.94786545e-02 1.15857372e-02 1.49349382e-02 1.63959200e-02
6.81697567e+01 4.79689573e-03 9.75361355e-03 -4.69090258e-02 1.30826970e-02 1.64432346e-02 8.86217778e-03
7.08799239e+01 -6.25451341e-03 -2.15309916e-02 -1.72762856e-02 8.91433387e-03 2.76103785e-02 4.80436736e-03
7.35783020e+01 -2.98876338e-03 -9.80520771e-03 5.14976452e-04 1.06292566e-02 1.96035539e-02 3.27325170e-03
7.62699145e+01 -1.97599598e-02 -4.40859240e-02 -2.55220500e-02 1.15337755e-02 2.59934877e-02 8.94356632e-03
7.89551536e+01 -3.68697757e-03 -2.37301858e-02 -4.88705274e-02 1.38210745e-02 2.18869155e-02 3.49524552e-03
8.16481942e+01 -2.00961009e-02 -4.35034939e-03 2.90748800e-03 1.44477410e-02 2.64305131e-02 8.00948071e-03
8.43637817e+01 1.60178006e-02 -1.19270066e-02 -3.23538504e-02 1.30430483e-02 2.38590039e-02 9.87964794e-03
8.70604614e+01 2.08789349e-02 6.09902201e-03 5.39824031e-02 9.30640519e-03 1.67993277e-02 4.72658551e-03
8.97512786e+01 9.48326229e-03 -1.19714460e-02 1.20370001e-03 9.28262944e-03 1.93928320e-02 5.13260901e-03
9.24612083e+01 2.72452627e-02 -1.79760430e-02 -3.35639936e-02 1.21248864e-02 2.04002791e-02 1.09938001e-02
9.51529911e+01 1.25579537e-02 -2.13558106e-02 -4.62300235e-02 1.73131940e-02 2.20564862e-02 1.15958083e-02
9.78594676e+01 1.62467726e-02 2.23833797e-02 -1.94079852e-02 7.11906705e-03 1.50319247e-02 1.07419525e-02
1.00558908e+02 3.19783882e-03 7.51875716e-03 -2.03339234e-03 1.08278315e-02 1.98168236e-02 2.11533843e-03
1.03269721e+02 3.79426288e-02 -3.12161699e-02 -8.99047036e-03 9.62291348e-03 1.99151515e-02 5.69721419e-03
1.05971408e+02 5.24823354e-03 -2.06724329e-02 -2.82726966e-02 7.79807742e-03 1.57261888e-02 9.29375493e-03
1.08674440e+02 1.90874367e-02 1.46608314e-02 -2.62633684e-02 1.03734565e-02 2.69085509e-02 7.20639098e-03
1.11378283e+02 2.42287644e-02 1.77296308e-02 -3.98549793e-02 1.24122615e-02 2.36906431e-02 4.76636347e-03
1.14087002e+02 1.09766467e-02 3.00199848e-04 1.44562353e-02 1.10107747e-02 1.24006479e-02 9.94574303e-03
1.16779190e+02 9.57745974e-03 1.83973503e-02 -2.05720866e-02 5.65838203e-03 1.14411505e-02 6.13159266e-03
1.19478768e+02 6.15410974e-03 2.08395204e-02 -1.22419710e-02 7.08671709e-03 2.15831489e-02 2.84286399e-03
1.22181955e+02 1.07212718e-02 1.69559308e-02 7.79260251e-04 6.46671172e-03 1.05909484e-02 1.12247273e-02
1.24872768e+02 -2.49566543e-02 5.12925292e-02 1.84416270e-03 6.75909221e-03 8.19942222e-03 6.18613131e-03
1.27573768e+02 2.17459494e-02 -3.77223096e-04 -2.22983082e-02 7.32911723e-03 1.28078271e-02 9.17166366e-03
1.30262346e+02 9.82468985e-03 9.30728058e-03 -2.85518700e-02 8.48137654e-03 1.48623789e-02 1.41475029e-02
1.32965283e+02 2.35580993e-02 -1.47200085e-02 1.72455464e-02 5.98600141e-03 7.44942820e-03 1.91408907e-02
1.35669940e+02 2.17926423e-02 -6.63819489e-03 -4.07501178e-03 4.04953410e-03 4.30265872e-03 1.61733231e-02
1.38374908e+02 3.17497966e-02 6.37264672e-02 5.53264268e-03 3.30113311e-03 3.67291049e-03 1.51256471e-02
1.41079424e+02 1.66253233e-02 1.39346914e-02 -3.61263307e-02 6.72796493e-03 7.84615253e-03 5.75345718e-03
1.43772830e+02 6.52783259e-03 4.00136810e-02 -1.09985527e-02 3.20129595e-03 1.34562872e-02 1.27739864e-02
1.46475299e+02 1.53050875e-02 -1.74456701e-02 -1.72288015e-02 5.23672818e-03 3.06320359e-02 2.63309438e-02
1.49179315e+02 -2.84287475e-02 -1.54867497e-02 -2.52302023e-03 2.35098785e-02 1.58125933e-02 2.22964271e-02
1.51871049e+02 -9.67800211e-03 -1.40521091e-02 1.89746457e-02 8.53592029e-03 2.49602660e-02 1.41231987e-02
1.54571533e+02 -3.32201748e-02 2.29504106e-02 4.25047796e-03 5.90243055e-03 2.04103289e-02 1.36406044e-02
1.57271643e+02 -1.01006540e-02 -5.30016794e-02 2.90166175e-03 8.02648131e-03 1.87186456e-02 7.16437115e-03
1.59973830e+02 -1.03981090e-02 -1.01696540e-02 -3.90613605e-02 9.10958697e-03 2.57764254e-02 8.82901914e-03
1.62679971e+02 -5.20855540e-02 -4.13347906e-03 -2.05938824e-02 3.32553386e-03 1.94235910e-02 1.38333408e-02
1.65378330e+02 -6.56483529e-02 -6.22210763e-03 -2.52401909e-02 1.48876846e-02 2.57705661e-02 1.60496927e-02
1.68075752e+02 -4.23522806e-02 -1.41147905e-02 -4.41744805e-02 1.09582876e-02 2.01126909e-02 1.38385465e-02
1.70785596e+02 5.04223539e-03 2.41867786e-03 -3.15651228e-02 1.85394125e-02 2.22203441e-02 2.20023376e-02
1.73493861e+02 -2.38531810e-02 7.34399068e-03 -3.56788960e-02 9.83436797e-03 1.69866793e-02 1.55008444e-02
1.76205236e+02 -9.98561599e-03 5.31815990e-03 -1.30147297e-02 2.63376250e-02 1.17618340e-02 8.06304204e-03
1.78892268e+02 5.13433277e-02 2.34003982e-02 -2.90064302e-02 1.35328073e-02 9.37657675e-03 4.89766335e-03
1.81584690e+02 1.56385599e-02 3.15545393e-02 1.58298336e-02 1.02825563e-02 7.30446251e-03 9.46949969e-03
1.84286049e+02 4.11508924e-02 6.72512508e-02 9.75796263e-03 1.08172808e-02 1.70560530e-02 7.45384015e-03
1.86982049e+02 1.35349338e-02 2.75763996e-02 2.17162474e-02 5.20922047e-03 1.37326259e-02 1.66942257e-02
1.89674283e+02 1.69565367e-02 1.75043686e-02 6.88582250e-02 9.95693246e-03 2.00354865e-02 7.23018836e-03
1.92379252e+02 -2.84935546e-02 1.70522343e-02 -9.49533685e-03 1.29655924e-02 1.73169300e-02 1.80475994e-02
1.95070736e+02 -3.35481850e-02 9.98878093e-03 -4.04021927e-03 4.17878732e-03 1.30990214e-02 8.97717103e-03
1.97772361e+02 -3.71536598e-02 3.72045037e-02 8.46992702e-03 1.05867884e-02 2.05799407e-02 1.15284374e-02
2.00470065e+02 2.64753050e-02 3.78218554e-02 -1.21178427e-02 9.07388519e-03 1.28056265e-02 1.67438334e-02
2.03179236e+02 -1.21971070e-02 3.06872285e-02 -2.53768657e-02 6.51355061e-03 1.66115090e-02 5.46637478e-03
2.05888361e+02 2.99999408e-02 -3.79584578e-03 -2.07699910e-02 1.78635113e-03 2.20018400e-02 2.60507074e-02
2.08577330e+02 5.08767675e-02 -5.93981794e-02 -1.77542539e-02 4.16618771e-03 1.05623153e-02 7.22117152e-03
2.11288424e+02 1.05013834e-01 7.16416782e-03 -5.94110131e-03 2.42207161e-03 1.81078411e-02 9.90636747e-03
2.13996736e+02 5.72093680e-02 1.56678233e-02 2.05511013e-02 5.93175280e-03 1.26398767e-02 1.54889175e-02
2.16708783e+02 4.25788097e-02 -1.97985905e-02 -1.12757886e-02 7.41871208e-03 1.90624823e-02 1.07101151e-02
2.19417986e+02 -8.34767873e-02 3.63696224e-03 -4.75350126e-02 5.32024178e-03 1.78687450e-02 1.43973000e-02
2.22122830e+02 -9.03745831e-02 7.07837551e-03 -2.49091597e-02 5.86300874e-03 2.16113699e-02 2.25178046e-02
2.24814346e+02 -6.23679963e-02 -1.29900528e-03 -4.25603776e-02 1.37716365e-02 2.09599729e-02 1.40109225e-02
2.27511986e+02 3.51944418e-03 -4.81319258e-03 -3.45279558e-02 4.92545299e-03 3.03544055e-02 9.24032835e-03
2.30223861e+02 4.44102019e-03 4.19850157e-02 -2.49391592e-02 1.43623620e-02 1.70640266e-02 6.26135638e-03
2.32923033e+02 -2.04979493e-02 1.21538960e-02 2.26262444e-02 3.95828011e-03 1.57363889e-02 2.09117857e-02
2.35630252e+02 -6.96766274e-02 2.29464714e-02 1.06611397e-02 1.19041537e-02 3.29991611e-02 1.20528287e-02
2.38328736e+02 -9.21758884e-02 -1.11184743e-02 -9.34087657e-03 4.22023707e-03 2.31584716e-02 1.24228497e-02
2.41016268e+02 -5.60588089e-02 -1.05798379e-02 7.40730548e-04 8.04636525e-03 1.52688698e-02 3.20201545e-03
2.43718190e+02 -1.05759473e-01 -3.57511554e-02 -2.71023819e-02 1.94488404e-02 1.00772503e-02 1.41227635e-02
2.46420408e+02 -1.02068657e-01 4.63849369e-03 -4.36625653e-02 1.21635073e-02 5.57237352e-03 8.40762285e-03
2.49111096e+02 -3.24650947e-02 -4.39320840e-03 -1.67838784e-02 5.51458870e-03 6.98388905e-03 1.18753029e-02
2.51815033e+02 -3.18402496e-02 -1.47784310e-02 -3.58675718e-03 9.14533481e-03 7.03564390e-03 8.33968110e-03
2.54517408e+02 -7.22381570e-03 1.61295228e-02 1.56204217e-02 1.01107326e-02 8.98630827e-03 1.17004210e-02
2.57214471e+02 3.13006768e-02 -3.68914444e-03 5.49936436e-02 6.65150412e-03 1.38902118e-02 1.23215202e-02
2.59927783e+02 4.47144911e-02 3.44354774e-02 3.86970701e-02 1.10800478e-02 1.64255845e-02 1.27242584e-02
2.62635174e+02 -6.29379541e-03 7.28969148e-03 1.18859924e-02 5.81668812e-03 7.16980723e-03 1.18688899e-02
2.65335033e+02 -6.51523133e-04 -2.54776561e-03 2.88954567e-02 4.96534412e-03 1.68478981e-02 1.52201080e-02
2.68026473e+02 -2.01696227e-02 1.70715929e-02 -4.07884271e-03 5.69410421e-03 1.25923879e-02 3.56075432e-03
