6.86508437e-01 -2.15055034e-02 5.40182502e-04 3.58314198e-02 8.87930625e-03 2.97294726e-02 4.92345704e-03
3.39316386e+00 -7.40786611e-03 -3.46035964e-02 1.17036277e-02 1.57325939e-02 2.19381128e-02 6.81297130e-03
6.09227730e+00 -1.92431371e-02 9.23586979e-03 5.03481483e-02 3.43234121e-03 1.83759471e-02 7.75308875e-03
8.78361417e+00 -2.32227437e-03 -6.01579327e-02 3.78600551e-02 1.17200230e-02 1.41010147e-02 1.07124923e-02
1.14940625e+01 1.56074483e-02 -2.66340280e-03 -7.58156078e-04 7.28778988e-03 1.57505865e-02 1.48921137e-02
1.41809390e+01 -1.42735857e-02 -1.26679906e-02 1.14195225e-02 9.18112331e-03 1.55591772e-02 1.83403343e-02
1.68804250e+01 -1.40339796e-02 -2.37966630e-02 3.61951533e-02 9.84757706e-03 1.16718436e-02 1.95942419e-02
1.95838546e+01 4.80680214e-03 -3.12226819e-02 4.80134436e-02 8.57396024e-03 1.25669634e-02 1.23145080e-02
2.22879874e+01 1.72623176e-02 -4.24872757e-02 2.87255183e-02 1.06281948e-02 1.65894424e-02 1.53394657e-02
2.49895140e+01 -5.53705328e-04 -1.86841033e-02 4.43810944e-02 6.83516667e-03 8.98890565e-03 1.88178603e-02
2.76968765e+01 2.52292099e-02 -3.92300536e-02 5.52676779e-02 5.39428452e-03 7.45754216e-03 1.61461204e-02
3.03941624e+01 -1.38798044e-02 -2.23383123e-02 4.29179664e-02 4.88071792e-03 4.11582386e-03 9.42331104e-03
3.30954859e+01 3.44350103e-03 -3.75455247e-02 1.71144851e-02 3.13058104e-03 9.00717886e-04 1.40714983e-02
3.57921000e+01 -2.19750578e-02 1.07420533e-02 -1.39350880e-02 6.95134430e-03 4.02459766e-03 1.02103874e-02
3.84969656e+01 1.46353462e-02 2.26613553e-02 -3.08257230e-02 2.06251983e-03 5.15391788e-03 1.98631087e-02
4.11954531e+01 1.29514442e-02 8.96851580e-03 -9.68128797e-02 3.69704499e-03 1.04357522e-02 1.63975215e-02
4.38944765e+01 -2.63385951e-03 2.99889152e-02 -3.76995504e-02 1.26930021e-02 1.93987901e-02 1.46348085e-02
4.65926203e+01 -1.07424678e-02 2.97655765e-04 -4.54617880e-02 5.67831644e-03 1.65786518e-02 6.19535636e-03
4.92889765e+01 -1.76882436e-02 -1.18367962e-02 -2.49721104e-02 1.60940641e-02 2.82740284e-02 7.19764067e-03
5.19964734e+01 2.18116018e-03 -3.69967662e-02 -3.40481477e-02 7.75475537e-03 1.95884473e-02 8.12020772e-03
5.46851250e+01 -1.50092134e-02 -2.80400532e-02 -1.12216964e-02 6.47398607e-03 1.38364125e-02 1.30318295e-02
5.73935375e+01 9.85733990e-04 3.13165856e-02 -5.63043707e-02 5.10547263e-03 1.36019500e-02 4.73916102e-03
6.01002546e+01 1.41704502e-02 -9.79676126e-03 -7.00127642e-02 1.34643824e-02 3.11037554e-02 6.63312146e-03
6.28048750e+01 -5.31495184e-03 -3.75489634e-02 -7.95022722e-02 1.44165491e-02 2.11756585e-02 9.66254348e-03
6.54998250e+01 -2.60799501e-03 -7.26476236e-03 -5.27332331e-02 9.41475965e-03 3.07851528e-02 1.30978671e-02
6.82075250e+01 -8.02326833e-03 -1.08475186e-03 -2.88410434e-02 1.79814455e-02 2.36138622e-02 5.76252929e-03
7.09049375e+01 -4.44764104e-03 3.79740794e-02 -1.81745935e-02 1.20303574e-02 1.62843089e-02 3.53043835e-03
7.36035734e+01 -1.61272454e-02 1.78181754e-02 -1.89045801e-02 6.54356068e-03 1.93649072e-02 6.35676604e-03
7.63093109e+01 1.07698980e-02 5.68298780e-03 -3.58826208e-02 9.51846335e-03 9.35379946e-03 1.17502710e-02
7.90012281e+01 -3.76607223e-03 -2.39402334e-02 -7.85454999e-02 4.87769223e-03 2.92149333e-02 1.41953122e-02
8.16983406e+01 -2.69391625e-02 1.33854061e-02 -1.05535954e-02 2.26535228e-02 1.86211596e-02 1.23817143e-02
8.43848453e+01 -1.27568868e-02 -1.66555345e-02 -1.49885328e-04 7.93585085e-03 1.58691536e-02 1.25436083e-02
8.70834921e+01 -9.67335031e-03 -1.80218844e-02 -2.00675562e-06 9.06589616e-03 1.78655363e-02 1.15404240e-02
8.97820828e+01 3.89486764e-02 -1.47925172e-02 3.65689656e-04 6.91866003e-03 1.95327628e-02 1.37021706e-02
9.24800687e+01 2.70138428e-02 4.06930750e-02 -3.29897830e-02 4.12992501e-03 1.53942503e-02 8.38382324e-03
9.51761218e+01 2.78387040e-02 -1.25372204e-03 -2.75462650e-02 1.28262445e-02 2.01022532e-02 1.89530782e-02
9.78787000e+01 4.95026299e-02 -1.48714694e-02 -6.05220586e-03 6.12869622e-03 1.96635563e-02 1.28520419e-02
1.00590942e+02 2.75813025e-02 5.31780733e-02 -4.14427311e-02 1.40172822e-02 1.74628480e-02 4.21711871e-03
1.03296848e+02 1.91313074e-02 -1.13965845e-02 -7.99141300e-02 9.34559886e-03 2.15647423e-02 1.19898981e-02
1.05991333e+02 -1.70105330e-02 4.96099052e-02 -2.70770754e-02 9.90433103e-03 1.77360789e-02 1.27974121e-02
1.08694442e+02 -1.84730611e-02 -2.79203451e-02 -7.37672432e-02 1.96601700e-02 1.96658968e-02 8.05834798e-03
1.11395302e+02 2.31937087e-02 -6.94484596e-02 -8.89490887e-02 1.43041888e-02 2.57714130e-02 1.57720323e-02
1.14085067e+02 2.07848753e-02 -3.85896821e-02 -4.90573305e-02 3.17834443e-03 1.85728043e-02 6.99850183e-03
1.16775817e+02 2.34534597e-03 -5.85303881e-02 -3.65169001e-02 1.60785129e-02 2.21253486e-02 1.10645411e-02
1.19473380e+02 -9.94237649e-03 -4.23293836e-02 -5.62027077e-02 6.07745089e-03 2.05539467e-02 1.79934425e-02
1.22166958e+02 -5.66015596e-03 -5.01969411e-02 -5.73856223e-02 7.84429465e-03 1.66435242e-02 1.00714602e-02
1.24863505e+02 -4.28521700e-02 -3.25061589e-02 -6.76474061e-02 7.47477949e-03 1.33190526e-02 4.82228040e-03
1.27563630e+02 -1.81798387e-02 1.66858331e-02 -4.34833380e-02 9.49152828e-03 1.73423840e-02 8.98608159e-03
1.30260442e+02 -1.59513897e-02 6.18171012e-02 -4.82947162e-02 1.38274883e-02 2.28092299e-02 4.44941991e-03
1.32957020e+02 2.67054508e-03 -3.17531792e-02 -3.98413032e-02 8.57306095e-03 1.83595865e-02 9.32595042e-03
1.35670427e+02 2.31484709e-02 9.88150492e-03 -5.38006330e-02 1.03023494e-02 1.71381799e-02 6.23929398e-03
1.38367973e+02 1.45645503e-02 2.28327283e-02 1.55547417e-02 5.07939009e-03 6.53090579e-03 1.14706173e-02
1.41080473e+02 2.07782437e-03 5.02043556e-02 1.16145507e-03 2.91532536e-03 1.27898997e-02 1.92086502e-02
1.43784364e+02 1.23438159e-02 1.80834546e-03 -2.21354965e-02 7.26779413e-03 5.38266178e-03 1.08755645e-02
1.46490927e+02 2.08703503e-02 -1.96859065e-02 1.67872399e-02 1.35854231e-02 2.84358569e-02 2.31658176e-02
1.49190348e+02 2.21470953e-02 -1.77025792e-02 9.77980732e-03 1.98972305e-03 2.32523587e-02 1.69627856e-02
1.51898161e+02 -8.35077749e-03 -2.40026265e-02 -1.43440312e-02 3.60084015e-03 3.55728620e-02 7.91676900e-03
1.54598223e+02 -4.78666498e-02 -2.16515049e-02 5.45983178e-03 7.53691079e-03 1.90374472e-02 1.30611235e-02
1.57304052e+02 -7.24936813e-02 -1.45736281e-02 1.21565049e-02 4.43594012e-03 1.86086190e-02 1.62931571e-02
1.59998489e+02 -1.01337718e-02 -3.44757011e-03 4.76763685e-02 2.17263497e-02 2.35061706e-02 7.95243404e-03
1.62693895e+02 -9.00661164e-03 -6.49250328e-03 7.43540049e-02 6.54648786e-03 2.09141705e-02 1.68352634e-02
1.65398630e+02 -4.03438299e-02 -2.52233970e-02 5.80303581e-02 1.29999494e-02 2.09372286e-02 1.15034463e-02
1.68092395e+02 -2.81621500e-02 -5.47193902e-02 4.43149184e-02 1.56755749e-02 2.05843544e-02 1.69980293e-02
1.70794942e+02 3.31163355e-02 -6.54005099e-03 -1.57575944e-02 1.16866947e-02 2.49379345e-02 1.50470458e-02
1.73501848e+02 -3.69801495e-02 -1.44234009e-03 -2.06336382e-02 8.47270124e-03 2.52277128e-02 1.50766619e-02
1.76200630e+02 -1.19252409e-02 5.75148253e-02 2.72130102e-02 1.28160941e-02 2.67808209e-02 1.26208066e-02
1.78897177e+02 2.02297783e-02 4.75429283e-02 4.46635292e-02 1.08505584e-02 1.76316445e-02 6.01061986e-03
1.81605739e+02 -2.32998028e-02 1.48786507e-02 5.04240135e-02 8.65658315e-03 1.19052872e-02 1.15799899e-02
1.84298802e+02 5.21881235e-02 3.34794277e-04 1.57084406e-02 1.46784971e-02 1.71227450e-02 5.51543528e-03
1.86996661e+02 1.96888474e-02 -1.77545303e-02 5.50475677e-02 7.74208505e-03 1.77642559e-02 1.00335997e-02
1.89694802e+02 2.27999480e-02 1.77524017e-02 7.07329476e-02 1.01514194e-02 2.30270613e-02 1.21692371e-02
1.92398817e+02 -3.88579292e-02 7.61000480e-03 1.35335937e-02 3.74968627e-03 2.48807946e-02 8.15763869e-03
1.95101411e+02 -3.69151661e-02 -6.78184701e-03 2.21071462e-02 1.35981362e-02 1.70317241e-02 2.15554722e-02
1.97810770e+02 -7.35602101e-02 -1.32562829e-02 -3.27486130e-03 1.13026285e-02 2.12178592e-02 5.91822282e-03
2.00512020e+02 -4.10656257e-02 -2.07307352e-02 -1.21765649e-02 1.22342913e-02 1.95520829e-02 1.54808704e-02
2.03202708e+02 -5.24851886e-02 -1.57508515e-02 3.69404733e-03 1.37213626e-02 1.49217607e-02 1.06541594e-02
2.05906739e+02 -5.12613191e-02 -1.79133129e-02 8.11317337e-03 7.87360628e-03 2.16918697e-02 1.19428194e-02
2.08602177e+02 -2.56123289e-02 -1.23288493e-02 2.52224183e-02 1.47740895e-02 1.55182589e-02 1.47211544e-03
2.11306208e+02 -4.96274338e-02 5.39549320e-04 1.78589951e-02 1.64227192e-02 2.05986438e-02 8.38886572e-03
2.14002958e+02 2.08380592e-04 -5.15022407e-03 4.22471839e-02 1.34575967e-02 1.20361687e-02 1.10833654e-02
2.16709895e+02 1.77538937e-02 6.79986721e-03 2.91107876e-02 1.69923805e-02 1.25079037e-02 5.63209172e-03
2.19418005e+02 -6.58170581e-02 1.15183700e-02 3.87681731e-02 4.57241432e-03 1.68899986e-02 1.40307206e-02
2.22119020e+02 -1.37682350e-02 1.18267694e-02 2.70975644e-02 2.19321635e-02 1.52176285e-02 6.79269224e-03
2.24803067e+02 -4.14450489e-02 -3.59361265e-02 1.35925339e-02 3.74617687e-03 1.98116906e-02 8.37378756e-03
2.27503833e+02 -5.03487439e-02 -2.85502378e-03 5.54112881e-04 1.39453085e-02 1.44240068e-02 1.41530210e-02
2.30209130e+02 -4.69563924e-02 3.69090370e-02 1.23645706e-02 1.49033034e-02 1.27427237e-02 9.34464097e-03
2.32912802e+02 -1.07751141e-02 1.13667751e-02 6.31271973e-03 1.31617432e-02 1.70517430e-02 1.31866466e-02
2.35619442e+02 -1.27111794e-02 1.56652636e-02 -2.70994367e-02 1.34754190e-02 3.01579521e-02 1.14384608e-02
2.38325630e+02 1.01861238e-02 1.65388269e-02 -2.86542865e-02 1.60892996e-02 1.60904618e-02 1.61199459e-02
2.41023677e+02 1.83799471e-02 1.93244469e-02 2.55727986e-02 2.06042214e-02 7.13634104e-03 9.49630225e-03
2.43721348e+02 4.67395307e-03 1.52326081e-02 1.47313242e-02 1.36072939e-02 1.59483649e-02 1.13589783e-02
2.46427520e+02 -3.33471324e-02 -2.59530299e-02 -2.61941474e-02 1.74028326e-02 2.11131679e-02 1.18614346e-02
2.49125708e+02 4.91254036e-03 1.75783792e-02 -4.87001915e-02 1.12880673e-02 1.45939182e-02 1.56329942e-02
2.51837677e+02 -1.65800895e-02 -1.50049307e-02 -2.96284823e-02 7.37549124e-03 1.41249377e-02 1.17429502e-02
2.54535598e+02 -2.17882449e-02 -1.81949574e-03 4.18624147e-02 2.68764232e-02 1.44630606e-02 8.08596045e-03
2.57246239e+02 -8.00025703e-02 -1.17104754e-02 4.72984350e-02 1.23737392e-02 1.45392922e-02 1.36433518e-02
2.59943270e+02 6.39181965e-03 -1.77381701e-02 -8.22513047e-03 1.88523755e-02 1.53439627e-02 3.66112272e-03
2.62636286e+02 -1.43830863e-02 -1.95182444e-02 -1.19982375e-02 7.32924531e-03 1.40962639e-02 9.99218995e-03
2.65333161e+02 -1.65731086e-02 2.61168816e-02 3.68853264e-02 1.05848891e-02 2.40478560e-02 8.21012765e-03
2.68033859e+02 -3.73780727e-02 7.62343123e-03 7.53369701e-04 1.93099225e-02 2.71899265e-02 4.89824100e-03
