7.00806123e-01 -2.50091749e-03 4.16398314e-03 3.92618990e-02 1.54284661e-02 2.08172160e-02 6.77936377e-04
3.39919955e+00 -2.21202041e-02 1.29129075e-02 6.53452709e-02 1.56969025e-02 2.13141495e-02 9.29672723e-03
6.09846658e+00 4.62701126e-04 1.15645984e-02 6.48853965e-02 9.11410852e-03 9.13124410e-03 1.25506023e-02
8.79004455e+00 -3.29287595e-02 8.62828902e-03 4.66793609e-02 5.42907599e-03 1.60528035e-02 1.51300847e-02
1.14901114e+01 -4.18659684e-02 3.05460897e-02 3.89000128e-02 1.06240115e-02 1.02196129e-02 1.96024506e-02
1.41867208e+01 -6.77801802e-03 5.46160222e-02 3.02146535e-02 4.29600649e-03 7.74366068e-03 1.48959771e-02
1.68893411e+01 9.39487314e-04 6.03697888e-02 -1.89682658e-02 2.63502006e-03 6.18183940e-03 3.10657880e-02
1.95708505e+01 -2.67428807e-02 2.75076215e-02 9.01627809e-03 2.39521606e-03 3.19754644e-03 1.24356601e-02
2.22761724e+01 -1.27191094e-02 5.27206464e-02 -1.93337498e-02 4.96748611e-03 1.48171410e-03 1.94094677e-02
2.49715927e+01 -1.74277004e-02 5.38133239e-02 -2.17314228e-02 5.09117662e-03 3.87613736e-03 2.28811128e-02
2.76726130e+01 -1.65790417e-02 3.80931120e-02 -5.50204377e-02 1.02767102e-02 1.32276218e-02 1.95293262e-02
3.03594536e+01 -4.14839547e-02 -2.05460520e-02 -2.10259166e-02 5.38380928e-03 1.31327613e-02 2.09250331e-02
3.30593302e+01 -1.07759540e-02 2.44432893e-02 -4.26517687e-02 1.28390699e-02 2.02273846e-02 1.73892377e-02
3.57537442e+01 1.35546762e-03 -3.78883336e-03 1.43956721e-02 6.87608797e-03 1.51932249e-02 1.98508965e-02
3.84579255e+01 -8.52157384e-04 -1.76533588e-02 -4.57389025e-02 9.08038149e-03 2.39627467e-02 6.86162715e-03
4.11535520e+01 -5.67618576e-03 -1.22411854e-03 -4.13644381e-02 1.12782518e-02 1.71049943e-02 1.91158832e-02
4.38561270e+01 -2.27698061e-02 -1.51954060e-02 4.14761656e-03 6.54744515e-03 1.48124847e-02 1.27480045e-02
4.65717067e+01 -2.93869032e-03 1.79234510e-02 -7.55916645e-02 1.40058924e-02 2.14630030e-02 9.85405814e-03
4.92829724e+01 -1.14913408e-02 -1.34730904e-02 -7.63280877e-02 1.55647112e-02 2.44580934e-02 6.51107261e-03
5.19859755e+01 1.89035312e-02 -2.84510400e-03 -4.79391883e-02 1.41491682e-02 3.06530050e-02 5.40204739e-03
5.46774286e+01 2.23754668e-02 3.07026859e-02 8.75516253e-03 1.33452861e-02 3.25124865e-02 1.16556519e-02
5.73844630e+01 5.46038462e-03 1.36095223e-02 -4.19512164e-02 8.25727721e-03 1.50920804e-02 1.12391885e-02
6.00798270e+01 -1.42205748e-02 1.91207923e-02 -4.08718392e-02 9.41620718e-03 1.73302447e-02 1.59217573e-02
6.27806349e+01 5.55503117e-03 2.09283729e-02 -7.50217047e-02 1.37890049e-02 1.59667941e-02 1.40770970e-02
6.54709083e+01 -2.30473625e-02 -6.03226221e-03 -3.98798886e-03 1.18060056e-02 2.02511561e-02 1.36101909e-02
6.81702802e+01 -2.52338866e-03 -1.69064640e-02 -2.83331411e-02 1.57708950e-02 2.25710597e-02 5.14937275e-03
7.08753567e+01 1.23201458e-02 9.77427732e-03 -1.66955375e-02 8.40139435e-03 2.38893575e-02 1.89525132e-02
7.35662099e+01 3.97941646e-04 1.94738762e-02 -5.00037529e-02 1.59099466e-02 2.89398729e-02 7.71671943e-03
7.62738364e+01 2.36946550e-02 -1.36093163e-02 -5.65227542e-02 1.91833555e-02 2.52253297e-02 1.31145327e-02
7.89732349e+01 1.09533327e-02 8.65069458e-03 -8.79308366e-02 8.18199600e-03 2.39084845e-02 1.13672925e-02
8.16797302e+01 8.86399993e-03 -2.10912298e-02 -6.25330911e-02 1.10191535e-02 2.09322812e-02 2.72832641e-03
8.43829599e+01 1.18998758e-02 4.54658968e-02 -5.73851940e-02 1.03669737e-02 1.10664672e-02 1.16539929e-02
8.70794614e+01 -3.68117335e-04 -2.91490549e-02 -3.72659199e-02 1.14343539e-02 1.88587866e-02 1.25439614e-02
8.97822099e+01 -1.90224292e-03 2.69917246e-02 -3.38856289e-02 1.10917363e-02 1.79109187e-02 1.60479701e-02
9.24763427e+01 -1.46872230e-02 -8.30502854e-03 -7.33363185e-02 1.23849794e-02 1.93343749e-02 1.60298775e-02
9.51721708e+01 1.70445280e-02 -1.17331746e-02 -3.48099628e-02 1.65158838e-02 2.04094079e-02 1.34913091e-02
9.78749599e+01 -8.78543748e-03 -2.45078584e-02 -7.62445386e-02 8.17518425e-03 2.48583069e-02 1.51406037e-02
1.00569593e+02 1.17690674e-02 -2.30452540e-03 -3.79373589e-02 6.45294085e-03 2.42091827e-02 4.43283036e-03
1.03266936e+02 1.47730399e-02 2.43959283e-02 -4.92415834e-02 7.60902522e-03 1.38169799e-02 2.14046767e-02
1.05961608e+02 -5.45313214e-03 -4.86004045e-03 -5.33545373e-02 1.71667280e-02 2.58039487e-02 5.99479464e-03
1.08665374e+02 5.48926811e-04 2.37862837e-02 -5.80724338e-02 7.76841468e-03 1.19233672e-02 1.41101316e-02
1.11365343e+02 -2.44017908e-03 7.01766243e-02 -6.74079493e-02 8.67741334e-03 1.85884495e-02 1.36716822e-02
1.14066249e+02 1.35193845e-02 9.05862031e-03 -2.65211565e-02 1.58003581e-02 2.61802193e-02 8.05804577e-03
1.16773077e+02 2.24123469e-02 1.69610140e-02 -1.46997891e-02 9.90565838e-03 2.60039499e-02 1.06967425e-02
1.19470983e+02 1.05266336e-02 -1.41344487e-02 -5.83337183e-02 7.06982616e-03 1.88591157e-02 4.73005399e-03
1.22174608e+02 -1.09053525e-02 9.38145686e-03 -6.96485315e-02 2.00728481e-02 2.58026597e-02 2.25883844e-02
1.24872077e+02 -8.19653319e-03 6.31250494e-02 -7.66726886e-02 8.98674761e-03 1.38749556e-02 9.98142798e-03
1.27579311e+02 2.72137050e-02 2.22308635e-02 -6.96281906e-02 1.50251664e-02 1.65763189e-02 7.37377106e-03
1.30286593e+02 3.24021012e-02 2.48088941e-02 -4.94814552e-02 7.62613605e-03 1.49404731e-02 1.53731107e-02
1.32987827e+02 4.16531747e-03 1.32165405e-02 -3.89731897e-02 7.56894123e-03 2.60762281e-02 1.26757689e-02
1.35697515e+02 9.40172732e-03 -1.82704289e-02 -2.36319942e-02 1.12853714e-02 1.93589536e-02 4.62721647e-03
1.38409421e+02 1.01476750e-02 6.59992929e-04 -6.47837364e-02 9.13444597e-03 1.77277698e-02 1.24346751e-02
1.41107452e+02 -2.24030591e-02 2.97811569e-03 -5.88045187e-02 1.40992577e-02 1.94458608e-02 5.61717471e-03
1.43810436e+02 1.11377566e-03 2.23542194e-02 -2.35405140e-02 8.04706704e-03 1.66783481e-02 1.11723187e-02
1.46506171e+02 1.66903737e-02 -2.95976431e-03 1.45933877e-02 9.53842819e-03 2.37422836e-02 9.72030903e-03
1.49213718e+02 2.78824590e-02 -3.87447688e-02 1.99959721e-02 1.09839627e-02 2.54997188e-02 1.70686184e-02
1.51919936e+02 3.85954965e-02 -5.42807486e-03 2.86435320e-02 1.04761050e-02 2.19623419e-02 9.26283592e-03
1.54620421e+02 4.24017564e-02 2.00456150e-02 -1.09013545e-02 7.21857236e-03 2.48147100e-02 1.19686141e-02
1.57320593e+02 5.36594653e-03 3.11691481e-02 3.79237429e-02 3.59929947e-03 2.19024402e-02 1.52315776e-02
1.60026593e+02 2.27061195e-02 4.24066193e-02 9.97796511e-03 4.28387240e-03 3.88486175e-02 3.34883728e-02
1.62717186e+02 -1.41353251e-02 3.41618642e-02 1.81207147e-02 1.66519866e-03 2.60909286e-02 1.04789802e-02
1.65422749e+02 -6.71933238e-02 -6.33859417e-03 1.28437723e-02 4.84363725e-03 3.53281493e-02 1.76693656e-02
1.68107765e+02 -6.04059723e-02 -8.89794674e-03 2.06232270e-02 1.57570464e-02 3.13601834e-02 2.19075313e-02
1.70802374e+02 -3.63044186e-02 -8.02410809e-03 2.88293257e-02 9.04909082e-03 1.89369234e-02 1.58964728e-02
1.73504093e+02 -3.25530558e-02 2.48901269e-02 5.65508951e-02 9.33812211e-03 2.41746126e-02 7.28746976e-03
1.76198530e+02 -1.33650797e-02 2.46658370e-02 4.71717215e-02 1.61148691e-02 2.35093215e-02 1.62785499e-02
1.78900608e+02 -1.10980278e-02 -1.19009210e-02 2.61998878e-02 1.39473049e-02 2.05033610e-02 1.24388048e-02
1.81605905e+02 -2.08670676e-02 6.16895759e-03 2.89510672e-02 1.10596700e-02 1.73966716e-02 1.11317167e-02
1.84302030e+02 1.20918665e-02 -4.08904644e-03 1.77670511e-02 8.89917195e-03 1.91474714e-02 1.66999217e-02
1.87003983e+02 -6.71319346e-03 1.13517087e-02 7.25388469e-03 1.13248472e-02 1.77921197e-02 1.09586108e-02
1.89693905e+02 5.42219749e-03 -1.02939244e-02 -5.58324606e-03 3.66228403e-03 2.47980430e-02 1.32744642e-02
1.92396890e+02 -3.28836005e-02 5.54417817e-02 -4.23958738e-02 6.80140176e-03 1.57632545e-02 1.34728545e-02
1.95102905e+02 -6.25577569e-02 2.08372171e-02 -2.65258896e-02 4.47204587e-03 2.23083410e-02 7.52883721e-03
1.97803999e+02 -5.13535422e-02 -3.19225985e-02 -4.27202584e-02 7.62405648e-03 1.64353719e-02 9.53863746e-03
2.00498374e+02 -3.07735178e-02 -1.91097224e-03 4.99767601e-02 1.15617522e-02 2.09158050e-02 9.24250655e-03
2.03191811e+02 -2.15549441e-02 2.13928915e-04 7.17695951e-02 1.53577305e-02 2.34317182e-02 1.00414527e-02
2.05896015e+02 -3.02336365e-02 -3.58781575e-02 4.24562088e-02 1.53167862e-02 2.39435026e-02 1.80693237e-02
2.08596890e+02 -4.76718145e-02 1.32314448e-02 3.52988651e-03 1.51563021e-02 2.03561470e-02 1.43484643e-02
2.11298093e+02 -5.06665768e-02 3.50602842e-02 -2.99298283e-03 1.34641335e-02 1.52146694e-02 7.27236330e-03
2.13998811e+02 -5.47833170e-02 1.52016128e-02 1.03516374e-02 1.98905032e-02 1.58584718e-02 6.08723953e-03
2.16701515e+02 -7.56540343e-02 2.20519271e-03 7.28655295e-03 1.09965238e-02 1.80690397e-02 1.01565034e-02
2.19403983e+02 -9.02458199e-02 -3.87269071e-03 1.29561044e-02 1.09320015e-02 2.42604045e-02 1.23700246e-02
2.22102202e+02 -4.28349272e-02 1.79265257e-02 7.19272841e-03 5.12606521e-03 2.22768007e-02 1.09903797e-02
2.24802530e+02 -7.16345670e-02 -8.04791614e-04 1.48508492e-02 4.46135829e-03 2.43209952e-02 2.74390616e-02
2.27500171e+02 -3.11672289e-02 -2.33062310e-02 1.45934752e-02 1.00290028e-02 2.02970533e-02 8.58296906e-03
2.30208905e+02 -9.75691421e-02 -2.95999490e-02 -1.64924424e-02 1.46285566e-02 1.82456560e-02 1.26031950e-02
2.32912280e+02 -8.27202772e-02 8.43151560e-03 6.01515771e-03 8.78179866e-03 2.22997809e-02 1.11932706e-02
2.35609140e+02 -6.52304004e-02 -6.79502121e-03 3.78565384e-02 2.22836250e-02 1.90910542e-02 1.39053074e-02
2.38317015e+02 -3.22777070e-02 7.68334594e-04 3.57258088e-02 1.17535164e-02 1.60942569e-02 1.37270099e-02
2.41029546e+02 -9.31232046e-02 1.39483315e-02 -3.30796933e-03 1.89132249e-02 2.15700161e-02 9.86289575e-03
2.43732686e+02 -3.30352316e-02 1.63683666e-02 -3.36298576e-02 1.25466327e-02 1.55524752e-02 1.33835664e-02
2.46440624e+02 -8.55554110e-02 2.59549787e-02 3.62241331e-02 1.59515085e-02 1.50135025e-02 5.31778447e-03
2.49136515e+02 -1.50460176e-02 -1.34700179e-02 3.60134165e-02 1.73645965e-02 2.72066472e-02 1.91496285e-02
2.51832921e+02 -3.72479038e-02 -1.46421227e-03 1.79512063e-02 9.10470919e-03 2.81954352e-02 7.19670712e-03
2.54526452e+02 -2.70336043e-02 1.38376061e-02 -3.59845726e-03 5.45755802e-03 1.59016758e-02 1.12227726e-02
2.57226593e+02 -1.08924918e-01 -1.25464345e-02 3.36224481e-02 1.30833404e-02 2.05939735e-02 1.09104778e-02
2.59927515e+02 -7.46238913e-02 1.26860200e-02 -6.25232075e-03 1.93618735e-02 2.63058959e-02 9.20734452e-03
2.62627108e+02 -7.89233141e-03 -3.40229335e-02 1.39819327e-02 1.58326957e-02 2.64764287e-02 1.48750083e-02
2.65328249e+02 -1.33253484e-02 -5.54301942e-02 3.75314954e-02 7.69557006e-03 1.64877290e-02 6.78389059e-03
2.68028187e+02 6.75362952e-03 2.20378664e-02 4.42795386e-02 1.13286210e-02 2.21228365e-02 1.13599620e-02
