7.00668967e-01 -9.98426385e-03 1.48543894e-02 1.32812813e-02 7.53638219e-03 1.64406542e-02 1.23048206e-02
3.40452181e+00 -2.64226150e-02 -1.43225136e-02 3.80049168e-02 1.17049517e-02 1.52551075e-02 1.24852033e-02
6.09745353e+00 2.20151340e-03 7.45857507e-03 1.72363658e-02 6.44070456e-03 1.62483199e-02 4.53763938e-03
8.80415384e+00 -1.45434497e-03 1.68770988e-03 9.80247270e-03 8.72712330e-03 2.32531921e-02 1.16842266e-02
1.14924862e+01 5.49200116e-04 3.36865752e-02 3.09113514e-02 1.80516421e-02 1.91404150e-02 3.97885558e-03
1.41899893e+01 9.42439843e-03 2.48556553e-02 3.14612485e-02 8.83732915e-03 1.89025283e-02 1.32873767e-02
1.68814565e+01 -4.24998222e-03 -1.86327368e-03 1.84911731e-02 1.10208423e-02 2.08597946e-02 1.03224758e-02
1.95823909e+01 3.52996632e-04 -1.20625545e-02 1.13247745e-02 8.59398007e-03 2.49818401e-02 9.78423156e-03
2.22819721e+01 3.35369391e-04 1.33683018e-02 2.38994051e-02 1.37826020e-02 2.12358275e-02 1.48175211e-02
2.49829581e+01 -6.71574299e-03 2.05277125e-02 -2.13532211e-02 6.59384533e-03 1.30379181e-02 8.94288892e-03
2.76789956e+01 1.01335123e-02 2.52121350e-02 2.99076842e-02 5.18702434e-03 1.18370025e-02 4.66115193e-03
3.03753456e+01 2.05830098e-03 7.46732015e-02 2.94703155e-02 6.20950451e-03 1.03988239e-02 1.28443798e-02
3.30823659e+01 2.24954857e-02 1.11654565e-02 1.80560230e-02 6.95034012e-03 6.95588864e-03 2.17593963e-02
3.57741206e+01 -1.15761545e-03 8.17652391e-03 2.98697916e-02 1.56554547e-03 4.46051847e-03 1.34997083e-02
3.84676831e+01 -1.27221210e-02 1.93137393e-02 1.79340122e-03 1.97458721e-03 2.44753841e-03 2.42953673e-02
4.11675737e+01 1.89395250e-02 -2.13358696e-02 4.77608947e-02 2.71223091e-03 2.47278718e-03 2.55899076e-02
4.38673815e+01 1.59056868e-02 6.97807559e-03 -4.58013482e-02 5.35540272e-03 9.29062100e-03 9.45479393e-03
4.65697846e+01 9.41756786e-03 -2.63202579e-02 -6.43899316e-03 4.78686025e-03 1.50009081e-02 1.68178149e-02
4.92768284e+01 2.24718556e-02 1.74094550e-02 -2.80929128e-02 1.34781744e-02 1.99224494e-02 1.04288141e-02
5.19838409e+01 1.78832337e-02 5.13440247e-02 -2.24349097e-02 9.62190262e-03 1.25946881e-02 1.36486648e-02
5.46852940e+01 -9.68952451e-03 8.17041143e-03 -2.90005157e-02 6.83707724e-03 2.45198835e-02 1.48195196e-02
5.73849690e+01 -2.51223132e-02 4.19615687e-03 -4.76446873e-02 1.62536843e-02 2.73130456e-02 1.14617070e-02
6.00769128e+01 -1.45678475e-02 -1.61068847e-02 -1.18448707e-02 1.78619733e-02 1.71149413e-02 1.65961578e-02
6.27816143e+01 1.85292688e-02 3.24973242e-02 -2.29217958e-03 2.66088907e-03 1.27615631e-02 5.44500893e-03
6.54933393e+01 -5.47067021e-03 -1.48358563e-02 -5.08978130e-02 1.43418431e-02 1.38162524e-02 1.94728376e-02
6.81889362e+01 -1.47719793e-02 3.04682408e-02 9.45219766e-03 8.40903283e-03 9.94009930e-03 9.77463089e-03
7.08874846e+01 4.42567173e-03 -1.09838624e-02 -7.59393890e-02 1.13856327e-02 1.53540194e-02 9.53174635e-03
7.35892174e+01 -2.35945794e-02 1.56961287e-02 -6.62433408e-02 1.12190005e-02 1.87487522e-02 3.16029571e-02
7.62942674e+01 3.98444211e-03 -1.43723834e-02 -8.43383185e-02 7.22719104e-03 1.94915192e-02 1.41378471e-02
7.89865768e+01 1.38051268e-02 1.56585515e-02 -6.25417253e-02 7.50055340e-03 1.95393324e-02 8.55895872e-03
8.16790768e+01 1.13969628e-02 3.83808119e-02 -9.56071561e-02 1.26746933e-02 2.15076847e-02 1.09745834e-02
8.43833378e+01 -2.32263790e-02 4.48853229e-02 -4.36701715e-02 1.15652126e-02 1.78938402e-02 4.10902432e-03
8.70864174e+01 1.40906765e-02 1.80146866e-02 -7.70632813e-02 7.40019739e-03 2.15484889e-02 1.10617028e-02
8.97909674e+01 1.24228760e-02 -6.18688266e-03 -6.77605182e-02 7.12270173e-03 1.69730859e-02 1.53095919e-02
9.24816612e+01 -1.46988484e-02 -2.09752463e-02 -6.41939333e-02 1.14878109e-02 1.42822303e-02 6.47592712e-03
9.51768924e+01 -4.01617679e-03 -1.81179813e-02 -2.75870452e-02 4.65613434e-03 1.22430205e-02 1.51389357e-02
9.78759331e+01 -2.23840276e-02 -2.34244728e-02 -6.05012483e-03 7.64894734e-03 8.28769194e-03 1.68203531e-02
1.00573275e+02 -4.26009373e-02 -3.56582693e-02 -4.35663149e-02 1.67994431e-03 1.15404150e-02 1.44926539e-02
1.03263353e+02 -3.58872990e-02 4.94322821e-02 -2.73665272e-02 5.71412991e-03 1.21342336e-02 5.96811308e-03
1.05959260e+02 -5.51545420e-02 -1.89794783e-02 -3.27889278e-02 1.14417428e-02 1.02432371e-02 6.94580536e-03
1.08653728e+02 -3.40030616e-02 -6.34796112e-03 -5.12889388e-02 9.16299000e-03 2.47976976e-02 1.38418576e-02
1.11353556e+02 1.28923050e-02 3.02816865e-02 -3.38388474e-02 1.33596173e-02 1.89579459e-02 4.43510019e-03
1.14043807e+02 -1.37420650e-02 7.07327051e-02 1.26412852e-04 1.68798105e-02 2.12948204e-02 1.43781963e-02
1.16753963e+02 2.72762581e-02 9.39686057e-02 5.58036205e-03 1.15456685e-02 2.90425071e-02 8.10420647e-03
1.19459260e+02 3.87985009e-02 3.71207891e-02 7.96594564e-03 1.72111090e-02 2.41049069e-02 1.95858374e-02
1.22172885e+02 3.04614473e-02 2.15245374e-02 -2.63669396e-02 7.46592475e-03 2.15952285e-02 1.22875382e-02
1.24871931e+02 1.15030263e-02 -1.37529403e-02 -4.24872563e-04 1.48972641e-02 1.71395308e-02 2.32914844e-02
1.27583635e+02 1.62581365e-02 -4.18163070e-03 -3.59984528e-02 8.77456535e-03 1.97629217e-02 1.32133822e-02
1.30275900e+02 9.96380992e-03 -4.17225744e-02 -6.56320174e-02 1.20854351e-02 2.32895516e-02 1.00326448e-02
1.32983900e+02 -7.23245796e-04 7.72999487e-03 -2.48483155e-02 1.10146305e-02 1.91165730e-02 1.05610492e-02
1.35683400e+02 5.59613512e-03 -1.61264130e-02 -5.76346191e-03 9.77912465e-03 9.58705876e-03 1.90969893e-02
1.38387150e+02 -6.68956766e-04 1.38239231e-02 -5.14400506e-02 3.63886581e-03 1.02434586e-02 1.92501280e-02
1.41074213e+02 -2.30795548e-02 4.41878536e-03 -2.30626349e-02 6.97380897e-03 1.20487716e-02 2.42164262e-02
1.43764713e+02 -1.65780293e-02 -3.01523962e-02 -3.18214410e-02 2.02459967e-03 3.59861588e-03 1.48249898e-02
1.46472775e+02 -3.34771246e-02 1.95144552e-02 -1.19628190e-02 2.14780464e-03 2.96796558e-02 1.25223942e-02
1.49157557e+02 5.11651052e-03 1.83721946e-02 1.47067370e-02 7.12584613e-04 2.98709053e-02 2.81486395e-02
1.51859197e+02 -4.12735895e-02 7.44156322e-03 2.40685173e-02 1.35409117e-02 1.97484156e-02 2.27694319e-02
1.54562697e+02 -5.17111419e-02 1.64029339e-02 -7.78024665e-03 1.30800624e-02 1.84072786e-02 4.83784929e-03
1.57260291e+02 -1.87011973e-02 -3.29821583e-02 2.98558051e-03 1.44898321e-02 2.02645240e-02 1.73254851e-02
1.59963541e+02 -7.17570419e-03 -1.18181941e-02 -1.82243767e-02 6.96179835e-03 2.17906963e-02 3.22081390e-03
1.62654041e+02 4.12813557e-02 -5.83703647e-03 -1.60040992e-02 9.04152870e-03 2.11238716e-02 1.59032493e-02
1.65364322e+02 -9.39701620e-03 -9.44901609e-03 -4.60346979e-02 9.87350256e-03 1.29068486e-02 3.71917400e-03
1.68080525e+02 -2.38022997e-02 1.11878200e-02 1.97784563e-02 1.21779978e-02 1.84785468e-02 2.15716607e-02
1.70792010e+02 -4.39096098e-02 -1.28607448e-02 9.53394662e-03 1.06273480e-02 2.26949610e-02 1.24489899e-02
1.73499525e+02 -1.71982332e-02 -4.98410889e-02 1.97965152e-02 1.80055689e-02 1.49091604e-02 1.08100445e-02
1.76200322e+02 -6.51350026e-02 -4.27024521e-02 2.92901349e-02 1.78344201e-02 1.75761772e-02 1.09586502e-02
1.78905619e+02 -3.84406710e-02 -3.30786265e-02 -4.11574655e-03 1.23081774e-02 1.62830757e-02 1.36290795e-02
1.81602697e+02 -4.44264484e-02 4.79219010e-03 -3.08775824e-03 1.31908401e-02 9.94918605e-03 5.10922014e-03
1.84289963e+02 3.64576988e-02 -4.30153379e-02 -2.16047485e-03 2.11528397e-02 1.68376799e-02 1.34876852e-02
1.86989463e+02 2.07959020e-02 -6.56546374e-03 1.00285754e-02 1.09177325e-02 1.17979621e-02 1.07343848e-02
1.89696807e+02 -3.79051047e-02 -3.14570778e-02 3.73865620e-02 2.02378178e-02 1.62356478e-02 7.51054540e-03
1.92401869e+02 -4.57896213e-02 -2.16386190e-02 3.34573980e-02 1.57848902e-02 1.73974780e-02 2.13010644e-02
1.95097088e+02 -4.23646345e-02 -6.77272602e-03 8.01651770e-03 8.31752809e-03 2.03402842e-02 1.19508239e-02
1.97800994e+02 -1.10310014e-02 -9.83640052e-03 4.42812639e-02 2.61159235e-02 2.95620671e-02 1.15558647e-02
2.00497978e+02 2.37712928e-02 2.22911547e-02 1.02228243e-03 1.09133525e-02 2.64751540e-02 1.33716107e-02
2.03202556e+02 -9.78079223e-03 3.38595809e-02 -1.72725436e-02 8.11066518e-03 2.15007106e-02 1.40632414e-02
2.05907932e+02 -1.61956457e-02 2.11522539e-02 -2.39185626e-02 1.54607281e-02 1.86957817e-02 1.00440909e-02
2.08608853e+02 -4.62723706e-02 -1.84276975e-02 4.68814635e-02 2.02623774e-02 2.17757492e-02 1.06365935e-02
2.11310869e+02 -5.37756378e-03 -7.21138367e-03 4.25617536e-02 1.87850089e-02 1.88063323e-02 1.49507139e-02
2.14007338e+02 -1.94452718e-02 2.40559683e-02 2.08749437e-03 1.05558686e-02 2.30421928e-02 1.96628973e-02
2.16715994e+02 3.17999191e-02 3.75107403e-02 -5.21819263e-02 1.40306918e-02 2.62459132e-02 9.20203746e-03
2.19410963e+02 2.93339903e-02 -1.20479824e-02 -2.17367270e-02 8.00210069e-03 2.21940049e-02 1.85816320e-02
2.22118650e+02 2.13171974e-03 2.21713081e-02 -3.52996127e-02 1.59088426e-02 1.75440906e-02 1.59092304e-02
2.24814416e+02 -1.28312751e-02 -4.93170528e-03 -1.71051000e-02 1.72677365e-02 2.22103653e-02 8.91332100e-03
2.27518072e+02 -3.10715637e-02 4.37650121e-03 -7.39753151e-03 1.32574794e-02 1.58407784e-02 1.26520305e-02
2.30216010e+02 -1.77889394e-04 1.93867133e-02 1.70526101e-02 1.70929168e-02 1.70570662e-02 7.56495552e-03
2.32925244e+02 -5.00852838e-02 2.08891761e-02 2.06318749e-02 1.19471896e-02 1.53938837e-02 6.05572056e-03
2.35628463e+02 -5.04689202e-02 -7.66833022e-03 4.01008393e-02 1.03263992e-02 1.28873398e-02 5.23863674e-03
2.38317541e+02 -2.92834294e-02 -2.26696262e-02 2.15751921e-02 8.96022916e-03 1.23551967e-02 9.82279092e-03
2.41026791e+02 -8.23144826e-03 -4.22872405e-02 2.08938820e-02 6.51036742e-03 2.04869571e-02 1.07655472e-02
2.43729853e+02 -2.40120616e-02 -2.39562188e-02 5.54180263e-02 5.36225838e-03 1.61449939e-02 1.61257772e-02
2.46434103e+02 -5.71747281e-02 -1.29180806e-02 1.73537002e-02 7.30557938e-03 1.38738019e-02 7.91268741e-03
2.49129838e+02 -5.54683610e-02 -2.43926837e-02 3.11547539e-02 7.21045937e-03 1.63991215e-02 8.30723091e-03
2.51829010e+02 -1.29115722e-02 -3.18524139e-02 2.25201117e-02 5.86378509e-03 3.19056258e-02 1.15477345e-02
2.54526119e+02 1.75545303e-02 -1.25337464e-02 1.81510789e-02 9.89059874e-03 3.27810001e-02 1.35960318e-02
2.57231478e+02 2.64335506e-02 -5.68211876e-03 -9.28216917e-03 2.68713245e-03 2.06462497e-02 1.20519830e-02
2.59926931e+02 -2.34286225e-02 -2.04249760e-02 1.72302618e-02 1.00078180e-02 1.17464072e-02 1.35288044e-02
2.62623931e+02 -5.87912584e-03 -2.43569098e-02 3.94204539e-02 4.72661588e-03 1.11056498e-02 1.43436384e-02
2.65327119e+02 7.37538858e-04 2.15316697e-03 2.88161215e-02 7.60455113e-03 1.31337393e-02 1.59644434e-02
2.68031254e+02 -2.88813035e-03 -2.94651990e-02 4.02236750e-02 8.49734940e-03 1.29187639e-02 1.74320869e-02
