7.09515727e-01 -2.08465151e-03 -1.05687266e-03 2.44159964e-02 7.98109984e-03 1.92452301e-02 1.00800131e-02
3.41261118e+00 1.86747675e-02 -1.47003852e-02 2.96805388e-02 9.13594856e-03 1.89765698e-02 1.63535410e-02
6.10186087e+00 1.02704407e-02 1.68726739e-02 4.43433323e-02 1.13293162e-02 2.36717708e-02 8.44052118e-03
8.80502383e+00 -5.91546371e-03 -1.94677017e-02 3.17990978e-02 1.09178548e-02 1.65248115e-02 1.99181632e-02
1.15019129e+01 1.78783315e-02 -5.50810016e-03 2.14100748e-02 7.97845160e-03 1.88116294e-02 1.69311976e-02
1.41925223e+01 2.11668295e-02 2.89015361e-02 4.40905687e-02 1.43121787e-02 2.40382870e-02 1.13076065e-02
1.68956223e+01 1.35338179e-02 1.77423046e-02 3.52407474e-02 1.05142136e-02 1.40396244e-02 6.60548328e-03
1.95898816e+01 1.45111727e-02 -1.77550909e-02 9.77412034e-02 4.92408253e-03 8.91273825e-03 1.42603672e-02
2.22951723e+01 8.04000754e-03 4.62581188e-03 4.48079881e-02 4.26000669e-03 5.34718365e-03 1.89101329e-02
2.49827441e+01 -1.73707680e-02 5.68842392e-03 4.33415955e-02 3.11802827e-03 2.48002378e-03 2.14595974e-02
2.76833723e+01 -8.62188012e-03 4.53475187e-02 4.09372116e-03 5.09081848e-03 6.53602673e-03 1.69496230e-02
3.03688457e+01 -1.44768060e-02 6.79148339e-04 1.57946503e-02 4.56630231e-03 6.65937711e-03 1.92661353e-02
3.30713254e+01 2.41303146e-02 3.83290615e-02 -9.03160807e-03 7.42858903e-03 9.96168127e-03 1.48712356e-02
3.57713176e+01 -1.86971332e-02 1.04989013e-02 -3.07057260e-02 8.99995001e-03 1.37223123e-02 1.52382967e-02
3.84710567e+01 3.91087917e-03 -1.12425969e-03 -3.55681034e-02 9.26253813e-03 7.54635587e-03 1.29407759e-02
4.11768066e+01 2.15222496e-02 -2.19300997e-02 -6.02657456e-02 6.48682605e-03 7.47394340e-03 7.04547752e-03
4.38685082e+01 -1.17478405e-02 1.68979251e-02 -1.97652401e-02 1.19690353e-02 1.39612551e-02 2.29832898e-02
4.65638285e+01 1.93124807e-02 -1.77849231e-03 -2.04882311e-02 7.00248718e-03 1.03918318e-02 7.62424906e-03
4.92585176e+01 -2.02381035e-03 3.82813786e-02 -6.65220544e-02 8.17848489e-03 1.84710624e-02 1.70464589e-02
5.19555941e+01 2.22658596e-02 3.53968506e-02 -4.44725867e-02 7.81559517e-03 1.63515521e-02 2.61727257e-02
5.46431520e+01 4.23450470e-03 1.56940368e-02 -2.86006514e-02 1.20432687e-02 2.32911112e-02 6.52960147e-03
5.73545410e+01 -7.80283638e-03 -1.81094367e-02 -1.07003921e-02 1.12590129e-02 1.52591167e-02 2.15336264e-02
6.00590254e+01 -1.19036642e-02 -1.79523741e-02 -6.61021951e-02 1.12497552e-02 2.41050203e-02 3.92910880e-03
6.27645035e+01 -1.88673879e-02 1.15134899e-02 -3.35050812e-02 1.88728913e-02 1.89805043e-02 2.34342630e-02
6.54702488e+01 1.52256251e-02 1.92772374e-02 -9.78188263e-02 5.81111693e-03 1.52625882e-02 9.01373432e-03
6.81762160e+01 -1.41404955e-02 5.52746343e-03 -6.90675753e-02 9.40309003e-03 2.43980221e-02 1.00884301e-02
7.08757316e+01 -1.25009540e-02 -3.32133235e-03 -4.92511413e-02 1.18192719e-02 1.49283610e-02 9.69566078e-03
7.35756723e+01 -2.85558864e-02 7.77656944e-02 -3.95056837e-02 1.18344123e-02 2.10849148e-02 1.18630086e-02
7.62748535e+01 2.62393658e-03 1.61378134e-02 -2.00811282e-02 1.09073828e-02 1.90212478e-02 1.48783808e-02
7.89732910e+01 -4.64686809e-03 2.00322743e-02 -1.42848803e-02 1.21190112e-02 1.82280299e-02 2.50123191e-02
8.16705801e+01 -2.84408970e-02 -1.40479495e-02 1.23198715e-02 1.01265407e-02 2.39237039e-02 8.42740968e-03
8.43639066e+01 -6.66054235e-03 2.67174298e-02 -2.81168181e-03 1.32591242e-02 2.28118291e-02 9.47174213e-03
8.70644473e+01 -1.11824418e-02 -9.15851840e-03 -3.48566885e-02 1.16501115e-02 3.17628189e-02 1.03894742e-02
8.97583254e+01 -5.12073688e-03 -4.58319909e-02 -4.21897045e-02 1.21525337e-02 2.01195711e-02 1.56283469e-02
9.24571473e+01 -3.77065944e-03 -6.83379967e-02 -2.75248252e-02 1.23945890e-02 1.91846297e-02 1.03873262e-02
9.51558410e+01 1.00563945e-02 2.29702816e-02 -5.94423491e-02 1.26923314e-02 2.47082299e-02 4.66098488e-03
9.78655457e+01 -3.10557716e-02 1.32097444e-02 -2.14491951e-02 1.23923165e-02 1.98665610e-02 1.49830954e-02
1.00570302e+02 -1.34560979e-02 -1.24156893e-02 -4.35159645e-02 9.31403233e-03 1.88463214e-02 5.63735073e-03
1.03265755e+02 -2.73763214e-02 -1.03244108e-02 -4.11659897e-02 1.10775114e-02 1.50999980e-02 1.95530266e-02
1.05961552e+02 -1.38422309e-02 -1.43725836e-02 -4.18284299e-02 9.41401294e-03 2.13021617e-02 1.74954710e-02
1.08671083e+02 1.52235400e-02 -5.57318111e-02 -4.42623501e-02 1.60191943e-02 2.07057371e-02 1.48325403e-02
1.11380349e+02 2.01624621e-02 2.67810158e-02 -5.92038257e-02 1.09295784e-02 2.25646629e-02 1.32798589e-02
1.14083505e+02 1.28535910e-02 5.92615607e-02 -7.80027011e-02 8.50701679e-03 2.01125729e-02 1.39452779e-02
1.16789021e+02 2.62243520e-03 4.26834911e-02 -7.25806581e-02 8.93819737e-03 1.95713324e-02 7.92601667e-03
1.19488427e+02 1.09571291e-02 5.11062205e-02 -5.66837925e-02 9.96018734e-03 2.44829214e-02 8.94319848e-03
1.22192114e+02 1.22456482e-02 5.47553747e-02 -4.28195316e-02 1.47643357e-02 1.95736167e-02 5.57000327e-03
1.24895896e+02 -1.90629459e-03 6.01863207e-02 -6.47862063e-02 1.49608544e-02 1.80041857e-02 1.06045028e-02
1.27597771e+02 -6.94261726e-04 -1.34115326e-02 -5.06293661e-02 9.34310274e-03 2.69114026e-02 1.07570530e-02
1.30296911e+02 -3.25571860e-03 -3.50064615e-02 -2.49064498e-02 1.62708239e-02 2.26862543e-02 1.40170829e-02
1.33002646e+02 -2.08851646e-02 1.70594964e-02 -1.07079568e-02 7.06593249e-03 1.67739387e-02 1.63551842e-02
1.35709380e+02 4.50174048e-03 -7.45054323e-03 -3.98914141e-02 8.67918691e-03 1.31817163e-02 6.87844586e-03
1.38407771e+02 1.06391808e-02 1.57065525e-02 -1.53228572e-03 7.94322445e-03 2.23953924e-02 2.90383943e-02
1.41104146e+02 -1.63060413e-02 -4.03004652e-02 -6.51356707e-03 1.61719278e-02 1.57328193e-02 1.27993773e-02
1.43802505e+02 2.20998953e-02 -3.81262792e-02 -1.49501005e-02 5.12834756e-03 1.37754697e-02 1.32471995e-02
1.46498568e+02 3.74825273e-02 2.12506126e-02 1.26098409e-02 1.67301489e-02 1.93301789e-02 1.77614096e-02
1.49203036e+02 3.77309560e-03 1.43428905e-02 -1.59163285e-03 1.12686125e-02 2.88063435e-02 2.87178848e-02
1.51904927e+02 -1.02410900e-02 1.81994775e-04 1.93063952e-02 9.98251254e-03 2.82704206e-02 1.39909180e-02
1.54598536e+02 -6.47017379e-03 -3.29300239e-03 -1.55345252e-02 4.57914431e-03 2.79660187e-02 1.20219517e-02
1.57289568e+02 -2.09874004e-02 1.11600338e-02 -1.24265267e-02 5.69556534e-03 2.38350394e-02 2.06649027e-02
1.59998411e+02 -2.98680440e-02 -4.20565302e-02 -2.13665329e-02 1.74030383e-02 3.14316699e-02 1.91515823e-02
1.62679333e+02 1.15323031e-02 8.54979378e-03 1.60110166e-02 1.86618127e-02 1.70501158e-02 1.58710628e-02
1.65399068e+02 -7.34583979e-02 -3.41519864e-04 -2.95717907e-02 2.01878395e-02 1.69041935e-02 4.89378252e-03
1.68096771e+02 -6.83065562e-03 1.75497027e-02 2.80803846e-03 1.32779155e-02 1.66646268e-02 1.19532537e-02
1.70799583e+02 5.89014942e-03 7.22369367e-03 -2.38305252e-02 2.08361806e-02 1.54512948e-02 6.87673644e-03
1.73511614e+02 -1.49192819e-02 -2.46900030e-02 -5.13570108e-02 9.49884849e-03 9.54190751e-03 1.17009643e-02
1.76205693e+02 -3.87551610e-02 -7.54093712e-03 -3.15931234e-02 1.13496702e-02 1.72480979e-02 9.62033739e-03
1.78914771e+02 -4.19362930e-02 -3.96787316e-02 -4.08982568e-02 5.42501562e-03 2.44269069e-02 1.46023852e-02
1.81615708e+02 -5.19569639e-02 2.41699142e-02 -1.61838190e-02 1.62497997e-02 1.98871756e-02 2.05898360e-02
1.84320786e+02 -3.24122208e-02 -3.84613312e-02 -1.72767939e-02 1.46569007e-02 2.13224691e-02 1.10365955e-02
1.87015989e+02 1.40070288e-02 -4.75550187e-02 1.28726774e-02 1.58530699e-02 2.67383762e-02 2.31443625e-02
1.89722333e+02 -7.52792787e-03 -5.02971410e-02 3.16657158e-02 1.17228486e-02 2.23281408e-02 8.63664766e-03
1.92421458e+02 -2.06306574e-02 -1.95523354e-02 5.12466114e-03 1.76734814e-02 1.46189847e-02 1.05715643e-02
1.95116505e+02 -7.07501407e-02 -2.05409788e-02 3.44547267e-02 1.50961071e-02 1.69135053e-02 7.19032148e-03
1.97820427e+02 -5.24270068e-02 -5.91862047e-02 1.48210578e-02 1.36390604e-02 2.36255461e-02 1.18163746e-02
2.00516708e+02 1.41916261e-02 -8.58524557e-03 2.60380371e-02 8.77575318e-03 1.92929435e-02 1.07853535e-02
2.03215068e+02 4.91124452e-02 3.15453950e-02 -4.67251711e-02 9.81064138e-03 1.91129090e-02 1.69940462e-02
2.05917286e+02 8.57201041e-03 1.58177580e-02 -4.65266100e-02 9.57379904e-03 1.55438563e-02 1.37327854e-02
2.08612318e+02 2.52826800e-02 -6.04373302e-03 1.06451471e-03 1.80502075e-02 2.25075088e-02 6.83475232e-03
2.11315630e+02 -5.17424415e-02 -5.67811305e-03 1.48848443e-02 1.93302076e-02 9.00130478e-03 9.79974546e-03
2.14012318e+02 -4.87190117e-03 6.62619581e-02 2.82394205e-02 1.76965583e-02 1.13706084e-02 5.07130933e-03
2.16712255e+02 -1.15954884e-03 4.65956013e-02 2.50879176e-02 1.46503815e-02 1.19144444e-02 8.80273876e-03
2.19422114e+02 3.59899799e-02 1.44222444e-02 3.46686748e-02 2.45193032e-02 1.54795643e-02 9.21480675e-03
2.22130677e+02 -1.16942249e-02 3.96072651e-02 2.77180768e-02 1.92237871e-02 2.20392381e-02 1.57438425e-02
2.24829724e+02 9.95668596e-03 2.43885362e-02 1.74474719e-02 1.39198434e-02 2.00362649e-02 1.06114209e-02
2.27528021e+02 7.33181297e-04 -3.96173336e-03 1.25072317e-03 1.59629911e-02 1.89408992e-02 1.17117227e-02
2.30228599e+02 -8.57884174e-03 -4.35277051e-02 2.46629197e-02 1.30207912e-02 2.33049655e-02 1.19084897e-02
2.32930568e+02 -3.50054674e-03 9.61767580e-03 1.86858987e-02 1.01343471e-02 1.98834623e-02 6.33560244e-03
2.35642208e+02 3.14983861e-02 -1.82415013e-02 -1.15766221e-02 1.99670385e-02 2.09999540e-02 1.22285514e-02
2.38333271e+02 3.68554303e-02 -1.76608421e-02 8.85962057e-03 6.26287760e-03 2.29219004e-02 1.40871513e-02
2.41044646e+02 -2.54066526e-02 -2.21685442e-02 4.55086313e-02 1.25812544e-02 2.62226000e-02 1.12186741e-02
2.43740521e+02 -4.74513486e-02 -3.04429622e-03 1.00565930e-02 8.85302230e-03 2.41431729e-02 1.53086042e-02
2.46447364e+02 -1.22794844e-02 3.37780598e-03 -1.88501891e-02 1.56362329e-02 1.97164866e-02 1.41059288e-02
2.49146536e+02 -3.60361150e-02 1.73803587e-02 1.56642940e-02 9.40032685e-03 1.86716536e-02 6.96982129e-03
2.51856989e+02 1.20498622e-02 -3.65890208e-02 4.23211189e-03 1.16474531e-02 2.61667657e-02 9.69973475e-03
2.54547536e+02 1.80670510e-02 -1.32014363e-02 1.25171704e-02 1.65099055e-02 2.10821960e-02 1.65973355e-02
2.57253302e+02 9.15184914e-03 -4.87308526e-02 1.38510581e-02 8.62464421e-03 1.10617904e-02 1.00902331e-02
2.59955458e+02 2.52336957e-02 2.79059058e-02 1.81460046e-02 1.48979412e-02 1.63572336e-02 1.95988646e-02
2.62654068e+02 1.45633367e-02 3.55537586e-03 6.35392605e-02 1.57954688e-02 1.75348038e-02 1.60981105e-02
2.65363396e+02 2.60362842e-02 -2.55601324e-02 4.12292837e-02 1.26485511e-02 1.33052941e-02 7.26172954e-03
2.68057163e+02 1.83263600e-02 -2.82416880e-02 8.24049582e-03 8.02038453e-03 1.62778412e-02 1.99860350e-02
