7.15364110e-01 -9.59380609e-03 4.04459524e-02 3.33740017e-02 1.34896594e-02 1.83256293e-02 1.07592844e-02
3.41119910e+00 -2.72248975e-03 -2.74112386e-02 1.05586106e-02 9.22024278e-03 2.28426041e-02 1.16451229e-02
6.10321035e+00 -4.34087624e-02 -8.01420209e-03 3.22894355e-02 7.09924400e-03 1.56178301e-02 1.28441520e-02
8.80077317e+00 -4.92684268e-03 -6.49484408e-02 3.62692950e-02 1.03629459e-02 2.23098966e-02 9.92863094e-03
1.14960408e+01 -8.46483541e-03 2.50202478e-02 3.91750199e-02 9.58478346e-03 2.82040454e-02 1.63810190e-02
1.41963174e+01 -1.80471152e-02 -3.30696546e-02 5.99129596e-02 9.32975465e-03 2.10981908e-02 1.16831926e-02
1.68887768e+01 -5.92384586e-03 -4.34468085e-02 3.06302400e-02 1.28062198e-02 1.26361390e-02 8.92934433e-03
1.95879361e+01 -2.29132656e-02 7.81089601e-04 1.71847258e-02 8.04360454e-03 1.17800104e-02 1.25546999e-02
2.22915830e+01 7.12789421e-03 -1.60342116e-02 2.69274967e-02 4.26593305e-03 8.78353973e-03 1.14919790e-02
2.49864846e+01 8.91534712e-03 -5.06238125e-02 2.08315433e-02 4.24533680e-03 1.08398393e-03 1.00365055e-02
2.76812221e+01 -1.91365780e-02 -3.31846259e-02 -8.11024886e-04 5.10917563e-03 2.34578622e-03 1.70302521e-02
3.03894549e+01 2.36079967e-03 3.40697094e-02 -8.45431640e-02 1.34494764e-03 1.26395077e-03 9.79606629e-03
3.30795377e+01 -1.98780043e-02 -3.40638420e-02 -3.34060005e-02 6.15851876e-03 3.64341302e-03 1.71181564e-02
3.57701361e+01 2.02012702e-03 5.01281825e-03 -4.80771343e-02 5.56603272e-03 8.34059424e-03 9.47410668e-03
3.84660627e+01 -1.16451612e-02 4.66834858e-02 -1.25851689e-02 6.97494110e-03 8.60589580e-03 1.05568546e-02
4.11628377e+01 -1.08900856e-02 6.76478012e-03 -3.42185770e-02 8.33863490e-03 1.82906592e-02 1.40533820e-02
4.38648908e+01 -1.99132630e-02 7.32580850e-03 -2.41414515e-02 3.76619557e-03 1.41211523e-02 6.93243766e-03
4.65606221e+01 -2.07224112e-02 -3.79915953e-02 -3.76192224e-02 1.10280331e-02 1.23703206e-02 1.49092662e-02
4.92592346e+01 -3.57733308e-02 6.61278482e-03 -7.66730547e-02 1.45475879e-02 1.74934243e-02 1.88312630e-02
5.19555908e+01 -2.46558335e-02 -1.29263543e-02 -3.12361827e-02 8.03065470e-03 2.46412809e-02 1.40014559e-02
5.46633689e+01 -5.74883494e-03 -3.29742013e-02 -7.84120306e-02 1.08667828e-02 2.11468252e-02 2.04733669e-02
5.73533908e+01 -1.50130186e-02 -1.40515081e-03 -6.61172361e-03 3.48821265e-03 1.35748455e-02 1.27411720e-02
6.00519236e+01 7.04486599e-03 2.58095263e-02 -6.17121063e-02 1.24272206e-02 1.52078551e-02 2.00481414e-02
6.27460361e+01 -1.00332667e-02 2.75486861e-02 -1.95590914e-02 5.55389979e-03 1.83948283e-02 5.56982110e-03
6.54434174e+01 -1.17149667e-02 2.70658825e-02 -5.80617625e-02 1.77698113e-02 1.63593668e-02 1.07972094e-02
6.81448002e+01 1.13076187e-02 -2.02921852e-02 -8.74903534e-03 9.29557347e-03 1.90053886e-02 8.80980515e-03
7.08510064e+01 1.20579673e-02 3.37735123e-04 -6.43931879e-02 7.02642323e-03 1.57152572e-02 5.96418147e-03
7.35529783e+01 2.05959597e-03 -3.97851275e-02 -5.32067132e-02 9.46390446e-03 1.05019186e-02 8.90096897e-03
7.62550486e+01 -2.08366568e-02 1.53014272e-02 -4.43489376e-02 8.87375947e-03 2.28035924e-02 8.53468887e-03
7.89593377e+01 3.18093104e-02 1.46824365e-02 -6.73267155e-02 1.02293906e-02 2.65536663e-02 4.55801949e-03
8.16536439e+01 6.76354940e-03 -5.20002744e-03 -7.67647551e-02 9.51185005e-03 1.80206440e-02 1.06233704e-02
8.43603096e+01 -1.51331131e-03 -1.10558428e-02 -7.05450925e-02 9.54667043e-03 1.85931649e-02 1.35404381e-02
8.70582768e+01 1.56118222e-03 1.20137898e-02 -7.82199788e-02 1.16073798e-02 2.53025873e-02 9.93528178e-03
8.97504893e+01 -3.20403321e-03 -7.32706414e-03 -4.31939469e-02 1.29091166e-02 1.37438506e-02 9.41007555e-03
9.24552127e+01 -2.07131584e-03 7.01877465e-03 -7.09682539e-02 7.32766188e-03 1.63931609e-02 1.50994809e-02
9.51582299e+01 1.82733403e-03 -9.93380453e-03 -8.05327825e-02 1.37929894e-02 2.62376110e-02 7.72698179e-03
9.78493768e+01 2.69529157e-02 -3.34336316e-02 -2.08526178e-02 1.72439103e-02 2.02092483e-02 6.86646573e-03
1.00550469e+02 1.12371263e-02 -9.62553472e-03 -2.76374545e-02 1.01007132e-02 1.68858257e-02 1.58804330e-02
1.03252906e+02 -4.59722701e-03 -5.34631851e-02 -1.40039562e-02 1.47673968e-02 1.67733476e-02 1.13540434e-02
1.05961547e+02 2.08019074e-02 1.64481588e-02 -1.01589007e-01 1.54270637e-02 2.23858233e-02 6.72438431e-03
1.08670781e+02 2.12894107e-02 -3.17519227e-02 -8.16533081e-02 1.04550931e-02 2.45582909e-02 2.88176219e-02
1.11371391e+02 2.50815883e-02 -2.37903079e-02 -5.53266638e-02 2.03343495e-02 2.87374491e-02 7.61730903e-03
1.14070172e+02 1.67261156e-03 -2.00873398e-02 -2.80384371e-02 1.05792208e-02 1.99286631e-02 7.80102996e-03
1.16777172e+02 2.80135747e-02 -4.99154407e-02 -2.10385153e-02 6.85738007e-03 1.71466513e-02 1.63842804e-02
1.19483141e+02 1.65658750e-02 -2.02395256e-02 -5.42573559e-03 1.46977690e-02 2.32838862e-02 1.91666650e-02
1.22175360e+02 -2.38138346e-02 -5.87258892e-03 -2.13495316e-02 9.46148691e-03 2.12304958e-02 1.57589135e-02
1.24880906e+02 -7.55844788e-03 -2.56205619e-02 -5.04444149e-02 2.04693819e-02 3.16559579e-02 1.15004190e-02
1.27580703e+02 1.93733119e-02 -2.45065540e-02 7.11659866e-04 1.26078574e-02 2.62657590e-02 1.03332280e-02
1.30282719e+02 -4.04442932e-03 3.26635798e-03 -1.80162426e-02 1.71845097e-02 2.15355825e-02 1.36766109e-02
1.32984422e+02 1.42502338e-02 -2.88083656e-02 -2.71456530e-02 9.89965683e-03 2.03553833e-02 1.45515998e-02
1.35683016e+02 -1.99494952e-05 1.94198051e-02 -5.19229976e-02 1.14366315e-02 2.05289366e-02 1.29977212e-02
1.38384938e+02 -1.97551450e-02 1.15697694e-02 -2.70900022e-02 9.73202872e-03 1.90729223e-02 1.88911328e-02
1.41075922e+02 -2.42018481e-02 3.14488543e-02 -5.24927771e-02 1.35789316e-02 1.85883386e-02 1.92052313e-02
1.43779641e+02 -2.13418349e-02 2.23499934e-02 -4.80134384e-02 7.70213530e-03 9.75811136e-03 1.55267471e-02
1.46476125e+02 -1.42839534e-02 9.29756183e-03 -2.90293263e-02 6.24412652e-03 2.01739440e-02 2.03318321e-02
1.49175938e+02 3.90217888e-02 -3.78185474e-02 -3.92962816e-02 1.49478875e-02 2.22761699e-02 1.54970275e-02
1.51873719e+02 6.31605915e-02 -2.46704778e-02 -6.41352363e-02 1.46735617e-02 2.69496671e-02 1.09656138e-02
1.54580360e+02 -8.79688165e-04 -2.71825214e-02 -1.79727504e-02 6.16234760e-03 2.09917974e-02 1.23565439e-02
1.57265094e+02 5.38649364e-03 -2.29724179e-03 1.76966148e-02 5.73766594e-03 2.71648012e-02 1.50507808e-02
1.59968235e+02 -3.87994404e-02 2.24420923e-02 5.56220506e-03 1.55295202e-02 2.44485790e-02 1.84535571e-02
1.62663235e+02 -2.35421136e-02 -2.40523784e-02 -2.40322672e-02 1.54274203e-02 1.83370543e-02 1.73459669e-02
1.65359141e+02 -1.77124593e-02 -3.34803595e-02 3.03684798e-02 2.66118479e-02 1.40083378e-02 5.09056527e-03
1.68061922e+02 -2.24811805e-02 -5.32827495e-02 3.73620489e-02 2.49169492e-02 1.87821745e-02 2.32295550e-02
1.70770781e+02 -2.22980835e-02 -2.03225546e-02 3.24029794e-03 1.65245696e-02 1.19909495e-02 1.28075514e-02
1.73479391e+02 -1.71447207e-02 -2.11194090e-02 -1.75177457e-03 1.27472330e-02 1.74823656e-02 1.15897374e-02
1.76177235e+02 -5.90130482e-05 6.10112557e-03 3.08823609e-02 7.70885330e-03 1.71465888e-02 1.55332908e-02
1.78880406e+02 -2.21009497e-02 2.49316730e-02 4.42547207e-02 1.99566940e-02 2.15588516e-02 7.30278392e-03
1.81578594e+02 -4.82573995e-02 -5.63596260e-03 4.56671232e-02 4.80105585e-03 3.53603319e-02 8.15267659e-03
1.84279531e+02 -5.73952839e-02 -1.07124954e-02 7.82120692e-02 9.30223241e-03 2.54698152e-02 1.56451010e-02
1.86991031e+02 -7.67001063e-02 2.55407094e-02 4.36548911e-02 5.58831146e-03 2.12767532e-02 1.21211175e-02
1.89691360e+02 -2.67317245e-02 -1.23864856e-02 6.17989884e-03 7.64724019e-03 2.33751344e-02 1.63742084e-02
1.92392453e+02 -7.52216503e-02 -1.33496358e-02 -1.65147278e-02 7.75983365e-03 1.37067195e-02 9.04300940e-03
1.95093938e+02 -5.86573648e-02 7.63028136e-03 -1.30463883e-02 1.57857587e-02 1.46510186e-02 9.46647499e-03
1.97782500e+02 -3.52517442e-02 5.42786385e-02 1.28187788e-02 1.21802025e-02 1.68525083e-02 1.41687305e-02
2.00491063e+02 -4.90896363e-02 1.03511097e-02 2.93843217e-02 1.99525196e-02 1.39045690e-02 2.09700052e-02
2.03183985e+02 -2.04071041e-02 -3.29960439e-03 4.71110988e-02 1.56514479e-02 2.02590578e-02 9.92017706e-03
2.05881922e+02 -5.94814804e-02 3.21702398e-03 5.32080438e-02 1.17300204e-02 1.46747334e-02 9.15668456e-03
2.08589250e+02 -4.33855152e-02 3.00113101e-02 -3.25349814e-02 2.07840887e-02 2.34843381e-02 7.23423139e-03
2.11293672e+02 -7.47149080e-02 -2.13250824e-02 -2.16992697e-02 1.45253388e-02 1.20613424e-02 9.13081768e-03
2.13991656e+02 -1.94493663e-02 -6.54459396e-02 -2.56799939e-02 2.02593600e-02 1.65105046e-02 1.09640584e-02
2.16699203e+02 -5.90791571e-02 -1.60797549e-02 -3.44351957e-02 2.30977803e-02 1.50649930e-02 1.38809840e-02
2.19395969e+02 1.02077649e-02 8.28106987e-03 3.93951243e-03 1.23125413e-02 1.85554255e-02 1.16466922e-02
2.22092250e+02 -4.63681384e-03 1.71540935e-02 1.45294137e-02 1.63777895e-02 1.94654813e-02 1.45448259e-02
2.24800953e+02 -6.24383048e-03 1.89753635e-03 2.25474049e-02 1.63632812e-02 1.53064131e-02 1.20461196e-02
2.27506500e+02 -1.65154365e-02 2.37776918e-02 1.16380904e-02 1.33888291e-02 3.51950393e-02 1.97659913e-02
2.30201547e+02 -2.75539963e-02 5.67835121e-02 3.81388810e-02 6.78938764e-03 2.16773664e-02 1.63242787e-02
2.32898688e+02 -3.36440227e-02 5.34564945e-03 2.81631108e-02 1.37607596e-02 2.94687045e-02 1.01589459e-02
2.35604110e+02 -5.17256547e-02 -3.22468074e-03 -2.17151797e-02 4.36771578e-03 2.40344612e-02 1.46616068e-02
2.38293188e+02 -4.62819125e-02 -5.11341029e-04 2.45807575e-03 1.15094666e-02 1.79274844e-02 1.45495643e-02
2.41000406e+02 -1.96611137e-02 -1.69448047e-02 -5.66122500e-03 9.80192161e-03 3.15109433e-02 9.86038125e-03
2.43711610e+02 -4.63888222e-02 -2.38274553e-03 -6.18280565e-03 5.47517178e-03 2.53385613e-02 1.50563850e-02
2.46416360e+02 -3.40437047e-02 9.57545016e-05 3.85726782e-02 6.66596659e-03 2.14668217e-02 1.04028057e-02
2.49117156e+02 -8.05892758e-02 -4.20903658e-02 1.91193864e-02 4.29135233e-03 2.25796132e-02 1.52012103e-02
2.51807203e+02 -4.99917478e-02 -1.95300780e-02 2.35510157e-02 8.31033527e-03 1.92079469e-02 1.27778782e-02
2.54516219e+02 -7.46038527e-02 5.37326747e-02 -1.10289696e-02 8.47899134e-03 2.09582748e-02 5.93686109e-03
2.57211922e+02 -3.38534628e-02 -6.52724134e-03 8.26784357e-03 8.77575525e-03 1.82674165e-02 1.55940391e-02
2.59907235e+02 -2.13352096e-02 4.84021667e-03 1.89434692e-03 8.17764400e-03 1.98953346e-02 1.15391824e-02
2.62617735e+02 -1.56752755e-04 -1.75743526e-02 5.77948864e-02 1.23428437e-02 2.49126626e-02 1.21301494e-02
2.65305266e+02 -2.42871598e-02 -3.14694113e-02 5.95500235e-02 1.21537428e-02 1.28585404e-02 1.15290313e-02
2.68014674e+02 -4.13713415e-03 2.23408575e-03 5.06367037e-02 4.94653196e-03 1.46301868e-02 1.10693662e-02
