7.07226192e-01 8.53360529e-03 -7.26721792e-03 1.61824986e-02 7.62945672e-03 1.85671632e-02 7.35517498e-03
3.40715244e+00 -1.28873728e-02 3.46219950e-02 4.23332587e-02 9.15634484e-03 1.37601938e-02 1.54660967e-02
6.11797009e+00 8.12860263e-03 -3.35673188e-03 -2.40354300e-02 8.52427717e-03 1.88729153e-02 1.14930779e-02
8.81921040e+00 -6.94744620e-05 1.99273826e-02 1.55836586e-02 1.60308437e-02 2.04950648e-02 8.17991976e-03
1.15150881e+01 1.05643208e-02 7.07781914e-03 5.33531892e-02 7.95388097e-03 1.79897959e-02 1.22437902e-02
1.42160037e+01 2.96458399e-02 4.41764150e-02 3.83578171e-02 5.30356928e-03 1.42502324e-02 5.47433037e-03
1.69074271e+01 -1.35002124e-02 9.33279329e-03 7.06110129e-02 9.11766040e-03 1.35948380e-02 1.16129208e-02
1.96074178e+01 4.06796212e-03 -1.59787694e-02 5.78467034e-02 7.21968692e-03 8.71630660e-03 1.28647986e-02
2.22941318e+01 -7.32350945e-03 8.33770236e-04 6.44168973e-02 1.59267046e-02 9.28359373e-03 1.86553615e-02
2.49946709e+01 -1.22170611e-02 3.52325294e-02 1.85554144e-02 6.11642798e-03 1.15064341e-02 1.95753072e-02
2.76932974e+01 3.29864021e-02 2.01307869e-02 4.12992850e-02 4.34331705e-03 2.69138426e-03 2.36398551e-02
3.03858615e+01 1.63231429e-02 1.68654982e-02 -1.85422038e-02 2.71962897e-03 5.67524870e-03 1.20763303e-02
3.30815459e+01 -1.38451730e-03 3.09083000e-02 -1.74733835e-02 6.56491670e-03 7.74465814e-03 2.31613512e-02
3.57715506e+01 1.50090748e-02 -6.99731205e-03 -5.81781679e-03 2.63594227e-03 1.21244182e-02 2.30767090e-03
3.84700459e+01 1.01357074e-02 -4.67966422e-02 1.36461149e-02 1.08244898e-02 7.85733631e-03 1.64706346e-02
4.11673974e+01 8.16328442e-03 5.15880277e-03 -2.41461763e-02 6.85888466e-03 1.15521309e-02 1.78875450e-02
4.38708052e+01 6.98613907e-03 -2.73264391e-02 -6.60763317e-02 1.03540365e-02 1.34433331e-02 1.40224013e-02
4.65707396e+01 -5.98112199e-03 3.08950994e-02 -8.02152062e-02 5.87240073e-03 1.85420411e-02 3.24824957e-03
4.92678693e+01 1.93067577e-02 -8.31458202e-03 -4.47419464e-04 2.16952347e-02 2.38501840e-02 1.29870827e-02
5.19696881e+01 1.54045630e-02 2.49679996e-03 -2.72460892e-02 1.00439360e-02 1.08786675e-02 8.34463936e-03
5.46725271e+01 3.64196051e-03 -1.74278388e-02 -2.97582084e-02 8.33753590e-03 1.99391107e-02 6.85395244e-03
5.73698084e+01 -8.99140387e-03 3.08887787e-02 -1.40820738e-02 2.56655800e-02 2.03722375e-02 1.33115528e-02
6.00633209e+01 -2.69313877e-02 1.38140988e-02 -3.14383194e-02 5.58898634e-03 2.46291601e-02 7.01306641e-03
6.27621303e+01 -1.95532531e-02 -3.33201068e-03 -3.78452735e-02 1.72384765e-02 2.18274147e-02 1.35338725e-02
6.54613896e+01 -3.22895544e-02 -3.74793095e-02 -5.77204766e-02 5.43780108e-03 2.34752901e-02 1.27112581e-02
6.81528349e+01 -2.92980176e-02 9.44338527e-03 -8.35537695e-02 6.08666691e-03 1.88063343e-02 7.24855793e-03
7.08408537e+01 -2.82515690e-02 2.38134063e-02 -7.79159565e-02 1.10725390e-02 2.11488155e-02 1.46426302e-02
7.35362209e+01 -1.57619388e-02 6.84700762e-04 -9.64010084e-03 1.55670924e-02 2.83682080e-02 1.17339674e-02
7.62455943e+01 -5.57145146e-03 -1.62438996e-03 -4.08687568e-02 1.23211581e-02 2.21994966e-02 8.15999300e-03
7.89449318e+01 -2.55347109e-02 -1.14746431e-02 -6.89191316e-03 1.31471358e-02 2.10665899e-02 1.65750341e-02
8.16545178e+01 2.25378353e-02 9.88057291e-03 -4.03043409e-02 1.46648306e-02 2.14824778e-02 5.02263260e-03
8.43573427e+01 1.71254828e-02 2.10591555e-02 -1.16057460e-02 4.36837630e-03 1.95552014e-02 1.40853842e-02
8.70581646e+01 7.95764381e-04 -2.92343105e-02 -2.49418983e-02 1.31627310e-02 2.01016028e-02 1.01410360e-02
8.97649959e+01 2.61717111e-02 4.52060762e-03 -2.68046206e-02 2.44609509e-03 1.65800791e-02 1.60141274e-02
9.24665724e+01 2.98065429e-02 -8.23329586e-03 -5.47660672e-02 1.35357920e-02 2.20859895e-02 7.67903237e-03
9.51856787e+01 -1.89060440e-03 -7.61500638e-03 -3.40599382e-02 8.76355814e-03 1.92532432e-02 1.07626670e-02
9.78824803e+01 -4.00420954e-03 5.18020244e-02 -6.97348164e-02 1.09173942e-02 2.17452809e-02 9.66847040e-03
1.00593277e+02 -5.36579562e-03 2.68172838e-02 -4.54835402e-02 1.02955182e-02 2.89465696e-02 1.17062721e-02
1.03299762e+02 3.21781559e-03 6.12758658e-02 -6.24283179e-02 7.88837691e-03 2.54635423e-02 1.00662257e-02
1.05992011e+02 -2.84130448e-02 -4.12079058e-02 -7.86874462e-02 1.53718111e-02 2.82537371e-02 4.88440197e-03
1.08688605e+02 -1.66824668e-02 3.70749003e-02 -2.43440166e-02 1.32237220e-02 1.96436499e-02 9.69376614e-03
1.11389793e+02 -2.75344548e-02 -1.61382430e-02 -7.78033846e-02 1.02391495e-02 2.11997836e-02 1.25416944e-02
1.14089402e+02 1.30117412e-03 -1.79280746e-02 -5.89254612e-02 1.34782774e-02 3.25507350e-02 1.02698805e-02
1.16779887e+02 1.22010008e-02 4.72285197e-02 -4.79360437e-02 7.33019040e-03 2.85662165e-02 7.70125656e-03
1.19490293e+02 7.60325188e-03 3.09069549e-02 -6.61542936e-02 1.29037759e-02 1.81925157e-02 1.34655008e-02
1.22202074e+02 2.43925416e-02 2.66769693e-03 -8.50633046e-02 7.51786851e-03 2.02524238e-02 1.18201006e-02
1.24898949e+02 -3.80285558e-03 2.84778732e-02 -5.70097705e-02 1.21270560e-02 1.04328263e-02 1.39639566e-02
1.27598871e+02 -2.32487423e-02 4.24663151e-02 -6.38558581e-02 3.56799571e-03 1.67029625e-02 1.51752118e-02
1.30300402e+02 -5.33522901e-03 9.36837330e-03 -2.65373003e-02 7.32947308e-03 1.80229020e-02 1.25487122e-02
1.32994918e+02 -9.09009766e-03 2.19099999e-02 6.70962642e-03 9.81548283e-03 1.71804257e-02 9.17181039e-03
1.35696496e+02 -2.78887001e-02 -4.54147723e-03 -3.44879538e-02 6.34182343e-03 8.12049524e-03 9.26944071e-03
1.38404121e+02 -1.21690303e-02 -1.83687903e-02 -1.29089988e-02 9.16519826e-03 1.35178524e-02 1.41030428e-02
1.41094511e+02 -8.38342882e-03 -2.51198906e-02 -3.14452933e-03 6.79190131e-03 1.54065662e-02 5.14054531e-03
1.43795168e+02 -2.08337326e-02 -1.31429739e-02 -1.87911653e-02 1.35965166e-02 1.03590385e-02 1.31310419e-02
1.46491715e+02 4.75118671e-02 -7.99986548e-03 1.26155143e-02 4.40411991e-03 2.37303103e-02 1.45349355e-02
1.49184293e+02 1.22930564e-02 3.52377032e-02 2.01371797e-02 8.67137831e-03 2.75126027e-02 2.44277642e-02
1.51887121e+02 -1.22930876e-02 2.67897337e-02 4.59153323e-03 1.15476999e-02 2.85361832e-02 1.79620986e-02
1.54581027e+02 -7.09493377e-02 6.38638523e-04 -1.78239680e-02 7.31227624e-03 2.67284040e-02 1.13161328e-02
1.57288886e+02 -6.22629809e-02 -1.37072568e-02 -2.57678812e-02 1.75986851e-02 2.21530768e-02 1.23642397e-02
1.59978621e+02 -3.45334548e-02 -2.58152926e-03 2.67233689e-02 8.89471145e-03 2.26800568e-02 2.60892650e-02
1.62680121e+02 -7.09569088e-03 1.07933843e-02 3.64454340e-02 2.21134397e-02 2.23475668e-02 1.35086426e-02
1.65387355e+02 2.45214941e-02 2.04674271e-02 -2.23358138e-03 1.18321591e-02 2.28950196e-02 1.44765187e-02
1.68095793e+02 -2.75225299e-02 6.49381692e-02 -2.96900490e-02 1.68477623e-02 1.62870291e-02 1.11136692e-02
1.70792621e+02 -5.31429136e-02 -1.23039930e-02 -2.42934529e-02 1.88866132e-02 2.12833353e-02 2.84959167e-02
1.73492183e+02 -8.23900466e-04 1.72849394e-02 -4.68698069e-02 9.00532677e-03 1.33571652e-02 5.59881568e-03
1.76203168e+02 -3.66262582e-02 -6.27842600e-03 -3.03646777e-02 1.87265834e-02 1.67751791e-02 1.24613617e-02
1.78915246e+02 -4.55582239e-02 6.64343921e-03 -5.31069018e-02 1.13248807e-02 1.37357406e-02 8.50515352e-03
1.81616543e+02 -8.72956748e-03 -1.78577720e-02 -8.07534388e-02 1.25628474e-02 1.14107230e-02 1.09532929e-02
1.84310121e+02 2.08266573e-02 -2.75774619e-03 -4.46218695e-02 1.14631340e-02 1.55665572e-02 1.12950686e-02
1.87008230e+02 -4.04272362e-02 1.01171324e-02 1.79640267e-03 1.61255842e-02 1.70924042e-02 2.14260060e-02
1.89703840e+02 -2.62450038e-02 -1.45077612e-03 3.25438371e-02 1.03679118e-02 2.29809431e-02 1.28084270e-02
1.92403762e+02 -2.19890823e-02 9.89107797e-03 3.59747276e-02 7.39018756e-03 2.53716451e-02 2.15859469e-02
1.95113574e+02 -2.08738552e-02 1.21642718e-02 3.53651565e-03 4.93333118e-03 1.85400047e-02 1.38934292e-02
1.97816668e+02 -8.46175800e-03 -4.16269637e-02 -2.82671247e-03 1.73009296e-02 1.30736625e-02 6.15163482e-03
2.00516496e+02 6.34419344e-03 -2.23540728e-02 -2.06548409e-02 1.29421168e-02 1.50911883e-02 1.26471023e-02
2.03224215e+02 -1.09173326e-02 -3.98297444e-02 -4.13557033e-02 1.36453461e-02 1.19015860e-02 9.60541667e-03
2.05927996e+02 2.93158722e-02 -2.30303733e-02 -2.74291243e-02 1.47764616e-02 1.40853302e-02 8.25578786e-03
2.08629261e+02 4.83459928e-02 4.57480768e-03 3.86595178e-02 8.35445471e-03 1.42173222e-02 1.11977519e-02
2.11340949e+02 3.14795872e-02 4.46274042e-02 3.65740669e-02 1.63823524e-02 1.84463018e-02 1.29848861e-02
2.14046980e+02 -1.64245663e-02 -2.99113183e-03 3.34739555e-02 1.48392042e-02 1.93675101e-02 1.14127112e-02
2.16752308e+02 -1.54809157e-02 4.90384100e-02 1.76587962e-02 1.23613714e-02 2.58290655e-02 9.98288500e-03
2.19452793e+02 -3.58022145e-02 5.76385754e-02 4.18162911e-02 8.73971813e-03 2.10987924e-02 2.48638916e-02
2.22147980e+02 -1.41455654e-02 9.15977016e-03 5.21175014e-02 1.08711697e-02 1.57736885e-02 4.34130844e-03
2.24847136e+02 -4.20278360e-02 -3.41703330e-02 1.33037047e-02 8.89523883e-03 2.16994339e-02 1.28427454e-02
2.27545043e+02 -1.45125194e-02 -5.54583006e-02 2.44614871e-02 5.56491540e-03 1.62391340e-02 1.22446093e-02
2.30240090e+02 -3.84867540e-02 -1.94244988e-03 9.12551628e-03 1.52073302e-02 1.62531027e-02 1.15669443e-02
2.32937902e+02 -7.93268639e-03 -2.04638046e-02 3.34683439e-02 1.03823762e-02 1.98786055e-02 9.64169787e-03
2.35637558e+02 -3.44678051e-02 -1.39508647e-02 2.18037579e-02 1.53840279e-02 2.29627823e-02 1.58842584e-02
2.38341121e+02 -1.51778068e-02 -1.65620081e-03 1.38052654e-02 7.63846420e-03 1.69188117e-02 1.34763072e-02
2.41029058e+02 3.29441245e-02 -2.66595090e-03 3.36177210e-02 6.60301660e-03 1.72833477e-02 7.63053959e-03
2.43747043e+02 -1.82879009e-02 -5.61134124e-03 1.38513885e-02 6.38176358e-03 1.56136285e-02 1.50319897e-02
2.46451871e+02 -2.06871030e-02 4.36859863e-02 2.27742337e-03 1.32880166e-02 2.34337140e-02 1.71954886e-02
2.49140121e+02 2.70540070e-02 -6.93823422e-03 2.62310563e-03 4.59701354e-03 1.97796585e-02 1.42072830e-02
2.51841808e+02 2.54936212e-02 3.94690298e-02 6.47050598e-03 7.24499902e-03 2.14358174e-02 1.28350430e-02
2.54542308e+02 8.92344272e-03 -1.60312141e-02 2.90742678e-02 1.02685597e-02 1.82165510e-02 1.71571936e-02
2.57242840e+02 -2.88005818e-02 5.33381569e-03 1.32615161e-02 9.08881664e-03 3.22760285e-02 1.55799700e-02
2.59950261e+02 -5.50678496e-02 1.75261869e-02 1.14071510e-02 1.20403907e-02 1.48743083e-02 2.03818545e-02
2.62638918e+02 -2.21386061e-02 2.18254108e-02 6.71145805e-02 1.16132084e-02 1.58893974e-02 5.23136405e-03
2.65343730e+02 1.21790253e-02 9.75242187e-03 3.63679889e-02 1.44656737e-02 2.41381234e-02 2.18507089e-02
2.68051841e+02 -3.09145315e-03 2.07585400e-02 4.47502776e-02 1.03056862e-02 2.05966024e-02 1.66240940e-02
