7.06016786e-01 1.66539368e-02 -2.11897567e-02 6.38310471e-02 1.23884894e-02 1.98359905e-02 8.70961338e-03
3.39987754e+00 -2.53113979e-02 -3.26258508e-04 5.15968491e-02 1.25431800e-02 1.74075926e-02 1.50068079e-02
6.10187520e+00 -9.85093198e-03 2.73306206e-02 5.12822513e-02 8.33167764e-03 1.35696357e-02 1.47821948e-02
8.79181223e+00 -1.44663610e-02 4.96992026e-02 5.23397754e-02 1.07066774e-02 1.63363258e-02 1.45732633e-02
1.14964680e+01 -3.32732231e-03 -3.52026917e-03 3.09939113e-02 1.09919943e-02 1.57073261e-02 1.03297672e-02
1.41926477e+01 -3.55679158e-03 3.65707766e-02 2.46121399e-02 6.24052337e-03 1.56867638e-02 2.06355791e-02
1.68926118e+01 -2.75309318e-03 3.08865230e-02 1.48498698e-02 1.00847054e-02 1.18959287e-02 1.41597523e-02
1.95969243e+01 2.43364093e-03 1.62036497e-02 3.57850400e-02 4.71676054e-03 6.79074495e-03 8.24470721e-03
2.22906258e+01 1.25690207e-02 2.81351299e-02 2.48617698e-02 3.50205649e-03 3.04868039e-03 2.05279792e-02
2.49907352e+01 -2.59962156e-03 3.47411459e-02 1.76916485e-02 1.75550547e-03 4.61234329e-03 1.83123544e-02
2.76779055e+01 7.74798250e-03 4.07010970e-02 2.37495797e-02 2.78457308e-03 5.56008093e-03 1.51325896e-02
3.03692571e+01 -2.41516743e-02 -6.21265393e-03 5.17913958e-02 8.60149887e-03 1.25666671e-02 2.88230625e-02
3.30702196e+01 -1.42253114e-02 4.58065304e-02 7.08353848e-03 3.16341094e-03 9.03194735e-03 1.15089720e-02
3.57716977e+01 -8.82207487e-03 3.59489429e-02 -1.34312897e-02 8.83100442e-03 1.22173689e-02 2.05073448e-02
3.84746149e+01 -1.27010923e-02 -3.89719103e-02 -6.20795271e-02 1.11087489e-02 1.80563586e-02 9.87474179e-03
4.11769258e+01 6.77961416e-03 -5.05292200e-02 -3.22269999e-02 6.25128245e-03 1.52092505e-02 8.40482630e-03
4.38625899e+01 -1.62164050e-02 1.03699990e-03 -1.20975732e-02 1.14632717e-02 1.70330409e-02 1.95091824e-02
4.65659164e+01 5.30240312e-03 2.43301393e-02 -3.33252906e-02 6.70620796e-03 1.74605992e-02 1.07963737e-02
4.92616321e+01 -1.22806942e-03 5.97838154e-03 -5.75870957e-02 1.28817730e-02 1.68219750e-02 8.00319392e-03
5.19582071e+01 1.62999293e-02 3.22357791e-02 -1.80225845e-02 9.81093176e-03 1.94099623e-02 2.56446835e-02
5.46476118e+01 6.93523091e-03 5.22072427e-02 -4.19584886e-02 1.27084796e-02 1.82040467e-02 5.16166310e-03
5.73568008e+01 7.31068301e-05 1.07410943e-02 -3.62418289e-02 1.09345614e-02 1.96603170e-02 2.27100309e-02
6.00601321e+01 8.65141362e-03 -3.80282972e-02 -6.04827528e-02 1.07021480e-02 2.59231575e-02 6.67709976e-03
6.27682024e+01 3.04874920e-02 -3.94704090e-03 -2.63469503e-02 9.34663009e-03 1.40332580e-02 2.08131151e-02
6.54756993e+01 3.23159654e-02 -1.87880146e-02 -6.07706082e-02 1.45712188e-02 2.27523513e-02 7.88694705e-03
6.81813805e+01 3.54568550e-02 -3.02551138e-03 -7.53303672e-03 1.34713076e-02 1.87023928e-02 1.64729822e-02
7.08868727e+01 3.06464664e-03 1.35070028e-02 -2.38851194e-02 1.59893556e-02 2.62766326e-02 1.63191376e-02
7.35873883e+01 -2.23993154e-02 3.55758622e-02 -4.21202764e-02 1.46674322e-02 3.54837485e-02 1.80209165e-02
7.62857164e+01 6.94477100e-04 7.51581629e-03 -8.42538601e-02 8.76149048e-03 1.99677392e-02 1.42819378e-02
7.89727758e+01 -2.67463068e-02 1.03595094e-02 -4.72200955e-02 1.04219074e-02 1.70218760e-02 1.35842275e-02
8.16782602e+01 -4.36295379e-03 -9.62512697e-03 -3.40593488e-02 9.73467208e-03 2.46454007e-02 1.35520997e-02
8.43692149e+01 -1.53411065e-02 2.13733724e-02 -6.67108000e-02 1.48611408e-02 2.65966755e-02 1.10700526e-02
8.70555883e+01 -1.35190748e-02 -3.25151550e-02 4.37216026e-03 1.66037651e-02 1.76784750e-02 7.72785627e-03
8.97686118e+01 -1.46874671e-04 -1.95258093e-02 -5.61857048e-02 1.35726407e-02 3.25506077e-02 6.20423718e-03
9.24685243e+01 -1.41671090e-02 -6.52072468e-03 -6.75295033e-03 1.73820940e-02 1.98781626e-02 7.62665614e-03
9.51573711e+01 -3.34828257e-02 2.68478391e-03 -4.15494580e-02 1.39942324e-02 2.52678058e-02 1.40697079e-02
9.78559383e+01 -3.68349907e-02 7.85012304e-03 -1.01901378e-02 1.05416546e-02 1.69672554e-02 9.38986230e-03
1.00559831e+02 7.57935130e-03 -7.32622966e-03 -3.19035608e-02 1.19176725e-02 2.34178361e-02 8.98250511e-03
1.03265456e+02 -3.15732536e-03 3.42128134e-02 -6.30732980e-02 1.62070735e-02 1.84346074e-02 1.66141690e-02
1.05969268e+02 -8.92531875e-03 -4.24108681e-02 4.81908630e-03 1.03214684e-02 1.66263726e-02 2.23525087e-02
1.08665924e+02 -4.69482041e-03 4.14269477e-02 -3.46563944e-02 1.06476444e-02 1.30621394e-02 7.52947526e-03
1.11375596e+02 -1.36124408e-02 2.18099147e-02 -7.82929873e-02 7.77573126e-03 1.54370327e-02 2.15576732e-02
1.14088924e+02 2.19820524e-02 3.26196897e-02 -1.00218622e-01 1.07789353e-02 1.81458255e-02 1.81766768e-02
1.16786346e+02 3.07524688e-03 5.50844265e-02 -7.85764500e-02 1.46436804e-02 2.65809309e-02 5.39803508e-03
1.19495674e+02 2.33286834e-02 5.23130945e-02 -7.63513038e-02 1.29297802e-02 1.88791591e-02 7.99677264e-03
1.22193659e+02 -1.12721457e-03 3.25015819e-02 -7.65577785e-02 6.84497931e-03 1.57747118e-02 7.49641424e-03
1.24896659e+02 2.70532406e-03 3.41599958e-02 -4.16608669e-02 1.01322804e-02 1.32713203e-02 2.44412234e-02
1.27598518e+02 2.00819056e-02 2.58859487e-02 -4.12813688e-02 1.12409698e-02 1.73699190e-02 7.23473068e-03
1.30305440e+02 2.12793322e-02 -1.88571437e-02 -5.82936033e-02 3.91933667e-03 1.67081524e-02 3.99608583e-03
1.33010643e+02 2.81993838e-03 -2.55285586e-02 -3.23526338e-02 9.05452475e-03 2.28530023e-02 1.74465143e-02
1.35710362e+02 3.72771708e-03 -4.87599436e-03 -2.71017668e-03 9.80080023e-03 1.92464518e-02 1.45931633e-02
1.38409377e+02 3.18520658e-02 2.99818262e-02 -1.13572127e-02 7.09060982e-03 1.11512729e-02 1.83146301e-02
1.41107565e+02 3.30565640e-03 -2.21218400e-02 -2.44744658e-02 8.74574180e-03 2.07080702e-02 1.65183553e-02
1.43814581e+02 1.83662186e-02 -2.19251812e-02 -1.69778136e-02 6.17496063e-03 1.77068942e-02 1.50908705e-02
1.46507206e+02 6.50577512e-02 -3.48269302e-04 1.73151756e-02 1.41693234e-02 2.69419042e-02 9.54585776e-03
1.49209190e+02 2.95366675e-02 8.12430498e-03 1.65246508e-02 4.14290903e-03 3.19410822e-02 1.58345212e-02
1.51904815e+02 8.87991273e-03 2.70955072e-02 6.55732741e-02 1.02863758e-02 2.56579832e-02 1.84920286e-02
1.54606440e+02 -1.71857260e-02 3.52429004e-02 -8.10243280e-03 3.23388307e-03 3.21899197e-02 1.87918157e-02
1.57305424e+02 -5.38085561e-02 1.04623070e-03 -1.79154462e-02 6.51242153e-03 2.50175539e-02 2.53155274e-02
1.60002721e+02 -6.62886406e-02 -3.63935314e-02 -3.41677006e-03 7.12336250e-03 2.08704479e-02 2.42713294e-02
1.62702971e+02 -4.78508187e-02 1.26724335e-02 -2.82140979e-03 1.86189494e-02 2.68309986e-02 1.51762617e-02
1.65405971e+02 -6.92120503e-02 1.97892951e-02 -2.32763604e-02 1.72648339e-02 2.46418704e-02 1.39215722e-02
1.68108862e+02 -2.04637082e-02 2.18424446e-03 -1.30504226e-03 8.80785105e-03 1.56639095e-02 4.90990817e-03
1.70803112e+02 -2.41114315e-03 -2.39777483e-02 2.28027270e-02 1.72525390e-02 2.26235510e-02 1.35269521e-02
1.73499409e+02 -5.37057125e-03 2.38840957e-02 1.94393817e-02 1.06617708e-02 2.14907568e-02 1.70307921e-02
1.76204893e+02 -1.08966649e-02 -1.40673737e-02 -2.24280203e-02 9.69571000e-03 2.27759132e-02 6.51365674e-03
1.78907877e+02 -3.82176472e-02 -2.93607681e-02 5.94321392e-03 9.68105423e-03 2.23075423e-02 1.95132817e-02
1.81611456e+02 -3.87301834e-02 9.67454262e-03 3.60730252e-02 1.33009634e-02 2.08915338e-02 1.74425363e-02
1.84317596e+02 1.64349158e-02 1.17061825e-02 -2.11812902e-03 9.50026104e-03 2.61211415e-02 1.06239566e-02
1.87016456e+02 2.82617247e-02 4.75148086e-03 -3.50406531e-02 2.29199807e-02 2.28752975e-02 1.64293613e-02
1.89714706e+02 2.15250019e-02 -1.76733938e-02 -1.16573463e-02 1.72985169e-02 1.48504801e-02 1.12352002e-02
1.92411206e+02 2.62716776e-02 -2.51112504e-02 1.27891033e-03 1.09940406e-02 2.05129036e-02 1.15966289e-02
1.95114659e+02 -1.79447399e-02 -1.03939038e-02 4.19530289e-02 7.53235223e-03 2.46705794e-02 7.86378371e-03
1.97822393e+02 -1.13859034e-02 -9.05834377e-02 2.56033849e-02 1.11080199e-02 1.97506801e-02 1.87819726e-02
2.00520768e+02 -1.23853072e-02 2.11434376e-02 2.00371464e-02 9.19938514e-03 2.51754011e-02 6.92058794e-03
2.03221002e+02 -1.49717608e-02 1.77405910e-02 -2.71518633e-02 1.26398198e-02 2.61329503e-02 1.56133843e-02
2.05918065e+02 -3.17784744e-02 -3.96673268e-02 -7.03292490e-04 1.12472517e-02 2.14305841e-02 2.23740213e-02
2.08611112e+02 -4.73394590e-03 -2.18760493e-02 1.22435337e-02 1.57644847e-02 1.07269954e-02 4.16744276e-03
2.11305034e+02 -2.06025627e-02 5.49416095e-02 2.40372199e-02 1.01881075e-02 1.90812125e-02 1.16925433e-02
2.14011096e+02 9.91937585e-03 4.86170213e-02 4.05801187e-02 1.14548898e-02 1.49199823e-02 7.11657458e-03
2.16712596e+02 -8.11815920e-02 3.76739466e-02 6.43907222e-02 7.81416954e-03 1.13385175e-02 4.41318302e-03
2.19423893e+02 -4.27984668e-02 3.67958547e-02 5.04653095e-02 1.27870218e-02 1.48600865e-02 1.57028423e-02
2.22124424e+02 -2.33978996e-02 2.48028822e-02 -8.10819905e-03 1.38606203e-02 1.62918101e-02 8.88278852e-03
2.24823237e+02 1.22516404e-02 -1.21450319e-02 -4.85732436e-03 1.54861772e-02 2.07999783e-02 1.24531852e-02
2.27532377e+02 -6.44003083e-02 -3.92490968e-02 2.18077173e-02 1.06229680e-02 1.38671402e-02 9.66375777e-03
2.30235127e+02 -1.22891720e-02 -5.77116680e-02 -8.08519547e-03 1.77336336e-02 2.44577936e-02 1.89526192e-02
2.32943440e+02 -4.19405187e-02 -6.17475658e-03 -2.40861302e-02 8.92120245e-03 1.73095601e-02 1.18349998e-02
2.35644674e+02 5.20874384e-02 -1.83696228e-02 1.50393311e-02 1.92610896e-02 1.77864688e-02 1.53965922e-02
2.38356284e+02 3.60897954e-03 3.11772961e-03 2.17737271e-03 1.07041329e-02 1.93106515e-02 1.95440647e-02
2.41061081e+02 -4.24399191e-02 -2.03724813e-02 2.04437484e-02 2.08253506e-02 1.46583510e-02 1.33956792e-02
2.43746565e+02 -4.37137207e-02 1.23794777e-02 3.22204736e-02 1.51291952e-02 1.86409662e-02 9.80364808e-03
2.46445159e+02 -2.10895816e-02 1.29299841e-02 1.30259068e-03 1.09267036e-02 1.78579400e-02 1.37361604e-02
2.49149159e+02 9.18018814e-03 -9.99965677e-03 -2.40491851e-02 1.75877090e-02 1.74929811e-02 1.02100232e-02
2.51851159e+02 2.32051784e-02 1.09249713e-03 2.47646953e-02 1.39200214e-02 1.28564513e-02 7.81691950e-03
2.54560424e+02 4.67118122e-03 -1.66150218e-02 3.51227047e-02 1.61765991e-02 1.57512050e-02 1.31667802e-02
2.57264987e+02 -1.31507945e-02 -2.07862574e-02 3.51099244e-02 6.93695522e-03 1.70669712e-02 8.76014155e-03
2.59967159e+02 1.66577756e-02 -4.20494738e-03 -2.94887018e-02 1.31434715e-02 2.39601346e-02 7.48080008e-03
2.62662877e+02 -1.24258564e-02 -1.95480179e-03 -2.76466838e-03 5.64386993e-03 1.57172786e-02 2.75317601e-02
2.65367752e+02 -6.39529987e-03 1.11217881e-02 4.74344175e-02 5.91757839e-03 2.33994810e-02 9.85417153e-03
2.68055850e+02 2.58584053e-03 -1.82484383e-02 1.30374703e-02 1.46112379e-02 2.15085080e-02 1.42013378e-02
