6.94368718e-01 1.60814844e-02 -2.60426602e-02 6.37542335e-02 3.40127800e-03 1.01347136e-02 2.98604590e-03
3.41028791e+00 1.30248809e-02 -2.83524043e-02 6.93459443e-02 4.97369165e-03 5.52426752e-03 2.26209577e-03
6.12281993e+00 -5.69708431e-04 -1.57636156e-02 4.93839840e-02 5.33472787e-03 4.81252311e-03 2.80220935e-03
8.83149806e+00 -2.97103634e-02 2.08725454e-02 2.44503800e-02 1.07076759e-03 7.73122943e-03 2.95214469e-03
1.15427179e+01 -2.84067278e-02 5.90229139e-02 1.61971266e-02 3.09811533e-03 5.06740026e-03 6.58989811e-03
1.42545382e+01 -5.43823063e-03 9.57764376e-02 4.11371398e-02 3.49941083e-03 4.04600769e-03 2.08131626e-03
1.69667507e+01 -1.39117014e-02 7.77334540e-02 -7.36162818e-02 8.86128985e-04 2.53593778e-03 4.72556414e-03
1.96835320e+01 5.55635454e-03 4.22297239e-02 -1.11980216e-01 2.20955437e-03 3.37228836e-03 1.78040862e-03
2.23994695e+01 -1.35335446e-02 1.54537805e-02 -4.54341172e-02 4.86491878e-03 4.49359873e-03 7.15729429e-03
2.51180820e+01 -1.73583378e-02 7.60882325e-03 -9.98033157e-03 4.67256652e-03 4.09260298e-03 2.20571460e-03
2.78281023e+01 1.00745621e-02 -2.46378933e-03 -9.83388221e-03 3.32739266e-03 1.54022038e-03 3.07863649e-03
3.05455382e+01 5.07589760e-03 9.27284111e-03 -1.79235513e-02 1.67734650e-03 4.14932387e-03 4.56007896e-03
3.32622085e+01 -1.21579680e-02 1.80093049e-02 -8.92269530e-03 1.63128781e-03 4.17010167e-03 3.07837255e-03
3.59765460e+01 1.16810473e-02 2.15457270e-03 -5.33049646e-03 3.60177131e-03 8.70423889e-03 5.50824903e-03
3.87003288e+01 -1.86805120e-02 3.06219633e-02 5.16767592e-02 1.42001114e-03 5.83107569e-03 9.98920447e-03
4.14091429e+01 2.31466781e-02 -2.38872766e-02 7.26581770e-03 3.75763307e-03 4.29250557e-03 8.23834913e-03
4.41211257e+01 4.06400259e-02 -3.72096474e-02 -7.66371940e-03 2.88458427e-03 4.76759158e-03 1.06304934e-03
4.68346210e+01 1.37226780e-02 -1.16395275e-03 -5.86820185e-03 4.94137193e-03 2.73901330e-03 4.17071094e-03
4.95566023e+01 -2.25126336e-02 3.90024220e-02 -5.74023845e-02 3.17461979e-03 7.19112554e-03 5.43323806e-03
5.22648913e+01 -1.88212825e-02 5.24330049e-02 -4.88023261e-02 1.99310154e-03 7.80975369e-03 6.57980869e-03
5.49791773e+01 1.46804432e-02 3.07211988e-02 -1.16060431e-01 2.41464635e-03 2.71738336e-03 9.36366954e-03
5.77003351e+01 7.17101654e-03 3.07804986e-02 -5.76619771e-02 5.50280079e-03 2.76652378e-03 9.62203160e-03
6.04192351e+01 1.70614275e-02 1.85653141e-03 -5.72820352e-02 5.95760362e-03 3.99168531e-03 3.16158556e-03
6.31433820e+01 -3.52968808e-03 2.40111827e-03 -2.55913643e-02 2.16984856e-03 2.28706052e-03 4.46580521e-03
6.58658507e+01 1.27555869e-02 -2.37340651e-02 -8.56519804e-02 1.05831056e-03 4.64318939e-03 4.22825547e-03
6.85781132e+01 -1.33471225e-02 -3.52059182e-02 -4.98970862e-02 1.83378208e-03 2.31152785e-03 5.85839334e-03
7.12970742e+01 8.49415953e-03 -2.76280136e-02 -2.09524454e-02 5.90475754e-03 3.19142448e-03 1.50082448e-02
7.40193804e+01 2.81855597e-02 -8.34890414e-03 2.62487845e-02 1.04007101e-02 1.11816407e-02 7.57444224e-03
7.67293585e+01 2.28513182e-02 -4.14752321e-02 1.66825656e-02 4.25999870e-03 1.03819000e-03 4.24812364e-03
7.94531288e+01 1.95421955e-02 -3.75396168e-02 -3.44126759e-04 2.77402608e-03 4.02096405e-03 4.35618600e-03
8.21738101e+01 2.89986193e-02 -7.56389173e-03 -6.90968083e-02 2.29202218e-03 5.59853419e-03 3.81752843e-03
8.48891742e+01 5.25471465e-02 -2.18808630e-02 -4.65758704e-02 4.79159071e-03 8.81709815e-03 1.52399901e-03
8.76114804e+01 3.63201463e-02 -3.64238216e-02 2.97424543e-02 1.72983406e-03 3.57401808e-03 6.00290714e-03
9.03278054e+01 -2.18783106e-02 -6.65765584e-03 2.02167970e-02 3.92896516e-03 2.15813052e-03 2.61729280e-03
9.30374835e+01 -1.14682170e-02 -1.74305567e-02 -2.46821766e-02 3.71704069e-03 3.01266707e-03 2.38379045e-03
9.57582648e+01 -4.41860656e-03 2.95121190e-02 -1.94994664e-03 1.85243057e-03 7.72874587e-03 3.06238179e-03
9.84700585e+01 3.65522318e-02 5.53419578e-02 -3.87424869e-02 1.79100091e-03 4.94028434e-03 1.30987937e-03
1.01185980e+02 -1.33860860e-02 5.79345197e-02 -2.78286170e-02 2.09421934e-03 5.01129095e-03 1.01623666e-02
1.03899996e+02 -4.50160220e-02 7.90090791e-02 4.31372886e-02 4.60862787e-03 6.42853708e-03 2.56715522e-03
1.06618637e+02 -3.36543821e-02 2.07010044e-02 -3.96333519e-03 3.50456086e-03 7.32456463e-03 1.54370704e-03
1.09332684e+02 -2.58380747e-03 -2.30893672e-03 7.87498269e-02 4.01887527e-03 1.18688318e-03 3.68838691e-03
1.12052105e+02 2.44622090e-02 2.48399151e-02 5.90115255e-02 4.66735290e-03 1.77343988e-03 3.81160754e-03
1.14759590e+02 7.97112468e-03 -2.44804442e-02 6.33351107e-03 2.90660284e-03 2.40122633e-03 4.72476966e-03
1.17476027e+02 3.33898283e-02 -1.72419738e-02 2.47226532e-02 3.17837503e-03 2.93273210e-03 2.37406738e-03
1.20193980e+02 2.38767892e-02 1.34945676e-02 -5.40828922e-02 3.15665182e-03 7.80829387e-03 3.43627719e-03
1.22908449e+02 -3.83736188e-02 4.53675196e-02 3.76859384e-02 7.16098785e-03 8.99815387e-03 8.46909003e-03
1.25630777e+02 -5.96938905e-02 6.10960343e-02 -9.51257830e-03 5.33475497e-03 7.05312191e-03 3.42521284e-03
1.28341949e+02 -1.12528967e-02 3.77843006e-02 -5.10236591e-02 1.77559710e-03 3.15425073e-03 1.57486676e-03
1.31056543e+02 -3.63716464e-02 2.86143204e-02 -1.20865153e-02 4.91952392e-03 2.84424610e-03 1.33570951e-03
1.33771496e+02 -1.15622210e-02 2.20539435e-02 1.55633984e-02 6.93419733e-03 5.99522903e-03 2.11545673e-03
1.36487137e+02 -2.93942586e-02 4.02914282e-02 -2.17654533e-03 5.09021110e-03 4.01592414e-03 4.74208817e-03
1.39205402e+02 -6.08130046e-02 3.69714416e-02 8.02425207e-03 2.13793405e-03 3.77309255e-03 2.37194958e-03
1.41922980e+02 -3.12265532e-02 2.69613217e-02 -2.43924499e-02 1.72177616e-03 3.29028502e-03 4.75259842e-03
1.44628746e+02 1.31571873e-02 5.80327672e-03 -8.08984835e-03 3.66305214e-03 5.77492501e-03 2.18361144e-03
1.47338809e+02 7.14344998e-02 7.61390472e-03 -4.13081917e-02 3.35383003e-03 3.87046479e-03 2.35434437e-03
1.50061105e+02 -2.19429099e-04 -1.72168041e-02 -5.50581420e-02 3.63513441e-03 4.00597800e-03 3.98570573e-03
1.52774840e+02 -1.30041253e-02 -2.04539844e-02 2.19751979e-02 3.69997269e-03 2.41262366e-03 6.77565454e-03
1.55493871e+02 -2.26172731e-02 2.81120267e-02 6.37655899e-02 1.04660309e-02 3.88555297e-03 4.73781348e-03
1.58208637e+02 -3.80958370e-02 1.26436982e-02 8.06348924e-02 7.45300151e-03 4.56557625e-03 3.21388040e-03
1.60909965e+02 -1.16825965e-02 8.94209175e-03 6.19069111e-02 5.12512544e-03 3.51478435e-03 3.22345941e-03
1.63631684e+02 -9.46538229e-02 1.96231960e-03 -3.04525461e-03 4.37552094e-03 6.57571884e-03 1.07339380e-02
1.66342527e+02 -4.73814169e-02 1.99414724e-02 2.99700382e-02 3.55117700e-03 4.70722209e-03 1.67523424e-03
1.69058152e+02 3.72821880e-02 4.85814386e-02 7.24832240e-03 3.09248662e-03 8.46975797e-03 2.87110049e-03
1.71770965e+02 6.13583057e-02 2.74340637e-02 1.71083656e-02 9.73814872e-03 5.06864242e-03 3.40546944e-03
1.74489324e+02 2.92652471e-02 2.31865337e-03 3.51631812e-02 4.06387706e-03 5.31443371e-03 9.57931795e-03
1.77207777e+02 3.90064815e-02 -2.62019529e-02 -8.99009624e-02 5.03669133e-03 2.22056953e-03 2.93403720e-03
1.79918262e+02 3.22264902e-02 -3.83149043e-02 -5.26734782e-02 2.25228293e-03 7.78843563e-03 4.00439438e-03
1.82637480e+02 2.83125247e-03 -6.38078319e-02 -6.82876500e-02 4.44420268e-03 4.59873448e-03 2.15816023e-03
1.85361965e+02 1.97775432e-02 -4.77363746e-02 -7.55759642e-02 6.34675589e-03 7.35409018e-04 3.10640268e-03
1.88079309e+02 3.20949123e-02 -4.55200623e-02 -5.40629382e-02 3.77713034e-03 5.25535582e-03 6.98515815e-03
1.90803168e+02 -1.92999717e-02 -4.71811587e-02 -3.04050571e-02 7.01603630e-03 3.82442834e-03 3.41463435e-03
1.93518684e+02 -2.03256508e-02 -7.18148482e-02 1.83528713e-02 6.30093413e-03 6.38122957e-03 4.22980710e-03
1.96234980e+02 1.98727333e-03 -2.75457203e-02 -3.85243399e-02 5.45309019e-03 6.15670651e-03 3.11556449e-03
1.98958559e+02 -5.59380270e-02 2.14825781e-02 1.05269061e-03 1.21641278e-02 2.96064371e-03 1.10810770e-02
2.01673199e+02 -3.29162136e-02 1.12089464e-02 -8.21625290e-02 7.83542593e-03 5.24713551e-03 2.29740875e-03
2.04382699e+02 -1.95598333e-02 -2.68342559e-02 -5.99230127e-02 9.57015323e-03 9.97032380e-03 5.02565906e-03
2.07103980e+02 -6.91510303e-02 -2.92667409e-02 -4.59951749e-02 1.10479918e-02 5.40387513e-03 8.86844187e-04
2.09823543e+02 -5.01603284e-02 -4.47339360e-02 -6.68770438e-02 4.86940217e-03 1.10146876e-03 9.47768329e-04
2.12549043e+02 9.42664719e-03 -9.08356640e-03 -7.83873426e-03 1.03558333e-03 8.47520849e-04 4.31403454e-03
2.15267012e+02 6.29110351e-02 1.53911629e-02 -3.21502880e-02 2.12027550e-03 2.43199678e-03 3.53204923e-03
2.17991387e+02 3.71568334e-02 2.14900064e-02 -3.38250163e-02 3.19918454e-03 3.74061474e-03 7.18114484e-03
2.20711309e+02 -6.95944121e-04 1.95650428e-02 4.99223712e-02 4.87342203e-03 3.31955712e-03 3.59845250e-03
2.23424230e+02 -1.34626631e-02 5.76627011e-03 1.87469907e-02 1.99387614e-03 3.68005094e-03 1.14338215e-03
2.26129902e+02 2.31609805e-02 -8.07140124e-03 2.24680409e-02 2.86653383e-03 2.53478264e-03 1.94667293e-03
2.28848715e+02 3.49929015e-02 -2.28969489e-02 -3.95291822e-02 3.01327438e-03 5.28360070e-03 2.26370482e-03
2.31561621e+02 3.25381900e-02 -3.97081425e-03 -2.77561912e-02 5.48954453e-03 1.11977670e-03 1.59002162e-03
2.34278027e+02 3.36091111e-03 2.09650666e-02 -6.21352036e-02 1.30506985e-03 3.89169038e-03 2.36224251e-03
2.36993793e+02 -3.36923359e-02 8.86647125e-03 -1.43354961e-02 3.27302698e-03 3.79012919e-03 1.02677202e-02
2.39716918e+02 -3.54632958e-02 -1.30302594e-02 -2.33360264e-02 3.61524127e-03 2.38540246e-03 8.61434109e-04
2.42432496e+02 -5.18263214e-03 -1.80056902e-02 2.06703232e-02 6.20460286e-03 3.98308806e-03 7.17585286e-03
2.45149527e+02 -2.07185390e-02 -3.93223865e-02 -2.27207798e-02 1.86555574e-03 3.87932361e-03 4.31109711e-03
2.47859949e+02 1.53538010e-02 -1.81934814e-02 -3.91916192e-03 5.40390648e-03 1.87333447e-03 5.45567553e-03
2.50571246e+02 3.79207556e-02 -5.15953983e-02 5.18150831e-02 4.60788342e-03 2.21877196e-03 1.13033965e-02
2.53278090e+02 8.08198851e-02 1.09151180e-02 1.66197210e-02 3.58679861e-03 5.35659333e-03 1.50131627e-03
2.55988605e+02 7.82513300e-02 3.07534332e-02 9.75614471e-03 8.73280925e-03 3.42051306e-03 5.33039406e-03
2.58709762e+02 1.62169521e-02 8.16224413e-03 4.12372321e-03 2.21160522e-03 4.79185652e-03 3.61644806e-04
2.61422480e+02 3.31191286e-02 3.26634812e-03 -4.65018988e-02 6.48120298e-03 5.99956551e-03 3.95449106e-03
2.64141402e+02 1.78366518e-02 -7.22473342e-03 3.11997839e-03 5.05697258e-03 3.92033990e-03 3.77626446e-03
2.66862590e+02 1.39439366e-03 -4.63438168e-02 -1.32940465e-02 5.00334087e-03 6.15036742e-03 4.94103841e-03
2.69587532e+02 -6.65952802e-03 -4.27312239e-02 4.77066789e-03 7.41188534e-03 8.70351371e-03 5.75246777e-03
