6.63787979e-01 7.60493623e-02 8.58040779e-03 -3.37600413e-02 4.10583470e-05 1.02561973e-04 1.68929419e-04
3.36178516e+00 6.99002434e-02 2.62952755e-03 -4.16033412e-02 5.53067012e-05 7.33479077e-05 6.05488484e-05
6.06465500e+00 6.82581022e-02 3.37762314e-03 -4.54377790e-02 8.12851473e-05 4.33194089e-05 5.74697708e-05
8.75740750e+00 6.80357178e-02 -3.74990965e-03 -4.78819570e-02 6.00442862e-05 1.69713206e-04 6.26534746e-05
1.14581184e+01 6.14336058e-02 -4.85665144e-03 -4.69377965e-02 6.05121997e-05 1.39203822e-04 2.98290536e-04
1.41658278e+01 5.64161131e-02 -9.41684889e-03 -3.56915659e-02 8.38119135e-05 3.59698407e-04 4.53946507e-05
1.68847341e+01 6.10336944e-02 -7.90330698e-03 -3.59812363e-02 9.62385688e-05 1.19096689e-04 1.14410141e-04
1.95889434e+01 7.04285659e-02 -1.30995077e-02 -3.33292238e-02 5.56218651e-05 2.98073289e-04 1.21626553e-04
2.22799122e+01 7.43393276e-02 -4.30794472e-03 -3.82017744e-02 6.91382998e-05 3.60524203e-04 1.21085688e-04
2.49862075e+01 8.02173930e-02 -1.47169883e-03 -4.64613773e-02 8.34995383e-05 4.03426855e-04 2.42968087e-04
2.76873231e+01 7.26745499e-02 7.70254237e-04 -5.12276109e-02 6.07454679e-05 5.39536095e-04 3.93570441e-05
3.03945856e+01 6.46063736e-02 3.01538654e-03 -5.19135066e-02 1.33186922e-04 7.82961154e-05 8.31349489e-05
3.31069294e+01 6.31982483e-02 4.59662575e-03 -5.98383277e-02 9.39107645e-05 1.91137015e-04 9.83295328e-05
3.58025872e+01 5.52483856e-02 7.58189090e-03 -5.47233381e-02 6.16738355e-05 4.62257790e-04 2.12880546e-04
3.85061981e+01 5.85089903e-02 4.52478644e-03 -4.49375135e-02 2.40243911e-04 4.52281522e-04 1.59647435e-04
4.12025184e+01 5.36289928e-02 -7.66842461e-04 -4.67165369e-02 1.10676885e-04 5.53148574e-04 9.16475122e-05
4.38980763e+01 5.55041915e-02 -1.77408107e-03 -4.47535776e-02 1.23551641e-04 6.64761594e-04 1.35785030e-04
4.65911341e+01 5.96075863e-02 -1.87249097e-03 -5.85404891e-02 1.17735873e-04 4.83686818e-04 8.90266181e-05
4.92928700e+01 6.46169327e-02 5.09887503e-03 -5.92334443e-02 7.50883933e-05 2.65172176e-04 6.18676512e-05
5.19870075e+01 6.98367272e-02 -4.21507153e-03 -5.44273640e-02 2.16293776e-04 1.48243214e-04 1.94986431e-04
5.46933794e+01 6.76941453e-02 -9.14438591e-05 -4.48470619e-02 1.30187848e-04 6.29352807e-05 6.51646342e-05
5.73954356e+01 6.09393073e-02 -5.74376584e-03 -5.37281877e-02 9.71080188e-05 2.20224324e-04 5.76294262e-05
6.00922263e+01 5.73988552e-02 1.70308036e-04 -4.04183270e-02 5.24858494e-05 2.02736875e-04 1.88540299e-04
6.27858263e+01 6.00931781e-02 -6.72115997e-03 -3.72190180e-02 1.94087193e-04 1.33407279e-04 7.68929541e-05
6.54866888e+01 6.20200616e-02 4.64441856e-04 -6.17328381e-02 2.43292234e-04 6.44466391e-05 1.29412131e-04
6.81915606e+01 5.57118171e-02 -8.15266975e-04 -7.21524297e-02 4.45250418e-05 8.75426094e-05 6.38631985e-05
7.08903153e+01 5.68551134e-02 -1.84973796e-04 -7.53729251e-02 2.51687132e-04 1.51520938e-04 7.55440009e-05
7.35945200e+01 5.57600039e-02 -2.81260490e-03 -6.90717631e-02 1.19183107e-04 6.55600401e-05 1.53673573e-04
7.62863028e+01 5.45427839e-02 1.95169272e-03 -7.03789547e-02 1.13988281e-04 4.43376570e-04 8.06537667e-05
7.89982200e+01 4.84253707e-02 5.62662326e-03 -5.75040669e-02 1.79283659e-04 9.41480035e-05 4.92833536e-05
8.17033481e+01 4.83473515e-02 -2.01901179e-03 -5.83147091e-02 2.03706272e-04 2.04802408e-04 7.48455927e-05
8.43993403e+01 4.87503744e-02 -1.08198648e-02 -5.93474327e-02 1.32950654e-04 2.33927675e-04 2.17058689e-04
8.71005747e+01 5.30471528e-02 -1.30303852e-02 -6.10669737e-02 1.29249647e-04 6.48553063e-05 7.27524529e-05
8.98106825e+01 5.67394955e-02 -1.65111439e-02 -6.11052383e-02 2.16069535e-04 8.54437194e-05 1.38043615e-04
9.25165466e+01 6.30671127e-02 -1.54012006e-02 -5.15049829e-02 1.31136334e-04 1.84738691e-04 2.26568530e-05
9.52200325e+01 6.25385885e-02 -8.14120705e-03 -6.24514033e-02 8.09558891e-05 4.25413329e-05 1.30830066e-04
9.79303169e+01 5.91433452e-02 -2.40151310e-03 -6.13047590e-02 1.52034194e-04 8.27302330e-05 2.58144850e-04
1.00632875e+02 4.86460448e-02 4.00695114e-03 -6.46751950e-02 2.48148475e-04 4.62474390e-04 1.02372125e-04
1.03333547e+02 3.46912207e-02 1.89214706e-03 -7.01725099e-02 1.50594365e-04 2.97619160e-04 1.42338516e-04
1.06037078e+02 3.34519825e-02 -1.68221584e-03 -7.43818545e-02 9.24654355e-05 4.97028013e-04 7.00851912e-05
1.08743297e+02 5.35222808e-02 -4.50812653e-03 -7.00833049e-02 1.39752735e-04 3.88470481e-04 1.79355604e-04
1.11452453e+02 6.09093080e-02 -9.49765119e-03 -6.25325171e-02 1.56100481e-04 2.95753672e-04 9.89645282e-05
1.14140968e+02 6.75673374e-02 -5.74342481e-03 -5.90429293e-02 1.55900812e-04 1.21384236e-04 2.16033565e-04
1.16837609e+02 6.35994688e-02 -8.28845924e-03 -6.16513726e-02 1.07913193e-04 3.12595027e-05 2.79766769e-04
1.19530390e+02 6.87394185e-02 -3.72601405e-03 -5.21094846e-02 5.29515230e-05 2.17173290e-04 1.41887516e-04
1.22216531e+02 7.04630588e-02 -1.08787630e-04 -3.80736076e-02 1.85675696e-04 4.66338415e-04 6.06667234e-05
1.24923515e+02 6.85075466e-02 -7.04029419e-03 -2.62201897e-02 7.29957278e-05 2.90859125e-04 1.71742290e-04
1.27621156e+02 6.76894433e-02 -7.85020163e-03 -2.22753319e-03 4.07104728e-04 2.43551602e-04 1.40193433e-04
1.30311547e+02 7.49778737e-02 -8.46218327e-03 1.49404167e-02 5.17969726e-05 1.83412966e-04 2.65461960e-04
1.32994531e+02 6.67521378e-02 -7.12655211e-03 2.21695429e-02 1.36117838e-04 3.94183439e-04 3.38739706e-05
1.35691922e+02 7.13943246e-02 -3.67819445e-03 2.96658294e-02 5.66160929e-05 2.79657627e-04 1.25216175e-04
1.38386359e+02 6.74420330e-02 3.24667886e-03 3.79840327e-02 3.41371982e-05 2.09935076e-04 1.48535454e-04
1.41103562e+02 6.09862807e-02 2.88758723e-03 4.78703722e-02 1.36303579e-04 1.74621233e-04 9.92197613e-05
1.43799937e+02 6.46154104e-02 -1.61458598e-03 5.43598464e-02 1.11078623e-04 1.97609746e-04 1.92942284e-04
1.46504562e+02 6.71493735e-02 -3.09175349e-03 5.41502935e-02 9.44128716e-05 2.23861788e-04 1.46963285e-04
1.49206984e+02 7.10479251e-02 -6.78485642e-03 4.70404939e-02 2.51462330e-04 6.41114232e-05 2.65441199e-04
1.51899968e+02 6.86966525e-02 1.74095948e-03 4.15972891e-02 8.29441424e-05 2.11310767e-04 2.52679497e-04
1.54599500e+02 6.94560276e-02 -5.48190933e-03 3.86314694e-02 1.25949539e-04 6.55499914e-04 1.60707557e-04
1.57294062e+02 6.92449599e-02 -3.89050596e-03 3.86688575e-02 5.13697969e-05 9.38879872e-04 6.27647272e-05
1.60011640e+02 6.07555853e-02 4.76272982e-05 5.04634829e-02 9.22797674e-05 9.36857075e-04 1.51421003e-04
1.62711500e+02 6.10797110e-02 1.98482849e-03 5.88330550e-02 2.07120028e-04 4.84994482e-04 1.74661896e-04
1.65407875e+02 4.97305047e-02 -1.74219929e-03 6.76571899e-02 8.83909628e-05 5.25263843e-04 9.82808105e-05
1.68101984e+02 4.67850030e-02 -8.73960344e-03 5.99951292e-02 8.77136302e-05 4.64165053e-04 2.86184526e-04
1.70799703e+02 5.88991865e-02 -1.08911710e-02 6.34230424e-02 9.17577489e-05 5.22973324e-04 5.59269307e-05
1.73509922e+02 6.16680704e-02 -7.65145854e-03 4.74989150e-02 1.91523743e-04 2.31078764e-04 1.16063126e-04
1.76216640e+02 6.19434741e-02 -1.64842061e-02 5.00025145e-02 1.05345653e-04 3.84673082e-04 1.72266770e-04
1.78924093e+02 5.66899805e-02 -2.22267283e-02 4.96526496e-02 3.42610860e-04 3.88208979e-04 1.70707984e-04
1.81634453e+02 6.25020861e-02 -1.80348988e-02 4.03784577e-02 8.00315931e-05 1.92912121e-04 2.72965461e-04
1.84324859e+02 6.18386814e-02 -1.35614151e-02 3.91893293e-02 6.48630925e-05 1.91718950e-04 1.86786700e-04
1.87020359e+02 6.50071414e-02 -1.16102293e-02 3.72439303e-02 3.69581333e-05 3.05702045e-04 4.53091640e-05
1.89712687e+02 6.72434975e-02 -2.00148016e-03 4.17068547e-02 2.03884543e-04 4.85600640e-04 3.82392287e-05
1.92410687e+02 5.73328737e-02 -3.73215510e-03 4.24230841e-02 8.42351561e-05 2.97274177e-04 1.83381855e-04
1.95115437e+02 5.46194116e-02 -1.78598280e-03 4.56989920e-02 2.45482437e-04 2.39904922e-04 1.11371280e-04
1.97814093e+02 6.35922673e-02 7.05409973e-03 5.66288768e-02 1.36887787e-04 5.51432384e-04 9.09022486e-05
2.00505281e+02 6.04083477e-02 2.43343305e-03 5.90476464e-02 5.03363309e-05 3.80022978e-04 5.76537746e-05
2.03211125e+02 4.93269935e-02 -7.66651421e-04 6.88768084e-02 1.26146052e-04 2.73804783e-04 3.53971777e-05
2.05909750e+02 4.13593027e-02 -1.54392352e-03 6.79272695e-02 7.44374427e-05 6.87181413e-04 1.41457908e-04
2.08626828e+02 4.31326326e-02 -4.07165658e-03 6.05487064e-02 9.30274370e-05 6.35739047e-04 1.32037441e-04
2.11329890e+02 5.12539201e-02 -1.39063633e-03 6.22794714e-02 1.52639058e-04 3.88442706e-04 7.62402625e-05
2.14033687e+02 4.74039137e-02 6.39400244e-03 6.37021933e-02 1.44853295e-04 8.23202459e-05 5.70353203e-05
2.16738922e+02 4.53922850e-02 1.97084319e-02 6.75022764e-02 4.52930861e-05 1.88749374e-04 1.44622226e-04
2.19433718e+02 4.79951497e-02 1.17081647e-02 7.48524539e-02 1.47844969e-04 6.12258290e-05 9.34605046e-05
2.22139484e+02 5.28051898e-02 3.28594218e-03 6.93305664e-02 2.18981326e-04 1.31093276e-04 8.40091750e-05
2.24838328e+02 5.74187633e-02 -8.04121897e-04 6.55555731e-02 1.07162696e-04 7.78671140e-04 2.46077050e-04
2.27547625e+02 6.10473941e-02 -1.45863192e-03 6.96270007e-02 1.79077647e-04 7.14299942e-04 1.17135183e-04
2.30239890e+02 6.01160780e-02 3.87122621e-03 6.86345436e-02 1.23837012e-04 8.40028074e-04 1.65773229e-04
2.32943375e+02 6.14563051e-02 3.07380677e-03 6.22030746e-02 2.12726662e-04 4.88579612e-04 2.24106600e-04
2.35653156e+02 6.44043032e-02 2.54542587e-03 6.53298076e-02 1.98578908e-04 7.54912220e-04 1.76310552e-04
2.38341140e+02 7.21750981e-02 4.78811478e-03 6.48182453e-02 7.86685061e-05 1.22469093e-04 8.95402733e-05
2.41036812e+02 6.33784747e-02 6.55100449e-03 5.69476669e-02 1.33395865e-04 1.46196350e-04 1.00449745e-04
2.43732750e+02 5.68753301e-02 6.12459633e-03 5.69248186e-02 1.08532632e-04 2.08683704e-04 1.40222804e-04
2.46437781e+02 5.83316536e-02 -1.32998073e-03 5.89634568e-02 7.75197459e-05 2.18680600e-04 8.67482389e-05
2.49139234e+02 6.34634456e-02 6.03971022e-03 6.01340678e-02 2.06744900e-05 1.08571173e-04 1.63674054e-04
2.51841265e+02 7.42803950e-02 -3.78001044e-04 5.01461610e-02 1.83975011e-04 2.57951253e-04 1.09905698e-04
2.54541922e+02 7.25640583e-02 -1.12808742e-02 4.76167659e-02 1.42129105e-04 1.07684398e-04 2.40480768e-04
2.57237375e+02 7.88189209e-02 -6.98553269e-03 4.12865106e-02 9.87623841e-05 8.88600365e-05 2.24396053e-04
2.59931156e+02 8.46940951e-02 -1.78589213e-03 3.73492669e-02 1.64258475e-04 3.84343094e-04 2.92178061e-05
2.62641625e+02 8.88132703e-02 -2.50606770e-03 1.87232474e-02 2.79210578e-05 2.53607638e-04 1.47394569e-04
2.65325484e+02 8.51622424e-02 4.14018192e-03 1.21818672e-03 6.81570266e-05 1.27701819e-04 3.11224849e-04
2.68024985e+02 8.25684814e-02 9.53621369e-03 -1.67308779e-02 1.46814187e-04 1.12820231e-04 2.65126190e-04
