6.97316959e-01 7.21050215e-02 4.64773867e-03 3.22890493e-02 1.93902066e-04 4.17166993e-04 6.46851559e-05
3.39359822e+00 7.19565023e-02 2.57352888e-03 3.31045573e-02 9.91073062e-05 5.36356070e-04 9.31166954e-05
6.09800916e+00 7.76131939e-02 2.06983321e-03 2.52340884e-02 4.92699455e-05 4.40452738e-04 2.23550756e-04
8.79378088e+00 8.05482645e-02 -7.74519389e-03 1.03379426e-02 5.27822822e-05 3.35537687e-04 5.97075856e-05
1.15055418e+01 8.58781088e-02 -2.22388710e-03 5.80675749e-03 8.35788295e-05 1.83471978e-04 1.37423440e-04
1.41882731e+01 8.29468694e-02 -6.61914328e-03 -4.79948790e-03 7.68177086e-05 3.01837718e-04 8.21986986e-05
1.68926903e+01 8.14339768e-02 3.87574074e-03 -1.53096191e-02 1.41818083e-04 3.32716259e-04 8.12957164e-05
1.95912090e+01 7.21580661e-02 4.88486981e-03 -3.41521289e-02 1.16291512e-04 3.01009628e-04 5.26793258e-05
2.22881637e+01 6.79679391e-02 5.11717810e-03 -3.46000169e-02 8.88252920e-05 1.72665000e-04 2.71679256e-04
2.49830403e+01 6.68070032e-02 6.76450507e-03 -4.63284044e-02 7.54357700e-05 2.62170942e-04 2.99858419e-04
2.76836481e+01 5.74529160e-02 -1.66577400e-03 -4.75551412e-02 1.56034427e-04 1.94959962e-04 2.43379690e-04
3.03757496e+01 5.77993421e-02 -2.82811169e-03 -6.12761481e-02 8.45997604e-05 2.43387514e-04 2.16328966e-04
3.30681152e+01 6.02953561e-02 -7.84616693e-03 -5.14196072e-02 1.16114595e-04 2.80344726e-04 1.36461327e-04
3.57655527e+01 5.18945541e-02 -7.42589996e-03 -5.48653526e-02 1.00736185e-04 3.88772211e-04 1.62923690e-04
3.84680324e+01 5.13735766e-02 -6.23512941e-03 -6.25192514e-02 7.01631703e-05 2.71715825e-04 9.24901837e-05
4.11650371e+01 5.25507527e-02 -6.89280258e-03 -5.64740199e-02 5.04257080e-05 2.95741173e-04 3.82418491e-05
4.38563262e+01 4.79422734e-02 5.73174153e-03 -5.63119037e-02 1.51982088e-04 3.71087379e-04 8.97616582e-05
4.65656528e+01 5.79921345e-02 8.72969950e-03 -5.43668697e-02 1.02502051e-04 4.26812792e-04 8.33637304e-05
4.92577106e+01 5.64371305e-02 8.93027308e-03 -6.69456430e-02 8.17065942e-05 3.53635027e-04 1.28912525e-04
5.19668012e+01 4.74354809e-02 1.42147380e-02 -6.38481094e-02 9.33099697e-05 6.37664610e-04 5.54648821e-05
5.46703059e+01 4.66603450e-02 1.70954041e-02 -6.89024810e-02 9.40486624e-05 5.42575063e-04 1.85853763e-04
5.73741684e+01 5.16579560e-02 1.28970297e-02 -7.28917186e-02 8.20418153e-05 3.78289618e-04 1.11211767e-04
6.00629762e+01 5.72586863e-02 3.05487341e-03 -6.69404639e-02 1.02635688e-04 2.88019844e-04 1.45873036e-04
6.27783715e+01 5.50026675e-02 6.13946517e-03 -6.09652103e-02 1.03918432e-04 8.55821700e-05 6.74714612e-05
6.54699684e+01 5.42408243e-02 1.70225394e-03 -5.69302808e-02 2.61269334e-04 1.71336090e-04 7.04982997e-05
6.81596996e+01 4.50184344e-02 1.85474701e-04 -5.68933705e-02 6.00700033e-05 2.93006820e-04 3.88598226e-04
7.08581309e+01 4.69546952e-02 7.74703182e-03 -5.66912282e-02 2.90187124e-04 2.36375238e-04 1.67514242e-04
7.35540340e+01 5.03894005e-02 3.90061762e-03 -6.72857016e-02 2.18171557e-04 1.88460656e-04 1.01842990e-04
7.62486840e+01 4.68642318e-02 -4.49398487e-03 -6.17575698e-02 7.74818533e-05 1.14985971e-04 3.85661436e-05
7.89487106e+01 4.05202911e-02 2.14599222e-03 -7.15570599e-02 8.41592783e-05 1.91493873e-04 8.66994033e-05
8.16466403e+01 4.18531313e-02 -6.09134287e-03 -6.51297404e-02 1.45317585e-04 3.16958753e-04 1.19027005e-04
8.43445746e+01 5.97406058e-02 4.28438869e-04 -5.60823313e-02 1.26637065e-04 5.17607532e-04 1.17501632e-04
8.70521684e+01 5.24026037e-02 6.87566929e-03 -6.31323669e-02 8.35237857e-05 4.11355231e-04 2.34378461e-04
8.97618824e+01 3.86781922e-02 1.59369525e-02 -6.39706632e-02 1.81247344e-04 3.48146308e-04 2.94716988e-05
9.24589231e+01 2.66825542e-02 1.30661054e-02 -7.25676730e-02 1.25981576e-04 1.54466480e-04 1.30887175e-04
9.51620434e+01 3.24329056e-02 1.18074777e-02 -7.08726422e-02 6.32593471e-05 6.80636465e-05 6.02459500e-05
9.78687887e+01 4.33727199e-02 1.35469935e-02 -6.84741208e-02 3.56498314e-05 1.46912844e-04 8.00478583e-05
1.00572179e+02 4.23190569e-02 8.04902053e-03 -6.54321263e-02 1.25278882e-04 1.54414463e-04 8.11944413e-05
1.03282461e+02 5.26467463e-02 5.15500690e-03 -5.67320321e-02 1.44213277e-04 9.54757733e-05 1.65437460e-04
1.05991273e+02 5.04141343e-02 1.79517279e-04 -6.63965355e-02 2.27896227e-04 2.47404725e-04 1.59736167e-04
1.08690523e+02 4.68325287e-02 1.53137850e-04 -6.15417954e-02 3.38863519e-05 3.52505953e-04 3.41482389e-04
1.11389007e+02 4.05533523e-02 -5.30769285e-03 -6.05089688e-02 1.72733662e-04 6.08271267e-04 4.67834381e-05
1.14087898e+02 4.69315196e-02 -3.24044077e-03 -6.00455647e-02 8.15917698e-05 4.48743234e-04 2.02356674e-04
1.16794242e+02 4.78056479e-02 -1.16440109e-02 -5.84426380e-02 2.20251465e-04 3.31010135e-04 1.85305590e-05
1.19503195e+02 4.74165715e-02 -6.43793012e-03 -5.86424025e-02 7.27911314e-05 2.14890090e-04 8.68867842e-05
1.22212601e+02 5.74519477e-02 -5.64119785e-03 -6.45737700e-02 2.51841810e-04 3.29359557e-04 1.74810853e-04
1.24905695e+02 6.25622825e-02 -4.59026578e-03 -5.46449859e-02 5.11292668e-05 5.37803115e-04 5.91296465e-05
1.27610039e+02 6.53866255e-02 2.99526650e-03 -5.37843276e-02 4.98561797e-05 3.99937750e-04 1.63155728e-04
1.30311586e+02 6.79743831e-02 4.17203924e-03 -4.06693643e-02 2.53447200e-04 7.84752430e-04 1.21858236e-04
1.33006992e+02 7.47816114e-02 2.29195054e-03 -4.59845654e-02 1.08151568e-04 2.81345169e-04 3.40543734e-04
1.35692445e+02 7.08916483e-02 8.61267611e-03 -1.83202319e-02 1.19038959e-04 5.34639455e-04 1.40430376e-04
1.38393898e+02 7.04748301e-02 4.90025872e-03 -8.08882148e-03 8.75250526e-05 6.79575106e-05 1.85342424e-04
1.41086539e+02 7.47799636e-02 8.55498246e-04 1.84718629e-02 6.14287282e-05 1.06562902e-04 1.91885837e-04
1.43785898e+02 7.07511979e-02 -2.67483792e-03 3.13715419e-02 9.13592359e-05 2.59916851e-04 1.43174685e-04
1.46490148e+02 6.80401053e-02 -2.48775556e-03 4.24226722e-02 1.86599336e-04 1.89855461e-04 1.22270028e-04
1.49183304e+02 6.34744621e-02 -6.43634186e-03 5.34808244e-02 3.95186537e-05 3.41898438e-04 5.01954040e-05
1.51877820e+02 5.70976272e-02 -8.95192552e-03 6.64511828e-02 8.14973835e-05 2.88310205e-04 4.64609902e-05
1.54571711e+02 5.19440492e-02 -4.74109191e-03 6.67722096e-02 8.04036981e-05 2.66529237e-04 7.51878375e-05
1.57277836e+02 5.40034661e-02 -1.32366615e-02 6.81612504e-02 1.16491347e-04 4.85144962e-04 1.79342190e-04
1.59983054e+02 5.05957083e-02 -2.21883227e-03 6.96399414e-02 2.90143009e-04 3.27572898e-04 1.90002608e-04
1.62675289e+02 4.82150613e-02 -1.10959618e-03 6.60553735e-02 1.10766868e-04 5.69850888e-04 3.00059292e-05
1.65366882e+02 3.72512551e-02 2.76793874e-03 6.93790112e-02 1.26688733e-04 7.69508441e-04 9.25056309e-05
1.68067632e+02 3.43236525e-02 2.40164162e-03 7.41386200e-02 2.67211475e-04 9.63537407e-04 1.32876277e-04
1.70775007e+02 2.47291104e-02 -1.62957582e-03 5.92086603e-02 2.78935542e-04 7.33378201e-04 1.27821165e-04
1.73463007e+02 1.35538189e-02 3.02087681e-03 5.91139904e-02 1.26881284e-04 7.64986245e-04 7.28426678e-05
1.76175164e+02 2.67748153e-02 6.76376495e-03 6.68639646e-02 6.45228752e-05 5.85662374e-04 1.58476734e-04
1.78873945e+02 3.42906745e-02 4.36223101e-03 7.41148632e-02 2.57658812e-04 3.83560357e-04 5.21446499e-05
1.81582039e+02 4.54903836e-02 2.08263782e-03 7.42860521e-02 6.13414135e-05 4.01179591e-04 9.09032046e-05
1.84278586e+02 4.38900958e-02 2.54379979e-03 6.77807926e-02 9.51567590e-05 7.59297026e-05 1.29567493e-04
1.86988945e+02 5.06328015e-02 7.32886602e-04 6.26304927e-02 9.74812641e-05 5.64953779e-04 8.32500623e-05
1.89696586e+02 4.21622842e-02 9.58670127e-03 6.38126229e-02 6.14989223e-05 1.22420882e-04 1.91216854e-04
1.92404617e+02 3.72330753e-02 7.15563801e-03 5.78612093e-02 8.46026478e-05 1.46409364e-04 7.60965239e-05
1.95112695e+02 5.43925237e-02 6.95398088e-03 5.84132036e-02 6.34152098e-05 6.31857918e-05 6.23043068e-05
1.97821039e+02 5.98228734e-02 -6.34056974e-03 5.53538212e-02 1.51233242e-04 1.21152219e-04 1.63551990e-04
2.00521726e+02 5.76211324e-02 -1.40311159e-03 5.08809872e-02 1.61558618e-04 3.23622199e-04 1.07372998e-04
2.03226273e+02 5.53602508e-02 -1.06311401e-02 6.18271757e-02 7.74641319e-05 2.08445417e-04 1.52660406e-04
2.05906132e+02 6.07196183e-02 -4.08896627e-04 6.43360918e-02 1.26848677e-04 1.75548040e-04 9.96043266e-05
2.08601382e+02 6.03807544e-02 2.89247848e-03 5.96385892e-02 2.51056473e-05 9.46917427e-05 1.43648567e-04
2.11306164e+02 6.38835712e-02 -9.03801443e-04 5.75846890e-02 1.32962923e-04 1.61670378e-04 1.37643332e-04
2.14017320e+02 6.00811434e-02 -6.29941562e-03 5.37873605e-02 1.66673497e-04 3.66079323e-04 1.12722266e-04
2.16720289e+02 6.22847424e-02 -1.08654469e-02 5.85898223e-02 1.26846742e-04 3.20750136e-04 1.19326873e-04
2.19431195e+02 5.52478735e-02 -5.90001514e-03 5.70306403e-02 1.46553710e-04 1.69632564e-04 1.87643048e-04
2.22124476e+02 5.80480118e-02 -1.40188062e-02 5.78285282e-02 4.94619130e-05 5.91863833e-04 1.39758408e-04
2.24817226e+02 6.13638880e-02 -1.11014386e-02 4.82704399e-02 1.29799940e-04 5.51576930e-04 3.10590951e-05
2.27519039e+02 5.83585902e-02 -1.30728965e-03 4.61491222e-02 7.55355622e-05 4.19039907e-04 9.01986235e-05
2.30212039e+02 5.89460264e-02 -1.38468739e-02 5.00247024e-02 9.26767779e-05 1.54265406e-04 1.39131468e-04
2.32917257e+02 5.15818507e-02 -1.19744735e-02 5.92194848e-02 1.33071202e-04 2.00428196e-04 1.70201135e-04
2.35618445e+02 4.35792220e-02 -1.37182434e-02 7.73001559e-02 1.62139932e-04 8.11609872e-05 2.21141703e-04
2.38315836e+02 5.17868453e-02 -1.43643592e-03 7.09414854e-02 2.24839202e-04 1.90507221e-04 9.89685889e-05
2.41024757e+02 5.11396102e-02 -4.03437660e-03 6.86298552e-02 1.03388443e-04 2.24388761e-04 1.51470565e-04
2.43730211e+02 4.94907718e-02 -2.50420039e-03 6.67431860e-02 2.36215788e-04 3.49328303e-04 1.81969236e-04
2.46436570e+02 5.79179980e-02 4.85320778e-03 5.55592572e-02 6.97925862e-05 2.87880619e-04 4.24808973e-05
2.49132882e+02 5.72897122e-02 7.11450927e-03 4.70699111e-02 5.13978082e-05 4.67194547e-04 1.80402920e-04
2.51834336e+02 5.98434946e-02 1.07511388e-02 5.26357160e-02 3.42270257e-04 7.22943875e-04 1.13127855e-04
2.54532632e+02 5.70052704e-02 1.34993027e-02 5.67795354e-02 1.07561283e-04 2.37929010e-04 1.82545162e-04
2.57235851e+02 4.81350165e-02 1.18855858e-02 5.78304927e-02 6.08500760e-05 5.72814843e-04 8.90150646e-05
2.59920867e+02 5.02272919e-02 1.65549841e-02 5.77514547e-02 4.16946980e-05 6.60002206e-04 7.06913574e-05
2.62627132e+02 5.16683073e-02 2.47692865e-03 6.69598846e-02 1.85681589e-04 2.74150518e-04 4.99585178e-05
2.65314601e+02 6.07691899e-02 7.04505795e-03 5.71768343e-02 3.27371193e-05 1.74840031e-04 1.25890196e-04
2.68015217e+02 7.17659581e-02 -1.77255523e-05 4.31636488e-02 1.65733178e-04 3.81749935e-04 1.21916995e-04
