7.23145773e-01 6.06048876e-02 1.09590540e-02 5.31075691e-02 1.00684327e-04 2.21596462e-04 2.26794138e-04
3.41564675e+00 6.24684559e-02 1.57500347e-02 4.52504751e-02 2.76980097e-05 1.18037170e-04 2.28890744e-04
6.11078065e+00 6.56197782e-02 1.83814268e-02 4.57384409e-02 3.96228547e-05 2.61367496e-04 1.03407979e-04
8.80395783e+00 6.53168488e-02 8.14241687e-03 3.81078456e-02 1.04133758e-04 5.30488329e-05 1.16961402e-04
1.14995153e+01 7.02550607e-02 8.70662100e-03 2.45905608e-02 1.81417208e-04 2.60340096e-04 1.30008676e-04
1.41957357e+01 7.54886469e-02 6.17557173e-03 2.67406996e-02 6.23790064e-05 2.78598076e-04 1.24303384e-04
1.68847982e+01 7.66417163e-02 -5.44016282e-03 1.01365218e-02 7.67499326e-05 1.56758031e-04 1.40613877e-04
1.95813232e+01 8.10072480e-02 -4.85412402e-03 -2.03615292e-02 1.28497801e-04 2.50289493e-04 1.08780072e-04
2.22814435e+01 7.67509170e-02 -2.27399876e-02 -3.37476793e-02 1.26752892e-04 1.44097954e-04 9.27906408e-05
2.49738263e+01 8.24287503e-02 -1.21775785e-02 -4.05592192e-02 1.38451483e-04 2.75164836e-04 9.07691002e-05
2.76740466e+01 7.55293700e-02 -5.53206726e-03 -4.36861662e-02 1.07872134e-04 2.68577970e-04 1.84722145e-04
3.03756716e+01 5.90236693e-02 -1.97735936e-03 -3.81945018e-02 9.77299194e-05 2.30033341e-04 1.20166447e-04
3.30738481e+01 6.59274310e-02 -5.01646509e-04 -4.32508719e-02 9.18566531e-05 1.85567005e-04 1.36785933e-04
3.57772325e+01 6.47922250e-02 -2.78631991e-03 -3.93371237e-02 1.35512302e-04 4.60172534e-05 3.69605861e-05
3.84741185e+01 7.11196397e-02 7.54734316e-03 -4.60596444e-02 5.01445806e-05 2.91908891e-04 1.30809259e-04
4.11627185e+01 7.40453162e-02 1.24353511e-03 -5.98642936e-02 9.57784659e-05 4.60416204e-04 1.47585531e-04
4.38610013e+01 6.04430343e-02 4.18733888e-03 -5.70074735e-02 1.62342135e-04 1.30248531e-04 1.21819189e-04
4.65661982e+01 4.95266645e-02 -4.55079007e-03 -6.31846390e-02 1.44375533e-04 3.95757710e-04 2.63932484e-04
4.92775435e+01 4.95396168e-02 -6.05151420e-04 -5.65977380e-02 1.19596414e-04 7.10304503e-04 2.36455244e-05
5.19850357e+01 5.72606659e-02 -2.79835485e-03 -6.11748527e-02 2.44180557e-05 5.03955681e-04 6.88744323e-05
5.46879903e+01 6.19948086e-02 -3.97155013e-03 -6.21485035e-02 1.06507403e-04 2.93529657e-04 1.33812650e-04
5.73863106e+01 6.05722606e-02 6.85308789e-03 -6.29168499e-02 5.76412983e-05 2.05932088e-04 1.59080196e-04
6.00922950e+01 6.68377898e-02 1.14131102e-03 -6.10686133e-02 1.37961671e-04 1.42214752e-04 1.33879505e-04
6.27910294e+01 6.33632859e-02 4.15013620e-03 -6.47353737e-02 9.24058256e-05 5.83705876e-04 1.73581196e-04
6.54979450e+01 6.48172173e-02 9.56551793e-03 -5.62906109e-02 2.21969098e-04 4.67109020e-04 1.47114665e-04
6.81964247e+01 5.87474939e-02 -1.33297222e-03 -6.51105988e-02 3.04977119e-04 3.34660276e-04 1.67161559e-04
7.08887778e+01 4.66296826e-02 5.57752591e-03 -7.38330008e-02 2.82295701e-04 3.92149986e-04 1.49869935e-04
7.35995138e+01 3.69485646e-02 4.38819001e-03 -6.65311093e-02 5.52795545e-05 1.24193065e-04 1.29808202e-04
7.62917060e+01 4.08298464e-02 1.57298912e-03 -6.31111201e-02 1.09556094e-04 2.10313033e-04 5.62694872e-04
7.89854575e+01 3.79343283e-02 1.35135832e-02 -6.66388230e-02 1.55818825e-04 8.60009278e-04 2.25788459e-04
8.16873763e+01 4.76752517e-02 1.82111732e-02 -6.86462425e-02 3.33316159e-04 3.14470329e-04 2.08170478e-04
8.43785466e+01 4.62786703e-02 1.64744052e-02 -7.01943896e-02 2.48094588e-04 4.99169975e-04 2.82700266e-04
8.70847216e+01 4.36249726e-02 1.30616363e-02 -7.00305746e-02 7.57952700e-05 1.31500322e-04 1.47475226e-04
8.97949044e+01 5.03282069e-02 7.01078533e-03 -7.24110130e-02 5.50641928e-05 3.71450051e-04 6.64628847e-05
9.24972028e+01 5.46978940e-02 -1.43197494e-03 -6.20267679e-02 9.66974590e-05 8.03468953e-04 3.99843964e-05
9.51942122e+01 4.81925783e-02 -3.50018191e-04 -6.83798534e-02 1.12154807e-04 6.77358135e-04 1.07968993e-04
9.78921372e+01 3.94537044e-02 -2.52785768e-04 -7.10927706e-02 2.12438813e-04 2.18220282e-04 1.20779388e-04
1.00597103e+02 3.53580062e-02 -1.09775264e-03 -7.43097263e-02 5.46667070e-05 4.29898725e-04 2.30617863e-04
1.03299853e+02 3.92306767e-02 -6.34852870e-03 -6.44951872e-02 1.34958662e-04 6.54068809e-05 8.61938359e-05
1.06007243e+02 3.98861764e-02 -6.05870006e-04 -6.83323476e-02 1.26215398e-04 1.25505305e-04 5.65560694e-05
1.08716165e+02 4.68382850e-02 -4.53544584e-03 -6.26130794e-02 1.34373076e-04 2.33941569e-04 8.46393839e-05
1.11420400e+02 5.00817833e-02 -6.10004458e-03 -6.33419901e-02 1.53978067e-04 6.20409274e-04 1.27573076e-04
1.14120509e+02 6.16248892e-02 2.71282710e-03 -6.74400184e-02 5.18322140e-05 2.44065202e-04 6.81969853e-05
1.16827540e+02 6.27672398e-02 -1.85211323e-03 -5.70465343e-02 1.77847509e-04 2.03839033e-04 1.10186966e-04
1.19531587e+02 6.36527156e-02 5.50580034e-03 -5.33871873e-02 1.54574736e-04 8.12451183e-05 1.76012391e-04
1.22228259e+02 6.06057942e-02 1.31232784e-02 -5.29230132e-02 6.71080397e-05 7.77600481e-05 3.15620770e-04
1.24926462e+02 6.41461067e-02 5.44257070e-03 -4.99637547e-02 6.50605472e-05 1.18324850e-04 5.66902964e-05
1.27627665e+02 6.24118491e-02 8.47117706e-03 -5.07311028e-02 8.96681783e-05 1.63684725e-04 1.04242890e-04
1.30327322e+02 7.43527398e-02 8.99730976e-03 -4.83618492e-02 1.34766223e-04 7.40848509e-05 1.37281727e-04
1.33022650e+02 7.79398137e-02 9.47551031e-03 -3.41995489e-02 1.62029111e-04 1.11335279e-04 1.69482833e-04
1.35727025e+02 7.58275666e-02 7.66390741e-03 -1.65489643e-02 1.00909900e-04 1.30070284e-04 2.16619671e-04
1.38435415e+02 7.45151643e-02 6.52429913e-04 1.28195695e-02 1.57571892e-04 7.95524354e-05 6.04572024e-05
1.41128884e+02 7.29930572e-02 6.93435893e-03 3.36445158e-02 1.35087796e-04 7.10903531e-05 9.58408386e-05
1.43845025e+02 7.27220626e-02 5.22192899e-03 3.60755355e-02 1.23597960e-04 1.15134569e-04 1.17761299e-04
1.46548540e+02 6.65109597e-02 8.60492675e-03 4.38039315e-02 9.98054550e-05 1.11946248e-04 1.33761408e-04
1.49242353e+02 6.89548996e-02 1.81412207e-03 4.25175356e-02 1.04557425e-04 1.44890139e-04 1.38654392e-04
1.51935759e+02 6.34921480e-02 1.09758588e-02 4.62370403e-02 1.11531585e-04 4.68819783e-04 7.86453187e-05
1.54628212e+02 6.37030166e-02 6.81974833e-03 4.44431891e-02 1.61120096e-04 6.32811687e-04 3.62643887e-04
1.57334353e+02 6.54753541e-02 1.12250238e-03 5.24460863e-02 5.23252330e-05 3.29930788e-04 1.09156219e-04
1.60038275e+02 6.57981305e-02 -1.14396877e-02 5.21035330e-02 9.91215789e-05 4.42184362e-04 3.85988692e-05
1.62736181e+02 6.04603737e-02 -1.05628326e-02 4.72927463e-02 1.00252448e-04 1.60167159e-04 2.53623832e-05
1.65436837e+02 4.36378220e-02 -8.11972985e-03 5.77472501e-02 1.57052642e-04 7.74908977e-04 1.41081147e-04
1.68137790e+02 5.08297878e-02 -1.16424899e-02 6.51559348e-02 1.63210184e-04 6.09175273e-04 2.14668300e-04
1.70845509e+02 5.83761702e-02 -1.00054491e-02 7.30686873e-02 1.60711031e-04 6.71722835e-04 1.78575850e-04
1.73553212e+02 5.08907205e-02 -5.59513766e-03 6.50981533e-02 6.91460723e-05 6.51684925e-04 2.24133495e-04
1.76262228e+02 5.31456774e-02 6.58506073e-04 7.51366107e-02 1.82478255e-04 4.32033477e-04 8.62591336e-05
1.78957634e+02 4.93077008e-02 7.47925105e-03 6.97790007e-02 6.90275066e-05 4.03460171e-04 9.95972610e-05
1.81659400e+02 4.19445574e-02 7.32993849e-03 6.02711681e-02 3.04068968e-04 3.83348309e-04 8.20052191e-05
1.84361728e+02 4.30475307e-02 9.53476948e-03 6.40101300e-02 1.38449430e-04 2.92024790e-04 1.15555420e-04
1.87053197e+02 5.44825637e-02 -1.54323669e-03 5.48851937e-02 7.25540717e-05 2.89279459e-04 1.08645894e-04
1.89742056e+02 5.45814685e-02 8.54075291e-03 5.11730133e-02 1.33286932e-04 1.19257538e-04 7.94264961e-05
1.92446603e+02 5.95451651e-02 4.77059475e-03 4.57914037e-02 1.18477830e-04 1.08544121e-04 7.08278725e-05
1.95150275e+02 6.73161190e-02 3.27234224e-03 6.00027740e-02 4.74404081e-05 1.16453510e-04 9.58358451e-05
1.97847962e+02 6.72205635e-02 9.65094487e-04 5.89021490e-02 1.35142804e-04 6.92093211e-05 4.66255727e-05
2.00561025e+02 6.83595008e-02 -3.40442583e-03 5.25015766e-02 1.00795252e-04 1.35393890e-04 4.11011618e-05
2.03254087e+02 7.00445290e-02 -7.44824263e-03 4.38122561e-02 6.37743817e-05 9.86686290e-05 2.86238688e-04
2.05971087e+02 5.86320627e-02 -6.80059324e-03 3.92824492e-02 1.41280643e-04 2.78526845e-04 1.88226118e-04
2.08672775e+02 5.31725880e-02 -6.41073789e-03 4.29363416e-02 1.08583463e-04 4.32693982e-04 5.35056231e-05
2.11385947e+02 5.38927085e-02 -1.39108099e-02 3.97693894e-02 7.61383446e-05 2.33049604e-04 1.95741261e-04
2.14091103e+02 6.05933114e-02 -1.07154305e-02 3.31778584e-02 1.48261656e-04 2.14647175e-04 2.17181382e-04
2.16795728e+02 5.63212166e-02 -4.62835278e-04 3.35219215e-02 3.56274829e-05 2.04488238e-04 5.60350698e-05
2.19496603e+02 5.82597408e-02 -7.00689537e-03 4.05511543e-02 8.53697603e-05 7.42670601e-04 6.46756041e-05
2.22189618e+02 6.38581672e-02 -1.17388598e-02 5.01131750e-02 1.44229691e-04 1.99432403e-04 2.72270019e-04
2.24898525e+02 6.76087906e-02 -1.19565291e-02 4.93717012e-02 1.94666569e-04 1.44174427e-04 1.52530767e-04
2.27608197e+02 6.19094352e-02 -1.15245109e-02 5.72369460e-02 1.93072758e-04 3.00554747e-04 6.87276028e-05
2.30321118e+02 7.32557448e-02 -1.23457214e-02 5.72514971e-02 9.70341566e-05 2.78315642e-04 1.44277204e-04
2.33027087e+02 7.13116945e-02 -1.18982915e-02 5.73985627e-02 8.91962269e-05 3.06200474e-04 1.52621072e-05
2.35721665e+02 6.84622304e-02 -5.06412792e-03 5.09383968e-02 8.45223095e-05 1.02843606e-04 1.51744757e-04
2.38415056e+02 6.55687068e-02 -3.20916918e-03 5.39188541e-02 4.12341539e-05 2.66862278e-04 2.37696070e-04
2.41108212e+02 4.74972586e-02 -7.65039711e-03 5.92955941e-02 2.53696153e-04 2.16088134e-04 3.26770223e-05
2.43808790e+02 3.82777621e-02 -1.00137393e-02 7.07345756e-02 1.98088709e-04 4.23820326e-04 2.24050067e-04
2.46511681e+02 2.67826165e-02 -1.21104101e-02 7.93132911e-02 1.41864314e-04 5.38215877e-04 6.98199714e-05
2.49212243e+02 2.50164915e-02 -4.40532630e-03 7.96111738e-02 3.50368164e-05 4.03719687e-04 5.21813493e-05
2.51909900e+02 4.47512844e-02 -1.73700189e-02 6.66078256e-02 1.01219448e-04 5.29394855e-04 9.54110989e-05
2.54610806e+02 5.27461111e-02 -1.20680299e-02 6.36447207e-02 1.96405452e-04 2.28167408e-04 1.75482124e-04
2.57328072e+02 5.86198014e-02 -8.53143457e-03 4.42896369e-02 1.68861001e-04 3.01730161e-04 1.92807417e-04
2.60033790e+02 6.93585640e-02 7.81357058e-03 4.74437930e-02 9.16341723e-05 2.28011760e-04 8.04007009e-05
2.62720306e+02 6.87533855e-02 8.15768492e-03 4.50202351e-02 7.50663970e-05 2.29737638e-04 1.06422292e-04
2.65435665e+02 6.08058362e-02 4.18824340e-03 4.77307414e-02 5.83584518e-05 5.27680515e-05 4.01606319e-05
2.68134061e+02 5.50779731e-02 1.20963606e-02 5.22082243e-02 4.84114857e-05 2.50079807e-04 1.28668911e-04
