7.14882088e-01 6.17655559e-02 5.99171192e-03 5.34129063e-02 8.70539910e-05 1.33552855e-04 6.53610751e-05
3.41268008e+00 6.38438953e-02 1.49347825e-02 5.61906738e-02 2.61811628e-04 3.29481919e-04 8.55179398e-05
6.10574867e+00 5.52715083e-02 1.71972375e-02 4.83671076e-02 7.91372290e-05 2.17832855e-04 1.65982210e-04
8.80115663e+00 6.37783949e-02 1.16951051e-02 3.95831363e-02 6.98072557e-05 1.41793791e-04 8.13476857e-05
1.14993145e+01 7.32131454e-02 9.97461435e-03 3.62924655e-02 7.57126236e-05 1.70111166e-04 7.06655559e-05
1.41886082e+01 7.25653274e-02 4.01050687e-03 3.12827669e-02 3.40112868e-05 1.48074153e-04 1.88872919e-04
1.68933660e+01 7.46332206e-02 -2.87941227e-03 1.86212529e-02 6.67913879e-05 1.83464292e-04 6.50524444e-05
1.95820629e+01 7.24765512e-02 -4.00869970e-03 -1.08861450e-02 1.02650210e-04 2.84043244e-04 1.09130502e-04
2.22771066e+01 7.60972911e-02 -2.29971909e-03 -2.69099346e-02 5.60976749e-05 3.44778646e-04 1.11951948e-04
2.49641426e+01 7.23906005e-02 -8.87096413e-03 -3.07950904e-02 1.08575268e-04 5.81486804e-04 8.41088696e-05
2.76659473e+01 6.43687316e-02 -9.19989518e-03 -3.22965794e-02 9.43809203e-05 7.73188632e-05 9.65434217e-05
3.03656910e+01 7.41465302e-02 -1.02986594e-02 -3.71320265e-02 4.39527159e-05 2.40609282e-04 2.36244209e-04
3.30684941e+01 7.56439066e-02 5.16538006e-04 -3.69039654e-02 3.62131382e-04 1.22045260e-04 1.19073115e-04
3.57706691e+01 7.56197351e-02 1.87610059e-03 -4.45224408e-02 1.13724633e-04 3.04488702e-04 4.42249276e-05
3.84608004e+01 7.06043958e-02 7.88216444e-03 -4.30228015e-02 7.29702566e-05 2.28350274e-04 1.68527310e-04
4.11659488e+01 6.28199954e-02 5.61769062e-03 -5.42906011e-02 9.25792127e-05 2.69701737e-04 1.82429769e-04
4.38650035e+01 5.52224897e-02 1.45963114e-03 -5.06181165e-02 1.55367331e-04 6.56235296e-04 3.36991560e-04
4.65756785e+01 4.34943340e-02 3.57462761e-03 -5.37518370e-02 9.79924413e-05 4.09273818e-04 1.16685761e-04
4.92707473e+01 6.25607653e-02 -1.10738805e-02 -4.44019421e-02 2.32635970e-04 1.10511348e-03 9.51105571e-05
5.19732769e+01 6.58985370e-02 -1.30119236e-02 -5.41184160e-02 1.68524868e-04 6.67735784e-04 1.14718523e-04
5.46654051e+01 6.64470821e-02 -8.50653991e-04 -5.59972544e-02 5.36443953e-05 3.11834128e-04 5.32297372e-05
5.73793441e+01 6.17051251e-02 -2.08893833e-03 -6.21933083e-02 8.45515188e-05 1.93737567e-04 6.86985658e-05
6.00777160e+01 6.30369556e-02 6.02274557e-04 -6.44574553e-02 6.24972776e-05 1.07186359e-04 2.84677987e-04
6.27726957e+01 6.70074301e-02 2.25870908e-03 -6.73037488e-02 7.00934368e-05 1.01570663e-04 5.45167766e-05
6.54759019e+01 5.94049053e-02 -2.17567319e-03 -6.74751931e-02 1.40365487e-04 2.84393862e-04 5.79956578e-05
6.81840191e+01 5.06225791e-02 8.51906022e-03 -5.97318935e-02 1.82226082e-04 2.15404579e-04 2.60681634e-04
7.08979957e+01 4.97694576e-02 8.89389696e-03 -6.08883446e-02 3.56783075e-04 2.47639087e-04 4.37016439e-05
7.35982754e+01 4.75761513e-02 1.52114087e-02 -6.62299468e-02 1.25619533e-04 4.58518704e-04 1.09928137e-04
7.62900848e+01 4.64062150e-02 1.42688154e-02 -7.22079378e-02 9.59656696e-05 4.47735689e-04 6.32569550e-05
7.89795426e+01 3.83592718e-02 1.29364201e-02 -6.75563920e-02 4.03544925e-04 5.53226306e-04 1.44117266e-04
8.16756004e+01 4.33840602e-02 8.10057155e-03 -6.35256731e-02 2.02937065e-04 5.17666233e-04 2.66669189e-04
8.43874160e+01 4.69252069e-02 1.23081682e-02 -6.48230535e-02 2.76215304e-04 6.41105868e-04 1.00434495e-04
8.70869238e+01 5.03275638e-02 7.54118628e-03 -6.06589076e-02 1.55358618e-04 6.96725455e-04 2.67106072e-04
8.97755207e+01 4.48408590e-02 1.20811905e-02 -6.51636327e-02 1.74606979e-04 1.72495877e-04 1.10970645e-04
9.24860348e+01 4.79568387e-02 1.14596728e-04 -6.80832119e-02 5.22479784e-05 2.65680935e-04 1.66536389e-05
9.51771176e+01 5.22141170e-02 -4.54398143e-03 -6.69056037e-02 1.77004965e-04 3.35076971e-04 8.57054755e-05
9.78880316e+01 4.63044862e-02 -1.03698995e-02 -6.09650770e-02 2.46965202e-04 3.26805090e-04 1.76728234e-04
1.00585224e+02 3.67768325e-02 -8.11765598e-03 -6.13788460e-02 5.99107587e-05 1.40039865e-04 4.58392377e-04
1.03298302e+02 3.37584972e-02 -4.97363662e-03 -6.08900555e-02 1.51623263e-04 1.77743605e-04 5.50789486e-05
1.06000849e+02 4.32718291e-02 -8.31948110e-03 -6.18203101e-02 8.34682929e-05 5.91584083e-05 8.24943498e-05
1.08706739e+02 4.33279837e-02 2.17044129e-03 -6.52395395e-02 8.85692497e-05 3.20355052e-05 3.21800717e-05
1.11404849e+02 5.17608793e-02 7.09444456e-03 -7.03812556e-02 2.29749939e-04 7.71269808e-05 1.99827376e-04
1.14116724e+02 5.87122173e-02 8.90308760e-03 -5.27911104e-02 1.47533984e-05 5.07519419e-04 2.83602862e-04
1.16813052e+02 5.21110676e-02 1.27408726e-02 -4.97462173e-02 2.28111190e-04 2.93354071e-04 3.73120013e-05
1.19510958e+02 5.45328306e-02 1.17429347e-02 -5.39458510e-02 6.49119624e-05 1.99195814e-04 1.84901307e-04
1.22212286e+02 5.95212210e-02 5.90969120e-03 -4.84493165e-02 6.83201964e-05 8.11687938e-05 3.73750696e-05
1.24908161e+02 6.24722002e-02 9.40674139e-03 -4.55492177e-02 8.52582783e-05 8.97887794e-05 7.42028358e-05
1.27608786e+02 6.83049983e-02 8.93463951e-03 -4.76302211e-02 3.20258067e-05 1.50433173e-04 1.28044965e-04
1.30294099e+02 6.77995407e-02 1.00050854e-02 -4.97361582e-02 2.42113174e-04 1.51014743e-04 1.87944362e-04
1.33001911e+02 7.34612390e-02 1.58655123e-03 -3.44127842e-02 1.32795534e-04 1.61488282e-04 1.27336362e-04
1.35708443e+02 7.66322827e-02 3.33511330e-03 -1.58385694e-02 1.03474270e-04 1.93603186e-04 1.33314853e-04
1.38406349e+02 7.40343247e-02 4.41940094e-03 1.09403993e-02 8.80045476e-05 2.34009199e-04 1.21551918e-04
1.41115911e+02 6.68939601e-02 8.35117641e-03 3.61032100e-02 8.28577954e-05 1.37757385e-04 1.59710497e-04
1.43808052e+02 6.55910110e-02 8.28702403e-03 4.10320826e-02 1.08356440e-04 2.05865376e-04 1.75841187e-04
1.46510286e+02 6.87962427e-02 9.07251524e-03 4.31635387e-02 1.56681454e-04 2.28327819e-04 2.06204486e-05
1.49220193e+02 7.01236871e-02 1.58969744e-02 4.12779353e-02 4.45114749e-05 4.97561182e-04 1.88450704e-04
1.51913193e+02 6.81921362e-02 5.64517057e-03 4.14930558e-02 9.49898258e-05 4.57102548e-04 2.69049768e-05
1.54615146e+02 7.00290331e-02 3.67989400e-03 4.60050050e-02 1.00535449e-04 4.75921090e-04 3.22324876e-04
1.57318771e+02 7.07953972e-02 -5.45087434e-03 4.33129089e-02 3.08400769e-04 2.23536493e-04 9.25389950e-05
1.60016927e+02 6.85507807e-02 -3.98294642e-03 4.64083476e-02 4.82708985e-05 2.16683326e-04 1.55579204e-04
1.62726177e+02 6.43727162e-02 -8.03519419e-03 4.73503137e-02 6.17600611e-05 3.09413974e-04 1.11651875e-04
1.65427521e+02 6.55424412e-02 -1.08241600e-03 5.66768079e-02 2.10288777e-04 2.94051342e-04 3.00035705e-04
1.68124239e+02 5.68372879e-02 -5.40818017e-03 5.57922100e-02 1.86505826e-04 3.51982637e-04 2.21614785e-04
1.70835880e+02 5.80396643e-02 -1.66940778e-03 5.62294288e-02 1.14270684e-04 2.74769583e-04 9.77540441e-05
1.73541318e+02 6.52781265e-02 -8.09590345e-04 6.51993984e-02 1.83405417e-04 3.77597464e-04 8.57217212e-05
1.76256177e+02 5.89027566e-02 -3.97628657e-03 6.13650555e-02 5.00524332e-05 3.45994850e-04 1.18737319e-04
1.78940599e+02 4.93506740e-02 -1.58126744e-03 7.23492396e-02 1.43853236e-04 4.45040450e-04 3.40126003e-05
1.81638739e+02 5.17681697e-02 1.35647011e-05 6.08707092e-02 3.45676878e-05 3.20636334e-04 7.54879004e-05
1.84336458e+02 5.57277679e-02 -4.98179981e-03 5.75468731e-02 1.24464154e-04 4.41703888e-04 6.31719835e-05
1.87035849e+02 6.69936282e-02 5.94394141e-03 4.66438956e-02 1.29970299e-04 1.69232130e-04 3.77870357e-05
1.89728130e+02 6.23652887e-02 2.11890604e-03 4.83098798e-02 1.52359463e-04 1.53856056e-04 1.38678617e-04
1.92433943e+02 5.32170806e-02 7.43510994e-03 4.74700475e-02 8.88416694e-05 1.26194190e-04 5.83576733e-05
1.95125849e+02 4.97721356e-02 4.05649045e-03 4.81026824e-02 1.62815287e-04 1.76782727e-04 6.71955581e-05
1.97829474e+02 6.38530014e-02 -3.10233508e-03 6.13528578e-02 1.02980414e-04 9.77489512e-05 4.56860899e-05
2.00524677e+02 5.85923415e-02 -1.19114362e-02 5.70163090e-02 1.27774402e-04 3.00946167e-04 2.43824933e-04
2.03233989e+02 5.86621980e-02 -4.51897076e-03 4.45383576e-02 9.08574148e-05 1.25828844e-04 6.69134684e-05
2.05946005e+02 6.21417142e-02 -9.08137491e-03 4.23727454e-02 2.21545840e-04 1.63441039e-04 3.28996813e-05
2.08632739e+02 5.89131122e-02 -2.38206211e-03 2.74071828e-02 1.60350314e-04 1.72121915e-04 1.62555921e-04
2.11342755e+02 5.85571387e-02 -3.87408458e-03 2.86796632e-02 2.44798553e-04 2.74265074e-04 1.74167244e-04
2.14049208e+02 5.98133495e-02 -5.76355905e-03 2.90502055e-02 1.33020769e-04 2.05959821e-04 2.09372044e-04
2.16765880e+02 5.32083468e-02 -1.10031191e-02 4.20506028e-02 2.00212194e-04 5.66102785e-04 5.48860766e-05
2.19476130e+02 6.20637822e-02 -7.37519268e-03 4.00576838e-02 1.48467149e-04 6.01738750e-04 8.46652144e-05
2.22181630e+02 5.60596221e-02 -1.00382351e-02 5.28243936e-02 3.95825126e-05 1.81315493e-04 5.11938427e-05
2.24875255e+02 6.52669202e-02 -3.45749004e-04 5.25467109e-02 1.39305058e-04 2.79775787e-04 8.54117289e-05
2.27567739e+02 7.04964969e-02 -8.40805919e-03 4.72674991e-02 9.77735237e-05 3.04565959e-04 2.88114800e-04
2.30285443e+02 5.85356658e-02 -8.86307230e-03 5.37429301e-02 5.68923990e-05 2.28893174e-04 1.21602180e-04
2.32988380e+02 6.28487868e-02 -6.08613755e-03 5.31922419e-02 1.75576358e-04 1.11546372e-04 7.12486954e-05
2.35693599e+02 7.14537248e-02 -2.37553115e-03 5.79945779e-02 6.13456633e-05 1.30534463e-04 9.80102141e-05
2.38394130e+02 7.06917635e-02 -3.69198080e-03 4.41203247e-02 5.28843350e-05 2.13120594e-04 1.50171775e-04
2.41088693e+02 5.62595994e-02 -9.29761424e-03 5.89325143e-02 5.89247587e-05 2.74387889e-04 4.13127288e-05
2.43788427e+02 3.77024452e-02 -8.67222996e-03 6.79471043e-02 1.85173827e-04 6.55183820e-04 5.91475123e-05
2.46488864e+02 2.83872257e-02 -1.37018270e-02 7.24902567e-02 5.55756016e-05 4.48865211e-04 7.60424557e-05
2.49173739e+02 3.16872605e-02 -2.11440772e-02 6.81905711e-02 1.59990229e-04 4.80827556e-04 1.46731165e-04
2.51882099e+02 3.74955114e-02 -1.44716457e-02 6.90847520e-02 9.43703580e-05 2.78065692e-04 1.36760904e-04
2.54588693e+02 4.98028646e-02 -1.20034929e-02 5.98581571e-02 8.18060298e-05 2.86177283e-04 1.31830442e-04
2.57286208e+02 5.67974339e-02 -2.40754715e-03 4.70095419e-02 1.14132702e-04 3.45885576e-04 2.55111651e-04
2.59996286e+02 5.66736336e-02 9.22055884e-04 3.98181193e-02 1.64688047e-04 3.83206355e-04 1.86004865e-04
2.62713896e+02 5.73432391e-02 3.27025364e-04 4.39801092e-02 6.78278568e-05 1.29573374e-04 1.51608088e-04
2.65408583e+02 5.71969371e-02 8.57848531e-04 4.40863248e-02 3.72691661e-05 2.02695866e-04 9.02230346e-05
2.68103090e+02 5.95544936e-02 3.82709002e-03 4.46381521e-02 1.91574548e-04 1.74730773e-04 5.63564140e-05
