7.13508252e-01 6.80444266e-02 7.38274866e-03 5.63801709e-02 6.00525105e-05 1.52921351e-04 1.14270987e-04
3.40929241e+00 6.00613952e-02 9.64514112e-03 5.83921581e-02 1.36760158e-04 2.30508879e-04 2.20684095e-04
6.11313413e+00 5.83629211e-02 1.30983242e-02 5.53207064e-02 9.20168637e-05 1.33166028e-04 1.81932477e-04
8.80285678e+00 6.50011634e-02 1.52260934e-02 4.24468131e-02 5.98933518e-05 1.96896338e-04 9.01103563e-05
1.15008116e+01 6.89205861e-02 8.72373493e-03 3.95758653e-02 8.46669412e-05 2.49630904e-04 1.49953075e-04
1.41868023e+01 7.50638596e-02 1.41300744e-03 3.10784156e-02 9.50422536e-05 9.81495024e-05 1.72068711e-04
1.68897398e+01 7.56767516e-02 1.36186540e-03 1.38454504e-02 7.09561735e-05 2.79346741e-04 6.30221479e-05
1.95852523e+01 7.39454142e-02 -2.07181206e-03 2.10929631e-04 6.72592811e-05 2.57937938e-04 1.83220870e-04
2.22726460e+01 7.74166828e-02 4.29315588e-03 -1.72739853e-02 7.06773331e-05 3.59939888e-04 3.16446531e-05
2.49818585e+01 6.07271588e-02 -1.45841398e-03 -2.65273826e-02 7.21577438e-05 4.24070740e-04 1.13900686e-04
2.76718616e+01 6.79484910e-02 -1.04727483e-02 -2.85916844e-02 8.79624303e-05 1.04885857e-04 2.00398732e-04
3.03662819e+01 7.83064459e-02 -8.49928473e-03 -3.52249496e-02 9.57579200e-05 1.88276318e-04 9.96303281e-05
3.30614679e+01 7.73234845e-02 -3.66967063e-04 -3.56126874e-02 3.00644287e-04 2.64585455e-04 1.01734452e-04
3.57500757e+01 7.87129061e-02 3.43621937e-03 -4.47047428e-02 8.19535909e-05 2.45666571e-04 6.56550991e-05
3.84620210e+01 6.88176542e-02 5.19265084e-03 -4.54658289e-02 1.64529104e-04 2.66255905e-04 1.05963813e-04
4.11745476e+01 5.59563155e-02 5.29521129e-03 -4.93923479e-02 1.11505296e-04 4.18698815e-04 1.57111229e-04
4.38707241e+01 5.22240479e-02 1.00165538e-03 -4.70200854e-02 2.48158411e-04 1.21868822e-03 1.89445539e-04
4.65826507e+01 5.36178765e-02 -8.68021566e-05 -4.78658878e-02 1.98369382e-04 4.79080343e-04 2.39460428e-04
4.92722351e+01 6.87540167e-02 -1.08616665e-02 -4.75112440e-02 6.24877527e-05 7.43453649e-04 1.07321808e-04
5.19707804e+01 6.87013743e-02 -8.27258371e-03 -5.04471364e-02 9.47362213e-05 4.18442949e-04 5.07793378e-05
5.46720069e+01 6.64852136e-02 -1.40272265e-03 -5.18471549e-02 1.48196912e-04 3.48266814e-04 2.45398601e-05
5.73834585e+01 6.44446965e-02 -8.16838094e-03 -6.01935477e-02 4.18659111e-05 2.75939543e-04 9.93776660e-05
6.00677163e+01 5.69337688e-02 -2.25806998e-03 -6.23750170e-02 8.28988344e-05 9.86476389e-05 1.71706384e-04
6.27727241e+01 6.15749252e-02 2.34856258e-03 -6.74239693e-02 1.06546067e-04 1.72383896e-04 9.10335890e-05
6.54749976e+01 5.20373402e-02 -5.10819583e-03 -6.75461172e-02 1.26104105e-04 2.11590733e-04 1.33160361e-04
6.81803101e+01 5.07656425e-02 1.41860485e-02 -6.07896880e-02 3.72506590e-04 1.27035990e-04 1.29085243e-04
7.08902054e+01 5.01011611e-02 6.48236065e-03 -5.37347924e-02 2.45414583e-04 2.07781984e-04 1.06360572e-04
7.35899460e+01 5.21729918e-02 1.87175663e-02 -6.41894978e-02 1.09299445e-04 5.46953122e-04 2.99075238e-04
7.62929523e+01 4.44645374e-02 1.93175451e-02 -6.86861700e-02 5.98356080e-05 4.22660673e-04 9.75986119e-05
7.89917851e+01 4.26224198e-02 1.04427984e-02 -6.81208325e-02 1.89254484e-04 6.06303515e-04 7.33479261e-05
8.16956148e+01 4.56771112e-02 6.58361862e-03 -6.04703550e-02 3.96724386e-05 6.68493581e-04 1.59700844e-04
8.43858304e+01 4.43351636e-02 5.52493487e-03 -6.10135188e-02 4.25842042e-04 6.24146799e-04 9.80774273e-05
8.70818132e+01 5.47944017e-02 8.67096684e-03 -5.62188480e-02 9.42212685e-05 8.32000425e-04 5.45848399e-04
8.97806179e+01 4.43829952e-02 9.23885921e-03 -6.31112206e-02 2.79601343e-04 1.78913597e-04 1.66216664e-04
9.24800679e+01 4.65533428e-02 1.54426627e-03 -6.58773981e-02 1.23116331e-04 1.27999084e-04 1.01398157e-04
9.51735054e+01 4.91648456e-02 -6.26650846e-03 -6.81124031e-02 1.13551630e-04 1.63357611e-04 6.64043487e-05
9.78809741e+01 5.13498936e-02 -1.14281804e-02 -5.06784335e-02 2.08490427e-04 1.77682358e-04 2.94873552e-04
1.00589869e+02 3.99679205e-02 -1.12504835e-02 -5.99997880e-02 1.16804212e-04 1.53101950e-04 2.18546057e-04
1.03289604e+02 4.12365447e-02 -4.27338508e-03 -6.22718501e-02 4.85884448e-05 1.08266152e-04 4.47685240e-05
1.06002276e+02 4.21626338e-02 -9.49627385e-03 -6.62110817e-02 5.74463047e-05 3.93124089e-05 1.49607043e-04
1.08702744e+02 4.67006355e-02 3.43573879e-03 -6.77194618e-02 9.25689185e-05 7.12162058e-05 1.15113079e-04
1.11400510e+02 5.60845795e-02 1.37833742e-02 -6.51853349e-02 2.67054129e-04 4.49941825e-05 7.99922196e-05
1.14099026e+02 5.35752114e-02 1.15615763e-02 -5.42107190e-02 4.91976956e-05 2.84541939e-04 2.53790222e-04
1.16810541e+02 5.21415052e-02 1.86134714e-02 -5.09107219e-02 1.37037107e-04 3.90320264e-04 8.60197888e-05
1.19501494e+02 5.09370832e-02 1.17467366e-02 -5.38658328e-02 1.50704469e-04 2.78566393e-04 1.62163444e-04
1.22204088e+02 5.96796494e-02 4.64059241e-03 -5.03722453e-02 9.97916343e-05 1.94550712e-04 2.56802990e-04
1.24908010e+02 6.50854101e-02 1.12414992e-02 -4.95840999e-02 1.20337366e-04 2.43750660e-04 5.21678011e-05
1.27598385e+02 7.21515926e-02 6.73845018e-03 -4.61117588e-02 1.00030818e-04 1.81636251e-04 1.20087609e-04
1.30292666e+02 7.24890061e-02 7.66592122e-03 -4.79977154e-02 2.54722447e-04 1.97074346e-04 1.52229835e-04
1.33006198e+02 6.88434104e-02 1.05924237e-03 -3.14912160e-02 4.76370745e-05 1.92562888e-04 2.35968874e-04
1.35706213e+02 7.53604039e-02 1.31897304e-03 -1.90621161e-02 1.39160818e-04 1.60336199e-04 9.34834540e-05
1.38406916e+02 7.40747116e-02 7.57020717e-03 9.78097856e-03 1.69361525e-04 2.51888858e-04 1.03810444e-04
1.41108401e+02 6.91407492e-02 8.10566483e-03 2.90986448e-02 2.36792487e-04 2.07124624e-04 1.30537316e-04
1.43808838e+02 6.20850725e-02 1.19485730e-02 4.26600301e-02 7.45799273e-05 2.99057861e-04 2.42695118e-05
1.46501916e+02 7.20142583e-02 6.48115739e-03 4.79618928e-02 1.94577364e-04 4.11514666e-04 9.37995987e-06
1.49204604e+02 6.97099641e-02 1.87917000e-02 4.04409685e-02 8.38747455e-05 5.06783737e-04 9.72929876e-05
1.51916135e+02 7.28872138e-02 2.96534325e-03 4.19611316e-02 1.71325036e-04 1.82244777e-04 8.32589310e-05
1.54624182e+02 7.31521164e-02 -1.13433095e-03 4.67072370e-02 3.18501148e-04 2.57872195e-04 1.18318005e-04
1.57317807e+02 7.25661803e-02 1.76354940e-05 4.00118961e-02 1.88828042e-04 1.95873559e-04 2.31986863e-04
1.60018885e+02 7.06765998e-02 8.53435478e-05 4.20000980e-02 9.99015520e-05 3.41686742e-04 9.80734520e-05
1.62728166e+02 6.56284299e-02 -2.61106707e-03 5.23652388e-02 6.46098475e-05 4.02772250e-04 3.29500830e-05
1.65431760e+02 7.36711657e-02 -7.39854302e-04 5.15503658e-02 1.55855976e-04 1.69114209e-04 1.49693168e-04
1.68135698e+02 6.57930188e-02 1.03619026e-03 4.78399492e-02 1.57161189e-04 2.34077884e-04 1.56411185e-04
1.70849229e+02 5.40440745e-02 2.53142957e-03 5.24968522e-02 1.99873180e-05 1.06479571e-04 1.16918897e-04
1.73532635e+02 6.78204117e-02 -1.19541808e-03 5.78377627e-02 2.19354880e-04 3.36412331e-04 9.44046866e-05
1.76242979e+02 5.58469044e-02 2.44071753e-04 5.97215042e-02 1.07795682e-04 1.74592034e-04 3.11845380e-05
1.78945557e+02 5.15410778e-02 -5.77801141e-03 6.24569979e-02 5.22974790e-05 3.02509424e-04 4.37583867e-05
1.81645135e+02 5.61333148e-02 -6.89102383e-03 5.98600877e-02 5.25971469e-05 2.40112874e-04 1.22789190e-04
1.84334385e+02 6.84935978e-02 -4.95071748e-03 5.18990790e-02 1.06271572e-04 3.82290075e-04 7.51613899e-05
1.87034041e+02 6.86995966e-02 5.31301131e-04 4.76900986e-02 3.43868890e-05 1.31775093e-04 6.16165663e-05
1.89734869e+02 6.83605679e-02 3.67515915e-04 5.28616111e-02 1.67433520e-04 2.05950792e-04 1.00822305e-04
1.92428135e+02 5.74066654e-02 5.59501676e-03 5.30314285e-02 1.27552937e-04 2.90951016e-04 1.92270970e-05
1.95131088e+02 4.99536851e-02 2.18115438e-03 5.45790523e-02 1.64723786e-04 8.49242030e-05 4.39401004e-05
1.97830416e+02 5.60140757e-02 -4.30676271e-03 5.03118814e-02 9.76381390e-05 1.13954852e-04 7.36494610e-05
2.00529713e+02 5.59482198e-02 -1.05462823e-02 6.33972155e-02 2.57229307e-04 2.64022208e-04 2.12448144e-04
2.03226619e+02 5.79517574e-02 -7.34265060e-03 5.20178790e-02 1.55360083e-04 8.42237670e-05 1.58013983e-04
2.05935479e+02 6.11948252e-02 -8.68318786e-03 4.02431861e-02 2.22702777e-04 1.91956243e-04 6.82231079e-05
2.08642338e+02 7.12438787e-02 -3.40067771e-03 2.96646502e-02 6.37494765e-05 1.02159135e-04 2.67203724e-04
2.11340557e+02 6.61831319e-02 1.00717673e-03 2.93531060e-02 2.03609924e-04 3.85918525e-04 1.63483277e-04
2.14044619e+02 6.18052679e-02 -1.37958033e-03 2.95857339e-02 2.45181050e-04 2.57747486e-04 2.13558332e-04
2.16757166e+02 6.27265740e-02 -1.10853829e-02 4.75445193e-02 1.46005169e-04 6.33815154e-04 1.37613180e-04
2.19460948e+02 6.10389580e-02 -1.13774105e-02 4.08279740e-02 1.02609222e-04 2.90710724e-04 3.10898023e-05
2.22164557e+02 5.68681652e-02 -3.91103169e-03 5.16648445e-02 1.56950614e-04 4.77545156e-04 6.54635778e-05
2.24883932e+02 6.42344648e-02 -2.46278458e-03 4.93421594e-02 2.29149738e-04 3.57710003e-04 8.33639330e-05
2.27576479e+02 6.43558928e-02 -4.67173832e-03 5.35485233e-02 1.03260938e-04 1.59307629e-04 2.32217245e-04
2.30277713e+02 5.78990435e-02 -2.02901803e-03 4.78827398e-02 1.53200773e-04 2.32396682e-04 2.78566050e-04
2.32984823e+02 5.93234296e-02 -4.11634596e-03 5.23751451e-02 1.68494703e-04 5.79820151e-05 1.02009216e-04
2.35684901e+02 6.71820101e-02 -7.21331450e-04 5.55575798e-02 1.29702495e-04 3.68479076e-04 1.06918812e-04
2.38384557e+02 6.81128594e-02 -5.92894788e-03 5.32064266e-02 5.08161774e-05 1.88546842e-04 1.74440614e-04
2.41093088e+02 5.89759809e-02 -8.58866118e-03 6.03809385e-02 9.50887942e-05 2.21642755e-04 9.79127076e-05
2.43790791e+02 4.11657556e-02 -1.27559038e-02 6.10716558e-02 1.02096354e-04 3.31505659e-04 9.15264975e-05
2.46480916e+02 3.53534418e-02 -1.47332727e-02 6.72654067e-02 9.72874824e-05 1.93067248e-04 8.83108511e-05
2.49176619e+02 4.07372239e-02 -2.27006359e-02 6.58125910e-02 9.00247505e-05 3.83551943e-04 2.44649308e-05
2.51885119e+02 3.61513104e-02 -8.96514677e-03 6.62740362e-02 8.22685443e-05 3.26540394e-04 9.83539707e-05
2.54588448e+02 4.92987756e-02 -1.26569712e-02 5.58495697e-02 6.87016498e-05 2.71739241e-04 8.52245776e-05
2.57290323e+02 5.71765173e-02 -1.32698701e-03 5.92494944e-02 1.71317527e-04 2.05979236e-04 1.70699814e-04
2.59991385e+02 4.92029778e-02 -4.74664168e-03 4.36022940e-02 1.25309276e-04 2.34669120e-04 1.29930492e-04
2.62710213e+02 4.95261064e-02 -4.65024154e-03 4.21446112e-02 1.37110740e-04 1.50176972e-04 1.10322496e-04
2.65402385e+02 5.94231777e-02 2.32094683e-03 4.56460934e-02 1.39328880e-04 3.74109531e-04 1.31533606e-04
2.68106257e+02 6.49977144e-02 -2.73751072e-03 4.49832345e-02 1.32314463e-04 1.53644500e-04 1.03673113e-04
