7.14431236e-01 6.11615802e-02 -1.23283284e-02 5.93123355e-02 2.11095770e-04 9.68450808e-05 7.63494462e-05
3.41167820e+00 7.09916740e-02 -7.90068956e-03 5.29207265e-02 8.60778376e-05 3.03567438e-04 1.14474518e-04
6.10134992e+00 6.50853485e-02 -8.50125393e-03 5.67751841e-02 1.03707661e-04 2.23069987e-04 5.25133770e-05
8.80072867e+00 6.72881725e-02 -3.65304133e-03 5.11135989e-02 9.61065090e-05 5.30193345e-04 8.36590760e-05
1.14964662e+01 7.37350323e-02 1.55928605e-03 4.54744587e-02 8.85152172e-05 2.05791791e-04 4.54852428e-05
1.41980709e+01 7.46199113e-02 8.86674915e-03 2.99563415e-02 1.70898295e-04 1.86350813e-04 2.57195211e-04
1.68883146e+01 7.92032353e-02 1.70519693e-02 1.96855836e-02 1.29206959e-04 1.59190796e-04 1.34981858e-04
1.95815365e+01 7.74558220e-02 8.45908350e-03 1.35884123e-02 3.73724861e-05 1.47651776e-04 2.41062476e-04
2.22681615e+01 8.47321083e-02 1.28981884e-02 2.24933683e-03 9.20385418e-05 4.83139939e-04 1.67561780e-04
2.49627365e+01 8.65863295e-02 6.00032638e-03 -2.03033127e-03 1.12716093e-04 2.68401696e-04 1.25552571e-04
2.76480240e+01 8.33005793e-02 1.10975812e-02 -1.69130360e-02 1.08704863e-04 2.76187475e-04 1.28131616e-04
3.03566490e+01 7.17641423e-02 8.49795591e-03 -3.64484857e-02 7.57274868e-05 3.47629469e-04 8.24017706e-05
3.30672740e+01 6.58990622e-02 3.71232124e-03 -4.29276017e-02 3.38241576e-05 2.45680772e-04 1.69409702e-04
3.57721771e+01 6.07326054e-02 -2.28041874e-03 -5.50307922e-02 5.34632053e-05 6.80772162e-04 5.56696606e-05
3.84712052e+01 6.44608314e-02 -7.60191975e-03 -5.24249075e-02 3.28145206e-04 1.03521333e-03 9.04311868e-05
4.11741552e+01 7.05123936e-02 -7.92747998e-03 -4.76123737e-02 1.38103568e-04 8.98417057e-04 2.51128098e-04
4.38734443e+01 7.33486468e-02 -8.99263219e-03 -4.95286130e-02 3.91472493e-05 1.38185217e-03 7.68819567e-05
4.65655334e+01 6.31897828e-02 2.17765519e-03 -4.11788612e-02 3.50126803e-05 3.88761167e-04 6.91144344e-05
4.92642162e+01 6.59999294e-02 1.86488930e-03 -4.33291075e-02 5.25588292e-05 5.78923194e-04 1.23104609e-04
5.19530224e+01 6.38934755e-02 -3.50677586e-03 -5.14925319e-02 7.22692646e-05 3.05041865e-04 9.18209468e-05
5.46601521e+01 6.60843753e-02 5.50208590e-04 -6.48644220e-02 5.48653007e-05 3.02261320e-04 6.78582348e-05
5.73629334e+01 6.39087289e-02 -4.40864753e-03 -5.89071327e-02 4.15537936e-05 1.58951043e-04 1.60987774e-04
6.00689271e+01 5.08236411e-02 -4.80599551e-03 -6.07569198e-02 3.93701747e-05 3.03430827e-04 7.35495053e-05
6.27608552e+01 4.49782762e-02 -5.88354823e-03 -6.30031671e-02 6.10188352e-05 3.53954496e-04 1.44272808e-04
6.54750849e+01 4.19526375e-02 8.80951383e-03 -6.57753505e-02 1.39900012e-04 2.53196028e-04 3.47893002e-05
6.81715240e+01 5.60352510e-02 5.05662209e-04 -6.68151012e-02 5.03133508e-05 2.70145174e-04 2.07021216e-04
7.08901755e+01 4.99091712e-02 8.59314157e-03 -6.20523263e-02 3.13963370e-04 1.08643332e-04 1.29430425e-04
7.35912443e+01 5.78527662e-02 1.10979370e-03 -6.47745172e-02 9.19405855e-05 1.03092600e-04 1.01094207e-04
7.62879365e+01 6.74094388e-02 5.29146293e-04 -5.52344118e-02 3.21372737e-05 4.02884556e-04 6.86804108e-05
7.89978318e+01 6.10226544e-02 8.53893341e-04 -5.44481977e-02 1.33046061e-04 4.56389755e-04 9.83096325e-05
8.16969865e+01 5.59878977e-02 1.19840993e-03 -5.40120183e-02 1.44956142e-04 6.86077047e-04 3.57520883e-05
8.44005568e+01 5.77391509e-02 -2.69940017e-03 -5.71429235e-02 7.44205975e-05 1.25355175e-04 1.35918518e-04
8.71035740e+01 5.96095529e-02 -7.91095084e-03 -5.44231461e-02 2.77263436e-04 1.08707466e-04 2.06334506e-04
8.98050552e+01 5.85404208e-02 -4.95701342e-03 -5.64361628e-02 9.87850095e-05 5.67518331e-05 1.61407903e-04
9.24980537e+01 6.99497326e-02 -5.76163803e-03 -5.08874555e-02 7.78117128e-05 3.36766125e-04 2.05187602e-04
9.51955193e+01 6.26297009e-02 -2.84805078e-03 -5.95282267e-02 1.62964257e-04 6.94867493e-04 3.60457907e-04
9.78951943e+01 6.30618082e-02 2.19696013e-03 -6.73633752e-02 2.01155618e-04 3.44848142e-04 1.25307372e-04
1.00592510e+02 6.17660152e-02 2.48058648e-03 -6.15937425e-02 5.45271244e-05 1.62761519e-04 2.39099228e-04
1.03295260e+02 6.01921760e-02 2.10341133e-03 -6.25122438e-02 5.05016127e-05 1.72870862e-04 8.32739734e-05
1.05997979e+02 6.63209806e-02 2.66353617e-03 -5.63023358e-02 1.41304984e-04 3.03214258e-04 1.92220783e-04
1.08695322e+02 5.90053908e-02 7.08692254e-03 -6.51064332e-02 7.60517766e-05 2.00479313e-04 1.43930566e-04
1.11392135e+02 5.40538769e-02 6.80245946e-03 -6.60544765e-02 6.00713670e-05 1.49322398e-04 4.94946587e-05
1.14092635e+02 5.84157920e-02 8.97838390e-03 -6.61955424e-02 1.11700081e-04 3.86564817e-04 1.09611195e-04
1.16783416e+02 6.57018204e-02 8.84800357e-03 -6.72225744e-02 9.47530368e-05 5.00919784e-04 1.06309709e-04
1.19480307e+02 6.37752675e-02 9.44523619e-03 -6.03144255e-02 2.81051035e-05 5.57199790e-04 2.21500269e-04
1.22189276e+02 6.88802663e-02 1.23687458e-02 -5.64860687e-02 5.08492883e-05 8.85372791e-04 1.31121175e-04
1.24898026e+02 5.70823476e-02 1.42148956e-03 -5.50895490e-02 1.41439689e-04 6.26913491e-04 6.03563610e-05
1.27597557e+02 6.24152630e-02 6.05978172e-04 -4.78510799e-02 1.67485552e-04 8.82124530e-04 1.17393173e-04
1.30293901e+02 6.71666706e-02 1.22957595e-03 -4.01665136e-02 5.91511547e-05 5.87731235e-04 4.94906909e-04
1.32998385e+02 7.49297037e-02 3.72625869e-03 -3.27597509e-02 3.19230682e-04 5.06784822e-04 1.20560095e-04
1.35709354e+02 7.70896101e-02 9.23316474e-03 -2.96614179e-02 1.85113392e-04 6.09280261e-04 9.61394445e-05
1.38401510e+02 7.91856651e-02 7.52639996e-03 -1.06438630e-02 9.04086056e-05 8.45167455e-04 2.93444314e-04
1.41106807e+02 7.87080789e-02 8.98297539e-03 -1.61555400e-03 1.05742399e-04 1.39913127e-03 2.38248647e-04
1.43804651e+02 7.81255490e-02 2.98503523e-03 2.18820366e-02 2.34001219e-04 8.65391196e-04 1.58831313e-04
1.46511619e+02 6.59427006e-02 -3.86122339e-03 4.11473223e-02 1.06044308e-04 5.13354218e-04 7.08917930e-05
1.49214151e+02 6.20006953e-02 -3.28374830e-03 5.61372137e-02 3.52355791e-05 3.61063747e-04 7.72516535e-05
1.51917901e+02 6.27955541e-02 -1.08156476e-03 5.19558849e-02 1.14032641e-04 7.48684945e-04 1.30134180e-04
1.54618994e+02 6.05468797e-02 9.59851583e-03 5.02482859e-02 2.75821396e-04 2.20912903e-04 1.36467478e-04
1.57325713e+02 6.40102813e-02 1.46799185e-02 4.95266867e-02 9.29443579e-05 1.12168652e-04 1.12725450e-04
1.60031666e+02 6.87802315e-02 1.39210135e-02 3.76961410e-02 6.01761946e-05 8.64965046e-05 4.83979683e-05
1.62741182e+02 6.76371629e-02 1.72366634e-02 4.50132711e-02 8.54972825e-05 2.21163916e-04 1.71571602e-04
1.65444916e+02 7.12615685e-02 1.73192051e-02 4.14566947e-02 2.45300611e-04 1.20486992e-04 8.97397026e-05
1.68142807e+02 7.21758110e-02 5.54488095e-03 4.34383115e-02 4.20419348e-05 1.88027547e-04 1.58730822e-04
1.70834197e+02 7.21056944e-02 2.85577268e-03 4.20092574e-02 1.61509196e-04 1.89569387e-04 7.21181058e-05
1.73542104e+02 7.02556879e-02 2.86429767e-04 4.15501815e-02 4.07223689e-04 9.64200643e-05 3.66556251e-05
1.76236307e+02 6.84624892e-02 -1.28945330e-03 3.77683380e-02 8.23649456e-05 6.85564656e-05 9.96074691e-05
1.78934229e+02 7.68987653e-02 -1.37493112e-03 3.80834452e-02 1.36441084e-04 2.05945666e-04 8.67911533e-05
1.81637760e+02 7.19782809e-02 -3.04465489e-03 3.69431147e-02 3.40728178e-05 1.92419672e-04 1.50020356e-04
1.84330744e+02 6.64149515e-02 -1.17848479e-02 4.52145281e-02 5.64979116e-05 1.84708342e-04 3.23762370e-05
1.87035666e+02 6.25709783e-02 -9.32269815e-03 5.71620152e-02 1.85691412e-04 2.89516279e-04 6.69107325e-05
1.89735432e+02 6.17411323e-02 -1.86590221e-02 5.35228039e-02 1.62366470e-04 3.26049684e-04 3.64458008e-05
1.92435322e+02 6.49905974e-02 -1.15165607e-02 6.24030803e-02 1.48996418e-04 2.53264556e-04 2.35381873e-04
1.95126947e+02 6.57252234e-02 -1.64069716e-02 6.70533947e-02 8.99458026e-05 3.58908055e-04 8.63972236e-05
1.97828166e+02 6.39881009e-02 -8.60682822e-04 6.41593546e-02 8.42091509e-05 4.68498613e-04 1.35576148e-04
2.00526354e+02 5.42307328e-02 -2.18704278e-04 6.20307694e-02 9.40028949e-05 3.81601443e-04 1.70140186e-04
2.03237041e+02 6.36515234e-02 5.63838697e-03 5.16059808e-02 1.57366344e-04 6.22980387e-04 2.81043636e-04
2.05934854e+02 6.79198368e-02 3.77123800e-03 6.05846323e-02 3.73667430e-05 6.29586042e-04 1.53755462e-04
2.08631510e+02 6.27855317e-02 2.95767016e-03 6.19132741e-02 9.15936006e-05 2.25470584e-04 7.77263276e-05
2.11328869e+02 6.74056641e-02 -7.38792382e-03 4.84297187e-02 1.38009222e-04 1.76369209e-04 1.90891949e-04
2.14037682e+02 6.96220808e-02 -4.47890131e-03 4.63283881e-02 1.59621710e-04 2.59607929e-04 2.50950192e-04
2.16758026e+02 7.41657711e-02 6.59015402e-03 4.65771702e-02 1.60790629e-04 3.63719220e-04 1.63794619e-04
2.19465338e+02 7.02591089e-02 6.29966258e-03 5.43825059e-02 1.56749966e-04 3.93284128e-04 1.94086834e-04
2.22180557e+02 6.40734160e-02 6.69622007e-05 5.68882652e-02 1.05538685e-04 4.85039619e-05 5.89057752e-05
2.24871447e+02 6.24422015e-02 -1.45441782e-04 5.55534364e-02 1.85218642e-04 1.17222703e-04 3.21321616e-04
2.27580354e+02 6.13042992e-02 2.58740670e-03 5.99591840e-02 1.06616283e-04 1.66277188e-04 4.84692980e-05
2.30270338e+02 6.14656376e-02 -1.48652351e-03 5.44602947e-02 1.45673352e-04 2.23813565e-04 6.22426030e-05
2.32973588e+02 5.71219104e-02 -2.55028113e-04 6.68642787e-02 1.08304567e-04 1.18821054e-04 2.20154746e-04
2.35679338e+02 5.22026264e-02 -1.25316929e-03 7.05506661e-02 2.47274634e-04 2.43471682e-04 8.46615831e-05
2.38382322e+02 5.13519810e-02 -1.58676413e-03 6.46672179e-02 1.17284925e-04 1.00934688e-04 1.60021177e-04
2.41090369e+02 5.49460846e-02 -1.35843172e-02 5.81778187e-02 1.87789237e-04 1.73098285e-04 6.20109237e-05
2.43802401e+02 7.17549657e-02 -6.42181803e-03 5.43537443e-02 9.27734104e-05 2.38662438e-04 1.27863646e-04
2.46496994e+02 7.84108498e-02 -5.51586340e-03 5.20761572e-02 1.90741360e-04 1.10491546e-04 5.16331758e-05
2.49202682e+02 7.52201880e-02 -3.73408161e-03 5.51387570e-02 1.03809019e-04 2.99236526e-04 6.40305913e-05
2.51906057e+02 6.48399442e-02 -5.66364705e-03 7.03210236e-02 1.71972535e-04 1.12803298e-04 6.65994799e-05
2.54602354e+02 5.20568330e-02 -8.30089952e-03 7.12383590e-02 7.07206161e-05 1.92969264e-04 1.72710503e-04
2.57302041e+02 3.83470465e-02 -1.38003578e-02 7.23184863e-02 8.39228263e-05 2.80862006e-04 1.03453029e-04
2.59997822e+02 4.32322373e-02 -4.65356886e-03 6.71708691e-02 1.68680856e-04 1.72589200e-04 1.83043160e-04
2.62699807e+02 5.38713420e-02 -8.45205691e-03 6.79994956e-02 3.09365970e-05 1.43792232e-04 6.80662196e-05
2.65396869e+02 5.27716876e-02 -1.69290810e-02 7.02694152e-02 8.24953784e-05 5.69495270e-05 4.82536978e-05
2.68086950e+02 5.38779175e-02 -2.23456715e-03 5.49646751e-02 5.91784826e-05 3.16743891e-04 8.01514486e-05
