7.07775442e-01 5.23445945e-02 -4.94038934e-03 5.89197613e-02 2.98634867e-04 3.32186973e-04 1.06103414e-04
3.39850012e+00 5.58307391e-02 -1.07481412e-02 5.73485770e-02 2.41903656e-04 3.97048683e-04 2.10203863e-04
6.09701902e+00 6.22503933e-02 -7.32396921e-03 5.92469171e-02 3.87125357e-05 4.85522222e-04 4.53945394e-05
8.79164745e+00 6.27556657e-02 -1.33284613e-02 5.55897513e-02 1.29550229e-04 5.26583497e-04 1.13514952e-04
1.14934151e+01 7.34790150e-02 -3.93083835e-03 4.17306339e-02 1.36695984e-04 4.33404301e-04 2.08969413e-04
1.41885182e+01 8.16814985e-02 -8.18448077e-03 4.82365483e-02 1.52034253e-04 4.36066009e-04 9.95199150e-05
1.68870120e+01 7.36842927e-02 -6.35802072e-03 3.85241220e-02 1.58408764e-04 3.09499673e-04 1.12997915e-04
1.95912964e+01 8.03710578e-02 -1.71785083e-02 1.63985541e-02 8.56329651e-05 9.78735189e-05 5.93361332e-05
2.22849854e+01 7.59934407e-02 -1.02102929e-02 1.61350338e-03 1.21782580e-04 2.03829351e-04 1.81474619e-04
2.49794151e+01 7.22534142e-02 -7.07465143e-03 -4.00407593e-02 1.07015995e-04 1.95548389e-04 1.78030759e-04
2.76835136e+01 6.71972575e-02 -3.72752074e-03 -5.20482032e-02 1.50421998e-04 3.07441764e-04 5.87032127e-05
3.03732057e+01 6.74866237e-02 8.91487406e-03 -5.93986303e-02 7.06755267e-05 9.00421713e-05 7.00353069e-05
3.30760229e+01 6.48828610e-02 6.21547339e-03 -5.45231612e-02 1.30459108e-04 4.53567325e-04 3.44136183e-05
3.57677542e+01 6.67861189e-02 7.81978858e-03 -5.09320574e-02 6.76373312e-05 3.06663005e-04 6.25536588e-05
3.84623510e+01 7.00923580e-02 2.04015228e-03 -5.13905148e-02 6.43983298e-05 4.66021216e-04 1.77692926e-04
4.11559745e+01 6.68502695e-02 7.22420579e-03 -6.98185136e-02 1.02884473e-04 4.91242919e-05 1.67056460e-04
4.38524776e+01 6.10460288e-02 1.08796905e-02 -6.81752292e-02 2.32670710e-04 4.00732469e-04 2.03434287e-04
4.65447979e+01 5.74846644e-02 9.56135124e-03 -7.15949278e-02 2.18396884e-04 1.02941663e-04 7.45765812e-05
4.92480401e+01 4.85361888e-02 -2.14401212e-03 -6.27689872e-02 5.18570948e-05 2.50562369e-04 1.92973932e-04
5.19522667e+01 5.38212533e-02 -5.70568531e-03 -5.78640978e-02 2.00509570e-04 1.53908501e-04 5.89745937e-05
5.46507261e+01 5.13028137e-02 -9.20456411e-04 -5.96649031e-02 5.52186217e-05 2.55803554e-04 1.36009875e-04
5.73605870e+01 5.31442348e-02 -2.75077361e-03 -5.23374546e-02 1.11265736e-04 2.72248989e-04 1.33237992e-04
6.00605557e+01 5.35927146e-02 -8.73072582e-03 -5.29751505e-02 1.24058893e-04 4.55536761e-04 2.43173424e-04
6.27750651e+01 5.78101213e-02 -1.85953376e-03 -5.74534566e-02 5.02701569e-05 4.21935261e-04 3.74170433e-05
6.54785729e+01 5.79682496e-02 -9.97824928e-03 -5.98369718e-02 1.64791380e-04 1.99791835e-04 3.59376937e-05
6.81767057e+01 5.75643320e-02 -5.44948575e-03 -5.06742746e-02 4.86099010e-05 4.62311557e-04 5.57191840e-04
7.08728120e+01 5.79159652e-02 -1.18262135e-02 -5.45797435e-02 5.29010004e-04 3.23747145e-04 1.86199927e-04
7.35704542e+01 5.96028603e-02 -7.60391389e-03 -5.36373559e-02 1.24504739e-04 5.37860843e-04 3.00205281e-04
7.62837995e+01 5.61275103e-02 -1.29075544e-02 -5.74285720e-02 6.17413849e-05 1.02142451e-03 7.56245693e-05
7.89822620e+01 5.66309746e-02 -1.23752947e-02 -4.90733304e-02 6.48577321e-05 6.90851318e-04 2.76061729e-04
8.16850042e+01 5.48328665e-02 -4.00064865e-03 -4.73610150e-02 1.77080669e-04 1.03655541e-03 1.23311719e-04
8.43810901e+01 5.47929419e-02 -1.70583253e-03 -5.61429191e-02 7.90401457e-05 9.42319650e-04 7.09250335e-05
8.70818761e+01 6.00296040e-02 6.20363512e-03 -5.14546061e-02 1.28676262e-04 4.26555070e-04 1.51293490e-04
8.97923667e+01 6.25588607e-02 1.20128738e-02 -4.13525893e-02 2.75179575e-04 5.20028508e-04 2.22525833e-04
9.24909714e+01 6.69835148e-02 1.31453531e-02 -4.20408385e-02 9.97098124e-05 5.15711015e-04 2.55871750e-04
9.51956698e+01 7.13318862e-02 1.49382583e-02 -3.11867721e-02 1.00359750e-04 2.78090221e-04 2.44194809e-04
9.78907464e+01 7.29531070e-02 8.28403298e-03 -4.61507996e-02 1.73979669e-04 3.21698444e-04 2.99635785e-05
1.00591818e+02 7.30788003e-02 1.13291937e-02 -5.40801966e-02 7.60154798e-05 1.80799122e-04 8.78463693e-05
1.03288537e+02 7.53180347e-02 6.26665918e-03 -5.17637740e-02 9.95323021e-05 3.01488728e-04 3.91502396e-05
1.05979146e+02 7.46029469e-02 -4.80555078e-03 -4.60361245e-02 1.64053255e-04 6.60793114e-04 1.91419872e-04
1.08672787e+02 6.83121453e-02 -6.13028794e-03 -4.12819488e-02 1.42789569e-04 4.49920427e-04 5.03931537e-05
1.11374740e+02 7.20080396e-02 -7.74426426e-03 -4.62057975e-02 2.04101708e-04 4.70348710e-04 2.85414238e-04
1.14074912e+02 7.21203436e-02 -1.03411434e-02 -5.27322549e-02 5.83190615e-05 1.80991450e-04 1.71684658e-04
1.16766834e+02 7.24059132e-02 -9.01172194e-03 -5.98740247e-02 8.31500332e-05 5.72736799e-05 1.67584241e-04
1.19470287e+02 6.31883079e-02 -3.38080561e-03 -5.84113551e-02 6.99754543e-05 2.90035577e-05 5.49686328e-05
1.22165865e+02 5.99238253e-02 -8.91269936e-03 -6.19876583e-02 8.72496310e-05 9.16591374e-05 1.58646409e-04
1.24869318e+02 6.47425873e-02 -9.82977512e-03 -5.92054925e-02 2.52389616e-04 6.80848610e-05 9.22825219e-05
1.27566240e+02 6.29804330e-02 -1.16305013e-02 -5.65387819e-02 9.25631591e-05 1.15970414e-04 8.94659287e-05
1.30269865e+02 6.51880542e-02 -1.10161162e-02 -4.84827457e-02 5.43339377e-05 3.68385391e-05 1.57362311e-04
1.32971537e+02 6.53997949e-02 -1.31955389e-02 -4.55627622e-02 9.95856913e-05 1.52459174e-04 7.09049163e-05
1.35676740e+02 6.66360170e-02 -1.69301498e-02 -3.52141044e-02 8.16144152e-05 1.65425551e-04 8.93944812e-05
1.38390240e+02 7.72120544e-02 -1.04430957e-02 -1.94910652e-02 6.84697622e-05 1.93601247e-04 4.84782095e-04
1.41091537e+02 7.01463838e-02 -6.96034154e-03 4.50857453e-03 1.62255907e-04 1.25137030e-04 1.72436538e-04
1.43788803e+02 7.74377396e-02 2.26155295e-03 2.31516502e-02 3.71547106e-04 2.43161876e-04 6.59618545e-05
1.46498740e+02 6.93886560e-02 1.47825606e-03 4.42630902e-02 1.44418898e-04 1.54727045e-04 1.12975110e-04
1.49200099e+02 6.07961589e-02 5.34424181e-03 4.85595309e-02 4.41607171e-05 4.39741344e-04 6.47918691e-05
1.51901615e+02 6.35639529e-02 -6.46345425e-04 6.38726822e-02 8.14153109e-05 5.24520624e-05 3.48678350e-04
1.54601084e+02 6.19258123e-02 -1.20086562e-03 6.39020947e-02 3.65724637e-04 2.04526667e-04 4.59789403e-05
1.57304131e+02 5.44882810e-02 -5.00798065e-03 6.43714197e-02 1.93896050e-04 2.61184046e-04 1.88188752e-04
1.60006209e+02 4.21068182e-02 -8.22888688e-03 6.80199921e-02 8.93987923e-05 5.36722691e-04 6.75307881e-05
1.62705256e+02 4.92328800e-02 -9.49751339e-03 7.58692088e-02 3.82972219e-05 3.45620536e-04 9.57320027e-05
1.65412053e+02 5.46416290e-02 4.25258431e-04 6.70904939e-02 1.05862566e-04 1.08569228e-04 6.44810414e-05
1.68117365e+02 6.07837744e-02 -4.03135052e-04 5.84095228e-02 4.07273183e-05 5.27646985e-04 2.58629505e-04
1.70814365e+02 4.72728088e-02 4.00616638e-04 5.73796986e-02 1.07069594e-04 3.47727629e-04 1.25303584e-04
1.73515662e+02 5.51255115e-02 1.06109483e-03 6.51860015e-02 1.00639618e-04 5.62778306e-04 1.32225985e-04
1.76207990e+02 5.20261142e-02 -3.42249446e-03 6.90908263e-02 9.63440775e-05 4.88333731e-04 1.87150974e-04
1.78908053e+02 5.17311822e-02 -3.54337592e-03 6.61481950e-02 3.90073767e-05 4.44348112e-04 1.33325805e-04
1.81609193e+02 6.20813120e-02 -6.86227464e-04 6.40861383e-02 1.20295897e-04 3.10947021e-04 2.62987430e-05
1.84312568e+02 6.65483543e-02 5.12113040e-03 6.90852069e-02 7.31684626e-05 1.53054093e-04 1.01411971e-04
1.87006037e+02 6.54678983e-02 1.03487201e-02 5.56414988e-02 1.41049206e-04 8.77111066e-05 8.90162108e-05
1.89705381e+02 6.82004584e-02 1.25240964e-02 6.15874647e-02 5.39977774e-05 8.33787557e-05 4.00145528e-05
1.92406349e+02 7.22998046e-02 1.23882464e-02 5.88369589e-02 1.11287734e-04 3.52165006e-04 7.51379251e-05
1.95107896e+02 6.60759565e-02 8.93643172e-03 5.33993353e-02 1.83079065e-04 1.55790024e-04 8.79728630e-05
1.97812256e+02 6.08244664e-02 7.74677896e-03 5.61689256e-02 1.67540063e-04 3.68929574e-04 1.00118062e-04
2.00511803e+02 6.12775021e-02 1.29710128e-02 5.18291135e-02 1.49830742e-04 4.25113211e-04 7.80356595e-05
2.03227240e+02 5.55896728e-02 1.09395258e-02 5.70965941e-02 2.58891547e-04 2.50188724e-04 1.83355620e-04
2.05921209e+02 5.08626320e-02 8.47676522e-03 6.45601904e-02 9.59875324e-05 5.37325862e-04 1.37362125e-04
2.08621818e+02 4.59460595e-02 8.25796852e-03 7.79326393e-02 7.51201537e-05 3.16629415e-04 4.02735078e-05
2.11314396e+02 4.38833035e-02 -5.84037354e-05 8.61889467e-02 6.98709623e-05 5.54588653e-04 1.98504239e-04
2.14014693e+02 4.16156135e-02 5.62573860e-03 8.05035057e-02 1.03708386e-04 1.45604711e-04 1.04738737e-04
2.16711131e+02 5.14887259e-02 5.51361828e-03 8.34624242e-02 6.41688903e-05 1.17339382e-04 5.19058668e-05
2.19409631e+02 4.07003891e-02 -2.97669761e-05 7.82842323e-02 9.23100851e-05 5.98866146e-05 1.13318532e-04
2.22118521e+02 3.42550422e-02 2.12368673e-05 7.53544178e-02 2.70288856e-04 1.64665634e-04 9.88809289e-05
2.24816334e+02 3.64934093e-02 8.38801321e-04 7.37625614e-02 2.04020665e-04 7.96297671e-05 2.14521446e-04
2.27524303e+02 3.85931925e-02 3.63379654e-03 6.49034773e-02 2.82594151e-04 3.60134013e-04 7.46175426e-05
2.30227506e+02 4.75431471e-02 6.01923434e-03 6.20718782e-02 6.55747493e-05 2.66508300e-04 2.86438340e-04
2.32924068e+02 5.66206078e-02 1.58078624e-02 6.60180343e-02 7.30950669e-05 1.07835711e-04 1.43927268e-04
2.35634193e+02 5.57358125e-02 1.13158591e-02 6.74982311e-02 1.62396529e-04 1.57994806e-04 9.35745489e-05
2.38356224e+02 5.39705354e-02 3.36944636e-03 7.33326379e-02 2.54294746e-05 6.74348094e-05 2.65270669e-04
2.41065787e+02 4.63000238e-02 -2.67183263e-04 6.25706902e-02 3.36918824e-04 1.93096698e-04 1.56510755e-04
2.43759943e+02 4.47310208e-02 -1.37476713e-03 6.92482939e-02 9.59155570e-05 1.48343244e-04 4.04437589e-05
2.46465412e+02 5.04047949e-02 4.44197163e-03 6.58915584e-02 7.90333683e-05 3.10230452e-04 7.93277273e-05
2.49156365e+02 5.96768306e-02 2.28768406e-03 6.73213496e-02 8.96387009e-05 3.94586395e-04 1.68309599e-04
2.51847178e+02 6.24607204e-02 5.87874599e-03 5.93228626e-02 1.02830222e-04 2.77344642e-04 1.02528598e-04
2.54550865e+02 6.28635874e-02 -6.71922755e-03 5.08048138e-02 7.31348319e-05 3.16629646e-04 1.23627560e-04
2.57251818e+02 6.71303270e-02 -8.27851197e-03 4.68115260e-02 2.28034817e-04 2.55839663e-04 1.94368924e-04
2.59949349e+02 7.01281894e-02 -1.45908026e-02 5.11145523e-02 1.50030957e-04 2.47108860e-04 8.91271831e-05
2.62648662e+02 6.98178847e-02 -8.52405954e-03 5.94529600e-02 2.25902484e-05 2.84669600e-04 2.62002216e-04
2.65336084e+02 6.25401344e-02 -1.34433233e-02 6.54378300e-02 9.97170181e-05 1.23001587e-04 6.94431169e-05
2.68050177e+02 5.16700318e-02 -1.20677509e-02 6.67166532e-02 1.38396350e-04 3.38381600e-04 1.20646421e-04
