7.00094661e-01 6.72709128e-02 3.93435634e-03 4.26529677e-02 2.71264189e-04 2.21238122e-04 9.39942060e-05
3.39622346e+00 6.65828534e-02 1.09383782e-04 5.13358109e-02 8.25029068e-05 1.40909860e-04 1.40060943e-04
6.09921877e+00 5.59231542e-02 -3.07798196e-03 6.41514147e-02 1.35022173e-05 7.83953719e-05 1.29355012e-04
8.80830643e+00 4.28547376e-02 -8.02548115e-03 6.72090409e-02 7.52130130e-05 1.04293960e-04 7.31671079e-05
1.15114549e+01 5.42268226e-02 -6.67582404e-03 6.38731604e-02 1.42388711e-04 7.44988294e-05 1.53690979e-04
1.42033283e+01 6.36395012e-02 -9.73132274e-03 5.02783650e-02 2.30411003e-04 1.31871748e-04 1.30004202e-04
1.69057205e+01 6.71729642e-02 -3.88805354e-03 2.72935253e-02 3.85401701e-05 1.79425058e-04 1.58272898e-04
1.95971236e+01 7.23303921e-02 3.22283210e-05 1.13303751e-02 9.91247956e-05 1.60334752e-04 1.00355108e-04
2.22871174e+01 7.73636177e-02 8.26405973e-03 -2.05704538e-02 3.51562601e-05 4.14952547e-04 1.48940980e-04
2.49762002e+01 7.52563428e-02 3.80965418e-03 -3.66999114e-02 7.56108216e-05 4.99894933e-04 1.95955095e-04
2.76760908e+01 7.08896066e-02 -9.53757255e-04 -4.93318512e-02 5.77463454e-05 1.61703000e-04 3.15505555e-05
3.03648486e+01 7.44601943e-02 -7.12009764e-03 -5.37642813e-02 2.40388986e-05 1.40946259e-04 2.41318267e-04
3.30699471e+01 7.41021194e-02 -1.16038806e-02 -6.33615345e-02 5.82107903e-05 2.40567418e-04 1.24964253e-04
3.57740424e+01 6.57328034e-02 -8.33119203e-04 -6.60350689e-02 3.85536117e-05 5.09077284e-05 1.83774808e-04
3.84734267e+01 5.58849058e-02 -4.22840908e-03 -7.35126900e-02 9.76197846e-05 1.83813030e-04 7.12700912e-05
4.11783752e+01 5.24395555e-02 -4.35469603e-03 -6.36453355e-02 1.03509271e-04 1.55006941e-04 2.30016133e-04
4.38689814e+01 5.53377027e-02 -6.10111002e-03 -6.18874868e-02 7.82966305e-05 1.89616029e-04 2.31161119e-05
4.65625486e+01 5.74437660e-02 -3.49354435e-03 -5.84256865e-02 7.11400385e-05 6.66056285e-04 1.08258556e-04
4.92674752e+01 5.31544464e-02 -1.49097287e-03 -6.26344039e-02 6.58443939e-05 2.13773017e-04 1.00349049e-04
5.19791377e+01 4.73094375e-02 -2.30357262e-03 -6.38441252e-02 8.66095299e-05 2.00927866e-04 1.47726459e-04
5.46724705e+01 5.45608558e-02 -3.48238740e-03 -7.56891759e-02 5.61940962e-05 1.32473312e-04 7.13806759e-05
5.73708189e+01 5.38756285e-02 -5.02308028e-03 -5.99890917e-02 6.03608931e-05 1.07276616e-04 8.67035962e-05
6.00735877e+01 5.62814163e-02 -1.31626716e-02 -4.78742957e-02 1.20730234e-04 2.67678119e-05 9.76354627e-05
6.27740517e+01 5.41442121e-02 -1.08686423e-02 -5.72614087e-02 9.05782455e-05 9.09529083e-05 1.58073363e-04
6.54883721e+01 6.19974667e-02 -7.25397868e-03 -6.14268743e-02 2.05336018e-04 1.76006060e-04 8.72304173e-05
6.81704158e+01 6.65160041e-02 -3.05061252e-04 -5.92098151e-02 2.82116756e-04 2.32723385e-04 1.25594060e-04
7.08810861e+01 6.24355403e-02 1.17205360e-03 -5.78391258e-02 1.96718119e-04 1.82871655e-04 1.46506411e-04
7.35874002e+01 5.91944556e-02 1.34626966e-02 -6.18818435e-02 2.41056876e-04 7.95442443e-04 5.05348028e-05
7.62906955e+01 6.07584075e-02 9.91045289e-03 -6.20777571e-02 5.08006074e-05 2.86331610e-04 3.03042347e-04
7.89891299e+01 5.82764110e-02 1.78753447e-02 -5.77481473e-02 1.30098328e-04 7.81311893e-05 8.37780810e-05
8.16788549e+01 6.06141549e-02 2.05373695e-02 -6.56277247e-02 4.89973836e-05 2.97541171e-04 1.50046952e-04
8.43823064e+01 6.64151499e-02 1.02371632e-02 -6.83534426e-02 8.97925048e-05 2.54070209e-04 6.72980237e-05
8.70760346e+01 6.79716745e-02 4.22185243e-03 -6.95475197e-02 1.49139532e-04 2.77098732e-04 9.81007220e-05
8.97684314e+01 6.59895827e-02 -1.08176926e-03 -6.18848595e-02 2.03499037e-04 3.79408842e-04 1.41348240e-04
9.24738502e+01 4.75740968e-02 -1.31038877e-03 -6.04258415e-02 3.40912868e-05 1.06886021e-04 5.01699033e-05
9.51728939e+01 5.55431103e-02 1.76818960e-03 -6.36367762e-02 3.10966040e-04 1.71825929e-04 2.99714841e-05
9.78804236e+01 5.53456572e-02 1.68174826e-04 -6.30108906e-02 2.28008258e-04 1.92810419e-04 4.20013191e-04
1.00578780e+02 5.39673693e-02 -1.00910556e-03 -5.57804280e-02 2.28654361e-04 1.21363136e-04 2.23961230e-04
1.03293436e+02 5.49392981e-02 4.13360777e-03 -6.05562086e-02 9.38623090e-05 1.68124323e-04 4.15305407e-04
1.05991467e+02 5.28424981e-02 6.74777047e-03 -6.67208622e-02 1.41188265e-04 3.86674630e-04 7.92524417e-05
1.08696655e+02 5.43075551e-02 8.67627371e-03 -6.09108686e-02 7.36949391e-05 1.93553515e-04 5.55608355e-05
1.11382733e+02 6.32557581e-02 5.07919771e-03 -6.04870942e-02 9.53919637e-05 1.59341979e-04 8.78667791e-05
1.14086170e+02 6.33744137e-02 3.78760079e-03 -5.20692083e-02 1.13736333e-04 2.39507449e-04 1.83781085e-04
1.16795420e+02 5.74893157e-02 -8.38485945e-03 -5.17474465e-02 1.26605919e-04 1.56563151e-04 3.21741726e-04
1.19486217e+02 6.18909301e-02 -8.55744346e-03 -4.76855680e-02 1.03949940e-04 3.73900977e-04 1.13992138e-04
1.22185264e+02 6.67126663e-02 -1.25732232e-02 -4.55798711e-02 7.65025224e-05 4.13822343e-04 4.25232970e-05
1.24884764e+02 7.02462822e-02 -1.08575819e-02 -4.22259919e-02 1.01010459e-04 1.94495386e-04 1.22733965e-04
1.27587608e+02 6.46915086e-02 -7.00370405e-03 -4.83052970e-02 6.64736619e-05 3.82773737e-04 1.85869194e-04
1.30285155e+02 7.04313455e-02 -7.88200136e-03 -3.88452897e-02 2.42645836e-04 6.21745590e-04 2.63056356e-04
1.32993124e+02 7.15778840e-02 -1.04352032e-02 -3.06132435e-02 6.27556612e-05 5.94786753e-04 1.51205919e-04
1.35701811e+02 7.62296826e-02 -1.42469981e-02 -6.76634869e-03 6.46926047e-05 4.31167610e-04 1.39100830e-04
1.38405983e+02 8.06372827e-02 -1.39298756e-02 4.35740831e-03 2.58945661e-04 8.93533185e-04 2.40985817e-04
1.41102999e+02 8.18239592e-02 -2.60723026e-02 2.04508742e-02 2.96451641e-04 4.67726144e-04 4.37718210e-04
1.43795374e+02 7.41080299e-02 -1.77547842e-02 2.77424049e-02 1.44939013e-04 2.43246110e-04 1.03615125e-04
1.46495014e+02 6.47444551e-02 -1.60276265e-02 4.61329894e-02 6.96396217e-05 1.75352695e-04 5.20222661e-05
1.49198124e+02 5.87920276e-02 -2.09470222e-02 4.12499252e-02 2.20541204e-04 4.93531120e-04 9.80152906e-05
1.51895420e+02 6.03213665e-02 -1.41799630e-02 4.22551619e-02 7.49984069e-05 1.37475117e-04 4.82860512e-04
1.54589514e+02 6.24608610e-02 -4.64693246e-03 6.10917915e-02 4.62227375e-04 3.41923492e-04 3.63083010e-05
1.57298780e+02 5.31531314e-02 -7.23263327e-03 6.09374884e-02 2.44423782e-04 1.54253049e-04 3.00131428e-04
1.59983795e+02 5.78705368e-02 -8.41738383e-03 5.98507414e-02 3.99132433e-05 1.96359083e-04 1.57029378e-04
1.62694342e+02 4.65097334e-02 -9.52728744e-03 6.66721488e-02 5.37019688e-05 2.29697997e-04 9.38511762e-05
1.65395827e+02 3.98591834e-02 -8.29773411e-03 7.18351804e-02 9.72894657e-05 1.00345630e-04 1.57625954e-04
1.68095874e+02 3.33986817e-02 -1.09613371e-02 7.59323130e-02 2.46206826e-04 1.67086492e-04 1.35269657e-04
1.70813249e+02 3.74048510e-02 -9.38508948e-03 7.98041491e-02 2.15551416e-04 2.10599644e-04 3.93504033e-05
1.73514858e+02 4.97070140e-02 -1.96218327e-03 6.87119575e-02 1.89525523e-04 1.56274297e-04 2.15134771e-04
1.76217186e+02 4.42267258e-02 2.32028352e-03 6.12996254e-02 1.00963338e-04 3.52431003e-04 1.17678396e-04
1.78915624e+02 4.68599295e-02 2.90021744e-03 6.43838127e-02 4.52266711e-05 2.32492296e-04 2.10048197e-04
1.81633420e+02 4.93516595e-02 7.49076457e-03 6.79551430e-02 6.97352457e-05 1.42766702e-04 7.55219650e-05
1.84329295e+02 4.93214386e-02 1.22054364e-02 6.56136544e-02 4.11877720e-05 2.04551661e-04 7.02387848e-05
1.87029452e+02 4.75140639e-02 1.17272416e-02 5.95627883e-02 9.88833154e-05 3.66614583e-04 4.70402923e-05
1.89725280e+02 5.37782845e-02 1.01197804e-02 5.12414681e-02 1.30789577e-04 3.15812606e-04 8.54374359e-05
1.92428077e+02 5.37816070e-02 1.32188324e-02 5.47584580e-02 1.92411116e-04 2.56541683e-04 1.80058702e-04
1.95124624e+02 4.72205238e-02 1.62391883e-02 5.32272817e-02 1.41674132e-04 1.80899158e-04 6.50794202e-05
1.97825139e+02 4.16023309e-02 2.01925401e-02 5.90606790e-02 1.79896573e-04 1.37914463e-04 2.50710311e-04
2.00525405e+02 4.38149762e-02 5.68855117e-03 5.53756313e-02 1.14836142e-04 3.66943426e-04 6.09383769e-05
2.03218155e+02 4.67125396e-02 4.27905751e-05 5.58194070e-02 6.16279265e-05 2.94278012e-04 7.80112894e-05
2.05924811e+02 6.05548131e-02 -2.67139276e-03 5.16566574e-02 1.30107902e-04 2.49525635e-04 1.08746639e-04
2.08620139e+02 6.79992870e-02 7.18581098e-04 4.78768830e-02 1.15107516e-04 1.84431328e-04 1.38305379e-04
2.11329874e+02 7.31597532e-02 -4.06339345e-04 4.64247115e-02 4.96816514e-05 2.62959762e-04 5.02787394e-05
2.14024327e+02 7.04978566e-02 1.60177685e-03 5.22126666e-02 1.07331719e-04 1.66682424e-04 5.78894499e-05
2.16722045e+02 5.32944557e-02 5.28243952e-03 5.48200344e-02 1.40042938e-04 1.70275798e-04 1.87439273e-04
2.19440405e+02 4.48734393e-02 1.12639891e-02 6.69609608e-02 6.33484346e-05 7.85970940e-05 6.16053741e-05
2.22148936e+02 4.69368038e-02 4.42149012e-03 7.15346435e-02 1.54343497e-04 1.30136569e-04 1.78821945e-04
2.24863795e+02 4.05673909e-02 9.30818251e-03 7.43007103e-02 1.84762348e-04 1.82437881e-04 7.53088700e-05
2.27557999e+02 3.39056134e-02 1.20809359e-02 6.62676953e-02 1.74729199e-04 1.10444082e-04 1.51162871e-04
2.30247920e+02 3.20807184e-02 6.57073695e-04 6.53153431e-02 5.41599973e-05 2.04928200e-04 7.71565706e-05
2.32937420e+02 3.99049607e-02 -2.65532708e-03 6.25929594e-02 5.64212485e-05 2.90336688e-04 1.04478756e-04
2.35624327e+02 4.40901600e-02 -5.96947916e-03 6.92271487e-02 1.84271663e-04 2.99145424e-04 2.09164367e-04
2.38329983e+02 4.86416396e-02 3.76424823e-03 6.82802349e-02 2.02766217e-04 1.17675013e-04 1.28680879e-04
2.41033499e+02 5.80698575e-02 4.95907078e-03 6.42864514e-02 3.31729660e-05 1.56029473e-04 8.74377093e-05
2.43743780e+02 5.52125048e-02 6.06895152e-03 5.25529269e-02 8.80487267e-05 2.67740292e-04 1.17984775e-04
2.46445077e+02 5.11930960e-02 -2.14082927e-03 5.31499414e-02 8.51945229e-05 3.00430185e-04 2.94846402e-05
2.49138327e+02 4.83279394e-02 -6.11109293e-03 5.05345798e-02 4.69747715e-05 1.90077268e-04 4.31410487e-05
2.51840045e+02 5.24493504e-02 -3.82088148e-03 5.64413862e-02 9.61417572e-05 1.01449953e-04 6.83202701e-05
2.54546483e+02 5.20639285e-02 -1.82482286e-03 6.15003084e-02 9.96595115e-05 3.70621109e-04 6.47650977e-05
2.57247717e+02 5.50814611e-02 8.34842414e-03 6.25648390e-02 7.86866025e-05 1.26928565e-04 5.59557793e-05
2.59955061e+02 6.07376068e-02 1.02508964e-02 5.50776030e-02 1.26455347e-04 1.58413107e-04 8.09078363e-05
2.62647405e+02 6.38469434e-02 1.46521716e-02 4.83892454e-02 1.00970213e-04 1.62210370e-04 8.41744871e-05
2.65345327e+02 6.49460234e-02 5.89904542e-03 4.34171606e-02 5.80148815e-05 1.34026295e-04 1.29279101e-04
2.68045302e+02 7.08283636e-02 5.77350738e-03 4.21211493e-02 2.61846608e-04 2.59414591e-04 4.88295968e-05
