6.55155466e-01 7.85579971e-02 -3.13667966e-05 -3.71312780e-02 7.40191235e-05 7.29484920e-04 1.78237889e-04
3.35222467e+00 7.75637275e-02 4.33993065e-03 -5.32120954e-02 1.11127503e-04 2.39402816e-04 4.24050181e-05
6.05784560e+00 7.47328337e-02 3.34084961e-05 -5.46432891e-02 6.92630811e-05 2.98273089e-04 1.10237298e-04
8.76661404e+00 7.55133731e-02 -9.03111162e-04 -4.31482634e-02 6.44475671e-05 1.71326745e-04 1.63477628e-04
1.14724506e+01 7.92977221e-02 -7.36971467e-03 -3.46765534e-02 9.14770296e-05 3.03786385e-04 5.29910129e-05
1.41655943e+01 8.44042557e-02 -8.30943269e-04 -3.65005635e-02 4.92113910e-05 3.39160706e-04 7.83215764e-05
1.68588069e+01 7.98387221e-02 -6.62233868e-03 -3.15856885e-02 1.76928724e-04 5.20911518e-04 1.40286213e-04
1.95629818e+01 7.12015745e-02 -2.37292771e-03 -3.70039836e-02 1.80985823e-04 2.55223468e-04 4.18055120e-04
2.22709084e+01 6.08192618e-02 -2.20116767e-03 -3.93894020e-02 4.30903714e-05 5.43995336e-04 3.23351361e-04
2.49789928e+01 5.95208227e-02 -2.46312477e-04 -5.10430945e-02 7.92950526e-05 1.49076392e-04 5.22981351e-05
2.76854834e+01 5.71587197e-02 1.82979645e-03 -5.96374679e-02 7.62738578e-05 1.61561436e-04 5.91940351e-05
3.03819178e+01 5.83551843e-02 5.77361898e-03 -5.99405320e-02 1.27245376e-04 1.76914402e-04 4.09706343e-05
3.30885303e+01 6.21138577e-02 -2.09283989e-03 -6.30999821e-02 2.02192237e-04 5.28158573e-04 7.89261957e-05
3.57905256e+01 5.58375165e-02 -3.33185746e-03 -6.47933952e-02 1.95694984e-04 2.41427975e-04 5.98246672e-05
3.84949850e+01 6.73323609e-02 1.44253311e-03 -5.75133494e-02 1.68350783e-04 5.13242659e-04 2.05797743e-04
4.11964990e+01 6.65717176e-02 -2.01113398e-04 -6.07526840e-02 1.26645590e-04 5.29607238e-04 2.68331789e-04
4.38945303e+01 7.10383599e-02 -3.95539082e-03 -4.88197410e-02 3.92218852e-04 5.96830034e-04 2.37183271e-04
4.65890428e+01 6.54299010e-02 -2.37449416e-03 -4.93937969e-02 9.32439668e-05 3.98438745e-04 4.01115876e-04
4.92913131e+01 5.97418829e-02 -8.34704335e-03 -4.21122199e-02 6.46781253e-05 3.69109726e-04 1.28707583e-04
5.19970959e+01 5.46574648e-02 2.50545012e-03 -6.02417672e-02 1.99684326e-04 4.62643058e-04 3.07710727e-04
5.46830553e+01 5.37871665e-02 -5.81971434e-03 -6.32802460e-02 6.26947280e-05 1.88739401e-04 4.89145711e-06
5.73772162e+01 6.55901688e-02 -5.85861741e-03 -5.25568895e-02 1.05018775e-04 2.78020905e-04 4.66559500e-05
6.00861272e+01 6.48301280e-02 -9.47859016e-03 -6.57677165e-02 1.02192697e-04 1.77461643e-04 1.40912671e-04
6.27867303e+01 6.08325860e-02 1.50485727e-03 -6.82047642e-02 4.32808039e-05 7.24211611e-05 6.42548363e-05
6.54911162e+01 5.06540345e-02 -7.85159736e-03 -6.16168387e-02 2.31230978e-05 1.38795346e-04 4.42920744e-05
6.82059959e+01 4.97605597e-02 3.27447326e-03 -5.49698376e-02 9.18743356e-05 1.79868172e-04 6.25843920e-05
7.09020287e+01 5.00077058e-02 -2.95139013e-03 -6.02200579e-02 1.25285813e-04 1.59713103e-04 9.98997766e-05
7.36085850e+01 5.14588914e-02 3.58698390e-03 -6.11240038e-02 9.54253150e-05 1.36227242e-04 1.40024628e-04
7.63092959e+01 5.47376348e-02 -2.93775037e-03 -6.39099590e-02 6.16339132e-05 2.32459256e-04 4.49493737e-05
7.90066459e+01 5.31972950e-02 -1.31243229e-02 -6.07224917e-02 9.71667773e-05 2.12151737e-04 7.99000442e-05
8.17013990e+01 5.60633048e-02 -1.05757882e-02 -6.64077840e-02 3.06298228e-04 1.57793212e-04 1.27337476e-04
8.43982850e+01 5.40097770e-02 -1.12491901e-02 -5.27255947e-02 8.47538497e-05 3.04594359e-04 5.66773245e-05
8.70976256e+01 6.19297440e-02 -6.20886092e-03 -5.55531093e-02 4.01622372e-05 2.56566096e-04 1.41461684e-04
8.97926412e+01 6.41293275e-02 -1.10264340e-02 -6.07229977e-02 4.09405465e-05 1.97960613e-05 7.12317113e-05
9.24921959e+01 5.54564677e-02 -1.10700528e-02 -6.59040534e-02 2.43751492e-05 1.47571104e-04 5.93504186e-05
9.52061365e+01 5.21528701e-02 -7.24525499e-03 -6.17407229e-02 2.14121772e-04 3.24205848e-04 3.14685520e-04
9.79066772e+01 4.57062459e-02 -5.55217072e-03 -7.19261305e-02 9.32046839e-05 2.74351871e-04 1.59612149e-04
1.00618769e+02 4.91367460e-02 -2.48598450e-03 -7.43560103e-02 3.04979723e-04 2.82750811e-04 1.30313633e-04
1.03319597e+02 5.05424647e-02 -3.86849947e-03 -6.57644580e-02 1.35524746e-04 3.84809122e-04 5.14755336e-05
1.06029941e+02 5.86155877e-02 7.64281761e-03 -6.74844057e-02 1.90133113e-04 6.34032366e-04 7.43919351e-05
1.08728644e+02 5.50795061e-02 4.35152373e-03 -5.54893947e-02 3.55312389e-04 4.76362898e-04 4.12048504e-04
1.11421410e+02 6.08237689e-02 2.93979498e-03 -6.49754428e-02 1.13605862e-04 3.48968965e-04 1.11798589e-04
1.14119535e+02 6.86905757e-02 -2.45641182e-03 -6.10774411e-02 4.40167750e-05 3.81143419e-04 6.73653968e-05
1.16831082e+02 7.70077539e-02 -3.48656309e-04 -3.95802587e-02 2.71959760e-04 1.83813405e-04 1.03705248e-04
1.19521113e+02 7.22010426e-02 -5.76905290e-03 -2.84086029e-02 1.29214956e-05 3.96541458e-04 1.78663232e-04
1.22216222e+02 7.69136777e-02 -7.50875245e-03 -3.15394453e-02 8.44963270e-05 3.44845009e-04 1.42695159e-04
1.24906238e+02 8.07871515e-02 -3.45300897e-03 -2.17130806e-02 1.74523460e-04 3.33816359e-04 7.02354854e-05
1.27610097e+02 8.33588137e-02 -7.56722919e-03 -2.12191006e-02 1.43900012e-04 1.43010842e-04 1.11291128e-04
1.30308566e+02 7.37924719e-02 -7.98314478e-03 -2.01661716e-02 7.79503593e-05 6.54463412e-04 8.07702095e-05
1.33008722e+02 7.23477473e-02 -7.56288968e-03 1.57077194e-03 1.09071887e-04 2.79972842e-04 1.14224375e-04
1.35692785e+02 7.07165916e-02 -9.88865799e-03 1.63198235e-02 2.30194552e-04 4.61768122e-04 2.72401328e-04
1.38395691e+02 7.25602090e-02 -1.07525387e-02 3.26030514e-02 9.69337511e-05 4.85074341e-04 1.30357662e-04
1.41083426e+02 8.10055682e-02 -6.60049771e-03 4.14698086e-02 7.36329225e-05 3.59949068e-04 1.43120951e-04
1.43777722e+02 7.70270461e-02 -2.06534816e-03 4.04020198e-02 3.60779920e-04 2.76687684e-04 3.62752239e-04
1.46471066e+02 7.36093371e-02 3.76735829e-03 3.53652161e-02 1.33189269e-04 4.18459636e-04 5.97484693e-04
1.49184316e+02 7.00320521e-02 3.88526722e-03 4.32935029e-02 2.08542282e-04 5.89941765e-04 1.75770856e-04
1.51885004e+02 7.54406502e-02 -1.14111367e-02 4.30063498e-02 8.39923108e-05 2.96436210e-04 6.39570244e-05
1.54582832e+02 7.37392869e-02 -3.64381215e-03 5.97516060e-02 9.63121049e-05 2.01865057e-04 1.32959334e-04
1.57292472e+02 6.44010080e-02 -8.05685946e-03 5.63099495e-02 4.01825670e-05 7.25758486e-05 2.57807442e-05
1.59989441e+02 6.39802119e-02 -1.06273644e-02 6.32580822e-02 6.98921976e-05 3.02222758e-04 8.25180983e-05
1.62688316e+02 6.03393518e-02 -9.50005619e-03 4.97578046e-02 1.74707233e-04 3.29643930e-04 2.50204766e-05
1.65384066e+02 6.08675338e-02 -9.44700044e-03 5.15928715e-02 1.83045519e-04 3.96672091e-04 1.74432927e-04
1.68096785e+02 5.44866497e-02 -3.60918747e-03 4.70509353e-02 6.03219303e-05 5.73776538e-04 2.63248535e-04
1.70794754e+02 3.66385924e-02 -4.79597676e-03 5.28747657e-02 4.54984361e-05 2.01296045e-04 2.38689608e-04
1.73510629e+02 3.38284429e-02 -1.25663423e-02 6.50038665e-02 1.35544385e-04 3.45434765e-04 4.55831900e-05
1.76194144e+02 4.87882609e-02 -8.06441498e-03 7.01392922e-02 7.85749874e-05 3.45349762e-04 1.27073185e-04
1.78894051e+02 5.51905734e-02 -1.14147836e-02 6.43519368e-02 1.59524639e-04 6.22098749e-04 5.93408804e-05
1.81609207e+02 6.45695511e-02 -1.34339949e-02 5.33097702e-02 1.47079142e-04 4.77686806e-04 2.22978844e-04
1.84312769e+02 7.16903994e-02 -1.75840546e-02 4.87023554e-02 8.59145294e-05 3.38930186e-04 1.47395683e-04
1.87012019e+02 7.52973043e-02 -1.72831912e-02 3.98378138e-02 4.85603787e-05 2.48199445e-04 2.04937778e-04
1.89727410e+02 7.35564871e-02 -1.54748606e-02 5.13078181e-02 5.36866392e-05 5.22754196e-04 2.45523033e-04
1.92421894e+02 7.39444042e-02 -1.02609028e-02 4.79729670e-02 5.39868519e-05 1.20465456e-03 1.54869364e-04
1.95120488e+02 7.75491864e-02 -6.60464302e-03 5.14471419e-02 2.46759792e-04 8.92917051e-04 1.51394767e-04
1.97815754e+02 5.79332850e-02 -6.57232596e-03 4.71425855e-02 1.34401493e-04 4.90893900e-04 8.27645222e-05
2.00522910e+02 4.71997106e-02 -4.66354158e-03 5.45414928e-02 5.29611012e-05 4.80044313e-04 2.30806549e-05
2.03216910e+02 4.02605679e-02 -1.27624670e-03 5.88312695e-02 1.32499197e-04 8.86566487e-04 5.80592433e-05
2.05922332e+02 3.64579194e-02 1.47203027e-04 6.34110280e-02 5.22881820e-05 4.74678754e-04 6.95097756e-05
2.08612441e+02 3.28601859e-02 1.14049337e-03 7.35242135e-02 8.38917629e-05 2.26629141e-04 8.24834584e-05
2.11307582e+02 3.72933438e-02 -2.20599000e-03 7.96028454e-02 1.01678881e-04 1.18063451e-04 9.19545334e-05
2.14012472e+02 4.11266431e-02 -1.34185191e-02 6.97630605e-02 3.74681065e-05 1.43933983e-04 9.65807629e-05
2.16719863e+02 4.55495721e-02 -2.12701916e-02 6.05444603e-02 1.68220401e-04 5.27925294e-04 1.77693829e-04
2.19429707e+02 4.87179200e-02 -7.94002973e-03 6.08218105e-02 1.51939434e-04 4.80738451e-04 1.21450858e-04
2.22123238e+02 5.32557904e-02 2.37345104e-03 5.82327684e-02 8.08779927e-05 6.29982439e-04 4.76585856e-05
2.24832019e+02 5.51429426e-02 1.17521054e-02 5.28441270e-02 5.92368751e-05 2.59558474e-04 9.74204733e-05
2.27531004e+02 5.42034759e-02 1.53489911e-02 4.72176567e-02 1.12588384e-04 3.03841183e-04 1.05711759e-04
2.30215426e+02 6.21136567e-02 8.16353260e-03 4.76570258e-02 9.91689121e-05 9.19929011e-04 9.29196585e-05
2.32918347e+02 5.99959467e-02 5.85045333e-03 5.28226135e-02 8.18309198e-05 6.67894658e-04 1.16289569e-04
2.35620488e+02 5.39328262e-02 -2.42180717e-04 5.90590966e-02 9.87413666e-05 2.11905532e-04 3.00542973e-04
2.38323566e+02 4.77326089e-02 -6.14658687e-03 5.58423812e-02 3.29444383e-04 4.69210270e-04 9.63294702e-05
2.41027488e+02 5.57008745e-02 -1.77051418e-02 5.70962509e-02 8.55521835e-05 4.36558692e-04 1.41603879e-04
2.43747488e+02 6.45455038e-02 -1.46658438e-02 5.55541743e-02 2.33408993e-04 2.90642026e-04 1.94900007e-04
2.46429660e+02 7.36483117e-02 -5.74136563e-03 4.92721153e-02 1.13016914e-04 4.61137894e-04 4.75176140e-05
2.49134426e+02 7.36785248e-02 -9.43846933e-03 5.37364341e-02 7.28824159e-05 4.51815251e-04 4.75248245e-05
2.51827566e+02 7.36909288e-02 3.42805785e-03 5.84439990e-02 2.29915541e-05 1.85654660e-04 1.02656900e-04
2.54531613e+02 7.14294695e-02 7.96067542e-03 6.06787274e-02 1.17757894e-04 1.60953628e-04 1.28768284e-04
2.57223222e+02 7.34637984e-02 1.82145363e-03 5.03231209e-02 9.53137026e-05 1.15326615e-04 1.24550247e-04
2.59921332e+02 6.97520075e-02 -6.28087219e-03 4.19177535e-02 4.21221827e-05 2.16578532e-04 3.23318370e-04
2.62608504e+02 7.92771154e-02 -1.58706404e-03 3.10064352e-02 1.11339384e-04 1.95334843e-04 2.04308895e-04
2.65303019e+02 7.72921990e-02 -1.32166355e-03 8.83558355e-03 1.88891898e-04 2.73235297e-04 1.83180047e-04
2.67999589e+02 8.14699268e-02 1.53572257e-03 -1.24196639e-02 8.05933317e-05 6.14716319e-04 6.24788565e-05
