6.71625819e-01 6.00185148e-02 6.50818603e-03 6.92788020e-02 2.30984179e-05 5.51690134e-04 1.83449513e-04
3.37767101e+00 6.39321371e-02 -3.31870664e-03 7.02494159e-02 1.10288051e-04 3.09633639e-04 1.12002021e-04
6.08700524e+00 6.67129786e-02 4.05852864e-03 5.56926279e-02 1.42020981e-04 2.64360824e-04 8.89358513e-05
8.78513493e+00 6.89935289e-02 -2.65115685e-03 4.70528042e-02 9.24633231e-05 1.58511430e-04 1.25493582e-04
1.14890120e+01 7.96842634e-02 1.07405992e-02 3.19594589e-02 1.26566205e-04 6.66598434e-05 1.27641764e-04
1.41906666e+01 7.91067679e-02 1.08861986e-02 1.83752222e-02 4.30693784e-05 2.23583342e-04 1.27758069e-04
1.68866151e+01 8.06745166e-02 1.36092868e-02 -1.50357769e-03 8.12385393e-05 1.12389803e-04 1.34057411e-04
1.95871229e+01 7.93408588e-02 1.71063323e-02 -3.51650888e-02 9.08533417e-05 3.91342389e-04 9.30031914e-05
2.22867057e+01 7.86440292e-02 1.28394800e-02 -4.89982848e-02 5.96352823e-05 8.53803107e-05 2.83630576e-05
2.49817104e+01 7.17638196e-02 1.13854355e-02 -4.41717162e-02 1.04684410e-04 7.79528290e-05 1.72450148e-04
2.76864588e+01 6.65614241e-02 8.42330643e-03 -4.51200258e-02 6.91393826e-05 1.43986776e-04 1.47693430e-04
3.03936307e+01 6.74027678e-02 1.12164655e-02 -4.01585962e-02 1.29837530e-04 2.49191502e-04 9.74537887e-05
3.30930870e+01 6.73123603e-02 1.57718083e-03 -4.42350201e-02 7.08866761e-05 2.45490934e-04 6.10644832e-05
3.58084510e+01 6.96093819e-02 1.39098554e-02 -4.07931048e-02 1.06692256e-04 2.42670872e-04 1.35044813e-04
3.85100166e+01 7.13298298e-02 1.94977594e-02 -4.55926026e-02 7.18059441e-05 1.50859281e-04 1.24681863e-04
4.12014588e+01 7.41494447e-02 1.50609503e-02 -4.68757284e-02 2.16202908e-05 2.44492682e-04 1.55380513e-04
4.38947682e+01 6.86235161e-02 1.82054183e-02 -6.00227398e-02 1.14024351e-04 2.58780361e-04 2.13800922e-04
4.65960995e+01 6.36195810e-02 1.27037782e-02 -5.81673680e-02 1.35993441e-04 3.73112636e-04 5.92274826e-05
4.92883963e+01 6.11480837e-02 1.67157309e-02 -6.46162564e-02 8.14931841e-05 9.98295268e-05 3.42501669e-05
5.19964573e+01 6.02430779e-02 6.84462542e-03 -6.14782033e-02 1.91469282e-04 2.81568568e-04 2.08829310e-04
5.46943791e+01 6.30142844e-02 3.86900815e-03 -6.03145438e-02 2.79313607e-04 1.10584593e-04 9.21840385e-05
5.73949948e+01 6.42427735e-02 7.94036007e-03 -6.08540488e-02 1.46651869e-04 2.98169752e-04 9.13724032e-05
6.00855807e+01 6.11388185e-02 7.05850613e-03 -5.62212056e-02 3.71690421e-05 7.48101029e-04 1.13481938e-04
6.27839588e+01 6.39685622e-02 2.19227745e-03 -5.09119959e-02 9.80966366e-05 4.99450636e-04 4.95534583e-05
6.54747323e+01 6.73309627e-02 -8.79679585e-03 -5.82684130e-02 1.13481917e-04 2.42863978e-04 4.17396162e-05
6.81752432e+01 5.89946426e-02 -1.73943782e-02 -5.04311885e-02 7.76420298e-05 6.74787517e-04 7.61791509e-05
7.08793807e+01 5.12289183e-02 -1.39125024e-02 -4.48355625e-02 1.01544116e-04 6.06763607e-04 7.75022127e-05
7.35700635e+01 5.41110188e-02 -5.41258146e-03 -5.21245417e-02 1.60921193e-04 8.35238751e-04 2.46921799e-04
7.62760541e+01 6.28321373e-02 -5.01674863e-03 -5.79266941e-02 6.61601966e-05 4.44370748e-04 1.32390082e-04
7.89633245e+01 6.10086249e-02 3.89272225e-03 -5.68594775e-02 6.72772742e-05 2.42367763e-04 1.40601803e-04
8.16624479e+01 5.23737710e-02 -1.39181637e-04 -5.52122055e-02 8.29687870e-05 1.55268783e-04 4.29907984e-05
8.43643120e+01 4.65121101e-02 -2.00106029e-03 -5.15491170e-02 8.53964448e-05 4.16094518e-04 1.06467584e-04
8.70660760e+01 5.65398399e-02 4.84251703e-03 -5.24260611e-02 2.10223785e-04 5.54904848e-04 1.26239324e-04
8.97659823e+01 6.21721791e-02 1.20929533e-03 -5.78566890e-02 3.91627356e-05 5.49664100e-04 2.40021259e-05
9.24747666e+01 7.00038312e-02 -5.52117737e-03 -5.76883652e-02 4.88920293e-05 4.78632017e-04 6.14031068e-05
9.51652041e+01 8.07602045e-02 -9.04325482e-03 -6.33206545e-02 2.57234671e-04 5.47605923e-04 1.84777694e-04
9.78701338e+01 7.23180836e-02 -4.51401458e-03 -5.85019517e-02 8.32135106e-05 2.88057412e-04 6.90465019e-05
1.00578595e+02 7.03242290e-02 -4.75926356e-03 -5.82998372e-02 7.58575508e-05 1.56336029e-04 1.54819328e-04
1.03292204e+02 6.43667547e-02 1.39068973e-03 -5.35978197e-02 1.72064098e-04 1.23094057e-04 8.58588316e-05
1.05990657e+02 6.13838454e-02 8.00593640e-03 -6.09273689e-02 9.14273541e-05 2.79402687e-04 2.67045459e-05
1.08693439e+02 5.63436697e-02 7.45260225e-03 -6.47593430e-02 1.17626660e-04 3.47985943e-04 1.73087060e-04
1.11405407e+02 5.60711602e-02 -1.13445637e-03 -6.28687634e-02 7.07089342e-05 1.56712469e-04 6.33431542e-05
1.14099626e+02 5.55970879e-02 -4.38643337e-04 -6.67521671e-02 7.10755648e-05 2.04163302e-04 4.58453475e-05
1.16801532e+02 4.87443510e-02 -6.89892060e-03 -7.43901117e-02 7.57681393e-05 3.54691792e-04 6.13934868e-05
1.19504142e+02 5.71742680e-02 -8.64770072e-03 -7.05351601e-02 1.21542413e-04 2.47490624e-04 9.11437663e-05
1.22202751e+02 5.13863153e-02 -2.70928894e-03 -7.22145616e-02 1.88503019e-04 5.16607546e-04 4.51872374e-05
1.24895548e+02 4.97920488e-02 -5.57153854e-03 -7.24690639e-02 6.39583626e-05 5.75461298e-04 1.76465495e-04
1.27591314e+02 5.58222285e-02 -4.27829080e-03 -6.93572945e-02 9.31574890e-05 2.35499749e-04 9.78965858e-05
1.30296814e+02 5.99113798e-02 -6.79248218e-03 -6.42240024e-02 6.63833845e-05 1.62881436e-04 1.96685131e-05
1.32999860e+02 6.30394697e-02 1.72405651e-03 -5.22751874e-02 7.56197131e-05 1.79254850e-04 1.07280766e-04
1.35688860e+02 6.80545377e-02 -1.95589324e-03 -3.91915390e-02 1.45454836e-04 4.06820141e-04 1.90239481e-04
1.38385517e+02 6.94579560e-02 3.43110716e-03 -2.16885703e-02 1.05520406e-04 5.43802417e-04 6.50228289e-05
1.41070407e+02 7.66142227e-02 -3.33067096e-03 -7.10859716e-03 1.18797064e-04 2.49009996e-04 9.69652682e-05
1.43772814e+02 8.09829993e-02 1.14129038e-03 1.91239706e-02 2.03802593e-04 2.01122237e-04 4.17878275e-05
1.46467954e+02 7.08345050e-02 9.79514189e-03 3.54016148e-02 1.13525918e-04 3.50477789e-04 8.33762693e-05
1.49164251e+02 6.90003339e-02 1.16039221e-02 5.26116496e-02 1.16634228e-04 1.07699943e-04 7.44517518e-05
1.51861767e+02 6.73582739e-02 8.19762500e-03 6.45973653e-02 8.27734306e-05 7.75582537e-05 2.05628458e-04
1.54573032e+02 6.50111322e-02 8.89783470e-03 6.26288827e-02 2.93711863e-04 1.89103804e-04 1.67262641e-04
1.57277204e+02 6.37796783e-02 4.68126124e-03 6.22514396e-02 1.17210357e-04 2.33675840e-04 2.24912779e-04
1.59986376e+02 6.67546166e-02 -1.76821612e-03 6.23542853e-02 2.19219105e-04 2.66649008e-04 2.32460876e-04
1.62678892e+02 6.47816096e-02 1.26711969e-03 6.34515488e-02 1.27179118e-04 8.32247139e-05 1.74380733e-04
1.65369939e+02 5.57366507e-02 4.06515816e-03 6.93600477e-02 1.03270852e-04 1.19258024e-04 1.87684666e-04
1.68078407e+02 5.62785928e-02 6.00883781e-03 5.90956005e-02 1.60784960e-04 1.07340896e-04 1.71280303e-04
1.70775798e+02 6.49103206e-02 6.34292227e-03 5.79271668e-02 1.76175022e-04 2.46662143e-04 1.13954119e-04
1.73465579e+02 6.93613839e-02 3.46605443e-03 5.96140122e-02 9.92833165e-05 1.26525681e-04 4.22694430e-05
1.76173314e+02 6.66938171e-02 -2.73542764e-03 4.60790325e-02 6.81380643e-05 2.33003187e-04 2.02636018e-05
1.78877517e+02 6.54223048e-02 -4.02897822e-03 5.05384513e-02 5.26896043e-05 2.08780011e-04 1.02158056e-04
1.81571689e+02 6.06706654e-02 -1.48420859e-03 5.79900489e-02 8.43134009e-05 1.76899102e-04 6.55878864e-05
1.84292548e+02 6.47205052e-02 3.94342249e-03 5.91367489e-02 7.97159154e-05 2.27339975e-04 4.96573663e-05
1.86997642e+02 6.61465311e-02 -4.23776638e-03 5.68315909e-02 1.19872056e-04 1.66134142e-04 1.71101997e-04
1.89700173e+02 7.37735266e-02 -3.52282802e-04 5.36095821e-02 1.91258662e-04 2.55914071e-04 2.20930939e-04
1.92396454e+02 7.01711847e-02 -9.81339170e-03 5.74483665e-02 1.60739587e-04 1.23445405e-04 2.89162711e-04
1.95114235e+02 6.33328802e-02 -5.51202006e-03 6.29833912e-02 5.82018669e-05 1.61309861e-04 6.37114803e-05
1.97818907e+02 6.00108610e-02 -2.69351562e-03 6.46671819e-02 6.79948063e-05 2.00153303e-04 7.70976840e-05
2.00523939e+02 5.99462398e-02 -5.44612530e-03 6.96673698e-02 2.29954387e-04 2.08766666e-04 1.00745533e-04
2.03224814e+02 6.01154427e-02 -1.19477503e-02 7.61805933e-02 5.29185857e-05 1.22603189e-04 1.15478162e-04
2.05919689e+02 5.35088445e-02 -2.10539335e-03 6.74535681e-02 1.96365565e-04 1.77985294e-04 1.25525107e-04
2.08631985e+02 5.10607050e-02 -1.78458340e-03 6.23654118e-02 1.15426950e-04 1.03105838e-04 6.71477338e-05
2.11331220e+02 5.04782524e-02 -7.08418727e-03 6.47386265e-02 1.21608152e-04 1.78701440e-04 7.53122519e-05
2.14020329e+02 5.92398742e-02 -1.13191941e-02 6.28072769e-02 8.30012875e-05 1.90066473e-04 5.10866819e-05
2.16716704e+02 6.39712940e-02 -8.35450219e-03 6.04694744e-02 9.18141061e-05 4.35307900e-04 9.45512249e-05
2.19413579e+02 6.14233076e-02 -5.93772608e-03 6.68911301e-02 5.55688294e-05 2.80898258e-04 7.77460863e-05
2.22115235e+02 6.06783577e-02 -5.91944283e-03 6.27343704e-02 7.49482805e-05 4.14402826e-04 1.97785103e-04
2.24813751e+02 5.92840573e-02 -9.53093558e-03 5.21052847e-02 1.23279050e-04 3.27517891e-04 4.35543803e-05
2.27509954e+02 5.73203759e-02 1.99283669e-03 4.78127331e-02 1.51231745e-04 2.09962451e-04 8.11907338e-05
2.30205423e+02 7.10153651e-02 2.52687302e-03 3.76892263e-02 5.84422593e-05 6.50348891e-05 1.26739844e-04
2.32884017e+02 7.12787404e-02 -2.72902904e-03 2.95657005e-02 3.89196904e-05 1.43367635e-04 2.23764649e-04
2.35579767e+02 6.85361149e-02 2.26826907e-03 3.61526691e-02 1.34693203e-04 1.11216407e-04 1.83161001e-04
2.38286517e+02 6.24062744e-02 -5.78589710e-03 4.48172141e-02 1.42063678e-04 1.99633555e-04 1.60571030e-04
2.41003220e+02 6.80892757e-02 -8.54981744e-03 4.98757584e-02 1.86670034e-04 3.11258861e-04 1.84526817e-04
2.43700001e+02 7.10545938e-02 -2.01526845e-03 5.21055328e-02 2.09829836e-04 2.72389624e-04 1.67460628e-04
2.46408970e+02 6.87504217e-02 -8.95863185e-03 5.48541795e-02 1.26052551e-04 3.18878021e-04 3.85773019e-05
2.49103501e+02 6.25456174e-02 7.50010987e-04 5.84429297e-02 7.40681269e-05 1.55098069e-04 5.57662570e-05
2.51798720e+02 5.96627370e-02 -1.17871334e-02 6.01970721e-02 3.33302710e-05 1.85009766e-04 7.90592398e-05
2.54495360e+02 4.81897145e-02 -8.76997675e-03 6.71815669e-02 1.47493981e-04 4.40872343e-04 1.66079511e-04
2.57201157e+02 4.93393689e-02 -1.45343087e-02 7.50513983e-02 7.77066976e-05 2.37333685e-04 9.17548634e-05
2.59904204e+02 4.77193834e-02 -1.26576617e-02 7.06500637e-02 1.12815012e-04 4.34623141e-04 1.23245821e-04
2.62612892e+02 5.20868874e-02 -1.29089954e-02 7.03784692e-02 2.23121226e-04 6.07541215e-04 1.24708980e-04
2.65303407e+02 6.04548752e-02 -1.92436547e-03 6.14502132e-02 3.99937787e-05 8.63141300e-04 1.33072068e-04
2.68005758e+02 6.76633989e-02 1.81819697e-03 6.52554576e-02 3.09476611e-04 2.66236622e-04 4.05802597e-05
