6.84718480e-01 5.96554033e-02 2.27200697e-03 6.78172662e-02 1.38580889e-04 4.88838543e-04 1.73269221e-04
3.38532174e+00 6.81059633e-02 6.14986572e-03 6.95645663e-02 1.20866322e-04 3.70851848e-04 8.80027049e-05
6.08647268e+00 6.76616240e-02 3.44903809e-04 5.40065128e-02 7.42557252e-05 2.18757595e-04 7.17662104e-05
8.78629487e+00 7.06705075e-02 8.65630380e-03 3.49856031e-02 1.24885813e-04 4.23777502e-05 5.24420665e-05
1.14886688e+01 7.71619911e-02 1.15851108e-02 2.87087290e-02 1.58817814e-04 1.84718313e-04 1.08599654e-04
1.41819313e+01 8.68483380e-02 1.15994269e-02 1.34810246e-02 1.32708368e-04 2.05566894e-04 5.36872350e-05
1.68843594e+01 8.52215370e-02 1.48888572e-02 -7.26779915e-03 8.67751503e-05 3.44076221e-05 2.89628186e-04
1.95767469e+01 8.18128728e-02 1.90143648e-02 -3.66334121e-02 1.25481837e-04 6.25547496e-05 4.27631074e-05
2.22841281e+01 7.98914581e-02 1.63796780e-02 -3.82406156e-02 2.93302295e-05 2.23074862e-04 9.93276355e-05
2.49930344e+01 7.48391030e-02 1.42666270e-02 -3.36007593e-02 1.02105546e-04 1.26432142e-04 1.56180083e-04
2.76956016e+01 7.05440087e-02 1.10721748e-02 -3.57102561e-02 1.55411636e-04 9.78647160e-05 3.47542268e-04
3.04001672e+01 7.22747368e-02 5.52861925e-03 -4.11199516e-02 1.54860762e-04 1.36388240e-04 2.14171292e-04
3.30953125e+01 6.97781682e-02 6.10104170e-03 -4.43768009e-02 1.76861744e-04 1.02753751e-04 1.01991706e-04
3.58062016e+01 7.51285486e-02 1.24079385e-02 -4.28994874e-02 4.58484122e-05 1.88478533e-04 1.09273061e-04
3.85128047e+01 6.90542664e-02 1.43231442e-02 -4.88656561e-02 1.50146800e-04 2.46175676e-04 1.40602138e-04
4.11982938e+01 7.29987574e-02 2.17544294e-02 -5.20923176e-02 2.61614649e-05 2.24331092e-04 1.61769687e-04
4.38908625e+01 6.90204387e-02 1.51348133e-02 -5.84990094e-02 8.91443734e-05 3.07257714e-04 1.65345960e-04
4.66000688e+01 6.86587087e-02 1.46256200e-02 -6.46774182e-02 7.23620104e-05 1.38220930e-04 4.14660476e-05
4.92989281e+01 6.47020576e-02 8.13482533e-03 -6.40497249e-02 7.18868519e-05 1.38607585e-04 7.16851095e-05
5.20029360e+01 6.86842894e-02 1.11919382e-03 -5.80542860e-02 1.06109654e-04 1.13554448e-04 2.58633612e-04
5.46962360e+01 6.38234624e-02 8.73090731e-03 -5.58150538e-02 2.58458341e-04 2.36170924e-04 7.20202131e-05
5.73992203e+01 5.82881248e-02 1.01042530e-02 -5.60591486e-02 3.63177282e-05 2.51730894e-04 1.31515823e-04
6.00895750e+01 5.56204051e-02 9.81053340e-03 -5.19970702e-02 1.01265897e-04 3.93657933e-04 1.82171455e-04
6.27910110e+01 6.70343684e-02 1.07792905e-03 -6.10770832e-02 9.31906756e-05 5.55342441e-04 3.63589695e-05
6.54763547e+01 6.33221592e-02 -9.80106101e-03 -5.94075466e-02 3.08247739e-04 5.49353688e-04 6.67988494e-05
6.81816719e+01 5.58785491e-02 -1.00892729e-02 -4.55223689e-02 6.65724700e-05 1.01198043e-03 3.76728057e-05
7.08798172e+01 4.96472165e-02 -7.93907641e-03 -4.61677088e-02 7.46890102e-05 5.26990309e-04 4.21954517e-05
7.35786453e+01 5.97430488e-02 -2.62487425e-03 -4.76741172e-02 1.28698519e-04 7.87007007e-04 9.09628142e-05
7.62774860e+01 5.90701425e-02 -1.73027539e-03 -5.41353937e-02 1.30055319e-04 6.12205484e-04 1.91830058e-04
7.89632313e+01 5.51299606e-02 -2.74848620e-03 -5.79853474e-02 3.04625268e-05 4.81643525e-04 1.35073281e-04
8.16632219e+01 5.39174364e-02 -2.08264597e-03 -5.72224688e-02 8.59543486e-05 2.86086533e-04 5.83012536e-05
8.43573781e+01 4.81622604e-02 7.40446991e-04 -5.56296439e-02 2.36948264e-05 1.00939066e-03 8.89532548e-05
8.70678172e+01 5.55073540e-02 3.57945145e-03 -5.54372305e-02 4.67756185e-05 4.49116377e-04 1.14353843e-04
8.97666516e+01 6.15270112e-02 2.13278878e-03 -5.70603643e-02 6.67400633e-05 5.93207374e-04 1.39870840e-04
9.24733094e+01 7.02244051e-02 -8.35720891e-03 -6.39550205e-02 1.51372870e-04 3.84165333e-04 1.01048598e-04
9.51738672e+01 8.04648774e-02 -5.60339009e-03 -6.31666955e-02 2.21685608e-04 3.11443446e-04 3.87171882e-04
9.78665969e+01 6.76740668e-02 -1.53492643e-03 -5.73004100e-02 1.45151712e-04 1.29219956e-04 1.27549724e-04
1.00584088e+02 7.08012892e-02 -5.72102060e-03 -5.71548652e-02 1.54234472e-04 1.33671255e-04 1.71072877e-04
1.03284275e+02 6.48609598e-02 2.63816320e-03 -6.00142200e-02 3.07218018e-04 2.07358291e-04 1.90345325e-04
1.06002853e+02 5.81246893e-02 1.01463271e-03 -6.49908059e-02 2.16653057e-04 3.68173615e-04 1.17867522e-04
1.08701400e+02 4.94060506e-02 2.06598666e-03 -6.36080898e-02 2.38358373e-04 1.00193061e-04 1.31016799e-04
1.11402244e+02 4.71273403e-02 1.09623571e-03 -6.40204992e-02 4.43987421e-05 3.05996573e-04 2.37415395e-04
1.14104869e+02 5.12787826e-02 -3.11496632e-03 -6.34785706e-02 1.98532746e-04 2.33636350e-04 1.73692075e-04
1.16806400e+02 5.32856694e-02 -2.83598184e-03 -7.92919743e-02 1.76170048e-04 4.19338529e-04 2.01717860e-04
1.19506072e+02 5.36202159e-02 -8.81859116e-03 -7.09961716e-02 1.55284782e-04 4.20035636e-04 6.34117302e-05
1.22212041e+02 4.86956667e-02 -4.99721415e-03 -7.17040225e-02 8.83093868e-05 3.26060452e-04 9.36504812e-05
1.24905213e+02 5.55300476e-02 -8.03754026e-03 -7.17165899e-02 5.65032354e-05 5.18512285e-04 7.97774655e-05
1.27603322e+02 5.81341770e-02 -5.43593360e-03 -5.89523955e-02 8.25086129e-05 2.96922112e-04 1.25931892e-04
1.30302963e+02 5.81954131e-02 -5.05946877e-03 -5.71058114e-02 2.05058587e-04 2.69304722e-04 2.14932176e-05
1.33008041e+02 5.68595522e-02 -5.61011846e-03 -4.90767638e-02 8.99253862e-05 2.73231368e-04 1.41025707e-04
1.35698369e+02 6.50417642e-02 -3.29837585e-03 -4.04942051e-02 1.01757422e-04 1.92300765e-04 1.34666659e-04
1.38396119e+02 7.28551458e-02 3.74921280e-04 -1.56787947e-02 1.15702105e-04 4.56307116e-04 1.94218572e-04
1.41076759e+02 7.67874063e-02 -1.61650220e-03 -9.08462505e-04 1.30850424e-04 2.64785409e-04 2.73337987e-04
1.43778963e+02 7.42077544e-02 3.98016744e-03 2.76780045e-02 1.36793394e-04 1.13187709e-04 7.40844833e-05
1.46467713e+02 7.44443733e-02 6.43476402e-03 3.68365167e-02 5.94235181e-05 1.40765513e-04 1.43583647e-04
1.49164931e+02 6.87594294e-02 6.97978312e-03 5.23853945e-02 3.91779201e-05 1.54528201e-04 1.46187003e-04
1.51865744e+02 6.90498916e-02 9.44138258e-03 5.66114118e-02 1.50052543e-04 7.76916543e-05 1.37143982e-04
1.54573650e+02 6.41164380e-02 6.15282704e-03 6.45198393e-02 9.67043857e-05 2.72713169e-04 1.50352572e-04
1.57284275e+02 6.61102786e-02 8.97791777e-03 6.04757601e-02 5.75272560e-05 4.13774305e-04 2.21581290e-04
1.59988509e+02 6.78554477e-02 1.20542647e-03 5.75059082e-02 7.81810360e-05 3.08678357e-04 6.80464810e-05
1.62686572e+02 6.79148404e-02 5.86992198e-04 6.37280867e-02 1.26179396e-04 1.63442906e-04 2.48057703e-04
1.65381197e+02 5.77344439e-02 3.07418799e-03 6.33219686e-02 5.50662225e-05 2.37774703e-04 4.43467703e-05
1.68076759e+02 5.65432781e-02 1.98285048e-03 5.60277606e-02 2.01612373e-04 4.41884202e-05 1.00903722e-04
1.70790963e+02 5.98044466e-02 1.19837021e-02 5.16145740e-02 1.14275362e-04 8.05884890e-05 4.93647901e-05
1.73478150e+02 6.30969064e-02 6.08569118e-03 5.33483353e-02 8.15192379e-05 9.97682844e-05 2.44781490e-04
1.76178916e+02 6.33099773e-02 3.36091781e-04 4.44804604e-02 1.47017829e-04 2.24706336e-04 4.95445904e-05
1.78881400e+02 6.38163346e-02 -6.78882934e-03 5.08450198e-02 1.15039237e-04 4.48880747e-04 9.17880997e-05
1.81585728e+02 6.25542518e-02 1.23840543e-03 5.38023122e-02 1.34115129e-04 1.18203622e-04 8.56973686e-05
1.84303478e+02 5.91882934e-02 -2.96280455e-04 6.05036623e-02 1.16331028e-04 2.98436785e-04 1.20349077e-04
1.87007025e+02 6.55577870e-02 -4.38971877e-03 5.85454035e-02 9.24651926e-05 3.46083913e-04 9.64538872e-05
1.89705931e+02 7.21341528e-02 -7.27685705e-03 5.82053352e-02 2.94253965e-05 2.22175701e-04 1.10595577e-04
1.92402978e+02 7.42156708e-02 -4.21099366e-03 4.98676962e-02 7.03272392e-05 2.19783113e-04 2.95727588e-04
1.95125088e+02 6.50431285e-02 -1.45522191e-02 5.07081198e-02 2.21291794e-05 4.60522305e-05 8.56677304e-05
1.97828916e+02 5.90315571e-02 -1.08501325e-02 5.79942233e-02 1.11936547e-04 1.21540523e-04 2.66256061e-04
2.00531619e+02 5.62562888e-02 -1.79715335e-03 6.39240579e-02 2.60723654e-04 1.28252425e-04 6.24422406e-05
2.03231431e+02 5.25913435e-02 -3.82113348e-03 6.95264600e-02 1.37627245e-04 1.15280297e-04 3.52893594e-04
2.05936838e+02 5.65154379e-02 -2.93611411e-03 6.83351136e-02 8.80075558e-05 2.07051431e-04 7.09345294e-05
2.08642447e+02 5.22307990e-02 -1.77312389e-03 6.62268902e-02 1.09700401e-04 1.61889010e-04 4.90243379e-05
2.11341853e+02 4.33159424e-02 -1.21663669e-03 6.40068842e-02 1.02336209e-04 3.24033555e-05 1.40740595e-04
2.14032088e+02 5.68509852e-02 -1.12396644e-02 6.98001626e-02 8.24369645e-05 2.40010057e-04 9.85102229e-05
2.16718994e+02 6.48965543e-02 -6.16266793e-03 5.78698573e-02 2.63456074e-04 3.83649607e-04 2.83624451e-05
2.19417572e+02 6.80595428e-02 -1.18874480e-02 6.01818294e-02 8.00488166e-05 3.29739200e-04 1.99338837e-04
2.22117666e+02 5.88514338e-02 8.20514707e-04 5.92995829e-02 5.33140868e-05 4.32583840e-04 1.36193627e-04
2.24825322e+02 5.76712239e-02 -3.33158341e-03 5.02090542e-02 1.70123254e-04 3.50251365e-04 8.59672815e-05
2.27515728e+02 5.56513103e-02 -5.91637289e-03 4.48972244e-02 7.63126141e-05 4.14354132e-04 8.06830914e-05
2.30212572e+02 6.40838180e-02 4.85359410e-03 3.40741334e-02 1.84171328e-04 3.40793940e-04 1.51517973e-04
2.32907447e+02 6.84798935e-02 -4.68594345e-03 3.04988905e-02 2.21929691e-04 1.22388457e-04 1.15927536e-04
2.35602431e+02 7.04836104e-02 -2.81942298e-03 3.49501342e-02 1.08592847e-04 1.69771042e-04 2.49287716e-04
2.38303791e+02 6.62120659e-02 -3.09462905e-03 3.82926613e-02 1.14166802e-04 1.28532030e-04 3.43112735e-04
2.41016666e+02 6.71037509e-02 -4.90317330e-03 4.65865270e-02 7.35245360e-05 2.13672613e-04 1.11783492e-04
2.43717150e+02 6.71273344e-02 -1.32379491e-03 5.73523819e-02 1.28121792e-04 2.00844018e-04 5.48028168e-05
2.46413650e+02 7.21774692e-02 9.20739871e-04 5.12574104e-02 1.24597805e-04 3.72999031e-04 4.92718027e-05
2.49112650e+02 6.61426069e-02 -4.84079942e-03 5.53747224e-02 1.28200714e-04 2.16811807e-04 9.58313654e-05
2.51811322e+02 5.60020513e-02 -4.73103977e-03 5.64191787e-02 1.67592005e-04 2.03463567e-04 8.99299654e-05
2.54518697e+02 4.93997459e-02 -1.25565753e-02 7.07317159e-02 9.74715678e-05 3.89342878e-04 6.60239102e-05
2.57219884e+02 4.97212392e-02 -9.89227189e-03 6.91155266e-02 4.85640672e-05 1.86518014e-04 7.24151089e-05
2.59916806e+02 4.93399521e-02 -1.60393385e-02 6.72609470e-02 3.37654632e-05 1.74266639e-04 2.82753970e-05
2.62620650e+02 4.78081859e-02 -1.69886147e-03 6.13769528e-02 1.70011468e-04 4.71456165e-04 4.84418638e-05
2.65320697e+02 5.71756377e-02 -1.07243472e-03 6.10137869e-02 9.71656325e-05 3.17103725e-04 1.41312638e-04
2.68016870e+02 5.51799888e-02 3.50546273e-03 7.24559455e-02 2.41491104e-04 5.55524750e-04 5.88872178e-05
