6.60573915e-01 7.08662654e-02 -1.33718800e-02 4.57654225e-02 1.39801643e-04 1.37291405e-04 2.74354237e-04
3.36411498e+00 7.60273023e-02 -1.03683034e-03 4.50944670e-02 1.09873368e-04 2.68195372e-04 2.18934103e-04
6.07355092e+00 6.97583582e-02 -1.12852829e-03 4.72280130e-02 1.20028344e-04 9.59897207e-05 9.31036276e-05
8.76608483e+00 6.35776029e-02 3.96457001e-03 4.66770636e-02 7.21580602e-05 1.06456739e-04 2.47621517e-05
1.14882859e+01 7.48690805e-02 -3.45776587e-03 3.12812037e-02 6.52964151e-05 2.66677202e-04 2.02500241e-04
1.41960890e+01 6.98573094e-02 -6.26702045e-03 1.74119961e-02 1.04923531e-04 4.51768775e-04 1.77924140e-04
1.68850578e+01 7.36575516e-02 -5.77296791e-03 -1.33570312e-02 5.97194397e-05 5.35406943e-04 8.04029477e-05
1.95902156e+01 6.46171465e-02 -8.12628101e-03 -2.53240700e-02 2.30168676e-04 1.10253657e-04 6.80268732e-05
2.22946453e+01 6.28245737e-02 -3.01618735e-03 -4.55783859e-02 1.53487670e-04 2.84287437e-04 1.08454762e-04
2.49988078e+01 5.92660850e-02 -3.88118620e-03 -5.77859067e-02 3.57423986e-05 2.74562049e-04 1.55994170e-04
2.76983281e+01 5.27071735e-02 2.33892471e-04 -7.67085862e-02 6.54536068e-05 1.86498613e-04 6.62299862e-05
3.03967031e+01 5.39164319e-02 7.32459615e-03 -6.74326561e-02 1.20764272e-04 1.30116752e-04 1.21948904e-04
3.30934734e+01 5.53720805e-02 1.72755033e-02 -6.56699312e-02 2.23765538e-04 3.56619295e-05 4.06322259e-05
3.57957281e+01 6.33916110e-02 1.29107469e-02 -5.68287698e-02 7.91696079e-05 1.85319963e-04 6.16290972e-05
3.85004953e+01 6.49836746e-02 6.60979983e-03 -5.65301775e-02 2.65181782e-05 6.99214482e-05 1.63433197e-04
4.12021547e+01 5.94739949e-02 6.47363128e-03 -5.58623254e-02 8.79968724e-05 5.29549839e-05 1.73635638e-04
4.39033859e+01 6.61931306e-02 6.94382153e-03 -6.06664341e-02 9.69497952e-05 5.02198627e-05 1.03849434e-04
4.66007750e+01 6.32850006e-02 7.50537502e-03 -6.46148285e-02 1.61663317e-05 7.15445475e-05 5.60935148e-05
4.93131890e+01 5.84719510e-02 4.46943902e-03 -6.37160412e-02 9.02250657e-05 1.43963038e-04 6.15571538e-05
5.20021765e+01 5.82236802e-02 7.94761223e-03 -6.18252703e-02 7.32680518e-05 3.40593347e-04 6.11206252e-05
5.46938859e+01 5.35120348e-02 2.62729057e-03 -7.14624425e-02 4.46912008e-05 3.00062277e-04 1.47133614e-04
5.73912375e+01 5.87963778e-02 -3.58877428e-03 -5.81335314e-02 7.91098711e-05 1.31288475e-04 1.02832824e-04
6.00962203e+01 6.46100925e-02 -1.25831064e-02 -5.81760079e-02 1.17555926e-04 1.11334763e-04 8.13389996e-05
6.27829078e+01 6.77691701e-02 -1.20045490e-02 -5.80681615e-02 8.21680823e-05 9.30697057e-05 8.23250723e-05
6.54763625e+01 6.93746551e-02 -1.22899533e-02 -6.28921018e-02 2.15202344e-05 4.28300593e-04 3.63187851e-05
6.81826250e+01 7.25022142e-02 -1.06057445e-03 -5.95975442e-02 2.58055957e-04 2.89062051e-04 6.55528153e-05
7.08773703e+01 6.56451379e-02 -2.45365570e-03 -6.96595581e-02 6.82443619e-05 6.59823891e-04 3.29262958e-04
7.35795344e+01 6.70327648e-02 -7.48583894e-03 -6.39955244e-02 1.55324005e-04 5.63381159e-04 1.48247793e-04
7.62818062e+01 6.08699597e-02 -3.38306702e-03 -5.70817172e-02 6.94497540e-05 1.03454490e-04 1.28433224e-04
7.89800187e+01 6.22828526e-02 -5.17457240e-03 -5.83090430e-02 1.29432951e-04 4.01987732e-04 1.39957403e-04
8.16872469e+01 7.67355758e-02 3.13052476e-03 -6.35118793e-02 7.40389827e-05 1.14919976e-04 6.65646652e-05
8.43685203e+01 8.00482107e-02 1.17288356e-03 -6.16025061e-02 1.24651646e-04 2.41467325e-04 1.64251676e-04
8.70725015e+01 7.72761984e-02 -1.81776423e-03 -6.35999737e-02 1.05324490e-04 2.73714344e-04 9.33272781e-05
8.97869672e+01 6.66386431e-02 3.57037317e-03 -5.65833001e-02 1.41112138e-04 3.73388481e-04 1.65922474e-04
9.24920406e+01 6.12108059e-02 -3.55119264e-03 -5.86976429e-02 1.10353677e-04 2.41766317e-04 1.58044315e-04
9.51900906e+01 5.72152676e-02 5.42647033e-03 -5.74967729e-02 5.93946224e-05 1.30222641e-04 1.32159706e-04
9.78843734e+01 5.77379259e-02 4.15042385e-03 -5.97223940e-02 9.80118564e-05 9.75421785e-05 1.07521609e-04
1.00591684e+02 6.03147317e-02 1.45335921e-03 -6.19659381e-02 2.46734995e-04 9.63624011e-05 2.13211321e-04
1.03295122e+02 6.68624702e-02 7.64678429e-03 -6.14016486e-02 3.38759093e-04 9.87219910e-05 1.33040641e-04
1.06002059e+02 6.96417936e-02 -2.95340070e-03 -5.44552183e-02 8.65058744e-05 2.37301817e-04 1.46420629e-04
1.08698700e+02 7.38171515e-02 6.82869122e-04 -5.28191839e-02 7.02855937e-05 3.35866009e-04 4.09138993e-05
1.11391622e+02 6.41895306e-02 -5.63938507e-03 -5.17755369e-02 5.16672208e-05 1.61202895e-04 9.92013211e-05
1.14091419e+02 6.43150830e-02 3.08525520e-03 -5.38379312e-02 1.97036261e-04 2.59049300e-04 1.26451866e-04
1.16789075e+02 6.13948182e-02 4.49991632e-03 -5.44888344e-02 1.13888734e-04 2.01555884e-04 3.05503402e-04
1.19502184e+02 6.43352980e-02 1.92196830e-03 -6.12916428e-02 1.15735525e-04 2.39210286e-04 7.31907493e-05
1.22196153e+02 6.45164996e-02 -6.78039385e-03 -6.48011132e-02 1.80431516e-04 2.94403197e-04 7.89455986e-05
1.24906809e+02 6.17256269e-02 6.95129868e-03 -6.57946441e-02 5.72857852e-05 3.69221336e-04 9.21544153e-05
1.27599747e+02 6.10081314e-02 -1.69510133e-03 -6.10696120e-02 2.01221455e-05 3.44153307e-04 4.73979578e-05
1.30291731e+02 5.97740345e-02 6.09605553e-03 -5.81102264e-02 1.23154689e-04 4.57150521e-04 5.64933884e-05
1.32989856e+02 6.22451438e-02 1.94629499e-03 -5.18466498e-02 9.23192368e-05 3.45196745e-04 1.02403274e-04
1.35696341e+02 6.83005436e-02 1.79738790e-03 -4.01120252e-02 3.43074419e-05 3.22892305e-04 8.28688431e-05
1.38390372e+02 7.94971271e-02 5.51910090e-03 -2.34048159e-02 3.56173103e-04 5.48660345e-04 6.16652118e-05
1.41091091e+02 7.42496400e-02 1.34460439e-02 -6.19396414e-03 1.16720006e-04 6.60031235e-04 4.30063285e-04
1.43797528e+02 7.37447600e-02 9.70599426e-03 8.37130034e-03 2.71389718e-04 3.93153439e-04 2.32432068e-04
1.46492497e+02 6.98322652e-02 3.00426708e-03 2.55902456e-02 7.78150784e-05 1.81609487e-04 6.56247239e-05
1.49187231e+02 6.70024852e-02 4.33008386e-03 3.84584904e-02 1.42915025e-04 2.49215809e-04 8.03644649e-05
1.51890247e+02 6.33119557e-02 -1.26849154e-03 5.36571173e-02 8.37810084e-05 9.97243998e-05 4.74875429e-05
1.54588856e+02 5.89725155e-02 -2.64560794e-03 6.48683145e-02 1.99205002e-04 1.25306112e-04 1.13785446e-04
1.57282966e+02 6.05278335e-02 2.04921616e-03 7.02934143e-02 1.33530714e-04 1.82966689e-04 3.36808655e-04
1.59984809e+02 5.12365739e-02 8.46655474e-03 6.79053674e-02 2.04055364e-05 2.32128748e-04 1.78467607e-04
1.62667231e+02 5.14188597e-02 2.17598696e-03 6.75175017e-02 1.58103727e-04 2.33600123e-04 1.28849261e-04
1.65364481e+02 5.92091558e-02 -2.15017971e-03 6.37746540e-02 9.16068473e-05 9.09787553e-05 1.59525657e-04
1.68078653e+02 5.89893139e-02 -3.37159384e-03 6.14034087e-02 2.36739766e-04 2.31817131e-04 3.07004545e-04
1.70768731e+02 5.03987095e-02 1.99809108e-04 6.37473128e-02 2.59481975e-04 1.92681284e-04 1.82616859e-04
1.73482997e+02 5.10907515e-02 -7.61988751e-04 6.28003542e-02 6.66480196e-05 2.84492699e-04 1.58362466e-04
1.76175981e+02 5.72078637e-02 8.97519579e-03 6.88122636e-02 2.24650935e-04 7.14910020e-05 1.44899985e-04
1.78876528e+02 6.65482180e-02 2.52241963e-03 5.74502588e-02 6.91924615e-05 2.98267261e-04 1.03997200e-04
1.81588200e+02 6.83222007e-02 7.05317686e-03 5.51296569e-02 1.07417479e-04 6.70588163e-05 2.87463095e-05
1.84294747e+02 6.40134139e-02 6.27048389e-03 5.40027792e-02 1.15317646e-04 7.88360780e-05 1.83325935e-04
1.86997887e+02 5.34544766e-02 1.01479548e-02 6.17454716e-02 8.50346082e-05 2.27340227e-04 3.45578996e-05
1.89690559e+02 4.86995933e-02 1.47151889e-02 6.64480655e-02 5.36900007e-05 3.18550517e-04 4.48566662e-05
1.92390809e+02 4.86472488e-02 4.97306866e-03 6.84366527e-02 1.34116716e-04 9.70762818e-05 7.33708507e-05
1.95097122e+02 5.40589941e-02 1.38549070e-03 6.86388644e-02 1.49019410e-04 1.48650620e-04 1.98592159e-04
1.97805247e+02 5.53946013e-02 5.74483245e-03 6.30915664e-02 1.40584864e-04 9.32644450e-05 1.03124993e-04
2.00506169e+02 5.11242999e-02 -3.18783950e-03 5.83566939e-02 2.02580634e-04 1.56519853e-04 1.30438573e-04
2.03200059e+02 5.92843087e-02 1.95963959e-03 5.24026546e-02 1.16930683e-04 1.32066383e-04 9.17743537e-05
2.05913153e+02 6.46562656e-02 -5.01667023e-03 5.61872269e-02 9.90939019e-05 1.97339090e-04 1.51261666e-04
2.08620216e+02 6.83261468e-02 -9.32718329e-03 6.10605665e-02 2.20224253e-04 1.35399955e-04 6.64862096e-05
2.11319262e+02 6.27701732e-02 -7.77539489e-03 5.84458091e-02 1.92459180e-04 1.46869085e-04 1.44296696e-04
2.14022387e+02 5.39640135e-02 -4.13344993e-03 5.76350922e-02 4.57748707e-05 7.55262468e-05 5.79489484e-05
2.16727262e+02 5.30419109e-02 -1.19868416e-02 5.85745324e-02 9.37050522e-05 2.55117454e-04 7.44695171e-05
2.19418825e+02 5.06740125e-02 -8.81760748e-03 6.28556811e-02 1.05935796e-04 1.51819875e-04 9.56825397e-05
2.22113591e+02 5.52487208e-02 -5.52766588e-03 6.25333855e-02 1.08580648e-04 1.73645025e-04 1.00786877e-04
2.24806262e+02 5.67205958e-02 -4.50911636e-03 6.39296171e-02 2.01689542e-04 7.44334692e-05 4.12504829e-05
2.27510794e+02 5.66250066e-02 -3.76106960e-03 6.25246802e-02 1.95857743e-04 1.11559739e-04 5.43543997e-05
2.30214325e+02 6.25581002e-02 -7.34898746e-04 6.38459311e-02 1.68373630e-04 4.09110400e-04 1.11445284e-04
2.32911669e+02 6.03798329e-02 -8.93063826e-03 6.85366012e-02 2.42124085e-04 3.68592618e-04 1.93488142e-04
2.35613872e+02 7.09817163e-02 7.38786575e-04 5.82316279e-02 2.72301763e-04 1.92109481e-04 9.39661500e-05
2.38304012e+02 7.04063734e-02 -4.92750436e-03 5.23229904e-02 1.28817195e-04 6.98042151e-05 1.48769710e-04
2.40990684e+02 6.10366217e-02 -1.38742225e-03 5.96449482e-02 1.21345528e-04 4.29380944e-05 8.26406862e-05
2.43688637e+02 5.69512310e-02 -9.15232220e-03 5.99393661e-02 2.76376566e-04 1.33510362e-04 1.50429440e-04
2.46379497e+02 6.03436597e-02 -1.13631869e-02 5.50674025e-02 6.33507182e-05 6.94333444e-05 2.09851998e-04
2.49091794e+02 6.17593579e-02 -7.24935671e-03 5.63650108e-02 3.08884295e-05 3.36252633e-04 7.18294543e-05
2.51810262e+02 6.53343502e-02 -8.33515724e-03 6.35689714e-02 1.38102923e-04 1.52303477e-04 4.37103177e-05
2.54517747e+02 6.89449896e-02 -3.05867244e-03 5.86643099e-02 2.18853423e-04 8.51039265e-05 5.16385537e-05
2.57222762e+02 6.89888072e-02 -3.31266847e-03 5.46773313e-02 7.21037470e-05 3.33564895e-04 9.62714993e-05
2.59919466e+02 6.33060945e-02 -1.29733337e-03 5.05897745e-02 2.89745823e-04 1.06531901e-04 1.69830747e-04
2.62611497e+02 6.26940162e-02 -1.59135543e-03 5.68343590e-02 7.46607403e-05 9.35774078e-05 2.05527687e-04
2.65303809e+02 5.72762706e-02 -6.07962349e-03 5.38621441e-02 1.25719989e-04 2.00549023e-04 3.36282028e-05
2.67996616e+02 7.02740740e-02 -8.28138692e-03 5.30743622e-02 3.22796483e-05 1.91237536e-04 5.46244014e-05
