6.81559839e-01 7.08895889e-02 -7.19929289e-03 5.76862427e-02 6.95808472e-05 1.35561761e-04 5.56308280e-05
3.37454251e+00 7.56011072e-02 -6.35851544e-03 5.17570459e-02 9.67660218e-05 1.67427160e-04 1.39101066e-04
6.07067142e+00 7.87330259e-02 -1.30918144e-02 4.36177894e-02 4.84404282e-05 2.61536475e-04 2.25814411e-04
8.76074438e+00 8.56799523e-02 -1.49316693e-02 2.34770661e-02 8.16130276e-05 3.55116788e-04 1.28960365e-04
1.14632523e+01 8.91053283e-02 -7.08467106e-03 -4.72165515e-03 8.25049823e-05 2.95263720e-04 7.95788313e-05
1.41542820e+01 9.00931110e-02 -8.30715047e-03 -1.85152669e-02 1.17358350e-04 2.27409513e-04 9.31270311e-05
1.68426992e+01 8.53628631e-02 -3.20119145e-04 -3.52587490e-02 6.66029305e-05 6.07823625e-05 3.51750795e-05
1.95455852e+01 8.02464281e-02 -7.68119869e-03 -4.99958341e-02 2.07448014e-04 6.52034753e-05 2.59247575e-04
2.22325711e+01 7.55977660e-02 -2.59162807e-03 -6.44181024e-02 1.01340289e-04 2.33069679e-04 1.16987798e-04
2.49506977e+01 6.43910520e-02 -6.59395955e-03 -5.33348340e-02 9.02576568e-05 2.32020602e-04 1.60404657e-04
2.76427430e+01 5.06610365e-02 3.54354244e-03 -6.66578231e-02 1.00859413e-04 1.40432422e-04 1.60257545e-04
3.03456070e+01 5.67985177e-02 2.96653147e-06 -6.65456040e-02 1.52545169e-04 2.44977938e-04 5.77104674e-05
3.30655664e+01 5.71379462e-02 5.86749817e-03 -6.36196910e-02 1.61592761e-04 2.61833509e-04 2.03668622e-04
3.57554039e+01 6.40526776e-02 1.34434597e-02 -5.12883553e-02 2.02189060e-04 3.61630975e-04 8.51427365e-05
3.84708149e+01 4.89977869e-02 1.69053916e-02 -5.59975630e-02 1.15102563e-04 6.21574473e-04 8.13567387e-05
4.11728227e+01 3.97835155e-02 1.08744430e-02 -5.63508930e-02 1.70083831e-04 5.70943248e-04 7.58193122e-05
4.38741492e+01 4.37114852e-02 7.29777222e-03 -5.84833156e-02 1.09421760e-04 4.80214523e-04 3.85200119e-04
4.65755820e+01 3.20226143e-02 -1.39281274e-03 -6.64283320e-02 3.44451710e-05 1.95986146e-04 7.00535131e-05
4.92864227e+01 2.69923584e-02 -3.32737486e-03 -6.60327018e-02 2.98539131e-04 1.86028179e-04 8.18345886e-05
5.19831633e+01 3.94244565e-02 -6.44040995e-03 -5.90440373e-02 2.10916892e-04 1.06657921e-04 8.12420028e-05
5.46935055e+01 4.60866208e-02 -7.78084286e-03 -5.38537277e-02 2.69919071e-04 9.51369953e-05 4.57884561e-04
5.74057508e+01 4.46757942e-02 -1.18528125e-02 -5.84638054e-02 2.58358612e-04 1.09041459e-04 4.21716029e-04
6.01081024e+01 3.89120610e-02 -8.17847733e-03 -6.57293144e-02 7.21665870e-05 2.46303709e-04 2.12622574e-04
6.28189742e+01 5.42606889e-02 -1.34539480e-02 -5.47657848e-02 7.14430458e-05 8.06056909e-05 1.56141868e-04
6.55088211e+01 6.35550771e-02 -5.18467270e-03 -4.22806889e-02 1.84810810e-05 3.53126710e-04 4.73140968e-05
6.82084570e+01 7.34766640e-02 -1.37834482e-03 -4.11352673e-02 1.57029970e-04 1.94948627e-04 6.64138983e-05
7.09055664e+01 6.92389349e-02 -9.50412009e-04 -5.02178708e-02 7.44978556e-05 2.49616337e-04 2.06433979e-04
7.36156195e+01 6.23145763e-02 -1.45031285e-03 -4.97119451e-02 1.25285561e-04 1.68259618e-04 1.16493201e-04
7.63211711e+01 5.59297193e-02 4.44317026e-03 -6.11158383e-02 6.10068686e-05 2.45773926e-05 5.59580933e-05
7.90268867e+01 5.63920193e-02 2.98164091e-03 -6.30047033e-02 3.14723993e-05 1.57292816e-04 8.40801675e-05
8.17359508e+01 6.45755829e-02 2.68327608e-03 -4.78415877e-02 2.26610593e-04 1.33631954e-04 1.44419051e-04
8.44159852e+01 6.35266107e-02 1.23996467e-02 -4.82231682e-02 1.31365607e-04 1.29765708e-04 5.08429663e-05
8.71179383e+01 6.89306160e-02 4.90200117e-03 -4.24933494e-02 9.91716922e-05 1.96009955e-04 1.02854548e-04
8.98106336e+01 7.47074016e-02 4.64035106e-03 -4.86232647e-02 7.73595190e-05 1.19608491e-04 4.91469301e-05
9.25084742e+01 7.45838774e-02 3.42708861e-03 -5.13999254e-02 7.92809893e-05 2.37859074e-04 1.29098321e-04
9.52059055e+01 6.62233697e-02 1.34252849e-05 -5.60728892e-02 8.98594932e-05 1.60833200e-04 2.04899893e-04
9.79002352e+01 5.69677677e-02 1.87919026e-03 -5.76401849e-02 1.52639200e-04 1.76927692e-04 4.38133487e-05
1.00609155e+02 5.30973149e-02 7.32637611e-03 -5.60180872e-02 3.68240702e-04 4.97578749e-05 1.59423910e-04
1.03296718e+02 5.96683822e-02 8.34176129e-03 -5.43020827e-02 8.52308882e-05 1.11368075e-04 2.00049898e-05
1.06001515e+02 5.18286029e-02 4.89431888e-03 -5.32379611e-02 5.31105875e-05 1.63609007e-04 1.38221807e-04
1.08700796e+02 4.64644547e-02 3.80121377e-03 -6.39526800e-02 1.96983279e-04 1.28020047e-04 2.18230246e-04
1.11396421e+02 4.59869094e-02 4.85554972e-03 -5.79013311e-02 9.93568000e-05 2.10448354e-04 2.54503171e-04
1.14090780e+02 4.94840694e-02 8.12196523e-03 -5.48904744e-02 6.14739222e-05 8.67966428e-05 1.07392019e-04
1.16797155e+02 5.29761459e-02 8.58170680e-03 -6.22395616e-02 1.10841316e-04 4.65506286e-05 1.97780801e-04
1.19498718e+02 5.82621855e-02 1.15097059e-02 -5.18029206e-02 3.15338312e-04 3.43288774e-04 3.49634044e-04
1.22185593e+02 6.21141830e-02 5.55264418e-03 -4.57550253e-02 8.80177373e-05 4.28895489e-04 9.86721226e-05
1.24888093e+02 7.68230125e-02 6.99335495e-03 -3.31293986e-02 9.83065556e-05 6.86003599e-04 5.40205292e-05
1.27586499e+02 6.90938985e-02 -2.94667821e-03 -2.31528102e-02 9.59929188e-05 1.69317018e-04 2.47016721e-04
1.30288202e+02 6.71152496e-02 2.01285250e-03 -9.62373987e-03 6.04418489e-05 6.85650243e-04 2.29589329e-04
1.32989812e+02 6.42344126e-02 1.63404083e-03 3.38538812e-03 3.24916249e-04 1.61325908e-04 7.74858297e-05
1.35690155e+02 6.23069417e-02 1.37191633e-04 2.31948040e-02 1.30741709e-04 2.46428479e-04 3.17373892e-04
1.38400874e+02 7.32400996e-02 7.80269952e-03 3.63790996e-02 9.04207319e-05 5.16353591e-04 8.19424504e-05
1.41108624e+02 7.02588497e-02 7.28158098e-03 5.83566833e-02 1.83430040e-04 4.11813928e-04 1.99575387e-04
1.43801140e+02 6.38998966e-02 5.59699192e-03 4.56842896e-02 3.37771593e-04 1.84640482e-04 1.93274014e-04
1.46502187e+02 5.57912834e-02 8.06822951e-03 4.07864798e-02 1.90357981e-04 2.80314904e-04 3.46613200e-04
1.49208234e+02 5.18681503e-02 7.92676743e-03 4.61191612e-02 1.01984472e-04 6.13513849e-04 2.01273077e-04
1.51909843e+02 4.70628932e-02 1.47473872e-02 5.89053108e-02 1.90943125e-04 2.70515183e-04 1.38447372e-04
1.54612062e+02 5.58480890e-02 9.64007562e-03 6.24696006e-02 1.34488906e-04 4.77308562e-04 1.19739030e-04
1.57306812e+02 6.19899805e-02 1.72090459e-02 6.84206971e-02 1.34367558e-04 4.29037760e-04 1.23438505e-04
1.60017655e+02 4.97738455e-02 1.12350323e-02 5.71452891e-02 1.16105226e-04 1.13012123e-04 1.33476762e-04
1.62709562e+02 3.73348078e-02 1.72687036e-02 5.93847132e-02 1.03428648e-04 1.29850200e-04 9.16697207e-05
1.65400796e+02 4.40251527e-02 8.58971767e-03 6.30370123e-02 2.96008641e-04 3.27193697e-04 3.77947860e-05
1.68107390e+02 3.73306304e-02 6.24433171e-03 6.88710321e-02 1.09592520e-04 2.18362533e-04 1.70478507e-04
1.70818405e+02 3.92779904e-02 2.73034119e-03 7.70164267e-02 1.87616381e-04 7.19004914e-04 1.27725610e-04
1.73500046e+02 3.82276789e-02 1.26425758e-02 7.06803141e-02 8.11900129e-05 3.61030046e-04 6.95774317e-05
1.76195749e+02 4.77665090e-02 1.64609295e-03 6.96828122e-02 8.12581422e-05 7.01257885e-04 6.91400093e-05
1.78898374e+02 5.11618614e-02 8.70195017e-03 6.24970891e-02 1.17806072e-04 3.37400484e-04 7.23116915e-05
1.81599890e+02 5.10307548e-02 3.92419484e-03 6.65322524e-02 7.79565903e-05 3.97881384e-04 6.91026082e-05
1.84307202e+02 4.01935230e-02 -3.35575200e-03 6.43497453e-02 1.19891342e-04 7.74279871e-05 1.94649146e-04
1.87011030e+02 3.56997078e-02 -9.28237927e-03 6.88381853e-02 2.43220694e-05 1.23274931e-04 5.47140714e-05
1.89731109e+02 1.77305864e-02 -1.53817471e-02 6.92928990e-02 1.31164635e-04 2.18551429e-04 9.74873932e-05
1.92420187e+02 5.36403528e-03 -1.49549643e-02 7.97164776e-02 1.71162628e-04 1.76007801e-04 5.95198941e-05
1.95120312e+02 1.17567029e-02 -6.45785972e-03 8.20175608e-02 1.00908040e-04 3.78104005e-04 1.95613984e-04
1.97833812e+02 1.72736889e-02 -5.38996443e-03 8.52510047e-02 5.76666311e-05 2.52757462e-04 1.05106272e-04
2.00522530e+02 3.42161575e-02 -8.31386406e-05 7.46172038e-02 4.80491439e-05 1.96147710e-04 5.26254813e-05
2.03241171e+02 4.16547309e-02 -3.29142681e-03 7.10159081e-02 9.20894034e-05 2.94976485e-04 5.60866769e-05
2.05936124e+02 5.48507269e-02 -7.29245564e-03 6.89543301e-02 2.65356462e-05 2.99359614e-04 1.49594897e-04
2.08641796e+02 6.04492585e-02 -1.44861876e-02 5.86621736e-02 1.28677359e-04 6.41596387e-04 9.70135626e-05
2.11334374e+02 5.88264876e-02 -2.07266004e-02 5.27505486e-02 1.34029826e-04 9.27302961e-04 6.25621406e-05
2.14042187e+02 5.79494561e-02 -2.25798763e-02 5.43233640e-02 2.86813871e-04 1.94046419e-04 1.44933401e-04
2.16747671e+02 6.28443033e-02 -2.16918083e-02 5.81801292e-02 1.69234148e-04 1.73056280e-04 6.48183482e-05
2.19449718e+02 4.88093640e-02 -1.96856701e-02 5.11281524e-02 1.38542602e-04 1.22640536e-04 6.28665610e-05
2.22152827e+02 4.59756622e-02 -8.91122499e-03 5.73790690e-02 8.73201956e-05 1.08488315e-04 2.02310733e-04
2.24851812e+02 5.07841274e-02 -8.46170267e-03 7.26665373e-02 1.30802473e-04 6.43413206e-05 7.39936340e-05
2.27547234e+02 5.89956926e-02 -6.96751068e-03 7.61774056e-02 2.03056272e-04 2.04092544e-04 1.28158487e-04
2.30244374e+02 5.50773791e-02 -7.34675227e-03 6.92095290e-02 2.99829279e-04 1.35806130e-04 2.27922668e-04
2.32934515e+02 5.83503808e-02 6.38303665e-04 6.93593482e-02 2.45685086e-04 5.56504635e-05 1.00852144e-04
2.35629593e+02 6.05944550e-02 4.47572045e-03 6.96617638e-02 2.34029031e-04 7.58279361e-05 2.28431377e-04
2.38324827e+02 5.75020516e-02 3.43939559e-03 6.18855944e-02 7.33790380e-05 1.03480161e-04 4.48407490e-05
2.41029546e+02 5.40371401e-02 1.48997416e-02 5.50887874e-02 4.33618391e-05 3.79262519e-04 2.99264487e-04
2.43731218e+02 5.99493056e-02 -8.55065323e-03 5.85179136e-02 6.01132903e-05 9.00662531e-05 4.08622785e-05
2.46434859e+02 6.36272013e-02 -7.58110956e-03 5.94948919e-02 8.78011125e-05 2.25553853e-04 8.56784308e-05
2.49129155e+02 6.46964234e-02 -2.95684794e-03 6.41360992e-02 9.71469338e-05 2.35142268e-04 6.05902925e-05
2.51826796e+02 6.80714585e-02 -2.65985545e-03 6.64725595e-02 1.24423791e-04 2.96733340e-04 1.24254851e-04
2.54537390e+02 5.81676825e-02 4.26891545e-03 5.81308830e-02 1.36462323e-04 1.98464832e-04 1.21235987e-04
2.57236249e+02 5.43907229e-02 8.86821215e-04 5.72901433e-02 8.10346268e-05 2.74467052e-04 4.02464358e-05
2.59939655e+02 5.45034274e-02 9.41449442e-03 5.21554244e-02 5.14962926e-05 6.62218677e-05 1.33920814e-04
2.62645312e+02 5.54891846e-02 9.94454552e-03 5.42099139e-02 5.29499399e-05 2.40080176e-04 1.00598995e-04
2.65339687e+02 6.59699142e-02 5.98961190e-03 6.02359991e-02 4.98420828e-05 2.30283390e-04 7.20914254e-05
2.68042482e+02 6.92711252e-02 -4.11152984e-04 4.65459734e-02 6.38981136e-05 3.08890212e-04 1.04301475e-04
