6.63367883e-01 5.73277287e-02 5.95465861e-03 4.44905356e-02 6.23945785e-05 4.41818781e-04 7.94893557e-05
3.37363194e+00 6.75905943e-02 9.99411413e-03 4.15439971e-02 1.26908792e-04 4.37812954e-04 6.64380856e-05
6.06954554e+00 7.31644760e-02 5.72531822e-03 2.68209735e-02 4.97260420e-05 6.21490389e-04 9.54743064e-05
8.77015882e+00 7.12440200e-02 2.47439880e-03 1.63545998e-02 1.18117158e-04 5.53289566e-04 3.67582947e-05
1.14662676e+01 7.89041133e-02 -6.76143213e-03 -2.11348801e-03 8.19890568e-05 6.76644601e-04 3.49242094e-04
1.41592957e+01 7.77354145e-02 -4.22632132e-03 -1.71615544e-02 1.40712217e-04 2.51194530e-04 5.59498112e-05
1.68684332e+01 7.74806268e-02 -3.63089758e-03 -2.80182355e-02 4.53085729e-05 1.55486639e-04 7.31739741e-05
1.95616816e+01 7.85294318e-02 -1.03566120e-03 -4.61688070e-02 1.14348493e-04 4.27331444e-04 2.94215371e-04
2.22794410e+01 7.94290902e-02 1.80157850e-05 -4.97489982e-02 1.96754618e-04 1.27127794e-04 1.52852270e-04
2.49636004e+01 7.78220235e-02 1.35665460e-03 -5.49535559e-02 2.31232007e-04 4.82962443e-04 1.01991956e-04
2.76669191e+01 6.64902996e-02 -1.66332591e-03 -4.48767638e-02 1.46875620e-04 2.66163803e-04 2.57545924e-04
3.03643379e+01 6.05163444e-02 -5.71305519e-03 -5.74080139e-02 1.61578136e-04 2.75646456e-04 2.05138187e-04
3.30628801e+01 6.27021182e-02 -8.00319719e-03 -5.80790602e-02 9.79155270e-05 2.92908122e-04 1.38464616e-04
3.57759488e+01 5.48367805e-02 -9.91416621e-03 -6.39610899e-02 9.98447550e-05 3.93084107e-04 1.57063421e-04
3.84721535e+01 4.68652012e-02 -6.29736811e-03 -5.63418500e-02 1.36204512e-04 4.71692800e-04 7.75414383e-05
4.11886035e+01 5.03189791e-02 -1.08420855e-02 -5.98372544e-02 1.43782833e-04 6.14726583e-04 2.65538969e-05
4.38824848e+01 6.10719670e-02 -6.83938848e-03 -5.44111071e-02 3.93345801e-05 4.87575944e-04 1.86218185e-04
4.65907254e+01 6.49872866e-02 2.55113371e-03 -6.16215972e-02 7.71316418e-05 1.87400537e-04 1.00502368e-04
4.92757285e+01 6.00812806e-02 4.72757678e-03 -5.85868344e-02 1.89625262e-04 3.35969482e-04 7.06338556e-05
5.19857863e+01 5.86797620e-02 1.26489937e-03 -5.47219932e-02 1.50264140e-04 2.88316552e-04 2.00602981e-04
5.46879785e+01 6.93021989e-02 7.60813422e-03 -3.99417107e-02 1.57465079e-04 2.17294564e-04 1.62764755e-04
5.73954238e+01 6.11322494e-02 8.71007933e-03 -3.80229455e-02 1.44058160e-04 1.02821415e-04 5.48414855e-05
6.01078144e+01 6.05606487e-02 5.63000855e-03 -3.69552410e-02 1.52369433e-04 3.25875512e-04 6.48179536e-05
6.28020504e+01 6.54415540e-02 2.03765553e-03 -5.19660669e-02 8.30385616e-05 1.01267418e-03 1.30680431e-04
6.55085894e+01 5.73778033e-02 -7.18317341e-04 -6.67697432e-02 4.57945171e-05 5.66031246e-04 2.14272818e-04
6.82071191e+01 5.17714261e-02 -2.12868570e-03 -7.01215988e-02 6.84595907e-05 4.86520549e-04 3.05335072e-05
7.09125269e+01 5.65162447e-02 1.29192909e-03 -6.16203701e-02 1.80916769e-04 5.25326630e-04 1.80564634e-04
7.36143410e+01 5.97913468e-02 1.29091694e-03 -4.81857882e-02 9.48888906e-05 2.79085853e-04 1.11736684e-04
7.63148441e+01 6.27659083e-02 -9.01726540e-04 -4.35606417e-02 8.42021348e-05 9.40412632e-05 1.15870579e-04
7.90154238e+01 6.93479974e-02 1.21276308e-03 -5.22571237e-02 2.77573055e-05 2.16203480e-04 1.15357485e-04
8.17030894e+01 6.67758533e-02 -1.30905864e-02 -5.35401326e-02 1.37239972e-04 5.04170850e-05 6.56449404e-05
8.44143223e+01 5.50066669e-02 -5.45368195e-03 -4.79505799e-02 1.18271250e-04 1.64023729e-04 1.47400104e-04
8.71121644e+01 4.71502631e-02 -6.48118406e-03 -5.93363089e-02 2.35455790e-04 5.66922844e-04 5.38503469e-05
8.98188035e+01 4.37186368e-02 -2.83356751e-03 -6.57294196e-02 9.19441154e-05 8.24377831e-04 1.53853958e-05
9.25259363e+01 4.84900885e-02 -2.56885934e-03 -6.42738422e-02 5.62772098e-05 4.30972920e-04 1.11119976e-04
9.52145066e+01 5.15986144e-02 -2.50798238e-03 -6.19783330e-02 5.55475241e-05 3.97366149e-04 6.94781668e-05
9.79180223e+01 4.81527504e-02 -2.68938823e-03 -5.24331066e-02 1.16174095e-04 3.90857308e-04 1.50150198e-04
1.00616754e+02 4.24112714e-02 3.95725970e-03 -5.64023039e-02 9.56725801e-05 6.06945065e-04 6.87455591e-05
1.03335597e+02 4.95042817e-02 2.36391243e-03 -6.05397390e-02 1.48399122e-04 1.49357861e-04 6.53181229e-05
1.06022769e+02 4.89715837e-02 -2.49377347e-03 -6.12977902e-02 3.02913673e-04 3.81741473e-04 1.38299779e-04
1.08719004e+02 5.95347633e-02 4.16503743e-03 -5.16630917e-02 1.56980373e-04 1.21125750e-04 6.04017441e-05
1.11414769e+02 6.59280774e-02 1.01081671e-03 -4.47834816e-02 1.29264020e-04 2.14770185e-04 6.52104915e-05
1.14112894e+02 6.51899611e-02 1.00181168e-02 -2.35825184e-02 9.15902713e-05 5.66922115e-04 1.51318097e-04
1.16820488e+02 6.83104008e-02 -3.81991251e-04 -3.60287938e-02 2.48367294e-04 8.37061539e-04 1.08188262e-04
1.19513535e+02 6.49642390e-02 1.69576950e-03 -4.04993749e-02 1.87383720e-04 1.19347160e-03 2.79921499e-04
1.22215488e+02 7.45736776e-02 -1.50245898e-03 -4.96796978e-02 1.83893642e-04 4.13493374e-04 2.19579557e-04
1.24902535e+02 7.09664401e-02 -8.14625592e-05 -3.88807776e-02 7.59237494e-05 9.37725282e-04 1.35292289e-04
1.27599441e+02 7.11755142e-02 8.63325250e-03 -3.00957399e-02 1.10865273e-04 2.87867209e-04 6.30331072e-05
1.30298910e+02 7.57595137e-02 2.03486489e-02 -1.44227863e-02 7.73194377e-05 2.32361181e-04 2.52693089e-04
1.32997254e+02 7.47461016e-02 9.55833918e-03 -1.44847701e-02 3.20304240e-04 1.28164568e-04 1.94001413e-04
1.35697066e+02 7.62283380e-02 6.47041301e-03 -7.34892602e-03 1.07614315e-04 1.47413504e-04 1.60226928e-04
1.38394816e+02 7.26395748e-02 7.75820748e-03 5.35934172e-03 8.05734384e-05 5.19235437e-05 2.50631674e-05
1.41092910e+02 6.80754023e-02 9.88715837e-03 1.99133125e-02 1.76045092e-04 3.57325651e-05 7.39967586e-05
1.43812566e+02 6.39600540e-02 7.87289471e-03 4.05784903e-02 1.06448250e-04 3.73132321e-05 5.80171001e-05
1.46526597e+02 6.34792892e-02 9.57530402e-03 4.42760870e-02 5.10071699e-05 2.91319775e-05 2.11489683e-04
1.49226238e+02 6.40242410e-02 6.76740847e-03 5.07030190e-02 8.35415300e-05 3.29763339e-04 7.12901887e-05
1.51933816e+02 6.53614502e-02 1.22200960e-02 5.33490128e-02 9.32950597e-05 1.81145964e-04 3.91855351e-05
1.54638550e+02 6.19220464e-02 9.03807235e-03 6.02509611e-02 1.69012529e-04 4.24736286e-04 1.27244261e-04
1.57338457e+02 5.54907743e-02 7.17110312e-03 4.98720021e-02 6.16255742e-05 3.20660337e-04 8.20855496e-05
1.60042738e+02 4.76574354e-02 3.26173270e-03 5.44504863e-02 1.13151949e-04 2.84733746e-04 9.43170284e-05
1.62742675e+02 5.68849462e-02 6.04149773e-03 5.27326828e-02 1.76120378e-04 2.17604766e-04 1.15081940e-04
1.65441410e+02 6.79989950e-02 -7.81545430e-03 4.79806865e-02 3.06815301e-04 1.12096291e-04 1.65983879e-04
1.68139879e+02 8.11637839e-02 2.89381101e-04 4.90470549e-02 9.13815082e-05 2.31227922e-04 2.03122219e-04
1.70841879e+02 7.87386122e-02 -2.43964506e-03 4.73059045e-02 1.47599254e-04 2.43473428e-04 2.09086717e-04
1.73539363e+02 8.15216624e-02 1.78948341e-04 5.30922930e-02 9.98848364e-05 4.83320359e-04 1.18793378e-04
1.76232629e+02 6.95154370e-02 -3.26397022e-03 5.72858222e-02 4.73505127e-05 3.25932806e-04 3.91375115e-05
1.78922472e+02 4.72874534e-02 -6.94705574e-03 6.46210626e-02 1.09243999e-04 3.23366311e-04 7.76681377e-05
1.81625144e+02 2.98513936e-02 2.79297810e-03 6.69644851e-02 6.20409369e-05 5.92766247e-05 8.40333803e-05
1.84334316e+02 2.67692690e-02 5.19979688e-03 7.17341746e-02 1.18498261e-04 2.04271213e-04 1.57594109e-04
1.87047988e+02 1.92236134e-02 8.04285503e-03 6.69409120e-02 1.43350700e-04 9.75093112e-05 1.58295549e-04
1.89741488e+02 7.77284718e-03 6.74465546e-03 6.82359982e-02 6.26153376e-05 1.54533751e-04 1.70581548e-05
1.92440597e+02 2.10592663e-03 3.36923390e-03 7.43809189e-02 2.70312075e-04 1.09854159e-04 9.10163239e-05
1.95142785e+02 1.86749731e-02 -2.36822106e-03 7.63202562e-02 9.67711975e-05 5.59243024e-04 8.89319046e-05
1.97840925e+02 4.79623611e-02 2.22289104e-03 5.93985829e-02 2.17912479e-04 5.62177804e-04 6.56836403e-05
2.00549769e+02 4.49425932e-02 5.34432387e-03 6.18292088e-02 4.17042985e-04 6.62520896e-04 1.80926888e-04
2.03265222e+02 4.61541589e-02 3.55602122e-03 7.02824820e-02 1.29785018e-04 5.38461700e-04 1.15963963e-05
2.05978613e+02 3.91497992e-02 3.88138227e-03 7.38362710e-02 5.25767756e-05 2.15236531e-04 5.70544337e-05
2.08663957e+02 3.20851630e-02 1.34484437e-02 7.01891079e-02 1.94002065e-04 1.60105476e-04 3.01866403e-05
2.11373457e+02 2.99713822e-02 3.77031313e-03 7.09176356e-02 1.63501921e-04 1.52533017e-04 1.73445307e-04
2.14068785e+02 3.60364380e-02 9.43223985e-03 6.14313651e-02 1.49133659e-04 2.54782655e-04 1.23931270e-04
2.16764769e+02 4.67467724e-02 5.03156021e-03 5.14868483e-02 8.67233959e-05 3.28170192e-04 6.73919007e-05
2.19472144e+02 5.68064736e-02 -2.33023587e-05 4.48772038e-02 5.52553510e-05 2.38313495e-04 1.31968404e-04
2.22165050e+02 5.92340737e-02 -6.74750907e-03 4.14661012e-02 1.54517400e-04 6.89480502e-04 2.20211959e-04
2.24867754e+02 7.35973186e-02 -1.01254262e-02 4.79721731e-02 4.19076153e-05 7.75934109e-04 3.54790660e-04
2.27574941e+02 7.25121698e-02 -7.69595717e-03 3.94342261e-02 2.91633599e-04 3.84536688e-04 1.12502052e-04
2.30279238e+02 7.37154733e-02 -1.28439159e-02 3.20428861e-02 1.50916745e-04 6.16890050e-04 1.70316423e-04
2.32989207e+02 7.76738011e-02 -5.66558418e-03 3.42220279e-02 1.06456550e-04 2.97314464e-04 1.31201312e-04
2.35693379e+02 7.29287040e-02 -1.43466061e-02 4.05405899e-02 1.00611640e-04 4.72023607e-04 4.93934830e-05
2.38385504e+02 6.39989156e-02 -5.94214875e-03 4.75185613e-02 6.89217103e-05 1.94893330e-04 5.75798312e-05
2.41085629e+02 5.89052683e-02 6.09413453e-03 4.69272921e-02 1.04936883e-04 5.51446378e-04 1.19532015e-04
2.43779582e+02 5.60678789e-02 -2.49233851e-03 5.13389343e-02 1.00722917e-04 3.05412711e-04 1.28924192e-04
2.46476972e+02 5.49305442e-02 1.45504719e-02 4.87708692e-02 1.02486883e-04 3.15959207e-04 4.67932862e-05
2.49171254e+02 5.06012647e-02 2.15729667e-02 5.77533625e-02 7.11673244e-05 7.75672661e-05 1.46928685e-04
2.51867410e+02 5.43513243e-02 2.13621420e-02 5.87885730e-02 1.08297854e-04 8.38068386e-05 4.86033109e-05
2.54567675e+02 4.92223477e-02 8.03009571e-03 6.69937105e-02 5.74651084e-05 1.23031786e-04 1.35015384e-04
2.57269222e+02 5.65591560e-02 -4.78126505e-03 6.13377340e-02 1.16585839e-04 3.59606824e-05 1.00076433e-04
2.59962238e+02 6.00208946e-02 -6.74194898e-03 5.88079743e-02 1.13411042e-04 4.39003012e-04 1.16860005e-04
2.62659113e+02 5.60981970e-02 -8.18317856e-03 7.15984585e-02 2.57851195e-05 7.13083679e-04 1.77414253e-04
2.65354222e+02 5.13525592e-02 -6.94829894e-03 6.65672185e-02 6.23314391e-05 5.06424599e-04 6.26284668e-05
2.68056920e+02 4.87229767e-02 -1.38005387e-03 5.72204326e-02 1.87676883e-04 6.22406786e-04 8.32562804e-05
