6.64769238e-01 6.24327355e-02 7.17689727e-03 4.84462109e-02 7.40366345e-05 7.67724861e-04 5.77827090e-05
3.37088435e+00 6.97528770e-02 1.15563174e-02 3.78145685e-02 1.02062844e-04 8.62750297e-04 9.22480296e-05
6.07062810e+00 7.51019524e-02 2.52712369e-03 2.92174189e-02 5.30488500e-05 5.95318209e-04 2.04059001e-05
8.76839560e+00 8.53102168e-02 6.85113398e-03 9.11337072e-03 1.76709269e-04 7.80506723e-04 5.08059892e-05
1.14724665e+01 8.06249275e-02 1.02508645e-03 8.30716251e-04 6.95925088e-05 6.92811418e-04 1.11624545e-04
1.41688540e+01 8.08625283e-02 -5.72250720e-04 -1.55369212e-02 8.46760829e-05 1.09594874e-04 1.74580320e-04
1.68784040e+01 7.94888998e-02 -1.57286581e-03 -4.95779884e-02 4.74365519e-05 2.46040077e-04 1.27707926e-04
1.95812040e+01 8.30908536e-02 -7.61675025e-04 -5.68002693e-02 1.10661151e-04 3.58847214e-04 1.51574400e-04
2.22727306e+01 8.08996696e-02 -1.80214074e-03 -5.36274154e-02 2.25789641e-04 3.10378718e-04 1.00480882e-04
2.49805056e+01 6.56998942e-02 -2.37279350e-03 -5.18158247e-02 9.00830370e-05 4.30108651e-04 3.79954913e-05
2.76795650e+01 5.74505439e-02 -1.11080749e-02 -5.29406803e-02 1.57508738e-04 4.28957062e-04 1.65711364e-04
3.03784712e+01 5.29120952e-02 -1.32427180e-02 -5.65046320e-02 2.70231539e-04 5.80892247e-04 1.46728957e-04
3.30697587e+01 6.63183975e-02 -3.91350031e-03 -5.91152601e-02 1.24989354e-04 3.14902666e-04 1.60906041e-04
3.57712790e+01 5.88872847e-02 -1.00868695e-02 -6.19695985e-02 8.63048698e-05 5.98363275e-04 7.98531288e-05
3.84722634e+01 5.42468941e-02 -1.22346432e-02 -5.69054622e-02 2.97269198e-04 4.96084499e-04 6.27102250e-05
4.11863009e+01 5.85144076e-02 -7.66777433e-03 -5.86676295e-02 1.30702755e-04 4.51800578e-04 2.24406304e-04
4.38934009e+01 5.65982317e-02 -7.81255095e-03 -4.93888792e-02 1.44498190e-04 4.05412487e-04 1.49261699e-04
4.65909759e+01 6.14242548e-02 6.42762120e-04 -5.28635497e-02 1.13466634e-04 3.71603434e-04 7.02891860e-05
4.92852259e+01 5.45172839e-02 4.41088805e-03 -4.98850040e-02 2.44875250e-04 1.83686689e-04 1.29801391e-04
5.19887212e+01 5.42078534e-02 2.66977353e-03 -4.47091035e-02 1.30690780e-04 2.53992375e-04 1.05900506e-04
5.46898759e+01 6.14935766e-02 1.12403901e-02 -3.13351401e-02 6.51034016e-05 1.44432351e-04 1.87622671e-04
5.74026525e+01 5.97389510e-02 6.02053909e-03 -3.46389256e-02 1.71980755e-04 6.27004186e-04 2.36319255e-04
6.01016462e+01 5.91593006e-02 5.63209852e-03 -3.49203756e-02 1.24370016e-04 3.30527495e-04 8.08558379e-05
6.28132947e+01 6.02757622e-02 2.63049429e-04 -6.27767280e-02 1.33123947e-04 1.17056047e-03 2.36978724e-04
6.55111712e+01 6.48309609e-02 9.99510710e-04 -6.94200661e-02 9.17515109e-05 9.77535548e-04 1.47534062e-04
6.82241400e+01 5.56626939e-02 3.74818918e-03 -7.14932659e-02 1.95331035e-04 6.50010819e-04 1.25311088e-04
7.09171243e+01 5.96393200e-02 2.02377978e-03 -5.60951545e-02 1.15410979e-04 4.75107017e-04 1.23221673e-04
7.36182040e+01 5.44488676e-02 -2.47801878e-03 -5.17628399e-02 1.40911697e-04 2.36319940e-04 6.19238925e-05
7.63156306e+01 6.07969186e-02 -5.49974355e-03 -5.12133343e-02 7.80144133e-05 1.11002934e-04 1.00942373e-04
7.90103994e+01 6.96487236e-02 -6.90680184e-03 -5.03415020e-02 9.25007795e-05 2.14002264e-04 7.44592481e-05
8.17062900e+01 6.34331375e-02 -1.03101930e-02 -6.03890409e-02 1.70587758e-04 7.12192309e-05 3.65449850e-05
8.44039900e+01 5.24503183e-02 -1.22957837e-02 -6.09893189e-02 4.36040625e-05 1.47633019e-04 2.46834589e-04
8.71231869e+01 4.37074777e-02 -5.73774565e-03 -6.02423293e-02 2.50110544e-04 3.22564566e-04 4.78110060e-05
8.98189259e+01 4.80590729e-02 8.88463190e-04 -6.62131330e-02 4.63199273e-05 3.56041240e-04 1.04545128e-04
9.25189665e+01 5.28415504e-02 -6.51717418e-03 -6.20337098e-02 1.41204687e-04 2.56487225e-04 7.41872825e-05
9.52283290e+01 4.13999262e-02 -2.67775951e-03 -5.60850409e-02 6.02357836e-05 2.74564872e-04 1.73409202e-04
9.79362587e+01 4.46693423e-02 -4.36534215e-03 -5.54678096e-02 1.57217129e-04 3.09694129e-04 4.39302211e-05
1.00641057e+02 4.88211400e-02 4.38926786e-04 -5.89438137e-02 1.26492671e-04 2.86900825e-04 1.08151563e-04
1.03333338e+02 5.01783643e-02 8.34179148e-04 -5.27988243e-02 2.95842033e-04 2.40638285e-04 3.36555357e-05
1.06038182e+02 5.44248242e-02 -1.31125046e-03 -5.60430566e-02 1.28673813e-04 5.54302582e-04 1.30126125e-04
1.08727479e+02 5.53496566e-02 1.42781245e-03 -4.96906070e-02 3.54059650e-04 1.90154487e-04 9.45576766e-05
1.11430682e+02 6.24076620e-02 -4.59018758e-04 -4.50698569e-02 1.18305829e-04 3.82869754e-04 5.84691809e-05
1.14132088e+02 6.42803141e-02 5.04458247e-03 -2.77413385e-02 6.14033565e-05 7.11898791e-04 6.07614448e-05
1.16828448e+02 5.94256432e-02 -2.11451964e-03 -3.08327020e-02 8.76100417e-05 4.67004207e-04 1.03870023e-04
1.19533292e+02 6.83900576e-02 1.86435343e-03 -4.36178002e-02 1.78488683e-04 9.80338340e-04 7.35228100e-05
1.22220620e+02 7.40455226e-02 2.50001812e-03 -5.08244514e-02 1.33903837e-04 5.92669765e-04 3.44036986e-04
1.24920823e+02 7.38853739e-02 6.62670292e-04 -3.34993448e-02 1.46447930e-04 6.03667907e-04 9.46492049e-05
1.27618198e+02 6.95338180e-02 1.17299892e-02 -2.93934241e-02 1.16296682e-04 3.00103444e-04 8.57156390e-05
1.30309760e+02 6.68439035e-02 1.53182950e-02 -1.93599396e-02 7.01493230e-05 1.70989657e-04 4.81926866e-04
1.33019557e+02 6.96380633e-02 1.72706198e-02 -1.84401922e-02 1.84450252e-04 1.07565876e-04 8.49650527e-05
1.35709057e+02 6.87375361e-02 2.10107498e-02 -6.25320910e-03 2.71230521e-04 1.09192018e-04 1.65760342e-04
1.38407026e+02 6.92229921e-02 1.04070168e-02 5.61057646e-03 1.67935804e-04 4.70382917e-05 2.07245607e-04
1.41112557e+02 6.80988146e-02 9.25931746e-03 2.38513717e-02 1.46357557e-04 8.84527091e-05 1.25670155e-04
1.43813807e+02 6.94195259e-02 2.03471254e-03 3.39268064e-02 1.49004281e-04 7.81358948e-05 1.56557786e-04
1.46526167e+02 6.83959357e-02 4.22073027e-03 3.58923152e-02 1.62605869e-04 1.47621557e-04 8.31872646e-05
1.49242151e+02 6.09137104e-02 1.56055627e-03 4.02527046e-02 7.65664593e-05 3.15997432e-04 1.12574588e-04
1.51943104e+02 6.51586541e-02 8.28602607e-03 5.12244703e-02 1.48905508e-04 1.94543595e-04 2.19639488e-05
1.54650073e+02 5.85975229e-02 7.66569121e-03 5.89971026e-02 7.25409177e-05 3.37203799e-04 5.97832916e-05
1.57346792e+02 5.92261582e-02 3.73703743e-03 5.24393256e-02 1.46962920e-05 2.26406418e-04 6.01274360e-05
1.60055745e+02 5.71277223e-02 -3.72812443e-03 5.09975733e-02 1.33423218e-04 2.70713395e-04 6.52867977e-05
1.62752448e+02 5.94979340e-02 2.23281022e-03 4.99136699e-02 1.43510353e-04 2.43993265e-04 1.50855899e-04
1.65461338e+02 6.67885429e-02 -7.29683989e-03 4.21727316e-02 1.74410248e-04 3.19903442e-04 8.62464191e-05
1.68156229e+02 7.67793330e-02 -8.29022191e-03 3.70375925e-02 2.14590739e-04 4.25294574e-04 2.34755750e-04
1.70854573e+02 7.80320483e-02 -6.62004817e-03 4.38621377e-02 7.11184296e-05 2.92012514e-04 1.11771438e-04
1.73555901e+02 6.73550589e-02 4.12503873e-04 5.96975169e-02 2.68594316e-05 4.60189354e-04 7.58629817e-05
1.76249354e+02 6.35072446e-02 4.86044262e-03 5.68345789e-02 9.26913146e-05 4.57603502e-04 8.09563137e-05
1.78946292e+02 4.67250444e-02 -3.34127585e-03 6.05072789e-02 1.08521355e-04 4.22338669e-04 5.29835611e-05
1.81641354e+02 3.36936482e-02 7.08982496e-03 7.47324138e-02 1.50898805e-04 1.86200498e-04 9.75355655e-05
1.84344917e+02 2.55316671e-02 9.53986362e-03 6.59509430e-02 8.81864104e-05 1.82815332e-04 1.53100815e-04
1.87060026e+02 1.47130658e-02 2.53026028e-03 6.42556536e-02 8.16850229e-05 1.69367292e-04 1.14746472e-04
1.89771588e+02 6.62279974e-03 4.24035373e-03 6.75761823e-02 5.78562436e-05 1.24742995e-04 7.71588393e-05
1.92466182e+02 5.15535289e-03 2.20220311e-03 7.06712340e-02 6.33723196e-05 9.47896579e-05 1.11740228e-04
1.95164401e+02 1.51751183e-02 -2.23745914e-03 7.25002934e-02 1.45172380e-04 1.93701791e-04 8.06596201e-05
1.97861979e+02 4.43168911e-02 1.28787462e-02 6.15066302e-02 8.02419771e-05 7.08110319e-04 4.60573477e-05
2.00572260e+02 4.94437962e-02 7.07884602e-03 7.18234495e-02 1.88082969e-04 6.20793070e-04 1.71140144e-04
2.03275417e+02 4.78272460e-02 6.96110048e-03 6.81128609e-02 1.33989888e-04 4.15829823e-04 4.73662923e-05
2.05976026e+02 3.69968505e-02 7.75792187e-03 7.72831841e-02 2.90182753e-05 4.86920901e-04 4.59474854e-05
2.08692885e+02 3.36167119e-02 1.37349247e-02 6.92973545e-02 3.35968251e-05 2.31759976e-04 1.45977130e-04
2.11383792e+02 3.22832190e-02 6.49208817e-03 7.13324117e-02 5.41473667e-05 9.57164406e-05 1.47253381e-04
2.14076635e+02 4.23030672e-02 2.99103156e-03 6.48216860e-02 1.39695118e-04 9.33141165e-05 8.23074661e-05
2.16778729e+02 4.78148258e-02 3.49178017e-03 5.20453727e-02 8.51179892e-05 3.04393069e-04 1.91292334e-05
2.19481792e+02 5.83599221e-02 8.74460777e-04 4.84313584e-02 8.10141745e-05 3.19654477e-04 1.16703145e-04
2.22185979e+02 6.71386811e-02 -9.50010655e-03 4.68663651e-02 8.88929147e-05 4.56684697e-04 7.96221896e-05
2.24894917e+02 6.85363560e-02 1.44915580e-03 4.03982501e-02 2.02064066e-04 5.49665277e-04 1.34271929e-04
2.27590354e+02 7.50117056e-02 3.13890979e-03 3.64257886e-02 1.21912908e-04 4.52384717e-04 3.56805353e-05
2.30290151e+02 8.22665277e-02 -7.74044386e-03 3.31380006e-02 3.85008994e-05 6.75412894e-04 1.57203082e-04
2.32997198e+02 7.96462090e-02 -9.73037576e-03 3.78593827e-02 1.97138323e-04 3.06823899e-04 1.64478368e-04
2.35703292e+02 7.03394916e-02 -1.15951538e-02 3.85787092e-02 3.68978850e-05 3.93331183e-04 7.27783590e-05
2.38405260e+02 5.82837730e-02 1.21496979e-03 4.88136706e-02 2.74376471e-05 1.84044871e-04 1.87949085e-04
2.41103323e+02 6.26310567e-02 -1.70465595e-03 4.75872696e-02 7.23749049e-05 3.25018421e-04 2.45959075e-05
2.43795401e+02 6.11519563e-02 2.86249175e-03 5.38658631e-02 1.30843716e-04 2.12967968e-04 8.77434824e-05
2.46499401e+02 6.01397150e-02 9.69240048e-03 5.06731424e-02 9.90738635e-05 2.44669109e-04 1.09020634e-04
2.49192198e+02 6.02937143e-02 1.87247777e-02 5.61174554e-02 6.72638249e-05 4.08093010e-05 6.73758930e-05
2.51884370e+02 5.54757197e-02 2.02542882e-02 6.01306745e-02 1.53076168e-04 1.26375298e-04 1.22531091e-04
2.54585542e+02 5.23045042e-02 4.84740965e-03 6.38713050e-02 1.72802790e-04 1.45517100e-04 1.19691455e-04
2.57275338e+02 5.35779586e-02 -1.33160270e-03 6.07727896e-02 8.78963203e-05 1.41976610e-04 1.08942654e-04
2.59983057e+02 5.79213580e-02 -9.72713942e-03 6.25958969e-02 1.48923275e-04 2.89397478e-04 1.60510008e-04
2.62686932e+02 5.25591685e-02 -6.40314552e-03 7.16392515e-02 6.10440514e-05 9.66776023e-04 2.30538953e-04
2.65367338e+02 4.93064326e-02 -7.88214679e-03 5.94168516e-02 5.12357923e-05 6.10195613e-04 1.75289190e-04
2.68071344e+02 5.34457107e-02 2.01383161e-04 5.27208593e-02 6.23058385e-05 8.30371688e-04 1.65235318e-04
