7.13694346e-01 6.86875319e-02 7.40396496e-03 5.74726713e-02 4.13297423e-05 1.72408629e-04 7.83572191e-05
3.41053992e+00 6.13083972e-02 7.31552713e-03 5.87335621e-02 1.33064925e-04 2.27762503e-04 1.68800546e-04
6.11018648e+00 6.17038049e-02 9.71599995e-03 5.83124180e-02 9.11117976e-05 2.34721222e-04 6.07045662e-05
8.80533194e+00 6.56676327e-02 1.49171663e-02 4.43872015e-02 4.77437310e-05 2.59378302e-04 1.07241640e-04
1.14984304e+01 6.67742388e-02 8.22976594e-03 4.01040736e-02 1.42400780e-04 3.99938217e-04 1.73457237e-04
1.41898023e+01 7.79624376e-02 2.58569105e-03 2.97761095e-02 1.24459261e-04 9.28141564e-05 1.27280900e-04
1.68836179e+01 7.51983769e-02 2.10929401e-03 1.21681608e-02 1.18329117e-04 3.27227263e-04 7.50796714e-05
1.95795757e+01 7.71031471e-02 7.10960974e-04 4.20770136e-03 3.43756151e-05 2.47867419e-04 1.27066487e-04
2.22764523e+01 7.51059083e-02 6.86168404e-03 -1.14382138e-02 4.55893378e-05 3.77804001e-04 2.33926682e-05
2.49759507e+01 6.00102154e-02 5.62199295e-04 -2.23678581e-02 1.06124139e-04 2.77955779e-04 1.00933853e-04
2.76713257e+01 7.11964037e-02 -8.78804729e-03 -2.99067497e-02 5.32149269e-05 1.78653816e-04 1.18880899e-04
3.03648523e+01 7.87483897e-02 -6.32261048e-03 -3.32192543e-02 6.53333491e-05 1.24929404e-04 8.33017620e-05
3.30528335e+01 7.67201123e-02 -8.83670068e-04 -3.62550607e-02 1.69759370e-04 3.22815043e-04 7.46271632e-05
3.57505460e+01 7.84347430e-02 3.62081742e-03 -4.35732704e-02 1.04823668e-04 2.15309522e-04 1.13938927e-04
3.84625007e+01 6.68530710e-02 3.25043378e-03 -4.65680400e-02 1.05152781e-04 2.68699764e-04 5.06135621e-05
4.11676023e+01 5.29322270e-02 4.60380303e-03 -4.74902314e-02 5.64880685e-05 4.70223478e-04 9.56962088e-05
4.38706913e+01 5.31468054e-02 4.70300785e-05 -4.48810716e-02 1.74849037e-04 1.26010417e-03 7.43057248e-05
4.65825538e+01 6.22784896e-02 -3.17200770e-03 -4.75299761e-02 9.77850531e-05 7.62714351e-04 1.99240078e-04
4.92701335e+01 6.79590694e-02 -9.45841504e-03 -4.95809336e-02 6.88879835e-05 5.56408257e-04 1.33719949e-04
5.19633148e+01 6.95304287e-02 -3.10065462e-03 -5.01175542e-02 4.13755510e-05 3.62504278e-04 4.46960691e-05
5.46712694e+01 6.70264784e-02 -4.45873322e-03 -4.98741043e-02 1.52515182e-04 3.07757268e-04 5.67560815e-05
5.73701710e+01 6.59108394e-02 -9.50159354e-03 -5.86922915e-02 4.56601951e-05 2.53088189e-04 1.19266689e-04
6.00563538e+01 5.49002191e-02 -5.07254049e-03 -6.05585756e-02 8.05783151e-05 1.09759431e-04 5.63306039e-05
6.27693023e+01 5.49748755e-02 1.69247832e-03 -6.69490294e-02 8.21089229e-05 1.99848480e-04 2.02371525e-04
6.54707335e+01 4.95154921e-02 -3.46520097e-03 -6.60993452e-02 1.79033424e-04 2.38898309e-04 1.80621730e-04
6.81704976e+01 4.91327168e-02 1.36596206e-02 -6.12803593e-02 2.43972801e-04 8.42913072e-05 5.97788320e-05
7.08813460e+01 5.15778678e-02 7.77415372e-03 -5.40361334e-02 1.77966839e-04 2.31122311e-04 1.99731818e-04
7.35736741e+01 5.30075692e-02 1.84519718e-02 -5.99490430e-02 1.17357250e-04 4.33242197e-04 2.30265627e-04
7.62863788e+01 4.38646685e-02 1.94617812e-02 -6.72287238e-02 3.84054712e-05 4.93830656e-04 1.01645153e-04
7.89943366e+01 4.56902936e-02 9.65203614e-03 -6.78045992e-02 1.41767788e-04 6.49159378e-04 3.64119995e-05
8.16924601e+01 4.65266514e-02 5.23199193e-03 -5.99238993e-02 4.86105308e-05 8.46568077e-04 1.16850428e-04
8.43851444e+01 4.40926480e-02 4.14811908e-03 -5.86154899e-02 3.69602544e-04 7.63386668e-04 1.80188847e-04
8.70755773e+01 5.43853025e-02 7.75766916e-03 -5.47272183e-02 2.45843922e-05 7.34572940e-04 6.06458139e-04
8.97753476e+01 4.59163945e-02 5.81685227e-03 -6.06804572e-02 3.23981409e-04 2.61729769e-04 1.69977216e-04
9.24684960e+01 4.75756559e-02 2.28020074e-03 -6.57619407e-02 1.25213150e-04 2.87236125e-04 7.15067691e-05
9.51662101e+01 4.64411407e-02 -5.12969717e-03 -6.59022190e-02 1.47445479e-04 9.46306697e-05 7.51773460e-05
9.78703023e+01 5.33931065e-02 -1.17693782e-02 -5.01299064e-02 1.78349432e-04 8.56693259e-05 3.10396895e-04
1.00583548e+02 4.34054136e-02 -1.25334340e-02 -6.01098810e-02 1.55296917e-04 1.60017385e-04 5.47545344e-05
1.03279329e+02 4.45786090e-02 -5.44026171e-03 -6.35336410e-02 1.37795840e-04 6.18261591e-05 6.23404452e-05
1.05984079e+02 4.17615170e-02 -7.23856875e-03 -6.90366341e-02 7.38333975e-05 4.29596713e-05 1.06320754e-04
1.08684204e+02 5.00979910e-02 3.81369551e-03 -6.85676262e-02 1.07043257e-04 1.04471767e-04 2.63121641e-04
1.11387704e+02 5.77893126e-02 1.51371468e-02 -6.29829216e-02 2.07102976e-04 1.02160053e-04 1.20645950e-04
1.14083907e+02 5.16676331e-02 1.54531702e-02 -5.71831406e-02 6.55894113e-05 1.22284690e-04 1.80478545e-04
1.16792532e+02 5.32105135e-02 1.94163395e-02 -5.30185056e-02 3.79828207e-05 3.66265774e-04 1.10630670e-04
1.19483141e+02 5.09142803e-02 1.33295260e-02 -5.34298991e-02 1.43734161e-04 3.01928707e-04 1.55735908e-04
1.22187438e+02 5.97007073e-02 4.63431723e-03 -4.94394795e-02 1.43953049e-04 3.37266397e-04 3.21818517e-04
1.24886360e+02 6.82522840e-02 1.05442610e-02 -5.31047276e-02 8.43063653e-05 3.18044187e-04 1.20713612e-04
1.27583313e+02 7.40970914e-02 5.26485000e-03 -4.67238118e-02 1.40847892e-04 2.35499746e-04 5.98260017e-05
1.30286594e+02 7.42457158e-02 4.73483479e-03 -4.65641361e-02 2.28980306e-04 2.13483243e-04 1.25261552e-04
1.32994813e+02 6.78246117e-02 2.84982957e-03 -3.21532830e-02 7.02242553e-05 1.93572135e-04 3.28863079e-04
1.35690219e+02 7.38427959e-02 2.19715772e-03 -2.03040075e-02 8.13057603e-05 1.52275607e-04 1.75740782e-04
1.38393766e+02 7.39274657e-02 7.81946964e-03 7.69939448e-03 1.62954278e-04 2.96218326e-04 1.24009067e-04
1.41093094e+02 7.20715936e-02 6.65148623e-03 2.10789061e-02 3.39995632e-04 1.65579277e-04 1.72962227e-04
1.43794673e+02 6.44951680e-02 1.52723340e-02 4.34236126e-02 1.27586781e-04 3.78566129e-04 4.17335371e-05
1.46488485e+02 7.19637783e-02 9.08716233e-03 4.77064854e-02 1.79192909e-04 7.51148692e-04 3.14069807e-05
1.49190329e+02 6.78698701e-02 1.40010804e-02 4.09819313e-02 6.78552908e-05 4.82295221e-04 1.30118027e-04
1.51901173e+02 7.67338110e-02 2.99136214e-03 4.38825177e-02 1.24480726e-04 1.22941139e-04 1.38974179e-04
1.54606313e+02 7.50461087e-02 -7.58432509e-04 4.42058795e-02 2.50354354e-04 1.84951213e-04 1.33192178e-04
1.57304641e+02 7.19264447e-02 2.13735098e-03 3.99289021e-02 9.50508372e-05 1.93954143e-04 3.04605283e-04
1.60004516e+02 7.02090483e-02 1.06887383e-03 4.43778244e-02 1.71453447e-04 3.71736127e-04 1.09500401e-04
1.62713923e+02 6.75224777e-02 1.92874930e-03 5.11836549e-02 8.97850664e-05 4.32883135e-04 1.02585400e-04
1.65410266e+02 7.44300846e-02 2.38170375e-03 4.87637744e-02 1.24861047e-04 2.14830655e-04 9.18126308e-05
1.68120626e+02 6.98936698e-02 5.80024132e-03 4.36982452e-02 9.52520948e-05 1.31020782e-04 9.71983501e-05
1.70825376e+02 5.71540528e-02 3.03359190e-03 5.10913638e-02 7.53523896e-05 1.30196857e-04 1.85883127e-04
1.73514766e+02 6.54121056e-02 5.79655977e-04 5.13249235e-02 2.08351537e-04 2.06152186e-04 6.06889991e-05
1.76221001e+02 5.65632838e-02 1.97191682e-03 5.97499923e-02 1.11067603e-04 1.25573362e-04 4.05945830e-05
1.78931860e+02 5.30579873e-02 -9.52820698e-03 5.64587421e-02 3.48334590e-05 3.47790414e-04 1.10536443e-04
1.81621313e+02 5.79877098e-02 -1.00351494e-02 5.84555226e-02 4.55678308e-05 2.80961751e-04 1.59449485e-04
1.84314313e+02 7.32225606e-02 -1.26006724e-03 4.95481379e-02 1.10867907e-04 4.00626593e-04 4.93630487e-05
1.87018235e+02 7.04314860e-02 -4.09831353e-03 4.56745866e-02 7.62463155e-05 1.42748932e-04 8.50567653e-05
1.89720438e+02 7.30635810e-02 1.30966304e-03 5.66771575e-02 1.41005723e-04 2.42222086e-04 9.33152169e-05
1.92408704e+02 6.33905264e-02 2.90738784e-03 5.31822621e-02 1.69442102e-04 2.63012251e-04 6.12339507e-05
1.95109391e+02 5.19208013e-02 2.05676605e-04 5.77045299e-02 1.31637007e-04 5.87208855e-05 5.12094423e-05
1.97815251e+02 5.36408424e-02 -6.09607551e-03 4.58097441e-02 7.89288973e-05 2.74744530e-04 4.97971544e-05
2.00506860e+02 5.53755809e-02 -7.72589862e-03 6.32956301e-02 3.71810744e-04 1.98402778e-04 1.38121634e-04
2.03204704e+02 5.83100607e-02 -8.71626726e-03 5.43768148e-02 1.15236264e-04 9.04259637e-05 1.49382949e-04
2.05906376e+02 6.24849304e-02 -6.61731458e-03 3.96188651e-02 2.02020193e-04 1.60851589e-04 1.21215177e-04
2.08625954e+02 7.63141144e-02 -2.61763366e-03 3.27253615e-02 9.25506480e-05 2.07874834e-04 3.23386013e-04
2.11322469e+02 7.09045052e-02 1.50652652e-03 3.39917537e-02 2.37705663e-04 4.38863144e-04 1.55909726e-04
2.14030626e+02 6.47276512e-02 -1.34804166e-03 3.25538190e-02 3.12933122e-04 3.46020265e-04 1.84502412e-04
2.16730610e+02 6.83817353e-02 -7.56271432e-03 4.96076987e-02 1.01706153e-04 6.55558987e-04 1.98909655e-04
2.19438469e+02 6.00235138e-02 -1.05731895e-02 4.17176884e-02 1.01851832e-04 1.20168588e-04 1.85084796e-04
2.22138907e+02 5.89926480e-02 -3.55612881e-03 5.22282325e-02 2.06857563e-04 7.73117927e-04 6.92687545e-05
2.24854579e+02 6.16898738e-02 -3.08419002e-03 4.84890377e-02 1.66577328e-04 3.43191012e-04 1.01944466e-04
2.27559657e+02 6.12074751e-02 -2.48610850e-03 5.71877314e-02 1.16441660e-04 1.84662234e-04 1.98766281e-04
2.30253657e+02 5.76399009e-02 9.85818282e-04 4.72138754e-02 2.00751915e-04 1.47781747e-04 2.92386614e-04
2.32959798e+02 5.92517837e-02 2.30039771e-04 5.31746360e-02 1.97923587e-04 6.84620671e-05 4.84153585e-05
2.35655563e+02 6.54900933e-02 -1.62303227e-03 5.29509175e-02 9.52261051e-05 4.07908920e-04 1.22454500e-04
2.38363188e+02 6.32707234e-02 -7.80804943e-03 5.82733952e-02 4.37514972e-05 1.00436453e-04 2.34182620e-04
2.41068157e+02 6.00890614e-02 -7.73286888e-03 5.90854223e-02 1.34832867e-04 1.93772693e-04 1.15922258e-04
2.43766891e+02 4.54272975e-02 -1.55466739e-02 5.87447742e-02 1.30489576e-04 2.09753217e-04 1.41544853e-04
2.46452157e+02 4.11487632e-02 -1.51963511e-02 6.51774349e-02 1.67656245e-04 1.85136198e-04 8.53086656e-05
2.49158391e+02 4.60225789e-02 -1.97081397e-02 6.49987868e-02 5.64401313e-05 2.62456585e-04 1.09979165e-04
2.51862048e+02 3.83323471e-02 -8.62897873e-03 6.36052363e-02 9.78925114e-05 2.91573521e-04 3.33036285e-05
2.54565344e+02 4.84108461e-02 -1.18485202e-02 5.72285646e-02 1.31926590e-04 3.45919751e-04 4.47581669e-05
2.57268391e+02 5.55714951e-02 -5.75140110e-04 6.40441508e-02 1.46719635e-04 1.68068472e-04 3.04036876e-05
2.59971282e+02 4.71661608e-02 -8.57871320e-03 4.97549402e-02 2.09723023e-04 2.63763245e-04 1.08006310e-04
2.62675891e+02 4.56058391e-02 -6.38041791e-03 4.36495398e-02 1.20974913e-04 1.98648940e-04 5.13468707e-05
2.65372673e+02 6.13330005e-02 2.72453436e-03 4.61811013e-02 2.09719738e-04 3.67603830e-04 1.82627460e-04
2.68080288e+02 6.86497620e-02 -5.46659588e-03 4.76561105e-02 9.12549471e-05 1.35824891e-04 1.08198645e-04
