7.14983710e-01 6.85320389e-02 7.29216801e-03 5.77467407e-02 5.29727306e-05 1.81514445e-04 6.61252689e-05
3.41235586e+00 6.17863605e-02 6.79480183e-03 5.88207271e-02 1.46497484e-04 2.37253420e-04 1.45847327e-04
6.10996071e+00 6.23702773e-02 8.90370868e-03 5.88655344e-02 8.79535931e-05 2.57125922e-04 5.50247074e-05
8.80636961e+00 6.58439477e-02 1.47684862e-02 4.50526731e-02 5.06949721e-05 2.69064267e-04 1.11857540e-04
1.14996163e+01 6.64923465e-02 8.17573764e-03 4.02697973e-02 1.52360563e-04 4.21134816e-04 1.71548378e-04
1.41917023e+01 7.84147604e-02 2.91351401e-03 2.95197619e-02 1.27737365e-04 9.73692030e-05 1.17213109e-04
1.68857757e+01 7.51136354e-02 2.23291918e-03 1.22103317e-02 1.26468026e-04 3.39577222e-04 8.19825064e-05
1.95810335e+01 7.77273919e-02 1.42362757e-03 4.84325066e-03 3.11143284e-05 2.60741534e-04 1.14207846e-04
2.22800038e+01 7.44966576e-02 7.26572459e-03 -1.03002516e-02 4.03045249e-05 3.78839880e-04 2.80956102e-05
2.49781148e+01 6.04822661e-02 9.79738546e-04 -2.15003704e-02 1.04670809e-04 2.59355192e-04 1.03586897e-04
2.76746429e+01 7.17904799e-02 -8.39520011e-03 -3.02736378e-02 5.58643000e-05 2.00935122e-04 9.99839353e-05
3.03675679e+01 7.87705450e-02 -5.75816767e-03 -3.25872746e-02 5.64267765e-05 1.18364694e-04 8.67009551e-05
3.30552976e+01 7.66392230e-02 -9.68817138e-04 -3.65616270e-02 1.46407473e-04 3.22745999e-04 7.29809607e-05
3.57555351e+01 7.82184966e-02 3.56828182e-03 -4.31814528e-02 1.04871749e-04 2.09794683e-04 1.21860023e-04
3.84667382e+01 6.63689484e-02 2.92891474e-03 -4.66876978e-02 9.23834475e-05 2.79398073e-04 4.11699900e-05
4.11697195e+01 5.24751395e-02 4.29585683e-03 -4.71801898e-02 4.62220311e-05 4.82902254e-04 8.28670687e-05
4.38764601e+01 5.36275619e-02 -2.36848239e-04 -4.44563853e-02 1.56859787e-04 1.26090496e-03 5.61237259e-05
4.65880241e+01 6.41235229e-02 -3.63274314e-03 -4.76409645e-02 7.40704649e-05 8.32374799e-04 1.77657485e-04
4.92764773e+01 6.76255483e-02 -9.08404862e-03 -4.99123151e-02 6.76112569e-05 5.25875892e-04 1.30519100e-04
5.19702085e+01 6.96594460e-02 -2.01583957e-03 -5.02811608e-02 4.55402578e-05 3.55905557e-04 5.03944726e-05
5.46775960e+01 6.71847630e-02 -5.18959118e-03 -4.94724661e-02 1.42540204e-04 2.98984830e-04 6.71984292e-05
5.73747835e+01 6.61119021e-02 -9.61996982e-03 -5.84475030e-02 4.61911653e-05 2.52548149e-04 1.23342513e-04
6.00617523e+01 5.47066204e-02 -5.48382278e-03 -6.03856130e-02 8.48210414e-05 1.15577257e-04 5.60596710e-05
6.27763366e+01 5.34986260e-02 1.26715558e-03 -6.65050572e-02 7.43811264e-05 2.06409166e-04 2.15845940e-04
6.54776945e+01 4.91926376e-02 -2.75014904e-03 -6.59499252e-02 1.76520585e-04 2.58820068e-04 1.84600166e-04
6.81772820e+01 4.85334748e-02 1.31597272e-02 -6.12485793e-02 2.10486698e-04 7.38124066e-05 5.39767462e-05
7.08883554e+01 5.20224462e-02 8.34574755e-03 -5.45252020e-02 1.80039697e-04 2.33463301e-04 2.21647889e-04
7.35807601e+01 5.31013271e-02 1.81903422e-02 -5.89868920e-02 1.13221168e-04 4.16557261e-04 2.21487026e-04
7.62940523e+01 4.39381853e-02 1.92563655e-02 -6.65903048e-02 3.81944674e-05 5.11340701e-04 9.57617584e-05
7.90047273e+01 4.64159395e-02 9.58950785e-03 -6.78188025e-02 1.37915699e-04 6.55836877e-04 3.31608911e-05
8.17016085e+01 4.68623272e-02 4.85936957e-03 -5.98976862e-02 5.09998054e-05 8.71414119e-04 1.14822673e-04
8.43958648e+01 4.42876695e-02 3.99804788e-03 -5.82923394e-02 3.41665592e-04 7.97435755e-04 1.95271822e-04
8.70858257e+01 5.41348044e-02 7.42054556e-03 -5.43374823e-02 2.02563521e-05 7.17771994e-04 6.04706701e-04
8.97861960e+01 4.64758268e-02 5.03098261e-03 -6.00450303e-02 3.44665645e-04 2.78956111e-04 1.71989046e-04
9.24781960e+01 4.79668628e-02 2.25655287e-03 -6.56992796e-02 1.17538569e-04 3.26713536e-04 6.09495776e-05
9.51766398e+01 4.61985161e-02 -4.77910367e-03 -6.51825420e-02 1.55696741e-04 9.66059805e-05 7.87549355e-05
9.78811398e+01 5.37286668e-02 -1.16436431e-02 -5.05145612e-02 1.72517655e-04 8.17180159e-05 3.13803505e-04
1.00594543e+02 4.44086280e-02 -1.27950165e-02 -6.02784374e-02 1.61924836e-04 1.53944803e-04 3.73501425e-05
1.03290934e+02 4.52993245e-02 -5.74584181e-03 -6.34573509e-02 1.54293420e-04 6.14451380e-05 6.53544495e-05
1.05994293e+02 4.19590659e-02 -6.58308597e-03 -6.97515554e-02 8.80407986e-05 4.55696951e-05 9.91394349e-05
1.08694105e+02 5.08649830e-02 3.99023220e-03 -6.86193252e-02 1.06203905e-04 1.22636961e-04 3.00965445e-04
1.11399480e+02 5.80985307e-02 1.50899105e-02 -6.27604677e-02 2.03118370e-04 1.17258366e-04 1.30049257e-04
1.14096621e+02 5.14144930e-02 1.61980297e-02 -5.78429847e-02 6.52810609e-05 1.07958024e-04 1.64961005e-04
1.16803527e+02 5.34435590e-02 1.94594515e-02 -5.37162159e-02 3.16064515e-05 3.57646885e-04 1.06815799e-04
1.19495762e+02 5.11150502e-02 1.36082628e-02 -5.32091214e-02 1.39265725e-04 3.12682537e-04 1.59821412e-04
1.22202715e+02 5.96713059e-02 4.89691132e-03 -4.93997478e-02 1.48725250e-04 3.79745290e-04 3.14391295e-04
1.24897371e+02 6.89493872e-02 1.02180082e-02 -5.35527364e-02 7.32694208e-05 3.41183415e-04 1.27639756e-04
1.27596887e+02 7.43852424e-02 4.98929089e-03 -4.70368258e-02 1.41098851e-04 2.35169726e-04 5.66091755e-05
1.30302371e+02 7.44043798e-02 4.09734212e-03 -4.62367430e-02 2.29225800e-04 2.18551438e-04 1.28886957e-04
1.33009293e+02 6.79772967e-02 3.16810008e-03 -3.23009254e-02 7.97289684e-05 1.97829924e-04 3.47761658e-04
1.35704949e+02 7.35747328e-02 2.54623119e-03 -2.02076599e-02 8.48507094e-05 1.48658985e-04 1.84618975e-04
1.38408574e+02 7.38687805e-02 7.82774271e-03 7.19746863e-03 1.61852581e-04 3.13882378e-04 1.34964165e-04
1.41108137e+02 7.26247004e-02 6.40901781e-03 1.94673296e-02 3.58316609e-04 1.56630746e-04 1.94891726e-04
1.43810887e+02 6.52979150e-02 1.56774508e-02 4.36604591e-02 1.35119465e-04 4.05741005e-04 5.66768942e-05
1.46504574e+02 7.16024443e-02 9.82428257e-03 4.75545121e-02 1.79435937e-04 8.26916350e-04 3.97213712e-05
1.49206855e+02 6.77418651e-02 1.26492630e-02 4.13803722e-02 6.29796642e-05 4.86786576e-04 1.48405576e-04
1.51918215e+02 7.72451716e-02 2.91792478e-03 4.43478563e-02 1.05874798e-04 1.18445305e-04 1.43220799e-04
1.54622699e+02 7.54213327e-02 -3.88503244e-04 4.36841821e-02 2.19981093e-04 1.78006430e-04 1.32003060e-04
1.57322793e+02 7.18178031e-02 2.37155730e-03 4.00541834e-02 8.38293353e-05 1.96430717e-04 3.11255762e-04
1.60022824e+02 6.99432555e-02 1.28824369e-03 4.51914112e-02 1.89146706e-04 3.63916485e-04 1.15087577e-04
1.62731355e+02 6.80834434e-02 2.77756392e-03 5.05425181e-02 9.85527199e-05 4.34004491e-04 1.20795111e-04
1.65427105e+02 7.42237728e-02 2.96092834e-03 4.82983149e-02 1.17570978e-04 2.12205760e-04 8.62565297e-05
1.68140121e+02 7.05406395e-02 6.58056466e-03 4.30991135e-02 9.77682034e-05 1.13257874e-04 9.28872496e-05
1.70842730e+02 5.80667955e-02 3.25483534e-03 5.06653561e-02 9.20054109e-05 1.43730900e-04 1.81503592e-04
1.73534371e+02 6.46640378e-02 9.22594199e-04 5.02956548e-02 2.04421339e-04 1.78282933e-04 5.51033088e-05
1.76239465e+02 5.67853348e-02 2.07910109e-03 5.96970345e-02 9.98056868e-05 1.19942903e-04 4.60500037e-05
1.78951793e+02 5.34403797e-02 -1.02979909e-02 5.51324070e-02 3.61761960e-05 3.67268169e-04 1.27848655e-04
1.81641605e+02 5.87023517e-02 -1.07178508e-02 5.79590032e-02 4.60483336e-05 2.92729986e-04 1.51713286e-04
1.84335699e+02 7.35063490e-02 -4.85009834e-04 4.92152051e-02 1.20845409e-04 4.12164047e-04 3.89815149e-05
1.87039418e+02 7.07842384e-02 -5.13402420e-03 4.54788479e-02 9.06070979e-05 1.52273176e-04 9.26945830e-05
1.89741246e+02 7.36919185e-02 1.44226126e-03 5.78413392e-02 1.30191446e-04 2.50660855e-04 9.05074409e-05
1.92429949e+02 6.45983153e-02 1.94426226e-03 5.35642840e-02 1.79024853e-04 2.43783056e-04 7.16071040e-05
1.95130027e+02 5.22239709e-02 -2.73463448e-04 5.86394551e-02 1.19896171e-04 6.41813129e-05 5.54281216e-05
1.97837652e+02 5.32074771e-02 -6.30957970e-03 4.58824029e-02 7.55163680e-05 3.12590011e-04 4.47928850e-05
2.00527668e+02 5.52515434e-02 -7.15895751e-03 6.31026815e-02 3.87625159e-04 1.85909822e-04 1.25969911e-04
2.03228527e+02 5.83436846e-02 -8.84572298e-03 5.49171908e-02 1.04820429e-04 9.43104888e-05 1.46770138e-04
2.05927309e+02 6.30606320e-02 -6.20093506e-03 4.01114993e-02 2.04752581e-04 1.46517642e-04 1.38544253e-04
2.08646262e+02 7.71365613e-02 -2.52353267e-03 3.30753320e-02 1.06811123e-04 2.35512923e-04 3.29698871e-04
2.11346355e+02 7.19951490e-02 1.44846541e-03 3.49115602e-02 2.56391487e-04 4.52877032e-04 1.54965699e-04
2.14055605e+02 6.55336207e-02 -1.52650435e-03 3.30925608e-02 3.21848613e-04 3.68615136e-04 1.73874909e-04
2.16753199e+02 6.93040417e-02 -7.02452744e-03 4.98945829e-02 9.70848325e-05 6.51232562e-04 2.06027838e-04
2.19461730e+02 6.00884927e-02 -1.01440349e-02 4.18673396e-02 1.05318766e-04 9.52672527e-05 2.23905702e-04
2.22164355e+02 5.91995191e-02 -3.54087050e-03 5.22708883e-02 2.03847194e-04 8.12892518e-04 6.62606614e-05
2.24877480e+02 6.14252604e-02 -3.29687283e-03 4.84558800e-02 1.53461946e-04 3.36017483e-04 1.05345261e-04
2.27586309e+02 6.05343024e-02 -2.09049750e-03 5.75871614e-02 1.19897083e-04 1.93965719e-04 1.89876341e-04
2.30279340e+02 5.78055417e-02 1.45804235e-03 4.74626496e-02 2.01200475e-04 1.40241387e-04 2.85290596e-04
2.32984887e+02 5.92680329e-02 1.03664095e-03 5.33110035e-02 2.12987074e-04 7.37643821e-05 4.10822740e-05
2.35681152e+02 6.51115157e-02 -2.02229613e-03 5.25495969e-02 8.96977552e-05 3.87344586e-04 1.16560233e-04
2.38389199e+02 6.23903181e-02 -8.03464576e-03 5.90982289e-02 4.92433546e-05 9.47513049e-05 2.46990364e-04
2.41094230e+02 5.99669709e-02 -7.55610738e-03 5.87851932e-02 1.43624715e-04 2.07554232e-04 1.16474485e-04
2.43792621e+02 4.65992075e-02 -1.58454334e-02 5.84091129e-02 1.39837493e-04 1.97224262e-04 1.45825707e-04
2.46479809e+02 4.26455990e-02 -1.54272683e-02 6.48001971e-02 1.81134970e-04 1.90042743e-04 7.96844536e-05
2.49187105e+02 4.68658425e-02 -1.88131926e-02 6.47716101e-02 4.98005988e-05 2.38849151e-04 1.31409703e-04
2.51889559e+02 3.90750084e-02 -8.91276811e-03 6.30864011e-02 1.04202397e-04 2.81883235e-04 2.77620771e-05
2.54594402e+02 4.83032140e-02 -1.13966595e-02 5.78317143e-02 1.51359766e-04 3.57965732e-04 4.01068013e-05
2.57297965e+02 5.47832591e-02 -6.69150677e-04 6.46324536e-02 1.37215249e-04 1.67900801e-04 2.24612266e-05
2.60001043e+02 4.71103300e-02 -9.38930783e-03 5.12277252e-02 2.27965375e-04 2.70491217e-04 1.06006663e-04
2.62704699e+02 4.50615211e-02 -6.70113395e-03 4.42703104e-02 1.07805294e-04 2.06092710e-04 4.13849860e-05
2.65401090e+02 6.15683524e-02 2.69015533e-03 4.61770418e-02 2.05819609e-04 3.57937446e-04 1.76390586e-04
2.68109398e+02 6.92895538e-02 -5.76877734e-03 4.84733306e-02 8.58480441e-05 1.27261147e-04 1.12796112e-04
