7.14402823e-01 6.07176461e-02 -1.22372061e-02 5.92926144e-02 2.21723381e-04 9.39354224e-05 8.06951620e-05
3.41127520e+00 7.09133416e-02 -8.23597988e-03 5.25052903e-02 9.05400802e-05 3.12276504e-04 1.16748104e-04
6.10090082e+00 6.49956526e-02 -8.53631463e-03 5.65895397e-02 1.02932575e-04 2.17108417e-04 5.48680129e-05
8.80012145e+00 6.75518995e-02 -4.00998242e-03 5.08961842e-02 9.88132466e-05 5.26478957e-04 8.53621239e-05
1.14971880e+01 7.39593162e-02 1.43024749e-03 4.52522933e-02 8.56418075e-05 2.07062325e-04 4.95295501e-05
1.41981755e+01 7.46266172e-02 8.95914222e-03 2.94618990e-02 1.76329893e-04 1.78631016e-04 2.62604448e-04
1.68889443e+01 7.90412855e-02 1.73919474e-02 1.89802561e-02 1.32614899e-04 1.57874095e-04 1.44760678e-04
1.95831818e+01 7.75610320e-02 8.50671486e-03 1.32949521e-02 4.09810884e-05 1.33953926e-04 2.57217546e-04
2.22691880e+01 8.51841349e-02 1.29990026e-02 1.65416411e-03 9.00998934e-05 4.85360320e-04 1.72386561e-04
2.49644583e+01 8.65113738e-02 6.19054326e-03 -1.94313484e-03 1.06224867e-04 2.77013144e-04 1.24365938e-04
2.76490724e+01 8.33789480e-02 1.09851168e-02 -1.72500548e-02 1.13658380e-04 2.63008978e-04 1.33944798e-04
3.03579599e+01 7.18125446e-02 8.58597372e-03 -3.63806934e-02 7.58539403e-05 3.53262480e-04 8.38086205e-05
3.30691068e+01 6.54270287e-02 3.72732716e-03 -4.35161954e-02 4.09960390e-05 2.48329578e-04 1.65843350e-04
3.57737896e+01 6.04360874e-02 -2.43421077e-03 -5.54269513e-02 5.81594270e-05 6.99873446e-04 5.40162605e-05
3.84731068e+01 6.44798315e-02 -7.84650662e-03 -5.25977458e-02 3.23231756e-04 1.04415078e-03 9.17864700e-05
4.11771833e+01 7.03482137e-02 -8.16781259e-03 -4.71133186e-02 1.39473364e-04 9.00127457e-04 2.60398161e-04
4.38763974e+01 7.32923994e-02 -9.04713240e-03 -4.96845697e-02 4.27528517e-05 1.40521519e-03 7.71482946e-05
4.65677208e+01 6.32489223e-02 2.07552894e-03 -4.07407851e-02 3.26638284e-05 3.85626534e-04 7.05936120e-05
4.92666380e+01 6.55773866e-02 1.76180977e-03 -4.28311316e-02 5.62580880e-05 5.92135759e-04 1.24779514e-04
5.19558536e+01 6.40241154e-02 -3.80865063e-03 -5.11029267e-02 8.09967921e-05 3.05907326e-04 1.02331983e-04
5.46631130e+01 6.58486000e-02 8.47154673e-04 -6.50815845e-02 5.48766876e-05 3.08468023e-04 6.46792416e-05
5.73663646e+01 6.37830244e-02 -4.64887552e-03 -5.89162104e-02 4.63730651e-05 1.61053026e-04 1.65683322e-04
6.00730505e+01 5.07682870e-02 -4.95512479e-03 -6.04164414e-02 4.07797336e-05 3.05404016e-04 7.87649343e-05
6.27642693e+01 4.52474426e-02 -5.74089367e-03 -6.28770023e-02 5.76701483e-05 3.61098590e-04 1.47498614e-04
6.54784583e+01 4.20548127e-02 8.31210308e-03 -6.55753645e-02 1.46775576e-04 2.74918762e-04 3.51273732e-05
6.81760661e+01 5.58653579e-02 7.95905061e-04 -6.71334800e-02 4.49811445e-05 2.82186477e-04 2.12504791e-04
7.08939068e+01 4.95976973e-02 8.27714916e-03 -6.19334658e-02 3.27611962e-04 1.19144372e-04 1.32304478e-04
7.35956927e+01 5.79274411e-02 1.05413560e-03 -6.54630382e-02 8.90307524e-05 1.08667354e-04 1.05745981e-04
7.62915271e+01 6.73599863e-02 2.77645584e-04 -5.54926090e-02 3.75075978e-05 4.08438195e-04 7.29790983e-05
7.90021911e+01 6.10729577e-02 6.27427545e-04 -5.44489877e-02 1.38063414e-04 4.72232060e-04 1.04245855e-04
8.17023521e+01 5.54999946e-02 1.42599477e-03 -5.38948342e-02 1.53312475e-04 6.84952086e-04 3.75450575e-05
8.44033739e+01 5.75620454e-02 -2.96807033e-03 -5.73042677e-02 8.15577482e-05 1.23561207e-04 1.41318739e-04
8.71092818e+01 5.94484793e-02 -7.85258500e-03 -5.48211407e-02 2.67040384e-04 1.13320945e-04 2.08860521e-04
8.98111380e+01 5.82621112e-02 -5.00809981e-03 -5.63652883e-02 1.00963258e-04 5.57457982e-05 1.68896029e-04
9.25038286e+01 6.98817818e-02 -5.86194690e-03 -5.09946299e-02 8.35813247e-05 3.37605174e-04 2.04307314e-04
9.52016677e+01 6.24680923e-02 -2.87850732e-03 -5.99194549e-02 1.71815209e-04 7.35457408e-04 3.60667350e-04
9.79015364e+01 6.32235466e-02 2.34169092e-03 -6.74732819e-02 2.17643642e-04 3.51430930e-04 1.29895610e-04
1.00598721e+02 6.12653901e-02 3.10018091e-03 -6.18642270e-02 6.13689883e-05 1.63906175e-04 2.44576206e-04
1.03301893e+02 5.99910669e-02 2.74044978e-03 -6.21065098e-02 5.31403887e-05 1.86728667e-04 8.37319830e-05
1.06004955e+02 6.63840791e-02 2.80585636e-03 -5.60915046e-02 1.47888235e-04 3.01267388e-04 2.07461707e-04
1.08701174e+02 5.90793039e-02 7.16092028e-03 -6.52161719e-02 6.73158730e-05 2.04799907e-04 1.50248567e-04
1.11398846e+02 5.39031380e-02 7.10193041e-03 -6.58742210e-02 6.68891685e-05 1.54931749e-04 4.90387481e-05
1.14099830e+02 5.85719158e-02 8.92107995e-03 -6.63484723e-02 1.09043387e-04 3.88323107e-04 1.12497071e-04
1.16790299e+02 6.57708054e-02 8.92533957e-03 -6.66896457e-02 9.43293052e-05 5.21079691e-04 1.10015093e-04
1.19488018e+02 6.39324723e-02 9.35488754e-03 -6.03197582e-02 2.73535530e-05 5.78378790e-04 2.25109787e-04
1.22197361e+02 6.88823598e-02 1.23555288e-02 -5.65366338e-02 4.95858903e-05 8.72476805e-04 1.30691875e-04
1.24904877e+02 5.65090057e-02 1.49988891e-03 -5.49558564e-02 1.46616315e-04 6.27666638e-04 6.29876876e-05
1.27604830e+02 6.19720705e-02 5.80799477e-04 -4.80771429e-02 1.65159612e-04 9.06370230e-04 1.27442584e-04
1.30301611e+02 6.68572727e-02 1.65779348e-03 -4.06472933e-02 5.98236933e-05 5.87451500e-04 4.69489578e-04
1.33006393e+02 7.45277329e-02 3.79069566e-03 -3.33484497e-02 3.37930651e-04 5.26946978e-04 1.20187351e-04
1.35717283e+02 7.73788558e-02 9.42570695e-03 -3.08131329e-02 1.66987534e-04 6.30356799e-04 1.00968768e-04
1.38409111e+02 7.89849926e-02 7.77181337e-03 -1.14555341e-02 8.13677338e-05 8.62925018e-04 2.96678037e-04
1.41114330e+02 7.84951653e-02 9.03888612e-03 -2.45252630e-03 9.79419442e-05 1.41184767e-03 2.28033997e-04
1.43812596e+02 7.80044527e-02 2.77065494e-03 2.11654672e-02 2.38652247e-04 8.76642988e-04 1.60722035e-04
1.46518533e+02 6.61686887e-02 -3.89426084e-03 4.07778876e-02 1.10143295e-04 5.08447143e-04 6.38988392e-05
1.49222611e+02 6.16856466e-02 -3.17451299e-03 5.63970959e-02 3.96953797e-05 3.63388515e-04 7.27727727e-05
1.51925705e+02 6.23080939e-02 -9.72184652e-04 5.26280854e-02 1.24153594e-04 7.59894588e-04 1.28802605e-04
1.54628096e+02 5.99575412e-02 9.88460325e-03 5.08332671e-02 2.60202610e-04 2.29669811e-04 1.48116782e-04
1.57334986e+02 6.35742275e-02 1.51035410e-02 4.99085556e-02 9.58510682e-05 1.17315256e-04 1.25043880e-04
1.60039830e+02 6.83452523e-02 1.45839755e-02 3.78395341e-02 6.12168386e-05 8.26497169e-05 5.12584340e-05
1.62749799e+02 6.74594372e-02 1.79724696e-02 4.52867566e-02 9.09514178e-05 2.36938297e-04 1.77860306e-04
1.65454893e+02 7.13465822e-02 1.78356653e-02 4.15797636e-02 2.60115704e-04 1.31385135e-04 9.32792264e-05
1.68152080e+02 7.17381126e-02 5.99771823e-03 4.32561836e-02 4.59558730e-05 1.93757067e-04 1.69071225e-04
1.70844080e+02 7.15041623e-02 3.22125885e-03 4.21287315e-02 1.67918705e-04 1.94361678e-04 8.09829164e-05
1.73551893e+02 7.03630709e-02 6.07102393e-04 4.13040228e-02 4.03352517e-04 9.46778484e-05 3.92904604e-05
1.76247705e+02 6.89285500e-02 -4.87120335e-04 3.73042722e-02 8.50515436e-05 6.44379889e-05 1.00750376e-04
1.78944049e+02 7.75389292e-02 -1.32040216e-03 3.64491583e-02 1.36784829e-04 1.98490098e-04 8.32816367e-05
1.81648768e+02 7.27852867e-02 -2.82691890e-03 3.53097506e-02 3.20072780e-05 2.01226796e-04 1.51933318e-04
1.84341283e+02 6.66711239e-02 -1.18291462e-02 4.32181108e-02 6.11084766e-05 1.68640254e-04 4.05179864e-05
1.87047408e+02 6.29889169e-02 -9.73148529e-03 5.55814052e-02 1.93859935e-04 2.79464071e-04 7.34337813e-05
1.89746611e+02 6.22304592e-02 -1.95744246e-02 5.25541137e-02 1.61517290e-04 3.31183181e-04 4.13197958e-05
1.92446518e+02 6.56234225e-02 -1.17447008e-02 6.10535096e-02 1.51765297e-04 2.72751012e-04 2.34291923e-04
1.95138596e+02 6.70997493e-02 -1.67481176e-02 6.62243898e-02 8.75429553e-05 3.53304130e-04 7.91829520e-05
1.97840580e+02 6.51617913e-02 -6.90095369e-04 6.31583130e-02 8.65808516e-05 4.65619524e-04 1.33668441e-04
2.00538236e+02 5.61785444e-02 -3.69341835e-04 6.10612665e-02 1.00061927e-04 3.86226251e-04 1.74349331e-04
2.03249096e+02 6.47362489e-02 5.80602290e-03 5.11701747e-02 1.67276081e-04 6.31619885e-04 2.98460298e-04
2.05947127e+02 6.79374706e-02 3.79746309e-03 6.00690145e-02 4.40037417e-05 6.15201024e-04 1.58072038e-04
2.08643252e+02 6.26078376e-02 3.26730700e-03 6.18352175e-02 1.02049838e-04 2.20766473e-04 7.66229388e-05
2.11340846e+02 6.67310848e-02 -7.80498375e-03 4.79136471e-02 1.40034959e-04 1.63791336e-04 1.96223049e-04
2.14050174e+02 6.81747578e-02 -4.64426827e-03 4.70489820e-02 1.58036927e-04 2.48609663e-04 2.50058344e-04
2.16771549e+02 7.33358716e-02 7.29255841e-03 4.78154220e-02 1.59322086e-04 3.73998494e-04 1.66332602e-04
2.19479721e+02 6.96584306e-02 6.44140017e-03 5.54029132e-02 1.59382949e-04 3.77899623e-04 1.92541227e-04
2.22194549e+02 6.37070180e-02 4.98816119e-04 5.79698246e-02 1.06043952e-04 4.77539302e-05 6.16344236e-05
2.24886330e+02 6.29068843e-02 4.27271962e-04 5.60979362e-02 1.93190014e-04 1.05325454e-04 3.41053611e-04
2.27595033e+02 6.15080400e-02 2.71850503e-03 6.01582425e-02 1.10612852e-04 1.66055916e-04 4.56613443e-05
2.30284815e+02 6.12985251e-02 -1.53814464e-03 5.45385920e-02 1.30332296e-04 2.30747889e-04 6.38318038e-05
2.32987627e+02 5.68663963e-02 -6.73614462e-05 6.73253189e-02 1.11859897e-04 1.22895350e-04 2.26200008e-04
2.35693861e+02 5.18946172e-02 -1.11339885e-03 7.04649248e-02 2.56486663e-04 2.43351614e-04 8.73624437e-05
2.38396393e+02 5.13217284e-02 -1.49454886e-03 6.47856185e-02 1.28333186e-04 1.05059626e-04 1.59162458e-04
2.41104799e+02 5.56627987e-02 -1.33187202e-02 5.81757209e-02 1.78666501e-04 1.84367301e-04 6.46834288e-05
2.43818299e+02 7.15916625e-02 -6.41682285e-03 5.41494090e-02 9.55797912e-05 2.44698052e-04 1.36798782e-04
2.46512283e+02 7.86864790e-02 -5.13969409e-03 5.18203213e-02 1.96287236e-04 1.23123774e-04 4.85025886e-05
2.49217127e+02 7.55798725e-02 -3.57200511e-03 5.45527212e-02 1.07224058e-04 3.16820172e-04 6.39170295e-05
2.51920721e+02 6.49944955e-02 -5.73846768e-03 7.03051371e-02 1.80536157e-04 1.09802193e-04 6.97607740e-05
2.54615424e+02 5.23506723e-02 -8.57551196e-03 7.11699812e-02 7.54561411e-05 2.07518037e-04 1.70925406e-04
2.57316940e+02 3.82882131e-02 -1.36836818e-02 7.20904093e-02 8.87268406e-05 2.85724659e-04 1.12042125e-04
2.60012846e+02 4.30876616e-02 -5.17281686e-03 6.72117568e-02 1.71995328e-04 1.66126260e-04 1.80885289e-04
2.62715361e+02 5.38604763e-02 -8.33958969e-03 6.82277868e-02 3.40536589e-05 1.38109609e-04 7.86825576e-05
2.65410752e+02 5.23630355e-02 -1.72148398e-02 7.03787236e-02 8.56144416e-05 5.54061887e-05 5.63221430e-05
2.68102286e+02 5.35098552e-02 -2.45040624e-03 5.49931603e-02 6.11763568e-05 3.16036697e-04 8.77758727e-05
