7.19326850e-01 6.62321720e-02 -2.09518476e-03 5.80387452e-02 1.59168408e-04 2.24639416e-04 2.59636963e-05
3.41956035e+00 6.80639639e-02 -1.95417401e-03 6.08100221e-02 1.69019282e-04 1.47469378e-04 2.29891581e-05
6.11527035e+00 6.74715319e-02 1.24548040e-03 6.18564813e-02 8.13270378e-05 5.69561372e-04 2.50008804e-04
8.80368628e+00 6.73886619e-02 9.65752251e-03 5.40514515e-02 9.52401224e-05 2.86140585e-04 1.42523033e-04
1.15071288e+01 6.77109558e-02 6.58433226e-03 4.12996686e-02 6.48753649e-05 3.89706536e-04 1.04967734e-04
1.41825882e+01 7.76264959e-02 6.17839610e-03 2.54299008e-02 1.48440892e-04 2.32890406e-04 8.54096917e-05
1.68804522e+01 8.01246117e-02 7.56289902e-03 1.63229462e-02 1.27567964e-04 3.68265155e-04 1.32899707e-04
1.95735647e+01 8.02995523e-02 8.71032980e-03 9.04529978e-03 5.80122853e-05 5.06454075e-04 9.39930316e-05
2.22648460e+01 7.07638273e-02 8.50828349e-03 2.13006653e-04 1.13426259e-04 3.88969988e-04 1.15940141e-04
2.49672757e+01 7.60119747e-02 6.74301970e-03 -1.54193097e-02 2.51914441e-05 1.13299710e-04 1.51410433e-04
2.76632491e+01 7.38166357e-02 -3.85630391e-04 -2.65741935e-02 1.56189348e-04 6.23268634e-04 1.52182627e-04
3.03580850e+01 7.49628790e-02 1.85311520e-03 -3.08434133e-02 9.81299736e-05 1.44017400e-04 1.33285250e-04
3.30545507e+01 7.63595166e-02 -8.86139968e-04 -4.23856156e-02 9.63420918e-05 3.40496050e-04 7.17688534e-05
3.57537991e+01 7.11289331e-02 1.03731194e-03 -3.91999395e-02 4.15960174e-05 2.48106583e-04 1.79975054e-04
3.84624116e+01 6.05058422e-02 -6.71848080e-04 -4.74637944e-02 1.63508640e-04 5.66557141e-04 4.92571089e-05
4.11716444e+01 5.64867492e-02 -3.78871935e-03 -5.02170530e-02 9.67313137e-05 8.54074466e-04 6.28160819e-05
4.38748819e+01 6.23380243e-02 -3.95748622e-03 -4.11563773e-02 1.56255670e-04 1.16211048e-03 2.23039505e-04
4.65750132e+01 7.51618254e-02 -6.00009172e-03 -4.60050074e-02 1.37991986e-04 1.33861584e-03 5.88611410e-05
4.92762882e+01 6.84102472e-02 -4.53022809e-04 -5.07465939e-02 8.07444256e-05 3.76346585e-04 7.39659566e-05
5.19754272e+01 6.89397456e-02 4.17973002e-03 -5.39104636e-02 1.40561710e-04 1.90772379e-04 9.99739542e-05
5.46590335e+01 6.79045801e-02 -1.09915671e-02 -4.79606941e-02 1.05452959e-04 3.49595858e-04 8.81006099e-05
5.73515303e+01 6.53669944e-02 -7.01828223e-03 -5.60415545e-02 5.90990494e-05 1.69027021e-04 1.01028487e-04
6.00546882e+01 5.48778449e-02 -8.10851367e-03 -6.39303667e-02 1.70791181e-04 4.16936188e-04 1.36068217e-04
6.27667960e+01 3.93561280e-02 -4.36855451e-03 -5.89452236e-02 1.45463211e-04 2.63003463e-04 1.00809093e-04
6.54671272e+01 4.53022124e-02 6.69840265e-03 -6.39411286e-02 8.52693362e-05 4.36600561e-04 9.39950279e-05
6.81733178e+01 4.45615579e-02 3.04930906e-03 -6.53028712e-02 3.23484380e-05 3.13133666e-05 1.33658982e-04
7.08611616e+01 5.54772976e-02 1.43468567e-02 -5.95449476e-02 5.17550149e-05 1.38597968e-04 1.70371911e-04
7.35801850e+01 5.27274508e-02 1.16291987e-02 -5.33304069e-02 1.35373076e-04 2.34415610e-04 5.63622682e-05
7.62904085e+01 4.93915188e-02 1.31751781e-02 -5.13886664e-02 1.69377027e-04 4.47096714e-04 1.56148676e-04
7.89933616e+01 5.34147749e-02 7.73654816e-03 -6.67169151e-02 1.47365794e-04 4.28797232e-04 9.88198230e-05
8.16985413e+01 5.47983817e-02 3.34651097e-03 -6.08400614e-02 4.00946094e-05 8.11867263e-04 1.66288304e-04
8.43850522e+01 4.93403785e-02 1.86108868e-03 -5.66440967e-02 2.32148385e-04 1.04921823e-03 4.51516217e-05
8.70854647e+01 4.96154076e-02 2.13648586e-03 -5.04438993e-02 1.00238669e-04 3.50329981e-04 2.50419596e-04
8.97795116e+01 5.34930012e-02 -5.13950300e-03 -5.72138526e-02 3.54945567e-04 3.57484253e-04 1.04368953e-04
9.24720569e+01 5.43551925e-02 7.18178406e-04 -5.98974309e-02 8.43291519e-05 4.86768171e-04 1.93255175e-04
9.51771366e+01 5.08321549e-02 -3.32575214e-03 -5.55949140e-02 7.35545810e-05 1.74986132e-04 3.44667092e-05
9.78747303e+01 5.30008235e-02 -5.28340414e-03 -6.07489114e-02 8.06173263e-05 3.01820406e-04 2.35577569e-04
1.00577932e+02 5.78760188e-02 -1.09969403e-02 -6.28312287e-02 2.68152904e-04 1.28357308e-04 6.91312765e-05
1.03280307e+02 5.38610371e-02 -8.68990404e-03 -6.66395285e-02 8.73939229e-05 1.54591959e-04 8.28269707e-05
1.05985416e+02 5.11972948e-02 4.21306091e-03 -7.23852486e-02 1.57466371e-04 1.68116673e-04 1.50119317e-04
1.08681541e+02 5.63262460e-02 4.35940983e-03 -6.72047763e-02 1.09851631e-04 1.97020000e-04 3.42828455e-04
1.11380307e+02 5.96216155e-02 1.19267907e-02 -6.13822921e-02 1.99003139e-04 2.83445124e-04 8.74330936e-05
1.14078135e+02 5.17782537e-02 1.65037096e-02 -6.64061329e-02 5.66082381e-05 5.18352317e-04 7.74151313e-05
1.16772291e+02 5.78774477e-02 1.86611521e-02 -6.39588755e-02 1.09022688e-04 1.44898577e-04 6.73152238e-05
1.19482776e+02 5.72731881e-02 1.52458528e-02 -5.43602230e-02 7.45072973e-05 3.90215790e-04 2.53120414e-04
1.22171901e+02 6.06411263e-02 1.13057114e-02 -5.07043522e-02 1.82719021e-04 1.12662242e-03 1.10028946e-04
1.24869307e+02 7.26898618e-02 5.01844283e-03 -5.86963400e-02 1.28155208e-04 6.40357748e-04 2.92550246e-05
1.27578666e+02 7.37413495e-02 2.19289195e-03 -4.84727685e-02 1.72103054e-04 3.13429616e-04 4.17320145e-05
1.30296901e+02 7.21973581e-02 -1.02345918e-03 -4.22710894e-02 1.34576446e-04 4.44975140e-04 2.41001305e-04
1.32997901e+02 7.51125236e-02 5.41226296e-03 -3.35437808e-02 1.24764238e-04 1.60414993e-04 3.32958564e-04
1.35694557e+02 7.19915490e-02 6.44324417e-03 -1.96905830e-02 3.94481775e-04 2.33711628e-04 1.05182531e-04
1.38393463e+02 7.41910417e-02 6.48564071e-03 -6.25197442e-03 2.82269687e-05 3.95527588e-04 2.88627491e-04
1.41088119e+02 7.72337064e-02 8.52026343e-03 8.46037410e-03 4.03049903e-04 4.55911410e-04 2.43939649e-04
1.43789698e+02 7.71517293e-02 1.21896609e-02 3.75670971e-02 7.28690081e-05 8.90518441e-04 2.64172519e-04
1.46494510e+02 6.42776080e-02 1.24167943e-02 4.52832868e-02 2.21058425e-04 1.20810003e-03 1.42349992e-04
1.49204276e+02 7.11432220e-02 -2.96642629e-03 4.91330578e-02 1.45284613e-04 4.35008581e-04 3.06467661e-04
1.51898494e+02 7.24586585e-02 2.24337407e-03 4.89375929e-02 1.55007542e-04 3.60388929e-04 2.43344689e-04
1.54602510e+02 7.48447151e-02 3.73987953e-03 4.17399336e-02 1.43847410e-04 1.41490676e-04 1.38222978e-04
1.57308729e+02 7.26324786e-02 6.89837041e-03 4.57787176e-02 1.91477840e-04 2.46215809e-04 2.22934101e-04
1.60022729e+02 6.63332380e-02 9.66580124e-03 4.96969848e-02 1.38295006e-04 9.40472760e-05 1.29675113e-04
1.62714088e+02 7.39342909e-02 1.10279132e-02 4.13293825e-02 1.23655778e-04 1.60807867e-04 8.08788057e-05
1.65419166e+02 6.86941533e-02 4.16381534e-03 4.25736302e-02 1.07958793e-04 1.14172942e-04 1.58106779e-04
1.68118229e+02 7.48038944e-02 1.20844384e-02 4.20631526e-02 7.72348904e-05 1.45508391e-04 1.14731921e-04
1.70822760e+02 7.06085230e-02 8.87210109e-03 4.08981245e-02 2.00412209e-04 2.08265910e-04 6.25170066e-05
1.73524838e+02 5.71757984e-02 2.69964878e-03 4.73922726e-02 1.07943144e-04 9.50676061e-05 5.72455546e-05
1.76218448e+02 5.74268220e-02 -2.89123773e-03 5.19450685e-02 8.02146698e-05 1.75663495e-04 1.27016129e-04
1.78919338e+02 6.27032231e-02 -7.04505980e-03 4.40027217e-02 1.40886963e-04 1.70151377e-04 9.95871791e-05
1.81626369e+02 6.83832210e-02 -1.04350704e-02 4.52231445e-02 2.55829020e-05 2.73724092e-04 5.40042485e-05
1.84329307e+02 6.99621182e-02 -4.87358362e-03 4.67130403e-02 1.24084300e-04 4.74541341e-04 9.65250681e-05
1.87024432e+02 7.36124950e-02 -8.48272464e-03 4.84797893e-02 8.64647700e-05 2.78349585e-04 7.30167807e-05
1.89717432e+02 7.38479850e-02 -5.75594083e-03 6.32517527e-02 7.68402630e-05 2.24180335e-04 1.72597887e-04
1.92412416e+02 7.34315271e-02 -1.38936748e-02 6.15950600e-02 9.89566059e-05 2.48061606e-04 2.32934525e-05
1.95105260e+02 6.42631139e-02 -4.15877413e-03 6.24754843e-02 1.35661297e-04 2.64060960e-04 6.35844305e-05
1.97808151e+02 5.20663267e-02 -4.42615116e-03 6.16611554e-02 5.74213132e-05 3.25749843e-04 6.90869966e-05
2.00500823e+02 5.53414020e-02 2.07576898e-03 5.70998516e-02 1.55813616e-04 2.20821075e-04 1.70281063e-04
2.03211744e+02 6.02003926e-02 -7.82058683e-03 5.50946216e-02 7.16877577e-05 3.21681530e-04 2.16038051e-04
2.05903229e+02 6.83629839e-02 -2.03523067e-03 5.43683231e-02 1.07206765e-04 1.31971539e-04 6.72458374e-05
2.08617041e+02 7.73425206e-02 -5.55098566e-03 3.75804768e-02 6.21387531e-05 3.14410337e-04 2.38866546e-04
2.11326198e+02 8.11196116e-02 2.37024593e-03 4.82198280e-02 4.82813961e-04 3.25929576e-04 1.65040622e-04
2.14031854e+02 7.98904375e-02 -1.54820520e-04 3.89209635e-02 2.36955065e-04 6.13430551e-04 2.14123305e-04
2.16735213e+02 7.21322824e-02 -3.71787903e-03 5.12623377e-02 1.56382640e-04 3.03222135e-04 1.67491506e-04
2.19436073e+02 6.64270729e-02 -2.11474276e-03 4.52651931e-02 6.82062604e-05 8.50515347e-05 1.95479866e-04
2.22144416e+02 6.10312838e-02 -4.57339527e-05 5.10518814e-02 1.91617551e-04 3.63884832e-04 4.30314921e-05
2.24850557e+02 6.16089964e-02 -7.19882887e-03 5.37589923e-02 4.50014574e-05 3.27440160e-04 7.95182937e-05
2.27558807e+02 5.38809715e-02 1.43090062e-03 5.58927909e-02 1.24616877e-04 2.09312204e-04 5.70662991e-05
2.30266948e+02 6.29990131e-02 6.87056908e-03 5.53847853e-02 1.48327456e-04 1.82290454e-04 1.32051488e-04
2.32964338e+02 6.16400925e-02 2.50293753e-03 5.27417835e-02 1.88865986e-04 8.19870129e-05 2.14932370e-04
2.35662557e+02 5.76607260e-02 -4.47206641e-03 5.91982078e-02 1.07596752e-04 1.67473689e-04 7.14473533e-05
2.38354901e+02 5.45612059e-02 -8.80254847e-03 6.43620794e-02 8.26695833e-05 1.60436177e-04 2.48334696e-04
2.41059041e+02 5.20152863e-02 -6.83891181e-03 5.63234805e-02 3.07717556e-04 2.67570875e-04 1.31349133e-04
2.43752494e+02 6.28019849e-02 -1.34149915e-02 5.47205101e-02 2.10398439e-04 8.14392672e-05 1.25164749e-04
2.46460807e+02 6.54312832e-02 -1.65463033e-02 5.94019211e-02 4.61324515e-05 1.60779433e-04 7.84590172e-05
2.49166057e+02 5.63859029e-02 -1.02292549e-02 6.28852142e-02 7.00160429e-05 8.59416443e-05 5.10114558e-05
2.51867807e+02 5.27624258e-02 -1.05945005e-02 6.32653455e-02 1.27037930e-04 1.21800555e-04 5.57748983e-05
2.54578479e+02 4.87068465e-02 -3.83045070e-03 6.87983390e-02 1.07592926e-04 1.34557192e-04 9.61026980e-05
2.57287182e+02 4.28858641e-02 -1.05690575e-02 6.75803927e-02 8.93313622e-05 1.90424585e-04 2.15078634e-04
2.59979479e+02 4.67195097e-02 -1.21300243e-02 6.41550479e-02 1.02300074e-04 1.68441921e-04 9.84092404e-05
2.62686901e+02 4.78818519e-02 -9.45709159e-03 5.78256746e-02 4.31407304e-05 2.07290674e-04 1.26059587e-04
2.65372651e+02 6.06242721e-02 -3.46215672e-03 5.02105789e-02 6.44241325e-05 3.05788527e-04 1.62278687e-04
2.68081979e+02 6.93978525e-02 -9.81248741e-04 5.63163813e-02 1.13338064e-04 3.97875689e-04 2.08013401e-04
