6.89734643e-01 6.01187550e-02 2.74116355e-03 6.76533323e-02 1.80100404e-04 4.49602946e-04 1.22188346e-04
3.39250268e+00 6.69645904e-02 7.70076487e-03 6.95534847e-02 1.07392325e-04 3.13542950e-04 8.12596748e-05
6.08369393e+00 6.79962920e-02 2.40003521e-03 5.29308401e-02 5.68743624e-05 2.44086012e-04 1.03325864e-04
8.78731800e+00 6.87192324e-02 9.34087832e-03 3.38081631e-02 1.08087212e-04 5.14948317e-05 5.16659334e-05
1.14906267e+01 7.74784366e-02 1.16669297e-02 2.71320686e-02 1.41385686e-04 1.46116262e-04 1.32091389e-04
1.41820080e+01 8.60183318e-02 1.12558761e-02 1.04611402e-02 1.77533524e-04 2.18113500e-04 4.36976613e-05
1.68800361e+01 8.28741006e-02 1.83420670e-02 -8.41524361e-03 5.88192609e-05 5.36489540e-05 3.29419562e-04
1.95748346e+01 8.05020766e-02 1.90864841e-02 -3.26874720e-02 1.25891629e-04 6.02416178e-05 4.71979353e-05
2.22851455e+01 7.98042183e-02 1.70386222e-02 -3.38445048e-02 5.55986603e-05 3.07276598e-04 1.21769202e-04
2.49933752e+01 7.78381967e-02 1.69593271e-02 -3.26990800e-02 6.23608175e-05 1.24980615e-04 1.54890664e-04
2.76983846e+01 7.13690919e-02 1.11071416e-02 -3.15074491e-02 1.52516577e-04 9.51668803e-05 3.30035720e-04
3.03958424e+01 7.40349862e-02 5.74486272e-03 -4.21829517e-02 1.20205551e-04 1.05083650e-04 3.08542107e-04
3.30928924e+01 7.20416622e-02 5.01752917e-03 -4.37105546e-02 1.41708571e-04 1.23588825e-04 7.92344375e-05
3.58022783e+01 7.48763746e-02 1.06633192e-02 -4.26855233e-02 9.82999955e-05 1.89797545e-04 8.80036356e-05
3.85039533e+01 6.96689807e-02 1.39087078e-02 -5.12175186e-02 1.36347189e-04 2.12317187e-04 1.21101523e-04
4.11968439e+01 6.94636983e-02 2.09220739e-02 -5.24341839e-02 4.01517780e-05 2.35166051e-04 1.16200230e-04
4.38909064e+01 6.90839892e-02 1.53335305e-02 -5.73630579e-02 1.23367101e-04 2.17524152e-04 1.33194181e-04
4.65979439e+01 7.03142519e-02 1.24215426e-02 -6.65045818e-02 3.49053669e-05 1.30327908e-04 3.04774149e-05
4.93000455e+01 6.80374179e-02 7.79999197e-03 -6.28663127e-02 6.29380232e-05 1.41100288e-04 1.15046461e-04
5.20001299e+01 7.06986226e-02 3.94959327e-04 -5.42138460e-02 8.53341266e-05 1.10597810e-04 3.36437990e-04
5.46942346e+01 6.56881141e-02 1.04858096e-02 -5.60283848e-02 1.40980269e-04 1.46085087e-04 1.08032588e-04
5.73957674e+01 5.59759022e-02 9.22043666e-03 -5.36821386e-02 7.63599215e-05 1.89504046e-04 1.72771185e-04
6.00892377e+01 5.66974637e-02 1.06181965e-02 -5.32788554e-02 1.56572314e-04 4.03124011e-04 1.83633436e-04
6.27861799e+01 6.42701081e-02 3.49261808e-03 -6.19709406e-02 1.02783950e-04 7.01892990e-04 8.40500006e-05
6.54759361e+01 6.20620683e-02 -7.56865945e-03 -5.94817412e-02 2.45260442e-04 6.58983960e-04 1.30940633e-04
6.81762502e+01 5.75858065e-02 -7.95783071e-03 -4.90829204e-02 7.25897711e-05 9.19232894e-04 8.02521647e-05
7.08733596e+01 4.83876461e-02 -6.27090406e-03 -4.56310303e-02 1.19731217e-04 6.68340717e-04 8.35285368e-05
7.35766377e+01 5.93615890e-02 -1.83225793e-03 -4.68707762e-02 1.22121678e-04 7.61270232e-04 7.41048421e-05
7.62711267e+01 5.72205567e-02 -1.28955352e-03 -5.27627969e-02 9.26255676e-05 7.05674356e-04 2.01564280e-04
7.89620627e+01 5.31033270e-02 -3.89605921e-03 -5.86578322e-02 1.92013434e-05 6.59545615e-04 1.01569114e-04
8.16578846e+01 5.76544080e-02 -4.94833147e-03 -6.14846814e-02 7.68136128e-05 4.86794418e-04 5.86809702e-05
8.43552205e+01 4.86894719e-02 1.62554899e-04 -5.62111442e-02 5.29184982e-05 1.08428959e-03 4.65096099e-05
8.70631283e+01 5.50554443e-02 3.38641429e-03 -5.72735456e-02 1.74845544e-05 4.26751947e-04 1.29559437e-04
8.97630377e+01 6.11372029e-02 3.33243616e-03 -5.72238752e-02 8.89305098e-05 5.66755878e-04 1.40283028e-04
9.24588205e+01 6.70688873e-02 -7.95148281e-03 -6.33060306e-02 1.39214800e-04 3.39982816e-04 9.02549205e-05
9.51663658e+01 7.67848926e-02 -5.22048920e-03 -6.31397719e-02 1.59755602e-04 3.25120127e-04 2.97708363e-04
9.78607908e+01 6.72243683e-02 -1.04619220e-03 -5.82657997e-02 1.79005746e-04 1.41171358e-04 1.41635363e-04
1.00574106e+02 7.11870551e-02 -6.32371311e-03 -5.85860064e-02 1.43055130e-04 1.43895854e-04 1.76673432e-04
1.03279169e+02 6.38189927e-02 2.16008633e-03 -6.22062529e-02 2.80311304e-04 2.06753469e-04 1.79469430e-04
1.05998122e+02 5.70701908e-02 -3.92127934e-04 -6.66326221e-02 2.86735160e-04 3.33893709e-04 1.47287766e-04
1.08697919e+02 4.79183454e-02 1.34110218e-03 -6.36949445e-02 1.74849838e-04 8.05917408e-05 1.91658930e-04
1.11394075e+02 4.35014173e-02 -1.60538462e-04 -6.44105442e-02 6.87140186e-05 4.16578193e-04 3.02414755e-04
1.14102044e+02 4.88385938e-02 -1.55808364e-03 -6.24827826e-02 1.99367328e-04 1.78145755e-04 2.46343492e-04
1.16801544e+02 5.45520912e-02 -1.99091089e-03 -7.78517637e-02 1.94510232e-04 4.79200591e-04 2.22377109e-04
1.19496138e+02 5.12616678e-02 -9.13907988e-03 -7.16160000e-02 1.49368615e-04 4.53263246e-04 1.01038279e-04
1.22203888e+02 5.03170308e-02 -5.36542826e-03 -7.12618570e-02 6.76374858e-05 2.86753740e-04 1.21150411e-04
1.24904075e+02 5.72509382e-02 -8.12289495e-03 -6.97670399e-02 3.84828876e-05 5.04682571e-04 5.47801944e-05
1.27603403e+02 6.06064103e-02 -5.79053904e-03 -5.52764789e-02 3.66802910e-05 3.89910640e-04 1.10371590e-04
1.30297669e+02 5.83620628e-02 -6.96913095e-03 -5.35087859e-02 2.00464936e-04 3.31226581e-04 4.33492819e-05
1.32998653e+02 5.59719468e-02 -9.19679046e-03 -4.64611150e-02 9.94562720e-05 2.19288542e-04 1.25270991e-04
1.35690903e+02 6.60200871e-02 -4.74935697e-03 -4.11098369e-02 8.31567443e-05 2.15301025e-04 1.01906704e-04
1.38387481e+02 7.58414652e-02 -1.37002602e-03 -1.17835153e-02 1.31820908e-04 4.26863127e-04 2.37840026e-04
1.41072091e+02 7.71117146e-02 -1.43050611e-03 3.67868564e-03 1.15793822e-04 3.04405187e-04 2.50533507e-04
1.43770200e+02 7.37487033e-02 6.44667995e-04 2.85578513e-02 2.00945532e-04 1.30402664e-04 7.56086745e-05
1.46455919e+02 7.45898042e-02 4.38922577e-03 4.01223866e-02 8.74648515e-05 1.93263660e-04 1.75545514e-04
1.49153935e+02 6.68460993e-02 5.01226854e-03 5.36930045e-02 7.70480842e-05 1.54611697e-04 1.27376270e-04
1.51859841e+02 6.66951303e-02 7.64594223e-03 5.49102240e-02 9.95726687e-05 9.58315543e-05 1.03383923e-04
1.54565731e+02 6.37709349e-02 6.32300095e-03 6.28296418e-02 4.70694464e-05 4.34453728e-04 2.04156820e-04
1.57272106e+02 6.62663558e-02 6.49759280e-03 6.02086557e-02 8.08342576e-05 4.62353216e-04 2.31480016e-04
1.59978888e+02 6.85305353e-02 4.37308601e-03 5.59422421e-02 7.65370087e-05 3.58548515e-04 8.47411252e-05
1.62683419e+02 6.72626050e-02 1.40437667e-03 6.13797463e-02 1.09460608e-04 1.64497173e-04 2.12405088e-04
1.65376200e+02 5.82062213e-02 2.71140562e-03 6.17993558e-02 4.28763889e-05 1.88128842e-04 5.54934992e-05
1.68064716e+02 5.95744925e-02 1.22050183e-03 5.18348695e-02 2.17264384e-04 5.07647179e-05 7.34115014e-05
1.70780997e+02 5.90835775e-02 1.38999847e-02 4.82593573e-02 9.01873009e-05 3.61761170e-05 4.18420080e-05
1.73471700e+02 6.27799677e-02 5.00880821e-03 4.72126048e-02 6.98485565e-05 9.70405898e-05 2.56134827e-04
1.76172341e+02 6.16070489e-02 1.77406243e-03 4.40640261e-02 2.43894367e-04 2.69932093e-04 5.58352939e-05
1.78871888e+02 6.39029110e-02 -4.61532215e-03 4.95100137e-02 1.65455605e-04 4.94223435e-04 1.16918916e-04
1.81579372e+02 6.18183601e-02 2.51512181e-03 5.33824112e-02 1.31594454e-04 1.43493571e-04 1.13775494e-04
1.84289997e+02 5.72384862e-02 -2.29549464e-03 6.01637005e-02 7.21150223e-05 3.23434201e-04 1.04559989e-04
1.86997685e+02 6.55628845e-02 -4.44988662e-03 5.77400869e-02 7.23275068e-05 2.84093064e-04 7.75064561e-05
1.89695372e+02 7.25305526e-02 -8.51258442e-03 5.67071481e-02 2.32477659e-05 2.78441729e-04 8.52607064e-05
1.92396153e+02 7.23323898e-02 -4.81073985e-03 4.84062211e-02 8.53058687e-05 2.08505172e-04 1.79949014e-04
1.95112341e+02 6.50720841e-02 -1.68382075e-02 4.56614356e-02 2.88092564e-05 5.55296371e-05 1.06136514e-04
1.97816466e+02 5.93870924e-02 -1.08721428e-02 5.53784594e-02 1.14958847e-04 7.00055326e-05 3.12306620e-04
2.00524372e+02 5.27412432e-02 -2.16025452e-03 6.33103219e-02 2.09263903e-04 1.49224423e-04 1.01603748e-04
2.03220310e+02 5.09352248e-02 -4.48482825e-04 6.58152717e-02 1.87156163e-04 7.59856535e-05 3.65024345e-04
2.05930013e+02 5.68833074e-02 -1.44410374e-03 6.78948864e-02 8.79528288e-05 1.53303904e-04 7.00490980e-05
2.08630856e+02 5.16938655e-02 -3.45852801e-04 6.68655974e-02 9.68420030e-05 1.43178958e-04 6.34792983e-05
2.11329903e+02 4.23366712e-02 -3.20420284e-03 6.39513671e-02 3.34779640e-05 1.16490767e-04 1.78878938e-04
2.14019560e+02 5.71644298e-02 -6.92201711e-03 6.89916399e-02 7.59426796e-05 2.73422344e-04 1.17317250e-04
2.16709810e+02 6.28836192e-02 -6.18226803e-03 5.77461022e-02 1.99642593e-04 4.34121773e-04 4.66419020e-05
2.19405935e+02 6.95008129e-02 -1.18141034e-02 5.67878614e-02 6.60054533e-05 3.09543106e-04 2.04387136e-04
2.22104278e+02 6.01240548e-02 5.02715443e-04 5.61784632e-02 5.98871789e-05 4.64053427e-04 1.40863300e-04
2.24809810e+02 5.70781286e-02 -7.96259238e-04 4.95121246e-02 1.67108171e-04 3.00964472e-04 6.21715164e-05
2.27503169e+02 5.90369980e-02 -6.32110612e-03 4.23836923e-02 1.18860360e-04 4.45729798e-04 1.08652484e-04
2.30197966e+02 6.34321117e-02 2.27458762e-03 2.98613435e-02 1.17985847e-04 3.56595829e-04 1.64134254e-04
2.32899091e+02 6.69036198e-02 -4.62029070e-03 3.19139430e-02 3.21696396e-04 1.29375920e-04 1.33352979e-04
2.35597200e+02 6.99842195e-02 -6.32993226e-03 3.56297864e-02 1.15606275e-04 1.29021309e-04 2.48774667e-04
2.38292216e+02 6.76536402e-02 -3.42928259e-03 3.77769225e-02 1.00288329e-04 1.35826944e-04 2.94834172e-04
2.41003716e+02 6.76976461e-02 -1.76905195e-03 4.46282010e-02 7.28055404e-05 2.27655393e-04 1.90640306e-04
2.43703825e+02 6.59199481e-02 -6.07660995e-05 5.76612884e-02 7.05395294e-05 1.34308719e-04 1.78671311e-05
2.46398888e+02 7.15934440e-02 1.94075401e-03 5.19458752e-02 7.81222783e-05 3.01025947e-04 6.56661123e-05
2.49102419e+02 6.56454011e-02 -3.34311108e-03 5.62758749e-02 1.09467824e-04 1.54339582e-04 1.05565311e-04
2.51800216e+02 5.34000869e-02 -5.82834898e-03 5.69017404e-02 1.85788407e-04 2.16662071e-04 1.01753461e-04
2.54509028e+02 4.82410511e-02 -1.23423930e-02 7.19696579e-02 6.03595385e-05 3.11487998e-04 6.22486368e-05
2.57203763e+02 4.87841289e-02 -9.05484205e-03 6.70220019e-02 4.41933582e-05 1.37787870e-04 8.43547246e-05
2.59902856e+02 5.07085134e-02 -1.56113733e-02 6.45334320e-02 5.69517529e-05 2.19788088e-04 5.36705089e-05
2.62604435e+02 4.53035191e-02 -6.62932418e-04 6.01131685e-02 9.43678677e-05 4.24306720e-04 4.62959838e-05
2.65304950e+02 5.39811769e-02 -1.46618979e-03 6.36790584e-02 9.97715350e-05 2.51954703e-04 1.40934648e-04
2.68003919e+02 5.11010845e-02 3.09402805e-03 7.20277346e-02 1.81894930e-04 5.69413384e-04 7.71227705e-05
