6.96784169e-01 5.74618816e-02 2.69931694e-03 6.90857309e-02 3.15487276e-05 2.15494192e-04 4.41817352e-05
3.39560158e+00 5.64886703e-02 6.71643149e-03 6.28133609e-02 2.43564397e-05 3.41537845e-04 1.52088599e-04
6.09782986e+00 6.51744232e-02 8.24035510e-03 5.26043047e-02 2.37514285e-04 9.28801211e-05 6.51893829e-05
8.78972470e+00 6.58726836e-02 1.56491580e-02 4.74123955e-02 1.47621476e-04 9.14630466e-05 1.89498083e-04
1.14787763e+01 6.84134897e-02 1.14235963e-02 3.07456656e-02 1.29419759e-04 1.43635523e-04 7.73750382e-05
1.41788575e+01 6.99851320e-02 1.48243556e-02 1.04441427e-02 1.46467305e-04 1.96152983e-04 1.57211956e-04
1.68799106e+01 7.69680249e-02 1.58790031e-02 -3.11349147e-03 1.28632409e-04 2.25515876e-04 3.96625973e-05
1.95892231e+01 7.02742249e-02 1.38547166e-02 -1.50641537e-03 1.15194440e-04 4.65577060e-04 1.57444734e-04
2.22846403e+01 7.30539310e-02 1.91786305e-02 -8.19893089e-03 1.33173278e-04 3.48425939e-04 1.52107396e-04
2.49969888e+01 7.68832841e-02 1.92275249e-02 -2.39745414e-02 4.73952640e-05 4.10149205e-05 1.56252994e-04
2.76904169e+01 8.09087675e-02 1.42064036e-02 -3.28558627e-02 8.19274633e-05 3.75905934e-04 7.48938954e-05
3.04000075e+01 8.08052579e-02 7.84018592e-03 -3.50283095e-02 8.03246573e-05 7.00635826e-05 9.80583163e-05
3.30972825e+01 8.02048903e-02 1.43021556e-02 -4.92123694e-02 8.40568479e-05 1.43308910e-04 7.38298722e-05
3.57904763e+01 7.07229291e-02 3.75772611e-03 -4.93830659e-02 1.04129192e-04 1.24224508e-05 1.58005260e-04
3.84910059e+01 6.13378596e-02 -1.34329827e-03 -6.42790538e-02 6.45942532e-05 2.00617791e-04 9.17738099e-05
4.11966528e+01 5.88945248e-02 9.40921894e-03 -5.49301011e-02 1.12198188e-04 6.94407349e-05 1.21004690e-04
4.39062247e+01 6.03865025e-02 1.03483974e-02 -5.71752444e-02 1.84373065e-04 8.55028568e-05 2.18257867e-04
4.66019794e+01 7.15762324e-02 7.50879443e-03 -5.01937417e-02 3.95755116e-05 1.55617525e-04 7.52094158e-05
4.93004247e+01 7.51262298e-02 -2.08087438e-03 -5.91128258e-02 1.83570501e-04 1.81849218e-04 1.12618189e-04
5.19975997e+01 7.27422260e-02 2.71707338e-03 -5.23726754e-02 7.40341333e-05 5.63434189e-05 2.98882652e-04
5.46968872e+01 6.88184095e-02 9.73673598e-03 -5.49127682e-02 1.76935842e-04 1.84241730e-04 7.57781551e-05
5.73942388e+01 6.39744750e-02 3.01979323e-03 -5.29624005e-02 1.29796518e-05 1.34897589e-04 1.30642320e-04
6.00975919e+01 6.24389976e-02 9.17977221e-03 -6.08970730e-02 9.99179461e-05 2.49283936e-04 6.24879041e-05
6.27953856e+01 5.12463396e-02 9.44853468e-03 -6.20911289e-02 1.04002654e-04 5.13012691e-04 1.50455914e-04
6.54879028e+01 5.48062414e-02 1.29951607e-02 -5.66328642e-02 2.46596807e-05 1.25045236e-03 2.58768848e-04
6.81829591e+01 5.80727612e-02 8.97264904e-03 -6.59723515e-02 5.00625159e-04 5.63448698e-04 1.03038280e-04
7.08807622e+01 6.73752761e-02 6.16956013e-03 -5.30787683e-02 9.09567328e-05 7.41343156e-04 3.37953494e-04
7.35702794e+01 5.44318754e-02 -3.13125268e-03 -5.45145381e-02 6.61665628e-04 6.13742981e-04 2.11601114e-04
7.62609981e+01 5.66962997e-02 -4.00673896e-03 -4.83784660e-02 7.70973642e-05 1.09712409e-03 3.27991158e-04
7.89730263e+01 5.43669181e-02 -9.65068414e-03 -6.46987151e-02 1.26293460e-04 1.02438137e-03 1.32231761e-04
8.16698763e+01 6.25766683e-02 -4.66926662e-03 -6.57202563e-02 1.20901539e-04 1.49764913e-03 1.07682084e-04
8.43726747e+01 6.63591811e-02 1.45928824e-03 -7.50742344e-02 1.58975015e-04 7.54724703e-04 5.51490901e-05
8.70644497e+01 6.42026593e-02 -5.32117467e-03 -6.59305277e-02 1.24108623e-04 6.93911610e-04 9.44165394e-05
8.97564481e+01 5.89350760e-02 -1.24766766e-04 -6.61179407e-02 2.53438584e-05 4.51539561e-04 7.60173191e-05
9.24665247e+01 5.54066875e-02 6.68119622e-03 -5.80362462e-02 4.77418065e-05 1.53840112e-04 8.78934219e-05
9.51660919e+01 4.65626006e-02 4.20629723e-03 -6.41123457e-02 8.07496821e-05 1.98599774e-04 1.75555541e-04
9.78726028e+01 5.83281255e-02 -4.13621610e-03 -6.29721918e-02 1.31678126e-04 2.32880343e-04 8.98671424e-05
1.00583633e+02 6.38601673e-02 1.24180864e-03 -6.82569100e-02 9.45994315e-05 1.12458871e-04 4.90739672e-05
1.03289929e+02 5.77572003e-02 -4.27979886e-03 -6.85390349e-02 3.51394109e-05 1.18376451e-04 1.04156040e-04
1.05986664e+02 5.18908191e-02 -8.38708061e-03 -6.88435316e-02 2.78196525e-04 2.40754975e-05 1.67607045e-04
1.08701804e+02 4.42216083e-02 -1.00685538e-02 -7.04476103e-02 9.94405204e-05 2.26468756e-04 1.62968129e-04
1.11407898e+02 4.05904779e-02 -2.46787688e-03 -6.86439989e-02 7.69194592e-05 6.43732463e-04 6.32104315e-05
1.14113070e+02 3.99669342e-02 -4.03523936e-04 -6.78610260e-02 1.05320035e-04 4.99579693e-04 1.11059574e-04
1.16819789e+02 4.94607998e-02 4.73773215e-03 -6.30965884e-02 2.24799740e-04 1.31168579e-04 1.87143666e-04
1.19513851e+02 4.94332586e-02 -2.14302480e-04 -6.51975987e-02 2.07185341e-04 3.14739675e-04 1.74722568e-04
1.22221179e+02 5.80865145e-02 -4.38442856e-03 -6.32208524e-02 1.17998929e-04 6.29530292e-04 1.16386178e-04
1.24915648e+02 6.78428223e-02 -8.09548070e-03 -5.67969153e-02 1.70502334e-04 3.11180312e-04 1.53377141e-04
1.27616648e+02 7.07315497e-02 -7.00749110e-03 -5.18083817e-02 4.21803120e-05 5.92088749e-04 9.05544952e-05
1.30317367e+02 6.61624105e-02 -1.26405814e-02 -4.87618410e-02 1.35629080e-04 5.03893675e-04 8.84837458e-05
1.33009554e+02 6.45887268e-02 -1.59816211e-02 -4.21511270e-02 2.63449457e-05 3.89963774e-04 2.19171913e-04
1.35698445e+02 7.42746595e-02 -1.18669047e-02 -3.30911809e-02 2.07204511e-04 4.37417890e-04 1.61943952e-04
1.38387133e+02 8.21634244e-02 -1.39108345e-02 -1.44868372e-02 2.09444203e-04 1.89530109e-04 6.84760716e-05
1.41076836e+02 8.34948755e-02 -1.41093112e-03 5.37888459e-03 2.17754805e-04 2.50850088e-04 2.80977183e-04
1.43766711e+02 7.51270510e-02 -2.00828858e-03 3.10698793e-02 1.88995375e-04 2.55086262e-04 1.00931651e-04
1.46467554e+02 6.61998321e-02 -8.37451807e-03 4.96292361e-02 2.00734331e-04 3.51776024e-04 3.47435497e-04
1.49168898e+02 6.20191009e-02 -9.06637065e-03 5.74226962e-02 9.26077686e-05 1.59527291e-04 6.29541909e-05
1.51870414e+02 5.73869223e-02 -1.61360878e-03 5.43220925e-02 8.50318426e-05 2.11986680e-04 2.19945252e-04
1.54576242e+02 6.41878930e-02 -1.18446955e-03 5.26064855e-02 2.49320114e-04 1.77304924e-04 8.07653180e-05
1.57278820e+02 6.24687329e-02 3.16289844e-03 5.70297572e-02 1.12499949e-04 2.53775541e-04 1.92142884e-04
1.59977414e+02 6.59075649e-02 6.38885998e-03 6.06245808e-02 9.94388922e-05 3.61734593e-04 8.03698573e-05
1.62688398e+02 6.58252704e-02 1.92312526e-03 5.06273807e-02 4.81475246e-05 1.47598354e-04 2.84065118e-04
1.65398476e+02 7.26911488e-02 1.69286169e-03 4.79738878e-02 7.72056893e-05 3.70850615e-05 1.71716665e-04
1.68098883e+02 6.97348593e-02 5.36128899e-03 5.23701217e-02 1.47591650e-04 1.02185889e-04 9.70458431e-05
1.70793211e+02 6.35376164e-02 -3.68542075e-04 4.38861093e-02 6.36150995e-05 4.74617236e-04 1.38952833e-04
1.73489570e+02 5.99560087e-02 9.24211283e-03 4.08214886e-02 5.20968624e-05 1.57106467e-04 1.76418184e-04
1.76200945e+02 5.60650396e-02 8.92818658e-03 4.84377856e-02 4.96478816e-05 2.05716360e-04 7.93947759e-05
1.78896304e+02 5.74971600e-02 2.73027639e-03 5.42910957e-02 6.62731081e-05 1.46601365e-04 5.48873490e-05
1.81600570e+02 5.86439811e-02 1.72566500e-04 5.68947902e-02 1.14592310e-04 1.56486849e-04 1.28432565e-04
1.84297054e+02 5.75668727e-02 -7.19366217e-03 5.06198242e-02 1.08135311e-04 1.94798216e-04 1.04820492e-04
1.87002242e+02 6.46638511e-02 -5.79955670e-03 5.46213517e-02 8.67838910e-05 2.09351201e-04 2.25701902e-04
1.89714398e+02 6.02235451e-02 -1.56099849e-02 5.40380267e-02 1.78951085e-04 1.82525929e-04 2.10755152e-04
1.92429617e+02 6.55065358e-02 -1.49670381e-02 4.96170619e-02 1.76308226e-04 1.02792406e-04 8.21588426e-05
1.95127601e+02 6.26155194e-02 -1.15084292e-02 5.00442871e-02 1.24234322e-04 1.35547020e-04 1.23320354e-04
1.97826570e+02 6.05764819e-02 -4.98761998e-03 5.57582954e-02 1.19897597e-04 1.05041869e-04 1.43447300e-04
2.00539476e+02 5.04773733e-02 -4.17909530e-03 6.01450421e-02 1.14895889e-04 1.14176960e-04 1.31118329e-04
2.03241086e+02 5.32568355e-02 2.62189286e-03 5.69522020e-02 6.09354403e-05 1.36703110e-04 1.02543474e-04
2.05944336e+02 5.03991761e-02 6.34898064e-03 6.61089176e-02 1.54160577e-04 8.09417255e-05 8.21713998e-05
2.08633054e+02 5.11318425e-02 -2.84386780e-03 6.30556227e-02 1.18253419e-04 1.58469667e-04 3.23332343e-05
2.11333664e+02 5.17084623e-02 2.75857291e-03 5.83975560e-02 1.09019509e-04 5.49117615e-04 9.44091167e-05
2.14033836e+02 5.33465934e-02 3.20029927e-03 5.84604261e-02 1.28809886e-04 4.01883660e-04 9.16235431e-05
2.16730367e+02 5.52737296e-02 -3.39878058e-03 5.56081502e-02 1.19770556e-04 3.02948515e-04 1.00728508e-04
2.19432179e+02 6.55069413e-02 -2.32318853e-03 4.18734258e-02 2.03858042e-04 4.43594741e-04 8.24833853e-05
2.22117695e+02 6.45652642e-02 -1.76043046e-03 4.80678706e-02 9.61551069e-05 2.52879411e-04 1.46039152e-04
2.24818101e+02 7.82108772e-02 2.01447302e-03 4.61164965e-02 2.88615717e-04 3.54353048e-04 5.94127400e-05
2.27509789e+02 7.39499369e-02 -3.60115184e-03 3.71728610e-02 1.14786114e-04 1.36189515e-04 2.80778483e-04
2.30221414e+02 6.93454425e-02 -9.94379119e-03 3.62970372e-02 2.72847286e-04 1.84268662e-04 3.01629906e-04
2.32927742e+02 6.41051460e-02 -3.68067951e-03 3.92283537e-02 3.09137107e-04 1.14855790e-04 3.02151153e-04
2.35628164e+02 7.02155742e-02 -1.26909517e-02 4.01533929e-02 2.04393196e-04 1.53165677e-04 2.40485168e-04
2.38331508e+02 7.15873095e-02 1.01947819e-03 4.82310338e-02 1.39192316e-04 4.66482588e-05 1.48714632e-04
2.41020148e+02 6.93599155e-02 3.95170681e-03 4.62242917e-02 2.64504863e-05 2.10519255e-04 1.07376223e-04
2.43725445e+02 6.20732489e-02 1.94501433e-04 5.56493692e-02 3.00679741e-04 4.23204926e-05 1.24414070e-04
2.46422945e+02 5.98729646e-02 3.90332771e-03 6.60922649e-02 9.10121561e-05 2.02106032e-05 7.09814119e-05
2.49119867e+02 5.52627591e-02 -6.42593218e-03 5.81409882e-02 1.47658439e-04 1.47490437e-04 8.44594892e-05
2.51819304e+02 4.51341069e-02 -1.69973535e-03 6.35491670e-02 1.23210837e-04 1.83712429e-04 1.23564690e-04
2.54512773e+02 4.96798547e-02 -9.39629771e-03 5.29557077e-02 8.25145466e-05 6.42292227e-05 1.60839689e-04
2.57207195e+02 5.54465778e-02 -1.15435233e-03 5.83945755e-02 6.75098867e-05 2.29244849e-04 8.46132818e-05
2.59908414e+02 5.72793070e-02 1.35057626e-03 5.54409528e-02 8.49215104e-05 1.05247369e-04 1.36582848e-04
2.62604961e+02 5.66299116e-02 2.57400059e-03 6.13279210e-02 3.20362131e-04 1.03170553e-04 2.25997493e-04
2.65329523e+02 3.94611069e-02 -6.16074917e-03 6.73627188e-02 1.48322145e-04 9.91443362e-05 1.10191584e-04
2.68032350e+02 4.07405016e-02 -8.58913316e-04 7.33427574e-02 1.49227407e-04 4.22760156e-04 1.24412108e-04
