6.48062884e-01 7.48717656e-02 -1.52465616e-03 -3.49608707e-02 5.06323738e-05 5.34017082e-04 1.36596413e-04
3.36179204e+00 7.81734747e-02 2.94689343e-03 -4.99184690e-02 1.10383765e-04 4.14850090e-04 8.62903516e-05
6.05605875e+00 7.17831600e-02 -5.67279489e-03 -5.09448256e-02 2.49222598e-04 1.71179386e-04 1.02597466e-04
8.75862375e+00 7.58179993e-02 -1.47788739e-03 -4.25385852e-02 5.51410472e-05 2.81216532e-04 1.13784415e-04
1.14641977e+01 7.98624698e-02 -5.42449075e-03 -4.05118870e-02 7.64091724e-05 7.71681761e-05 8.24492669e-05
1.41635852e+01 8.50050791e-02 5.56510792e-04 -3.20706961e-02 2.57926920e-05 2.93236741e-04 1.26966721e-04
1.68623805e+01 7.92053061e-02 -4.78335651e-04 -3.47866773e-02 1.45814362e-04 3.58908945e-04 1.11153777e-04
1.95550539e+01 6.62206476e-02 6.26503472e-03 -3.63306739e-02 1.27990254e-04 1.35186978e-04 2.40880656e-04
2.22762695e+01 5.67167459e-02 -2.55969106e-03 -4.63052480e-02 1.14497632e-04 3.54296285e-04 1.31795189e-04
2.49691180e+01 5.42836084e-02 4.14769670e-03 -5.00644285e-02 1.21948482e-04 9.38452787e-05 1.00873964e-04
2.76793023e+01 5.35436232e-02 1.41776880e-03 -5.88400559e-02 7.09024958e-05 2.28836005e-04 1.64024774e-04
3.03846617e+01 5.56856224e-02 2.83040881e-03 -6.51279903e-02 7.47459242e-05 1.07436055e-04 9.18452109e-05
3.30844617e+01 6.36562685e-02 -4.65159947e-03 -6.44359965e-02 1.41309503e-04 3.23889187e-04 1.42350122e-04
3.57863820e+01 5.98769191e-02 -4.21694887e-03 -6.49287636e-02 1.08533561e-04 3.18270219e-04 7.26045161e-05
3.84832398e+01 6.28077450e-02 -5.00936488e-03 -6.44727969e-02 5.20133821e-05 2.40896056e-04 1.18082481e-04
4.11949914e+01 7.10535407e-02 -7.41220559e-04 -6.40801217e-02 2.64222792e-04 2.83611772e-04 2.62366100e-04
4.38879742e+01 7.17175478e-02 -3.00949224e-03 -4.90774320e-02 3.55478493e-04 3.35170669e-04 2.79097831e-04
4.65861289e+01 6.95480532e-02 -7.81419799e-03 -4.95050462e-02 1.46991844e-04 5.28569200e-04 2.09551526e-04
4.92856211e+01 6.09968550e-02 -6.86795092e-03 -4.42983101e-02 9.54573363e-05 5.52306712e-04 2.05841290e-04
5.19925086e+01 5.62058185e-02 1.01018973e-04 -6.41469319e-02 1.53889508e-04 4.28871780e-04 1.55127043e-04
5.46885602e+01 5.71463793e-02 -8.09062934e-03 -6.34264714e-02 1.05190518e-04 3.08312114e-04 4.73280582e-05
5.73876820e+01 6.25813653e-02 -3.65871540e-03 -5.90371697e-02 1.05149366e-04 4.78810264e-04 7.65226335e-05
6.00914023e+01 5.74584583e-02 -3.07285952e-03 -6.67734467e-02 1.19815327e-04 2.95568281e-04 1.42214492e-04
6.27877461e+01 5.69449120e-02 6.06812670e-04 -6.84314602e-02 1.01331096e-04 2.55977920e-04 2.74021627e-05
6.54981992e+01 4.85124857e-02 -5.77389385e-03 -6.09206510e-02 8.90281834e-05 1.00718910e-04 3.51832287e-05
6.82121883e+01 4.65014080e-02 2.91148623e-03 -5.24379967e-02 5.23116887e-05 1.66964964e-04 1.93096444e-05
7.09160305e+01 5.27683859e-02 -5.78982886e-03 -5.62127309e-02 1.04053385e-04 1.76022378e-04 8.49872013e-05
7.36118586e+01 5.60219246e-02 5.30092034e-03 -6.04886852e-02 1.51394912e-04 4.87898920e-05 1.05118638e-04
7.63128570e+01 5.71948319e-02 -8.67970785e-03 -6.51219561e-02 3.45006212e-05 2.07220107e-04 4.23229091e-05
7.90120867e+01 5.45911427e-02 -1.56813196e-02 -6.35427429e-02 9.88641891e-05 1.62811514e-04 1.42702339e-04
8.17077148e+01 6.03962783e-02 -1.20664172e-02 -6.03513675e-02 1.17275044e-04 1.58074654e-04 6.40443457e-05
8.44031914e+01 5.67649969e-02 -5.95849559e-03 -4.85958541e-02 1.91515432e-04 1.04682617e-04 6.54736402e-05
8.71001820e+01 5.78663628e-02 -3.16181535e-03 -5.31361120e-02 9.11716046e-05 2.10606542e-04 9.55888108e-05
8.97943758e+01 6.07200638e-02 -7.67092020e-03 -5.80927260e-02 7.18907412e-05 6.60370543e-05 2.21304997e-04
9.24946695e+01 5.51260634e-02 -3.13182635e-03 -6.50721116e-02 6.65795200e-05 2.85407006e-04 1.78611947e-05
9.51970367e+01 4.73412548e-02 -4.03319221e-03 -6.97105219e-02 1.61836284e-04 1.58109217e-04 1.27417865e-04
9.79083555e+01 3.93178043e-02 -1.14912743e-02 -7.27695042e-02 1.65073694e-04 3.76821634e-04 1.49347746e-04
1.00610371e+02 5.28933451e-02 -1.64063408e-03 -6.93986246e-02 2.09745557e-04 4.18127438e-04 5.87729871e-05
1.03334059e+02 5.94099199e-02 -7.30220567e-03 -6.42335259e-02 1.81705547e-04 4.10658453e-04 1.10906238e-04
1.06028512e+02 6.18787482e-02 7.32289785e-03 -6.01402493e-02 2.38392964e-04 7.32487635e-04 1.10353852e-04
1.08726277e+02 6.44753315e-02 4.76477164e-03 -5.61642909e-02 4.01603270e-04 9.09901883e-04 1.30686366e-04
1.11421199e+02 5.87902110e-02 5.05716509e-03 -6.49355464e-02 2.08988297e-04 3.93737885e-04 1.56220967e-04
1.14124715e+02 7.22501799e-02 2.09686248e-03 -5.20349805e-02 7.15415480e-05 3.26552657e-04 1.95545632e-04
1.16825309e+02 7.88463749e-02 1.72482388e-04 -4.45735021e-02 1.08438462e-04 2.76105598e-04 9.64817409e-05
1.19528574e+02 7.57385445e-02 -4.47600091e-03 -3.26943797e-02 1.05450341e-04 4.81103304e-04 2.01237462e-04
1.22220105e+02 7.02032500e-02 -5.89207340e-03 -2.74475933e-02 1.82298965e-04 3.53052967e-04 3.07887462e-04
1.24909152e+02 8.05271745e-02 -5.20900398e-03 -2.29273287e-02 6.91610512e-05 4.11308824e-04 1.64678897e-04
1.27612496e+02 7.81984223e-02 -5.68234694e-03 -2.25211484e-02 3.93571447e-05 2.68264568e-04 6.94596658e-05
1.30305293e+02 7.50635502e-02 -5.23983457e-03 -2.49138029e-02 1.50605763e-04 3.88296258e-04 2.94659980e-05
1.33013652e+02 7.14238334e-02 -1.32116405e-02 -7.02512546e-03 1.08323617e-04 2.48067991e-04 1.42450526e-04
1.35705059e+02 7.91538109e-02 -8.99853541e-03 1.36250433e-02 7.47566886e-05 2.71830170e-04 1.39266720e-04
1.38398402e+02 7.75744025e-02 -1.36589285e-02 3.73899526e-02 1.10250658e-04 6.87940727e-04 8.39324060e-05
1.41090012e+02 7.50198884e-02 -5.79845384e-03 3.98899761e-02 1.93292812e-04 5.45881973e-04 1.87623191e-04
1.43787652e+02 8.27062426e-02 -4.39219741e-03 4.42140629e-02 1.57140815e-04 4.93284453e-04 2.21272100e-04
1.46480918e+02 7.96972721e-02 -2.96514659e-03 3.59159700e-02 1.81183118e-04 8.84702087e-04 3.12830214e-04
1.49184574e+02 6.87044456e-02 3.09077844e-03 4.07164399e-02 5.14588084e-05 4.53145911e-04 1.20006291e-04
1.51886387e+02 6.78363810e-02 -4.85981856e-03 4.89102492e-02 2.68491344e-05 3.53917807e-04 6.96004892e-05
1.54582871e+02 6.93630823e-02 -1.34170512e-03 6.51762221e-02 1.91439508e-04 8.41230811e-05 7.76519494e-05
1.57295168e+02 6.64241838e-02 -1.15155431e-02 6.35043398e-02 1.14834933e-04 1.66347053e-04 1.13381136e-04
1.59994027e+02 6.39043838e-02 -1.15378615e-02 6.02942424e-02 1.47397452e-04 2.91854912e-04 1.19776263e-04
1.62694871e+02 5.85692976e-02 -9.53855806e-03 4.87538231e-02 1.46672692e-04 2.56306971e-04 1.96977317e-05
1.65390418e+02 5.71949687e-02 -8.80332206e-03 4.55463090e-02 6.52627586e-05 4.58454069e-04 1.48031669e-04
1.68090699e+02 6.19935942e-02 -6.35361456e-03 5.03766400e-02 1.08717925e-04 2.21641805e-04 2.14381046e-04
1.70797980e+02 4.12508951e-02 -3.87875338e-03 6.02389109e-02 1.36520329e-04 2.78210309e-04 9.01047595e-05
1.73496012e+02 2.99764777e-02 -1.13787316e-02 6.11507009e-02 1.15257023e-04 3.30803664e-04 1.15987232e-04
1.76205902e+02 4.29938946e-02 -7.52019900e-03 7.16014460e-02 1.86217746e-04 3.58914223e-04 8.63371860e-05
1.78902652e+02 5.43362482e-02 -8.39902088e-03 6.56414405e-02 7.93020973e-05 6.31629152e-04 5.92551090e-05
1.81608809e+02 6.02404637e-02 -1.02647137e-02 6.01163250e-02 1.28452693e-04 2.74278902e-04 2.14244476e-04
1.84313996e+02 6.42514126e-02 -1.27387482e-02 5.24493180e-02 5.24614671e-05 4.05688354e-04 1.94464029e-04
1.87021199e+02 6.79046959e-02 -1.42183638e-02 4.59269185e-02 2.20165676e-04 3.14523344e-04 2.06510161e-04
1.89725574e+02 7.36502218e-02 -1.92471794e-02 4.88901555e-02 5.57989626e-05 4.62513677e-04 1.88775583e-04
1.92432324e+02 6.88086872e-02 -1.27485307e-02 4.51047545e-02 2.81129879e-04 6.11144518e-04 1.69234592e-04
1.95120324e+02 6.84422432e-02 -1.17193956e-02 4.94236380e-02 2.13631493e-04 7.17270111e-04 1.00078104e-04
1.97822605e+02 5.65014914e-02 -6.25071391e-03 4.19937985e-02 1.65968238e-04 5.02621240e-04 1.59038816e-04
2.00529262e+02 4.50367851e-02 -8.25914435e-03 5.73093671e-02 1.14625703e-04 6.19131456e-04 2.35329221e-05
2.03219777e+02 4.41870579e-02 -4.29334281e-03 5.73142368e-02 1.29829032e-04 4.31602330e-04 4.87962119e-05
2.05924090e+02 3.16522558e-02 2.16617540e-03 5.85835960e-02 9.55810007e-05 2.88811499e-04 7.19425081e-05
2.08610012e+02 2.74090074e-02 -4.13807352e-03 7.26869246e-02 1.26523077e-04 1.47400580e-04 8.42426022e-05
2.11312168e+02 3.28431652e-02 -5.21511233e-03 7.61822395e-02 8.44645358e-05 5.15213161e-05 1.72282522e-04
2.14018590e+02 3.88484815e-02 -1.42321924e-02 6.50218273e-02 1.11179910e-04 3.18440050e-04 1.28618110e-04
2.16725715e+02 4.75140371e-02 -1.88475759e-02 5.91462017e-02 2.72118340e-04 3.98125637e-04 1.39534189e-04
2.19429090e+02 5.12721126e-02 -1.56127789e-02 6.41784936e-02 2.43508594e-04 5.03232696e-04 1.75516353e-04
2.22127949e+02 5.63732410e-02 -1.25184484e-03 5.65241398e-02 1.76690806e-04 7.22048550e-04 1.50474500e-04
2.24832246e+02 5.23111176e-02 1.47826904e-02 5.03440962e-02 1.04748557e-04 1.96438377e-04 1.14660070e-04
2.27537590e+02 5.62673030e-02 1.15993174e-02 4.26639197e-02 8.42988186e-05 4.15378494e-04 2.76321355e-05
2.30232699e+02 6.14054598e-02 1.39054362e-02 4.63293560e-02 2.31059851e-04 3.41667985e-04 1.17494772e-04
2.32929668e+02 5.81790341e-02 3.85891577e-03 5.30686601e-02 1.09292042e-04 4.97190375e-04 1.76957567e-04
2.35636574e+02 5.47483971e-02 -4.66042952e-03 5.51646908e-02 6.78518654e-05 1.87561547e-04 2.46687626e-04
2.38340027e+02 5.01508229e-02 -7.79330685e-03 5.80799129e-02 2.77550685e-04 4.81635143e-04 1.27307524e-04
2.41044262e+02 5.40641627e-02 -1.78265744e-02 5.77356695e-02 1.87084559e-04 6.38589204e-04 2.39575544e-04
2.43749777e+02 6.11764044e-02 -1.25398185e-02 5.45601759e-02 6.57486424e-05 4.67141297e-04 8.96182910e-05
2.46447512e+02 7.32128082e-02 -1.53133387e-02 4.38158954e-02 9.50121853e-05 3.54001059e-04 1.47849697e-04
2.49141746e+02 6.81533183e-02 -4.07972159e-03 5.61244023e-02 5.55996774e-05 2.73982447e-04 6.34799434e-05
2.51846027e+02 6.89876389e-02 9.61978898e-04 5.78877597e-02 1.32836406e-04 2.31208981e-04 6.08039593e-05
2.54535387e+02 6.62817019e-02 4.75415415e-03 5.52476720e-02 3.71076958e-05 7.10479518e-05 1.45363324e-04
2.57230090e+02 6.54792966e-02 6.35134221e-03 5.63934091e-02 6.92837376e-05 3.23169100e-04 1.66267837e-04
2.59927668e+02 7.16697656e-02 -5.42255150e-03 4.93615670e-02 7.83638931e-05 1.92710978e-04 2.73323616e-04
2.62621121e+02 7.69512082e-02 -1.00854016e-03 3.25685165e-02 5.35367500e-05 3.64437593e-04 9.72834600e-05
2.65316449e+02 8.11179814e-02 -3.96044082e-03 1.07624693e-02 5.78293421e-05 4.19935158e-04 9.28809370e-05
2.68008253e+02 8.20986582e-02 9.69414358e-04 -5.62505144e-03 9.47935875e-05 4.17203818e-04 1.26037175e-04
