6.70622117e-01 6.14994547e-02 6.42428760e-03 6.78933781e-02 4.01597889e-05 5.02272825e-04 1.57524676e-04
3.37738297e+00 6.34847345e-02 -3.80073442e-03 6.94579584e-02 1.25535685e-04 2.94175068e-04 1.15371456e-04
6.08598391e+00 6.71416388e-02 4.29349588e-03 5.49595844e-02 1.14371417e-04 2.18170057e-04 9.94034799e-05
8.78454547e+00 7.04102493e-02 -3.33131472e-03 4.74585273e-02 7.37853041e-05 1.47443552e-04 1.33968628e-04
1.14917797e+01 8.05697657e-02 1.08383606e-02 3.17151702e-02 1.42103640e-04 3.88008480e-05 1.20017517e-04
1.41902688e+01 7.83777929e-02 1.14455656e-02 1.58991567e-02 3.26470313e-05 2.04335309e-04 1.30725706e-04
1.68852594e+01 8.09426380e-02 1.35779188e-02 -3.69259628e-03 7.15502006e-05 1.22237006e-04 1.03683321e-04
1.95880547e+01 7.93627543e-02 1.76379782e-02 -3.53535105e-02 9.39351827e-05 4.73108997e-04 1.06191080e-04
2.22866547e+01 7.75172583e-02 1.13343624e-02 -5.12528561e-02 6.05486399e-05 9.05348375e-05 2.31539644e-05
2.49781219e+01 7.03126896e-02 1.08104668e-02 -4.59041465e-02 1.13642843e-04 6.74527187e-05 1.47711803e-04
2.76840469e+01 6.50379468e-02 7.95199857e-03 -4.61295642e-02 4.28351650e-05 1.29561938e-04 1.49605579e-04
3.03893141e+01 6.72875708e-02 1.12739110e-02 -4.09683001e-02 1.10597557e-04 2.89459035e-04 6.66259582e-05
3.30932328e+01 6.67943677e-02 2.86528196e-03 -4.33988850e-02 9.99751274e-05 2.71296477e-04 4.92784466e-05
3.58063906e+01 6.88099086e-02 1.43764228e-02 -4.09777319e-02 1.20356077e-04 2.41554037e-04 9.20729952e-05
3.85055328e+01 7.19873558e-02 1.98580736e-02 -4.47218585e-02 5.21454410e-05 1.63413948e-04 1.27849093e-04
4.12011750e+01 7.41704183e-02 1.40598221e-02 -4.57014696e-02 2.56208421e-05 2.34664550e-04 1.43969498e-04
4.38938922e+01 6.93736443e-02 1.76182081e-02 -6.00494019e-02 1.27141987e-04 2.61477033e-04 2.02938018e-04
4.65974141e+01 6.26450903e-02 1.18073389e-02 -5.73568952e-02 1.17485602e-04 3.81300544e-04 4.08972695e-05
4.92873281e+01 6.05671648e-02 1.71470742e-02 -6.35973126e-02 7.12267960e-05 7.99042562e-05 5.50484835e-05
5.19923188e+01 5.89195536e-02 7.36388282e-03 -6.18687649e-02 1.76112330e-04 2.96162084e-04 2.17092235e-04
5.46903844e+01 6.22369468e-02 4.77866718e-03 -6.00806189e-02 2.47995192e-04 1.01845519e-04 1.21445860e-04
5.73903312e+01 6.53988691e-02 6.61853147e-03 -6.18594124e-02 1.78286656e-04 2.96707888e-04 8.91032074e-05
6.00817922e+01 6.22687631e-02 5.93952235e-03 -5.68087658e-02 4.82940025e-05 7.64964277e-04 1.12693644e-04
6.27784422e+01 6.40336799e-02 9.84953788e-04 -4.95908557e-02 8.12424572e-05 5.27931200e-04 6.62668744e-05
6.54763312e+01 6.79738421e-02 -9.23865527e-03 -5.77358994e-02 8.49589951e-05 2.16903092e-04 6.50333293e-05
6.81692906e+01 5.79470378e-02 -1.76613156e-02 -5.11043493e-02 8.18345279e-05 6.44616190e-04 8.69082415e-05
7.08741266e+01 5.15558119e-02 -1.42678984e-02 -4.50846998e-02 1.22581920e-04 6.35742181e-04 1.23666614e-04
7.35649750e+01 5.29692598e-02 -5.82769558e-03 -5.46229912e-02 2.04387285e-04 8.76143652e-04 2.43103273e-04
7.62715234e+01 6.26097571e-02 -5.57487625e-03 -5.81505685e-02 6.10592627e-05 4.31690367e-04 1.15138414e-04
7.89590797e+01 6.18808537e-02 4.90684500e-03 -5.70971944e-02 4.98536518e-05 1.94031571e-04 1.24908879e-04
8.16576297e+01 5.21510022e-02 3.99860023e-04 -5.40169803e-02 8.98184145e-05 1.63434439e-04 7.44379855e-05
8.43592828e+01 4.74057198e-02 -1.48490952e-03 -5.11716770e-02 7.16030461e-05 3.57672760e-04 1.25475362e-04
8.70591172e+01 5.74770533e-02 4.57690582e-03 -5.25332591e-02 2.01128741e-04 4.93966295e-04 1.72485408e-04
8.97596453e+01 6.28621668e-02 -4.50375739e-04 -5.85098035e-02 3.72478523e-05 5.02250684e-04 2.81887488e-05
9.24666656e+01 7.03614099e-02 -4.89516812e-03 -5.64655562e-02 4.61520446e-05 5.48738263e-04 6.21178775e-05
9.51584062e+01 7.96569908e-02 -9.52048993e-03 -6.37457305e-02 2.10608006e-04 5.38019843e-04 1.13328799e-04
9.78666797e+01 7.31830575e-02 -5.39625423e-03 -5.86401402e-02 8.42535402e-05 2.63507756e-04 6.43530244e-05
1.00574117e+02 7.00671125e-02 -3.25768649e-03 -5.87314362e-02 8.70049119e-05 1.44602945e-04 1.55333064e-04
1.03284242e+02 6.41112705e-02 1.14213716e-03 -5.25201228e-02 1.53072882e-04 1.29839903e-04 6.59951005e-05
1.05982195e+02 6.19060583e-02 9.31322718e-03 -6.04374234e-02 7.09578146e-05 2.09983470e-04 3.84945661e-05
1.08686148e+02 5.70366590e-02 7.09695924e-03 -6.34936360e-02 9.72962929e-05 3.45777308e-04 1.68253390e-04
1.11400258e+02 5.79120052e-02 4.57363824e-04 -6.39013604e-02 6.87136573e-05 1.67414084e-04 5.31347049e-05
1.14093867e+02 5.58888169e-02 -1.20072212e-03 -6.73631292e-02 4.41572492e-05 2.08176690e-04 5.49046824e-05
1.16793836e+02 4.92321050e-02 -7.69916067e-03 -7.30937229e-02 6.93244302e-05 3.07216742e-04 8.20619962e-05
1.19496055e+02 5.66109462e-02 -8.96501894e-03 -7.00041350e-02 1.41288174e-04 2.27977118e-04 8.73299074e-05
1.22192508e+02 5.25480135e-02 -1.63181424e-03 -7.15058932e-02 1.91101320e-04 4.92213466e-04 3.31094802e-05
1.24887305e+02 4.91684893e-02 -6.25951151e-03 -7.24956590e-02 6.70506749e-05 5.86963172e-04 1.88573155e-04
1.27584414e+02 5.43740140e-02 -3.51351986e-03 -7.06612410e-02 9.65438649e-05 2.48147825e-04 1.08451990e-04
1.30288133e+02 5.96819094e-02 -7.31053721e-03 -6.43899316e-02 7.90532943e-05 1.45225890e-04 1.81322847e-05
1.32992289e+02 6.50213709e-02 1.47825784e-03 -5.16349945e-02 6.61434033e-05 1.79490389e-04 1.05063256e-04
1.35680836e+02 6.85708214e-02 -1.46070012e-03 -3.77211219e-02 1.26248349e-04 4.54685181e-04 2.02284701e-04
1.38376523e+02 6.82965527e-02 3.13991618e-03 -2.04110361e-02 1.09287908e-04 5.03748002e-04 8.07185191e-05
1.41065555e+02 7.64629386e-02 -3.73033087e-03 -7.19899366e-03 1.06962704e-04 2.15515160e-04 7.83891497e-05
1.43761852e+02 7.96617069e-02 1.50511257e-03 2.02573478e-02 2.53787215e-04 2.26997757e-04 3.76195700e-05
1.46459867e+02 7.11561400e-02 1.05857418e-02 3.49272620e-02 1.10622036e-04 4.28147989e-04 6.21860962e-05
1.49154695e+02 6.92200818e-02 1.25690273e-02 5.26478393e-02 1.02166689e-04 1.16270754e-04 8.29087111e-05
1.51851914e+02 6.70003808e-02 9.18101040e-03 6.52981449e-02 8.94508437e-05 7.42784527e-05 2.08426438e-04
1.54563930e+02 6.56474639e-02 9.02187783e-03 6.16709792e-02 2.92022713e-04 2.03651907e-04 1.60317802e-04
1.57266742e+02 6.21304102e-02 4.26303786e-03 6.28068736e-02 1.61756363e-04 2.19787486e-04 2.25241219e-04
1.59977664e+02 6.69962681e-02 -2.20781870e-03 6.25064072e-02 1.95341560e-04 2.64480511e-04 2.39848663e-04
1.62670008e+02 6.49426527e-02 1.09261473e-03 6.15044322e-02 1.28051379e-04 6.76803523e-05 1.75080852e-04
1.65360523e+02 5.64301232e-02 4.69898653e-03 6.81549671e-02 1.19564587e-04 1.19721676e-04 1.85483795e-04
1.68068352e+02 5.64538389e-02 6.78373381e-03 5.92202740e-02 1.78174751e-04 1.41848429e-04 1.59071528e-04
1.70761883e+02 6.58678030e-02 5.80852318e-03 5.84818933e-02 2.31574748e-04 2.98029162e-04 9.10438760e-05
1.73454852e+02 7.09742665e-02 4.50348558e-03 5.94891115e-02 8.94338927e-05 1.57141846e-04 2.75884444e-05
1.76164227e+02 6.79412977e-02 -2.85665531e-03 4.52817501e-02 7.81848993e-05 1.97093699e-04 4.10111044e-05
1.78866180e+02 6.56538890e-02 -3.77146004e-03 4.95603729e-02 7.45433768e-05 2.71669070e-04 1.39718416e-04
1.81561383e+02 6.17138134e-02 -1.28502973e-03 5.70817269e-02 7.64180501e-05 1.61293763e-04 7.47321622e-05
1.84277414e+02 6.56066194e-02 4.94097629e-03 5.90168447e-02 9.36570856e-05 2.29356858e-04 3.27843201e-05
1.86984602e+02 6.68117178e-02 -2.24715911e-03 5.60106610e-02 1.01274280e-04 1.45096155e-04 1.25420595e-04
1.89690289e+02 7.23534672e-02 4.96952895e-04 5.36854795e-02 1.63324740e-04 2.70959678e-04 1.94561413e-04
1.92386227e+02 7.09226587e-02 -9.13044565e-03 5.68370734e-02 1.74941340e-04 1.39648560e-04 2.70715526e-04
1.95099867e+02 6.30185054e-02 -4.38520815e-03 6.42937165e-02 7.38412000e-05 1.59089353e-04 4.81441915e-05
1.97807977e+02 6.20439783e-02 -2.78457840e-03 6.41652349e-02 9.27663371e-05 2.19149491e-04 6.39683994e-05
2.00510180e+02 6.10106803e-02 -4.64709477e-03 7.01469749e-02 2.12996828e-04 2.12839582e-04 9.54123782e-05
2.03213586e+02 6.07922102e-02 -1.26240086e-02 7.81515465e-02 6.90354302e-05 1.14591957e-04 8.90993630e-05
2.05907805e+02 5.37452325e-02 -1.43706609e-03 6.66391649e-02 2.16231374e-04 1.65285869e-04 1.32484057e-04
2.08618555e+02 5.00966051e-02 -2.42162784e-03 6.20412029e-02 1.06178318e-04 1.16869609e-04 8.62567875e-05
2.11315742e+02 5.25751155e-02 -6.68650706e-03 6.51783745e-02 1.34892486e-04 1.96197135e-04 8.80508133e-05
2.14005805e+02 5.92523750e-02 -1.09644906e-02 6.18724592e-02 7.62160739e-05 1.77768023e-04 4.71436340e-05
2.16706133e+02 6.25974164e-02 -8.72090845e-03 6.13726224e-02 6.06416890e-05 4.42882087e-04 1.15883995e-04
2.19402523e+02 6.11879386e-02 -6.47229007e-03 6.63341126e-02 6.07080445e-05 2.44012831e-04 7.73584032e-05
2.22104414e+02 6.10103967e-02 -6.53800920e-03 6.33658817e-02 7.37054729e-05 3.83214099e-04 2.26237039e-04
2.24797836e+02 5.98643399e-02 -1.00374573e-02 5.25069264e-02 1.15865409e-04 2.93130465e-04 4.47579745e-05
2.27498617e+02 5.78941160e-02 4.55287841e-04 4.86180516e-02 1.65000077e-04 1.70950899e-04 9.55293989e-05
2.30191055e+02 7.21375600e-02 2.46217006e-03 3.86715587e-02 5.61902345e-05 8.69506884e-05 9.64499920e-05
2.32867086e+02 7.13856208e-02 -1.22385945e-03 2.98147983e-02 2.98460858e-05 1.55770260e-04 2.43188306e-04
2.35563695e+02 6.82753520e-02 4.20095731e-04 3.56473000e-02 1.34415800e-04 1.22155719e-04 1.70798948e-04
2.38268352e+02 6.18702605e-02 -5.87474727e-03 4.63799184e-02 1.56223811e-04 2.23197340e-04 1.23105592e-04
2.40987617e+02 6.94300237e-02 -8.13002175e-03 4.93705495e-02 2.10888874e-04 3.31013090e-04 2.32193573e-04
2.43684586e+02 7.10916296e-02 -2.87551164e-03 5.15030631e-02 2.05001709e-04 2.40075854e-04 1.73337928e-04
2.46393961e+02 6.80786543e-02 -8.44756859e-03 5.48053044e-02 1.28025598e-04 3.83662540e-04 5.40946162e-05
2.49084570e+02 6.34399496e-02 2.68035825e-04 5.81998719e-02 6.69482991e-05 1.30150647e-04 5.76149529e-05
2.51782680e+02 6.05023638e-02 -1.07149400e-02 6.14885505e-02 4.23695130e-05 1.68513123e-04 7.00850726e-05
2.54480805e+02 4.83023459e-02 -8.97422888e-03 6.63674509e-02 1.37381416e-04 4.90833749e-04 1.75274813e-04
2.57181867e+02 4.83199675e-02 -1.39632283e-02 7.56604061e-02 7.26260863e-05 2.34500660e-04 9.34150247e-05
2.59886820e+02 4.73195846e-02 -1.27623862e-02 7.14066948e-02 1.48993048e-04 4.38996507e-04 1.24932647e-04
2.62599898e+02 5.24717715e-02 -1.30111685e-02 7.16739454e-02 1.99554385e-04 6.06108836e-04 1.41442315e-04
2.65285727e+02 6.17206715e-02 -2.96366211e-03 6.21599195e-02 3.93424931e-05 1.01079848e-03 1.22334812e-04
2.67989525e+02 6.82074618e-02 1.34587775e-03 6.39541452e-02 3.04343300e-04 2.66601545e-04 4.42866528e-05
