6.78622847e-01 6.32046333e-02 -7.72346446e-03 6.16877020e-02 4.53170876e-05 1.60498417e-04 1.27949204e-04
3.37733557e+00 6.12051038e-02 -8.85451003e-03 6.14953971e-02 1.20534175e-04 2.33344212e-04 4.75046638e-05
6.08854260e+00 6.04023717e-02 -6.15000540e-03 5.58226577e-02 5.08653062e-05 1.95365962e-04 9.88821971e-05
8.78962432e+00 6.10166967e-02 4.36147909e-04 4.98529196e-02 3.72880133e-05 3.32422802e-04 1.28073771e-04
1.14912429e+01 7.09943151e-02 1.62397781e-03 2.92286522e-02 3.03083933e-05 8.38993162e-05 1.31358875e-04
1.41965898e+01 7.02273216e-02 -2.04881758e-03 4.94284501e-03 2.26478403e-04 1.12336548e-04 6.33668270e-05
1.68815726e+01 7.69971360e-02 -1.41650547e-02 -1.29452701e-02 1.22758347e-04 1.18170432e-04 2.31356744e-04
1.95727882e+01 7.26559388e-02 -9.39707279e-03 -1.43705699e-02 2.28209680e-04 2.13511375e-04 9.02305831e-05
2.22674273e+01 7.63272354e-02 -2.11899417e-02 -2.93780688e-02 6.46373614e-05 4.07060128e-05 1.14959769e-04
2.49637554e+01 6.84095807e-02 -2.11303380e-02 -3.90853639e-02 1.99367289e-05 2.84930954e-04 2.88743481e-05
2.76767726e+01 6.54284426e-02 -1.99795362e-02 -4.81809186e-02 9.10616459e-05 3.47440245e-04 1.41481543e-04
3.03816289e+01 6.65142137e-02 -1.59200274e-02 -5.47954770e-02 1.56796493e-04 5.36145985e-04 9.23327992e-05
3.30753913e+01 6.51770642e-02 -2.01478883e-02 -6.30291142e-02 1.45678050e-04 1.21051977e-04 9.42219032e-05
3.57886507e+01 6.26332729e-02 -2.37802809e-02 -6.18104723e-02 3.32744089e-05 5.10776189e-05 5.43959806e-05
3.84910148e+01 5.70674588e-02 -2.38613371e-02 -5.47488142e-02 6.83185727e-05 3.18328580e-04 2.09109983e-04
4.11958320e+01 5.25503994e-02 -2.49521911e-02 -5.69453886e-02 1.16134392e-04 3.04712258e-04 1.07307112e-04
4.39016663e+01 4.35199177e-02 -1.84395068e-02 -6.24772080e-02 7.31651441e-05 1.35572700e-04 6.90818048e-05
4.65938195e+01 5.67171613e-02 -6.76118635e-03 -6.67887135e-02 3.27758454e-05 2.77870216e-04 1.13445360e-04
4.92961851e+01 5.98586056e-02 3.24091424e-04 -6.20628091e-02 2.09856638e-04 2.28142702e-04 9.91580810e-05
5.19885820e+01 6.33540481e-02 1.11133422e-02 -6.33431269e-02 1.80479438e-04 5.68892304e-04 7.29165134e-05
5.46887664e+01 6.60193411e-02 2.45323800e-03 -6.58454796e-02 1.56800468e-04 4.70571455e-04 3.00614748e-05
5.73936960e+01 5.83763415e-02 7.00343061e-03 -6.52164655e-02 1.40778095e-04 3.99988399e-04 1.45793063e-04
6.01028460e+01 6.40165192e-02 7.12750803e-03 -6.34918337e-02 2.15832503e-04 4.34143476e-04 1.34855195e-04
6.27957273e+01 7.11809267e-02 3.89013133e-03 -6.31265689e-02 8.74328693e-05 2.00525493e-04 1.59368575e-04
6.55114945e+01 7.14679800e-02 -9.32118727e-04 -6.15764854e-02 2.09627005e-04 1.17379132e-04 8.39804163e-05
6.82085789e+01 6.94615018e-02 1.15144884e-03 -6.74002638e-02 8.57022300e-05 4.54762879e-05 2.04779730e-04
7.09104085e+01 5.84295385e-02 5.40203031e-03 -6.58713594e-02 4.54646452e-04 2.13954967e-04 2.67548823e-04
7.36119539e+01 5.12715659e-02 1.28096101e-02 -7.03570707e-02 8.77382699e-05 3.69186329e-04 2.32736575e-04
7.63233460e+01 5.81518277e-02 7.93007501e-03 -7.20200036e-02 6.19875724e-05 8.45084077e-04 1.00300023e-04
7.90165039e+01 5.99124214e-02 9.82952827e-03 -8.09916040e-02 1.80669032e-04 8.98392462e-04 1.29622336e-04
8.17182835e+01 5.75522192e-02 1.08278128e-03 -7.62339593e-02 2.51830335e-04 8.16086333e-04 8.30092188e-05
8.44182804e+01 5.73601606e-02 3.24539967e-03 -7.32762028e-02 1.01563140e-04 4.56287183e-04 9.59117480e-05
8.71164382e+01 5.74849246e-02 3.24707002e-03 -7.29647479e-02 1.12229413e-04 2.63428082e-04 2.14304312e-04
8.98147382e+01 5.20616452e-02 -3.47626194e-03 -7.02522434e-02 5.39768617e-05 7.93479766e-05 9.68002478e-05
9.25108523e+01 5.77577995e-02 -1.10615829e-02 -6.47926192e-02 2.23963367e-04 1.97512424e-04 6.11999322e-05
9.52160929e+01 5.61106367e-02 -1.23665021e-02 -5.29665177e-02 8.77773141e-05 2.00223543e-04 1.69633834e-04
9.79100945e+01 5.91986195e-02 -4.81731189e-03 -5.94269586e-02 1.10080125e-04 2.31314882e-04 1.51693018e-04
1.00603563e+02 5.89834668e-02 3.74161150e-03 -5.96800083e-02 1.23347215e-04 9.88946469e-05 2.33948673e-04
1.03298157e+02 6.13281716e-02 7.40804881e-03 -6.23716232e-02 4.00444159e-05 3.58124856e-04 1.07059602e-04
1.05987969e+02 6.52929998e-02 8.33311366e-03 -6.35358788e-02 9.17369817e-05 1.73972962e-05 1.80157352e-04
1.08690485e+02 6.79470736e-02 2.93344163e-04 -6.38351088e-02 2.17688466e-04 9.43545224e-05 2.53526028e-04
1.11393532e+02 5.81772353e-02 2.90790703e-03 -6.83289580e-02 3.79318324e-04 2.20087598e-04 7.97415833e-05
1.14100704e+02 5.91475750e-02 2.64169287e-03 -6.25948205e-02 1.07754782e-04 3.55799328e-04 9.92201340e-05
1.16795594e+02 6.46374913e-02 2.90552408e-04 -6.61572378e-02 9.35605515e-05 1.02846464e-04 6.33977232e-05
1.19493563e+02 6.67888750e-02 -1.61852559e-03 -6.94377994e-02 1.06099026e-04 4.68524730e-05 2.04040430e-04
1.22174876e+02 6.99011785e-02 1.21553750e-03 -6.10748545e-02 8.67042660e-05 1.92969968e-04 3.24915907e-05
1.24875907e+02 7.04567776e-02 -3.93071029e-03 -5.00823223e-02 5.62119766e-05 4.84693008e-04 1.17769170e-04
1.27594532e+02 6.87760088e-02 2.68395766e-03 -5.21568650e-02 9.70735440e-05 3.17427123e-04 1.64001578e-04
1.30303829e+02 7.10215955e-02 -3.39229892e-03 -4.11887207e-02 1.18630892e-04 3.56322158e-04 1.15353892e-04
1.33002469e+02 7.49414873e-02 -6.43185134e-03 -3.78588237e-02 6.27518244e-05 3.66056506e-04 1.04045655e-04
1.35706360e+02 7.25682300e-02 -8.95473090e-03 -1.73217914e-02 9.09291901e-05 5.15780577e-04 1.86610720e-04
1.38405063e+02 7.93300441e-02 -1.19848028e-02 -7.83481108e-03 3.38776659e-04 5.65211033e-04 8.15546232e-05
1.41098782e+02 7.62479451e-02 -2.16624103e-02 2.60491185e-02 9.84343170e-05 5.04746844e-04 3.43949892e-04
1.43795813e+02 7.43222204e-02 -1.25383860e-02 2.99998632e-02 5.29550519e-04 4.72305966e-04 9.13336624e-05
1.46489829e+02 6.54071122e-02 -1.05691708e-02 4.86778088e-02 1.54375630e-04 6.97546798e-05 3.12885161e-04
1.49197204e+02 6.17083381e-02 -1.91199542e-02 5.26794140e-02 8.22837824e-05 1.38188441e-04 5.23451368e-05
1.51908751e+02 6.28479622e-02 -1.43141042e-02 5.10028405e-02 1.99841596e-04 1.01200288e-04 5.09978942e-05
1.54606907e+02 5.97946489e-02 -8.59234774e-03 5.02098289e-02 1.76435263e-04 2.04595215e-04 3.06398606e-04
1.57301407e+02 6.69701090e-02 -1.60040580e-03 5.23014050e-02 2.82442750e-04 2.06756751e-04 2.18796275e-04
1.60008079e+02 6.59533138e-02 -3.96415697e-03 5.67891013e-02 8.35492358e-05 1.92487577e-04 1.29620436e-04
1.62707438e+02 6.61906988e-02 -4.55017923e-03 5.37526327e-02 1.79921248e-04 2.32918600e-04 7.42672753e-05
1.65401454e+02 6.01389430e-02 -3.69955098e-03 5.23081831e-02 8.59259970e-05 1.02727551e-04 1.42401601e-04
1.68117016e+02 6.54788987e-02 -4.76779131e-03 6.13151440e-02 9.11598722e-05 3.63217118e-04 4.52059858e-04
1.70794173e+02 6.84162035e-02 -9.32914299e-04 6.53403898e-02 1.55066237e-04 2.71867171e-04 9.71276823e-05
1.73504579e+02 5.87778995e-02 2.58348139e-03 6.29505925e-02 1.12121889e-04 3.65083503e-04 1.42600863e-04
1.76201704e+02 5.57551502e-02 -9.73336523e-04 6.05011629e-02 1.75419976e-04 3.17610573e-04 5.76916725e-05
1.78896282e+02 5.74740843e-02 -2.09046483e-03 5.45032456e-02 2.51092707e-05 8.73190337e-05 6.10778203e-05
1.81593813e+02 6.45465565e-02 -6.57282081e-03 6.17270006e-02 6.29060759e-05 7.61674323e-05 8.22839773e-05
1.84295516e+02 6.27987990e-02 6.66642813e-04 7.54287755e-02 1.68052496e-04 1.07618536e-04 2.66027976e-04
1.86996735e+02 6.05566604e-02 1.50191161e-03 6.88293838e-02 9.22615188e-05 2.00902245e-04 7.01080951e-05
1.89703094e+02 6.65869391e-02 4.99368832e-03 5.55256614e-02 1.02803047e-04 1.62085389e-04 1.04298137e-04
1.92404969e+02 6.51645785e-02 3.91631812e-03 4.86714344e-02 6.16128932e-05 1.29389919e-04 9.26285929e-05
1.95098985e+02 6.36745636e-02 2.23970183e-04 4.74979184e-02 6.15359938e-05 2.67671090e-04 5.96710236e-05
1.97793844e+02 5.25344172e-02 2.21427327e-03 5.54241692e-02 1.01132981e-04 1.73224335e-04 1.41426183e-04
2.00488032e+02 5.51224048e-02 7.06770316e-04 5.78799729e-02 1.77977473e-05 1.57641675e-04 1.94398309e-04
2.03193579e+02 5.38059126e-02 2.87863957e-03 5.77054137e-02 1.62523591e-04 5.03526558e-05 6.70293348e-05
2.05897079e+02 5.45389249e-02 3.68698089e-03 6.28351213e-02 6.18476955e-05 9.72321037e-05 1.17552259e-04
2.08592798e+02 5.83550734e-02 1.29639539e-02 5.69138638e-02 1.34527202e-04 1.44464609e-04 1.30562989e-04
2.11294157e+02 5.88333361e-02 1.40523083e-02 6.11748198e-02 7.77945516e-05 1.51802928e-04 8.45276244e-05
2.14002469e+02 6.25103453e-02 3.30939618e-03 5.98806495e-02 1.54252931e-04 1.32120894e-04 1.36173922e-04
2.16698735e+02 6.13193283e-02 1.40744136e-02 6.40068966e-02 6.23665730e-05 1.29594574e-04 1.65547263e-04
2.19407079e+02 5.19420514e-02 8.63627431e-03 6.64718266e-02 2.13839072e-05 2.20767833e-04 1.13510774e-04
2.22115954e+02 4.81311708e-02 2.80475872e-03 6.39353344e-02 1.85711709e-04 1.82944076e-04 1.26392172e-04
2.24808110e+02 5.65252807e-02 -2.24566388e-03 6.19750061e-02 1.52027401e-04 1.20404963e-04 7.38916127e-05
2.27515735e+02 6.46047737e-02 -4.17062180e-03 6.33082190e-02 1.40017189e-04 2.76362406e-04 1.24832327e-04
2.30212454e+02 6.15089014e-02 -4.16113986e-03 6.60890130e-02 1.22408446e-04 3.14395688e-04 1.11964194e-05
2.32911048e+02 6.20881139e-02 -8.82579409e-03 6.15891543e-02 4.78682867e-05 3.53952869e-05 1.76122395e-04
2.35620110e+02 5.58657287e-02 1.48181781e-03 6.49104364e-02 1.44365706e-04 4.02672771e-04 3.72653097e-05
2.38328751e+02 5.01298830e-02 -3.11405170e-03 6.95245475e-02 5.08738258e-05 6.33510670e-05 1.25391803e-04
2.41023048e+02 5.43838711e-02 1.66287981e-04 7.35911072e-02 1.31491612e-04 5.07825896e-04 9.61890554e-05
2.43727626e+02 5.95733315e-02 -7.10658813e-03 6.89629341e-02 3.74465831e-05 8.52340968e-05 8.59720737e-05
2.46431469e+02 6.30011083e-02 -1.07507891e-02 5.41173862e-02 3.27045122e-05 3.23795657e-04 4.29022633e-05
2.49131469e+02 6.85253635e-02 -9.04842989e-03 5.33365594e-02 1.73960664e-04 4.25180906e-04 1.08980716e-04
2.51820860e+02 6.01432308e-02 -3.91999109e-03 5.57524826e-02 7.44341246e-05 5.14045120e-04 4.61198004e-05
2.54511391e+02 5.58062050e-02 1.20778228e-03 5.99298458e-02 8.63424048e-05 1.38454732e-04 6.93471320e-05
2.57210141e+02 4.94701316e-02 2.66448024e-03 7.30637251e-02 1.48336722e-04 2.66900522e-04 6.27094898e-05
2.59911563e+02 5.68839016e-02 -3.64684443e-03 7.83424772e-02 1.15668774e-04 3.64453465e-04 1.73864401e-04
2.62617969e+02 5.70288467e-02 -2.37406997e-03 7.56199973e-02 6.25762583e-05 3.25156285e-04 2.22091076e-04
2.65322969e+02 4.28182003e-02 1.76186855e-03 6.24921002e-02 1.10926831e-04 2.02003983e-04 9.08111634e-05
2.68036723e+02 5.66846976e-02 -7.98677066e-03 6.47755749e-02 5.63264771e-05 2.35344495e-04 1.74217730e-04
