7.00997794e-01 6.10926358e-02 1.16996698e-02 6.82057971e-02 8.39328911e-05 1.22016390e-04 8.46365744e-05
3.39207534e+00 5.97565244e-02 1.16608868e-02 6.09506873e-02 5.52172032e-05 2.59432380e-04 1.36823360e-04
6.07900877e+00 6.23005866e-02 5.90041794e-03 5.52371854e-02 8.73401547e-05 2.97542847e-04 1.52003538e-04
8.77631690e+00 7.38975699e-02 2.90568434e-03 4.92236890e-02 7.59612055e-05 2.16962707e-04 7.75158633e-05
1.14747472e+01 8.14307300e-02 -6.98722859e-03 6.12740290e-02 1.19274718e-04 1.20747353e-04 1.03680947e-04
1.41786910e+01 8.22155024e-02 -3.59735644e-03 4.33884370e-02 5.99053897e-05 1.40410513e-04 1.76328200e-04
1.68737956e+01 7.82376092e-02 -2.14811744e-03 3.16202089e-02 4.22363340e-05 4.58230889e-04 7.88445840e-05
1.95700988e+01 7.88994123e-02 3.19962654e-03 4.07532092e-03 1.59765612e-04 2.16942401e-04 6.85711777e-05
2.22697769e+01 7.58466926e-02 4.65306202e-03 -9.52601287e-03 1.71135913e-04 8.30093009e-04 1.51010463e-04
2.49768066e+01 7.73803764e-02 -4.72681281e-03 -3.29554695e-02 3.48591413e-05 6.54112734e-04 6.01156010e-05
2.76739503e+01 7.72927770e-02 -2.35350522e-03 -4.33574505e-02 7.63409638e-05 4.95379281e-04 1.49929939e-04
3.03555269e+01 8.14787961e-02 -9.58477321e-04 -5.46287651e-02 1.07632247e-04 1.33246951e-04 7.14723343e-05
3.30555613e+01 7.30646008e-02 -5.43120700e-03 -5.51275837e-02 9.90889938e-05 3.05501332e-05 3.58015428e-05
3.57537066e+01 6.14070861e-02 4.94462069e-03 -4.96542558e-02 1.53681000e-04 3.90451563e-04 1.74597971e-04
3.84654472e+01 5.72413402e-02 1.25833298e-02 -5.12120869e-02 2.07210666e-04 1.91902692e-04 1.68380860e-04
4.11730691e+01 5.61914720e-02 1.62062203e-02 -4.73977539e-02 2.01495902e-04 1.47115428e-04 9.25827758e-05
4.38783253e+01 7.08970401e-02 6.52240916e-03 -4.79825060e-02 1.53018763e-04 1.62415581e-04 8.94039298e-05
4.65886035e+01 6.57775173e-02 5.51921186e-03 -5.38944307e-02 8.91365898e-05 6.49461673e-05 1.15027418e-04
4.92909269e+01 6.24689148e-02 -4.09352133e-03 -6.55815334e-02 1.16760986e-04 8.75294909e-05 1.61206853e-04
5.19974706e+01 5.74175298e-02 -5.98086877e-03 -6.36822647e-02 1.14500354e-04 1.03813127e-04 1.69879562e-05
5.47038410e+01 5.94455150e-02 -6.53635697e-03 -5.69522220e-02 9.73350714e-05 1.27548197e-04 7.54948383e-05
5.74188003e+01 6.52367175e-02 -2.11362607e-03 -6.31314562e-02 2.16959997e-04 1.59670628e-04 2.13915327e-04
6.01148800e+01 6.39400604e-02 1.27389043e-03 -6.59803663e-02 7.64662765e-05 2.37189400e-04 2.23512815e-04
6.28160050e+01 6.24113859e-02 -5.77206956e-04 -7.02805349e-02 1.57472008e-04 1.89146901e-04 6.31130692e-05
6.55186941e+01 5.56058642e-02 1.63911359e-03 -7.19641958e-02 1.10883454e-04 3.38561680e-04 1.25288674e-04
6.82216488e+01 5.73881518e-02 -3.15120943e-03 -6.48057726e-02 2.56001304e-04 2.40382552e-04 9.70816080e-05
7.09208675e+01 6.43318436e-02 -3.04199182e-03 -5.60136995e-02 1.44162573e-04 1.19935680e-04 3.02307934e-04
7.36230331e+01 7.71231732e-02 -7.02222430e-03 -5.28411642e-02 1.41775810e-04 1.25334096e-04 1.19831179e-04
7.63183722e+01 7.52808347e-02 -1.12402286e-02 -5.07362553e-02 6.87364292e-05 1.69632618e-04 7.76468984e-05
7.90263566e+01 7.56796553e-02 -1.06603583e-02 -6.73120564e-02 1.73418755e-04 2.76550698e-04 1.35374644e-04
8.17221128e+01 7.47590420e-02 -5.85407822e-03 -5.95602454e-02 5.04191262e-05 6.35823218e-04 3.97324833e-05
8.44181925e+01 7.49796818e-02 -3.95445558e-04 -5.18067532e-02 8.77484212e-05 3.72312742e-04 5.76139509e-05
8.71098675e+01 8.15187635e-02 3.92403061e-03 -5.12052764e-02 7.42350265e-05 2.42582835e-04 1.73051094e-04
8.98086847e+01 7.17203296e-02 6.75813387e-03 -5.71968521e-02 1.42997640e-04 3.45732335e-04 6.28121758e-05
9.25051581e+01 6.13417563e-02 5.06432372e-03 -5.38235346e-02 2.30529477e-04 1.70022303e-04 6.77439697e-05
9.52022769e+01 5.86143803e-02 6.15181516e-03 -5.42046333e-02 1.12882502e-04 1.31353467e-04 6.71033156e-05
9.79117363e+01 5.63565274e-02 5.11600336e-05 -5.14108378e-02 5.49935046e-05 1.53981779e-04 2.35597513e-04
1.00612044e+02 6.64574641e-02 -3.79138693e-04 -6.50566287e-02 1.69246877e-04 8.94137682e-05 1.47590286e-04
1.03307888e+02 6.55560978e-02 -1.13013250e-02 -5.83389621e-02 2.17568136e-04 1.58866335e-04 1.17396164e-04
1.06001185e+02 6.74792024e-02 -1.44217224e-02 -6.34447148e-02 9.64379622e-05 1.66078892e-04 3.67179656e-04
1.08689607e+02 7.04714808e-02 -1.51607590e-02 -6.33015007e-02 7.57187489e-05 1.67003212e-04 4.55274884e-05
1.11400622e+02 6.04629049e-02 -7.41080010e-03 -6.00575851e-02 1.05205470e-04 2.56554162e-04 5.34599446e-05
1.14107403e+02 6.20292777e-02 -1.17331165e-02 -6.40946762e-02 4.97598262e-05 1.49529787e-04 1.98830344e-05
1.16811778e+02 6.46627331e-02 -6.15319718e-03 -6.26577578e-02 4.52648021e-05 3.92247552e-04 2.30585979e-04
1.19512560e+02 5.79066778e-02 -2.01207094e-02 -7.02927818e-02 1.24295835e-04 2.97568751e-04 2.25512755e-04
1.22212872e+02 5.58492286e-02 -1.06093201e-02 -6.76182458e-02 1.22661439e-04 2.45768695e-04 2.11222227e-04
1.24900732e+02 5.20130442e-02 -1.64306611e-02 -6.47172496e-02 6.91557844e-05 2.55838379e-04 1.45654880e-04
1.27600888e+02 5.45053093e-02 -1.09820012e-02 -5.61184355e-02 2.60805935e-04 6.41343444e-04 1.37114238e-04
1.30289263e+02 6.03446324e-02 -1.56536808e-02 -5.07904924e-02 2.73446353e-05 4.14470816e-04 5.02281907e-05
1.32987732e+02 6.67587401e-02 -2.18620432e-02 -3.84435320e-02 8.04906985e-05 3.83176832e-04 4.64550447e-05
1.35675607e+02 7.35091289e-02 -1.80979090e-02 -3.26871611e-02 1.13701824e-04 2.87312550e-04 7.98924215e-05
1.38377247e+02 7.72536566e-02 -1.52571054e-02 -2.13713684e-03 1.26471168e-04 1.20098977e-04 1.07412541e-04
1.41080044e+02 7.77190508e-02 -1.66586976e-02 1.35433984e-02 8.85713114e-05 9.70343261e-05 1.83543443e-04
1.43776091e+02 6.37539974e-02 -1.05940364e-02 3.29224575e-02 2.50577440e-04 1.83302274e-04 2.06628582e-04
1.46495544e+02 6.00823864e-02 3.60468040e-04 5.43274285e-02 1.93548310e-04 1.55964660e-04 2.84541076e-04
1.49194685e+02 6.06015817e-02 -1.12423936e-02 6.17220932e-02 1.45387310e-04 1.19401253e-04 1.42416567e-05
1.51895138e+02 6.12199006e-02 -7.20547175e-03 6.58963675e-02 1.43498178e-04 1.16462049e-04 1.23986253e-04
1.54597169e+02 5.51600140e-02 -6.96526768e-03 6.88614703e-02 3.78918989e-05 3.51365166e-05 2.94666802e-04
1.57303732e+02 5.05668517e-02 -3.75615075e-03 6.56603611e-02 1.96744505e-04 4.43779103e-05 1.38874706e-04
1.59998653e+02 6.04832189e-02 -4.84954593e-03 6.89878672e-02 1.12601125e-04 1.39728412e-04 1.55928385e-04
1.62705982e+02 6.18880986e-02 -7.18303690e-03 6.48860658e-02 4.50547205e-05 9.24459938e-05 7.52942431e-05
1.65407638e+02 7.09825754e-02 -8.95609627e-03 5.72911587e-02 9.53625953e-05 6.60672674e-05 1.05732408e-04
1.68106497e+02 7.14023180e-02 -1.89612349e-02 4.89347966e-02 1.06041431e-04 7.62183202e-05 5.95454766e-05
1.70811341e+02 7.47872298e-02 -1.97710939e-02 5.03097684e-02 2.18171191e-04 7.37418690e-05 9.59901509e-05
1.73507200e+02 7.74456825e-02 -1.21031788e-02 5.53832807e-02 2.02598581e-05 1.48463852e-04 1.91799197e-04
1.76204997e+02 6.97624561e-02 -4.94572756e-03 5.91964829e-02 3.61736880e-05 2.59158645e-04 9.62664472e-05
1.78893888e+02 7.82777269e-02 -1.44942693e-02 5.30209566e-02 1.39252232e-04 2.03755168e-04 1.57229224e-04
1.81593794e+02 7.81694387e-02 -2.47055958e-03 4.68280269e-02 1.09316322e-04 1.83921414e-04 5.45247927e-05
1.84289075e+02 6.82597042e-02 -4.80233780e-03 4.66325353e-02 1.62116370e-04 8.00024561e-05 1.50563688e-04
1.86985278e+02 6.38556488e-02 7.04844228e-03 4.57522838e-02 1.36524379e-04 2.29506746e-04 3.24250853e-05
1.89690825e+02 6.50954912e-02 3.88276575e-03 6.03524911e-02 1.48317519e-04 1.24421837e-04 1.06774675e-04
1.92381372e+02 6.73767149e-02 4.21347940e-03 6.62555578e-02 2.62956606e-04 1.00435814e-04 8.30125961e-05
1.95088138e+02 7.00968516e-02 -4.18607697e-03 6.51878484e-02 5.34111235e-05 1.13006601e-04 2.43558669e-04
1.97785232e+02 7.32823658e-02 2.04783258e-03 6.73847531e-02 1.25680618e-04 1.19561900e-04 1.32355646e-04
2.00483357e+02 6.70791598e-02 -2.43181144e-03 6.33783552e-02 1.15185136e-04 8.80617125e-05 1.31279659e-04
2.03178294e+02 6.96388685e-02 -5.89534837e-03 5.79785883e-02 7.82805752e-05 4.34919675e-05 9.27816003e-05
2.05870107e+02 7.09806860e-02 -2.22200495e-03 6.12009521e-02 4.57047915e-05 5.29203470e-05 8.11872135e-05
2.08575763e+02 6.69709275e-02 -4.97573547e-03 6.40443071e-02 2.05911479e-04 1.16601141e-04 3.71150741e-05
2.11272653e+02 5.42684497e-02 -7.25958602e-03 6.07332536e-02 1.60789677e-04 6.27564399e-05 1.17720419e-04
2.13975138e+02 4.69607694e-02 -8.25212229e-03 6.23251418e-02 3.98271637e-05 9.15074412e-05 3.22383114e-05
2.16677482e+02 6.15640753e-02 -1.91524771e-03 6.39733910e-02 1.55002290e-04 2.29423088e-04 7.43540525e-05
2.19387278e+02 6.07059414e-02 6.32879561e-03 6.50455223e-02 1.84468884e-04 1.20684077e-04 1.19441732e-04
2.22094638e+02 5.59593123e-02 5.94209161e-03 6.48343006e-02 2.89961343e-04 1.59192908e-04 8.60144428e-05
2.24792294e+02 6.79061235e-02 7.62973545e-03 6.00503824e-02 3.58045316e-05 2.95855568e-04 9.32765949e-05
2.27488903e+02 6.85092248e-02 1.50794486e-02 6.79518491e-02 3.09724149e-04 1.20127474e-04 2.53785564e-04
2.30186982e+02 5.13791167e-02 1.07863202e-02 5.72798829e-02 1.81327710e-04 2.27915781e-04 3.71290038e-04
2.32888763e+02 5.33166177e-02 5.36456473e-03 5.05499402e-02 3.83971373e-04 3.80464329e-04 1.15764112e-04
2.35594169e+02 6.82010299e-02 5.33240391e-03 5.01305532e-02 1.49880950e-04 3.03753058e-04 1.99849570e-04
2.38297872e+02 6.87245777e-02 2.46400239e-03 4.65053826e-02 1.79631372e-04 1.26938619e-04 4.93566872e-05
2.41020044e+02 7.02980868e-02 -2.89090007e-03 4.89405702e-02 1.39577005e-04 4.61829401e-04 4.46458547e-05
2.43713419e+02 7.19752532e-02 -6.49894096e-04 5.67302517e-02 3.20282634e-05 2.45207975e-04 1.42106860e-04
2.46421560e+02 6.59327675e-02 3.75066325e-03 6.65337522e-02 6.89996144e-05 1.03366077e-04 8.34998882e-05
2.49130435e+02 5.17893929e-02 -3.80164841e-03 7.26474591e-02 7.49822108e-05 5.71013950e-05 2.87577042e-05
2.51835513e+02 5.61963651e-02 3.02552324e-03 7.55009931e-02 6.22064638e-05 1.28059814e-04 9.83317741e-05
2.54529263e+02 5.74411903e-02 -1.05172389e-02 7.21818783e-02 2.63357717e-04 2.27013713e-04 5.23604128e-05
2.57227107e+02 5.89436459e-02 -1.01131225e-02 6.16729879e-02 1.21579805e-04 2.88638098e-04 3.16282420e-04
2.59928669e+02 6.51155081e-02 -5.92087008e-03 5.68950385e-02 7.10907164e-05 3.10498838e-04 3.00244078e-04
2.62641466e+02 5.42988062e-02 -6.48408052e-03 6.31794785e-02 7.89590965e-05 1.93532980e-04 6.69680742e-05
2.65334044e+02 5.72723135e-02 7.02597001e-03 6.57497425e-02 4.08189662e-05 3.08954981e-04 8.84965308e-05
2.68038686e+02 5.18511613e-02 1.33558831e-02 7.03917588e-02 3.68110829e-05 3.80321714e-04 4.92936043e-05
