7.01766378e-01 6.35356679e-02 1.09059136e-02 6.64175242e-02 9.11431462e-05 1.63656840e-04 9.93494465e-05
3.39115760e+00 6.12258552e-02 1.25691408e-02 6.26751338e-02 9.63618521e-05 2.43834164e-04 1.47002892e-04
6.07934087e+00 6.19256366e-02 3.27261997e-03 5.41360537e-02 8.02681073e-05 3.48520180e-04 1.69843124e-04
8.77235556e+00 7.53303596e-02 3.31292643e-03 5.21407785e-02 6.59584449e-05 2.31322986e-04 7.99687422e-05
1.14740520e+01 8.01667371e-02 -8.42374588e-03 6.23410719e-02 8.16344983e-05 8.20780353e-05 9.00966131e-05
1.41707223e+01 8.19092876e-02 -2.81403617e-03 4.49402558e-02 2.75220184e-05 1.64082013e-04 1.93367116e-04
1.68713207e+01 7.70494364e-02 -1.31915358e-03 3.02345678e-02 5.03250028e-05 3.63979590e-04 3.30860751e-05
1.95655426e+01 8.00723561e-02 4.14611411e-03 6.61595160e-03 1.25659793e-04 2.93670523e-04 7.82943275e-05
2.22715129e+01 7.61032546e-02 7.92812634e-03 -8.92540639e-03 1.71028271e-04 8.95258677e-04 1.75272448e-04
2.49775145e+01 7.63944813e-02 -5.00266249e-03 -3.01677428e-02 4.18601516e-05 5.99934302e-04 5.87039541e-05
2.76705473e+01 7.91298250e-02 -1.24674588e-03 -4.32958268e-02 9.22142930e-05 5.28461321e-04 1.37562777e-04
3.03543879e+01 8.04598504e-02 6.94841142e-04 -5.31479496e-02 1.10110987e-04 7.31959819e-05 1.15060716e-04
3.30522707e+01 6.99783998e-02 -2.23163781e-03 -5.67576628e-02 7.49590545e-05 5.47526649e-05 4.14529417e-05
3.57459598e+01 6.01917824e-02 7.96111481e-03 -5.20221628e-02 1.41899421e-04 3.83178129e-04 1.30333923e-04
3.84593926e+01 5.71390195e-02 1.39207291e-02 -5.22696196e-02 1.81820032e-04 1.74644050e-04 1.60428731e-04
4.11640160e+01 5.57625337e-02 1.81163352e-02 -4.53258258e-02 1.77236128e-04 1.88112266e-04 5.67328292e-05
4.38730457e+01 6.97432233e-02 7.45020962e-03 -4.82429309e-02 1.14887827e-04 1.95983619e-04 1.06310645e-04
4.65789551e+01 6.48483999e-02 6.34052967e-03 -5.50623223e-02 9.59179461e-05 6.40003686e-05 1.00532369e-04
4.92856629e+01 6.40045853e-02 -4.23450472e-03 -6.47032362e-02 1.40243570e-04 1.14004275e-04 1.58849807e-04
5.19930192e+01 5.88707249e-02 -3.98624601e-03 -6.22901152e-02 1.02652751e-04 1.78163867e-04 1.80596875e-05
5.46972645e+01 5.97901136e-02 -7.95090351e-03 -5.60487485e-02 9.73919646e-05 9.50338811e-05 7.95144105e-05
5.74134113e+01 6.42202578e-02 -3.26869793e-03 -6.35586091e-02 2.11775529e-04 1.48889367e-04 2.14542723e-04
6.01108035e+01 6.52220168e-02 5.10299663e-04 -6.76377370e-02 7.40339268e-05 2.59289713e-04 2.92876939e-04
6.28119848e+01 6.11539382e-02 6.65641320e-04 -7.20177543e-02 1.14264435e-04 2.53638003e-04 9.95780069e-05
6.55076692e+01 5.62850763e-02 1.34999633e-03 -7.31034685e-02 8.44660019e-05 2.64756688e-04 1.49637237e-04
6.82144785e+01 5.77985191e-02 -4.10819390e-03 -6.29861525e-02 2.02922157e-04 1.67193649e-04 5.91144469e-05
7.09137551e+01 6.34023036e-02 -3.02675093e-03 -5.70527246e-02 1.22247342e-04 1.53317889e-04 1.95345536e-04
7.36197801e+01 7.82135102e-02 -7.16003239e-03 -5.21268676e-02 1.06226752e-04 1.23867170e-04 2.01425387e-04
7.63113629e+01 7.75052166e-02 -9.66146431e-03 -5.12833574e-02 8.34241475e-05 1.60106392e-04 8.46502264e-05
7.90183363e+01 7.65556479e-02 -1.25382356e-02 -6.75419547e-02 1.96649267e-04 2.37766021e-04 1.30024952e-04
8.17128317e+01 7.52582759e-02 -6.63647074e-03 -5.90066151e-02 3.61840349e-05 5.21696252e-04 3.52001576e-05
8.44054426e+01 7.62929710e-02 4.04951175e-04 -5.58276178e-02 9.63822286e-05 4.09402190e-04 9.01450026e-05
8.71019988e+01 8.35381419e-02 4.06680964e-03 -4.91647123e-02 9.00687768e-05 3.17286299e-04 1.31375011e-04
8.97991317e+01 7.36445288e-02 6.53309917e-03 -5.78344035e-02 8.87839307e-05 3.24278766e-04 2.51970979e-05
9.24981395e+01 6.30782603e-02 6.14398456e-03 -5.29959648e-02 2.89132042e-04 2.40900473e-04 6.38784825e-05
9.51949426e+01 5.73934087e-02 4.61196916e-03 -5.28852562e-02 1.44939150e-04 8.49812827e-05 6.95111877e-05
9.79016613e+01 5.62758804e-02 -9.49188813e-04 -5.06263930e-02 5.54285690e-05 1.46110216e-04 2.46365232e-04
1.00601822e+02 6.45455648e-02 2.14631428e-05 -6.70494337e-02 2.02612128e-04 1.14044093e-04 1.82468311e-04
1.03298760e+02 6.52258613e-02 -9.86415046e-03 -5.80687409e-02 2.44819514e-04 1.45896296e-04 1.08993655e-04
1.05992463e+02 6.79670562e-02 -1.70509301e-02 -6.29866540e-02 1.04805285e-04 1.86987632e-04 3.08333934e-04
1.08685666e+02 6.97924688e-02 -1.26669366e-02 -6.14349610e-02 1.05265442e-04 2.49486410e-04 4.68836523e-05
1.11393041e+02 5.84912326e-02 -8.48737239e-03 -5.94450959e-02 1.25662045e-04 2.72011304e-04 3.02177977e-05
1.14097010e+02 6.14802987e-02 -1.30960068e-02 -6.29651195e-02 5.37051284e-05 1.75983397e-04 6.24401910e-05
1.16799104e+02 6.48780076e-02 -8.52425978e-03 -6.38388156e-02 2.42622637e-05 3.81601260e-04 1.94004987e-04
1.19502650e+02 5.73436756e-02 -1.92552455e-02 -6.95811382e-02 1.20532590e-04 4.21434246e-04 2.04492955e-04
1.22202807e+02 5.72237127e-02 -1.23408424e-02 -6.62766126e-02 1.32261756e-04 2.75362411e-04 1.48176796e-04
1.24887229e+02 5.40138379e-02 -1.47617416e-02 -6.43029793e-02 7.14837977e-05 2.10619450e-04 1.31659161e-04
1.27582338e+02 5.56049588e-02 -1.25198651e-02 -5.55045573e-02 2.83649761e-04 6.96569116e-04 1.85371128e-04
1.30274744e+02 6.00712283e-02 -1.43700427e-02 -5.04127689e-02 3.07591619e-05 5.23157627e-04 4.05378689e-05
1.32974916e+02 6.73054403e-02 -2.07664843e-02 -3.70258164e-02 4.73546499e-05 4.10849894e-04 8.57314333e-05
1.35661775e+02 7.28376219e-02 -1.85511663e-02 -3.41676159e-02 1.18507055e-04 2.89837107e-04 7.39906811e-05
1.38367494e+02 7.69332025e-02 -1.64547866e-02 -1.54575333e-03 1.69711924e-04 2.14617274e-04 1.20548837e-04
1.41063025e+02 7.77321537e-02 -1.81770117e-02 1.41422681e-02 7.57021433e-05 1.27019767e-04 1.48248514e-04
1.43764088e+02 6.50157843e-02 -7.93668392e-03 3.14725010e-02 2.83988709e-04 2.14132748e-04 1.04340908e-04
1.46480854e+02 5.91179256e-02 1.21435762e-03 5.51895215e-02 1.54605526e-04 2.84521226e-04 2.42367289e-04
1.49183197e+02 5.90677533e-02 -1.19619631e-02 5.89995894e-02 1.90260813e-04 1.14258147e-04 2.97447821e-05
1.51878088e+02 6.12747647e-02 -7.61139725e-03 6.42733874e-02 1.76216679e-04 1.14703101e-04 1.48895256e-04
1.54582963e+02 5.70228278e-02 -6.89795534e-03 6.72450685e-02 9.05191364e-05 3.64459599e-05 2.51022462e-04
1.57290557e+02 5.12447526e-02 -3.39700927e-03 6.74442524e-02 2.51077364e-04 4.32683250e-05 1.93782235e-04
1.59982682e+02 5.83660383e-02 -4.11993191e-03 6.89665827e-02 1.59138771e-04 1.48941646e-04 1.69172744e-04
1.62687010e+02 6.11797038e-02 -7.80703379e-03 6.52011668e-02 3.44724886e-05 7.45875397e-05 7.53321378e-05
1.65394822e+02 6.90201318e-02 -1.17936274e-02 5.72359036e-02 6.71549700e-05 4.73163531e-05 1.06224639e-04
1.68088994e+02 7.27772039e-02 -1.62086839e-02 5.05562509e-02 1.12624556e-04 1.17460099e-04 8.62791568e-05
1.70799900e+02 7.49483721e-02 -1.94299968e-02 5.26710177e-02 1.51363798e-04 6.44311165e-05 4.48773460e-05
1.73491682e+02 7.62040169e-02 -1.11336450e-02 5.70835522e-02 1.09766933e-05 1.62448530e-04 2.32977038e-04
1.76189557e+02 6.95382558e-02 -2.16350889e-03 6.10952460e-02 5.91251071e-05 1.67128220e-04 8.87627383e-05
1.78875275e+02 7.60589316e-02 -1.37972427e-02 5.25919673e-02 1.14979074e-04 2.35802143e-04 1.36882591e-04
1.81574307e+02 7.88161814e-02 -2.92468150e-03 4.67925961e-02 1.39569364e-04 1.84682967e-04 7.78703472e-05
1.84272494e+02 6.65289636e-02 -6.11801635e-03 4.91825162e-02 1.36355490e-04 8.28224056e-05 1.44632997e-04
1.86964275e+02 6.34434569e-02 7.85004672e-03 4.72248886e-02 2.05170348e-04 1.88664245e-04 5.56421141e-05
1.89668400e+02 6.40078252e-02 2.54233574e-03 6.08743850e-02 1.90725617e-04 1.67382290e-04 1.31361370e-04
1.92363713e+02 6.86251716e-02 5.03133841e-03 6.39053025e-02 2.59262140e-04 1.20922035e-04 1.02653930e-04
1.95070260e+02 7.06190605e-02 -1.56427532e-03 6.48013292e-02 6.75732704e-05 1.48751603e-04 1.75674498e-04
1.97767697e+02 7.17424365e-02 5.97417899e-04 6.90440144e-02 1.04084096e-04 1.09301844e-04 1.26122308e-04
2.00462650e+02 6.44772120e-02 -2.51388005e-03 6.32796572e-02 1.27648618e-04 7.94811887e-05 1.17211378e-04
2.03158213e+02 6.92273367e-02 -7.29955080e-03 5.61923307e-02 9.20722218e-05 2.36581690e-05 7.34678383e-05
2.05847010e+02 6.82429047e-02 -1.96041043e-03 6.06064867e-02 4.88736078e-05 6.74569706e-05 6.12621169e-05
2.08552213e+02 6.64896477e-02 -4.67847476e-03 6.27354266e-02 1.79022971e-04 1.11163489e-04 6.31815380e-05
2.11252416e+02 5.59902550e-02 -8.00897538e-03 5.81302830e-02 1.36771060e-04 6.91888400e-05 9.40254974e-05
2.13956932e+02 4.83393330e-02 -8.09152579e-03 6.22723349e-02 4.37887943e-05 1.23271694e-04 3.58501552e-05
2.16658119e+02 6.17433051e-02 -2.47603449e-03 6.47724735e-02 2.04549031e-04 2.71810713e-04 4.73160658e-05
2.19367057e+02 6.18110528e-02 6.15744518e-03 6.37313781e-02 2.56009523e-04 1.68035650e-04 1.36409587e-04
2.22073791e+02 5.53236793e-02 3.54519062e-03 6.30154249e-02 3.28057071e-04 1.79690948e-04 7.32060429e-05
2.24770229e+02 6.78935777e-02 9.12183657e-03 6.17870760e-02 3.70372012e-05 3.48271267e-04 1.22842390e-04
2.27462807e+02 6.77459059e-02 1.25601172e-02 6.88055228e-02 2.23135838e-04 8.70267147e-05 3.01172283e-04
2.30160932e+02 5.27287516e-02 9.91373168e-03 5.69637965e-02 1.38269672e-04 2.23648972e-04 3.33763492e-04
2.32867041e+02 5.36718838e-02 5.55789085e-03 5.13600631e-02 3.62818363e-04 5.39512424e-04 1.15317229e-04
2.35571713e+02 6.82292130e-02 5.19348907e-03 5.14484085e-02 1.64584170e-04 2.99174819e-04 1.51135872e-04
2.38272541e+02 6.84201912e-02 3.03579743e-03 4.87771326e-02 2.70469002e-04 1.60849349e-04 5.19030729e-05
2.40994900e+02 6.76403070e-02 -1.42246074e-03 4.98013760e-02 1.52528553e-04 4.15184986e-04 4.63998106e-05
2.43689572e+02 7.24370664e-02 4.89816463e-04 5.63435409e-02 3.85941545e-05 2.69223342e-04 1.45758644e-04
2.46396494e+02 6.49917205e-02 4.01083577e-03 6.64694772e-02 1.42538221e-05 1.12506737e-04 5.14404140e-05
2.49105088e+02 5.14012321e-02 -3.05584102e-03 7.03973644e-02 8.51610693e-05 6.41927598e-05 1.61804406e-05
2.51812947e+02 5.75751067e-02 4.21783711e-03 7.65683601e-02 5.17139930e-05 1.68391620e-04 1.21635240e-04
2.54504275e+02 5.57571935e-02 -9.61882608e-03 7.18419225e-02 1.81015250e-04 2.35957408e-04 7.26700474e-05
2.57206088e+02 5.87153793e-02 -9.54708634e-03 5.93667257e-02 1.46107247e-04 1.97447788e-04 3.13196261e-04
2.59906275e+02 6.77988260e-02 -5.12337354e-03 5.60381743e-02 7.21283641e-05 2.17022035e-04 2.69841950e-04
2.62611338e+02 5.60703502e-02 -5.52149382e-03 6.20385004e-02 1.05338109e-04 1.66641616e-04 6.44112383e-05
2.65311166e+02 6.04316016e-02 7.49376244e-03 6.58317882e-02 1.28179062e-05 2.74633079e-04 1.20255764e-04
2.68015352e+02 5.36493134e-02 1.49254277e-02 6.79127010e-02 2.82502030e-05 3.32911077e-04 3.76812244e-05
