6.84666122e-01 5.45190075e-02 5.50681220e-03 7.10440107e-02 1.43000616e-04 2.63817374e-04 8.29369081e-05
3.38235257e+00 6.51343931e-02 3.36158318e-03 6.15296075e-02 8.24672808e-05 2.84113802e-04 7.24993702e-05
6.09007147e+00 6.78267312e-02 3.46308853e-03 5.27287078e-02 1.20039226e-04 1.89464677e-04 6.52567061e-05
8.77738616e+00 7.59220438e-02 -2.98608175e-05 4.16440953e-02 6.53539273e-05 1.69427123e-04 1.07169055e-04
1.15003391e+01 7.57194532e-02 6.44748611e-03 3.55365879e-02 7.96798428e-05 2.51058785e-04 1.93075854e-04
1.41842532e+01 8.04741276e-02 1.22079069e-02 2.04165913e-02 7.58838210e-05 5.28657749e-05 7.49649564e-05
1.68857126e+01 8.01426040e-02 1.37920513e-02 1.71192831e-04 7.65338803e-05 1.63583721e-04 1.73068005e-04
1.95726501e+01 7.72934340e-02 1.91857026e-02 -1.01445655e-02 7.73270121e-05 1.82735591e-04 2.31537140e-04
2.22714063e+01 7.83169701e-02 1.81566989e-02 -4.02942083e-02 6.32307469e-05 1.70443227e-04 1.19273368e-04
2.49763391e+01 6.98330544e-02 1.40623854e-02 -4.80038138e-02 8.44572896e-05 6.05127820e-05 6.51648376e-05
2.76638454e+01 6.25197230e-02 5.40687531e-03 -5.83582725e-02 4.50551707e-05 2.92078744e-04 8.98147563e-05
3.03664923e+01 6.00464225e-02 3.95830198e-04 -6.49053412e-02 8.22142859e-05 6.03370020e-05 5.16058336e-05
3.30738110e+01 5.68268891e-02 -5.33562646e-03 -6.69942604e-02 2.63616499e-05 2.46312896e-04 5.38908804e-05
3.57689282e+01 6.54828408e-02 2.49049649e-03 -6.80397236e-02 1.68337211e-04 3.25416911e-04 4.72914359e-05
3.84807891e+01 7.21429701e-02 2.58344516e-03 -6.26572780e-02 1.15943534e-04 2.49807435e-04 1.44981658e-04
4.11815016e+01 7.09471909e-02 1.77309706e-03 -6.25295868e-02 1.51604215e-04 4.73428491e-04 2.24050358e-04
4.38825407e+01 5.92450458e-02 8.44092114e-04 -6.14934134e-02 1.04596766e-04 8.79221757e-04 1.84037742e-04
4.65913501e+01 4.85263808e-02 1.47441066e-02 -5.87245659e-02 6.97544565e-05 2.57490712e-04 5.49208608e-05
4.92942657e+01 5.44430470e-02 2.33111339e-03 -6.24802730e-02 1.98486852e-04 4.96174922e-04 6.58919670e-05
5.19966016e+01 6.90643421e-02 5.40812581e-03 -6.75536100e-02 8.69124877e-05 3.41260890e-04 4.34519065e-04
5.46954579e+01 6.56208097e-02 1.02536833e-02 -6.81983781e-02 1.41063276e-04 2.71425340e-04 1.74613439e-05
5.73938594e+01 6.31815628e-02 9.43097093e-03 -6.93082094e-02 3.16761770e-04 2.15767840e-04 4.82412329e-05
6.00779454e+01 5.89168162e-02 1.47296409e-02 -6.34257370e-02 1.97683953e-04 4.32842710e-04 3.37157538e-04
6.27885298e+01 5.99390185e-02 1.41157059e-02 -6.59431459e-02 2.64472236e-04 3.04070214e-04 2.14053259e-04
6.54805219e+01 6.25830576e-02 1.91647953e-02 -6.53641656e-02 2.00034079e-04 2.09939876e-04 1.98466454e-04
6.81921469e+01 6.28023246e-02 1.26532254e-02 -6.51109284e-02 4.45891009e-05 6.36600834e-05 1.06022337e-04
7.08896454e+01 6.51845755e-02 4.98592522e-03 -7.09164678e-02 1.74404020e-04 3.43406354e-04 1.21954577e-04
7.35945360e+01 5.82684242e-02 3.67243876e-03 -6.85792750e-02 8.68564826e-05 1.14790791e-04 1.62052828e-04
7.63083641e+01 5.84195594e-02 -4.01233207e-03 -6.69834890e-02 1.05053569e-04 1.71435348e-04 1.06092097e-04
7.90058657e+01 6.57822968e-02 2.35137800e-03 -7.18050370e-02 1.70680050e-04 2.36004764e-04 2.33112869e-05
8.17144126e+01 6.26987596e-02 5.57093284e-04 -7.14245218e-02 9.27989604e-05 2.32000161e-04 1.19575730e-04
8.44092938e+01 5.97258835e-02 3.10273178e-03 -7.59945769e-02 1.63094872e-04 1.47200901e-04 1.68565111e-04
8.71154001e+01 5.29020154e-02 5.25709031e-03 -6.89765304e-02 6.98591174e-05 2.63292874e-04 7.33929361e-05
8.98140798e+01 6.25367300e-02 6.58112573e-03 -7.25790673e-02 1.72113797e-04 2.00177777e-04 8.29981929e-05
9.25141501e+01 6.01761531e-02 5.73110234e-03 -7.38511415e-02 2.95022539e-04 3.13488831e-04 8.68378998e-05
9.52198735e+01 6.37948207e-02 5.50916949e-03 -7.49175423e-02 1.92614648e-04 2.31532760e-04 7.87068419e-05
9.79208469e+01 4.77073371e-02 4.89967816e-04 -7.81232271e-02 9.60325467e-05 1.62670208e-04 7.35041733e-05
1.00621377e+02 5.08591412e-02 -7.04444595e-03 -7.57103961e-02 1.73468124e-04 3.25418307e-04 1.68763507e-05
1.03314658e+02 4.55953755e-02 -1.80459079e-03 -5.57991227e-02 2.02161449e-04 2.48470756e-04 2.34473263e-04
1.06020970e+02 5.51598779e-02 1.23792825e-02 -5.34068694e-02 2.05277492e-04 2.85338750e-04 9.44228548e-05
1.08705314e+02 6.68786109e-02 4.52797721e-03 -5.90999073e-02 6.97519184e-05 2.38045087e-04 1.03339735e-04
1.11404252e+02 7.03230227e-02 1.06565170e-02 -5.58145575e-02 4.12657149e-05 5.24540067e-05 3.74170424e-05
1.14112205e+02 6.50997501e-02 6.38341524e-03 -6.17505598e-02 1.24102074e-04 2.09110283e-04 1.84249343e-04
1.16812549e+02 6.47801019e-02 1.81569494e-02 -5.70660007e-02 2.85475307e-05 1.34920943e-04 1.76004496e-04
1.19519345e+02 5.64140903e-02 6.30536304e-03 -6.91849486e-02 1.83369338e-04 2.45033006e-04 5.00048310e-05
1.22219033e+02 6.62120430e-02 1.07284454e-02 -6.52521634e-02 1.26659601e-04 3.74741868e-04 5.20994416e-05
1.24922080e+02 6.75434835e-02 1.23731215e-02 -6.32375342e-02 8.95478672e-05 4.04177499e-04 7.04189016e-05
1.27609205e+02 6.82089198e-02 1.87409211e-02 -5.57401791e-02 1.14846258e-04 3.44323925e-04 9.33936052e-05
1.30313314e+02 7.35256032e-02 1.40168946e-02 -4.45534726e-02 8.59792997e-05 6.20379393e-04 2.05272036e-04
1.33010424e+02 7.26002606e-02 1.33991217e-02 -3.50371583e-02 1.11665172e-04 5.57706812e-04 1.69273085e-04
1.35699361e+02 7.04433696e-02 6.59240178e-03 -2.77145583e-02 1.21884483e-04 2.59681840e-04 5.64203560e-05
1.38399861e+02 7.79489245e-02 9.19194647e-03 -1.30352614e-02 1.36472541e-04 1.95365696e-04 1.07411331e-04
1.41087174e+02 8.22926594e-02 8.58264721e-03 1.05047990e-02 6.13955431e-05 3.33580142e-04 2.58020580e-04
1.43795127e+02 7.36146095e-02 6.79817338e-03 2.51874583e-02 8.14620162e-05 8.04124874e-05 1.05603744e-04
1.46496861e+02 6.76753238e-02 4.92197669e-03 4.40808829e-02 1.93554886e-04 2.20844700e-04 1.26929381e-04
1.49193486e+02 7.38286272e-02 1.02943326e-02 4.80766787e-02 6.34217869e-05 2.81621134e-04 8.52293126e-05
1.51879986e+02 7.17258312e-02 7.50486842e-03 4.44258603e-02 1.58469413e-04 2.47320501e-04 1.35846677e-04
1.54577345e+02 6.90830352e-02 1.07411521e-02 4.79275627e-02 1.53673848e-04 1.10845986e-04 8.17849508e-05
1.57272361e+02 6.10734472e-02 1.20841626e-02 5.64919370e-02 1.70907042e-04 2.05644855e-04 1.28589744e-04
1.59977970e+02 4.86760400e-02 8.99845782e-03 6.61480794e-02 1.39404761e-04 1.55875627e-04 3.10364843e-04
1.62665142e+02 5.73175533e-02 4.96322733e-03 6.57191769e-02 1.68651695e-04 5.38654902e-04 8.02881024e-05
1.65369095e+02 7.11013102e-02 -5.55222127e-04 5.63849373e-02 5.04450480e-05 5.11091631e-04 5.43238866e-05
1.68067720e+02 7.68121371e-02 9.93306627e-03 6.06783162e-02 1.17146165e-04 1.86278678e-04 1.91238761e-04
1.70764424e+02 6.11741478e-02 1.29081916e-02 6.11783149e-02 5.35090639e-05 6.97628720e-05 2.45326867e-04
1.73467127e+02 5.78711838e-02 1.00275438e-02 6.46603462e-02 1.30243278e-04 1.03542657e-04 5.17466435e-05
1.76172642e+02 4.94828642e-02 8.13463331e-03 6.82072239e-02 7.69433048e-05 3.62533890e-04 2.36182711e-04
1.78876158e+02 5.17521624e-02 6.10918041e-04 6.86462938e-02 8.70192740e-05 2.27468854e-04 1.11242314e-04
1.81586611e+02 5.83080299e-02 8.83089453e-03 6.23411604e-02 7.16452927e-05 1.60616208e-04 7.33880712e-05
1.84281502e+02 6.26459993e-02 -1.85906809e-03 6.96366029e-02 1.50284522e-04 4.68118952e-04 8.41891732e-05
1.86979658e+02 6.41112885e-02 1.77690120e-03 5.64518724e-02 3.59557227e-05 2.31822966e-04 2.39322962e-04
1.89671533e+02 6.64458820e-02 3.39967849e-03 6.57128013e-02 1.63231780e-04 3.22513755e-04 1.92965650e-04
1.92372064e+02 5.34235649e-02 1.04409095e-02 6.58737054e-02 9.28671561e-05 1.22769866e-04 1.38352636e-04
1.95073658e+02 5.83793390e-02 1.77278373e-03 5.98854179e-02 1.26373362e-04 1.26137938e-04 1.07631777e-04
1.97770658e+02 5.75690007e-02 2.64224646e-03 5.72729539e-02 1.91168459e-04 2.13983237e-04 4.76870902e-05
2.00464955e+02 5.71942149e-02 3.62170218e-03 5.94321224e-02 2.09638564e-04 2.20975865e-04 1.02207249e-04
2.03174548e+02 5.49355580e-02 3.43414442e-03 5.78540734e-02 7.40708474e-05 6.62689977e-05 1.54856896e-04
2.05868674e+02 5.38370200e-02 3.12969866e-03 6.51345415e-02 1.59571106e-04 1.61431243e-04 6.17069402e-05
2.08581002e+02 6.16771997e-02 -1.11208914e-03 6.98249005e-02 1.65056933e-04 3.32817271e-04 1.76595886e-04
2.11259517e+02 5.21711710e-02 1.86386124e-03 6.54541963e-02 2.25977818e-04 1.78236648e-04 3.17526076e-05
2.13962861e+02 4.68005900e-02 1.54119276e-03 6.68621097e-02 1.44315512e-04 1.31475157e-04 1.18222970e-04
2.16663673e+02 6.03458066e-02 -6.70437572e-03 6.57107485e-02 1.25510466e-04 1.71668024e-04 1.90646161e-04
2.19354424e+02 7.13997486e-02 7.45263404e-04 6.89529432e-02 1.13207104e-04 1.14546695e-04 9.37504901e-05
2.22063127e+02 6.22277984e-02 1.76247937e-03 5.85650301e-02 1.08862350e-04 6.23373089e-05 2.21912550e-04
2.24769627e+02 5.88800332e-02 -3.16831183e-03 6.34323777e-02 4.44009892e-04 7.31155211e-05 6.22219431e-05
2.27466080e+02 5.41561106e-02 -7.46275137e-03 6.93196500e-02 4.80104856e-05 2.67274096e-04 1.21484753e-04
2.30163455e+02 5.94355873e-02 -5.67412949e-03 6.99726115e-02 1.75696117e-04 1.78474505e-04 6.83850048e-05
2.32870564e+02 6.49666994e-02 -1.11866809e-02 7.28254807e-02 2.79843171e-05 7.42489650e-04 4.22019426e-05
2.35570330e+02 6.24268013e-02 -1.13658289e-02 7.31179545e-02 6.66465495e-05 4.73349214e-04 6.96970328e-05
2.38271017e+02 6.30841506e-02 -3.30716555e-03 6.16403200e-02 1.08058302e-04 3.67385522e-04 6.11279195e-05
2.40985627e+02 5.95045842e-02 -6.18636223e-03 5.82174827e-02 6.47322751e-05 2.60746647e-04 5.55636824e-05
2.43684877e+02 6.64950693e-02 2.01151094e-03 5.82589796e-02 7.96951364e-05 3.57917804e-04 2.12977651e-05
2.46386877e+02 5.72544867e-02 4.57355008e-03 5.95543559e-02 2.26858124e-04 2.44299987e-04 1.06189539e-04
2.49097580e+02 4.68258604e-02 -4.13009369e-03 5.79150496e-02 8.87915063e-05 4.18442156e-04 7.11171368e-05
2.51794549e+02 5.81921780e-02 -1.11148754e-03 6.58963409e-02 1.07659943e-04 3.03131575e-04 7.29499730e-05
2.54492517e+02 5.80163614e-02 -9.72273505e-03 6.57949983e-02 1.36195319e-04 3.47537736e-04 8.26425516e-05
2.57197877e+02 6.05167306e-02 -8.03595454e-03 6.23454661e-02 1.19002539e-04 3.08928546e-04 8.63410125e-05
2.59894674e+02 6.71805532e-02 -5.78857738e-03 6.21835702e-02 1.46959108e-04 1.93502968e-04 1.15015062e-04
2.62600752e+02 6.24548544e-02 -5.31942017e-03 5.98964011e-02 1.30141853e-04 1.15791557e-04 1.30057912e-04
2.65295127e+02 6.89691900e-02 -2.30188416e-03 6.37261527e-02 2.74044182e-05 3.13412820e-04 4.70297398e-05
2.68002759e+02 5.75263732e-02 2.90228595e-03 6.04420133e-02 1.44697346e-04 2.06293202e-04 8.98208290e-05
