6.89542019e-01 5.67219999e-02 2.58563126e-03 7.78333777e-02 1.03223526e-04 1.65404159e-04 9.35886942e-05
3.38326565e+00 5.38498771e-02 6.40712929e-03 6.47325603e-02 8.18919723e-05 2.79375825e-04 1.39628170e-04
6.08968095e+00 5.95708334e-02 5.83308634e-03 4.60832226e-02 1.04493747e-04 2.73546142e-04 5.63316056e-05
8.79110220e+00 6.60582337e-02 5.50194765e-03 3.93780526e-02 5.14462615e-05 2.03159900e-04 4.68347018e-05
1.14905824e+01 7.48816079e-02 6.56337433e-03 2.61408690e-02 7.71431369e-05 3.22132571e-04 7.80685094e-05
1.41897089e+01 7.61969612e-02 1.26962665e-02 1.30664012e-02 7.04640496e-05 7.87860857e-05 1.45994157e-04
1.68889105e+01 7.23977058e-02 9.08091080e-03 -6.95230058e-03 1.26202620e-04 1.04497469e-04 7.94869904e-05
1.95804808e+01 7.95698731e-02 1.16864102e-02 -2.10718359e-02 1.38387046e-04 2.24249210e-04 1.51698574e-04
2.22795964e+01 7.66219603e-02 9.10452655e-03 -3.38576879e-02 5.79466753e-05 3.64753692e-05 1.34805769e-04
2.49748183e+01 6.67968319e-02 2.77761291e-03 -5.33260442e-02 1.51299543e-04 9.43038199e-05 8.38246929e-05
2.76773152e+01 6.12249515e-02 5.21646966e-03 -6.32338081e-02 4.54588349e-05 4.18301518e-04 5.77048980e-05
3.03741496e+01 5.25975216e-02 -1.13024598e-03 -6.04255006e-02 5.35643667e-05 1.10012151e-04 7.04587615e-05
3.30779792e+01 5.57794621e-02 -6.53734556e-03 -6.72843679e-02 2.88118779e-05 1.83071218e-04 5.44263291e-05
3.57804542e+01 6.69062143e-02 8.98131988e-04 -7.46125799e-02 2.33592661e-04 2.07501375e-04 7.79969029e-05
3.84776308e+01 7.44134240e-02 -2.28746385e-03 -6.69633443e-02 7.35346826e-05 2.87456140e-04 1.68447784e-04
4.11839089e+01 7.24188573e-02 5.92221073e-03 -6.73004643e-02 1.27839601e-04 3.29506300e-04 8.25040523e-05
4.38906277e+01 6.76164203e-02 -2.21482136e-03 -5.75797794e-02 4.54227584e-05 6.24345211e-04 3.92326515e-05
4.65942855e+01 5.53406995e-02 1.15685588e-02 -6.06282078e-02 1.34057230e-04 3.44817024e-04 8.56431346e-05
4.92997183e+01 5.93091361e-02 9.73947300e-04 -6.09966120e-02 9.16508211e-05 4.23159562e-04 1.82354379e-04
5.20088605e+01 6.83742830e-02 6.08793040e-03 -5.96787700e-02 6.35375476e-05 1.02586363e-04 1.18384511e-04
5.46981324e+01 6.98223264e-02 1.64508171e-03 -6.98889393e-02 2.02630777e-04 2.69465832e-04 1.26041607e-04
5.73956027e+01 6.19058688e-02 8.42499073e-03 -6.46490900e-02 1.08844384e-04 2.78154769e-04 9.45976589e-05
6.00816214e+01 5.52183499e-02 1.34787554e-02 -6.54416491e-02 1.79632855e-04 2.60010257e-04 3.56991409e-04
6.27811870e+01 5.70237136e-02 1.37132737e-02 -7.03266619e-02 2.98261704e-04 1.42220434e-04 1.06857809e-04
6.54823105e+01 6.07398814e-02 1.99795869e-02 -6.54139759e-02 2.06829371e-04 2.56093726e-05 2.84623894e-04
6.81829996e+01 6.48185742e-02 1.43081230e-02 -7.13972913e-02 1.13945662e-04 4.50913063e-05 6.24598509e-05
7.08850042e+01 6.10521539e-02 1.06184585e-02 -7.23763069e-02 1.53345380e-04 9.96835737e-05 7.68301859e-05
7.35892511e+01 6.14043320e-02 1.82874740e-03 -6.44046365e-02 1.10451107e-04 1.47704466e-04 4.82417299e-05
7.63060714e+01 5.85015124e-02 -3.79563320e-03 -6.53609568e-02 3.33794748e-05 5.97529770e-05 1.50846325e-04
7.90129308e+01 6.63355230e-02 3.92729414e-04 -6.36956038e-02 1.23671220e-04 8.75628763e-05 1.10612325e-04
8.17136574e+01 6.04463362e-02 8.46632279e-03 -6.38609302e-02 4.27008545e-05 1.81620512e-04 1.58806825e-04
8.44198964e+01 6.52018680e-02 4.39338471e-03 -6.68070352e-02 1.36355654e-04 1.67941163e-04 1.09416573e-04
8.71229933e+01 5.20300881e-02 8.70195442e-03 -6.58643630e-02 1.31100155e-04 3.11054196e-04 8.09093390e-05
8.98262761e+01 6.84525281e-02 7.04824434e-03 -6.97007134e-02 4.77206709e-05 8.51152497e-05 4.86960946e-05
9.25312011e+01 6.58106619e-02 3.64489750e-03 -7.27260447e-02 1.74083838e-04 4.46798103e-04 1.99548094e-04
9.52269277e+01 6.43117688e-02 7.00643641e-03 -7.28180009e-02 9.48949902e-05 6.74307348e-05 6.60471766e-05
9.79274839e+01 5.60336211e-02 3.68224942e-03 -7.84630399e-02 1.28430912e-04 9.49290167e-05 2.16590307e-04
1.00616303e+02 4.71700890e-02 -2.21411785e-03 -7.54415175e-02 5.90529515e-05 2.59658789e-04 2.34951464e-05
1.03317881e+02 4.17834654e-02 9.24277806e-03 -6.04935332e-02 1.25146613e-04 3.21094592e-04 2.42960153e-04
1.06012990e+02 6.02831577e-02 1.03759934e-02 -5.62617005e-02 2.30850826e-04 2.12528534e-04 8.62741325e-05
1.08709053e+02 6.80801839e-02 7.74701115e-03 -5.59695878e-02 1.72367368e-05 2.16628858e-04 6.69303588e-05
1.11417693e+02 6.71018999e-02 7.97675406e-03 -5.30074066e-02 4.14352203e-05 2.82341077e-04 6.10465174e-05
1.14113037e+02 6.39119152e-02 7.88105937e-03 -6.12410432e-02 1.16454942e-04 4.42104438e-04 4.12181518e-05
1.16821928e+02 6.33555378e-02 1.13669299e-02 -6.40886697e-02 3.40779372e-05 1.08290300e-04 1.44839787e-04
1.19526365e+02 5.52056202e-02 8.99221631e-03 -6.90712230e-02 1.59519472e-04 2.27015551e-04 1.36722227e-04
1.22223178e+02 6.15356161e-02 1.19629892e-02 -6.67867739e-02 1.64147078e-04 5.21604546e-04 6.59875720e-05
1.24924834e+02 6.51579548e-02 1.47488007e-02 -6.47290771e-02 1.74682300e-04 4.25394694e-04 4.01572299e-05
1.27628756e+02 6.67409617e-02 1.78564550e-02 -5.66105952e-02 1.35652193e-04 2.96121832e-04 4.55340050e-05
1.30324475e+02 7.12473816e-02 1.38167666e-02 -5.32235113e-02 5.87914471e-05 5.46781548e-04 4.14389524e-04
1.33016225e+02 7.25177012e-02 8.17926767e-03 -4.59280209e-02 1.30120033e-04 4.72388446e-04 1.41969868e-04
1.35717381e+02 7.25924647e-02 1.05191301e-02 -3.43910800e-02 1.19097345e-04 3.88377013e-04 9.67198788e-05
1.38397162e+02 7.84827193e-02 1.03929175e-02 -1.97515137e-02 1.45077399e-04 5.30551173e-05 1.08625577e-04
1.41093740e+02 7.78752210e-02 8.47800984e-03 4.51001513e-03 2.58440709e-05 8.74536625e-05 5.15133071e-05
1.43802928e+02 7.12431787e-02 7.44025008e-03 2.24528634e-02 5.65240706e-05 9.39261404e-05 1.35363714e-04
1.46501443e+02 6.25653207e-02 1.44226885e-02 4.67202837e-02 2.43995300e-04 1.71615609e-04 9.65230984e-05
1.49200475e+02 7.10006187e-02 1.16580814e-02 5.19982828e-02 1.47457223e-04 2.08698349e-04 8.64777845e-05
1.51894553e+02 7.09272939e-02 1.61653519e-02 4.80721659e-02 2.00585991e-04 1.59890447e-04 9.04305933e-05
1.54591412e+02 6.17729796e-02 1.58991415e-02 4.92131853e-02 9.14392591e-05 3.47692027e-04 1.20888278e-04
1.57272396e+02 5.96954333e-02 6.25284707e-03 5.54123311e-02 1.38556459e-04 4.04766312e-04 3.09940502e-04
1.59977818e+02 5.53109932e-02 4.42456135e-03 6.29083395e-02 1.97609046e-04 4.62371228e-04 2.29214138e-04
1.62659475e+02 6.00235836e-02 3.91870990e-03 6.36260385e-02 1.05236330e-04 4.15347222e-04 8.58529174e-05
1.65357256e+02 6.89351383e-02 3.60359171e-03 5.66653066e-02 1.10308536e-04 3.64226018e-04 5.74606077e-05
1.68070100e+02 6.95902565e-02 7.33035878e-03 5.70228894e-02 1.56703832e-04 2.77807808e-04 7.77369883e-05
1.70775568e+02 6.70175250e-02 8.94234105e-03 5.67036427e-02 1.22212525e-04 2.05655113e-04 1.88811192e-04
1.73474146e+02 5.97629195e-02 5.19337141e-03 5.57051361e-02 2.87859181e-04 2.77597587e-05 1.10437922e-04
1.76180646e+02 5.89448758e-02 7.46653087e-03 6.24467952e-02 6.01336121e-05 1.43039832e-04 1.90323089e-04
1.78881334e+02 5.61096304e-02 9.61485307e-05 6.56110508e-02 7.20579784e-05 2.65185605e-04 1.56499005e-04
1.81592053e+02 6.27272954e-02 5.35637743e-04 6.35893617e-02 5.55407823e-05 3.29087455e-04 7.16809506e-05
1.84287896e+02 6.31443508e-02 1.55678198e-03 6.84763713e-02 1.27594509e-04 2.61197873e-04 3.63112718e-05
1.86982521e+02 7.17687145e-02 1.42458274e-03 5.84674997e-02 9.39210502e-05 5.89871868e-04 2.79436223e-04
1.89683193e+02 6.76128517e-02 7.74642386e-03 6.63192031e-02 1.19516952e-04 2.40350714e-04 2.47888117e-04
1.92384834e+02 5.07124732e-02 1.39334966e-02 6.42646007e-02 1.85723059e-04 2.30032694e-04 6.34023462e-05
1.95084193e+02 5.59182287e-02 3.32927467e-03 6.12895825e-02 4.28649607e-05 1.31488986e-04 6.19241806e-05
1.97793678e+02 6.10784723e-02 8.66022350e-03 5.02843031e-02 1.25783957e-04 1.03399733e-04 1.02108862e-04
2.00492256e+02 5.77346707e-02 2.81005551e-03 5.27008280e-02 1.08926060e-04 2.27601739e-04 9.72595274e-05
2.03192178e+02 4.87702894e-02 3.27144083e-03 5.46680853e-02 1.21863553e-04 9.78661544e-05 1.47198854e-04
2.05884350e+02 5.37933844e-02 -5.21708108e-04 6.50770315e-02 2.08153675e-04 1.15384347e-04 8.79147344e-05
2.08574193e+02 5.77664595e-02 1.39210988e-03 6.85549633e-02 1.57870563e-04 7.60620884e-05 2.66008853e-04
2.11272506e+02 5.08516260e-02 -1.76827696e-03 6.84127181e-02 2.23839196e-04 1.19542165e-04 6.22268494e-05
2.13974350e+02 5.08356501e-02 -1.20955058e-03 6.55251289e-02 1.73067766e-04 1.24509413e-04 9.93216952e-05
2.16675334e+02 6.33721105e-02 -6.81745058e-04 6.50675143e-02 2.34231753e-04 1.93278634e-04 5.98891045e-05
2.19367318e+02 6.57809631e-02 5.83185855e-03 6.42779920e-02 7.43423532e-05 9.84174647e-05 3.71244097e-05
2.22074943e+02 6.23048141e-02 -2.16494496e-04 6.18316723e-02 1.21388873e-04 2.18390805e-04 1.09678983e-04
2.24777818e+02 5.66184864e-02 -3.27719438e-03 6.35179623e-02 1.91588099e-04 8.09486998e-05 4.75782954e-05
2.27483521e+02 6.24817039e-02 -5.94759119e-03 6.73877787e-02 7.08380198e-05 2.71864385e-04 5.65786279e-05
2.30171428e+02 5.82625912e-02 9.20005361e-04 7.12417619e-02 1.06812410e-04 2.28751022e-04 1.09416156e-04
2.32874959e+02 6.72003037e-02 -3.89674984e-03 6.43487382e-02 1.42965332e-04 5.73413527e-04 1.07335423e-04
2.35584475e+02 7.35322024e-02 -6.96682127e-03 7.17879381e-02 1.85883346e-04 5.30416017e-04 6.38911042e-05
2.38286334e+02 7.19054602e-02 -3.56770727e-03 6.68442676e-02 1.51381289e-05 2.96258515e-04 9.60538841e-05
2.40994725e+02 6.12398285e-02 -4.63696105e-03 6.46978531e-02 8.64421160e-05 2.77888694e-04 1.06742333e-04
2.43690115e+02 6.89239032e-02 -1.73765225e-03 5.12720945e-02 3.43917950e-05 3.12753551e-04 7.10920456e-05
2.46399959e+02 6.04944376e-02 -5.78742773e-04 6.24138564e-02 1.53133109e-04 1.86311028e-04 5.34548003e-05
2.49095787e+02 5.29706916e-02 -1.07292915e-02 6.03542651e-02 6.61725437e-05 5.36990488e-04 9.42064663e-05
2.51806396e+02 5.69504774e-02 -1.35258194e-02 6.40744513e-02 1.47549507e-04 2.41011892e-04 1.40466239e-04
2.54512037e+02 5.49247507e-02 -1.63751041e-02 7.58165214e-02 2.16256539e-04 3.40503510e-04 1.52932793e-04
2.57211381e+02 5.43454561e-02 -9.90874199e-03 6.76243046e-02 2.07441923e-04 2.84937489e-04 9.31472263e-05
2.59895646e+02 5.83255131e-02 -2.15489795e-03 6.02379499e-02 3.35934408e-05 2.41213446e-04 6.76108974e-05
2.62600834e+02 6.07039406e-02 -4.15996602e-03 6.54922354e-02 1.42733886e-04 1.09555176e-04 1.68331422e-04
2.65307443e+02 6.80803772e-02 7.44896847e-04 6.41541717e-02 7.72319157e-05 4.74459427e-04 1.32756829e-04
2.68028853e+02 6.16517261e-02 6.28249421e-03 7.37867772e-02 5.70002683e-05 1.16480380e-04 8.66915050e-05
