6.56782376e-01 5.85565848e-02 3.82889955e-03 6.96423250e-02 2.45561310e-04 1.05246862e-04 4.55556172e-05
3.36552383e+00 6.48833272e-02 4.66788365e-03 6.79638542e-02 1.02323032e-04 7.59648598e-05 8.80190907e-05
6.06583446e+00 6.78724021e-02 6.83576603e-03 6.67924776e-02 7.05413906e-05 5.04120145e-05 2.63509204e-04
8.77191758e+00 7.71354902e-02 1.03705871e-02 5.23476037e-02 1.36815736e-04 2.60179607e-04 7.71037179e-05
1.14952852e+01 7.75772481e-02 8.14979090e-03 2.96347771e-02 4.13896459e-05 2.50155112e-05 2.89915219e-05
1.41955352e+01 8.10998232e-02 8.06405901e-03 9.04454565e-03 8.03942109e-05 9.39390582e-05 1.92803660e-04
1.68847712e+01 8.78820444e-02 5.72578805e-03 -1.84625833e-02 7.97523729e-05 1.55656030e-04 2.46087562e-04
1.95740774e+01 8.46896105e-02 1.58912286e-03 -3.48253373e-02 4.28636034e-05 2.17318525e-04 7.01207368e-05
2.22720634e+01 7.04277866e-02 2.57323660e-03 -4.91641809e-02 1.83505956e-04 1.87013477e-04 4.35766489e-05
2.49828259e+01 6.86602840e-02 9.48558949e-03 -4.91186766e-02 1.02332027e-04 1.77107820e-04 2.92174961e-05
2.76834399e+01 7.50561065e-02 1.21659735e-02 -5.83355094e-02 5.79907305e-05 1.67613094e-04 9.08386693e-05
3.03838962e+01 7.16730777e-02 1.64018172e-02 -5.87878294e-02 2.07845783e-04 1.14692330e-04 6.35306004e-05
3.30838040e+01 7.13389307e-02 1.19126739e-02 -6.26457489e-02 1.76922910e-04 1.19674120e-04 1.53696175e-04
3.57767009e+01 6.95234068e-02 5.31937117e-03 -5.88285486e-02 9.39888737e-05 3.22751541e-04 6.54189505e-05
3.84834165e+01 6.39613405e-02 7.55402583e-03 -5.52362121e-02 4.13012295e-05 2.67576974e-04 1.02119140e-04
4.11926227e+01 6.22903462e-02 1.22045793e-02 -6.84044844e-02 1.45358159e-04 1.17176793e-04 1.28377481e-04
4.38968618e+01 6.27879976e-02 7.79134668e-03 -6.97971639e-02 2.39171671e-04 5.16884176e-04 1.28453040e-04
4.66018399e+01 5.91994531e-02 7.18297761e-03 -6.69138941e-02 3.36751075e-05 2.21276598e-04 7.99165632e-05
4.93015806e+01 6.48215609e-02 5.05494720e-03 -6.26294947e-02 1.77722681e-04 5.14935135e-05 1.39049400e-04
5.19978290e+01 7.26701248e-02 9.46514330e-03 -5.64570584e-02 1.27067712e-04 1.75096796e-04 8.79140697e-05
5.46973274e+01 6.68326889e-02 3.11809100e-03 -5.66211082e-02 5.14637420e-05 1.04376532e-04 1.83441464e-04
5.74062634e+01 6.91730552e-02 3.93287653e-04 -5.80268767e-02 6.13894402e-05 2.67243128e-04 5.62138357e-05
6.01065102e+01 5.50599499e-02 2.50394211e-03 -6.43973436e-02 1.15558988e-04 4.63252886e-04 1.28911185e-04
6.28060321e+01 5.89622729e-02 1.56101272e-03 -6.41352197e-02 8.38469566e-05 3.51921128e-04 6.03197800e-05
6.54896665e+01 6.26853349e-02 -4.59784721e-03 -7.93282445e-02 1.78332293e-04 2.31069895e-04 5.22413654e-05
6.81954337e+01 6.60714263e-02 -6.66558604e-04 -6.93739682e-02 1.30763734e-04 3.28666537e-04 1.17051497e-04
7.08869415e+01 6.31330558e-02 2.93573875e-03 -7.43780486e-02 9.20106595e-05 3.23562018e-04 3.85242603e-05
7.35884649e+01 6.39967790e-02 6.13292561e-03 -6.74664143e-02 2.52583178e-04 1.38746331e-04 5.09943773e-05
7.62923759e+01 6.48946778e-02 7.55583962e-04 -6.66975460e-02 1.98218873e-04 2.07590711e-04 7.47089668e-05
7.89931290e+01 6.40422592e-02 -5.92210413e-03 -5.34278430e-02 7.80878018e-05 2.33777572e-04 2.45230314e-04
8.16905587e+01 6.97656018e-02 -7.74372066e-03 -5.08289794e-02 1.10455888e-04 1.37702921e-04 6.85366231e-05
8.43927477e+01 6.52144696e-02 -3.72608768e-03 -4.90392857e-02 2.73034768e-04 1.51117562e-04 3.44815177e-04
8.70937977e+01 6.12753196e-02 1.43825913e-03 -6.52532211e-02 5.24396173e-04 1.66941434e-04 1.81183722e-04
8.97914477e+01 6.63110138e-02 -2.00802741e-03 -6.78705756e-02 3.69136613e-05 1.20964748e-04 3.84674318e-04
9.24907884e+01 6.09858692e-02 1.92592020e-03 -7.31405199e-02 3.11321134e-04 1.88231501e-04 8.85251276e-05
9.51946602e+01 6.27189575e-02 -1.72816459e-04 -7.09034033e-02 1.11088276e-04 1.71816910e-04 8.82412177e-05
9.79039071e+01 6.02517884e-02 -1.88586230e-04 -6.94942838e-02 1.10476414e-04 6.23655859e-05 9.58824087e-05
1.00603484e+02 4.78272414e-02 -2.27766937e-03 -7.16388118e-02 1.02559644e-04 1.77929705e-04 8.27317824e-05
1.03309687e+02 4.45713076e-02 -6.35840290e-03 -6.60097705e-02 1.26630915e-04 3.15535651e-04 6.77636703e-05
1.06011812e+02 5.51442675e-02 -3.31728474e-03 -6.76563811e-02 7.16961970e-05 6.67223793e-04 1.56142856e-04
1.08716890e+02 6.48743065e-02 -3.29244841e-04 -6.61065089e-02 8.62838087e-05 2.99220081e-04 1.01063712e-04
1.11419499e+02 6.11691197e-02 7.61429737e-03 -6.45778952e-02 1.24067806e-04 6.62849024e-04 1.16461066e-04
1.14119062e+02 6.46789290e-02 -6.29018244e-03 -6.51475392e-02 9.23359526e-05 3.02833392e-04 8.52012613e-05
1.16826046e+02 6.24483074e-02 7.80757138e-03 -6.73013281e-02 8.67327730e-05 4.35063924e-04 1.15859583e-04
1.19520827e+02 7.05234830e-02 3.56556242e-03 -6.46115381e-02 1.48964065e-04 1.84616242e-04 1.12031176e-04
1.22207109e+02 7.37848861e-02 3.97887718e-03 -5.42557488e-02 6.38544932e-05 3.84306165e-04 6.79458998e-05
1.24914859e+02 6.91723767e-02 -7.84670869e-03 -4.86781471e-02 5.11784067e-05 8.46079686e-05 2.04780582e-04
1.27609796e+02 6.00664922e-02 -6.96201441e-03 -5.22955604e-02 7.41465799e-05 1.29599527e-04 1.09553821e-04
1.30311499e+02 6.21941653e-02 -9.58718913e-03 -4.49111376e-02 1.87809424e-04 1.39601737e-04 7.20063813e-05
1.33012312e+02 6.38721756e-02 -6.77565990e-03 -3.49895884e-02 1.69957932e-04 3.39175185e-04 2.54123585e-04
1.35708890e+02 7.04099952e-02 -1.81672294e-02 -3.67935916e-02 5.21560159e-05 5.40043236e-04 1.33144141e-04
1.38407202e+02 6.60574867e-02 -1.48000695e-02 -3.18520179e-02 2.23685611e-05 7.46271897e-04 8.79033995e-05
1.41108218e+02 6.49747577e-02 -1.07546464e-02 -2.60061391e-02 3.03420230e-04 9.93000262e-04 2.70097216e-04
1.43799546e+02 5.97851064e-02 -1.09582917e-02 -1.26202062e-02 1.39316645e-04 4.64301519e-04 1.49392355e-04
1.46501702e+02 7.02758454e-02 -1.12588299e-02 -6.75148989e-03 1.33985239e-04 7.06797063e-04 1.61249506e-04
1.49203406e+02 7.89933503e-02 -8.57234672e-03 1.17680774e-02 2.32765390e-04 6.36065163e-04 2.72348648e-04
1.51899984e+02 7.09692879e-02 -4.45265071e-03 2.64043497e-02 3.20130121e-04 4.64788523e-04 1.15308107e-04
1.54603484e+02 7.38228649e-02 4.40506207e-03 3.94145694e-02 7.92444443e-05 2.93712686e-04 2.03698692e-04
1.57286781e+02 7.65350779e-02 -6.46169037e-03 4.11934344e-02 5.17663248e-05 7.62421408e-05 1.98054723e-04
1.59987515e+02 7.61337588e-02 -8.43017375e-04 4.99601308e-02 4.12060017e-05 8.99887866e-05 1.04752750e-04
1.62676077e+02 6.82061892e-02 -3.84961153e-04 5.83165584e-02 1.31100623e-04 4.49900476e-04 1.03464874e-04
1.65375468e+02 6.42025218e-02 -5.64739294e-04 6.90954778e-02 8.13655425e-05 2.40060832e-04 4.48733702e-05
1.68086921e+02 5.19431694e-02 -4.71688543e-03 6.86246177e-02 2.10663382e-04 2.72326911e-04 1.66587771e-04
1.70779812e+02 5.24104461e-02 -2.05738117e-03 6.66141428e-02 2.21123107e-04 4.38277829e-04 3.37430418e-05
1.73480046e+02 6.17217227e-02 -1.98277774e-03 5.93862067e-02 9.27513023e-05 2.56901410e-04 1.08376201e-04
1.76181437e+02 6.12064338e-02 5.85743339e-03 6.02795078e-02 6.18060899e-05 5.78898099e-04 1.52168383e-04
1.78870484e+02 5.66863365e-02 -2.66900139e-03 6.01133058e-02 1.08700354e-04 2.90247263e-04 1.57450545e-04
1.81575702e+02 5.73094430e-02 -1.73561655e-03 5.64244825e-02 1.66873100e-04 5.20256753e-04 1.82590606e-05
1.84275452e+02 6.53612357e-02 -4.42173336e-03 6.51859859e-02 2.03180349e-04 3.38260255e-04 1.19310316e-04
1.86981109e+02 6.55438041e-02 6.24861430e-04 7.03203828e-02 7.63958820e-05 2.10671930e-04 1.30008731e-04
1.89677812e+02 5.98437785e-02 7.25474518e-03 6.96743014e-02 3.14845581e-05 1.60403588e-05 2.94584792e-05
1.92366562e+02 6.09011779e-02 4.74530137e-04 6.27633983e-02 7.12262765e-05 4.36607136e-05 1.23246268e-04
1.95061906e+02 5.11162040e-02 -1.74704701e-03 6.30594713e-02 2.38850751e-04 1.61811745e-04 9.89985866e-05
1.97767937e+02 4.60129377e-02 -2.41661005e-03 6.88292471e-02 8.94852273e-05 1.77155628e-04 1.07540181e-04
2.00464968e+02 4.91242271e-02 -6.84600398e-03 6.43110837e-02 1.93862465e-04 1.64132182e-04 6.18668508e-05
2.03175577e+02 5.38070697e-02 -1.84541978e-03 6.82115806e-02 6.16235712e-05 1.16024710e-04 9.10930360e-05
2.05884952e+02 5.71710505e-02 2.63000751e-03 6.89506409e-02 4.76978495e-05 1.78801660e-04 3.76143331e-04
2.08603374e+02 5.07460329e-02 -1.03975095e-03 7.14080039e-02 5.73533076e-05 1.25371390e-04 1.82015194e-04
2.11290218e+02 5.39007565e-02 -1.43064341e-02 7.04628905e-02 1.50228739e-04 2.14487357e-04 4.12069901e-04
2.13994718e+02 6.42413185e-02 -1.86139199e-02 6.67327992e-02 3.50290628e-04 3.17562781e-04 2.25820009e-04
2.16695827e+02 5.70981338e-02 -1.50219331e-02 6.57540502e-02 1.26277921e-04 9.31379486e-05 1.94632842e-04
2.19386827e+02 5.67703306e-02 -1.18753065e-02 6.71126339e-02 1.05816892e-04 2.52814143e-04 1.64714646e-04
2.22091765e+02 6.57956618e-02 -7.03112841e-03 6.35597795e-02 1.72044192e-04 1.94624803e-04 3.74673711e-05
2.24798218e+02 6.23500091e-02 3.88904514e-03 7.12319808e-02 7.56853722e-05 8.92311984e-05 9.05824293e-05
2.27495515e+02 6.29146627e-02 -1.31624663e-03 6.27383012e-02 7.43759100e-05 4.98255447e-05 6.38289761e-05
2.30186312e+02 6.56033405e-02 7.46117974e-03 5.74642945e-02 5.96872680e-05 8.12994767e-05 8.71921627e-05
2.32879062e+02 7.06068425e-02 1.02541638e-02 5.05350242e-02 3.44096378e-05 4.93229830e-04 4.30162593e-05
2.35577734e+02 8.15578210e-02 4.76478343e-03 5.49179462e-02 3.67152485e-05 2.76959091e-04 8.23332720e-05
2.38266827e+02 7.76186767e-02 2.22947649e-04 6.48746826e-02 1.18295338e-04 5.58600783e-04 3.27947609e-05
2.40989812e+02 6.03842143e-02 -3.82373821e-03 6.75999414e-02 5.69820564e-05 3.69510055e-04 1.18057551e-04
2.43677406e+02 6.17738348e-02 -8.26640756e-03 6.45528848e-02 3.08380937e-05 2.46597031e-04 1.00484837e-04
2.46376484e+02 5.87279679e-02 -1.01694182e-02 6.97118866e-02 2.34797473e-05 1.99813954e-04 7.10297478e-05
2.49071609e+02 6.95111642e-02 -3.95840713e-03 6.30386268e-02 1.25296581e-04 2.37900985e-04 1.85270773e-04
2.51784124e+02 7.39917232e-02 -7.22290376e-03 6.29493643e-02 4.12023057e-05 1.79019531e-04 1.11188588e-04
2.54479796e+02 6.73834237e-02 -6.88865882e-03 6.14247405e-02 2.18273299e-04 1.66327456e-04 6.47736393e-05
2.57180734e+02 6.65930560e-02 -9.01618811e-03 5.82358235e-02 6.71593880e-05 2.39244131e-04 9.53736275e-05
2.59879406e+02 6.87773077e-02 -5.85581211e-03 6.22528215e-02 6.63915745e-05 6.24695461e-04 7.06865211e-05
2.62588499e+02 6.69675889e-02 -6.68072467e-03 6.69469206e-02 1.09809669e-04 1.54374943e-04 7.17180026e-05
2.65287374e+02 7.01981055e-02 -4.33209221e-04 6.07216300e-02 2.30809945e-04 1.16962808e-04 1.73409277e-04
2.67986896e+02 6.75455972e-02 1.77402903e-03 5.90434003e-02 1.30363459e-04 4.83801961e-05 1.92826981e-04
