6.75188054e-01 7.76568754e-02 2.91273338e-03 4.41538175e-02 1.90667425e-04 6.67825299e-05 1.18848926e-04
3.37774482e+00 6.85347524e-02 5.01093839e-03 4.02859124e-02 1.40028552e-04 2.67781254e-04 1.32921905e-04
6.06169623e+00 8.27147201e-02 9.43533737e-03 2.54141180e-02 2.24251479e-04 1.74896648e-04 2.62811772e-04
8.76291248e+00 8.47203556e-02 9.68789156e-03 3.37198016e-03 2.65760412e-05 1.39465264e-04 3.29134705e-04
1.14679458e+01 7.94046212e-02 5.08303256e-03 -1.14744315e-02 1.93739077e-04 5.95917743e-04 8.58749173e-05
1.41590176e+01 8.42971131e-02 5.69461706e-03 -3.72409612e-02 8.20183016e-05 4.68087855e-04 4.21052143e-05
1.68595879e+01 7.65398837e-02 1.31954384e-02 -4.93904054e-02 1.51968595e-04 1.98128658e-04 2.37450731e-04
1.95520301e+01 7.10204379e-02 1.66535841e-02 -5.74635241e-02 1.05841608e-04 1.85902915e-04 1.77570000e-04
2.22426004e+01 7.05931244e-02 1.21723261e-02 -6.50093454e-02 1.06695688e-04 2.04803595e-04 1.53348613e-04
2.49420958e+01 6.45467779e-02 9.23757732e-03 -6.40155639e-02 2.05735630e-04 1.98180153e-04 3.84200615e-05
2.76659692e+01 6.19208832e-02 3.72385757e-03 -5.29863599e-02 1.06631837e-04 3.76027697e-04 8.39472087e-05
3.03657551e+01 6.58123378e-02 4.74583466e-03 -5.94730307e-02 3.59893474e-05 3.00890392e-04 5.44481652e-05
3.30749473e+01 7.16789963e-02 -2.12099893e-03 -5.78336228e-02 5.02641344e-05 1.70700299e-04 5.48918507e-05
3.57769348e+01 6.58902520e-02 -2.59307991e-03 -5.34175036e-02 8.16337490e-05 2.12046790e-04 8.54569863e-05
3.84742223e+01 5.84845251e-02 3.83502455e-03 -5.41231198e-02 1.51964449e-04 8.92997270e-05 8.55321543e-05
4.11843942e+01 5.12936189e-02 -4.68396585e-04 -6.57487409e-02 1.23324066e-04 2.65954972e-04 7.30061878e-05
4.38768551e+01 5.89300236e-02 -6.08995865e-04 -6.58730958e-02 2.04831877e-04 1.76738961e-04 1.83732516e-04
4.65753754e+01 6.05803987e-02 -6.31582514e-03 -6.65747260e-02 1.75876540e-04 4.92834642e-05 5.18423348e-05
4.92782114e+01 5.81985628e-02 -3.42308988e-03 -6.12786507e-02 1.55498337e-04 2.82885965e-04 1.18731182e-04
5.19827176e+01 6.56168738e-02 -1.03546389e-02 -6.69975266e-02 1.16108457e-04 1.15593435e-04 1.01681426e-04
5.46878879e+01 5.78673995e-02 -9.78736119e-03 -7.63991161e-02 2.03827582e-04 2.41189838e-04 1.93313589e-05
5.73884239e+01 5.53070912e-02 -1.33087799e-02 -7.03428293e-02 3.82625216e-05 3.25932477e-04 6.94585688e-05
6.00982645e+01 4.93232881e-02 -6.86729957e-03 -7.20138601e-02 2.74894792e-04 2.45509768e-04 8.89682086e-05
6.28065708e+01 5.12951193e-02 -3.85281326e-03 -7.13471535e-02 9.20393349e-05 7.02376221e-05 1.96569613e-04
6.55101036e+01 5.33229052e-02 -4.88360251e-03 -6.69002208e-02 1.54149447e-04 2.39887962e-04 8.00511979e-05
6.82102911e+01 4.91978543e-02 -3.09189934e-03 -7.06760690e-02 1.56576571e-04 2.32241887e-04 5.41377135e-05
7.09116208e+01 5.05021611e-02 -3.97556261e-03 -7.41346512e-02 6.77281150e-05 2.33724435e-04 6.38169535e-05
7.36236051e+01 5.81075614e-02 -6.13556050e-03 -7.29473265e-02 7.83289438e-05 3.78844051e-04 6.07331204e-05
7.63260364e+01 6.80517036e-02 -9.23240783e-03 -7.40231769e-02 1.24897664e-04 1.97248723e-04 2.68202050e-04
7.90167411e+01 6.61621721e-02 -8.79971738e-04 -6.41498411e-02 1.73979079e-04 2.23775004e-04 8.88361454e-05
8.17177395e+01 6.41583007e-02 1.27808542e-03 -5.99949503e-02 4.03557391e-05 1.27802517e-04 1.65857415e-04
8.44025645e+01 6.81356112e-02 3.62383130e-03 -6.11399854e-02 3.75148225e-04 1.80378073e-04 9.53237677e-05
8.70922801e+01 6.31227135e-02 1.82643270e-03 -6.52532092e-02 1.20053728e-04 1.79903603e-04 1.67943444e-04
8.97955489e+01 5.34769977e-02 -2.08924359e-04 -6.74805286e-02 4.10393770e-04 1.52034310e-04 1.30386396e-04
9.24945176e+01 4.65341169e-02 -5.25904563e-03 -7.01775489e-02 1.23825327e-04 1.58476255e-04 1.15487829e-04
9.51978364e+01 5.24234573e-02 4.10099289e-03 -8.17696944e-02 1.61555808e-04 2.72467656e-05 1.09373338e-04
9.78973473e+01 5.48692638e-02 -1.06999814e-03 -7.31247189e-02 1.07468404e-04 1.53288250e-04 7.69564793e-05
1.00589766e+02 5.94778275e-02 2.51784027e-03 -6.95064324e-02 1.59023713e-04 2.45824678e-04 8.98597964e-05
1.03283875e+02 7.33019062e-02 -8.97938188e-03 -6.98857476e-02 2.11300178e-05 2.57179363e-04 1.93054894e-04
1.05973282e+02 6.90674867e-02 -4.56023221e-04 -6.44544956e-02 4.30409487e-05 3.94776168e-04 1.37337962e-04
1.08666469e+02 6.23086030e-02 -3.29174377e-03 -5.89793141e-02 1.94065920e-04 1.44347292e-04 7.51904308e-05
1.11381235e+02 5.94630537e-02 -1.25209029e-03 -6.55884404e-02 7.29582793e-05 2.01575714e-04 1.33019596e-04
1.14078250e+02 6.63312530e-02 -1.00243339e-03 -5.21615727e-02 8.99521639e-05 4.97647614e-04 4.48177589e-05
1.16777735e+02 6.75577482e-02 -4.51310349e-03 -4.63847462e-02 1.03254980e-04 3.53172898e-04 1.08157415e-04
1.19479829e+02 6.04431437e-02 6.93861204e-03 -5.99841286e-02 8.19141019e-05 2.87794009e-04 1.90722183e-04
1.22175188e+02 5.01007852e-02 5.41864730e-03 -6.40566362e-02 1.85192604e-04 2.59887181e-04 1.42990314e-04
1.24890797e+02 5.90577820e-02 1.28656241e-03 -6.54469155e-02 1.22499578e-04 2.62926721e-04 8.27390880e-05
1.27591969e+02 6.35326902e-02 7.33041624e-03 -6.22894653e-02 1.17386951e-04 1.55446988e-04 1.85127094e-04
1.30295313e+02 6.85832621e-02 7.79847717e-03 -6.75254243e-02 3.28192525e-05 3.37104724e-04 8.23919879e-05
1.33001563e+02 5.79798850e-02 1.26134776e-02 -6.59726834e-02 3.84628286e-05 1.32770955e-04 1.25422677e-04
1.35692704e+02 6.04175100e-02 6.02861760e-03 -6.49945643e-02 5.90465702e-05 3.54305677e-04 1.29627437e-04
1.38407532e+02 6.98638089e-02 1.32660186e-02 -5.84103435e-02 3.29787231e-05 4.13121298e-04 9.29862575e-05
1.41097094e+02 6.25025100e-02 1.28686183e-02 -3.86619529e-02 3.92260169e-05 3.55564320e-04 9.63585060e-05
1.43803250e+02 6.74765130e-02 1.78991552e-02 -2.51380601e-02 3.03979044e-04 5.10892369e-04 2.45858592e-04
1.46510610e+02 7.50239857e-02 1.67270935e-02 -4.15540997e-03 2.25430783e-04 4.44404916e-04 3.96488736e-04
1.49199329e+02 8.40732163e-02 1.22285149e-02 1.67453225e-02 5.15521948e-04 3.05529629e-04 1.42175510e-04
1.51902797e+02 8.02404659e-02 1.26640935e-02 3.40668405e-02 1.17693421e-04 4.75478053e-04 9.66855625e-05
1.54601110e+02 8.01000638e-02 1.37647230e-02 3.31747637e-02 1.08501331e-04 2.97039081e-04 7.75259867e-05
1.57291860e+02 6.84228085e-02 1.43179566e-02 3.27805916e-02 6.70511709e-05 2.56504200e-04 1.59731437e-04
1.59998860e+02 6.11662432e-02 6.12531013e-03 4.61946219e-02 1.20342388e-04 1.41025627e-04 2.35282220e-04
1.62696594e+02 6.01287816e-02 6.05163880e-03 5.38952622e-02 2.14331976e-04 3.51345430e-04 8.36202846e-05
1.65404969e+02 6.16716248e-02 7.22836798e-03 5.87456391e-02 1.30125421e-04 1.02765884e-04 1.76994624e-04
1.68106469e+02 5.93491130e-02 4.76808263e-03 6.87138964e-02 2.93603366e-04 4.02037845e-04 1.43084819e-04
1.70808032e+02 4.86302842e-02 2.16987927e-03 7.01762018e-02 1.44915539e-04 1.29635716e-04 1.18539578e-04
1.73523969e+02 5.23218657e-02 -1.65629080e-03 7.17081190e-02 1.14880027e-04 6.32781364e-04 1.54376100e-04
1.76204188e+02 6.10027156e-02 -4.43523643e-03 6.87046408e-02 1.22044500e-04 1.35463680e-04 8.00428642e-05
1.78908282e+02 6.46355517e-02 2.15778197e-04 6.86617922e-02 1.36778376e-04 2.95207209e-04 1.45942337e-04
1.81620922e+02 6.35733517e-02 -7.86901780e-03 5.90659230e-02 1.37439861e-04 2.11125072e-04 4.80484113e-05
1.84320516e+02 6.77539716e-02 -1.59982576e-03 6.46196130e-02 8.57481554e-05 1.44829284e-04 3.79932945e-05
1.87016063e+02 5.65821064e-02 -3.44934243e-03 7.37251241e-02 6.62101232e-05 1.34068602e-04 7.97384904e-05
1.89716813e+02 5.31461518e-02 1.18950592e-03 6.75794601e-02 9.51912310e-05 5.19544629e-05 1.47486796e-04
1.92415719e+02 6.37635615e-02 -1.70273507e-02 6.58262313e-02 9.10590248e-06 1.84462135e-04 5.07442809e-05
1.95091344e+02 7.07901434e-02 -8.66579846e-03 6.53918379e-02 6.46474930e-05 3.37227021e-05 1.05852013e-04
1.97785891e+02 6.97078361e-02 -2.21131469e-03 6.61708728e-02 1.24103047e-04 3.05672920e-04 9.21572701e-05
2.00489391e+02 7.38204926e-02 5.58971645e-04 7.37540564e-02 1.55058215e-04 5.77431810e-05 1.28251873e-04
2.03199454e+02 6.76740641e-02 1.93667826e-03 7.97915199e-02 7.82863489e-05 1.09441848e-04 1.56502432e-04
2.05891797e+02 6.47471439e-02 6.58954535e-03 6.96475252e-02 2.67460657e-04 1.18277908e-04 2.22653942e-04
2.08595782e+02 6.51258396e-02 1.05916357e-02 7.07889549e-02 4.62899697e-05 1.75194968e-04 6.25899187e-05
2.11291000e+02 6.93102761e-02 -6.00030887e-03 6.42626542e-02 1.18504991e-04 4.91024442e-04 6.52277855e-05
2.13987516e+02 6.95670904e-02 1.82346510e-03 6.79299698e-02 9.06981867e-05 1.45445599e-04 1.23351481e-04
2.16683141e+02 5.85373671e-02 -6.25816110e-03 7.04484701e-02 1.15125781e-04 2.49147354e-04 1.07793508e-04
2.19373594e+02 5.64367713e-02 -6.45851528e-04 7.55446693e-02 1.19394769e-04 1.35063833e-04 1.08105062e-04
2.22081688e+02 5.41010759e-02 -8.11907837e-03 7.93782621e-02 1.91392477e-04 1.93421350e-04 7.55798868e-05
2.24771313e+02 6.23853364e-02 2.89409146e-04 7.44418703e-02 1.61601922e-04 2.72047911e-04 1.58572657e-04
2.27476610e+02 6.59177710e-02 9.90004984e-03 7.07589055e-02 1.67940692e-04 2.23107164e-04 1.30953737e-05
2.30185297e+02 6.27333169e-02 1.54356705e-02 6.45794678e-02 7.72494774e-05 1.83927603e-04 7.17520117e-05
2.32885422e+02 6.06198673e-02 1.36576658e-02 5.67195535e-02 1.10926669e-04 4.24724597e-05 1.56635739e-04
2.35604188e+02 6.21729919e-02 7.50800004e-03 6.42600258e-02 5.68182184e-05 1.04030838e-04 1.18462461e-04
2.38305469e+02 5.65833109e-02 1.00707359e-03 6.72455991e-02 4.44880483e-05 1.94402013e-04 1.42823105e-04
2.41000782e+02 6.08621741e-02 6.87898884e-03 6.93171644e-02 7.07571128e-05 2.10175960e-04 8.08217853e-05
2.43708750e+02 5.73976004e-02 6.21855085e-03 6.45935236e-02 1.58635513e-04 2.07204577e-04 3.99023697e-05
2.46425500e+02 5.70081105e-02 2.80458447e-03 6.06645967e-02 5.57861149e-05 3.23718808e-04 6.27578492e-05
2.49128329e+02 5.40499783e-02 2.00368419e-02 6.31360620e-02 6.45761531e-05 2.60573563e-04 2.08833000e-04
2.51818907e+02 6.36939490e-02 1.30050481e-02 5.29630831e-02 5.36667500e-05 1.65831414e-04 1.26566112e-04
2.54515219e+02 6.16045864e-02 1.25358932e-02 5.88460966e-02 2.14495466e-04 3.81219498e-04 1.71589153e-04
2.57227657e+02 7.09136645e-02 7.41017028e-03 5.99978122e-02 3.97016702e-05 8.79463802e-05 5.89101431e-05
2.59927672e+02 7.29543273e-02 7.71273354e-03 6.17619608e-02 6.80861502e-05 1.99264936e-04 1.11817331e-04
2.62631094e+02 6.69236685e-02 1.12255700e-02 5.03532044e-02 1.34809021e-04 8.08108264e-05 1.23845675e-04
2.65324329e+02 6.47557140e-02 2.93413894e-03 5.18373787e-02 2.32112054e-04 2.36106932e-04 6.89855259e-05
2.68021576e+02 7.27515136e-02 6.91478630e-03 4.62600205e-02 9.89031902e-05 1.48429329e-04 4.34413715e-04
