6.84612552e-01 6.18065117e-02 2.17607305e-03 4.44269162e-02 2.10975456e-04 9.38653513e-05 1.47158314e-04
3.39225973e+00 7.00299018e-02 5.00499368e-03 2.89014927e-02 1.18082454e-04 9.38336091e-05 6.05471965e-05
6.07911520e+00 7.55168845e-02 2.11519947e-03 1.73242592e-02 4.05679810e-05 1.22496221e-04 2.06901847e-05
8.78033863e+00 7.77002710e-02 -4.21797073e-03 -2.61498967e-03 7.06115194e-05 4.11579834e-04 2.27836637e-04
1.14839246e+01 7.34319556e-02 -4.72242657e-03 -2.89961383e-02 1.52406066e-04 4.53716498e-04 9.20179539e-05
1.41690824e+01 7.24085501e-02 -7.01473111e-03 -4.10911934e-02 1.20769694e-04 3.33967678e-04 8.42798011e-05
1.68792136e+01 6.65058751e-02 -3.28925878e-03 -4.84342035e-02 6.35848468e-05 2.51312506e-04 2.77052566e-04
1.95733371e+01 6.90176069e-02 -5.67025709e-03 -4.61606842e-02 3.01809828e-04 2.18569321e-04 2.76876650e-04
2.22615355e+01 7.16474347e-02 6.87241651e-05 -6.31380419e-02 1.52998761e-04 3.26938712e-04 1.06580670e-04
2.49722386e+01 6.52243271e-02 -3.20143570e-03 -6.57712509e-02 9.45056739e-05 2.37337088e-04 1.77965356e-04
2.76707433e+01 6.49478089e-02 -5.21613990e-03 -6.08508686e-02 1.32436462e-04 1.02180354e-04 7.29459090e-05
3.03704215e+01 6.00281110e-02 -4.34187408e-03 -5.96957477e-02 1.11642609e-04 1.25703439e-04 1.42020263e-04
3.30626480e+01 5.79403178e-02 -1.19195465e-02 -6.98062966e-02 2.60280537e-05 2.22625676e-04 5.51403734e-05
3.57623558e+01 5.55067447e-02 -3.80854714e-03 -6.65031392e-02 4.91246196e-05 3.59670333e-04 6.03024767e-05
3.84553355e+01 6.33779871e-02 -3.95933093e-03 -7.55940413e-02 7.85818846e-05 5.45232052e-04 1.01330918e-04
4.11537839e+01 5.35387881e-02 -7.69929206e-04 -7.36449200e-02 2.80429704e-05 5.12946885e-04 7.59097231e-05
4.38633027e+01 5.55496327e-02 5.53602988e-03 -7.10865516e-02 8.93550222e-05 1.60775653e-04 6.56898610e-05
4.65666590e+01 5.59217413e-02 3.52432282e-03 -6.62659603e-02 8.49492162e-05 3.34201404e-05 5.67175061e-05
4.92723980e+01 6.52768199e-02 4.56865014e-03 -5.87628043e-02 1.42925409e-04 7.82747190e-05 2.16471521e-04
5.19665777e+01 6.94244802e-02 4.63051913e-03 -6.00502235e-02 7.27595123e-05 1.53882718e-04 1.85011933e-04
5.46660261e+01 6.22623785e-02 9.50880848e-03 -6.46468749e-02 9.97299820e-05 2.58223572e-04 1.70116228e-04
5.73749183e+01 6.39828734e-02 1.06348093e-02 -6.49101946e-02 1.23699185e-04 9.38954448e-05 4.48450863e-05
6.00832308e+01 6.76955457e-02 1.64448535e-02 -5.81105510e-02 1.16724405e-04 1.42045799e-04 1.39130974e-04
6.27865746e+01 6.43202000e-02 9.40428225e-03 -5.83952470e-02 8.25953216e-05 7.50876152e-05 1.32397326e-04
6.54791215e+01 6.36841703e-02 8.90802827e-03 -5.26625107e-02 5.32840404e-05 1.29849126e-04 6.77223727e-05
6.81688230e+01 6.58571342e-02 3.06216973e-03 -5.43355601e-02 1.65159630e-04 2.07385480e-04 9.78970612e-05
7.08683527e+01 6.71746743e-02 1.03247654e-04 -6.61109805e-02 1.01669025e-04 1.97170535e-04 3.32005124e-05
7.35703746e+01 6.02345012e-02 -5.90598940e-03 -5.95918280e-02 1.26534835e-04 2.87328909e-04 8.75520878e-05
7.62738136e+01 6.62278639e-02 -5.57328826e-03 -6.00978606e-02 1.71759132e-04 3.07546947e-04 6.44205035e-05
7.89745543e+01 6.69851498e-02 -9.87031133e-03 -5.76132409e-02 1.99710933e-04 4.16514912e-04 1.55984810e-04
8.16904652e+01 7.19893006e-02 -4.89943965e-03 -5.55113967e-02 1.78182763e-04 1.02300292e-04 7.40275283e-05
8.43886136e+01 7.01320415e-02 -8.71655914e-03 -6.16333989e-02 8.11214186e-05 8.40610015e-05 4.50232575e-05
8.70954777e+01 5.83926516e-02 -9.39443241e-03 -5.70318121e-02 1.00120860e-04 1.85345384e-04 5.61552321e-05
8.97913793e+01 6.33347825e-02 -3.26505508e-03 -6.26808594e-02 1.11787449e-04 1.44710099e-04 3.95019606e-05
9.24890855e+01 5.70888917e-02 -3.13726721e-04 -6.10845880e-02 6.41248438e-05 1.28757779e-04 5.25244452e-05
9.51799839e+01 6.15906891e-02 6.46172689e-03 -7.37604925e-02 4.87384025e-05 1.20801573e-04 9.88687470e-05
9.78803043e+01 6.32292124e-02 3.02216319e-04 -5.95253862e-02 4.60642187e-05 2.23842473e-04 9.52901503e-05
1.00583300e+02 6.40938739e-02 6.56324695e-03 -5.71577723e-02 1.79301921e-04 3.02380049e-04 4.41310208e-05
1.03276096e+02 5.94050527e-02 1.48388554e-03 -5.34973599e-02 6.39582565e-05 4.35410923e-04 1.14225372e-04
1.05980925e+02 6.05706852e-02 -6.16839848e-03 -5.50382585e-02 9.14912059e-05 4.71989056e-04 5.79033694e-05
1.08675971e+02 7.01832789e-02 -2.32653816e-03 -5.36071677e-02 1.40139323e-04 1.44717338e-04 3.62464319e-05
1.11380565e+02 7.17126911e-02 -4.24829938e-03 -6.36663938e-02 6.20166459e-05 1.11813326e-04 9.54275105e-05
1.14081128e+02 6.02625834e-02 5.13044504e-03 -6.11973095e-02 1.04170253e-04 9.60981993e-05 4.36837309e-05
1.16777846e+02 5.36934741e-02 3.38433440e-03 -6.91924423e-02 1.45809720e-04 1.39178572e-04 1.62277757e-04
1.19476034e+02 5.59131783e-02 -6.17827345e-03 -7.04205772e-02 8.42921823e-05 3.13835829e-04 6.64572991e-05
1.22178534e+02 5.97629500e-02 -8.70017590e-04 -6.95235044e-02 5.03287218e-05 9.85414584e-05 7.68885589e-05
1.24872487e+02 6.15029883e-02 6.01863415e-05 -6.61381615e-02 1.32888622e-04 2.59375267e-04 8.62286045e-05
1.27567518e+02 5.70020523e-02 5.70661798e-03 -7.11366893e-02 9.22301410e-05 2.03254453e-04 6.19144835e-05
1.30269159e+02 7.16578453e-02 -1.41185651e-03 -6.60978524e-02 8.99262208e-05 7.20262563e-05 3.58839796e-04
1.32967081e+02 7.43421065e-02 1.91009596e-03 -5.98165896e-02 1.02646942e-04 2.60447373e-04 3.80320490e-05
1.35669737e+02 7.32418694e-02 -6.26658348e-03 -5.46193495e-02 7.99846055e-05 2.77141188e-04 9.38442967e-05
1.38369768e+02 6.41454713e-02 -2.92880190e-03 -6.25607977e-02 1.60918820e-04 2.67699666e-04 1.47343288e-04
1.41073237e+02 6.43178730e-02 -5.69787757e-03 -4.84506330e-02 6.14951993e-05 4.14858679e-04 5.06146127e-05
1.43762221e+02 7.32906109e-02 -3.75163860e-03 -1.98565216e-02 3.71806586e-04 2.13116190e-04 3.60007395e-04
1.46471784e+02 8.62246239e-02 -3.82503624e-03 -4.12209381e-04 2.17275843e-04 1.88053334e-04 2.25981551e-04
1.49177534e+02 8.30025496e-02 -5.61821717e-03 1.26051855e-02 9.92901794e-05 1.91623274e-04 1.85118530e-04
1.51877628e+02 7.48027829e-02 -8.08193291e-03 3.53062198e-02 7.38405932e-05 1.61509266e-04 7.03009255e-05
1.54589393e+02 6.94709657e-02 -3.28941347e-03 5.28340993e-02 3.69235016e-05 1.36091685e-04 8.03819495e-05
1.57283393e+02 5.60023382e-02 3.40847040e-04 6.48240990e-02 7.53370440e-05 1.10719601e-04 1.87055035e-05
1.59995706e+02 6.44093285e-02 7.51466636e-03 6.52584860e-02 3.82827985e-05 1.76242258e-04 1.45905171e-04
1.62694346e+02 6.06616749e-02 -2.20521024e-03 6.29794526e-02 8.84100670e-05 1.10861746e-04 2.42721855e-04
1.65394550e+02 5.81084980e-02 -6.49472033e-03 6.12912191e-02 9.75394094e-05 2.20099284e-04 1.97295938e-04
1.68090659e+02 6.43786157e-02 -3.77696801e-03 6.84463982e-02 1.70623455e-04 1.28821974e-04 9.76490740e-05
1.70777690e+02 7.05333565e-02 1.79168649e-03 5.22998631e-02 8.74193813e-05 2.88573709e-04 8.93982523e-05
1.73486284e+02 6.59370225e-02 6.00787602e-03 4.42970492e-02 1.87418646e-04 1.57901569e-04 1.00595153e-04
1.76181862e+02 7.34719216e-02 6.23168084e-03 4.66071815e-02 7.58249161e-05 8.36553404e-05 6.34547753e-05
1.78876253e+02 7.54690153e-02 3.68269407e-03 5.10272676e-02 1.01322827e-04 1.45742271e-04 4.81748855e-05
1.81573300e+02 6.70921021e-02 2.54166168e-03 5.06921033e-02 8.42193798e-05 1.31038850e-04 3.62237817e-05
1.84281300e+02 5.59465806e-02 -9.89867921e-05 6.15571038e-02 1.11833821e-04 2.54007474e-05 9.19044026e-05
1.86982456e+02 6.17042625e-02 -6.53670146e-03 7.23708992e-02 2.37408821e-04 1.94432799e-04 1.53140340e-04
1.89687878e+02 6.64139632e-02 -1.37865451e-02 6.83187739e-02 9.20933995e-05 9.69136922e-05 8.86280769e-05
1.92390784e+02 6.63898448e-02 -4.92327936e-03 6.44643898e-02 1.27431909e-04 1.28588036e-04 9.06408877e-05
1.95080034e+02 6.60670811e-02 -2.79983864e-03 6.61364665e-02 6.79753260e-05 1.93922794e-04 5.96126053e-05
1.97777815e+02 7.06496090e-02 -8.96436857e-03 5.67855558e-02 2.16350732e-04 2.00252421e-04 1.64098017e-04
2.00473659e+02 6.92346637e-02 -1.27415134e-03 6.24640572e-02 9.73370249e-05 2.08018923e-04 7.18411895e-05
2.03179018e+02 6.94876505e-02 1.08876185e-03 6.07343606e-02 1.01979361e-04 1.45934749e-04 5.86414099e-05
2.05877690e+02 7.23974157e-02 4.65765757e-03 6.06584784e-02 2.75423103e-05 1.98203953e-04 5.94347712e-05
2.08582518e+02 7.06208703e-02 -1.62181329e-03 6.29723590e-02 1.10584185e-04 1.98092797e-04 4.92654780e-05
2.11290534e+02 6.99200756e-02 4.42333054e-03 6.13867294e-02 7.87303718e-05 2.19956556e-04 3.30769217e-04
2.13978378e+02 7.39206787e-02 -2.46458647e-03 7.01603561e-02 5.87540306e-05 2.33341585e-04 1.55262152e-04
2.16687003e+02 6.69846229e-02 -2.93317861e-03 6.56997840e-02 1.54509811e-04 2.45593658e-04 2.26594003e-04
2.19381893e+02 6.57586001e-02 -5.27394835e-03 7.41165216e-02 1.25583426e-04 1.28865361e-04 8.84216916e-05
2.22087346e+02 6.02710855e-02 -2.98342620e-03 6.29366270e-02 1.20171553e-04 3.29569561e-04 3.31732637e-05
2.24779925e+02 5.12842958e-02 -9.45224579e-03 6.47270466e-02 2.50613292e-04 6.31311126e-05 1.38629798e-04
2.27487096e+02 6.16081330e-02 -5.24929323e-03 6.12444161e-02 6.35208874e-05 3.96865510e-05 5.16506259e-05
2.30185706e+02 6.85053965e-02 -9.19157619e-03 6.42056679e-02 8.41751926e-05 5.74339594e-05 1.37176529e-04
2.32886112e+02 7.03980949e-02 -1.11558419e-02 6.79031011e-02 1.37005639e-05 3.07013198e-04 7.03416150e-05
2.35592315e+02 6.58798877e-02 -1.02736931e-02 6.41168202e-02 2.55837866e-05 3.05728511e-04 7.78551846e-05
2.38295456e+02 5.62599129e-02 -2.34492880e-02 5.80314758e-02 2.71630709e-04 3.84330324e-04 1.31193334e-04
2.40983971e+02 5.58369060e-02 -1.76547171e-02 6.15642137e-02 2.15111554e-04 3.94986114e-04 9.79112019e-05
2.43678909e+02 5.45400154e-02 -2.07341118e-02 6.77336688e-02 9.03182411e-05 4.52456822e-04 1.15362474e-04
2.46390893e+02 6.24515604e-02 -9.98562693e-03 6.93250260e-02 5.39580325e-05 3.46672300e-04 6.47225320e-05
2.49080800e+02 5.76776867e-02 -1.38672698e-02 6.97300051e-02 7.67119380e-05 5.92488699e-04 6.57546104e-05
2.51768893e+02 5.61024235e-02 -3.97630806e-04 6.23976010e-02 9.66428071e-05 5.94198675e-04 8.93168211e-05
2.54479659e+02 5.13993527e-02 1.54547240e-03 7.27028415e-02 1.03922210e-04 2.13928971e-04 3.43667706e-05
2.57177378e+02 5.98242163e-02 1.05846824e-03 7.45329327e-02 5.30050312e-05 1.96536434e-04 5.92640299e-05
2.59878206e+02 6.30804900e-02 3.49530110e-03 6.43699523e-02 3.15946493e-05 1.32244175e-04 9.61560730e-05
2.62580503e+02 6.21601066e-02 -9.23341689e-03 5.47395313e-02 1.08854849e-04 1.47497098e-04 4.64290571e-05
2.65285221e+02 6.13732575e-02 -8.95415694e-03 5.42599945e-02 3.40961538e-05 1.28895395e-04 6.43881539e-05
2.67986165e+02 5.62635528e-02 -5.23439044e-03 5.88388642e-02 5.74641378e-05 9.92144748e-05 1.01647190e-04
