6.94085698e-01 7.32254396e-02 3.27665146e-03 4.21052906e-02 5.59642204e-05 1.31442857e-04 1.19307232e-04
3.39247348e+00 7.32891455e-02 1.68144383e-03 2.86431323e-02 9.98093906e-05 3.37739392e-04 1.11518669e-04
6.09699082e+00 7.92316699e-02 3.08066516e-03 1.00960368e-02 1.47882260e-04 2.84959862e-04 4.01502936e-05
8.79574895e+00 8.31946535e-02 6.68893744e-04 -5.11822257e-03 1.25689725e-04 5.67814071e-04 1.92292085e-04
1.14851505e+01 8.22203883e-02 5.60153743e-04 -8.91254049e-03 1.02860853e-04 1.78325149e-04 1.77872238e-04
1.41812005e+01 7.55322969e-02 -2.58746173e-04 -2.00536572e-02 2.33968360e-04 5.58348059e-04 1.19995845e-04
1.68775364e+01 6.84757431e-02 2.66596094e-03 -2.97145441e-02 1.73003997e-04 2.14603737e-04 1.97580058e-04
1.95789505e+01 5.55652602e-02 9.23953525e-03 -5.38142929e-02 1.87079032e-04 3.33380539e-04 1.80218420e-04
2.22720724e+01 5.62607362e-02 -1.00188961e-03 -5.61359189e-02 5.78149019e-05 1.32466108e-04 2.53068990e-04
2.49703646e+01 6.24164059e-02 -9.64761800e-04 -6.14762459e-02 9.63946977e-05 2.23383306e-04 2.06516959e-04
2.76697021e+01 6.18385192e-02 -5.74773023e-03 -6.99745078e-02 1.28603218e-04 1.06306640e-04 6.15960933e-05
3.03615661e+01 5.89870044e-02 -1.27780462e-02 -6.93698847e-02 1.40329771e-04 3.84968110e-04 9.49285921e-05
3.30727677e+01 6.26819404e-02 -4.64280968e-03 -6.44000032e-02 5.53778986e-05 1.88553307e-04 5.68369175e-05
3.57808318e+01 5.93689374e-02 -1.05970430e-02 -6.18032763e-02 5.52652079e-05 1.25360879e-04 1.35954125e-04
3.84746802e+01 5.80513349e-02 -1.96034066e-03 -6.67117933e-02 8.90245510e-05 9.23900431e-05 2.23034233e-05
4.11725693e+01 6.36540349e-02 -2.61605832e-03 -6.83326551e-02 5.37601331e-05 1.18538304e-04 1.58542667e-04
4.38682489e+01 6.66459119e-02 -1.22853768e-03 -7.12555600e-02 1.78428893e-04 5.45126465e-05 2.50387197e-04
4.65637536e+01 6.36069656e-02 -2.09924347e-03 -7.01516331e-02 2.07450130e-04 2.09647094e-04 2.17420009e-04
4.92637552e+01 5.32265461e-02 3.22886140e-04 -7.05888200e-02 5.16689211e-05 4.72021255e-05 2.57475176e-04
5.19622099e+01 5.04883754e-02 -6.49763387e-04 -7.29373942e-02 8.22327252e-05 4.98921242e-05 1.36157748e-04
5.46755208e+01 5.61338435e-02 -2.00457178e-03 -7.07472165e-02 4.79991916e-05 1.91330583e-04 9.30311429e-05
5.73622193e+01 5.57880838e-02 9.23824067e-04 -7.23608259e-02 6.10004659e-05 1.47160005e-04 4.73678157e-05
6.00674240e+01 6.13690634e-02 8.90604643e-03 -5.98888141e-02 4.97438566e-05 1.67444334e-04 2.14402545e-04
6.27662786e+01 6.67933760e-02 1.18511036e-02 -6.23635734e-02 7.82648573e-05 3.45140328e-04 1.23424676e-04
6.54764833e+01 7.15500206e-02 9.13659099e-03 -6.62708030e-02 1.04691732e-04 4.19980313e-04 1.16436341e-04
6.81711427e+01 6.25637033e-02 1.32325646e-02 -6.78027904e-02 1.15882440e-04 1.30820146e-04 5.19690361e-05
7.08721380e+01 6.46475670e-02 5.62597100e-03 -5.76373245e-02 8.79383939e-05 2.74862142e-04 6.07102177e-05
7.35745083e+01 6.74922463e-02 7.32310018e-03 -6.83405021e-02 1.62644325e-04 4.33636791e-05 7.75609335e-05
7.62730161e+01 5.87374801e-02 1.59049284e-03 -6.19041572e-02 9.20319448e-05 1.47752154e-04 1.37845469e-04
7.89822161e+01 6.16596462e-02 6.34346722e-03 -6.43185817e-02 1.86135127e-04 7.33944825e-05 1.01018786e-04
8.16775146e+01 5.71118603e-02 7.88313849e-03 -6.38503762e-02 6.46424636e-05 1.15277987e-04 1.22756087e-04
8.43832755e+01 6.66672145e-02 1.20033051e-02 -6.02348115e-02 2.06683186e-04 1.05967002e-04 8.90455578e-05
8.70788568e+01 7.19401132e-02 1.31010449e-02 -6.72150742e-02 4.48820300e-05 2.99893317e-04 2.84061380e-04
8.97875099e+01 6.02204311e-02 1.30759250e-02 -6.87946909e-02 1.59478187e-04 4.03857393e-04 1.15982163e-04
9.24892052e+01 6.06278331e-02 1.47457190e-02 -7.97960819e-02 6.58748348e-05 1.83911189e-04 1.51656353e-04
9.51981943e+01 6.27639138e-02 4.14954451e-03 -6.50448048e-02 1.20687284e-04 4.73462491e-04 2.09278886e-04
9.78984208e+01 5.76262762e-02 3.77765828e-03 -5.67259614e-02 1.76256870e-04 2.22302483e-04 8.42445398e-05
1.00591844e+02 5.66031299e-02 2.05186621e-04 -5.33620387e-02 8.88874803e-05 1.77651020e-04 1.17481417e-04
1.03286454e+02 5.89785879e-02 -2.49049075e-03 -5.00892633e-02 9.35635388e-05 3.78868257e-04 1.55151453e-04
1.05990688e+02 6.34641973e-02 7.12697878e-03 -5.45605646e-02 2.53857634e-04 6.62041813e-04 2.23673093e-05
1.08687876e+02 6.25609209e-02 2.15125977e-03 -5.66918076e-02 1.34548900e-04 4.06098636e-04 2.15854604e-04
1.11382172e+02 6.22340015e-02 2.74222160e-04 -5.29351376e-02 2.41299199e-04 3.49705174e-04 1.14946158e-04
1.14089813e+02 6.83573830e-02 -6.34692505e-03 -6.15325556e-02 8.85387758e-05 1.83629559e-04 1.27023339e-04
1.16785063e+02 7.24327623e-02 -7.37083564e-03 -5.86612508e-02 9.81506295e-05 1.94987588e-04 7.92599143e-05
1.19487954e+02 6.76117272e-02 6.88886349e-04 -6.61237863e-02 2.86760404e-04 1.48691565e-04 5.44696793e-05
1.22186672e+02 6.40221898e-02 -1.27433885e-03 -6.94633912e-02 5.02498086e-05 1.45962898e-04 1.95854905e-04
1.24888907e+02 6.12531078e-02 4.85935500e-04 -6.71686617e-02 1.72877672e-04 1.16326523e-04 3.96030995e-05
1.27586735e+02 6.57844340e-02 -2.07317754e-03 -6.24660400e-02 4.62207197e-05 8.08195956e-05 6.27050647e-05
1.30283657e+02 6.17888608e-02 1.34693801e-03 -5.63199611e-02 1.49338619e-04 1.18085476e-04 7.14950489e-05
1.32975985e+02 5.88016552e-02 -3.21539320e-03 -6.56638670e-02 9.86212680e-06 3.88986634e-04 1.35976304e-04
1.35670172e+02 6.21783809e-02 -2.19002179e-04 -6.86261101e-02 2.85270771e-04 2.37680137e-04 7.93579522e-05
1.38375032e+02 6.55567478e-02 -8.31248354e-03 -4.85918852e-02 7.94179163e-05 1.61281005e-04 5.48530304e-05
1.41072047e+02 7.10028500e-02 -7.32379207e-03 -3.50440423e-02 6.74156743e-05 9.73585850e-05 1.65168524e-04
1.43791141e+02 7.15064435e-02 -9.17367243e-03 -2.88416275e-02 2.82492718e-04 5.38178109e-04 2.50665561e-04
1.46476547e+02 7.02367013e-02 -1.69577526e-02 -2.56132048e-02 2.67857340e-04 4.35289095e-04 2.60962748e-04
1.49178813e+02 6.89764104e-02 -1.57824980e-02 2.89717446e-03 1.08858265e-04 1.25382012e-04 2.08695627e-04
1.51889079e+02 7.19373454e-02 -1.19828729e-02 2.22358604e-02 5.79531583e-05 1.50657055e-04 1.57139447e-04
1.54585094e+02 6.70278836e-02 -6.58474146e-03 4.75679843e-02 1.04441449e-04 1.17522826e-04 5.37186331e-05
1.57294079e+02 7.09629258e-02 -3.29332432e-03 5.46020176e-02 7.94554487e-05 1.15888463e-04 3.93092843e-05
1.59995641e+02 6.85250033e-02 -4.64013121e-03 6.04269067e-02 1.16579752e-04 1.27427606e-04 2.22146565e-04
1.62698485e+02 6.60734022e-02 -2.81361358e-04 7.11206280e-02 5.66180245e-05 8.28914739e-05 2.25512076e-04
1.65401251e+02 6.85739550e-02 5.31979364e-03 6.75676613e-02 1.11073793e-04 1.75744408e-04 2.00835460e-04
1.68098157e+02 5.68321592e-02 -3.11237492e-03 5.99107178e-02 5.98555304e-05 1.92111646e-04 2.06354766e-04
1.70805657e+02 4.91615008e-02 -4.96906239e-03 5.75960017e-02 9.43032629e-05 5.69532266e-05 1.17422234e-04
1.73496157e+02 6.75076482e-02 -2.76118453e-03 6.06536451e-02 9.81901216e-05 1.46584163e-04 1.54520257e-04
1.76189844e+02 7.05191235e-02 -2.59819428e-04 4.64403526e-02 4.13434569e-05 3.07559371e-04 8.07575450e-05
1.78894813e+02 7.28469028e-02 -6.22085622e-04 5.15920118e-02 9.58822459e-05 2.48048276e-04 2.63749191e-05
1.81593579e+02 7.32993986e-02 -3.69447922e-03 6.36053649e-02 4.81317923e-05 3.68247860e-04 3.57626704e-05
1.84294469e+02 7.38850561e-02 -1.03115104e-02 6.33422468e-02 6.34689794e-05 2.55014402e-04 9.43405853e-05
1.86994282e+02 6.43347864e-02 -1.09612517e-02 6.51377004e-02 1.89385532e-04 2.86246886e-04 1.30434322e-04
1.89697610e+02 6.26224282e-02 -7.54654411e-03 7.17396211e-02 1.02644487e-04 7.58888921e-05 3.19243605e-05
1.92395922e+02 6.49418616e-02 -8.85877204e-03 6.23345731e-02 2.28181695e-04 1.65469535e-04 1.56115520e-05
1.95100266e+02 6.36510904e-02 3.97863107e-03 5.73800269e-02 8.58473942e-05 1.29957674e-04 1.14116458e-04
1.97812204e+02 6.33728841e-02 1.76506750e-02 4.85465412e-02 1.53508965e-04 2.07843977e-04 2.51484485e-04
2.00519360e+02 6.52432492e-02 1.07017087e-02 5.05409982e-02 7.41539274e-05 9.43002304e-05 1.33746332e-04
2.03213954e+02 6.88377125e-02 2.38481680e-03 5.08671706e-02 2.01890806e-04 1.71446907e-04 3.03091315e-05
2.05917688e+02 6.10359865e-02 2.62975484e-03 5.72446853e-02 7.20068330e-05 9.91286211e-05 4.97994532e-05
2.08610782e+02 6.09170787e-02 1.03340565e-02 5.30063935e-02 2.17492188e-05 9.03133788e-05 2.20597895e-04
2.11318376e+02 6.15368427e-02 1.06960097e-04 5.57508991e-02 2.66199373e-04 7.92890445e-05 3.91566680e-04
2.14006547e+02 5.33717831e-02 6.09252112e-03 6.03248480e-02 1.98322307e-04 2.09329251e-04 1.38837178e-04
2.16708126e+02 6.14118524e-02 -3.88364519e-04 5.94297616e-02 1.40962174e-04 4.70035010e-04 1.02011982e-04
2.19406641e+02 5.55131600e-02 1.49141642e-03 5.48619587e-02 1.95820189e-04 5.19925379e-04 7.46919990e-05
2.22105672e+02 5.15476635e-02 -6.98654216e-03 6.83760614e-02 6.83567701e-05 3.10206996e-04 4.93528101e-05
2.24811579e+02 5.47331145e-02 -6.43664543e-03 7.85202789e-02 3.89232225e-05 1.18854217e-04 6.49692536e-05
2.27518172e+02 5.71079910e-02 -1.27295968e-02 7.67868475e-02 2.03199765e-04 1.31203017e-04 3.10905728e-05
2.30222438e+02 6.36721528e-02 -1.40978773e-02 7.32735087e-02 9.64926758e-05 1.10879027e-04 4.59206616e-05
2.32921126e+02 6.47558734e-02 -1.58505856e-02 6.80415524e-02 7.62884131e-05 2.52397713e-04 1.08154305e-04
2.35613110e+02 6.41361048e-02 -2.27006977e-02 6.28095606e-02 2.93805539e-04 5.32889332e-05 1.66233843e-04
2.38324141e+02 5.11022123e-02 -1.14677451e-02 6.65664786e-02 1.46678722e-04 1.20870218e-04 1.50043981e-04
2.40998876e+02 6.21733126e-02 -1.21412706e-02 6.45835289e-02 1.13548238e-04 3.82426015e-04 1.57843431e-04
2.43703672e+02 6.10703852e-02 -1.34966633e-02 6.74396203e-02 9.35194652e-05 3.49557773e-04 7.12151024e-05
2.46387079e+02 6.59573856e-02 -1.21092466e-02 6.66842228e-02 1.08717934e-04 6.35897138e-04 9.80602823e-05
2.49085469e+02 7.01567364e-02 -5.92233483e-03 6.51166739e-02 1.18367107e-04 4.40098671e-04 6.81749187e-05
2.51783782e+02 5.90340745e-02 -7.91168923e-03 6.67333827e-02 1.14252875e-04 4.29586771e-04 2.00962763e-04
2.54487251e+02 6.20858033e-02 -5.30419738e-03 6.22101583e-02 2.86711419e-04 3.87637702e-04 4.16749457e-05
2.57186329e+02 4.81348075e-02 4.68024104e-04 7.02761432e-02 2.80228182e-05 1.90273088e-04 2.23152064e-04
2.59897751e+02 5.46528340e-02 -2.00740746e-03 7.42729009e-02 2.33389206e-04 5.51202998e-05 9.54134299e-05
2.62602672e+02 5.94838460e-02 2.95164215e-03 7.80515852e-02 2.40271449e-04 1.79224120e-04 8.25052642e-05
2.65324516e+02 6.01882465e-02 1.48698038e-03 6.06139765e-02 1.21693441e-04 1.88693303e-04 1.15995153e-04
2.68014952e+02 7.44068611e-02 3.81895353e-03 5.60035859e-02 4.29502888e-05 2.30427786e-04 1.09575717e-04
