6.74014827e-01 8.50032625e-02 2.13374512e-02 3.61922528e-02 3.13267256e-05 2.80148867e-04 1.11786384e-04
3.36539156e+00 9.03986458e-02 1.72589020e-02 1.93383196e-02 1.24038366e-04 1.66753258e-04 1.44864856e-04
6.05779282e+00 9.37729353e-02 1.85135464e-02 1.00620987e-02 4.64765067e-05 1.77560567e-04 5.38987169e-05
8.76280407e+00 8.58983681e-02 1.52673994e-02 -9.41857748e-03 1.69717628e-04 5.42860001e-05 1.35369597e-04
1.14697017e+01 7.03548511e-02 2.79292167e-02 -3.63931987e-02 5.20233626e-05 1.20470058e-04 1.57579138e-04
1.41758673e+01 7.11301958e-02 2.33712575e-02 -4.89082236e-02 9.11256591e-05 1.00512432e-04 5.68863408e-05
1.68735423e+01 6.59567391e-02 1.82515494e-02 -5.28810403e-02 1.26063639e-04 3.58092909e-05 7.09583907e-05
1.95862470e+01 6.38588757e-02 1.73946642e-02 -6.14513306e-02 2.50431248e-04 1.47653167e-04 1.07171258e-04
2.22838330e+01 6.10401058e-02 6.93596605e-03 -5.50227082e-02 6.80472630e-05 2.25405354e-04 1.89303905e-04
2.49898424e+01 6.26385038e-02 6.56978913e-03 -6.37328865e-02 2.37994019e-04 2.33192816e-04 2.81956314e-04
2.76837658e+01 6.18929292e-02 8.88724474e-04 -5.81299507e-02 6.90485696e-05 3.77500194e-04 1.74449481e-04
3.03818658e+01 5.81160560e-02 1.45812977e-03 -5.94358640e-02 1.10395164e-04 5.06408521e-04 1.42268690e-05
3.30755439e+01 6.38000431e-02 -1.03549441e-04 -4.97847236e-02 5.05263594e-05 5.55432618e-04 1.64836527e-04
3.57779611e+01 6.08413034e-02 -2.54225486e-03 -6.29411116e-02 1.58647539e-04 2.03463546e-04 3.63978431e-05
3.84842236e+01 6.62271094e-02 1.88795528e-03 -5.94320596e-02 8.82082840e-05 1.05406023e-04 5.17060680e-05
4.11741580e+01 6.21112863e-02 3.60166664e-03 -5.92818337e-02 8.85680402e-05 9.40789300e-05 8.24500519e-05
4.38597533e+01 6.10469470e-02 6.11266098e-03 -4.99063584e-02 1.51462073e-04 2.91948646e-04 1.94968552e-04
4.65592580e+01 5.63031270e-02 7.04391705e-03 -5.92794656e-02 3.13913329e-04 1.30330360e-04 1.93027293e-04
4.92748955e+01 6.43815100e-02 6.76935233e-03 -5.53393513e-02 9.52970712e-05 1.74636841e-04 2.25574984e-04
5.19690330e+01 6.88003424e-02 9.91528368e-04 -6.22335557e-02 1.81520620e-05 9.53128709e-05 9.16558636e-05
5.46703314e+01 7.02885845e-02 -3.27094367e-03 -5.57377525e-02 2.02479166e-04 1.14712320e-04 2.47758404e-04
5.73625939e+01 6.01474712e-02 4.75010275e-03 -6.21913529e-02 9.83060994e-05 1.46433815e-04 4.23811888e-05
6.00553048e+01 5.86434060e-02 3.47465136e-03 -5.13055087e-02 7.23021767e-05 2.39272069e-04 7.14896991e-05
6.27598361e+01 7.42764900e-02 4.73507416e-03 -5.08965211e-02 7.29140929e-05 2.75116082e-04 4.93442206e-05
6.54410408e+01 7.28716318e-02 -8.02373895e-03 -5.67142547e-02 5.44711049e-05 1.66465428e-04 9.51459255e-05
6.81493783e+01 7.17458156e-02 -2.94909707e-03 -5.36890884e-02 1.17430550e-04 6.05207154e-04 1.57691856e-04
7.08561173e+01 6.63611303e-02 -1.18238005e-02 -5.43523222e-02 5.57768898e-05 1.09080991e-04 8.31180496e-05
7.35510814e+01 6.18116291e-02 -1.72745593e-02 -6.58751243e-02 7.59156490e-05 8.31224407e-05 8.29871370e-05
7.62484080e+01 5.69661728e-02 -1.65704358e-02 -7.69416410e-02 5.13859336e-05 2.07804810e-04 4.27917162e-05
7.89468267e+01 6.42154858e-02 -1.87099205e-02 -6.63172754e-02 1.06023213e-04 2.24214166e-04 3.10869987e-04
8.16458205e+01 6.62504140e-02 -1.07509645e-02 -5.92886456e-02 3.59949527e-04 8.34297925e-05 1.34519134e-04
8.43521095e+01 7.01413341e-02 -1.39241600e-02 -5.38506234e-02 1.39989763e-04 4.48858067e-04 3.22690173e-04
8.70496830e+01 6.57705065e-02 -7.51804095e-03 -4.92121787e-02 1.64746919e-04 3.19328433e-04 1.89559158e-04
8.97536252e+01 6.16913052e-02 -4.66193106e-04 -5.55889639e-02 9.31137082e-05 3.07158357e-04 2.56286029e-04
9.24630752e+01 5.33974908e-02 -2.09364593e-03 -6.43558137e-02 1.55708340e-04 2.30136974e-04 1.26535597e-04
9.51631220e+01 4.66679550e-02 -1.11193410e-02 -6.87026073e-02 1.31996421e-04 3.64777949e-05 7.43178928e-05
9.78670361e+01 5.07334686e-02 -4.94513685e-03 -7.66464527e-02 1.06990414e-04 3.00803971e-05 1.60783236e-04
1.00559366e+02 5.89898387e-02 -3.12730997e-03 -6.93214606e-02 1.31953874e-04 9.16651703e-05 6.88034327e-05
1.03266553e+02 6.02291954e-02 -3.51113079e-03 -7.28546453e-02 2.54579853e-04 1.65492163e-04 1.22512695e-04
1.05964647e+02 6.18276904e-02 -2.76802943e-03 -7.53120513e-02 1.52479358e-04 1.17917495e-04 2.53879408e-04
1.08675553e+02 6.02870226e-02 -1.23172426e-03 -7.69373386e-02 1.35251274e-04 2.96196445e-04 4.72479398e-05
1.11382616e+02 5.55841706e-02 3.24777428e-03 -6.40220183e-02 5.39381853e-05 2.32699757e-04 1.26203356e-04
1.14094866e+02 5.45288118e-02 1.24570233e-02 -5.62597250e-02 2.01159281e-04 1.37381811e-04 4.46687883e-05
1.16799085e+02 5.15875813e-02 5.49518405e-03 -6.02571469e-02 8.87232570e-05 2.67260358e-05 5.85509617e-05
1.19499194e+02 5.53047630e-02 8.47911625e-03 -6.39266281e-02 8.10861802e-05 9.37236604e-05 1.06133357e-04
1.22200116e+02 6.42005747e-02 1.51100196e-04 -6.29025541e-02 7.69133575e-05 3.15772991e-04 5.40692562e-05
1.24899835e+02 6.35291198e-02 6.43073330e-03 -6.64303021e-02 1.62557714e-04 1.90074646e-04 1.17335680e-04
1.27598053e+02 5.34843138e-02 8.09413911e-03 -7.11227692e-02 1.68861837e-04 2.05174994e-04 8.96381116e-05
1.30293631e+02 5.26754899e-02 1.02645574e-02 -6.16757021e-02 1.67224987e-04 2.76217172e-04 1.42537803e-04
1.32997444e+02 6.64993968e-02 6.55953503e-03 -6.90480744e-02 9.13183089e-06 1.53812391e-04 1.24587447e-04
1.35695663e+02 6.62195437e-02 3.60974923e-03 -7.16606337e-02 1.56656179e-04 7.91141154e-05 5.25483068e-05
1.38400428e+02 5.93410442e-02 1.72068388e-03 -6.33540148e-02 2.09071299e-04 2.26632247e-04 1.93623354e-04
1.41106803e+02 6.30656265e-02 -1.82610337e-03 -5.76156678e-02 7.22316795e-05 1.63612785e-04 3.83405018e-04
1.43796194e+02 6.09199464e-02 1.54130315e-03 -5.16046545e-02 2.17210122e-04 1.93338278e-04 1.91859922e-04
1.46497913e+02 6.91573603e-02 4.66801566e-03 -4.37654677e-02 1.31172677e-04 3.73601565e-04 2.19720625e-04
1.49187694e+02 6.77156519e-02 5.76853673e-03 -4.25173099e-02 4.65456703e-04 3.24315800e-04 2.41726799e-04
1.51879897e+02 7.27045434e-02 3.91792737e-03 -2.66105183e-02 1.05078909e-04 3.37530959e-04 2.86294405e-04
1.54571631e+02 7.81221316e-02 1.06380176e-03 -1.05909340e-02 1.66164002e-04 2.50596399e-04 1.18960896e-04
1.57261460e+02 7.74925858e-02 7.48973622e-03 1.13143337e-02 6.11407746e-05 6.80175562e-04 1.40485591e-04
1.59945538e+02 7.46640700e-02 2.87704213e-03 2.45361018e-02 9.97690374e-05 3.23015133e-04 1.75202941e-04
1.62659444e+02 6.72654189e-02 -2.08930480e-03 5.32608239e-02 8.11531857e-05 1.05393298e-04 1.29829899e-04
1.65351803e+02 6.75820800e-02 4.66789120e-03 6.11234546e-02 4.42770414e-05 6.48161545e-05 4.26904015e-05
1.68057866e+02 7.08577906e-02 9.03594720e-03 6.48205520e-02 7.88164832e-05 6.15591136e-05 4.10830346e-05
1.70767866e+02 7.17221896e-02 1.27795531e-02 6.66972920e-02 1.15520821e-04 9.05437177e-05 1.03405157e-04
1.73456928e+02 7.26823033e-02 8.93779478e-03 7.31732894e-02 5.31070733e-05 1.06357846e-04 2.40033241e-04
1.76174803e+02 7.27074192e-02 -2.00782572e-03 6.05025057e-02 1.60282166e-04 1.32408183e-04 7.93416346e-05
1.78875850e+02 6.31495338e-02 2.42270101e-03 5.81508442e-02 1.56626869e-04 7.26852504e-05 1.40491764e-04
1.81592694e+02 6.28210113e-02 -2.77785373e-03 6.66262457e-02 2.17691433e-04 1.03019373e-04 9.33892482e-05
1.84302928e+02 5.42162855e-02 3.33474959e-04 6.57267770e-02 1.74768369e-04 1.05042518e-04 5.48965871e-05
1.87009506e+02 4.81033254e-02 3.45899379e-03 6.65103428e-02 2.07357361e-04 1.16799018e-04 2.84149971e-04
1.89714647e+02 4.94186170e-02 2.53667108e-03 6.93413867e-02 3.05664151e-04 1.84713562e-04 6.10287839e-05
1.92406616e+02 6.03320914e-02 -1.54856691e-02 7.30604802e-02 1.18667145e-04 1.70058873e-04 7.69052558e-05
1.95102522e+02 6.46365044e-02 -8.72251105e-03 7.06506919e-02 8.68514133e-05 3.26477708e-04 1.15719104e-04
1.97802835e+02 6.68466992e-02 -5.75724786e-03 6.50941899e-02 9.48643216e-05 9.15119665e-05 1.92063685e-05
2.00500960e+02 7.41282273e-02 -6.40652732e-03 7.08433113e-02 1.16135611e-04 2.42137131e-04 7.93991159e-05
2.03208772e+02 6.16133759e-02 -3.96483563e-03 7.31592398e-02 4.99524113e-05 4.32625648e-04 5.30903102e-05
2.05917272e+02 5.47798415e-02 -3.38090938e-03 7.89346944e-02 1.60133846e-04 1.10942197e-04 2.08455729e-04
2.08622085e+02 5.87012438e-02 -5.89363289e-03 7.11419658e-02 1.04615971e-04 5.54707568e-05 9.43134620e-05
2.11340241e+02 6.06856661e-02 -1.15185451e-02 7.14307054e-02 9.29919013e-05 1.14583639e-04 4.97728009e-05
2.14040600e+02 6.01848185e-02 -2.63427227e-03 7.19707327e-02 2.93736040e-05 1.06798452e-05 9.22770784e-05
2.16726928e+02 6.15885511e-02 -2.92278830e-03 6.95260761e-02 1.90040344e-04 9.45580602e-05 3.03103076e-05
2.19418147e+02 6.81315691e-02 7.31324465e-03 6.58177257e-02 1.40705514e-04 1.23914369e-04 8.00919927e-05
2.22107647e+02 6.92097524e-02 6.64147925e-03 5.94185404e-02 1.73062979e-04 4.93279706e-05 1.31028190e-04
2.24818553e+02 6.54409602e-02 7.01089532e-03 5.60676700e-02 1.55268249e-04 1.06383095e-04 8.35787501e-05
2.27510147e+02 6.65637350e-02 5.89385712e-03 5.79141511e-02 2.47094810e-04 6.44581115e-05 1.21490794e-04
2.30212569e+02 6.18232580e-02 2.88349752e-04 5.45075154e-02 1.36448465e-04 4.43533804e-05 4.57718282e-05
2.32907538e+02 6.35475709e-02 2.83127832e-03 5.88324638e-02 7.75250074e-05 1.87682289e-04 1.43817197e-04
2.35596819e+02 6.35743563e-02 -2.14566913e-04 6.28650345e-02 1.82710308e-04 1.92870886e-04 7.16741785e-05
2.38299913e+02 6.44893757e-02 8.46473105e-03 6.42804590e-02 6.05261768e-05 2.66580915e-04 1.44288800e-04
2.41002569e+02 6.29800059e-02 7.19884349e-03 6.83061949e-02 2.11460653e-04 2.10698254e-04 1.12875097e-04
2.43702647e+02 6.27267098e-02 3.15501477e-03 7.58760664e-02 1.99606350e-04 2.76959878e-04 6.35209405e-05
2.46405100e+02 5.96514967e-02 3.32463686e-03 6.72739445e-02 2.63252398e-05 1.34808688e-04 6.50043537e-05
2.49106991e+02 6.00639302e-02 7.29178101e-03 7.02352198e-02 1.11794501e-04 1.40403922e-04 1.06488556e-04
2.51815022e+02 6.48009549e-02 7.61825342e-03 6.34215557e-02 9.81598529e-05 1.66350494e-04 2.03706522e-04
2.54505006e+02 6.27260614e-02 6.92632743e-03 6.64408100e-02 2.13656849e-04 2.89503889e-04 1.08863697e-04
2.57215147e+02 6.17503600e-02 1.08131383e-02 5.88626251e-02 1.90365054e-04 3.09261535e-04 1.61979844e-04
2.59915585e+02 6.89108093e-02 1.32600155e-02 5.96509572e-02 9.59247144e-05 3.01503822e-04 1.09785828e-04
2.62597069e+02 7.16182476e-02 2.30447257e-02 5.21080499e-02 1.99383627e-04 3.98299175e-04 8.86933982e-05
2.65292288e+02 6.01398693e-02 1.98180197e-02 4.91579915e-02 2.01873120e-04 2.71442374e-04 1.54722797e-04
2.67992276e+02 6.85241296e-02 2.38357518e-02 4.00261744e-02 8.15995455e-05 2.73888804e-04 7.10612351e-05
