6.63273835e-01 7.92406810e-02 2.47966050e-02 3.50503224e-02 9.82771683e-05 2.39226802e-04 8.45963246e-05
3.36140186e+00 8.65822245e-02 2.30288288e-02 2.42692009e-02 4.04027642e-05 8.46043334e-05 3.63713652e-05
6.06433874e+00 8.66447830e-02 2.11247994e-02 6.55966085e-03 4.70631192e-05 1.44285844e-04 1.28373679e-04
8.77808780e+00 7.87471917e-02 2.03258738e-02 -6.29803471e-03 1.19615507e-04 1.00118689e-04 4.69670595e-05
1.14704365e+01 7.31512161e-02 1.98248039e-02 -3.40110667e-02 5.84498047e-05 1.15088854e-04 3.22117209e-04
1.41770850e+01 7.14411713e-02 1.55902877e-02 -4.47869491e-02 1.30162975e-04 2.13987798e-04 7.49778020e-05
1.68806959e+01 6.79250741e-02 2.22418415e-02 -4.36910306e-02 7.09675996e-05 8.05232888e-05 1.58852448e-04
1.95921209e+01 5.97994546e-02 1.82309053e-02 -5.72263644e-02 1.81852296e-04 1.17167682e-04 1.96964343e-04
2.22870131e+01 5.77977155e-02 1.22799664e-02 -5.19799983e-02 1.68138947e-04 4.79074912e-05 4.30894188e-05
2.49873115e+01 6.69674207e-02 6.93465870e-03 -5.88475249e-02 6.82881287e-05 1.82803121e-04 9.01407815e-05
2.76928350e+01 6.64321513e-02 1.50239701e-03 -5.77776949e-02 6.29091236e-05 2.78713628e-04 2.61333311e-04
3.03789490e+01 6.40071845e-02 -7.74150122e-04 -5.23814396e-02 1.40575509e-04 4.47027820e-04 5.77214409e-05
3.30785490e+01 6.54830172e-02 2.46436352e-04 -5.56724406e-02 1.19989234e-04 4.47979802e-04 6.12785453e-05
3.57841662e+01 5.98547181e-02 2.29075714e-03 -5.60399915e-02 1.24214107e-04 3.11187745e-04 4.04238319e-05
3.84759131e+01 6.30387613e-02 -1.88415314e-03 -6.53654186e-02 4.56225825e-05 2.34300141e-04 5.68520882e-05
4.11723756e+01 6.49239666e-02 3.49719703e-03 -5.96000811e-02 1.67189619e-04 1.79299607e-04 1.28586817e-04
4.38701631e+01 6.17738179e-02 6.07984222e-03 -5.51388505e-02 3.85055585e-05 2.03294570e-04 5.82205238e-05
4.65714350e+01 5.95646978e-02 5.50987435e-03 -5.81821694e-02 7.58662515e-05 2.07595451e-04 4.90234356e-05
4.92688194e+01 6.20075423e-02 5.53682963e-03 -5.21974264e-02 1.18921354e-04 1.27080009e-04 1.13710915e-04
5.19715944e+01 6.82019441e-02 -6.23386141e-03 -5.50186676e-02 2.24823750e-05 1.04741603e-04 1.70866480e-04
5.46799694e+01 6.40256778e-02 -9.40159847e-03 -5.38038277e-02 1.06886263e-04 3.19018480e-04 1.44098031e-04
5.73650522e+01 6.65895167e-02 3.72952437e-03 -6.39525058e-02 7.51744781e-05 2.86160336e-04 9.42730771e-05
6.00674037e+01 6.49609560e-02 -5.74286404e-04 -5.09534722e-02 4.12343799e-05 2.17459586e-04 2.31793526e-04
6.27643428e+01 7.28300927e-02 3.30495904e-03 -5.12057793e-02 6.31124512e-05 1.55869482e-04 4.03320848e-05
6.54633397e+01 7.05861268e-02 -3.37734768e-03 -6.25488052e-02 7.33630859e-05 1.90972979e-04 5.84971544e-05
6.81524084e+01 6.42252409e-02 8.62152798e-04 -5.66423263e-02 7.83523758e-05 3.42402908e-04 4.59329305e-05
7.08496365e+01 6.40945454e-02 -1.19259720e-02 -6.08601813e-02 1.55641503e-04 1.12344302e-04 1.36407340e-04
7.35489537e+01 6.47455558e-02 -1.26531784e-02 -7.66469175e-02 4.79581576e-05 1.24177042e-04 1.61194634e-04
7.62525037e+01 5.90632764e-02 -1.62485780e-02 -7.77249902e-02 1.02378114e-04 1.37758125e-04 1.05150775e-04
7.89611756e+01 6.44724487e-02 -1.68414333e-02 -7.26534521e-02 6.31190622e-05 2.99878279e-04 2.26608886e-04
8.16606569e+01 6.66993824e-02 -7.96596590e-03 -5.87797269e-02 2.27094907e-04 1.46528821e-04 1.22653198e-04
8.43593803e+01 6.74773080e-02 -8.67351644e-03 -5.76532064e-02 1.87360118e-04 2.45966966e-04 1.35088300e-04
8.70627178e+01 7.08458352e-02 -7.18366040e-03 -5.81436914e-02 2.17290478e-04 3.13609654e-04 4.30810221e-05
8.97669209e+01 6.39606637e-02 -4.99452889e-04 -5.71169803e-02 1.24096398e-04 2.29789753e-04 2.74568871e-04
9.24739772e+01 5.49869488e-02 -1.18022430e-03 -6.47152199e-02 1.16735932e-04 2.68133798e-04 6.69444245e-05
9.51753022e+01 4.43795997e-02 -4.75829080e-03 -7.07749935e-02 2.47612633e-04 9.29328261e-05 3.78140991e-05
9.78725787e+01 5.00672820e-02 -7.39546199e-03 -7.31380343e-02 2.12084894e-05 1.37771654e-04 5.95880485e-05
1.00571744e+02 5.79694848e-02 -3.24098645e-04 -7.35547485e-02 1.23382969e-04 8.03360615e-05 6.89393642e-05
1.03269463e+02 6.13182841e-02 -1.86924506e-03 -6.93491222e-02 1.64892482e-04 2.66647470e-04 4.85568001e-05
1.05986526e+02 6.14462272e-02 2.53542716e-03 -7.74488877e-02 1.25891703e-04 1.81017419e-04 1.10982371e-04
1.08690088e+02 5.51778897e-02 1.89637929e-04 -7.47962844e-02 1.34179329e-04 3.68905679e-04 4.09571332e-05
1.11395026e+02 5.64725349e-02 4.04467017e-03 -6.38562935e-02 4.48411285e-05 2.81766886e-04 1.33720318e-04
1.14109932e+02 5.62305313e-02 8.18651914e-03 -5.83064691e-02 6.74375751e-05 2.12752793e-04 9.57479003e-05
1.16809229e+02 5.52709242e-02 6.61196547e-03 -5.92525665e-02 1.14449660e-04 1.36687696e-04 4.10746562e-05
1.19507838e+02 5.33885327e-02 5.64899228e-03 -6.89978366e-02 6.24477392e-05 4.11373117e-05 5.58738425e-05
1.22204244e+02 6.59920001e-02 5.84751433e-03 -6.63978851e-02 9.53214974e-05 7.74106826e-05 1.36910361e-04
1.24908932e+02 6.08032998e-02 7.49654352e-03 -6.64410335e-02 8.94663433e-05 1.60982925e-04 1.77194426e-04
1.27596276e+02 6.04914338e-02 1.07358559e-02 -6.53228325e-02 1.31649666e-04 1.55012325e-04 3.80463486e-05
1.30301729e+02 5.69482611e-02 -1.03152538e-03 -6.17250530e-02 1.21729371e-04 2.83151140e-04 1.97030747e-04
1.33009041e+02 5.89982916e-02 3.57745316e-03 -6.32383620e-02 1.19797719e-04 1.49928426e-04 9.87804831e-05
1.35706260e+02 6.23025122e-02 2.24125555e-03 -6.90486146e-02 2.32783472e-04 2.04809793e-04 3.30063847e-05
1.38413479e+02 6.51551099e-02 5.06034447e-03 -6.29955894e-02 1.21861813e-04 9.92335966e-05 9.25463134e-05
1.41114463e+02 6.24371106e-02 -3.88518039e-03 -5.57100369e-02 1.42808031e-04 2.05111687e-04 3.97038233e-04
1.43808651e+02 5.58566399e-02 5.80735984e-04 -5.26324769e-02 3.54810255e-04 3.11181510e-04 1.44517997e-04
1.46512901e+02 6.51413595e-02 2.56619916e-03 -4.34821757e-02 2.32246822e-04 3.30462520e-04 2.28941602e-04
1.49204838e+02 6.39058923e-02 1.01219491e-02 -4.38392821e-02 3.16901211e-04 2.37202346e-04 9.78708878e-05
1.51893197e+02 7.67650301e-02 7.07409352e-03 -3.18377802e-02 7.85181086e-05 2.82076924e-04 1.11424584e-04
1.54586322e+02 7.59389572e-02 -2.67369691e-03 -6.80267945e-03 2.05723890e-04 3.75156076e-04 1.61186149e-04
1.57275151e+02 7.30646614e-02 4.40450439e-03 1.41694270e-02 8.49104754e-05 8.06847713e-04 2.09931019e-04
1.59963635e+02 7.83654441e-02 9.68909092e-04 2.81507716e-02 2.17335569e-05 3.75858779e-04 2.34607222e-04
1.62669432e+02 6.54397136e-02 -1.70072055e-03 4.68845024e-02 1.02713177e-04 9.48975599e-05 1.90575120e-04
1.65360729e+02 6.37541237e-02 2.47141347e-03 6.76846151e-02 2.09360214e-04 4.72013432e-05 8.67617247e-05
1.68067729e+02 6.99148336e-02 -2.19711310e-03 6.52638565e-02 8.73523886e-05 6.27670759e-05 7.75820105e-05
1.70784088e+02 6.54127929e-02 9.54393076e-03 6.47121835e-02 8.45067220e-05 1.71739111e-04 1.45503568e-04
1.73485854e+02 7.29850034e-02 2.93993517e-03 7.10417895e-02 1.23235960e-04 2.18438696e-04 9.97237369e-05
1.76187213e+02 6.87777861e-02 -1.63486366e-03 5.96954475e-02 1.45897152e-04 1.36057234e-04 6.31704813e-05
1.78895885e+02 6.66290382e-02 8.01857675e-03 5.97672939e-02 7.09024892e-05 2.08700499e-04 1.15951825e-04
1.81608338e+02 6.54590675e-02 5.35862428e-03 6.94631562e-02 5.98165847e-05 1.01393752e-04 1.33872921e-04
1.84317291e+02 5.15028949e-02 1.06053589e-02 6.82469666e-02 2.32013311e-04 4.56844852e-04 7.27155571e-05
1.87029947e+02 4.41844777e-02 6.47482026e-04 7.14639250e-02 2.47972189e-04 3.15300316e-04 2.50642613e-04
1.89729213e+02 4.88321544e-02 -2.90574466e-03 7.55389089e-02 2.12659483e-04 1.60711048e-04 1.61299668e-04
1.92423838e+02 5.26710521e-02 -7.67105351e-03 7.05768343e-02 1.00015589e-04 1.27614517e-04 2.76391463e-04
1.95111057e+02 6.47771441e-02 -6.18830686e-03 6.89864068e-02 1.28369766e-04 1.41067080e-04 1.10582989e-04
1.97809838e+02 6.61553240e-02 -7.53355941e-03 6.22682926e-02 1.33487664e-04 1.69007786e-04 7.25416052e-05
2.00527557e+02 6.61337714e-02 -3.72834370e-03 7.02222534e-02 5.98005456e-05 7.79284997e-05 7.54848163e-05
2.03223354e+02 5.61956880e-02 2.58108967e-04 6.99250877e-02 7.19312071e-05 2.74753625e-04 1.22839126e-04
2.05934322e+02 5.00710009e-02 -2.53128746e-03 7.77684215e-02 1.33858492e-04 2.05377559e-04 1.15047526e-04
2.08639135e+02 5.20018732e-02 -9.15085971e-03 6.77786262e-02 1.16590822e-04 3.78538797e-05 1.04119820e-04
2.11355447e+02 5.40863487e-02 -1.55030071e-02 6.59517138e-02 1.00918219e-04 1.03166829e-04 6.67150184e-05
2.14051104e+02 5.38461513e-02 -5.19059385e-04 6.57902153e-02 1.50996006e-04 9.00113723e-05 1.31290753e-04
2.16757182e+02 5.75304237e-02 -1.95123466e-03 6.88064472e-02 1.87785333e-04 1.46353967e-04 1.42597388e-04
2.19442322e+02 6.47777698e-02 6.69463761e-03 6.15215034e-02 1.71318091e-04 1.34324925e-04 4.54475093e-05
2.22140322e+02 6.79846109e-02 6.55630948e-03 6.27908104e-02 1.52573589e-04 1.09103832e-04 7.21049607e-05
2.24833276e+02 7.21188764e-02 1.05501545e-02 5.35962772e-02 1.96850878e-04 8.89394355e-05 1.46237754e-04
2.27530416e+02 6.86236026e-02 1.03365338e-02 5.40168151e-02 1.85747663e-04 1.08314343e-04 8.43557302e-05
2.30223088e+02 6.47140195e-02 6.39028637e-03 4.86887584e-02 1.77138472e-04 7.86272801e-05 6.51153147e-05
2.32923979e+02 6.86768430e-02 7.76823076e-03 5.72912309e-02 1.72221158e-04 1.55128980e-04 1.59418600e-04
2.35613354e+02 6.88693521e-02 6.19867112e-03 5.73590068e-02 1.87015215e-04 1.33668691e-04 1.41804929e-04
2.38321869e+02 6.59998355e-02 9.93814642e-03 6.30256499e-02 9.09625954e-05 1.37867530e-04 1.94520000e-04
2.41023541e+02 6.98882699e-02 5.05570943e-03 6.75826727e-02 1.69619434e-04 4.86764153e-04 1.13593026e-04
2.43722401e+02 6.13809001e-02 5.29393168e-03 7.48140877e-02 1.26793197e-04 2.17007926e-04 7.91118752e-05
2.46427026e+02 6.13717057e-02 3.39361629e-03 6.99358818e-02 9.26655236e-05 2.46163551e-04 2.09067169e-04
2.49131526e+02 6.01835320e-02 1.06885981e-02 6.42915785e-02 9.92320543e-05 1.92939964e-04 8.93835184e-05
2.51830369e+02 5.66825775e-02 6.25929542e-03 6.06374053e-02 3.52649100e-05 1.71423055e-04 1.42995149e-04
2.54535838e+02 6.26637149e-02 1.23097303e-02 6.29450605e-02 3.95052936e-05 3.64858301e-04 6.62043518e-05
2.57219385e+02 6.67237853e-02 8.91680558e-03 5.85249737e-02 1.16184038e-04 3.62183979e-04 1.18354466e-04
2.59922322e+02 6.52266369e-02 1.43926341e-02 5.55944535e-02 4.83628789e-05 3.62681892e-04 6.48500798e-05
2.62613026e+02 7.02931021e-02 1.95637084e-02 4.95093783e-02 1.90193176e-04 2.99183054e-04 6.85969129e-05
2.65316807e+02 6.70675170e-02 1.74138726e-02 4.88593121e-02 1.19090423e-04 4.28367682e-04 1.01025980e-04
2.67999240e+02 7.72149178e-02 1.90489534e-02 5.01602642e-02 7.81184033e-05 2.14536841e-04 8.74617079e-05
