6.72938934e-01 7.40796874e-02 9.80144349e-03 3.75013757e-02 5.50756229e-05 1.01032491e-04 7.82088018e-05
3.38344312e+00 7.54138246e-02 1.38691574e-02 1.80043943e-02 1.06581816e-04 1.77318016e-04 1.11548127e-04
6.08241625e+00 8.19997168e-02 1.57517931e-02 -4.44493691e-03 5.96970333e-05 2.58346040e-04 9.81982024e-05
8.76994110e+00 7.56515471e-02 1.20725532e-02 -2.94093733e-02 1.01331536e-04 4.09895412e-04 8.19122740e-05
1.14702856e+01 7.48506956e-02 1.03484577e-02 -3.48113246e-02 1.19903878e-04 4.33510525e-04 1.53996971e-04
1.41567747e+01 6.63396529e-02 1.09279523e-02 -5.87812991e-02 3.95513767e-05 2.57875586e-04 3.90405465e-05
1.68653684e+01 5.99227184e-02 6.84369584e-03 -5.93041857e-02 2.19500332e-04 4.89903034e-04 1.54122037e-04
1.95755231e+01 5.95163847e-02 2.47984916e-03 -6.94361915e-02 7.67617951e-05 4.07036681e-04 1.41886076e-04
2.22733325e+01 6.41933327e-02 1.25130237e-03 -6.84494572e-02 5.38332805e-05 1.95012224e-04 1.77205832e-04
2.49794981e+01 5.91984186e-02 -7.42120001e-04 -7.24495107e-02 2.43005251e-04 5.54569639e-04 1.78155891e-04
2.76817138e+01 5.63883298e-02 4.58899306e-03 -7.44406566e-02 1.67636347e-04 2.32742263e-04 6.02859910e-05
3.03715716e+01 5.57015883e-02 -1.04296259e-03 -6.28057578e-02 1.61064545e-04 1.19442583e-04 6.24746743e-05
3.30764638e+01 6.69822954e-02 8.81237586e-04 -6.88061662e-02 5.09951623e-05 7.10349194e-05 1.90664987e-04
3.57703934e+01 6.58944847e-02 3.70647336e-03 -6.72093271e-02 4.34757028e-05 1.81979855e-04 5.35249175e-05
3.84694622e+01 6.82695867e-02 3.56532737e-04 -5.27393265e-02 6.11628493e-05 5.83449281e-05 7.72371159e-05
4.11674075e+01 6.54387977e-02 1.55700900e-03 -5.86915748e-02 8.72905919e-05 1.51065937e-04 5.37119328e-05
4.38763591e+01 7.17836658e-02 6.33100335e-03 -6.87460685e-02 1.42759482e-04 1.47583397e-04 1.64961156e-04
4.65713325e+01 6.17594928e-02 3.05671576e-03 -6.72067059e-02 1.05583297e-04 1.65288457e-04 1.87436275e-04
4.92651262e+01 6.00052281e-02 1.22141680e-02 -5.56544006e-02 6.48125423e-05 2.47445315e-04 1.10408310e-04
5.19599544e+01 5.10567546e-02 1.67076580e-02 -7.06283269e-02 4.91321941e-05 1.87756604e-05 3.96768464e-05
5.46513513e+01 5.39501252e-02 1.44657134e-02 -5.70535219e-02 3.34888111e-04 7.67314395e-05 1.25189508e-04
5.73600075e+01 6.92535228e-02 6.72438413e-03 -5.96539163e-02 9.22267772e-05 1.78096893e-04 4.53167466e-05
6.00515778e+01 6.92157229e-02 -6.36277776e-03 -6.57179716e-02 5.41447016e-05 3.50487694e-04 5.56257809e-05
6.27611794e+01 6.23378584e-02 -4.24484703e-03 -6.00007275e-02 7.93107439e-05 5.14880595e-05 6.88255661e-05
6.54670309e+01 6.45002388e-02 -1.08685303e-02 -5.56705472e-02 6.76860270e-05 8.93064092e-05 8.04677007e-05
6.81571200e+01 6.76100467e-02 -1.14381425e-02 -5.75133719e-02 7.79369102e-05 1.78566270e-04 2.28159385e-04
7.08506919e+01 6.83207497e-02 -1.53656126e-02 -5.27822288e-02 2.84855612e-05 8.99070171e-05 2.19683352e-04
7.35510419e+01 6.76171883e-02 -7.94508795e-03 -4.74259658e-02 2.24121051e-04 3.72312160e-04 1.29224977e-04
7.62545591e+01 6.72742913e-02 -3.71569431e-03 -4.20370704e-02 1.47271333e-04 1.83698555e-04 1.58154993e-04
7.89579606e+01 6.04567646e-02 -9.69819811e-03 -4.40166169e-02 1.05850354e-04 2.11836054e-04 1.02924641e-04
8.16678778e+01 5.09954305e-02 -1.15800628e-02 -5.32504468e-02 1.56844740e-04 5.45347485e-04 1.40017452e-04
8.43568262e+01 5.73413865e-02 -9.54356326e-03 -5.75691064e-02 2.51658173e-04 3.32138504e-04 6.61180328e-05
8.70530763e+01 4.81828760e-02 -1.81961215e-02 -6.49067041e-02 9.17740072e-05 1.79351741e-04 1.95271261e-04
8.97572934e+01 6.00603919e-02 -1.88067430e-02 -6.61461014e-02 5.61603834e-05 1.65576144e-04 2.15010748e-04
9.24670669e+01 6.03661191e-02 -1.94685704e-02 -5.71269215e-02 8.35458142e-05 2.54597698e-04 6.57043619e-05
9.51716747e+01 6.66505845e-02 -7.08484587e-03 -5.74480798e-02 5.80225290e-05 2.09279376e-04 3.94545283e-05
9.78635388e+01 5.81453688e-02 -4.88773282e-03 -6.28078592e-02 7.00834605e-05 1.91928639e-04 2.99136260e-04
1.00573798e+02 5.41289862e-02 -7.81545711e-03 -5.79554501e-02 7.69639250e-05 7.12829587e-05 1.39391621e-04
1.03275954e+02 5.22974563e-02 -1.43245017e-02 -6.67296101e-02 8.62198272e-05 8.04573386e-05 3.45528472e-05
1.05982095e+02 5.82673758e-02 -1.05911266e-03 -6.35277741e-02 3.68918975e-05 6.87947666e-05 9.74161085e-05
1.08683954e+02 6.05857169e-02 -1.64960599e-03 -6.50506038e-02 1.06399892e-04 4.01791771e-05 3.89086649e-05
1.11383845e+02 6.34427094e-02 1.49198918e-03 -7.67804463e-02 1.67353886e-04 2.17724722e-04 8.24595769e-05
1.14092845e+02 6.86863596e-02 -5.20227779e-03 -7.34014697e-02 2.66923538e-04 1.03867966e-04 9.13958269e-05
1.16793986e+02 7.05288353e-02 2.25782518e-03 -7.06937266e-02 1.07020172e-04 3.65160415e-05 1.98481951e-04
1.19506283e+02 6.48970512e-02 5.28226555e-03 -6.78102397e-02 7.54476206e-05 3.01981709e-04 6.32644542e-05
1.22218517e+02 5.82575945e-02 6.66852117e-03 -6.00411807e-02 2.70734122e-05 2.74399168e-04 9.80098460e-05
1.24913861e+02 5.39174658e-02 -1.37193498e-03 -5.99630431e-02 1.05345524e-04 3.08384364e-04 1.19571007e-04
1.27622501e+02 6.30047002e-02 5.04142793e-03 -5.99805611e-02 1.30910548e-04 3.58894867e-04 1.41063248e-04
1.30317454e+02 6.70703349e-02 4.75472853e-03 -7.00851039e-02 1.42435611e-04 1.82495840e-04 9.93265754e-05
1.33012939e+02 5.10779770e-02 9.80129348e-03 -6.25478107e-02 2.10441690e-04 1.50250735e-04 7.24509408e-05
1.35711642e+02 5.84063559e-02 2.17564655e-03 -6.04254479e-02 6.02809208e-05 3.10455151e-04 1.66063532e-04
1.38402611e+02 6.40968626e-02 1.04714825e-02 -5.76627609e-02 2.30042541e-05 2.82421677e-04 1.07778909e-04
1.41100454e+02 6.70942172e-02 9.62106851e-03 -5.41355253e-02 9.89738361e-05 1.44544682e-04 2.50049515e-04
1.43794095e+02 6.40401035e-02 1.61779088e-03 -5.16620341e-02 1.88409748e-04 3.08063226e-04 1.31088341e-04
1.46497814e+02 7.26078132e-02 -1.48868352e-03 -4.03856951e-02 1.90021656e-04 2.44804661e-04 1.05073392e-04
1.49194376e+02 7.67750939e-02 -2.16285127e-03 -3.61666134e-02 4.42483277e-05 2.24665172e-04 1.21821552e-04
1.51888033e+02 8.21213394e-02 8.04196776e-04 -2.50887378e-02 5.27204841e-05 4.55395193e-04 1.25152459e-04
1.54597329e+02 8.10477406e-02 7.60543159e-03 -1.53407024e-02 2.57091133e-04 4.66203700e-04 1.98841318e-04
1.57285361e+02 7.44585488e-02 6.71285773e-03 1.70691670e-02 1.22159981e-04 4.12282080e-04 1.22649387e-04
1.59987392e+02 8.05835004e-02 9.35669817e-03 2.69688232e-02 1.20231543e-04 1.47790040e-04 3.49637883e-05
1.62679689e+02 7.57890198e-02 1.34743340e-02 3.87331624e-02 1.19839280e-04 1.67611796e-04 6.54599400e-05
1.65373064e+02 7.09920951e-02 1.42750375e-02 5.24365875e-02 3.51926001e-05 1.11749703e-04 2.02595707e-04
1.68076454e+02 7.06145163e-02 6.58654260e-03 5.71898270e-02 1.44915124e-04 1.91478815e-04 1.89221153e-04
1.70777298e+02 6.54055203e-02 1.64685457e-03 6.24514552e-02 1.29309829e-04 1.07455441e-04 1.87564107e-05
1.73491892e+02 5.60245001e-02 1.14692877e-03 6.29211043e-02 1.11004564e-04 1.79693283e-04 2.30458919e-04
1.76187486e+02 5.51745587e-02 -6.43264735e-04 6.72661729e-02 9.82743553e-05 1.33920531e-04 1.90114778e-04
1.78879501e+02 5.58996431e-02 -3.95417275e-03 6.76271696e-02 2.22029396e-04 1.16178597e-04 5.50109608e-05
1.81590126e+02 6.28805163e-02 -9.06278566e-03 6.39706080e-02 1.68495966e-04 1.00052292e-04 1.52152703e-04
1.84300173e+02 6.50904022e-02 -8.42918340e-03 5.71489512e-02 1.59814234e-04 2.61015405e-04 4.93282939e-05
1.86994579e+02 7.11398163e-02 -1.17164517e-02 5.99482906e-02 1.02409788e-04 1.41692698e-04 1.62600284e-04
1.89711095e+02 7.13137518e-02 -1.14976339e-02 5.54788492e-02 2.24931433e-04 9.67984630e-05 8.55502012e-05
1.92424064e+02 6.09712321e-02 8.30517790e-03 5.81012055e-02 1.96859778e-04 1.88194237e-04 1.16575481e-04
1.95121954e+02 5.21167691e-02 -1.75318348e-03 5.90374367e-02 9.20244828e-05 2.53115338e-04 5.01876454e-05
1.97840564e+02 5.53787217e-02 -5.52585722e-03 6.15315029e-02 4.39447070e-05 4.97004038e-04 1.35181274e-04
2.00548861e+02 5.81054685e-02 -1.03161647e-02 6.66131210e-02 6.24905321e-05 1.23277978e-04 6.44426773e-05
2.03244361e+02 6.61394790e-02 -5.22076916e-03 5.60170865e-02 6.12714676e-05 4.24314243e-05 2.81235596e-05
2.05934392e+02 6.63374197e-02 -2.91779648e-03 5.59651726e-02 1.34216915e-04 1.12771587e-04 7.79512063e-05
2.08625782e+02 6.14453783e-02 2.10977890e-03 6.33116284e-02 1.85138197e-04 1.70743053e-04 1.48536960e-04
2.11323611e+02 6.52279831e-02 8.18641346e-03 6.71405080e-02 1.25937490e-04 1.38363820e-04 1.26194942e-04
2.14025329e+02 7.14083841e-02 5.64414612e-03 6.32551388e-02 4.88145453e-05 1.19936883e-04 6.28379104e-05
2.16730423e+02 7.22390287e-02 -1.79190350e-04 5.84220251e-02 1.84291363e-04 1.86921167e-04 1.76074804e-04
2.19433876e+02 6.12053725e-02 -1.21233997e-02 6.43017668e-02 9.61923821e-05 2.10478575e-04 1.34421904e-04
2.22141970e+02 5.88031420e-02 -1.06826029e-02 6.58311447e-02 7.68049814e-05 1.40117035e-04 1.08318392e-04
2.24829689e+02 6.00483762e-02 -1.32717412e-02 7.24896924e-02 1.36593603e-04 5.23561092e-05 1.70356010e-04
2.27535033e+02 5.46463036e-02 -1.25267455e-02 7.45284460e-02 1.58653942e-04 3.35668644e-04 1.48402426e-04
2.30231439e+02 5.75608874e-02 -7.88583526e-03 7.79163509e-02 1.33106130e-04 3.90643482e-04 1.85086828e-04
2.32930611e+02 5.60803853e-02 -6.00278218e-03 7.56995918e-02 1.14735471e-04 2.90881184e-04 9.42953030e-05
2.35635017e+02 5.56265446e-02 -5.18289362e-03 6.82792199e-02 1.05004200e-04 1.80929045e-04 8.78044151e-05
2.38336142e+02 4.66089422e-02 -7.57766730e-03 7.16528474e-02 7.03920116e-05 2.51735203e-04 5.22049812e-05
2.41045033e+02 5.76892168e-02 -7.31260832e-03 6.51681149e-02 2.06601921e-04 2.85355574e-04 9.98117863e-05
2.43740892e+02 5.83762205e-02 5.57406303e-05 7.12678990e-02 1.63981647e-04 4.49211138e-04 9.42549311e-05
2.46449314e+02 6.71479132e-02 -2.22382182e-03 6.21748798e-02 1.13182834e-04 2.54311259e-04 6.48104946e-05
2.49144111e+02 6.55415702e-02 -2.57808346e-03 6.85392967e-02 1.06181318e-04 1.69878062e-04 2.68252654e-04
2.51842329e+02 5.43219416e-02 -4.49483581e-03 6.11181620e-02 3.72935861e-05 2.07128486e-04 1.34966958e-04
2.54537158e+02 6.01128656e-02 6.52777621e-03 6.29716284e-02 1.72626156e-04 2.74880379e-04 1.49509986e-04
2.57228533e+02 5.79360469e-02 6.66422030e-03 6.72737835e-02 5.47887139e-05 2.26745257e-04 1.60997786e-04
2.59924923e+02 5.40526872e-02 1.67888124e-02 6.69026500e-02 1.53046619e-04 1.84166707e-04 1.07011152e-04
2.62621126e+02 5.17983313e-02 2.15863372e-02 5.41541108e-02 2.10216037e-04 7.68182020e-05 1.19102111e-04
2.65321673e+02 6.48044141e-02 1.72834704e-02 4.79341115e-02 6.55335896e-05 5.78477418e-05 4.58358076e-05
2.68019625e+02 7.19129674e-02 1.31701000e-02 4.04352934e-02 1.48664353e-04 1.13344420e-04 1.12687574e-04
