7.02540220e-01 6.96578315e-02 -1.08706576e-02 4.35120043e-02 9.23527862e-05 1.72196524e-04 1.61872909e-04
3.39982194e+00 7.58940335e-02 -7.98575418e-03 2.82220844e-02 7.57643598e-05 1.23139601e-04 1.01155481e-04
6.08847585e+00 7.20966177e-02 -3.03835691e-03 5.26633620e-03 1.63255343e-04 2.50455867e-04 7.46601195e-05
8.78037366e+00 7.49959519e-02 -9.79796727e-03 -1.99276189e-03 1.67725355e-04 2.35746648e-04 1.11082787e-04
1.14883269e+01 7.17784458e-02 -6.29936872e-03 -1.95723449e-02 7.16570165e-05 4.21385392e-04 1.55506230e-04
1.41762379e+01 7.55332553e-02 -6.36247305e-03 -2.54350804e-02 9.55410290e-05 9.28009790e-05 2.61531319e-04
1.68686051e+01 7.28235912e-02 -2.52446080e-03 -3.94498526e-02 6.78020398e-05 1.54518891e-04 3.92443106e-05
1.95620207e+01 7.22053103e-02 4.34719477e-03 -4.86073909e-02 8.03156834e-05 2.26832452e-04 2.24639687e-05
2.22665301e+01 6.39603327e-02 4.23572215e-03 -5.21493345e-02 7.60708042e-05 2.75540011e-04 6.58281417e-05
2.49653879e+01 6.04313379e-02 3.14143415e-03 -5.34635107e-02 1.59799673e-04 5.44626460e-04 1.24361922e-04
2.76506238e+01 6.30811753e-02 -8.75232246e-03 -5.46179035e-02 1.24001328e-04 1.00977534e-04 1.51241490e-04
3.03495347e+01 6.56134688e-02 -1.00808816e-02 -5.20524247e-02 1.34946684e-04 1.20447096e-04 1.29161883e-04
3.30461269e+01 6.29050372e-02 -1.29702366e-02 -5.43445367e-02 7.98170705e-05 1.26222837e-04 2.34998384e-04
3.57449269e+01 5.74316714e-02 -1.13218769e-02 -6.19327347e-02 2.24697663e-04 1.38630410e-04 1.04393445e-04
3.84484051e+01 6.47339768e-02 -1.05356104e-02 -5.93791812e-02 1.11894707e-04 8.15180702e-05 1.45469487e-04
4.11481988e+01 5.99643814e-02 -9.83465456e-03 -5.81768334e-02 5.60806242e-05 7.07345307e-05 2.24138651e-04
4.38555863e+01 5.88316315e-02 -8.18654410e-03 -5.68960848e-02 7.24675253e-05 2.79342605e-05 1.01037447e-04
4.65567566e+01 6.19123677e-02 -4.29558829e-03 -6.50508456e-02 1.42248947e-04 1.48108616e-04 1.28717748e-04
4.92720223e+01 5.42204459e-02 -5.19329856e-03 -6.32639018e-02 1.01130917e-04 2.59069886e-05 1.48336733e-04
5.19690238e+01 4.79095831e-02 -3.35659091e-03 -6.20264271e-02 1.09990140e-04 1.29093697e-04 5.41657357e-05
5.46643066e+01 5.75973134e-02 2.00853088e-03 -5.70781007e-02 1.49041447e-04 1.42293416e-04 1.43807858e-04
5.73560769e+01 6.69158979e-02 4.42106728e-03 -6.46121259e-02 2.67808579e-04 3.28860435e-04 8.98304924e-05
6.00663113e+01 6.51591357e-02 -1.90766055e-03 -5.77033694e-02 9.45908581e-05 1.37455548e-04 1.06436422e-04
6.27666426e+01 6.95863963e-02 7.74434644e-04 -5.85612048e-02 4.13582046e-05 1.82644842e-04 1.96246923e-04
6.54709019e+01 6.40391715e-02 4.20585136e-03 -5.58567658e-02 8.02298422e-05 1.45221992e-04 8.82869858e-05
6.81730176e+01 5.41333344e-02 -4.13872167e-03 -6.15244195e-02 1.31988144e-04 2.93417479e-04 6.42445817e-05
7.08757269e+01 4.98060528e-02 -2.76239382e-05 -6.79007268e-02 7.97260613e-05 1.25579664e-04 1.87766508e-04
7.35720598e+01 5.35746120e-02 5.35758748e-03 -6.48904982e-02 1.27978408e-04 2.30722494e-04 3.64963008e-05
7.62760551e+01 6.50150035e-02 1.52244038e-02 -6.89235188e-02 8.52840539e-05 1.19593757e-04 9.26386873e-05
7.89805582e+01 5.85502003e-02 1.23824821e-02 -7.14145366e-02 1.25476113e-04 3.57630812e-04 1.82806234e-04
8.16815879e+01 5.71192722e-02 1.41668350e-02 -6.85450163e-02 2.74813793e-04 8.08119708e-05 3.35222821e-05
8.43807972e+01 5.49406801e-02 1.09338881e-02 -7.36375276e-02 1.45201092e-04 1.40369472e-04 4.45862672e-05
8.70777316e+01 6.22034004e-02 1.47035627e-02 -6.40257512e-02 3.86778495e-05 2.37585181e-04 8.10262746e-05
8.97706551e+01 5.90224275e-02 9.94411984e-03 -6.56908352e-02 9.25339293e-05 3.00441434e-04 7.60457903e-05
9.24753348e+01 5.95413408e-02 6.29040097e-03 -5.57865232e-02 1.06313352e-04 3.50475598e-04 1.82362854e-04
9.51848832e+01 6.45378840e-02 1.08717133e-02 -6.56906017e-02 3.77463577e-05 4.01347947e-04 2.57351953e-04
9.78883504e+01 6.43655347e-02 7.50800427e-03 -6.12025483e-02 1.10574134e-04 3.33822183e-04 1.22765932e-04
1.00578885e+02 6.37554266e-02 1.40971118e-02 -7.12378356e-02 8.24501333e-05 3.19785174e-04 1.68083639e-05
1.03272916e+02 5.66171804e-02 8.09282916e-03 -6.81546030e-02 6.68726797e-05 2.79950954e-04 2.02103034e-04
1.05975479e+02 6.04862897e-02 1.77316380e-02 -6.38559995e-02 7.70114424e-05 1.18877281e-04 6.45237592e-05
1.08672385e+02 5.96050169e-02 6.20990984e-03 -7.21657240e-02 1.12642038e-04 2.37779587e-04 6.95821293e-05
1.11375275e+02 5.71058886e-02 -2.80659712e-03 -6.33035260e-02 2.16911097e-04 4.22187256e-04 1.29456990e-04
1.14077057e+02 4.61660569e-02 1.90281760e-04 -6.25591292e-02 8.04237348e-05 1.15702716e-04 8.76307644e-05
1.16779057e+02 5.39954861e-02 -5.43208546e-03 -5.95107191e-02 5.79034590e-05 1.68111949e-04 3.74795126e-05
1.19479697e+02 6.53330296e-02 5.39609987e-03 -6.18382386e-02 1.32063134e-04 9.40368323e-05 4.92824841e-05
1.22180088e+02 7.08847936e-02 4.39382895e-03 -5.36854660e-02 5.38308116e-05 1.78545457e-04 1.43885027e-04
1.24884291e+02 7.01056579e-02 -2.17223384e-03 -5.82044635e-02 1.29757559e-04 9.52157102e-05 8.51950036e-05
1.27579854e+02 5.91692808e-02 -3.30204441e-03 -5.82057357e-02 8.40168304e-05 3.62180499e-04 3.12083263e-05
1.30286463e+02 5.80203887e-02 -7.30267532e-04 -6.04758791e-02 1.03004233e-04 7.36269080e-05 2.01954908e-04
1.32978666e+02 5.53575293e-02 -3.76865397e-04 -6.16488711e-02 7.45325738e-05 9.15852267e-05 1.82786988e-04
1.35692260e+02 5.66105271e-02 -4.73008017e-03 -6.54975921e-02 2.47197480e-04 8.50339411e-05 5.57783979e-05
1.38400353e+02 4.75060427e-02 -1.11646307e-02 -5.73709835e-02 1.43595867e-04 3.58684414e-04 1.70342419e-04
1.41107275e+02 4.93308652e-02 -1.21603255e-02 -6.48869604e-02 2.86726427e-05 3.53399368e-04 1.22461816e-04
1.43822385e+02 6.06987443e-02 -7.34296332e-03 -6.21238092e-02 9.08066244e-05 1.06764416e-04 7.65746672e-05
1.46519916e+02 6.34421703e-02 -1.77010924e-02 -4.75518325e-02 1.35535146e-04 1.91403987e-04 6.73008959e-05
1.49224853e+02 7.12541841e-02 -1.88837031e-02 -3.43563459e-02 3.88381005e-05 1.08761231e-04 8.62929519e-05
1.51930635e+02 6.11353926e-02 -2.23769860e-02 -1.31245435e-02 5.56410894e-05 1.01026584e-04 2.12493402e-04
1.54625150e+02 6.43138875e-02 -2.02569853e-02 1.40559334e-02 1.05697079e-04 2.33207170e-04 3.49245914e-05
1.57317635e+02 7.00866167e-02 -1.44914878e-02 2.79288779e-02 2.00446484e-04 1.96536392e-04 7.42080257e-05
1.60016385e+02 7.14043544e-02 -9.57803314e-03 3.52644543e-02 1.43938268e-04 1.21039740e-04 8.95884295e-05
1.62701525e+02 6.90320672e-02 -3.09469428e-03 3.86238616e-02 1.78245001e-04 1.70438375e-04 1.85334626e-04
1.65413979e+02 7.15473225e-02 4.72667821e-03 4.73721928e-02 3.67994980e-05 2.19023159e-04 4.22024259e-05
1.68124447e+02 6.33692267e-02 4.63045495e-03 5.15919544e-02 8.54921915e-05 1.91112946e-04 1.36195915e-04
1.70827947e+02 5.99046585e-02 6.37586761e-03 5.90091440e-02 1.65791623e-04 1.80813028e-04 5.10365774e-05
1.73529135e+02 6.01207358e-02 4.45784996e-03 6.73431498e-02 1.91973171e-04 8.64642423e-05 5.39737132e-05
1.76232307e+02 6.43763457e-02 6.16319950e-03 6.07675394e-02 1.93081269e-04 2.48177666e-04 1.79526793e-04
1.78927994e+02 6.65005119e-02 -2.20598746e-04 6.31328262e-02 1.83248338e-04 1.60151743e-04 1.81979982e-04
1.81620025e+02 6.66240020e-02 1.04753447e-02 5.97920271e-02 5.12177465e-05 2.50965596e-04 3.57369863e-05
1.84325947e+02 7.00442806e-02 6.56161861e-03 5.27644934e-02 2.50521435e-04 1.18123143e-04 1.19675037e-04
1.87024135e+02 6.83540314e-02 -1.55105497e-03 5.76837689e-02 3.06307109e-04 1.29943529e-04 1.12622781e-04
1.89717650e+02 6.97694571e-02 -2.08218020e-03 6.31016934e-02 7.34975544e-05 2.64490244e-04 1.44130244e-04
1.92412854e+02 6.94944452e-02 -8.51533142e-03 5.90915125e-02 5.47351042e-05 1.01796100e-04 9.40142945e-05
1.95101635e+02 6.43073621e-02 -4.46452986e-03 6.64203285e-02 9.37438247e-05 3.05476528e-04 1.16115556e-04
1.97810025e+02 5.66245107e-02 -1.68901979e-04 7.78570881e-02 2.53085290e-04 1.24770448e-04 4.88205772e-05
2.00501979e+02 5.07458941e-02 -2.25172357e-03 8.14099324e-02 1.02828042e-04 5.88876040e-05 7.19525120e-05
2.03199510e+02 4.78127901e-02 -5.31051954e-03 7.20557884e-02 1.07800671e-04 2.94284833e-04 1.60767725e-04
2.05908260e+02 4.78138512e-02 -2.96832536e-03 6.03199750e-02 1.82668960e-04 9.90883904e-05 1.83326887e-04
2.08613807e+02 4.16947439e-02 1.36780848e-04 6.78925606e-02 7.27303987e-05 2.68588220e-04 1.42286386e-04
2.11326650e+02 4.75031294e-02 7.36754787e-03 6.91154585e-02 5.63040603e-05 1.53930022e-04 1.22746160e-04
2.14039729e+02 5.81187619e-02 7.28171924e-03 7.04819897e-02 3.85595405e-05 1.29394758e-04 4.55515638e-05
2.16743416e+02 6.09641313e-02 5.65679469e-03 7.09065422e-02 7.50405472e-05 2.64545676e-04 5.22412117e-05
2.19450510e+02 6.16584098e-02 8.89391323e-03 6.02780020e-02 1.14537295e-04 8.42638040e-05 1.51041792e-04
2.22155432e+02 6.09101624e-02 6.84312241e-03 5.86674374e-02 1.86067155e-04 1.47522312e-04 5.75765378e-05
2.24856635e+02 7.09239657e-02 4.65212193e-03 5.21784394e-02 1.46504528e-04 2.15200955e-04 2.32871948e-04
2.27559588e+02 5.78792774e-02 9.82720232e-03 5.42559192e-02 1.83994556e-04 3.48853985e-04 2.66304415e-04
2.30253010e+02 6.20578558e-02 1.01504821e-02 5.24427766e-02 1.02434078e-04 2.84138340e-04 1.29625606e-04
2.32951666e+02 6.17572148e-02 6.43881663e-03 6.17438966e-02 1.87694381e-04 2.33355527e-04 1.50834040e-04
2.35647322e+02 6.34787647e-02 1.20478593e-02 5.81124615e-02 1.19489020e-04 1.27557595e-04 5.30954252e-05
2.38352572e+02 6.65930229e-02 5.99117963e-03 5.27171217e-02 1.44604068e-04 1.57008158e-04 1.49338467e-04
2.41047760e+02 6.11949416e-02 8.15317117e-03 5.88046919e-02 2.56174884e-04 2.42122455e-04 5.39683364e-05
2.43754479e+02 6.06144165e-02 1.45315643e-03 5.48386598e-02 1.01907609e-04 4.53531846e-04 1.12871389e-04
2.46460838e+02 5.91309075e-02 1.04248803e-05 6.28622386e-02 8.28304544e-05 2.42153073e-04 8.90991894e-05
2.49154885e+02 6.49052738e-02 -2.11202733e-03 5.40259716e-02 1.31378230e-04 1.51078221e-04 9.72688164e-05
2.51868947e+02 6.04360594e-02 4.85683489e-03 5.62516815e-02 8.39812924e-05 1.16678171e-04 1.10860247e-04
2.54568650e+02 6.07942944e-02 -4.56091201e-03 6.20166079e-02 1.18058743e-04 1.38933722e-04 4.77678824e-05
2.57268775e+02 6.84073149e-02 -8.75745512e-03 5.72033276e-02 1.98339277e-04 1.74471554e-04 5.29237558e-05
2.59969854e+02 7.05145255e-02 -9.83324837e-03 6.38999862e-02 5.18253436e-05 3.59980845e-04 1.10706550e-04
2.62663619e+02 7.24603351e-02 -1.47676959e-02 5.90671831e-02 1.98793232e-04 1.12824841e-04 6.15372427e-05
2.65357525e+02 7.13350894e-02 -1.87625918e-02 6.09243971e-02 1.07885237e-04 1.93410545e-04 2.14510486e-04
2.68055935e+02 6.47876080e-02 -1.00884828e-02 4.95435822e-02 1.60406371e-04 2.31791444e-04 1.19843113e-04
