7.02419537e-01 7.25184532e-02 -2.04939586e-03 3.90486046e-02 6.57997011e-05 1.73596614e-04 4.45759668e-05
3.38910993e+00 8.20551772e-02 -9.62992990e-04 3.65208098e-02 2.57449063e-05 1.83594417e-04 9.04239562e-05
6.08048540e+00 8.72079177e-02 -1.01509729e-03 4.69844275e-03 1.26667029e-04 1.85657821e-04 5.99089452e-05
8.78168571e+00 8.68743502e-02 -5.10701701e-03 -1.50151325e-02 5.95122329e-05 2.86240062e-04 1.93786443e-04
1.14796913e+01 8.31537022e-02 -2.36641053e-03 -3.15118757e-02 5.24900246e-05 1.81862161e-04 2.14132607e-04
1.41843788e+01 7.37896843e-02 -4.62821999e-03 -3.86442702e-02 6.16444929e-05 3.68109622e-04 1.28762943e-04
1.68821851e+01 7.02010639e-02 1.08333514e-03 -4.39146872e-02 7.83447684e-05 3.96042452e-04 8.04234021e-05
1.95708101e+01 7.37408323e-02 -4.56522788e-04 -5.31097206e-02 7.91921184e-05 3.50999549e-04 7.57995273e-05
2.22585632e+01 6.89900522e-02 1.39874483e-04 -5.68464233e-02 1.13068356e-04 1.06850687e-04 3.64468916e-05
2.49593992e+01 7.36627915e-02 2.25224026e-03 -5.34817417e-02 7.31917525e-05 8.49761036e-05 6.06057962e-05
2.76569226e+01 7.62175794e-02 -2.31854979e-03 -6.00198044e-02 5.98025147e-05 1.01854809e-04 6.23069005e-05
3.03602116e+01 6.90628387e-02 3.16262599e-04 -6.35744248e-02 1.37098339e-04 1.42877457e-04 1.29359588e-04
3.30593304e+01 6.39644727e-02 -1.24467930e-02 -4.74877452e-02 3.92091420e-05 1.34078371e-04 1.16313571e-04
3.57503945e+01 6.21361230e-02 -9.26505969e-03 -4.77017245e-02 9.23562259e-05 9.84277443e-05 1.75911562e-04
3.84452742e+01 5.72426083e-02 -3.42270973e-03 -5.34726726e-02 2.02439114e-04 7.91665391e-05 3.63386708e-04
4.11518226e+01 5.75177620e-02 -2.45553277e-03 -6.59811942e-02 3.60278406e-04 1.54049475e-04 1.49787761e-04
4.38413617e+01 5.56469399e-02 2.50168816e-03 -5.99156411e-02 1.92765451e-04 1.39346277e-04 1.41828223e-04
4.65467710e+01 5.34915668e-02 -1.77326267e-03 -6.45647469e-02 1.16127615e-04 1.89883510e-04 9.28403167e-05
4.92495038e+01 6.32658346e-02 3.48119245e-03 -6.69492250e-02 2.09006556e-04 3.35490321e-05 1.13727152e-04
5.19602757e+01 6.52952455e-02 1.57170425e-03 -6.47782851e-02 1.47508552e-04 8.93852228e-06 1.04316268e-04
5.46771663e+01 6.22687499e-02 -1.26705980e-03 -5.95583420e-02 7.47873161e-05 1.78565720e-04 1.99830238e-04
5.73711241e+01 6.01103728e-02 2.50408697e-03 -6.35458502e-02 1.04030965e-04 5.39847214e-05 1.04717747e-04
6.00664929e+01 5.90776074e-02 5.60760395e-03 -5.15767364e-02 3.47116682e-05 1.89318138e-04 1.63125200e-04
6.27509960e+01 5.86739941e-02 3.73420060e-03 -5.56673062e-02 2.33964434e-04 1.35839109e-04 2.05984025e-04
6.54595429e+01 6.30074210e-02 8.87736251e-03 -6.08209191e-02 5.43803047e-05 9.67365747e-05 3.29358434e-04
6.81637101e+01 6.40699837e-02 3.97284552e-03 -5.44085926e-02 2.34347083e-04 1.52322230e-04 3.16620024e-05
7.08736648e+01 6.41945168e-02 2.14610503e-04 -5.24392931e-02 1.73874021e-04 2.86909279e-04 3.24547454e-04
7.35728523e+01 5.31674536e-02 5.07214874e-03 -5.46031901e-02 1.62754590e-04 3.45758853e-04 1.10068426e-04
7.62720101e+01 5.52306550e-02 2.08033369e-03 -5.90133026e-02 1.16427063e-04 2.57322071e-04 1.89845176e-05
7.89759367e+01 6.44657670e-02 4.06984459e-03 -6.10883847e-02 1.39651869e-04 2.00348223e-04 2.03227845e-04
8.16645788e+01 6.90156062e-02 9.52490028e-03 -5.87109954e-02 1.57277514e-04 1.01395107e-04 1.12373629e-04
8.43702148e+01 6.07802880e-02 5.74392529e-03 -5.89930844e-02 1.83523876e-04 3.45717795e-05 2.37566919e-04
8.70772898e+01 5.69842966e-02 7.49633448e-03 -6.68275780e-02 1.11489563e-04 1.65212012e-04 1.52840180e-04
8.97833538e+01 5.36537551e-02 7.79564982e-03 -7.19168319e-02 1.29072629e-04 3.22096705e-04 4.01785067e-05
9.24814210e+01 5.84107084e-02 6.01174827e-03 -6.23559661e-02 7.84947825e-05 3.53130591e-04 1.17247124e-04
9.51673585e+01 5.69701823e-02 1.21328313e-02 -5.46464163e-02 1.50561773e-04 2.77892191e-04 9.26094218e-05
9.78698320e+01 6.18288004e-02 1.43810972e-02 -5.52033080e-02 5.73557238e-05 1.79926606e-04 1.19364021e-04
1.00568602e+02 5.96368270e-02 8.91561028e-03 -6.20297005e-02 1.20372953e-04 1.98633224e-04 1.58029209e-04
1.03275618e+02 6.50945198e-02 5.39620535e-03 -5.94551911e-02 1.49700612e-04 2.40303566e-04 5.75438279e-05
1.05975618e+02 6.02447739e-02 1.35219605e-03 -5.38270961e-02 5.80506669e-05 1.21837944e-04 9.54659879e-05
1.08670118e+02 6.44547365e-02 1.09614968e-02 -5.68981458e-02 5.72112012e-05 3.08535992e-04 6.48846332e-05
1.11368196e+02 5.91860916e-02 4.57135559e-06 -6.36271517e-02 1.19601853e-04 6.56499974e-05 5.24609318e-05
1.14065227e+02 5.70086390e-02 3.50167518e-03 -7.40191120e-02 9.59673548e-05 2.23030158e-04 7.71674367e-05
1.16764477e+02 5.40154336e-02 -2.32623446e-03 -6.89542139e-02 2.49466018e-05 2.51980096e-04 2.53292626e-04
1.19459977e+02 5.83647046e-02 2.59335939e-03 -5.86643950e-02 2.14109748e-04 3.28857122e-04 8.20614638e-05
1.22159071e+02 5.89392407e-02 -2.71618077e-03 -5.82812887e-02 2.11960564e-04 3.03379252e-04 1.40037427e-04
1.24860915e+02 6.49190700e-02 7.95709927e-03 -5.87629208e-02 1.45011661e-04 4.58788152e-04 8.54020180e-05
1.27565087e+02 7.08463763e-02 1.31023065e-03 -5.66533053e-02 1.01196877e-05 2.15561990e-04 2.56238654e-04
1.30272134e+02 6.46873784e-02 1.05697615e-03 -6.59585652e-02 6.51075983e-05 3.44298696e-04 1.09825728e-04
1.32984884e+02 5.38211309e-02 -5.70635608e-03 -7.19786022e-02 2.89270431e-04 1.16002714e-04 1.54283204e-04
1.35688946e+02 4.40990237e-02 -9.37737003e-03 -7.39708874e-02 1.47366078e-04 1.52549704e-04 9.61559580e-05
1.38388009e+02 4.54896608e-02 -1.38372708e-02 -7.81442163e-02 8.58218188e-05 2.30698671e-04 7.52826729e-05
1.41094305e+02 3.99666429e-02 -1.81995109e-02 -6.54591775e-02 7.94169954e-05 4.94150369e-04 6.37178989e-05
1.43797477e+02 4.72786354e-02 -2.59649925e-02 -5.95736062e-02 1.11285824e-04 5.80527603e-04 3.70281441e-05
1.46499555e+02 5.51206126e-02 -2.17050932e-02 -5.34861862e-02 7.98996383e-05 2.60535434e-04 1.57057475e-04
1.49207118e+02 6.59014211e-02 -1.15259646e-02 -2.61612219e-02 4.82547609e-05 1.85504720e-04 7.69299185e-05
1.51912509e+02 7.11365845e-02 -1.45391070e-02 -4.35197783e-03 4.76090452e-05 4.17139159e-04 2.43398737e-04
1.54614384e+02 7.56683055e-02 -1.10185061e-02 6.24270840e-03 3.93982854e-04 7.15629252e-05 5.78357790e-05
1.57321852e+02 7.85696877e-02 -6.26974773e-03 2.74323863e-02 5.85257727e-05 4.82445781e-05 2.21794988e-04
1.60023649e+02 7.68297411e-02 -5.00442293e-03 4.09224126e-02 1.11491399e-04 1.31910721e-04 1.58014293e-05
1.62735149e+02 7.44906035e-02 1.45713809e-03 4.43404775e-02 5.80037124e-05 1.30080264e-04 1.62281245e-04
1.65422962e+02 6.36474997e-02 -3.28067836e-03 4.58151929e-02 5.37653620e-05 8.80786586e-05 1.12272281e-04
1.68111946e+02 6.12676095e-02 1.53107800e-02 5.67781786e-02 3.22546149e-05 7.65901278e-05 2.04353071e-04
1.70810774e+02 6.03873634e-02 9.01254697e-03 5.99854190e-02 1.75308794e-04 2.63069205e-04 1.14566575e-04
1.73502696e+02 6.34400509e-02 2.11891701e-03 6.79640637e-02 1.71505090e-04 5.72484785e-04 1.48238696e-04
1.76213587e+02 5.95454124e-02 -4.53681196e-03 6.84008552e-02 7.69852410e-05 4.08548506e-04 1.91308745e-04
1.78922649e+02 6.15024766e-02 2.12897632e-03 6.80977602e-02 8.16879412e-05 2.78627583e-04 2.02700741e-04
1.81624509e+02 6.72140158e-02 4.12131178e-03 6.14974271e-02 2.14319879e-04 1.36759845e-04 1.29478896e-04
1.84314509e+02 7.18373759e-02 -7.96273490e-03 5.36993873e-02 5.19178527e-05 3.26699110e-04 3.69946265e-04
1.87009274e+02 7.41062573e-02 -5.66373912e-03 4.81579072e-02 1.62380291e-04 2.19710260e-04 8.93867113e-05
1.89693399e+02 7.90343902e-02 -3.13049762e-03 4.55233984e-02 4.03372653e-05 5.96449989e-05 4.29894680e-05
1.92388384e+02 7.61930243e-02 -1.56130710e-02 5.44565605e-02 1.19090057e-04 3.33110326e-04 5.60834216e-05
1.95090977e+02 6.78972366e-02 -8.13088848e-03 7.06676604e-02 4.17495923e-05 2.43335841e-04 3.92489182e-05
1.97777759e+02 5.96926459e-02 -1.31685407e-02 6.74470212e-02 1.19886991e-04 1.36456804e-04 9.91572803e-05
2.00482399e+02 6.41295283e-02 -3.40193130e-05 7.06498857e-02 2.29190319e-04 1.13560866e-04 8.00622214e-05
2.03188759e+02 6.60737732e-02 8.31783663e-03 7.01143735e-02 1.14156163e-04 2.08145581e-04 1.30710318e-04
2.05901946e+02 6.23458222e-02 1.56322382e-02 7.70841861e-02 7.55282132e-05 2.56308112e-04 7.84031184e-05
2.08589337e+02 6.37702859e-02 2.13306783e-03 7.51607719e-02 1.86890110e-04 1.52707112e-04 1.48361826e-04
2.11306555e+02 6.35290952e-02 -1.35984378e-03 7.15684659e-02 1.04348696e-04 1.87967534e-04 1.17584259e-05
2.14012196e+02 5.86049448e-02 -3.80946400e-03 7.97725258e-02 8.96625773e-05 2.12026183e-04 6.86291870e-05
2.16712868e+02 5.64379110e-02 3.51489670e-03 7.62390168e-02 1.79018848e-04 1.22972311e-04 1.70980265e-04
2.19431712e+02 5.95494344e-02 -1.12406668e-03 6.93879721e-02 1.42630080e-04 1.56273597e-04 1.21648337e-04
2.22133165e+02 6.48663983e-02 7.68627198e-03 6.45921520e-02 6.38699734e-05 1.10838520e-04 1.67196457e-04
2.24838571e+02 5.91959030e-02 1.06897151e-02 6.20599777e-02 1.67302713e-04 6.42904787e-05 2.01353559e-04
2.27529352e+02 7.00953071e-02 3.94947979e-03 6.33543883e-02 1.07736950e-04 1.31340088e-04 1.31456729e-04
2.30227446e+02 7.11441556e-02 8.23401196e-03 6.09766150e-02 1.46158948e-04 2.20457666e-04 9.72522295e-05
2.32928649e+02 6.24655560e-02 1.06645045e-02 5.99735717e-02 5.39554126e-05 1.24774719e-04 1.66452279e-04
2.35622899e+02 6.91244493e-02 1.06157663e-02 6.03351905e-02 5.44651095e-05 4.19209173e-05 7.34809124e-05
2.38327696e+02 5.53093985e-02 1.95367168e-03 6.13551979e-02 5.68406988e-05 2.68059099e-04 1.63398906e-04
2.41028571e+02 5.86327467e-02 2.66787599e-03 5.99796267e-02 2.26339670e-04 1.70712948e-04 1.21548457e-04
2.43736899e+02 6.21167708e-02 -6.20443060e-04 5.75649803e-02 1.83232484e-04 9.88736979e-05 1.98070803e-04
2.46434946e+02 6.57313070e-02 5.54788700e-03 6.45235759e-02 8.06947720e-05 1.07653690e-04 1.19540835e-04
2.49147352e+02 6.13806897e-02 -1.06897890e-03 6.33571490e-02 1.10325231e-04 1.20869160e-04 6.35705667e-05
2.51845805e+02 6.04772379e-02 9.12422802e-03 6.94321773e-02 7.91679726e-05 7.30700451e-05 4.37275564e-05
2.54542134e+02 6.69845188e-02 -2.81217088e-03 6.35373926e-02 7.74439815e-05 1.49799512e-04 1.96660522e-04
2.57240993e+02 7.02787242e-02 1.31567353e-03 6.30466521e-02 6.95370291e-05 1.77880599e-04 9.77420738e-05
2.59946774e+02 6.56138327e-02 -7.83940754e-03 6.15059254e-02 7.58457484e-05 2.60715713e-04 7.56254797e-05
2.62639180e+02 6.22928993e-02 -5.60172161e-03 6.01447650e-02 1.18654536e-04 2.08780980e-05 1.41144305e-04
2.65337634e+02 6.74504629e-02 -8.00256755e-03 5.46155158e-02 2.26562908e-04 8.33669371e-05 9.00446598e-05
2.68031390e+02 7.44390181e-02 -7.92253515e-03 4.50026283e-02 6.93980632e-05 6.20035704e-05 2.94219128e-04
