6.99945433e-01 7.14160603e-02 -1.21527218e-02 4.23748731e-02 5.41056027e-05 2.22948399e-04 1.08262725e-04
3.39892221e+00 7.40737209e-02 -7.84332560e-03 2.88173554e-02 1.23024428e-04 7.68095445e-05 9.55466359e-05
6.08893909e+00 7.49654906e-02 -6.46615465e-03 3.83093233e-03 1.92143047e-04 3.12507127e-04 9.69609495e-05
8.78693861e+00 7.36651777e-02 -9.11661180e-03 -1.44846041e-03 9.37515843e-05 2.81613656e-04 1.35322959e-04
1.14861931e+01 7.16044073e-02 -6.18051345e-03 -1.92444204e-02 1.33006329e-04 3.60904531e-04 1.08522321e-04
1.41699744e+01 7.78669574e-02 -5.93150923e-03 -2.57427012e-02 1.38597980e-04 1.59028925e-04 1.56202253e-04
1.68667353e+01 7.36112073e-02 -2.27099386e-03 -4.05043803e-02 4.75639706e-05 1.79633898e-04 1.19014404e-04
1.95613291e+01 7.36197395e-02 2.52765075e-03 -4.87530381e-02 2.74790461e-05 1.95527563e-04 5.44186254e-05
2.22668853e+01 6.19575900e-02 5.24823285e-03 -4.89419987e-02 1.44841902e-04 2.74648036e-04 5.06344653e-05
2.49634525e+01 5.83811960e-02 1.37029411e-03 -5.58772518e-02 1.50836915e-04 4.27510606e-04 1.62457942e-04
2.76498572e+01 6.33564418e-02 -1.08341897e-02 -5.29527228e-02 1.51202284e-04 1.22057626e-04 7.62158784e-05
3.03475775e+01 6.25869603e-02 -1.06753253e-02 -5.24077911e-02 1.04172698e-04 1.50275211e-04 6.00282502e-05
3.30423603e+01 5.98506427e-02 -1.22076536e-02 -5.61987215e-02 8.96237575e-05 1.02056186e-04 2.58584207e-04
3.57350510e+01 5.97385453e-02 -9.77618719e-03 -6.43726124e-02 3.15364843e-04 1.69204222e-04 1.01362190e-04
3.84442885e+01 6.66051723e-02 -1.01793615e-02 -6.11241016e-02 8.49317107e-05 6.71235653e-05 8.08452964e-05
4.11500056e+01 6.21059223e-02 -8.54992911e-03 -5.75815162e-02 6.91791579e-05 4.69362814e-05 2.27645228e-04
4.38568150e+01 6.40233189e-02 -1.28414760e-02 -6.13295421e-02 2.38715612e-05 5.00640258e-05 7.42277239e-05
4.65560666e+01 6.12627436e-02 -4.71708961e-03 -6.17285950e-02 1.69785704e-04 1.05396656e-04 1.25287408e-04
4.92721916e+01 5.26258790e-02 -5.02367526e-03 -6.29337415e-02 1.18844121e-04 2.18025064e-05 1.94866745e-04
5.19630697e+01 4.96999174e-02 -4.05606954e-03 -6.34310257e-02 1.42929181e-04 9.04209026e-05 1.07375592e-04
5.46543260e+01 5.50886382e-02 9.44990219e-04 -5.79171939e-02 1.07632366e-04 2.21636383e-04 2.53370275e-04
5.73464760e+01 6.68878901e-02 2.23242124e-03 -6.14604242e-02 2.48229810e-04 2.63766284e-04 6.33233929e-05
6.00624338e+01 6.83095666e-02 4.61655771e-05 -6.01055786e-02 9.58563714e-05 2.02748031e-04 6.44969366e-05
6.27611056e+01 7.03317245e-02 -7.11972782e-04 -6.10841733e-02 1.27999929e-04 7.02629837e-05 2.17296936e-04
6.54678181e+01 6.09079252e-02 3.21498105e-03 -5.65679302e-02 7.28265185e-05 1.13685674e-04 1.59340184e-04
6.81645369e+01 5.35124205e-02 -5.43506896e-03 -6.50429466e-02 2.20748746e-04 2.29849951e-04 3.84337448e-05
7.08663416e+01 4.90280219e-02 2.83641875e-03 -6.89206738e-02 4.54434345e-05 1.45853600e-04 1.66644408e-04
7.35572385e+01 5.43836435e-02 5.12131173e-03 -6.56270126e-02 2.60239216e-04 1.58375686e-04 7.23654344e-05
7.62703775e+01 6.13907542e-02 1.35525868e-02 -6.89730253e-02 3.52345475e-05 8.48321452e-05 1.35778558e-04
7.89743275e+01 5.55117294e-02 1.49881271e-02 -6.94305075e-02 1.37517041e-04 3.59812565e-04 1.95985346e-04
8.16743963e+01 5.52072584e-02 1.47740458e-02 -6.98552013e-02 3.17606365e-04 1.07620961e-04 6.06880693e-05
8.43729572e+01 5.03956182e-02 1.04732642e-02 -7.45044647e-02 1.36150863e-04 2.31057669e-04 7.76459802e-05
8.70642791e+01 6.14747124e-02 1.38382170e-02 -6.12642717e-02 5.55891337e-05 2.20594457e-04 1.27236445e-04
8.97639603e+01 6.41102606e-02 8.92515035e-03 -6.48974928e-02 1.51247008e-04 2.95804697e-04 8.22836143e-05
9.24650041e+01 6.23711074e-02 8.91032038e-03 -5.68065047e-02 1.55453801e-04 2.16704068e-04 2.30942229e-04
9.51782697e+01 6.32409578e-02 1.10199182e-02 -6.68218761e-02 2.60946575e-05 3.99425906e-04 2.16351900e-04
9.78717994e+01 6.50345102e-02 3.05323545e-03 -6.42295993e-02 8.10376254e-05 3.78229608e-04 9.28822418e-05
1.00568565e+02 6.33661700e-02 1.38380022e-02 -6.86863961e-02 9.13021111e-05 2.60107382e-04 4.42283185e-05
1.03264253e+02 5.85190105e-02 1.06447834e-02 -7.19197654e-02 6.56477715e-05 2.98993948e-04 1.88747684e-04
1.05964737e+02 5.64947474e-02 1.73831195e-02 -6.70625886e-02 9.85331919e-05 1.47556747e-04 1.27819618e-04
1.08661424e+02 5.86669774e-02 4.15376757e-03 -7.36015436e-02 5.24163322e-05 3.02284732e-04 6.65816748e-05
1.11368034e+02 5.68303481e-02 -3.96236673e-03 -6.45777223e-02 5.87927989e-05 3.84444975e-04 1.29527262e-04
1.14062628e+02 5.02295084e-02 1.54766447e-03 -6.10148222e-02 9.78825826e-05 9.84408100e-05 1.29392964e-04
1.16771721e+02 5.75148764e-02 -3.21844411e-03 -5.71708325e-02 3.23386461e-05 9.84976820e-05 2.38298892e-05
1.19469674e+02 6.34882867e-02 1.00539471e-03 -6.06868480e-02 1.50220114e-04 5.61992523e-05 7.51934981e-05
1.22167190e+02 7.44256637e-02 6.86847741e-03 -5.69595536e-02 7.09418253e-05 1.53831351e-04 1.19361452e-04
1.24874206e+02 6.94856110e-02 -5.25967859e-03 -6.00336490e-02 1.31860658e-04 1.34897070e-04 7.13998896e-05
1.27570753e+02 6.00233375e-02 -3.69490872e-03 -5.83927867e-02 5.92743770e-05 2.55255203e-04 1.78624113e-05
1.30270565e+02 5.42620792e-02 -2.74333491e-03 -6.13726377e-02 1.68710638e-04 8.08783991e-05 2.79262424e-04
1.32976846e+02 5.40945962e-02 -3.03878359e-03 -5.85887498e-02 8.05965714e-05 9.07546206e-05 1.83615524e-04
1.35676112e+02 6.08465143e-02 -4.49388689e-03 -6.18058400e-02 2.79898799e-04 1.47819841e-04 3.74721421e-05
1.38385596e+02 4.82357953e-02 -8.80064689e-03 -5.56091872e-02 1.37516551e-04 3.93116691e-04 1.84544901e-04
1.41091268e+02 5.25383749e-02 -1.04510826e-02 -6.20187488e-02 3.29590770e-05 1.54485278e-04 1.16226172e-04
1.43810956e+02 6.39056464e-02 -2.01045328e-03 -5.62380871e-02 1.11398961e-04 6.35259421e-05 1.04703747e-04
1.46505612e+02 6.24569871e-02 -1.74658675e-02 -5.03893663e-02 1.35091979e-04 1.18094636e-04 5.47494402e-05
1.49214174e+02 7.09293160e-02 -1.73692704e-02 -3.57474021e-02 9.90904320e-05 4.39386429e-05 1.29404744e-04
1.51909784e+02 6.22779806e-02 -2.32107251e-02 -1.62969435e-02 9.86144821e-05 2.04985100e-04 1.82290024e-04
1.54604674e+02 6.60493176e-02 -2.18492449e-02 1.10045752e-02 1.38013637e-04 2.21920390e-04 1.25479233e-04
1.57299534e+02 7.04811554e-02 -1.54085171e-02 2.93498944e-02 1.66475919e-04 1.75077396e-04 6.10592967e-05
1.59998237e+02 6.87392880e-02 -1.31415165e-02 3.51788059e-02 1.36533939e-04 1.71561847e-04 1.69662425e-04
1.62687940e+02 6.86887576e-02 -1.31345207e-03 3.91450879e-02 1.73080268e-04 1.20634688e-04 1.94397583e-04
1.65393893e+02 7.31336051e-02 3.53577181e-03 4.68722731e-02 6.73621237e-05 2.34539873e-04 2.60692338e-05
1.68104174e+02 6.30929068e-02 7.99373030e-04 5.12238252e-02 7.45646178e-05 2.50289012e-04 1.44550671e-04
1.70808253e+02 5.95035590e-02 3.74553126e-03 5.67612939e-02 2.50883514e-04 3.25002518e-04 3.88007408e-05
1.73518143e+02 6.05653417e-02 7.08675040e-03 6.54394847e-02 1.63979396e-04 2.06445143e-04 1.10899607e-04
1.76218456e+02 6.37891837e-02 8.16670153e-03 5.84065567e-02 1.73731717e-04 4.26128889e-04 1.25067302e-04
1.78917018e+02 6.79247617e-02 1.21252740e-03 6.06022450e-02 1.36884691e-04 9.38190088e-05 1.97571657e-04
1.81602034e+02 6.28975363e-02 9.66050836e-03 6.16384486e-02 6.90252018e-05 1.90226366e-04 6.23373409e-05
1.84305096e+02 6.90251769e-02 7.05199279e-03 5.60208415e-02 2.96905913e-04 9.89008568e-05 4.13795552e-05
1.87010893e+02 6.52178657e-02 2.73548282e-04 6.21395318e-02 2.00684421e-04 9.44429520e-05 1.62079614e-04
1.89700190e+02 6.76090952e-02 -8.42051987e-04 6.54531402e-02 5.56997714e-05 2.44692619e-04 2.06652522e-04
1.92393034e+02 6.47642823e-02 -7.69890277e-03 5.89200377e-02 7.37820336e-05 1.47439302e-04 6.39399839e-05
1.95087378e+02 6.12215450e-02 -5.11282690e-04 6.31390832e-02 6.30085285e-05 2.32595427e-04 5.02508994e-05
1.97789143e+02 5.50780634e-02 1.95104792e-03 7.50158942e-02 2.87178171e-04 1.80009227e-04 2.01613558e-05
2.00481643e+02 5.07165385e-02 -6.50540912e-03 7.92500726e-02 1.02951225e-04 8.76195955e-05 9.54590460e-05
2.03185112e+02 4.62869841e-02 -8.97388843e-03 6.85387336e-02 8.79655937e-05 1.18264255e-04 7.70519618e-05
2.05885643e+02 4.43005410e-02 -5.12931759e-03 6.43539339e-02 1.07881611e-04 8.33807435e-05 1.77139216e-04
2.08595049e+02 3.94351186e-02 3.73325129e-03 6.64847343e-02 7.00727468e-05 2.86871828e-04 1.92314611e-04
2.11303206e+02 4.51677777e-02 7.43556249e-03 6.62502569e-02 1.01640143e-04 7.68221958e-05 1.76468540e-04
2.14021706e+02 5.70148972e-02 7.45869431e-03 6.55594276e-02 5.79056676e-05 1.29259585e-04 8.66770935e-05
2.16729565e+02 5.97599827e-02 5.81575208e-03 6.79363088e-02 1.24089187e-04 1.96766668e-04 4.14624392e-05
2.19428518e+02 6.24802292e-02 9.12690168e-03 5.68501538e-02 1.12514787e-04 9.80690048e-05 1.42615053e-04
2.22133956e+02 6.30500141e-02 6.23209329e-03 6.20041632e-02 1.44075343e-04 1.53708999e-04 8.13743724e-05
2.24834034e+02 7.02821925e-02 5.85735855e-03 5.24323211e-02 1.08440752e-04 2.24884985e-04 1.80035119e-04
2.27536549e+02 5.80859270e-02 1.16187007e-02 5.71459346e-02 1.77871596e-04 3.54457248e-04 1.58116577e-04
2.30233846e+02 6.42182079e-02 7.16406358e-03 5.51951592e-02 7.16508396e-05 3.31289184e-04 1.21455128e-04
2.32931596e+02 6.29770106e-02 5.04318654e-03 6.05625848e-02 2.01592508e-04 4.03695676e-04 1.61479489e-04
2.35625409e+02 6.22305525e-02 1.15228757e-02 5.85592656e-02 1.83395933e-04 1.26803358e-04 4.20684374e-05
2.38330534e+02 6.78323206e-02 8.11334449e-03 5.19233753e-02 8.96397382e-05 2.85754978e-04 2.26383389e-04
2.41024315e+02 6.36714391e-02 5.91922404e-03 6.02349061e-02 1.02441026e-04 2.66113370e-04 4.85043619e-05
2.43730081e+02 5.70099894e-02 2.71846017e-03 5.36671045e-02 1.32869417e-04 4.70361963e-04 1.46829765e-04
2.46432471e+02 5.95186001e-02 -4.06922299e-04 6.12691725e-02 1.16966956e-04 3.69995504e-04 1.04173051e-04
2.49134768e+02 6.42309618e-02 -1.58002755e-03 5.44682775e-02 1.11045155e-04 1.21250984e-04 1.15103827e-04
2.51843346e+02 6.01823619e-02 1.26617080e-03 5.52818302e-02 6.57696296e-05 1.19070151e-04 1.41876285e-04
2.54539971e+02 5.88797472e-02 -6.42297983e-03 5.73039867e-02 1.40851159e-04 1.54549415e-04 2.63339981e-05
2.57240909e+02 6.41985679e-02 -8.24012157e-03 5.91473328e-02 1.31647053e-04 1.67494287e-04 1.18469286e-04
2.59944628e+02 7.14934743e-02 -8.94456264e-03 6.25162902e-02 4.14732386e-05 4.05323095e-04 8.69721673e-05
2.62644643e+02 7.15097756e-02 -1.35446642e-02 5.95936013e-02 1.55136850e-04 1.36701547e-04 1.30457871e-04
2.65332003e+02 7.19075982e-02 -1.94232788e-02 6.05604140e-02 2.27107434e-05 1.91520611e-04 1.57052295e-04
2.68032537e+02 6.18697722e-02 -9.79193117e-03 4.69362894e-02 1.29481475e-04 2.65714008e-04 6.78321508e-05
