7.00423199e-01 7.30792838e-02 -6.23303941e-03 3.62937149e-02 8.22103676e-05 1.20909523e-04 2.75871685e-05
3.38857769e+00 7.86489403e-02 -1.28610603e-03 3.53908858e-02 3.91061347e-05 1.59196528e-04 7.37121960e-05
6.08381550e+00 8.60556635e-02 -4.55601558e-03 5.11535511e-03 1.59782087e-04 1.95022125e-04 4.81105493e-05
8.79041504e+00 8.39034989e-02 -4.38202786e-03 -1.38489628e-02 4.80561467e-05 1.40359848e-04 7.38544183e-05
1.14765678e+01 8.11584879e-02 -4.75729550e-03 -2.71875106e-02 3.49367326e-05 2.37761639e-04 2.86619630e-04
1.41801725e+01 7.36497921e-02 -4.27320150e-03 -3.58104431e-02 9.34179952e-05 2.41310559e-04 1.69282025e-04
1.68794428e+01 7.16749378e-02 1.35101033e-03 -4.23544137e-02 3.49646447e-05 4.02466684e-04 8.75633131e-05
1.95658741e+01 7.15488923e-02 2.86867507e-03 -5.26895640e-02 1.76925670e-04 3.60544597e-04 8.48987169e-05
2.22563100e+01 6.72116601e-02 -1.80561483e-04 -5.70362549e-02 1.56143828e-04 1.05834038e-04 7.89770504e-05
2.49516632e+01 7.46675912e-02 3.05563242e-03 -5.17517187e-02 6.94582023e-05 1.32725454e-04 3.61426942e-05
2.76563038e+01 7.41631275e-02 -2.63950241e-03 -5.94786875e-02 9.69781495e-05 1.41550733e-04 8.36231966e-05
3.03587350e+01 6.91231195e-02 -4.98416189e-03 -6.24658322e-02 1.21271808e-04 4.91085071e-05 5.78704404e-05
3.30501382e+01 6.27630574e-02 -1.42177597e-02 -4.88934558e-02 6.11170957e-05 1.75461486e-04 7.25434721e-05
3.57482913e+01 5.77131742e-02 -9.75816658e-03 -4.77607849e-02 9.59437894e-05 1.11399254e-04 1.22430465e-04
3.84473772e+01 5.86503759e-02 -8.68224251e-03 -5.51729873e-02 1.56943360e-04 4.59845832e-05 3.24375140e-04
4.11456772e+01 5.65755711e-02 -1.76268079e-03 -5.92633759e-02 2.90291179e-04 1.64299785e-04 1.37496993e-04
4.38452522e+01 5.37974930e-02 -1.24404482e-04 -6.03276353e-02 9.22832280e-05 1.56726222e-04 4.84539451e-05
4.65474350e+01 5.85846730e-02 4.56072614e-04 -6.58804517e-02 1.10568540e-04 7.80587674e-05 3.96536202e-05
4.92504975e+01 5.70114481e-02 1.07418359e-03 -6.35484825e-02 2.59070542e-04 8.97354154e-05 7.75558305e-05
5.19561850e+01 6.52494427e-02 1.31231250e-03 -6.54685420e-02 1.11228179e-04 4.61998594e-05 1.00997042e-04
5.46798694e+01 6.28884780e-02 -1.15811064e-03 -6.17658307e-02 9.71715589e-05 2.15583135e-04 2.76923743e-04
5.73670257e+01 6.01553242e-02 4.36350712e-03 -6.11354524e-02 5.02619232e-05 6.93086613e-05 2.06352742e-04
6.00605538e+01 5.84704695e-02 4.81382495e-03 -5.22679095e-02 5.35120260e-05 3.72756000e-04 1.24696377e-04
6.27502225e+01 5.99753296e-02 3.25511734e-03 -5.36350535e-02 1.79380491e-04 9.85110515e-05 1.04354762e-04
6.54557960e+01 6.38845088e-02 6.92565165e-03 -6.05101674e-02 5.67436038e-05 6.92691767e-05 2.02327618e-04
6.81584007e+01 6.14225844e-02 2.93766780e-03 -5.40550262e-02 2.19800765e-04 1.42509075e-04 1.18235032e-04
7.08704257e+01 6.31932655e-02 7.48147552e-04 -5.59446447e-02 1.06975140e-04 3.19181330e-04 2.78007039e-04
7.35681522e+01 5.38755741e-02 6.21574488e-03 -6.04065513e-02 1.13098925e-04 3.74964039e-04 1.65085945e-04
7.62703585e+01 5.75393424e-02 5.48919373e-03 -6.36747587e-02 2.37257621e-04 2.40648226e-04 3.98640396e-05
7.89692272e+01 6.68214678e-02 5.00848696e-03 -6.14523407e-02 1.44865552e-04 2.08330791e-04 1.94479352e-04
8.16599038e+01 6.43430135e-02 9.19578282e-03 -6.35652420e-02 1.98792402e-04 8.48853956e-05 9.99004698e-05
8.43694960e+01 6.51324305e-02 9.43425659e-03 -6.08884130e-02 1.87870762e-04 7.23097877e-05 2.38807863e-04
8.70746288e+01 5.62473357e-02 9.22703619e-03 -6.66243914e-02 1.26603709e-04 1.75427284e-04 1.21571552e-04
8.97740147e+01 5.07435876e-02 8.66478620e-03 -7.07208772e-02 1.53902832e-04 5.45325664e-04 4.88037505e-05
9.24713272e+01 5.69348754e-02 4.28295479e-03 -6.10281896e-02 4.74739642e-05 3.52155187e-04 1.34749260e-04
9.51641147e+01 6.10217091e-02 1.43594353e-02 -5.42985973e-02 7.42612589e-05 3.76986462e-04 1.08237372e-04
9.78676788e+01 6.28747336e-02 1.45244410e-02 -5.61484829e-02 9.70427303e-05 1.15527952e-04 2.18619050e-04
1.00569962e+02 5.84329289e-02 8.83908165e-03 -6.50528774e-02 1.26123968e-04 2.55953623e-04 1.43134852e-04
1.03270430e+02 6.15250051e-02 8.09038646e-03 -6.00829333e-02 2.53556147e-04 2.33634532e-04 6.25862059e-05
1.05963165e+02 6.13081901e-02 4.54542127e-03 -5.56237616e-02 1.07987851e-04 1.46111314e-04 8.99581694e-05
1.08666618e+02 6.60116765e-02 1.03743112e-02 -5.67866910e-02 1.46394151e-04 3.03756161e-04 8.30371301e-05
1.11361993e+02 5.55541814e-02 -3.04856150e-03 -6.30480184e-02 1.08271066e-04 2.83547532e-04 4.49473231e-05
1.14057837e+02 5.22333425e-02 2.31483435e-03 -7.34309262e-02 4.73839720e-05 1.48009235e-04 1.62532550e-04
1.16760055e+02 5.22438378e-02 9.49831724e-04 -7.08707762e-02 1.01700374e-05 1.41918139e-04 2.71787217e-04
1.19457102e+02 6.04020813e-02 8.61940296e-04 -5.67631442e-02 2.73752298e-04 3.43540624e-04 1.28168073e-04
1.22150540e+02 6.18900091e-02 -1.18836649e-03 -5.46277518e-02 2.10200235e-04 1.88175342e-04 1.41845814e-04
1.24858415e+02 6.54172740e-02 7.87508154e-03 -5.67836086e-02 7.91930257e-05 4.83363515e-04 8.98562274e-05
1.27561352e+02 6.88290040e-02 1.15913688e-03 -5.81077124e-02 2.33081737e-05 2.22352167e-04 2.32189410e-04
1.30268243e+02 6.58157854e-02 1.88992339e-03 -6.58508168e-02 8.71050236e-05 3.01878985e-04 8.68383354e-05
1.32981587e+02 5.71485288e-02 -4.18251574e-03 -7.00696892e-02 1.41285395e-04 6.31124566e-05 1.10061876e-04
1.35670165e+02 4.12362988e-02 -1.07090656e-02 -7.53967963e-02 8.53395547e-05 5.33177298e-05 8.44493306e-05
1.38382071e+02 4.55438512e-02 -1.31666728e-02 -7.61241423e-02 9.67109894e-05 3.33798870e-04 8.47347061e-05
1.41089446e+02 4.43461494e-02 -1.59683400e-02 -6.44495327e-02 4.31725662e-05 6.52291853e-04 2.20881710e-05
1.43786196e+02 4.54918166e-02 -2.68626796e-02 -6.17686182e-02 1.23335388e-04 5.93131181e-04 7.78318970e-05
1.46495165e+02 5.71578515e-02 -1.94901460e-02 -5.21374151e-02 6.39241865e-05 2.84598255e-04 1.81232807e-04
1.49205493e+02 6.83962040e-02 -1.32156818e-02 -2.63750555e-02 3.81573420e-05 2.18073659e-04 3.97955098e-05
1.51904727e+02 7.07843479e-02 -1.67186380e-02 -7.09970080e-03 8.15906248e-05 3.10347794e-04 3.64967385e-04
1.54613883e+02 7.33625477e-02 -1.33707888e-02 8.95419801e-03 3.17540896e-04 1.07719743e-04 8.14916857e-05
1.57310743e+02 7.38947624e-02 -9.92603567e-03 2.67110007e-02 6.44142821e-05 2.27122614e-04 1.49535370e-04
1.60006540e+02 7.78481600e-02 -6.45008517e-03 3.77972235e-02 1.29161558e-04 2.36903743e-04 1.86749291e-05
1.62724962e+02 7.56122564e-02 9.20569687e-05 4.12852232e-02 5.85066841e-05 8.80776234e-05 1.24286712e-04
1.65408727e+02 6.35439429e-02 -3.56621090e-03 4.59886668e-02 3.64969465e-05 1.18032436e-04 1.32187830e-04
1.68105524e+02 6.30343394e-02 1.79194202e-02 5.48218715e-02 2.56754617e-05 2.15054749e-05 1.18699730e-04
1.70804087e+02 6.29783412e-02 8.51480749e-03 6.10486283e-02 2.07112849e-04 2.15885727e-04 1.27294879e-04
1.73496180e+02 6.13168188e-02 2.35195265e-03 6.86634201e-02 1.62061999e-04 3.47385325e-04 1.00722708e-04
1.76202633e+02 6.15136885e-02 -3.22742274e-03 6.75624254e-02 9.25665125e-05 2.47478992e-04 7.48496472e-05
1.78911587e+02 6.30667992e-02 1.88432581e-03 6.99025912e-02 7.94320672e-05 1.69783896e-04 2.91371486e-04
1.81612696e+02 6.71509711e-02 4.12232870e-03 6.25668343e-02 2.47891651e-04 1.18017626e-04 8.72448280e-05
1.84307899e+02 7.19880868e-02 -1.54969154e-03 4.95364170e-02 3.77123197e-05 2.26126728e-04 3.16167814e-04
1.87000571e+02 7.34349379e-02 -5.59484612e-03 4.99402902e-02 2.73758913e-04 1.89204942e-04 5.34687468e-05
1.89684962e+02 7.94732262e-02 -4.10353452e-03 4.66329569e-02 2.88716993e-05 1.08579092e-04 9.30282161e-05
1.92381055e+02 8.00954254e-02 -1.47578816e-02 5.62428569e-02 2.46826924e-05 2.68514729e-04 9.97007312e-05
1.95083962e+02 7.08570051e-02 -8.12223277e-03 7.22390471e-02 4.06533990e-05 1.93185232e-04 4.84255089e-05
1.97765743e+02 6.09609908e-02 -1.28959126e-02 7.04689514e-02 1.48276500e-04 1.19646560e-04 4.87608638e-05
2.00471665e+02 5.86392170e-02 -1.47686755e-03 7.53881203e-02 2.36757057e-04 9.43204748e-05 6.01583487e-05
2.03176118e+02 6.27119880e-02 1.09649233e-02 7.17809560e-02 1.15216434e-04 1.27395172e-04 1.03586381e-04
2.05882993e+02 5.85277698e-02 1.15851431e-02 7.59902016e-02 1.00985809e-04 2.86520115e-04 1.41277041e-04
2.08579915e+02 6.35740290e-02 5.32483063e-04 7.36961071e-02 1.67789245e-04 2.05841302e-04 1.81541821e-04
2.11295524e+02 5.99518997e-02 -1.81088870e-04 7.21490643e-02 8.60858194e-05 1.26650487e-04 3.07759097e-05
2.13992633e+02 5.95723984e-02 -2.17311416e-03 8.24507700e-02 1.40729196e-04 1.67015386e-04 8.02376761e-05
2.16707227e+02 5.70763011e-02 5.28442372e-03 7.69215261e-02 1.85074903e-04 1.67420175e-04 9.86589694e-05
2.19422508e+02 6.14269683e-02 -2.36406866e-04 7.03697411e-02 9.06186021e-05 1.48370172e-04 1.25896130e-04
2.22132618e+02 6.15926291e-02 8.62601191e-03 6.23267784e-02 7.40475350e-05 1.16114922e-04 1.50020976e-04
2.24828743e+02 6.13210403e-02 1.08575599e-02 5.80641834e-02 1.19361080e-04 6.78619591e-05 3.51546799e-04
2.27518368e+02 6.65750831e-02 1.28541283e-03 6.05217821e-02 1.36521215e-04 1.75996835e-04 8.50638789e-05
2.30217118e+02 6.85836264e-02 9.74077404e-03 5.48342155e-02 1.59198437e-04 1.27231128e-04 8.84249043e-05
2.32922305e+02 6.02671297e-02 1.37035933e-02 6.04676389e-02 4.21900426e-05 8.52937797e-05 5.52486374e-05
2.35608274e+02 7.04938961e-02 1.06678685e-02 6.08933115e-02 5.50760951e-05 2.45971292e-05 4.60489510e-05
2.38315352e+02 5.79307924e-02 5.29390112e-03 6.04514002e-02 4.39166322e-05 3.20854372e-04 1.93065250e-04
2.41015477e+02 5.70625966e-02 -4.15239034e-04 5.82842258e-02 1.41287234e-04 1.41608562e-04 1.26975172e-04
2.43724821e+02 6.26928894e-02 3.52770244e-03 5.67305186e-02 2.03499183e-04 8.96390669e-05 1.36132597e-04
2.46427102e+02 6.70021040e-02 3.09710144e-03 6.37456152e-02 6.97944264e-05 1.17190792e-04 1.15471972e-04
2.49134462e+02 5.97810112e-02 -7.70648583e-04 6.22965908e-02 7.10920841e-05 2.68008049e-04 1.65042227e-04
2.51842415e+02 6.32194768e-02 6.86411984e-03 6.62759217e-02 8.91739885e-05 4.11938044e-05 1.08263749e-04
2.54534196e+02 6.69192538e-02 1.27453754e-03 6.52703522e-02 3.74487779e-05 6.17774607e-05 1.37085558e-04
2.57230587e+02 7.38677526e-02 -8.00789727e-04 6.32170198e-02 5.51055873e-05 6.49515824e-05 2.00768785e-04
2.59928930e+02 6.63346841e-02 -8.29198116e-03 6.04173476e-02 2.92764611e-05 1.49853043e-04 8.26518755e-05
2.62625790e+02 6.29438857e-02 -8.08297084e-03 5.97226909e-02 1.05791963e-04 2.60106151e-05 1.35968426e-04
2.65323258e+02 6.90474951e-02 -1.07773093e-02 5.30183326e-02 2.19935259e-04 7.26671154e-05 1.31808601e-04
2.68012344e+02 7.44488528e-02 -6.22111706e-03 5.12474096e-02 5.63532252e-05 8.63759039e-05 1.55215898e-04
