6.89099451e-01 7.10608052e-02 -9.51271887e-03 4.89835211e-02 3.88761224e-05 2.08237796e-04 2.13632222e-04
3.38956837e+00 6.83597632e-02 -9.54450512e-03 3.33405629e-02 1.75233350e-04 2.37310913e-04 7.09045301e-05
6.08497853e+00 6.76293116e-02 -1.02003130e-02 2.63012389e-02 6.91898165e-05 1.74106434e-04 1.07350559e-04
8.77439571e+00 7.45218890e-02 -3.58596626e-03 -1.22768250e-04 3.22351809e-05 3.10864749e-04 1.13207695e-04
1.14795252e+01 8.08313075e-02 -5.18493023e-03 -2.82956910e-02 5.59417261e-05 1.28792730e-04 9.74980996e-05
1.41723440e+01 7.92168488e-02 8.66399145e-03 -3.51787112e-02 1.02727778e-04 5.39820920e-05 2.33324067e-04
1.68876252e+01 6.66395601e-02 -1.39846303e-03 -4.04281672e-02 3.36711494e-05 1.01850262e-04 1.66871615e-04
1.95847784e+01 6.66192013e-02 7.35669513e-03 -4.41142987e-02 9.06397720e-05 3.28588080e-05 8.72130693e-05
2.22837112e+01 7.57861928e-02 -4.09110231e-03 -5.39419732e-02 2.34415201e-04 1.20469912e-04 8.70072298e-05
2.49790534e+01 7.35686405e-02 2.78922904e-03 -5.08765818e-02 8.29107537e-05 3.03475070e-05 6.71560183e-05
2.76797143e+01 7.45057909e-02 -2.42525641e-03 -4.74863123e-02 7.27311862e-05 1.55563491e-04 1.24858785e-04
3.03654534e+01 6.12510528e-02 5.62407238e-03 -5.64977995e-02 1.41442224e-04 1.29469971e-04 9.68444062e-05
3.30758049e+01 6.01543221e-02 -8.58133896e-04 -5.08656100e-02 1.56601769e-04 1.17915672e-04 2.37866663e-04
3.57835987e+01 5.20000268e-02 2.81138603e-03 -5.89933437e-02 1.04696640e-04 4.25183623e-04 1.66999332e-04
3.84821956e+01 5.58827549e-02 2.12113113e-03 -5.98347475e-02 1.87565499e-04 2.78521473e-04 7.03012316e-05
4.11889987e+01 5.09567398e-02 1.02490708e-03 -6.35108698e-02 7.01039661e-05 3.47904455e-04 1.36823339e-04
4.38926549e+01 5.59030009e-02 -1.07032288e-03 -6.26739081e-02 3.22213795e-05 2.51872984e-04 2.05767602e-04
4.65902815e+01 5.74259023e-02 -4.97995359e-03 -6.65527746e-02 1.31680034e-04 8.36362839e-05 1.48271288e-04
4.92812190e+01 5.69730911e-02 -9.10590924e-03 -5.78556777e-02 1.18277963e-04 1.41752489e-04 6.33424531e-05
5.19797159e+01 6.02424347e-02 -1.51902748e-03 -5.75797167e-02 1.36031891e-04 2.73324893e-04 1.02248693e-04
5.46769956e+01 5.93596620e-02 -1.14841326e-03 -5.72663125e-02 5.19839168e-05 1.77622949e-04 2.66436450e-04
5.73727924e+01 6.33252627e-02 5.35690350e-03 -5.00035581e-02 9.08446332e-05 1.51106438e-04 1.25058580e-04
6.00734987e+01 6.24502178e-02 7.37244271e-03 -5.63812921e-02 1.13516938e-04 1.89043008e-04 4.67368772e-05
6.27752596e+01 6.07870401e-02 6.64497619e-03 -5.78269708e-02 5.97193613e-05 2.07222304e-04 1.56354173e-04
6.54690034e+01 5.75492333e-02 3.74369203e-03 -6.04559178e-02 9.48467349e-05 4.98010298e-05 1.65050533e-04
6.81681612e+01 5.83707556e-02 6.29196609e-03 -6.09016377e-02 1.27689749e-04 7.06736806e-05 9.81593197e-05
7.08784284e+01 5.98407828e-02 -1.44941806e-03 -6.23939818e-02 3.41137518e-05 1.39349196e-04 2.74348771e-04
7.35726721e+01 5.51378839e-02 7.10379190e-03 -7.03856279e-02 2.74528672e-04 3.96294541e-05 1.89818814e-04
7.62675909e+01 5.47352965e-02 5.03431164e-03 -7.66293907e-02 1.86072467e-04 5.03613023e-05 1.95808369e-04
7.89605768e+01 5.67687200e-02 7.32081476e-03 -6.83034599e-02 7.98938276e-05 7.20952182e-05 3.82871833e-04
8.16676627e+01 5.31730026e-02 8.46916920e-03 -6.70984659e-02 1.88046856e-04 1.25558275e-04 1.85094762e-04
8.43711534e+01 5.53030682e-02 5.49891980e-03 -6.44554522e-02 2.14777932e-04 1.49622741e-04 2.29998464e-04
8.70695643e+01 5.13669266e-02 8.72730903e-03 -5.90010355e-02 1.74944277e-04 1.44053626e-04 1.48784277e-04
8.97725487e+01 5.46965420e-02 3.00101091e-03 -5.86865401e-02 1.49116453e-04 2.82885449e-04 1.59415750e-04
9.24778721e+01 5.88466297e-02 7.07687571e-03 -6.02129650e-02 4.53402880e-05 2.41122145e-04 5.14917122e-05
9.51762487e+01 6.01944232e-02 5.59172216e-03 -5.93272563e-02 7.85571791e-05 1.05233203e-04 1.40895847e-04
9.78747034e+01 5.30679803e-02 1.48148358e-03 -6.32729557e-02 7.48018968e-05 1.62555759e-04 1.10879696e-04
1.00580024e+02 5.29780147e-02 -5.45357218e-03 -5.90195937e-02 1.67343986e-04 5.15988079e-05 2.39993124e-04
1.03286149e+02 5.63856829e-02 2.28826487e-05 -6.19285042e-02 4.29230202e-05 2.12357809e-04 1.20126933e-04
1.05987586e+02 4.71391435e-02 -9.32718423e-03 -7.01201183e-02 2.16738917e-04 3.59776283e-04 7.89990750e-05
1.08693524e+02 4.63124757e-02 -5.71137809e-03 -6.86560379e-02 1.45817225e-04 3.57777561e-04 3.27568555e-04
1.11379196e+02 4.47000884e-02 -3.29199394e-03 -7.16854703e-02 2.84449693e-04 4.05985971e-04 2.60821784e-04
1.14104524e+02 6.04157025e-02 2.39117978e-03 -6.01333991e-02 1.51328768e-04 2.20114263e-04 1.51139102e-04
1.16810102e+02 5.52731728e-02 -2.49832760e-03 -5.69923987e-02 1.85598913e-04 4.40337325e-05 7.02645772e-05
1.19513789e+02 6.10255449e-02 6.01371680e-03 -6.18858388e-02 1.07550837e-04 1.54240848e-04 1.85901313e-04
1.22206727e+02 5.73882812e-02 2.49180747e-03 -5.24924705e-02 2.51825876e-04 8.40939893e-05 8.25904230e-05
1.24909742e+02 7.00143217e-02 1.00382979e-02 -4.95953374e-02 7.55074059e-05 7.11244876e-05 9.32438007e-05
1.27607508e+02 7.13627926e-02 3.49158340e-03 -5.18829719e-02 1.18062717e-04 1.62518887e-04 1.04236381e-04
1.30312852e+02 7.11898722e-02 8.47779776e-03 -5.64410423e-02 1.01355377e-04 1.43519652e-04 1.33984265e-04
1.33011071e+02 7.05872466e-02 3.02484653e-03 -5.39459116e-02 2.09968841e-04 8.14199476e-05 8.73652754e-05
1.35715321e+02 6.83955618e-02 2.98638590e-03 -6.67070819e-02 1.29879279e-04 1.59664417e-04 5.46169947e-05
1.38410617e+02 6.57720752e-02 -2.79079863e-03 -6.99989533e-02 8.17703977e-05 1.70482086e-04 1.00421367e-04
1.41105555e+02 6.95644531e-02 3.71645963e-03 -6.54398920e-02 1.47705407e-04 2.32814720e-04 1.81603930e-04
1.43801149e+02 6.68958406e-02 1.31981001e-02 -5.55586386e-02 2.08887722e-04 9.74899269e-05 1.79186221e-04
1.46507164e+02 7.17913438e-02 7.69942073e-03 -5.18542189e-02 6.22058994e-05 1.45347016e-04 2.55732701e-04
1.49204633e+02 6.97854390e-02 6.13729410e-03 -3.31750870e-02 1.87826735e-05 5.30673021e-05 2.07664556e-04
1.51905649e+02 7.02362164e-02 5.66974443e-03 -4.07227964e-03 6.97966049e-05 1.40296692e-04 1.26947820e-04
1.54586977e+02 7.53076306e-02 1.33013707e-02 9.82974670e-03 2.70727529e-04 5.75483601e-04 1.82241102e-04
1.57282680e+02 7.17451832e-02 1.47207344e-02 2.44776501e-02 4.71603349e-05 3.22980165e-04 1.12136057e-04
1.59984117e+02 7.09291737e-02 1.35140589e-02 2.67324823e-02 2.24566192e-04 6.02112564e-04 9.83132736e-05
1.62672211e+02 6.46880296e-02 2.92254263e-02 4.34095476e-02 1.86371329e-04 8.00884246e-04 1.68801465e-04
1.65392946e+02 6.26644994e-02 2.53596964e-02 5.49586914e-02 1.01844650e-04 3.40324487e-04 1.09128261e-04
1.68098899e+02 6.18917726e-02 2.17653791e-02 5.80389013e-02 1.35885923e-04 1.79246625e-04 2.18623619e-04
1.70795367e+02 5.36918299e-02 8.10300606e-03 6.43676880e-02 9.68147984e-05 1.98134602e-04 6.55264751e-05
1.73502774e+02 5.24675054e-02 1.69889362e-02 7.11805915e-02 6.67201728e-05 1.03479987e-04 1.33019254e-04
1.76219164e+02 5.98143443e-02 1.23654937e-02 7.11438210e-02 3.02101575e-05 2.57967850e-04 1.19789931e-04
1.78927258e+02 5.46153752e-02 -6.13205613e-03 6.63590772e-02 1.89726604e-04 2.13488563e-04 7.57143061e-05
1.81626055e+02 4.55229361e-02 -1.64267508e-03 7.07317044e-02 1.39007991e-04 1.83023641e-04 3.55895088e-04
1.84338914e+02 5.46419939e-02 4.94449051e-03 6.79513684e-02 2.65951840e-04 4.10235121e-04 1.05414209e-04
1.87035664e+02 6.04345605e-02 5.46568423e-03 6.53631898e-02 1.00319448e-04 2.18950131e-04 4.88941905e-05
1.89736742e+02 6.47910769e-02 1.57863116e-04 5.65220893e-02 7.30515160e-05 1.37685225e-04 8.93041860e-05
1.92448524e+02 6.24855302e-02 6.51710948e-03 5.36818514e-02 1.13833372e-04 1.53430598e-04 1.36651680e-04
1.95131742e+02 6.88152842e-02 3.85101184e-03 5.41943676e-02 4.18169479e-05 1.03894875e-04 1.59545906e-04
1.97834477e+02 6.79155388e-02 -1.13653063e-03 6.53119634e-02 8.77912365e-05 8.24762233e-05 1.01500987e-04
2.00531055e+02 6.17848581e-02 5.14717134e-03 5.75393894e-02 1.91536115e-05 2.87097564e-04 2.43259372e-04
2.03230321e+02 5.98301352e-02 -5.97688403e-04 6.96017974e-02 6.09383621e-05 1.66625499e-04 8.94648646e-05
2.05935914e+02 6.56262408e-02 1.75601615e-04 7.51673135e-02 1.33623824e-04 1.40097661e-04 1.31031753e-04
2.08638961e+02 5.75468993e-02 3.63061978e-03 7.85175601e-02 1.54159508e-04 5.75485937e-05 1.62029950e-04
2.11333352e+02 6.09872728e-02 2.08939829e-04 8.02552877e-02 9.04279412e-05 6.74934926e-05 9.21598336e-05
2.14027086e+02 5.78718122e-02 3.01507517e-03 7.92664354e-02 7.56321138e-05 1.19287034e-04 4.09380596e-05
2.16727899e+02 5.03845719e-02 4.53786390e-03 6.78415709e-02 8.67587739e-05 3.23317984e-04 7.84602479e-05
2.19426258e+02 5.26289061e-02 1.28431168e-02 6.26309079e-02 5.74319856e-05 2.45021910e-04 1.51989160e-04
2.22126914e+02 5.45577617e-02 1.40659052e-02 5.92209599e-02 1.54658204e-04 1.96530617e-04 1.56293631e-04
2.24826133e+02 5.56841408e-02 6.56093952e-04 5.98812170e-02 1.67899610e-04 1.98487300e-04 1.25775983e-04
2.27525633e+02 6.24105887e-02 2.27747351e-03 4.91835162e-02 1.78344645e-04 5.14779337e-04 1.70638496e-04
2.30219836e+02 7.17881935e-02 -3.36548531e-03 4.53494876e-02 6.00718569e-05 4.43983948e-04 3.27495972e-05
2.32907492e+02 7.64184968e-02 7.79519273e-03 4.45274912e-02 2.20310137e-05 1.96089512e-04 8.29868708e-05
2.35619821e+02 6.44340099e-02 6.19992660e-03 5.03769389e-02 7.83548713e-05 1.54490154e-04 3.77847359e-05
2.38317946e+02 5.87135075e-02 1.51004958e-02 5.39723483e-02 1.86640055e-04 2.41296693e-04 2.02229568e-04
2.41016946e+02 5.92684710e-02 2.48244455e-03 6.46587547e-02 1.67610772e-04 4.06336123e-04 1.06197201e-04
2.43720524e+02 6.66434908e-02 3.87560130e-03 5.99725880e-02 1.33630767e-04 9.22918013e-05 2.33036394e-04
2.46431633e+02 6.11067650e-02 1.70602504e-03 6.32615257e-02 1.68016174e-04 2.53536007e-04 6.32871162e-05
2.49130899e+02 6.29111830e-02 -4.33299684e-04 6.25730097e-02 1.09230988e-04 1.69765228e-04 1.23861091e-04
2.51842524e+02 5.97433372e-02 1.02351781e-03 5.72469902e-02 9.46750218e-05 1.36974698e-04 1.19729813e-04
2.54535367e+02 6.40219487e-02 -6.85188810e-03 5.79066944e-02 1.02987497e-04 3.09894107e-04 8.31344461e-05
2.57239524e+02 6.52039430e-02 -8.20769812e-03 5.44920304e-02 1.73791241e-04 3.14968874e-04 3.95366189e-05
2.59930289e+02 7.06069973e-02 -1.16871440e-02 5.10237648e-02 2.55743542e-04 2.17543326e-04 8.25436176e-05
2.62625930e+02 7.05807284e-02 -1.54090546e-02 4.91045496e-02 1.17194644e-04 7.55041843e-05 6.07545784e-05
2.65328446e+02 6.76771522e-02 -9.65654093e-03 5.25408180e-02 1.85176646e-04 9.09086734e-05 4.61783830e-05
2.68030008e+02 7.11883903e-02 -9.71304079e-03 4.76534643e-02 1.30703137e-04 2.30151902e-04 1.02096439e-04
