6.72408805e-01 6.99035549e-02 -5.12669105e-03 3.48788274e-02 9.30050906e-05 2.90888652e-04 1.77570306e-04
3.37546188e+00 7.51202456e-02 -1.11628247e-02 2.78875422e-02 1.03090625e-04 5.14006380e-04 7.03990254e-05
6.07357141e+00 7.78561377e-02 -6.28181307e-03 4.00226056e-03 1.38560355e-04 6.61442524e-04 8.51884342e-05
8.77022313e+00 7.21133879e-02 -1.48910338e-02 -6.02230378e-03 1.55544333e-04 6.16272344e-04 2.44188693e-05
1.14772098e+01 7.32693055e-02 -1.40682035e-02 -2.24383842e-02 5.25325995e-05 4.92863755e-04 8.88523365e-05
1.41826255e+01 7.59741289e-02 -1.79277436e-02 -2.72710632e-02 1.23564509e-04 3.79748058e-04 8.70093096e-05
1.68840958e+01 7.64031471e-02 -2.47821456e-02 -4.13978803e-02 1.59710069e-04 2.73933094e-04 2.93922172e-05
1.95712255e+01 7.43751518e-02 -2.43262704e-02 -5.06119245e-02 1.28365384e-04 8.18217808e-05 2.09921609e-04
2.22705973e+01 6.07999165e-02 -2.37298630e-02 -5.29282455e-02 4.76162216e-05 1.77624288e-04 9.71462017e-05
2.49806833e+01 5.60022356e-02 -2.54215801e-02 -6.18783297e-02 4.35927267e-05 8.99684929e-05 4.37798049e-05
2.76913755e+01 6.00696542e-02 -1.95501747e-02 -6.88678670e-02 5.70126733e-05 7.54227224e-05 7.65916722e-05
3.03821333e+01 6.34421084e-02 -1.45123324e-02 -6.26372043e-02 1.28584620e-04 2.85188898e-04 1.25375011e-04
3.30833427e+01 5.71590760e-02 -1.21812584e-02 -5.08681695e-02 1.09273701e-04 3.08243023e-04 1.21430920e-05
3.57882458e+01 5.53939926e-02 -6.44150425e-04 -4.96163703e-02 1.13077678e-04 4.95254385e-04 1.62486186e-04
3.84896958e+01 6.51441239e-02 5.99803739e-03 -4.98566107e-02 1.72890486e-04 2.46637533e-04 2.40359031e-04
4.11853927e+01 6.78179778e-02 8.99071492e-03 -4.03759953e-02 4.68237702e-05 2.99254769e-04 9.07151155e-05
4.39010395e+01 6.20607261e-02 1.45668051e-02 -4.68433203e-02 1.38875880e-04 1.61467955e-04 9.29616998e-05
4.66058208e+01 5.99386411e-02 1.24764374e-02 -6.26758327e-02 6.61465628e-05 4.86094011e-05 2.38507197e-04
4.92904833e+01 5.74889298e-02 9.56629062e-03 -6.20776124e-02 1.27216371e-04 1.55719405e-04 1.79178474e-04
5.19926958e+01 6.08225675e-02 6.86125269e-03 -5.79028721e-02 6.92038746e-05 1.60562600e-04 1.01239248e-04
5.47008505e+01 7.01332086e-02 9.13230411e-03 -5.90387214e-02 7.87560868e-05 2.07185859e-04 9.07676162e-05
5.73995989e+01 6.13640584e-02 7.47290697e-03 -5.53429469e-02 1.84246849e-04 1.08976146e-04 1.57600534e-04
6.01075989e+01 5.97890641e-02 1.51588626e-02 -5.99567545e-02 6.18084731e-05 1.97736410e-04 2.43995800e-04
6.28006442e+01 6.41810032e-02 7.15886961e-03 -5.40520934e-02 2.56146057e-04 1.79224899e-04 2.77553470e-04
6.54990973e+01 6.92219484e-02 6.08850336e-03 -6.41739268e-02 2.10320342e-04 1.31353108e-04 1.98659436e-04
6.81880489e+01 5.75722396e-02 7.97842480e-03 -6.35023551e-02 7.62469795e-05 1.29986036e-04 6.84914511e-05
7.08855161e+01 6.54523011e-02 8.64441332e-03 -5.74320248e-02 1.51782850e-04 1.41888331e-04 2.50010574e-05
7.35853770e+01 6.04278704e-02 6.71321447e-03 -4.64296973e-02 4.63488234e-05 1.53642256e-05 7.92611714e-05
7.62761333e+01 6.14166147e-02 1.06485251e-02 -4.79393433e-02 1.60856526e-04 7.92439052e-05 1.10250845e-04
7.89803239e+01 6.25156930e-02 8.24599861e-03 -4.71877505e-02 4.62769336e-04 2.04650943e-04 2.10005832e-04
8.16860442e+01 5.73215798e-02 7.67323416e-04 -4.56386922e-02 2.10121945e-04 3.15539658e-04 3.06430807e-04
8.43817973e+01 6.26155991e-02 2.91914492e-03 -5.52766545e-02 3.40955614e-04 1.81309434e-04 7.11722710e-05
8.70824708e+01 6.46624471e-02 4.79806326e-03 -5.76767392e-02 1.13198708e-04 9.67387595e-05 1.96428986e-04
8.97800723e+01 6.13902975e-02 5.96305057e-03 -6.42392187e-02 1.03953156e-04 4.81229897e-04 3.74098487e-05
9.24827177e+01 5.03540850e-02 1.21227771e-02 -6.67425901e-02 1.97853577e-04 1.90158617e-04 2.81138378e-04
9.51894661e+01 4.67307275e-02 1.44434372e-02 -6.35974390e-02 1.34965701e-04 8.84238613e-05 7.33750153e-05
9.79040161e+01 4.73780575e-02 8.14553133e-03 -6.26464629e-02 1.76100000e-04 2.74934579e-04 1.09326370e-04
1.00604958e+02 5.42176031e-02 5.63075448e-03 -4.79457713e-02 1.86048300e-04 1.85089027e-04 3.61580410e-04
1.03319443e+02 4.69066325e-02 -6.90756141e-04 -5.92979670e-02 2.77130872e-04 1.02409413e-04 8.44908077e-05
1.06032365e+02 5.03650847e-02 4.69788760e-03 -5.97851858e-02 1.07470303e-04 3.64421798e-05 2.61915165e-04
1.08727286e+02 5.77838392e-02 3.16704310e-03 -6.24771917e-02 8.26137351e-05 7.05577184e-05 1.01273589e-04
1.11426427e+02 6.94758157e-02 6.38446064e-03 -5.55398146e-02 1.01987564e-04 1.29288733e-04 5.92250289e-05
1.14122646e+02 5.86492276e-02 -3.76675368e-04 -5.96492890e-02 2.81522292e-05 1.61617289e-04 1.34618673e-04
1.16827036e+02 5.88174758e-02 4.16198621e-03 -6.31963807e-02 3.11746780e-05 1.66829002e-04 1.36216635e-04
1.19518021e+02 4.07968361e-02 1.81069362e-04 -6.93600036e-02 2.43686264e-04 1.94736479e-04 1.09144171e-04
1.22212724e+02 3.92549840e-02 -2.32724597e-03 -7.50537086e-02 9.75652803e-05 1.27296806e-04 8.85655820e-05
1.24918911e+02 4.37127947e-02 -9.23945398e-03 -6.97870607e-02 2.66682409e-04 1.17960816e-04 3.58448407e-05
1.27624677e+02 5.31133168e-02 -6.00719826e-03 -6.47981260e-02 2.33144995e-04 3.11625556e-04 1.78158110e-04
1.30324552e+02 5.49568667e-02 -2.85375257e-03 -6.79953889e-02 1.11166810e-04 2.94984901e-04 8.68658779e-05
1.33022365e+02 5.70464019e-02 -2.82175900e-03 -6.67141099e-02 1.49916374e-04 1.61258771e-04 4.87213426e-05
1.35725802e+02 6.25617674e-02 4.28391615e-03 -6.64178860e-02 8.65609268e-05 2.46490205e-04 6.59538211e-05
1.38422005e+02 6.44866326e-02 9.67530251e-03 -5.79903993e-02 1.27153436e-04 2.61738684e-04 1.51456263e-04
1.41118708e+02 7.03984137e-02 9.09175442e-03 -5.03445891e-02 1.33923789e-04 5.73220110e-04 2.29796473e-04
1.43802583e+02 6.47218085e-02 2.53154924e-03 -4.92321845e-02 1.11652409e-04 3.92391251e-04 1.89389342e-04
1.46505255e+02 6.87349882e-02 4.62989046e-03 -4.33267453e-02 3.90493648e-05 1.51514254e-04 8.69150650e-05
1.49197771e+02 7.07533877e-02 3.20018514e-03 -2.84777216e-02 2.12932868e-04 2.54568316e-04 1.04233937e-04
1.51903255e+02 7.42801229e-02 -4.85449383e-03 -1.78668836e-02 1.11289757e-04 2.35680751e-04 1.33676878e-04
1.54608380e+02 8.20999690e-02 -5.82706886e-03 1.14472671e-03 1.19369023e-04 2.80627478e-04 5.81421885e-05
1.57308318e+02 7.76728997e-02 -1.06059128e-02 1.60353379e-02 5.64946176e-05 2.13384589e-04 1.08094710e-04
1.60016833e+02 8.38976529e-02 -3.20665995e-03 3.68861986e-02 3.43319776e-05 3.03942757e-04 8.35631650e-05
1.62716333e+02 8.05543824e-02 -1.00951792e-02 3.90956169e-02 6.69719424e-05 2.84704495e-04 1.33683515e-04
1.65410740e+02 5.78669512e-02 -8.84127920e-03 4.80808592e-02 1.37193115e-04 1.45349697e-04 4.41836850e-05
1.68106724e+02 5.98771421e-02 -6.37116017e-03 5.18345038e-02 1.40241764e-04 1.43079957e-04 1.21573213e-04
1.70803458e+02 7.04022685e-02 -2.32621815e-03 5.08403382e-02 1.10491675e-04 1.52371437e-04 1.90920945e-04
1.73499240e+02 7.23642875e-02 -1.07505915e-02 5.88242431e-02 4.46308683e-05 1.19408677e-04 1.86639521e-04
1.76199099e+02 6.83740165e-02 -4.89049303e-03 5.97563775e-02 1.01532073e-04 2.56458079e-04 1.11900922e-04
1.78913286e+02 5.77709958e-02 3.00867030e-03 6.04422995e-02 2.23766126e-04 2.71239312e-04 1.53401136e-04
1.81613115e+02 6.89574387e-02 7.26025012e-03 6.15125071e-02 1.24914127e-04 8.36414346e-05 1.32165938e-04
1.84303943e+02 7.49208706e-02 -7.21607043e-04 5.44394639e-02 7.90679700e-05 2.74566539e-05 1.39773483e-04
1.87007333e+02 6.64436606e-02 -2.73450851e-03 5.72970313e-02 1.79577729e-04 1.59247959e-05 1.66008816e-04
1.89708615e+02 5.58659933e-02 8.71632602e-03 6.23048012e-02 2.11433500e-05 2.36666806e-05 7.27317392e-05
1.92418818e+02 4.98745926e-02 -1.93907279e-03 5.76185358e-02 5.58804553e-05 5.36289931e-05 1.11717045e-04
1.95119052e+02 4.57992283e-02 3.22038817e-03 6.36473336e-02 8.54316019e-05 4.79466104e-04 2.10800366e-05
1.97829583e+02 4.88582334e-02 7.58895757e-03 6.48013620e-02 1.36841374e-04 2.19268642e-04 6.74909172e-05
2.00535161e+02 6.14515790e-02 -3.63651170e-03 6.05054847e-02 9.33157505e-05 5.02227440e-04 4.22631593e-05
2.03241224e+02 6.12962804e-02 6.17400292e-03 5.97993532e-02 1.20739986e-04 2.36880943e-04 1.06479766e-04
2.05940068e+02 6.74118104e-02 -5.09060889e-04 5.36534138e-02 8.16909161e-05 3.04853346e-04 1.92952357e-04
2.08643536e+02 6.60124612e-02 -3.88217657e-05 4.26055837e-02 2.14749640e-04 1.82666727e-04 1.56765111e-04
2.11349552e+02 6.62882135e-02 2.61624665e-03 4.66473863e-02 1.35886487e-04 2.24128617e-04 1.09277769e-04
2.14046927e+02 7.31558370e-02 7.49423553e-03 4.68174867e-02 5.04226467e-05 2.79918250e-04 7.95694586e-05
2.16736177e+02 6.73538659e-02 5.85618493e-03 5.06091189e-02 8.19306005e-05 2.80364061e-04 8.03472913e-05
2.19439411e+02 6.98788768e-02 -2.75664515e-04 5.94812776e-02 1.89288219e-05 1.91953914e-04 1.83953613e-04
2.22143083e+02 6.51110802e-02 -7.18231754e-03 6.34385913e-02 3.98044989e-05 2.63372398e-04 1.86347523e-04
2.24848161e+02 6.90227830e-02 -1.60121951e-03 6.11080280e-02 2.20586849e-04 4.08651440e-04 1.36096883e-04
2.27546161e+02 6.76473456e-02 -4.92106224e-03 5.71704847e-02 1.51646449e-04 5.07462082e-04 2.02566075e-04
2.30242396e+02 6.16148434e-02 -8.10782947e-03 6.31432073e-02 7.99601654e-05 5.53274082e-04 1.74186347e-04
2.32941615e+02 5.79770534e-02 -6.57185214e-03 6.71729664e-02 8.11646429e-05 3.12434225e-04 8.34586512e-05
2.35643911e+02 5.29825740e-02 4.00305151e-03 6.45093945e-02 3.03581343e-05 4.55422583e-04 1.68862247e-04
2.38347583e+02 4.49362935e-02 9.80721533e-03 5.98574080e-02 1.69473124e-04 4.83111673e-04 1.60543991e-04
2.41035630e+02 5.16384194e-02 2.43366051e-03 6.11909185e-02 8.90120241e-05 1.54254764e-04 7.00971855e-05
2.43727958e+02 5.40408784e-02 4.54395929e-03 5.76813269e-02 1.88056297e-04 2.18971805e-04 1.20612713e-04
2.46416036e+02 6.43495992e-02 -7.57049607e-03 5.73064821e-02 1.11960162e-04 2.96181040e-04 2.21817498e-04
2.49112115e+02 7.31849045e-02 -3.19215708e-03 5.58309244e-02 5.54294836e-05 2.43301086e-04 1.52892633e-04
2.51812146e+02 6.69512823e-02 9.51228438e-04 6.29526251e-02 6.59542926e-05 1.91821634e-04 5.09281420e-05
2.54516458e+02 5.72349166e-02 5.56908984e-03 7.30699689e-02 1.43146326e-04 2.50376527e-04 1.35612483e-04
2.57220849e+02 5.64127125e-02 8.37255189e-03 7.16251699e-02 1.60689441e-04 2.46576310e-04 4.56254322e-05
2.59926146e+02 5.89611841e-02 -3.84258732e-03 6.71500307e-02 1.07143501e-04 4.63661394e-05 2.58571426e-05
2.62624380e+02 6.75774699e-02 -2.26481866e-04 6.21213622e-02 1.19990245e-04 2.51710923e-04 2.06244947e-04
2.65327693e+02 6.97547552e-02 -5.60000966e-03 4.95962978e-02 3.99500270e-05 2.58342478e-04 7.98353560e-05
2.68019581e+02 6.67019168e-02 -4.32119766e-03 4.47138792e-02 3.86637878e-04 3.83155700e-04 4.33407550e-05
