6.66576460e-01 8.16137921e-02 1.82316643e-03 -2.94076199e-02 7.01416678e-05 1.27932347e-04 1.42406288e-04
3.36847645e+00 7.74222966e-02 6.93623038e-03 -3.65108745e-02 1.03189675e-04 9.22963913e-05 6.65657954e-05
6.06548739e+00 6.90559572e-02 -2.80240203e-03 -5.07014107e-02 1.72734569e-04 1.63351832e-04 5.22572781e-05
8.76335504e+00 5.93247765e-02 -8.26105429e-04 -5.59958698e-02 1.12280019e-04 1.59129621e-04 2.82159046e-05
1.14749958e+01 5.73761711e-02 -7.27794398e-03 -5.84546033e-02 2.20852687e-05 4.30141929e-05 6.97291453e-05
1.41706177e+01 5.65784839e-02 -4.35305699e-03 -5.87940488e-02 9.47395780e-05 9.43780087e-05 1.06103842e-04
1.68666802e+01 5.60603598e-02 -7.59469828e-03 -4.44056278e-02 8.02911474e-05 7.61538964e-05 6.03342262e-05
1.95807396e+01 6.15330230e-02 1.68360321e-04 -3.59069088e-02 1.36746996e-04 5.06184045e-04 1.57536646e-04
2.22834583e+01 7.09648584e-02 -8.76321455e-03 -3.36119350e-02 1.42592390e-04 2.34062892e-04 1.81066796e-04
2.49972708e+01 6.77349540e-02 3.12543830e-03 -2.94046751e-02 3.10879475e-04 3.15004993e-04 4.95066519e-05
2.76981427e+01 6.60791226e-02 3.77571386e-03 -4.23030599e-02 1.18435797e-04 1.58186645e-04 2.15500727e-04
3.04025271e+01 6.81304762e-02 3.59842934e-03 -5.55647916e-02 1.78331329e-04 1.47765588e-04 6.37808084e-05
3.31021052e+01 7.00886940e-02 2.84711951e-03 -5.07207343e-02 1.14351876e-04 2.37466855e-04 1.12809396e-04
3.58035349e+01 6.94934294e-02 5.64418606e-03 -5.36973218e-02 7.65848146e-05 1.70300206e-04 3.28063174e-05
3.85065224e+01 6.03499386e-02 4.22175378e-03 -5.69623863e-02 1.02586196e-04 3.71708355e-04 1.53944222e-04
4.11988052e+01 5.39798453e-02 5.87992373e-03 -6.07481166e-02 1.16983004e-04 4.06911404e-04 1.05605865e-04
4.39030114e+01 6.00651608e-02 4.41839103e-03 -5.92332235e-02 1.87503178e-04 4.62457151e-04 1.32201855e-04
4.66062833e+01 6.29225513e-02 -3.26887934e-03 -5.94018657e-02 2.44959938e-04 5.93598348e-04 1.28843648e-04
4.92984693e+01 6.76876630e-02 -2.04161381e-03 -6.07379322e-02 5.70827829e-05 5.69018939e-04 1.30227646e-04
5.20021146e+01 6.56790581e-02 8.28149850e-04 -5.83650370e-02 9.11178383e-05 5.08340425e-04 1.37509792e-04
5.46924536e+01 7.64654259e-02 -5.38332216e-03 -5.16155622e-02 1.55662902e-04 2.17756853e-04 5.19266194e-05
5.73806052e+01 6.89824827e-02 2.67848152e-03 -4.55137536e-02 4.96706827e-05 2.86573875e-04 1.65386863e-04
6.00756896e+01 6.59167260e-02 1.93296098e-03 -4.12338558e-02 6.84436870e-05 2.59695228e-04 1.42982616e-04
6.27828568e+01 6.21791838e-02 2.64856289e-03 -5.52298678e-02 6.07581845e-05 2.21966315e-04 1.10672328e-04
6.54747521e+01 5.95984385e-02 -3.87519370e-03 -4.60505770e-02 8.34303766e-05 2.16934364e-04 6.53094206e-05
6.81671443e+01 5.31498922e-02 -4.81800660e-03 -5.45136250e-02 2.95229501e-05 3.78169161e-04 8.14356592e-05
7.08760771e+01 5.48977162e-02 -4.42422344e-03 -6.08045616e-02 2.44266328e-04 2.07163315e-04 5.53777769e-05
7.35762614e+01 5.12608519e-02 3.26686615e-03 -7.29911724e-02 2.34565117e-04 2.56656106e-04 1.76634073e-04
7.62828458e+01 5.71875579e-02 3.38644040e-03 -6.83633410e-02 9.21428268e-06 1.01171970e-04 5.72245748e-05
7.89874083e+01 5.70142064e-02 -3.58442048e-03 -7.14477442e-02 8.70681107e-05 4.78079176e-05 6.80724699e-05
8.16961599e+01 5.42296935e-02 -5.00591654e-03 -6.03056343e-02 1.35703226e-04 7.27553661e-05 1.09026091e-04
8.44060958e+01 4.82374325e-02 -7.65055777e-04 -6.12472008e-02 2.43937924e-04 2.15154736e-05 1.02969126e-04
8.71267927e+01 4.03099075e-02 -4.57051014e-03 -5.54444341e-02 8.15814486e-05 9.65588930e-05 2.58114777e-04
8.98346990e+01 4.69080010e-02 -5.64083633e-03 -6.07166106e-02 1.98891385e-04 2.61635558e-04 1.88627059e-04
9.25393771e+01 6.11534761e-02 -2.74109108e-03 -6.20018003e-02 8.15403676e-05 2.29946404e-04 1.36190143e-04
9.52368208e+01 5.64418948e-02 -3.13840346e-03 -5.53190672e-02 7.08686793e-05 6.20624377e-04 1.06240279e-04
9.79298114e+01 5.78548114e-02 -4.72992584e-03 -5.55249014e-02 5.69721985e-05 7.08699716e-04 1.02489191e-04
1.00635661e+02 4.86421566e-02 -2.36852961e-03 -5.79328396e-02 1.23625148e-04 6.33922175e-04 5.05830885e-05
1.03331724e+02 5.24710630e-02 -5.27589927e-03 -6.32705384e-02 6.40570052e-05 1.25935449e-03 1.06140371e-04
1.06040599e+02 4.59222854e-02 -3.52948384e-03 -6.76767910e-02 2.12138262e-04 5.47685757e-04 1.22125092e-04
1.08736974e+02 4.83817702e-02 -8.89750459e-03 -7.55490758e-02 5.77503474e-05 7.88644840e-04 6.99373009e-05
1.11437208e+02 5.35666424e-02 -7.07795534e-03 -6.89661292e-02 2.30893102e-04 2.40619714e-04 7.27277625e-05
1.14138271e+02 6.17990105e-02 -9.98248847e-03 -6.95405246e-02 2.59017339e-04 2.99125576e-04 7.80969066e-05
1.16838568e+02 7.06161369e-02 -7.68970181e-04 -6.93701087e-02 1.08158255e-04 1.98918618e-04 1.40670458e-04
1.19532021e+02 5.95595976e-02 -1.73891357e-03 -6.71892247e-02 1.17101818e-04 1.96869079e-04 2.72717529e-04
1.22227833e+02 5.08510635e-02 -7.05242383e-03 -4.93554736e-02 5.52481750e-04 3.22527403e-04 1.22394132e-04
1.24915021e+02 6.13884951e-02 -1.64439023e-03 -1.37657063e-02 1.85964965e-04 3.83774760e-04 3.53798769e-04
1.27600146e+02 6.61609346e-02 -5.37291817e-03 7.99427849e-03 2.36844129e-04 3.75275268e-04 2.62181840e-04
1.30301099e+02 6.49483176e-02 -1.29769528e-03 2.34693478e-02 7.65979742e-05 6.79643677e-05 1.73202430e-04
1.32998193e+02 7.59541622e-02 -5.74897682e-03 3.65316974e-02 1.13946760e-04 2.79498422e-04 7.08285948e-05
1.35691208e+02 7.27426107e-02 1.47317308e-03 5.15126926e-02 9.14720548e-05 1.67889604e-04 7.25378677e-05
1.38398771e+02 7.04466693e-02 3.79606476e-03 6.56900236e-02 1.25417565e-04 3.26398216e-04 9.53300984e-05
1.41093896e+02 6.57830349e-02 3.18143264e-03 7.37719538e-02 1.52668862e-04 2.55953450e-04 1.51021341e-04
1.43802146e+02 6.67655692e-02 -1.20336348e-03 5.84941980e-02 1.49792227e-04 7.37061919e-05 1.86272918e-04
1.46502740e+02 6.61750702e-02 -7.97283576e-03 5.96463398e-02 8.18613394e-05 1.87643714e-04 1.75590211e-04
1.49203380e+02 6.22513662e-02 2.06948648e-03 6.11494300e-02 8.11624433e-05 3.75894837e-04 9.18019516e-06
1.51905177e+02 5.95409463e-02 -2.23434013e-03 5.57995044e-02 4.27268607e-05 4.51926569e-04 2.68711690e-04
1.54610865e+02 6.01992443e-02 6.64336004e-03 4.94541691e-02 1.33263290e-04 2.60385511e-04 9.98524520e-05
1.57304005e+02 6.70609846e-02 5.78626156e-03 4.11699713e-02 9.45381745e-05 5.63383583e-04 2.51422134e-04
1.60000615e+02 6.58203397e-02 6.81212784e-03 4.77075094e-02 4.79779604e-05 1.93818756e-04 1.72957720e-04
1.62693240e+02 5.89500595e-02 8.31474090e-04 5.73854671e-02 2.11049600e-04 6.23383363e-04 5.40595704e-05
1.65399536e+02 5.39478619e-02 1.15257115e-03 6.20471906e-02 1.59748169e-04 4.81993519e-04 8.55818435e-05
1.68110255e+02 6.34493178e-02 -6.66350482e-03 6.58698471e-02 2.19463148e-04 2.37005099e-04 4.92690891e-05
1.70812443e+02 6.45246887e-02 -7.27184312e-03 5.20153255e-02 3.67675251e-05 2.74403087e-04 8.92884150e-05
1.73517552e+02 6.68913160e-02 -1.97251899e-02 4.87763305e-02 7.50280997e-05 2.84798122e-04 1.85656768e-04
1.76221302e+02 7.20199237e-02 -1.71137684e-02 3.51308586e-02 4.04054580e-05 1.39572177e-04 6.83802130e-05
1.78916224e+02 6.81797954e-02 -8.99269675e-03 4.42790031e-02 1.64159640e-04 2.58939313e-04 1.42792546e-04
1.81609318e+02 5.62219135e-02 -8.80843582e-03 4.61647245e-02 8.30250815e-05 3.11754246e-04 1.65458527e-04
1.84317536e+02 5.64785549e-02 -4.65750819e-03 4.48920971e-02 6.53081716e-05 5.03947416e-04 1.17643285e-04
1.87011849e+02 5.96658002e-02 -3.38086026e-03 4.10575619e-02 1.83481847e-04 2.44992097e-04 1.54265492e-04
1.89708380e+02 5.73754427e-02 -6.83410367e-03 3.90169559e-02 6.73656687e-05 1.41480882e-04 1.26979259e-04
1.92402490e+02 5.78299240e-02 -1.78951074e-03 4.99820298e-02 6.33258447e-05 1.06517150e-04 1.14304995e-04
1.95103115e+02 5.45246999e-02 4.40309006e-03 5.15847410e-02 8.98490469e-05 1.01579674e-04 1.37612480e-04
1.97801552e+02 5.23285698e-02 -1.37735571e-03 5.96453923e-02 1.19093317e-04 2.47888466e-04 6.82580374e-05
2.00502474e+02 5.30900497e-02 2.77531632e-03 6.52465524e-02 4.42475361e-05 2.17468850e-04 6.36659987e-05
2.03214958e+02 5.54557592e-02 5.16927045e-03 5.61544399e-02 1.22858856e-04 2.07262744e-04 7.21153835e-05
2.05914490e+02 5.43949595e-02 2.39611576e-03 5.68116384e-02 8.37236129e-05 2.29831234e-04 9.34878244e-05
2.08619521e+02 5.23774450e-02 -1.41130819e-03 5.78121051e-02 8.49295258e-05 1.61707076e-04 8.98078558e-05
2.11330161e+02 5.10945308e-02 1.06274537e-02 5.77407665e-02 5.08306966e-05 4.23006763e-04 1.36553614e-04
2.14049146e+02 4.76842451e-02 1.82453478e-02 5.88670997e-02 6.53324782e-05 3.56735175e-04 4.69103615e-05
2.16749505e+02 4.72992560e-02 1.64478983e-02 5.84415896e-02 1.38024003e-04 6.43909710e-04 8.79218964e-05
2.19464833e+02 4.42404523e-02 1.33536889e-02 6.18562382e-02 4.95864459e-05 7.46013389e-04 3.29332897e-04
2.22155505e+02 4.54969397e-02 8.25265253e-03 6.97202938e-02 4.21950187e-04 2.11365247e-04 1.38782807e-04
2.24855443e+02 4.97600047e-02 1.80300104e-03 6.62614105e-02 1.51327285e-04 2.99722216e-04 1.48723125e-04
2.27546271e+02 5.28858316e-02 -1.20810205e-02 6.79819926e-02 1.54294795e-04 1.32913545e-04 2.52458865e-05
2.30246927e+02 5.69304788e-02 -5.69595087e-03 6.45925754e-02 1.81377150e-04 3.17158706e-04 1.22570924e-04
2.32945208e+02 5.27496706e-02 -7.88531324e-03 6.96026075e-02 8.44172509e-05 2.15710897e-04 1.81099379e-04
2.35636474e+02 6.07633486e-02 3.86926370e-03 6.12106165e-02 1.77951919e-04 1.49900828e-04 3.26660991e-05
2.38329958e+02 6.20405496e-02 9.59111532e-03 5.15579551e-02 6.67307334e-05 1.82874533e-04 1.90912316e-04
2.41030677e+02 6.30832716e-02 1.86113960e-02 5.38910014e-02 8.79348285e-05 1.29705232e-04 1.08326494e-04
2.43730943e+02 5.84247968e-02 1.50522879e-02 6.04100741e-02 1.53220197e-05 5.25024204e-05 8.16505064e-05
2.46427646e+02 5.63081301e-02 1.24429007e-02 5.65609165e-02 2.50597584e-04 3.13696195e-04 5.02956884e-05
2.49134083e+02 5.79898909e-02 5.59592689e-05 5.86162525e-02 7.56925516e-05 6.79780864e-04 1.26352104e-04
2.51826115e+02 5.74914296e-02 -5.12200372e-03 5.93749753e-02 8.50705086e-05 4.03058535e-04 1.70971895e-04
2.54535021e+02 6.70498214e-02 -3.74074281e-03 5.10667577e-02 1.34301795e-04 3.50373981e-04 1.50517614e-04
2.57232896e+02 7.41415294e-02 -6.71197930e-03 4.69462905e-02 5.89371046e-05 6.04088762e-04 1.67304783e-04
2.59932115e+02 7.22361526e-02 -8.17077322e-03 3.24343676e-02 8.43724235e-05 4.40525948e-04 1.14551036e-04
2.62636302e+02 8.12805195e-02 7.38144020e-03 1.69640615e-02 1.30231573e-04 7.78711898e-04 4.52244411e-04
2.65342458e+02 8.71764907e-02 2.28448858e-03 8.69166436e-03 5.45748872e-05 5.34300203e-04 3.26140319e-05
2.68042002e+02 8.49958235e-02 7.18360582e-03 -1.72840797e-02 4.86806250e-05 2.76083154e-04 6.63290942e-05
