6.70164767e-01 5.70978820e-02 4.31683840e-03 5.79463923e-02 1.76120437e-04 2.02274175e-04 1.62346927e-04
3.36301397e+00 6.29558758e-02 1.71177021e-03 5.77089817e-02 5.48041201e-05 4.36639239e-04 1.25939635e-04
6.07129771e+00 5.70981827e-02 9.14005492e-04 5.57633612e-02 1.63097028e-04 2.50452827e-04 5.64287609e-05
8.77501350e+00 6.80430299e-02 2.28101659e-03 5.54125294e-02 5.12551160e-05 1.00926965e-04 7.57447614e-05
1.14791960e+01 6.70114624e-02 7.79711084e-03 5.20908121e-02 1.92130460e-04 2.27591550e-04 5.17004814e-05
1.41945132e+01 6.62565631e-02 8.29534294e-03 5.12916147e-02 3.59361064e-05 3.80543548e-04 2.88195428e-04
1.68892647e+01 6.37436007e-02 1.22681551e-02 4.42604243e-02 9.29141884e-05 9.24705084e-05 1.60674010e-04
1.95931522e+01 7.33984331e-02 3.51201912e-03 1.89784258e-02 8.64857000e-05 2.26753811e-04 2.05029569e-04
2.22939257e+01 7.93811753e-02 5.33151926e-03 2.00386077e-03 9.01635737e-05 4.48706666e-04 5.18420754e-05
2.49964491e+01 7.52524804e-02 4.21341917e-03 -1.92717761e-02 8.75321916e-05 4.41691987e-04 8.62657554e-05
2.77068226e+01 6.84503737e-02 6.95743988e-03 -3.70701536e-02 4.27078111e-05 8.85133311e-04 1.54772360e-04
3.03990601e+01 6.24783705e-02 8.29868004e-03 -5.29371447e-02 1.28046495e-04 6.94032668e-04 6.51578331e-05
3.31037210e+01 6.57475327e-02 7.33446267e-03 -5.15050312e-02 5.65271602e-05 3.53528279e-04 1.71959951e-04
3.58087960e+01 6.18785314e-02 9.39599547e-03 -6.00144015e-02 1.03542038e-04 5.49046438e-04 1.33239732e-04
3.85037788e+01 6.23743778e-02 4.30382189e-03 -6.02456266e-02 1.39928651e-04 9.50845191e-05 1.01654447e-04
4.12060132e+01 5.77540488e-02 4.18114842e-03 -6.39912310e-02 6.42711694e-05 2.17754313e-04 6.79535001e-05
4.39030241e+01 5.70124441e-02 -3.46041161e-03 -6.36242320e-02 5.94968726e-05 2.82642890e-04 8.00842880e-05
4.65990397e+01 6.17329503e-02 -6.23399795e-04 -5.37681333e-02 1.00022694e-04 2.11355951e-04 8.13601143e-05
4.92949976e+01 6.51647171e-02 -7.37694363e-04 -5.63012645e-02 6.06939757e-05 1.68669571e-04 9.10185226e-05
5.19906007e+01 6.33062432e-02 2.84240685e-03 -5.81035853e-02 2.83898372e-04 2.12305519e-04 5.71572579e-05
5.46833382e+01 5.31028690e-02 -4.19508672e-03 -5.38602899e-02 9.50409735e-05 1.65464546e-04 7.52336563e-05
5.73990976e+01 6.58761847e-02 -5.92161182e-03 -5.05632363e-02 3.11835164e-05 6.35851816e-05 1.48054666e-04
6.00908569e+01 7.14428309e-02 -2.40666880e-03 -4.95294097e-02 1.63304428e-05 1.46789131e-04 8.87515950e-05
6.27953335e+01 6.42648506e-02 -1.77233454e-05 -4.53659287e-02 5.42679978e-05 1.02785931e-04 8.78123728e-05
6.55022741e+01 5.49444650e-02 4.39365776e-03 -4.17339083e-02 1.83556235e-04 9.41001012e-05 1.52248243e-04
6.82153366e+01 5.72871489e-02 1.16092778e-03 -3.88862930e-02 1.23263397e-04 7.43717038e-04 2.42664377e-04
7.09134179e+01 6.54211310e-02 4.59322289e-03 -4.94324088e-02 3.75206644e-04 4.89618603e-04 2.91683350e-04
7.36248726e+01 4.95746455e-02 -5.51556988e-04 -5.51042889e-02 4.08655095e-04 7.31865952e-04 3.39057719e-04
7.63304132e+01 5.29040280e-02 -2.36426137e-03 -6.59398023e-02 2.31674304e-04 1.01501656e-03 2.35084014e-04
7.90291929e+01 5.29983888e-02 8.07949766e-03 -5.63070481e-02 2.87162635e-04 3.57571915e-04 4.56786094e-04
8.17277569e+01 4.67020770e-02 4.47002517e-03 -5.58305185e-02 2.60999510e-04 3.15450305e-04 1.93580630e-04
8.44289335e+01 5.44531395e-02 7.98739362e-03 -5.49003775e-02 1.64083994e-04 2.62372871e-04 2.86335821e-04
8.71394819e+01 5.40973785e-02 7.54585344e-03 -6.74170228e-02 5.46432319e-05 2.32946165e-04 8.30622856e-05
8.98372429e+01 5.33393048e-02 4.79086113e-03 -7.51468953e-02 4.27175554e-05 2.40232890e-04 2.19405161e-04
9.25518913e+01 3.97420281e-02 9.54182363e-03 -8.20401450e-02 1.14010275e-04 3.75889835e-04 1.94263939e-04
9.52499647e+01 4.99355203e-02 7.76664467e-03 -7.64108208e-02 1.31618495e-04 2.09267043e-04 1.30974169e-04
9.79420397e+01 3.96533936e-02 6.15080972e-04 -6.20179610e-02 2.60418578e-04 6.32940920e-05 1.37891400e-04
1.00650694e+02 5.21242520e-02 9.45849319e-04 -6.44092023e-02 1.54196445e-04 2.79993326e-04 2.10155069e-04
1.03346554e+02 5.08933506e-02 6.33137385e-03 -6.21088578e-02 3.31240943e-04 8.81071091e-05 6.73098409e-05
1.06052444e+02 6.20563693e-02 9.62943275e-03 -6.14794669e-02 1.05032395e-04 3.37300601e-04 1.21268624e-04
1.08753163e+02 6.11238495e-02 8.68212850e-04 -6.03908602e-02 2.11092307e-04 1.58728114e-04 1.30775325e-04
1.11452179e+02 6.05024173e-02 2.27964779e-03 -5.42866065e-02 1.90185326e-04 1.06502461e-04 3.11167059e-04
1.14159148e+02 5.71869638e-02 1.11922396e-02 -6.26643371e-02 2.86487299e-04 1.58183804e-04 8.07473355e-05
1.16869648e+02 6.02020915e-02 1.48053955e-02 -5.08947938e-02 1.55449157e-04 2.55534843e-04 1.31753340e-04
1.19568663e+02 6.27667119e-02 1.71704695e-02 -5.16753385e-02 1.25886907e-04 4.88177022e-04 8.50129453e-05
1.22266460e+02 6.40524000e-02 9.85447659e-03 -4.56553020e-02 1.27200590e-04 2.72732459e-04 1.36167475e-04
1.24971429e+02 5.86074718e-02 6.12096440e-03 -5.29276998e-02 1.28802137e-04 7.22278371e-05 2.02132003e-04
1.27677991e+02 6.86639120e-02 -5.84292087e-04 -5.03565408e-02 7.31530329e-05 6.67207132e-05 1.84012030e-04
1.30374913e+02 6.98032628e-02 -1.53035614e-03 -4.69535025e-02 8.59468000e-05 8.24188902e-05 8.97431594e-05
1.33066523e+02 7.64130396e-02 -7.28123965e-03 -5.10544971e-02 8.58396415e-05 9.28681191e-05 2.04021152e-04
1.35772366e+02 7.74471545e-02 -1.25906170e-02 -4.68776154e-02 1.78215003e-04 2.18380504e-04 1.04185740e-04
1.38457585e+02 7.38099516e-02 -1.48180777e-02 -5.08514301e-02 5.12178585e-05 2.16715701e-04 2.27726365e-05
1.41158710e+02 7.28043112e-02 -7.10357410e-03 -4.08840116e-02 7.12867475e-05 2.39134472e-04 6.26193593e-05
1.43855788e+02 6.95165267e-02 3.47458646e-04 -3.21507413e-02 1.02357223e-04 1.12208480e-04 1.63338979e-04
1.46552273e+02 7.00797433e-02 -1.11493616e-02 -1.43976311e-02 1.20327158e-04 4.87038228e-04 1.44082266e-04
1.49237585e+02 7.24035405e-02 -1.13098328e-02 -1.13598813e-02 8.20737312e-05 3.18534253e-04 1.44098757e-04
1.51918523e+02 7.36591310e-02 -1.06711676e-02 6.85618371e-04 8.78848378e-05 2.15785530e-04 1.15598189e-04
1.54615757e+02 6.80186632e-02 -8.41843694e-03 1.46849656e-02 7.76189206e-05 2.26979320e-04 2.92515641e-05
1.57310007e+02 6.63605748e-02 -2.90174869e-03 3.51557590e-02 1.17946213e-04 2.91924896e-04 2.55392527e-04
1.60017741e+02 6.32502189e-02 -8.19648754e-03 4.34529339e-02 2.57834658e-04 2.02640099e-04 9.59432805e-05
1.62712554e+02 5.85867401e-02 -3.82550968e-03 4.15492042e-02 1.11361041e-04 2.20067245e-04 1.25383207e-04
1.65417476e+02 5.03951428e-02 2.80899183e-03 4.77852354e-02 2.55845420e-04 3.86075764e-04 4.34438502e-05
1.68111194e+02 5.46820559e-02 8.01300089e-04 5.93270058e-02 1.94042558e-04 3.60495808e-04 3.33688150e-04
1.70819913e+02 5.06630444e-02 1.69449509e-03 5.92902595e-02 3.26164491e-04 1.71462631e-04 4.41973173e-05
1.73523663e+02 5.76838037e-02 -7.11856985e-05 5.38538827e-02 1.38417884e-04 4.62062488e-04 9.40004533e-05
1.76241085e+02 6.29594713e-02 -7.03389420e-03 5.21502556e-02 6.50617110e-05 1.83884184e-04 1.39717694e-04
1.78932273e+02 6.55482065e-02 -1.11908246e-02 5.41026759e-02 2.74846261e-05 3.27574941e-04 1.93609545e-04
1.81637694e+02 7.28339277e-02 -4.61271458e-03 6.00635860e-02 1.52740105e-04 3.66172389e-04 1.57498319e-04
1.84323976e+02 6.31714727e-02 -3.86491614e-03 6.12074215e-02 9.79450818e-05 2.43517898e-04 1.50713507e-04
1.87018054e+02 5.50325513e-02 1.23285195e-03 5.90931615e-02 1.53975357e-04 5.99010200e-04 7.64385664e-05
1.89732835e+02 5.87629479e-02 4.92798442e-03 5.88994027e-02 9.80153165e-05 6.03935906e-04 3.26111760e-04
1.92435304e+02 5.85941184e-02 8.12238139e-03 5.22500731e-02 2.70896075e-04 4.54270669e-04 3.38457207e-05
1.95128429e+02 6.41700789e-02 5.20168667e-03 5.21260469e-02 8.81270326e-05 1.06508089e-04 2.41165641e-04
1.97833882e+02 5.53922051e-02 1.05811691e-02 5.24421055e-02 1.11480701e-04 4.57237923e-04 1.79548938e-04
2.00539085e+02 6.01040700e-02 7.13248154e-04 6.01979828e-02 1.54496810e-04 2.60829613e-04 1.14009020e-04
2.03238241e+02 5.24939572e-02 6.44534232e-04 6.71415175e-02 5.62988919e-05 4.56544488e-04 2.31672312e-04
2.05944444e+02 5.19819993e-02 5.58315678e-03 6.84891293e-02 1.02555725e-04 2.52800026e-04 1.61847013e-04
2.08652069e+02 5.23266712e-02 1.45462369e-02 6.38884417e-02 8.06153832e-05 2.52708766e-04 5.52576971e-05
2.11344319e+02 6.29470131e-02 8.38709903e-03 5.16962134e-02 9.27960502e-05 3.21424423e-04 6.21306060e-05
2.14044569e+02 6.10298909e-02 3.03046755e-03 5.80269930e-02 1.68252730e-04 2.74770597e-04 7.17803918e-05
2.16741882e+02 5.71628188e-02 -2.05714560e-03 4.79573051e-02 2.14761426e-04 2.07758608e-04 1.39798504e-04
2.19432273e+02 5.85005239e-02 -1.48633039e-03 5.58408993e-02 1.33494381e-04 2.68842051e-05 1.42170367e-04
2.22144210e+02 6.07649809e-02 5.74893829e-04 5.34651837e-02 3.88430829e-05 1.74631413e-04 1.07452961e-04
2.24846726e+02 5.10626815e-02 1.19526429e-02 5.51069219e-02 8.19980347e-05 1.63685094e-04 8.31812949e-05
2.27543460e+02 5.05831160e-02 1.31219983e-02 5.59137705e-02 1.64953467e-04 1.25568786e-04 8.02738358e-05
2.30247335e+02 5.47603436e-02 5.99258907e-03 5.77252826e-02 1.16353640e-04 3.78240730e-04 2.41466122e-04
2.32948898e+02 4.94572833e-02 -3.12866077e-03 5.43498739e-02 5.83459829e-05 3.73079024e-04 4.95614425e-05
2.35664054e+02 4.99310702e-02 -4.26968480e-03 5.29799169e-02 1.82918423e-04 1.65038680e-04 1.75416925e-04
2.38359398e+02 4.08434343e-02 -4.56124808e-03 5.52341438e-02 2.31786249e-04 2.27837441e-04 5.52241451e-05
2.41075257e+02 5.04525553e-02 -1.62686559e-02 6.57337283e-02 1.31786799e-04 2.92224486e-04 3.69140359e-04
2.43770788e+02 4.99248965e-02 -1.56194445e-03 5.69817203e-02 1.60007839e-04 2.72427308e-04 1.37017084e-04
2.46468538e+02 4.83478853e-02 -6.14431316e-03 5.97295987e-02 9.07138254e-05 3.62040601e-04 2.05081371e-04
2.49169366e+02 5.09318329e-02 -1.44569771e-03 6.00712436e-02 1.52842473e-04 5.21657881e-04 1.42547281e-04
2.51867866e+02 5.41859533e-02 -1.08757163e-02 5.99728533e-02 1.76969847e-04 3.24483582e-04 4.02466596e-05
2.54583523e+02 5.96663353e-02 -3.14718517e-03 5.26281253e-02 1.89064340e-05 3.90419584e-04 8.73947674e-05
2.57275882e+02 5.91129071e-02 3.79559004e-03 5.98128373e-02 9.98737964e-05 2.62287624e-04 8.72860547e-05
2.59976319e+02 6.23618023e-02 4.36716695e-03 6.36223625e-02 2.15691863e-04 4.22348110e-04 3.33437421e-05
2.62675835e+02 6.19750228e-02 4.00503535e-03 5.40366090e-02 3.18646267e-05 1.78000591e-04 1.26529231e-04
2.65374132e+02 5.57877028e-02 5.52279569e-03 6.84581798e-02 9.22626405e-05 4.48722692e-04 1.43551289e-04
2.68082607e+02 5.53877938e-02 1.20094965e-02 6.44639630e-02 1.47413026e-04 2.15697126e-04 2.86270785e-05
