6.86882663e-01 6.16599602e-02 7.80853286e-04 5.10560615e-02 6.50001902e-05 2.55722520e-04 1.29068773e-04
3.37803427e+00 6.14472573e-02 -4.04800069e-03 5.18380731e-02 1.11469786e-04 4.29041373e-04 1.11501620e-04
6.08956678e+00 6.13031383e-02 -3.33303761e-03 4.91829755e-02 8.62182266e-05 3.14037569e-04 2.32475979e-04
8.78284506e+00 5.98192967e-02 -2.10238726e-03 4.47729562e-02 9.45303852e-05 7.25686620e-05 1.49302379e-04
1.14853443e+01 6.72318776e-02 -2.36737049e-03 4.71270845e-02 6.25975975e-05 2.34345744e-04 2.15969781e-04
1.41817896e+01 6.01726162e-02 -5.15776592e-03 5.45180157e-02 2.29897624e-04 3.47855136e-04 6.80084770e-05
1.68828771e+01 6.70203156e-02 -4.34892385e-03 5.95832681e-02 7.48166122e-05 3.47771674e-04 1.27552213e-04
1.95721396e+01 7.04495059e-02 1.74645648e-04 6.11320673e-02 2.18019836e-04 5.97403958e-04 6.89904405e-05
2.22859224e+01 6.51761122e-02 2.18591344e-03 5.04463887e-02 4.72830286e-05 5.49271837e-04 1.86214248e-04
2.49771912e+01 7.56814590e-02 -1.30431804e-03 6.40455816e-02 1.65458020e-04 1.83323116e-04 5.71874604e-05
2.76683787e+01 8.09287979e-02 2.28207069e-03 4.70679199e-02 1.63211577e-04 1.61912556e-04 1.46006478e-04
3.03753537e+01 7.28065941e-02 -2.08065060e-03 3.00195061e-02 1.44953620e-04 1.38063747e-04 1.16131005e-04
3.30795146e+01 7.27033790e-02 -4.04358733e-03 -4.83393725e-03 4.51641369e-05 5.18701505e-04 1.28417211e-04
3.57876693e+01 7.57566405e-02 8.37491067e-03 -2.59535058e-02 4.28516660e-05 1.35925441e-04 1.31367226e-04
3.84893662e+01 7.35429161e-02 1.31844929e-02 -4.56901602e-02 8.64434194e-05 1.33483790e-04 1.46528765e-04
4.11892896e+01 6.12498785e-02 1.44928325e-02 -5.89647221e-02 2.42552287e-05 1.02237403e-04 2.14701983e-04
4.38885287e+01 5.95942627e-02 7.23846510e-03 -5.25295148e-02 9.55631262e-05 4.40596775e-05 1.67974596e-04
4.65910943e+01 5.90884523e-02 4.86664120e-03 -5.79707984e-02 1.44734345e-04 9.51043805e-05 1.10433441e-04
4.92976162e+01 6.24834311e-02 -6.09197232e-04 -5.82429871e-02 8.53188242e-05 3.86799914e-04 1.56409445e-04
5.19885724e+01 5.39506363e-02 4.86894202e-03 -5.44474511e-02 5.29612039e-05 1.17140827e-04 3.11691040e-04
5.46971021e+01 5.73477488e-02 -8.11747982e-03 -4.53022774e-02 3.86097443e-04 1.88779629e-04 1.31810665e-04
5.73960708e+01 5.26304421e-02 -1.82633579e-04 -5.51007171e-02 7.31902653e-05 2.24564860e-04 4.20478126e-04
6.01029568e+01 5.19262064e-02 1.31765328e-03 -6.25213788e-02 1.17211187e-04 1.23678686e-04 8.85066019e-05
6.28001802e+01 5.51212677e-02 3.22456956e-03 -6.71245103e-02 4.42487053e-05 6.24674618e-05 8.86595159e-05
6.54943677e+01 5.84462802e-02 -1.24499384e-05 -6.02611976e-02 1.04053729e-04 4.22313782e-04 1.16392881e-04
6.81923208e+01 5.30597582e-02 -2.28486238e-03 -6.27917120e-02 7.78096883e-05 1.65273213e-04 1.55486835e-04
7.08843787e+01 5.75499243e-02 7.21898089e-03 -6.08679199e-02 3.12359921e-04 2.53111645e-04 1.21810272e-04
7.35853740e+01 5.87736268e-02 1.92112295e-03 -5.50407835e-02 2.32458415e-04 1.83810965e-04 2.02170822e-04
7.62868662e+01 5.79512874e-02 -3.26180653e-03 -6.62402295e-02 6.98646586e-05 1.69677868e-04 1.74186675e-04
7.89923583e+01 6.50782590e-02 8.10756118e-03 -7.02591856e-02 1.46353450e-04 8.32408171e-05 1.28022132e-04
8.16916240e+01 5.72585982e-02 9.22706413e-03 -7.23322202e-02 9.11914372e-05 9.51545079e-05 7.69411899e-05
8.43901912e+01 4.62271317e-02 2.11141491e-03 -7.97937008e-02 1.62741663e-04 1.04252992e-04 1.40027245e-04
8.70973521e+01 5.33643219e-02 -5.08906455e-03 -7.12543161e-02 2.27121877e-04 1.75032714e-04 2.47332226e-05
8.97944771e+01 5.42819505e-02 -4.88026193e-03 -6.34107111e-02 5.18522001e-05 1.38400074e-04 5.48811900e-04
9.24961396e+01 6.82689883e-02 6.06788499e-04 -6.11785525e-02 8.26794217e-05 3.10606369e-04 6.55990382e-06
9.51963474e+01 5.72131904e-02 -9.66005740e-03 -6.15055983e-02 1.03689599e-04 3.51230083e-04 2.02699217e-04
9.78980693e+01 5.93342717e-02 -6.71776528e-03 -6.58223152e-02 1.13418078e-04 1.64105459e-04 1.05198033e-04
1.00593563e+02 5.96971377e-02 -5.74761784e-03 -5.89424604e-02 2.42249526e-04 1.27844160e-04 1.10977398e-04
1.03288735e+02 5.91397985e-02 -3.25219734e-03 -6.03714338e-02 1.46211849e-04 3.95324680e-04 8.05431333e-05
1.05984688e+02 5.32554512e-02 -5.90412923e-03 -6.64179819e-02 1.18708480e-04 2.14111145e-04 3.05692824e-04
1.08691594e+02 5.85057903e-02 -4.09182124e-03 -6.30714073e-02 1.16308228e-04 1.42683249e-04 5.92896133e-05
1.11396172e+02 5.40258317e-02 -2.72336796e-03 -6.23992724e-02 1.54870911e-04 1.80006779e-04 2.92952902e-04
1.14107219e+02 5.14847468e-02 6.59238239e-03 -5.55472867e-02 1.89640727e-04 3.60158114e-04 1.31642477e-04
1.16783751e+02 6.46739335e-02 3.35488607e-03 -6.12698755e-02 1.66497792e-04 3.48487512e-04 2.32108498e-04
1.19488969e+02 6.34102219e-02 8.32282645e-03 -5.15332382e-02 1.79972550e-04 5.38092284e-04 9.99898610e-05
1.22183282e+02 5.99930258e-02 6.66316597e-03 -5.38929582e-02 1.63382243e-04 4.67818853e-04 4.54881003e-04
1.24889391e+02 6.59157033e-02 2.02200665e-03 -5.25210749e-02 2.67991898e-04 2.15779689e-04 1.25586745e-04
1.27578282e+02 6.93161372e-02 9.23558106e-03 -5.68620105e-02 2.44422569e-04 1.13606405e-04 3.42903851e-05
1.30292751e+02 7.28771173e-02 -4.19796052e-04 -5.62049522e-02 3.67036239e-05 2.09471033e-04 6.57230879e-05
1.32989579e+02 6.92646966e-02 7.06854400e-04 -5.81592091e-02 2.07745890e-04 1.02985474e-04 1.33106625e-04
1.35691688e+02 6.95952294e-02 -1.19214877e-02 -5.25413868e-02 1.07713858e-04 1.30410680e-04 2.07872773e-04
1.38393235e+02 6.35758376e-02 -8.58407179e-03 -5.16089492e-02 6.39676996e-05 1.79529239e-04 1.13225329e-04
1.41098329e+02 6.54856302e-02 -6.32200493e-03 -4.39862358e-02 5.49868819e-05 1.71967219e-04 1.62351781e-04
1.43793735e+02 7.38367860e-02 -2.32359475e-03 -3.49798364e-02 1.01012036e-04 8.08026311e-04 1.89507458e-04
1.46492579e+02 6.64954601e-02 -4.50787981e-03 4.86403762e-03 1.09656312e-04 4.69062899e-04 1.40040416e-04
1.49200126e+02 6.62168964e-02 -6.82027410e-03 2.88178210e-02 8.02673436e-05 3.88568076e-04 9.97370188e-05
1.51893016e+02 7.69056614e-02 1.04741977e-03 4.25604252e-02 6.37832785e-05 2.36307391e-04 1.14587998e-04
1.54594047e+02 6.72606937e-02 1.27221513e-04 4.86540483e-02 3.24853437e-04 2.01915622e-04 4.32673231e-04
1.57301141e+02 5.59865789e-02 1.00898410e-02 4.77778709e-02 3.59724386e-04 6.41064972e-05 2.94349823e-04
1.60008751e+02 5.53826503e-02 7.96239536e-03 5.22259859e-02 1.70375953e-04 1.68686744e-04 1.83737525e-04
1.62708032e+02 5.79946259e-02 1.37364454e-02 4.73613285e-02 7.16465797e-05 2.64372144e-04 1.58897441e-04
1.65410141e+02 5.87948435e-02 1.28935532e-02 5.28293199e-02 9.32638445e-05 2.67925743e-04 1.68380398e-04
1.68119376e+02 5.66242097e-02 1.68390048e-03 5.20820940e-02 9.32981595e-05 1.05992441e-04 4.75978122e-05
1.70805719e+02 5.80659774e-02 6.00054730e-03 5.79645717e-02 9.84715493e-05 4.74088228e-04 2.28487500e-04
1.73510641e+02 4.99346291e-02 -3.15946980e-03 5.87885875e-02 1.14032722e-04 1.36673842e-04 6.99357600e-05
1.76211969e+02 5.65425685e-02 -5.62914321e-03 6.25616448e-02 1.15872662e-04 1.62095192e-04 9.61069651e-05
1.78911079e+02 6.60732648e-02 -6.32068368e-03 5.90431786e-02 1.34821980e-04 1.44749957e-04 1.80909228e-04
1.81613516e+02 6.45676865e-02 -7.24012034e-03 5.92952457e-02 6.64391281e-05 1.53229555e-04 1.97032199e-04
1.84318235e+02 6.10234630e-02 -9.02183467e-03 6.24197531e-02 1.89189784e-04 1.38191932e-04 6.55728280e-05
1.87015751e+02 5.86850051e-02 -2.25304824e-03 5.71485266e-02 1.66765517e-04 3.64267482e-04 1.36380343e-04
1.89721657e+02 6.21200469e-02 -4.60576043e-03 6.39360085e-02 3.31391846e-04 1.97143606e-04 9.19598371e-05
1.92420407e+02 6.37709885e-02 1.04682058e-03 5.82544652e-02 1.61240537e-04 3.08609191e-04 1.04427351e-04
1.95122485e+02 6.34544297e-02 -1.71124386e-03 5.34462554e-02 6.02858897e-05 3.66686977e-05 8.89082453e-05
1.97822172e+02 6.18047428e-02 -5.12284444e-05 5.92431894e-02 7.97381233e-05 1.88600413e-04 9.22938825e-05
2.00517079e+02 6.42946349e-02 -4.23265121e-03 4.36727813e-02 3.35923397e-05 5.12918666e-05 7.31024859e-05
2.03217391e+02 7.34300677e-02 -4.84919113e-03 3.78738920e-02 7.30734939e-05 1.58364351e-04 6.38311156e-05
2.05921626e+02 7.71324807e-02 -1.29548692e-03 3.90310217e-02 7.40011916e-05 1.28629374e-04 1.59496093e-04
2.08636501e+02 6.46556260e-02 -8.16551734e-03 4.09353691e-02 1.37001693e-04 7.68545290e-05 1.86750097e-04
2.11338188e+02 7.22585145e-02 -9.90240873e-03 4.59772550e-02 2.44795777e-04 2.38990150e-04 2.14997331e-04
2.14039219e+02 6.79871677e-02 -5.63070922e-03 4.58631139e-02 2.16477510e-04 4.10870642e-04 3.67130639e-05
2.16724204e+02 5.36394080e-02 -2.36905508e-03 5.20448720e-02 1.79636201e-04 3.21709649e-04 1.19940411e-04
2.19429360e+02 4.67359472e-02 -3.05928930e-03 5.24000758e-02 8.71934114e-05 3.66073623e-04 7.49486425e-05
2.22131172e+02 5.24251836e-02 3.81536102e-03 5.30278103e-02 8.47650784e-05 5.07767230e-04 1.22538295e-04
2.24837829e+02 5.35918432e-02 -6.09370529e-03 5.53642971e-02 9.55524222e-05 3.85389748e-04 1.30772679e-04
2.27539329e+02 5.61670573e-02 5.91604329e-04 5.12519753e-02 1.23878621e-04 1.90658279e-04 1.39047351e-04
2.30242047e+02 6.54870320e-02 5.49297304e-03 4.95223096e-02 1.47882492e-04 1.71280644e-04 1.00534070e-04
2.32941141e+02 5.68874968e-02 5.90150102e-03 6.40824003e-02 5.53945245e-05 2.25915480e-04 3.31196975e-04
2.35639860e+02 5.29098201e-02 1.40472054e-02 6.78899706e-02 2.58608758e-04 2.77827963e-04 2.94299968e-04
2.38351532e+02 5.73568609e-02 7.12910579e-03 5.93042422e-02 2.68556679e-04 3.03561456e-04 2.09227880e-04
2.41038735e+02 5.27295773e-02 8.74056062e-03 6.17539566e-02 9.35185092e-05 1.79301391e-04 8.73039488e-05
2.43743641e+02 5.55273925e-02 3.83808071e-03 6.19774852e-02 6.48257028e-05 1.76101241e-04 7.44486998e-05
2.46444422e+02 5.59856913e-02 1.08120126e-03 5.54860769e-02 7.72981439e-05 1.34118810e-04 2.24125193e-04
2.49150813e+02 5.72993328e-02 1.36200452e-04 5.28505158e-02 1.22509800e-04 2.62169912e-04 5.86366038e-05
2.51855626e+02 5.50411735e-02 1.34186536e-03 4.99726229e-02 1.08577761e-04 1.09096420e-04 2.11174341e-04
2.54567094e+02 6.16024100e-02 -4.10848602e-04 5.89813027e-02 4.93273310e-05 1.30988889e-04 2.52087261e-04
2.57260329e+02 6.46105124e-02 2.84931641e-03 6.95610755e-02 9.42206654e-05 2.74596417e-04 4.23417651e-05
2.59964032e+02 5.50508960e-02 1.26247294e-02 6.26107801e-02 6.82491972e-05 5.75917727e-04 1.06337571e-04
2.62649797e+02 5.21919497e-02 1.35537829e-02 6.38851537e-02 2.44107195e-04 5.78507213e-04 4.35398523e-05
2.65352282e+02 5.42423535e-02 1.67886215e-03 5.86024577e-02 1.35754812e-04 5.43269778e-04 4.47562265e-05
2.68045998e+02 5.60395589e-02 -6.65739104e-03 5.31029659e-02 6.27166534e-05 1.63988334e-04 1.11437851e-04
