6.92890251e-01 6.03582589e-02 -2.24491385e-03 5.54735868e-02 4.51639211e-05 1.10189643e-04 8.38873165e-05
3.38613507e+00 5.86705068e-02 6.32191418e-03 5.62900896e-02 1.05685308e-04 1.24534678e-04 1.67927393e-04
6.09367366e+00 6.14104516e-02 -5.39937588e-03 6.06311067e-02 7.37482310e-05 4.51091107e-04 8.64939550e-05
8.78703444e+00 4.97561474e-02 -3.20683571e-03 5.07916429e-02 1.52886386e-04 2.58736591e-04 7.22585896e-05
1.14911165e+01 6.24234037e-02 -6.09222972e-03 5.39686234e-02 1.35193834e-04 1.70849489e-04 1.57030310e-04
1.41895134e+01 6.66768251e-02 -6.40659727e-03 5.83252422e-02 3.97691682e-05 3.94318904e-04 4.71780881e-05
1.68985305e+01 6.38163187e-02 -5.54918062e-03 6.01833147e-02 1.34766726e-04 3.88612237e-04 9.43776806e-05
1.95978634e+01 6.42228379e-02 -6.76505267e-03 5.46545376e-02 1.77142089e-04 3.93911949e-04 6.49403725e-05
2.23042602e+01 6.81529633e-02 1.73192159e-03 5.56301186e-02 7.06848973e-05 4.97575274e-04 1.55976403e-04
2.50049805e+01 7.75011642e-02 -8.42589674e-03 5.03497077e-02 1.95970044e-04 3.04659413e-04 3.40655218e-04
2.77143258e+01 7.96603914e-02 -1.20706799e-02 3.63446644e-02 1.54179377e-04 1.21539819e-04 1.48990960e-04
3.04170758e+01 8.25602688e-02 -1.26104009e-02 1.49728653e-02 1.15336919e-04 2.34909943e-04 7.65889485e-05
3.30976665e+01 7.82525933e-02 -1.52535689e-02 -7.41218049e-03 1.46341270e-04 2.40820842e-04 1.30436682e-04
3.57955368e+01 7.21580042e-02 -1.50460312e-02 -1.99051610e-02 1.20941697e-04 1.10858382e-04 1.70823036e-04
3.84939680e+01 7.90836091e-02 -1.64132604e-02 -2.27055021e-02 1.08612519e-04 1.53607361e-04 2.18686406e-04
4.11818196e+01 7.59570797e-02 -1.20331299e-02 -3.21570450e-02 7.86173461e-05 5.68444250e-04 8.21867713e-05
4.38758399e+01 7.26552612e-02 -1.38340065e-02 -4.99708461e-02 2.43953979e-05 2.85306296e-04 5.22688504e-05
4.65711587e+01 6.13152969e-02 -5.15067209e-03 -6.34197571e-02 9.76484625e-05 5.02462650e-04 9.71087233e-05
4.92766946e+01 6.32038507e-02 -6.33540961e-03 -6.25797939e-02 7.36243203e-05 1.90339698e-04 3.62124230e-05
5.19660524e+01 5.81917181e-02 -5.91917104e-04 -6.57128922e-02 2.59362493e-04 1.02004546e-04 8.87257042e-05
5.46702524e+01 5.45918279e-02 1.23883570e-02 -5.26284245e-02 1.07999270e-04 6.95216895e-05 1.32011832e-04
5.73684962e+01 5.55956341e-02 9.57727113e-03 -5.91853198e-02 1.77585670e-04 1.24355898e-04 1.91836196e-04
6.00700805e+01 5.17705888e-02 6.62657726e-03 -5.30611937e-02 7.27132413e-05 1.83284215e-04 5.63463414e-05
6.27667227e+01 6.07317643e-02 1.80730814e-03 -5.77766298e-02 7.80931182e-05 8.46347493e-05 1.93564890e-04
6.54737930e+01 5.00582355e-02 4.30787632e-04 -6.95815486e-02 2.33971151e-04 2.69326722e-04 1.22148429e-04
6.81761571e+01 5.02838033e-02 -1.09316294e-03 -6.00362818e-02 9.33684112e-05 2.25449745e-04 3.83713486e-04
7.08804993e+01 5.13208439e-02 -4.79044784e-03 -6.32896745e-02 2.44127186e-04 4.03750307e-04 7.26079112e-05
7.36005462e+01 5.34634291e-02 4.90889588e-04 -6.32276517e-02 1.27915580e-04 2.19471752e-04 1.26445985e-04
7.62988962e+01 6.56674224e-02 -1.42035500e-03 -6.23049776e-02 1.15099611e-04 3.40097571e-04 1.04854639e-04
7.89971649e+01 5.95252544e-02 1.81421744e-04 -6.33903041e-02 4.56107548e-05 2.73076118e-04 1.16253336e-04
8.16916243e+01 5.67803908e-02 -4.55192709e-03 -6.74783023e-02 1.21773735e-04 1.50686937e-04 4.06151577e-05
8.43889071e+01 5.91559797e-02 -1.87718490e-02 -6.40420233e-02 1.07382340e-04 1.91792335e-04 1.34259781e-04
8.70877258e+01 6.21238602e-02 -2.10360944e-02 -6.79587581e-02 4.83098451e-05 3.30482286e-04 6.45537733e-05
8.97879680e+01 6.22013558e-02 -1.24229114e-02 -5.80590565e-02 4.95068034e-05 1.75416005e-04 2.33393070e-04
9.24946758e+01 5.85580725e-02 -9.51247173e-03 -6.16077460e-02 1.11939673e-04 2.52475838e-04 1.93444280e-04
9.51950102e+01 3.58941144e-02 -7.85674524e-03 -5.76429103e-02 9.17213900e-05 2.49841237e-04 1.75268033e-04
9.79012227e+01 3.85395795e-02 -7.30877570e-03 -6.43833795e-02 4.03638645e-05 1.80302729e-04 6.19546152e-05
1.00595606e+02 4.79938039e-02 -5.81328526e-03 -7.10059882e-02 1.01977838e-04 1.97245824e-04 1.81227233e-04
1.03303871e+02 6.12207206e-02 2.14192919e-04 -6.18017932e-02 1.43443439e-04 1.41855492e-04 8.54910228e-05
1.06013246e+02 6.63763804e-02 -5.50685337e-03 -5.68314815e-02 7.57255233e-05 4.96044951e-04 2.59264557e-04
1.08704074e+02 5.88783909e-02 -1.17305769e-03 -4.98015795e-02 9.22068009e-05 1.10995340e-04 1.16541548e-04
1.11397871e+02 6.71480932e-02 -2.02562281e-03 -5.03368892e-02 2.66341849e-04 5.39399599e-04 1.20267681e-04
1.14102027e+02 6.72996766e-02 -1.06898230e-02 -4.33708357e-02 2.45867845e-04 5.25707402e-04 7.94505485e-05
1.16792293e+02 6.24920173e-02 -1.97540575e-03 -5.25468117e-02 8.55381533e-05 4.68863613e-04 1.78161833e-04
1.19506934e+02 6.37494116e-02 -5.71574914e-03 -4.91217515e-02 7.77003924e-05 4.40129352e-04 1.81164165e-04
1.22197231e+02 6.08450022e-02 -4.58219505e-03 -5.37344334e-02 4.47197752e-05 1.90075996e-04 1.09327117e-04
1.24900652e+02 5.95092698e-02 1.04251195e-02 -5.88731568e-02 1.74143418e-04 1.90761164e-04 7.85665581e-05
1.27599871e+02 6.33466865e-02 1.70491286e-02 -5.43480586e-02 6.76329889e-05 7.49334505e-05 8.45281002e-05
1.30303434e+02 7.48075877e-02 2.11487986e-02 -4.86589244e-02 5.25421053e-05 4.49834406e-05 5.97009926e-05
1.32991043e+02 6.97633297e-02 7.93331891e-03 -5.51069275e-02 2.07691135e-04 4.02709643e-04 2.87577350e-04
1.35702152e+02 7.29076112e-02 1.58917473e-02 -4.92773740e-02 1.40868909e-04 1.35850803e-04 1.52530200e-04
1.38400559e+02 7.12384084e-02 6.00158537e-03 -3.61363062e-02 2.56751077e-05 1.14085392e-04 7.52168438e-05
1.41100246e+02 7.79020169e-02 9.65688864e-03 -1.39581009e-02 4.36446013e-05 1.64607374e-04 1.27582058e-04
1.43801668e+02 7.50864024e-02 5.27253613e-03 -6.99679511e-03 1.36780780e-04 2.76014903e-04 9.76646064e-05
1.46493887e+02 7.28986180e-02 7.62135119e-03 5.43842237e-03 1.75929275e-04 3.37843299e-04 1.23557085e-04
1.49203949e+02 7.61119058e-02 6.95988203e-03 2.13391709e-02 2.90380800e-04 3.69431301e-04 2.16723649e-04
1.51906356e+02 7.41473704e-02 -1.49615901e-03 3.36694873e-02 8.48058817e-05 3.44164541e-04 4.47072716e-05
1.54608106e+02 7.18616023e-02 -2.10395441e-03 4.37792336e-02 1.98753666e-04 3.68115884e-04 2.53580185e-04
1.57310965e+02 6.71451280e-02 -1.08753928e-02 4.94248450e-02 4.50171060e-04 7.26095579e-04 3.28847984e-04
1.60011840e+02 5.73178360e-02 -6.09540172e-03 5.28422491e-02 2.03798214e-04 7.95535538e-04 2.94027022e-04
1.62716574e+02 5.29342782e-02 -1.23281581e-02 4.85960676e-02 6.76602216e-05 3.79576195e-04 9.67602256e-05
1.65416231e+02 6.35798655e-02 -6.98678129e-03 5.42280309e-02 2.51711815e-05 2.25955491e-04 2.52761046e-04
1.68116824e+02 5.85964771e-02 -1.21410945e-03 5.49793677e-02 8.33678480e-05 2.88900182e-04 5.16613079e-05
1.70801059e+02 6.09124054e-02 5.89983592e-04 5.75195486e-02 1.31506944e-04 2.34536808e-04 1.04208878e-04
1.73507246e+02 6.26090480e-02 -2.17275441e-03 5.86191141e-02 2.96791991e-05 1.93818781e-04 3.13677820e-04
1.76207902e+02 6.11369837e-02 1.77096108e-03 5.13079799e-02 7.66210098e-05 2.47084496e-04 5.53968032e-05
1.78918481e+02 5.95554596e-02 6.77088166e-03 5.80972356e-02 1.14804511e-04 2.82165119e-04 1.35357982e-04
1.81622074e+02 5.72945021e-02 2.21610497e-03 6.24438725e-02 7.98696236e-05 3.43597231e-04 2.58964304e-04
1.84328324e+02 5.46954608e-02 1.39093894e-03 6.99233577e-02 1.93113521e-04 2.96561121e-04 7.97592979e-05
1.87024934e+02 5.18141715e-02 2.05682874e-03 6.68167038e-02 1.38016647e-04 2.11732111e-04 1.18354936e-04
1.89723293e+02 4.90821014e-02 -3.54765948e-03 6.35296507e-02 1.92013156e-04 1.35750499e-04 1.21620312e-04
1.92430746e+02 4.43409697e-02 -7.45427189e-03 6.37924878e-02 1.73029592e-04 1.94100474e-04 4.89263679e-05
1.95126793e+02 4.15700040e-02 -9.91199898e-03 7.49140935e-02 1.90163479e-04 2.36392838e-04 6.59176346e-05
1.97836981e+02 3.47441891e-02 -3.99103032e-03 7.24541944e-02 8.12363689e-05 3.89421615e-04 2.90604795e-05
2.00545184e+02 3.90768403e-02 5.43913560e-04 7.25624385e-02 6.83431743e-05 8.01217485e-04 2.65537693e-04
2.03253074e+02 4.11026961e-02 2.90138935e-03 7.17703313e-02 8.12404089e-05 2.74326767e-04 6.84062778e-05
2.05958824e+02 3.34523409e-02 8.22213851e-04 6.92634617e-02 2.12553060e-04 5.27825691e-04 6.70821979e-05
2.08663106e+02 3.61044401e-02 2.01458247e-03 6.91189960e-02 1.53470674e-04 3.51224717e-04 3.05410867e-04
2.11370293e+02 3.40112019e-02 -3.82787096e-03 6.71292084e-02 1.34502383e-04 3.45257763e-04 1.71357675e-04
2.14076074e+02 4.24393387e-02 1.96785940e-03 6.17370223e-02 1.07263589e-04 4.63597168e-04 8.25320069e-05
2.16771168e+02 5.88749437e-02 -6.12937408e-04 6.33585342e-02 1.40455820e-04 2.94685209e-04 3.44059264e-05
2.19472715e+02 5.65931178e-02 1.18313365e-02 5.25521420e-02 9.73627947e-05 3.75461985e-04 1.46395863e-04
2.22178184e+02 6.07764234e-02 3.15286070e-03 4.68247757e-02 1.18859164e-04 3.41075531e-04 9.12679788e-05
2.24873168e+02 5.43946805e-02 8.40418842e-03 4.40574403e-02 2.26900660e-04 2.95921156e-04 1.54520200e-04
2.27570652e+02 5.81499884e-02 4.04407150e-03 5.07178176e-02 1.25354915e-04 5.05149813e-04 8.25136675e-05
2.30260824e+02 5.88330603e-02 4.62268862e-03 5.98096499e-02 1.40812608e-04 2.50122618e-04 5.66302412e-05
2.32962824e+02 6.86418544e-02 8.75774512e-03 5.33425070e-02 1.02612208e-04 5.01165206e-04 5.58680936e-05
2.35650934e+02 7.27631409e-02 6.82640985e-03 5.03940448e-02 9.19143943e-05 2.04678282e-04 2.46512229e-04
2.38354652e+02 6.35340985e-02 7.71361129e-03 5.37630744e-02 1.81762091e-04 3.67589780e-04 1.01667347e-04
2.41054387e+02 6.87132554e-02 -4.49625060e-03 5.01112933e-02 7.06347400e-05 1.57187362e-04 7.80483019e-05
2.43765887e+02 6.18238950e-02 2.39517137e-03 5.85469519e-02 7.24353971e-05 1.22458481e-04 9.93052477e-05
2.46458527e+02 5.95055593e-02 5.75242476e-04 5.76717101e-02 1.63414075e-04 1.10427605e-04 9.80545486e-05
2.49157481e+02 5.52040695e-02 4.48090527e-03 6.11167817e-02 6.38241737e-05 2.84722100e-04 6.90660967e-05
2.51862871e+02 5.51772558e-02 8.75327972e-03 5.85470023e-02 1.22814990e-04 5.38507744e-05 6.22304628e-05
2.54564965e+02 6.68233678e-02 3.72515418e-03 5.64085956e-02 5.54668790e-04 1.85033578e-04 7.74629791e-05
2.57268402e+02 6.11227857e-02 5.21425117e-03 5.02563835e-02 1.00459781e-04 7.71927638e-05 2.21977501e-04
2.59965324e+02 6.23230499e-02 -2.03628025e-03 5.23311688e-02 2.86170985e-05 1.53679837e-04 1.83647390e-04
2.62670887e+02 6.51628713e-02 5.40093021e-03 6.04900593e-02 1.23290350e-04 1.41407522e-04 1.00531473e-04
2.65367840e+02 5.69105369e-02 9.50676325e-03 5.46249554e-02 8.52798446e-05 5.06711536e-05 4.55944588e-05
2.68059496e+02 6.67621094e-02 1.17298137e-03 5.66979544e-02 1.50283399e-04 5.86696460e-05 4.33910191e-05
