6.88822221e-01 5.52997326e-02 -2.94484896e-03 6.56339616e-02 2.36868836e-04 3.25686452e-04 8.73015903e-05
3.39453536e+00 5.35680023e-02 3.29952960e-03 6.33967147e-02 7.26631445e-05 2.46971806e-04 6.85638886e-05
6.08792505e+00 5.57287956e-02 1.79870894e-03 6.58714704e-02 5.33594825e-05 3.04759628e-04 7.78921596e-05
8.80627349e+00 5.03333323e-02 2.84110873e-03 7.13446535e-02 5.68841257e-05 3.14563036e-04 4.43820612e-05
1.15164457e+01 5.21988181e-02 -9.46144210e-04 6.75687124e-02 2.14903238e-04 3.37639192e-04 1.14679484e-04
1.42174144e+01 6.16458714e-02 2.14827230e-04 5.96612256e-02 2.26071308e-04 3.13773151e-04 1.20275050e-04
1.69208957e+01 6.39008617e-02 -4.52210258e-03 5.83161747e-02 2.21543452e-04 5.45917147e-05 8.86088826e-05
1.96157519e+01 6.08319507e-02 -2.85594402e-03 5.10629904e-02 1.10609059e-04 1.51816870e-04 6.01402626e-05
2.23045691e+01 6.63156664e-02 -8.48537864e-03 4.88304029e-02 1.45828442e-04 7.94324381e-05 4.55080848e-05
2.50015097e+01 7.24399474e-02 -3.05687273e-03 3.64428499e-02 8.11268052e-05 1.93207486e-05 9.32000655e-05
2.76960738e+01 7.05504041e-02 -1.29345895e-02 3.23036494e-02 1.61186360e-04 3.40040120e-05 1.15402069e-04
3.03873082e+01 7.42838446e-02 -5.19928782e-03 2.12377233e-02 1.00332224e-04 3.40868124e-04 1.28267495e-04
3.30745785e+01 7.72953206e-02 1.85310222e-03 1.07980616e-02 3.94353205e-05 3.50427157e-04 1.66882952e-04
3.57739347e+01 6.73736558e-02 -1.01838524e-02 -3.52492865e-04 1.20427471e-04 3.03611748e-04 8.84682655e-05
3.84725207e+01 7.24906881e-02 -6.86248022e-03 -1.99502071e-02 1.06095073e-04 3.25279317e-04 1.36064391e-04
4.11655816e+01 7.47066507e-02 -6.54932458e-03 -4.02142001e-02 2.98811941e-05 1.89816269e-04 2.53491254e-04
4.38759754e+01 6.17397337e-02 -3.35767603e-03 -5.05394230e-02 1.80276453e-04 1.16958909e-04 1.15479269e-04
4.65706207e+01 5.82474617e-02 -2.07767451e-03 -6.09609738e-02 1.42369436e-04 3.84367292e-05 5.10968463e-04
4.92519722e+01 6.65280052e-02 -7.02997518e-03 -5.74559947e-02 1.49876228e-04 1.33379884e-04 1.14034945e-04
5.19551691e+01 6.71771198e-02 -1.40194702e-02 -5.28384546e-02 7.94871324e-05 3.03128213e-04 1.12960901e-04
5.46453691e+01 6.45296932e-02 -9.38313480e-03 -5.88155431e-02 8.03064341e-05 2.12002843e-04 1.68530850e-04
5.73578144e+01 6.13352637e-02 -1.63717035e-02 -5.92857200e-02 1.04325975e-04 4.72880405e-04 4.56176766e-05
6.00545925e+01 6.38102699e-02 -1.41846832e-02 -6.26433055e-02 3.58667019e-05 9.51461161e-05 1.63648015e-04
6.27567754e+01 6.31182764e-02 -1.36010283e-02 -5.65738146e-02 1.47813816e-04 1.03173650e-04 1.58638132e-04
6.54528988e+01 6.32612830e-02 -7.98994928e-03 -6.00104186e-02 6.10966761e-05 3.30889662e-05 6.94483768e-05
6.81477941e+01 6.17797878e-02 1.79298774e-04 -5.11430629e-02 1.92946624e-04 1.83720571e-04 1.28753916e-04
7.08498675e+01 5.50778164e-02 -6.17526487e-03 -5.44004070e-02 4.52581105e-05 1.13797901e-04 6.46030435e-05
7.35529738e+01 5.63844784e-02 -9.28139926e-03 -4.82241583e-02 1.62526176e-04 3.80074625e-04 1.15979799e-04
7.62637082e+01 6.31271403e-02 -3.86898532e-03 -5.26747748e-02 1.75113915e-04 4.34480842e-05 1.22527094e-04
7.89555222e+01 6.10092169e-02 -3.70635777e-03 -5.67896442e-02 3.90491112e-04 1.06859583e-04 4.85683719e-05
8.16586394e+01 6.03450629e-02 5.04620589e-04 -6.01752257e-02 8.84631543e-05 3.00773028e-04 3.48006139e-04
8.43626285e+01 5.35186540e-02 -2.74851287e-04 -5.88496300e-02 2.57239775e-04 1.80323586e-04 1.39363242e-04
8.70716504e+01 5.31688513e-02 4.85665278e-03 -6.12758746e-02 5.81216820e-05 8.17132493e-05 1.61640782e-04
8.97768300e+01 6.46694376e-02 1.80050817e-02 -4.88583252e-02 4.79410785e-05 1.76016827e-04 1.36192802e-04
9.24698269e+01 6.22448356e-02 1.44157311e-02 -4.22681496e-02 1.34967079e-04 9.66578863e-05 5.36122939e-05
9.51765472e+01 6.50344092e-02 1.17144378e-02 -4.36518074e-02 3.88078252e-05 6.95738859e-05 1.85289299e-04
9.78692504e+01 5.52485695e-02 2.55120828e-03 -4.76281473e-02 1.55753772e-04 1.95531319e-04 3.46773978e-05
1.00576361e+02 6.40714604e-02 -6.77290731e-04 -5.12193202e-02 7.86974316e-05 6.79298867e-05 2.15142981e-04
1.03273939e+02 6.38958332e-02 -2.39146980e-03 -6.03093324e-02 2.15231147e-04 4.29317327e-04 8.51692057e-05
1.05983096e+02 4.98040012e-02 3.96652796e-03 -5.37415327e-02 1.03295797e-04 1.90917389e-04 1.37210909e-04
1.08684674e+02 3.93264249e-02 2.35318037e-03 -6.77300763e-02 1.27559602e-04 7.39938368e-04 8.40264780e-05
1.11391393e+02 4.69011462e-02 6.94385080e-04 -7.59349809e-02 1.33266590e-04 9.19071268e-05 6.98986905e-05
1.14075596e+02 5.12316835e-02 6.74045185e-03 -7.65705424e-02 1.16494197e-04 3.13324140e-04 5.23379749e-05
1.16781658e+02 5.62451375e-02 9.41317688e-03 -5.90670640e-02 8.26894597e-05 1.95482842e-04 1.53267286e-04
1.19488361e+02 5.75124540e-02 8.88532031e-03 -6.44395903e-02 7.52758872e-05 8.07707282e-05 1.00547446e-04
1.22190096e+02 5.89254975e-02 -3.50352745e-03 -5.56966112e-02 7.15035386e-05 1.58102447e-04 3.47740372e-04
1.24890033e+02 4.40591185e-02 -2.75091432e-03 -6.05304139e-02 1.97611008e-04 1.50831016e-04 4.46478196e-05
1.27588955e+02 4.73982170e-02 -4.45521570e-03 -6.27772297e-02 1.52396742e-04 1.37820589e-04 3.95411951e-05
1.30285533e+02 6.34168699e-02 3.50693253e-03 -6.20776829e-02 2.60176168e-04 3.50817521e-04 6.44277429e-05
1.32991361e+02 6.55192965e-02 -4.39020053e-03 -6.41912472e-02 2.32854660e-04 3.68314209e-04 1.60247390e-04
1.35686377e+02 6.12506941e-02 6.39121744e-03 -6.28269112e-02 1.95692675e-04 2.36279296e-04 1.02294917e-04
1.38380877e+02 6.80962774e-02 1.03327965e-02 -5.44728310e-02 5.50662560e-05 2.89049779e-04 8.82283504e-05
1.41076721e+02 6.91822655e-02 2.84113270e-03 -4.33498031e-02 7.64327016e-05 1.19495000e-04 6.41067703e-05
1.43782189e+02 7.14656308e-02 2.59657528e-03 -3.83856269e-02 1.53243753e-04 1.38997954e-04 5.64416109e-05
1.46485924e+02 6.72448396e-02 1.35668131e-02 -1.37450321e-02 1.11296896e-04 1.89317073e-04 1.52303821e-04
1.49179330e+02 7.14819449e-02 1.65098164e-02 6.96312192e-03 7.34261403e-05 3.21106748e-04 7.88034903e-05
1.51874486e+02 7.09333086e-02 1.78901201e-02 2.57087118e-02 2.61822482e-04 1.00612025e-04 1.50373445e-04
1.54566533e+02 6.93541625e-02 1.73111634e-02 3.91328983e-02 1.79626795e-04 1.28047459e-04 1.34458720e-04
1.57264361e+02 6.90337595e-02 1.64959561e-02 4.49220417e-02 1.63572392e-04 9.60916847e-05 2.02685636e-04
1.59958518e+02 6.14220296e-02 5.50557456e-03 5.49038558e-02 1.21417046e-04 1.73538260e-04 8.68929010e-05
1.62653689e+02 6.06648987e-02 3.11956655e-03 5.91395852e-02 7.36192348e-05 8.50510317e-05 5.05059747e-05
1.65356783e+02 6.44415790e-02 2.84139319e-04 6.06943638e-02 6.97674364e-05 2.94279632e-04 1.41553159e-04
1.68054658e+02 6.83380471e-02 -2.85083521e-03 6.31754941e-02 6.25906511e-05 5.71821859e-05 1.31289900e-04
1.70765424e+02 5.58721865e-02 -9.20843684e-03 6.95802978e-02 1.75134318e-04 1.06087535e-04 9.39913048e-05
1.73469221e+02 5.84100219e-02 -1.52268919e-02 6.19299303e-02 7.42004906e-05 1.28156221e-04 2.40417231e-04
1.76173002e+02 5.42480783e-02 -1.40224351e-02 6.30955996e-02 3.95928324e-05 7.44898204e-05 1.15615575e-04
1.78882002e+02 5.22956709e-02 -1.51394773e-02 5.58162005e-02 8.40959039e-05 1.24034116e-04 4.29692393e-05
1.81584658e+02 5.85802741e-02 -2.30277845e-03 6.12526053e-02 2.52625525e-05 2.33987180e-04 5.00748094e-05
1.84286924e+02 5.62567047e-02 -3.54310329e-03 6.59926289e-02 1.53812481e-04 2.37837714e-04 9.74705038e-05
1.86991814e+02 5.29517204e-02 4.20211807e-03 5.95059284e-02 2.92393354e-05 1.41341863e-04 8.11105605e-05
1.89696299e+02 5.46832347e-02 7.91183256e-03 5.48784490e-02 6.22803096e-05 2.00883389e-04 1.20742213e-04
1.92405627e+02 5.92466713e-02 5.58298847e-03 5.58458800e-02 1.22862702e-04 9.31737422e-05 1.47796895e-04
1.95109580e+02 5.92877839e-02 8.24719790e-03 5.80083201e-02 3.22205939e-04 9.37253556e-05 4.51044612e-05
1.97811908e+02 5.37275915e-02 8.36754869e-03 5.91413958e-02 1.07542766e-04 3.78984422e-05 1.71667602e-04
2.00512158e+02 5.13342058e-02 4.04534246e-03 6.62652395e-02 5.77489076e-05 1.85423302e-04 4.55691255e-05
2.03212471e+02 4.96004786e-02 6.75231012e-03 6.92040092e-02 2.48231557e-05 5.45886009e-05 1.19808637e-04
2.05912721e+02 4.89673126e-02 4.12909880e-03 7.10584732e-02 8.09331819e-05 1.12509829e-04 1.39613578e-04
2.08620268e+02 4.73976416e-02 4.80841745e-03 6.13839740e-02 2.29136374e-04 1.81816468e-04 2.72617427e-04
2.11320127e+02 4.47807808e-02 6.95873105e-03 7.03018033e-02 1.80123624e-04 2.17356484e-04 1.64429795e-04
2.14021986e+02 4.78210380e-02 -4.15558790e-03 8.13099853e-02 5.00912761e-05 1.85794926e-04 3.13331324e-05
2.16726533e+02 5.65398406e-02 3.62552221e-03 6.85190666e-02 1.90744615e-04 2.33987637e-04 4.91327370e-05
2.19443143e+02 5.43382513e-02 -1.27759828e-03 7.24879400e-02 3.75553393e-05 2.27508098e-04 7.39788861e-05
2.22141518e+02 4.54596865e-02 -5.75358981e-03 5.73102636e-02 3.72460708e-05 2.49551230e-04 1.46050346e-04
2.24842924e+02 5.80588394e-02 -8.88505673e-03 5.78811569e-02 2.07016780e-04 2.67208564e-04 9.57496363e-05
2.27538299e+02 5.95958225e-02 -1.94642853e-03 6.30601304e-02 1.20367480e-04 1.83765227e-04 7.13659139e-05
2.30226221e+02 5.90018216e-02 -9.37386288e-03 6.55756986e-02 1.57633087e-04 1.34665280e-04 9.55759515e-05
2.32917393e+02 6.47194802e-02 -7.83925929e-03 6.60713958e-02 1.20654645e-04 9.99314438e-05 1.17320614e-04
2.35628314e+02 6.37878572e-02 -1.18462522e-02 6.01082291e-02 1.16248292e-04 2.97122327e-04 9.30057115e-05
2.38322018e+02 5.61810561e-02 -8.92884016e-03 6.34960870e-02 3.63564921e-05 3.19460874e-04 7.13177844e-05
2.41024361e+02 6.30393212e-02 -5.73030798e-03 6.65532846e-02 8.21830161e-05 7.95488006e-05 7.67031997e-05
2.43714955e+02 6.82657213e-02 -4.71437480e-03 5.55954250e-02 8.32933944e-05 5.32593201e-05 2.50501023e-04
2.46412221e+02 5.96472529e-02 -1.84409305e-03 5.65183235e-02 6.67225831e-05 3.95759270e-05 1.01951700e-04
2.49111502e+02 6.55804532e-02 1.35489573e-03 4.85874528e-02 2.68692885e-04 2.23773265e-05 9.67510990e-05
2.51818393e+02 6.49859197e-02 -3.65082116e-03 4.98003169e-02 1.09472218e-04 3.96927758e-04 1.91536353e-04
2.54498580e+02 5.43329920e-02 1.98117782e-03 5.87371910e-02 1.65896928e-04 1.93531230e-04 5.81685924e-05
2.57205283e+02 5.66624499e-02 -6.97261849e-03 5.94681087e-02 7.41497042e-05 2.30104781e-04 2.02798545e-04
2.59909033e+02 5.53085461e-02 -3.20003705e-03 6.36365187e-02 2.61431203e-05 3.87040553e-04 1.27353390e-04
2.62608018e+02 5.54687419e-02 -6.23564218e-03 5.69276856e-02 1.36768384e-04 5.54372154e-04 4.57595741e-05
2.65311361e+02 5.81115272e-02 4.12055138e-03 6.13198117e-02 8.22600384e-05 6.19718009e-04 1.21012045e-04
2.68021888e+02 5.61522074e-02 -9.94031964e-03 5.93563127e-02 9.70556292e-05 2.04690633e-04 1.36769922e-04
