7.02325222e-01 5.63226381e-02 6.55798364e-04 6.43907560e-02 2.08145799e-05 1.54272616e-04 5.48108114e-05
3.41346404e+00 5.11607025e-02 3.07712187e-03 6.70566712e-02 1.83954050e-04 2.61023364e-04 1.82619131e-04
6.11414342e+00 5.66324114e-02 -3.07965293e-03 6.62629856e-02 1.35233180e-04 8.83561029e-05 2.13893466e-05
8.81832388e+00 5.58793087e-02 -1.41229909e-03 6.09021150e-02 9.97522368e-05 1.16197372e-04 1.33289985e-04
1.15186814e+01 5.82057776e-02 -1.26338277e-03 6.54389377e-02 1.23884149e-04 3.52849015e-05 1.25477345e-04
1.42062611e+01 5.59247960e-02 -4.94904618e-03 6.41279600e-02 4.09775401e-05 3.01588599e-05 2.61324091e-04
1.69078595e+01 6.14392784e-02 -9.55057230e-04 6.45520347e-02 1.33742396e-04 1.48509228e-04 1.74435974e-04
1.95996673e+01 6.78563741e-02 -9.08835720e-03 5.03530005e-02 1.63685348e-04 1.69174821e-04 8.70930286e-05
2.22925470e+01 6.44891267e-02 4.85656487e-03 4.31062167e-02 8.82296903e-05 4.79611882e-05 3.68205593e-04
2.49936345e+01 7.45774458e-02 -2.79580906e-03 4.27672339e-02 1.28078137e-04 2.26355059e-04 1.52216786e-04
2.76904548e+01 8.15007420e-02 6.19176869e-03 2.37261243e-02 1.09535452e-04 1.77764903e-04 2.31121911e-04
3.03863658e+01 8.12755085e-02 3.72186929e-03 1.06699878e-02 1.17294820e-04 1.61806709e-04 1.89228289e-04
3.30891501e+01 8.55048340e-02 -4.88911564e-03 -5.50952535e-03 2.74475520e-04 6.19103316e-05 1.40429172e-04
3.57681329e+01 8.47830692e-02 5.23233587e-03 -2.23503007e-02 5.07676620e-05 2.27020624e-04 1.29831515e-04
3.84651689e+01 8.17751383e-02 1.75878818e-03 -3.77572897e-02 7.19921919e-05 7.95163449e-05 9.46558895e-05
4.11664001e+01 6.79876306e-02 -3.82473667e-03 -4.00724605e-02 6.81243257e-05 5.46809086e-05 1.39734910e-04
4.38509361e+01 7.38482125e-02 -6.54899390e-03 -3.94237164e-02 9.63084666e-05 7.06238827e-05 1.49095853e-04
4.65598939e+01 7.45496216e-02 -7.02853654e-03 -3.86056995e-02 8.54630302e-05 6.77442619e-05 1.33440857e-04
4.92682829e+01 6.34484637e-02 1.47787293e-03 -5.27017799e-02 5.80064729e-05 2.69421218e-04 1.56569051e-04
5.19670314e+01 5.91415794e-02 1.85648977e-03 -6.26949792e-02 1.16637785e-04 2.07219815e-04 3.42250838e-05
5.46702548e+01 7.00328380e-02 4.13667495e-04 -5.82462092e-02 2.03914190e-05 6.69207131e-05 1.04811118e-04
5.73574673e+01 6.79241021e-02 2.78126732e-03 -5.84734386e-02 1.81662118e-04 9.03614049e-05 1.07507605e-04
6.00629142e+01 6.42740649e-02 4.95180014e-03 -5.66162395e-02 5.65443567e-05 8.83664282e-05 1.83803446e-04
6.27525798e+01 6.57189132e-02 -3.63286591e-03 -6.21113782e-02 4.74164301e-04 2.61029231e-05 8.89494771e-05
6.54495798e+01 6.82247091e-02 -7.06324137e-03 -6.45413029e-02 8.01573331e-05 1.67951724e-04 1.41941098e-04
6.81504501e+01 6.75151762e-02 -1.01344423e-02 -5.44475836e-02 2.58111660e-04 4.63730367e-05 4.21866993e-05
7.08545970e+01 7.29205121e-02 -7.05296463e-03 -6.16787256e-02 7.74130610e-05 1.39491573e-04 1.82003572e-04
7.35565517e+01 6.58998209e-02 3.99113409e-03 -6.00840985e-02 1.18268857e-04 1.58599469e-04 2.07551243e-05
7.62527970e+01 6.45680453e-02 -2.83472284e-03 -6.38008015e-02 2.28678099e-05 1.30681932e-04 4.17759146e-05
7.89517642e+01 5.23521426e-02 1.65395955e-03 -6.50612814e-02 1.59491697e-04 9.25615700e-05 5.33470215e-05
8.16421158e+01 5.60122267e-02 1.44275576e-02 -6.03920592e-02 5.86537723e-05 2.52346407e-04 4.67423768e-05
8.43525705e+01 6.12256938e-02 9.45134554e-03 -6.09952739e-02 1.43637175e-04 2.22213190e-04 3.39281110e-04
8.70562361e+01 5.98735065e-02 5.49512208e-03 -6.92492483e-02 1.13968172e-04 1.58511819e-04 1.12985084e-04
8.97653689e+01 6.41894050e-02 5.33776620e-04 -6.80158386e-02 1.28746900e-05 1.34575795e-04 1.03998216e-04
9.24685517e+01 5.90533614e-02 4.89171149e-03 -8.33636792e-02 1.58985644e-04 2.34794102e-04 3.49017881e-05
9.51702595e+01 6.90528055e-02 9.19421211e-03 -7.21851641e-02 6.52300241e-05 1.03917846e-04 2.28682098e-04
9.78618798e+01 7.28234479e-02 7.98404926e-03 -7.19704064e-02 1.43871965e-04 9.71677156e-05 7.50361934e-05
1.00563750e+02 6.58874790e-02 1.43382385e-02 -6.72967301e-02 1.17177537e-04 1.35186409e-04 1.38837293e-04
1.03263672e+02 6.01499766e-02 1.64039552e-02 -6.79390425e-02 1.27524826e-04 5.88861636e-05 7.11783099e-05
1.05965797e+02 5.85947898e-02 1.13365258e-02 -6.05492858e-02 1.66450266e-04 5.17299898e-05 2.92889879e-04
1.08670110e+02 6.39206381e-02 1.78003187e-04 -6.10928744e-02 1.55891137e-04 7.56418674e-05 1.57528004e-04
1.11371625e+02 5.83935340e-02 7.16457996e-03 -5.84819331e-02 1.60086145e-04 3.58425868e-04 1.54292694e-04
1.14076860e+02 4.56747794e-02 -2.63840580e-03 -6.20194665e-02 1.45034220e-04 3.20045738e-04 1.18481684e-04
1.16783469e+02 4.86957134e-02 -4.37568666e-03 -6.67058029e-02 1.44124070e-04 7.09022836e-04 9.66879859e-05
1.19488500e+02 4.97473583e-02 -2.59263526e-03 -7.52832856e-02 1.18054552e-04 5.52540794e-04 1.13943904e-04
1.22201891e+02 6.44736598e-02 -4.17155123e-04 -7.01241738e-02 1.90081662e-04 5.34748348e-04 1.38412589e-04
1.24897688e+02 6.47880837e-02 9.18239758e-04 -6.73219600e-02 2.33544883e-04 1.14167837e-04 8.66273704e-05
1.27592172e+02 6.56655493e-02 3.43452390e-03 -6.37905672e-02 6.68492089e-05 4.60223480e-04 1.07165721e-04
1.30290469e+02 5.02635532e-02 2.15488697e-03 -6.30146221e-02 5.18010138e-05 1.35371473e-04 1.36533477e-04
1.32994625e+02 4.67720522e-02 -3.58321060e-03 -5.86595617e-02 8.69530176e-05 4.60159472e-04 1.62430487e-04
1.35693906e+02 5.29563976e-02 4.65956480e-03 -6.14471154e-02 6.61607729e-05 3.78565524e-04 9.71940411e-05
1.38396969e+02 5.80212324e-02 -3.58275927e-03 -6.32116410e-02 9.39506564e-05 1.86505494e-04 7.78862989e-05
1.41093094e+02 6.32944829e-02 1.25570829e-02 -5.03901224e-02 1.07318043e-04 1.95553063e-04 8.38921317e-05
1.43778313e+02 7.33465960e-02 7.94691196e-03 -4.77254042e-02 2.38500745e-04 9.51987680e-05 1.65483155e-04
1.46477594e+02 7.58763293e-02 7.34233457e-03 -1.87476758e-02 1.11080586e-04 1.53151944e-04 9.27593463e-05
1.49171563e+02 7.75230954e-02 7.21630670e-03 -3.75253538e-03 7.88877796e-05 9.13554529e-05 1.13241133e-04
1.51868078e+02 7.60329469e-02 4.49278067e-03 9.38516707e-03 1.67571820e-04 1.30989749e-04 2.19006684e-04
1.54567172e+02 6.81785554e-02 5.85486065e-03 2.23813470e-02 1.49393876e-04 1.95629974e-04 1.51536840e-04
1.57270016e+02 7.11506023e-02 6.44671802e-03 4.13609060e-02 4.69901377e-05 2.48588688e-04 1.36655696e-04
1.59962985e+02 6.99500747e-02 1.10823697e-02 4.85107966e-02 6.56829158e-05 4.00953551e-04 9.85844578e-05
1.62663781e+02 6.64042712e-02 1.82759513e-02 5.15735036e-02 1.80082616e-04 2.80173569e-04 6.51879634e-05
1.65354438e+02 5.09748772e-02 9.23746339e-03 6.59234896e-02 2.47532507e-04 1.16768266e-04 2.51205974e-04
1.68058453e+02 4.64831564e-02 1.15311660e-02 5.87685557e-02 2.86503056e-04 1.20565518e-04 1.90975252e-04
1.70765797e+02 5.48007718e-02 1.12135559e-02 6.39127748e-02 1.74293337e-04 4.24853526e-04 1.61476921e-04
1.73469719e+02 5.87453019e-02 9.58286813e-03 5.94233415e-02 1.84317032e-04 4.20261408e-04 4.83353491e-05
1.76170047e+02 6.28003103e-02 9.56457314e-03 6.93214821e-02 7.08400059e-05 2.01653531e-04 2.63852369e-04
1.78885438e+02 5.91000386e-02 3.57206242e-03 6.69288016e-02 3.65604959e-05 2.26432745e-04 7.88580729e-05
1.81591656e+02 5.88996175e-02 -5.67004257e-03 6.97468135e-02 3.66401037e-05 5.41175731e-05 9.45395662e-05
1.84297422e+02 5.75954448e-02 -4.69883022e-03 6.39348385e-02 1.97939923e-04 1.06168912e-04 8.59148522e-05
1.86998531e+02 6.55147284e-02 -8.99993994e-03 6.72662746e-02 1.30011764e-04 2.25693777e-04 1.32676891e-04
1.89701328e+02 6.49625751e-02 -9.15321010e-03 6.75316136e-02 1.50038992e-04 1.12949694e-04 2.03682821e-04
1.92398328e+02 6.37511923e-02 -1.07268324e-02 6.42502693e-02 1.69129311e-04 3.50816225e-04 1.16336053e-04
1.95099313e+02 6.88404955e-02 -7.69156546e-03 6.23261626e-02 5.38774354e-05 1.70076322e-04 4.73190709e-05
1.97798875e+02 6.98478421e-02 -3.78741818e-03 6.00851806e-02 7.87007554e-05 2.29792253e-04 1.48450700e-04
2.00506625e+02 6.91305449e-02 -1.24729229e-02 4.90274245e-02 4.30446712e-05 3.56258176e-04 5.05958980e-05
2.03215672e+02 7.47346401e-02 2.86383220e-03 4.38419268e-02 1.31578382e-04 5.68765981e-04 9.11878763e-05
2.05923500e+02 6.67648071e-02 -2.20670992e-03 4.32380905e-02 5.69359125e-05 4.90266776e-04 2.24779940e-04
2.08618563e+02 6.48247465e-02 1.90498519e-03 5.00848941e-02 5.09264727e-05 6.16104525e-04 1.46558543e-04
2.11316719e+02 6.37381250e-02 3.45474289e-03 4.80679886e-02 1.31419406e-04 9.74774333e-04 1.10098976e-04
2.14009500e+02 6.04653969e-02 4.48050402e-03 4.82798662e-02 1.19043397e-04 4.86546816e-04 1.68290609e-04
2.16721328e+02 5.18551875e-02 -5.16326028e-03 5.63567519e-02 6.11961382e-05 1.85263929e-04 1.05837987e-04
2.19426828e+02 5.23188243e-02 -1.34267377e-03 5.93671990e-02 5.02241346e-05 2.47021048e-04 8.83381889e-05
2.22121797e+02 6.04760561e-02 -4.06603450e-03 6.03786315e-02 8.48596188e-05 1.21643000e-04 9.95017762e-05
2.24822938e+02 4.90312688e-02 -5.50124727e-03 6.68547316e-02 9.85470972e-05 1.50663833e-04 7.13947596e-05
2.27531328e+02 4.99200743e-02 -1.55136235e-02 6.33458035e-02 1.86380974e-04 1.55762831e-04 2.26199960e-04
2.30223250e+02 5.08212774e-02 -1.41979930e-02 4.95435742e-02 1.14836761e-04 2.26006660e-04 2.76800428e-04
2.32929453e+02 5.22562652e-02 -1.36511511e-02 5.98335298e-02 1.27306861e-04 3.43040671e-04 6.34292938e-05
2.35624625e+02 5.22573839e-02 -1.23833927e-02 5.01188162e-02 1.48810775e-04 1.94665791e-04 6.96500753e-05
2.38332406e+02 6.14801573e-02 -7.38392726e-03 5.14575282e-02 1.01524736e-04 1.56268378e-04 1.10052443e-04
2.41020750e+02 6.42409160e-02 -1.73110618e-03 5.51865428e-02 1.41175116e-04 1.44543635e-04 2.66738807e-04
2.43722953e+02 5.90336733e-02 -6.86980455e-04 5.56659333e-02 1.72768976e-04 2.64372047e-04 6.10365024e-05
2.46421610e+02 5.54696390e-02 1.45570803e-03 5.72328272e-02 1.56190978e-04 2.27768498e-04 1.64436892e-04
2.49117953e+02 6.31428554e-02 -1.56522894e-03 5.64320608e-02 1.03433973e-04 4.63168900e-04 8.30449161e-05
2.51807688e+02 5.16597487e-02 6.29349610e-04 6.38852478e-02 6.95449944e-05 1.97919439e-04 4.38125714e-05
2.54506641e+02 6.06111044e-02 -7.66695305e-03 5.70838036e-02 2.41675776e-04 2.12183014e-04 1.31238981e-04
2.57205844e+02 6.66017741e-02 -1.03138760e-02 6.10619998e-02 1.08258450e-04 5.99494036e-05 1.09486492e-04
2.59903125e+02 6.28970766e-02 -2.32552264e-03 6.47878692e-02 7.66608850e-05 9.26523384e-05 5.32129714e-05
2.62603766e+02 6.10713680e-02 -2.66003336e-03 6.37659372e-02 6.58636098e-05 8.73815851e-05 1.16352958e-04
2.65312750e+02 5.56484830e-02 -8.33231032e-03 6.13050169e-02 1.18291535e-04 9.59244611e-05 9.01221956e-05
2.68015739e+02 5.41403070e-02 -5.85522695e-03 6.10597777e-02 1.32320393e-04 2.65533549e-04 1.04321206e-04
