7.11586598e-01 5.57669429e-02 -4.94740452e-03 6.34314807e-02 6.13798590e-05 2.94800148e-04 1.24125972e-04
3.41284618e+00 6.11696184e-02 -2.02998281e-02 6.16399190e-02 7.14443976e-05 1.89571526e-04 1.17747754e-04
6.09911947e+00 5.67789576e-02 -1.31287986e-02 6.16595852e-02 1.35268031e-04 1.50422972e-04 7.79914028e-05
8.80191947e+00 5.52494572e-02 -1.46759961e-02 5.90590326e-02 7.96787895e-05 2.11194256e-04 1.19158583e-04
1.14957124e+01 5.73101563e-02 -1.39207496e-02 6.13371747e-02 1.24592842e-04 4.38863749e-05 9.09211184e-05
1.41931874e+01 6.25133802e-02 -1.03774333e-02 6.26531295e-02 7.77762779e-05 5.74323623e-05 8.55431867e-05
1.68918640e+01 6.10022410e-02 3.16347123e-03 7.06495995e-02 1.51977229e-04 1.64804024e-04 4.39949505e-05
1.95862421e+01 6.77690965e-02 -5.67193403e-03 6.15726356e-02 5.71542109e-05 1.45301006e-04 3.39250545e-04
2.22879984e+01 6.61147514e-02 4.18648431e-04 5.98966863e-02 2.89043256e-04 2.28695905e-04 2.55557256e-04
2.49737734e+01 6.55435889e-02 1.36665058e-03 4.09398389e-02 2.79345152e-04 3.43733773e-04 1.91969385e-04
2.76728874e+01 7.15174762e-02 2.79229995e-04 2.30286251e-02 1.52748366e-04 3.73586547e-04 2.97876285e-04
3.03699359e+01 7.66635359e-02 -7.14721644e-03 5.70009522e-03 7.38607657e-05 3.22129622e-04 1.00089125e-04
3.30663484e+01 8.19485773e-02 -6.40346256e-03 -1.32470666e-02 3.74414090e-04 2.06174129e-04 1.04938290e-04
3.57717734e+01 7.20616046e-02 -8.02065734e-03 -4.14621586e-02 3.33692393e-04 2.22295912e-04 2.40410520e-04
3.84703327e+01 6.56201755e-02 -7.05774415e-03 -4.76612600e-02 1.12089442e-04 1.11723158e-04 2.74389532e-04
4.11568187e+01 6.99118441e-02 -7.64546729e-03 -5.03434199e-02 1.02791925e-04 2.10842188e-04 1.35188569e-04
4.38747296e+01 5.88769279e-02 1.00032580e-03 -5.83721589e-02 7.06909049e-05 9.66196885e-05 9.76336652e-05
4.65777343e+01 6.95124352e-02 -8.75080661e-03 -6.07373509e-02 1.68741605e-04 5.27612218e-05 1.04848851e-04
4.92719843e+01 6.30524841e-02 -1.08926639e-02 -6.11070600e-02 5.12769044e-05 1.07315461e-04 1.10347059e-04
5.19721296e+01 5.72655740e-02 -1.00001089e-02 -5.62639211e-02 1.31174072e-04 2.64898738e-04 8.57428408e-05
5.46803468e+01 6.28812347e-02 -7.44352760e-03 -5.90768493e-02 5.29171155e-05 1.25854964e-04 8.66832621e-05
5.73767671e+01 6.36077523e-02 -1.62565237e-02 -6.40831148e-02 1.03619978e-04 2.13924699e-04 2.20373644e-04
6.00675249e+01 6.59012877e-02 -1.66268955e-02 -5.65528737e-02 1.85558867e-04 6.84858458e-04 1.22727079e-04
6.27751062e+01 6.76302237e-02 -1.38064713e-02 -4.54864152e-02 1.16944127e-04 2.51579151e-04 8.18667010e-05
6.54774859e+01 5.84746647e-02 -5.38539948e-03 -5.09298104e-02 5.17382634e-05 8.17154260e-04 7.83838632e-05
6.81679812e+01 6.42427930e-02 4.46786009e-03 -5.61999407e-02 6.64918616e-05 2.81295256e-04 1.02484061e-04
7.08636234e+01 6.85550850e-02 -1.13575852e-02 -6.35786289e-02 1.02050467e-04 1.79368540e-04 5.65241351e-05
7.35688124e+01 6.73704368e-02 -7.07235489e-03 -6.80996012e-02 1.50928956e-04 3.95027633e-04 1.04493749e-04
7.62797109e+01 6.25617539e-02 1.16799079e-03 -6.74892058e-02 7.38489881e-05 3.53821216e-04 1.19737150e-04
7.89733218e+01 6.47245045e-02 -2.97541064e-03 -6.61685978e-02 8.37807910e-05 1.01745171e-04 6.71021002e-05
8.16743452e+01 7.43737847e-02 -1.91214777e-04 -5.95867559e-02 1.45368711e-04 2.08818869e-04 1.10833803e-04
8.43743781e+01 7.54587293e-02 -1.05687258e-02 -5.31323239e-02 3.53273412e-05 1.13211469e-04 4.81215645e-05
8.70815062e+01 6.25887569e-02 4.16140078e-03 -5.68934284e-02 1.24485536e-04 1.40791723e-04 1.00286620e-04
8.97868437e+01 6.05838210e-02 1.46137956e-02 -6.21182672e-02 9.60002763e-05 1.01579553e-04 1.68856554e-04
9.24790062e+01 5.73730094e-02 1.94030418e-02 -6.70704504e-02 1.44151624e-04 3.22937853e-04 2.76096160e-04
9.51741812e+01 6.55937587e-02 2.06372353e-02 -6.52960441e-02 1.65515292e-04 2.32020192e-04 6.36517736e-05
9.78710984e+01 6.99288639e-02 1.77093674e-02 -6.29519001e-02 1.56589238e-04 2.69022696e-04 2.97102628e-04
1.00576066e+02 7.15823810e-02 1.38923718e-02 -5.10193359e-02 1.05273433e-04 4.50457566e-04 2.45813883e-04
1.03274519e+02 6.79422371e-02 1.48972426e-02 -5.30892428e-02 7.75439398e-05 1.30811347e-04 2.10304823e-04
1.05974503e+02 6.74893902e-02 1.56484740e-02 -4.82948467e-02 1.52200946e-04 9.46532794e-05 2.49578996e-04
1.08673722e+02 7.04449215e-02 1.23984571e-02 -5.61271864e-02 9.94134450e-05 1.37123108e-04 9.83345387e-05
1.11379159e+02 6.47023065e-02 5.04539442e-03 -5.65639509e-02 5.19419230e-05 5.58797905e-05 1.38859512e-04
1.14073284e+02 5.86878116e-02 7.87478888e-03 -6.51628836e-02 2.81710814e-04 1.37668440e-04 6.80182770e-05
1.16780566e+02 5.87544758e-02 7.89151355e-03 -6.86155519e-02 1.05070226e-04 2.44999846e-04 1.21446758e-04
1.19480831e+02 5.94660812e-02 -1.03962004e-02 -7.51025202e-02 7.45418374e-05 1.03915035e-04 3.34155329e-05
1.22190066e+02 6.80837806e-02 -4.63236150e-03 -6.31309306e-02 1.80584809e-04 4.12880702e-05 7.62782140e-05
1.24882175e+02 6.94478812e-02 -1.32275151e-02 -6.33018835e-02 1.90856358e-04 5.49937270e-05 1.52255032e-04
1.27577300e+02 6.33019818e-02 -9.15982943e-03 -6.41762902e-02 1.46764145e-04 1.16470030e-04 7.01632268e-05
1.30282737e+02 6.35350955e-02 -1.02681810e-03 -5.94463687e-02 6.58917745e-05 2.11382789e-04 2.05027586e-04
1.32987503e+02 6.25141873e-02 2.12841105e-03 -6.04002622e-02 1.15870517e-04 2.61442414e-04 1.42830562e-04
1.35697472e+02 7.21904749e-02 -1.91073027e-04 -5.43912164e-02 1.78504663e-04 1.29438288e-04 3.44739458e-04
1.38403847e+02 7.19353562e-02 -6.41636252e-03 -5.04946886e-02 2.16285493e-04 2.80717315e-04 1.63073238e-04
1.41109034e+02 7.99511830e-02 -1.49201835e-03 -4.02631595e-02 1.15850789e-04 5.89236726e-05 2.30237548e-04
1.43806581e+02 9.20820620e-02 -4.31842650e-03 -2.27633942e-02 9.78555056e-05 1.45521357e-04 8.90809990e-05
1.46516144e+02 7.09982825e-02 -3.12439269e-03 6.13211475e-04 1.26568398e-04 4.37985673e-04 9.86005802e-05
1.49217597e+02 5.93689978e-02 -8.56992021e-03 3.02443935e-02 3.14901800e-05 2.26746219e-04 1.55305039e-04
1.51909472e+02 6.22257022e-02 -4.34167192e-03 5.05070619e-02 4.87647748e-05 5.03364505e-04 1.94463554e-04
1.54612112e+02 6.09850547e-02 1.25508044e-02 5.05395929e-02 7.40800250e-05 9.31051041e-05 1.05120020e-04
1.57319222e+02 6.27378597e-02 1.02222528e-02 5.64546398e-02 1.66455748e-04 1.90001852e-04 1.09227258e-04
1.60021441e+02 7.59454271e-02 1.54564591e-02 5.48201607e-02 1.78554894e-04 2.62547249e-04 4.81631961e-05
1.62714112e+02 6.55441388e-02 1.65783967e-03 6.85306866e-02 2.42012760e-05 1.79666004e-04 1.58264014e-04
1.65431956e+02 6.27904687e-02 5.26289242e-03 6.40771572e-02 8.64481583e-05 1.64693521e-04 1.29026220e-04
1.68129206e+02 6.34896036e-02 7.49025274e-03 7.35106444e-02 7.08253116e-05 2.30922232e-04 8.25539223e-05
1.70832425e+02 6.19100653e-02 2.20927863e-03 6.40690115e-02 8.53371285e-05 3.09634615e-04 1.07956184e-04
1.73528675e+02 5.79640402e-02 4.17187413e-03 6.45946158e-02 4.47432609e-05 2.59646294e-04 2.13804468e-04
1.76221941e+02 5.71850032e-02 -2.99462070e-03 6.17493750e-02 1.95161282e-04 3.04228175e-04 2.43979329e-04
1.78914612e+02 6.16807675e-02 -4.96153967e-03 6.63239489e-02 1.98623361e-04 3.35280934e-04 1.99720424e-04
1.81609503e+02 6.13952239e-02 -1.83229867e-03 6.49360680e-02 7.13319623e-05 2.91970265e-04 1.07260968e-04
1.84311206e+02 5.86427204e-02 -5.50724092e-03 5.93432067e-02 2.17526167e-05 2.43436894e-04 2.91983612e-05
1.87007737e+02 6.64648245e-02 -9.43731278e-03 6.13945741e-02 4.74679576e-05 3.47758909e-04 1.38206405e-04
1.89704441e+02 6.60842656e-02 -1.12818481e-02 6.81467445e-02 1.13302029e-04 4.02732955e-04 4.66373932e-05
1.92414909e+02 6.13797032e-02 -4.77046759e-03 7.08043912e-02 3.53507686e-04 7.08258641e-05 1.21546886e-04
1.95102331e+02 5.94392113e-02 -3.47976167e-03 6.30252049e-02 5.47619400e-05 2.63227534e-04 1.23847376e-04
1.97810644e+02 5.18705769e-02 -2.58380938e-03 6.82023848e-02 1.23478194e-04 1.01305676e-04 4.39597014e-05
2.00501534e+02 5.03199870e-02 3.89444658e-03 6.71342785e-02 7.52686208e-05 7.71460918e-05 6.86822131e-05
2.03198550e+02 5.07834962e-02 1.28194425e-02 6.21174859e-02 2.24750109e-04 3.39695091e-04 7.97648997e-05
2.05907925e+02 5.74815750e-02 1.64890240e-02 6.27947664e-02 5.39595802e-05 5.43239093e-04 4.96604968e-05
2.08615675e+02 5.00114282e-02 1.76038036e-02 6.21793457e-02 5.55629776e-05 2.10325221e-04 5.11260717e-05
2.11319441e+02 4.81696412e-02 2.17161630e-02 6.98891919e-02 6.76681607e-05 2.11056088e-04 6.12654999e-05
2.14018925e+02 4.92347199e-02 7.06768216e-03 7.01598694e-02 6.18380489e-05 1.73726630e-04 1.85761827e-04
2.16716159e+02 4.85453105e-02 7.96737004e-03 6.72581519e-02 1.18929378e-04 4.63591334e-04 3.86852511e-05
2.19411519e+02 3.92931992e-02 -1.89645857e-03 6.41550762e-02 1.04331278e-04 5.66464942e-04 3.45817927e-04
2.22124316e+02 3.64459918e-02 4.03096764e-03 7.01176015e-02 2.69232576e-04 8.82398511e-04 1.03281883e-04
2.24825581e+02 4.43105696e-02 4.33989330e-03 7.10475642e-02 1.24103907e-05 8.01603969e-04 6.66154367e-05
2.27530097e+02 5.44947074e-02 -2.65540561e-05 6.99409500e-02 6.98901920e-05 2.09319812e-04 4.60978174e-05
2.30236753e+02 5.29076845e-02 5.38368881e-04 6.39826762e-02 5.15710617e-05 3.90395435e-04 1.58799347e-04
2.32936550e+02 4.77021505e-02 1.99685377e-03 6.80399534e-02 8.39536831e-05 9.76967446e-05 1.25924608e-04
2.35640675e+02 5.83864413e-02 2.39804795e-03 6.29425195e-02 1.40899561e-04 1.61756368e-04 6.73971604e-05
2.38346894e+02 5.84688257e-02 2.95621710e-03 5.77080063e-02 6.11909584e-05 1.12644135e-04 8.18483570e-05
2.41052441e+02 5.63820913e-02 2.39600067e-03 7.09823904e-02 1.15116306e-04 1.14196256e-04 1.82242457e-04
2.43745487e+02 6.35856041e-02 -3.04464648e-03 6.23488908e-02 9.77241819e-05 2.97655849e-04 4.85040072e-05
2.46458659e+02 5.31812303e-02 1.17367394e-02 6.86275786e-02 1.05805250e-04 2.09864505e-04 1.74406901e-04
2.49148816e+02 5.07949191e-02 3.79746405e-03 5.92443332e-02 1.23473386e-04 1.07502176e-04 1.30245919e-04
2.51865769e+02 5.75132103e-02 7.47045133e-03 5.39633867e-02 1.25849442e-04 1.95010852e-04 1.80644346e-04
2.54559534e+02 6.34452017e-02 7.48438402e-03 6.04902840e-02 9.00887585e-05 3.02509817e-04 7.61334763e-05
2.57263831e+02 6.71439831e-02 7.83377628e-03 5.22397339e-02 1.53772375e-04 5.00662285e-05 6.94574945e-05
2.59965300e+02 6.50116149e-02 1.13325634e-02 4.97142187e-02 1.02620644e-04 2.52158805e-04 5.69811883e-05
2.62659737e+02 6.87708761e-02 8.16278686e-03 4.60348654e-02 1.29047104e-04 5.62603748e-04 1.74090798e-04
2.65345269e+02 7.05172938e-02 1.16102176e-02 5.78941633e-02 9.37201506e-05 6.56304704e-04 6.60134290e-05
2.68046748e+02 5.35805652e-02 3.92051759e-03 5.46058686e-02 2.96342800e-05 5.10778568e-04 1.66848389e-04
