7.13816453e-01 6.11193685e-02 -7.78120771e-03 5.94645707e-02 6.89227023e-05 1.39757563e-04 6.76894780e-05
3.40963910e+00 6.10994008e-02 -1.07048919e-02 6.25304747e-02 3.07314354e-05 1.30869913e-04 7.47366850e-05
6.09940051e+00 5.96431715e-02 -1.35145337e-02 5.30111375e-02 8.95024633e-05 1.01241577e-04 1.94925450e-04
8.80330238e+00 5.71324066e-02 -9.56421752e-03 5.89430472e-02 3.43623092e-05 1.39185922e-04 6.72497560e-05
1.14933668e+01 5.49423563e-02 -7.28796356e-03 6.01963970e-02 1.84376348e-04 2.55396105e-04 1.85287141e-04
1.41888714e+01 6.13470127e-02 -4.78527120e-03 6.36946107e-02 7.33580544e-05 8.86185327e-05 4.68322501e-05
1.68891980e+01 6.33520957e-02 -6.03427910e-03 7.17871230e-02 8.51373683e-05 5.75993945e-05 5.67420911e-05
1.95906543e+01 6.42924646e-02 -9.04191265e-03 6.27226077e-02 6.63124443e-05 4.18757868e-05 1.89936040e-04
2.22771871e+01 7.13938327e-02 -3.08414932e-03 6.30931421e-02 1.15380478e-04 3.06281105e-04 2.98675067e-04
2.49709605e+01 6.53566694e-02 6.61863039e-03 4.15733871e-02 3.14006867e-04 2.15165766e-04 2.38114480e-04
2.76726668e+01 7.37484668e-02 -4.14249832e-03 1.79219777e-02 1.34928660e-04 7.26032554e-05 5.02567469e-04
3.03719480e+01 7.05761599e-02 -4.23878973e-03 4.07256294e-04 7.53736600e-05 2.10237001e-04 1.03376569e-04
3.30703589e+01 7.51455610e-02 -7.12612055e-03 -2.19876850e-02 1.46574796e-04 1.96747564e-04 1.26412806e-04
3.57575386e+01 6.77674676e-02 -4.67141242e-03 -3.58701076e-02 1.35526126e-04 2.32324389e-04 1.54728541e-04
3.84590308e+01 6.40082000e-02 -3.48943742e-03 -4.44696759e-02 8.48522359e-05 1.48946900e-04 2.08904169e-04
4.11614543e+01 6.79534743e-02 -4.63219557e-03 -5.33099949e-02 1.09417798e-04 1.92852410e-04 4.50025499e-05
4.38639418e+01 5.61594384e-02 -2.70350857e-04 -6.00271640e-02 2.51671510e-05 1.22153730e-04 1.28572225e-04
4.65700808e+01 6.68390905e-02 -5.64619653e-03 -5.90130994e-02 1.14553580e-04 8.44414724e-05 1.05894360e-04
4.92692808e+01 6.31763222e-02 -4.16938670e-03 -6.44953393e-02 3.94188954e-05 1.74595355e-04 1.57058285e-04
5.19746011e+01 5.44389463e-02 -5.34749584e-03 -6.26279821e-02 9.14846332e-05 8.54689199e-05 3.55606019e-05
5.46703496e+01 5.67316483e-02 -1.25023501e-02 -6.13232832e-02 5.93988200e-05 6.63669314e-05 1.27623515e-04
5.73628214e+01 6.26460839e-02 -9.67061263e-03 -5.60219658e-02 6.44544447e-05 2.18425294e-04 9.68843371e-05
6.00525605e+01 7.05724123e-02 -1.69688817e-02 -5.52817217e-02 5.60626066e-05 8.41977047e-04 8.51442524e-05
6.27641277e+01 6.68634046e-02 -1.38839272e-02 -4.89094113e-02 6.58358253e-05 5.08808801e-04 3.34683832e-05
6.54644980e+01 6.06207704e-02 -5.66313816e-03 -5.47209502e-02 7.85254774e-05 6.81612623e-04 1.76646533e-04
6.81603355e+01 6.06538952e-02 -8.99019734e-04 -6.08553920e-02 8.09875704e-05 2.25278660e-04 6.84048935e-05
7.08609480e+01 6.46675061e-02 -5.83729684e-03 -6.14124339e-02 2.43854275e-04 3.70894843e-04 1.62626308e-04
7.35550324e+01 6.56834996e-02 -8.27543786e-03 -6.22024871e-02 1.04981988e-04 3.98095335e-04 1.49854794e-04
7.62520402e+01 6.85515301e-02 -7.11875996e-03 -6.46584122e-02 1.88394529e-04 3.74919580e-04 1.06703462e-04
7.89684043e+01 6.93462117e-02 -6.51793056e-03 -5.75089473e-02 2.22148171e-04 2.37079477e-04 5.57673864e-05
8.16617027e+01 7.57491522e-02 -5.78465744e-03 -5.63032810e-02 1.91570925e-04 3.27730242e-04 2.36732957e-05
8.43598668e+01 7.40164636e-02 -8.22802396e-03 -4.81885949e-02 1.02132404e-04 6.56230115e-05 3.51112129e-04
8.70720839e+01 6.53235183e-02 2.35570908e-03 -6.13529794e-02 1.54722180e-04 8.76405434e-05 1.02906952e-04
8.97628605e+01 5.50559738e-02 9.63622481e-03 -6.30391919e-02 9.90499991e-05 1.07770943e-04 2.03234465e-04
9.24663074e+01 5.15832662e-02 1.66828599e-02 -6.02984569e-02 7.13393600e-05 3.60502635e-04 1.91374173e-04
9.51618527e+01 6.00898811e-02 1.34493484e-02 -5.72486037e-02 2.57530490e-04 2.68318926e-04 6.68510737e-05
9.78643293e+01 6.61322645e-02 1.69292624e-02 -5.23575918e-02 1.76215613e-04 2.26321061e-04 2.17839906e-04
1.00567209e+02 6.81851666e-02 1.25142390e-02 -5.32598798e-02 8.95662014e-05 2.48869827e-04 3.48486595e-04
1.03247850e+02 6.54219838e-02 1.47273871e-02 -5.00813473e-02 1.12071407e-04 3.91461758e-05 4.12064036e-04
1.05956631e+02 6.12241607e-02 1.36286520e-02 -5.34528086e-02 1.37135897e-04 1.92765883e-04 5.34819382e-05
1.08653990e+02 6.86655171e-02 1.16609014e-02 -5.55626781e-02 1.31784048e-04 4.94402446e-05 3.09723856e-05
1.11353365e+02 6.37864995e-02 5.96190261e-03 -5.62551336e-02 8.30313554e-05 4.29164798e-05 1.36014974e-04
1.14066240e+02 5.96849004e-02 5.91183972e-03 -6.89185196e-02 1.20123856e-04 3.60326999e-05 5.76730569e-05
1.16766693e+02 4.77484291e-02 -6.19169850e-04 -6.93051038e-02 1.77315854e-04 1.30819839e-04 1.50839945e-04
1.19473584e+02 5.55588422e-02 -9.48285536e-03 -6.51620243e-02 4.75042834e-05 1.12950089e-04 1.32557533e-04
1.22177803e+02 7.15860200e-02 -1.22328551e-02 -6.29932241e-02 1.64345915e-04 1.68912702e-04 1.14710505e-04
1.24872162e+02 7.22173103e-02 -1.27707049e-02 -6.55046811e-02 3.56994439e-05 7.87859795e-05 8.49111020e-05
1.27563443e+02 7.06610857e-02 8.22318119e-04 -6.45770066e-02 7.96632769e-05 2.01400647e-04 9.39949603e-05
1.30266162e+02 6.48231481e-02 -5.31727552e-03 -5.72062859e-02 1.54722486e-04 2.38844581e-04 2.39425967e-04
1.32973568e+02 6.32198971e-02 7.93798111e-03 -5.72069527e-02 1.75978252e-04 2.15764818e-04 1.23101452e-04
1.35674006e+02 6.51851268e-02 -3.15184970e-03 -5.66185865e-02 1.17627407e-04 3.15509437e-04 1.65006100e-04
1.38379990e+02 6.74732817e-02 1.31779369e-03 -5.14597993e-02 3.59120990e-04 2.35951779e-04 2.04398294e-04
1.41084584e+02 8.20387021e-02 -4.51709414e-03 -4.25060427e-02 1.01688634e-04 7.05847499e-05 1.32485429e-04
1.43788943e+02 8.66154082e-02 -8.47405691e-03 -2.43991786e-02 1.19706621e-04 2.28106084e-04 8.31952010e-05
1.46502350e+02 7.40985439e-02 1.45814939e-03 5.14673654e-03 2.68872443e-04 1.90995555e-04 2.46698465e-04
1.49193975e+02 6.83003130e-02 2.21221848e-03 3.66210139e-02 7.70066791e-05 3.14918247e-04 1.29494765e-04
1.51894553e+02 6.12002170e-02 -5.83284093e-04 4.49860488e-02 1.58509893e-04 5.35777262e-04 1.07249929e-04
1.54593693e+02 6.50319290e-02 1.11334016e-02 5.02615561e-02 1.29830634e-04 7.72620416e-05 5.62339784e-05
1.57300131e+02 6.50243154e-02 1.09828460e-02 4.48352987e-02 3.04191899e-04 1.50091250e-04 1.53189344e-04
1.59999459e+02 7.25385676e-02 1.30760279e-02 5.98568019e-02 9.56143051e-05 1.08500476e-04 1.13476318e-04
1.62698287e+02 7.10093595e-02 1.28562299e-03 6.80509447e-02 9.99117769e-05 1.51303799e-04 1.05876331e-04
1.65394396e+02 6.06349557e-02 5.85011318e-03 6.39995655e-02 3.83571486e-05 3.21566000e-05 1.57927542e-04
1.68101350e+02 6.20590383e-02 2.75761820e-03 7.07385913e-02 3.95018465e-05 1.76616555e-04 1.61578044e-04
1.70802850e+02 5.79887375e-02 2.91328246e-04 6.12549259e-02 2.76923096e-05 3.57453184e-04 1.18634352e-04
1.73496725e+02 6.42402463e-02 2.98465266e-03 6.30087191e-02 1.28987746e-04 1.78073194e-04 2.01095348e-04
1.76195006e+02 6.05907865e-02 -4.82637663e-03 6.03062063e-02 2.23804774e-04 1.05138214e-04 2.28477470e-04
1.78893850e+02 5.43098310e-02 -7.93245883e-03 6.29486131e-02 1.69860544e-04 2.75281403e-04 7.63893336e-05
1.81585428e+02 5.67401308e-02 -5.22999342e-03 5.97127699e-02 9.56555621e-05 1.90698611e-04 2.12641644e-04
1.84282178e+02 6.27789411e-02 -1.32510754e-02 5.32969530e-02 9.01041899e-05 2.63969021e-04 3.12374874e-05
1.86984084e+02 6.24181073e-02 -1.18876434e-02 5.81912961e-02 1.36915546e-04 1.04061576e-04 1.48554772e-04
1.89682271e+02 6.25624549e-02 -4.33995158e-03 6.60807838e-02 1.93085992e-04 4.78135036e-04 2.01075114e-04
1.92387865e+02 5.69393389e-02 -5.47314482e-04 6.86093364e-02 3.93368136e-04 2.09578531e-04 5.03448533e-05
1.95075537e+02 5.19821763e-02 1.40409581e-03 6.84582656e-02 8.47457627e-05 1.99548452e-04 1.53721406e-04
1.97777100e+02 4.85458870e-02 -4.02322612e-04 5.81515301e-02 8.08526007e-05 1.95267770e-04 1.33458897e-04
2.00478818e+02 4.95269590e-02 7.47955994e-03 6.00567670e-02 8.02768823e-05 1.34133176e-04 1.25298598e-04
2.03184850e+02 4.70903118e-02 8.47778385e-03 6.42510682e-02 1.63635059e-04 7.57211355e-05 8.31282056e-05
2.05879818e+02 5.03389118e-02 1.66283223e-02 6.84953823e-02 8.98000680e-05 3.66957289e-04 4.20508730e-05
2.08591131e+02 5.43031381e-02 1.55192753e-02 6.24754883e-02 6.83366356e-05 2.34520530e-04 1.15901464e-04
2.11292475e+02 5.23204430e-02 1.47172168e-02 7.55790928e-02 1.35166435e-04 3.70407348e-04 1.07987407e-04
2.13999350e+02 5.08949983e-02 7.93906414e-03 7.39127502e-02 5.77383775e-05 2.05342035e-04 3.93033838e-05
2.16701568e+02 5.12212454e-02 9.67763575e-03 6.83350143e-02 1.12015984e-04 4.23333345e-04 2.29599646e-04
2.19396600e+02 3.90081656e-02 -1.56401418e-03 6.89353518e-02 2.21324088e-05 4.94151644e-04 1.62189059e-04
2.22099209e+02 3.54675253e-02 -3.46291498e-03 6.42308791e-02 1.41220102e-04 6.15648370e-04 1.50041021e-04
2.24790771e+02 5.42593399e-02 -9.76136496e-04 7.11006984e-02 9.30824686e-05 2.89476099e-04 3.18531951e-05
2.27493693e+02 6.09085851e-02 5.29067442e-03 6.96745681e-02 8.18239453e-05 2.76916597e-04 1.58884087e-04
2.30196475e+02 5.56415669e-02 -5.95852569e-03 6.82678045e-02 9.75008294e-05 4.25003937e-04 2.73017042e-05
2.32904193e+02 5.23849835e-02 8.90467994e-03 6.64423826e-02 8.09219202e-05 1.68100649e-04 1.03927952e-04
2.35606615e+02 6.47541037e-02 6.93526514e-03 6.78683574e-02 2.66201459e-04 1.29954915e-04 9.43464474e-05
2.38308037e+02 6.34559368e-02 4.03099876e-03 6.55844332e-02 1.05840587e-04 7.00504602e-05 6.35196115e-05
2.41025787e+02 6.15350280e-02 8.15553959e-03 6.88371719e-02 1.20499800e-04 1.20917482e-04 1.31403898e-04
2.43715053e+02 6.10041730e-02 5.92120110e-03 6.72393646e-02 8.89411209e-05 1.16268561e-04 5.02648846e-05
2.46425943e+02 5.51091628e-02 3.44481759e-03 6.37753379e-02 1.21446813e-04 1.70755371e-04 3.17704533e-05
2.49134334e+02 4.14102011e-02 4.35080127e-03 5.69058882e-02 1.53799935e-04 1.24615466e-04 1.60279046e-04
2.51837865e+02 5.32867314e-02 4.04738541e-03 5.50450182e-02 1.80593358e-04 2.03370102e-04 1.29996535e-04
2.54536600e+02 6.50194209e-02 1.95634983e-03 5.66672227e-02 9.72515125e-05 2.43947302e-04 6.06954691e-05
2.57238084e+02 6.73743904e-02 5.71645721e-03 5.61117537e-02 1.64871837e-04 2.49580906e-04 1.61528996e-04
2.59935006e+02 7.06896679e-02 1.16189646e-02 4.35046719e-02 1.99228049e-05 1.41264910e-04 1.19074428e-04
2.62639803e+02 6.79926433e-02 1.12812214e-02 4.37826882e-02 6.40865654e-05 3.42489785e-04 5.57432726e-05
2.65323146e+02 6.94115908e-02 1.11623416e-02 5.41086622e-02 7.28245116e-05 3.22055274e-04 7.29012417e-05
2.68019520e+02 5.37565180e-02 1.04494401e-03 5.20668135e-02 1.05918283e-04 3.48167751e-04 1.28423254e-04
