6.95683654e-01 5.54967789e-02 4.53982327e-03 6.74892924e-02 7.48668981e-05 5.38814496e-04 1.32494063e-04
3.39010175e+00 6.55042905e-02 5.49736355e-03 6.65344451e-02 9.90928497e-05 8.16755204e-04 5.73780760e-05
6.09195206e+00 6.62979450e-02 3.54607079e-03 6.33127058e-02 1.64664284e-04 4.97178918e-04 2.01813692e-04
8.80024941e+00 6.23692504e-02 -8.96228329e-04 6.13154703e-02 2.02145114e-04 6.79518396e-04 9.29881505e-05
1.14933402e+01 6.65320678e-02 -3.19756466e-03 4.96768384e-02 6.38904776e-05 2.93865205e-04 1.38583979e-04
1.41891433e+01 5.76177344e-02 1.57075556e-04 5.87440516e-02 1.95297001e-05 3.50905856e-04 7.20592026e-05
1.68965761e+01 6.20357032e-02 1.02835059e-02 5.84329228e-02 1.30156120e-04 1.22682748e-04 9.14477820e-05
1.95986449e+01 6.45932150e-02 3.00426159e-03 5.30234092e-02 3.48174959e-05 2.71746897e-04 1.53376808e-04
2.23068261e+01 6.53064572e-02 3.64667836e-03 4.19586554e-02 1.29844075e-04 1.86435078e-04 1.03673485e-04
2.50016433e+01 7.76550335e-02 3.19016610e-03 3.37598977e-02 5.54501515e-05 2.41962349e-04 4.14612918e-04
2.76959480e+01 7.43336599e-02 -7.85178640e-03 1.69128365e-02 5.11235579e-04 3.52461289e-04 6.49118959e-05
3.03896293e+01 7.95840317e-02 -1.03299870e-02 -3.77592419e-03 2.96389242e-05 1.39379307e-04 3.22090740e-04
3.30897230e+01 7.68145967e-02 -2.82242901e-04 -1.74722948e-02 2.56086763e-04 8.08789543e-05 1.08461429e-04
3.57805058e+01 8.22830059e-02 5.26510219e-03 -3.51380054e-02 4.03288193e-05 2.07725229e-04 2.25887866e-04
3.84817324e+01 8.17051466e-02 6.02435156e-03 -5.06980274e-02 5.73324831e-05 6.33726653e-05 4.95850090e-05
4.11882058e+01 6.57686289e-02 8.52504269e-03 -5.33186266e-02 7.69677556e-05 7.18108312e-05 1.97944452e-05
4.38705386e+01 6.87077818e-02 8.66240067e-03 -6.35992499e-02 1.09328818e-04 2.90734013e-04 7.48877923e-05
4.65660652e+01 6.20725156e-02 9.90316629e-03 -6.70629994e-02 2.77291093e-04 1.43767280e-04 1.29700939e-04
4.92577527e+01 6.67157672e-02 1.29203896e-02 -5.99030307e-02 5.22205847e-05 7.80797617e-05 1.59644319e-04
5.19505636e+01 6.42272877e-02 7.13913352e-03 -6.75235149e-02 5.98023140e-05 3.30762234e-04 7.43537266e-05
5.46666402e+01 5.83763210e-02 1.31022209e-02 -6.12311426e-02 4.59159833e-05 5.98814018e-04 2.86765011e-04
5.73589246e+01 6.18222064e-02 9.50123023e-03 -7.10866093e-02 3.76238038e-05 2.29707693e-04 1.14575286e-04
6.00763324e+01 5.23544034e-02 8.95008209e-03 -6.98347077e-02 8.39402229e-05 2.53487894e-04 9.56207503e-05
6.27727730e+01 5.49738261e-02 5.02536136e-03 -6.74517511e-02 1.07069749e-04 9.71860556e-05 9.72556208e-05
6.54630417e+01 6.05204112e-02 1.77300915e-03 -6.46811974e-02 2.41622583e-05 1.02311473e-04 8.67837673e-05
6.81731261e+01 5.58394007e-02 1.01044320e-02 -7.53667545e-02 1.78048534e-05 1.96016487e-04 8.24164753e-05
7.08889636e+01 6.00070231e-02 8.46210937e-03 -7.00602394e-02 8.17733746e-05 1.38630817e-04 9.98601825e-05
7.35990558e+01 5.97334441e-02 -4.56668129e-04 -6.48437635e-02 4.49936361e-05 1.98894205e-04 7.32189383e-05
7.62912605e+01 5.90752563e-02 -5.78650296e-03 -6.03895912e-02 7.13606164e-05 3.08712159e-04 1.23743245e-04
7.89948433e+01 7.01266507e-02 -9.70216960e-03 -5.30869946e-02 1.37474377e-04 2.40939698e-04 2.02203407e-04
8.16887808e+01 6.68208953e-02 -1.01197374e-02 -5.83921077e-02 1.35074485e-04 6.03464136e-05 7.30907310e-05
8.43866246e+01 6.48564615e-02 -1.00545169e-02 -6.01966431e-02 1.79641594e-04 1.22189606e-04 6.81694999e-05
8.70797980e+01 6.85500522e-02 -1.64485138e-03 -6.32085357e-02 1.22908611e-04 1.73922272e-04 8.84911892e-05
8.97786605e+01 6.65069809e-02 -4.57066610e-03 -6.18269765e-02 1.59538114e-04 2.07093968e-04 9.85040112e-05
9.24746543e+01 6.69177578e-02 -4.56939762e-03 -6.77209709e-02 1.06432239e-04 2.13737410e-05 9.63155335e-05
9.51710652e+01 5.35945222e-02 -5.76317530e-03 -6.40952213e-02 1.12940663e-04 1.34140197e-04 2.18931006e-04
9.78781511e+01 4.90273067e-02 -2.37880066e-03 -6.08313393e-02 2.73507667e-04 1.31325381e-04 1.17351601e-04
1.00579279e+02 5.41985861e-02 -7.34107585e-03 -5.97658394e-02 1.18825793e-04 3.16847465e-04 1.05598991e-04
1.03278982e+02 6.53237190e-02 -1.19905305e-02 -6.21351905e-02 2.06751669e-04 6.77424219e-05 1.07855425e-04
1.05978826e+02 6.38347643e-02 -9.30690209e-03 -6.82637338e-02 6.52281157e-05 6.02587565e-05 3.47088698e-04
1.08680920e+02 6.01064732e-02 -8.25273281e-03 -7.30145755e-02 1.15785628e-04 6.52014914e-05 7.87821490e-05
1.11367779e+02 5.39139249e-02 -1.12286088e-02 -7.50609514e-02 3.43146643e-05 1.24643394e-04 6.54465866e-05
1.14083201e+02 4.73356537e-02 -2.18191253e-03 -7.33954767e-02 1.63432987e-04 3.03223326e-04 1.01264731e-04
1.16789732e+02 4.64504331e-02 -3.93847831e-04 -6.67878000e-02 2.51394426e-05 6.00320607e-05 1.20634673e-04
1.19495545e+02 5.54615902e-02 -7.25290867e-03 -6.46718478e-02 1.19174941e-04 7.59635901e-05 1.34311637e-05
1.22198451e+02 5.98823671e-02 -4.49260348e-03 -6.27276941e-02 1.66799686e-04 2.18949040e-04 1.46020248e-04
1.24896154e+02 6.26708337e-02 -1.81247685e-03 -6.67456350e-02 4.75017756e-05 9.51305937e-05 1.51686661e-04
1.27590592e+02 5.99037112e-02 -6.22608766e-04 -6.06736029e-02 6.23423081e-05 2.91538756e-04 1.73278992e-04
1.30286029e+02 6.31028090e-02 -1.54410383e-03 -6.92426918e-02 2.12879520e-04 1.92554201e-04 4.31832088e-05
1.32985014e+02 6.67509474e-02 -1.14853357e-03 -5.27377711e-02 7.41911980e-05 1.81020592e-04 1.85683302e-04
1.35698029e+02 6.40645762e-02 1.08353190e-02 -6.49441128e-02 1.11959678e-04 3.13667439e-05 1.25318668e-04
1.38392920e+02 6.72736782e-02 1.20471772e-02 -6.32471163e-02 1.61679437e-04 1.44246998e-04 8.45378010e-05
1.41107389e+02 6.42309895e-02 1.28462589e-02 -5.37963807e-02 1.48154204e-04 2.50383798e-04 1.15111040e-04
1.43802185e+02 6.38921662e-02 -1.52817528e-03 -3.45234317e-02 4.06194251e-05 2.79878033e-04 8.24066227e-05
1.46504061e+02 6.42335711e-02 3.55814898e-03 -1.83885319e-02 7.31317842e-05 2.57077052e-04 1.16150208e-04
1.49214076e+02 7.78418406e-02 3.91424459e-03 2.18309193e-03 1.16799501e-04 6.32556448e-05 1.33384067e-04
1.51911264e+02 7.54752715e-02 4.70280551e-03 1.96975434e-02 3.62844114e-05 1.65764003e-04 9.02917753e-05
1.54599592e+02 6.54099852e-02 2.84047237e-04 4.01377243e-02 2.01289912e-05 1.02750909e-04 4.91111480e-05
1.57291529e+02 6.22353721e-02 3.01502476e-03 5.12284107e-02 3.15904824e-05 4.54725954e-05 2.12472014e-04
1.59990435e+02 6.38769503e-02 4.92809828e-03 5.70727747e-02 6.64349516e-05 2.56874327e-04 1.41615217e-04
1.62697154e+02 7.71529836e-02 1.71776994e-03 4.92494114e-02 2.10298602e-04 7.43541480e-05 2.65484128e-04
1.65395045e+02 6.23750217e-02 8.81872655e-03 5.38380307e-02 8.12128571e-05 8.08307614e-05 1.16859996e-04
1.68108123e+02 6.06091744e-02 -2.23522294e-03 5.94047597e-02 1.33660228e-04 1.97693379e-04 1.25040847e-04
1.70807561e+02 5.68550320e-02 -1.61483656e-03 5.71592401e-02 1.77422539e-04 2.54823726e-04 3.12516989e-05
1.73510232e+02 5.59061864e-02 1.23553606e-03 6.10088051e-02 7.30786930e-05 5.56357738e-05 1.69329053e-04
1.76207623e+02 5.90743212e-02 4.04963107e-03 5.87535051e-02 6.51720655e-05 2.08465805e-04 1.03440555e-04
1.78907873e+02 6.73389658e-02 2.19561544e-03 6.34658811e-02 6.23024138e-05 2.37865037e-04 4.77657863e-05
1.81609295e+02 6.17004787e-02 6.61921825e-03 5.87142145e-02 8.69512151e-05 4.99106052e-05 8.26047825e-05
1.84314545e+02 6.47532566e-02 4.20021776e-03 5.32375842e-02 1.12874327e-04 7.12571309e-05 1.00519048e-04
1.87016889e+02 6.65643532e-02 4.03274893e-03 5.92820473e-02 8.77064896e-05 2.38325590e-04 7.96884186e-05
1.89718264e+02 6.42994170e-02 6.44046199e-03 6.09300074e-02 2.61122053e-04 9.94443240e-05 1.02749381e-04
1.92425170e+02 6.01642870e-02 -1.83815952e-03 5.73063267e-02 3.24223234e-04 2.02900992e-04 9.12976610e-05
1.95116623e+02 6.34740348e-02 3.87292350e-03 5.30019097e-02 5.02011987e-05 2.64918412e-04 2.10195523e-04
1.97815607e+02 6.27151607e-02 -1.48099040e-03 5.57017951e-02 1.34724663e-04 7.64621149e-05 2.35310337e-04
2.00504748e+02 6.63868685e-02 2.76817858e-03 7.21112370e-02 1.01628599e-04 1.96169853e-04 5.65823223e-05
2.03215873e+02 6.55817699e-02 1.79211496e-03 6.02844146e-02 2.43288582e-05 1.80392952e-04 2.71564776e-05
2.05919826e+02 6.55635230e-02 -2.94629772e-03 7.05901060e-02 5.05509791e-05 9.47938505e-05 1.49938542e-04
2.08624123e+02 6.14217786e-02 -6.43162774e-03 6.17775115e-02 1.45215786e-04 1.61727403e-04 5.22673918e-05
2.11328061e+02 6.07409526e-02 -1.46573840e-02 6.57889685e-02 6.76817952e-05 6.90534502e-05 9.20970639e-05
2.14016420e+02 6.16534383e-02 -1.65313950e-02 6.07533444e-02 9.91330037e-05 2.72126912e-04 5.75920106e-05
2.16726920e+02 6.07554339e-02 -1.56114674e-02 5.22047916e-02 9.34892703e-05 5.65801181e-05 6.77227057e-05
2.19425654e+02 6.32335473e-02 -1.92565575e-02 4.97128651e-02 2.14690100e-04 1.96053289e-04 1.06970217e-04
2.22116295e+02 6.67088906e-02 -1.92777525e-02 5.24393485e-02 2.23160492e-04 1.73896726e-04 1.56596883e-04
2.24825123e+02 6.68466459e-02 -1.00353874e-02 5.04017353e-02 2.32564061e-04 1.16379239e-04 2.35843159e-04
2.27508107e+02 7.43845082e-02 -4.60212196e-03 5.03843090e-02 2.33197698e-04 3.46813982e-04 4.47151107e-05
2.30217107e+02 6.54768353e-02 -9.35515122e-04 4.52583082e-02 1.18513834e-04 5.49529877e-05 1.54983060e-04
2.32927498e+02 7.55161416e-02 6.36339666e-03 4.37929291e-02 5.92865284e-05 1.06908719e-04 1.67641379e-04
2.35615467e+02 6.91777153e-02 9.03013725e-03 5.07816687e-02 1.00709043e-04 1.36646507e-04 2.63062426e-05
2.38325404e+02 6.33824715e-02 3.67738096e-04 5.61394542e-02 1.16496295e-04 4.82892977e-05 4.22978324e-05
2.41019701e+02 6.12598675e-02 -1.58750319e-03 6.45672094e-02 1.08034029e-04 9.39335727e-05 7.36177949e-05
2.43720545e+02 6.54481762e-02 -6.36718931e-03 6.06240465e-02 1.32773435e-04 2.80328432e-04 1.42850704e-04
2.46421248e+02 7.01323003e-02 -8.21698575e-03 6.45061239e-02 1.86932773e-04 9.83904965e-05 1.21274359e-04
2.49119857e+02 5.36876875e-02 -9.05868874e-03 7.21202942e-02 7.22410240e-05 2.74399591e-04 6.37969238e-05
2.51826076e+02 5.58466665e-02 -1.92129574e-02 6.77445423e-02 1.01429149e-04 1.96606632e-04 1.37585318e-04
2.54523264e+02 6.51074333e-02 -1.37217844e-02 7.28875235e-02 8.04182228e-05 2.31790962e-04 1.25142644e-04
2.57219857e+02 6.12538522e-02 -1.27381081e-02 6.35785002e-02 2.14335716e-04 1.67598163e-04 5.85422033e-05
2.59914701e+02 6.38040961e-02 -1.17282836e-02 5.60569645e-02 9.88026370e-05 7.19519546e-05 7.46537712e-05
2.62621279e+02 6.32135682e-02 -1.45037881e-02 5.30563683e-02 8.94047829e-05 5.00820681e-05 1.00551609e-04
2.65330592e+02 6.73603998e-02 -3.68540455e-04 5.85721350e-02 4.78362686e-05 2.86451456e-04 1.24086719e-04
2.68027630e+02 6.47507835e-02 -6.31326770e-03 6.50832894e-02 3.63326344e-05 2.48336671e-04 9.40629641e-05
