6.79556093e-01 5.91370610e-02 4.24906233e-03 6.99990155e-02 1.02389719e-04 3.89568517e-05 9.32301976e-05
3.37161927e+00 6.09543440e-02 -2.11439348e-03 7.14568533e-02 6.06443213e-05 1.19892190e-04 5.38261295e-05
6.06960412e+00 6.36047042e-02 2.61508368e-03 6.54895889e-02 5.99383180e-05 4.84918740e-04 8.50795226e-05
8.77696068e+00 6.62514084e-02 -4.66570353e-03 6.05174764e-02 1.76124823e-04 3.95900834e-04 1.57431439e-04
1.14720593e+01 5.65151157e-02 -7.50365086e-03 6.20573688e-02 9.11222452e-05 3.66631741e-04 1.63548261e-04
1.41837124e+01 6.28664176e-02 -8.61702817e-03 6.09574859e-02 1.08480607e-04 3.03198285e-04 1.91515538e-04
1.68950171e+01 6.48280516e-02 2.15743411e-03 6.03949124e-02 1.14897468e-04 1.50393322e-04 8.99365013e-05
1.95752671e+01 6.23792762e-02 8.12968465e-03 5.12779663e-02 2.46554899e-05 1.25142244e-04 4.39361596e-05
2.22786655e+01 6.80722437e-02 1.37534103e-03 2.82320102e-02 1.30989707e-04 1.77165167e-04 2.87390428e-05
2.49725436e+01 6.89956604e-02 -7.45168055e-03 1.58479113e-02 1.33796112e-04 1.76434317e-04 2.17026516e-04
2.76765015e+01 6.97132200e-02 -8.67921610e-03 -6.07984574e-03 3.46935718e-04 1.18978202e-04 1.21526897e-04
3.03804905e+01 7.03210590e-02 2.02459088e-03 -2.45333989e-02 6.85166928e-05 7.93939844e-05 6.03481974e-04
3.30807249e+01 7.95035351e-02 -7.72733716e-04 -3.44561866e-02 3.24699248e-04 2.28166913e-04 2.19883750e-04
3.57949983e+01 7.26582213e-02 3.41829471e-03 -4.73522993e-02 3.70067958e-05 1.40818590e-04 2.18395214e-04
3.84920780e+01 7.01348705e-02 3.46804786e-03 -5.46759579e-02 5.06704391e-05 7.65824033e-05 6.34384737e-05
4.11853452e+01 6.41416223e-02 -3.45372218e-03 -6.04779796e-02 9.92070476e-05 4.37917049e-05 1.33031912e-04
4.38877593e+01 5.82264374e-02 -4.31333407e-03 -7.01856567e-02 2.39054818e-04 1.45418348e-04 2.03518588e-04
4.65951061e+01 6.37560457e-02 -6.55606650e-03 -6.57203205e-02 2.26364451e-04 1.25179381e-04 7.67298735e-05
4.93002015e+01 6.02488469e-02 -1.51944788e-02 -6.63404682e-02 4.69071022e-05 1.98276120e-04 1.91899453e-04
5.19936093e+01 7.00791781e-02 -3.52516646e-03 -6.40537635e-02 1.21865983e-04 3.68337832e-04 1.12128956e-04
5.46887358e+01 6.82663749e-02 -3.65322802e-03 -5.78444687e-02 4.42421384e-05 1.64472171e-04 2.25215318e-04
5.73892546e+01 6.98615159e-02 -1.66695682e-02 -5.94149621e-02 1.55762439e-04 2.25396447e-04 6.37629025e-05
6.00891155e+01 7.06275832e-02 -2.13590544e-02 -5.35703035e-02 6.64163000e-05 1.24348800e-04 2.71688284e-05
6.27818968e+01 6.50783664e-02 -1.66511891e-02 -6.18617662e-02 9.84788561e-05 7.80354939e-05 2.32051012e-04
6.54751577e+01 5.28435817e-02 -6.17294556e-03 -6.26675841e-02 8.62604520e-05 1.90529981e-04 9.45616379e-05
6.81745327e+01 6.30838320e-02 5.94042283e-04 -6.55256467e-02 1.46938530e-04 1.18157431e-04 1.42604440e-04
7.08644374e+01 6.45477398e-02 -4.50705490e-04 -6.56423144e-02 1.34897149e-04 2.35693289e-04 1.43891378e-04
7.35531780e+01 6.76235703e-02 -1.01675763e-03 -6.63752030e-02 7.42097210e-05 8.52976242e-05 1.11904979e-04
7.62667952e+01 6.53762725e-02 1.47299373e-03 -6.33588693e-02 9.47721713e-05 1.29251882e-04 1.74393275e-04
7.89681296e+01 6.20626002e-02 5.29812472e-03 -6.60509531e-02 4.87645290e-05 3.18018967e-04 1.30976587e-04
8.16723249e+01 5.69733082e-02 4.34929616e-03 -6.94405067e-02 1.15978539e-04 1.46318304e-04 1.19615779e-04
8.43740968e+01 5.80786358e-02 -8.24307917e-04 -6.89877832e-02 1.32424733e-04 8.89935408e-05 1.08816680e-04
8.70748671e+01 5.59662034e-02 3.04695187e-03 -7.38914886e-02 1.43817710e-04 1.81189805e-04 6.24304443e-05
8.97747921e+01 5.58490638e-02 1.05150609e-02 -6.26495600e-02 6.86010137e-05 2.39391280e-04 1.54653194e-04
9.24847796e+01 5.29734973e-02 7.67913714e-03 -5.75442731e-02 9.27812818e-05 1.34730725e-04 3.49362031e-04
9.51930405e+01 5.49066814e-02 8.16520004e-03 -6.20215589e-02 2.07557424e-04 1.35630885e-04 8.46646453e-05
9.78983890e+01 5.01282510e-02 3.38672451e-03 -6.21829067e-02 1.71869797e-05 5.76737383e-05 1.37901275e-04
1.00602791e+02 5.65349940e-02 2.47260916e-03 -6.37540256e-02 1.93030939e-04 9.89224093e-05 1.33891844e-04
1.03298447e+02 5.82797455e-02 6.12407845e-03 -7.10915572e-02 1.95163768e-04 1.28588872e-04 9.30244377e-05
1.06001619e+02 7.17441063e-02 -4.23183723e-04 -7.25663125e-02 7.40386004e-05 1.70956130e-04 1.94461523e-04
1.08695447e+02 7.42762652e-02 1.39427349e-03 -7.25464794e-02 5.06963661e-05 1.39956748e-04 1.45498918e-04
1.11399431e+02 7.17139039e-02 4.91760568e-03 -6.07240060e-02 1.32270615e-04 1.40572168e-04 7.92734652e-05
1.14095603e+02 6.38696569e-02 8.36287686e-03 -5.35756672e-02 5.29831699e-05 1.46372774e-04 4.58163572e-05
1.16798947e+02 6.41652416e-02 -4.71351916e-04 -5.55210339e-02 1.20955485e-04 2.18004460e-04 1.74574398e-04
1.19499681e+02 6.50255949e-02 9.86339424e-04 -5.72091403e-02 8.17584777e-05 1.30352647e-04 9.65344490e-05
1.22197853e+02 6.84241371e-02 1.61116660e-04 -5.37898141e-02 1.51088021e-04 1.11804706e-04 9.52452158e-05
1.24900962e+02 6.33220255e-02 -4.53497011e-03 -6.11403031e-02 1.12331265e-04 4.24506638e-05 9.84761400e-05
1.27608291e+02 5.67449652e-02 -6.62248320e-03 -5.92376153e-02 2.85174178e-05 1.35826498e-04 6.82505336e-05
1.30311181e+02 6.03996667e-02 -7.60166396e-03 -6.57751870e-02 9.41155670e-05 1.12923747e-04 1.09859726e-04
1.33003791e+02 5.95412684e-02 3.32390452e-03 -6.23608106e-02 1.24212831e-04 9.84362027e-05 5.25017970e-05
1.35698447e+02 7.15590359e-02 -5.02007273e-03 -5.22711948e-02 7.34761117e-05 2.64755817e-04 1.68023969e-04
1.38387697e+02 6.79294077e-02 -2.20714681e-03 -4.89744319e-02 1.43450372e-04 4.07919661e-04 1.01079245e-04
1.41090837e+02 6.66297020e-02 -7.96160625e-03 -4.13484567e-02 1.32909362e-04 5.02686822e-04 1.72889971e-04
1.43793712e+02 7.72425854e-02 -1.33184576e-02 -2.87617749e-02 6.61615569e-05 3.68442671e-05 2.01908191e-04
1.46479759e+02 8.07955336e-02 -1.47127578e-02 -7.41907591e-03 9.26117403e-05 2.45373745e-04 1.74724408e-04
1.49172822e+02 7.02253939e-02 -6.09447274e-03 1.13236516e-02 1.49135592e-04 2.95863012e-04 2.61246604e-04
1.51856806e+02 7.32479387e-02 -2.45336898e-03 1.89674085e-02 7.12129185e-05 5.00401605e-04 2.83215181e-04
1.54559931e+02 6.28058609e-02 -5.09334223e-03 3.53093557e-02 4.96841680e-04 6.01892995e-04 1.79830471e-04
1.57269869e+02 6.81787065e-02 -3.04697924e-03 4.20334160e-02 2.71813568e-04 4.09407304e-04 2.57289547e-04
1.59978166e+02 6.17052369e-02 -1.04444407e-03 5.04298105e-02 2.11200250e-04 2.55140222e-04 1.43060916e-04
1.62677666e+02 5.37221124e-02 -1.29020544e-03 5.49851285e-02 1.27586116e-04 4.20156078e-04 4.26785142e-05
1.65378134e+02 6.20094955e-02 -3.00264292e-03 5.98728361e-02 8.05822926e-05 3.55231315e-04 5.65922992e-05
1.68075978e+02 6.28704015e-02 8.53402819e-04 6.48834857e-02 1.55462093e-04 4.76095412e-04 2.34068054e-04
1.70778587e+02 5.64885244e-02 3.31343932e-04 6.32529253e-02 2.73521476e-04 4.08079203e-04 1.36754428e-04
1.73475166e+02 6.50907707e-02 8.61793188e-04 6.09793371e-02 9.23086890e-05 3.68240008e-04 9.92006540e-05
1.76173134e+02 5.75483690e-02 -5.52418622e-03 5.42262381e-02 5.76362252e-05 3.07908563e-04 7.17255350e-05
1.78882556e+02 5.40221313e-02 -3.97860256e-03 6.94629399e-02 6.22634740e-05 2.11422362e-04 5.91510591e-05
1.81581275e+02 5.07979723e-02 2.15230430e-04 5.86401992e-02 7.28003156e-05 2.94444128e-04 6.34033718e-05
1.84295697e+02 5.83350847e-02 -3.07653783e-03 6.42396855e-02 2.16845538e-04 1.24369696e-04 1.01274020e-04
1.86995337e+02 5.34752164e-02 -6.01212474e-04 6.20689349e-02 1.66303682e-04 5.20875032e-05 6.17605146e-05
1.89696681e+02 5.23801620e-02 -5.33877267e-03 6.77385211e-02 1.73530873e-04 6.65836833e-05 1.32151314e-04
1.92406791e+02 5.11825113e-02 3.10534771e-03 7.19430437e-02 2.18370975e-05 1.30234380e-04 1.82542007e-04
1.95110494e+02 5.78354309e-02 -2.09889489e-03 7.49455602e-02 1.96027797e-04 1.28043992e-04 1.90348495e-04
1.97820494e+02 5.76653645e-02 -4.15309879e-03 6.77375759e-02 1.20379601e-04 1.22501423e-04 1.83273179e-04
2.00519822e+02 5.99275532e-02 -7.29979495e-03 5.63546501e-02 3.07337670e-05 7.38014693e-04 2.79229117e-05
2.03223353e+02 5.69930558e-02 3.92278865e-04 5.28299964e-02 4.48380210e-05 3.15700867e-04 1.11378902e-04
2.05921666e+02 6.66311446e-02 4.79768749e-03 5.84099482e-02 8.05989141e-05 4.89913386e-04 1.61755643e-04
2.08614509e+02 6.70601896e-02 -6.18032992e-04 6.52233369e-02 9.37128954e-05 3.97120078e-04 1.36472496e-04
2.11320447e+02 6.38706307e-02 2.62138971e-03 6.10844258e-02 1.05853839e-04 5.01987158e-04 6.53260901e-05
2.14008587e+02 6.83921317e-02 6.54105358e-03 6.05893652e-02 1.42018201e-04 4.70124394e-04 9.92672485e-05
2.16698587e+02 6.72137761e-02 1.65139309e-02 5.97683734e-02 7.14629619e-05 2.39931497e-04 1.04172242e-04
2.19395259e+02 5.78026076e-02 3.92830800e-03 6.26504728e-02 2.07466091e-04 5.49592287e-04 7.62506477e-05
2.22087634e+02 5.28754103e-02 7.48542393e-03 6.22984359e-02 1.25874760e-04 3.10745823e-04 1.85377519e-04
2.24792525e+02 5.34132720e-02 -9.26535747e-04 7.15412039e-02 9.35845817e-05 3.24994739e-04 1.26993976e-04
2.27479337e+02 4.98040061e-02 -4.53201622e-03 7.48761054e-02 1.23855971e-04 6.00683805e-05 3.92637686e-05
2.30175462e+02 4.92762205e-02 -2.69060691e-03 6.86137127e-02 1.97911775e-04 3.80128175e-04 1.29033513e-04
2.32883072e+02 5.02957115e-02 -7.19666891e-03 6.84214637e-02 6.19234542e-05 2.09208978e-04 1.56731816e-04
2.35575337e+02 4.71652845e-02 -1.21208387e-03 7.25259753e-02 1.16234647e-04 3.86023147e-04 1.18956073e-04
2.38273728e+02 5.79030500e-02 -4.78014139e-03 6.97658630e-02 1.09915094e-04 2.45587574e-04 8.98613620e-05
2.40970619e+02 6.59799119e-02 -5.83751090e-04 6.88546515e-02 1.78282095e-04 1.44085235e-04 9.14639248e-05
2.43680587e+02 6.20029422e-02 3.28309305e-03 6.03662430e-02 1.10279605e-04 2.22108223e-04 6.99804742e-05
2.46376931e+02 6.27189166e-02 5.02334598e-03 6.39621075e-02 1.28427428e-04 2.04417869e-04 8.61775232e-05
2.49075337e+02 5.97662000e-02 5.84054528e-03 5.85347906e-02 5.75660061e-05 2.05048793e-04 1.17124406e-04
2.51783197e+02 6.43680391e-02 9.76951523e-03 6.35672470e-02 1.22135406e-04 7.43995442e-05 3.60257080e-05
2.54478119e+02 6.18591137e-02 8.73840689e-03 6.92478100e-02 9.70405567e-05 3.02004917e-05 1.20892691e-04
2.57195947e+02 6.30198171e-02 3.66158307e-03 6.06098843e-02 3.23971191e-05 7.40738895e-05 9.38397924e-05
2.59892744e+02 7.15569450e-02 7.61164936e-03 7.04945506e-02 1.15531981e-04 7.05177163e-05 1.13506570e-04
2.62591962e+02 6.26229502e-02 5.52753225e-03 6.30558680e-02 8.77421817e-05 9.20083440e-05 8.96337222e-05
2.65293931e+02 6.00470940e-02 -2.85441657e-03 6.26844862e-02 7.44575760e-05 6.15445578e-05 4.75914105e-05
2.67996755e+02 5.91250321e-02 7.48867728e-03 5.94729236e-02 6.40469253e-05 5.50684790e-05 9.85585847e-05
