6.72011242e-01 6.66832652e-02 2.22388850e-03 6.22682295e-02 9.45607135e-05 2.77574661e-04 1.38387318e-04
3.37555644e+00 6.65321149e-02 7.89198122e-03 6.56455107e-02 7.67007880e-05 1.56373276e-04 6.28321205e-05
6.07155222e+00 6.31563284e-02 8.90466552e-03 6.88676185e-02 1.41010079e-04 3.12085011e-04 5.53132762e-05
8.78167753e+00 6.31693965e-02 1.59484675e-02 5.27258353e-02 1.27738822e-04 1.86073134e-04 5.88907884e-05
1.14784778e+01 6.25247122e-02 5.02654738e-03 4.97279389e-02 5.65795186e-05 5.92558614e-04 6.39609778e-05
1.41681841e+01 6.59465946e-02 1.87414801e-03 4.35774501e-02 1.00209616e-04 4.16675641e-04 2.75724267e-05
1.68620763e+01 7.65113160e-02 -1.71557654e-03 3.53373815e-02 1.26174481e-04 6.08239201e-04 1.19523351e-04
1.95680278e+01 7.53010867e-02 2.84366531e-03 2.18186178e-02 9.46583863e-05 5.32567206e-04 1.37549663e-04
2.22588497e+01 8.04579466e-02 -7.18490918e-03 1.66206818e-02 3.01911060e-04 5.71885692e-04 6.70899223e-05
2.49567747e+01 7.45295694e-02 -1.55492719e-02 -6.39681018e-03 9.63369309e-06 5.68414140e-04 3.39398235e-04
2.76679903e+01 6.57651291e-02 -9.15841528e-03 -1.75236732e-02 2.82148714e-04 3.86352248e-04 6.58922303e-05
3.03863950e+01 6.29904695e-02 -6.79810742e-03 -3.23641465e-02 1.24122268e-04 1.69985217e-04 3.44100028e-04
3.30938903e+01 6.51152423e-02 -1.16681935e-02 -4.84618989e-02 3.46126389e-04 6.82143480e-05 1.68486304e-04
3.57838232e+01 6.38683907e-02 -9.69244905e-03 -5.22266373e-02 4.95028953e-05 9.09739562e-05 2.35412940e-04
3.85022075e+01 6.63750612e-02 -1.09569952e-02 -5.56100733e-02 9.04844043e-05 1.14357061e-04 1.48887042e-04
4.11878607e+01 7.12765723e-02 -1.05659161e-02 -6.47682416e-02 1.06016462e-04 6.87885426e-05 1.14759782e-04
4.38912825e+01 6.95057420e-02 -4.35437344e-03 -6.02951777e-02 1.36709424e-04 1.51588013e-04 2.75945367e-04
4.65991669e+01 6.91735725e-02 -5.62878688e-03 -6.63617415e-02 2.74692789e-05 2.18832547e-04 3.29294128e-05
4.92965700e+01 6.95787209e-02 -1.25480500e-03 -6.46540980e-02 4.09149845e-05 1.51451484e-04 9.18459028e-05
5.20007966e+01 5.93279835e-02 6.53962039e-03 -6.63176335e-02 1.27644610e-04 5.42986132e-05 5.47809551e-05
5.46999653e+01 5.00903016e-02 1.09227910e-02 -7.05773901e-02 9.15183561e-05 6.83752888e-05 8.12778753e-05
5.73934622e+01 4.95773360e-02 4.58670657e-03 -6.73920795e-02 1.19444231e-04 1.24517416e-04 9.55300917e-05
6.00905482e+01 6.05036275e-02 4.05464127e-03 -7.24157904e-02 8.42802290e-05 9.65685077e-05 1.00237084e-04
6.27962325e+01 6.21002415e-02 5.05805268e-03 -6.34740722e-02 8.68679666e-05 1.20829749e-04 1.48782012e-04
6.54838310e+01 6.07759746e-02 7.38061984e-03 -6.78338574e-02 1.08361345e-04 1.66227530e-04 1.35960849e-04
6.81851200e+01 6.48318760e-02 3.87055554e-03 -6.15712911e-02 7.82302959e-05 2.25995939e-04 1.29897194e-04
7.08821560e+01 6.82299095e-02 -2.00237118e-03 -6.05726833e-02 1.61391528e-04 2.05807636e-04 1.06473759e-04
7.35811794e+01 7.10654001e-02 1.65370478e-03 -6.55499643e-02 1.29781333e-04 2.01094987e-04 1.25226648e-04
7.62799153e+01 6.27630939e-02 4.99295869e-03 -6.42420016e-02 1.89178771e-04 2.04742281e-04 1.24305009e-04
7.89783403e+01 6.55147321e-02 8.24584853e-03 -6.79502639e-02 6.58448591e-05 1.46182934e-04 6.04172173e-05
8.16928278e+01 6.32720621e-02 -7.08905125e-04 -7.08141791e-02 6.39351393e-05 1.29194895e-04 1.15822836e-04
8.43939810e+01 6.24523865e-02 -2.35693658e-03 -6.66573838e-02 1.44100774e-04 8.00794216e-05 2.03098884e-04
8.70913403e+01 6.17060002e-02 -3.30648048e-03 -6.69259924e-02 1.68546754e-04 1.11153511e-04 5.32925434e-05
8.97884060e+01 6.10842496e-02 5.04443598e-03 -6.93697434e-02 8.34882748e-05 1.18277181e-04 1.50711157e-04
9.24907294e+01 6.36902927e-02 1.46783659e-03 -6.68909182e-02 2.40934001e-04 8.10885496e-05 6.99002028e-05
9.52013075e+01 5.65374685e-02 -5.12317252e-03 -6.77204255e-02 3.80096541e-05 1.13900866e-04 9.69808690e-05
9.79063982e+01 5.07772776e-02 -1.83345296e-04 -6.18939458e-02 1.28051126e-04 1.75112033e-04 9.68618621e-05
1.00605343e+02 6.28967333e-02 -2.84971023e-03 -6.22168608e-02 2.07373269e-04 1.44498449e-04 1.34181214e-04
1.03309797e+02 6.48319334e-02 1.14743938e-02 -6.22424628e-02 1.01882004e-04 1.34561054e-04 7.37280084e-05
1.06016484e+02 6.92813955e-02 -2.54596544e-03 -7.44244002e-02 1.00694010e-04 7.77529957e-05 4.22354389e-05
1.08712843e+02 7.31926815e-02 4.96657903e-03 -8.36786736e-02 2.94365577e-04 2.18939726e-04 8.98285869e-05
1.11416593e+02 6.20938349e-02 4.38558987e-03 -8.08058231e-02 2.77543110e-04 1.50694383e-04 1.74356695e-04
1.14118703e+02 6.11736700e-02 -1.45220558e-03 -6.91205414e-02 1.83853782e-04 2.74542119e-04 1.85703253e-04
1.16820484e+02 5.85864572e-02 3.03765610e-03 -6.56736654e-02 1.48614818e-04 1.05186255e-04 1.23221043e-04
1.19511828e+02 6.06157308e-02 4.57648542e-03 -6.54366077e-02 1.60541044e-04 1.79947188e-04 1.46617598e-04
1.22205015e+02 6.31262148e-02 1.37510426e-02 -6.25658296e-02 1.45600932e-04 1.82107853e-04 2.34014604e-04
1.24903500e+02 4.92205746e-02 1.48370210e-02 -5.48103454e-02 8.44082145e-05 3.57934384e-04 1.31524772e-04
1.27606922e+02 5.93222583e-02 1.32424898e-02 -5.15713176e-02 8.53516346e-05 2.16414233e-04 8.40864430e-05
1.30311609e+02 6.35921663e-02 7.62424401e-03 -5.22282518e-02 1.66855271e-04 2.08190037e-04 1.18132308e-04
1.33013203e+02 7.07948263e-02 3.60741154e-03 -4.92237004e-02 1.41568120e-04 1.96798420e-04 8.16294262e-05
1.35702312e+02 6.72047796e-02 -1.13719780e-03 -5.48273220e-02 1.34433320e-04 5.36818979e-04 9.01701986e-05
1.38411234e+02 6.96255940e-02 -2.49410666e-03 -5.78033241e-02 1.14477759e-04 1.04150520e-04 8.17492880e-05
1.41105703e+02 5.83888491e-02 -3.16162286e-03 -6.26003345e-02 2.76693751e-05 8.36849953e-05 1.19689496e-04
1.43797218e+02 7.47191678e-02 -1.96179079e-03 -4.67382543e-02 1.30187548e-04 4.21346881e-05 1.05538457e-04
1.46495406e+02 6.48291792e-02 -1.42836195e-02 -1.91821353e-02 1.81166607e-04 6.91016774e-04 9.70379420e-05
1.49193515e+02 7.10647783e-02 -1.99431269e-02 -1.35146395e-02 1.79477901e-04 4.22514685e-04 5.42758255e-05
1.51888062e+02 6.73000166e-02 -1.92618552e-02 6.45957386e-03 3.15029113e-05 5.02624768e-04 3.63945524e-04
1.54580828e+02 6.55864916e-02 -1.63491974e-02 2.65975735e-02 2.40557469e-04 1.32178669e-04 1.85031864e-04
1.57275125e+02 6.58033683e-02 -1.92592040e-02 4.98122806e-02 2.74045847e-04 5.25902084e-05 1.20445565e-04
1.59973515e+02 6.50416753e-02 -1.40075725e-02 6.71083953e-02 1.26567090e-04 1.82565008e-04 1.90248700e-04
1.62683484e+02 6.22585590e-02 -1.18781148e-02 6.14025659e-02 3.40811726e-04 6.93002433e-05 9.47693064e-05
1.65382125e+02 6.59716369e-02 -5.86625841e-03 5.55192594e-02 6.75988865e-05 1.77973932e-04 9.07918586e-05
1.68070750e+02 6.12424923e-02 -2.96560964e-03 6.07677283e-02 5.57375671e-05 3.36013018e-04 1.28872648e-04
1.70782687e+02 5.61006002e-02 3.33590182e-03 6.72992246e-02 4.78817363e-05 2.65344131e-04 1.20648765e-04
1.73484750e+02 6.31209258e-02 1.32341661e-03 6.35328819e-02 2.81950864e-05 1.55259035e-04 1.00439966e-04
1.76203015e+02 7.06353465e-02 4.88824735e-03 6.74201026e-02 1.18643725e-04 1.81711486e-04 2.15051140e-04
1.78900531e+02 6.01067346e-02 7.97312875e-03 6.85919979e-02 1.95506403e-04 6.44427065e-05 1.60840324e-04
1.81606328e+02 6.18215916e-02 8.34839916e-03 6.68077953e-02 2.31587620e-04 1.28903984e-04 1.30615257e-04
1.84300812e+02 5.81369968e-02 8.93005517e-03 5.50502174e-02 1.74234582e-04 7.69286192e-05 3.73698109e-05
1.86999375e+02 6.22563656e-02 1.07762232e-02 5.07763991e-02 3.44601136e-05 8.46453979e-05 1.28563441e-04
1.89697812e+02 6.34010410e-02 2.50300545e-02 5.40511936e-02 8.68963016e-05 2.35651574e-04 1.14292340e-05
1.92408984e+02 6.80072986e-02 2.22407247e-02 5.74377132e-02 2.03622397e-04 1.03565935e-04 1.83044390e-04
1.95111343e+02 7.03007644e-02 3.07717360e-02 6.24709482e-02 1.16712520e-04 1.00034351e-04 1.05393001e-04
1.97809625e+02 7.54572236e-02 1.66527093e-02 5.64098772e-02 9.39009282e-05 1.98698544e-04 1.19143634e-04
2.00518875e+02 6.47049366e-02 2.25209605e-02 5.80506981e-02 5.29391537e-05 5.57380588e-05 1.85414928e-04
2.03215047e+02 6.28401636e-02 1.54885090e-02 5.84728917e-02 2.10436312e-04 1.80574752e-04 5.14932461e-05
2.05908687e+02 5.98370195e-02 1.39044947e-02 6.54592494e-02 9.43978579e-05 7.22957116e-05 1.18184673e-04
2.08604297e+02 6.24365959e-02 4.93201885e-03 6.47439093e-02 1.05550830e-04 5.46654850e-05 1.00012381e-04
2.11301609e+02 5.88139780e-02 -2.69123651e-03 6.39909746e-02 2.16502148e-04 5.62399005e-05 2.17957902e-05
2.13998562e+02 5.87172932e-02 -4.89771413e-03 6.47044352e-02 1.05950750e-04 1.29253181e-04 3.97996417e-05
2.16698625e+02 6.57644575e-02 -4.18278531e-03 6.54416182e-02 1.06326006e-04 6.06378457e-05 8.16049270e-05
2.19402593e+02 5.97305356e-02 3.02965257e-03 6.17057523e-02 3.45782722e-05 2.63746597e-04 1.43729057e-04
2.22096515e+02 6.72419246e-02 1.61818982e-03 5.76632653e-02 1.05612934e-04 9.63997764e-05 1.51847401e-04
2.24796031e+02 7.21361526e-02 4.32088419e-03 6.72891125e-02 8.02235181e-05 2.36930073e-04 2.37463752e-04
2.27503422e+02 6.70213137e-02 1.00504657e-02 5.79769584e-02 1.24294566e-04 1.42777330e-04 1.44168910e-04
2.30208781e+02 7.12766899e-02 9.06729222e-03 5.58305299e-02 1.06161054e-04 1.26860573e-04 9.48098699e-05
2.32912797e+02 6.34051027e-02 1.25246642e-02 5.17556126e-02 6.48550159e-05 3.22840773e-04 7.37799866e-05
2.35605031e+02 5.94521551e-02 2.76933757e-03 5.19386866e-02 6.75102381e-05 2.50263895e-04 8.11823009e-05
2.38311515e+02 5.70076000e-02 8.57409688e-03 6.12228119e-02 7.49279046e-05 2.47053338e-04 1.90930876e-04
2.41013265e+02 6.29985135e-02 -1.61914090e-03 6.40141817e-02 2.74866851e-04 2.39305130e-04 5.08359950e-05
2.43696640e+02 6.17637898e-02 -5.17781777e-03 7.55906050e-02 1.13586120e-04 2.91563496e-04 7.95620506e-05
2.46398547e+02 5.82449916e-02 -4.11579447e-03 6.59439175e-02 1.66470292e-04 1.12213224e-04 1.28199900e-04
2.49091031e+02 5.45419922e-02 -1.65254499e-02 6.72343939e-02 6.68681015e-05 1.09083077e-04 1.27929091e-04
2.51789375e+02 5.46360293e-02 -1.05009736e-02 6.77629017e-02 1.22166287e-04 1.92767936e-04 6.44667497e-05
2.54482609e+02 5.28442100e-02 -1.66939252e-02 7.08917536e-02 4.18159348e-05 1.92879112e-04 9.65649792e-05
2.57180562e+02 5.76495737e-02 -1.10090587e-02 7.00386052e-02 3.45151550e-05 3.66352659e-04 4.66006181e-05
2.59884047e+02 5.66351801e-02 -1.42568118e-03 7.53954643e-02 2.77442250e-05 1.55069509e-04 5.10441297e-05
2.62595140e+02 4.95969047e-02 -3.53698885e-03 7.38740608e-02 1.00614690e-04 1.55279612e-04 8.52007381e-05
2.65303047e+02 4.78278559e-02 -7.98114289e-03 6.36229672e-02 3.60128426e-05 2.36528240e-04 1.64956440e-04
2.68006589e+02 6.49249053e-02 4.83198267e-03 5.84541205e-02 1.25526177e-04 3.43231769e-04 1.78202905e-04
