6.69038061e-01 6.88905416e-02 -8.34417352e-04 6.07829226e-02 2.28007109e-04 2.33683186e-04 1.02679571e-04
3.37862362e+00 6.70189074e-02 7.84898743e-03 6.86334730e-02 1.95283258e-05 3.16157084e-04 9.65831741e-05
6.07047815e+00 6.49028268e-02 5.30299031e-03 6.90075451e-02 1.65894089e-04 2.12020489e-04 6.10169803e-05
8.77525643e+00 6.71272854e-02 9.79759252e-03 5.96708771e-02 1.28279461e-04 1.55847405e-04 8.94658286e-05
1.14729761e+01 6.41647648e-02 -4.58361677e-04 4.63722450e-02 6.60047725e-05 3.72466216e-04 6.12358007e-05
1.41744699e+01 6.78190856e-02 1.16377625e-03 4.14605401e-02 3.38005733e-05 3.82800876e-04 3.59089559e-05
1.68696949e+01 7.58210154e-02 -6.95227546e-03 3.50131669e-02 9.34842284e-05 2.82417267e-04 1.30619070e-04
1.95686949e+01 8.01147204e-02 6.96621355e-03 1.83466894e-02 1.00804831e-04 4.57670791e-04 1.82701335e-04
2.22645339e+01 7.71434357e-02 2.27895659e-03 1.63453366e-02 1.68708980e-04 6.22451610e-04 5.30295667e-05
2.49599011e+01 6.39046022e-02 -1.69547904e-02 -1.13793806e-02 1.80476521e-04 4.50128643e-04 1.86701504e-04
2.76707136e+01 6.33137321e-02 -1.36306932e-02 -2.67348173e-02 3.41544557e-04 5.51985240e-04 1.55242804e-04
3.03812214e+01 6.40200461e-02 -5.66123980e-03 -3.13774479e-02 3.13278141e-05 5.70522310e-05 3.45616336e-04
3.30811589e+01 6.29691114e-02 -6.64039277e-03 -4.87391517e-02 2.44945163e-04 2.43767956e-04 1.66351597e-04
3.57758167e+01 6.72560807e-02 -6.78820863e-03 -5.46457476e-02 1.07176403e-04 8.48700409e-05 3.01793325e-04
3.84834808e+01 5.82291682e-02 -8.46048129e-03 -5.93487328e-02 1.15845712e-04 1.37452892e-04 4.01501055e-05
4.11852808e+01 7.18616385e-02 -2.47321532e-03 -6.71260547e-02 4.54564885e-05 7.22663922e-05 1.11362208e-04
4.38959699e+01 6.65162470e-02 -1.02924906e-02 -5.74659110e-02 4.43177144e-05 1.36120533e-04 3.17744343e-04
4.65902308e+01 7.10797891e-02 -1.15026543e-02 -7.16913378e-02 1.77859307e-05 5.29030118e-04 8.61391584e-05
4.92810402e+01 7.24972595e-02 6.39780018e-03 -6.67686948e-02 1.02828305e-05 1.48644713e-04 1.34561612e-04
5.19945011e+01 5.84832119e-02 6.86072321e-03 -6.89317960e-02 1.22307806e-04 8.64187049e-05 9.27759004e-05
5.46944574e+01 5.29032969e-02 1.98742454e-02 -6.78135345e-02 9.26098626e-05 9.68774360e-05 9.90116699e-05
5.73967933e+01 5.71638397e-02 6.94282572e-03 -6.54587054e-02 1.24381571e-04 1.76942124e-04 1.14386207e-04
6.00883105e+01 5.68763906e-02 7.14497021e-03 -6.26369325e-02 7.96073332e-05 1.50667345e-04 7.64529887e-05
6.27895933e+01 6.01333308e-02 7.56601930e-03 -6.85698804e-02 9.00091822e-05 1.28057746e-04 9.55187130e-05
6.54917871e+01 6.24197204e-02 2.39910305e-03 -7.10152017e-02 1.17937236e-04 1.28162667e-04 8.51275539e-05
6.81860761e+01 5.96218820e-02 5.77755589e-03 -6.52655104e-02 9.78924873e-05 1.64015243e-04 1.54109460e-04
7.08825824e+01 6.70331219e-02 -1.45815865e-03 -5.61963991e-02 1.27612288e-04 3.29742732e-04 1.68616232e-04
7.35802167e+01 7.74610110e-02 -5.02644079e-04 -5.95524962e-02 5.51179722e-05 1.01077909e-04 1.04550751e-04
7.62845308e+01 6.67954067e-02 2.28613317e-03 -6.54612188e-02 8.47562293e-05 2.39786421e-04 1.71549637e-04
7.89791558e+01 6.03368782e-02 3.02701733e-03 -6.59991911e-02 1.52013561e-04 2.97572632e-04 1.91736179e-04
8.16794558e+01 5.50873371e-02 7.13442994e-04 -6.90243937e-02 1.16041790e-04 1.51346725e-04 4.65969182e-05
8.43873730e+01 6.50090071e-02 -6.00580517e-03 -7.06268085e-02 6.72176716e-05 6.02519132e-05 1.05752350e-04
8.70929714e+01 6.37746170e-02 -1.28031484e-03 -6.37933478e-02 1.59586434e-04 1.96926627e-04 6.14958067e-05
8.97885480e+01 6.57318765e-02 8.18190441e-04 -6.68609444e-02 7.51228030e-05 8.03156397e-05 1.02537691e-04
9.24887886e+01 5.90366862e-02 1.06007692e-03 -6.56713910e-02 1.32599433e-04 5.74927265e-05 1.49646781e-04
9.51893871e+01 6.40454303e-02 -5.54070457e-03 -5.65029577e-02 1.14222824e-04 1.45658572e-04 4.09105660e-05
9.78961777e+01 5.27471211e-02 -2.18821881e-03 -5.48418700e-02 3.75416006e-05 1.68410087e-04 1.05142975e-04
1.00605789e+02 5.61272461e-02 3.26073700e-04 -6.21033828e-02 9.82317456e-05 9.64043349e-05 1.22588729e-04
1.03305039e+02 6.25535047e-02 2.19968914e-03 -6.63449907e-02 8.08841093e-05 1.69722325e-04 8.63743506e-05
1.06016054e+02 6.95869501e-02 -6.41548167e-03 -7.17313326e-02 2.36744164e-04 1.27862499e-04 2.04421660e-04
1.08698007e+02 6.73260564e-02 4.97976906e-03 -8.32886700e-02 2.30601674e-04 1.08013655e-04 1.03999375e-04
1.11408742e+02 6.81356345e-02 2.01621404e-03 -7.25552881e-02 1.45391133e-04 4.00387601e-04 6.96545544e-05
1.14107664e+02 5.44580586e-02 -2.46059438e-03 -7.23215176e-02 1.52657264e-04 1.01178555e-04 2.00606032e-04
1.16807460e+02 5.44491132e-02 5.50735468e-04 -6.58630804e-02 1.27270378e-04 8.65523241e-05 5.05515646e-05
1.19510539e+02 5.89616226e-02 5.59254746e-03 -6.67138652e-02 1.53993155e-04 2.36041340e-04 9.55518989e-05
1.22207335e+02 6.06539252e-02 1.04825634e-02 -5.54366338e-02 1.66873634e-04 1.27746560e-04 1.91466916e-04
1.24900335e+02 5.85841723e-02 6.52487599e-03 -5.73986757e-02 1.04747944e-04 2.22137774e-04 5.77594350e-05
1.27600148e+02 6.14649908e-02 1.69632824e-02 -5.55682896e-02 1.30662750e-04 1.73336052e-04 3.59003410e-04
1.30296757e+02 6.26525719e-02 9.33915661e-03 -5.49971556e-02 6.48200199e-05 4.13119950e-04 4.67422736e-05
1.32994976e+02 6.66116882e-02 4.69207566e-03 -4.74713812e-02 7.82395911e-05 1.72940841e-04 1.06570239e-04
1.35693664e+02 6.60547581e-02 7.59163996e-03 -5.57555126e-02 1.80651900e-04 4.00116414e-04 7.01999020e-05
1.38398492e+02 6.43465148e-02 -4.26292773e-03 -5.75579462e-02 6.65917479e-05 5.33845090e-05 7.85150169e-05
1.41097867e+02 6.10031757e-02 -4.38969548e-03 -5.79570394e-02 1.53549431e-04 5.36395119e-05 7.82972437e-05
1.43784742e+02 6.46964704e-02 1.65564635e-03 -5.38299070e-02 6.38877996e-05 3.50472364e-05 1.22007322e-04
1.46485382e+02 7.74620843e-02 -1.54548173e-02 -3.03776902e-02 9.00385105e-05 4.12819467e-04 1.50414205e-04
1.49178117e+02 6.72020312e-02 -1.80232093e-02 -1.47843480e-02 1.13626885e-04 2.81935966e-04 6.08087168e-05
1.51878601e+02 6.94839008e-02 -1.93609953e-02 1.55123728e-03 1.84104232e-04 4.97629291e-04 4.06135904e-04
1.54582117e+02 6.62638016e-02 -1.37161398e-02 1.73337028e-02 2.00885691e-04 2.14240226e-04 8.56129319e-05
1.57272492e+02 6.37548293e-02 -2.05879848e-02 4.01452149e-02 3.49375005e-04 8.75040894e-05 1.39884733e-04
1.59966148e+02 6.37738041e-02 -1.30687664e-02 5.88057977e-02 1.47443072e-04 3.17716551e-04 1.31059090e-04
1.62664742e+02 5.77993881e-02 -1.25438627e-02 5.82897398e-02 1.27853709e-04 2.37996793e-04 3.54039438e-05
1.65368742e+02 6.35698521e-02 -5.26919183e-03 5.50926176e-02 1.61653488e-04 1.41999453e-04 1.02052999e-04
1.68061601e+02 6.08314450e-02 -5.22223803e-03 6.03584437e-02 1.25779522e-04 1.59810783e-04 6.88703667e-05
1.70771210e+02 6.00048172e-02 4.68273277e-03 6.42705363e-02 1.07160274e-04 3.25278705e-04 8.84582082e-05
1.73479023e+02 6.47473812e-02 2.30392582e-03 6.22601340e-02 9.13879900e-05 4.41027792e-04 1.16815549e-04
1.76185382e+02 6.07710506e-02 3.42589760e-03 6.58307335e-02 1.39798907e-04 3.26212166e-04 6.60414138e-05
1.78904179e+02 6.07575659e-02 7.58716893e-03 6.68417414e-02 2.11863311e-04 1.54572280e-04 1.40925884e-04
1.81593898e+02 5.88606725e-02 4.32024405e-05 6.03432784e-02 3.00761501e-04 5.39631977e-05 2.34787656e-04
1.84291789e+02 6.79710618e-02 9.91136974e-03 5.86346137e-02 1.32294051e-04 8.21924179e-05 5.73308351e-05
1.86995117e+02 5.84052066e-02 1.53467224e-02 4.57110250e-02 1.11416535e-04 9.55332129e-05 5.82593008e-05
1.89685789e+02 6.63636265e-02 2.12300895e-02 5.28241416e-02 1.01318572e-04 1.60328154e-04 5.30958970e-05
1.92397898e+02 6.07291737e-02 1.90435412e-02 5.48340174e-02 9.78907781e-05 8.42693801e-05 1.26002240e-04
1.95092882e+02 6.18462103e-02 3.20879167e-02 6.20272699e-02 1.43021771e-04 1.87210164e-04 3.62912513e-04
1.97793617e+02 6.42091290e-02 1.50087658e-02 5.56777760e-02 1.11748435e-04 2.80974279e-04 1.84714474e-04
2.00486929e+02 6.60828796e-02 2.17433074e-02 5.09948106e-02 1.11797861e-04 9.83731801e-05 7.27116788e-05
2.03192539e+02 6.38588589e-02 1.28805558e-02 5.88909517e-02 1.14075677e-04 3.39895046e-04 1.43087452e-04
2.05894945e+02 6.02660707e-02 1.24265713e-02 6.71741475e-02 1.04404503e-04 1.00673191e-04 1.31414644e-04
2.08589898e+02 6.40637215e-02 -9.22919224e-04 6.88903030e-02 1.24493700e-04 1.71031124e-04 1.10400799e-04
2.11277617e+02 6.28810831e-02 -1.55028553e-03 6.73740359e-02 2.00643485e-04 1.73027008e-04 1.02660602e-04
2.13978320e+02 6.04822945e-02 -6.23280664e-04 6.87502211e-02 2.90996494e-05 2.28445269e-04 5.84167615e-05
2.16680007e+02 6.42117566e-02 3.22535368e-03 6.14313993e-02 1.53916347e-04 1.88594208e-04 7.29747509e-05
2.19380710e+02 6.67968405e-02 3.70428570e-03 6.03490107e-02 1.79723783e-04 1.57551763e-04 8.18102661e-05
2.22082085e+02 6.67646502e-02 6.49770450e-03 5.74312057e-02 1.09621949e-04 1.14868489e-04 1.14411426e-04
2.24784070e+02 6.94451799e-02 -6.11558794e-04 6.00981899e-02 9.82507449e-05 3.27444592e-04 1.68687952e-04
2.27495070e+02 7.33434466e-02 -2.36809128e-03 4.77274532e-02 1.73528742e-04 3.05942343e-04 1.95268182e-04
2.30188398e+02 7.19142758e-02 6.12843934e-03 5.46635594e-02 2.41622279e-04 2.56707878e-04 1.50837630e-04
2.32894570e+02 6.66762658e-02 4.97748113e-03 5.35911598e-02 1.07704452e-04 1.29289553e-04 6.31133701e-05
2.35598242e+02 6.33229929e-02 -9.35697661e-04 5.69331802e-02 1.57575137e-04 3.17875390e-04 1.39351103e-04
2.38288492e+02 6.28112074e-02 1.62771858e-03 5.42330676e-02 1.24037678e-04 2.37120204e-04 2.46077499e-04
2.40989914e+02 6.50919806e-02 -6.38481608e-03 5.84958563e-02 1.83122474e-04 1.58690489e-04 1.70878413e-04
2.43676289e+02 6.22613493e-02 -3.34139392e-03 7.23162738e-02 1.53043551e-04 2.17557219e-04 1.82610047e-04
2.46375523e+02 6.02258300e-02 -7.47764057e-03 7.04363491e-02 1.10012730e-04 1.16669424e-04 1.22103508e-04
2.49071132e+02 6.20751763e-02 -1.05881207e-02 6.29098962e-02 7.88488252e-05 2.80861618e-05 7.74860962e-05
2.51784039e+02 5.67143458e-02 -1.55323571e-03 6.29894154e-02 1.21561173e-04 1.75213882e-04 4.70609643e-05
2.54464273e+02 5.68697898e-02 -9.00699734e-03 6.40779638e-02 6.57633445e-05 1.94611248e-04 1.18384687e-04
2.57164320e+02 5.79666712e-02 -8.87003636e-03 7.15364070e-02 1.68733619e-04 1.85302927e-04 9.24855201e-05
2.59862164e+02 5.72576703e-02 -8.05894812e-03 7.16062336e-02 3.66967644e-05 1.34998536e-04 3.85266733e-05
2.62572398e+02 5.73936610e-02 -4.80855254e-03 7.02033793e-02 9.67409777e-05 1.98352806e-04 5.80710663e-05
2.65272960e+02 5.10496417e-02 -6.52759141e-03 6.63874040e-02 5.53373003e-05 1.27081858e-04 8.60347294e-05
2.67987713e+02 5.86624623e-02 2.59494771e-04 5.91586941e-02 6.15189771e-05 4.10468829e-04 7.57649486e-05
