6.78603704e-01 6.01414060e-02 9.72682747e-04 7.17645238e-02 1.94035169e-04 2.07013107e-04 1.51308769e-04
3.37574104e+00 6.61262362e-02 6.11741634e-03 5.95410503e-02 4.68767086e-05 4.92416757e-04 1.47178389e-04
6.08384245e+00 6.28521825e-02 1.85810303e-02 6.04589936e-02 4.08919053e-05 1.79779340e-04 6.02374358e-05
8.76683980e+00 6.93318051e-02 6.11642333e-03 5.45332049e-02 4.36317855e-05 5.70906585e-05 6.29272776e-05
1.14753631e+01 7.15854029e-02 1.38309212e-02 4.65640933e-02 5.70851915e-05 4.34651553e-05 4.63078096e-05
1.41721475e+01 6.26948855e-02 6.69000028e-03 4.11064537e-02 2.31477435e-04 1.63663989e-04 2.42868344e-04
1.68668928e+01 6.78743999e-02 3.96106542e-03 4.24699754e-02 7.95317223e-05 5.10053284e-04 5.94920040e-05
1.95662771e+01 7.95464560e-02 -3.83287952e-04 2.61468954e-02 6.03887270e-05 3.24745396e-04 1.16428343e-04
2.22629006e+01 7.58813437e-02 6.28236576e-03 -1.89884892e-03 8.56330996e-05 5.57238279e-04 2.66335923e-04
2.49603068e+01 7.56253644e-02 -2.18910681e-03 -3.01366917e-02 1.63118983e-04 8.92524608e-04 3.16509775e-05
2.76544912e+01 7.47481416e-02 -7.07865929e-03 -3.52365735e-02 9.72857455e-05 4.12511142e-04 1.10236987e-04
3.03556287e+01 7.32318669e-02 -2.02488595e-03 -4.39289841e-02 1.96893062e-04 9.18455466e-04 5.49132420e-05
3.30642318e+01 6.93714092e-02 -6.37280341e-03 -5.42991423e-02 1.95088332e-04 3.29465491e-04 6.30520496e-05
3.57616725e+01 7.99605121e-02 -1.35168627e-02 -4.71598081e-02 1.30188496e-04 4.84026484e-04 2.51931362e-04
3.84692021e+01 7.53692478e-02 -8.70630504e-03 -5.20337657e-02 1.66068332e-04 5.18992923e-04 3.06210248e-04
4.11740053e+01 6.69933397e-02 -1.03497968e-03 -5.43849551e-02 6.60014436e-05 2.61532495e-04 1.66924148e-04
4.38678600e+01 6.02948372e-02 -6.29086095e-03 -5.94854404e-02 1.25535485e-04 1.04630674e-04 2.79095358e-04
4.65753396e+01 5.97187629e-02 -6.71626679e-03 -6.19450405e-02 8.42825925e-05 1.93820698e-04 1.47626758e-04
4.92874662e+01 6.08224872e-02 -7.85424311e-03 -6.42793992e-02 7.26246407e-05 5.05076029e-05 6.21441947e-05
5.19783537e+01 5.55699220e-02 -6.36480659e-03 -6.96790744e-02 7.07729305e-05 2.12818984e-04 8.42859634e-05
5.46832975e+01 5.14366432e-02 -1.08323663e-02 -7.01802055e-02 9.02178035e-05 2.14696313e-04 8.92554573e-05
5.73822146e+01 5.06570666e-02 -2.52418127e-03 -6.69016528e-02 1.57134977e-04 1.36188907e-04 2.03099534e-04
6.00984021e+01 5.40993013e-02 6.38836671e-03 -7.25205194e-02 2.51008081e-04 3.78695531e-05 7.64865282e-05
6.28000600e+01 6.18671260e-02 -2.16136078e-05 -7.00330869e-02 1.61605784e-04 2.34017518e-04 1.46904226e-04
6.55070303e+01 6.03223426e-02 6.01687492e-03 -6.15495536e-02 7.64963909e-05 1.36159536e-04 1.35130023e-05
6.82048990e+01 6.24355313e-02 -5.17545326e-04 -6.18980179e-02 7.26993773e-05 4.88069460e-04 2.73755431e-04
7.09093818e+01 6.02711690e-02 -9.58701775e-03 -6.77079052e-02 1.14960528e-04 3.85547871e-04 1.10328117e-04
7.36111365e+01 5.32152499e-02 -1.67939176e-03 -6.30624285e-02 1.97036803e-04 2.76322172e-04 1.99042031e-04
7.63143037e+01 6.22625967e-02 -5.34129297e-04 -6.77578490e-02 7.34516146e-05 2.06302252e-04 1.07992403e-04
7.90122771e+01 5.85126309e-02 -1.40493620e-03 -7.36609273e-02 1.57434534e-04 3.55613809e-04 7.65717689e-05
8.17210193e+01 5.65582889e-02 1.78016504e-03 -6.90154465e-02 8.53419943e-05 3.50676272e-04 1.59917360e-04
8.44265896e+01 5.94976255e-02 -2.68098883e-03 -6.47597313e-02 2.55808512e-04 3.01259856e-04 9.91529060e-05
8.71245896e+01 6.13925873e-02 2.64828154e-03 -7.14419910e-02 4.22359564e-04 4.66523501e-04 2.02844605e-04
8.98221490e+01 6.18758413e-02 8.60138854e-03 -6.51496015e-02 8.01363861e-05 1.34161363e-04 2.39965961e-04
9.25262287e+01 7.08024459e-02 -2.92756158e-03 -6.83083489e-02 1.29969766e-04 2.78140289e-04 1.13239981e-04
9.52300615e+01 7.00346714e-02 7.59288486e-03 -6.25473332e-02 1.56636806e-04 2.31173294e-04 1.31570332e-04
9.79304631e+01 7.01495606e-02 -5.00487655e-03 -6.47258269e-02 3.79261281e-05 3.11198298e-04 3.27332913e-04
1.00627508e+02 6.34868544e-02 1.51145555e-03 -6.34286165e-02 1.34483083e-04 4.46796122e-05 8.10171503e-05
1.03319774e+02 6.68614270e-02 -2.37502380e-03 -6.91518636e-02 3.01251071e-05 2.26733906e-05 9.67336042e-05
1.06009337e+02 6.28172135e-02 6.74330577e-03 -6.76134047e-02 1.06847189e-04 1.23567710e-04 1.17161537e-04
1.08710508e+02 5.94937287e-02 9.77616997e-03 -6.04141385e-02 1.09323399e-04 1.89205224e-04 8.90580444e-05
1.11396383e+02 5.37765013e-02 5.70614708e-03 -6.62707130e-02 7.61694845e-05 1.83200605e-04 6.79900861e-05
1.14094337e+02 6.66460878e-02 3.31301545e-03 -6.38109953e-02 1.83713540e-04 3.49217801e-05 1.35510960e-04
1.16790977e+02 6.26683486e-02 2.22898674e-03 -6.58874243e-02 1.09416048e-04 8.52348848e-05 2.44065325e-04
1.19494040e+02 6.04803012e-02 7.95185342e-03 -6.55532728e-02 7.52681087e-05 4.24196241e-05 8.70802320e-05
1.22189040e+02 6.28399754e-02 -6.18664956e-03 -7.01283196e-02 1.18730586e-04 1.28323325e-04 6.64090369e-05
1.24893696e+02 6.29388505e-02 -3.91231722e-03 -7.13806514e-02 9.21470911e-05 1.89643617e-04 7.30927866e-05
1.27597399e+02 5.63474793e-02 -4.42904826e-04 -5.94474518e-02 5.45312837e-05 2.80637077e-04 8.18016153e-05
1.30305383e+02 7.07638574e-02 -8.03351286e-03 -6.68366295e-02 1.50414134e-04 9.61063522e-05 2.73081817e-05
1.32995571e+02 7.08368339e-02 -6.81809051e-03 -5.28894785e-02 7.76037020e-05 1.41921999e-04 1.12111457e-04
1.35701149e+02 7.20337848e-02 2.13931426e-03 -6.23583098e-02 4.25277803e-05 2.91857856e-04 7.49727351e-05
1.38411383e+02 6.48933872e-02 -3.62185746e-03 -6.75210775e-02 1.14936095e-04 2.56975775e-05 6.43712548e-05
1.41114837e+02 5.54627724e-02 1.05588432e-02 -6.05126282e-02 1.27313616e-04 1.16110487e-04 1.18794113e-04
1.43817462e+02 6.35595967e-02 1.12641410e-02 -6.41559612e-02 4.35252370e-05 2.28493731e-04 2.15949139e-04
1.46520477e+02 6.36514491e-02 8.06357359e-03 -4.56114529e-02 8.31105622e-05 6.99302541e-05 1.73714915e-04
1.49225899e+02 6.54785557e-02 6.44607909e-03 -4.89102679e-02 4.47229329e-05 2.06573401e-04 1.27267797e-04
1.51925790e+02 7.33927375e-02 6.22563487e-03 -4.88874827e-02 1.70986652e-04 2.20915878e-04 4.25621771e-05
1.54630133e+02 7.50077686e-02 5.40627076e-03 -3.69011729e-02 9.43811425e-05 2.64596949e-04 2.49731313e-04
1.57314665e+02 7.25505238e-02 1.20035088e-02 -1.88863444e-02 5.47021087e-05 3.89399042e-04 1.35399488e-04
1.60018133e+02 7.09212763e-02 1.72920419e-03 4.26106508e-03 8.74558298e-05 4.07849726e-04 3.88301460e-05
1.62715024e+02 6.70035818e-02 2.02906105e-03 2.67025569e-02 1.36365987e-04 7.43181188e-05 8.28455148e-05
1.65404165e+02 7.11516763e-02 7.55553567e-03 3.48428095e-02 6.81313881e-05 1.04643454e-04 5.02500429e-05
1.68106180e+02 6.96098285e-02 3.71644558e-03 4.20690658e-02 2.59381416e-05 1.26402044e-04 1.36969873e-04
1.70803399e+02 7.37562167e-02 2.27491455e-03 5.01388139e-02 8.08366452e-05 1.31868591e-04 1.66760649e-04
1.73498618e+02 7.14610545e-02 -2.37775955e-03 5.79654064e-02 1.09056694e-04 8.62716243e-05 1.13144848e-04
1.76178727e+02 7.55673887e-02 6.96960324e-05 6.08859387e-02 8.32659513e-05 5.92859012e-05 4.35574720e-05
1.78869680e+02 7.21884585e-02 1.23281209e-04 5.91403182e-02 6.16535307e-05 2.19320290e-04 1.01525804e-05
1.81570102e+02 6.60345850e-02 -1.54580601e-03 5.21046766e-02 1.28309927e-04 1.54615499e-04 1.23692680e-04
1.84271274e+02 7.02851083e-02 -7.86184540e-03 5.92048868e-02 6.82350322e-05 4.10275342e-04 1.54102580e-04
1.86978383e+02 6.78151005e-02 -1.77847168e-03 5.17192792e-02 1.49227914e-04 4.95320132e-04 1.04082540e-04
1.89682727e+02 7.05046302e-02 -5.35780477e-03 6.39095990e-02 4.42778268e-05 3.29811325e-04 1.46590910e-04
1.92369305e+02 7.25278875e-02 3.79562280e-04 6.64093547e-02 9.91892341e-05 2.97968418e-04 3.88428196e-05
1.95087883e+02 6.15369657e-02 -6.18783748e-04 7.26112841e-02 1.23231793e-04 9.11808826e-05 1.01042751e-04
1.97780462e+02 6.78011771e-02 -3.57111688e-03 7.53631437e-02 6.84648947e-05 1.79884805e-04 1.58572851e-04
2.00474196e+02 6.31243861e-02 -1.18167439e-02 6.98175712e-02 8.77308591e-05 5.15832226e-04 5.88467372e-05
2.03186305e+02 5.88188271e-02 -6.83900691e-03 6.14298410e-02 1.80578101e-04 3.10221968e-04 9.43557910e-05
2.05882712e+02 5.33716834e-02 -1.11485175e-02 5.83587951e-02 6.82608151e-05 1.66041015e-04 1.73667455e-04
2.08593915e+02 6.02011105e-02 -1.60743723e-03 5.92011748e-02 7.45127516e-05 3.37420571e-04 9.11723234e-05
2.11282774e+02 6.50415901e-02 -1.98577372e-03 6.03472949e-02 2.28733006e-04 2.21263620e-04 1.05842549e-04
2.13986524e+02 5.88069644e-02 -4.29619804e-03 6.20524399e-02 8.31162785e-05 2.18859735e-04 4.74397037e-05
2.16686758e+02 6.70556377e-02 -7.40222321e-04 5.66206913e-02 6.76689124e-05 2.31599198e-04 1.94518363e-05
2.19380743e+02 6.34591325e-02 4.49324378e-03 6.52858147e-02 1.47381685e-04 2.63738707e-04 1.70383781e-04
2.22073837e+02 6.45517143e-02 3.11218065e-03 7.05737697e-02 1.09687345e-04 2.82275557e-04 1.03373687e-04
2.24779305e+02 6.47272840e-02 8.49624660e-03 7.10049389e-02 7.51578680e-05 2.23068565e-04 7.33792895e-05
2.27489368e+02 6.23508375e-02 1.15604248e-02 6.24411524e-02 2.07691287e-04 2.20700690e-04 1.57156809e-04
2.30186118e+02 6.46436278e-02 3.15007795e-03 5.98789855e-02 1.49587896e-04 1.53969982e-04 1.65038333e-04
2.32896368e+02 6.02992795e-02 2.51134449e-03 6.55586543e-02 1.62617568e-04 1.40609831e-04 9.65452037e-05
2.35597180e+02 5.16858381e-02 -4.05923905e-03 5.67800273e-02 1.22613290e-04 2.80572577e-04 1.15814415e-04
2.38304415e+02 5.29775596e-02 6.65648407e-04 7.02957557e-02 8.34743450e-05 3.34104514e-04 1.42363674e-04
2.41010055e+02 5.43156749e-02 9.09720283e-03 7.15522143e-02 1.09742474e-04 3.90288438e-04 5.32248819e-05
2.43708758e+02 5.38278481e-02 1.24897222e-02 7.64847158e-02 2.00133274e-04 3.33607463e-04 5.88613373e-05
2.46400696e+02 6.04952457e-02 2.51461147e-03 6.88404425e-02 8.63347857e-05 1.92560153e-04 1.13492627e-04
2.49112446e+02 5.46103400e-02 5.53317325e-03 6.51544879e-02 1.79547907e-04 1.72907624e-05 1.11553641e-04
2.51805524e+02 5.50574468e-02 -2.47895921e-03 6.23585816e-02 4.99891004e-05 5.64654282e-05 6.89059729e-05
2.54510196e+02 5.59458505e-02 -6.07446286e-03 6.57531296e-02 9.66116978e-05 6.28769796e-05 7.11196493e-05
2.57207758e+02 4.94488317e-02 -4.12511533e-03 7.70111350e-02 9.11671828e-05 1.28642099e-04 7.63874294e-05
2.59901180e+02 5.45664383e-02 -6.65587545e-03 7.07411382e-02 9.05939335e-05 5.53970392e-05 1.45318947e-04
2.62604852e+02 5.25000808e-02 -2.50686877e-03 7.35968464e-02 2.14098898e-04 4.14552782e-05 1.04227005e-04
2.65310399e+02 5.51617879e-02 4.53357512e-03 6.37466245e-02 1.33547481e-04 2.54415401e-04 4.74063551e-05
2.68003924e+02 5.92557919e-02 2.62040495e-03 6.87573071e-02 2.32705543e-05 1.97519161e-04 1.69138082e-04
