6.92322307e-01 6.26015545e-02 2.16256699e-03 6.82119506e-02 1.01013727e-04 5.90292873e-05 1.25655840e-04
3.39036585e+00 6.37027409e-02 -1.13178170e-03 6.49346417e-02 1.33446960e-04 8.13104232e-05 1.80181328e-04
6.08947554e+00 5.80319997e-02 4.46004860e-03 6.33390386e-02 1.34059538e-04 1.77637049e-04 1.70108511e-05
8.78297975e+00 6.58467411e-02 -5.49046894e-03 5.73780067e-02 7.57011042e-05 7.69160605e-05 7.32078792e-05
1.14735535e+01 8.00375961e-02 3.32323173e-03 5.07078286e-02 1.13699691e-04 1.40846839e-04 1.84458842e-04
1.41735066e+01 6.93388508e-02 7.91066594e-03 3.57597381e-02 1.10395691e-04 9.96294630e-05 6.66849103e-05
1.68576035e+01 7.96891864e-02 3.93882813e-03 1.57427382e-02 1.54654567e-04 2.82400417e-04 1.22382690e-04
1.95551988e+01 7.80076659e-02 1.67998150e-02 -7.15059644e-03 6.32420440e-05 4.32011189e-04 2.60666389e-04
2.22621363e+01 7.37117246e-02 7.70911333e-03 -1.88294534e-02 1.28239983e-04 1.01971221e-04 9.88018104e-05
2.49626738e+01 7.19598135e-02 2.82578640e-03 -3.14764891e-02 2.63356724e-04 2.33082588e-04 2.15231307e-04
2.76527035e+01 7.73741134e-02 -2.70956340e-03 -4.21970953e-02 5.52018398e-05 1.51708231e-04 3.97605236e-04
3.03567707e+01 7.20719963e-02 -3.84967188e-03 -5.30026811e-02 1.73450413e-04 3.55413136e-04 4.69677968e-05
3.30601097e+01 5.56444969e-02 -1.14527373e-02 -6.21900977e-02 1.89398336e-04 9.10896905e-05 8.41859297e-05
3.57585738e+01 4.88732164e-02 -2.03999046e-02 -6.14778572e-02 7.41082282e-05 1.78503579e-04 1.59477519e-04
3.84648988e+01 5.60931107e-02 -7.00554880e-03 -6.55812505e-02 3.04664481e-05 1.63310304e-04 2.65634124e-05
4.11720535e+01 6.14601240e-02 -7.96835529e-03 -6.18182832e-02 9.25635475e-05 2.12921464e-04 1.42349664e-05
4.38732957e+01 6.10285486e-02 -5.25205973e-03 -6.01133561e-02 1.23444533e-04 2.55125601e-04 2.96848334e-04
4.65785769e+01 6.24719252e-02 -7.26351851e-03 -5.66046534e-02 2.81999238e-05 1.80488046e-04 1.26276468e-04
4.92872582e+01 6.43035297e-02 -7.58604661e-03 -6.50797092e-02 1.13322434e-04 1.13836285e-04 8.50929955e-05
5.19905144e+01 7.07008536e-02 7.06712127e-03 -6.17951505e-02 2.06742813e-04 6.27078389e-05 4.21606169e-05
5.46882472e+01 6.69782154e-02 9.63091850e-03 -6.21201748e-02 3.94509517e-05 2.12780766e-04 8.40298958e-05
5.73994144e+01 6.59375199e-02 4.02096160e-03 -6.64414411e-02 1.12376728e-04 2.52611523e-05 2.02583309e-04
6.00914613e+01 6.31155194e-02 -2.76039944e-03 -6.69441693e-02 1.32932068e-04 1.57480815e-04 6.21378662e-05
6.28016535e+01 5.95937813e-02 -3.66390197e-03 -6.76245968e-02 6.32286696e-05 2.13359601e-04 1.08013725e-04
6.55020879e+01 5.27861309e-02 7.74244963e-03 -6.03067933e-02 7.54502123e-05 1.35144949e-04 1.41389695e-04
6.81947863e+01 5.90059787e-02 7.41660085e-03 -6.57546409e-02 9.26040095e-05 4.29373472e-04 1.50661786e-04
7.08998441e+01 5.77212066e-02 9.31580665e-03 -6.67560024e-02 2.72219675e-04 2.58564961e-04 1.15768340e-04
7.36002019e+01 5.75252645e-02 6.61712138e-03 -6.83235945e-02 2.36609807e-04 2.93218456e-04 4.86190539e-05
7.63064566e+01 6.42346224e-02 6.15546115e-03 -6.58463167e-02 2.43369909e-04 3.46754999e-04 1.92618068e-04
7.89998394e+01 6.68549639e-02 5.27414026e-03 -7.06507586e-02 3.64904812e-05 6.23027587e-04 1.68297648e-04
8.17081488e+01 6.21791172e-02 3.72498618e-03 -6.21495354e-02 3.35043148e-05 2.00120948e-04 4.73631580e-05
8.44092457e+01 7.14911466e-02 -6.33515183e-03 -6.14974356e-02 5.00050602e-05 2.95132068e-04 9.00908556e-05
8.71215238e+01 6.28939890e-02 -5.80925763e-03 -6.18062829e-02 9.30287265e-05 9.69704455e-05 3.73916961e-04
8.98176051e+01 7.28010829e-02 -2.60354168e-03 -6.78954048e-02 3.95717979e-05 2.56008793e-04 2.16160061e-04
9.25261285e+01 6.53546889e-02 -1.26128743e-03 -6.78093152e-02 1.16145097e-04 1.92169815e-04 8.35855347e-05
9.52267582e+01 6.70657666e-02 -5.83641675e-03 -6.92856793e-02 6.43987822e-05 2.77432930e-04 2.07904677e-04
9.79227972e+01 6.09756992e-02 -1.46894729e-03 -6.83783995e-02 8.59026591e-05 2.25956369e-04 1.92774676e-04
1.00621177e+02 6.68263649e-02 8.39745228e-03 -6.46716658e-02 2.51187401e-04 5.59896022e-04 6.70966025e-05
1.03309521e+02 6.23419903e-02 6.11530910e-03 -6.01497735e-02 2.14435663e-04 1.65704647e-04 5.45469974e-05
1.06013677e+02 6.66385417e-02 3.74417921e-04 -5.91438233e-02 6.61858879e-05 2.19951381e-04 1.35252559e-04
1.08714661e+02 5.81177195e-02 -7.09415500e-03 -5.73559315e-02 1.52597909e-04 8.45271300e-05 2.53010283e-04
1.11417677e+02 5.70235866e-02 3.44860235e-03 -5.09175585e-02 1.84386687e-04 3.94796167e-04 9.83081721e-05
1.14113724e+02 6.66441891e-02 2.15716461e-03 -5.87317638e-02 3.12830150e-04 1.22153629e-04 1.31904988e-04
1.16807427e+02 6.14980378e-02 9.83848902e-04 -6.00396740e-02 7.34514751e-05 8.68649440e-05 1.36944889e-04
1.19504646e+02 5.51328110e-02 8.45124047e-03 -5.62435883e-02 1.36859256e-04 1.18322381e-04 1.09857327e-04
1.22194661e+02 6.85305247e-02 7.72074364e-04 -5.66676383e-02 2.12022435e-04 4.89564488e-04 7.15272469e-05
1.24891286e+02 6.79208190e-02 8.72885267e-03 -6.54882413e-02 9.62893655e-05 3.87201099e-04 1.38986524e-04
1.27592364e+02 7.21114622e-02 1.36370723e-02 -6.44355734e-02 3.10847083e-05 3.00303420e-04 1.14921343e-04
1.30303693e+02 6.33703312e-02 1.41885547e-02 -6.70826846e-02 6.32311044e-05 4.61503630e-05 1.04354093e-04
1.33002677e+02 5.23714769e-02 1.34616157e-02 -7.48041117e-02 1.30497464e-04 6.11678186e-05 1.73734733e-05
1.35714271e+02 5.60216230e-02 1.09142144e-02 -7.22172946e-02 1.58603684e-04 1.00133815e-04 2.97175889e-05
1.38422193e+02 5.89593226e-02 -1.72886412e-03 -5.90430177e-02 3.38168485e-05 1.17081052e-04 7.39166653e-05
1.41117880e+02 6.46634087e-02 3.22919134e-03 -5.49184017e-02 3.94335370e-05 1.49201261e-04 9.87219079e-05
1.43821130e+02 6.16592335e-02 -4.77286038e-04 -5.55350425e-02 1.04540903e-04 2.23270683e-04 9.25875860e-05
1.46518052e+02 6.25244020e-02 4.51423998e-03 -5.65858360e-02 4.38925492e-05 3.57446784e-04 8.52637676e-05
1.49225193e+02 6.55866769e-02 -2.42932527e-03 -5.06334251e-02 1.06013054e-04 3.12780387e-04 4.43294956e-05
1.51920396e+02 6.67482227e-02 -3.17174545e-03 -4.10169604e-02 1.05985633e-04 1.50222731e-04 2.82963556e-04
1.54626677e+02 7.11184027e-02 -6.78502089e-03 -1.88509840e-02 2.08992164e-04 1.16379766e-04 9.47298787e-05
1.57322943e+02 7.08834703e-02 -6.65396741e-03 -1.09839620e-03 1.49659812e-04 1.42820945e-04 1.26851423e-04
1.60013396e+02 7.18721328e-02 -1.14994080e-02 9.10730392e-03 1.09970720e-04 1.46239260e-04 8.11739859e-05
1.62701536e+02 7.37053448e-02 -4.93821411e-03 1.93129140e-02 1.44137674e-04 2.18516915e-04 1.16331667e-04
1.65384583e+02 7.45681088e-02 -3.14205829e-04 4.05444278e-02 1.57872097e-04 7.55811482e-05 4.70093227e-05
1.68073255e+02 6.25440235e-02 1.91332122e-03 5.87480793e-02 7.32003545e-05 1.63860611e-04 1.81753614e-04
1.70774224e+02 6.28733533e-02 5.99543534e-03 5.97375509e-02 1.64134156e-04 4.40179451e-05 2.43746794e-04
1.73479474e+02 6.33218913e-02 4.64285188e-03 5.51235564e-02 5.57196322e-05 6.03987879e-05 8.18005121e-05
1.76183271e+02 6.18012264e-02 9.68277989e-03 4.47414362e-02 6.96411075e-05 8.94958090e-05 7.76091071e-05
1.78875427e+02 5.94237087e-02 1.23810122e-02 5.09995980e-02 1.03657358e-04 1.77013355e-05 2.45860875e-04
1.81568693e+02 5.95701008e-02 1.46505494e-02 5.91159983e-02 7.44042981e-05 1.12311584e-04 1.38487985e-04
1.84282146e+02 6.64994640e-02 7.76994726e-03 5.65221140e-02 1.87185728e-04 2.73330532e-04 1.30036903e-04
1.86978724e+02 6.39430218e-02 6.05690740e-03 6.09026600e-02 1.57394243e-04 2.43561840e-04 1.37399867e-04
1.89677021e+02 6.33576590e-02 6.89408393e-04 6.19614423e-02 1.21477979e-04 2.16106194e-04 1.44863157e-04
1.92382427e+02 6.01699315e-02 4.15044407e-03 5.20124821e-02 1.14868678e-04 1.83844992e-04 2.43790858e-04
1.95078849e+02 5.77912685e-02 1.80433286e-03 5.41835228e-02 9.80480420e-05 1.50708630e-04 4.81692587e-05
1.97776536e+02 5.86242291e-02 5.28490759e-03 5.75141358e-02 6.37762503e-05 3.22701519e-04 1.19416782e-04
2.00472286e+02 5.38600018e-02 6.43074529e-03 5.42880782e-02 2.32846557e-04 3.03452992e-04 2.28301520e-04
2.03174193e+02 6.39920109e-02 9.94823377e-03 6.39352164e-02 1.18221838e-04 5.27132616e-04 7.86259530e-05
2.05872974e+02 6.36562502e-02 1.37132680e-02 6.11605396e-02 3.52382926e-05 2.16691323e-04 1.29319953e-04
2.08572474e+02 7.20070736e-02 1.08159571e-02 6.23807845e-02 1.36508217e-04 2.16000267e-04 7.46379344e-05
2.11263521e+02 6.92436269e-02 8.58331626e-03 5.91657656e-02 1.16163920e-04 2.71346358e-04 1.61271219e-04
2.13974255e+02 5.97533242e-02 1.27089545e-02 6.11041587e-02 9.52250099e-05 1.61815363e-04 5.44276707e-05
2.16676302e+02 5.70283682e-02 5.48673690e-03 4.98359752e-02 2.21388961e-05 2.74248962e-04 1.14618577e-04
2.19376864e+02 6.74518484e-02 1.04040332e-02 5.19225062e-02 5.84140540e-05 8.57496732e-05 1.03319118e-04
2.22073396e+02 7.37936370e-02 2.51981439e-04 5.70993906e-02 2.07239700e-04 2.70865595e-04 9.18565236e-05
2.24774724e+02 7.16866846e-02 -5.97645236e-03 6.40160520e-02 7.50621852e-05 1.82537412e-04 8.03198222e-05
2.27474239e+02 6.39820677e-02 -8.12965770e-03 6.10932998e-02 7.88338566e-05 1.89343779e-04 1.55647914e-04
2.30174818e+02 7.16719089e-02 -7.17925777e-03 6.58839494e-02 6.21164490e-05 1.00138862e-04 1.13964298e-04
2.32887833e+02 6.75609445e-02 -2.26664004e-03 6.90558164e-02 9.71276651e-05 1.64704515e-04 1.06577076e-04
2.35581849e+02 7.30594023e-02 -5.44867671e-03 6.20459691e-02 4.88350430e-05 1.67659414e-04 8.06768815e-05
2.38286583e+02 7.69132891e-02 -7.55672366e-03 5.66517494e-02 1.37921527e-04 2.60755142e-04 5.76418087e-05
2.40989755e+02 7.29427656e-02 -1.06578786e-02 5.90870478e-02 1.14883010e-04 3.87730441e-04 1.79818511e-04
2.43689255e+02 7.74951307e-02 -1.85818161e-03 5.88456409e-02 1.00030667e-04 2.87847054e-04 6.47970112e-05
2.46396864e+02 7.42237081e-02 -3.42087422e-03 5.44861796e-02 1.41996825e-04 1.26185476e-04 1.99421896e-04
2.49094724e+02 6.45017758e-02 3.65286823e-03 6.64611918e-02 1.75303429e-04 4.61253844e-05 1.04788563e-04
2.51815474e+02 5.77056442e-02 1.74368026e-02 6.38772541e-02 6.50851338e-05 1.11407376e-04 2.04671397e-04
2.54509286e+02 6.46425111e-02 2.07380309e-02 6.74239752e-02 1.04059288e-04 3.64364541e-05 1.63018356e-04
2.57211271e+02 6.82626880e-02 9.32203084e-03 6.21660216e-02 2.68928718e-05 1.45654961e-04 1.55286184e-04
2.59914208e+02 6.53024529e-02 1.01335089e-02 6.39643717e-02 2.38283161e-04 9.09082236e-05 2.09642412e-04
2.62615958e+02 6.51202329e-02 1.01211764e-02 6.43134029e-02 1.06644368e-04 6.73130015e-05 1.77165830e-04
2.65319880e+02 6.11327343e-02 2.70961330e-03 6.96505940e-02 8.13547868e-05 7.70397974e-05 1.46107906e-04
2.68010010e+02 6.42850222e-02 -1.30893933e-04 6.73496341e-02 7.50859128e-05 8.76685791e-05 1.19090760e-04
