6.81006719e-01 6.58402067e-02 -4.68993798e-03 5.91395266e-02 1.07788963e-04 1.37223832e-04 7.44072120e-05
3.38646441e+00 8.06140171e-02 -1.52277048e-02 5.23878185e-02 1.34805655e-05 1.24178819e-04 6.89632536e-05
6.07498065e+00 7.54797577e-02 -5.58675044e-03 4.42618928e-02 5.96845183e-05 3.56804950e-04 6.62473773e-05
8.77915847e+00 8.25950920e-02 -6.35617156e-03 2.68917800e-02 5.09517191e-05 3.36616683e-04 9.72679360e-05
1.14804599e+01 7.92866287e-02 -4.89330373e-03 2.12883986e-02 4.79221402e-05 4.94228181e-04 2.50793045e-04
1.41976036e+01 7.92041384e-02 -2.70919114e-03 1.02436037e-02 1.11226116e-04 5.44474431e-04 1.52503756e-04
1.68934411e+01 8.02558577e-02 -4.09072117e-03 -2.53187549e-03 7.40728497e-05 6.78305904e-04 2.59279658e-04
1.95734224e+01 7.16363182e-02 -7.95138455e-03 -2.69133879e-02 1.58246499e-04 4.29947174e-04 2.10287170e-04
2.22832364e+01 7.64287109e-02 -5.86647231e-03 -3.77912824e-02 1.65194488e-04 2.44070706e-04 2.55776660e-04
2.49833364e+01 6.84942638e-02 8.97167819e-04 -4.77475585e-02 2.60381561e-04 3.54312042e-04 7.24436365e-05
2.76752224e+01 6.26442163e-02 1.06297518e-03 -5.56550561e-02 1.81163227e-04 6.00016406e-04 1.07559536e-04
3.03856942e+01 6.24786812e-02 6.03701729e-03 -5.56514787e-02 1.44340190e-04 5.64841942e-04 2.41272843e-04
3.30814755e+01 6.31194099e-02 1.03007719e-02 -5.64897671e-02 8.87049183e-05 4.66002525e-04 1.99943769e-04
3.57816317e+01 6.16955539e-02 1.46730746e-02 -6.57713318e-02 6.99705630e-05 1.64102878e-04 8.00812209e-05
3.84765458e+01 5.67147772e-02 8.93215134e-03 -6.00059880e-02 1.08729526e-04 2.65525284e-04 4.29898157e-05
4.11835521e+01 5.84206814e-02 2.53296018e-03 -5.31090676e-02 9.47909949e-05 2.66251980e-04 1.45298270e-04
4.38801583e+01 6.50656910e-02 6.89826307e-03 -5.63992067e-02 1.00742108e-04 2.74682012e-04 1.32449568e-04
4.65701442e+01 5.48331947e-02 1.00360779e-02 -6.00505935e-02 1.11965649e-04 3.64494534e-04 1.13173103e-04
4.92734458e+01 5.91358027e-02 4.66179688e-03 -6.19138456e-02 9.28722615e-05 2.33297217e-04 1.22962840e-04
5.19847130e+01 5.80643711e-02 5.55812026e-03 -6.11775199e-02 8.08542209e-05 1.81245983e-04 1.99981881e-04
5.46762880e+01 6.46763596e-02 -1.66134203e-03 -7.02287815e-02 1.77856494e-04 9.25857232e-05 7.41494905e-05
5.73846958e+01 5.34332848e-02 -4.59023184e-03 -7.09309790e-02 8.81609265e-05 1.62184177e-04 1.94654156e-04
6.00788849e+01 5.52018221e-02 -1.06063404e-03 -6.82711224e-02 4.72487211e-05 1.19526420e-04 6.10225862e-05
6.27919474e+01 6.43935696e-02 -6.49488253e-03 -6.49689623e-02 1.17531952e-04 1.03483569e-04 5.39270740e-05
6.54830427e+01 7.06053215e-02 -7.07601403e-03 -6.39163364e-02 9.06863388e-05 6.84053930e-05 4.21609259e-05
6.81863146e+01 6.95323145e-02 -7.21998511e-03 -6.11268148e-02 1.34167856e-04 1.65319200e-04 6.64556819e-05
7.08910661e+01 6.45293294e-02 3.41475388e-03 -6.40672250e-02 4.49689863e-05 1.21623184e-04 8.20744982e-05
7.35911302e+01 6.26646581e-02 -3.72193288e-03 -6.94507468e-02 4.54217508e-05 2.50151123e-04 1.48958601e-04
7.62896193e+01 6.28630025e-02 -3.79878999e-03 -6.97113956e-02 5.36429023e-05 3.23787233e-04 2.00558894e-04
7.89682255e+01 5.66092394e-02 -7.30234909e-03 -6.75165135e-02 2.02107943e-04 2.60351206e-04 7.26939519e-05
8.16779427e+01 6.05172500e-02 -1.22694716e-03 -6.72570439e-02 1.13272290e-04 2.24240971e-04 1.03893976e-04
8.43874505e+01 5.57949934e-02 3.29414695e-04 -6.95484481e-02 6.09484010e-05 1.46390148e-04 8.14339229e-05
8.70948130e+01 6.18704817e-02 -1.19227362e-03 -6.56289412e-02 1.52730297e-04 2.76993102e-04 2.51457219e-04
8.97893755e+01 6.48771888e-02 -2.71996497e-03 -6.34130528e-02 1.39559122e-04 5.38574731e-04 1.32386061e-04
9.24911208e+01 6.78446135e-02 9.78958907e-03 -6.75168795e-02 1.32172259e-04 2.10927762e-04 2.29028212e-04
9.51859817e+01 6.77756255e-02 4.58696445e-03 -6.71918918e-02 1.32018230e-04 1.91858723e-04 7.18102154e-05
9.78898958e+01 6.28696356e-02 -1.33714110e-03 -6.49872268e-02 1.35947103e-04 1.77948767e-04 2.40179431e-04
1.00593440e+02 5.44355163e-02 -2.91738287e-03 -6.82441991e-02 7.40826269e-05 2.47682440e-04 1.14546458e-04
1.03296377e+02 5.76150913e-02 1.79222750e-03 -6.32315776e-02 3.65516270e-05 7.03316400e-05 7.02761944e-05
1.06013611e+02 5.69249330e-02 2.14285342e-03 -7.39528471e-02 1.19730801e-04 2.71028961e-04 6.55289622e-05
1.08716705e+02 5.43205820e-02 -2.50672075e-04 -6.81493542e-02 7.09481597e-05 1.65706387e-04 9.69776622e-05
1.11425393e+02 4.96581755e-02 -5.57242805e-04 -6.52747706e-02 2.10266191e-04 1.68740832e-04 5.51473753e-05
1.14125986e+02 5.81585279e-02 -2.20621944e-03 -7.62520138e-02 7.85050507e-05 1.24428174e-04 7.33145711e-05
1.16838236e+02 5.70271717e-02 -8.81516075e-03 -7.55308077e-02 1.67363192e-04 1.91661876e-04 1.20397659e-04
1.19540283e+02 6.14920972e-02 -6.18558201e-03 -7.11402250e-02 2.66041907e-04 3.39318650e-04 2.27325782e-05
1.22240424e+02 5.88071433e-02 -1.09596195e-02 -7.32446828e-02 2.00118599e-04 9.05421754e-05 1.95826837e-04
1.24942205e+02 5.88508290e-02 -1.55719505e-02 -6.17892726e-02 1.50750224e-04 5.63309562e-05 5.05645509e-05
1.27633408e+02 6.30058249e-02 -5.72613139e-03 -5.15969662e-02 5.46959989e-05 1.31604120e-04 3.19927146e-04
1.30331768e+02 5.31641303e-02 -3.73259383e-03 -5.05374641e-02 1.93089641e-04 1.19557813e-04 2.89073337e-04
1.33023940e+02 6.46730977e-02 -2.95692111e-03 -5.70860835e-02 2.85440943e-05 6.77513446e-05 7.04333900e-05
1.35717393e+02 6.96313820e-02 -6.47756704e-03 -6.38111639e-02 2.16113253e-05 1.36497068e-04 1.03416298e-04
1.38414736e+02 6.98298258e-02 -6.85701762e-03 -6.36378048e-02 6.44086793e-05 8.15954885e-05 1.02375585e-04
1.41104143e+02 7.23496231e-02 -9.50777239e-03 -5.81594563e-02 2.12698341e-04 4.64710475e-05 2.76307292e-04
1.43798236e+02 6.82136610e-02 -4.13283928e-03 -5.30422867e-02 1.16535475e-04 2.89849193e-04 1.41044810e-04
1.46487940e+02 7.05192487e-02 -5.29694944e-03 -4.96047052e-02 5.10878396e-05 4.21057118e-04 8.81104655e-05
1.49182377e+02 7.20853200e-02 -9.41566801e-03 -4.62813023e-02 1.78349263e-04 1.54887470e-04 9.07150658e-05
1.51876315e+02 6.86803970e-02 -9.82759579e-03 -3.47638485e-02 5.97555248e-05 2.07934088e-04 3.43327907e-04
1.54572627e+02 6.84958765e-02 3.56139464e-04 -1.55346946e-02 1.01336172e-04 1.95066433e-04 2.34771875e-04
1.57273174e+02 7.71023529e-02 1.57188621e-03 9.19881416e-03 2.35049943e-04 6.37231346e-04 1.35000704e-04
1.59971049e+02 7.73251741e-02 -2.07208783e-03 2.72258351e-02 2.52824135e-05 1.48589462e-04 1.91959325e-04
1.62674643e+02 7.17681675e-02 -1.31216483e-03 4.18541511e-02 6.26562362e-05 1.92253026e-04 5.02693728e-05
1.65378440e+02 6.56721835e-02 -1.79994644e-03 5.03155311e-02 7.24605275e-05 4.00025832e-04 1.15888537e-04
1.68082190e+02 5.25572529e-02 -4.99940366e-03 5.40302427e-02 6.97720940e-05 1.49104955e-04 9.88165058e-05
1.70790502e+02 5.45264670e-02 -7.59938327e-03 6.17822276e-02 6.19494616e-05 3.20964017e-04 1.15490343e-04
1.73485440e+02 5.51405827e-02 -2.08747965e-02 6.11743150e-02 1.45486096e-04 3.41849166e-04 6.79819543e-05
1.76184643e+02 5.95366397e-02 -2.15652859e-02 5.79794658e-02 7.14438716e-05 5.56295144e-05 7.36893955e-05
1.78875377e+02 6.45045865e-02 -2.07554202e-02 5.28921559e-02 1.48954094e-04 1.10184201e-04 1.12420587e-04
1.81576643e+02 6.84275561e-02 -1.52538713e-02 5.62840122e-02 1.14758333e-04 1.12712481e-04 1.05428979e-04
1.84280596e+02 6.34956080e-02 -8.67248997e-03 5.68158187e-02 7.28408875e-05 2.41779587e-04 1.55748392e-04
1.86979111e+02 6.77817391e-02 -5.95248811e-03 5.64795784e-02 6.27096691e-05 7.26601711e-05 1.64855880e-04
1.89667049e+02 6.60868643e-02 -1.19837214e-02 5.48615217e-02 1.11016050e-04 8.78097480e-05 1.14829749e-04
1.92374205e+02 6.61193897e-02 -2.47508391e-03 5.91820196e-02 7.48760785e-05 1.54162622e-04 8.19011552e-05
1.95076908e+02 5.74721598e-02 -1.17188097e-02 6.86369832e-02 1.63613710e-04 5.31405664e-05 1.11153190e-04
1.97775627e+02 5.56666450e-02 -1.40504502e-03 6.96202802e-02 1.34757079e-04 9.94741057e-05 1.65533834e-04
2.00474127e+02 4.21039615e-02 -1.64027428e-03 7.34387351e-02 3.40697780e-04 1.35775863e-04 2.33054430e-04
2.03173049e+02 5.20949578e-02 -9.07385010e-03 7.60224048e-02 1.49818947e-04 1.69916609e-04 1.51388306e-04
2.05874221e+02 6.03993414e-02 -8.68415982e-03 6.85465293e-02 2.29486497e-04 6.17333724e-05 7.57443706e-05
2.08560986e+02 6.03549310e-02 -1.17848854e-02 5.68656703e-02 9.92036993e-05 6.89786254e-05 4.87773772e-05
2.11252158e+02 6.23295862e-02 -2.75144763e-03 5.77449161e-02 4.60029132e-05 2.36537651e-04 1.86964534e-04
2.13960205e+02 5.97262231e-02 2.31434303e-03 6.53572423e-02 1.75902440e-04 2.93224127e-04 7.54252444e-05
2.16673674e+02 6.43556440e-02 7.53277505e-04 7.12857212e-02 1.14409913e-04 5.22434225e-05 1.37303168e-04
2.19371674e+02 6.30068554e-02 8.78297116e-03 6.27458292e-02 1.93681668e-04 2.14290791e-04 1.13772543e-04
2.22085502e+02 6.08337673e-02 6.33742515e-03 6.27899368e-02 1.51138870e-04 1.55943678e-04 1.21983811e-04
2.24777174e+02 6.30936777e-02 4.10432073e-03 7.06831548e-02 6.45714322e-05 5.28772436e-04 1.94403732e-04
2.27467221e+02 5.88701711e-02 5.02571644e-03 6.71530549e-02 7.37806278e-05 2.53044632e-04 7.89805430e-05
2.30162768e+02 5.62932218e-02 1.21531296e-02 6.89887004e-02 8.43588860e-05 2.06642333e-04 5.64289369e-05
2.32870924e+02 4.93656201e-02 4.70097260e-03 6.57906028e-02 3.80340492e-05 1.26824907e-04 9.95503685e-05
2.35571736e+02 5.11801784e-02 1.54714065e-02 6.56961365e-02 1.20005290e-04 1.64788345e-04 9.53738233e-05
2.38276580e+02 5.35045103e-02 1.18745710e-02 7.51387301e-02 7.23498518e-05 1.90510038e-04 5.24071849e-05
2.40982705e+02 5.87841587e-02 9.41357965e-03 6.85975191e-02 1.28526260e-04 4.89488340e-05 7.48960561e-05
2.43678861e+02 6.69397634e-02 1.60884072e-03 6.77397466e-02 2.25485448e-04 5.89746486e-05 5.57813883e-05
2.46382596e+02 6.26631394e-02 -8.58343305e-03 7.06900110e-02 3.68308204e-05 1.26962568e-04 6.51638449e-05
2.49071518e+02 5.24314580e-02 6.99181663e-04 7.50912830e-02 5.14189843e-05 2.78051786e-04 1.77055405e-04
2.51790315e+02 5.54726941e-02 -1.89031054e-03 7.01684826e-02 5.42323811e-05 1.56606983e-04 1.83135198e-04
2.54483627e+02 5.74211886e-02 -1.06651491e-02 7.13576632e-02 6.65596783e-05 1.59684546e-04 5.69093221e-05
2.57180830e+02 5.61502601e-02 -3.73719164e-03 7.41780224e-02 1.58076465e-04 7.59548679e-05 9.07329894e-05
2.59890658e+02 6.20341734e-02 -1.04467049e-02 6.52811242e-02 1.70807600e-04 7.18862611e-05 4.95541860e-05
2.62586424e+02 5.88658754e-02 -1.63428700e-02 7.16390330e-02 5.50822082e-05 1.01766667e-04 1.04617312e-04
2.65283455e+02 6.49099605e-02 -1.23635894e-02 6.51135208e-02 5.07584109e-05 2.16835589e-04 1.09171547e-04
2.67997330e+02 6.32159116e-02 -1.53525395e-02 6.30859934e-02 1.46333626e-04 1.27048993e-04 1.74725600e-04
