6.74564333e-01 6.77882899e-02 4.55126495e-03 5.18975671e-02 8.64630118e-05 1.57607423e-04 1.18551438e-04
3.37763675e+00 6.53350009e-02 9.11407451e-03 5.11487766e-02 2.38392617e-05 8.31183822e-05 2.31485818e-05
6.08364739e+00 7.01131246e-02 1.16427903e-02 5.20647957e-02 9.10522628e-05 9.90433757e-05 1.09176924e-04
8.78879254e+00 7.22340043e-02 1.12549146e-02 4.46558659e-02 1.32095715e-04 2.02657039e-04 1.46241209e-05
1.14962499e+01 7.51415111e-02 3.04656421e-03 4.18461821e-02 1.95952492e-05 3.51955984e-04 1.39492186e-04
1.41906561e+01 8.12657019e-02 6.59301041e-04 4.12634024e-02 1.30309111e-04 3.06764924e-04 1.18337325e-04
1.68866139e+01 8.05928958e-02 8.74109134e-04 1.36205735e-02 7.11381394e-05 3.41504824e-04 2.28547435e-04
1.95881624e+01 7.33442872e-02 -1.11303463e-03 -1.89814079e-02 9.13462275e-05 2.26397613e-04 1.17088195e-04
2.22857249e+01 6.89675220e-02 -1.88314334e-02 -4.07575722e-02 1.51803667e-05 3.89966393e-04 8.50411675e-05
2.49869061e+01 6.78528008e-02 -1.53858642e-03 -5.11872226e-02 7.02204547e-05 1.03366391e-04 1.09217971e-04
2.76905046e+01 6.71905671e-02 5.72314826e-03 -6.15438984e-02 6.65984461e-05 7.52026095e-05 2.82695636e-04
3.03882749e+01 5.06635605e-02 -2.25429558e-04 -6.46764749e-02 6.37430161e-05 1.01901513e-04 1.88836706e-04
3.30896249e+01 5.59354774e-02 9.17324905e-03 -6.62090020e-02 1.27166165e-04 1.88308953e-04 2.62613234e-04
3.57885093e+01 6.25346236e-02 -4.62236247e-04 -7.16914115e-02 1.16414962e-04 1.72329374e-04 1.45923055e-04
3.84892811e+01 6.67928948e-02 6.56382118e-03 -6.76951072e-02 8.01277894e-05 1.58666005e-04 1.04557997e-04
4.11863468e+01 6.54515986e-02 4.76384056e-03 -6.45443483e-02 5.70065116e-05 1.20393892e-04 1.42920658e-04
4.38880968e+01 6.52405225e-02 3.80098629e-03 -6.65350695e-02 9.13195463e-05 2.73202420e-04 3.11748378e-04
4.65800936e+01 5.98423577e-02 -5.07111382e-04 -6.07113800e-02 1.38826935e-04 3.29402816e-04 7.73352185e-05
4.92848890e+01 6.77794957e-02 -5.25912485e-03 -5.94121513e-02 3.56059791e-05 3.99583573e-04 1.35465761e-04
5.19732311e+01 7.63571611e-02 -8.47651749e-04 -6.24179549e-02 6.27256132e-05 3.09670645e-04 1.15593779e-04
5.46710593e+01 7.06356943e-02 9.93948288e-04 -5.66406372e-02 1.21776581e-04 2.38920445e-04 1.52997468e-04
5.73720655e+01 6.97823680e-02 -1.06933086e-02 -5.54087214e-02 1.12614172e-04 4.68810875e-04 7.08064927e-05
6.00737843e+01 6.50215896e-02 -6.06433212e-03 -5.69979347e-02 1.84973574e-04 3.30650810e-04 8.72116684e-05
6.27614983e+01 6.41032258e-02 -1.40355020e-02 -5.50013640e-02 8.56502978e-05 1.49153855e-04 4.95831635e-05
6.54611796e+01 6.56906326e-02 -3.10190539e-03 -5.69885179e-02 4.59480833e-05 5.17358200e-04 6.41454173e-05
6.81698093e+01 6.81387170e-02 -8.46877129e-03 -5.48174106e-02 7.75534913e-05 9.77976792e-05 1.94370387e-04
7.08729983e+01 6.52127421e-02 -3.26975219e-03 -5.39883773e-02 6.00589531e-05 1.50339851e-04 3.62052271e-04
7.35731140e+01 6.46187939e-02 -2.79017074e-03 -5.25602662e-02 7.19692314e-05 3.14534722e-04 2.26054729e-04
7.62728077e+01 5.91706213e-02 -7.06702239e-05 -5.93094852e-02 2.08419528e-04 3.62066313e-04 7.70611931e-05
7.89677327e+01 6.15707405e-02 -9.72227609e-04 -6.22620755e-02 9.39044680e-05 1.36449502e-04 2.52225842e-04
8.16755905e+01 5.77147665e-02 1.72229162e-03 -6.20369699e-02 1.77523139e-04 2.80190620e-04 8.88351906e-05
8.43724390e+01 6.01989054e-02 -4.63137336e-04 -6.08919509e-02 7.78267398e-05 1.09438443e-04 1.73711252e-04
8.70748280e+01 5.48444788e-02 4.98804393e-03 -6.43242833e-02 8.78604155e-05 1.64737141e-04 2.18164581e-04
8.97826843e+01 5.34820654e-02 -7.41622579e-03 -5.94826711e-02 1.76329217e-04 1.72364595e-04 3.73988033e-05
9.24865686e+01 4.74908158e-02 -6.55228656e-03 -5.54054740e-02 4.10908920e-05 1.07750030e-04 1.37601400e-04
9.51853296e+01 5.34805061e-02 -7.67793153e-03 -6.01520028e-02 1.58057607e-04 4.17906621e-04 7.48263594e-05
9.78887139e+01 5.39534360e-02 -5.74141777e-03 -6.37596558e-02 4.83317401e-05 1.31720807e-04 8.51834841e-05
1.00595003e+02 5.96323336e-02 -6.80781836e-03 -5.59208952e-02 1.71509632e-04 9.59289820e-05 7.96223543e-05
1.03296722e+02 6.28345943e-02 -6.08099991e-03 -6.83885155e-02 7.14270631e-05 1.29595806e-04 6.83718566e-05
1.05995972e+02 6.76902730e-02 3.20184186e-03 -6.59010519e-02 1.29174315e-04 2.13068871e-04 9.35382212e-05
1.08689097e+02 6.50885478e-02 -4.34469578e-03 -6.37044639e-02 1.45397885e-04 2.44175283e-04 9.60154643e-05
1.11395644e+02 6.59611820e-02 -2.91625177e-03 -5.48391454e-02 4.86128865e-05 2.95699950e-04 4.13757894e-05
1.14088597e+02 6.52890616e-02 5.52933056e-03 -5.51564588e-02 1.47343907e-04 1.50239538e-04 4.63069418e-05
1.16784737e+02 6.98869301e-02 5.16574865e-03 -5.48043720e-02 5.49091044e-05 1.90509845e-04 1.47311573e-04
1.19483956e+02 5.71438190e-02 2.11358335e-03 -5.69627493e-02 3.80734808e-05 5.89072281e-05 1.00663449e-04
1.22184191e+02 6.20331646e-02 3.94445280e-03 -6.00675506e-02 2.39903411e-04 2.19599186e-04 1.26073710e-04
1.24887659e+02 6.21137942e-02 3.06878175e-03 -6.76144167e-02 7.61860562e-05 6.25241090e-05 2.54918953e-04
1.27578737e+02 6.01310832e-02 1.46032935e-03 -6.23517228e-02 6.10866866e-05 1.57484047e-04 2.20343367e-05
1.30272237e+02 6.03661593e-02 6.17207649e-03 -6.27207514e-02 2.73652361e-04 2.81999130e-04 7.84192329e-05
1.32980519e+02 5.76976272e-02 3.44746094e-03 -6.83001803e-02 1.25618265e-04 3.46656216e-04 1.31850433e-04
1.35691456e+02 5.57100445e-02 -1.16139819e-03 -7.60839513e-02 4.57583180e-05 1.20679892e-04 6.65214566e-05
1.38395253e+02 5.89454809e-02 2.64612880e-03 -7.50187600e-02 1.09374384e-04 3.28982490e-04 1.47264944e-04
1.41096253e+02 4.70136326e-02 2.36304552e-03 -6.78255887e-02 6.51998321e-05 2.93098011e-04 7.16663302e-05
1.43802597e+02 5.38537494e-02 3.74212960e-03 -6.49716639e-02 1.27197009e-04 1.95857215e-04 6.27535787e-05
1.46499862e+02 5.64176227e-02 4.70527840e-03 -6.55353422e-02 2.32763817e-04 8.48208590e-05 1.15622559e-04
1.49191253e+02 5.93005114e-02 3.48914371e-03 -6.45128895e-02 2.55481829e-04 2.09830019e-04 1.03649941e-04
1.51906566e+02 6.88399347e-02 4.26559773e-03 -6.72396446e-02 1.84148789e-04 1.89051927e-04 1.07437855e-04
1.54603425e+02 7.27065110e-02 1.01365320e-02 -5.91275061e-02 1.03097686e-04 2.24670659e-04 2.45605515e-04
1.57302550e+02 6.47958749e-02 3.86883223e-03 -4.63882405e-02 1.11528280e-04 3.79344143e-04 6.56029187e-05
1.59990331e+02 6.47945023e-02 1.94404982e-03 -3.94535083e-02 2.77173288e-05 3.45826315e-04 7.73193494e-05
1.62668737e+02 6.73082310e-02 -8.56330918e-04 -9.87980812e-03 1.81885805e-04 1.78334671e-04 1.71969468e-04
1.65364472e+02 6.68307179e-02 3.76783217e-03 1.48493508e-02 6.63188315e-05 4.19599868e-05 1.82639244e-04
1.68070628e+02 7.93210255e-02 9.26149103e-03 3.38245346e-02 1.69996796e-04 9.10280624e-05 1.43352272e-04
1.70752769e+02 6.33490674e-02 1.37609002e-02 5.33244985e-02 7.68129814e-05 2.09164541e-04 8.53751626e-05
1.73458206e+02 6.74757928e-02 1.06083917e-02 6.25337960e-02 1.50213433e-04 1.35011819e-04 5.99888915e-05
1.76153316e+02 5.57513062e-02 1.28085723e-02 6.25813832e-02 1.01166885e-04 2.72249231e-04 1.26820018e-04
1.78850753e+02 5.42187362e-02 1.24303439e-02 6.13861328e-02 8.57216411e-05 1.44728586e-04 3.58889040e-05
1.81555253e+02 5.36796994e-02 1.48244737e-02 6.37351756e-02 2.30833021e-04 1.62879561e-04 1.75657796e-04
1.84252534e+02 5.93266597e-02 1.31787951e-02 7.24644710e-02 2.75778473e-04 1.11001341e-04 6.21476226e-05
1.86959003e+02 6.47924935e-02 1.41824980e-02 6.28388802e-02 1.23685873e-04 1.68188612e-04 1.40669385e-04
1.89666456e+02 5.91842867e-02 2.08788874e-02 6.62487813e-02 4.17895312e-05 1.74756020e-04 1.14997082e-04
1.92365191e+02 4.82307503e-02 1.76167703e-02 6.36183104e-02 4.12725931e-04 1.33041489e-04 5.80863513e-05
1.95066753e+02 5.52553192e-02 1.58274838e-02 6.74807578e-02 9.46792840e-05 1.73215938e-04 2.11991460e-04
1.97766206e+02 5.65874420e-02 1.27236872e-02 6.60662651e-02 5.26850593e-05 1.14799063e-04 5.88033332e-05
2.00471003e+02 6.26876361e-02 4.18072060e-03 7.18604434e-02 1.70072012e-04 9.52621278e-05 1.09556939e-04
2.03171394e+02 6.24468184e-02 8.60415953e-03 7.58739990e-02 1.36472245e-04 1.26167114e-04 2.00089419e-04
2.05870347e+02 5.83685591e-02 9.63416630e-03 6.79774442e-02 5.12751248e-05 1.81782136e-04 6.74168087e-05
2.08560800e+02 7.22626371e-02 4.93697361e-03 6.83459512e-02 8.57608332e-05 9.09078276e-05 1.22072995e-04
2.11257050e+02 6.29876469e-02 -1.87043374e-03 7.05962386e-02 1.66271028e-04 2.98196824e-04 1.29010537e-04
2.13964925e+02 6.39954669e-02 -7.51900760e-03 7.00494001e-02 1.05623588e-04 1.75744051e-04 4.31439879e-05
2.16667909e+02 5.72849288e-02 -1.08366032e-02 7.37574279e-02 1.05139914e-04 3.12552674e-04 1.08490027e-04
2.19377237e+02 6.07757652e-02 -5.34941975e-03 6.28202703e-02 7.96328414e-05 4.45152681e-05 5.31937386e-05
2.22082300e+02 6.18776644e-02 -5.79700026e-03 6.33289241e-02 3.01726303e-05 1.95456451e-04 5.98984871e-05
2.24785441e+02 6.33386213e-02 -3.06215909e-03 6.69372067e-02 4.77341458e-05 3.13466190e-04 2.36311249e-04
2.27468784e+02 6.03086428e-02 6.00734785e-03 6.97093161e-02 5.27941762e-05 4.43395434e-04 9.34802428e-05
2.30162956e+02 6.38879809e-02 7.45217599e-04 6.79174740e-02 1.29339512e-04 2.19860982e-04 8.28155992e-05
2.32856472e+02 6.47901053e-02 3.80456451e-03 6.24828402e-02 9.84409935e-05 1.30090986e-04 1.21156522e-04
2.35549519e+02 6.62679778e-02 -1.65768621e-03 6.73531848e-02 1.28226247e-04 3.53339093e-04 1.81344022e-04
2.38254128e+02 6.60884288e-02 3.42614044e-03 6.61060141e-02 5.43331639e-05 1.54704288e-04 1.84268508e-04
2.40944691e+02 6.70030187e-02 -1.05226004e-03 6.57329085e-02 1.34561049e-04 1.10437805e-04 1.31284725e-04
2.43646612e+02 7.37962204e-02 3.96195923e-03 6.04180584e-02 9.57416645e-05 7.09759540e-05 1.27948355e-04
2.46351003e+02 6.72197206e-02 4.23764151e-03 6.09791969e-02 9.05585001e-05 8.03374047e-05 9.45662307e-05
2.49054331e+02 6.49723239e-02 1.06386486e-02 6.72792593e-02 5.90208011e-05 2.05331093e-04 1.69773177e-04
2.51764206e+02 6.05104879e-02 -6.01254653e-03 6.37433963e-02 4.06383300e-05 1.54049547e-04 1.57722274e-04
2.54459347e+02 6.37614869e-02 1.67472946e-03 6.77992132e-02 1.54456799e-04 2.56723952e-04 6.72692950e-05
2.57165644e+02 6.50910691e-02 -6.11998908e-04 6.34954692e-02 9.73908839e-05 1.22093662e-04 5.65620681e-05
2.59867659e+02 6.26910065e-02 4.98946303e-03 6.19853949e-02 2.00176859e-04 2.16427356e-04 1.31547140e-04
2.62560487e+02 7.11698601e-02 4.95215101e-03 5.51968053e-02 7.98978278e-05 4.43139171e-05 2.87517639e-04
2.65269566e+02 6.48340620e-02 1.35831529e-03 4.96365410e-02 1.32831999e-04 1.07764015e-04 9.84087587e-05
2.67972989e+02 6.41352789e-02 3.42438226e-03 4.97817321e-02 1.12064452e-04 3.46249841e-04 4.05771573e-05
