6.85236161e-01 6.88262182e-02 3.69007279e-03 6.96045465e-02 1.12686697e-04 2.31567755e-05 9.30574312e-05
3.37312366e+00 7.59325020e-02 6.66739178e-03 5.91937993e-02 9.24242581e-05 3.75494183e-04 8.85133863e-05
6.08150724e+00 7.94280586e-02 6.48170838e-03 5.19020974e-02 8.14358330e-05 1.52218218e-04 3.20820488e-05
8.76846475e+00 7.83759168e-02 2.92046549e-03 3.35158048e-02 2.71188669e-05 2.03061139e-04 4.96176374e-05
1.14850849e+01 7.19086300e-02 2.20450678e-03 1.99801681e-02 4.68400507e-05 1.02486548e-04 5.38232981e-05
1.41799568e+01 7.61353754e-02 1.79229053e-03 -8.83556938e-03 2.11195036e-04 3.59748269e-04 1.05776200e-04
1.68709974e+01 7.05501613e-02 5.01460822e-03 -2.54358600e-02 8.06470584e-05 2.01211232e-04 8.51234258e-05
1.95673302e+01 6.79838876e-02 9.06583929e-04 -4.07323935e-02 1.03587995e-04 4.46673812e-04 3.38238170e-05
2.22561537e+01 6.74524035e-02 -3.98945708e-03 -4.72504492e-02 9.72143466e-05 3.26629184e-04 2.38239986e-04
2.49610177e+01 6.40244873e-02 -4.42879521e-03 -5.41926278e-02 6.04682218e-05 9.06212908e-05 1.26746922e-04
2.76587943e+01 6.34516186e-02 -4.34449161e-03 -6.04640140e-02 1.08209150e-04 1.56682069e-04 7.05441005e-05
3.03507208e+01 6.27422355e-02 -3.61800674e-03 -6.07302230e-02 7.08651543e-05 2.44510027e-04 7.52469857e-05
3.30626208e+01 6.26665524e-02 1.99061610e-03 -5.31588720e-02 4.50669086e-05 2.74935941e-04 8.73382224e-05
3.57574365e+01 6.53214206e-02 -7.46093834e-03 -5.70722604e-02 7.98562257e-05 1.90177974e-04 1.27592631e-04
3.84592333e+01 5.85740753e-02 3.61583540e-03 -5.82219400e-02 2.64911011e-04 3.39044276e-04 4.59715757e-05
4.11601708e+01 5.36810006e-02 -1.41281178e-04 -6.42163073e-02 1.28085687e-05 2.29272096e-04 1.03147585e-04
4.38683927e+01 5.31606116e-02 4.20781943e-03 -6.54493923e-02 2.38661259e-04 1.45274578e-04 3.41190891e-05
4.65795193e+01 5.64918494e-02 -2.87009030e-04 -7.23630919e-02 9.22337810e-05 1.31078989e-04 2.80200191e-04
4.92886458e+01 5.85626612e-02 -4.36504359e-03 -6.80292572e-02 4.32275120e-05 9.92341782e-05 5.44680869e-05
5.19886505e+01 5.23598269e-02 5.90241519e-03 -6.73900598e-02 9.99093793e-05 1.31703240e-04 1.37083178e-04
5.46919662e+01 5.66845446e-02 8.07705451e-03 -6.53845235e-02 5.16898091e-05 9.70768374e-05 1.78247697e-04
5.73828052e+01 6.05934925e-02 8.46054562e-03 -5.86282865e-02 1.86315962e-04 7.55311557e-05 8.25086991e-05
6.00871958e+01 5.72965627e-02 1.09145710e-02 -5.86828567e-02 1.54346730e-04 8.09904843e-05 9.86542590e-05
6.27938958e+01 5.64689189e-02 1.17190423e-02 -6.47378062e-02 1.00436221e-04 1.66086553e-04 3.50600235e-05
6.54971802e+01 5.80100025e-02 8.90113401e-03 -6.76752395e-02 1.44282601e-04 9.33716738e-05 2.93815016e-05
6.81973865e+01 5.88182101e-02 5.17054199e-03 -6.94748034e-02 1.06357337e-04 1.71545782e-04 9.84158602e-05
7.08970912e+01 6.03483318e-02 -5.26970139e-04 -6.58784579e-02 2.77303287e-05 1.79021273e-04 1.34471881e-04
7.36114490e+01 5.67079941e-02 3.14177187e-03 -7.02350469e-02 2.51349082e-04 8.95618391e-05 6.15114726e-05
7.63025474e+01 5.98503689e-02 7.57927605e-03 -7.35421058e-02 1.13600788e-04 1.64514790e-04 2.25505201e-04
7.90078568e+01 5.57639985e-02 2.09984690e-03 -6.64835763e-02 3.14704862e-04 1.60094873e-05 4.71411430e-05
8.16989615e+01 6.51926052e-02 1.09395800e-03 -6.75363623e-02 9.21127492e-05 1.07400395e-04 1.20338607e-04
8.43957615e+01 7.17854239e-02 -1.17611011e-03 -6.23498443e-02 2.41612928e-04 5.80641268e-05 1.39998974e-04
8.70917990e+01 6.96141117e-02 2.78751061e-03 -6.27080403e-02 2.00906234e-04 4.43584270e-05 1.13357935e-04
8.97868333e+01 7.14154484e-02 -3.41530387e-03 -6.51997129e-02 1.28180849e-04 1.77958000e-04 2.74517377e-05
9.24780349e+01 7.08584940e-02 -9.66560581e-03 -7.01024698e-02 1.02572047e-04 2.29059838e-04 4.94991211e-05
9.51785427e+01 7.06843688e-02 -5.60876212e-04 -6.50850560e-02 1.21939464e-04 1.36299367e-04 7.42661484e-05
9.78724583e+01 6.54117319e-02 -1.75010107e-03 -6.27190566e-02 2.66492460e-04 1.45834726e-04 1.27127413e-04
1.00565321e+02 6.04023209e-02 -1.41417284e-03 -5.69404214e-02 2.26538878e-04 4.29318795e-04 1.05049035e-04
1.03275133e+02 6.22768561e-02 -2.00771892e-03 -5.61829757e-02 1.93062355e-04 1.60023491e-04 1.27364074e-04
1.05976524e+02 6.37979492e-02 5.98075190e-04 -5.73284193e-02 1.13840169e-04 1.90874093e-04 1.59996161e-04
1.08680852e+02 5.77194370e-02 -7.95512105e-03 -5.44662373e-02 9.55696071e-05 2.36527019e-04 1.25378318e-04
1.11372055e+02 6.21105775e-02 -8.35525865e-04 -6.33978553e-02 5.85493066e-05 1.84439994e-04 5.44874640e-05
1.14071868e+02 6.52768500e-02 -4.46135940e-03 -7.01387775e-02 1.99312339e-04 1.63165896e-04 1.49970428e-04
1.16773743e+02 6.12756202e-02 -1.00014287e-02 -6.75983646e-02 1.36136875e-04 2.24158386e-04 3.43696276e-05
1.19487993e+02 6.43304977e-02 -1.73093266e-05 -6.87196481e-02 1.43968939e-04 8.57360589e-05 1.11307959e-04
1.22188977e+02 6.80630369e-02 -4.41950454e-03 -6.68531813e-02 1.00215531e-04 9.49708942e-05 4.72912165e-05
1.24891665e+02 6.41250646e-02 -3.99805732e-03 -6.48524325e-02 3.08460347e-05 1.49162244e-04 1.52447168e-04
1.27593336e+02 5.36777210e-02 -4.45487277e-03 -6.39158252e-02 5.49635713e-05 1.62535295e-04 7.19819017e-05
1.30289071e+02 6.45520202e-02 -8.78617552e-04 -5.31430577e-02 6.88011331e-05 4.62850945e-04 7.79174777e-05
1.32975399e+02 6.87357970e-02 2.98485887e-03 -5.81250143e-02 3.88177098e-05 1.35331621e-04 1.03290049e-04
1.35677415e+02 6.29916981e-02 7.40860060e-03 -6.07869366e-02 1.24479844e-04 7.66516900e-05 1.08329079e-04
1.38383321e+02 5.86116961e-02 2.02200522e-03 -6.59544543e-02 1.24459256e-04 1.48124765e-04 8.86386293e-06
1.41091040e+02 5.40384028e-02 -2.93854502e-03 -5.79437349e-02 1.54864966e-04 2.54410334e-04 4.97791699e-05
1.43788118e+02 6.25813413e-02 -2.78159168e-03 -6.03932309e-02 4.88623335e-05 6.14912814e-05 2.06000581e-04
1.46486586e+02 7.27003044e-02 -5.01853977e-03 -5.13809014e-02 6.29396554e-05 1.48669973e-04 1.49188903e-04
1.49194258e+02 6.16407868e-02 -6.72569621e-03 -5.28626677e-02 6.25393266e-05 1.50553084e-04 1.12551644e-04
1.51894290e+02 6.46900744e-02 -5.14351359e-03 -4.66307211e-02 1.74459125e-04 6.05544941e-05 1.05563629e-04
1.54610227e+02 7.12747192e-02 -1.14029161e-02 -3.94399776e-02 5.57013442e-05 4.06684131e-05 9.47943283e-05
1.57310383e+02 6.93352990e-02 -1.54012406e-02 -4.25976909e-02 7.02872992e-05 1.07646524e-05 5.52111832e-05
1.60015883e+02 7.19789131e-02 -1.70853460e-02 -3.48827544e-02 6.85541383e-05 5.09853558e-05 9.29125127e-05
1.62707118e+02 7.66718450e-02 -1.41183244e-02 -3.05406331e-02 8.83290172e-05 2.73469068e-04 8.45179644e-05
1.65404071e+02 7.20381883e-02 -1.00316473e-02 -2.11334065e-02 8.45217767e-05 1.09591497e-04 5.25667993e-05
1.68114227e+02 7.55727135e-02 -4.66111741e-03 -3.34843745e-03 1.55961467e-04 1.50689406e-04 3.75370378e-05
1.70809305e+02 7.11573886e-02 -1.78690691e-02 2.10383097e-02 1.21215180e-04 1.97101283e-04 6.10310653e-05
1.73511321e+02 7.04140576e-02 -1.84876888e-02 5.11580462e-02 2.25421358e-05 1.69294932e-04 3.26481311e-04
1.76200586e+02 6.81663721e-02 -9.77354437e-03 5.16134537e-02 1.43120268e-04 2.90086940e-04 1.97698721e-04
1.78891868e+02 6.72675010e-02 -1.36994225e-02 5.43066404e-02 3.57445475e-05 2.89719340e-04 1.45453003e-04
1.81604024e+02 6.37093151e-02 -1.19567098e-02 5.37390899e-02 9.13736026e-05 7.13067909e-04 6.65504519e-05
1.84300321e+02 6.16595547e-02 -2.60195259e-02 6.43194701e-02 1.01528705e-04 1.13889102e-04 1.18560716e-04
1.87000868e+02 5.87984415e-02 -1.66883872e-02 5.64986886e-02 1.37785805e-04 1.71740108e-04 8.72889566e-05
1.89701915e+02 6.50814358e-02 -1.45088024e-02 4.61725973e-02 2.06693530e-04 1.16181213e-04 1.08838775e-04
1.92389790e+02 7.10814007e-02 -1.71110543e-02 4.86333515e-02 1.01678309e-04 1.02959406e-04 1.53014155e-04
1.95090993e+02 6.82092885e-02 -7.34177552e-03 4.90582929e-02 2.26501894e-04 8.83142171e-05 3.80874828e-05
1.97785461e+02 6.95896284e-02 -1.10616182e-02 5.18295827e-02 7.10024582e-05 9.42999037e-05 1.59015129e-05
2.00485149e+02 5.93307755e-02 -5.86770773e-03 5.76997476e-02 1.24174362e-04 8.47369729e-05 9.98870636e-05
2.03183586e+02 5.85174597e-02 -4.61156003e-03 6.39650515e-02 2.35199631e-04 2.42380798e-05 8.49603612e-05
2.05881961e+02 6.27694460e-02 -1.94354784e-03 5.62377491e-02 1.71635085e-04 1.38667228e-04 2.08095005e-04
2.08589493e+02 6.14448002e-02 -2.72906385e-03 5.64766828e-02 7.03892312e-05 1.25616388e-04 8.38053838e-05
2.11289758e+02 6.23621834e-02 -6.68653788e-04 5.85531602e-02 1.25677390e-04 1.95971850e-04 5.08130994e-05
2.13986305e+02 6.63633833e-02 -3.46425808e-03 6.36681636e-02 8.08747961e-05 1.95376473e-04 8.43446851e-05
2.16697993e+02 6.69075626e-02 -6.48860202e-03 6.56029733e-02 8.80581320e-05 4.09252368e-05 1.85613553e-04
2.19401883e+02 7.12009389e-02 6.12724092e-03 6.74698024e-02 1.08769005e-04 1.68682779e-04 7.18117986e-05
2.22099586e+02 5.94961062e-02 2.78180721e-03 6.44520249e-02 7.82162971e-05 7.33575172e-05 5.52818918e-05
2.24797399e+02 6.46510937e-02 -8.13484137e-03 6.29855759e-02 2.95079474e-05 1.60481174e-04 3.80020665e-05
2.27503602e+02 5.98624723e-02 3.02374860e-03 5.72740513e-02 6.67949701e-05 6.01005005e-05 1.05861847e-04
2.30194274e+02 5.85457757e-02 1.68802322e-03 6.04849119e-02 2.10559673e-05 4.07210851e-04 1.26061021e-04
2.32889946e+02 5.93430181e-02 2.82830704e-04 7.02819933e-02 1.09910516e-04 2.36301326e-04 8.47329841e-05
2.35593399e+02 6.30279260e-02 8.60731889e-04 6.43630768e-02 3.10486169e-04 6.25946007e-05 5.55866130e-05
2.38299493e+02 6.50477415e-02 -1.94826391e-03 6.07519779e-02 9.71472601e-05 1.22054544e-04 8.07475966e-05
2.41001680e+02 6.69237898e-02 5.45870019e-03 5.62985561e-02 1.18450217e-04 2.27037140e-04 1.12195118e-04
2.43710555e+02 6.75638999e-02 5.57794470e-03 5.85870759e-02 9.17096675e-05 1.66771042e-04 1.18325493e-04
2.46414493e+02 7.36399015e-02 1.15465040e-03 5.66135542e-02 8.96120250e-05 7.90508897e-05 1.87037774e-04
2.49116071e+02 6.85170250e-02 1.19870874e-04 5.45069672e-02 2.40703591e-04 2.49015256e-04 5.88429411e-05
2.51808133e+02 6.60789484e-02 8.90362009e-03 6.38935018e-02 3.71053112e-05 1.21050649e-04 1.96152136e-04
2.54510649e+02 6.16196161e-02 8.30514641e-03 6.42326421e-02 2.92134873e-04 2.62944310e-04 9.05773743e-05
2.57211305e+02 6.68762242e-02 5.88317442e-03 5.73176554e-02 1.54582999e-04 1.09235649e-04 1.09095774e-04
2.59906977e+02 6.65258080e-02 -2.68020166e-03 6.09649232e-02 1.14663683e-04 5.19372479e-05 1.13613179e-04
2.62610977e+02 6.01499022e-02 -6.21180061e-03 6.55910928e-02 5.20387644e-05 2.06252576e-04 7.91532783e-05
2.65310821e+02 6.01123871e-02 6.43733376e-03 7.10409525e-02 6.94655565e-05 2.90664367e-04 1.05987674e-04
2.68005464e+02 6.32212368e-02 -3.95744478e-04 6.46411448e-02 2.47779476e-04 1.47844076e-04 1.17132802e-04
