6.95820806e-01 8.26325417e-02 -5.96820789e-03 4.40413952e-02 2.30715495e-05 2.49770442e-04 1.52990292e-04
3.39315130e+00 8.71212701e-02 7.72849271e-03 2.17186907e-02 6.36556810e-05 4.82444808e-04 1.80104580e-05
6.09369114e+00 8.44953899e-02 -8.07331224e-04 3.44126991e-03 6.89476802e-05 3.78256914e-04 7.25192909e-05
8.78800427e+00 8.27458085e-02 -2.13401871e-05 -3.28475271e-02 2.92742019e-05 2.47806620e-04 5.01534953e-05
1.14765379e+01 7.64276739e-02 -8.59520081e-03 -4.96456232e-02 3.28330478e-05 2.59795662e-04 9.20093318e-05
1.41704613e+01 7.59009359e-02 -9.56748487e-04 -5.02522168e-02 5.96893039e-05 6.34715396e-05 5.48006344e-05
1.68756832e+01 6.69582815e-02 1.68280502e-03 -4.91254009e-02 3.94500165e-05 1.04390114e-04 1.15138477e-04
1.95760316e+01 6.31879936e-02 -9.91646626e-04 -5.04268133e-02 2.02202813e-04 2.61567077e-04 7.72127866e-05
2.22840691e+01 6.02070591e-02 -2.92715550e-03 -4.90402026e-02 6.44241351e-05 1.95006981e-04 1.98157492e-04
2.49836816e+01 6.83311743e-02 1.99373197e-03 -5.21475512e-02 2.06141272e-04 2.82610902e-04 1.04097386e-04
2.76928785e+01 6.08964142e-02 8.44859822e-03 -4.96356837e-02 2.26703924e-04 3.69562693e-04 1.43175072e-04
3.03985441e+01 5.75843130e-02 2.21965988e-03 -5.09377559e-02 1.22372294e-04 4.82421490e-04 9.68578639e-05
3.30980160e+01 5.64847333e-02 5.84728016e-03 -6.81964963e-02 7.71861452e-05 1.36486592e-04 4.54788703e-05
3.58002629e+01 7.21200352e-02 3.26307400e-03 -6.21994875e-02 4.54062610e-05 3.46806461e-04 7.76064531e-05
3.85058144e+01 6.00207638e-02 4.27936372e-03 -6.58767439e-02 5.52246550e-05 7.63166596e-05 1.22822469e-04
4.11937550e+01 5.46229471e-02 -4.28688539e-03 -4.99268249e-02 2.65649044e-04 2.13798288e-04 1.45168898e-04
4.38978613e+01 5.73448498e-02 -5.49253496e-03 -5.21037321e-02 6.29531604e-05 2.65768912e-04 9.96655027e-05
4.65918316e+01 5.68110899e-02 -6.15199676e-03 -4.41502007e-02 1.02298754e-04 8.01982892e-05 1.42663148e-04
4.92777800e+01 5.22031647e-02 -5.53086357e-03 -5.43455113e-02 7.99753470e-05 5.82427230e-05 2.90031023e-05
5.19686816e+01 6.42907397e-02 -5.95550011e-03 -4.78811619e-02 1.49266054e-04 1.98302337e-04 4.70397757e-05
5.46651832e+01 6.90723242e-02 -8.44346566e-03 -5.55606849e-02 2.35502060e-04 4.84922616e-05 1.64984174e-04
5.73584847e+01 7.03124216e-02 -4.03678304e-03 -4.64966131e-02 1.93361302e-04 3.54443069e-04 1.62965905e-04
6.00444097e+01 6.50453248e-02 -3.85498380e-03 -4.63073262e-02 4.25753096e-04 4.96896021e-04 1.26794751e-04
6.27455113e+01 6.74160917e-02 -1.01835058e-02 -3.59938965e-02 2.77338741e-04 3.73065444e-04 8.52352813e-05
6.54406535e+01 5.26611630e-02 -1.09877633e-03 -4.92874903e-02 8.74332967e-05 5.24754732e-04 4.66439467e-05
6.81422660e+01 4.42029730e-02 3.33400377e-03 -6.23710369e-02 1.49979794e-04 4.01566056e-04 3.90397890e-05
7.08584035e+01 5.62053643e-02 2.85146871e-03 -6.29067893e-02 1.80488769e-04 2.52959445e-04 7.48647776e-05
7.35579800e+01 6.34535295e-02 7.49221680e-03 -5.75968757e-02 2.30695293e-04 2.29065024e-04 9.19832937e-05
7.62556191e+01 6.34072181e-02 6.60127010e-05 -5.63229162e-02 1.47433192e-04 1.86431525e-04 1.15755300e-04
7.89535222e+01 5.25347225e-02 -1.51632158e-03 -6.05692766e-02 1.04932194e-04 2.37107209e-04 7.76138021e-05
8.16601519e+01 4.45026359e-02 -7.16432222e-03 -7.11411644e-02 6.19210363e-05 5.07316826e-04 5.57195502e-05
8.43750785e+01 4.04028302e-02 -3.51331289e-03 -6.48131972e-02 5.12039760e-05 5.31007619e-04 1.35225501e-04
8.70687629e+01 3.91510138e-02 -6.41461519e-03 -5.84473092e-02 1.74157452e-04 5.83778701e-04 5.42011607e-05
8.97825785e+01 4.62574550e-02 -1.13114235e-02 -5.94476835e-02 8.18421655e-05 3.94577065e-04 9.65611853e-05
9.24776207e+01 5.34509304e-02 -1.11752494e-02 -6.33658589e-02 7.79739404e-05 2.29043170e-04 7.86936038e-05
9.51776550e+01 5.32306920e-02 -1.04667938e-02 -5.31149358e-02 2.28934836e-04 2.78728235e-04 1.20167423e-04
9.78915347e+01 5.75914033e-02 -8.78593574e-03 -6.30506891e-02 7.17964718e-05 6.13590302e-04 1.78658120e-04
1.00588843e+02 5.41066148e-02 -9.00938487e-03 -5.85730601e-02 6.26602958e-05 5.86527617e-04 1.14787047e-04
1.03288671e+02 4.10337452e-02 -7.68473811e-03 -6.27272365e-02 1.20245420e-04 3.64242441e-04 9.17627108e-05
1.05992061e+02 4.27754804e-02 3.60367148e-03 -6.36128365e-02 1.99743684e-04 3.28256560e-04 3.00579647e-05
1.08698577e+02 4.54350210e-02 6.31999444e-03 -6.60619625e-02 1.19526819e-05 2.24474548e-04 1.15450623e-04
1.11406827e+02 5.04105302e-02 6.03103997e-03 -7.20570776e-02 9.85485786e-05 2.50131627e-04 9.91532343e-05
1.14107468e+02 5.27858498e-02 7.66629183e-03 -6.20844012e-02 2.66672339e-04 1.61839170e-04 4.39732356e-05
1.16802593e+02 5.61952997e-02 1.21621870e-02 -6.04662057e-02 9.63570831e-05 3.18499742e-04 1.05162249e-04
1.19507999e+02 5.29179452e-02 1.22163246e-02 -4.89644907e-02 7.73167926e-05 2.90471881e-04 1.18008874e-04
1.22207561e+02 5.17106182e-02 9.78861392e-03 -5.04295472e-02 2.45917575e-04 4.78446884e-04 1.96927731e-04
1.24910483e+02 5.18704557e-02 1.24980027e-03 -6.35288741e-02 8.37252834e-05 3.70872626e-04 2.75368744e-04
1.27618311e+02 6.34564684e-02 9.33756482e-04 -7.17335375e-02 4.70864868e-05 6.94015596e-05 1.47683797e-04
1.30305686e+02 5.96311254e-02 -1.82733370e-03 -6.41701163e-02 4.85597391e-04 9.50039943e-05 6.45988667e-05
1.32995468e+02 5.69464582e-02 -6.38210935e-03 -5.02525485e-02 1.16382406e-04 3.03299420e-04 2.75600725e-04
1.35698889e+02 6.32167230e-02 -1.00572578e-02 -3.50819575e-02 1.27530316e-04 2.05421252e-04 2.23420772e-04
1.38398843e+02 6.49754005e-02 -4.49681132e-03 -1.14319178e-02 1.12509224e-04 2.01634438e-04 2.24267238e-04
1.41092264e+02 6.97737486e-02 4.30842240e-03 3.71166891e-03 2.09630948e-04 3.57214984e-04 1.61501454e-04
1.43790436e+02 7.83326352e-02 -6.50074221e-04 1.37876498e-02 6.53471410e-05 2.84818979e-04 2.39935214e-04
1.46493171e+02 7.58596291e-02 -3.07923638e-04 2.44238140e-02 1.40445593e-04 3.61586045e-04 1.33594497e-04
1.49188077e+02 7.46879964e-02 -5.23892019e-04 3.90089850e-02 1.14598727e-04 3.66024614e-04 1.51662214e-04
1.51885811e+02 7.07876947e-02 7.77996870e-04 4.86658549e-02 7.20597037e-05 1.89984670e-04 8.13883563e-05
1.54567014e+02 6.07075726e-02 7.51220209e-03 6.25338018e-02 1.50921888e-04 2.11630406e-04 7.01941627e-05
1.57251452e+02 5.47806134e-02 1.08950893e-02 6.46227630e-02 1.27279338e-04 1.20426336e-04 9.48218698e-05
1.59953874e+02 5.13199282e-02 1.07196094e-02 6.07254438e-02 1.62689190e-04 2.03583053e-04 1.34511755e-04
1.62655983e+02 4.62706068e-02 1.13344693e-02 7.72943142e-02 1.08788540e-04 2.39535635e-04 5.28737394e-05
1.65355108e+02 4.14091858e-02 1.97375633e-03 7.44604294e-02 2.14451595e-04 2.25237474e-04 2.04623657e-04
1.68064436e+02 2.93909937e-02 -6.37665159e-03 6.07385149e-02 2.18357279e-04 8.57923364e-05 1.07074347e-04
1.70784186e+02 3.26953986e-02 -1.13976548e-02 6.86002244e-02 1.05396407e-04 4.54101095e-04 6.68706697e-05
1.73490733e+02 3.35429128e-02 -1.21012230e-02 6.55581097e-02 6.90778569e-05 5.16915336e-04 1.08510699e-04
1.76204155e+02 3.01244727e-02 -3.85844897e-03 6.62935114e-02 1.66025714e-04 2.00035058e-04 8.11449327e-05
1.78909546e+02 2.48520484e-02 1.73581687e-03 6.95897537e-02 1.18640148e-04 1.97442124e-04 4.94725945e-05
1.81608874e+02 2.33800787e-02 1.17277823e-02 8.13554543e-02 1.49901904e-04 1.69681984e-04 1.26517478e-04
1.84304811e+02 3.67686174e-02 -6.32819481e-03 7.86111622e-02 4.14951212e-05 1.28869731e-04 8.91447340e-05
1.87011171e+02 3.26730832e-02 -9.38185871e-04 6.78017272e-02 4.25244842e-06 2.09821040e-04 2.32653357e-04
1.89704921e+02 2.22691596e-02 -2.93775789e-03 7.06462000e-02 2.45226566e-05 1.20271219e-04 7.99721952e-05
1.92411952e+02 2.00083629e-02 1.64600451e-03 7.44502033e-02 1.13618067e-04 3.10633038e-05 5.95900080e-05
1.95121827e+02 1.78933219e-02 -9.63583532e-03 6.92204636e-02 5.18240732e-05 1.02531600e-04 1.50722726e-04
1.97821999e+02 2.27120100e-02 -4.95552939e-03 6.73131359e-02 1.27478546e-04 3.66929223e-04 4.91302170e-05
2.00525108e+02 3.35307990e-02 -6.95397663e-03 7.54305190e-02 1.95006710e-04 6.59563604e-04 9.11609992e-05
2.03245546e+02 3.73398606e-02 3.36191255e-03 7.89945191e-02 2.71685049e-04 4.74256289e-04 7.93553152e-05
2.05942483e+02 4.75437663e-02 1.79095185e-03 8.11731307e-02 2.46869183e-05 5.85617418e-04 1.20271351e-04
2.08658686e+02 4.50021915e-02 1.17923384e-02 6.94346988e-02 1.40151898e-04 4.87167116e-05 3.93306328e-05
2.11343749e+02 5.58919707e-02 3.47353115e-03 6.57245453e-02 1.21522342e-04 2.77079500e-04 1.57705289e-04
2.14037889e+02 6.10695113e-02 5.13147992e-03 6.57448992e-02 7.50381209e-05 1.41808624e-04 9.85911783e-05
2.16723389e+02 6.26585363e-02 5.99814843e-03 6.46540408e-02 4.45971519e-05 8.28279454e-05 5.11129634e-05
2.19419202e+02 5.48722157e-02 1.57728325e-02 7.01192135e-02 1.36721326e-04 1.72938118e-04 1.02857650e-04
2.22116014e+02 5.07658625e-02 2.35717820e-02 6.88357079e-02 1.44370455e-04 1.43155057e-04 1.47019182e-04
2.24813671e+02 4.58311521e-02 2.08272633e-02 6.88848143e-02 2.40580050e-04 2.65135652e-04 1.07235266e-04
2.27526155e+02 4.77867700e-02 1.71856294e-02 6.34837028e-02 1.15595477e-04 2.26180536e-04 1.23281510e-04
2.30224233e+02 4.09459217e-02 2.11587643e-02 5.88379780e-02 1.91136424e-05 3.62735609e-04 1.22572439e-04
2.32932155e+02 4.89975174e-02 1.37602931e-02 4.87503827e-02 1.46846038e-04 3.09083760e-04 3.86939352e-05
2.35625921e+02 6.10244137e-02 9.54609380e-03 4.23722814e-02 7.50267734e-05 1.52048423e-04 1.41664673e-04
2.38326702e+02 6.30483918e-02 1.83161860e-02 3.76405932e-02 2.09705536e-04 4.98880356e-04 8.00321191e-05
2.41018639e+02 6.97284134e-02 1.68451856e-02 3.80442573e-02 1.85348806e-04 8.67266408e-04 2.17447746e-04
2.43707561e+02 6.53011720e-02 1.76727215e-02 3.84995325e-02 1.79613441e-04 5.18398832e-04 6.15666147e-05
2.46409093e+02 6.06471460e-02 1.85654988e-02 5.25179749e-02 9.54210286e-05 3.50848304e-04 9.91355638e-05
2.49117499e+02 6.42200528e-02 1.69663184e-02 6.10447921e-02 1.02643435e-05 2.30013246e-04 1.65976593e-04
2.51812030e+02 7.08092250e-02 1.19292284e-02 6.83438465e-02 1.08208254e-04 3.47108379e-04 5.90033690e-05
2.54506296e+02 6.99732287e-02 2.24702601e-03 5.33767069e-02 3.63726270e-05 9.31140686e-05 1.28459541e-04
2.57227374e+02 6.71010110e-02 8.90427790e-03 4.35975571e-02 1.29825707e-04 8.49894127e-05 1.26237319e-04
2.59931374e+02 7.52491736e-02 3.11861371e-03 2.81083677e-02 1.27365583e-04 1.64063631e-04 8.98801804e-05
2.62627186e+02 7.64773655e-02 1.43482068e-03 2.81292244e-02 8.00080546e-05 1.81625650e-04 6.12702627e-05
2.65321983e+02 7.57228925e-02 -3.40776951e-03 4.63431115e-02 5.87282764e-05 1.95520017e-04 1.29367515e-04
2.68027470e+02 7.59505482e-02 3.73910005e-04 4.06432813e-02 8.02055356e-05 2.12212703e-04 1.79130043e-04
