7.04036518e-01 7.48804794e-02 -2.27420437e-03 4.53930277e-02 6.50383531e-05 2.46439441e-04 6.62725705e-05
3.39362782e+00 7.15462889e-02 -3.51301478e-03 5.00451639e-02 8.68376150e-05 2.68005412e-04 9.86801196e-05
6.09252422e+00 7.56298199e-02 -1.86097149e-03 4.24972942e-02 1.36260499e-05 2.57832857e-04 8.48895328e-05
8.78201000e+00 6.51369098e-02 5.40728784e-03 3.93866710e-02 1.63651828e-04 1.78673400e-04 1.04567710e-04
1.14724064e+01 7.57058422e-02 6.86593498e-03 2.75365440e-02 1.15728803e-04 1.22187406e-04 9.59346964e-05
1.41792267e+01 7.53484000e-02 -3.28831154e-03 4.97118738e-04 6.30839357e-05 8.65309384e-05 2.06289726e-04
1.68759970e+01 7.70758448e-02 8.12841069e-03 -1.99813034e-02 4.42101967e-05 1.50066294e-04 9.54534884e-05
1.95607923e+01 7.62097122e-02 1.09294748e-02 -3.32296647e-02 1.14123343e-04 1.55278886e-04 1.14993018e-04
2.22604736e+01 6.78622959e-02 8.20099971e-03 -3.86994666e-02 1.85310898e-04 1.44037342e-04 1.96796071e-04
2.49553298e+01 6.74675538e-02 1.90826051e-02 -4.39168286e-02 1.95892355e-04 1.54545644e-04 1.32207592e-04
2.76637564e+01 6.49127857e-02 1.19447931e-02 -4.57529709e-02 6.77767748e-05 4.06377100e-04 1.06038999e-04
3.03624267e+01 6.12064718e-02 1.52860115e-02 -6.06303960e-02 7.19828587e-05 2.11946133e-04 1.39444683e-04
3.30594611e+01 5.81898582e-02 9.12354032e-03 -5.88010623e-02 8.74079971e-05 1.17879564e-04 9.94371856e-05
3.57703564e+01 5.48690572e-02 7.32578693e-03 -6.10653484e-02 2.55913475e-05 2.36020002e-04 1.37753970e-04
3.84708002e+01 5.35449418e-02 4.89143443e-03 -6.59022545e-02 1.15715561e-04 1.45780608e-04 4.00093820e-05
4.11707783e+01 5.71134121e-02 2.81236655e-04 -6.67983904e-02 8.06518821e-05 8.21449622e-05 3.91076523e-04
4.38825127e+01 5.21960242e-02 2.25207989e-03 -6.12763366e-02 1.32058354e-04 2.38277763e-04 5.33201480e-05
4.65718080e+01 5.50392650e-02 7.70302517e-03 -6.76013992e-02 9.69189127e-05 3.56897266e-05 2.39923554e-04
4.92804345e+01 5.32330305e-02 8.28705855e-04 -6.30852777e-02 1.48286144e-04 3.01547634e-04 1.23569920e-04
5.19728986e+01 6.02099519e-02 1.35991025e-03 -6.19324519e-02 6.77200351e-05 2.58848907e-04 1.93608638e-04
5.46727642e+01 6.57981220e-02 1.80007815e-03 -6.04513862e-02 7.18498483e-05 2.85634482e-04 1.35806792e-04
5.73730033e+01 6.47869655e-02 -3.07500991e-03 -5.82095524e-02 6.40678396e-05 1.52265531e-04 1.05130855e-04
6.00644377e+01 6.12842016e-02 -2.09043938e-03 -5.52016109e-02 6.19125146e-05 7.52833879e-05 2.34564295e-04
6.27696033e+01 6.11472616e-02 7.88400599e-03 -5.24959986e-02 1.24556214e-04 8.27385161e-05 5.16244277e-05
6.54744892e+01 5.54151664e-02 6.83489792e-04 -5.61600962e-02 2.11241883e-04 1.35845415e-04 1.11275720e-04
6.81709392e+01 5.68288878e-02 5.94797373e-03 -6.08339523e-02 1.15250266e-04 1.96816920e-04 4.41148099e-04
7.08742845e+01 5.51069841e-02 -1.00902856e-03 -5.66052257e-02 1.82922460e-04 2.67910411e-04 5.46264163e-05
7.35699127e+01 5.53454371e-02 -2.50209420e-03 -5.83928301e-02 5.56701442e-05 2.24808249e-04 1.19900259e-04
7.62654814e+01 6.35362357e-02 4.88606168e-03 -6.65526904e-02 1.18972391e-04 3.11317326e-04 2.56851382e-04
7.89741095e+01 5.67480549e-02 -3.63949318e-03 -5.57867113e-02 1.02117928e-04 3.48272699e-04 9.14433133e-05
8.16681548e+01 5.71413649e-02 -3.63190976e-03 -5.12954432e-02 2.01429960e-04 6.37013531e-05 1.99706775e-04
8.43716627e+01 5.19398567e-02 -1.73816997e-03 -6.06756547e-02 1.01708815e-04 2.25705662e-04 6.54152115e-05
8.70834970e+01 4.34945357e-02 2.07968520e-03 -5.80915028e-02 5.89454639e-05 7.42566976e-05 5.88639728e-05
8.97828017e+01 5.23111959e-02 4.56343699e-03 -6.65004077e-02 7.55624961e-05 2.50858066e-04 1.07889339e-04
9.24755705e+01 5.12529164e-02 4.41983564e-03 -5.43672973e-02 1.15100056e-04 3.01608345e-04 6.54840698e-05
9.51811970e+01 5.43009130e-02 4.51618917e-03 -5.63840606e-02 6.53381837e-05 3.61352647e-04 1.85249041e-04
9.78863845e+01 5.56964664e-02 6.56041083e-03 -5.78637235e-02 7.58217709e-05 5.10298122e-04 2.19982217e-04
1.00585839e+02 5.60638661e-02 1.54232456e-03 -5.74343710e-02 8.35041102e-05 2.47096647e-04 2.75492870e-04
1.03294527e+02 5.15835314e-02 7.60726578e-03 -5.90085733e-02 1.19456856e-04 3.42726407e-04 8.05512079e-05
1.06001652e+02 5.71859135e-02 5.10638074e-03 -5.75351789e-02 5.79680036e-05 2.23540742e-04 1.64738223e-04
1.08709183e+02 5.50731670e-02 6.23534141e-03 -6.05121103e-02 1.54058816e-04 2.32696061e-04 1.95607943e-04
1.11402058e+02 4.93540252e-02 7.97783365e-03 -6.75827554e-02 1.22317199e-04 8.03428059e-05 1.94837816e-04
1.14099449e+02 4.13944319e-02 7.96947785e-03 -7.23012946e-02 1.30692856e-04 1.90940588e-04 2.51935974e-05
1.16798667e+02 4.88052061e-02 7.07550931e-03 -7.01683324e-02 6.24919654e-05 1.90032568e-04 9.47977935e-05
1.19499902e+02 4.90677651e-02 9.18537802e-03 -7.01653336e-02 1.01828310e-04 6.71880436e-05 9.65412750e-05
1.22195058e+02 5.16581673e-02 6.96457528e-03 -6.18557900e-02 1.56710023e-05 8.25228691e-05 1.66936340e-04
1.24900464e+02 5.62080472e-02 -9.42652091e-04 -6.56338834e-02 1.34156485e-04 8.42099038e-05 6.16416900e-05
1.27603480e+02 6.22459226e-02 -5.26529953e-03 -5.80989311e-02 8.66602554e-05 1.67967364e-04 1.13915471e-04
1.30306089e+02 6.20705564e-02 -1.01218982e-02 -6.11601264e-02 1.76725116e-04 2.54907386e-04 9.74500081e-05
1.33007402e+02 5.86049122e-02 -6.01613910e-03 -6.06430340e-02 9.12773345e-05 2.75985735e-04 7.95105354e-05
1.35716620e+02 5.76624267e-02 -8.76074649e-03 -6.61204308e-02 7.50373561e-05 1.25386680e-04 8.22552877e-05
1.38414777e+02 5.96324218e-02 -3.01302530e-03 -6.36445880e-02 5.40899096e-05 5.14999096e-04 1.53055499e-04
1.41126324e+02 5.98843867e-02 -6.26072071e-03 -6.82767719e-02 2.47864954e-04 2.93929552e-04 8.18349373e-05
1.43829449e+02 5.97454934e-02 -4.91169893e-03 -6.49693354e-02 9.96418509e-05 6.18508314e-04 1.74203200e-04
1.46528495e+02 6.05886940e-02 -9.74300628e-04 -5.71668292e-02 1.14326851e-04 3.52759126e-04 1.31578459e-04
1.49229355e+02 7.04297254e-02 -1.19930227e-02 -5.22692795e-02 7.33849789e-05 1.96029804e-04 1.16872082e-04
1.51939714e+02 7.20664185e-02 5.26875543e-04 -4.11186083e-02 1.52639326e-04 4.05927765e-04 2.96667987e-05
1.54636433e+02 7.38356672e-02 1.75674130e-03 -3.50013635e-02 3.63883634e-05 2.18437823e-04 1.34097881e-04
1.57341214e+02 7.18786728e-02 1.13524445e-03 -2.69731462e-02 8.03001630e-05 3.03875354e-04 9.93982094e-05
1.60038839e+02 7.93778538e-02 7.67320771e-03 -2.52489912e-02 6.99740589e-05 2.98450041e-04 1.52498995e-04
1.62736480e+02 7.95681425e-02 4.97199487e-03 -2.77076741e-03 1.10357486e-04 1.70831944e-04 7.75393165e-05
1.65421761e+02 7.51403819e-02 -4.70881248e-04 1.43751955e-02 2.52350461e-04 2.06977859e-04 1.32695700e-04
1.68131324e+02 6.75178979e-02 7.89812995e-03 3.16666415e-02 1.82767726e-04 2.44648089e-04 1.95027723e-04
1.70839620e+02 6.74757988e-02 4.93525750e-03 4.06131669e-02 2.00210648e-04 2.85786151e-04 1.63103265e-04
1.73533245e+02 6.23352284e-02 4.74514693e-03 5.81676677e-02 1.27335445e-04 1.04153072e-04 1.41260861e-04
1.76229214e+02 6.20909346e-02 8.24245400e-03 5.36386457e-02 1.06913402e-04 1.04800324e-04 4.46635859e-05
1.78937339e+02 6.01491946e-02 5.14018389e-03 7.01758387e-02 9.89767776e-05 8.90962711e-05 2.29646570e-05
1.81627745e+02 6.13997992e-02 3.60203248e-03 6.39445144e-02 2.02772545e-05 6.46726155e-05 4.67756847e-05
1.84326027e+02 6.05110013e-02 2.40781952e-03 6.47229554e-02 9.61939443e-05 1.68434513e-04 1.08165071e-04
1.87039355e+02 6.01474819e-02 5.46257353e-03 6.50392213e-02 8.77703233e-05 1.33151627e-04 6.03784148e-05
1.89728292e+02 4.73850329e-02 2.17124244e-03 6.18849535e-02 5.03564139e-05 2.42528260e-04 1.13248678e-04
1.92426058e+02 5.14822626e-02 -4.77060610e-03 6.13935611e-02 2.55745870e-04 1.23965903e-04 1.83602421e-04
1.95131261e+02 5.78821435e-02 -3.31188443e-03 6.30160825e-02 1.14415262e-04 9.27996166e-05 7.46846228e-05
1.97832652e+02 6.39137760e-02 4.63156565e-03 6.76075260e-02 1.65306222e-04 7.20877268e-05 1.01975715e-04
2.00535277e+02 6.13141114e-02 3.84770525e-04 5.84337495e-02 4.02415811e-05 1.47623320e-04 1.69463834e-04
2.03232214e+02 6.34881953e-02 1.79574757e-03 6.28252973e-02 6.42625967e-05 2.14117025e-04 1.12000573e-04
2.05927261e+02 6.29014626e-02 4.05764856e-03 5.68642729e-02 1.26337579e-04 2.77918457e-04 7.46833175e-05
2.08629886e+02 6.92945283e-02 7.97042922e-03 6.23853007e-02 2.58735230e-05 3.28144576e-04 9.90226670e-05
2.11330152e+02 5.83873403e-02 9.16093248e-03 6.89814749e-02 8.70223560e-05 1.16723141e-04 4.87392990e-05
2.14040058e+02 5.99962519e-02 2.27955346e-03 5.87408139e-02 1.92129593e-04 3.19362947e-04 6.30419716e-05
2.16742980e+02 6.02192771e-02 4.84991140e-03 5.55638120e-02 1.35283548e-04 3.49632486e-04 1.77973927e-04
2.19445824e+02 6.03873734e-02 2.03431460e-03 4.58025061e-02 1.46279078e-04 2.74562080e-04 4.59720901e-05
2.22143230e+02 6.50409214e-02 3.96949586e-03 5.71505122e-02 9.26065178e-05 4.94584304e-04 1.24031511e-04
2.24842277e+02 5.98206176e-02 -2.26429963e-03 5.85790296e-02 1.30959730e-04 1.73186385e-04 1.66847816e-04
2.27540214e+02 5.55925367e-02 3.82853117e-03 5.97180202e-02 1.34462362e-04 1.91117916e-04 7.52503956e-05
2.30252339e+02 5.89833570e-02 1.10594498e-02 6.54332860e-02 1.29743448e-05 3.42544395e-04 1.58325794e-04
2.32964542e+02 6.55967780e-02 6.22551422e-03 6.43752468e-02 7.63702725e-05 4.02256513e-04 2.08906064e-04
2.35661777e+02 6.42340270e-02 8.62304840e-03 6.94428044e-02 2.08565328e-04 1.47517469e-04 5.57711193e-05
2.38355120e+02 5.41048755e-02 7.44787881e-03 7.12970729e-02 1.21514611e-04 3.51824929e-04 1.73453638e-04
2.41068089e+02 3.68445263e-02 5.68462168e-03 7.07862849e-02 3.09330422e-04 4.24421491e-04 8.50183919e-05
2.43773089e+02 4.53693249e-02 -3.19659124e-03 6.45228191e-02 7.56828030e-05 1.81575830e-04 1.23739196e-04
2.46480042e+02 5.70167953e-02 -9.27573756e-04 5.89634241e-02 5.60615612e-05 1.31945222e-04 1.26274425e-04
2.49190292e+02 6.44904630e-02 -4.19402057e-04 6.64397628e-02 1.80149024e-04 1.45600521e-04 8.21763057e-05
2.51892683e+02 6.10136242e-02 4.89890317e-03 6.54655062e-02 1.43186611e-04 1.31549458e-04 2.51942189e-04
2.54595417e+02 6.28717827e-02 7.32606757e-03 6.37397255e-02 1.44256466e-04 6.59881843e-05 1.02298256e-04
2.57296683e+02 6.58890853e-02 5.50147141e-03 5.42761097e-02 1.27502959e-04 1.27563569e-04 6.99332308e-05
2.60005839e+02 6.73224178e-02 4.93268523e-03 4.81442330e-02 6.69599451e-05 8.87738800e-05 3.75278127e-05
2.62703683e+02 6.62683098e-02 8.11626132e-04 4.67437594e-02 1.39693417e-04 2.31452217e-04 7.45077636e-05
2.65390152e+02 6.18549014e-02 4.90702197e-03 4.09355023e-02 1.93557745e-04 1.43411508e-04 1.05458509e-04
2.68078977e+02 6.77928061e-02 1.01693123e-03 3.93983646e-02 8.48698156e-05 1.84832983e-04 4.48842675e-05
