6.97673309e-01 6.98597025e-02 -3.75728470e-03 4.60629235e-02 1.74045133e-04 3.07785553e-04 1.77651850e-04
3.39125490e+00 7.24498487e-02 3.08184447e-03 4.76047984e-02 7.80714293e-05 1.36546333e-04 3.59434975e-05
6.09931349e+00 7.83283241e-02 3.44794033e-03 4.30967693e-02 1.23876151e-04 1.02733498e-04 2.77723304e-04
8.78716567e+00 7.49681286e-02 8.27774609e-03 3.67789020e-02 8.00476465e-05 3.20141494e-04 5.29970592e-05
1.14822775e+01 8.42036423e-02 2.85161210e-03 1.56168731e-02 2.24279487e-05 9.54127963e-05 5.88368328e-05
1.41767510e+01 8.55831121e-02 1.01281256e-02 -1.21127608e-02 8.22802017e-05 1.89685661e-04 1.15302594e-04
1.68697838e+01 8.39198325e-02 4.34180305e-03 -3.41514206e-02 7.02289627e-05 3.30727659e-04 7.78629782e-05
1.95689416e+01 7.84716433e-02 9.35277477e-03 -4.09333525e-02 1.30817611e-04 1.48460636e-04 1.23986316e-04
2.22638869e+01 6.55578118e-02 1.44148634e-02 -4.03344178e-02 1.91202069e-04 1.39710121e-04 1.90662221e-04
2.49654166e+01 7.14768456e-02 2.45499736e-02 -3.57787826e-02 1.54746230e-05 4.01494337e-04 5.24785115e-05
2.76677963e+01 7.30139978e-02 1.44960981e-02 -4.04797624e-02 2.90066766e-05 2.37521274e-04 7.48696553e-05
3.03598432e+01 6.97193776e-02 1.05385055e-02 -5.85562116e-02 1.17464750e-04 1.91861772e-04 1.10089177e-04
3.30595494e+01 6.03727479e-02 1.14425542e-02 -5.65422149e-02 3.29056870e-04 8.53413682e-05 1.86504118e-04
3.57713369e+01 5.99033542e-02 8.22229861e-03 -6.44333279e-02 1.65206823e-04 1.15877253e-04 2.72005001e-04
3.84701963e+01 5.91508330e-02 1.25379773e-03 -6.07045746e-02 2.91410856e-04 2.01545106e-04 2.90231378e-05
4.11693822e+01 5.39547610e-02 1.29699910e-03 -6.14591742e-02 1.32908470e-04 1.39262370e-04 2.08464640e-04
4.38645619e+01 5.45324387e-02 3.19903426e-03 -6.42983338e-02 1.04623964e-04 4.53698027e-04 6.52756037e-05
4.65731432e+01 4.95157307e-02 1.45852418e-03 -5.78624800e-02 8.81033170e-05 1.52426430e-04 1.18819699e-04
4.92710416e+01 5.94857845e-02 7.45450059e-03 -5.75224825e-02 2.46935840e-04 3.03225466e-04 9.79501036e-05
5.19651026e+01 5.52027882e-02 2.40907104e-04 -5.56235958e-02 8.79780467e-05 1.51196732e-04 2.50110976e-04
5.46707838e+01 6.91843751e-02 1.73630765e-03 -5.46792398e-02 7.58616536e-05 2.63313215e-04 2.24391417e-04
5.73692463e+01 6.48412363e-02 -3.25426005e-03 -6.36291513e-02 7.69513217e-05 6.28055702e-05 9.60704583e-05
6.00670057e+01 5.93919368e-02 3.62109119e-03 -5.33338407e-02 8.42320376e-05 9.88606646e-05 1.61387535e-04
6.27650651e+01 5.20485476e-02 2.63720541e-03 -5.79167895e-02 2.11568811e-04 8.65463926e-05 8.69218067e-05
6.54677588e+01 5.70393429e-02 -5.64012863e-04 -6.28261384e-02 2.21828454e-04 2.51082954e-04 1.19744212e-04
6.81595807e+01 5.63974803e-02 -6.22697658e-04 -5.24548898e-02 2.11830741e-04 2.69356596e-04 3.95319922e-04
7.08611885e+01 5.99285951e-02 -3.43921637e-04 -5.48177980e-02 1.99052409e-04 2.71466412e-04 1.00253945e-04
7.35741994e+01 6.42445246e-02 -1.27711505e-03 -6.70082248e-02 1.19181249e-04 2.47116172e-04 6.10157676e-05
7.62644744e+01 5.89020592e-02 -1.22382232e-03 -6.41421895e-02 5.46052970e-05 4.56510663e-04 1.34282155e-04
7.89583072e+01 5.54451626e-02 -1.07895618e-03 -6.08547189e-02 2.21784026e-04 1.70652861e-04 1.48063167e-05
8.16500807e+01 5.26201532e-02 -3.65999985e-03 -5.72072002e-02 1.25941973e-04 4.23889308e-05 1.15581724e-04
8.43616369e+01 5.13875714e-02 1.87283151e-03 -6.07169830e-02 7.70759443e-05 1.01449762e-04 4.77480433e-05
8.70640229e+01 4.68084756e-02 6.99075119e-03 -6.35905110e-02 1.12938814e-04 2.05268439e-04 7.15342494e-05
8.97620869e+01 4.91234720e-02 8.87420075e-03 -5.75507206e-02 8.65068180e-05 2.85905210e-04 1.29681280e-04
9.24743916e+01 5.24205782e-02 9.04444584e-03 -6.07644228e-02 4.88211511e-05 4.78700939e-04 1.29510056e-04
9.51777354e+01 6.27456441e-02 4.33120177e-03 -5.22662672e-02 1.79359294e-04 4.36062015e-04 8.64730312e-05
9.78727010e+01 5.87507659e-02 7.80751741e-03 -5.23011810e-02 1.45291709e-04 3.08851857e-04 5.83672090e-05
1.00569412e+02 5.47564025e-02 1.06037194e-03 -5.46052662e-02 1.03836785e-04 2.33596703e-04 2.01417175e-04
1.03279818e+02 5.87715438e-02 7.52281299e-03 -5.96219282e-02 1.01225616e-04 4.80401989e-04 9.66457003e-05
1.05980631e+02 6.09361782e-02 5.80345247e-03 -5.88327927e-02 4.50329875e-05 2.25072656e-04 1.93216803e-04
1.08685131e+02 5.77617768e-02 1.68111504e-02 -6.50128923e-02 1.13577618e-04 1.82776637e-04 1.99509877e-04
1.11388584e+02 4.67694965e-02 9.96634679e-03 -6.52654753e-02 1.46380298e-04 2.34108153e-04 8.35874905e-05
1.14085990e+02 4.54771346e-02 1.71584339e-02 -7.15502989e-02 1.65879307e-04 2.30406437e-04 8.24309367e-05
1.16780178e+02 5.12703861e-02 7.91816836e-03 -7.17211948e-02 9.57896359e-05 2.00065935e-04 2.55653455e-05
1.19480193e+02 4.54472377e-02 2.94731170e-03 -6.26374908e-02 3.74467805e-05 1.11157499e-04 8.28116297e-05
1.22182428e+02 5.19225132e-02 2.68749468e-03 -6.72829840e-02 6.71804554e-05 2.11441135e-04 2.25533044e-04
1.24882990e+02 5.75761894e-02 -4.15058795e-04 -6.59799554e-02 1.26558679e-04 3.77323410e-04 3.52715031e-05
1.27598287e+02 5.69696352e-02 -5.33185578e-03 -5.90306359e-02 6.50279253e-05 5.02136910e-05 8.60381106e-05
1.30305053e+02 5.87109691e-02 -1.42794234e-05 -6.11151843e-02 1.77494150e-04 8.95953469e-05 2.64206127e-04
1.33005099e+02 6.50686353e-02 -1.02264183e-02 -6.46931550e-02 1.84903724e-04 2.76720357e-04 7.56731435e-05
1.35706053e+02 6.32656313e-02 -1.67965320e-02 -6.36832946e-02 4.74982340e-05 2.57409206e-04 2.21681588e-04
1.38405912e+02 5.80267286e-02 -7.50383181e-03 -6.34784952e-02 1.63065882e-04 2.74996252e-04 1.64790223e-04
1.41108693e+02 5.86578820e-02 -8.02901251e-03 -6.02401034e-02 1.93200047e-04 1.69357079e-04 1.32304079e-04
1.43806303e+02 5.97136047e-02 -2.17903426e-03 -6.30863934e-02 7.76124670e-05 3.04704587e-04 1.18650407e-04
1.46508646e+02 6.26655489e-02 -2.43257516e-03 -5.72951366e-02 1.57797696e-05 1.19789241e-04 1.72314258e-04
1.49214506e+02 6.80649544e-02 -1.37886480e-02 -4.83958757e-02 8.39277462e-05 3.62406493e-04 1.21363033e-04
1.51915506e+02 7.08796597e-02 -5.12665439e-03 -3.82785537e-02 8.96797471e-05 2.73690099e-04 5.91160523e-05
1.54620959e+02 6.80157971e-02 4.47713983e-03 -3.71014605e-02 7.47343861e-05 2.56878209e-04 1.19787640e-04
1.57320818e+02 7.27857220e-02 1.16648719e-03 -2.87034329e-02 1.26793165e-04 2.26967024e-04 1.84875296e-04
1.60012740e+02 7.98717186e-02 5.78045850e-03 -2.36390208e-02 1.32145749e-04 1.23285105e-04 1.24601345e-04
1.62710021e+02 8.79557080e-02 -8.92485012e-04 -1.57694686e-02 4.86859533e-05 1.32649944e-04 1.28371377e-04
1.65406256e+02 8.12016201e-02 -1.91961248e-03 6.69641095e-03 2.66250813e-05 2.78457492e-04 1.93385222e-04
1.68108428e+02 7.20817651e-02 3.45131120e-03 2.65173176e-02 2.12469643e-04 2.28234079e-04 1.84777370e-04
1.70815724e+02 6.48504547e-02 9.27969575e-04 3.49385909e-02 3.13722802e-05 3.60481478e-04 3.91375054e-04
1.73509740e+02 6.85331581e-02 3.58643514e-03 5.33517707e-02 2.97289252e-05 2.28768517e-04 1.66311462e-04
1.76216162e+02 6.54154435e-02 6.94002282e-03 5.88795616e-02 3.15293105e-05 1.98762910e-04 1.80966757e-05
1.78904615e+02 6.17064887e-02 9.27419808e-03 6.82482192e-02 1.43419073e-04 5.80428563e-05 1.42843782e-04
1.81607912e+02 6.51353277e-02 7.24700071e-03 7.05625443e-02 1.11246054e-04 8.78621353e-05 3.14554356e-05
1.84311881e+02 6.06094972e-02 -1.13960104e-02 6.83902081e-02 6.47029359e-05 1.49409365e-04 1.37750148e-04
1.87001943e+02 6.54498425e-02 -5.75833433e-04 6.35713896e-02 1.13378941e-04 1.47683181e-04 1.32883010e-04
1.89710178e+02 5.52313646e-02 4.06993624e-03 6.08538638e-02 1.55481190e-04 7.93991973e-05 8.17492851e-05
1.92407084e+02 5.33588155e-02 -3.57979170e-03 5.83250319e-02 1.40686126e-04 3.22148897e-04 4.79126446e-05
1.95117256e+02 5.62868902e-02 2.40183886e-03 6.54620400e-02 6.96065949e-05 8.36199008e-05 1.13948083e-04
1.97808506e+02 6.09419541e-02 3.02386827e-03 6.23408756e-02 5.36963396e-05 8.04109232e-05 1.73152129e-04
2.00508256e+02 6.06764677e-02 -8.97545440e-05 5.37024136e-02 4.42161104e-05 1.27400160e-04 1.24115963e-04
2.03204568e+02 6.35916283e-02 2.33035268e-03 5.89915420e-02 1.40717542e-05 3.34321961e-04 1.54208737e-04
2.05904334e+02 6.31083750e-02 -3.89394270e-03 5.94204445e-02 5.28382650e-05 4.67466655e-04 1.69100126e-04
2.08604959e+02 6.38768827e-02 2.69204219e-03 6.56908052e-02 3.84113133e-05 1.88238995e-04 9.65940428e-05
2.11301787e+02 6.13347863e-02 1.23871972e-02 6.31068724e-02 1.48421791e-04 2.04926983e-04 3.01059783e-05
2.14010521e+02 5.20511043e-02 1.03114957e-02 6.06069064e-02 3.99075637e-05 3.98330212e-04 1.34036829e-04
2.16723178e+02 5.97938399e-02 4.92755870e-04 5.20473593e-02 1.19282896e-04 2.62607047e-04 6.07807732e-05
2.19419209e+02 6.10031276e-02 3.15171740e-03 5.18191864e-02 7.58852579e-05 1.91810408e-04 8.71897197e-05
2.22114990e+02 6.28619230e-02 3.13990471e-03 5.47648842e-02 7.17098552e-05 5.09485798e-04 8.85662317e-05
2.24808771e+02 6.72872310e-02 6.28577235e-03 5.89673249e-02 9.92065201e-05 2.13952184e-04 9.69426442e-05
2.27516428e+02 5.84887853e-02 -1.33159114e-03 5.64133236e-02 6.33950952e-05 2.78392955e-04 1.96198350e-04
2.30222381e+02 6.04204786e-02 1.49387279e-02 6.53562000e-02 1.89677706e-05 2.03047335e-04 9.95554082e-05
2.32922599e+02 6.44208357e-02 9.52534120e-03 7.17070855e-02 9.55818999e-05 1.72340824e-04 1.58923062e-04
2.35631537e+02 6.66860882e-02 8.94810067e-03 7.22070405e-02 6.56634941e-05 3.08937040e-04 6.53956680e-05
2.38338396e+02 5.45042942e-02 1.02030218e-02 6.27409058e-02 7.50801828e-05 1.31237546e-04 8.25572373e-05
2.41040381e+02 4.15626726e-02 -3.55299766e-03 6.77252505e-02 1.94222997e-04 3.45156573e-04 4.30431033e-05
2.43739881e+02 4.31115613e-02 4.48879069e-03 6.58907728e-02 9.40660315e-05 2.04896491e-04 8.66666472e-05
2.46449896e+02 5.10730508e-02 -4.03018157e-03 6.59873427e-02 7.15443599e-05 3.06523442e-04 5.97047995e-05
2.49170943e+02 6.39138257e-02 4.64842128e-03 5.99044533e-02 1.39962629e-04 1.15100497e-04 1.11871346e-04
2.51867459e+02 5.99534389e-02 1.46530933e-04 5.94663521e-02 3.45243522e-05 1.96881436e-04 2.32946041e-04
2.54565193e+02 6.36512150e-02 -9.96670515e-04 6.49580579e-02 1.03907145e-04 1.76306276e-04 1.23696119e-04
2.57260240e+02 6.25374875e-02 5.95585374e-03 6.02659971e-02 8.60429437e-05 2.64676792e-04 2.36729013e-04
2.59960209e+02 6.00768254e-02 2.50366691e-03 5.35437171e-02 2.52476478e-04 2.00930616e-04 9.02493678e-05
2.62666131e+02 6.34910787e-02 8.05961588e-04 4.97435211e-02 7.69076318e-05 1.61382085e-04 8.32187574e-05
2.65355568e+02 6.49166320e-02 1.80865239e-03 4.46262303e-02 5.01721534e-05 1.18933351e-04 1.39219182e-04
2.68048553e+02 6.68194728e-02 -1.18584343e-03 4.54691871e-02 6.58718515e-05 1.83313627e-04 5.10614428e-05
