7.09172028e-01 6.85968035e-02 4.60997626e-04 5.53188788e-02 7.77971597e-05 2.46154602e-04 1.44812145e-04
3.41073073e+00 6.93290755e-02 1.59996738e-03 4.58626380e-02 5.36480239e-05 3.27889692e-04 1.86919074e-04
6.09371573e+00 7.89710024e-02 -4.24476011e-03 3.67913458e-02 1.33599367e-04 2.86300847e-04 8.10328694e-05
8.79095697e+00 7.86176121e-02 7.29310422e-03 3.92731506e-02 6.82618998e-05 3.26567892e-04 3.13455729e-04
1.14831034e+01 7.81357715e-02 3.27773319e-03 3.83826069e-02 1.64211868e-04 6.24003560e-04 5.49545545e-05
1.41761112e+01 8.21295545e-02 -2.00685035e-03 3.47793737e-02 8.69793505e-05 3.40031428e-04 1.23564295e-04
1.68680862e+01 8.04628832e-02 1.01233783e-02 1.37137358e-02 3.03135357e-05 6.24860777e-04 2.14834797e-04
1.95567409e+01 7.79215262e-02 8.21548842e-03 -1.24486512e-02 1.67946871e-04 3.05796164e-04 9.63435698e-05
2.22549503e+01 6.93871034e-02 -2.88163369e-03 -3.62215942e-02 1.51237245e-04 2.66449082e-04 2.02815555e-04
2.49610456e+01 6.00851882e-02 5.24897247e-03 -5.39337692e-02 6.22545562e-05 6.19081685e-05 5.09785389e-05
2.76576940e+01 5.88232031e-02 3.30315855e-03 -6.38174967e-02 1.26171338e-04 1.66037766e-04 1.77854210e-04
3.03613143e+01 4.16805632e-02 -3.44266152e-03 -7.05301369e-02 1.86810770e-04 4.98060194e-04 4.63803657e-05
3.30664096e+01 4.03302577e-02 -4.46831030e-03 -7.32568476e-02 2.00049778e-04 5.91601264e-04 7.45940275e-05
3.57592909e+01 4.61470130e-02 -4.66432085e-04 -7.06282955e-02 2.50555795e-05 4.73240814e-04 8.23794764e-05
3.84620174e+01 5.37187137e-02 3.11711028e-03 -7.03646126e-02 9.83454485e-05 2.36225315e-04 7.15319617e-05
4.11657878e+01 4.89278901e-02 -2.28849270e-03 -6.60426961e-02 1.38668644e-04 1.30351608e-04 8.04565844e-05
4.38703831e+01 5.33307190e-02 -5.24168301e-03 -6.23365430e-02 2.35386734e-05 3.41849063e-04 9.38246758e-05
4.65588315e+01 5.06140928e-02 -5.34966346e-03 -5.78340728e-02 1.88588418e-04 6.93557831e-04 8.26846735e-05
4.92750518e+01 5.24819793e-02 -1.90284250e-03 -5.39954913e-02 6.76232646e-05 2.44271664e-04 1.11231737e-04
5.19734221e+01 4.92219461e-02 -8.01050168e-03 -5.43893338e-02 6.58858011e-05 1.63847135e-04 3.17379053e-05
5.46727893e+01 5.57947746e-02 -2.81037266e-03 -6.30291859e-02 3.44063024e-05 3.84941910e-05 1.65366223e-04
5.73713315e+01 6.23181550e-02 -9.39725685e-04 -5.73003909e-02 9.86816286e-05 1.67642021e-04 1.53337233e-04
6.00743987e+01 6.08532016e-02 3.84788233e-03 -5.33796750e-02 1.09576347e-04 3.12814098e-04 1.73341427e-04
6.27711721e+01 5.71190680e-02 5.90168312e-03 -7.03069096e-02 1.01135304e-04 2.35656198e-04 1.34998028e-04
6.54645581e+01 6.03876613e-02 -2.06630232e-03 -6.86527188e-02 7.57481118e-05 9.83335656e-05 1.50933366e-04
6.81752065e+01 6.64385647e-02 2.82142216e-03 -5.67650336e-02 3.03000445e-05 1.87841570e-04 8.50163584e-05
7.08798424e+01 6.01245572e-02 1.11582066e-03 -5.27016416e-02 2.25717349e-04 2.18049271e-04 2.02652622e-04
7.35746596e+01 6.32497699e-02 4.21766589e-04 -4.77189851e-02 9.69685637e-05 7.71606692e-05 2.67560125e-04
7.62759237e+01 6.71150321e-02 4.07954536e-04 -6.22882951e-02 7.94840246e-05 2.02027331e-04 8.27290899e-05
7.89701924e+01 6.27683294e-02 -6.52278729e-03 -6.45165999e-02 1.22691229e-04 2.04651418e-04 7.86235534e-05
8.16720878e+01 6.25343783e-02 -9.62094633e-03 -5.63375239e-02 7.44237803e-05 1.01311178e-04 8.46191294e-05
8.43730815e+01 6.78450003e-02 -1.97453758e-03 -5.88575823e-02 8.54745527e-05 1.12198804e-04 2.21832287e-04
8.70788440e+01 6.10484240e-02 -3.41037290e-03 -5.91548877e-02 1.57938167e-04 3.10217695e-04 1.14579491e-04
8.97878440e+01 5.89041186e-02 -3.85328394e-03 -5.98907709e-02 8.57687076e-05 1.35280194e-04 8.71050511e-05
9.24833893e+01 5.08666361e-02 -7.98339522e-03 -6.71640700e-02 5.08860975e-05 1.33219395e-04 5.66999927e-05
9.51835378e+01 4.67180029e-02 -9.55159931e-03 -6.59299237e-02 1.96436230e-04 2.53333282e-04 8.48928942e-06
9.78760174e+01 5.67433330e-02 2.88143063e-03 -7.03809513e-02 9.40173785e-05 1.27355899e-04 7.09249390e-05
1.00574307e+02 4.75709948e-02 -1.25557883e-02 -7.36221479e-02 2.30330993e-04 3.12091378e-04 1.01304924e-04
1.03271103e+02 4.31166766e-02 -4.02294928e-03 -7.11916733e-02 1.57043688e-04 2.06230594e-04 7.39387755e-05
1.05970369e+02 5.23375123e-02 -8.35199254e-03 -6.56369055e-02 7.62446078e-05 1.16481720e-04 2.04978620e-04
1.08673369e+02 5.23907396e-02 -9.31611339e-03 -6.50593125e-02 8.78568881e-05 6.44331947e-05 9.91979419e-05
1.11376760e+02 5.54667223e-02 -1.26767702e-02 -6.33154335e-02 1.30195520e-04 3.26836170e-04 1.17843417e-04
1.14074713e+02 6.34853525e-02 -1.10394332e-02 -6.27697406e-02 1.76844861e-04 1.17271967e-04 1.12391767e-04
1.16773510e+02 6.16298415e-02 -1.78298614e-02 -5.93043419e-02 8.15805524e-05 1.08804033e-04 7.78431763e-05
1.19481072e+02 5.28054431e-02 -1.69098530e-02 -5.46184086e-02 1.42360825e-04 1.22438180e-04 9.55154762e-05
1.22190666e+02 6.11737993e-02 -1.16972425e-02 -6.06214391e-02 6.65532998e-05 4.81378485e-05 1.24485030e-04
1.24892025e+02 6.05615642e-02 -3.47569873e-03 -5.34742019e-02 1.14817262e-04 1.64418086e-04 1.67667183e-04
1.27593041e+02 5.75394928e-02 3.75542711e-03 -6.45653600e-02 1.41533010e-04 2.94704000e-04 1.77209964e-04
1.30291728e+02 5.48054819e-02 1.63354822e-02 -5.58808371e-02 1.64168054e-05 5.02421129e-04 9.14527460e-05
1.32989447e+02 4.95763323e-02 9.86577066e-03 -6.23775100e-02 1.09207912e-04 7.35122864e-04 7.19762360e-05
1.35696775e+02 5.16121886e-02 8.23428544e-03 -6.75582390e-02 7.63698364e-05 3.89874781e-04 1.68937894e-04
1.38404838e+02 5.28889204e-02 1.05843138e-02 -6.64586241e-02 6.82577270e-05 3.28701086e-04 1.23523835e-04
1.41107244e+02 4.71451754e-02 6.10245058e-03 -5.52240570e-02 8.68354031e-05 2.12652954e-04 1.07255805e-04
1.43829635e+02 5.48715868e-02 1.39503739e-02 -5.01608130e-02 1.49349047e-04 3.21671326e-04 1.20678289e-04
1.46525025e+02 5.68984720e-02 1.05724973e-02 -5.67013784e-02 1.11120090e-04 1.08492721e-04 5.30264095e-05
1.49222307e+02 5.71504378e-02 7.61088726e-03 -5.00597416e-02 1.98506036e-04 3.20973945e-04 6.97497047e-05
1.51935041e+02 5.93897471e-02 1.57973072e-03 -6.06844845e-02 9.95540371e-05 1.88798967e-04 8.47864278e-05
1.54633728e+02 5.58320454e-02 9.63536810e-03 -4.20848312e-02 1.65321792e-04 2.00592912e-04 2.49119549e-04
1.57332525e+02 6.37432255e-02 6.00059490e-03 -2.91630105e-02 2.82765266e-05 2.25120231e-04 1.32505447e-04
1.60028650e+02 7.19244423e-02 1.12508290e-02 -1.36578901e-02 1.58828424e-04 1.19309612e-04 7.42312542e-05
1.62715041e+02 7.34230284e-02 3.02632102e-03 9.11776793e-03 1.00970800e-04 2.55215844e-04 1.54236301e-04
1.65413994e+02 6.89611082e-02 6.39275524e-03 3.83567952e-02 4.63341407e-05 1.76909054e-04 1.19150554e-04
1.68120635e+02 6.64056830e-02 2.50523989e-03 4.38597997e-02 8.11373089e-05 6.46754197e-05 1.94794506e-04
1.70820963e+02 6.62802424e-02 7.75427574e-03 5.08301588e-02 1.34359012e-04 1.64138689e-04 1.88535110e-04
1.73533166e+02 7.50902999e-02 9.46805028e-03 4.21638477e-02 1.20226712e-04 2.71581479e-04 1.05332795e-04
1.76232885e+02 7.17620246e-02 6.46768884e-03 4.84871750e-02 6.02425818e-05 4.43714300e-04 1.07411030e-04
1.78917103e+02 7.02853732e-02 1.41302458e-02 5.32415121e-02 8.96961757e-05 3.75096330e-04 1.62393614e-04
1.81620916e+02 5.88582838e-02 8.81917147e-03 6.24062919e-02 1.41155220e-04 5.70633966e-04 1.86968746e-04
1.84310791e+02 6.12654863e-02 -4.32857888e-03 6.37262589e-02 1.47441319e-04 2.90245281e-04 7.32012582e-05
1.87014463e+02 6.15626484e-02 7.73242756e-03 6.31807514e-02 2.18219584e-04 1.59874321e-04 1.15630184e-04
1.89710682e+02 5.88368113e-02 2.19158007e-03 5.89241172e-02 1.58458459e-04 3.15687849e-04 1.98720203e-04
1.92402010e+02 5.44360305e-02 9.79128953e-03 5.72788876e-02 2.04220792e-04 2.86151047e-04 9.27181158e-05
1.95099322e+02 5.43283766e-02 5.94765898e-03 5.91632963e-02 1.15071985e-04 3.05732676e-04 9.88579719e-05
1.97803791e+02 5.06749583e-02 4.10067421e-03 5.59111405e-02 1.84909918e-04 3.72348683e-04 9.85624241e-05
2.00503385e+02 5.85830655e-02 1.72478499e-03 5.92350954e-02 2.13722694e-04 1.10248855e-04 2.63653401e-05
2.03205916e+02 5.69277446e-02 -6.99545441e-03 6.13872825e-02 1.86264601e-04 2.36244725e-04 6.90028988e-05
2.05902978e+02 5.67349910e-02 2.76953086e-03 6.05325852e-02 1.28147581e-04 8.52876384e-05 1.95130365e-04
2.08596635e+02 5.79529887e-02 3.33519195e-03 5.78878735e-02 6.05750441e-05 8.87877955e-05 9.29128063e-05
2.11297338e+02 5.50104457e-02 4.53675015e-03 5.38481425e-02 7.69247758e-05 1.22049952e-04 6.40358683e-05
2.13999150e+02 5.54932435e-02 -1.88873774e-03 5.64886961e-02 1.89359271e-04 3.20151152e-04 7.51018740e-05
2.16704697e+02 5.34866815e-02 -5.40053449e-03 5.93373118e-02 6.40100329e-05 2.20924836e-04 1.46869732e-04
2.19411182e+02 4.99792473e-02 -5.73177576e-03 6.73911646e-02 2.04104458e-04 1.37284551e-04 1.48360542e-04
2.22119900e+02 5.90772882e-02 -7.89876373e-04 6.40892683e-02 6.57273760e-05 2.45664645e-04 1.69922625e-04
2.24823916e+02 5.85679235e-02 -7.47031743e-03 6.03729123e-02 6.85034547e-05 3.30434521e-04 1.38119854e-04
2.27527182e+02 6.26459219e-02 -1.14301711e-03 6.05325396e-02 3.29438574e-05 2.97664919e-04 1.63272735e-04
2.30234119e+02 6.02289338e-02 -2.76847954e-03 6.70384543e-02 1.08239672e-04 5.43562186e-04 1.31975075e-04
2.32940822e+02 5.50555658e-02 -8.86231880e-03 6.61227063e-02 1.41409940e-04 3.44055394e-04 9.42507990e-05
2.35634588e+02 5.14831882e-02 -6.02378177e-03 6.20207860e-02 9.00083430e-05 4.53640430e-04 4.76597086e-05
2.38330010e+02 5.06288003e-02 -1.05521944e-02 5.99307147e-02 2.89699962e-04 1.82622624e-04 7.17288073e-05
2.41031635e+02 5.36963325e-02 3.68367666e-03 5.78252792e-02 1.53470420e-04 1.36966997e-04 8.14396268e-05
2.43735807e+02 5.62814804e-02 2.05524967e-03 5.93490414e-02 9.09879942e-05 9.02450888e-05 2.36920092e-04
2.46449932e+02 4.45119045e-02 1.11440868e-02 6.69168350e-02 1.41593350e-04 1.29141054e-04 3.02906633e-04
2.49149494e+02 4.48839380e-02 5.96580247e-03 6.34903796e-02 1.47637429e-04 1.65317115e-04 2.46449723e-05
2.51860900e+02 5.09525395e-02 5.03451693e-04 6.15426179e-02 2.07605696e-05 9.05703830e-05 2.77884735e-04
2.54564947e+02 5.86578813e-02 -1.16623750e-03 5.45353429e-02 2.66236473e-04 3.34806115e-04 1.84469789e-04
2.57269369e+02 6.12136769e-02 1.31246556e-03 6.05740793e-02 9.52483179e-05 1.19063780e-04 1.07551155e-04
2.59960197e+02 6.28135959e-02 6.42770736e-03 6.13321283e-02 1.23135039e-04 5.85107861e-04 9.06465155e-05
2.62662119e+02 6.16420050e-02 2.34050347e-03 5.73166602e-02 1.06831523e-04 8.33078202e-04 4.30018116e-05
2.65358697e+02 6.06505446e-02 9.16987451e-03 5.53698502e-02 1.45911739e-04 3.21000742e-04 2.91667462e-04
2.68061686e+02 6.87968675e-02 5.68850981e-03 5.93269021e-02 1.46087136e-04 1.89323835e-04 1.89421564e-04
