6.81090446e-01 6.15106041e-02 2.72486630e-04 5.46296845e-02 9.71790931e-05 1.41494370e-04 1.69629998e-04
3.37897265e+00 6.20559559e-02 -9.74635775e-05 5.89329984e-02 1.72424015e-04 2.05988899e-04 9.44703660e-05
6.08509265e+00 6.25933258e-02 -6.00849708e-03 6.69922152e-02 1.00494295e-04 1.82861275e-04 5.22408077e-05
8.79113889e+00 5.72946570e-02 3.96801770e-03 6.35584188e-02 2.51931920e-04 4.52847672e-04 1.66119877e-04
1.14943003e+01 5.70728224e-02 -4.46605584e-03 6.13195299e-02 1.00302244e-04 4.29570390e-04 1.32115252e-04
1.41950472e+01 5.76315010e-02 -1.01854855e-02 4.88568744e-02 8.30116584e-05 9.66508849e-04 6.30093234e-05
1.69004284e+01 7.14391633e-02 -6.90310099e-03 3.48592384e-02 8.74349342e-05 1.43782789e-04 9.62256053e-05
1.95928862e+01 7.27054598e-02 -4.28737958e-03 2.95847514e-02 1.16791697e-04 5.00217302e-04 8.73609124e-05
2.22943519e+01 8.06502697e-02 -1.42736498e-02 1.06233608e-02 1.05025774e-04 4.92157134e-04 1.47000952e-04
2.49856628e+01 8.20760261e-02 2.90688970e-03 -7.87651113e-03 4.53469157e-05 5.53808812e-04 2.66678051e-04
2.76981831e+01 7.56519776e-02 1.56991301e-02 -3.19922286e-02 1.06886478e-04 5.01632440e-04 2.32612709e-04
3.03855081e+01 6.95978501e-02 1.69866984e-02 -3.88773512e-02 1.61601821e-04 1.73633561e-04 6.25720024e-05
3.30831331e+01 6.55415875e-02 1.37606942e-02 -4.28340407e-02 8.09685271e-05 5.76804702e-04 2.23084091e-04
3.57757706e+01 6.55379205e-02 2.08921856e-02 -4.66738545e-02 1.45746116e-04 5.47374708e-04 9.83158110e-05
3.84800784e+01 6.80310480e-02 7.13223354e-03 -4.41444867e-02 8.71088055e-05 3.87636723e-04 1.21141656e-04
4.11746784e+01 6.36257337e-02 9.47244694e-03 -4.93039630e-02 1.61490050e-04 4.10692368e-04 4.12745792e-05
4.38769566e+01 6.82384719e-02 5.47627273e-03 -6.19640669e-02 6.13024205e-05 1.69375339e-04 1.43702844e-04
4.65815456e+01 6.76419340e-02 4.46432151e-03 -6.11477499e-02 1.47744176e-04 1.71578246e-04 1.33288415e-04
4.92783347e+01 6.84798134e-02 1.40912525e-03 -6.81663623e-02 9.86935399e-05 8.26138023e-05 6.67948579e-05
5.19750019e+01 6.82457616e-02 -2.42730561e-03 -6.11646684e-02 1.41026775e-04 1.55458447e-04 7.09093201e-05
5.46797128e+01 5.52995399e-02 -4.34563226e-03 -5.93932832e-02 1.40572526e-04 8.41453694e-05 3.01723157e-05
5.73813378e+01 5.94024731e-02 1.35751204e-03 -5.71569762e-02 1.95811571e-05 4.76090267e-05 3.30150787e-04
6.00858034e+01 5.31989476e-02 -4.83263049e-03 -6.22491304e-02 7.33465486e-05 1.96205468e-04 8.79626015e-05
6.27807206e+01 5.04807629e-02 -8.94400666e-03 -6.09773542e-02 1.24494855e-04 2.95913835e-04 1.29943378e-04
6.54908659e+01 5.98981536e-02 -3.68342254e-04 -6.71386406e-02 1.87021742e-04 6.18312136e-05 1.67143476e-04
6.81851222e+01 5.32115099e-02 -5.61925304e-04 -5.93080430e-02 2.58377866e-04 1.66247972e-04 1.52089811e-04
7.08910300e+01 4.34495257e-02 1.00602285e-02 -5.75928966e-02 2.27744194e-04 4.04372965e-04 2.94317329e-04
7.35920206e+01 4.16949370e-02 -4.87033060e-04 -5.97521843e-02 1.16992347e-04 9.72603387e-05 1.22723867e-04
7.62779737e+01 5.06011023e-02 -2.13288090e-03 -5.93287822e-02 7.01238682e-05 8.75843912e-05 3.83416342e-05
7.89936925e+01 5.17089364e-02 5.45278142e-05 -5.68881130e-02 6.53246757e-05 2.42959610e-04 4.51646993e-05
8.16916003e+01 5.59434644e-02 1.64442371e-04 -5.43979251e-02 3.92145392e-05 3.70341169e-04 9.83276122e-05
8.44037597e+01 5.16925466e-02 -3.14277850e-03 -4.70297165e-02 1.24385108e-04 3.50770105e-04 6.82326913e-05
8.71089550e+01 5.70295550e-02 -3.82880142e-04 -5.14255633e-02 1.90346995e-04 1.06557792e-04 1.36975779e-04
8.98004191e+01 6.47126938e-02 -1.13789488e-02 -5.90595278e-02 9.39664520e-05 1.43632475e-04 7.86386413e-05
9.25012534e+01 5.23198390e-02 -4.43835411e-03 -5.52763744e-02 5.46203853e-05 2.81321374e-04 5.22607357e-05
9.52082566e+01 5.32102626e-02 -2.09040349e-04 -5.35233295e-02 1.85780399e-04 6.72338278e-04 2.81410563e-05
9.79041753e+01 5.81026449e-02 5.13595369e-03 -5.44098975e-02 6.51469525e-05 3.15415299e-04 3.32955042e-04
1.00615058e+02 6.11358897e-02 -2.80369183e-03 -4.79602815e-02 7.67566949e-05 3.99790822e-04 6.38762366e-05
1.03306074e+02 6.41625608e-02 5.49145876e-03 -5.42773700e-02 2.47745967e-04 3.51282942e-04 1.73115648e-04
1.05993996e+02 6.03373354e-02 6.29407465e-03 -4.91095837e-02 2.04029085e-04 1.03469770e-03 1.54214305e-04
1.08702699e+02 5.69623621e-02 1.35405487e-02 -5.42297205e-02 1.92434142e-04 1.22972239e-04 1.49793956e-04
1.11395496e+02 5.38604194e-02 1.56792507e-03 -6.67507174e-02 1.63082079e-04 5.28742649e-05 9.30971021e-05
1.14104621e+02 6.10688268e-02 4.16377484e-03 -6.18418284e-02 1.15414566e-04 8.77102345e-05 1.18170568e-04
1.16803277e+02 5.82175584e-02 2.62306377e-03 -6.07669840e-02 1.01997572e-04 2.75381832e-04 2.33586091e-04
1.19521496e+02 4.84922176e-02 -3.25418715e-03 -6.21497367e-02 1.12628784e-04 2.97934567e-04 8.06115055e-05
1.22222308e+02 5.27824190e-02 4.61958155e-03 -6.14893116e-02 1.25662306e-04 3.38082184e-04 8.15291596e-05
1.24925199e+02 5.90326031e-02 -5.81576945e-03 -6.38840183e-02 1.53187700e-04 1.83870791e-04 1.79736065e-04
1.27620230e+02 5.85845416e-02 -6.05709784e-03 -6.01562422e-02 3.75673686e-05 2.01413757e-04 8.24338913e-05
1.30319902e+02 5.12519444e-02 2.72711247e-04 -6.26551243e-02 9.75844199e-05 2.51180968e-04 2.44903963e-04
1.33021496e+02 5.45957729e-02 -8.91335778e-03 -6.29082284e-02 1.20308027e-04 1.22377690e-04 1.39524214e-04
1.35720949e+02 5.85890596e-02 -6.74205095e-03 -5.85474551e-02 9.22102934e-05 5.81313185e-04 1.60405438e-04
1.38431496e+02 6.44614397e-02 -4.69969688e-03 -5.85003724e-02 1.12002023e-04 3.15311713e-04 1.66067893e-04
1.41128871e+02 6.40145163e-02 -1.37028276e-02 -6.34328183e-02 1.05697300e-04 1.60912575e-04 1.14487481e-04
1.43833105e+02 6.78792183e-02 -1.86394275e-02 -5.32376277e-02 1.27575658e-04 1.24283105e-04 1.50491090e-04
1.46534933e+02 7.97778491e-02 -1.42972599e-02 -5.09316893e-02 1.87988154e-04 2.03703130e-04 9.29685748e-05
1.49236933e+02 8.53312695e-02 -1.26338443e-02 -4.84014667e-02 1.79742464e-04 1.58492872e-04 6.42188089e-05
1.51933199e+02 8.21897545e-02 -4.78251401e-03 -3.13749606e-02 1.88595889e-04 2.17670239e-04 7.87269246e-05
1.54624464e+02 7.73887843e-02 -9.07861374e-03 -1.68527231e-02 3.68955679e-05 2.12584694e-04 1.66225156e-04
1.57322042e+02 7.14381199e-02 -1.93415629e-02 -2.36438672e-04 7.86892882e-05 1.05314109e-04 1.36884833e-04
1.60017699e+02 6.83986087e-02 -1.59047333e-02 2.27071218e-02 3.21816360e-05 1.90134536e-04 9.51896170e-05
1.62722214e+02 5.90830707e-02 -2.02567442e-02 3.58157965e-02 1.09955646e-04 1.73415569e-04 9.27440528e-05
1.65422589e+02 6.55742575e-02 -1.61627319e-02 4.18986869e-02 7.99078920e-05 1.45526878e-04 5.79883681e-05
1.68116011e+02 7.30532186e-02 -5.16634797e-03 5.14388638e-02 3.96010316e-05 6.62088489e-05 7.82928995e-05
1.70828730e+02 7.84712532e-02 1.73929744e-03 5.16811257e-02 1.96346531e-04 9.41749339e-05 1.46361598e-04
1.73527699e+02 7.32768390e-02 -2.35526221e-03 6.55559760e-02 4.83351028e-05 2.36123612e-04 3.12370645e-05
1.76228027e+02 6.06664686e-02 -1.64859373e-03 5.63936118e-02 1.25371078e-04 1.21120467e-04 1.90687500e-04
1.78932964e+02 5.43723000e-02 -2.36300464e-04 5.63932270e-02 1.33358799e-04 1.64478462e-04 4.02902368e-05
1.81638871e+02 5.89835999e-02 -1.05306316e-02 5.40541590e-02 2.10345724e-04 3.54001813e-04 9.04278210e-05
1.84331042e+02 5.20675981e-02 -1.20710120e-02 6.38438947e-02 2.49602405e-04 3.05844785e-04 1.17773536e-04
1.87040839e+02 4.75990109e-02 -1.15673455e-02 5.77897268e-02 3.08483442e-04 1.72222920e-04 1.91144429e-05
1.89735574e+02 5.06243666e-02 -5.09602652e-03 6.40160092e-02 1.78831657e-04 9.12115579e-05 2.73677550e-04
1.92430074e+02 6.34346531e-02 -9.54985951e-03 5.99782896e-02 5.40556508e-05 3.40459831e-05 1.14560717e-04
1.95143105e+02 6.99052766e-02 -4.17594575e-03 5.42866865e-02 9.60088738e-05 5.35686784e-05 1.30360564e-04
1.97837230e+02 6.22175422e-02 -3.73053194e-03 5.55881967e-02 2.85116902e-05 1.64085888e-04 6.14255079e-05
2.00539699e+02 5.82492567e-02 -2.20645797e-03 5.44619961e-02 7.52063873e-05 8.53189192e-05 6.78883930e-05
2.03233464e+02 6.08677477e-02 -7.62471505e-03 6.06293569e-02 8.02495670e-05 1.52029995e-04 8.50350484e-05
2.05937136e+02 5.76797378e-02 -3.70297338e-03 5.96989572e-02 3.20902509e-05 1.16649292e-04 6.32653963e-05
2.08644089e+02 6.42661810e-02 -2.85267715e-03 5.88220217e-02 7.61069553e-05 2.21135093e-04 1.39137451e-04
2.11338980e+02 6.50182902e-02 -4.08482508e-03 5.70017719e-02 3.34163370e-05 1.39497503e-04 4.64355372e-05
2.14030855e+02 6.24909355e-02 4.78789919e-03 5.53905206e-02 5.88437400e-05 2.08666124e-04 8.19433109e-05
2.16740417e+02 5.56436453e-02 2.16225653e-03 6.52265085e-02 8.65771717e-05 7.09464065e-04 9.07683836e-05
2.19438464e+02 5.37158869e-02 1.10460505e-02 6.39193981e-02 1.45459372e-04 8.38164391e-04 1.07909358e-04
2.22143230e+02 5.13409175e-02 1.02835823e-02 6.47470479e-02 6.36073594e-05 1.29165080e-03 5.73006477e-05
2.24859746e+02 5.19304656e-02 -2.86805600e-03 5.80925376e-02 3.90283368e-05 9.05844942e-04 4.02600561e-05
2.27554261e+02 5.00349603e-02 4.20401000e-03 5.42701534e-02 1.04321601e-04 7.14211850e-04 5.76612324e-05
2.30258402e+02 3.91171153e-02 -5.87836397e-03 6.03396488e-02 6.19694270e-05 5.68154860e-04 8.00560230e-05
2.32947277e+02 4.02661267e-02 5.38446015e-03 6.30189871e-02 1.35487020e-04 6.74481682e-04 1.96230638e-04
2.35643792e+02 4.90096433e-02 -4.80532287e-03 6.51093470e-02 4.61049059e-05 5.25622104e-04 1.77738132e-04
2.38349371e+02 5.07803816e-02 -7.16269177e-03 5.97863233e-02 1.85046701e-04 5.33735755e-04 2.74561432e-05
2.41049792e+02 5.73408182e-02 -8.63083076e-03 5.54427100e-02 8.44550794e-05 3.02855262e-04 1.99616405e-04
2.43732167e+02 6.02100991e-02 -5.36925932e-03 6.61671638e-02 4.56525171e-05 6.95524301e-05 1.45950767e-04
2.46428839e+02 6.26787398e-02 -3.92323231e-03 6.68238285e-02 9.23849764e-05 1.12494738e-04 1.25486843e-04
2.49146011e+02 6.66617607e-02 1.04834170e-02 6.55885077e-02 1.66010563e-04 1.06801328e-04 1.28037530e-04
2.51841699e+02 7.29454263e-02 -2.90030191e-03 5.19226492e-02 5.44203438e-05 8.66202056e-05 2.21516647e-04
2.54550433e+02 7.12338351e-02 -1.47217786e-03 5.54806569e-02 9.10820065e-05 1.07704886e-04 5.87341322e-05
2.57243714e+02 6.57214436e-02 -5.11674963e-03 5.32610035e-02 7.01778339e-05 7.09508141e-05 1.26604988e-04
2.59939355e+02 5.65142564e-02 -1.09289500e-02 5.93841182e-02 3.16128937e-04 5.34749778e-05 9.12640709e-05
2.62636652e+02 5.88290579e-02 -1.14314686e-02 5.92012227e-02 1.00456732e-04 2.08623807e-04 1.81929888e-04
2.65334792e+02 6.11042783e-02 -1.42707040e-02 5.74589200e-02 7.47800446e-05 2.32283585e-04 4.86531148e-05
2.68049986e+02 6.49593690e-02 -7.93048569e-03 6.02971567e-02 1.30422846e-04 1.15572479e-04 5.32846758e-05
