6.88901473e-01 5.78427705e-02 -5.88307388e-03 6.08818358e-02 1.51665328e-04 1.48392731e-04 1.32798069e-04
3.39297207e+00 6.31229786e-02 5.59627761e-04 6.28775207e-02 2.33599120e-04 1.47388751e-04 1.13360875e-04
6.09579519e+00 6.07872870e-02 -9.50414932e-03 6.71866244e-02 1.45071271e-04 3.63376588e-04 4.49974892e-05
8.79602191e+00 6.06261817e-02 -8.58777246e-03 6.93847396e-02 8.57777580e-05 2.07034456e-04 1.56218727e-04
1.14968855e+01 6.10277822e-02 1.70519617e-04 5.81582234e-02 3.94140759e-05 3.62767154e-04 1.35162211e-04
1.41962433e+01 6.89052166e-02 -2.59203660e-03 3.97447263e-02 5.25172397e-05 3.04261724e-04 9.17301673e-05
1.69032793e+01 7.02509249e-02 -5.50662716e-05 3.57417329e-02 2.06258471e-04 8.20353512e-04 8.92822539e-05
1.95919964e+01 8.53767253e-02 -8.88613071e-03 1.46003450e-02 4.07455765e-05 6.19767317e-04 8.91425067e-05
2.22885449e+01 8.13567236e-02 -8.92160724e-03 -2.12539305e-03 4.68146981e-05 5.67556380e-04 1.07582917e-04
2.49918371e+01 7.05060589e-02 4.17962796e-03 -1.41982992e-02 1.52136321e-04 3.74659922e-04 6.76106968e-05
2.76915136e+01 7.36732435e-02 3.96776082e-03 -2.47481138e-02 1.59821775e-04 3.08556537e-04 2.92250430e-04
3.03843839e+01 7.27464419e-02 7.03770598e-03 -3.68634600e-02 1.56129714e-04 7.21083978e-04 2.83910536e-05
3.30812043e+01 6.61699999e-02 1.13995777e-02 -5.03325042e-02 8.83377636e-05 2.81577074e-04 7.49495169e-05
3.57721371e+01 6.97216023e-02 8.23853022e-03 -4.35178124e-02 7.97238985e-05 4.16727673e-04 1.40826108e-04
3.84692480e+01 6.79264830e-02 1.41962125e-02 -4.77474161e-02 5.34276890e-05 1.81359416e-04 8.12635982e-05
4.11727949e+01 6.66185830e-02 8.24330608e-03 -4.76832972e-02 1.50624306e-05 8.15288198e-05 1.27500115e-04
4.38714089e+01 6.56783475e-02 4.39643766e-03 -5.54681998e-02 2.59035408e-05 1.64680738e-04 4.76481409e-05
4.65624918e+01 5.88132984e-02 2.13373658e-05 -6.22445509e-02 9.69658163e-05 1.39939620e-04 1.41543290e-04
4.92765589e+01 4.99328979e-02 -2.98079392e-03 -5.58941483e-02 5.95962871e-05 2.41914961e-04 1.39959170e-04
5.19762699e+01 5.38508785e-02 -6.34146671e-03 -5.63507669e-02 1.28530708e-04 1.91003316e-04 7.29618649e-05
5.46905230e+01 6.59545991e-02 -7.91639069e-03 -6.38259102e-02 1.57269810e-04 9.25698034e-05 1.33935622e-04
5.73802543e+01 6.46277429e-02 -7.98722647e-03 -6.38053565e-02 9.73258597e-05 1.77520380e-04 2.50628677e-05
6.00807152e+01 5.87942703e-02 -4.65351211e-05 -5.09983733e-02 9.09476092e-05 7.48157548e-05 1.28170937e-04
6.27869261e+01 5.21212008e-02 -5.68691156e-03 -5.91159431e-02 9.26060270e-05 9.89266707e-05 1.88754939e-04
6.54950886e+01 5.02836937e-02 -9.10577113e-03 -5.39719848e-02 2.66515168e-04 1.89689287e-04 6.93981690e-05
6.81975621e+01 4.90750380e-02 5.27837174e-05 -6.32409451e-02 1.14351263e-04 4.21628224e-04 1.68726937e-04
7.09023933e+01 4.68694383e-02 -8.80011096e-04 -6.06183480e-02 7.96183003e-05 2.56275725e-04 6.70844036e-05
7.36007402e+01 5.47502310e-02 3.96636093e-03 -7.00856469e-02 7.30405665e-05 2.41796230e-04 1.17318897e-04
7.62955574e+01 5.20775583e-02 -3.21758788e-03 -6.04631547e-02 8.89416630e-05 3.45529254e-04 1.40025590e-04
7.89870371e+01 5.03833183e-02 1.69245822e-03 -6.15014178e-02 9.63520330e-05 2.37209125e-04 5.54674617e-05
8.16839886e+01 4.96473456e-02 2.07106856e-03 -5.25970610e-02 1.00859627e-04 9.71136434e-05 2.03045084e-05
8.43787355e+01 5.77706578e-02 -7.71136936e-03 -5.14521168e-02 1.58909228e-04 1.31781319e-04 9.14889931e-05
8.70847043e+01 5.33477123e-02 -9.08065777e-03 -5.44299993e-02 2.39216143e-04 2.03604322e-04 1.82411726e-04
8.97896121e+01 5.50665153e-02 6.27648206e-04 -5.29584560e-02 6.45142528e-05 2.34193583e-04 1.08144220e-04
9.25019074e+01 6.11892623e-02 -4.64841634e-03 -5.62885809e-02 8.99415551e-05 9.70093948e-05 1.06443283e-04
9.51995480e+01 6.05307509e-02 -5.92327136e-03 -5.67807512e-02 1.68847855e-04 1.30532591e-04 2.00776442e-04
9.78994089e+01 5.84471970e-02 -6.14877882e-03 -4.98717706e-02 1.19808875e-04 2.17873282e-04 1.78287854e-04
1.00598142e+02 6.27779057e-02 -1.24043930e-02 -5.14215503e-02 2.81823778e-05 3.58432199e-04 1.41273567e-04
1.03293892e+02 6.11536728e-02 3.13426317e-03 -4.55146256e-02 6.50205767e-05 2.14370898e-04 8.96256019e-05
1.05990017e+02 7.30506296e-02 3.40801253e-03 -5.27489308e-02 6.29355381e-05 2.61530304e-04 8.23097386e-05
1.08683673e+02 6.54374393e-02 9.38177489e-03 -5.64077073e-02 1.70186611e-04 8.46533960e-05 1.54173375e-04
1.11385126e+02 7.22818861e-02 4.45522583e-03 -5.82162845e-02 1.29651168e-04 1.16249320e-04 1.06634802e-04
1.14093626e+02 5.91613952e-02 3.36327010e-03 -5.99241879e-02 4.24482342e-05 7.81335647e-05 1.14632434e-04
1.16800673e+02 5.10903225e-02 -2.99965617e-03 -6.49414823e-02 4.07444099e-05 1.12762498e-04 2.51384189e-04
1.19500361e+02 5.49848654e-02 2.52900810e-03 -6.28908433e-02 6.31140926e-05 4.08882765e-05 2.59450857e-05
1.22217923e+02 5.97229560e-02 -5.09076482e-03 -6.22057193e-02 6.28806120e-05 3.52605054e-04 1.78644195e-04
1.24914986e+02 5.83331694e-02 1.32042750e-03 -5.57341355e-02 1.38518359e-04 1.52362095e-04 6.63928705e-05
1.27612626e+02 4.87882463e-02 -1.81673925e-04 -5.63678642e-02 9.73793017e-05 2.05956304e-04 8.37220182e-05
1.30304236e+02 4.86977618e-02 1.52332982e-03 -5.77228294e-02 3.17318508e-05 1.55683310e-04 4.96588886e-05
1.33017657e+02 5.04865663e-02 -9.89530436e-04 -5.93634400e-02 2.39019091e-04 4.07219594e-04 1.90304670e-04
1.35718126e+02 5.29519123e-02 -2.25199695e-03 -6.36110081e-02 2.41436928e-04 1.67662548e-04 2.83617227e-04
1.38415845e+02 5.93421561e-02 -7.44256270e-03 -5.85161367e-02 7.71393808e-05 5.67399891e-04 2.17812022e-04
1.41119017e+02 6.96269363e-02 -4.97785285e-03 -5.52991852e-02 8.06609101e-05 1.47849338e-04 5.51711517e-05
1.43820704e+02 7.51160444e-02 -1.46373317e-02 -5.61383870e-02 7.30899040e-05 2.55916669e-04 2.44855607e-04
1.46521970e+02 6.90686015e-02 -1.48734403e-02 -4.52215809e-02 1.08242244e-04 2.82346145e-04 2.27901562e-04
1.49228876e+02 6.96490319e-02 -3.91989822e-03 -3.84809603e-02 3.24380412e-04 2.32353665e-04 2.93311837e-04
1.51921564e+02 7.33929848e-02 -5.38102706e-03 -3.50554891e-02 2.73417457e-04 2.91886847e-04 2.10293097e-04
1.54632220e+02 7.18376670e-02 -2.72705651e-03 -3.08705464e-02 7.61717150e-05 1.65506924e-04 5.46536516e-05
1.57327611e+02 7.38685495e-02 -4.69210324e-03 -9.70246120e-03 2.46323740e-05 2.40404447e-04 4.13626686e-05
1.60027470e+02 6.99613362e-02 -1.82387313e-02 1.36398295e-02 1.13132383e-04 6.05371512e-05 1.00225897e-04
1.62720798e+02 7.25062937e-02 -4.99785247e-03 3.79500435e-02 8.76748347e-05 7.91502545e-05 4.61780806e-05
1.65420736e+02 7.05969231e-02 -7.23483135e-03 4.94370658e-02 1.22391144e-04 1.12436670e-04 5.43777257e-05
1.68127642e+02 7.33550711e-02 -6.08695783e-03 5.56277649e-02 1.20496101e-04 2.45858399e-04 1.02184589e-04
1.70818454e+02 7.16649540e-02 -3.59693589e-03 5.08052966e-02 7.26538145e-05 4.53220724e-04 1.24196419e-05
1.73523173e+02 6.21830756e-02 -8.58706461e-04 5.44384444e-02 9.70743333e-05 2.85033835e-04 1.60372593e-04
1.76234142e+02 6.56685301e-02 -2.47276936e-03 5.60656939e-02 4.39546917e-05 3.27010061e-04 3.60794602e-05
1.78921736e+02 6.55323653e-02 -7.05897811e-03 5.53086836e-02 4.34977069e-04 1.58938011e-04 2.19058822e-04
1.81627298e+02 6.04960109e-02 -1.17999402e-02 5.95119474e-02 1.84636906e-04 1.15757050e-04 3.88361202e-04
1.84323282e+02 5.94823721e-02 -1.71073969e-02 6.36991226e-02 9.13456497e-05 2.05878090e-04 3.95233554e-04
1.87017751e+02 5.81477736e-02 -8.46990963e-03 6.63107435e-02 3.03795075e-04 1.55619707e-04 2.56240031e-04
1.89726486e+02 6.08739586e-02 -7.82547708e-03 5.72277915e-02 1.55994679e-04 7.18876371e-05 1.24138242e-04
1.92417111e+02 6.58918790e-02 -1.58740159e-03 5.26683221e-02 2.03957377e-04 8.50892238e-05 2.31221667e-04
1.95122392e+02 5.90035874e-02 -5.82743950e-03 5.01132939e-02 8.85915519e-05 2.01751616e-04 2.90857519e-05
1.97814548e+02 6.61389825e-02 -7.80389072e-03 5.20162199e-02 2.79506288e-04 2.01355312e-04 6.22660511e-05
2.00524579e+02 6.22676689e-02 -2.10344340e-03 5.74903134e-02 2.00651322e-05 2.65319669e-04 2.29460670e-04
2.03233095e+02 5.97248877e-02 1.71878238e-03 5.92214884e-02 6.19049746e-05 2.36463828e-04 1.12446400e-04
2.05932517e+02 6.65318765e-02 -3.31394148e-04 5.84429662e-02 1.27999643e-04 3.13857482e-04 3.06384052e-05
2.08622923e+02 6.09424223e-02 -3.03913714e-04 6.39203277e-02 2.01071380e-05 2.66735242e-04 5.53974219e-05
2.11328204e+02 6.07794079e-02 1.00688224e-03 6.26184280e-02 1.17933897e-04 3.86323253e-04 1.11208604e-04
2.14029829e+02 5.18803815e-02 2.56409873e-03 6.51203506e-02 8.18744815e-05 6.01545266e-04 7.10042857e-05
2.16732611e+02 5.07262967e-02 3.34899381e-03 6.25035991e-02 4.43684729e-05 3.14231082e-04 1.46678943e-04
2.19435345e+02 5.50283814e-02 -1.51692741e-03 6.03557999e-02 2.31503226e-04 5.60217886e-04 9.86578070e-05
2.22136548e+02 5.64873914e-02 -7.55278987e-03 5.99127613e-02 8.44354625e-05 7.08371916e-04 7.79309211e-05
2.24823954e+02 5.20817333e-02 6.48381191e-03 5.51932368e-02 9.67164684e-05 8.25494817e-04 1.72057857e-04
2.27535048e+02 3.67683631e-02 -2.84399586e-03 6.25188105e-02 5.61889347e-05 1.15213509e-03 8.07173316e-05
2.30238970e+02 4.42242749e-02 -9.22191154e-04 6.52635486e-02 1.26908084e-04 8.21552828e-04 6.54907618e-05
2.32945751e+02 4.82247785e-02 -5.25621383e-03 7.02741179e-02 1.91680536e-04 1.06297132e-03 1.18170443e-04
2.35646657e+02 5.47949591e-02 -3.91032778e-03 6.41005210e-02 1.48656650e-04 4.80373619e-04 1.24252078e-04
2.38341079e+02 5.35141223e-02 -4.54641976e-03 5.82257659e-02 4.83953225e-05 5.76161129e-04 2.15242091e-04
2.41036673e+02 5.52652855e-02 -7.06212809e-03 5.16775553e-02 5.87916426e-05 9.60974730e-04 1.35656153e-04
2.43739829e+02 6.28694349e-02 -7.80798091e-03 5.39051757e-02 5.44610903e-05 3.61569707e-04 9.53973662e-05
2.46437595e+02 6.22695616e-02 3.01988492e-03 5.51850821e-02 1.11534247e-04 2.58386220e-04 1.90007411e-04
2.49135861e+02 5.73461679e-02 -1.16268007e-02 5.68329365e-02 8.69325219e-05 8.74361308e-05 5.38705591e-05
2.51833392e+02 5.63250198e-02 -2.17892408e-03 6.11772083e-02 8.43168487e-05 1.05813308e-04 2.05638193e-04
2.54529470e+02 5.67694662e-02 -7.65930262e-03 5.26642839e-02 1.07978676e-04 1.70651611e-04 4.48645491e-05
2.57240798e+02 6.36091466e-02 -6.28695814e-03 5.32043170e-02 6.59567026e-05 6.12877503e-05 2.09165036e-04
2.59929282e+02 6.81005375e-02 -5.10301328e-03 5.40864375e-02 1.22037939e-04 7.41632719e-05 6.66413144e-05
2.62637782e+02 5.74354307e-02 -7.73530468e-03 5.55684645e-02 8.86984998e-05 6.63713266e-05 8.16398198e-05
2.65332861e+02 4.92503582e-02 -5.69346104e-03 6.27665542e-02 1.60454004e-05 2.15916054e-04 1.80066237e-04
2.68047879e+02 4.57735551e-02 -5.72217174e-03 6.07981023e-02 9.25516779e-05 1.50917562e-04 1.49034502e-04
