6.78528182e-01 6.29767707e-02 -8.14218757e-03 5.70377327e-02 1.40641997e-04 2.16710426e-04 7.61698981e-05
3.37126018e+00 6.69277188e-02 -5.16785740e-03 5.84932051e-02 2.39795726e-04 5.40288000e-05 7.26946854e-05
6.07931799e+00 5.95912108e-02 -5.67911259e-03 6.68388870e-02 4.06396997e-05 1.07035443e-04 1.06045193e-04
8.77261470e+00 4.75778018e-02 -7.92085816e-03 6.61009475e-02 4.42325259e-05 2.26168604e-04 1.48694449e-04
1.14785971e+01 5.36151885e-02 -3.91041949e-03 7.01893601e-02 1.20534210e-04 3.94114982e-05 8.72111379e-05
1.41808799e+01 6.38598330e-02 2.27225378e-03 6.49609520e-02 5.62833806e-05 1.92660819e-04 7.67747786e-05
1.68843596e+01 6.75742263e-02 -6.79816612e-03 5.53881143e-02 6.02888365e-05 2.07745457e-04 3.15199759e-05
1.95722721e+01 7.16720743e-02 -1.75031284e-03 3.88568714e-02 8.07399517e-05 2.37466387e-04 5.43107605e-05
2.22798267e+01 7.05595156e-02 1.00417735e-02 3.24092572e-02 4.30739997e-05 1.10154416e-04 1.80201287e-04
2.49774986e+01 7.20213897e-02 -3.95006654e-03 1.55410773e-02 9.89248945e-05 1.44593786e-04 1.42109199e-05
2.76706674e+01 7.95479235e-02 1.55093659e-03 3.90737240e-03 3.64183374e-05 3.06338585e-04 7.27753240e-05
3.03673330e+01 7.64800069e-02 1.14279476e-03 -1.26867611e-02 1.77107717e-04 4.19704791e-04 7.34434045e-05
3.30722517e+01 7.19342821e-02 -6.24932813e-03 -2.78051518e-02 1.37201788e-04 4.37966068e-04 2.57790965e-05
3.57582064e+01 7.30074875e-02 -9.96377759e-03 -5.18499017e-02 1.31041889e-04 4.89767989e-04 2.14575989e-04
3.84749783e+01 6.16815955e-02 -7.35379182e-03 -5.31752411e-02 2.25501167e-04 2.62403998e-04 9.03831615e-05
4.11750064e+01 5.63145803e-02 -1.46257313e-03 -6.08183206e-02 2.63176056e-04 4.55566788e-04 2.56409836e-04
4.38871611e+01 5.81067740e-02 1.21555834e-02 -5.02595314e-02 2.21937665e-04 7.04343977e-04 1.61444897e-04
4.65994486e+01 5.30796259e-02 5.50269016e-03 -5.84770904e-02 2.06237088e-04 2.70975454e-04 2.04672581e-04
4.92993252e+01 4.84718482e-02 1.16366137e-02 -6.22453372e-02 1.23147132e-04 1.95388118e-04 7.69798147e-05
5.20093392e+01 5.25252551e-02 9.56943852e-03 -6.34466921e-02 2.82533596e-04 2.85900050e-04 1.61804401e-04
5.47133596e+01 5.92192176e-02 9.49608653e-03 -6.77583190e-02 4.75594895e-05 1.06473968e-04 5.55596715e-05
5.74193892e+01 5.47266802e-02 1.22201389e-02 -5.88676131e-02 9.95849846e-05 4.13939368e-05 2.63328937e-04
6.01114955e+01 6.79818429e-02 6.82671272e-03 -5.61092052e-02 9.95665656e-05 1.62565946e-04 2.04695749e-04
6.28116064e+01 6.17123293e-02 6.93418648e-03 -6.46616750e-02 4.97644187e-05 1.52623714e-04 1.65893714e-04
6.55112814e+01 6.11173717e-02 2.61358474e-05 -5.99588751e-02 2.03261103e-04 4.82690629e-05 1.33051812e-04
6.82102221e+01 6.83069092e-02 -2.37899419e-03 -5.31884206e-02 5.82746532e-05 5.11080098e-04 1.19870050e-04
7.09201283e+01 6.75797646e-02 1.31460273e-03 -5.33137498e-02 1.17665986e-04 1.24488867e-04 1.42293346e-04
7.36245346e+01 6.81696561e-02 6.97561518e-03 -5.50495955e-02 9.12122507e-05 3.45111883e-04 1.18614832e-04
7.63234221e+01 5.68965135e-02 1.04536377e-02 -6.25019369e-02 5.94157837e-05 3.28328635e-04 2.10766745e-04
7.90157799e+01 4.96928018e-02 1.88489387e-03 -6.99114958e-02 2.20828222e-04 5.74437346e-04 2.85107379e-04
8.17194783e+01 5.00440371e-02 -2.03411887e-04 -6.54595524e-02 3.29277051e-05 2.05759266e-04 7.67908191e-05
8.44211111e+01 5.01499501e-02 1.54482219e-03 -7.01887458e-02 1.16250205e-04 2.46378483e-04 1.23041946e-04
8.71271142e+01 4.85425023e-02 -8.20533687e-03 -6.27436124e-02 2.01095385e-04 2.52505046e-04 1.52838711e-04
8.98270283e+01 6.10799967e-02 -7.53159387e-03 -6.35180769e-02 1.55004112e-04 2.58902187e-04 1.17625133e-04
9.25297783e+01 5.85952995e-02 -8.40636874e-03 -5.76445394e-02 2.17768364e-04 3.60120784e-04 1.97798167e-04
9.52376861e+01 6.29298797e-02 -5.84270631e-03 -5.07530253e-02 4.55071495e-05 2.01440674e-04 9.17527670e-05
9.79297283e+01 6.50636209e-02 -1.15200475e-02 -4.83875868e-02 1.65659742e-04 3.91084699e-05 6.49141817e-05
1.00640567e+02 6.39738076e-02 -1.01748175e-02 -4.77175265e-02 1.12065049e-04 1.31590715e-04 1.13423083e-04
1.03336786e+02 5.62881946e-02 -1.06652989e-02 -5.17092512e-02 7.12551091e-05 1.61930146e-04 1.34835210e-04
1.06046067e+02 5.35763307e-02 -5.19881317e-03 -5.53576874e-02 2.97392505e-04 2.04616777e-04 6.09128162e-05
1.08743067e+02 5.75505382e-02 2.52080209e-03 -4.97604973e-02 4.22059118e-05 3.05201103e-04 1.53990533e-04
1.11451567e+02 6.20648862e-02 6.43473447e-03 -4.97843719e-02 1.92235951e-04 1.33109524e-04 4.30053588e-05
1.14149395e+02 6.40345385e-02 -3.94000244e-03 -5.16651619e-02 5.68926321e-05 1.26919793e-04 3.17709549e-04
1.16842505e+02 6.40876621e-02 -3.24567265e-03 -5.33250098e-02 8.35694908e-05 1.93786050e-04 1.93727608e-04
1.19543161e+02 6.69107347e-02 -1.10238641e-02 -4.94475858e-02 1.29187286e-04 5.15444734e-05 2.59782871e-04
1.22243677e+02 6.72704986e-02 -9.62999370e-03 -5.75841837e-02 1.57814083e-04 2.32032779e-04 2.19867209e-04
1.24942208e+02 6.21211834e-02 -7.92647843e-03 -5.57544976e-02 8.67689322e-05 2.76204044e-04 6.56077118e-05
1.27642270e+02 6.30703172e-02 -4.01872058e-03 -5.95568756e-02 7.65580945e-05 2.39603871e-04 9.65237781e-05
1.30338177e+02 6.01056520e-02 2.89733485e-03 -5.39027704e-02 1.80837382e-04 1.01274752e-04 1.05395185e-04
1.33053099e+02 5.68211446e-02 2.45648650e-03 -6.04833002e-02 1.71361360e-04 8.42479134e-05 2.49577460e-04
1.35745927e+02 6.66066176e-02 1.55715925e-03 -5.10779930e-02 1.36020074e-04 5.76042888e-05 2.67043525e-04
1.38440895e+02 7.69144558e-02 5.29423499e-04 -4.57268967e-02 2.21524452e-04 2.35405449e-05 6.19500514e-05
1.41139911e+02 7.65033867e-02 1.32059972e-03 -4.40715622e-02 5.96716546e-05 1.34372785e-04 8.97876382e-05
1.43836911e+02 8.17339013e-02 -5.68165473e-03 -3.41952350e-02 7.34885096e-05 1.15702022e-04 1.22406659e-04
1.46527208e+02 7.33064802e-02 4.34141091e-03 -2.26753092e-02 9.01048644e-05 3.07885424e-04 9.35613930e-05
1.49233786e+02 6.89540670e-02 5.96891463e-03 3.00471741e-03 1.94907379e-04 6.14035822e-05 8.78604114e-05
1.51930849e+02 7.02695896e-02 6.82949093e-03 9.81695944e-03 1.26829184e-04 5.12942433e-05 5.91759246e-05
1.54628458e+02 7.45349829e-02 3.85304628e-03 2.71984533e-02 1.27276161e-04 3.10790019e-04 9.24896494e-05
1.57330599e+02 7.17852632e-02 3.70554031e-03 4.11364479e-02 1.81758173e-04 1.89772659e-04 1.90717212e-04
1.60026974e+02 6.50722238e-02 4.13414036e-03 4.38817282e-02 6.90384074e-05 2.60517591e-04 1.13187767e-04
1.62729427e+02 7.34626138e-02 3.57224476e-03 4.92407511e-02 4.56512969e-05 4.94765303e-04 4.82373622e-05
1.65428317e+02 6.34075601e-02 1.11824227e-02 5.69550013e-02 9.27598592e-05 3.93087566e-04 4.15927418e-05
1.68129224e+02 6.94489923e-02 6.78272686e-03 4.67397608e-02 1.13122233e-04 2.81503030e-04 7.56822480e-05
1.70842177e+02 6.05978469e-02 2.51683474e-03 4.44626170e-02 1.38143338e-04 4.10704358e-04 2.51687713e-04
1.73529630e+02 6.22366166e-02 5.12400470e-03 5.05837060e-02 5.21291864e-05 3.17067127e-04 7.39651059e-05
1.76247052e+02 6.00170818e-02 1.04236022e-02 5.21575384e-02 5.64365953e-05 1.98709407e-04 1.13536218e-04
1.78942645e+02 6.83285718e-02 1.36340681e-02 5.65544201e-02 4.36711157e-05 1.39974634e-04 2.28746858e-04
1.81639974e+02 6.76391976e-02 7.39715963e-03 4.75948769e-02 1.04527902e-04 1.75465148e-04 9.13910010e-05
1.84350583e+02 5.84050609e-02 5.27295187e-03 5.11971712e-02 1.03827684e-04 5.95075502e-05 1.85190571e-04
1.87040817e+02 5.71984156e-02 3.78566236e-03 5.38951107e-02 6.31307625e-05 4.23471524e-04 1.76616681e-04
1.89733302e+02 5.59024449e-02 8.76759059e-03 5.25902013e-02 6.69394957e-05 1.07613242e-04 1.79025394e-04
1.92428083e+02 6.07098131e-02 8.57010302e-03 5.57625841e-02 5.72006358e-05 8.38574547e-05 9.94902875e-05
1.95130630e+02 5.82332678e-02 4.14353884e-03 5.26907633e-02 1.73537247e-04 2.44119038e-05 1.69756679e-04
1.97832192e+02 5.26736518e-02 2.98918393e-03 5.54583885e-02 8.20725139e-05 1.62351962e-04 1.98375214e-04
2.00538567e+02 6.02296198e-02 -1.69368800e-05 5.02936342e-02 1.19002302e-04 1.21657064e-04 1.10523157e-04
2.03235786e+02 6.15351912e-02 -8.69443876e-03 5.40216073e-02 6.16407625e-05 2.13792241e-04 1.23422056e-04
2.05931161e+02 6.35292726e-02 -4.81674402e-04 4.60416621e-02 1.31678814e-04 1.57644190e-04 1.55396169e-04
2.08626661e+02 6.58904432e-02 -6.75940545e-03 5.08969838e-02 2.33214393e-04 1.88266463e-04 9.47191652e-05
2.11339880e+02 6.30809816e-02 3.28048582e-04 5.28477766e-02 1.27655869e-04 3.43643016e-04 1.75109696e-04
2.14040583e+02 5.42168590e-02 5.62016533e-03 5.33056311e-02 5.77741976e-05 6.70502180e-05 2.92436562e-04
2.16744989e+02 5.45255163e-02 7.90554542e-03 5.81428410e-02 1.18007943e-04 3.21980941e-04 9.33931844e-05
2.19452755e+02 5.79546302e-02 1.52898846e-02 5.49218828e-02 6.09324477e-05 1.30018989e-04 1.04146942e-04
2.22155958e+02 6.45378751e-02 9.12847893e-03 5.82687560e-02 1.29368080e-04 1.83566657e-04 7.60211529e-05
2.24852724e+02 6.27203834e-02 3.89542222e-03 5.40604031e-02 2.07145225e-04 7.54151036e-05 2.04763532e-04
2.27552817e+02 6.02828884e-02 4.93131425e-03 5.49618261e-02 1.19462123e-04 7.89635571e-05 2.72539261e-05
2.30251599e+02 6.02101273e-02 1.73485203e-03 5.25128870e-02 1.21518800e-04 2.82633773e-04 1.51716133e-04
2.32960927e+02 5.40050463e-02 1.40914479e-02 5.24913982e-02 1.65135210e-04 3.05053040e-04 1.28284016e-04
2.35655083e+02 5.57010387e-02 5.16182501e-03 5.90279442e-02 9.70215743e-05 3.12661631e-04 3.32069316e-05
2.38356036e+02 5.63562009e-02 1.64046121e-06 6.46487729e-02 1.63368813e-04 3.92577292e-04 1.48125535e-04
2.41058255e+02 5.84697283e-02 -3.48601701e-03 5.19484457e-02 1.67823289e-04 1.96517111e-04 8.23902740e-05
2.43750270e+02 6.32531638e-02 -3.89901119e-03 5.39034623e-02 1.44528667e-04 2.13937160e-04 4.81267690e-05
2.46446974e+02 6.22505830e-02 -1.07266153e-02 5.72816498e-02 2.29436044e-04 4.85673520e-04 7.63137342e-05
2.49151583e+02 6.08121198e-02 -3.01859992e-03 6.03319929e-02 2.18312274e-04 2.50859538e-04 1.49945295e-04
2.51860114e+02 6.21492996e-02 9.58686998e-04 6.05884534e-02 2.33339712e-04 4.12139788e-04 1.31739129e-04
2.54560630e+02 6.70204118e-02 -3.04528686e-03 5.12571100e-02 3.43204207e-04 4.40406028e-04 1.38351516e-04
2.57258739e+02 6.29708108e-02 3.87019324e-03 5.25022927e-02 1.08078176e-04 5.88359036e-04 2.22376176e-04
2.59960177e+02 5.19638916e-02 -4.59696659e-03 5.29126554e-02 1.37343480e-04 6.63761367e-04 1.09704530e-04
2.62660958e+02 5.81869968e-02 -8.16955008e-03 5.61915428e-02 7.50219676e-05 4.46298378e-04 2.26201271e-04
2.65372286e+02 5.46069362e-02 -1.14021894e-02 5.68086643e-02 1.16936015e-04 4.08637284e-04 1.97092693e-04
2.68080125e+02 6.27323220e-02 -5.00598099e-03 5.23433595e-02 7.92028102e-05 1.71055248e-04 8.48465493e-05
