6.80203290e-01 6.45770553e-02 -6.99427777e-03 5.95362699e-02 1.62533652e-04 2.33542049e-04 3.90343269e-05
3.37142470e+00 6.47413590e-02 -5.09547211e-03 6.04148363e-02 2.66960905e-04 9.42610101e-05 3.76721738e-05
6.07823423e+00 5.84330478e-02 -9.54846051e-03 6.65664301e-02 5.53683707e-05 1.32547761e-04 1.34776307e-04
8.77342016e+00 4.62951798e-02 -1.13437672e-02 6.64970284e-02 2.99515846e-05 2.24335097e-04 1.20069269e-04
1.14749678e+01 5.32036098e-02 -2.70784951e-03 6.73045374e-02 1.31554055e-04 5.36683544e-05 6.81536347e-05
1.41821741e+01 6.41742111e-02 -1.75517278e-04 6.44070509e-02 4.03139523e-05 1.00637611e-04 6.94922087e-05
1.68834272e+01 6.82041589e-02 -3.81452789e-03 5.69921816e-02 8.66657843e-05 1.01435348e-04 3.67767092e-05
1.95726834e+01 7.16038357e-02 -1.19513492e-03 4.20366284e-02 7.31265818e-05 2.03865847e-04 5.90616990e-05
2.22734147e+01 7.06370268e-02 9.45971146e-03 3.18256482e-02 4.49842619e-05 1.71423135e-04 1.51752252e-04
2.49720084e+01 7.30662223e-02 -1.84372691e-03 1.58308946e-02 1.28652649e-04 1.44836643e-04 6.33448050e-05
2.76665647e+01 7.89178958e-02 2.61172710e-03 2.13948102e-03 3.33593626e-05 3.57528770e-04 7.42758345e-05
3.03591319e+01 7.74206192e-02 1.11873878e-04 -1.26537403e-02 7.72844536e-05 6.29896307e-04 1.09948806e-04
3.30639663e+01 6.85855980e-02 -5.14432593e-03 -2.78437083e-02 1.74312673e-04 5.35825649e-04 7.02856859e-05
3.57572131e+01 7.40342973e-02 -1.20598007e-02 -5.39689344e-02 9.83103258e-05 4.69070364e-04 2.46736924e-04
3.84710506e+01 6.16624488e-02 -3.60552551e-03 -5.72162250e-02 2.78240118e-04 3.63252807e-04 8.89883810e-05
4.11713928e+01 5.92377733e-02 -7.28483442e-04 -5.96021123e-02 2.19945103e-04 5.66545802e-04 2.08956477e-04
4.38835475e+01 5.75077230e-02 9.85371835e-03 -5.12504367e-02 2.10152154e-04 7.12319528e-04 1.72420630e-04
4.65899428e+01 5.11868935e-02 4.34620309e-03 -5.48951477e-02 1.65471810e-04 2.96523500e-04 1.86269895e-04
4.92944506e+01 4.89631883e-02 1.09984007e-02 -6.17098895e-02 1.27615770e-04 1.28175330e-04 7.06286661e-05
5.20065866e+01 5.45813025e-02 8.56486340e-03 -6.21236020e-02 2.61907555e-04 2.94172449e-04 1.08418631e-04
5.47064725e+01 5.90637027e-02 8.41933820e-03 -6.61745445e-02 7.67555862e-05 1.09820093e-04 1.11981200e-04
5.74116178e+01 5.68210278e-02 9.23750548e-03 -5.93146665e-02 7.07479896e-05 3.22923278e-05 2.58594718e-04
6.01040209e+01 6.83331505e-02 1.05083415e-02 -5.64168531e-02 5.25331976e-05 1.43532572e-04 1.95532944e-04
6.28011959e+01 6.20785883e-02 8.77807767e-03 -6.31572640e-02 4.93120844e-05 1.16871855e-04 1.64630072e-04
6.55056288e+01 5.98225360e-02 2.25634817e-03 -6.01270373e-02 2.36122242e-04 5.59600701e-05 1.49836291e-04
6.81973491e+01 6.85292310e-02 -8.36066742e-04 -5.12917287e-02 4.97223976e-05 5.73849511e-04 7.00119262e-05
7.09079475e+01 6.63970372e-02 2.49183970e-03 -5.19792799e-02 5.75605189e-05 6.79569618e-05 1.57174075e-04
7.36149678e+01 6.69278491e-02 6.96271066e-03 -5.63444249e-02 8.10234873e-05 3.34111236e-04 1.63189994e-04
7.63080288e+01 5.22916607e-02 1.27052038e-02 -6.17184575e-02 5.68438752e-05 3.34789339e-04 1.77971402e-04
7.90059616e+01 4.70254662e-02 4.56449982e-03 -6.83371579e-02 3.14705896e-04 6.27327272e-04 2.95489417e-04
8.17101600e+01 4.97315839e-02 -4.29998717e-04 -6.67089111e-02 8.70759328e-05 2.90291897e-04 1.10975104e-04
8.44070147e+01 4.84596421e-02 1.88394099e-03 -6.85012576e-02 1.23520408e-04 2.81804974e-04 8.77967901e-05
8.71109303e+01 4.82849501e-02 -8.63733045e-03 -6.14493217e-02 1.50835055e-04 2.78871822e-04 1.53829924e-04
8.98120209e+01 5.74564650e-02 -5.50789514e-03 -6.58432210e-02 1.75323579e-04 2.37405847e-04 1.28429144e-04
9.25165756e+01 5.77490883e-02 -9.11251328e-03 -5.50046018e-02 2.73620988e-04 3.93017444e-04 1.38932544e-04
9.52254756e+01 6.48979287e-02 -6.22151102e-03 -5.15864687e-02 4.39618177e-05 2.03938105e-04 1.30184588e-04
9.79213600e+01 6.40778652e-02 -1.33131509e-02 -4.74350030e-02 1.75243075e-04 4.46048763e-05 4.67750538e-05
1.00626265e+02 6.53730541e-02 -1.23062487e-02 -4.55787595e-02 9.34205000e-05 1.79227327e-04 9.75134569e-05
1.03326187e+02 5.43069670e-02 -1.19355127e-02 -5.37369145e-02 8.11811004e-05 1.35248647e-04 2.04627778e-04
1.06031937e+02 5.31045427e-02 -5.52435915e-03 -5.34739711e-02 3.07182373e-04 1.64369940e-04 8.19482666e-05
1.08734655e+02 5.49517490e-02 2.01675929e-04 -4.60277189e-02 1.52440015e-05 2.28575900e-04 1.63530763e-04
1.11432765e+02 6.05838859e-02 6.19722441e-03 -5.00289827e-02 1.75987760e-04 1.38362521e-04 9.25212529e-05
1.14131905e+02 6.54907521e-02 -1.98665263e-03 -5.06077881e-02 4.93974104e-05 1.12210355e-04 3.80644315e-04
1.16826483e+02 6.65874786e-02 -2.68473899e-03 -5.43398637e-02 5.08386233e-05 1.37188359e-04 1.55062753e-04
1.19529140e+02 6.68851255e-02 -1.09671002e-02 -4.96955269e-02 1.40732393e-04 7.79491116e-05 1.95371123e-04
1.22223358e+02 6.36957926e-02 -1.21884266e-02 -5.70414038e-02 1.68845174e-04 3.34147063e-04 1.84840874e-04
1.24927546e+02 6.38664116e-02 -8.84208086e-03 -5.96052307e-02 1.14117407e-04 2.19485775e-04 5.85185954e-05
1.27625937e+02 6.51151457e-02 -4.72747139e-03 -6.43717912e-02 1.08397837e-04 1.72287801e-04 1.31619017e-04
1.30326108e+02 6.14396347e-02 3.81386852e-03 -5.36420585e-02 1.88926212e-04 6.57946853e-05 7.75270809e-05
1.33035280e+02 5.86382528e-02 4.87665508e-03 -5.97393936e-02 1.48895615e-04 1.14447856e-04 3.24546204e-04
1.35729640e+02 6.98985383e-02 -1.03991332e-03 -5.02232127e-02 1.10261464e-04 1.01170078e-04 3.22079914e-04
1.38421530e+02 7.55119310e-02 2.59601106e-03 -4.44978232e-02 1.90323252e-04 4.65289126e-05 3.80036801e-05
1.41120468e+02 7.70631878e-02 1.25428699e-03 -4.64604629e-02 5.57395513e-05 8.06086856e-05 7.58925575e-05
1.43816437e+02 8.15709487e-02 -5.84426936e-03 -3.52321635e-02 1.16342857e-04 9.96630835e-05 1.45271222e-04
1.46507640e+02 7.50531276e-02 5.60002979e-03 -2.43412689e-02 9.39177152e-05 4.25758543e-04 1.36321001e-04
1.49212687e+02 6.93303759e-02 3.00422158e-03 3.20321871e-03 1.70640404e-04 4.96286490e-05 9.06304784e-05
1.51913921e+02 7.23706839e-02 9.05418691e-03 8.63348921e-03 8.43228660e-05 3.20371785e-05 2.84182272e-05
1.54603218e+02 7.51625550e-02 7.55428502e-03 2.65969243e-02 1.03747373e-04 2.98424106e-04 5.15019887e-05
1.57310202e+02 6.96205126e-02 3.58005049e-03 4.28788072e-02 2.18836240e-04 2.48824646e-04 1.98186422e-04
1.60011155e+02 6.88673613e-02 2.14320628e-03 4.29153927e-02 1.01615958e-04 2.14634202e-04 1.38178506e-04
1.62706093e+02 7.41517711e-02 2.90450451e-03 4.72440752e-02 3.84009620e-05 4.27150355e-04 3.60505243e-05
1.65408655e+02 6.17155017e-02 1.26369977e-02 5.62875404e-02 1.24979685e-04 3.58640626e-04 7.92878613e-05
1.68107562e+02 7.07148251e-02 8.37356384e-03 4.60468971e-02 1.32341022e-04 2.56300470e-04 9.30197266e-05
1.70814515e+02 5.97702263e-02 3.31285440e-03 4.39864360e-02 1.49844119e-04 3.86368064e-04 1.97235484e-04
1.73510765e+02 5.89953730e-02 3.29816913e-03 5.34873523e-02 5.42052610e-05 1.73318637e-04 7.56234705e-05
1.76217093e+02 5.91964960e-02 1.04195347e-02 5.18162830e-02 1.01342755e-04 2.02836318e-04 1.32069192e-04
1.78913405e+02 6.76415232e-02 1.49036665e-02 5.70390016e-02 7.60311486e-05 1.39653615e-04 2.09919945e-04
1.81618983e+02 6.81848138e-02 5.11921360e-03 4.70542273e-02 1.21077132e-04 2.41798354e-04 9.66912121e-05
1.84328890e+02 5.88356930e-02 5.06746061e-03 4.68989530e-02 1.43333681e-04 7.40175123e-05 1.16448566e-04
1.87022358e+02 5.58552209e-02 2.79794581e-03 5.42810127e-02 4.97654352e-05 3.24903698e-04 2.34022068e-04
1.89710765e+02 5.50079900e-02 1.05357755e-02 4.98647935e-02 4.66117559e-05 9.62492756e-05 1.34834766e-04
1.92405780e+02 5.92707262e-02 6.71464831e-03 5.53351664e-02 9.16600304e-05 1.20370332e-04 1.16509020e-04
1.95105233e+02 5.59827832e-02 3.61880255e-03 5.45874736e-02 1.33565240e-04 3.55370358e-05 1.84502822e-04
1.97808015e+02 5.50354178e-02 1.83801341e-03 5.73427491e-02 5.79340635e-05 1.53149624e-04 1.85379991e-04
2.00516124e+02 6.17964338e-02 -3.89064256e-04 5.12134820e-02 1.08055214e-04 4.93379103e-05 8.98674602e-05
2.03214593e+02 5.98197809e-02 -8.65004618e-03 5.57098648e-02 1.08944958e-04 3.39232567e-04 9.45746495e-05
2.05902405e+02 6.16426299e-02 -1.22063714e-03 4.55023169e-02 1.29557693e-04 2.52617953e-04 1.64498681e-04
2.08601905e+02 6.39700114e-02 -8.13661943e-03 5.08330748e-02 1.50091240e-04 2.14301627e-04 9.80550697e-05
2.11312265e+02 6.10032404e-02 2.08281992e-03 5.11631789e-02 6.90455107e-05 2.89492141e-04 1.74877562e-04
2.14011858e+02 5.61638478e-02 7.61907010e-03 5.20438140e-02 1.10668841e-04 8.79832418e-05 2.83254667e-04
2.16715187e+02 5.56818948e-02 8.48117630e-03 5.97613326e-02 1.17024093e-04 2.99364909e-04 1.33625583e-04
2.19423812e+02 5.92658452e-02 1.63879066e-02 5.58793318e-02 5.96954993e-05 1.02224523e-04 1.44186012e-04
2.22120483e+02 6.53163225e-02 7.97583021e-03 5.71309799e-02 9.61820351e-05 1.97664108e-04 7.47354355e-05
2.24822812e+02 6.28441936e-02 1.64623188e-03 5.17917741e-02 1.21040208e-04 1.13663668e-04 1.29064064e-04
2.27523093e+02 5.82563600e-02 4.68181460e-03 5.35210186e-02 8.93393698e-05 1.31738676e-04 4.80368807e-05
2.30227218e+02 5.86882131e-02 3.09443845e-03 5.00091899e-02 1.54959511e-04 2.27776894e-04 9.97243709e-05
2.32928608e+02 5.40274481e-02 1.19932795e-02 5.26020523e-02 1.53304940e-04 3.31375089e-04 9.31874007e-05
2.35622093e+02 5.51298060e-02 4.56778982e-03 5.76409334e-02 1.29799311e-04 3.52957729e-04 4.15516777e-05
2.38319046e+02 5.75757725e-02 1.92742336e-03 6.44865286e-02 1.22070116e-04 3.16105539e-04 1.45362968e-04
2.41022749e+02 5.93011104e-02 -4.38610712e-03 5.46184829e-02 1.38012900e-04 1.96994489e-04 1.21401625e-04
2.43718405e+02 6.19629703e-02 -3.50589644e-03 5.77674588e-02 1.28515642e-04 1.98226217e-04 3.26413424e-05
2.46418624e+02 6.35134157e-02 -1.09521569e-02 5.69118483e-02 2.24066005e-04 4.25852040e-04 1.14325754e-04
2.49122296e+02 6.14423586e-02 -2.91719287e-03 6.01345336e-02 1.93313361e-04 1.85768091e-04 1.58741877e-04
2.51824077e+02 6.55385517e-02 8.57307009e-04 6.17358005e-02 1.40340111e-04 3.76822116e-04 1.10108276e-04
2.54530671e+02 6.68534874e-02 -2.47992229e-03 5.41642679e-02 3.82199447e-04 5.02747109e-04 1.37454647e-04
2.57219546e+02 6.29046308e-02 6.42775153e-03 5.22237339e-02 5.96036341e-05 5.17848950e-04 2.15134215e-04
2.59929265e+02 5.35837910e-02 -2.79235547e-03 5.33041183e-02 8.68556823e-05 6.55870217e-04 2.17361829e-04
2.62629952e+02 5.79131840e-02 -7.12508278e-03 5.77082731e-02 9.40907726e-05 4.90866830e-04 2.12687040e-04
2.65340718e+02 5.45141387e-02 -1.09219658e-02 5.82661457e-02 8.49135605e-05 3.07702778e-04 1.43117956e-04
2.68042111e+02 6.21899202e-02 -2.62385844e-03 5.12274952e-02 8.95611089e-05 1.58861789e-04 1.25526273e-04
