6.72243889e-01 6.06688645e-02 -9.89107093e-04 5.35604963e-02 2.99648169e-05 2.36061578e-05 7.09958436e-05
3.37032994e+00 6.20919687e-02 -5.10979269e-04 5.60789117e-02 1.83987324e-04 1.77654890e-04 3.22066453e-05
6.07854681e+00 6.08919295e-02 -2.02641258e-03 4.95981407e-02 1.11361572e-04 3.25678563e-04 1.75267215e-04
8.77712619e+00 5.71637932e-02 -3.34502868e-03 5.60206428e-02 1.72723480e-04 2.27282287e-04 1.25630243e-04
1.14757165e+01 5.56544429e-02 -4.38024782e-03 5.96025847e-02 1.05563596e-04 8.87936443e-05 2.06009874e-04
1.41875149e+01 6.02969515e-02 -8.57709544e-04 5.55556297e-02 2.05827214e-04 1.57267897e-04 1.87233851e-04
1.68811165e+01 6.57822101e-02 -2.98838209e-03 5.57654251e-02 7.15668719e-05 2.02063059e-04 6.09245755e-05
1.95784040e+01 6.86538471e-02 -2.94389488e-03 5.15971158e-02 1.82621669e-04 2.38670465e-04 6.73350184e-05
2.22746368e+01 7.97054396e-02 -3.15973249e-03 4.37774210e-02 2.41086690e-05 3.30300126e-04 2.12695067e-04
2.49803431e+01 7.80087340e-02 1.55632007e-03 3.25462981e-02 6.72527469e-05 3.15705089e-04 2.44112931e-04
2.76830571e+01 7.09273681e-02 -2.48237734e-03 1.32611876e-02 1.69434600e-04 3.99734836e-04 2.07556258e-04
3.03816993e+01 7.40023596e-02 2.91330317e-03 4.73104291e-04 2.55051590e-04 3.31697950e-04 1.28122574e-05
3.30718071e+01 7.26591959e-02 1.51950788e-04 -1.67386520e-02 6.47890795e-05 4.24266266e-04 3.07948809e-04
3.57824837e+01 6.99058027e-02 -1.29711689e-03 -2.60818274e-02 1.90870044e-04 4.29370270e-04 1.27500641e-04
3.84724993e+01 6.82825899e-02 -1.37253282e-02 -3.91411242e-02 2.06789738e-05 6.45197502e-04 1.04780230e-04
4.11690790e+01 6.78302923e-02 -5.81438237e-03 -3.77036008e-02 1.33565605e-04 2.94108133e-04 1.45903550e-04
4.38677290e+01 6.75101280e-02 -1.10179824e-02 -4.54493841e-02 6.67834646e-05 1.33235166e-04 2.35512925e-04
4.65688259e+01 6.44895396e-02 -1.37705765e-02 -4.48665461e-02 8.83575150e-05 1.84674807e-04 1.11229765e-04
4.92759181e+01 5.88249280e-02 -1.21699888e-02 -4.71221190e-02 2.16583752e-04 5.63069678e-04 4.53033343e-05
5.19745946e+01 6.70671820e-02 -7.65588066e-03 -4.95017737e-02 1.15819520e-04 3.56578913e-04 5.10527631e-05
5.46724806e+01 6.99326323e-02 -1.15404429e-02 -4.79167961e-02 1.38196674e-04 3.67344131e-04 1.35354463e-04
5.73759618e+01 6.61639405e-02 -7.11142366e-03 -6.03305366e-02 9.49284793e-05 4.77309566e-04 1.34682919e-04
6.00843712e+01 5.08973760e-02 -7.86239069e-03 -6.60317081e-02 6.08812774e-05 2.56348545e-04 4.28926531e-05
6.27887118e+01 4.94642463e-02 -1.76611983e-03 -6.29825128e-02 1.26102849e-04 2.52296863e-04 1.90954278e-04
6.55009149e+01 5.84014126e-02 -7.26428586e-04 -6.11020474e-02 1.20815088e-04 7.15386423e-04 1.04186585e-04
6.82077149e+01 6.02297509e-02 -1.79652425e-03 -5.84222675e-02 1.23003930e-04 4.11904198e-04 3.57710912e-05
7.09060446e+01 6.11373398e-02 -5.05089337e-03 -5.60446586e-02 5.52205060e-05 6.61338527e-04 3.09161352e-04
7.36091306e+01 5.40942767e-02 1.93827742e-02 -6.19206415e-02 1.88167839e-04 3.23612657e-04 5.33625687e-05
7.63112962e+01 4.66978032e-02 1.01670493e-02 -6.71719613e-02 1.20868881e-04 2.61886573e-04 7.41727532e-05
7.90118556e+01 5.06674148e-02 1.20733224e-02 -7.08218376e-02 1.15515895e-04 3.15361002e-04 1.38691403e-04
8.17078852e+01 5.55345036e-02 1.31292793e-02 -6.29892881e-02 2.08409109e-04 1.28817429e-04 2.47203856e-04
8.44148931e+01 4.95253146e-02 1.32494828e-02 -5.78958023e-02 2.44148270e-04 1.29959664e-04 1.86650638e-04
8.71127274e+01 5.18040043e-02 5.20941314e-03 -5.49347357e-02 3.84964653e-05 2.30849694e-04 1.39531173e-04
8.98084384e+01 5.81670671e-02 4.08412649e-03 -4.89292960e-02 1.24690148e-04 1.84534352e-04 9.04981712e-05
9.25152665e+01 6.61429274e-02 -1.97958798e-03 -4.93476946e-02 1.00938540e-04 1.67419036e-04 1.08819425e-04
9.52208009e+01 7.34179079e-02 -6.08976949e-03 -4.98796266e-02 6.39261749e-05 2.25933349e-04 2.41051155e-04
9.79177727e+01 7.12156127e-02 6.32071596e-03 -5.69129052e-02 1.07342733e-04 1.31600182e-04 1.52139498e-04
1.00621560e+02 6.57314454e-02 1.14963519e-03 -4.66678489e-02 1.00416441e-04 2.80097132e-04 8.96954839e-05
1.03321966e+02 6.32046168e-02 2.72874945e-03 -5.66432716e-02 1.13555078e-04 2.46685333e-04 2.37175098e-04
1.06025982e+02 5.13234510e-02 6.11217800e-04 -5.50922344e-02 8.51012598e-05 2.67331929e-04 1.36507299e-04
1.08717467e+02 5.83746550e-02 -5.44831562e-03 -5.94756812e-02 2.04350318e-04 2.68245466e-04 3.42463389e-05
1.11406545e+02 5.90813269e-02 -2.71073577e-03 -6.07481468e-02 5.62963024e-05 4.13173499e-04 1.12345520e-04
1.14098638e+02 5.92285582e-02 2.44390265e-03 -5.43817802e-02 6.16050897e-05 1.34648420e-04 2.12119835e-04
1.16804904e+02 5.56435937e-02 -1.21820360e-03 -5.30190695e-02 2.97429855e-04 5.16230066e-05 1.79531537e-04
1.19508248e+02 6.07946198e-02 8.58656040e-03 -6.30281977e-02 2.58092173e-04 1.10613976e-04 9.78217650e-05
1.22201060e+02 5.32979323e-02 -1.20654141e-03 -6.19931051e-02 1.81261375e-04 1.32526453e-04 2.43821248e-04
1.24902748e+02 5.16456173e-02 1.00484921e-03 -6.77087036e-02 1.55518241e-04 1.65232555e-04 6.73538189e-05
1.27599513e+02 5.04904415e-02 -1.48331851e-03 -7.02476299e-02 8.27433843e-05 1.35572343e-04 1.06486699e-04
1.30308154e+02 5.67591875e-02 -1.52661772e-02 -7.00754452e-02 2.10770079e-04 1.64036003e-04 1.07937038e-04
1.33006576e+02 5.72823268e-02 -8.10989961e-04 -6.79689659e-02 6.17581404e-05 1.52979666e-04 5.39350749e-05
1.35706951e+02 6.17296358e-02 -4.72978044e-03 -5.78647349e-02 3.37081712e-05 6.25806827e-05 9.75532567e-05
1.38414170e+02 6.16058773e-02 -1.74197097e-03 -4.92015770e-02 1.62579470e-04 3.72967602e-04 7.24815811e-05
1.41108685e+02 7.64215235e-02 -3.31760369e-03 -3.96445110e-02 9.04095343e-05 1.60800108e-04 6.24523501e-05
1.43806279e+02 7.28563998e-02 -5.43220327e-03 -2.83778357e-02 5.44812858e-05 1.10123875e-04 6.73254842e-05
1.46509545e+02 7.39772984e-02 -1.96049482e-03 -1.37489130e-02 1.94448435e-04 2.15300604e-04 1.79074136e-04
1.49208216e+02 7.70098463e-02 -6.76860836e-03 9.59604373e-03 7.41340294e-05 2.20769539e-04 1.46966597e-04
1.51906373e+02 6.75581126e-02 -2.21282003e-03 3.63248534e-02 2.24119978e-05 4.56972262e-04 1.18871328e-04
1.54604201e+02 6.13673862e-02 2.01213863e-03 4.14085297e-02 1.42238400e-04 1.70577084e-04 7.88050527e-05
1.57302654e+02 6.59360987e-02 -5.56376622e-03 5.14092097e-02 6.13537340e-05 1.56128652e-04 1.68865040e-04
1.60002654e+02 6.40409909e-02 -6.93481624e-03 5.81219655e-02 7.43217967e-05 2.21027552e-04 8.32901858e-05
1.62687670e+02 5.80552054e-02 -7.35825861e-03 5.91571705e-02 1.16489908e-04 3.99686937e-04 1.24102516e-04
1.65378435e+02 5.84801921e-02 -8.38101843e-03 5.91757198e-02 1.67822009e-04 2.20108678e-04 1.35197062e-04
1.68079498e+02 5.95755975e-02 -1.16878856e-02 5.34520347e-02 4.21413024e-04 1.78618478e-04 7.77207034e-05
1.70772873e+02 6.06646650e-02 -6.75319790e-03 5.96045958e-02 1.53149638e-04 2.77988850e-04 1.64518457e-04
1.73486795e+02 6.24911248e-02 -1.12564933e-02 5.20996535e-02 1.62005447e-04 2.09675446e-04 1.96642557e-04
1.76182076e+02 6.00591125e-02 -3.03700989e-03 5.82484928e-02 2.50278978e-05 2.41706721e-04 1.25042622e-04
1.78877451e+02 5.46579479e-02 -8.46660088e-03 6.04743284e-02 8.58596431e-05 1.31851007e-04 9.45964824e-05
1.81578513e+02 5.95940457e-02 -1.17086341e-03 5.51849156e-02 3.46028928e-05 3.89041777e-05 7.83913606e-05
1.84263904e+02 6.29465752e-02 -8.14672847e-03 5.84456510e-02 8.69221977e-05 1.36110820e-04 1.38138228e-04
1.86976341e+02 6.06831148e-02 -2.47321686e-03 5.02887325e-02 1.14552853e-04 7.33625819e-05 1.02804396e-04
1.89679873e+02 5.89606990e-02 -5.77533376e-03 5.02679413e-02 8.18629553e-05 8.41315424e-05 1.38481059e-04
1.92370998e+02 6.52453221e-02 -5.43967629e-03 5.60251485e-02 5.52029778e-05 1.54222730e-04 1.25260849e-04
1.95067607e+02 6.48536257e-02 -3.95188164e-03 5.50457742e-02 1.18002949e-04 7.81259583e-05 1.85087210e-04
1.97759560e+02 5.99388060e-02 -7.40981020e-03 6.37920058e-02 1.55730667e-04 1.97135511e-04 1.10170742e-04
2.00454482e+02 5.76129508e-02 1.29363154e-03 6.43397864e-02 1.55882172e-05 1.77779808e-04 8.97498447e-05
2.03155638e+02 5.71918433e-02 -1.86099793e-03 6.32737023e-02 1.49152690e-04 3.94957791e-04 1.05931464e-04
2.05860138e+02 5.70585387e-02 -3.62400057e-03 6.29681174e-02 1.82419443e-05 1.48630929e-04 6.49195705e-05
2.08560123e+02 4.98180990e-02 4.00354935e-03 6.47375906e-02 7.79197953e-05 2.53179330e-04 1.81504843e-04
2.11264310e+02 5.36644899e-02 -1.07772752e-02 6.48452232e-02 1.43642398e-04 2.28796551e-04 1.86642221e-04
2.13971857e+02 5.08198570e-02 -8.04313983e-03 6.73767033e-02 1.05774744e-04 4.13037248e-04 7.78858281e-05
2.16668670e+02 5.41485825e-02 -4.33720754e-03 6.97765103e-02 6.20870185e-05 4.05543387e-04 6.78747174e-05
2.19367357e+02 4.65858274e-02 1.62254925e-03 6.14839533e-02 1.88781599e-04 2.17384339e-04 4.51167556e-05
2.22066701e+02 5.37876360e-02 -2.45319907e-03 6.20421983e-02 1.73982513e-04 2.62399235e-04 1.41992298e-04
2.24770326e+02 5.84952532e-02 3.73083947e-03 5.73704872e-02 1.23068144e-04 1.33999875e-04 6.80001384e-05
2.27476404e+02 4.75310981e-02 3.33142899e-03 5.33966252e-02 1.55771248e-04 8.80353955e-05 4.79896798e-05
2.30184513e+02 4.30070686e-02 -1.42132724e-03 6.40692207e-02 1.30440779e-04 1.94775052e-04 1.96189836e-04
2.32888482e+02 4.66411516e-02 -2.63699817e-03 6.75884508e-02 1.05392813e-04 2.09843680e-04 2.64836260e-04
2.35589029e+02 4.57297395e-02 -1.16619997e-02 7.20555518e-02 1.38744292e-04 2.28755528e-04 1.70228498e-04
2.38290873e+02 4.43346467e-02 -1.45292804e-02 7.47032542e-02 2.38107933e-04 5.49080316e-05 9.78115630e-05
2.40997029e+02 4.17179807e-02 -5.24880241e-03 7.02940540e-02 1.14626521e-04 4.00490360e-04 7.92809915e-05
2.43704998e+02 5.00063701e-02 -2.99980635e-04 6.04881922e-02 8.75466714e-05 2.38509979e-04 5.37748202e-05
2.46401263e+02 5.06760453e-02 6.88235168e-05 5.53926007e-02 1.49115352e-04 5.99703273e-04 5.21256930e-05
2.49105576e+02 5.26756163e-02 3.32907434e-03 5.80098214e-02 1.65621323e-05 4.74207152e-04 1.28159283e-04
2.51802873e+02 5.23019231e-02 1.16100477e-02 6.23807255e-02 1.56610922e-04 7.49746779e-04 1.28108897e-04
2.54502748e+02 5.97448820e-02 1.41679751e-03 5.73019360e-02 1.48130136e-04 4.61546685e-04 1.97797270e-04
2.57206795e+02 5.40998407e-02 1.25638963e-02 6.44198090e-02 1.85749542e-04 1.96666186e-04 8.03612518e-05
2.59914185e+02 5.58677621e-02 5.25297959e-03 5.37672708e-02 3.76739997e-05 9.38890250e-05 1.22952076e-04
2.62612404e+02 6.44492873e-02 8.64256006e-03 5.34757794e-02 4.43083227e-05 2.32525562e-04 4.27706929e-05
2.65307982e+02 5.97093995e-02 1.36117108e-02 6.27910860e-02 1.83687720e-04 2.21136158e-04 2.36401607e-04
2.68000991e+02 6.50132982e-02 -4.49803575e-05 5.79188908e-02 2.34870162e-04 1.56764092e-04 2.11948353e-05
