6.83634584e-01 4.75418710e-02 1.70655012e-03 5.95813035e-02 2.74310025e-05 2.48312858e-04 6.43486902e-05
3.39070152e+00 6.05974884e-02 -6.89506309e-04 5.81436224e-02 1.91327406e-04 2.57886344e-04 1.40218649e-04
6.09456402e+00 5.91493074e-02 -5.21556160e-03 6.64329493e-02 5.08539202e-05 1.59689121e-04 8.07820023e-05
8.79414589e+00 6.26259362e-02 -4.36641227e-03 6.88435236e-02 3.14570747e-05 1.34645408e-04 5.43134418e-05
1.14953182e+01 6.87505750e-02 -1.98296782e-03 6.05465238e-02 6.35895538e-05 1.69556929e-04 1.52500876e-04
1.42011823e+01 6.39496852e-02 2.83026667e-03 5.05920861e-02 8.53682794e-05 1.75717712e-04 7.33107903e-05
1.69047323e+01 7.15020050e-02 -6.46978953e-03 5.04010802e-02 1.37911969e-04 1.76788184e-04 4.74964217e-05
1.96138042e+01 6.85523517e-02 -9.96657762e-03 5.35099747e-02 8.06438870e-05 1.89424912e-04 1.19631882e-04
2.23092901e+01 6.97022260e-02 7.45090087e-04 4.71630012e-02 1.82069810e-04 1.08490031e-04 2.53957852e-04
2.50241042e+01 7.18171752e-02 8.57310939e-04 4.90433518e-02 8.39892284e-05 4.89766287e-04 1.23015498e-04
2.77236761e+01 6.47673724e-02 -2.01877274e-03 4.01144301e-02 7.98070692e-05 2.63212081e-04 6.88485293e-05
3.04221089e+01 6.97099385e-02 -7.18708197e-03 4.03921553e-02 1.37055613e-04 6.73641524e-05 1.10323974e-04
3.31075964e+01 6.16445117e-02 8.80286878e-06 2.13106919e-02 1.09387192e-04 1.09921611e-04 1.47063695e-04
3.58061839e+01 7.35164438e-02 -4.61509387e-03 1.83087448e-02 7.76085285e-05 4.63394551e-04 1.65388438e-04
3.85024901e+01 7.95012273e-02 -9.69556125e-03 5.68751239e-03 2.17217945e-04 1.44363147e-04 6.26734544e-05
4.12010604e+01 8.16997892e-02 2.18311387e-03 -1.14487326e-02 2.36975753e-04 2.10337694e-04 1.78691008e-04
4.38918839e+01 7.84473354e-02 3.99810170e-03 -3.20874727e-02 1.80895776e-04 3.91541278e-04 1.52788783e-04
4.65869245e+01 7.38953815e-02 3.60984165e-04 -4.70100550e-02 3.67182230e-05 3.53585565e-04 1.16142923e-04
4.92866776e+01 7.04038141e-02 -2.40944454e-03 -5.27501417e-02 1.28694996e-04 1.28246646e-04 5.24928621e-05
5.19734182e+01 7.14458854e-02 -4.16114110e-03 -5.51471822e-02 7.87267061e-05 2.50266974e-04 6.55210485e-05
5.46786761e+01 6.50476793e-02 -1.00660137e-03 -5.60214280e-02 8.38327499e-05 5.20238751e-04 2.33988003e-04
5.73792354e+01 6.37037230e-02 -1.34288062e-03 -5.92961482e-02 2.04080152e-04 3.58906326e-04 3.04585659e-05
6.00826042e+01 5.86796983e-02 -2.50929700e-03 -5.84309747e-02 7.62687324e-05 2.74455634e-04 2.43047227e-04
6.27842901e+01 5.75245100e-02 -3.12829636e-03 -5.75704447e-02 1.17949816e-04 1.94770686e-04 2.03314760e-04
6.54770886e+01 5.10148860e-02 6.69241515e-03 -6.88682784e-02 1.37257602e-04 2.90629445e-04 1.06449868e-04
6.81804261e+01 4.34282923e-02 -2.94565276e-03 -6.21038503e-02 1.19894640e-04 1.73199927e-04 2.00356956e-04
7.08778292e+01 5.33997113e-02 -2.33585825e-03 -6.90407256e-02 1.19434705e-04 1.90057554e-04 2.14831003e-04
7.35840651e+01 5.80830285e-02 5.01253291e-03 -6.43080460e-02 1.64294849e-04 1.03202875e-04 2.66123742e-04
7.62907120e+01 5.94083100e-02 -3.13100765e-03 -5.96778035e-02 2.43540715e-04 1.06357046e-04 5.72711986e-05
7.89865917e+01 5.64505080e-02 -2.91418278e-03 -5.65577354e-02 1.38992438e-04 2.12405340e-04 2.44251891e-04
8.16935323e+01 6.42232248e-02 2.46854206e-03 -5.87646053e-02 1.53800924e-04 1.48406350e-04 8.68543619e-05
8.43921573e+01 5.82084807e-02 -2.05620967e-03 -6.52171310e-02 1.43128936e-04 1.71072305e-05 6.29770270e-05
8.70846948e+01 5.08998522e-02 -2.71886744e-03 -6.96922842e-02 1.23316468e-04 4.37318387e-05 9.82454956e-05
8.97816151e+01 5.27260242e-02 4.16920787e-03 -6.75837470e-02 4.87106967e-05 1.35711601e-04 5.48559609e-05
9.24865245e+01 5.51156073e-02 1.26872776e-02 -6.66421019e-02 1.18230100e-04 1.15177238e-04 4.60799242e-05
9.51899932e+01 5.26905080e-02 1.01928828e-02 -5.98704214e-02 1.43598083e-04 4.10974889e-04 1.02884594e-04
9.78923120e+01 6.04218605e-02 8.90173587e-03 -6.77106347e-02 3.72944630e-05 2.49798686e-04 1.41777891e-04
1.00591234e+02 6.23343494e-02 -4.60659481e-03 -6.24360923e-02 3.67984721e-04 2.04530636e-04 1.39527532e-04
1.03295937e+02 5.08262115e-02 -3.10066873e-03 -6.81382403e-02 1.17035408e-04 4.14800158e-04 2.16726707e-04
1.06007640e+02 5.07365761e-02 1.71819165e-03 -6.10633441e-02 3.01687336e-04 3.53755093e-04 3.32233242e-04
1.08722109e+02 4.68866650e-02 -6.33107111e-03 -6.17683868e-02 3.46007856e-04 6.51840423e-04 2.56865673e-05
1.11420796e+02 4.79615297e-02 -6.30839632e-03 -6.74593964e-02 1.70894325e-04 1.23043177e-04 8.93707294e-05
1.14127046e+02 5.40406909e-02 3.43978114e-04 -7.35658784e-02 1.15886070e-04 2.90189937e-04 1.04009539e-04
1.16834578e+02 5.18113812e-02 7.52197556e-03 -7.33922256e-02 4.56551679e-05 9.40648530e-05 1.93647490e-04
1.19527578e+02 5.21054173e-02 1.66320718e-02 -6.79915013e-02 9.93386778e-05 1.58083949e-04 2.62787274e-04
1.22216249e+02 5.32367330e-02 1.09383164e-02 -6.64660704e-02 3.77604965e-04 1.42131980e-04 2.46484534e-04
1.24911312e+02 6.14369546e-02 7.00672549e-03 -6.07213653e-02 1.50128261e-04 2.15934869e-04 1.68386236e-04
1.27600937e+02 6.17301104e-02 1.00673494e-02 -6.07365389e-02 1.54512382e-04 3.08223579e-04 1.23069034e-04
1.30308796e+02 6.43598052e-02 1.06781965e-02 -5.90167677e-02 1.52869395e-04 6.86338816e-05 7.93281125e-05
1.33005671e+02 6.60864469e-02 5.74606358e-03 -6.21404395e-02 1.19886299e-04 9.93768936e-05 1.90048254e-04
1.35716515e+02 6.76455016e-02 8.39037750e-03 -5.43597674e-02 1.91900387e-04 1.43295782e-04 2.47685532e-04
1.38420796e+02 7.87097757e-02 6.43636084e-03 -4.13045479e-02 9.03165539e-05 6.01015490e-05 2.50950732e-04
1.41122406e+02 8.15190454e-02 6.59814471e-03 -3.08184501e-02 8.61689087e-05 3.07239059e-04 6.90771762e-05
1.43817468e+02 7.16922143e-02 -1.07637999e-03 -1.21961296e-02 8.23530576e-05 2.62014803e-04 4.02487119e-05
1.46511671e+02 7.48247630e-02 -4.98906674e-03 1.63248918e-02 1.79085576e-04 7.34856961e-05 3.91314955e-05
1.49195953e+02 7.06680901e-02 -6.44125925e-03 3.07114813e-02 5.03752065e-05 1.55298655e-04 6.36021013e-05
1.51891093e+02 7.41675058e-02 -1.12360670e-02 4.78112794e-02 1.62529572e-04 2.91996815e-04 5.42192796e-05
1.54584109e+02 5.45672468e-02 4.74829706e-04 5.55382889e-02 7.51345625e-05 3.35181372e-04 7.98239324e-05
1.57286796e+02 6.12054545e-02 5.64718224e-04 6.16451619e-02 2.40110259e-04 5.97265784e-04 5.11355246e-05
1.59973921e+02 5.77943401e-02 -7.73179341e-03 6.31306183e-02 8.21965855e-05 1.31830120e-04 1.38779959e-04
1.62676031e+02 5.04524477e-02 -4.10491714e-04 6.04200747e-02 2.74255702e-04 3.17525290e-04 7.11856486e-05
1.65374281e+02 5.61571151e-02 7.92310153e-04 5.95819081e-02 2.85991010e-04 1.00375292e-04 4.57592309e-05
1.68080328e+02 6.09045032e-02 -3.05355254e-03 6.10636268e-02 9.81343142e-05 1.24609414e-04 1.09848693e-04
1.70778968e+02 5.80540957e-02 -3.04003644e-03 6.30966483e-02 7.58799442e-05 6.27219961e-05 1.71351442e-04
1.73480937e+02 5.32491065e-02 -3.49154023e-03 6.40189059e-02 6.18354341e-05 7.72510521e-05 3.16151194e-04
1.76178390e+02 5.59849075e-02 4.71457450e-03 5.76868096e-02 1.47688689e-04 1.39771311e-04 8.80256089e-05
1.78874781e+02 5.92884685e-02 2.52504736e-03 5.70894882e-02 1.91665318e-04 9.37199084e-05 2.45363089e-04
1.81592984e+02 5.95675778e-02 6.86238314e-03 5.97659914e-02 2.23302646e-04 1.36429597e-04 1.90939497e-04
1.84290265e+02 6.27640868e-02 7.36951324e-03 6.15589732e-02 1.31529430e-04 1.89861732e-04 6.57930534e-05
1.86991890e+02 5.49198042e-02 8.83078445e-03 6.27186316e-02 7.04760347e-05 2.76594143e-04 1.23435232e-04
1.89695406e+02 5.74060045e-02 1.03960475e-02 6.48753434e-02 8.57695639e-05 2.74962753e-04 8.99457210e-05
1.92393906e+02 6.28745206e-02 8.90702780e-03 5.50979228e-02 1.05509372e-04 2.20473437e-04 7.21598250e-05
1.95095390e+02 5.94081615e-02 9.83063004e-03 5.51030535e-02 1.68968846e-04 3.39298146e-04 1.14765978e-04
1.97799578e+02 6.16771214e-02 2.10786930e-03 4.54629649e-02 9.86024384e-05 1.57760496e-04 1.28604193e-04
2.00486578e+02 6.30154776e-02 1.05959769e-02 4.78713171e-02 1.80986835e-04 7.04818898e-05 9.15996865e-05
2.03187374e+02 6.43413383e-02 8.34535328e-03 5.78793512e-02 1.07322497e-04 1.26627698e-04 1.67188884e-04
2.05894640e+02 7.05502680e-02 7.39413038e-03 6.51447428e-02 1.79605542e-04 1.79743106e-04 8.90557085e-05
2.08593468e+02 6.70130131e-02 1.04404255e-02 6.24551525e-02 9.07552574e-05 3.67047196e-04 9.71985176e-05
2.11293515e+02 6.38815872e-02 7.85275773e-03 6.60070455e-02 2.41879451e-04 2.79632570e-04 1.98459625e-04
2.14004359e+02 5.56609744e-02 1.07854837e-02 5.26142844e-02 9.96306838e-05 2.92008804e-04 1.91695474e-04
2.16702015e+02 6.08094892e-02 2.53234873e-03 5.33714213e-02 5.36247939e-05 1.78979592e-04 1.50807262e-04
2.19393921e+02 6.48088600e-02 5.38507597e-03 5.17832474e-02 2.18110214e-04 1.20825298e-04 1.03819320e-05
2.22095156e+02 5.48633758e-02 -6.57669036e-03 5.44305348e-02 7.01528391e-05 1.57766293e-04 1.82025882e-04
2.24793703e+02 5.64659841e-02 -4.40775138e-03 6.02723019e-02 5.88275285e-05 5.82006719e-05 9.01273569e-05
2.27488578e+02 4.65505973e-02 -5.83023041e-03 5.41548713e-02 5.20685032e-05 1.62080861e-04 1.38382394e-04
2.30190421e+02 5.62226565e-02 -1.21105328e-02 5.32070858e-02 1.33712672e-04 2.46621773e-04 1.77029261e-04
2.32896218e+02 5.78935462e-02 -6.23195447e-03 5.00966089e-02 7.81881988e-05 1.95398578e-04 4.72623396e-05
2.35598062e+02 6.07353365e-02 -9.75097876e-03 5.09379087e-02 1.52626175e-04 1.54520285e-04 1.72456527e-04
2.38300359e+02 6.00901711e-02 -8.90942940e-03 4.67693091e-02 7.25944343e-05 2.49409073e-04 1.64305465e-04
2.41000203e+02 6.06051843e-02 -3.05798428e-03 5.33700447e-02 1.38883893e-04 1.02543747e-04 7.27502314e-05
2.43697624e+02 6.71596009e-02 -2.90323361e-03 4.97704592e-02 1.31058386e-04 4.61620094e-04 1.07224136e-04
2.46392328e+02 6.66244752e-02 -6.97635492e-03 5.66123341e-02 1.00209369e-04 4.77920528e-04 1.26892754e-04
2.49097515e+02 6.27755310e-02 -7.87108728e-03 5.69748353e-02 6.36060294e-05 3.21683861e-04 1.15163852e-04
2.51792765e+02 5.86457588e-02 -6.58827824e-04 6.33293745e-02 3.25069564e-04 2.10376257e-04 3.62954659e-04
2.54496359e+02 5.20994286e-02 -8.08952334e-03 5.86542844e-02 1.33431054e-04 7.14664903e-05 1.52243183e-04
2.57200781e+02 4.71016010e-02 3.42844375e-03 5.56192092e-02 1.61109628e-04 4.54458775e-04 8.74984015e-05
2.59903624e+02 5.32105913e-02 1.69359424e-03 6.15515748e-02 1.10635052e-04 2.88037814e-04 7.63888597e-05
2.62605593e+02 5.51088599e-02 4.20838531e-03 7.07343120e-02 9.17212670e-05 2.59031286e-04 4.20658335e-05
2.65317968e+02 5.88277392e-02 -1.43762220e-03 6.69793943e-02 5.21305214e-05 1.64557784e-04 8.40652080e-05
2.68016777e+02 5.10609082e-02 -6.24706935e-03 5.83531701e-02 1.03955100e-04 1.80320794e-04 3.28166822e-05
