7.00421511e-01 7.15849781e-02 -8.89843849e-03 5.31484235e-02 3.19359153e-04 1.85700995e-04 6.63304973e-05
3.40726159e+00 5.84556031e-02 4.03890729e-03 4.97999986e-02 4.96194877e-05 4.16861814e-04 1.32773545e-04
6.10304049e+00 6.55346078e-02 1.06613687e-03 5.30680995e-02 1.36203130e-04 4.30712410e-04 1.33374121e-04
8.79776143e+00 6.08311981e-02 1.84185342e-03 5.48597518e-02 1.61898387e-04 3.32124224e-04 1.12242078e-04
1.14958494e+01 5.95542531e-02 7.41802091e-03 6.58068817e-02 1.68745060e-04 2.17639133e-04 2.55822673e-05
1.41878744e+01 6.17858965e-02 3.99803855e-03 6.66489698e-02 1.91491834e-04 2.88378704e-04 8.19335406e-05
1.68854119e+01 5.98094188e-02 1.88558428e-03 6.23738350e-02 1.09071018e-04 3.18576810e-04 7.84925793e-05
1.95867807e+01 6.67119823e-02 5.15317228e-03 6.16207902e-02 1.55141553e-04 2.69015177e-04 1.26205268e-04
2.22862353e+01 6.43642733e-02 8.38607664e-03 6.09073279e-02 3.02944974e-05 1.73286818e-04 2.11413426e-04
2.49804447e+01 6.53517083e-02 1.23820015e-02 4.90772225e-02 1.28671233e-04 2.80573255e-04 1.81760870e-04
2.76852150e+01 6.29477815e-02 1.25174492e-02 4.55693329e-02 8.80144680e-05 2.67701491e-04 2.82353329e-04
3.03748025e+01 6.36226145e-02 4.07344946e-03 4.69540732e-02 5.06477929e-05 6.22388216e-04 5.99116780e-05
3.30726806e+01 7.06298351e-02 5.00702784e-04 4.04598352e-02 6.76010531e-05 4.03543361e-04 6.81376647e-05
3.57724900e+01 7.20659293e-02 2.16750751e-03 3.06392031e-02 5.59990408e-05 4.24333121e-04 7.65196182e-05
3.84677791e+01 7.79523683e-02 -6.03043126e-03 7.93087460e-04 3.86602691e-05 5.83349586e-04 2.02773683e-04
4.11622697e+01 8.35661330e-02 -3.69339088e-03 -2.26855844e-02 1.89618281e-05 5.01927596e-04 2.47447423e-05
4.38652322e+01 8.05203734e-02 -2.79655530e-03 -4.28200100e-02 3.15196718e-05 1.21216831e-04 1.55761098e-04
4.65657322e+01 8.01435956e-02 3.96427122e-03 -5.51200134e-02 1.00421624e-04 3.30430223e-04 2.29163713e-04
4.92788916e+01 7.09733630e-02 2.01727269e-03 -6.65382663e-02 1.19295478e-04 2.42731100e-04 1.01076960e-04
5.19928494e+01 6.20636139e-02 4.03387851e-03 -6.00800272e-02 1.05348333e-04 1.32177579e-04 8.69081324e-05
5.46897510e+01 6.45511630e-02 2.07036866e-03 -6.14320806e-02 9.29699800e-05 8.00086857e-05 9.31802010e-05
5.73910510e+01 5.92150622e-02 3.63640539e-03 -6.10550157e-02 4.25853481e-05 1.20661742e-04 1.55877375e-04
6.00885478e+01 6.39918889e-02 2.16765264e-03 -6.18220868e-02 1.44122207e-04 5.01977533e-04 1.33602648e-04
6.27837322e+01 6.11062637e-02 2.61281902e-03 -6.10527957e-02 7.69974842e-05 2.16897691e-04 8.65133268e-05
6.54846838e+01 6.01460293e-02 4.47589566e-03 -5.97734509e-02 6.04263740e-05 3.98288612e-04 3.27571261e-05
6.81901853e+01 6.40633445e-02 -2.42628332e-03 -5.18807248e-02 4.52547208e-05 2.71713311e-04 1.15200438e-04
7.08895072e+01 6.96663460e-02 -5.15000659e-03 -6.00752043e-02 9.49377887e-05 1.80432970e-04 5.59366945e-05
7.35829994e+01 6.69226622e-02 3.19141820e-03 -5.83773753e-02 3.57846806e-05 3.19508721e-04 2.02566387e-04
7.62915197e+01 6.51697534e-02 -2.55707610e-03 -5.86080541e-02 9.02610215e-05 2.39930604e-04 1.05328564e-04
7.89778806e+01 6.85639535e-02 5.17139924e-04 -5.67980330e-02 7.92660354e-05 2.05913311e-04 9.56454994e-05
8.16886432e+01 6.00998239e-02 1.10836486e-03 -6.14517936e-02 8.85830460e-05 3.75885370e-04 4.94940659e-05
8.43896838e+01 5.59643049e-02 -8.50877359e-05 -6.34264939e-02 1.34199610e-04 1.60887605e-04 2.70076869e-04
8.70841275e+01 5.76087047e-02 6.36952960e-03 -6.94411759e-02 3.17610066e-04 3.37302163e-04 1.48962906e-04
8.97871010e+01 6.44625985e-02 5.22203366e-03 -6.76443065e-02 3.90621890e-05 3.87152897e-05 5.83675704e-05
9.24887338e+01 6.52032533e-02 2.84798597e-03 -5.54601629e-02 1.00730214e-04 1.26756278e-04 1.38188534e-04
9.51738322e+01 6.24235833e-02 7.32755515e-03 -4.70289456e-02 1.19326401e-04 2.33510711e-04 1.31615087e-04
9.78739447e+01 6.22569358e-02 1.02734418e-02 -4.69463310e-02 1.39441999e-04 2.38796856e-04 3.54778523e-04
1.00573354e+02 7.03038092e-02 4.70039585e-03 -4.37029110e-02 3.51705878e-04 2.27038691e-04 1.64297258e-04
1.03265995e+02 7.67878297e-02 1.06984425e-02 -4.76781238e-02 6.45162507e-05 2.95097719e-04 1.17805283e-04
1.05951526e+02 6.87940377e-02 1.31260012e-02 -4.47963984e-02 1.16223618e-04 2.72333395e-04 7.35872007e-05
1.08650745e+02 6.78392671e-02 -3.41799770e-03 -5.96130279e-02 2.93022129e-05 1.01198867e-04 1.14609546e-04
1.11350479e+02 6.47965393e-02 1.07402525e-03 -6.51086020e-02 5.25529550e-05 1.90318435e-04 8.50216600e-05
1.14062292e+02 5.75323990e-02 1.53958107e-03 -7.41465373e-02 1.13487118e-04 7.55685418e-05 4.81870435e-05
1.16759495e+02 5.79643921e-02 -1.78498382e-03 -7.02101273e-02 2.86721000e-05 1.33399542e-04 1.23057769e-04
1.19460385e+02 6.12299988e-02 -3.36681924e-03 -6.18730676e-02 8.25585071e-04 5.43297268e-05 1.63718875e-04
1.22169088e+02 6.73993177e-02 -8.08637867e-03 -5.94765391e-02 9.72181229e-05 8.60144137e-05 5.14180971e-04
1.24872917e+02 6.12058178e-02 -1.21123994e-02 -5.72339886e-02 1.18429419e-04 3.32380953e-04 5.79765206e-05
1.27577479e+02 6.97060088e-02 -4.44294217e-04 -6.66076953e-02 5.81532473e-05 4.20478270e-04 1.28750615e-04
1.30278745e+02 7.11706162e-02 3.12852266e-04 -6.86065579e-02 4.97034934e-05 3.83753139e-04 6.89488886e-05
1.32982026e+02 6.37651597e-02 2.59722374e-03 -5.85943537e-02 1.47166039e-04 1.06877220e-04 7.00759631e-05
1.35680073e+02 6.65151609e-02 -1.01042986e-02 -5.10970456e-02 6.72243662e-05 2.59956369e-04 2.27213079e-04
1.38373213e+02 7.32753735e-02 -4.67588763e-04 -4.76099865e-02 8.52211277e-05 2.98040510e-04 9.95808446e-05
1.41077432e+02 8.22116450e-02 -5.83139006e-03 -4.49469302e-02 1.53989272e-04 3.72358992e-05 8.31146092e-05
1.43767838e+02 7.83956095e-02 3.20623028e-03 -2.65395805e-02 1.56025944e-04 2.25685747e-04 5.89342211e-05
1.46477604e+02 8.36991009e-02 3.45948636e-03 1.04568725e-03 7.85999965e-05 2.43249630e-04 1.81692995e-04
1.49166979e+02 7.25053209e-02 2.23035807e-03 1.55823090e-02 1.03000851e-04 1.74512041e-04 1.96577470e-04
1.51870401e+02 6.57869241e-02 1.37324478e-02 3.62304426e-02 1.14851141e-04 2.28794908e-04 7.03813824e-05
1.54560370e+02 6.64118095e-02 8.52240681e-03 5.03799139e-02 7.27715965e-05 1.50222382e-04 9.19892514e-05
1.57266073e+02 6.68156481e-02 2.34875509e-03 5.82311295e-02 3.11146130e-05 7.84438402e-05 1.01746539e-04
1.59959526e+02 6.19966657e-02 -4.56736957e-03 5.77779071e-02 9.29910195e-05 9.23795336e-05 1.94831256e-05
1.62663167e+02 6.43549667e-02 -1.06403178e-02 6.01146039e-02 2.12926391e-04 1.76311667e-04 1.05417585e-04
1.65379573e+02 5.36324210e-02 -1.47200597e-02 6.17527376e-02 4.92907749e-05 2.01884922e-04 7.76045421e-05
1.68084260e+02 6.08375649e-02 -1.08074470e-02 7.04957273e-02 1.33350202e-04 1.47886806e-04 1.45820334e-04
1.70792026e+02 5.81056980e-02 -6.49336165e-03 6.78692686e-02 2.41301856e-04 3.30556905e-04 1.22008052e-04
1.73501338e+02 5.61566522e-02 -3.72869073e-03 6.27360485e-02 2.78456413e-04 3.40862705e-04 1.76379195e-05
1.76206948e+02 5.25454855e-02 -2.79103053e-03 6.48909230e-02 9.87226563e-05 7.78611542e-05 5.19472518e-04
1.78905010e+02 5.03140713e-02 7.29840625e-03 6.87165423e-02 6.69709639e-05 1.60301221e-04 1.32615127e-04
1.81598276e+02 5.37882242e-02 -1.39853608e-05 6.62614453e-02 1.08056409e-04 1.75159656e-04 1.11826359e-04
1.84301323e+02 5.09866434e-02 5.38866242e-03 7.26531974e-02 1.47681794e-04 8.42444311e-05 3.26727780e-05
1.86999526e+02 5.72683265e-02 3.24656096e-03 5.65812507e-02 1.62923253e-05 5.78065168e-05 1.32861704e-04
1.89699260e+02 5.18638263e-02 4.39570687e-03 5.72123823e-02 1.24333554e-04 2.48596783e-04 1.08751084e-04
1.92395932e+02 5.80608228e-02 6.83475009e-03 6.45878171e-02 1.88376237e-04 6.34533386e-05 1.24554838e-04
1.95091698e+02 6.38641494e-02 9.54890698e-03 6.00934320e-02 4.50164576e-05 2.32512663e-04 1.84679739e-05
1.97805823e+02 6.69028692e-02 7.52189597e-03 5.90063071e-02 1.21594091e-04 1.39158456e-04 6.30807435e-05
2.00494495e+02 6.94223437e-02 9.31335910e-03 5.55899715e-02 8.31215328e-05 1.02106278e-04 7.15617255e-05
2.03197229e+02 6.59100680e-02 1.97967054e-03 5.32622063e-02 1.02164133e-04 1.43447334e-04 6.35241913e-05
2.05908245e+02 7.01554848e-02 8.03252213e-04 5.96423937e-02 9.32525261e-05 2.28515209e-04 5.15982746e-05
2.08606338e+02 6.65536296e-02 5.88764727e-03 5.99385374e-02 1.54552626e-04 2.15618963e-04 6.78357313e-05
2.11309198e+02 6.67848688e-02 5.81874194e-03 6.59696460e-02 1.68558923e-04 1.37957583e-04 1.21063337e-04
2.14012151e+02 7.25742837e-02 7.96500628e-03 5.39924371e-02 3.52393858e-05 1.19716318e-04 1.60426899e-04
2.16707979e+02 6.88597392e-02 1.23139032e-02 5.96053603e-02 5.08377158e-05 2.04570355e-04 2.99352183e-05
2.19413667e+02 6.77782735e-02 5.16054574e-03 6.11802574e-02 5.89951329e-05 2.68135130e-04 2.42176288e-05
2.22115401e+02 6.35336900e-02 1.23292982e-02 5.56091381e-02 1.13710349e-04 8.88294562e-05 2.15146958e-04
2.24812463e+02 5.61486889e-02 1.37659456e-02 6.04938570e-02 5.20924230e-05 1.24776666e-04 1.06668319e-04
2.27515698e+02 4.98782230e-02 1.89983225e-03 5.90515371e-02 6.89204413e-05 2.02781180e-04 6.15439951e-05
2.30220026e+02 5.66130228e-02 -2.57821780e-03 6.47652276e-02 6.39089338e-05 1.10406637e-04 3.32727568e-04
2.32915198e+02 4.77271255e-02 -4.19493507e-03 6.26391223e-02 1.01733036e-04 1.77849250e-04 2.83805647e-04
2.35618823e+02 5.89549089e-02 -4.76652638e-03 6.31740827e-02 1.38092896e-04 5.13226021e-05 1.69952427e-04
2.38332245e+02 6.30802697e-02 -6.07409299e-03 6.09194944e-02 7.88197078e-05 1.22527098e-04 7.78570214e-05
2.41033620e+02 5.37474450e-02 -1.29998867e-02 5.84484977e-02 7.07974694e-05 1.58196414e-04 2.01005588e-04
2.43726167e+02 5.56631134e-02 -9.69836493e-03 5.65228341e-02 2.37920582e-04 1.23329629e-04 4.94427169e-05
2.46434588e+02 5.34210233e-02 -1.41197873e-02 5.43241494e-02 1.13823723e-04 2.09401836e-04 9.34104880e-05
2.49135588e+02 6.62240955e-02 -6.24726128e-03 6.14326527e-02 1.61263555e-04 1.18425437e-04 5.25649107e-05
2.51832995e+02 7.42073960e-02 -1.30635226e-02 5.49905568e-02 7.57214902e-05 1.88377699e-04 1.23066813e-04
2.54520995e+02 6.75679711e-02 -6.76023997e-03 5.35873113e-02 1.36460274e-04 2.19882146e-04 1.92786569e-04
2.57228510e+02 5.96954599e-02 -7.24218368e-03 5.15541928e-02 8.00462005e-05 2.80666346e-04 3.47260159e-05
2.59928073e+02 6.53225697e-02 -4.77995139e-03 4.54414173e-02 8.17758541e-05 2.35108305e-04 7.12485428e-05
2.62625667e+02 7.15109484e-02 2.44607881e-03 4.93666023e-02 9.59773742e-05 4.83138286e-04 1.33429993e-04
2.65337635e+02 7.44324799e-02 -6.64071765e-03 4.01790050e-02 1.64900447e-04 1.53678185e-04 1.56481709e-04
2.68030779e+02 6.89468427e-02 -9.38720388e-03 4.83566818e-02 1.02637397e-04 8.85198586e-05 6.67787390e-05
