7.00668967e-01 6.61898459e-02 -4.73603418e-03 5.41259942e-02 2.31138696e-04 1.44925849e-04 8.10599712e-05
3.40452181e+00 5.51724464e-02 -4.21913456e-04 5.76483468e-02 1.04863027e-04 1.40684348e-04 2.63285252e-04
6.09745353e+00 6.22781824e-02 1.21161502e-03 5.49673891e-02 9.92198174e-05 2.80687318e-04 1.44860755e-04
8.80415384e+00 6.39812535e-02 7.71481723e-03 6.08185359e-02 5.66089182e-05 2.42953662e-04 5.34913572e-05
1.14924862e+01 6.66444173e-02 7.11309474e-03 6.32255647e-02 1.99577037e-04 2.44787687e-04 3.88699149e-05
1.41899893e+01 6.48785144e-02 2.89961635e-03 6.24686851e-02 9.59723514e-05 7.56317359e-05 5.06984430e-05
1.68814565e+01 6.25591422e-02 6.09917938e-03 5.94717842e-02 3.56224130e-05 1.16158963e-04 1.62969386e-04
1.95823909e+01 6.43168382e-02 1.79066828e-03 6.33702069e-02 7.79723484e-05 1.79878063e-04 1.47276521e-04
2.22819721e+01 6.86914865e-02 2.94579778e-03 6.39836757e-02 8.63270396e-05 1.16451221e-04 8.44697198e-05
2.49829581e+01 6.57961605e-02 1.36506976e-02 4.79573018e-02 3.31946945e-04 2.90910484e-04 1.70543281e-04
2.76789956e+01 6.35662956e-02 1.96320100e-02 4.73411962e-02 5.46056869e-05 1.62890375e-04 1.21320033e-04
3.03753456e+01 6.31693607e-02 9.80819210e-03 5.05406377e-02 2.27085491e-04 4.87029582e-04 4.94682221e-05
3.30823659e+01 7.49229377e-02 -5.63251688e-03 4.17956337e-02 1.24423348e-04 2.17742965e-04 1.53984362e-04
3.57741206e+01 6.97140633e-02 3.09614171e-03 2.80116674e-02 5.66228146e-05 3.59310364e-04 3.62361350e-05
3.84676831e+01 7.62428341e-02 -6.24528760e-03 -3.88558210e-03 1.24243956e-04 2.18287774e-04 1.37097125e-04
4.11675737e+01 7.84961218e-02 -6.10139022e-03 -1.83927111e-02 9.46361936e-05 5.13399822e-04 1.03619122e-04
4.38673815e+01 7.36959721e-02 -7.48719717e-03 -3.87376588e-02 4.66882506e-05 2.27139748e-04 1.01731388e-04
4.65697846e+01 7.83218243e-02 2.14927437e-03 -5.08550818e-02 9.80486762e-05 3.08461247e-04 1.07750965e-04
4.92768284e+01 6.81491995e-02 2.56772663e-03 -6.71467743e-02 1.36248684e-04 1.12641648e-04 8.07020056e-05
5.19838409e+01 6.22018261e-02 1.10350752e-03 -5.82957879e-02 1.00468983e-04 9.33345051e-05 1.97314258e-04
5.46852940e+01 6.29099819e-02 -1.11135076e-03 -6.57880636e-02 8.06828497e-05 2.01854480e-04 9.66105485e-05
5.73849690e+01 6.14956086e-02 1.63614151e-03 -6.27351838e-02 5.49069026e-05 2.11445944e-04 1.72428930e-04
6.00769128e+01 6.22633902e-02 2.97845486e-04 -5.95962834e-02 7.67217113e-05 2.90050808e-04 2.71994565e-04
6.27816143e+01 6.17203925e-02 5.22958148e-03 -5.71072670e-02 4.27450983e-05 3.23271009e-04 2.19304739e-05
6.54933393e+01 6.11558528e-02 1.03662931e-03 -5.96957044e-02 3.89920791e-05 3.88344008e-04 8.55052014e-05
6.81889362e+01 6.26059883e-02 9.21672851e-04 -5.44834057e-02 1.23272299e-04 2.00614427e-04 9.72996139e-05
7.08874846e+01 6.71250673e-02 -3.38661089e-03 -6.04810825e-02 8.16179285e-05 9.48239301e-05 1.39358074e-04
7.35892174e+01 7.01264001e-02 -5.79786936e-03 -5.96746962e-02 4.25665712e-05 3.37761105e-04 2.53419250e-04
7.62942674e+01 6.38524500e-02 -4.54663504e-03 -6.14783953e-02 1.04526948e-04 2.62884443e-04 1.00886221e-04
7.89865768e+01 6.65752982e-02 5.07820727e-03 -5.65318423e-02 3.07890639e-05 3.99114979e-04 1.45754288e-04
8.16790768e+01 5.75662658e-02 -7.06923393e-03 -6.36846826e-02 1.32718093e-04 6.78633205e-04 4.13034900e-05
8.43833378e+01 6.63658928e-02 4.60191146e-03 -6.31220984e-02 9.96713705e-05 1.59587405e-04 1.82374262e-04
8.70864174e+01 6.26787116e-02 5.39695131e-03 -6.37928154e-02 2.93010658e-04 8.26106914e-05 1.85782649e-04
8.97909674e+01 6.32986589e-02 7.31542665e-03 -6.46900164e-02 2.19811200e-04 4.30959183e-05 9.00943589e-05
9.24816612e+01 6.54856697e-02 9.80405668e-03 -5.52953152e-02 4.71901133e-05 1.61433483e-04 9.51926624e-05
9.51768924e+01 6.04509375e-02 8.50192868e-03 -4.89739904e-02 2.92892868e-04 4.48501957e-04 2.51654533e-04
9.78759331e+01 6.68347729e-02 3.57755452e-03 -4.54402501e-02 1.32543986e-04 4.70520702e-04 4.37481691e-04
1.00573275e+02 7.12926708e-02 6.77500060e-03 -4.99076470e-02 3.33269535e-04 2.78655832e-04 9.46666404e-05
1.03263353e+02 7.54605947e-02 7.07952574e-03 -4.52659958e-02 1.19650474e-04 2.07214783e-04 1.62608308e-04
1.05959260e+02 7.14365366e-02 8.52067510e-03 -4.59216243e-02 1.03862269e-04 8.86020224e-05 6.17882304e-05
1.08653728e+02 6.55580335e-02 2.14905536e-03 -6.17901122e-02 9.78207741e-05 1.80814168e-04 9.31202030e-05
1.11353556e+02 5.82648924e-02 -3.83567005e-03 -6.52233500e-02 1.03011195e-04 1.51198575e-04 5.86942719e-05
1.14043807e+02 5.73844307e-02 -1.68281386e-03 -7.43613206e-02 1.32278442e-04 5.89411880e-05 7.13363407e-05
1.16753963e+02 5.34571706e-02 -2.96366099e-03 -6.44377756e-02 7.07245693e-05 1.12184386e-04 2.42030790e-04
1.19459260e+02 5.78176085e-02 -5.67542355e-03 -6.77794737e-02 9.00130378e-04 9.91416499e-05 5.41646728e-05
1.22172885e+02 6.16539207e-02 -6.71925245e-03 -5.79900753e-02 1.72523246e-04 1.32583245e-04 3.62126403e-04
1.24871931e+02 6.31799837e-02 -1.08316790e-02 -5.86497395e-02 8.30401276e-05 4.16256524e-04 3.57308206e-05
1.27583635e+02 6.41291720e-02 -6.28573160e-03 -6.08714391e-02 1.39902630e-04 3.87976979e-04 7.94016442e-05
1.30275900e+02 6.89968376e-02 -1.87726354e-03 -6.62126431e-02 1.01879729e-04 3.73194587e-04 1.56202522e-04
1.32983900e+02 6.60266396e-02 4.39801908e-03 -5.93279802e-02 1.29322768e-04 2.27438956e-04 4.01010418e-05
1.35683400e+02 6.81374060e-02 -5.74929547e-03 -4.92227833e-02 5.89403043e-05 6.31361056e-05 1.01895401e-04
1.38387150e+02 7.05535592e-02 -8.03276649e-03 -4.10355888e-02 6.15530815e-05 2.54860475e-04 3.44356907e-05
1.41074213e+02 8.15341921e-02 -7.68066194e-03 -4.04474890e-02 1.33762195e-04 5.69616455e-05 4.29062773e-05
1.43764713e+02 8.48496619e-02 3.74276024e-03 -2.75611664e-02 1.85401538e-04 1.05452142e-04 1.20155549e-04
1.46472775e+02 7.23104040e-02 3.31510638e-03 3.21963824e-03 3.02403907e-05 1.02966198e-04 4.63235204e-05
1.49157557e+02 7.64897455e-02 4.13700105e-03 1.69610636e-02 1.05282854e-04 1.16676295e-04 1.90323579e-04
1.51859197e+02 6.75519990e-02 1.33067750e-02 3.69964845e-02 1.64111606e-04 1.84518262e-04 4.54597428e-05
1.54562697e+02 6.38075268e-02 7.37427590e-03 5.15891500e-02 7.20562803e-05 1.94814284e-04 1.34916138e-04
1.57260291e+02 6.60698320e-02 1.91308188e-03 5.90587698e-02 6.35300076e-05 2.18545459e-04 7.23490778e-05
1.59963541e+02 6.49003280e-02 -1.44498868e-03 5.72191036e-02 1.06346991e-04 1.58736481e-04 1.26447241e-04
1.62654041e+02 6.41365873e-02 -1.22989587e-02 6.30619237e-02 6.26103965e-05 1.75905119e-04 1.13863934e-04
1.65364322e+02 5.29998336e-02 -1.05511757e-02 6.24408796e-02 7.09029062e-05 1.49315326e-04 1.46270866e-04
1.68080525e+02 6.46175082e-02 -7.13119665e-03 6.82769288e-02 2.58025074e-04 2.29198042e-04 2.11080739e-04
1.70792010e+02 6.35384002e-02 -7.97682490e-03 6.80795185e-02 2.15964500e-04 3.28098925e-04 2.13822000e-04
1.73499525e+02 6.25756094e-02 -2.93557674e-03 6.39307555e-02 2.03505448e-04 2.03968321e-04 1.20017006e-04
1.76200322e+02 5.74127092e-02 -1.77053675e-03 7.04234878e-02 1.61355459e-04 1.48813745e-04 1.49186547e-04
1.78905619e+02 5.04886220e-02 8.04790296e-03 6.94091934e-02 1.14386787e-04 1.36442701e-04 9.19939946e-05
1.81602697e+02 4.82418458e-02 2.86348167e-03 6.49483727e-02 1.99243627e-04 1.04125912e-04 5.44493560e-05
1.84289963e+02 5.34143019e-02 -1.05699328e-04 7.09994157e-02 1.24076711e-04 1.14028222e-04 1.56441531e-04
1.86989463e+02 5.24473017e-02 1.76704913e-03 6.24454081e-02 1.16423400e-04 1.12558634e-04 6.50454373e-05
1.89696807e+02 5.72110289e-02 2.72455888e-03 6.12159029e-02 7.60325588e-05 1.62516305e-04 5.96486401e-05
1.92401869e+02 6.03446699e-02 4.96119534e-03 6.39474482e-02 1.74199830e-04 8.18980392e-05 1.13851735e-04
1.95097088e+02 6.58324470e-02 6.54571941e-03 5.95982877e-02 9.68795369e-05 1.98084645e-04 1.18518319e-04
1.97800994e+02 6.90973092e-02 7.49464804e-03 6.10880072e-02 3.72655145e-05 1.01603433e-04 4.80419129e-05
2.00497978e+02 6.84576311e-02 4.43889568e-03 5.50530427e-02 9.28212025e-05 2.20017808e-04 1.57053468e-04
2.03202556e+02 6.00659247e-02 -3.34628650e-04 5.39728364e-02 4.73995698e-05 1.75154728e-04 1.21417916e-04
2.05907932e+02 6.39647753e-02 2.52854755e-04 5.48612053e-02 1.31574021e-04 2.17179060e-04 5.97871853e-05
2.08608853e+02 6.23520846e-02 1.83450859e-03 6.22447909e-02 1.71074866e-04 1.31583683e-04 6.52096650e-05
2.11310869e+02 6.05099502e-02 8.51820576e-03 6.17030552e-02 1.49907290e-04 2.36714311e-04 1.38175132e-04
2.14007338e+02 6.88567410e-02 1.17427544e-02 6.09127878e-02 8.82516275e-05 8.23941063e-05 8.25598124e-05
2.16715994e+02 6.90046342e-02 1.44605226e-02 5.93862856e-02 1.00648972e-04 1.99990932e-04 2.54411326e-05
2.19410963e+02 6.45974009e-02 1.05397686e-02 5.56112868e-02 5.05234745e-05 1.22576993e-04 1.01684116e-04
2.22118650e+02 6.54298752e-02 1.50216130e-02 5.53780091e-02 9.50247759e-05 1.65440166e-04 1.00235777e-04
2.24814416e+02 5.25050456e-02 9.52520422e-03 5.97195463e-02 1.27831052e-04 1.69123031e-04 4.89595731e-05
2.27518072e+02 5.02772636e-02 2.09732771e-03 5.82382177e-02 6.81665572e-05 3.09637014e-04 7.86468449e-05
2.30216010e+02 5.21339801e-02 -2.51488013e-03 6.34986054e-02 1.10364637e-04 1.85608266e-04 2.84631107e-04
2.32925244e+02 5.58752176e-02 -3.24638269e-03 6.50699646e-02 1.09380849e-04 1.92106906e-04 1.03083353e-04
2.35628463e+02 5.43318399e-02 -8.05150743e-03 6.78920407e-02 7.11516469e-05 3.61409240e-05 2.52858426e-04
2.38317541e+02 5.73377408e-02 -6.93818608e-03 5.84310600e-02 1.08822841e-04 7.58015182e-05 1.16711433e-04
2.41026791e+02 6.02750250e-02 -8.25281401e-03 5.63502848e-02 1.40506107e-04 1.34856673e-04 7.09501891e-05
2.43729853e+02 6.14921334e-02 -7.94197863e-03 5.37808387e-02 2.44203029e-04 1.33222928e-04 5.76187002e-05
2.46434103e+02 5.56730784e-02 -1.17034335e-02 5.09660929e-02 5.26890875e-05 3.05203158e-04 4.67028915e-05
2.49129838e+02 6.02214063e-02 -8.90013007e-03 5.27296149e-02 1.47605936e-04 1.41721912e-04 9.50346100e-05
2.51829010e+02 7.50131830e-02 -1.43043400e-02 5.99308035e-02 2.37311228e-04 1.06467205e-04 1.16538789e-04
2.54526119e+02 7.28117386e-02 -4.50486935e-03 5.72586765e-02 1.79570080e-04 2.22365776e-04 1.89773420e-04
2.57231478e+02 6.30763329e-02 -3.61906644e-03 5.29685243e-02 1.12345824e-04 1.86958994e-04 4.35758703e-05
2.59926931e+02 6.37608831e-02 -3.70269064e-03 4.32528037e-02 1.20255143e-04 1.58359448e-04 3.39560263e-05
2.62623931e+02 7.14070229e-02 -5.12796929e-03 5.04301843e-02 1.05164164e-04 2.80808699e-04 1.56000065e-04
2.65327119e+02 7.33487573e-02 -4.70056450e-03 4.22793208e-02 9.33000583e-05 1.36152756e-04 1.49831470e-04
2.68031254e+02 7.60897046e-02 -7.19934324e-03 5.72034930e-02 1.07592655e-04 1.57961500e-04 2.01596047e-04
