7.01409551e-01 6.25841161e-02 -2.46179802e-03 5.37162173e-02 1.41827528e-04 1.23107413e-04 9.24946287e-05
3.39629583e+00 5.62684019e-02 -5.02902629e-03 6.20948175e-02 1.11834512e-04 1.05186651e-04 3.19923850e-04
6.09757707e+00 5.98600851e-02 2.03753527e-03 5.86316896e-02 7.25662475e-05 1.46294546e-04 7.15948689e-05
8.80185801e+00 6.50127106e-02 1.04137325e-02 6.27538053e-02 1.68250824e-04 2.48643991e-04 9.01141970e-05
1.14917613e+01 6.99984800e-02 6.33084205e-03 6.12369375e-02 9.15034129e-05 2.46327044e-04 8.61683393e-05
1.41890582e+01 6.66825523e-02 2.46461759e-03 5.95514876e-02 1.22797557e-04 4.87019194e-05 7.90353305e-05
1.68838175e+01 6.40972481e-02 7.62812642e-03 6.02598860e-02 6.22578476e-05 1.06701754e-04 1.09406424e-04
1.95854207e+01 6.34805560e-02 1.92657666e-03 6.04468245e-02 1.09975137e-04 2.19241387e-04 9.56934711e-05
2.22766238e+01 6.91357342e-02 1.00548760e-03 6.52255753e-02 1.85292545e-04 1.16805128e-04 1.21950296e-04
2.49884269e+01 6.63612348e-02 1.17184209e-02 4.78542485e-02 2.51930519e-04 2.58840458e-04 1.21633210e-04
2.76829707e+01 6.30944449e-02 2.04010854e-02 5.03326842e-02 1.15924747e-04 1.62955844e-04 7.27327109e-05
3.03798675e+01 6.66864600e-02 1.33204137e-02 5.21154606e-02 2.05020658e-04 3.54789657e-04 1.44935235e-04
3.30806629e+01 7.21219387e-02 -6.20814205e-03 4.12214666e-02 1.60207145e-04 1.63840347e-04 1.79871101e-04
3.57752207e+01 7.20483136e-02 1.25807865e-03 2.40481415e-02 9.83566152e-05 3.26899350e-04 6.18694024e-05
3.84745457e+01 7.66112182e-02 -4.76631337e-03 -4.28059147e-03 1.27096929e-04 1.34218373e-04 7.94243230e-05
4.11670379e+01 7.47153888e-02 -8.19844561e-03 -1.75379574e-02 9.08107898e-05 3.87363288e-04 6.94889137e-05
4.38722254e+01 7.01850574e-02 -8.48398824e-03 -3.61377558e-02 4.27633339e-05 2.94030841e-04 5.81870163e-05
4.65782925e+01 7.31021870e-02 -6.60476751e-04 -4.93066608e-02 9.47569427e-05 2.40709505e-04 4.69043556e-05
4.92751129e+01 6.50813472e-02 1.85764283e-03 -6.34584388e-02 1.60607359e-04 7.55361890e-05 4.49905916e-05
5.19756004e+01 6.52679421e-02 4.22865793e-04 -6.22769494e-02 1.02342589e-04 1.31307759e-04 1.91470483e-04
5.46862175e+01 6.04066367e-02 -3.39294491e-03 -6.73324203e-02 1.72927876e-04 3.14176406e-04 1.13451592e-04
5.73761613e+01 6.46462750e-02 1.19049262e-03 -6.23806805e-02 7.97350876e-05 1.87085580e-04 1.29028050e-04
6.00802410e+01 6.14156113e-02 -1.70584492e-03 -5.83801301e-02 8.22612688e-05 1.97265358e-04 2.30746329e-04
6.27892441e+01 6.23719339e-02 6.27182204e-03 -5.66404664e-02 2.29411701e-05 2.72795767e-04 5.37299157e-05
6.54962472e+01 6.31086824e-02 -1.73035630e-03 -5.78697346e-02 3.63788683e-05 2.93867882e-04 1.05295564e-04
6.81925910e+01 6.16351282e-02 3.23490001e-03 -5.56455255e-02 1.84466411e-04 1.34702121e-04 8.09706704e-05
7.08851144e+01 6.41275487e-02 -4.76027775e-04 -6.21595382e-02 8.78639919e-05 1.32646869e-04 1.01882676e-04
7.35918160e+01 7.08673100e-02 -1.22801388e-02 -6.06036961e-02 6.79148784e-05 2.80903979e-04 2.04809094e-04
7.62917972e+01 6.54200889e-02 -4.55980677e-03 -6.30381507e-02 6.15195690e-05 4.04995509e-04 8.87920986e-05
7.89889816e+01 6.41694333e-02 4.98443218e-03 -5.96390279e-02 8.67880495e-05 4.39384451e-04 1.99346709e-04
8.16868675e+01 5.90801736e-02 -9.68568000e-03 -6.40943159e-02 1.47018430e-04 6.47314728e-04 5.47262886e-05
8.43836941e+01 7.15405362e-02 5.82108086e-03 -6.45448106e-02 9.99562703e-05 1.76558509e-04 1.45063013e-04
8.70879691e+01 6.53112880e-02 4.92969055e-03 -6.02853714e-02 1.64284475e-04 7.43771396e-05 2.04667390e-04
8.97886222e+01 6.19612437e-02 8.93820007e-03 -6.08283923e-02 2.77869355e-04 4.14453452e-05 1.22880813e-04
9.24786879e+01 6.59047930e-02 1.27972776e-02 -5.50751044e-02 9.37196485e-05 1.27959012e-04 1.21612058e-04
9.51826238e+01 6.17036119e-02 8.53819000e-03 -5.37922086e-02 2.57094179e-04 4.52483046e-04 1.88936899e-04
9.78786832e+01 6.86377237e-02 1.18258611e-03 -4.55774132e-02 7.66633444e-05 5.13375377e-04 4.44901058e-04
1.00573443e+02 7.26113279e-02 6.69063004e-03 -5.14235182e-02 2.10077737e-04 2.37189554e-04 1.40485764e-04
1.03269536e+02 7.27290378e-02 5.04550597e-03 -4.59620990e-02 7.76171576e-05 2.29329795e-04 1.83573549e-04
1.05966005e+02 7.26029871e-02 3.55067971e-03 -5.11855308e-02 6.39723236e-05 1.21502365e-04 1.11539923e-04
1.08657099e+02 6.41499837e-02 4.92173586e-03 -5.89875799e-02 5.75377507e-05 2.20645990e-04 1.51230664e-04
1.11353458e+02 5.37268171e-02 -3.61989668e-03 -6.74750238e-02 5.57945630e-05 1.02747321e-04 7.84234219e-05
1.14048989e+02 5.69750358e-02 -5.66828778e-03 -7.08327666e-02 5.60878708e-05 1.22500159e-04 1.37755973e-04
1.16755224e+02 5.25218290e-02 -3.48968637e-03 -6.47172689e-02 7.44502989e-05 1.09008599e-04 3.72087815e-04
1.19459271e+02 5.77363257e-02 -5.94488267e-03 -6.93069651e-02 5.63886090e-04 1.30267845e-04 1.13153157e-04
1.22168724e+02 5.53534440e-02 -7.22973266e-03 -5.88734346e-02 1.58527463e-04 1.86321724e-04 2.48842046e-04
1.24878646e+02 6.63469177e-02 -7.61604851e-03 -5.83363277e-02 7.73319515e-05 3.07145694e-04 3.07864417e-05
1.27581302e+02 6.16057870e-02 -9.03663812e-03 -5.78251953e-02 8.46211981e-05 4.25254997e-04 7.11348209e-05
1.30284286e+02 6.54130042e-02 -3.22208220e-03 -6.39789071e-02 1.62132718e-04 2.83290680e-04 1.53036848e-04
1.32985411e+02 6.85524918e-02 3.07046885e-03 -5.90485044e-02 1.56179919e-04 2.29880845e-04 3.83935295e-05
1.35686068e+02 6.82907877e-02 -1.79818818e-03 -4.96671522e-02 3.98625489e-05 9.24258031e-05 6.56483641e-05
1.38393474e+02 7.05755604e-02 -1.00659330e-02 -3.94451600e-02 7.12932782e-05 2.65437142e-04 9.58945460e-05
1.41073833e+02 7.79403376e-02 -6.60337805e-03 -3.69548983e-02 9.33773865e-05 6.37582756e-05 6.96909680e-05
1.43773802e+02 8.72072251e-02 1.42101071e-04 -2.71569146e-02 1.32891552e-04 4.36316798e-05 6.69859896e-05
1.46469864e+02 6.67433899e-02 2.81295322e-03 2.04978485e-03 1.02120326e-04 6.09602617e-05 1.07542440e-05
1.49165786e+02 7.68934258e-02 5.57222136e-03 2.05444970e-02 8.54309018e-05 1.92695714e-04 1.72357571e-04
1.51862630e+02 7.02157889e-02 1.04777348e-02 3.64331983e-02 1.47765858e-04 9.76791305e-05 2.32097462e-05
1.54565849e+02 6.28537143e-02 7.66066169e-03 5.13008711e-02 4.48805593e-05 1.57650281e-04 9.75904472e-05
1.57263005e+02 6.61627923e-02 2.26858635e-03 5.90315697e-02 9.87416615e-05 1.80221013e-04 3.22605555e-05
1.59964052e+02 6.70514495e-02 -2.31505770e-03 5.95115498e-02 1.09293023e-04 1.13161988e-04 1.97034697e-04
1.62664021e+02 6.14879704e-02 -8.15943398e-03 6.35282266e-02 7.50962138e-05 2.13569645e-04 8.09405059e-05
1.65362130e+02 5.71827871e-02 -8.58353202e-03 6.18560522e-02 9.85431376e-05 1.57407940e-04 1.51983620e-04
1.68083568e+02 6.21732118e-02 -6.37529205e-03 6.58025967e-02 2.56550246e-04 2.78918218e-04 1.46295225e-04
1.70789099e+02 6.73936432e-02 -8.08085114e-03 6.71927117e-02 9.82681457e-05 3.20833803e-04 2.72766767e-04
1.73496989e+02 6.35015339e-02 -1.93897924e-03 6.65251946e-02 1.84368303e-04 7.17287763e-05 1.45836448e-04
1.76203114e+02 6.08581280e-02 4.59832179e-04 7.17967937e-02 1.20462585e-04 1.60625754e-04 3.64306749e-05
1.78906349e+02 5.20032923e-02 5.56452026e-03 6.92587859e-02 2.02801853e-04 1.16687134e-04 7.64062734e-05
1.81606786e+02 4.70709428e-02 4.86525067e-03 6.58225376e-02 9.36734953e-05 6.70619561e-05 3.56302028e-05
1.84292771e+02 5.45620961e-02 -9.86155497e-04 6.84345030e-02 1.81483009e-04 1.53318837e-04 2.24199955e-04
1.86995583e+02 5.11562886e-02 9.46458643e-04 6.61811993e-02 1.89233565e-04 7.65230224e-05 4.88971402e-05
1.89701036e+02 6.03324561e-02 1.83582615e-03 6.32174792e-02 7.25590396e-05 1.27877341e-04 9.29356431e-05
1.92399286e+02 6.12922710e-02 2.34281082e-03 6.33393570e-02 1.44629170e-04 1.76476818e-04 5.26651396e-05
1.95103583e+02 6.51189843e-02 4.69748545e-03 5.85383502e-02 1.28621630e-04 1.06845158e-04 1.74779122e-04
1.97799052e+02 6.89745734e-02 4.84215831e-03 6.27444820e-02 8.79397561e-05 1.25188034e-04 4.87901726e-05
2.00499208e+02 6.69464371e-02 2.01814660e-04 5.55119169e-02 1.17927059e-04 2.75528604e-04 1.56072709e-04
2.03212864e+02 5.82514649e-02 1.10087232e-03 5.45553721e-02 4.62698820e-05 1.37637725e-04 1.16527891e-04
2.05910474e+02 6.13449522e-02 9.21764156e-04 5.37658004e-02 8.96157431e-05 1.77651497e-04 6.28849265e-05
2.08615099e+02 5.95576460e-02 -2.29758010e-04 6.31890972e-02 1.38571031e-04 1.69850488e-04 8.18994548e-05
2.11315349e+02 5.88835879e-02 7.98771973e-03 5.96135833e-02 8.17510355e-05 2.59349899e-04 5.99843441e-05
2.14019052e+02 6.37929204e-02 1.30398267e-02 6.23034337e-02 6.79710120e-05 1.23651314e-04 7.54279779e-05
2.16725146e+02 6.73755500e-02 1.54847004e-02 5.80060293e-02 1.05186760e-04 2.02290377e-04 7.93781837e-05
2.19414552e+02 6.36425931e-02 1.33520711e-02 5.35589935e-02 2.64510476e-05 2.24086587e-05 6.77463918e-05
2.22122474e+02 6.37308171e-02 1.37980723e-02 5.70226079e-02 1.60374280e-04 2.27345330e-04 4.99833815e-05
2.24822302e+02 5.36054677e-02 6.76043800e-03 5.90207844e-02 1.08545479e-04 1.17435267e-04 7.79636191e-05
2.27522380e+02 5.18424115e-02 3.48917707e-03 5.83397712e-02 7.89548737e-05 3.07368184e-04 1.27804231e-04
2.30224130e+02 4.94170524e-02 -3.81081415e-04 6.41098726e-02 6.77629387e-05 2.68173892e-04 1.62298971e-04
2.32935224e+02 6.00055607e-02 -4.11657308e-03 6.59696671e-02 9.22556302e-05 2.16399016e-04 2.83092492e-05
2.35632974e+02 5.17077134e-02 -8.73099146e-03 6.68882464e-02 6.55020362e-05 1.10197566e-04 1.56157302e-04
2.38327864e+02 5.46562238e-02 -7.61974762e-03 5.93637161e-02 1.09677787e-04 1.42165942e-04 1.06922698e-04
2.41030083e+02 6.52943519e-02 -4.71186590e-03 5.73051029e-02 2.01908549e-04 1.29675105e-04 3.84675918e-05
2.43736161e+02 6.60577237e-02 -7.50080006e-03 5.40711276e-02 2.61544817e-04 1.30968628e-04 5.85230053e-05
2.46441177e+02 5.84646348e-02 -9.48190948e-03 5.03254191e-02 5.01414930e-05 2.72937278e-04 1.07266428e-04
2.49134614e+02 5.82063028e-02 -1.29993710e-02 4.69577329e-02 7.44120003e-05 1.69998236e-04 9.80211959e-05
2.51830864e+02 7.03736077e-02 -1.16051040e-02 6.11317664e-02 2.70902523e-04 1.04857953e-04 9.27504648e-05
2.54534474e+02 7.29118396e-02 -5.36896243e-03 5.94782270e-02 7.92922963e-05 1.49820663e-04 1.29751509e-04
2.57233458e+02 6.51976656e-02 -3.11835093e-03 5.31277275e-02 7.85171590e-05 2.00546898e-04 3.40235684e-05
2.59935693e+02 6.58484198e-02 -3.06698789e-03 4.35256506e-02 2.50469196e-04 1.63255177e-04 3.29274139e-06
2.62628786e+02 6.97501429e-02 -1.02696797e-02 4.76739918e-02 4.60849376e-05 1.21714098e-04 9.33517143e-05
2.65333786e+02 7.28947343e-02 -2.54111610e-03 4.91802592e-02 5.24302112e-05 2.03422607e-04 1.30140938e-04
2.68037430e+02 7.74291757e-02 -4.52390880e-03 6.17218740e-02 1.25365198e-04 2.12372885e-04 1.70470176e-04
