6.95717420e-01 6.04971039e-02 8.06772780e-04 5.86620567e-02 1.08956157e-04 9.35868464e-05 1.35096363e-04
3.39040669e+00 5.88317515e-02 -9.44605605e-03 6.48309487e-02 1.00524103e-04 2.15909738e-04 1.67711352e-04
6.10008560e+00 5.73600984e-02 1.72064847e-03 6.49488804e-02 4.06823235e-05 4.72951100e-05 3.22727774e-05
8.79613153e+00 6.64144344e-02 1.04038270e-02 6.31497409e-02 2.30528009e-04 2.55502657e-04 1.60568382e-04
1.14878303e+01 7.11479977e-02 4.51644589e-03 5.89911674e-02 8.77217506e-05 2.65978278e-04 5.61962848e-05
1.41851615e+01 6.94091074e-02 3.78183289e-03 5.58476590e-02 2.53582045e-04 6.78612724e-05 1.51958273e-04
1.68884834e+01 6.54412694e-02 8.84366658e-03 6.12209818e-02 8.29443833e-05 1.07845843e-04 7.59252058e-05
1.95920490e+01 6.36472918e-02 3.79141916e-03 5.71694369e-02 1.21605382e-04 2.06561028e-04 2.63423904e-05
2.22834272e+01 6.68530171e-02 1.76468451e-03 6.12653805e-02 1.81634436e-04 1.83175460e-04 1.24999853e-04
2.49920772e+01 6.68961388e-02 7.60223791e-03 5.30950982e-02 8.52549780e-05 2.32008196e-04 9.73585598e-05
2.76922943e+01 6.39035360e-02 1.54905829e-02 5.24468841e-02 1.98150025e-04 1.78147357e-04 1.65203726e-04
3.03858100e+01 7.19550168e-02 1.56089823e-02 5.13438228e-02 6.26333114e-05 3.31002259e-04 2.64740464e-04
3.30777678e+01 6.81152035e-02 -1.70291680e-03 4.06848267e-02 1.25934943e-04 1.88340594e-04 1.54480466e-04
3.57779397e+01 7.73472856e-02 -2.73391162e-03 1.78618903e-02 2.24371533e-04 1.91392278e-04 7.64612002e-05
3.84791084e+01 7.52539997e-02 -3.83429414e-03 -2.90967339e-03 5.26157366e-05 5.24583559e-05 5.13002701e-05
4.11731740e+01 7.25445734e-02 -9.66704866e-03 -1.98731125e-02 1.08330762e-04 2.70653131e-04 3.26461601e-05
4.38819334e+01 6.57269170e-02 -9.81401294e-03 -3.42023686e-02 9.60864081e-05 3.49830248e-04 2.41005531e-05
4.65800865e+01 6.43976335e-02 -3.96309143e-03 -4.78308344e-02 1.93307825e-04 9.64214989e-05 1.81896961e-04
4.92776272e+01 6.20836217e-02 8.22991272e-04 -5.90537331e-02 2.00242687e-04 8.06557964e-05 1.03846470e-04
5.19744397e+01 6.84106588e-02 -2.13698495e-03 -6.70421574e-02 6.27969259e-05 1.14472030e-04 2.43267975e-04
5.46751084e+01 5.99278000e-02 -6.63521207e-03 -6.54050283e-02 2.77926476e-04 2.68705006e-04 1.12030709e-04
5.73775725e+01 6.72767422e-02 -2.81940058e-05 -6.24800877e-02 1.31879622e-04 1.11260831e-04 1.61622052e-04
6.00773881e+01 6.14925260e-02 -2.93709267e-03 -5.67627797e-02 7.15586194e-05 1.48316409e-04 1.12444239e-04
6.27921022e+01 6.22868655e-02 4.89754361e-03 -5.83487450e-02 1.05599678e-04 1.64140859e-04 9.58514773e-05
6.54872084e+01 6.42636538e-02 -3.68398462e-03 -5.64130797e-02 4.94481058e-05 1.23467568e-04 9.24942677e-05
6.81883131e+01 6.26653436e-02 3.97606028e-03 -5.78316245e-02 1.81602047e-04 2.20532515e-04 7.60080692e-05
7.08881475e+01 6.20285591e-02 1.91046609e-03 -6.20954588e-02 1.07493246e-04 1.76282037e-04 2.61559528e-05
7.35898756e+01 6.86100962e-02 -1.50638694e-02 -6.27143518e-02 6.63170095e-05 2.11592742e-04 1.64556538e-04
7.62874443e+01 6.73214880e-02 -5.00438431e-03 -6.58811676e-02 1.38888064e-04 4.37866399e-04 5.42102457e-05
7.89925850e+01 6.11652781e-02 -9.87558266e-05 -6.34542257e-02 9.62869747e-05 3.87830516e-04 1.90384512e-04
8.16871959e+01 6.52734666e-02 -7.13828887e-03 -6.69332562e-02 1.61655426e-04 4.29460804e-04 5.51654274e-05
8.43830428e+01 7.34940461e-02 4.57889776e-03 -6.36739326e-02 1.71199632e-04 1.76389684e-04 1.48880836e-04
8.70888037e+01 6.94355800e-02 4.24518123e-03 -5.82027458e-02 4.77382797e-05 1.77992402e-04 2.63917314e-04
8.97795584e+01 6.26495993e-02 1.06056934e-02 -5.44126932e-02 1.00098982e-04 1.41144848e-04 1.08931069e-04
9.24809740e+01 6.49319105e-02 1.50570917e-02 -5.66815594e-02 1.32869411e-04 5.14902917e-05 2.24351289e-04
9.51850647e+01 6.67263794e-02 7.12055242e-03 -5.87891352e-02 2.23307661e-04 2.36754082e-04 1.05820756e-04
9.78799803e+01 7.06383486e-02 7.39945852e-04 -4.75392458e-02 3.13803286e-05 4.33818123e-04 2.98603706e-04
1.00572847e+02 7.32757869e-02 5.16180428e-03 -5.25251180e-02 1.11850932e-04 2.43080824e-04 1.25052842e-04
1.03273238e+02 6.79847238e-02 2.20035916e-04 -5.04774591e-02 3.86821981e-05 2.18909479e-04 7.83105878e-05
1.05966394e+02 7.09110636e-02 -4.33026930e-04 -5.83459385e-02 9.03791775e-05 1.75764790e-04 8.54284715e-05
1.08659160e+02 6.34635084e-02 5.24268586e-03 -5.76877288e-02 5.57435628e-05 1.89620940e-04 1.82190132e-04
1.11355582e+02 5.04027994e-02 -2.34474416e-03 -6.79269118e-02 6.36669722e-05 1.54449067e-04 7.15415812e-05
1.14058957e+02 5.79803682e-02 -9.19872068e-03 -6.73954628e-02 6.60145207e-05 2.48101221e-04 1.14614107e-04
1.16757176e+02 5.22262465e-02 -4.63528578e-03 -6.85359254e-02 1.58837495e-04 2.38998198e-04 5.08736817e-04
1.19461816e+02 5.56712934e-02 -7.69073209e-03 -6.66068545e-02 1.40943053e-04 8.28271356e-05 1.92605231e-04
1.22175847e+02 5.09761947e-02 -5.76866749e-03 -6.08513368e-02 8.67280450e-05 2.72852007e-04 1.78316259e-04
1.24873582e+02 6.62779189e-02 -2.73543214e-03 -6.04946805e-02 8.52190106e-05 1.84758010e-04 1.55990325e-04
1.27570285e+02 6.04075458e-02 -1.03506034e-02 -5.41803022e-02 5.84246760e-05 4.19951768e-04 3.86811017e-05
1.30285519e+02 6.11478920e-02 -4.39786741e-03 -6.16787400e-02 1.03056973e-04 1.87007839e-04 1.00568099e-04
1.32986019e+02 7.09398235e-02 -2.95623780e-03 -5.96033696e-02 9.48662047e-05 2.51366043e-04 8.41911245e-05
1.35692597e+02 6.83766804e-02 4.20488549e-03 -4.91851877e-02 1.47303314e-04 2.43591780e-04 9.94407193e-05
1.38392191e+02 7.12615074e-02 -9.89078661e-03 -4.05775853e-02 6.30435765e-05 3.32406367e-04 1.48273493e-04
1.41091129e+02 7.54957200e-02 -3.57177414e-03 -3.22933266e-02 1.11439185e-04 9.50271829e-05 7.75094362e-05
1.43774004e+02 8.43006445e-02 -4.92608970e-03 -2.51095330e-02 8.86951767e-05 5.20661837e-05 1.24386139e-04
1.46466222e+02 6.70532757e-02 2.47897796e-03 -1.19299665e-03 1.36202330e-04 1.49393190e-04 7.21320132e-05
1.49171832e+02 7.05481107e-02 5.83638850e-03 2.50786661e-02 4.86585214e-05 2.41291648e-04 1.38997632e-04
1.51869801e+02 7.53465589e-02 7.87885781e-03 3.69931913e-02 7.76798653e-05 1.67580206e-04 5.85860117e-05
1.54568254e+02 6.41908413e-02 6.97137648e-03 4.88788157e-02 9.45204393e-05 9.07835904e-05 4.17197500e-05
1.57272160e+02 6.58000649e-02 1.81748749e-03 5.73167098e-02 1.28449138e-04 1.01462921e-04 3.02349050e-05
1.59964691e+02 6.61124060e-02 -4.12328705e-03 6.44341834e-02 6.91565176e-05 6.23558251e-05 9.38115787e-05
1.62668676e+02 6.04175169e-02 -4.20280170e-03 6.41886094e-02 1.72878236e-04 2.43693269e-04 6.99778488e-05
1.65363566e+02 6.41171258e-02 -3.02161230e-03 6.08704346e-02 9.02919796e-05 2.03777491e-04 7.28148481e-05
1.68080347e+02 5.74148903e-02 -6.61158878e-03 6.28234655e-02 2.25011548e-04 1.72112305e-04 5.62611503e-05
1.70794347e+02 6.68637967e-02 -3.83674027e-03 6.48934474e-02 6.70835553e-05 2.58241248e-04 2.77644521e-04
1.73494926e+02 6.58818692e-02 -7.47314750e-04 6.91381638e-02 1.77456441e-04 5.36961402e-05 8.91552364e-05
1.76201863e+02 6.57216649e-02 1.81432116e-03 6.96423607e-02 5.44970222e-05 2.26061639e-04 9.83449273e-05
1.78896597e+02 5.34801346e-02 -1.88281126e-04 6.95786871e-02 2.05153680e-04 1.00924763e-04 1.37825816e-04
1.81604176e+02 4.96406330e-02 7.37760908e-03 6.81857637e-02 3.54793648e-05 6.51739601e-05 4.80075857e-05
1.84296941e+02 5.45728209e-02 1.21004714e-03 6.60196381e-02 1.98299658e-04 2.10160785e-04 1.60654755e-04
1.87001316e+02 5.39541304e-02 1.14831854e-03 6.83458946e-02 1.59863714e-04 1.36187736e-04 9.33160557e-05
1.89703738e+02 6.15839811e-02 -1.82797869e-03 6.49315589e-02 8.31327200e-05 1.51387306e-04 7.67824932e-05
1.92394551e+02 6.29078663e-02 -4.76971449e-04 6.17448020e-02 4.18630480e-05 2.01540362e-04 4.94275730e-05
1.95103722e+02 6.47196183e-02 1.59968984e-03 5.67128802e-02 1.22520159e-04 4.06780896e-05 1.36889605e-04
1.97797285e+02 6.48345059e-02 7.50681894e-04 6.37134142e-02 1.25969788e-04 1.08698298e-04 5.57506446e-05
2.00498160e+02 6.26095284e-02 -5.74865600e-03 5.66778229e-02 9.82637276e-05 2.43525727e-04 7.13020268e-05
2.03212394e+02 5.86460329e-02 2.13607142e-03 5.70018170e-02 1.34186269e-04 2.27327088e-04 7.51174485e-05
2.05912113e+02 5.61598264e-02 5.63404003e-04 5.67439555e-02 1.88329442e-04 2.62480410e-04 6.54980980e-05
2.08615832e+02 5.90679824e-02 -6.75321889e-04 6.19836389e-02 8.24238140e-05 1.71412438e-04 1.73559359e-04
2.11314894e+02 5.87826138e-02 5.65488464e-03 5.97263818e-02 4.38345222e-05 2.40643985e-04 6.56288791e-05
2.14024004e+02 5.47827347e-02 1.46888391e-02 5.98759254e-02 7.27089399e-05 1.51804801e-04 1.31793919e-04
2.16727941e+02 6.40092081e-02 1.85036806e-02 5.57752199e-02 8.22715316e-05 1.87318957e-04 5.71242726e-05
2.19421847e+02 6.32533050e-02 1.41008207e-02 5.45518455e-02 4.16011564e-05 1.64006735e-04 9.13555475e-05
2.22123238e+02 6.04129774e-02 9.71000028e-03 5.77267477e-02 2.05683985e-04 1.87322735e-04 1.60639661e-04
2.24826035e+02 5.85055698e-02 2.45388030e-03 5.87208936e-02 1.50242385e-04 9.84738220e-05 1.04191047e-04
2.27524551e+02 5.45959256e-02 6.41970974e-03 5.87896103e-02 1.02462093e-04 2.49496321e-04 1.52545841e-04
2.30232129e+02 4.64774040e-02 2.84726247e-03 6.62769189e-02 6.98971448e-05 3.82432207e-04 1.43171365e-04
2.32939207e+02 6.17306711e-02 -4.31418096e-03 6.58854595e-02 4.10034582e-05 3.00059709e-04 9.13256444e-05
2.35630082e+02 5.16961727e-02 -9.99132386e-03 6.51352146e-02 4.34222813e-05 2.28794997e-04 3.37123829e-05
2.38342535e+02 5.22246868e-02 -8.25785133e-03 6.04995561e-02 1.91689236e-04 2.93921552e-04 5.24204870e-05
2.41030191e+02 7.13328921e-02 -2.05521682e-03 5.95737257e-02 2.70022532e-04 2.14404065e-04 1.68393540e-04
2.43739472e+02 7.10224820e-02 -8.38278492e-03 5.49325947e-02 1.74576572e-04 7.96759981e-05 5.82257331e-05
2.46434191e+02 6.55078751e-02 -5.93376862e-03 5.17961408e-02 1.28177556e-04 1.26011988e-04 3.42870763e-04
2.49134816e+02 5.94362124e-02 -1.56184151e-02 4.40819772e-02 7.23982385e-05 1.51365536e-04 1.10847771e-04
2.51838269e+02 5.88587133e-02 -6.71979571e-03 5.99975319e-02 6.57319407e-05 1.00012376e-04 4.40178207e-05
2.54534097e+02 7.11707599e-02 -5.26867038e-03 6.06979341e-02 6.39474742e-05 6.07157465e-05 2.67861641e-05
2.57235082e+02 6.92194115e-02 -5.96265503e-03 5.38888799e-02 1.27014348e-04 3.98371344e-04 6.90805150e-05
2.59932816e+02 6.72687928e-02 -1.88067103e-03 4.68823769e-02 1.91000629e-04 1.63649881e-04 4.34236217e-05
2.62637238e+02 6.54794995e-02 -1.18839290e-02 4.49195315e-02 1.95096717e-05 6.19209113e-05 1.25940861e-04
2.65337957e+02 7.16390046e-02 -2.56257135e-03 5.86177691e-02 1.32157985e-04 2.51053626e-04 1.21268341e-04
2.68028765e+02 7.20137438e-02 -7.95790283e-04 6.25978507e-02 8.06377155e-05 2.17940480e-04 5.32076399e-05
