7.07761076e-01 6.52244974e-02 -6.29559716e-03 6.62594949e-02 1.29707184e-04 9.41251105e-05 1.37953271e-04
3.41457981e+00 7.40361557e-02 -9.65404072e-04 5.48332894e-02 7.65820866e-05 9.98350923e-05 1.26485311e-04
6.10623028e+00 7.05624759e-02 3.59886399e-03 5.72405811e-02 1.51491491e-04 7.46303145e-05 1.59930084e-04
8.81108106e+00 5.54977572e-02 -1.60929038e-03 6.01544140e-02 1.76996942e-04 2.17074344e-04 8.85953827e-05
1.15091201e+01 4.64856185e-02 3.21761756e-03 6.49562906e-02 1.93805382e-04 2.89644119e-04 9.55956035e-05
1.42110248e+01 5.73701352e-02 -1.46646382e-03 5.76057457e-02 9.22683031e-05 1.68505478e-04 6.43069029e-05
1.68942389e+01 7.18151226e-02 7.77997832e-03 4.85009982e-02 7.51376950e-05 1.77672830e-04 1.37175240e-04
1.95978826e+01 7.59180033e-02 3.24535417e-04 4.25399576e-02 1.31029580e-04 2.16646386e-04 1.72126266e-04
2.22871295e+01 7.27044807e-02 1.66606639e-03 3.78827097e-02 6.24829992e-05 4.81842190e-05 1.65466558e-04
2.49942686e+01 7.14765220e-02 3.94427827e-03 2.47434410e-02 1.13719393e-04 2.45387365e-04 1.24294523e-04
2.76853514e+01 7.75618536e-02 7.05973524e-03 5.44544862e-03 9.35409890e-05 2.13033628e-04 7.80145260e-05
3.03787889e+01 8.32480824e-02 1.25237577e-03 -1.72169884e-02 1.46517176e-04 4.58919082e-04 7.95105102e-05
3.30765357e+01 7.93443294e-02 3.74234148e-03 -2.81890005e-02 1.49375721e-04 4.52676057e-04 3.98036345e-04
3.57826951e+01 7.42284924e-02 2.77535200e-03 -4.46312222e-02 8.26633034e-05 8.10561825e-04 7.80373447e-05
3.84729936e+01 7.02139517e-02 7.84605431e-03 -4.87041629e-02 3.26291505e-05 3.23181873e-04 1.02650570e-04
4.11681373e+01 6.77479859e-02 3.39213498e-03 -5.90287580e-02 1.35583587e-04 1.39793621e-04 8.43794734e-05
4.38620311e+01 6.79526135e-02 -2.34078118e-03 -4.95990937e-02 2.55058206e-05 3.14620841e-04 5.43637831e-05
4.65642107e+01 6.95629592e-02 9.40356229e-04 -6.02051433e-02 6.34772522e-05 1.48550964e-04 4.26894958e-05
4.92666951e+01 6.21370096e-02 1.97523679e-03 -6.52873976e-02 1.49576114e-04 1.32045029e-04 1.00851029e-04
5.19696326e+01 6.07770324e-02 -1.40212161e-03 -6.09358621e-02 7.57594764e-05 2.79610042e-04 8.94533124e-05
5.46717795e+01 6.75670037e-02 -3.45272989e-03 -6.43025327e-02 9.00946169e-05 4.14510050e-04 7.88197406e-05
5.73615154e+01 6.85975716e-02 -1.13292663e-02 -6.39594623e-02 6.23753822e-05 3.15143011e-04 1.01525650e-04
6.00623514e+01 6.69902950e-02 -6.32440534e-03 -6.70897275e-02 3.66307566e-05 2.74580888e-04 8.74266838e-05
6.27587420e+01 6.21779954e-02 -1.05260016e-02 -6.55089268e-02 1.68424305e-04 1.00829941e-04 6.93400787e-05
6.54481342e+01 6.02182052e-02 -4.59220537e-03 -6.52311425e-02 6.51438028e-05 1.22640423e-04 6.51096958e-05
6.81517857e+01 6.48945326e-02 1.65281037e-03 -6.43421330e-02 5.61952360e-05 4.27431463e-04 7.08450712e-05
7.08512951e+01 7.16983665e-02 9.92445325e-03 -6.22507940e-02 1.70636439e-04 2.08994810e-04 1.47866494e-04
7.35511576e+01 7.45047447e-02 5.35835217e-03 -5.93423130e-02 8.63517398e-05 2.20535340e-04 2.49982099e-04
7.62514389e+01 7.10049653e-02 9.55063539e-03 -6.10701002e-02 8.31639076e-05 2.11110105e-04 1.26572868e-04
7.89592154e+01 6.09023962e-02 1.42872786e-02 -6.28993949e-02 3.57244957e-05 1.45100026e-04 1.26284384e-04
8.16590170e+01 6.26427023e-02 6.04097187e-03 -7.24787420e-02 3.25063500e-04 3.13552396e-04 1.30762050e-04
8.43551920e+01 6.23099851e-02 7.42467651e-03 -6.30493486e-02 5.03697658e-05 1.15753216e-04 2.07665342e-04
8.70653936e+01 6.46954822e-02 8.94907920e-03 -5.40550894e-02 3.67876169e-05 1.68494454e-04 6.10111029e-05
8.97711967e+01 6.92716384e-02 2.05215689e-04 -5.45791990e-02 4.16103311e-05 4.08934124e-04 1.37560557e-04
9.24655811e+01 6.75576894e-02 2.59388113e-03 -6.39142948e-02 1.35631902e-04 3.02528172e-04 1.52625715e-04
9.51605842e+01 6.74964182e-02 -4.89549798e-03 -6.81315889e-02 4.87257433e-05 4.73296645e-04 3.21075031e-05
9.78751576e+01 5.52277737e-02 -8.13428406e-03 -6.73405822e-02 7.51347292e-05 3.71878032e-04 6.21375919e-05
1.00580836e+02 5.81008952e-02 3.18765947e-03 -6.62754339e-02 1.50436345e-04 1.83140965e-04 1.04463284e-04
1.03283773e+02 5.89788103e-02 7.08300910e-04 -6.60712828e-02 6.20765245e-05 2.15700672e-04 1.11568398e-04
1.05986023e+02 6.68551997e-02 -6.28310345e-04 -6.81595701e-02 1.29893522e-04 2.06006188e-04 1.85048352e-04
1.08685804e+02 6.78986334e-02 3.22400858e-03 -7.58055183e-02 9.28107606e-05 3.74569117e-04 9.97213760e-05
1.11385539e+02 5.58574006e-02 -3.74882784e-03 -7.29150987e-02 8.81242262e-05 2.23096812e-04 4.24614251e-05
1.14081742e+02 6.06257463e-02 -7.23405428e-03 -6.98479313e-02 1.24646087e-04 1.77196055e-04 5.63540510e-05
1.16790367e+02 5.90137519e-02 -5.07693012e-03 -6.52296355e-02 7.91708768e-05 7.27747810e-05 1.54212395e-04
1.19485070e+02 5.60084131e-02 -1.06404431e-02 -6.52734239e-02 1.05005433e-04 5.99522663e-05 2.24925429e-04
1.22189648e+02 6.45915313e-02 -1.06530925e-02 -6.65691805e-02 1.11009199e-04 1.84679649e-04 1.33058554e-04
1.24891429e+02 6.33924568e-02 -1.02706929e-02 -6.51644978e-02 8.23190236e-05 4.77830739e-05 2.13733640e-04
1.27594711e+02 6.22957198e-02 2.37148804e-03 -6.76174253e-02 2.03180258e-05 4.70181628e-04 1.41806675e-04
1.30304101e+02 5.70682382e-02 5.87676151e-04 -6.14401032e-02 1.02294338e-04 1.37321893e-04 1.28993535e-04
1.33004976e+02 6.40873741e-02 -2.04230206e-03 -6.39760909e-02 4.86707575e-05 8.70589870e-05 4.15848758e-05
1.35698711e+02 6.61964529e-02 -1.12620529e-02 -5.86925470e-02 1.63695337e-04 1.75436046e-04 8.25731520e-05
1.38397680e+02 6.16020685e-02 -8.22393074e-04 -5.27623788e-02 6.39113530e-05 1.81576013e-04 1.26718204e-04
1.41096445e+02 6.11969410e-02 -3.19318879e-04 -4.91608548e-02 9.74557534e-05 4.69166772e-04 1.63678317e-04
1.43783242e+02 6.36701423e-02 -1.18551055e-03 -4.58084264e-02 1.76982788e-04 2.59895257e-04 6.82615350e-05
1.46485148e+02 7.33066285e-02 -6.73712020e-04 -4.46145146e-02 1.27250403e-04 2.36563240e-04 2.71666819e-04
1.49178945e+02 6.32010831e-02 8.15327938e-03 -3.16591694e-02 1.92701241e-04 4.76286814e-04 1.62536286e-04
1.51881773e+02 7.09829824e-02 6.24789544e-03 -6.71873072e-03 1.40508037e-04 3.51206832e-04 1.42268101e-04
1.54588898e+02 6.83379263e-02 8.01001157e-03 1.69841785e-02 1.05450784e-04 4.95841393e-04 6.85894089e-05
1.57283914e+02 6.82928991e-02 1.47140731e-02 4.70246561e-02 1.40265060e-04 6.61223651e-05 1.00153357e-04
1.59980039e+02 6.29866953e-02 6.98330953e-03 6.26242886e-02 1.17624180e-05 4.18539351e-05 9.90478152e-05
1.62687476e+02 6.76769977e-02 8.95902352e-03 5.77520856e-02 8.58242923e-05 4.75808535e-05 5.18693248e-05
1.65373695e+02 6.25627740e-02 1.00112916e-02 6.07416633e-02 5.41102453e-05 2.10277554e-04 7.70427908e-05
1.68084461e+02 5.08126306e-02 7.20821205e-03 5.72778929e-02 2.49358924e-04 1.55579187e-04 1.07355451e-04
1.70783633e+02 5.03753522e-02 8.18662900e-03 5.52280944e-02 1.00382761e-04 1.60758743e-04 8.76450406e-05
1.73484820e+02 5.53465138e-02 1.47207114e-02 7.19818047e-02 8.73601096e-05 2.48066029e-04 5.09731538e-05
1.76192648e+02 6.01940227e-02 7.35936204e-03 6.13504429e-02 2.63475890e-05 2.09898560e-04 1.82537428e-04
1.78892617e+02 6.08792942e-02 4.14987169e-03 6.12298044e-02 5.70774269e-05 3.01982135e-04 1.21702693e-04
1.81601383e+02 6.85244971e-02 -4.17581561e-03 5.92312742e-02 1.85584385e-04 3.44230570e-05 1.30285610e-04
1.84301101e+02 6.66857044e-02 -6.82924708e-03 5.35153616e-02 8.97542852e-05 2.64444272e-04 5.27186655e-05
1.86992664e+02 6.77530761e-02 -1.30299658e-02 5.85359232e-02 1.05915408e-04 1.48812812e-04 2.41131852e-04
1.89700617e+02 6.98104302e-02 -1.11968383e-02 6.26460948e-02 7.99401335e-05 1.00891504e-04 1.02003527e-04
1.92395304e+02 6.95923256e-02 -3.02191989e-03 6.21767927e-02 6.33882800e-05 1.73584752e-04 1.40544129e-04
1.95101820e+02 5.84066049e-02 -3.00581954e-03 6.36147237e-02 5.36752117e-05 3.66745722e-04 2.21337271e-04
1.97806054e+02 5.44177386e-02 4.14392169e-03 6.42113456e-02 9.52065466e-05 1.64209394e-04 6.50541002e-05
2.00509820e+02 4.89641995e-02 4.10302149e-03 7.51056220e-02 9.20265647e-05 8.68431782e-05 5.75102471e-05
2.03212555e+02 5.19646517e-02 1.30544360e-02 7.56377448e-02 5.45661747e-05 8.38527924e-05 1.09442244e-04
2.05912992e+02 5.08052774e-02 9.38946857e-03 7.22456674e-02 1.12330469e-04 1.62625308e-04 9.67822670e-05
2.08619054e+02 5.10603940e-02 7.89589381e-03 7.18638375e-02 4.10150565e-05 1.38766166e-04 4.80656141e-05
2.11316726e+02 5.65434868e-02 1.53123660e-03 6.13349125e-02 3.39981129e-04 1.00899371e-04 4.27860419e-05
2.14025336e+02 6.00885253e-02 6.51583841e-03 6.11196324e-02 1.52884287e-04 6.41487231e-05 1.24759726e-04
2.16726773e+02 6.25019482e-02 8.56275620e-03 6.38818831e-02 1.89591645e-04 1.04986015e-04 3.03112889e-05
2.19433336e+02 6.56522133e-02 5.25681810e-03 5.76689911e-02 1.45310090e-04 8.42673281e-05 3.53960847e-05
2.22143617e+02 6.80868510e-02 4.40206933e-03 6.12068093e-02 7.53442348e-05 1.46894992e-04 1.96773510e-04
2.24834695e+02 6.30521562e-02 4.30379057e-03 6.51481631e-02 5.78584636e-05 1.90723399e-04 8.65352067e-05
2.27530070e+02 6.67446514e-02 3.84044371e-03 5.89145001e-02 2.82623592e-04 3.34686457e-04 6.98533904e-05
2.30233429e+02 7.20185604e-02 -3.39916528e-03 5.96410356e-02 2.82286613e-05 2.49420564e-04 6.91444243e-05
2.32929054e+02 6.98301437e-02 -5.54581886e-03 5.77167413e-02 1.13595571e-04 3.88900697e-04 7.24531315e-05
2.35620883e+02 7.09227891e-02 1.58529991e-04 5.22371211e-02 2.74523294e-05 2.98646631e-04 5.52486485e-05
2.38325351e+02 6.85730274e-02 -3.77612902e-03 6.17301954e-02 7.55059301e-05 4.59766538e-04 2.63402310e-04
2.41037945e+02 6.79261836e-02 -5.35602518e-03 6.65214292e-02 1.00811960e-04 2.58922100e-04 1.43908409e-04
2.43728289e+02 6.43153190e-02 -1.26104381e-02 5.84014522e-02 1.42849320e-04 3.08678975e-04 8.55686929e-05
2.46434211e+02 7.24196424e-02 -1.54733612e-02 5.13128591e-02 2.41010570e-04 1.65728846e-04 6.24081299e-05
2.49140101e+02 6.47419799e-02 -1.10357593e-02 5.36897041e-02 1.76886314e-04 2.18163159e-04 1.15154522e-04
2.51837086e+02 6.62480655e-02 -1.38684779e-02 4.38925511e-02 2.34135788e-04 1.07259963e-04 6.97063151e-05
2.54537633e+02 5.98963295e-02 -1.24135087e-02 4.91248263e-02 1.77810386e-04 2.06059801e-04 1.00349815e-04
2.57243164e+02 5.75438036e-02 -8.17225914e-03 5.76647117e-02 3.39227164e-05 1.56931616e-04 1.21517179e-04
2.59939273e+02 5.90981405e-02 -7.81627599e-03 5.58551740e-02 6.60684703e-05 2.06295742e-04 2.92740989e-05
2.62648539e+02 6.36767853e-02 -7.67012593e-03 6.43874115e-02 6.24914701e-05 7.98131685e-05 1.52059211e-04
2.65345805e+02 6.26783239e-02 -5.86146806e-03 6.71027455e-02 4.67044444e-05 2.74910720e-04 6.50980951e-05
2.68043872e+02 5.96721336e-02 -5.66232937e-03 7.12411313e-02 1.69695106e-04 1.50627746e-04 1.66994008e-04
