7.03232502e-01 6.43275764e-02 -6.22716368e-03 6.12591355e-02 1.55302781e-04 9.23858522e-05 8.01387096e-05
3.40943542e+00 7.57181354e-02 -2.16141960e-03 5.35696525e-02 1.58907528e-04 1.66780190e-04 1.90541749e-04
6.11269760e+00 6.85312841e-02 6.46869959e-03 5.80116052e-02 2.04524880e-04 1.04965851e-04 4.68130021e-05
8.81166651e+00 5.64560837e-02 1.46198751e-03 6.87820670e-02 5.22900450e-05 1.81801909e-04 6.52529780e-05
1.15158323e+01 5.06870055e-02 2.24488971e-04 6.33983754e-02 1.58975950e-04 3.53656443e-04 1.13728127e-04
1.42123245e+01 5.83167169e-02 2.15094070e-03 5.53817773e-02 8.20302536e-05 2.07836013e-04 1.06857821e-04
1.68987557e+01 6.93693393e-02 7.23570098e-03 5.23020637e-02 1.80998444e-04 1.24409407e-04 2.43625456e-05
1.95935354e+01 8.04710038e-02 1.23695030e-03 4.30341921e-02 7.21886801e-05 1.54859260e-04 1.08163869e-04
2.22991323e+01 7.14962389e-02 -2.02510313e-03 3.96529558e-02 7.26878718e-05 9.77826680e-05 1.77068408e-04
2.49890557e+01 7.21930430e-02 3.75514497e-03 3.13041534e-02 6.20284275e-05 2.35712898e-04 6.78183007e-05
2.76902120e+01 8.60742158e-02 4.94561789e-03 7.68850680e-03 1.67783586e-04 3.40239885e-04 1.36974146e-04
3.03762667e+01 8.92230936e-02 1.09659914e-03 -1.36849052e-02 2.88115904e-04 5.99745873e-04 2.10694257e-04
3.30763120e+01 8.10061518e-02 3.89843265e-03 -3.43404429e-02 6.00222672e-05 5.47122809e-04 2.01802541e-04
3.57765760e+01 7.04753496e-02 5.25449221e-03 -4.15241375e-02 8.54629121e-05 4.49513143e-04 5.37682887e-05
3.84687542e+01 6.52126309e-02 4.95095615e-03 -4.82555743e-02 8.11389062e-05 2.50433050e-04 1.46100572e-04
4.11638870e+01 6.80483720e-02 -5.58457222e-04 -5.29863650e-02 1.18602334e-04 1.82312715e-04 1.02960999e-04
4.38636026e+01 5.94606857e-02 -1.32002869e-03 -5.05399717e-02 5.57451508e-05 3.70976152e-04 1.18917709e-04
4.65521932e+01 6.68250189e-02 5.67714974e-03 -6.46395772e-02 1.79709225e-04 2.41962753e-04 1.09563108e-04
4.92583776e+01 6.08772635e-02 1.76751981e-03 -6.55753877e-02 1.63766060e-04 2.29720533e-04 1.63036788e-04
5.19616635e+01 6.16248798e-02 -3.22792054e-04 -5.74160989e-02 1.58593983e-04 2.47086809e-04 1.16609544e-04
5.46638542e+01 6.98345207e-02 -3.59933718e-03 -6.35221782e-02 1.34324464e-04 2.66738814e-04 5.36529448e-05
5.73592948e+01 6.79900184e-02 -8.41036934e-03 -6.60983134e-02 3.97463648e-05 2.34895431e-04 2.84694278e-04
6.00499839e+01 6.26987432e-02 -3.54427297e-03 -6.90387265e-02 6.58720725e-05 1.12468767e-04 7.31006542e-05
6.27538401e+01 6.55234958e-02 -7.55837696e-03 -6.91151496e-02 2.95738639e-05 7.96126865e-05 1.57388208e-04
6.54443026e+01 6.47931394e-02 -4.97637264e-03 -6.50095182e-02 1.88659678e-04 6.83205862e-05 7.42167886e-05
6.81448729e+01 6.44847746e-02 5.33039888e-03 -5.70269915e-02 3.44811232e-05 1.46053484e-04 9.07559316e-05
7.08384151e+01 7.24222108e-02 8.63595483e-03 -6.09234325e-02 1.51385483e-04 9.60508534e-05 1.50991461e-04
7.35305510e+01 7.40420558e-02 3.64090738e-03 -6.29086860e-02 1.75429542e-04 2.85044780e-04 1.30621455e-04
7.62373932e+01 6.89315213e-02 7.76927702e-03 -6.40235555e-02 1.12570694e-04 1.36977690e-04 1.27569375e-04
7.89477073e+01 6.29363538e-02 9.13669078e-03 -6.27134227e-02 3.17212308e-05 2.74120380e-04 1.51698691e-04
8.16418714e+01 6.68461662e-02 8.94525402e-03 -6.91539005e-02 3.87970742e-04 2.86220645e-04 1.29869587e-04
8.43435917e+01 6.34242575e-02 9.18744221e-03 -6.44207687e-02 1.50130233e-04 1.70660024e-04 2.30468054e-04
8.70553557e+01 6.36752684e-02 1.11498934e-02 -5.53355531e-02 1.25717964e-04 3.22213537e-04 5.84276005e-05
8.97474307e+01 6.80023984e-02 -4.66691623e-03 -5.17925273e-02 7.55915839e-05 2.84434368e-04 9.81724494e-05
9.24553260e+01 6.78684814e-02 6.12445387e-03 -6.29754825e-02 1.51814916e-04 3.22683761e-04 7.66253580e-05
9.51564854e+01 7.22634249e-02 -1.50755369e-03 -6.34381443e-02 3.90921118e-05 4.15440404e-04 3.46605891e-05
9.78694745e+01 6.30663855e-02 -3.71360414e-03 -6.62292237e-02 5.53782123e-05 3.41918571e-04 7.14010585e-05
1.00583162e+02 5.91925874e-02 4.66749214e-03 -6.68674927e-02 2.30406179e-04 1.09448323e-04 8.68560942e-05
1.03277178e+02 5.90225608e-02 9.83890525e-04 -6.39091820e-02 5.66643128e-05 2.18328449e-04 1.83163708e-04
1.05969193e+02 6.78519992e-02 3.72165714e-03 -7.27859928e-02 4.60789960e-05 9.28236463e-05 1.04270913e-04
1.08674912e+02 6.18666742e-02 3.46368425e-03 -6.57545246e-02 3.96103306e-05 4.19688799e-04 5.96089574e-05
1.11376349e+02 5.35645214e-02 -3.38127901e-03 -7.22352781e-02 1.43633930e-04 2.20120979e-04 1.10284448e-04
1.14062678e+02 6.33281873e-02 -4.73049445e-03 -6.74435783e-02 1.28744088e-04 7.06384742e-05 1.39408605e-04
1.16771553e+02 5.91172398e-02 -6.86184451e-03 -6.62148176e-02 1.16915127e-04 1.09397742e-04 2.69132473e-04
1.19470959e+02 5.17402543e-02 -1.05359689e-02 -6.45948235e-02 1.31550873e-04 1.65181721e-04 1.21148710e-04
1.22175224e+02 5.99251485e-02 -1.30898095e-02 -6.32076663e-02 3.53218184e-05 3.58026792e-04 1.70248328e-04
1.24875115e+02 6.49936644e-02 -7.22080315e-03 -6.22680344e-02 5.70998342e-05 5.66248170e-05 5.52653139e-05
1.27579881e+02 6.07349939e-02 -3.93459052e-03 -6.08918531e-02 1.49004266e-04 3.81527347e-04 8.95508868e-05
1.30282537e+02 5.56309522e-02 -3.01115729e-03 -6.03757868e-02 3.49631873e-05 1.48161747e-04 6.76778051e-05
1.32978834e+02 6.10823187e-02 1.47143930e-03 -5.91868698e-02 5.93929118e-05 1.04392875e-04 1.17507760e-04
1.35685178e+02 6.13166115e-02 -6.56359345e-03 -5.39988430e-02 2.01081777e-04 1.30448098e-04 1.72704953e-04
1.38384287e+02 6.00999935e-02 -1.58032906e-03 -5.22391843e-02 5.21865760e-05 1.68553612e-04 6.68567820e-05
1.41080599e+02 6.54971773e-02 5.91870972e-03 -5.17278866e-02 1.24422392e-04 5.05414047e-04 1.50580706e-04
1.43758381e+02 7.19830399e-02 5.38301473e-03 -5.15192070e-02 2.07096173e-04 2.96378365e-04 7.11633584e-05
1.46468349e+02 6.92816223e-02 1.99732144e-03 -4.56346316e-02 7.81560358e-05 3.56120411e-04 1.56276100e-04
1.49162099e+02 6.81381872e-02 5.69966366e-03 -2.96497059e-02 1.76528172e-04 5.83297812e-04 8.73169633e-05
1.51867224e+02 7.02430794e-02 1.14534430e-02 -5.04994318e-03 1.79930553e-04 4.49571634e-04 7.42373578e-05
1.54566428e+02 6.90592150e-02 1.10325510e-02 2.28120454e-02 8.19670413e-05 3.41533244e-04 1.32489142e-04
1.57258131e+02 6.79119596e-02 6.83350553e-03 5.09299898e-02 1.27991860e-04 1.09944657e-04 4.63319133e-05
1.59962693e+02 6.43074239e-02 9.56750517e-03 5.88057245e-02 8.58368963e-05 7.50342271e-05 7.14415776e-05
1.62660756e+02 7.02213650e-02 9.93906604e-03 6.00652087e-02 6.68876664e-05 1.09605580e-04 2.70033663e-05
1.65364724e+02 6.11961081e-02 1.19283667e-02 5.92183720e-02 9.61494759e-05 2.23830272e-04 4.04726356e-05
1.68063006e+02 5.38063155e-02 7.23330337e-03 5.80164297e-02 1.75500256e-04 2.55070947e-04 5.66264244e-05
1.70762006e+02 5.82235111e-02 4.13427410e-03 6.36508409e-02 1.84658255e-04 1.65029958e-04 6.77018915e-05
1.73474959e+02 4.97338268e-02 1.08379541e-02 6.90812913e-02 7.42765321e-05 1.14127613e-04 3.22273507e-05
1.76172678e+02 6.08317541e-02 6.38014128e-03 5.90134685e-02 5.16316032e-05 2.67618620e-04 1.10451116e-04
1.78877318e+02 6.18777673e-02 3.32114378e-03 5.98069614e-02 5.39343207e-05 1.86995695e-04 5.43536466e-05
1.81582568e+02 6.27039630e-02 -5.43204544e-04 6.08069002e-02 9.69235080e-05 5.62892675e-05 9.39874435e-05
1.84279084e+02 6.34628733e-02 -1.01950583e-02 6.31226645e-02 1.00292867e-04 2.51862412e-04 5.27561034e-05
1.86975834e+02 6.45311094e-02 -7.19756095e-03 6.19707617e-02 2.33431669e-04 2.70791419e-04 2.65799290e-04
1.89672756e+02 7.10387234e-02 -1.10583554e-02 6.60055774e-02 1.02870222e-04 1.81303527e-04 5.68139571e-05
1.92375849e+02 7.00214187e-02 -4.15235853e-03 6.61229934e-02 1.04985387e-04 1.55540962e-04 1.25708713e-04
1.95080318e+02 6.07560708e-02 -3.31039514e-03 5.83030262e-02 1.57431757e-04 1.80879223e-04 6.72103973e-05
1.97786990e+02 4.79591420e-02 6.61581371e-03 6.30597889e-02 1.37845255e-04 1.32880949e-04 5.78474839e-05
2.00486006e+02 5.14520848e-02 4.43470250e-03 6.60505362e-02 6.43965898e-05 6.65828117e-05 9.09706178e-05
2.03189740e+02 5.02146564e-02 7.68891451e-03 7.53969304e-02 1.14489426e-04 9.15290241e-05 4.31550593e-05
2.05892693e+02 5.18999751e-02 3.56805600e-03 7.57183470e-02 1.17208096e-04 8.29941057e-05 1.09267286e-04
2.08596428e+02 5.30427151e-02 5.89716921e-03 6.79998684e-02 6.05938265e-05 1.16622357e-04 5.46379514e-05
2.11300881e+02 5.73126824e-02 2.54248938e-03 6.15660015e-02 1.53834345e-04 1.58201724e-04 1.49545188e-04
2.14001693e+02 6.26930790e-02 7.07829391e-03 5.01807637e-02 2.03657503e-04 1.24320872e-04 6.67009867e-05
2.16709990e+02 6.23791177e-02 5.35990393e-03 5.47304138e-02 1.70766617e-04 1.08339791e-04 4.28913871e-05
2.19415428e+02 6.20076629e-02 8.28179645e-03 5.68768848e-02 1.40149708e-04 3.92876616e-05 1.25831491e-04
2.22116896e+02 6.97596158e-02 4.93294365e-03 6.40352770e-02 7.21875504e-05 2.55313860e-04 1.23665011e-04
2.24804428e+02 6.32283080e-02 1.56563459e-03 6.52974238e-02 4.19999306e-05 1.32171405e-04 4.18961972e-05
2.27512678e+02 6.05370251e-02 -2.00544564e-03 5.98570499e-02 6.80445769e-05 2.21290407e-04 8.46668362e-05
2.30206365e+02 6.84014933e-02 -7.70750983e-04 6.01097007e-02 5.37769221e-05 2.59767500e-04 6.00675601e-05
2.32899006e+02 6.57039126e-02 -6.79585239e-03 5.82480078e-02 1.02873508e-04 1.69181906e-04 7.61174032e-05
2.35600662e+02 6.78058345e-02 -1.39621735e-03 5.65150681e-02 3.84495497e-05 3.39493959e-04 4.53555676e-05
2.38298521e+02 6.70567711e-02 -1.98513330e-03 5.79979896e-02 7.35926612e-05 5.28777890e-04 2.29324645e-04
2.41000537e+02 6.32287175e-02 -6.71204529e-03 6.93077811e-02 1.39719586e-04 2.14243419e-04 1.19556712e-04
2.43704584e+02 6.76132320e-02 -1.64640700e-02 6.27705747e-02 1.04503813e-04 2.13418409e-04 1.66009547e-04
2.46410818e+02 6.83130312e-02 -1.23024369e-02 5.42541666e-02 2.44842869e-04 1.15307876e-04 6.22448264e-05
2.49103537e+02 6.84691729e-02 -1.32519133e-02 4.59786730e-02 1.41823314e-04 3.32011086e-04 1.70989659e-04
2.51808459e+02 6.89372743e-02 -1.55793050e-02 4.63096176e-02 2.81942659e-04 4.66133440e-05 6.86062240e-05
2.54506896e+02 5.92049534e-02 -9.31708517e-03 5.07378432e-02 1.16265653e-04 3.41766390e-04 2.19747924e-05
2.57212615e+02 5.48904182e-02 -4.27800126e-03 5.49360043e-02 2.15686974e-04 6.87029890e-05 9.55925838e-05
2.59905271e+02 6.69131016e-02 -9.41415945e-03 5.70188557e-02 2.03048758e-04 1.20279165e-04 8.72416979e-05
2.62611771e+02 6.49021358e-02 -3.15454649e-03 5.90779904e-02 8.42084294e-05 9.53951528e-05 5.27453049e-05
2.65310162e+02 6.55427117e-02 -7.11244140e-03 7.13361067e-02 5.66297388e-05 3.92196277e-04 8.65931728e-05
2.68006973e+02 5.91804353e-02 -8.06455224e-03 7.04969527e-02 1.89025706e-04 1.20935476e-04 7.24057275e-05
