6.93735248e-01 7.39294937e-02 2.51151820e-03 5.20444436e-02 1.06281733e-04 2.68072083e-04 1.07187837e-04
3.39374827e+00 6.25389003e-02 2.82146760e-03 5.42631275e-02 1.88473200e-04 1.38580645e-04 1.47898885e-04
6.10693593e+00 5.80318647e-02 -3.71496151e-04 5.72543956e-02 1.12420266e-04 1.41010877e-04 3.02274214e-04
8.80250952e+00 6.42585649e-02 -7.70788629e-03 5.68194877e-02 3.09926654e-04 5.41006254e-04 1.45510866e-04
1.14924747e+01 6.95405005e-02 -6.66040528e-03 4.65957949e-02 2.10169313e-04 9.74856560e-04 1.00399957e-04
1.41854872e+01 7.23914527e-02 -7.83515728e-03 4.06521067e-02 1.16737576e-04 7.73970061e-04 8.46233166e-05
1.68899669e+01 6.97172301e-02 4.23337098e-03 3.06735181e-02 2.01754594e-04 6.60604694e-04 9.92906077e-05
1.95876762e+01 7.30495843e-02 -1.05803492e-02 1.91324830e-02 2.32322874e-04 5.28434314e-04 1.87020009e-04
2.22787341e+01 8.18489623e-02 -1.12928997e-02 -1.07383592e-02 8.53906914e-05 2.89557672e-04 4.21036109e-04
2.49742966e+01 7.29938434e-02 -6.43651701e-03 -1.35533616e-02 1.87429167e-04 5.68708371e-04 1.92935512e-04
2.76694122e+01 6.49117200e-02 -3.50433669e-03 -2.22276321e-02 9.87260315e-05 6.95910518e-04 1.23383044e-04
3.03715075e+01 6.66627826e-02 -4.95516392e-03 -3.18960905e-02 1.87719409e-04 8.15341847e-04 1.17799360e-04
3.30657841e+01 5.86068656e-02 -8.36621013e-03 -5.24945996e-02 8.90625543e-05 5.23451873e-04 1.84856583e-04
3.57696794e+01 5.68200440e-02 -6.87827872e-03 -5.20620338e-02 3.39260778e-04 4.89790364e-04 1.16242570e-04
3.84750716e+01 5.79684209e-02 -7.52159110e-03 -5.59641466e-02 3.22299981e-05 5.88086184e-04 1.66838885e-04
4.11610247e+01 5.83028696e-02 -1.36637890e-02 -5.84090402e-02 1.00661242e-04 1.04531608e-04 1.70850331e-05
4.38672137e+01 6.11689066e-02 -9.34159036e-03 -6.64899161e-02 2.39189532e-04 3.30279582e-04 8.69562025e-05
4.65549200e+01 6.25262189e-02 -5.19314778e-05 -7.02757483e-02 8.46394743e-05 1.78873467e-04 1.99315806e-04
4.92608825e+01 5.66362252e-02 5.10775175e-03 -6.75712427e-02 6.89766273e-05 4.30446541e-05 2.73596897e-05
5.19643012e+01 6.40231083e-02 1.40268852e-03 -6.62666162e-02 6.11313878e-05 6.54138588e-05 1.21832461e-04
5.46709841e+01 5.53937669e-02 1.54611563e-03 -5.49650369e-02 1.42635802e-04 8.36706501e-05 7.16564647e-05
5.73747387e+01 5.40686166e-02 -4.56662983e-04 -6.86341981e-02 5.51322690e-05 2.08703404e-04 2.62740135e-04
6.00775091e+01 5.41162479e-02 4.84166854e-03 -6.66651143e-02 1.02723756e-04 3.58709047e-04 3.39581336e-05
6.27761637e+01 5.40354954e-02 -1.13316010e-03 -6.82610397e-02 8.02373278e-05 2.87157215e-04 1.21297443e-04
6.54808591e+01 5.72132939e-02 -3.52866092e-03 -6.00337470e-02 7.94099573e-05 2.64591839e-04 7.05864539e-05
6.81798372e+01 5.72540071e-02 -5.16350167e-03 -6.26189722e-02 4.81816682e-05 2.87296798e-04 1.94632765e-04
7.08823903e+01 6.45253575e-02 6.33242624e-03 -6.35883288e-02 7.53068255e-05 1.22783929e-04 1.06942969e-04
7.35807028e+01 6.04420114e-02 -2.47257229e-03 -6.04913421e-02 2.35597880e-04 8.55456098e-05 1.40131665e-04
7.62761559e+01 5.56617860e-02 -4.08465574e-03 -5.85033928e-02 1.33785348e-04 2.12190364e-04 1.37148949e-04
7.89772747e+01 6.07237516e-02 2.27453614e-03 -6.04243570e-02 8.62604069e-05 2.83188337e-05 5.74492621e-05
8.16707169e+01 6.32697405e-02 -1.13459581e-02 -6.64654898e-02 4.77853385e-04 2.09125308e-04 4.44092712e-05
8.43834731e+01 6.81478594e-02 -4.39328493e-03 -6.22998653e-02 1.76249479e-04 1.40909685e-04 1.63788200e-04
8.70742481e+01 7.28198616e-02 -5.25643336e-03 -5.82173632e-02 1.05893534e-04 1.62520987e-04 6.88072126e-05
8.97671309e+01 6.68976782e-02 -1.48927018e-02 -5.27582796e-02 6.98797840e-05 2.92372576e-04 1.85491059e-04
9.24696825e+01 7.66959924e-02 -2.80822433e-03 -5.85852145e-02 1.02931766e-04 3.47105380e-04 1.18589110e-04
9.51804419e+01 7.09163648e-02 3.85253199e-03 -5.60792218e-02 2.36892135e-04 2.76142751e-04 2.32225874e-04
9.78643997e+01 7.01541141e-02 4.70813261e-03 -5.46593714e-02 8.22209019e-05 3.14437047e-04 1.46627297e-04
1.00564639e+02 6.59337037e-02 3.56748261e-03 -6.11567292e-02 1.12213510e-04 4.40075731e-04 2.97883914e-05
1.03277092e+02 5.96781483e-02 9.11208474e-03 -5.72319112e-02 4.37050416e-05 4.73273606e-04 1.04773483e-04
1.05965451e+02 6.17072226e-02 7.24731545e-03 -6.12973425e-02 6.95603541e-05 7.36934367e-04 3.71693670e-05
1.08664357e+02 5.86181449e-02 1.27741917e-02 -6.36849191e-02 8.75297910e-05 1.90462687e-04 8.83887674e-05
1.11365357e+02 6.06768631e-02 8.89246131e-03 -6.27667786e-02 2.05669578e-04 7.19390122e-05 1.92669293e-05
1.14070170e+02 6.51261149e-02 1.79004553e-03 -6.28951329e-02 1.61885297e-04 8.17769890e-05 9.12924431e-05
1.16769404e+02 6.65754338e-02 -8.73924768e-04 -6.75343229e-02 1.07509715e-04 7.07459513e-05 1.59394498e-04
1.19466014e+02 5.64527590e-02 -6.08988623e-03 -7.46460467e-02 1.03408819e-04 2.15301816e-04 1.47494060e-04
1.22174186e+02 6.39074317e-02 6.57340345e-04 -6.57630295e-02 2.06273627e-04 1.23352880e-04 1.58836545e-04
1.24880107e+02 6.70246360e-02 -4.22896654e-03 -6.33672666e-02 1.23321745e-04 1.51422097e-04 5.88632678e-05
1.27585967e+02 6.70645655e-02 -3.72995667e-03 -7.37583300e-02 1.24608270e-04 1.03810672e-04 7.66424280e-05
1.30293982e+02 6.60018493e-02 2.85373861e-03 -6.55821961e-02 4.78165290e-05 2.29225301e-04 8.01008641e-05
1.32999404e+02 6.14811957e-02 9.12470745e-03 -6.24157645e-02 9.67841275e-05 7.11982775e-05 4.42966577e-05
1.35704107e+02 6.10676010e-02 5.96623526e-03 -6.37131646e-02 4.90542794e-05 2.34095799e-04 1.01889230e-04
1.38397904e+02 5.69306150e-02 3.83743204e-03 -7.02619897e-02 4.04640729e-05 6.15507686e-05 7.86558145e-05
1.41107404e+02 6.00656348e-02 1.77659645e-03 -6.26749670e-02 3.76793613e-05 5.59794661e-05 1.11646471e-04
1.43804873e+02 5.95610610e-02 2.96536035e-03 -6.22513784e-02 1.17400815e-04 1.47072720e-04 1.87268384e-04
1.46515045e+02 5.96978691e-02 2.92272391e-03 -5.47329159e-02 2.06863212e-04 2.84365403e-04 4.71086545e-05
1.49219186e+02 6.13059521e-02 4.88821863e-03 -4.51924426e-02 1.57818940e-04 1.30158914e-04 5.86259298e-05
1.51919436e+02 7.03756815e-02 9.34462356e-03 -3.94181422e-02 1.96170624e-04 1.82711381e-04 1.03131133e-04
1.54623217e+02 7.20802069e-02 7.76767293e-03 -3.31932081e-02 1.50703262e-04 1.32205320e-04 2.15859660e-04
1.57324951e+02 7.06014203e-02 -2.21610888e-03 -1.56423040e-02 2.85555079e-04 2.98168983e-04 1.90260102e-04
1.60023217e+02 6.81434104e-02 -8.40567055e-03 3.95819089e-03 6.47183568e-05 2.23301709e-04 9.52279130e-05
1.62722764e+02 7.11093452e-02 -1.34536789e-02 1.37249248e-02 1.01097854e-04 4.18293413e-04 1.31845875e-04
1.65417311e+02 7.26913401e-02 -4.54327893e-03 3.20110242e-02 5.08325053e-05 2.20505631e-04 1.20915488e-04
1.68114717e+02 7.42562736e-02 -9.20573579e-03 3.82209408e-02 1.38064478e-04 1.12326809e-04 2.00669834e-04
1.70816061e+02 7.21897099e-02 -3.39771980e-03 5.30516695e-02 1.73849428e-04 5.41940664e-04 2.92191599e-05
1.73511279e+02 7.08988517e-02 4.56865865e-03 6.56041637e-02 1.13960299e-04 2.68869678e-04 1.02399191e-04
1.76218514e+02 5.88441025e-02 2.90965184e-04 6.92160914e-02 7.98058783e-05 3.41597329e-04 1.06132418e-04
1.78911764e+02 4.91379704e-02 6.00384307e-03 5.89292783e-02 2.73220621e-05 2.28995266e-04 1.32745291e-04
1.81607092e+02 4.82013211e-02 -1.03201505e-03 6.58187596e-02 2.08169891e-04 2.74186082e-04 1.12809245e-05
1.84309576e+02 4.91898790e-02 -2.83918557e-03 6.35104283e-02 4.92540379e-05 2.82451185e-04 3.96459247e-05
1.87015123e+02 5.73437568e-02 -5.18916155e-03 6.75664245e-02 1.36633660e-04 1.03767159e-04 7.45937193e-05
1.89713326e+02 6.17105963e-02 -3.46986033e-03 6.77724265e-02 7.17331813e-05 3.83157456e-04 3.09203773e-05
1.92409061e+02 6.16821565e-02 -3.45943993e-03 5.62034009e-02 9.45465960e-05 7.57861848e-05 3.95299701e-04
1.95107561e+02 5.93208215e-02 -2.29580412e-03 5.86733328e-02 4.80318133e-05 1.71814003e-04 7.83163931e-05
1.97796811e+02 6.31857232e-02 2.64009950e-03 5.54445703e-02 1.11495159e-04 2.20932793e-04 1.18829725e-04
2.00507873e+02 6.47118048e-02 -1.88248402e-03 5.54064395e-02 2.64628322e-05 7.37362597e-06 5.15028713e-05
2.03210779e+02 7.19520762e-02 -9.11667464e-03 6.50772704e-02 8.69135439e-05 1.59981483e-04 1.51669078e-04
2.05903326e+02 6.71516534e-02 -1.02702871e-02 5.83775664e-02 8.42626315e-05 1.12548217e-04 8.38289511e-05
2.08604576e+02 6.69340847e-02 -2.54624058e-03 5.88166606e-02 9.89035033e-05 2.18593078e-04 5.97092497e-05
2.11299764e+02 7.43870857e-02 -3.86799189e-03 5.32426887e-02 1.15415412e-04 1.64624902e-04 2.02164470e-04
2.14004576e+02 7.42155123e-02 -3.51627797e-03 5.86658359e-02 1.91048820e-04 9.63814774e-05 5.39337431e-05
2.16702639e+02 6.60364018e-02 -1.56820514e-03 5.74580529e-02 5.43947888e-05 1.44630067e-04 6.23533684e-05
2.19411451e+02 6.95619659e-02 -5.80782397e-03 6.22171604e-02 1.02839777e-04 3.53816166e-05 8.90278480e-05
2.22102717e+02 6.63163523e-02 -4.82743219e-04 6.86740687e-02 7.39417260e-05 4.05467638e-05 1.46963258e-04
2.24815279e+02 5.24841998e-02 -1.57440988e-03 7.39690476e-02 1.09051920e-04 2.03353915e-04 7.64363822e-05
2.27520092e+02 5.11785187e-02 -3.95193557e-03 7.38103091e-02 3.33116032e-05 1.05935020e-04 6.53102654e-05
2.30221982e+02 4.85604314e-02 -2.70242040e-04 7.10341962e-02 5.42393728e-05 2.34541880e-04 6.50904120e-05
2.32919795e+02 4.87107351e-02 5.84543919e-04 6.87268444e-02 1.91462085e-04 1.30097012e-04 4.92205028e-05
2.35637342e+02 5.02378104e-02 6.88066641e-03 6.97681396e-02 6.50780416e-05 3.07327427e-04 7.33842798e-05
2.38337623e+02 4.78735734e-02 6.86663578e-04 6.91454768e-02 1.73118261e-04 1.41884479e-04 1.34602070e-04
2.41036967e+02 5.42010649e-02 3.08944645e-03 7.77742543e-02 1.76826257e-04 3.59655099e-04 7.44183930e-05
2.43749514e+02 5.16304644e-02 9.96449511e-03 6.53295922e-02 5.40806199e-05 2.77564206e-04 1.34890197e-04
2.46444232e+02 6.14776717e-02 1.20775374e-02 6.98083682e-02 2.55010478e-04 1.12574940e-04 6.73529915e-05
2.49158076e+02 6.17042654e-02 1.61988607e-02 6.87168075e-02 7.78017783e-05 1.30618822e-04 1.03958425e-04
2.51857826e+02 6.64458972e-02 8.70379109e-03 6.08801422e-02 1.18985662e-04 2.77028876e-04 8.83246299e-05
2.54559623e+02 7.03116050e-02 8.41338992e-03 7.19090205e-02 1.49353355e-04 1.74265533e-04 1.20238042e-04
2.57238139e+02 6.47289264e-02 2.19172121e-03 7.04352869e-02 2.26879149e-04 3.94302097e-05 8.40382253e-05
2.59939607e+02 6.34812871e-02 8.22367498e-03 7.03550722e-02 1.20044137e-04 1.27113103e-04 5.01502208e-05
2.62649107e+02 5.73191780e-02 8.15782743e-03 6.04594499e-02 9.39726755e-05 1.48594102e-04 1.15679623e-04
2.65339311e+02 5.98569698e-02 1.69490040e-03 6.17708002e-02 1.32681860e-04 2.54270378e-04 2.71927197e-04
2.68044862e+02 6.50941301e-02 7.77407933e-03 5.74221328e-02 1.81784607e-04 1.27002890e-04 8.37815904e-05
