6.91753425e-01 7.08206145e-02 4.05069175e-03 5.26841868e-02 2.32318379e-04 3.19787904e-04 1.25061225e-04
3.40246282e+00 6.29199574e-02 4.94803719e-03 5.77454879e-02 2.26661698e-04 1.08252438e-04 9.58696656e-05
6.10492391e+00 5.86429204e-02 1.86653552e-03 5.34578064e-02 7.27292280e-05 1.95040261e-04 1.84493262e-04
8.80378641e+00 6.60091212e-02 -6.64041401e-03 5.74347984e-02 1.87032106e-04 4.28375171e-04 8.35781236e-05
1.15010609e+01 7.06316912e-02 -9.91880355e-03 5.05928444e-02 2.61987062e-04 8.02670020e-04 6.75801827e-05
1.41875781e+01 7.52780096e-02 -6.05215295e-03 3.94310049e-02 9.35908357e-05 7.15060579e-04 4.16610432e-05
1.68857172e+01 7.19308509e-02 5.02145479e-03 3.05413423e-02 1.94893315e-04 6.24401287e-04 1.28459965e-04
1.95906313e+01 7.56856727e-02 -1.15146909e-02 1.50816544e-02 2.79960186e-04 4.73180085e-04 1.13123348e-04
2.22827563e+01 8.06122294e-02 -9.22062657e-03 -8.26265346e-03 1.70174643e-04 3.52737350e-04 3.91124314e-04
2.49685484e+01 7.30068706e-02 -8.04531824e-03 -1.86354223e-02 2.63564902e-04 5.10120824e-04 1.50492904e-04
2.76680797e+01 6.93681586e-02 -5.54882135e-03 -2.66484096e-02 9.02207687e-05 6.27782354e-04 1.14951957e-04
3.03685984e+01 6.48198435e-02 -3.13982508e-03 -3.64931968e-02 1.75119634e-04 8.09369482e-04 7.67581144e-05
3.30657016e+01 6.25421535e-02 -9.12901309e-03 -5.24419727e-02 1.08669581e-04 5.68215293e-04 1.50531809e-04
3.57649109e+01 5.58410758e-02 -7.12945928e-03 -5.31554214e-02 2.21777277e-04 4.16867493e-04 8.85264786e-05
3.84709359e+01 5.90004001e-02 -8.59436773e-03 -5.17307909e-02 2.46397575e-05 6.43581404e-04 1.24386896e-04
4.11643688e+01 5.69921837e-02 -1.28730663e-02 -5.71984568e-02 9.72986146e-05 1.27135641e-04 3.54132459e-05
4.38679187e+01 5.94663249e-02 -5.66865376e-03 -6.55649098e-02 1.12774688e-04 3.08457500e-04 7.46914537e-05
4.65573047e+01 5.94860636e-02 -1.58665282e-03 -6.86913634e-02 7.08470764e-05 1.29987038e-04 1.64591100e-04
4.92561453e+01 5.54392170e-02 6.60991915e-03 -6.82088313e-02 8.15398641e-05 4.13398208e-05 3.21101435e-05
5.19673750e+01 6.11798749e-02 3.11544575e-03 -6.41091495e-02 1.21218338e-04 4.48327718e-05 6.47020410e-05
5.46751672e+01 5.72141265e-02 -1.35286808e-03 -6.07285087e-02 1.10471578e-04 9.45540148e-05 5.13881632e-05
5.73764078e+01 5.40047046e-02 1.12200746e-03 -6.89871603e-02 9.25074103e-05 1.65037685e-04 3.59948997e-04
6.00830781e+01 5.34874608e-02 1.23622158e-03 -6.58626999e-02 1.47700355e-04 4.42074482e-04 5.91035727e-05
6.27752281e+01 5.27606298e-02 -9.00710199e-04 -6.71211154e-02 8.76088146e-05 5.25824350e-04 2.03640237e-04
6.54796391e+01 5.97930921e-02 -6.28598503e-03 -5.88693734e-02 5.72459174e-05 2.33691933e-04 9.03229101e-05
6.81833859e+01 5.93670556e-02 -2.92681048e-03 -6.31820359e-02 1.08476910e-04 2.32486208e-04 2.33629410e-04
7.08810328e+01 6.52776354e-02 9.84412865e-03 -6.54685093e-02 8.19540801e-05 1.42246471e-04 1.89133647e-04
7.35790687e+01 5.86281348e-02 -3.69013643e-03 -5.98619475e-02 1.69137931e-04 1.05767479e-04 1.42877908e-04
7.62818484e+01 5.68911551e-02 -2.85979694e-03 -5.93669669e-02 7.70628471e-05 1.67260139e-04 7.82116555e-05
7.89795156e+01 6.36414253e-02 4.07350872e-03 -6.43600733e-02 7.07449088e-05 5.98366717e-05 7.60638280e-05
8.16700687e+01 6.63387643e-02 -7.33335019e-03 -6.84366284e-02 5.59367787e-04 1.62379322e-04 2.70889383e-05
8.43772016e+01 7.29031282e-02 7.00051400e-04 -5.81807891e-02 1.10828390e-04 1.78786841e-04 2.37033666e-04
8.70785438e+01 7.08240435e-02 -7.29590556e-03 -5.73765219e-02 8.74673120e-05 2.68916574e-04 6.42708367e-05
8.97744281e+01 6.48710168e-02 -1.40675354e-02 -5.35312863e-02 1.20226769e-04 2.38044825e-04 1.60205593e-04
9.24720312e+01 7.82162698e-02 -2.22792430e-03 -5.78772590e-02 1.37643192e-04 2.94552319e-04 1.94151643e-04
9.51815406e+01 7.17343975e-02 2.88258942e-03 -5.43534663e-02 1.69492981e-04 1.84563948e-04 2.48021700e-04
9.78661031e+01 7.21883484e-02 4.70581256e-03 -5.76510109e-02 3.09615331e-05 2.90672629e-04 1.46204073e-04
1.00565872e+02 6.26721083e-02 4.30716238e-03 -6.07828515e-02 1.06449290e-04 4.39336708e-04 7.65214161e-05
1.03272309e+02 5.99302568e-02 9.89583806e-03 -5.28121554e-02 7.01092549e-05 6.23395335e-04 8.38012544e-05
1.05961559e+02 6.07388807e-02 7.38346391e-03 -6.15891556e-02 7.79033458e-05 7.61767681e-04 7.13934820e-05
1.08671497e+02 5.89734997e-02 1.08279505e-02 -6.34072883e-02 8.46726662e-05 2.45802855e-04 7.72459686e-05
1.11369622e+02 6.10514460e-02 1.05676754e-02 -6.15696380e-02 2.49064822e-04 1.42776038e-04 9.08728418e-05
1.14068153e+02 6.35947738e-02 -4.76209321e-04 -6.27537263e-02 6.20473146e-05 5.35564414e-05 6.05698095e-05
1.16774091e+02 6.60065942e-02 2.28374126e-04 -6.46440319e-02 1.56566982e-04 1.40684445e-04 7.53368580e-05
1.19470403e+02 5.38173687e-02 -4.44433838e-03 -7.11826735e-02 1.21551147e-04 2.55239515e-04 1.01507864e-04
1.22177950e+02 6.30810901e-02 7.88327771e-04 -6.67168679e-02 1.45810679e-04 1.41604507e-04 1.09455926e-04
1.24881169e+02 6.59275004e-02 -6.42158002e-03 -6.23182725e-02 9.13370237e-05 2.06415403e-04 1.40135558e-04
1.27586059e+02 6.63775854e-02 -3.25826717e-03 -7.11459923e-02 7.23108746e-05 9.23875926e-05 1.51173102e-04
1.30289700e+02 6.26566980e-02 2.95045694e-03 -6.54904994e-02 1.28079625e-04 2.08249119e-04 8.43395500e-05
1.33000184e+02 5.90888161e-02 8.52909524e-03 -6.22580998e-02 8.25019745e-05 4.06074807e-05 9.11771505e-05
1.35711028e+02 6.13515986e-02 4.21129037e-03 -6.12666735e-02 1.82479903e-05 1.75916383e-04 1.16968397e-04
1.38401856e+02 5.73179868e-02 6.14452355e-03 -7.04873597e-02 4.81386243e-05 8.54238233e-05 1.11777344e-04
1.41105388e+02 5.91711532e-02 1.85378081e-03 -6.17352162e-02 4.83145459e-05 6.30998239e-05 9.08853170e-05
1.43809888e+02 6.03934028e-02 4.10103738e-03 -6.07619621e-02 2.92862323e-05 1.08558394e-04 2.25809525e-04
1.46514169e+02 5.88516868e-02 4.56998678e-03 -5.83551941e-02 1.37156741e-04 1.91966124e-04 7.20185633e-05
1.49217169e+02 6.36058808e-02 4.99877829e-03 -4.88198760e-02 2.02056206e-04 1.52412850e-04 1.12793320e-04
1.51921419e+02 6.67399976e-02 1.22492475e-02 -4.04381048e-02 1.61352214e-04 2.58492244e-04 1.10291501e-04
1.54626013e+02 7.47487051e-02 7.79258945e-03 -3.65158609e-02 9.26910252e-05 1.94878295e-04 2.14050920e-04
1.57329966e+02 7.11440611e-02 -3.28086063e-03 -1.81655918e-02 1.61308935e-04 2.64752718e-04 1.81268145e-04
1.60024294e+02 6.69310318e-02 -9.34512189e-03 3.10979120e-05 6.83625566e-05 1.40490712e-04 1.16685220e-04
1.62724731e+02 7.21672012e-02 -1.36551913e-02 1.27498496e-02 6.10119037e-05 2.69679585e-04 9.76364533e-05
1.65424731e+02 7.23240175e-02 -2.16364549e-03 2.83171169e-02 2.74797871e-05 1.49966936e-04 7.14000908e-05
1.68113841e+02 7.40748137e-02 -6.52683244e-03 4.00915521e-02 1.14142013e-04 2.29112241e-04 1.87866814e-04
1.70820497e+02 6.92046581e-02 -2.67580711e-03 5.73201885e-02 7.62683794e-05 5.21388197e-04 3.70671608e-05
1.73511278e+02 7.28443898e-02 5.64978826e-03 6.30752660e-02 1.19448850e-04 1.98645708e-04 6.02033154e-05
1.76214341e+02 5.75732064e-02 2.68970354e-04 6.99859415e-02 1.50492940e-04 3.41769360e-04 1.15886019e-04
1.78906966e+02 4.99482898e-02 4.61455935e-03 5.67676594e-02 4.81970768e-05 3.22552397e-04 8.47701973e-05
1.81607700e+02 4.88092233e-02 -1.43774822e-03 6.07256021e-02 2.51692105e-04 3.29391339e-04 3.74140250e-05
1.84312903e+02 4.88423677e-02 -3.66548346e-03 6.43372303e-02 2.04620564e-05 2.82545698e-04 6.82581720e-05
1.87013059e+02 5.79793864e-02 -6.25960787e-03 6.93705065e-02 6.86583633e-05 1.20533005e-04 8.15530226e-05
1.89716513e+02 6.70103188e-02 -5.36935158e-03 6.84091515e-02 1.00577512e-04 2.00397295e-04 7.65741807e-05
1.92415700e+02 6.07187634e-02 -5.14448150e-03 5.67218347e-02 9.06107400e-05 8.14095614e-05 3.90639357e-04
1.95101966e+02 5.92298632e-02 -3.84790387e-03 5.88275510e-02 4.44082377e-05 1.18000999e-04 1.61328301e-04
1.97799403e+02 5.79138375e-02 -1.55157593e-03 6.05210082e-02 1.17161889e-04 1.93681797e-04 1.39918258e-04
2.00514059e+02 6.41321769e-02 -1.68490920e-03 5.62678490e-02 6.01904888e-05 4.45562763e-05 5.52758581e-05
2.03210138e+02 7.21104908e-02 -1.04675927e-02 6.65598005e-02 3.87755788e-05 8.97592763e-05 8.17289859e-05
2.05907138e+02 6.80699437e-02 -4.13415742e-03 6.21255956e-02 8.34058924e-05 7.66276826e-05 1.08080876e-04
2.08605528e+02 6.74327815e-02 -2.06425103e-03 5.79572903e-02 1.39239279e-04 1.93317331e-04 9.07672347e-05
2.11307044e+02 6.95747507e-02 -1.24558021e-04 5.36821848e-02 2.16240517e-04 1.34146917e-04 2.06392996e-04
2.14005684e+02 6.96846200e-02 -3.73553330e-04 5.67237512e-02 2.28084301e-04 6.39097533e-05 5.29651048e-05
2.16712200e+02 6.35269567e-02 -1.84789960e-03 5.42154663e-02 4.24135520e-05 5.86463794e-05 4.14021485e-05
2.19412169e+02 6.99554201e-02 -4.90410347e-03 6.04695051e-02 7.61981998e-05 4.39702269e-05 7.72656492e-05
2.22104466e+02 6.61442565e-02 -1.95092377e-03 6.57851582e-02 5.32136777e-05 8.13372321e-05 7.24827369e-05
2.24819263e+02 5.30255618e-02 -4.17580549e-03 7.39506267e-02 5.41056642e-05 1.97171638e-04 2.59427557e-05
2.27518262e+02 5.37010239e-02 -4.67577898e-05 7.57170431e-02 6.27133299e-05 5.90294849e-05 8.88250205e-05
2.30221200e+02 4.99002149e-02 -1.74198335e-04 6.69124606e-02 3.21699096e-05 2.28694536e-04 8.65502473e-05
2.32923169e+02 4.91921181e-02 -2.46905710e-03 6.67740641e-02 1.55061038e-04 1.41637000e-04 9.27032291e-05
2.35646513e+02 5.06962555e-02 2.71067036e-03 7.02806554e-02 6.22295560e-05 2.31591190e-04 6.48355708e-05
2.38336653e+02 4.92284308e-02 1.94471695e-03 6.93611553e-02 1.97081222e-04 1.30814443e-04 1.25883585e-04
2.41036419e+02 5.32315880e-02 1.74816695e-03 7.79267726e-02 1.81159310e-04 2.64307157e-04 7.12171122e-05
2.43749419e+02 5.13678683e-02 9.47147286e-03 6.54024085e-02 2.39646278e-05 2.45139831e-04 5.95400647e-05
2.46453388e+02 6.35512601e-02 1.27969529e-02 7.07077312e-02 2.69897902e-04 1.19374908e-04 7.97408790e-05
2.49158622e+02 6.37623608e-02 1.55177995e-02 6.56771268e-02 5.81058292e-05 1.14724472e-04 1.41005520e-04
2.51855575e+02 7.15430062e-02 5.89237142e-03 6.22125585e-02 6.87873707e-05 1.93232628e-04 6.64605302e-05
2.54559309e+02 6.89690645e-02 6.75852356e-03 6.86792009e-02 1.25730886e-04 1.38038838e-04 1.90451501e-04
2.57247794e+02 6.34292932e-02 1.10638053e-03 7.06197294e-02 1.30342833e-04 2.24343034e-05 1.17553826e-04
2.59937091e+02 6.33568344e-02 7.59203382e-03 7.31964665e-02 7.48072616e-05 1.63306954e-04 6.33442734e-05
2.62642669e+02 5.91997470e-02 8.36139122e-03 6.27579272e-02 1.33211436e-04 1.60237199e-04 1.43682876e-04
2.65340919e+02 6.34611046e-02 2.57684289e-03 6.07696756e-02 1.39785184e-04 1.27801940e-04 2.89506402e-04
2.68041783e+02 6.42529735e-02 9.97798699e-03 5.70867718e-02 1.27949871e-04 1.35432696e-04 1.59763728e-04
