6.98040697e-01 6.28290103e-02 2.82560263e-04 6.36438887e-02 8.71964109e-05 1.67082845e-04 7.07202053e-05
3.39225889e+00 6.24378369e-02 3.24593187e-03 7.09503611e-02 8.87511890e-05 1.12006759e-04 9.51838668e-05
6.09225670e+00 6.27095013e-02 5.08704297e-03 6.01119290e-02 5.31479113e-05 1.32892243e-04 1.82935703e-04
8.78583404e+00 7.00185156e-02 4.54004224e-03 5.13888019e-02 1.75522728e-04 9.23317209e-05 1.83392245e-04
1.14862251e+01 6.81908290e-02 4.50382575e-03 4.17467193e-02 7.69531993e-05 1.77392789e-04 1.38985722e-04
1.41823751e+01 7.21515980e-02 -7.03883448e-03 3.85567169e-02 2.01432755e-04 1.10722754e-04 1.45581723e-04
1.68813048e+01 7.26417209e-02 1.52202951e-03 3.85468527e-02 1.30124442e-04 1.68647005e-04 9.30614332e-05
1.95768158e+01 7.58080194e-02 -7.67962125e-03 1.52404498e-02 1.37663161e-04 2.31011772e-04 2.10913763e-04
2.22733376e+01 7.69816493e-02 -2.73583429e-03 -1.29597039e-02 5.27396926e-05 1.86858326e-04 4.10494539e-05
2.49628533e+01 6.88372012e-02 -4.44810050e-03 -4.08974161e-02 1.35158990e-04 1.32384594e-04 6.39956468e-05
2.76635970e+01 6.51691891e-02 6.99165283e-04 -4.96818800e-02 8.28311642e-05 3.36798130e-04 1.02720093e-04
3.03431689e+01 7.04747377e-02 -8.31926276e-03 -5.93586811e-02 7.22258670e-05 1.60591886e-04 5.22384991e-05
3.30582783e+01 6.97559570e-02 -4.85398890e-03 -6.22380062e-02 1.45272062e-04 1.54334848e-04 1.50673503e-04
3.57485861e+01 6.96922749e-02 -2.65770646e-03 -6.71283851e-02 2.08153171e-04 4.65418183e-04 2.21848756e-04
3.84446548e+01 7.39143884e-02 5.89038373e-03 -6.58556883e-02 1.67031322e-04 1.12349159e-04 5.51770547e-05
4.11517126e+01 6.64299359e-02 -2.25172702e-03 -6.54494531e-02 8.36101949e-05 2.63761543e-04 5.25619978e-05
4.38640283e+01 6.49783521e-02 -9.42119151e-03 -6.02235259e-02 2.05820255e-04 2.26942008e-04 1.14501088e-04
4.65585939e+01 6.42533458e-02 2.77178114e-04 -6.51614881e-02 2.14196385e-04 2.90205448e-04 9.39777418e-05
4.92604642e+01 6.06922897e-02 -4.20212443e-03 -7.19376683e-02 7.68546380e-05 1.33039724e-04 6.39250274e-05
5.19681533e+01 5.68860764e-02 -8.95373553e-03 -6.63390990e-02 7.72361308e-05 2.12013952e-04 1.05307138e-04
5.46720548e+01 5.48857285e-02 -9.34632648e-04 -6.61063973e-02 1.57446650e-04 3.70160859e-04 1.24475671e-04
5.73767064e+01 5.76307921e-02 -1.38823634e-02 -6.35153599e-02 9.74423642e-05 2.14893179e-04 1.33708350e-04
6.00681595e+01 7.41901359e-02 2.02023211e-03 -6.99575629e-02 6.32306060e-05 2.59998432e-04 4.69741167e-05
6.27707892e+01 6.98904616e-02 -5.49272926e-03 -5.69612988e-02 7.09976061e-05 2.48146420e-04 6.96428622e-05
6.54666142e+01 6.46577800e-02 3.15955424e-03 -5.87867593e-02 1.27818550e-04 1.71154130e-04 1.28013153e-04
6.81635408e+01 6.41883073e-02 5.37476983e-05 -6.02772145e-02 8.91121426e-05 9.21120608e-05 9.51433510e-05
7.08643017e+01 6.67919160e-02 5.42478440e-03 -6.14132215e-02 7.76741764e-05 2.54835438e-04 1.95359908e-04
7.35538142e+01 6.77205655e-02 7.99731144e-03 -6.40211978e-02 1.02634384e-04 2.95307619e-04 4.98101180e-04
7.62609783e+01 6.55807700e-02 1.29642741e-02 -5.46110389e-02 1.48079794e-04 2.66529289e-04 6.81918457e-05
7.89612001e+01 5.86904482e-02 1.46586254e-02 -5.40216174e-02 6.02942753e-05 2.74202075e-04 1.80663642e-04
8.16584954e+01 5.19937235e-02 2.44029796e-03 -5.64589106e-02 3.23708682e-04 5.75074867e-05 8.87564179e-05
8.43593517e+01 5.79875142e-02 1.53554683e-02 -6.45923134e-02 9.28991812e-05 2.44338804e-04 1.31477896e-04
8.70657751e+01 6.60564089e-02 1.45069091e-02 -7.01120723e-02 1.03443574e-04 4.18146748e-04 1.05054107e-04
8.97583533e+01 6.58810942e-02 1.40615064e-02 -6.50894574e-02 5.64689073e-05 1.39776251e-04 5.65588421e-05
9.24566079e+01 6.26532943e-02 9.71362636e-03 -7.30202040e-02 1.38156144e-04 1.95984286e-04 1.07184797e-04
9.51662673e+01 5.89613830e-02 3.02766922e-03 -7.33375411e-02 1.41250882e-04 1.64356605e-04 7.31498734e-05
9.78640954e+01 6.27927552e-02 1.69375956e-03 -6.68256097e-02 1.19831328e-04 1.21311162e-04 1.43274272e-04
1.00564969e+02 6.37617808e-02 -2.41397715e-03 -6.63842440e-02 2.11072755e-05 1.01616929e-04 7.65124679e-05
1.03256703e+02 7.09444429e-02 -2.68622940e-03 -7.01968102e-02 8.58991771e-05 1.39635486e-04 7.88511585e-05
1.05953406e+02 7.06760126e-02 -6.54692801e-03 -6.40451344e-02 6.87932630e-05 1.57979362e-04 5.12243026e-05
1.08651610e+02 6.82245775e-02 -3.62669278e-03 -5.81966386e-02 1.50133815e-04 2.20468510e-04 1.08982334e-04
1.11348297e+02 5.91623488e-02 -4.27867955e-03 -6.34425422e-02 1.42195448e-04 8.32368548e-05 6.85555519e-05
1.14037969e+02 5.97594229e-02 2.72781986e-03 -6.14729315e-02 2.21541339e-04 4.89246949e-05 1.59719865e-04
1.16740141e+02 6.41582506e-02 6.80749911e-03 -6.63244374e-02 1.66686690e-04 3.04325188e-04 9.42143933e-05
1.19433344e+02 6.87463594e-02 -2.52766433e-03 -6.61917512e-02 1.04200234e-04 2.11946613e-04 1.42560197e-04
1.22143860e+02 6.79445417e-02 1.01802982e-02 -5.96549760e-02 7.80919323e-05 3.62056379e-04 2.25919454e-04
1.24842078e+02 6.41495397e-02 2.74256575e-03 -6.82780056e-02 4.60155178e-05 4.24540105e-04 2.94971677e-04
1.27557891e+02 5.77030903e-02 -1.59869399e-05 -7.23957205e-02 2.06378860e-04 2.53946655e-04 1.64680690e-04
1.30259156e+02 6.10466990e-02 4.99815445e-04 -7.06581728e-02 6.91674946e-05 2.35380426e-04 1.83448723e-04
1.32961656e+02 6.28202248e-02 -1.95637841e-03 -6.55060107e-02 1.40509940e-04 3.47034908e-04 1.24560719e-04
1.35665656e+02 5.80613155e-02 3.97135168e-03 -6.20779349e-02 1.48540828e-04 1.23289789e-04 3.89726371e-05
1.38364656e+02 5.99876190e-02 -1.93021566e-03 -5.79456692e-02 2.32221502e-04 2.02626755e-04 2.38460823e-04
1.41073375e+02 6.16312079e-02 5.73930976e-03 -5.83190342e-02 4.71704003e-05 6.48831501e-05 7.13016672e-05
1.43775953e+02 6.18017565e-02 1.10005960e-02 -5.86564258e-02 1.25200681e-04 6.87786574e-05 1.33043100e-04
1.46498453e+02 5.07182403e-02 1.46160126e-03 -6.47483399e-02 1.06303825e-04 8.34785633e-05 3.85625299e-05
1.49192266e+02 5.85392400e-02 5.31714524e-04 -6.60818561e-02 6.65051274e-05 2.94881815e-04 7.14756291e-05
1.51897891e+02 5.69398009e-02 -4.67608703e-04 -6.33586322e-02 7.10698320e-05 2.52330119e-04 1.41302506e-04
1.54594156e+02 5.63713710e-02 -2.41816103e-03 -5.89779656e-02 1.20314939e-04 1.84425551e-04 2.40748490e-05
1.57289438e+02 6.24581015e-02 3.12723455e-03 -3.50778695e-02 2.90579667e-04 2.80397194e-04 5.95464947e-05
1.59993656e+02 6.98189594e-02 1.07161533e-02 -1.55088944e-02 1.50842701e-04 2.41755227e-04 5.51282320e-05
1.62686125e+02 7.41547087e-02 1.09888583e-02 1.04364417e-02 8.22037539e-05 1.58295009e-04 1.27946004e-04
1.65382219e+02 6.65859164e-02 1.12437780e-02 3.20501081e-02 7.94163559e-05 1.87819369e-04 5.60580428e-05
1.68081047e+02 6.40296175e-02 4.77780743e-03 5.24644032e-02 1.28377385e-04 4.51600172e-04 9.99020716e-05
1.70778156e+02 6.63143880e-02 1.93177916e-03 6.09963618e-02 1.60529711e-04 1.14292302e-04 1.38486542e-04
1.73487469e+02 6.64130897e-02 1.56136999e-03 5.70926304e-02 2.16143317e-04 2.36228871e-04 1.24707083e-04
1.76177485e+02 6.84200363e-02 5.44891306e-04 6.20395788e-02 3.94794623e-05 1.19817481e-04 6.57392210e-05
1.78870781e+02 7.36697848e-02 3.48503496e-03 6.25520940e-02 4.52188610e-05 1.51200965e-04 1.28584569e-04
1.81570797e+02 7.43034466e-02 -8.48988317e-03 6.04631851e-02 3.62639789e-05 3.24306900e-04 8.21358163e-05
1.84266438e+02 7.35146581e-02 -4.51086004e-03 5.69330144e-02 4.26143197e-05 2.87142329e-04 1.35890002e-04
1.86970297e+02 6.33909616e-02 -7.45133968e-03 4.30855426e-02 6.48316191e-05 4.60105691e-04 1.92969309e-04
1.89668469e+02 5.80384742e-02 -1.23081727e-02 5.49548610e-02 1.05004643e-04 1.61610560e-04 1.42225245e-04
1.92359906e+02 5.24521120e-02 -1.40789410e-02 6.59711081e-02 4.63987257e-05 4.20037356e-04 2.83903807e-04
1.95050016e+02 5.72127548e-02 -1.15229541e-02 6.71062168e-02 8.13785295e-05 1.07972913e-04 2.13995593e-04
1.97751360e+02 6.03073647e-02 -8.66346635e-03 7.18857745e-02 3.09734623e-05 6.33715754e-05 4.57944868e-05
2.00453031e+02 5.62738739e-02 3.61594109e-05 7.23328151e-02 1.66913361e-04 1.13412866e-04 1.22183118e-04
2.03158313e+02 4.96698927e-02 5.76907117e-04 6.55788073e-02 5.62628807e-05 5.79588538e-05 7.06968356e-05
2.05866297e+02 5.72137693e-02 9.64927126e-03 7.38123144e-02 1.31872248e-04 3.13716156e-04 2.80227095e-05
2.08555422e+02 5.33097432e-02 5.91169693e-03 7.36001126e-02 9.44202186e-05 1.30427754e-04 1.15449974e-04
2.11257703e+02 6.24701242e-02 8.86638866e-03 7.38229470e-02 1.42156416e-04 9.84218253e-05 1.60486001e-04
2.13958672e+02 6.13506281e-02 1.38778617e-02 7.69762639e-02 2.39812183e-04 3.22103325e-05 1.58266307e-04
2.16653516e+02 5.83286812e-02 2.65819635e-03 7.47581609e-02 6.49940276e-05 2.09214290e-04 7.54590243e-05
2.19362156e+02 6.60026633e-02 8.31803742e-03 6.28618765e-02 7.21315049e-05 1.10999016e-04 3.04776753e-05
2.22059891e+02 6.85741407e-02 9.73976832e-03 6.43684155e-02 1.60928707e-04 1.20404046e-04 8.62771817e-05
2.24759703e+02 7.27881483e-02 1.56781193e-03 4.99278812e-02 6.73055465e-05 1.35030634e-04 3.62563100e-05
2.27469313e+02 7.69160719e-02 -8.77502991e-03 4.96143739e-02 5.68950229e-05 2.93105502e-04 3.12641420e-05
2.30154797e+02 7.42500988e-02 -5.77335323e-03 5.44791413e-02 2.92638555e-05 5.28394269e-04 8.13806569e-05
2.32861094e+02 6.82880375e-02 -2.79431841e-03 6.61308460e-02 1.27731307e-04 3.24795936e-04 9.37557790e-05
2.35571047e+02 7.00711110e-02 -4.08232864e-03 6.24204568e-02 4.31215321e-05 3.05748445e-04 1.00108679e-04
2.38268610e+02 6.85120221e-02 9.21396820e-04 5.93090084e-02 2.92680226e-05 2.24169121e-04 4.31006387e-05
2.40973063e+02 7.17330905e-02 -4.72266306e-03 5.96230454e-02 1.07203440e-04 2.86619044e-04 1.93856602e-04
2.43678344e+02 7.05134127e-02 -9.89782064e-03 6.00178198e-02 1.20936155e-04 2.46836709e-04 2.80995234e-05
2.46378797e+02 6.61448648e-02 -1.42948115e-02 5.94715992e-02 3.02487709e-05 1.47831498e-04 9.70374403e-05
2.49078110e+02 5.65076232e-02 -1.15377126e-02 5.60195281e-02 1.42559567e-04 2.44950927e-04 3.49656928e-05
2.51780922e+02 6.06833801e-02 -9.55589030e-03 5.74851367e-02 6.06609390e-05 2.23087829e-04 8.71487499e-05
2.54477203e+02 7.05890668e-02 -2.90527177e-03 5.25306813e-02 2.11809495e-04 2.00975544e-04 7.17966612e-05
2.57180360e+02 7.23318842e-02 -1.23774414e-04 5.25147177e-02 4.19877455e-05 2.03057055e-04 1.52493412e-04
2.59877078e+02 6.95032216e-02 -6.46131938e-04 5.20708593e-02 1.91184907e-04 1.05112782e-04 5.90016923e-05
2.62581000e+02 6.83782259e-02 -1.56326341e-03 5.64447598e-02 9.50882932e-05 5.86622903e-05 1.12577485e-04
2.65283938e+02 5.78408527e-02 -4.94564459e-03 7.05131956e-02 8.18720943e-05 9.30730921e-05 1.82130253e-04
2.67980712e+02 5.65174844e-02 2.78480516e-03 7.47408738e-02 1.23325599e-04 6.61436329e-05 6.61688716e-05
