6.90269783e-01 5.79830613e-02 -7.96526554e-03 6.10794582e-02 1.69800643e-04 1.53351407e-04 6.37753578e-05
3.38067525e+00 5.59343757e-02 -4.12015174e-03 5.75654014e-02 7.58644972e-05 3.68040344e-04 1.13598056e-04
6.08440041e+00 6.17886031e-02 -4.05293165e-03 5.75022424e-02 1.27127493e-04 2.99192525e-04 1.14274946e-04
8.78815260e+00 5.79091526e-02 3.44232436e-03 6.33972871e-02 1.31219674e-04 3.91282968e-04 4.37607158e-05
1.14872976e+01 6.37485614e-02 -4.63860650e-04 6.05961098e-02 2.92316769e-04 1.02755951e-04 1.83627839e-04
1.41863679e+01 7.33556182e-02 7.00582408e-03 4.96921915e-02 1.38877307e-04 2.69242322e-05 1.42145152e-04
1.68763148e+01 7.93915728e-02 -3.43759048e-03 3.07552545e-02 1.10577725e-04 1.88704767e-04 1.91140669e-04
1.95659820e+01 7.58656948e-02 7.28262286e-03 1.14125219e-02 2.86180722e-04 5.12280621e-04 9.54357075e-05
2.22635085e+01 7.30846621e-02 9.86123100e-04 -4.17098852e-03 7.07850204e-05 4.44478088e-04 7.86300289e-05
2.49660492e+01 7.67647009e-02 2.56501349e-03 -3.20459391e-02 1.63490854e-04 5.49633155e-04 1.67503146e-04
2.76563960e+01 7.06301709e-02 3.13012061e-05 -4.62052565e-02 1.33678213e-04 5.88561856e-04 8.67843862e-05
3.03590117e+01 5.74316433e-02 1.02063017e-02 -5.71533287e-02 1.56926839e-04 4.70295906e-04 1.82613693e-04
3.30620507e+01 5.62784981e-02 5.60872214e-03 -5.24939671e-02 1.94338668e-04 6.92006395e-04 1.58907439e-04
3.57613757e+01 4.75089101e-02 1.48728521e-03 -6.19318856e-02 2.30023667e-04 1.01068977e-03 1.02575826e-04
3.84708804e+01 5.17985402e-02 -6.93166935e-03 -6.20185534e-02 1.36527431e-04 5.43110761e-04 1.88511202e-04
4.11675664e+01 5.52407043e-02 -1.28365852e-03 -6.15145241e-02 4.67921561e-05 4.94172265e-04 8.51413761e-05
4.38685398e+01 6.53848989e-02 -4.55863783e-03 -6.49873209e-02 8.14899169e-05 8.21470223e-05 5.15694431e-05
4.65715117e+01 5.86185363e-02 -9.56194428e-03 -6.65498125e-02 1.72699413e-04 2.08640330e-04 8.05578528e-05
4.92767132e+01 6.63524442e-02 -3.66406540e-03 -5.58740460e-02 8.30922222e-05 1.41204679e-04 1.43650210e-04
5.19751757e+01 7.05636046e-02 -2.24481933e-03 -6.08280910e-02 5.15721443e-05 1.45466661e-04 1.30482038e-04
5.46726976e+01 6.83894911e-02 -7.65166528e-03 -5.54864220e-02 4.72524537e-05 7.93042546e-05 1.01068237e-04
5.73707289e+01 6.30635367e-02 7.47496138e-03 -5.95035853e-02 4.76381253e-05 7.31491813e-05 1.38942702e-04
6.00784288e+01 5.47262280e-02 -3.32848806e-03 -5.73720923e-02 7.36368112e-05 2.35228368e-04 4.46770939e-05
6.27739132e+01 5.91578347e-02 5.67293243e-03 -5.46835244e-02 6.99773405e-05 1.49680449e-04 5.68007239e-05
6.54664148e+01 6.69677283e-02 2.56402643e-03 -6.13818809e-02 3.43458267e-04 1.41495575e-04 5.50596802e-05
6.81643773e+01 7.00542471e-02 8.88742589e-03 -5.57790442e-02 4.44126006e-05 2.41183531e-04 1.00843060e-04
7.08714726e+01 5.84953116e-02 8.70561706e-03 -5.63821911e-02 1.66133778e-04 8.73991004e-05 1.48597856e-04
7.35712163e+01 6.13981392e-02 8.84194071e-03 -5.87514437e-02 1.43599806e-04 8.38233592e-05 3.07805096e-04
7.62702023e+01 6.00339694e-02 2.42175945e-03 -6.44534863e-02 1.08170255e-04 1.90561504e-04 1.01918807e-04
7.89800476e+01 5.77289185e-02 6.08706995e-03 -6.59603762e-02 9.92357536e-05 1.54698929e-04 3.51719439e-05
8.16654367e+01 6.05698492e-02 2.00398110e-02 -6.49196824e-02 8.49218852e-05 2.47945614e-04 1.29643643e-04
8.43637210e+01 5.27840334e-02 9.84168801e-03 -6.21460898e-02 2.21172507e-04 1.70944941e-04 2.92296271e-04
8.70700273e+01 5.20558657e-02 1.07702745e-02 -6.99757951e-02 1.12455103e-04 1.46590651e-04 8.25166084e-05
8.97670148e+01 4.66094838e-02 1.04588175e-02 -7.44156043e-02 1.12917102e-04 4.22821153e-04 7.59996940e-05
9.24696460e+01 5.45384566e-02 1.06152810e-02 -7.24286051e-02 2.61967919e-04 2.82279230e-04 6.56862645e-05
9.51678288e+01 6.46305346e-02 6.98467078e-03 -7.07396793e-02 1.06903414e-04 3.87008299e-04 1.20855432e-04
9.78670945e+01 5.74987047e-02 -6.42129691e-04 -6.98882037e-02 1.32085703e-04 2.44713064e-04 2.50410333e-04
1.00571434e+02 6.34042315e-02 -5.47966215e-03 -6.82810123e-02 1.49648943e-04 3.07697354e-04 2.00412829e-04
1.03270293e+02 5.53890168e-02 -1.00984857e-02 -6.67761336e-02 5.68482229e-05 8.18602107e-05 4.91355008e-05
1.05966512e+02 5.61691352e-02 -5.68607177e-03 -6.45373306e-02 2.90609229e-04 2.47436773e-04 1.54774346e-04
1.08669840e+02 5.89285653e-02 -5.43998700e-03 -6.99138110e-02 2.06835160e-04 7.19592267e-05 4.32958279e-05
1.11368496e+02 6.56767413e-02 -1.87540478e-04 -6.18087386e-02 5.32149965e-05 1.93421302e-04 2.16661109e-04
1.14060184e+02 6.99421498e-02 -9.98255546e-04 -5.86071908e-02 1.66426911e-04 4.43303309e-04 1.77189630e-04
1.16762605e+02 6.32938144e-02 -7.46424312e-03 -5.73267097e-02 9.69685492e-05 1.87236966e-04 2.13360986e-04
1.19468824e+02 6.27654336e-02 2.03722821e-03 -5.84152708e-02 1.09564338e-04 5.26964008e-04 4.58083401e-05
1.22167215e+02 5.60551289e-02 -5.66605671e-03 -6.62931643e-02 3.37455428e-05 5.26363029e-04 9.95935933e-05
1.24862246e+02 6.03867405e-02 -2.94842484e-03 -7.29757652e-02 2.01754001e-04 3.72829964e-04 1.99442984e-04
1.27561074e+02 6.65989175e-02 3.35837075e-04 -5.75213246e-02 1.39810356e-04 4.65033067e-04 8.34854504e-05
1.30261199e+02 6.48935478e-02 3.13026460e-03 -6.45239080e-02 9.89784738e-05 3.32767349e-04 9.53168747e-05
1.32960230e+02 6.59191010e-02 5.10696416e-03 -6.81899721e-02 3.39790811e-05 2.76302597e-04 3.05431085e-05
1.35669074e+02 6.55740490e-02 -3.72650141e-03 -7.04620939e-02 1.60985937e-04 2.09738659e-04 8.17307359e-05
1.38379887e+02 6.29651309e-02 -2.98831781e-04 -6.14614106e-02 1.13463260e-04 7.58986721e-05 2.77055331e-04
1.41089980e+02 5.70003022e-02 -3.91791269e-03 -6.42308991e-02 2.10165308e-04 2.22633144e-05 9.48152753e-05
1.43790355e+02 5.96012985e-02 -1.35462601e-02 -6.28593449e-02 6.34535222e-05 1.90707752e-04 4.13024638e-05
1.46493449e+02 6.15779086e-02 -6.70035315e-03 -6.13542012e-02 1.60696970e-04 1.37288944e-04 1.05930289e-04
1.49194527e+02 5.42068547e-02 -6.63836112e-04 -6.04849275e-02 6.71417731e-05 3.69473266e-04 2.76872218e-04
1.51909512e+02 5.87381971e-02 -3.75571130e-03 -5.65928226e-02 2.02347640e-04 1.87596715e-04 1.79625215e-04
1.54609871e+02 6.11778882e-02 3.47049379e-03 -4.63636993e-02 1.15128025e-04 1.35493299e-04 1.80058901e-04
1.57302230e+02 6.52117809e-02 3.97955867e-03 -3.48423974e-02 2.09545135e-04 1.85661817e-04 2.97651095e-05
1.60008418e+02 6.00585804e-02 1.00276497e-02 -8.89799776e-03 1.42783379e-04 9.12181157e-05 7.37405327e-05
1.62713168e+02 6.23997449e-02 9.02784023e-03 1.85618948e-02 1.58083341e-04 1.43858428e-04 1.56412259e-04
1.65401652e+02 7.19988267e-02 8.07476821e-03 3.56509931e-02 8.89385747e-05 2.19369997e-04 2.18451387e-04
1.68104246e+02 7.31056437e-02 8.21460121e-03 3.30807978e-02 1.72184430e-04 2.14936659e-04 6.82228564e-05
1.70799621e+02 6.77966213e-02 7.02294587e-03 4.42483436e-02 6.71739486e-05 4.69730341e-04 1.95033915e-04
1.73491465e+02 6.68345244e-02 3.91100756e-03 5.35829295e-02 1.28135265e-04 2.28836048e-04 6.15392384e-05
1.76192027e+02 6.37601582e-02 4.36429686e-03 5.65852666e-02 5.46366688e-05 1.51179775e-04 4.05749741e-05
1.78876184e+02 6.59672405e-02 6.09009785e-03 5.43758572e-02 6.70491076e-05 9.47052480e-05 4.80322840e-05
1.81586324e+02 6.38603232e-02 1.00714523e-03 5.21704525e-02 2.11782672e-04 2.79565075e-04 1.02387530e-04
1.84273262e+02 6.78020935e-02 -9.26434330e-03 5.20387942e-02 1.48986349e-04 1.63901033e-04 5.30846277e-05
1.86974043e+02 6.09532632e-02 -6.08523248e-03 5.93219298e-02 1.63493415e-04 2.20273784e-04 6.51543945e-05
1.89668824e+02 6.39155840e-02 -6.44507105e-03 6.05576176e-02 1.57885316e-04 1.25383018e-04 2.22148645e-04
1.92365652e+02 6.55867651e-02 -5.04871017e-04 5.86850331e-02 7.13094324e-05 2.82347406e-04 2.24856278e-04
1.95080199e+02 6.35407251e-02 5.08688829e-03 6.24992069e-02 3.52743972e-05 1.02140392e-04 1.94631516e-04
1.97778730e+02 6.26410040e-02 6.87648655e-03 6.22880876e-02 9.81053172e-05 1.23794611e-04 1.69372356e-04
2.00479543e+02 6.00518022e-02 -2.19359023e-03 6.44885991e-02 6.65775247e-05 1.09650961e-04 5.92813157e-05
2.03169277e+02 5.40885718e-02 -1.21567375e-03 7.39777922e-02 7.64025328e-05 5.26801288e-05 2.40955489e-04
2.05873980e+02 5.14458134e-02 -4.65134354e-03 6.84576002e-02 1.03140281e-04 2.42159450e-04 1.38004113e-04
2.08585793e+02 5.50836422e-02 -2.42921200e-03 7.01764454e-02 1.17137148e-04 4.65622250e-05 4.29582791e-05
2.11287152e+02 5.75288981e-02 8.76340747e-04 6.92813091e-02 9.68764895e-05 1.25333575e-04 2.50773290e-05
2.13986262e+02 6.01924594e-02 1.21435962e-03 6.83646613e-02 1.05916185e-04 9.39737859e-05 5.40957142e-05
2.16689355e+02 6.18671046e-02 4.76028344e-03 7.28995751e-02 8.02043797e-05 1.21707273e-04 1.06544591e-04
2.19384949e+02 6.06780095e-02 6.48559669e-03 6.92639615e-02 9.60140424e-05 1.44189857e-04 9.59380549e-05
2.22083480e+02 6.26997977e-02 5.20971211e-03 6.19588470e-02 1.69515792e-04 1.99135898e-04 9.09720825e-05
2.24774668e+02 7.17384798e-02 1.32363027e-03 6.21842813e-02 1.67291914e-04 5.10700675e-05 5.40618218e-05
2.27474480e+02 6.26735390e-02 5.61422519e-03 5.86310837e-02 1.86957043e-04 1.15157648e-04 9.97636261e-05
2.30185918e+02 6.38959142e-02 -4.24711388e-04 5.57494740e-02 8.94803136e-05 1.07151230e-04 1.34504390e-04
2.32885746e+02 6.53912283e-02 -6.50383099e-03 5.30481583e-02 9.91647566e-05 2.31317025e-04 1.75611903e-04
2.35595684e+02 6.70495303e-02 -6.68053322e-03 5.22284438e-02 1.42298620e-04 2.42310407e-04 3.58264067e-04
2.38284980e+02 6.56767533e-02 -1.34589129e-02 5.56140041e-02 1.82517822e-04 2.47249750e-04 7.92306571e-05
2.40981605e+02 7.06928686e-02 -1.11822579e-02 5.06305719e-02 9.03106898e-05 2.08455045e-04 1.94488058e-04
2.43684840e+02 6.37646210e-02 -1.01756051e-02 5.60707887e-02 2.12676294e-04 2.81136319e-04 6.74517493e-05
2.46376637e+02 6.34780330e-02 -1.54793961e-02 5.95072784e-02 2.61291228e-05 7.51742687e-05 1.47459865e-04
2.49079762e+02 6.91928912e-02 -1.04389291e-02 6.07868090e-02 4.77515161e-05 9.24737146e-05 1.06255148e-04
2.51783762e+02 7.02181557e-02 -8.27215372e-03 6.02893472e-02 4.54961314e-05 7.36078179e-05 9.86100831e-05
2.54485777e+02 6.54895036e-02 -8.17128706e-03 6.82791228e-02 9.76821204e-05 6.38292920e-05 1.09228900e-04
2.57185996e+02 6.92902219e-02 -5.18911635e-03 6.53589614e-02 5.36060223e-05 2.52123770e-04 3.83487325e-05
2.59886027e+02 6.83493788e-02 -1.21898907e-02 6.89517577e-02 2.23514609e-04 1.88031735e-04 6.61648875e-05
2.62600215e+02 6.44231743e-02 -3.88982794e-03 6.98454479e-02 1.14929565e-04 1.70788223e-04 1.87046752e-04
2.65280340e+02 7.22083651e-02 -5.51439691e-03 6.51389067e-02 1.07141026e-04 1.61521578e-04 1.67007441e-04
2.67990956e+02 6.65963840e-02 -9.79438491e-03 5.76482025e-02 7.35952405e-05 2.40071303e-04 1.37061465e-04
