6.71613210e-01 -1.55143692e-02 -1.80089517e-02 1.04956064e-03 5.39165739e-03 5.78649317e-04 2.94617295e-03
3.38659255e+00 -1.39120736e-02 -4.07539655e-02 6.61668047e-02 1.50040846e-03 6.90176771e-03 1.97529668e-03
6.11002473e+00 -3.20692371e-04 -3.48508812e-02 4.93915945e-02 2.33122194e-03 7.60145656e-04 2.28317486e-03
8.82683583e+00 -1.80339607e-02 -1.48782462e-02 3.47083342e-02 5.87151833e-04 2.21146387e-03 1.86359709e-03
1.15499779e+01 -9.81633693e-03 7.08594110e-02 3.91629874e-02 2.74613936e-03 3.02017095e-03 1.59396510e-03
1.42697716e+01 -6.88441671e-03 9.05603502e-02 3.84363483e-02 1.30818823e-03 3.18255906e-03 1.86702321e-03
1.69926997e+01 1.08125093e-02 8.22309797e-02 4.26810944e-02 1.60286582e-03 7.39351751e-04 3.87047425e-03
1.97026779e+01 1.51835988e-02 2.87604913e-02 1.71985304e-02 2.77248087e-03 1.48014608e-03 3.64241462e-03
2.24128419e+01 3.31327240e-02 -6.06414998e-03 2.41828242e-02 3.59086878e-03 3.73129429e-03 1.94499983e-03
2.51215982e+01 3.62400020e-02 1.70402909e-02 2.76836599e-02 3.78850757e-03 1.16524775e-03 1.49489685e-03
2.78407982e+01 9.41073032e-03 -1.60094705e-02 5.65257891e-03 2.08795911e-03 4.36955328e-04 5.19140989e-03
3.05545529e+01 -3.14264698e-03 9.08180715e-03 -1.09135055e-03 3.06543945e-03 1.76105111e-03 1.59792064e-03
3.32699201e+01 -1.88478147e-03 -1.89254710e-02 1.85600420e-03 1.50522159e-03 6.38553239e-04 1.39621098e-03
3.59930513e+01 -7.43418917e-03 -8.34185219e-03 1.09430579e-02 4.00001739e-03 9.45597502e-04 2.58998606e-03
3.87131060e+01 -1.96277336e-02 3.98692955e-03 -6.44695653e-03 1.55071513e-03 1.79069851e-03 3.46654592e-03
4.14343482e+01 -3.81297172e-02 -8.11250524e-03 2.49497897e-03 2.27667805e-03 2.07258886e-03 1.53671551e-03
4.41475107e+01 -2.80823464e-02 1.83730812e-02 3.72058843e-02 4.17518177e-03 8.29174004e-04 1.47677189e-03
4.68740857e+01 -1.18023811e-02 4.46529173e-02 8.49762785e-03 1.96499280e-03 2.80339249e-03 3.99775104e-03
4.95965560e+01 -6.80632250e-03 2.52009255e-02 -9.10165094e-02 3.49529827e-03 1.91877001e-03 6.23939385e-03
5.23150169e+01 7.55144615e-03 -7.16938062e-03 -9.49261651e-02 3.52322380e-03 9.37655664e-04 2.10489005e-03
5.50310013e+01 1.62661295e-02 5.35184529e-03 -1.03297681e-01 9.51659408e-04 8.21205629e-04 3.93594435e-03
5.77500388e+01 2.11389663e-02 1.08383465e-02 -4.49480230e-02 9.74015159e-04 5.66142435e-04 1.98956212e-03
6.04654638e+01 3.18152593e-02 -3.05028521e-02 6.09683420e-02 4.16412426e-03 1.13900174e-03 2.54242321e-03
6.31774919e+01 1.55045898e-02 -1.70400826e-02 5.91886669e-02 5.79333775e-04 2.27920423e-03 2.11294750e-03
6.58753810e+01 -2.61360869e-02 -1.43689369e-02 5.24557960e-02 1.51303296e-03 1.14632576e-03 3.56283068e-03
6.85749732e+01 -2.58776904e-02 -2.17721824e-03 2.73849670e-02 2.75457225e-03 2.39981047e-04 1.82016226e-03
7.12863138e+01 -2.48631159e-02 -3.46265202e-04 5.24094853e-03 1.94925009e-03 1.40461154e-03 1.98375262e-03
7.40001810e+01 -1.04441641e-02 -2.45718094e-03 -1.69040288e-03 2.01026611e-03 9.23503057e-04 1.52051761e-03
7.67251247e+01 -1.29680067e-02 1.23053523e-02 -5.65261361e-03 2.18530321e-03 1.83138614e-03 3.10522617e-03
7.94492794e+01 -1.54200470e-02 -1.50945030e-02 -3.01015828e-02 3.50750859e-03 1.43822019e-03 4.54697816e-03
8.21700872e+01 -7.58237822e-03 -4.08202973e-02 8.15326494e-03 7.96841772e-04 1.90699781e-03 3.94089482e-03
8.48893482e+01 -2.53522760e-04 -2.53141922e-02 1.85492851e-02 2.79550156e-03 3.88475418e-03 2.24432497e-03
8.76058638e+01 1.56267359e-02 -1.74431200e-02 2.29888059e-02 3.09631740e-03 1.84932618e-03 3.12720099e-03
9.03158794e+01 2.57675206e-02 -5.99196603e-03 4.24625427e-02 2.65130922e-03 1.66356250e-03 2.11040894e-03
9.30313263e+01 3.31452962e-02 -1.16674885e-02 2.59523403e-02 2.93907096e-03 1.98533038e-03 2.79000614e-03
9.57533482e+01 2.69116091e-02 4.04704005e-03 4.98928220e-02 2.04333637e-03 1.99918829e-03 3.91700918e-03
9.84699076e+01 1.89077001e-02 -8.09781107e-03 1.26351725e-02 1.75493818e-03 1.73508769e-03 3.13746626e-03
1.01199918e+02 1.40042698e-02 -1.14773742e-06 -2.55138807e-02 2.54886300e-03 8.70845823e-04 3.50687700e-03
1.03920168e+02 4.00213319e-03 7.00833485e-03 -1.30944334e-02 2.83485535e-03 8.28212076e-04 8.97834236e-04
1.06639793e+02 2.23377384e-02 5.94017987e-03 -1.21858521e-02 5.00152544e-04 2.10543076e-03 1.53904142e-03
1.09352418e+02 2.10183097e-02 3.71062979e-02 2.66898197e-02 1.82389933e-03 1.11122160e-03 1.83489602e-03
1.12063715e+02 6.34472455e-03 3.28730461e-02 4.23803974e-02 3.37269365e-03 8.68331734e-04 1.27171144e-03
1.14771887e+02 -2.76243986e-02 -1.92094751e-04 4.40638841e-02 1.81862204e-03 4.36612785e-03 1.08999129e-03
1.17484122e+02 -2.53387136e-02 -2.96841257e-02 3.48806194e-02 2.50010420e-03 1.14649677e-03 1.30822348e-03
1.20191215e+02 4.82127203e-03 2.59336906e-02 2.90295300e-03 1.85691941e-03 3.94333441e-03 3.96117882e-03
1.22902293e+02 3.99883984e-02 4.01634254e-02 -1.36650821e-02 2.24604267e-03 1.95537909e-03 1.93069919e-03
1.25614278e+02 4.09202670e-02 8.76967824e-02 -3.13316455e-02 1.27505936e-03 1.00383662e-03 4.24458949e-03
1.28326887e+02 2.31248225e-02 3.61681595e-02 -4.73551584e-02 1.20859239e-03 1.27323385e-03 3.37895980e-03
1.31049153e+02 2.13362857e-02 -6.39660079e-03 -6.17946110e-02 2.88147330e-03 1.93512169e-03 2.32573131e-03
1.33765372e+02 1.92820248e-02 6.97126285e-03 -4.97441931e-02 1.04747372e-03 1.44169123e-03 1.32296804e-03
1.36478372e+02 1.84464315e-02 5.14252763e-02 -2.62708208e-02 2.51507703e-03 1.48080800e-03 1.19548041e-03
1.39191512e+02 -3.98783742e-03 3.17366246e-02 -4.11980585e-02 1.33992518e-03 1.18364331e-03 1.29205522e-03
1.41906247e+02 -1.72474420e-02 2.57144523e-02 -1.51514824e-02 7.38179038e-04 3.01534017e-03 1.54989139e-03
1.44626340e+02 -3.58869618e-03 8.86890000e-02 -2.52508262e-03 1.54034095e-03 6.02874858e-04 9.05183219e-04
1.47339262e+02 -1.52989649e-02 1.08774557e-01 1.93988840e-02 3.52521334e-03 1.85072274e-03 3.26012372e-03
1.50059200e+02 -1.00426111e-03 5.84972126e-02 2.22712312e-03 7.34436480e-03 3.93231778e-04 1.87506368e-03
1.52772528e+02 1.65655202e-02 3.95128086e-02 -1.54746234e-02 5.02158687e-03 1.08651402e-03 2.09299864e-03
1.55484512e+02 2.94756625e-02 5.99848993e-02 1.16221038e-02 5.53227176e-03 7.31867102e-04 2.31727491e-03
1.58202668e+02 1.22534709e-02 6.08505738e-02 4.70712679e-02 3.17754211e-03 1.42306945e-03 3.27554390e-03
1.60922543e+02 -4.03366220e-03 4.61500302e-02 3.03290878e-02 2.59908309e-03 1.60082203e-03 2.44339268e-03
1.63636575e+02 -6.65269945e-03 4.71255619e-03 -3.44307569e-02 4.04041985e-03 1.86280593e-03 5.05878042e-03
1.66358200e+02 1.59387261e-02 -3.27889614e-02 -4.96178254e-02 7.31868792e-03 1.15655049e-03 3.26549910e-03
1.69070981e+02 3.71981505e-02 -1.69170931e-02 -6.81802096e-02 1.27804213e-02 1.15855488e-03 6.05201131e-03
1.71786028e+02 3.86858194e-02 2.80622509e-02 -3.96853940e-02 1.14624320e-02 9.52544989e-04 1.93588677e-03
1.74498387e+02 1.66030905e-02 1.69596822e-02 -1.27759965e-02 5.21874462e-03 2.82925241e-03 6.24111451e-03
1.77214543e+02 -2.58970478e-02 4.33864174e-02 -1.29373189e-02 4.38766189e-03 5.00930429e-03 3.62832092e-03
1.79930559e+02 -4.39520838e-02 2.65452329e-02 4.20399461e-03 2.69332953e-03 1.06419854e-03 1.00597622e-03
1.82647450e+02 -4.42749407e-02 4.34104470e-02 2.41597654e-03 1.88285185e-03 3.20400632e-03 8.21551127e-03
1.85367637e+02 -3.79964586e-02 -2.81642155e-02 3.77372370e-02 3.96191058e-03 3.93442025e-03 1.33841308e-02
1.88092715e+02 -3.59298755e-02 -5.35180427e-03 2.17502427e-02 3.83937967e-03 1.62212523e-03 9.81142369e-03
1.90807653e+02 -4.54150424e-03 2.15022769e-02 2.37376543e-02 5.69350162e-03 1.11857303e-03 9.75627911e-03
1.93525231e+02 -7.15055912e-03 2.03720887e-03 6.87084613e-02 8.84792405e-03 3.52999634e-03 1.21033890e-02
1.96234028e+02 1.42707409e-02 3.16771396e-02 5.48706397e-02 3.85233851e-03 8.88020659e-04 7.16766926e-03
1.98944293e+02 2.38125507e-02 3.39696237e-02 3.31815580e-02 3.29376662e-03 3.91134897e-04 8.21821893e-03
2.01656622e+02 2.95380295e-02 2.37948704e-02 3.04592098e-02 5.23898574e-03 5.70093146e-04 5.13852466e-03
2.04362528e+02 5.67815835e-02 1.50231841e-02 2.74348840e-02 9.34442078e-04 4.03190296e-04 2.38919159e-03
2.07083247e+02 2.87404250e-03 7.75077116e-03 -6.22965467e-03 2.41178253e-03 7.86855946e-04 1.24463003e-03
2.09792465e+02 -8.38876016e-03 -2.17186308e-02 -1.55397138e-02 2.44077427e-03 1.12293292e-03 3.81046482e-03
2.12508840e+02 9.51077417e-03 1.44586511e-02 -4.31554275e-02 1.47233747e-03 1.71026718e-03 3.35227144e-03
2.15224887e+02 8.43675103e-03 -9.26004049e-03 -4.38753681e-02 3.75549092e-03 6.81511123e-04 7.43560276e-03
2.17955325e+02 1.44088978e-02 3.13459613e-03 2.40677275e-02 3.71529783e-03 3.32603883e-03 7.61306008e-03
2.20677559e+02 5.29214366e-02 -1.21425644e-02 1.93654686e-03 3.76811114e-03 3.00986502e-03 3.74299769e-03
2.23397387e+02 9.70318313e-02 4.66663314e-02 -5.04415952e-02 2.04487500e-03 9.90251964e-04 2.22508083e-03
2.26111934e+02 1.25860381e-01 9.40412045e-02 -3.12185943e-02 2.50839254e-03 1.59119136e-03 5.64064477e-03
2.28829825e+02 9.17288791e-02 9.17422632e-02 -3.88306819e-02 3.72862796e-03 9.25501587e-04 6.14873492e-03
2.31546106e+02 3.90083959e-02 6.94522657e-02 -4.56669605e-02 2.57453030e-03 1.83022523e-03 4.04030992e-03
2.34261372e+02 -6.66914444e-03 4.51583054e-02 -8.18327972e-03 2.61733952e-03 9.45699363e-04 4.00591555e-03
2.36978481e+02 -3.55125599e-02 -8.21263718e-03 2.00208214e-02 8.37125962e-04 1.31408811e-03 1.49096196e-03
2.39692137e+02 -3.74157956e-02 4.21978465e-02 9.55771321e-02 2.88969807e-03 2.33267432e-03 3.96806015e-03
2.42414387e+02 -4.45459922e-02 2.67439085e-02 8.58213058e-02 8.49214887e-04 1.34597707e-03 8.09360509e-03
2.45136981e+02 -3.44697918e-02 7.92133301e-03 1.14940129e-01 1.29573258e-03 2.76050470e-03 4.30032632e-03
2.47856762e+02 4.23289558e-03 -5.18727706e-02 5.89106399e-02 4.00049501e-03 1.13202560e-03 2.81461821e-03
2.50566528e+02 4.37452926e-02 -4.16977100e-02 -6.43038056e-02 4.41206687e-03 4.67954265e-03 2.12873035e-03
2.53287200e+02 -1.98077256e-03 1.13839622e-03 -5.73716760e-02 3.60915355e-03 1.58010662e-03 7.51604599e-04
2.56010387e+02 -2.30597469e-02 -5.26857126e-02 1.32468462e-03 3.29979933e-03 1.65729403e-03 2.27323802e-03
2.58715106e+02 2.14949357e-02 -2.95839043e-02 2.93730974e-02 5.19420587e-03 2.60996779e-03 4.08920409e-03
2.61428653e+02 4.17852027e-02 8.16993142e-03 3.09627979e-02 1.05502681e-02 8.21675902e-04 2.61814194e-03
2.64137700e+02 1.16686711e-03 6.19189680e-02 3.32678932e-02 8.00276159e-03 1.01589233e-03 1.79259107e-03
2.66860700e+02 -2.24446599e-02 5.22240736e-02 4.06036500e-02 6.40579570e-03 3.83085294e-03 1.53645386e-03
2.69570712e+02 -1.24048132e-02 -1.55088597e-02 1.04837292e-02 5.67957635e-03 2.69524580e-03 2.53665227e-03
