6.84238060e-01 -4.84765339e-03 2.29744236e-02 3.76107813e-02 7.42921511e-03 2.62310703e-03 1.75743071e-03
3.40510308e+00 -2.72870564e-02 3.38290734e-02 1.98680835e-02 7.18102737e-04 1.75858387e-03 1.11850147e-03
6.12506293e+00 -4.88102421e-02 -1.44796273e-02 -4.03418301e-03 1.60495220e-03 1.32341747e-03 1.20067362e-03
8.83962168e+00 -2.59049565e-02 -3.46013253e-03 -1.07080683e-02 1.23327039e-03 1.31917891e-03 1.51838141e-03
1.15644723e+01 -4.08672067e-03 2.07203381e-02 1.02647496e-02 2.41814541e-03 3.07743218e-03 1.60721207e-03
1.42829036e+01 -1.34961311e-02 -4.46171948e-03 2.72644909e-02 1.88856665e-03 4.23146043e-04 2.15803153e-03
1.70066786e+01 -3.45448156e-02 -5.39780660e-02 5.45999805e-02 3.26436159e-03 8.96781863e-04 8.67946333e-04
1.97264660e+01 -3.46617754e-02 -4.09710447e-02 4.65406863e-02 3.66436134e-03 2.39605520e-03 3.82450670e-04
2.24387114e+01 -4.42998172e-02 3.79986849e-03 1.46640562e-02 1.37977269e-03 1.90050672e-03 4.69974307e-04
2.51473801e+01 -2.28675396e-02 1.96920874e-02 1.91023463e-02 7.78171278e-04 6.70998726e-04 8.68849798e-04
2.78598207e+01 -1.62681067e-02 7.09583383e-02 2.89954832e-02 2.19756507e-03 1.17221073e-03 1.94160422e-03
3.05656286e+01 -1.25353203e-02 4.07042273e-02 -7.63178101e-03 7.20518171e-04 4.01216367e-03 3.42883288e-03
3.32754770e+01 -1.86452431e-03 1.42132383e-02 -7.84422225e-02 2.81551840e-03 1.27272201e-03 2.92151062e-03
3.59900989e+01 -7.17217158e-03 -2.60349284e-02 -8.63489742e-02 4.14239742e-03 9.27176206e-04 8.50804204e-04
3.87024536e+01 -2.51658749e-02 -1.07395938e-02 -4.56132416e-02 2.32591632e-03 6.69409745e-04 7.68105276e-04
4.14148098e+01 -1.66484507e-02 -1.32190933e-02 -3.45291989e-03 1.89191445e-03 6.61282576e-04 2.82935000e-03
4.41304661e+01 -2.87370080e-02 -4.42868814e-02 -3.37244318e-03 4.09423591e-03 1.05720892e-03 2.71829947e-03
4.68404661e+01 -2.08167518e-02 -8.90732729e-03 -1.58198638e-02 2.45723121e-03 1.46903656e-03 1.18419154e-03
4.95552301e+01 4.47434263e-03 2.45280709e-02 1.28180124e-02 2.08362427e-03 2.01616368e-03 4.01609608e-03
5.22726645e+01 1.47969244e-02 3.24422895e-02 3.57806692e-02 2.89125030e-03 1.09029726e-03 3.56375219e-03
5.49844161e+01 1.35161654e-02 3.18771299e-02 2.19787628e-02 1.64767583e-03 9.83061420e-04 2.71835072e-03
5.77122207e+01 5.69639087e-03 -1.70522111e-02 -2.42013780e-02 3.38508294e-03 2.11047047e-03 1.86541681e-03
6.04254582e+01 -5.70931420e-03 -2.74341193e-02 -7.95995926e-02 4.04319582e-03 1.14573817e-03 2.02169923e-03
6.31466895e+01 -1.90578115e-02 1.49952826e-02 -7.27513337e-02 3.10089301e-03 6.91494331e-04 1.20403690e-03
6.58629817e+01 8.63497203e-03 3.24873414e-02 -4.18835667e-02 7.69889054e-04 1.95907381e-04 2.98629765e-03
6.85754239e+01 6.85944212e-04 3.71325325e-02 -4.51234832e-02 2.49521860e-03 1.47300109e-03 4.07561408e-03
7.12931020e+01 1.43379803e-03 -2.41185178e-03 -4.00262773e-02 2.75576509e-03 4.84967918e-03 2.40701281e-03
7.40197989e+01 -2.52011679e-03 -5.98570068e-02 8.40589267e-03 3.31182471e-03 1.56135322e-03 3.73084292e-03
7.67400020e+01 -1.68816369e-03 -3.54950811e-02 -2.38432392e-03 6.13195100e-04 1.48130372e-03 4.20433014e-03
7.94643082e+01 4.07635600e-03 2.56416190e-02 -1.22178391e-02 1.57712298e-03 3.43467468e-03 9.64894977e-04
8.21780864e+01 2.79157257e-02 6.63210689e-02 -1.51703768e-02 1.86774136e-03 1.55590189e-03 2.97827399e-03
8.48972879e+01 4.12995316e-02 4.46146832e-02 4.23886286e-02 1.52225464e-03 1.92232818e-03 5.41197502e-03
8.76040270e+01 3.84988659e-04 3.90942854e-02 5.71311575e-02 3.35127162e-03 2.43150399e-03 3.34764705e-03
9.03201317e+01 -6.29975632e-03 -1.31901901e-02 7.13108151e-02 5.91433266e-03 8.39970191e-04 2.57864187e-03
9.30284676e+01 -1.78316675e-02 -2.53775723e-03 5.08193737e-02 8.45191644e-03 2.35270196e-03 1.07524747e-03
9.57404582e+01 -3.05677714e-02 -7.38911148e-03 3.14449060e-03 2.43525419e-03 2.32907915e-03 2.50728773e-03
9.84523051e+01 -2.31857973e-02 -3.70396432e-03 1.38168204e-02 8.62384857e-04 6.99279395e-03 2.41135292e-03
1.01162168e+02 8.79490168e-03 3.27133336e-02 4.22110984e-03 1.41468849e-03 2.23504847e-03 5.10167050e-04
1.03876871e+02 1.99440574e-02 4.49356795e-02 -1.80672293e-02 4.51506943e-04 8.01558937e-04 5.30446527e-03
1.06592730e+02 -3.51739549e-03 7.01502179e-03 -6.81105515e-03 2.60332181e-03 1.87740065e-03 5.24278787e-03
1.09312621e+02 5.90224286e-05 -1.52065639e-02 1.73553868e-02 4.23624823e-03 1.33097332e-03 2.93323722e-03
1.12036683e+02 -4.06198020e-03 -1.76765695e-02 4.96445950e-02 1.29204091e-03 3.76365903e-04 3.50960419e-03
1.14747043e+02 4.62612116e-03 -5.31827226e-03 3.14957694e-02 2.08527206e-03 1.22822290e-03 3.08469757e-03
1.17468964e+02 1.60414502e-02 -9.82188073e-03 5.10699410e-02 2.84325695e-03 6.45038819e-04 2.61426084e-03
1.20191886e+02 -7.59160601e-03 -4.03246699e-02 5.15706855e-02 3.97399011e-03 2.22325988e-03 8.98124370e-04
1.22910699e+02 2.72560435e-03 -2.52505238e-02 3.00851867e-02 1.51780122e-03 8.80978782e-04 2.33013628e-03
1.25630386e+02 1.21998394e-02 -1.93684110e-02 -3.38918426e-03 1.64404907e-03 5.50644447e-03 4.74820263e-03
1.28352730e+02 9.35260803e-03 -5.13700512e-02 -1.00001432e-02 1.40055251e-03 1.70273685e-03 9.65445197e-04
1.31073980e+02 5.08535674e-03 -5.75664671e-02 -4.57942937e-03 3.11679459e-03 1.37709574e-03 3.40343229e-03
1.33790933e+02 8.53805932e-03 -5.89331887e-02 -2.90960957e-02 1.44970471e-03 9.46958014e-04 2.48002347e-03
1.36499964e+02 -8.40325732e-03 -3.11172136e-03 -5.29835489e-02 4.53556883e-03 1.27813490e-03 1.31202036e-03
1.39212886e+02 -1.44755455e-02 -2.02982694e-02 -4.25343592e-02 2.98543153e-03 1.74108468e-03 1.43439209e-03
1.41931839e+02 1.54022413e-02 -6.09416272e-02 -1.14500280e-02 2.44963967e-03 8.86526409e-04 3.13614139e-03
1.44647136e+02 -1.93080570e-03 -4.59069097e-02 -2.26916436e-02 2.00869907e-03 6.87558196e-04 1.87711615e-03
1.47361246e+02 -1.62625627e-02 -4.95755417e-02 -3.18833396e-02 2.86913772e-04 1.32497625e-03 1.80118460e-03
1.50069543e+02 6.73894837e-03 -3.04814505e-02 7.32682701e-03 2.85195484e-03 1.45387761e-03 5.32282799e-03
1.52781980e+02 -4.87086452e-03 -9.17481500e-03 3.61092612e-02 4.44074390e-03 9.61239633e-04 3.94611965e-03
1.55491355e+02 2.48953559e-03 -1.07284407e-02 4.04397779e-02 3.22680826e-03 1.30238049e-03 1.28620371e-03
1.58202168e+02 5.64930481e-03 -2.31807580e-02 8.81565647e-03 9.12705120e-04 6.31294615e-04 3.63464717e-03
1.60924636e+02 -1.85925573e-02 -2.07893892e-02 -2.34814110e-02 2.33876001e-03 2.51953223e-03 3.71058315e-04
1.63645839e+02 -2.60137408e-02 -2.66222573e-02 -1.64617269e-02 5.44260802e-03 1.22251192e-03 4.06876945e-03
1.66358261e+02 8.26633074e-04 3.42001784e-02 -2.43815369e-04 3.24192628e-03 4.92017076e-04 5.22261496e-03
1.69069589e+02 2.42721073e-02 4.22926095e-03 1.29354892e-02 5.58684136e-03 3.87227352e-03 2.53282023e-03
1.71779558e+02 5.99475865e-02 -1.39413128e-02 7.93356248e-02 1.28221167e-03 1.46865407e-03 6.77817201e-03
1.74488511e+02 6.46559590e-02 -1.93825245e-02 3.91453107e-02 3.96963315e-03 6.89979530e-04 9.02728578e-03
1.77196355e+02 4.91194258e-02 -3.43270890e-03 4.80632180e-02 9.08950548e-03 6.39035618e-04 5.16396325e-03
1.79908183e+02 2.49570313e-02 6.40376723e-03 2.08999596e-02 1.12719630e-02 5.27081507e-04 1.82070913e-03
1.82623355e+02 -8.08419478e-03 2.80488212e-02 6.75994896e-03 6.51307212e-03 4.01403021e-03 1.67322820e-03
1.85329449e+02 -7.75778850e-03 -2.63005518e-02 2.83812561e-02 3.11226591e-03 2.43745767e-03 3.30297055e-03
1.88045449e+02 -1.23158096e-03 -8.12091477e-02 5.65016635e-02 5.52460146e-03 3.51448217e-03 2.25033783e-03
1.90761652e+02 1.82900344e-02 -1.49861497e-02 6.12931790e-02 3.24600122e-03 3.51603290e-03 7.13487446e-03
1.93483558e+02 3.10498196e-02 3.14911772e-02 6.03803984e-02 1.77773895e-03 2.96547015e-04 3.57870518e-03
1.96209183e+02 2.93666862e-02 4.72070283e-02 -5.99041024e-03 2.19964509e-03 1.43858519e-03 9.08569246e-03
1.98922824e+02 5.51238636e-02 2.85798283e-02 -1.81091305e-02 1.73504642e-03 1.01151348e-03 3.32350350e-03
2.01645105e+02 4.06677118e-02 -3.03760601e-02 6.64888918e-03 6.02259948e-03 2.32460578e-03 5.10456270e-03
2.04363996e+02 8.80673451e-03 -4.79168664e-02 -2.37618308e-03 3.56714874e-03 9.74201376e-04 5.28955500e-03
2.07082855e+02 3.21121361e-02 -2.02631881e-02 -3.13207731e-02 1.03284054e-02 6.21534355e-04 7.57380625e-03
2.09803886e+02 1.87384476e-02 -3.11402742e-02 -3.96594865e-02 4.29827402e-03 7.71263790e-04 6.14492089e-03
2.12523011e+02 -2.31518699e-02 -2.92544613e-02 -5.03306117e-03 1.80801597e-03 2.61845280e-03 3.14573086e-03
2.15245652e+02 -4.02442773e-02 -4.15887306e-02 1.26894968e-02 3.46016643e-03 7.61049514e-04 3.17658493e-03
2.17963277e+02 -5.49260539e-02 -6.35510123e-02 -4.77251694e-02 1.57545289e-03 1.12267691e-03 2.55465569e-03
2.20681308e+02 -6.72928095e-02 -1.58178469e-02 -3.15922276e-02 2.41882194e-03 1.85952721e-03 5.99972483e-03
2.23398089e+02 -3.61202817e-02 1.90667408e-02 8.15280527e-03 3.61208757e-03 7.66276380e-04 3.04769419e-03
2.26101261e+02 -6.19627099e-03 1.20804356e-03 -7.67625137e-03 6.83723763e-03 1.83565326e-03 5.16293362e-03
2.28809168e+02 4.25474953e-04 -1.03579775e-02 -4.54045890e-02 1.40629097e-03 1.30225545e-03 1.82376933e-03
2.31521777e+02 3.30163905e-03 -2.03262050e-02 -4.52002775e-02 3.95017654e-03 1.28249287e-03 3.43150784e-03
2.34233886e+02 1.42814529e-02 -4.72267466e-02 1.82000403e-02 4.28430495e-03 1.03920993e-03 1.33470291e-02
2.36951621e+02 5.33904842e-03 -3.32534579e-02 4.39686643e-02 1.55361266e-03 6.54383498e-04 9.81698852e-03
2.39669089e+02 9.37046695e-04 4.16129788e-03 5.34432073e-02 3.32200265e-03 1.00361157e-03 6.72336802e-03
2.42387636e+02 -1.72816412e-02 3.30915667e-02 7.86784720e-02 1.88202531e-03 2.72743779e-03 2.35267931e-03
2.45106433e+02 -1.71780517e-02 1.92837513e-02 5.02479380e-03 2.95061128e-03 1.20340895e-03 5.57429792e-03
2.47825136e+02 -8.17150774e-03 -2.41447497e-02 -2.00137737e-02 8.37502580e-03 3.96018224e-04 2.16237377e-03
2.50557386e+02 -3.39461814e-02 -3.48028543e-03 1.41814045e-02 5.29256155e-03 1.46971483e-03 2.02860193e-03
2.53280246e+02 -3.25431448e-02 1.55336708e-02 2.17868639e-02 9.58340751e-04 8.94180914e-04 1.23597604e-03
2.56001980e+02 -4.85927344e-02 -2.24878049e-02 -3.31903586e-02 7.70710382e-04 8.02943288e-04 3.77374987e-03
2.58727027e+02 -5.21109351e-02 -5.05516311e-02 5.36285463e-03 4.30995022e-03 4.27411358e-04 3.27056482e-03
2.61432214e+02 -2.05460856e-02 1.80119504e-02 3.27142074e-02 1.59416609e-03 1.42374214e-03 1.78355945e-03
2.64142121e+02 -3.35060283e-02 5.16417465e-02 4.38228964e-02 3.80956250e-03 2.09112837e-03 9.92444410e-04
2.66857324e+02 -2.97080437e-02 2.82708828e-02 5.97664439e-02 3.92020326e-03 1.48089493e-03 3.31780672e-03
2.69562050e+02 -2.25261527e-02 1.15797899e-02 4.49550624e-02 9.01981885e-03 5.37264487e-03 2.06793170e-03
