6.71836011e-01 -1.15438930e-02 -3.47314808e-02 1.12467478e-02 9.68732253e-03 9.81241166e-04 3.77830386e-03
3.38893492e+00 -1.55474806e-03 -4.41282633e-02 9.11401346e-02 3.62826424e-03 3.41736240e-03 1.82357845e-03
6.10738413e+00 -3.66845801e-03 -4.29817082e-02 5.40011328e-02 2.90444601e-03 9.47416104e-04 2.87819947e-03
8.82606444e+00 -1.57378954e-02 -1.13706258e-02 2.43592012e-02 1.03750934e-03 1.90554826e-03 2.82223398e-03
1.15555043e+01 8.97199850e-03 7.41592913e-02 4.47376617e-02 1.02845969e-03 3.11851767e-03 8.54416600e-04
1.42731762e+01 -1.14340515e-03 8.81004092e-02 5.46369075e-02 6.26486801e-04 2.14522022e-03 1.86294560e-03
1.69923730e+01 2.59020271e-02 6.44385104e-02 4.03811391e-02 9.23073061e-04 2.20642006e-03 3.23363961e-03
1.97012918e+01 3.05923824e-02 2.45624061e-02 1.84050449e-02 1.07269662e-03 2.21488106e-03 3.16777416e-03
2.24112668e+01 4.84452075e-02 1.22002254e-02 6.33356988e-03 2.15937775e-03 4.78774411e-03 1.06615812e-03
2.51214059e+01 3.97932172e-02 5.28246496e-03 2.41436650e-02 2.93570906e-03 2.08125728e-03 1.34760502e-03
2.78383574e+01 8.47585731e-03 -5.39549943e-03 1.42403126e-02 3.32395915e-03 8.60212230e-04 2.56396300e-03
3.05546418e+01 1.25022318e-04 2.32521557e-02 1.48421978e-02 1.64316842e-03 1.52881197e-03 7.53918206e-04
3.32696855e+01 1.31223704e-02 -1.89768074e-02 1.84583104e-02 1.46450127e-03 5.32495741e-04 1.98190629e-03
3.59907840e+01 1.24619591e-02 -1.07239441e-02 1.74783229e-02 3.72106751e-03 7.61316888e-04 2.11277678e-03
3.87115090e+01 -1.60645266e-02 -2.52613441e-02 7.59844724e-03 1.05123638e-03 1.83648805e-03 2.47510397e-03
4.14334340e+01 -3.42398225e-02 -1.44733187e-02 -3.21274943e-03 2.37657902e-03 1.87879520e-03 1.81088360e-03
4.41507465e+01 -1.77033068e-02 2.61534371e-02 2.53815977e-02 4.40008318e-03 1.24628796e-03 1.28940394e-03
4.68726449e+01 -7.40809652e-03 3.87831821e-02 3.24833118e-03 3.55219712e-03 5.02886061e-03 4.79970046e-03
4.95953652e+01 7.56769701e-03 2.42004148e-02 -8.79912876e-02 1.86669912e-03 3.30821862e-03 7.16992205e-03
5.23142621e+01 2.43721980e-02 -2.39303444e-02 -9.82194065e-02 2.87381400e-03 1.50376167e-03 3.04900957e-03
5.50348168e+01 3.27154305e-02 -1.89726339e-02 -9.62365946e-02 8.21210151e-04 8.23305756e-04 4.21179971e-03
5.77519199e+01 4.70570236e-02 -3.25476054e-03 -4.94242627e-02 1.71999852e-03 7.01529696e-04 1.02259318e-03
6.04627637e+01 5.60004437e-02 -4.24837625e-02 5.23082625e-02 3.71414978e-03 1.36675278e-03 8.43412756e-04
6.31728043e+01 3.88498122e-02 -2.92448074e-02 4.45210692e-02 5.65682974e-04 2.71483613e-03 1.60955144e-03
6.58727715e+01 1.93371693e-02 -2.65894345e-02 5.67221921e-02 1.44604536e-03 4.32379306e-04 1.70424738e-03
6.85729902e+01 4.51829278e-03 -1.65328774e-02 2.17190230e-02 2.21454802e-03 1.68403570e-04 7.41573124e-04
7.12839668e+01 -2.21878031e-02 -4.35278708e-03 2.11743418e-03 1.64874987e-03 4.69914686e-04 3.85549700e-03
7.40001121e+01 -1.03252210e-02 2.15424138e-02 6.23962850e-03 2.63804054e-03 9.13043160e-04 2.01138977e-03
7.67241105e+01 -1.54849542e-02 2.44522199e-02 -5.62394206e-03 2.32507906e-03 3.03192464e-03 2.69138072e-03
7.94474590e+01 -1.63871798e-02 -2.84630577e-02 -4.35309755e-02 4.58326347e-03 1.25502630e-03 2.88516668e-03
8.21701684e+01 -1.49396510e-04 -6.32291884e-02 1.32103269e-02 1.08437013e-03 2.03368867e-03 4.06805734e-03
8.48879121e+01 1.50943897e-02 -3.39864057e-02 3.51764180e-02 1.60336346e-03 3.99669458e-03 2.12052051e-03
8.76023934e+01 1.25575204e-02 -8.98000145e-03 1.52259194e-02 2.07189978e-03 8.96200552e-04 2.39320250e-03
9.03117043e+01 2.80610599e-02 -2.66050830e-02 4.69404565e-02 2.34956613e-03 1.35629063e-03 1.76958612e-03
9.30299730e+01 4.32159569e-02 -3.10063692e-03 2.73729266e-02 3.95983164e-03 1.58089667e-03 3.69148191e-03
9.57500949e+01 1.41090087e-02 8.48834053e-03 4.83280071e-02 2.23803809e-03 1.96522589e-03 3.82618771e-03
9.84678355e+01 7.82772876e-03 3.36626602e-03 1.31978687e-03 2.51584722e-03 2.27051230e-03 8.27667815e-04
1.01198662e+02 1.69150993e-02 -6.20691850e-03 -3.51767144e-02 3.16975160e-03 1.36928399e-03 2.78218507e-03
1.03916600e+02 2.30862300e-02 -2.44572889e-02 -1.70828153e-02 2.96422071e-03 1.79827570e-03 1.44024798e-03
1.06635615e+02 2.99776814e-02 -1.78343865e-02 -1.75840906e-02 1.30488102e-03 2.64565241e-03 3.13257087e-03
1.09353990e+02 2.56449426e-02 3.19213128e-02 3.88131951e-02 1.64109434e-03 1.63515328e-03 2.07563294e-03
1.12061693e+02 2.63682200e-02 4.54913754e-02 4.61570880e-02 1.81234661e-03 1.80110672e-03 9.59244265e-04
1.14770928e+02 -2.63160086e-02 1.09738385e-02 2.24667357e-02 1.09899133e-03 4.40850382e-03 5.22840440e-04
1.17485350e+02 -3.15083332e-02 -3.04296642e-02 1.90902921e-02 1.95252288e-03 8.25037586e-04 1.87117527e-03
1.20192287e+02 6.93800672e-03 2.33729641e-02 -2.51681654e-03 2.53960919e-03 2.61973533e-03 5.36461954e-03
1.22904053e+02 3.74458650e-02 2.88294743e-02 -2.32232375e-03 1.91578177e-03 1.61702933e-03 2.23365101e-03
1.25615428e+02 4.88235671e-02 7.62266777e-02 -2.54636373e-02 1.41437461e-03 9.89746444e-04 4.42998681e-03
1.28323287e+02 1.66268135e-02 6.86886779e-03 -5.21682128e-02 7.34593090e-04 3.95098902e-04 3.32335449e-03
1.31046365e+02 2.29279813e-02 -1.78736154e-03 -3.40268764e-02 4.95126688e-03 1.71284433e-03 2.58062298e-03
1.33764990e+02 2.68236683e-02 2.63149839e-02 -2.63453419e-02 1.00574240e-03 1.05494064e-03 2.51370976e-03
1.36477193e+02 9.34402635e-03 6.12965410e-02 -1.97709682e-02 1.83519909e-03 1.16444670e-03 2.24884065e-03
1.39187756e+02 -5.25545075e-03 3.62605912e-02 -3.76470443e-02 8.40956086e-04 1.50521047e-03 1.60392136e-03
1.41903896e+02 -1.85793297e-02 2.27246943e-02 -1.82189434e-02 1.10172667e-03 1.86391251e-03 1.10644979e-03
1.44621928e+02 8.04153659e-04 9.08954063e-02 -1.39940649e-02 3.03206936e-03 4.15543891e-04 7.89167081e-04
1.47335756e+02 -2.17583796e-03 1.03662858e-01 -1.10605691e-02 3.81978029e-03 1.91180500e-03 3.88280729e-03
1.50056100e+02 -4.65052403e-03 5.36118240e-02 -8.43817568e-04 6.86230219e-03 5.07288674e-04 3.29214727e-03
1.52770412e+02 1.82411215e-02 2.23080917e-02 -2.06384861e-02 6.40605933e-03 7.49422665e-04 1.68094892e-03
1.55486475e+02 2.78747716e-02 4.55427107e-02 -2.82882861e-03 6.79166269e-03 6.21940997e-04 1.82881970e-03
1.58202818e+02 8.62560621e-03 4.27633478e-02 5.88176989e-02 1.65628986e-03 1.48853935e-03 2.77596720e-03
1.60921615e+02 -1.19931704e-02 4.00726476e-02 3.98314528e-02 7.65310694e-04 1.62699608e-03 3.51696213e-03
1.63631990e+02 -7.98854199e-03 -5.62451984e-03 -2.03912507e-02 3.54541790e-03 7.58124780e-04 5.99745912e-03
1.66353881e+02 8.41374338e-03 -3.68243193e-02 -3.19460102e-02 9.30175177e-03 1.33193315e-03 4.38844839e-03
1.69064693e+02 1.59887514e-02 -3.23561226e-02 -5.41220502e-02 1.07850324e-02 1.63262625e-03 5.49652211e-03
1.71784334e+02 3.13633001e-02 2.40815453e-02 -3.44336893e-02 1.14693929e-02 4.27075810e-04 1.40495183e-03
1.74497146e+02 1.28056207e-02 2.50586479e-03 -8.74889113e-03 8.07452054e-03 1.63483828e-03 6.19421067e-03
1.77209912e+02 -1.99001192e-02 5.11871536e-02 -2.27738936e-02 3.64133818e-03 3.67929763e-03 3.52843094e-03
1.79926521e+02 -1.92892704e-02 3.17382225e-02 6.33244675e-05 4.89875267e-03 9.39362798e-04 9.55493388e-04
1.82643365e+02 -3.00376335e-02 4.29429648e-02 -7.74776067e-03 3.54437967e-03 4.69087465e-03 7.16616947e-03
1.85362443e+02 -4.93069110e-02 -1.67933798e-02 4.91810410e-02 2.24938426e-03 2.31057226e-03 1.26212583e-02
1.88091943e+02 -4.20847362e-02 -1.21142222e-02 2.89812570e-02 5.94705574e-03 9.55299661e-04 1.04653837e-02
1.90803240e+02 1.55429583e-03 1.36271334e-02 1.10133717e-02 1.05083803e-02 2.16608251e-03 1.01047391e-02
1.93522709e+02 -7.58596179e-03 1.65194298e-03 7.26192176e-02 1.14180235e-02 3.63308994e-03 1.06615715e-02
1.96230162e+02 1.75052460e-02 3.41394592e-02 4.66050212e-02 2.19899480e-03 2.72710889e-03 4.92937886e-03
1.98942146e+02 3.68447434e-02 3.55559114e-02 1.38003672e-02 1.92035175e-03 9.92295264e-04 8.23256981e-03
2.01651271e+02 4.26170010e-02 1.83752286e-02 -3.74452702e-03 6.22317052e-03 4.00394548e-04 9.78489958e-03
2.04356256e+02 5.78304418e-02 1.65304673e-02 1.16459239e-02 9.48472223e-04 6.07608194e-04 2.92360072e-03
2.07078068e+02 -1.18900561e-02 1.13245069e-02 -5.56721928e-03 2.09733438e-03 1.12670555e-03 8.88594231e-04
2.09788209e+02 -2.33579666e-02 -2.70365208e-02 -1.91249514e-02 1.97898705e-03 1.47412629e-03 3.15620470e-03
2.12503178e+02 -1.01356805e-02 2.20950875e-02 -6.08352363e-02 2.08142742e-03 2.31050972e-03 2.52499617e-03
2.15222709e+02 -4.06063112e-03 -3.08109028e-02 -3.00760846e-02 3.60160220e-03 1.97579504e-03 7.27907175e-03
2.17953115e+02 -4.60435083e-03 -1.07748418e-02 1.87716179e-02 4.33549068e-03 1.98394759e-03 8.79312609e-03
2.20673959e+02 5.19611547e-02 -1.15144631e-02 -4.18366154e-03 2.50750640e-03 2.24429716e-03 2.91107721e-03
2.23392053e+02 1.16325244e-01 3.65978931e-02 -3.14005041e-02 1.50302179e-03 6.36605240e-04 4.59016868e-03
2.26106084e+02 1.20655115e-01 9.77022703e-02 -3.15995181e-02 3.50795322e-03 1.56900894e-03 4.34070600e-03
2.28824303e+02 7.27395657e-02 8.84467771e-02 -4.79887195e-02 3.46466246e-03 1.52074069e-03 4.58885839e-03
2.31542303e+02 2.35375741e-02 5.26776871e-02 -4.43235951e-02 1.74141415e-03 3.69530591e-04 6.30953439e-03
2.34258662e+02 -2.05564526e-02 4.86919934e-02 4.99152555e-03 4.59671023e-03 1.20188147e-03 5.20341630e-03
2.36973350e+02 -3.40138037e-02 -1.19703170e-02 2.66788710e-02 1.46422660e-03 5.37581849e-04 2.65871622e-03
2.39689834e+02 -3.01917962e-02 4.33936195e-02 9.33742104e-02 3.44519161e-03 1.30907797e-03 4.88117402e-03
2.42410693e+02 -3.72638122e-02 2.51443472e-02 9.29439118e-02 2.42836908e-03 2.03940746e-03 9.40851681e-03
2.45131834e+02 -3.34504602e-02 9.38925659e-03 1.24745364e-01 9.33157032e-04 7.87764782e-04 4.80997612e-03
2.47851365e+02 -1.16595146e-02 -5.72165859e-02 4.85977685e-02 4.30693545e-03 1.15894026e-03 1.90962810e-03
2.50563834e+02 1.58365128e-02 -4.43553614e-02 -5.62740640e-02 1.84933169e-03 2.74050673e-03 2.83132068e-03
2.53284568e+02 -2.77239630e-02 -6.87948352e-03 -5.97003260e-02 4.63804124e-03 4.29327587e-04 1.03923677e-03
2.56003381e+02 -1.50325021e-02 -6.76486246e-02 -1.77842401e-02 5.42546252e-03 1.43031644e-03 3.13440139e-03
2.58713365e+02 4.46376651e-02 -3.04930751e-02 3.54569538e-02 6.10466215e-03 2.48005608e-03 4.49964567e-03
2.61426490e+02 3.80722295e-02 1.59670384e-02 4.82366642e-02 8.63092131e-03 3.31323826e-04 2.03450451e-03
2.64139818e+02 -1.97425037e-02 5.92672323e-02 4.32903878e-02 5.36073966e-03 1.11455162e-03 2.38473315e-03
2.66858553e+02 -4.47551028e-02 3.52138095e-02 4.54091280e-02 4.84757190e-03 2.98021219e-03 2.83740368e-03
2.69563595e+02 -2.83698171e-02 -3.58280533e-02 1.71787228e-02 7.19263209e-03 1.54977927e-03 4.58369131e-03
