6.85282921e-01 2.41082611e-02 5.32635854e-02 -2.86031656e-02 6.13035010e-03 2.27656221e-03 7.20207343e-04
3.40707540e+00 1.39909567e-02 3.05337394e-02 3.03275264e-02 3.85228149e-03 1.44150280e-03 8.36165729e-04
6.12027086e+00 3.23428699e-02 -3.12897481e-02 3.19755476e-02 4.22164935e-03 2.33590423e-03 2.20462650e-04
8.83247118e+00 4.05112073e-02 -3.71049155e-02 1.07752215e-02 2.44210998e-03 2.45224931e-03 1.75757592e-03
1.15447882e+01 3.85547462e-02 -2.87995719e-02 -2.81723739e-02 2.34231220e-03 6.93653595e-04 6.44523305e-03
1.42647476e+01 2.69731988e-03 -2.44095027e-02 -2.14663573e-02 3.02684203e-03 5.67289823e-04 1.33218735e-03
1.69857257e+01 -1.84469207e-02 1.69398124e-04 1.03081318e-03 2.54645983e-03 1.67732259e-03 1.83827130e-03
1.97015101e+01 -3.00667799e-02 1.23060551e-02 -1.72053392e-02 3.90172674e-03 2.75498248e-03 1.88175963e-03
2.24117898e+01 -1.44603497e-02 1.27322164e-02 -4.69182374e-02 1.29788183e-03 3.77230627e-03 4.64087521e-04
2.51283179e+01 -2.33849061e-02 -4.50430852e-02 -4.49336328e-02 6.59795441e-04 1.65386022e-03 2.73555018e-03
2.78440257e+01 -3.98274442e-02 -2.01858400e-02 -1.30396859e-02 5.70505842e-04 3.83459357e-03 2.65509916e-03
3.05611445e+01 -5.53526475e-02 -1.25500188e-02 2.69372941e-02 8.18832673e-04 2.00543921e-03 1.13493105e-03
3.32753210e+01 -3.77585680e-02 5.05117577e-03 2.57463735e-02 3.27113553e-03 1.80500610e-03 3.63225551e-03
3.59919304e+01 -1.00441678e-02 -1.43135996e-02 1.62728915e-03 7.34863795e-04 1.74032656e-03 2.23538609e-03
3.87119413e+01 6.86016865e-03 6.59518349e-02 -1.68725460e-02 4.61965328e-03 2.93517098e-03 2.15542472e-03
4.14334945e+01 1.54980044e-02 2.92653480e-02 1.61093455e-02 1.88183660e-03 1.41918819e-03 4.50379498e-03
4.41501882e+01 -4.99739394e-03 -5.19301673e-02 2.86491120e-02 5.40796481e-03 8.38673456e-04 2.45983832e-03
4.68724304e+01 -3.29049969e-02 -3.98173913e-02 1.71953971e-02 2.82391591e-03 3.49824014e-03 4.36171475e-03
4.95894320e+01 -2.07514419e-02 -9.47340579e-03 1.87556475e-02 3.17709094e-03 4.41536237e-03 4.53505123e-03
5.23040038e+01 -4.28225521e-03 -2.08913437e-02 1.77200949e-02 6.84070406e-03 1.70301710e-03 4.88157647e-03
5.50184617e+01 -1.44779916e-02 -3.58962926e-02 4.45319916e-02 2.19937837e-03 1.54430135e-03 1.84887663e-02
5.77291929e+01 -1.94202489e-02 -7.19216927e-03 4.71235685e-02 1.25728870e-03 1.48445783e-03 6.06470498e-03
6.04529601e+01 -4.70054027e-02 3.18464419e-02 4.52668871e-02 1.05931080e-03 2.11755056e-03 6.99443899e-03
6.31711429e+01 -5.84521894e-02 2.20848946e-02 5.38192790e-02 2.23734089e-03 8.19345848e-04 8.79102567e-03
6.58866601e+01 -2.14791727e-02 2.88146820e-03 1.90253467e-02 2.15608617e-03 7.69001006e-04 2.87912985e-03
6.85998648e+01 -1.63893593e-02 -3.63285586e-02 6.73043558e-03 5.20940546e-03 1.54400048e-03 1.90410308e-03
7.13116663e+01 -2.88097293e-02 1.05317301e-02 3.57037808e-02 1.51289497e-03 1.37855387e-03 2.53187537e-03
7.40177773e+01 -2.74175596e-02 2.18981175e-02 2.02884775e-02 4.64649267e-03 1.44157977e-03 3.60327752e-03
7.67247929e+01 1.31378387e-02 5.18552069e-02 2.88681570e-02 1.41973309e-03 1.28934592e-03 7.36520602e-04
7.94356601e+01 2.33106133e-02 2.24053054e-02 8.65679229e-03 2.81771743e-03 2.49960345e-04 7.31881548e-04
8.21536913e+01 3.57419981e-02 3.33361396e-02 -3.48065705e-02 3.49400024e-03 1.23310560e-03 6.50182389e-04
8.48722445e+01 2.80672072e-02 -1.66363689e-02 -6.66208657e-02 1.71039627e-03 3.62006874e-03 8.19742951e-04
8.75920866e+01 -1.48523436e-02 -1.42830198e-02 -6.58689536e-02 7.96652727e-04 6.66011514e-03 4.72320103e-04
9.03148695e+01 -5.21447103e-03 7.32093433e-03 -4.31248497e-02 4.27763930e-03 1.31230614e-03 1.69206580e-03
9.30339929e+01 -2.10857251e-02 1.20121371e-02 -1.79817836e-02 4.99347115e-03 7.78136478e-04 3.52154805e-03
9.57468617e+01 -4.26846280e-02 -4.60609556e-03 4.28816902e-03 5.94834711e-03 1.19544560e-03 6.76417039e-03
9.84689101e+01 -3.83894961e-02 3.40648991e-03 1.79150094e-02 3.98126171e-03 1.95742365e-03 6.17359999e-03
1.01184316e+02 -3.71108431e-02 1.15292876e-03 5.77541069e-02 2.56598235e-03 5.22610366e-04 2.30084748e-03
1.03895816e+02 -1.67253258e-02 1.87091294e-02 8.49997902e-02 6.01210979e-04 2.44230989e-03 3.85580348e-03
1.06615098e+02 -2.43910962e-02 2.66114295e-02 6.32997822e-02 4.95687671e-03 5.48392656e-03 2.08261358e-03
1.09331785e+02 -1.76092898e-02 -2.46218724e-02 1.77711323e-02 6.47598941e-03 1.45698075e-03 2.01602604e-03
1.12054363e+02 2.97160935e-02 -3.96085855e-02 6.79594514e-04 4.30659452e-03 2.29402124e-03 2.26889123e-03
1.14772144e+02 4.16061085e-02 -1.72197323e-02 -3.33511300e-02 4.73840589e-03 7.40053268e-04 4.48626929e-03
1.17492848e+02 5.12583814e-02 -3.62775525e-02 -1.97219308e-02 1.99938335e-03 2.37612488e-03 2.98127588e-03
1.20209848e+02 2.02728937e-02 -5.33544744e-02 -2.63749369e-02 1.74263392e-03 1.91988009e-03 4.20405272e-03
1.22923519e+02 -9.66867707e-03 -1.26885684e-02 -1.37136557e-02 1.95101522e-03 2.04838172e-03 3.90331537e-03
1.25629160e+02 2.40811641e-02 1.59843307e-03 -2.63699117e-02 5.12187680e-03 1.73831972e-03 3.94087693e-03
1.28345019e+02 1.56528798e-02 2.70897061e-02 -5.48533000e-02 6.04853190e-03 1.18420402e-03 1.53333971e-03
1.31053379e+02 1.59209488e-02 -2.10396715e-02 -4.47245974e-02 4.91802884e-03 4.48546117e-04 1.65980601e-03
1.33771832e+02 5.12923910e-03 -2.85868683e-02 3.21231049e-03 4.57096040e-03 1.98992558e-03 2.18317227e-03
1.36472191e+02 2.76509362e-03 -5.32155626e-02 -4.72030344e-03 5.63740973e-03 1.06543731e-03 1.73683957e-03
1.39188879e+02 4.86632972e-03 -7.85276016e-02 -2.00570061e-03 3.40362690e-03 1.29924127e-03 1.38283945e-03
1.41919535e+02 8.64722339e-03 -7.45187969e-02 1.98930422e-03 1.20050610e-03 1.61734379e-03 2.64993555e-03
1.44634207e+02 -3.34265293e-04 -2.02709223e-02 4.85180841e-02 1.48362189e-03 6.96023505e-04 4.00065085e-03
1.47353848e+02 -4.05695331e-02 -3.70955263e-02 6.06276936e-02 2.37670884e-03 2.47538292e-03 5.46291567e-03
1.50065582e+02 -3.20199064e-02 -7.84475613e-02 3.00463415e-02 1.47653727e-03 4.53895734e-04 2.57565956e-03
1.52781394e+02 6.50672287e-04 -1.15090030e-01 3.45042327e-02 1.79298353e-03 1.02074573e-03 1.75983098e-03
1.55489504e+02 3.69653068e-02 -9.77613767e-02 2.85799364e-02 1.00558609e-03 1.75794497e-04 1.54207512e-03
1.58205894e+02 9.51861741e-03 -4.84032006e-02 2.60137168e-02 2.77257368e-03 6.51263695e-04 5.13454603e-03
1.60917816e+02 -1.36990977e-03 -2.53129303e-02 3.03061780e-02 7.81589129e-04 1.06708478e-03 3.90984394e-03
1.63635582e+02 -1.99346939e-02 -5.09199025e-02 2.01129797e-02 1.49878729e-03 3.36904191e-03 6.71704944e-03
1.66341957e+02 -3.46682396e-02 -2.41367972e-02 -2.66078465e-03 6.35760107e-03 9.31001808e-04 5.76303989e-03
1.69053457e+02 -3.72010081e-02 -1.59711830e-02 2.73410387e-03 3.85933820e-03 1.74767960e-03 4.55599905e-03
1.71775785e+02 -3.35616823e-02 2.65148076e-02 -5.77040732e-02 5.78072371e-03 4.16372807e-03 3.87362397e-03
1.74498535e+02 -3.38033209e-02 7.55149249e-03 -1.16111642e-02 7.48791122e-03 1.35429733e-03 1.89569496e-03
1.77218957e+02 -3.45623932e-02 -2.03950014e-02 -2.38553745e-02 3.77484060e-03 3.20597455e-03 7.27973084e-04
1.79943473e+02 -4.62281713e-02 -1.18260250e-02 -2.93638127e-02 3.24645341e-03 2.56795185e-03 1.57259721e-03
1.82658394e+02 -1.95851878e-02 4.05183392e-03 -5.32584299e-02 8.13427882e-03 8.06607412e-04 1.31452628e-03
1.85374457e+02 -2.38515982e-02 1.82111855e-02 -2.96741019e-02 1.30170546e-02 1.46439226e-03 1.93952755e-03
1.88091004e+02 -4.10159172e-02 5.07099494e-02 -4.02245582e-02 7.34480313e-03 1.20883616e-03 4.07941955e-03
1.90803129e+02 -2.96407106e-02 2.66988074e-02 -4.99122627e-02 2.53251826e-03 3.52826827e-03 7.96609874e-03
1.93515707e+02 -2.67529029e-02 -2.24855720e-02 -1.56782115e-02 2.76448871e-03 1.58554169e-03 2.23574843e-03
1.96232801e+02 -9.83533923e-03 -3.50947942e-02 7.90766443e-02 2.99084962e-03 9.35899164e-04 3.01155282e-03
1.98944394e+02 -9.80993732e-03 -5.37916698e-02 1.13131956e-01 1.66847192e-03 1.06716201e-03 2.74328467e-03
2.01659566e+02 -3.22858350e-02 -7.35495638e-02 7.72026933e-02 2.66960702e-03 1.66451253e-03 3.35759450e-03
2.04374004e+02 -8.05111434e-02 -4.49339552e-02 4.43954257e-02 1.86704796e-03 3.17590946e-03 5.87169851e-03
2.07084785e+02 -6.87341259e-02 -2.40251720e-02 -3.60717687e-02 5.00974241e-03 2.21029032e-03 1.08379230e-02
2.09793285e+02 -2.01582120e-02 1.52709380e-02 -4.44535893e-02 3.64973682e-03 1.35649091e-03 8.23337819e-03
2.12507769e+02 2.58524797e-02 2.22461430e-02 -5.32268976e-03 4.68732061e-03 2.84721341e-03 7.40262839e-03
2.15219441e+02 9.39998451e-02 -2.85427459e-03 -8.55493026e-03 4.05372853e-03 3.90036220e-03 5.46317115e-03
2.17941691e+02 7.21234187e-02 -2.38974613e-02 3.72811562e-03 9.19695516e-04 1.75359159e-03 5.12647003e-03
2.20660519e+02 -7.12700572e-03 -3.61540672e-02 1.55446718e-02 1.86659660e-03 9.11209896e-04 3.68623717e-03
2.23380535e+02 -5.62306313e-02 -1.08992358e-01 4.72281789e-02 1.18295777e-03 9.40016813e-04 6.21583179e-03
2.26094801e+02 -6.38934579e-02 -1.07433419e-01 4.64795098e-02 6.71836984e-04 1.36389477e-03 5.28135124e-03
2.28813879e+02 -3.17311782e-02 -5.75344242e-02 4.15471680e-02 1.56190134e-03 3.37555940e-03 2.62865866e-03
2.31538894e+02 -2.01078190e-02 -4.14745152e-02 3.41080300e-02 1.66877146e-03 1.36697076e-03 2.91174371e-03
2.34263723e+02 -5.07613350e-03 -1.54120771e-02 1.64566356e-02 5.31596024e-03 9.09791382e-04 8.14050625e-03
2.36978113e+02 2.91992071e-02 -2.54829753e-02 -1.84630119e-02 4.51708925e-03 8.45199930e-04 7.11830040e-03
2.39696910e+02 4.39462176e-02 5.92752112e-03 -3.31672007e-02 9.72036624e-03 3.23460341e-03 3.73474868e-03
2.42412848e+02 4.90150915e-02 3.13440856e-02 -5.94773473e-02 4.52765182e-03 2.00510537e-03 4.32108951e-03
2.45130316e+02 1.47058496e-02 -3.08464986e-02 -6.21360790e-02 2.62900284e-03 1.04988482e-03 6.01904652e-03
2.47850535e+02 -1.70731629e-02 -1.94577095e-02 -1.88988668e-02 5.07323882e-03 1.19247622e-03 2.03043325e-03
2.50565098e+02 2.69934605e-02 3.27885447e-02 5.93099768e-02 9.15346873e-04 1.20081159e-03 3.26466417e-03
2.53288973e+02 3.93636909e-02 3.46895151e-03 4.95725270e-02 5.73289757e-04 4.98501858e-04 3.44742625e-03
2.56011660e+02 5.31222424e-02 -3.10282387e-03 1.00541040e-01 1.90887486e-03 8.83998533e-04 1.34770321e-03
2.58723879e+02 5.70239508e-02 -6.88318798e-03 6.65733931e-02 2.94981703e-03 3.73436893e-03 1.39005593e-03
2.61433926e+02 4.28232274e-02 -6.39095182e-03 -2.28478193e-02 7.58544154e-03 1.96332855e-03 2.57035234e-03
2.64145598e+02 2.26587746e-02 7.84797337e-03 -6.24262313e-02 6.84424646e-03 3.34763717e-03 1.06975922e-03
2.66864176e+02 2.27468667e-02 -4.60539153e-02 -5.72547450e-02 6.40090251e-03 9.53007654e-04 3.85150225e-03
2.69581209e+02 2.27810869e-02 -4.11155141e-05 -4.30224954e-02 1.01641718e-02 7.89096662e-04 1.71628820e-03
