6.73122996e-01 -1.07226355e-02 2.12672961e-04 5.02265338e-02 1.62678173e-03 1.05914494e-03 1.01735961e-03
3.38592343e+00 1.11560569e-02 -2.09636124e-02 4.12217934e-03 3.50744533e-03 1.49874972e-03 1.60396210e-03
6.09746750e+00 9.99038105e-03 -3.60297115e-02 1.00313419e-03 7.42925481e-04 1.07108590e-03 1.08972219e-03
8.81877937e+00 -1.27682647e-02 -3.75198265e-02 -8.09202526e-03 2.95528933e-03 1.34016140e-03 2.19143692e-03
1.15382698e+01 -1.90021484e-02 -3.75354415e-02 1.14759442e-02 2.64979619e-03 1.05164365e-03 1.06321491e-03
1.42509292e+01 1.05228013e-03 -3.86822474e-02 2.73549424e-02 5.47554923e-04 5.56401096e-04 5.72755466e-04
1.69661777e+01 1.69134763e-02 -3.29142682e-02 1.65847505e-02 1.36089926e-03 9.99000656e-04 1.77040345e-03
1.96827980e+01 9.86277338e-03 -1.71072393e-02 2.53429956e-02 1.03558486e-03 3.29645039e-04 1.07791116e-03
2.23949605e+01 2.17347609e-02 -2.08285831e-02 3.46611422e-02 1.71265636e-03 2.38691405e-03 1.29107171e-03
2.51092245e+01 1.73391194e-02 -5.93479907e-03 2.12020535e-02 2.45398745e-03 5.80260892e-04 1.01688336e-03
2.78234620e+01 7.46730867e-03 -2.19526478e-02 1.46422035e-02 1.13578878e-03 5.51078386e-04 2.40581979e-03
3.05442855e+01 -2.25645512e-03 5.26963728e-02 1.41999125e-02 1.19847492e-03 3.34344195e-03 1.09648025e-03
3.32637292e+01 -6.75887733e-03 4.87345768e-02 -7.00808231e-03 8.11845029e-04 1.23064611e-03 1.44332531e-03
3.59792839e+01 -1.08490597e-02 4.81459067e-02 2.25246084e-02 1.10346070e-03 8.42016080e-04 2.16321840e-03
3.86919605e+01 -1.62117000e-02 -8.51013393e-03 2.68463086e-02 2.50271180e-03 6.30065359e-04 1.07048904e-03
4.14081573e+01 -4.69650160e-03 -2.54278521e-02 -7.92668075e-03 1.05293769e-03 4.35229459e-04 5.66657445e-04
4.41222355e+01 -1.00290576e-02 -2.09143538e-02 -3.32146153e-02 1.33876281e-03 5.04022501e-04 1.66170183e-03
4.68384636e+01 -6.98151075e-03 -2.46809460e-02 -3.83606280e-02 5.11409931e-04 7.31280412e-04 1.96808597e-03
4.95577761e+01 -1.08366428e-03 1.18770040e-02 -2.95561741e-02 2.71900142e-03 2.10801856e-03 1.24977000e-03
5.22725386e+01 7.60146093e-03 1.55721599e-02 -4.73647356e-02 7.50206186e-04 5.84561031e-04 3.07878026e-03
5.49918605e+01 7.19849951e-03 3.69859824e-02 -2.98477776e-02 1.53948284e-03 1.33652889e-03 2.28034745e-03
5.77049058e+01 -2.81094830e-03 2.47754788e-02 4.27005015e-03 1.18463183e-03 1.63390283e-03 3.99234612e-04
6.04196745e+01 1.86253178e-02 -3.73446113e-03 3.08569450e-02 1.01918172e-03 5.19935973e-04 2.66735820e-04
6.31326542e+01 1.80300988e-02 -4.96399406e-03 2.07119596e-02 8.47350356e-04 2.96560789e-03 1.48136087e-03
6.58501214e+01 2.52656650e-02 -1.02824897e-02 1.13146137e-03 1.37741031e-03 5.35816444e-04 8.40249493e-04
6.85711402e+01 6.89535469e-03 2.87960449e-02 9.07180469e-03 1.30915964e-03 4.34885678e-04 1.52467204e-03
7.12878198e+01 -4.47270022e-03 2.64754088e-02 1.15516178e-03 1.28447498e-03 9.08587227e-04 1.69764216e-03
7.40008292e+01 -2.10123551e-03 4.19688082e-02 -2.71822628e-02 1.08647813e-03 8.89166716e-04 9.03521313e-04
7.67190073e+01 -2.19916860e-03 -4.42714217e-03 -8.42559787e-03 2.19983568e-03 1.90775954e-03 7.29547256e-04
7.94349183e+01 3.74996544e-03 7.83256016e-03 5.13564924e-03 2.82577743e-03 7.76846015e-04 6.17740690e-04
8.21521464e+01 1.93784352e-02 -1.57631195e-02 -4.28594245e-03 1.99645607e-03 9.86204117e-05 1.19225180e-03
8.48700073e+01 1.40991372e-02 4.58969922e-03 3.52809800e-02 3.05693298e-03 1.35295236e-03 5.19413260e-04
8.75826370e+01 -1.57116526e-03 3.25663767e-02 2.05753880e-02 2.47820397e-03 8.21580465e-04 1.07945784e-03
9.02979480e+01 -1.25270392e-03 2.88315363e-02 5.79401466e-03 1.40142033e-03 1.04741811e-03 2.72564423e-03
9.30140605e+01 1.79537215e-02 1.57108269e-02 4.09211861e-02 1.13062861e-03 6.23498932e-04 1.46473964e-03
9.57270042e+01 1.65900768e-02 -6.79930293e-03 1.54521096e-02 6.36812277e-04 1.26420095e-03 3.55671133e-03
9.84456495e+01 -3.69571858e-03 -3.08651982e-02 1.80147208e-02 6.55917838e-04 2.28566522e-03 9.97731556e-04
1.01158885e+02 9.87154770e-03 3.60451513e-03 3.38292972e-02 2.14361694e-03 7.44222346e-04 2.48129943e-03
1.03867229e+02 2.57452017e-02 9.91324590e-03 9.93615200e-03 2.06268774e-03 3.98048723e-04 2.14868087e-03
1.06579839e+02 2.27706608e-02 -1.70838166e-02 3.21023761e-03 1.94350572e-03 1.09477019e-03 8.87657692e-04
1.09294526e+02 2.01734114e-02 -5.80940741e-03 2.92822956e-02 1.27372606e-03 5.34706844e-04 4.27380658e-04
1.12010229e+02 9.78570147e-03 -9.10749673e-03 4.13423914e-02 5.70529122e-04 2.13149310e-03 1.24167178e-03
1.14723792e+02 7.00462322e-03 -2.87919674e-02 3.85218505e-02 4.72768069e-04 2.98915692e-04 1.22204895e-03
1.17433354e+02 6.76002898e-03 2.69017847e-03 2.69386361e-02 1.18217789e-03 5.64495777e-04 5.86515633e-04
1.20145589e+02 2.61536525e-02 4.80347535e-02 -1.70953602e-02 1.32267108e-03 2.50923830e-04 1.69355842e-03
1.22863589e+02 2.58101948e-02 4.23964357e-03 -1.08140379e-02 8.24822471e-04 2.21525857e-03 6.74586729e-04
1.25579401e+02 2.22630160e-02 -1.77296020e-02 8.86855224e-03 6.65420644e-04 2.18609804e-03 2.44286417e-03
1.28295026e+02 3.07950886e-02 -5.32948008e-02 -1.35820195e-03 4.89469271e-04 3.92170984e-03 1.58817534e-03
1.31007245e+02 3.40592206e-02 -3.42862807e-02 4.14444191e-03 7.26903984e-04 2.73154158e-03 1.43671799e-03
1.33724604e+02 1.29464016e-03 -3.45956836e-02 1.27865484e-02 1.02465991e-03 8.62977425e-04 9.23248844e-04
1.36436307e+02 2.09841838e-03 -2.82871226e-02 1.68279652e-02 1.43929774e-03 2.46568030e-03 1.17528310e-03
1.39150229e+02 -1.40194794e-02 -1.90441930e-02 2.28047692e-02 1.47971760e-03 4.04365737e-03 1.66437117e-03
1.41870964e+02 -1.44978172e-02 -5.84285120e-02 6.22384331e-03 1.64037286e-03 6.84340841e-04 1.10023056e-03
1.44582542e+02 -1.55792433e-02 -6.49776625e-02 -1.06029751e-02 1.15889729e-03 1.58551723e-03 1.36569596e-03
1.47304104e+02 -1.91036827e-02 -5.37343789e-02 -1.19715131e-02 3.06090511e-03 1.45122278e-03 2.25530687e-03
1.50024432e+02 -5.44544853e-04 -1.89306531e-02 -1.34018136e-02 1.31463149e-03 4.84332563e-04 1.81509312e-03
1.52737167e+02 1.54060891e-02 1.98002930e-02 -1.62916259e-02 1.13462407e-03 6.83622383e-05 1.30004565e-03
1.55453104e+02 7.54596429e-03 1.04433910e-02 -2.55318836e-02 2.82914523e-03 9.86968674e-04 2.23408658e-03
1.58170089e+02 3.53346552e-03 -3.19405202e-02 1.19915027e-02 1.34461170e-03 2.89139719e-04 1.70666917e-03
1.60884823e+02 2.26484299e-02 -3.96889385e-02 2.71728375e-02 4.61722430e-03 5.44338323e-04 2.77487034e-03
1.63600120e+02 -6.90461790e-04 -3.62873250e-02 1.51163047e-02 1.45118768e-03 8.51703188e-04 1.07166379e-03
1.66312573e+02 -1.19696712e-02 -7.40584102e-02 1.15357414e-02 3.42766117e-03 7.97440139e-04 1.31637985e-03
1.69031745e+02 -3.44091439e-02 -4.97588589e-02 4.31476724e-02 7.34046727e-04 6.69558336e-04 1.54343462e-03
1.71747401e+02 -3.05662016e-02 -3.73192085e-02 -1.81176634e-02 2.89666308e-04 1.10842433e-03 1.59230948e-03
1.74456839e+02 -2.23997513e-03 -1.19573124e-02 -2.91056816e-02 2.58582802e-03 2.33662761e-04 3.85767719e-03
1.77173245e+02 -1.03078334e-02 2.14741792e-02 -4.44765441e-02 2.74081509e-03 1.13013795e-03 1.09993337e-03
1.79896667e+02 -2.65181117e-02 7.10651582e-03 -4.60884045e-02 9.45642081e-04 1.18369295e-03 2.75370476e-03
1.82609198e+02 -8.43075443e-03 8.32806793e-03 -3.27451867e-02 7.33181566e-04 4.06480326e-03 2.30827396e-03
1.85329198e+02 -1.05618979e-02 -3.47117565e-03 -9.27263919e-03 7.34569449e-04 5.76724320e-04 2.43661335e-03
1.88039370e+02 2.88117893e-02 -1.82661677e-02 -3.87403842e-02 1.92483991e-03 2.60593635e-03 3.36759191e-03
1.90763057e+02 1.39635210e-02 -1.46098095e-02 1.06554166e-02 2.50065015e-03 6.76736615e-04 4.37452041e-03
1.93478026e+02 -4.01132387e-02 -4.27640581e-02 -1.92062024e-02 9.19598293e-04 1.49270891e-03 6.24200930e-03
1.96193964e+02 -3.83213818e-02 1.81758759e-03 6.23378641e-03 7.58098518e-04 6.91174649e-04 1.31690918e-03
1.98906885e+02 1.63436145e-03 6.47598889e-02 3.37031923e-02 6.42249428e-04 7.03972743e-04 5.06649754e-03
2.01618182e+02 3.85319480e-02 3.05750351e-02 2.29632339e-04 5.53677206e-04 1.39852148e-03 1.24493424e-03
2.04334042e+02 2.45387754e-02 4.13129958e-03 -1.33440982e-02 1.25640502e-03 4.67107609e-04 8.32370558e-04
2.07047979e+02 -3.88271552e-02 -2.62484296e-02 -1.03470330e-02 2.76315222e-03 3.11053067e-03 1.37069602e-03
2.09762182e+02 -5.31058840e-02 -6.77318828e-02 -5.78273716e-03 9.56468828e-04 9.58416936e-04 3.65427065e-03
2.12475651e+02 -7.95170159e-03 -1.97490188e-02 -1.01013318e-02 3.49734402e-03 2.37618827e-03 2.46352410e-03
2.15192010e+02 -2.26552330e-02 -3.61446931e-02 -4.14928595e-02 1.05481401e-03 2.68164757e-03 3.43514810e-03
2.17909339e+02 -3.04757734e-02 -1.12230773e-02 -4.18244964e-02 2.20655909e-04 4.64986810e-04 1.75008956e-03
2.20622385e+02 7.67645966e-03 -8.80801058e-03 -2.46033283e-02 6.81315308e-04 3.98336721e-04 1.65845917e-03
2.23340214e+02 6.52442462e-03 -1.96114172e-02 -3.26445623e-02 2.82703624e-03 4.81782379e-04 2.01800430e-03
2.26055964e+02 -7.07085757e-04 -2.73110490e-02 -3.48763868e-02 2.17226685e-03 1.62922367e-04 2.36401880e-03
2.28773214e+02 -9.48849589e-03 -2.97610190e-02 -2.42702595e-03 2.18462164e-03 1.03028286e-03 3.36945895e-03
2.31487964e+02 -2.20580845e-03 -1.76415285e-02 2.25300321e-02 3.92767871e-03 5.90623001e-04 4.21264536e-03
2.34205964e+02 -1.66901256e-03 -1.93574371e-02 2.68359655e-02 2.14355695e-03 5.12477400e-04 1.65727023e-03
2.36923714e+02 -5.77310575e-03 -1.59263178e-03 2.07410175e-02 1.55389151e-03 7.12583445e-04 1.32551040e-03
2.39637854e+02 6.66311308e-03 -1.06759985e-02 3.38675740e-02 1.09560439e-03 1.18706423e-03 2.61720572e-03
2.42349354e+02 1.31473439e-04 -2.27303428e-02 3.75683195e-02 7.68603528e-04 7.52956527e-04 2.70694618e-03
2.45066792e+02 -2.20658552e-02 2.03929353e-02 2.17608679e-02 1.25469307e-03 3.26223559e-04 1.66142729e-03
2.47784245e+02 -1.10193754e-02 5.25133596e-02 -5.01154673e-03 1.00425584e-03 2.28557129e-03 2.46189082e-03
2.50497057e+02 -1.77978843e-03 2.92978614e-02 -3.14169965e-02 9.47274216e-04 1.25546350e-03 4.71387027e-03
2.53208026e+02 2.66177099e-03 -1.82936663e-02 -3.80623264e-02 1.24329861e-03 6.59472013e-04 1.27022328e-03
2.55923214e+02 1.10415623e-02 -3.35006950e-02 -1.25639579e-02 9.99151851e-04 5.32304933e-04 5.24298359e-03
2.58637854e+02 1.93135456e-02 1.41386894e-02 -8.91316230e-03 4.41034372e-03 1.87386645e-03 3.22143210e-03
2.61353073e+02 2.37298138e-02 9.98544036e-03 -5.60097614e-03 2.64532340e-03 5.10440210e-04 1.85618943e-03
2.64065932e+02 2.57018499e-02 1.05846191e-02 4.84653904e-03 1.79077453e-03 1.75026108e-03 1.01036192e-03
2.66777870e+02 -1.03442082e-03 3.93286861e-02 7.78677421e-03 4.61591056e-03 8.86480086e-04 1.32059997e-03
2.69495078e+02 -9.53660432e-03 -6.25008917e-03 4.51057450e-02 1.34278566e-03 2.15526560e-03 1.65225108e-03
