6.66740661e-01 -1.00141648e-01 3.09059831e-02 4.35239329e-02 3.69791388e-03 2.49882266e-03 3.31719444e-03
3.37556663e+00 -3.86848563e-02 1.38693793e-02 3.50433472e-02 5.91291086e-03 4.67228112e-04 1.16827948e-03
6.08545522e+00 6.36277796e-04 -7.77883838e-03 -9.85287547e-03 3.07862616e-03 7.52709676e-04 3.12494962e-03
8.80160648e+00 -1.33413935e-02 -1.88182450e-02 -5.14513473e-02 6.95066751e-03 6.65898888e-04 6.64363099e-03
1.15146877e+01 9.02312343e-03 -1.38786696e-03 1.10914781e-02 5.71133062e-03 1.49860112e-03 1.83259155e-03
1.42427190e+01 2.62389325e-02 1.02318868e-02 2.49115137e-03 4.01099956e-03 2.94532463e-03 8.82748561e-03
1.69656362e+01 4.82491949e-02 1.23706183e-02 1.13248333e-02 2.59720963e-03 1.61283116e-03 1.91597774e-03
1.96801330e+01 2.73349996e-02 1.92440187e-02 1.71181289e-02 4.03778157e-03 8.16579932e-04 9.38396638e-03
2.24031799e+01 -1.81338955e-02 1.46144357e-02 -3.99224779e-02 5.82725999e-03 1.73963963e-03 8.37632530e-03
2.51085893e+01 6.64831231e-03 -1.82323667e-03 -2.55655436e-02 4.41549066e-03 1.23799729e-03 4.40319576e-03
2.78281518e+01 4.31653145e-04 -7.65883055e-02 -1.56146297e-02 9.99099432e-03 4.59859276e-04 5.56431989e-03
3.05475627e+01 -2.10423164e-02 -7.94396006e-02 1.78436562e-02 4.58739607e-03 8.57068198e-04 2.11325819e-03
3.32662799e+01 -9.60879341e-04 -5.15286537e-02 1.40855930e-03 3.28295050e-03 1.27638890e-03 2.87765408e-03
3.59783127e+01 2.24992496e-02 -2.13587323e-02 -7.16901976e-03 1.63052369e-03 5.53275793e-04 2.13608723e-03
3.86995815e+01 4.06068356e-02 -6.01979360e-03 -1.91595654e-02 2.60191825e-03 1.64384061e-03 7.55742951e-03
4.14223018e+01 1.20956039e-02 1.08776675e-02 1.38905262e-02 1.27079632e-03 1.13929751e-03 1.07334840e-02
4.41506018e+01 3.83631340e-03 -8.76461691e-03 7.67223593e-03 4.22872579e-03 1.46868090e-03 2.81073037e-03
4.68618721e+01 4.39880290e-02 -8.90090352e-03 1.03458016e-02 2.73982668e-04 1.17671013e-03 2.66967068e-03
4.95717658e+01 6.98064028e-02 1.49595108e-02 6.36973795e-02 6.10754499e-03 1.65256080e-03 3.17566305e-03
5.22847784e+01 -1.28042094e-02 -3.00227916e-02 7.60201583e-02 1.97845604e-03 5.93123598e-03 3.29972864e-03
5.49980127e+01 -1.37273278e-02 -3.32704905e-02 2.46892667e-02 2.18325118e-03 1.37051826e-03 3.37458644e-03
5.77068002e+01 3.98005741e-02 4.60177095e-02 -6.77382865e-03 4.78224331e-03 4.16669517e-03 5.31915399e-03
6.04229143e+01 2.28065591e-02 2.03785406e-02 2.24567831e-02 1.10580688e-02 1.04380545e-03 5.43130638e-03
6.31324940e+01 -2.95944449e-03 3.60671433e-02 6.35948761e-02 2.01424118e-03 8.14837548e-04 3.00244374e-03
6.58457627e+01 -3.25860796e-02 6.69612192e-02 4.87092318e-03 1.57377910e-03 6.04139228e-04 1.48324092e-02
6.85624315e+01 -5.88409564e-02 5.34513348e-02 -4.51218210e-02 5.87697368e-03 1.58478551e-03 1.10447239e-02
7.12692799e+01 -5.78992749e-02 3.73727437e-02 -3.05371733e-02 4.80528033e-03 3.11820917e-03 3.70914068e-03
7.39886674e+01 -3.25226663e-02 1.51422296e-02 -2.53378729e-02 1.08627949e-02 1.41102327e-03 2.50799839e-03
7.66989455e+01 4.24703749e-02 -3.26693279e-02 1.91278054e-02 5.39759403e-03 3.34740129e-03 5.26295230e-03
7.94134471e+01 9.85510827e-02 7.66842640e-03 7.22836530e-02 3.06530350e-03 1.76953006e-03 2.76380564e-03
8.21278455e+01 9.09760815e-02 -5.73444209e-03 6.00592063e-02 2.03739233e-03 8.71019522e-04 6.18298288e-03
8.48434502e+01 4.14881385e-02 -2.33314773e-02 3.57374800e-02 2.93960994e-03 1.07945460e-03 3.74840963e-03
8.75618612e+01 -4.70686264e-04 -1.00988733e-02 -1.49995803e-02 7.53426121e-03 1.82169335e-03 4.88221446e-03
9.02767924e+01 -1.56876006e-02 1.99603251e-02 -4.46616566e-02 3.44827194e-03 1.01454212e-03 3.69190921e-03
9.29935580e+01 2.94286789e-02 5.32068032e-03 2.31855360e-02 2.28673064e-03 6.75930720e-04 1.44327273e-03
9.57252721e+01 3.10327105e-02 1.33097674e-02 -2.42569712e-03 5.34103756e-03 2.10082937e-03 3.85013580e-03
9.84458549e+01 7.71745132e-03 1.73668072e-02 -1.06285140e-02 1.11348122e-03 4.24617649e-03 2.52447478e-03
1.01168047e+02 -3.08103369e-02 3.50922632e-03 -4.76518507e-02 1.26113217e-03 1.16185955e-03 2.77328323e-03
1.03883516e+02 -3.61207117e-02 1.97114090e-03 -4.36350511e-02 1.33457841e-02 1.97123304e-03 2.41846448e-03
1.06613094e+02 -6.92784186e-02 2.82280746e-02 -9.26631578e-03 7.47577632e-03 3.11764047e-03 5.31740180e-03
1.09328688e+02 -8.55014458e-04 2.13441935e-02 1.73927099e-02 3.34526037e-03 1.39233755e-03 2.87511212e-03
1.12041313e+02 3.52432730e-02 -1.26779978e-02 3.49485946e-02 8.49155342e-04 1.56581405e-03 4.94808414e-03
1.14749563e+02 3.55622019e-02 2.05833537e-02 2.79346511e-03 3.30542720e-03 1.67130783e-03 1.04570779e-03
1.17463141e+02 -1.79829317e-02 2.99960069e-02 -1.52670195e-02 4.59391497e-03 1.82803756e-03 5.53955612e-03
1.20176594e+02 -5.43375425e-02 4.34728851e-02 -5.07618193e-02 2.83685497e-03 1.91775474e-03 4.14208017e-03
1.22890328e+02 -3.72198043e-02 6.41847339e-03 -5.18753720e-02 3.82219106e-03 1.56765007e-03 3.89869171e-03
1.25610594e+02 -1.09936853e-02 -3.65194198e-02 -1.89690580e-02 5.40031646e-03 1.59552217e-03 3.45333271e-03
1.28331110e+02 2.61027581e-02 -6.17763458e-02 -2.83973000e-03 4.13568819e-03 1.41976149e-03 2.87821719e-03
1.31056016e+02 3.19383521e-02 6.88100445e-03 3.23633959e-02 2.67230817e-03 9.12016991e-04 3.15871670e-03
1.33776172e+02 9.00772625e-04 8.76402733e-03 3.10057856e-02 1.66822498e-03 5.40706374e-04 1.44199000e-03
1.36496203e+02 2.14171049e-02 -6.47499928e-02 3.98840796e-02 6.03665889e-03 1.30796579e-03 2.16587308e-03
1.39214797e+02 4.44996288e-02 -7.27525431e-02 -9.50533038e-03 3.62580208e-03 5.28530020e-04 5.91336570e-03
1.41928063e+02 6.33257663e-02 -8.16903590e-02 -7.73539399e-04 7.81448526e-03 1.31747192e-03 6.08622220e-03
1.44628688e+02 9.28382074e-02 -1.26270019e-01 -2.77911154e-03 4.07060007e-03 8.99804353e-04 2.50860239e-03
1.47334328e+02 3.70207459e-02 -5.57527257e-02 -1.35450325e-02 3.91326572e-03 2.53777318e-03 1.97161492e-03
1.50040110e+02 -2.85492058e-03 3.73350863e-02 -8.51166159e-03 1.71750101e-03 6.84949935e-04 1.72110114e-03
1.52756141e+02 -1.24121209e-02 4.54014204e-02 -1.91241388e-02 1.43822304e-03 2.43011020e-04 2.75312262e-03
1.55464313e+02 -1.23648715e-03 1.07450865e-02 5.76411212e-03 2.99836386e-03 8.65243450e-04 2.05199852e-03
1.58187813e+02 -9.83601248e-03 -3.07952335e-03 1.37452537e-02 2.95130971e-03 3.76279378e-04 1.17571075e-03
1.60905735e+02 -1.55678637e-02 -5.01350169e-02 -2.90920892e-03 1.00856059e-03 4.22358266e-03 2.57691682e-03
1.63628750e+02 -8.07930500e-03 -2.53002930e-02 -9.37065639e-03 1.37506729e-03 4.68025087e-03 2.91928344e-03
1.66342828e+02 -2.65859551e-03 -5.41890953e-02 1.91737856e-02 2.06061820e-03 1.67172347e-03 1.01009710e-03
1.69060219e+02 -7.59779565e-05 -4.92310173e-02 1.46758327e-02 2.43770588e-03 3.22618427e-04 3.48637261e-03
1.71783438e+02 -5.54254450e-03 -2.94495209e-02 1.42557918e-02 1.77275468e-03 1.20232387e-03 7.32966723e-03
1.74502875e+02 -4.15686983e-03 -2.88628792e-02 2.05818508e-02 1.78020887e-03 2.99496811e-03 4.78092609e-03
1.77228016e+02 8.80089845e-03 -4.21296353e-02 3.56993436e-02 3.22419103e-03 1.08583879e-03 3.97955901e-03
1.79954110e+02 8.75038556e-03 -2.91916337e-02 1.81667984e-02 3.18369931e-03 1.19467164e-03 2.47217971e-03
1.82672047e+02 1.16652576e-02 7.01314080e-03 1.24082503e-02 5.45435183e-03 2.33122833e-04 2.76059433e-03
1.85390235e+02 -3.40070884e-03 5.24360589e-02 -1.68209880e-03 5.77673772e-03 1.68078692e-03 1.02611072e-03
1.88110922e+02 -9.79551115e-03 -6.65751852e-03 -3.50701564e-02 3.14951125e-03 2.11515234e-03 1.00342233e-03
1.90826250e+02 5.46250823e-03 -2.45073714e-02 -4.23897223e-04 3.42353996e-03 1.09811711e-03 4.03917503e-03
1.93535438e+02 -2.01222820e-03 -1.11867500e-03 2.15655809e-02 1.91401598e-03 1.01633977e-03 2.84752968e-03
1.96251453e+02 -1.93562454e-02 -3.71288975e-02 -7.57545646e-03 3.67856785e-03 8.26281966e-04 2.38034682e-03
1.98961985e+02 -1.99803147e-02 -9.06799425e-02 -1.41603948e-02 3.10833553e-03 7.25375469e-04 1.29371590e-03
2.01665078e+02 -1.83872064e-02 -3.91182986e-02 9.60803697e-03 1.62939236e-03 5.03587555e-03 9.29526461e-04
2.04381563e+02 1.48077429e-02 -5.72115428e-02 -4.66746273e-03 7.52345427e-04 1.36690692e-03 1.23513574e-03
2.07088141e+02 1.60242062e-02 -3.63871729e-02 2.41055467e-02 2.16494680e-03 3.31276503e-03 7.25560395e-04
2.09805219e+02 -2.12654290e-03 -5.06256087e-02 8.72331335e-03 2.73006616e-03 1.17831895e-03 1.76149241e-04
2.12506500e+02 5.95355759e-03 -3.44544665e-02 3.11580588e-03 3.54012672e-03 1.36153509e-03 2.68456934e-03
2.15220297e+02 2.42549506e-02 9.19201176e-03 -2.79529435e-02 3.72147235e-03 9.19088286e-04 2.49045096e-03
2.17943906e+02 8.79483571e-03 1.69565266e-02 -1.48642728e-02 2.41009489e-03 3.26440040e-03 5.49730823e-03
2.20661125e+02 1.69810460e-02 1.92616613e-02 1.54259645e-02 3.09675029e-03 2.08762208e-03 2.15536575e-03
2.23381625e+02 2.72403694e-02 2.88625316e-02 2.27333561e-02 2.30373759e-03 1.53800074e-03 2.27566729e-03
2.26105688e+02 5.04958857e-03 -2.27963673e-02 1.92969355e-02 2.54779659e-03 1.45872651e-03 3.02866344e-03
2.28823297e+02 -2.66551105e-04 -6.45874638e-02 4.79003194e-02 6.70215010e-03 1.50582547e-03 3.47375722e-03
2.31548781e+02 -9.17182282e-04 -1.43386852e-02 5.03621918e-02 2.96916318e-03 3.45309148e-03 1.05792650e-03
2.34264985e+02 -2.50831201e-02 -8.20088943e-03 3.15604625e-02 1.45084542e-03 2.26764646e-03 1.49593156e-03
2.36979235e+02 -4.49338863e-02 -2.71181930e-02 -2.22391399e-02 3.25992131e-03 1.81726455e-03 1.75460550e-03
2.39687828e+02 -5.61611162e-02 1.94726324e-03 -5.81558450e-02 2.82599925e-03 2.42379398e-03 1.30587204e-03
2.42396766e+02 -4.45062464e-02 -6.16366962e-02 -1.73947989e-02 4.19933744e-03 6.26314621e-04 1.17452634e-03
2.45116688e+02 -2.61312212e-02 1.91641668e-02 -4.21697076e-02 1.11227502e-03 1.61498150e-03 4.06464876e-03
2.47838938e+02 -9.96768425e-04 5.82468853e-02 -2.75865449e-02 1.34847383e-03 3.38188349e-04 2.89489085e-03
2.50550688e+02 1.48974552e-02 -1.49713659e-02 -3.19190098e-03 1.14037385e-03 1.49527628e-03 1.42728037e-03
2.53265375e+02 -8.24835551e-03 9.89509585e-03 -6.34592631e-02 2.62874011e-03 1.54688705e-03 2.38993975e-03
2.55987625e+02 -6.96968449e-03 -1.74637297e-03 -7.21132750e-02 2.44037352e-03 1.36246395e-03 1.54463832e-03
2.58705406e+02 4.82565776e-03 8.33364987e-03 -7.83826970e-03 2.25637757e-03 7.14338068e-04 2.00996534e-03
2.61419266e+02 2.56764171e-02 -1.56626387e-02 2.49465785e-02 1.46022598e-03 1.53891926e-03 1.89063452e-03
2.64123594e+02 7.92784686e-02 -1.47337009e-03 2.43016923e-02 4.32702494e-03 3.65110416e-03 1.16183818e-03
2.66827531e+02 1.00712970e-03 8.97797482e-03 7.54813396e-02 2.78754518e-03 1.62337085e-03 2.95220247e-03
2.69537748e+02 -6.86803878e-02 1.24817807e-02 5.19641318e-02 4.82989816e-03 1.19279124e-03 2.21252076e-03
