6.75760773e-01 8.30895910e-03 -1.13242165e-02 -1.96455992e-02 3.79059770e-03 3.96062176e-03 3.00237427e-03
3.39296729e+00 9.01038448e-03 -1.56618819e-02 -9.01164484e-03 2.54554635e-03 2.41687014e-03 2.78711273e-03
6.11720542e+00 8.51256653e-03 3.53949427e-02 2.26054743e-02 2.08867488e-03 7.21223229e-04 3.35710506e-03
8.83202745e+00 -1.34844031e-02 1.83344576e-02 3.74826301e-02 3.53178286e-03 1.53276219e-03 4.63022192e-03
1.15411353e+01 -9.47735089e-03 3.48295857e-02 4.30829968e-02 6.18034195e-03 1.55153909e-03 7.69699726e-04
1.42484759e+01 -4.25319201e-03 4.05766889e-02 3.15990512e-02 2.58671129e-03 1.61951400e-03 2.29982600e-03
1.69525509e+01 -6.22179430e-03 -5.98400746e-03 -4.21248651e-03 2.10561021e-03 1.78546305e-03 2.11982145e-03
1.96691712e+01 -4.13066838e-02 -1.03409441e-02 -3.92255811e-02 3.57694621e-03 4.93628441e-04 2.66509676e-03
2.23939884e+01 -7.96969554e-02 -3.70628728e-02 2.88740045e-02 3.26426936e-03 1.60091077e-03 6.40654144e-03
2.51054993e+01 -9.29158163e-02 -1.08684424e-02 8.21697583e-03 3.62214825e-03 1.40913072e-03 5.53655104e-03
2.78168790e+01 -4.50881324e-02 -6.15695364e-02 -4.04712913e-02 1.80068731e-03 2.31563862e-03 4.19774467e-03
3.05276446e+01 -2.49859013e-03 -4.11364120e-02 -2.69776369e-02 5.94140214e-03 1.34531260e-03 7.64053177e-03
3.32416853e+01 8.03255859e-03 -2.97219360e-02 7.23166177e-03 3.34243956e-03 8.67120260e-04 1.01162881e-03
3.59572634e+01 4.37327245e-03 3.59415900e-02 9.56348470e-03 4.35486094e-03 7.22140047e-04 4.76647377e-04
3.86760024e+01 7.31124068e-03 1.24680131e-02 3.61751321e-03 6.97243053e-03 1.16780761e-03 2.21325108e-03
4.13984415e+01 -2.57682744e-03 3.06315908e-02 3.53668686e-02 3.68321339e-03 1.84700627e-03 5.17449585e-03
4.41242118e+01 -2.54604877e-02 1.73097605e-02 7.17905714e-02 1.90275392e-03 6.99137852e-04 4.66501573e-03
4.68470571e+01 -2.38636680e-02 -5.32925205e-02 4.80504910e-02 2.04904009e-03 4.56770983e-03 3.18885536e-03
4.95656228e+01 -1.66444219e-02 -2.45474374e-02 1.38776102e-02 2.12417994e-03 1.32819958e-03 4.48121504e-03
5.22860118e+01 -1.81581043e-02 1.00473095e-03 7.93161041e-04 4.71769504e-04 9.89684718e-03 4.95853948e-03
5.50058712e+01 5.72744015e-03 -1.23526348e-02 4.16117374e-02 3.95269406e-03 4.07754067e-03 2.85988092e-03
5.77214212e+01 -8.18694941e-04 4.40758136e-03 8.21210166e-02 1.32177244e-03 9.27706664e-04 8.68897010e-03
6.04378915e+01 -1.09141236e-02 6.87764478e-02 8.84115111e-02 7.54869622e-04 4.94139877e-04 6.35946201e-03
6.31527806e+01 -3.64373986e-02 6.82071857e-02 7.44432721e-02 3.95683824e-03 3.68831053e-04 4.63142947e-03
6.58768071e+01 -3.32922715e-02 4.73223674e-02 1.96764107e-02 2.82299966e-03 2.61835987e-03 3.70099347e-03
6.85935728e+01 5.53439611e-03 6.85947288e-02 -2.82360260e-02 3.98295033e-03 1.26939365e-03 8.70111383e-03
7.13046149e+01 2.57929221e-03 4.48190665e-02 -8.74232570e-02 2.38653956e-03 2.51091324e-03 1.43965846e-03
7.40238071e+01 -3.24674737e-03 6.84290674e-02 -4.83261738e-02 1.95620559e-03 4.36710697e-03 1.29577736e-03
7.67405571e+01 -2.22785338e-02 3.96540617e-03 -1.48822185e-04 4.19861930e-04 2.23782746e-03 4.31128461e-03
7.94575384e+01 -2.27409237e-02 -3.17997388e-02 2.59503641e-02 1.46047752e-03 2.73290828e-03 2.17135105e-03
8.21744071e+01 -3.01814805e-02 -3.41523577e-02 1.92004153e-02 5.62220618e-03 1.65301058e-03 1.46392467e-03
8.49033618e+01 -8.28413069e-03 -9.78746058e-04 -3.25310112e-02 1.92870400e-03 1.50381886e-03 2.65048819e-03
8.76308821e+01 6.07113158e-03 -1.11451259e-02 -4.60213268e-02 3.83132081e-03 1.84137945e-03 2.59448396e-03
9.03458774e+01 -8.22514514e-03 1.92864057e-02 -3.84829100e-02 2.65306274e-03 6.73950512e-04 1.61499620e-03
9.30611118e+01 -5.66389914e-03 2.55307390e-02 2.36020306e-02 4.76307331e-03 1.54770672e-03 1.58618686e-03
9.57704900e+01 1.84706710e-02 2.78607021e-02 7.44230496e-03 3.92205669e-03 1.36837321e-03 1.39878814e-03
9.84768774e+01 1.25842634e-02 -1.02062535e-02 -1.03841597e-02 3.59370255e-03 9.65369192e-04 3.12807000e-04
1.01187110e+02 5.99736407e-03 -2.12249396e-02 -4.43292978e-02 3.49783226e-03 1.68263540e-03 3.00776200e-03
1.03896188e+02 -8.41639875e-04 -6.23299355e-03 -5.24459127e-02 2.55708592e-03 1.33223167e-03 2.21457254e-03
1.06604282e+02 7.88189356e-04 1.98637429e-02 3.76063069e-03 3.15156310e-04 6.72027573e-04 4.62553387e-03
1.09310985e+02 3.49131796e-02 6.58900745e-03 -1.24328631e-02 1.81748182e-03 1.34237590e-03 1.67258854e-03
1.12020188e+02 4.32971141e-02 -3.21500472e-02 -3.06208116e-02 1.98808026e-03 2.69458917e-03 4.93951311e-03
1.14726126e+02 3.60338717e-02 -8.68436903e-03 -2.00474067e-02 2.97460849e-03 1.95102032e-03 2.41098472e-03
1.17445095e+02 8.00904958e-03 2.78028435e-02 2.11323989e-02 6.47667624e-04 2.13334408e-03 2.74157907e-03
1.20149345e+02 3.39698868e-03 4.05021592e-02 6.45196996e-03 1.14247119e-03 1.04803441e-03 5.32617781e-03
1.22861657e+02 4.73886641e-03 2.97493842e-02 -5.49094974e-02 2.11728783e-03 1.67653931e-03 1.37063838e-03
1.25579704e+02 7.12694808e-03 3.26923628e-02 -9.47029547e-02 3.09532333e-03 7.26057254e-04 1.52241525e-03
1.28291329e+02 2.68606513e-02 -4.44796430e-03 -1.35797361e-01 1.35358521e-03 1.63649861e-03 3.48694879e-03
1.31019938e+02 4.66423910e-03 -1.00874449e-02 -1.19949778e-01 2.56525536e-03 1.03685737e-03 4.10701381e-03
1.33746298e+02 -2.94265701e-02 1.41137259e-02 -4.45213905e-02 2.74662221e-03 8.62954840e-04 1.39415396e-03
1.36476423e+02 -2.22395943e-02 5.46541226e-03 -2.60584108e-03 3.76007840e-03 3.62030882e-03 1.52765990e-03
1.39194970e+02 -2.17462932e-02 -4.56774306e-02 -3.08551885e-02 4.80867991e-03 6.09394384e-04 2.47682644e-03
1.41919204e+02 3.29924378e-04 -6.84310404e-02 -2.84091759e-02 3.03566514e-03 7.90070184e-04 1.50337729e-03
1.44645298e+02 -1.82117152e-02 -4.87663123e-02 -1.38027367e-02 6.31579317e-04 9.59053870e-04 1.62145253e-03
1.47354142e+02 -2.35453468e-02 1.46604401e-02 -1.44888691e-02 1.13224489e-03 5.89241232e-04 6.14156627e-03
1.50068595e+02 -1.94851486e-02 5.86434507e-02 -1.05122700e-02 3.53993813e-03 2.39031589e-03 5.10994377e-04
1.52771313e+02 -2.84674073e-03 4.57744635e-02 -8.98092977e-03 9.49721253e-04 1.98648624e-03 5.11775784e-03
1.55478860e+02 -2.01334024e-02 3.42648786e-02 1.90602861e-02 6.21079617e-03 7.91799905e-04 3.39598299e-03
1.58189298e+02 -4.63387175e-02 2.48003370e-02 3.74554029e-02 5.82064986e-03 2.64404643e-03 3.65470557e-03
1.60895173e+02 -2.33167479e-02 -1.80447383e-02 4.70017673e-02 4.34182614e-03 1.16929640e-03 2.71179174e-03
1.63602282e+02 -7.63391875e-03 -9.84362548e-03 5.22980478e-03 6.19691403e-03 3.39677932e-03 4.05746837e-03
1.66322642e+02 -1.62175782e-02 -1.10689763e-02 -3.81990495e-02 3.35628310e-03 7.93528710e-04 3.06345883e-03
1.69048970e+02 -5.06989720e-02 2.59390855e-02 -3.00815096e-02 1.25155830e-03 3.70848602e-03 8.35967888e-04
1.71767470e+02 -1.40214270e-02 -4.84053157e-04 -4.98218221e-02 1.41196408e-03 1.58595645e-03 2.29710112e-03
1.74488251e+02 7.58133374e-04 6.70453526e-03 -4.87505766e-02 5.06398816e-03 2.18016165e-03 6.79187112e-03
1.77214032e+02 6.41009378e-04 -1.16376262e-02 -4.57189905e-02 2.10769256e-03 2.75657560e-03 2.70292261e-03
1.79938392e+02 -5.22171681e-02 -3.34525024e-02 -2.42279261e-02 2.47820006e-03 7.29660539e-04 1.79873985e-03
1.82661142e+02 -9.93616846e-02 -3.06579074e-02 3.62336221e-05 1.98325618e-03 1.49185516e-03 3.13970236e-03
1.85376860e+02 -1.15704176e-01 1.76653724e-03 -1.51702535e-02 3.39229818e-03 1.73475762e-03 1.41102100e-03
1.88090438e+02 -6.50025438e-02 -3.96902187e-02 -1.20759637e-02 3.01757838e-03 1.62256898e-03 3.54257898e-03
1.90799657e+02 -3.54731105e-03 -8.92375270e-02 -1.14526617e-02 5.13124465e-03 8.17374487e-04 1.25034010e-02
1.93516298e+02 3.38143323e-02 -8.80071276e-02 -1.50559236e-02 5.13722789e-03 4.17262803e-03 5.40088606e-03
1.96234079e+02 4.84759955e-02 -3.25385122e-02 -4.59250534e-02 3.03624772e-03 2.69713350e-03 8.78713480e-04
1.98956360e+02 2.87354059e-02 -5.04423231e-02 -3.46250332e-02 5.75964615e-03 5.95829692e-04 3.95855606e-03
2.01675907e+02 4.56694695e-02 -4.48366417e-02 3.08145127e-02 3.87729808e-03 2.21420837e-03 2.60635808e-03
2.04397032e+02 6.62919995e-02 -5.86803083e-02 5.96887798e-02 4.85683390e-03 9.12372691e-04 2.58487650e-03
2.07110157e+02 6.01534901e-02 -3.48494710e-02 6.13771792e-02 8.74102472e-03 1.41656386e-03 2.58091189e-03
2.09824204e+02 4.10597425e-02 5.41991361e-03 4.93018949e-02 5.17881002e-03 1.03512364e-03 1.48230942e-03
2.12537110e+02 3.50019263e-02 2.37789051e-02 -1.26847057e-03 5.98201320e-03 1.87897874e-03 2.94777147e-03
2.15257188e+02 4.32486230e-04 3.88889440e-04 4.20618527e-04 3.45626919e-03 1.99510046e-03 3.11237560e-03
2.17978376e+02 2.50736003e-03 7.03429840e-02 -8.04825865e-03 4.40448191e-03 5.18748855e-04 5.82829067e-03
2.20700610e+02 4.97235372e-02 1.17479548e-01 -5.48290659e-02 1.72665454e-03 1.84265621e-03 2.79797812e-03
2.23415470e+02 7.52699109e-02 5.04824876e-02 -1.00147103e-01 4.03011982e-03 1.59979189e-03 1.36569428e-03
2.26141204e+02 3.69978261e-02 -1.21052116e-03 -1.04141394e-02 4.97094291e-03 1.28468862e-03 1.77800838e-03
2.28847579e+02 2.30970577e-02 -6.90106706e-02 8.06966055e-02 4.59661277e-03 7.54902231e-04 4.28035641e-03
2.31547376e+02 2.91559585e-02 -5.21837012e-02 4.41255349e-02 1.84590894e-03 1.02006216e-03 5.10654068e-03
2.34255985e+02 1.69948107e-02 -4.45532597e-03 1.69905247e-02 6.75899599e-03 1.04831913e-03 2.57171256e-03
2.36963767e+02 -3.55465045e-02 4.42503371e-03 -1.15751410e-02 1.14241457e-03 3.91576731e-04 2.47330851e-03
2.39680517e+02 -4.90976637e-02 1.30722862e-02 -4.48065249e-02 3.18800826e-03 2.00544788e-03 1.84642785e-03
2.42399017e+02 -1.48962209e-02 -1.15684364e-02 -4.60679727e-02 5.49797996e-03 7.10795800e-04 2.31034322e-03
2.45118251e+02 1.32286146e-02 -3.32535232e-02 -5.49942453e-02 4.49766870e-03 8.33403823e-04 1.64613169e-03
2.47827235e+02 7.07511583e-02 -1.93810441e-02 -6.80936604e-02 1.02488488e-02 1.18303248e-03 6.58338504e-03
2.50542188e+02 5.77201708e-02 9.98869962e-03 -2.80368627e-02 5.02611676e-03 1.82617469e-03 9.85072685e-04
2.53253673e+02 2.84064877e-02 1.16646870e-03 -1.96659950e-02 4.78218667e-03 7.91465651e-04 2.17952329e-03
2.55968001e+02 1.84403391e-02 2.43750495e-02 2.89928139e-02 3.95153852e-03 5.90970015e-04 1.58585659e-03
2.58680345e+02 2.99709168e-02 1.74892517e-02 2.63886460e-02 2.49392489e-03 1.09402701e-03 7.28282831e-03
2.61398923e+02 2.97307620e-02 3.16576399e-03 -4.41153850e-02 5.04115507e-03 1.88402782e-03 3.20074218e-03
2.64110048e+02 3.01846834e-02 -1.03042264e-02 -4.46454604e-02 3.49865802e-03 2.68827234e-03 1.76247711e-03
2.66815954e+02 3.22503110e-02 -5.84077693e-02 -4.07113003e-02 3.90335989e-03 1.21223409e-03 7.55974667e-03
2.69537684e+02 5.12432183e-03 -2.35333175e-02 -2.30482392e-02 1.71116161e-03 2.98463910e-03 1.63050345e-03
