6.69269117e-01 -1.88223575e-02 -2.23633675e-02 -5.70840499e-03 3.17188161e-03 4.76490469e-03 1.14778251e-03
3.38323886e+00 -6.86711389e-03 -5.33162034e-02 4.61472640e-02 2.35425302e-03 1.57336787e-03 3.90089738e-04
6.09939933e+00 -1.56698808e-02 -2.53783431e-02 6.41442199e-02 1.29580072e-03 1.52038917e-03 1.15525979e-03
8.81655542e+00 -2.50139764e-02 -3.37317936e-02 4.05885217e-02 1.12250265e-03 1.17005292e-03 1.09963254e-03
1.15334678e+01 -2.26438964e-02 -4.13198969e-02 3.93149559e-03 1.92747048e-03 7.00768245e-04 2.00866070e-03
1.42538193e+01 -1.06968734e-02 -5.75462540e-02 1.49730037e-02 1.71415078e-03 6.57943156e-03 1.90447903e-04
1.69692646e+01 3.18317163e-03 -5.19610340e-02 5.60585072e-02 3.44843203e-03 1.45979919e-03 1.60029880e-03
1.96877740e+01 1.08558465e-02 -6.25399964e-03 3.75366662e-02 2.25958470e-03 1.49622239e-03 1.16665475e-03
2.23963521e+01 9.75693424e-03 -3.11268012e-02 -1.25394544e-02 1.67557994e-03 7.41404139e-04 1.76205224e-03
2.51186646e+01 7.94001170e-03 -3.26781545e-02 1.27857030e-02 2.90505031e-03 4.70124281e-04 4.84717001e-04
2.78355928e+01 3.44560916e-03 -1.06568458e-02 1.28879274e-02 6.60333121e-04 1.69921577e-03 1.14429467e-03
3.05529974e+01 1.53934472e-03 4.93837767e-02 3.24970911e-02 1.21621729e-03 7.03189617e-04 1.32824918e-03
3.32711865e+01 9.32892647e-03 1.89349917e-02 5.07485157e-02 2.55460858e-04 1.65016772e-03 9.73449234e-04
3.59873459e+01 1.35576088e-02 7.23285783e-04 1.28801596e-02 3.25225818e-04 1.06660206e-03 1.30200075e-03
3.87042771e+01 2.27044691e-02 -7.63510916e-03 -3.55629483e-02 8.19986874e-04 1.01698019e-03 1.04181386e-03
4.14181600e+01 2.46949694e-02 -6.58738456e-03 -2.57708528e-02 1.29065276e-03 2.49486440e-03 7.97666735e-04
4.41343256e+01 2.27035250e-02 -2.95383843e-03 -1.42717684e-02 2.26511140e-03 9.95431559e-04 2.40432752e-03
4.68526943e+01 1.82985219e-02 -2.33999831e-02 -7.50853827e-03 5.40402610e-03 1.61998753e-03 1.05662810e-03
4.95755287e+01 1.08994201e-02 -8.04435350e-03 -1.01792635e-04 1.54276011e-03 9.68351632e-04 2.68152798e-03
5.22919490e+01 1.53316467e-02 5.48871438e-04 -1.82225361e-02 2.98565099e-03 2.40571200e-03 2.03313874e-03
5.50127646e+01 -2.25022125e-03 -2.66012071e-03 -1.69317791e-03 2.10774142e-03 7.86679720e-04 2.31087589e-03
5.77265803e+01 2.14494091e-04 2.03900353e-02 6.19338625e-03 1.99829951e-03 8.33232879e-04 2.47197657e-03
6.04390537e+01 7.22552896e-03 7.43548732e-03 -1.41400089e-02 1.81809923e-03 8.43893838e-04 2.61587922e-03
6.31528240e+01 -2.54796326e-03 4.03235107e-03 1.66274882e-02 3.22610987e-03 2.12730821e-03 3.63931438e-03
6.58795724e+01 -4.95242563e-03 4.35404454e-03 1.60023259e-02 1.81817291e-03 2.04756893e-04 1.94493786e-03
6.85938709e+01 1.03555829e-03 2.31389302e-02 7.94586051e-03 7.49518069e-04 5.67360405e-04 2.28551757e-03
7.13131412e+01 -2.20843007e-03 2.90707075e-02 3.63170289e-02 9.21529187e-04 1.00994075e-03 3.91342040e-03
7.40296631e+01 6.38885479e-03 5.68105339e-03 3.63587651e-02 1.54542831e-03 4.22242300e-03 1.94746296e-03
7.67511490e+01 1.38860151e-02 -8.45866686e-03 1.71019211e-02 1.18027506e-03 8.67612846e-04 3.51008027e-03
7.94661537e+01 2.92249729e-02 4.74438154e-02 -1.59134455e-02 1.65310639e-03 3.22111150e-03 3.71019505e-03
8.21858881e+01 3.97337636e-02 3.84804428e-02 -6.24502109e-03 1.19519664e-03 1.02909889e-03 4.26947766e-03
8.49023396e+01 2.94693239e-02 1.50828349e-02 3.87656065e-02 2.89769247e-03 9.34086198e-04 3.66086929e-03
8.76108803e+01 2.90244053e-02 -3.92570968e-03 3.37940738e-02 4.33005719e-03 2.95755817e-04 3.62909622e-03
9.03226381e+01 3.48358939e-02 -1.83705118e-02 1.07122091e-02 2.98738966e-03 1.48595779e-03 4.01823972e-04
9.30425303e+01 1.97620935e-02 1.10277365e-02 1.04921384e-02 6.25753100e-04 1.71178913e-03 1.36464144e-03
9.57596193e+01 1.51661942e-02 4.67184668e-02 1.32920085e-02 1.86033661e-03 2.16480248e-03 4.46681466e-03
9.84752600e+01 1.65996115e-03 -1.55054388e-02 1.87531369e-02 2.34646157e-03 1.82689188e-03 4.30803392e-04
1.01191954e+02 6.70206467e-03 -5.18196202e-02 3.62689536e-02 2.45102500e-03 2.72402401e-03 1.41630881e-03
1.03900704e+02 2.99136428e-02 -1.74179268e-02 3.44040940e-02 2.82011855e-03 9.95567428e-04 9.55968512e-04
1.06620110e+02 1.44232069e-02 -2.24527760e-02 3.76130256e-02 2.59114838e-03 1.27301598e-03 1.90784991e-03
1.09333891e+02 8.20009474e-03 -1.11360037e-02 2.36014206e-02 4.99341643e-04 6.12831503e-04 1.10349981e-03
1.12042438e+02 -7.86808720e-03 -1.42538212e-03 1.89744862e-02 4.51725893e-03 2.42928335e-03 2.36677418e-03
1.14758751e+02 -7.48663085e-03 -1.06733628e-02 3.33820503e-02 3.45485385e-03 2.52092916e-04 1.73559014e-03
1.17476969e+02 -3.36519726e-03 -5.34045863e-02 2.23986496e-02 2.88804906e-03 1.38182696e-03 2.03004051e-03
1.20184219e+02 5.45313384e-03 -2.57362831e-02 4.02270693e-03 1.36537315e-03 6.15813279e-04 2.24026514e-03
1.22903407e+02 2.79373292e-02 -1.58493885e-02 1.24023838e-02 1.19056698e-03 1.20985516e-03 2.25934901e-03
1.25622110e+02 2.10857396e-02 2.08399010e-02 1.30458711e-02 2.37156897e-03 2.25509664e-03 2.59931063e-03
1.28342610e+02 2.56753926e-02 -3.10282538e-02 2.82355156e-02 1.49171929e-03 2.88963235e-03 1.85655684e-03
1.31053547e+02 1.44818826e-02 -5.66690314e-02 4.63676956e-03 2.45978933e-03 2.17656481e-03 2.05822985e-03
1.33766704e+02 -9.03603014e-04 -5.86160970e-02 5.67937523e-03 2.36839061e-03 2.60247884e-04 1.58202055e-03
1.36481094e+02 5.40223353e-03 -3.78592627e-02 -3.45894307e-02 1.66555654e-03 3.01844753e-03 1.34870392e-03
1.39190360e+02 1.10588386e-02 -1.72808929e-02 -2.69269943e-02 1.40630306e-03 3.21575261e-03 1.79600193e-03
1.41908344e+02 7.72546726e-05 -4.16924139e-02 2.88971855e-03 1.10998908e-03 1.32058539e-03 2.29844589e-03
1.44626407e+02 -3.07492967e-03 -7.26599207e-02 3.33392389e-02 1.88856399e-03 1.63966747e-03 1.62072225e-03
1.47350594e+02 -2.57532874e-02 -6.19118164e-02 2.84042544e-02 2.86762771e-03 1.44667147e-03 4.42591526e-03
1.50062969e+02 -5.73651979e-03 -5.45673915e-02 -3.51932996e-02 3.42994078e-03 1.07511921e-03 3.76526073e-03
1.52788938e+02 -2.24714260e-02 -2.71346745e-02 -2.21534438e-02 4.77350170e-03 1.27481737e-03 3.33582460e-03
1.55500501e+02 2.10469126e-03 -3.55347050e-02 4.30087101e-02 2.92325864e-03 3.25320192e-03 2.02426220e-03
1.58216251e+02 2.55780977e-02 -6.22722141e-02 1.45500547e-02 2.58612517e-03 5.74083594e-04 4.80504967e-03
1.60927547e+02 3.16673003e-02 -7.52882070e-02 -4.56991974e-02 4.76997399e-03 1.80499649e-03 6.64237855e-04
1.63646657e+02 1.18511940e-02 -6.19282985e-02 -4.89197849e-02 3.07319187e-03 7.53435398e-04 1.48075505e-03
1.66370891e+02 -3.94352857e-02 -5.08654992e-02 -2.49274025e-02 4.31535912e-03 9.87873504e-04 2.36883911e-03
1.69079047e+02 -1.14777491e-02 -4.55572613e-02 -2.48354103e-02 1.57082066e-03 1.21164728e-03 1.68389611e-03
1.71801735e+02 -2.90768189e-02 -3.53814639e-02 -6.06459217e-03 2.33732896e-03 4.76846181e-04 2.29650465e-03
1.74516376e+02 -2.09156675e-02 -3.32223567e-02 -1.99198528e-02 2.96824759e-03 2.06777129e-03 4.25694834e-03
1.77229376e+02 -1.05322020e-02 2.08190246e-02 -1.11341579e-02 3.80363608e-03 9.03865327e-04 8.21541243e-03
1.79950282e+02 1.59985202e-02 -2.46883064e-02 -2.48756915e-03 2.32607056e-03 2.88371760e-03 3.06544318e-03
1.82665204e+02 4.40945525e-02 -1.74738051e-02 -4.00182591e-02 2.47125192e-03 2.62055113e-03 1.62276927e-03
1.85389485e+02 1.59312426e-03 -2.19076845e-02 -2.75481269e-02 6.80358152e-04 7.76152488e-03 4.62195712e-03
1.88103485e+02 6.85771597e-03 -1.06264205e-03 -1.92325721e-02 2.72687005e-03 1.76500263e-03 2.58261715e-03
1.90820672e+02 -1.25818089e-02 2.87297605e-02 -3.70195506e-02 2.42934544e-03 1.37838067e-03 4.70320410e-03
1.93542547e+02 -2.68570025e-02 2.97325622e-03 1.66137516e-02 7.55165682e-04 1.61759594e-03 1.16240181e-02
1.96259047e+02 -3.54899566e-02 -4.87758891e-03 3.12632755e-02 2.04665582e-03 3.34555001e-03 5.87138062e-03
1.98967001e+02 -8.84662132e-04 2.68356682e-02 -1.02398065e-02 1.59471770e-03 8.45995336e-04 1.60715377e-03
2.01680391e+02 4.32493194e-02 2.36349081e-02 -5.84204541e-02 2.80168936e-03 7.42870736e-04 2.73064100e-03
2.04390454e+02 6.62335060e-02 -3.62119542e-02 -5.95029217e-02 1.38555765e-03 5.34724133e-04 1.72044355e-03
2.07110001e+02 4.78110297e-02 -1.45048128e-02 2.43081078e-02 5.68934701e-03 1.79535893e-03 1.91824345e-03
2.09827266e+02 1.31483334e-02 -1.37745830e-02 3.08234243e-03 2.86375233e-03 1.93281641e-03 3.80082339e-03
2.12542391e+02 3.18790239e-02 -2.85297522e-02 -3.55860971e-02 2.80719719e-03 2.82618304e-03 1.76343496e-03
2.15261751e+02 3.76625751e-02 -6.88889921e-02 1.65955157e-02 1.60051949e-03 1.91821450e-03 5.48845547e-03
2.17976516e+02 4.27237926e-02 -5.44539061e-02 6.25295022e-04 2.05900169e-03 5.36846776e-03 4.64816887e-03
2.20694047e+02 2.74115357e-02 -4.00890142e-02 -2.69041765e-02 3.23986010e-03 5.55125517e-04 2.52369828e-03
2.23414782e+02 9.00754698e-03 -5.43360617e-03 -1.46643211e-02 5.46318302e-03 2.26437407e-03 1.49676749e-03
2.26125860e+02 6.10809728e-03 -1.49341267e-02 1.60509938e-02 6.50137770e-03 1.35090822e-03 3.75677307e-03
2.28846735e+02 1.67977574e-03 -1.33326498e-02 7.85414911e-02 3.62737803e-03 1.61620847e-03 7.61182791e-03
2.31568094e+02 -2.02947291e-02 -2.66083456e-02 2.78928401e-02 4.71375571e-03 2.40675976e-03 2.13453496e-03
2.34284172e+02 2.09631110e-02 -3.11402275e-02 -2.45731781e-02 7.92272927e-03 1.34663470e-03 4.16058703e-03
2.36995735e+02 5.00935189e-02 -1.96208133e-02 -1.53316427e-02 1.12381739e-03 3.78568527e-03 2.72507735e-03
2.39711672e+02 4.38082235e-02 -4.28506543e-03 1.18406287e-02 3.54985436e-03 1.03038703e-03 8.70309855e-04
2.42430954e+02 -1.19506369e-02 -2.55428302e-02 3.75092677e-02 4.51356589e-03 2.77907510e-03 2.29071187e-03
2.45145001e+02 -1.99652708e-02 1.66447459e-02 3.30882283e-02 4.15042447e-03 1.08983991e-03 2.84600151e-03
2.47863329e+02 -3.50245570e-02 1.73648120e-02 -1.24919951e-02 1.72269512e-03 1.12034303e-03 2.36908907e-03
2.50574422e+02 -1.44579526e-02 8.17271167e-03 -3.72951929e-02 1.41908622e-03 1.45574080e-03 8.38934974e-04
2.53294001e+02 -4.33536406e-02 6.52909234e-03 8.96754051e-03 3.67751587e-03 8.58494011e-04 2.63732558e-03
2.56003516e+02 -1.87702632e-02 -4.63121403e-02 4.27457802e-03 3.99723792e-03 2.47193518e-03 1.77636865e-03
2.58720485e+02 1.64397535e-03 -1.92635267e-02 1.23793112e-02 1.12536228e-02 1.75241887e-03 2.93728081e-03
2.61438172e+02 2.26702609e-02 -1.91032187e-03 7.26668427e-03 3.62611205e-03 3.26063503e-03 2.46896249e-03
2.64153985e+02 -1.71725067e-03 -4.31826467e-03 -1.62224737e-02 4.81181823e-04 2.55740643e-03 1.54232122e-03
2.66869219e+02 -1.81818843e-02 1.97192805e-02 5.05906554e-04 2.00858512e-03 1.63433940e-04 2.52961053e-03
2.69582192e+02 -3.32581989e-02 5.55154800e-03 -9.30366701e-03 3.08126705e-03 5.76014783e-04 1.22623717e-03
