6.81390316e-01 -2.83252687e-02 -1.86605588e-02 2.00041119e-02 5.84871633e-03 1.47109491e-03 3.96780092e-03
3.38017429e+00 -2.96730690e-02 1.15707446e-02 -9.14112528e-03 1.02909679e-02 2.25241855e-03 2.67702710e-03
6.09048694e+00 -1.63840829e-02 -5.21730101e-03 6.70393097e-03 4.31451257e-03 5.11035778e-03 4.94768319e-03
8.80611289e+00 -9.28636785e-03 -2.66797277e-02 2.48232637e-03 3.13282955e-03 2.17842069e-03 3.02198234e-03
1.15143680e+01 -2.62285632e-03 2.19898797e-02 -8.62384669e-04 1.35402100e-03 1.22908440e-03 2.13799075e-03
1.42311977e+01 -3.39414186e-02 2.80390643e-02 5.19346831e-02 2.86808938e-03 1.08603620e-03 1.97150215e-03
1.69469024e+01 -3.91973769e-02 -6.98061151e-03 3.50701083e-02 2.44507059e-03 1.73373545e-03 2.71426938e-03
1.96638680e+01 -3.34811828e-02 -1.53131758e-02 1.17682665e-03 1.13738243e-03 1.07299661e-03 2.46918693e-03
2.23918274e+01 -2.19030239e-02 -5.27140741e-02 4.27112024e-02 1.69426405e-03 1.55339123e-03 4.35920636e-03
2.51085462e+01 -3.91456313e-02 -4.99752641e-02 9.98270062e-03 1.41101266e-03 1.49785498e-03 2.10596466e-03
2.78269602e+01 -3.62195024e-02 -5.71767659e-03 -2.06871232e-02 1.70165107e-03 1.03100478e-03 1.15008552e-03
3.05359384e+01 -1.18329447e-02 4.50072109e-02 -4.94148772e-02 4.93267188e-03 1.72941987e-03 1.19798889e-03
3.32447024e+01 -1.01926512e-02 5.02059574e-02 -4.30153041e-02 4.03293241e-03 1.26140088e-03 1.11841749e-03
3.59619384e+01 -3.98664190e-03 2.21665227e-02 -1.19142700e-02 3.06099902e-03 2.56875405e-03 1.13809481e-03
3.86857415e+01 3.37786362e-03 1.85860083e-02 1.37834334e-02 1.38583559e-03 1.92788256e-03 1.81812605e-03
4.14075352e+01 -5.48028623e-03 -7.89335698e-03 -1.54786626e-03 1.29711225e-03 9.00026855e-04 4.12824490e-03
4.41242524e+01 6.14888750e-03 -1.33274461e-02 -1.72617182e-02 2.73229832e-03 2.12830996e-03 3.28262736e-03
4.68375540e+01 7.54313392e-03 -7.20236982e-03 4.20513327e-03 3.32600397e-03 3.07438159e-03 1.24316929e-03
4.95589540e+01 -1.63052937e-02 -1.53941660e-03 2.64701886e-02 2.26531985e-03 2.38782810e-03 2.03289349e-03
5.22703759e+01 2.85673717e-03 -1.07786138e-02 2.20371762e-02 5.69926657e-03 3.47826344e-03 9.52469652e-04
5.49913821e+01 2.34162718e-03 5.67969873e-03 2.55900773e-02 1.30060568e-03 1.57788954e-03 1.58757682e-03
5.77136415e+01 -2.89802921e-02 1.83280437e-02 3.27936182e-02 3.85740762e-03 1.91973597e-03 9.46024270e-04
6.04393462e+01 -6.65373443e-02 4.83094291e-03 5.49117752e-02 1.88665112e-03 1.57187892e-03 9.13495043e-04
6.31593477e+01 -3.64867332e-02 -2.25276025e-02 3.38871377e-02 2.99241566e-03 1.01801900e-03 1.19328106e-03
6.58792696e+01 -1.48218215e-02 -3.11192110e-02 2.16067499e-02 6.42356376e-03 1.94558366e-03 1.89948430e-03
6.86031759e+01 -2.16112282e-02 -2.57418375e-02 4.72644824e-03 4.71071789e-03 5.69590108e-04 2.74221462e-03
7.13229040e+01 -3.87557279e-02 -4.57583897e-02 8.06961127e-04 1.85995657e-03 8.22268822e-04 4.31712842e-03
7.40473227e+01 -3.74005343e-02 -1.13159994e-02 -1.26759263e-02 6.31452802e-04 1.46583790e-03 2.59565605e-03
7.67540274e+01 -1.88607427e-02 6.15473284e-02 -1.38006326e-02 1.39036299e-03 1.18217680e-03 4.86245910e-03
7.94656383e+01 5.50883221e-02 6.96278102e-02 -6.29837353e-03 4.10825478e-03 7.01940593e-04 1.16102276e-03
8.21727321e+01 3.61900997e-02 -1.35087372e-02 -6.05897937e-03 1.47576475e-03 1.21252825e-03 2.16308671e-03
8.48809102e+01 1.81234593e-02 -7.35172498e-02 -2.23050915e-02 7.02962962e-04 2.42992079e-03 2.87792151e-03
8.76007805e+01 3.05369353e-03 -2.68406319e-02 -5.07322082e-02 1.19853023e-03 1.12666683e-03 3.78398722e-03
9.03030665e+01 -5.32212711e-03 2.04276079e-02 -5.88965342e-02 2.10151525e-03 6.29704756e-04 1.52605391e-03
9.30198180e+01 -1.96770499e-02 -2.54369425e-02 -3.17703287e-02 2.31554580e-03 2.05245332e-03 1.58675154e-03
9.57358165e+01 1.27634427e-03 3.97358497e-03 2.02910218e-02 1.64845851e-03 6.75988315e-04 1.03765536e-03
9.84474040e+01 8.36041472e-03 4.05037850e-02 -4.97052152e-03 2.71036646e-03 1.23991449e-03 1.18894920e-03
1.01166041e+02 -5.85789440e-03 8.08100991e-03 -1.28096449e-02 2.37645055e-03 1.62402556e-03 3.07427393e-03
1.03878729e+02 6.38862648e-04 -2.94166242e-02 -2.49637900e-02 2.56183242e-03 3.23320220e-04 7.18805908e-03
1.06596416e+02 1.58294623e-02 -5.40796874e-02 1.44168882e-02 2.62336160e-03 2.58948814e-03 3.18130462e-03
1.09313166e+02 6.23729919e-03 -2.33674608e-02 5.77845077e-02 3.69247245e-03 2.19753412e-03 1.83303911e-03
1.12031448e+02 -1.71148010e-02 -9.42594575e-03 5.75561692e-02 2.18160257e-03 1.05041922e-03 4.79677768e-03
1.14755291e+02 -1.76405912e-02 -2.94602539e-02 3.89875162e-02 2.33094682e-03 1.67159546e-03 1.77956574e-03
1.17467916e+02 -9.85553400e-04 -7.31104157e-03 -8.77554244e-03 2.09253548e-03 3.64640508e-03 1.78647897e-03
1.20188807e+02 3.17852857e-02 2.68478918e-02 -2.66037525e-02 3.11842768e-03 1.52052458e-03 4.77493344e-03
1.22905088e+02 4.64863859e-02 5.83595231e-02 -9.20463064e-02 2.01522823e-03 3.06245594e-03 7.14565638e-04
1.25624557e+02 2.23568586e-02 1.02037446e-02 -7.64302082e-02 1.61690892e-03 1.95526335e-03 1.94099468e-03
1.28336182e+02 8.07991305e-04 4.16780688e-02 -7.01132327e-02 2.92822601e-03 1.18732117e-03 4.28231707e-03
1.31047776e+02 -2.01952398e-03 6.20817582e-02 -1.08612556e-02 2.17411841e-03 2.56552369e-03 4.02246841e-03
1.33755104e+02 -3.80255274e-02 2.64251163e-02 4.03999481e-03 2.20235690e-03 4.20033376e-03 3.95869168e-03
1.36459479e+02 -9.65952926e-03 -1.08830476e-02 -4.00313560e-02 2.21689704e-03 2.11208579e-03 1.81240997e-03
1.39171745e+02 -1.15163345e-02 -5.02791537e-04 -6.74505813e-02 2.62482007e-03 1.25644181e-03 1.29376673e-03
1.41878838e+02 -1.90434981e-02 2.41482514e-02 -7.19532074e-02 3.01859288e-03 5.47863528e-04 1.95560283e-03
1.44600885e+02 -6.08047757e-03 5.86066170e-02 -2.56777507e-02 4.14752797e-04 1.87533915e-04 2.56620723e-03
1.47313916e+02 -4.39749771e-02 5.13170070e-02 1.92358412e-02 2.16068621e-03 1.02942078e-03 5.10107814e-03
1.50033370e+02 -4.14682063e-02 3.00038997e-02 1.71099462e-02 3.10917867e-03 1.43944207e-03 3.46474049e-03
1.52752526e+02 -2.13930293e-02 5.29431751e-02 7.63172093e-03 1.90437355e-03 1.84944958e-03 3.63236335e-03
1.55471838e+02 -3.78280242e-03 8.11204584e-02 5.90699860e-02 1.65644548e-03 5.64649655e-04 1.03772144e-03
1.58183073e+02 8.18138897e-03 5.57557714e-02 3.82876744e-02 5.87453381e-04 1.44102133e-03 2.05648809e-03
1.60903088e+02 -2.65702814e-02 -8.65943118e-03 3.21520330e-02 2.14466347e-03 1.02821533e-03 4.24961477e-03
1.63615807e+02 -1.98826498e-02 2.76112112e-02 2.82284517e-02 1.54591248e-03 3.74249336e-04 5.05008434e-03
1.66333307e+02 3.40494823e-03 2.40169697e-02 1.59813062e-02 3.51753706e-03 6.33713273e-03 3.39116090e-03
1.69037901e+02 4.12428384e-02 1.47134918e-02 -5.25708444e-02 1.13084691e-03 6.79482676e-04 3.81070345e-03
1.71750385e+02 -2.89604379e-02 -2.82687124e-02 -6.71006084e-02 1.37548357e-03 3.85149732e-03 7.29371996e-04
1.74466323e+02 -8.85531945e-02 -5.05543198e-04 -6.30731578e-02 1.33846324e-03 3.73962782e-04 1.96689604e-03
1.77184588e+02 -7.66765108e-02 -1.84121517e-02 -4.71406768e-02 2.51623699e-03 1.27868305e-03 4.51643546e-03
1.79907088e+02 -4.76974627e-02 1.88743377e-02 -4.77592015e-02 2.26234532e-03 1.33954567e-03 4.73858431e-03
1.82633026e+02 -3.58019325e-02 1.49918168e-02 -4.40417855e-02 2.75075859e-03 8.85858694e-04 5.21605030e-03
1.85369885e+02 -4.41162046e-02 1.28213921e-02 -1.67718456e-02 5.14806118e-03 2.77136055e-03 2.81700672e-03
1.88084948e+02 2.92848956e-04 5.22243286e-02 -2.85004307e-02 2.22868705e-03 3.34106658e-03 4.87618255e-03
1.90803932e+02 3.61509287e-02 7.87317333e-02 -5.62728428e-02 1.34072880e-03 4.22181019e-03 2.26068449e-03
1.93526291e+02 1.73401158e-02 5.91449560e-02 -1.36432205e-02 2.75016203e-03 4.12999596e-04 3.78841309e-03
1.96239307e+02 1.04450463e-02 -3.27455626e-03 3.57250351e-02 4.57344282e-03 9.73834115e-04 5.72853681e-03
1.98957526e+02 -2.72244078e-02 -9.23169068e-02 2.66063347e-02 4.18131424e-03 1.21044997e-03 4.09980529e-03
2.01670354e+02 -1.10925378e-02 -3.64690936e-02 -3.79906698e-02 2.10834123e-03 4.69830361e-03 4.53890932e-03
2.04390151e+02 2.22727884e-02 4.22988439e-02 -1.67983618e-02 4.79243505e-03 2.90823676e-03 4.20544058e-03
2.07098713e+02 4.62913644e-02 2.40089264e-02 4.31664099e-02 6.18002535e-03 3.12522151e-03 1.38508859e-03
2.09812541e+02 5.81642859e-02 6.76043745e-03 1.25766673e-02 2.55724774e-03 5.62457136e-03 4.42453865e-03
2.12528901e+02 7.12037667e-02 -1.71145201e-02 -9.57395012e-03 5.11226096e-03 1.45667627e-03 9.81615746e-03
2.15239182e+02 8.26199421e-02 5.87687518e-02 7.80262138e-03 7.25021687e-03 5.93205596e-04 4.83977086e-03
2.17948745e+02 6.27789260e-02 8.52643416e-02 2.34615119e-02 8.41543758e-03 1.20841295e-03 5.29665068e-03
2.20655448e+02 5.93910584e-02 6.93151441e-02 2.96165563e-02 1.27888617e-03 1.03404527e-03 3.19013592e-03
2.23365479e+02 -2.18094460e-03 5.12322088e-02 -2.57133275e-02 1.47966304e-03 2.98128194e-03 1.60774546e-03
2.26082510e+02 -4.30179410e-02 3.10629130e-02 -3.89215356e-02 1.91073428e-03 1.86966901e-03 8.17131777e-04
2.28801948e+02 -4.17999777e-02 -5.36922748e-02 -1.18860538e-02 9.53702604e-04 2.65181943e-03 1.85331586e-03
2.31531260e+02 -3.12423578e-02 -3.20966492e-02 6.76686187e-02 1.95437599e-03 1.97429727e-03 3.80974012e-03
2.34251666e+02 2.90134624e-02 2.70960224e-03 6.08103500e-02 4.57355497e-03 7.74345965e-04 4.47960680e-03
2.36967135e+02 3.79142734e-02 2.44976205e-03 6.85995123e-03 1.68231346e-03 1.71469062e-03 2.61509089e-03
2.39680448e+02 1.92811303e-02 -2.64892404e-02 -2.51042777e-02 6.33430806e-03 6.74280999e-04 2.71454214e-03
2.42394151e+02 -1.88883704e-02 1.62962127e-02 -4.52134537e-02 7.43870460e-03 3.66373042e-03 3.06749651e-03
2.45114760e+02 -1.73212582e-02 2.14147106e-02 -4.71390214e-02 8.96024569e-03 1.73331736e-03 4.06377514e-03
2.47820041e+02 -2.01341829e-03 2.97556024e-02 -6.01293303e-02 3.95595937e-03 1.13781120e-03 4.09744415e-03
2.50534870e+02 -8.99703433e-03 2.40114047e-02 -6.09036328e-02 5.17901490e-04 1.84648029e-03 7.28468846e-03
2.53256948e+02 -4.53198743e-02 -3.32942368e-02 -3.80240430e-03 3.37736095e-03 3.25559585e-03 6.05597640e-03
2.55972510e+02 8.11017539e-03 -1.02797721e-02 -5.85448633e-03 3.38193904e-03 2.78604055e-03 3.11922800e-03
2.58694588e+02 4.15243525e-02 -2.83566801e-02 -3.48924382e-02 3.60244048e-03 3.17659635e-03 9.27378470e-04
2.61419916e+02 4.27361241e-02 -1.99484219e-02 4.50305288e-02 6.73776667e-03 1.68085341e-03 4.82486171e-03
2.64129854e+02 2.96984827e-02 2.25569022e-02 1.54002758e-02 2.14494897e-03 5.65809353e-03 8.23976417e-04
2.66843120e+02 1.19614346e-02 -1.00499950e-02 -2.99881507e-02 1.76498344e-03 1.77075228e-03 8.98468385e-04
2.69552046e+02 -1.57101026e-02 -9.45850310e-04 -7.30604241e-03 1.69893356e-03 2.95445785e-03 1.38068075e-03
