6.52887710e-01 7.83297304e-02 -2.81969063e-02 5.37535333e-03 4.82538170e-03 1.48721591e-03 4.25786811e-03
3.37510804e+00 -9.54930974e-03 -7.86612165e-03 2.33536586e-02 7.26938417e-03 9.37927900e-04 1.96698214e-03
6.09076803e+00 -6.51232751e-02 -1.18954784e-02 5.40702051e-03 6.88498137e-03 1.27459748e-03 5.79348877e-03
8.80320850e+00 -7.11569649e-02 4.63222685e-03 2.60731012e-02 2.12378789e-03 1.55265093e-03 4.54144280e-03
1.15174315e+01 5.50887298e-04 2.28836388e-02 2.43937917e-02 3.00978703e-03 1.00226021e-03 3.09490505e-03
1.42453252e+01 1.19135453e-02 1.21203080e-02 4.68188765e-02 4.27805238e-03 2.81259674e-03 2.21640244e-03
1.69780674e+01 -1.33929345e-02 2.89025893e-03 -2.02115019e-02 8.79536364e-03 1.36984378e-03 3.25615773e-03
1.96933971e+01 -4.14826721e-03 -2.22686327e-02 -1.66948851e-02 4.15507510e-03 1.86028459e-03 2.94135026e-03
2.24047658e+01 -1.36044644e-02 -5.17773717e-02 1.37210515e-02 4.41461003e-03 5.17279748e-03 8.63757976e-03
2.51217612e+01 -3.19896330e-02 -4.79368205e-02 -5.85649834e-03 2.32145987e-03 1.80318662e-03 7.71422910e-03
2.78349018e+01 -3.74723834e-02 -3.53857783e-02 -6.35968021e-02 7.45541285e-03 3.10532768e-04 5.36290852e-03
3.05473674e+01 -2.57076091e-02 3.69694464e-02 -5.97719992e-02 6.13779035e-03 1.90437208e-03 2.34148385e-03
3.32513268e+01 1.47133741e-02 3.92168599e-02 -1.18219592e-03 2.10327205e-03 9.78123889e-04 2.30425772e-03
3.59712565e+01 2.13105717e-02 1.49906717e-02 5.08433445e-02 1.25151376e-03 2.16311270e-03 3.34034364e-03
3.86868221e+01 2.03131759e-02 -4.79970408e-02 7.13175909e-02 4.65967169e-03 3.03117741e-04 3.21578981e-03
4.14072502e+01 2.59660875e-02 -7.92771543e-02 4.87450525e-02 9.50493651e-04 2.07731895e-03 3.91765655e-03
4.41262502e+01 -3.71599499e-02 -4.33314750e-02 2.38773316e-02 2.99166255e-03 1.34199888e-03 6.16277861e-03
4.68448221e+01 -7.61056193e-02 2.84511896e-02 -6.23407650e-03 7.26437214e-03 2.36244612e-03 2.69649984e-03
4.95609393e+01 -8.28559982e-02 7.95580064e-03 -1.05103637e-02 4.02812619e-03 1.45884637e-03 1.73052016e-03
5.22762174e+01 -7.47100798e-02 -2.39722856e-02 -1.01008411e-02 4.19492330e-03 1.49896389e-03 1.46947316e-02
5.49950283e+01 -7.17497603e-02 -1.69698460e-02 -3.09815600e-02 1.08555371e-02 1.19563159e-03 1.99781277e-03
5.77128987e+01 4.74389289e-03 6.87423189e-04 -1.86431549e-03 6.24048368e-03 6.93711633e-03 2.12668978e-03
6.04332643e+01 3.35032635e-02 3.61112920e-02 1.54768990e-02 6.45352701e-03 8.53686743e-04 2.04806618e-03
6.31508127e+01 3.19652713e-02 3.00488117e-02 1.65508798e-02 4.83055756e-03 1.56600863e-03 2.66361904e-03
6.58617252e+01 2.19849908e-03 9.75512660e-03 7.53246915e-02 7.58791988e-03 3.02928571e-03 6.54161493e-03
6.85788065e+01 -5.15470978e-02 2.38534031e-02 -1.16847346e-02 7.87747722e-03 1.30342942e-03 1.41699913e-03
7.13011924e+01 -8.74126646e-02 -1.29970718e-02 -2.16494614e-02 3.93514407e-03 2.72139447e-03 3.37955368e-03
7.40181346e+01 -2.58440424e-02 -1.51361313e-02 -1.29900515e-02 2.81731775e-03 2.86167037e-03 5.87545566e-03
7.67410471e+01 2.42896922e-03 -3.24836048e-02 1.86499146e-02 6.03420113e-03 1.34183802e-03 3.75470888e-03
7.94574299e+01 1.39176316e-02 -9.60451439e-03 1.00018199e-02 4.03698156e-03 1.29928802e-03 4.07537491e-03
8.21809783e+01 -4.26525245e-02 -2.11502899e-02 -6.39319990e-02 3.08248211e-03 2.09899618e-03 1.64747605e-03
8.48935549e+01 -5.18847137e-02 -3.76743468e-02 -1.10193720e-01 1.73664409e-03 4.10942355e-04 2.76006324e-03
8.75979487e+01 -5.84938137e-02 -2.59312116e-02 -7.36714571e-02 3.16416201e-03 1.13977611e-03 5.23552440e-03
9.03138721e+01 -5.75559358e-02 1.17395392e-02 -4.13346308e-02 2.34499857e-03 1.35293835e-03 2.10818948e-03
9.30272752e+01 -1.67519695e-03 3.39435220e-02 3.14971247e-03 4.00356652e-03 2.21847224e-03 6.24792250e-04
9.57415424e+01 3.20061485e-02 -9.12215149e-03 8.22432884e-02 8.81794326e-03 1.56695005e-03 1.06098684e-02
9.84577549e+01 5.76499553e-02 1.15301195e-02 6.81980179e-02 6.79614488e-03 4.64720388e-04 1.94207045e-03
1.01178405e+02 2.78088186e-02 5.17693484e-02 2.11387000e-02 2.34182795e-03 9.46795066e-04 4.20194461e-03
1.03893624e+02 -9.65615170e-03 4.84482277e-02 -3.04700560e-02 1.83190109e-03 1.93475583e-03 7.37828838e-04
1.06607124e+02 -2.09052697e-02 4.88019708e-02 -5.13566735e-02 2.48666660e-03 7.96228173e-03 5.16963857e-03
1.09321717e+02 -2.14998963e-02 2.80524667e-02 -1.02600908e-02 2.85214337e-03 2.44018967e-03 2.74071634e-03
1.12032311e+02 2.44993435e-02 1.69830505e-02 -2.41463705e-02 2.70003859e-03 1.87982955e-03 3.38186809e-03
1.14742889e+02 1.54921982e-02 -1.55878205e-02 -2.31619539e-02 2.95906786e-03 5.67436632e-03 3.85525465e-03
1.17454155e+02 2.48055132e-02 -4.81679796e-02 -1.86683251e-02 5.10805145e-03 5.03807874e-04 2.93374521e-03
1.20169655e+02 -2.05576857e-02 -2.51474205e-02 -5.72597173e-02 5.53993481e-03 1.06426236e-03 4.41871224e-03
1.22884217e+02 1.60301263e-02 -4.08667749e-02 -9.65284191e-02 4.24567915e-03 2.44042592e-03 3.60793339e-03
1.25597139e+02 7.48150270e-02 -1.80261324e-02 -7.66076558e-02 1.33952347e-03 1.92743375e-03 2.55713639e-03
1.28311342e+02 3.28255487e-02 -2.00015713e-02 -4.93408001e-03 2.32122514e-03 3.62975310e-03 1.37359466e-03
1.31023092e+02 3.17916128e-02 4.41297210e-04 -4.36419582e-02 4.40556747e-03 1.46750249e-03 3.59546034e-03
1.33741905e+02 1.77952015e-02 -2.60007404e-02 -8.03875930e-02 6.29207137e-03 1.15572076e-03 3.13860572e-03
1.36454467e+02 -4.15597141e-02 9.79161058e-04 -1.16359116e-01 3.05218374e-03 2.62528545e-03 2.38577414e-03
1.39164624e+02 -6.79045467e-02 4.44070381e-03 -7.05298783e-02 4.79761529e-03 1.02842957e-03 2.69425522e-03
1.41873046e+02 -7.24991141e-02 -2.10180368e-02 -8.66412049e-03 4.12878526e-03 5.55671504e-04 9.15758377e-03
1.44581108e+02 -3.14941874e-02 -5.41579132e-02 7.47961279e-03 2.30824202e-03 3.45519366e-04 4.57794613e-03
1.47305389e+02 -1.29509361e-02 -3.50960933e-02 -4.05253875e-03 2.95778338e-03 1.28606661e-03 2.37141581e-03
1.50026827e+02 -2.19064338e-02 -3.30872640e-02 -1.77381572e-02 1.76902750e-03 1.14662933e-03 3.13213370e-03
1.52763077e+02 -3.25549750e-02 -4.27685359e-02 -4.84919352e-02 1.75633223e-03 2.34757937e-03 2.17109626e-03
1.55482405e+02 -1.78707700e-02 -2.64842396e-02 -2.86732614e-03 1.79296830e-03 5.98992035e-04 6.31565521e-03
1.58210389e+02 2.49370849e-02 -2.26387829e-02 3.55845169e-02 2.02833920e-03 1.86574473e-03 1.74651436e-03
1.60932780e+02 3.43204039e-02 1.20480345e-02 2.64099597e-02 1.89859796e-03 1.33703347e-03 1.43412080e-03
1.63658608e+02 3.36853059e-02 -2.08376843e-02 1.43121811e-02 1.32821903e-03 2.32305124e-03 1.15422052e-03
1.66374358e+02 2.00579976e-02 -2.71838616e-02 -6.36513630e-04 4.25789908e-03 4.65617640e-03 3.07562506e-03
1.69080624e+02 2.29085297e-02 -4.99350259e-02 -3.78513477e-02 1.59957404e-03 9.18890422e-04 2.83860146e-03
1.71791702e+02 -1.55920095e-02 1.63087521e-02 -6.22648299e-02 2.40395654e-03 4.11566913e-03 5.78643875e-04
1.74500374e+02 -9.45429095e-03 3.25939430e-02 -3.51427074e-02 2.53739534e-03 1.96322456e-03 3.36380749e-03
1.77210592e+02 -4.10268978e-02 4.78671307e-02 -1.37724870e-02 1.63140978e-03 8.78136218e-04 3.46435340e-03
1.79925655e+02 -2.73986364e-02 -1.34549821e-04 1.16967195e-02 5.70391180e-03 8.34409873e-04 5.93532606e-03
1.82648639e+02 -2.36932045e-02 -2.20627290e-02 -6.41316950e-03 3.53323465e-03 6.10243848e-04 5.97777297e-03
1.85364358e+02 -2.68898568e-02 -5.02285205e-02 -3.16392536e-02 5.04547462e-03 9.23447180e-04 6.71941994e-03
1.88079186e+02 -2.25208990e-02 -6.10031299e-02 -2.29391181e-02 2.44869923e-03 2.02882347e-03 2.26669147e-03
1.90791796e+02 -3.54789385e-02 -3.58260828e-02 6.44799268e-03 2.89671087e-03 8.61617489e-04 1.92531718e-03
1.93508671e+02 -2.64752020e-02 -2.03062478e-02 -5.27594433e-03 1.46151411e-03 9.24529989e-04 3.06547385e-03
1.96227686e+02 -6.77372196e-03 -3.38313977e-02 -2.20791931e-02 4.01946906e-03 3.94823644e-03 9.20177309e-04
1.98940577e+02 1.33754225e-02 -2.86170869e-02 2.55672706e-02 2.84074354e-03 4.52901171e-03 8.33219523e-04
2.01670030e+02 2.54166761e-02 1.11195533e-02 1.86085621e-02 1.00730775e-03 4.34300357e-03 5.59698116e-04
2.04394171e+02 -3.98031990e-03 5.50068507e-02 5.37533598e-02 3.78650573e-03 7.52248526e-04 2.76524822e-03
2.07111639e+02 2.15884151e-02 4.11868015e-02 3.59904208e-02 4.02799289e-03 3.78254365e-03 2.96123690e-03
2.09832249e+02 3.80032543e-02 -1.45099152e-02 1.97701821e-03 2.09369742e-03 3.83092918e-03 1.97293418e-03
2.12544936e+02 4.69029680e-02 -9.88702472e-03 1.75458060e-02 4.18849827e-03 1.80645800e-03 1.02126878e-03
2.15255155e+02 6.94551548e-02 -4.37209739e-02 6.98262878e-02 1.02674654e-03 1.66363042e-03 1.84109731e-03
2.17974139e+02 5.93242593e-02 -1.62619715e-02 6.48668934e-02 3.97509143e-03 1.38956860e-03 4.01646957e-03
2.20690124e+02 3.19867797e-02 -4.88388073e-02 1.31088332e-02 2.83189308e-03 1.22121250e-03 1.79128273e-03
2.23410749e+02 -2.92397507e-03 -2.80511591e-02 -1.52403512e-02 2.17278118e-03 2.17028664e-04 3.80979565e-03
2.26117842e+02 -4.25066115e-05 -7.28518609e-03 -1.02611342e-03 1.77773486e-03 2.41277715e-03 2.70516662e-03
2.28834921e+02 -5.10017455e-03 -1.12318640e-02 -1.95310334e-02 2.31343775e-03 2.07278690e-03 1.12270557e-03
2.31553546e+02 -4.24548491e-03 4.07287079e-03 -1.69139658e-02 5.76946287e-03 4.05117886e-04 7.01174407e-04
2.34273733e+02 1.21910896e-02 3.64390740e-02 1.41825055e-02 2.00859349e-03 1.46779836e-03 5.44910483e-04
2.36987436e+02 3.51348608e-02 -1.77963542e-03 2.21931851e-02 1.37691478e-03 3.15557017e-03 8.50524443e-04
2.39699436e+02 3.71182389e-02 -7.08299420e-05 8.22740948e-03 1.67330302e-03 1.41040471e-03 7.44218478e-04
2.42411842e+02 1.45049414e-02 -1.95049640e-02 -2.47389895e-02 2.44200687e-03 6.51502714e-04 1.86231751e-03
2.45114530e+02 7.13165359e-03 -4.05804678e-02 -3.11861496e-03 1.75244890e-03 3.32603067e-03 5.67541769e-04
2.47821608e+02 -4.71947215e-03 -7.71882962e-02 1.68047569e-02 2.67617907e-03 2.21120508e-03 2.68457487e-03
2.50529592e+02 3.47812988e-02 -2.88122988e-02 3.35600580e-02 1.81230618e-03 1.31707778e-03 1.82833733e-03
2.53237999e+02 5.86259927e-02 2.22314911e-02 5.58215478e-02 3.52775672e-03 2.79465559e-03 7.95687165e-04
2.55955264e+02 3.88540539e-02 6.77829826e-02 4.00951881e-02 4.13957753e-03 8.75754321e-04 3.23995763e-03
2.58677905e+02 1.26975294e-02 6.94236793e-02 9.17257705e-04 1.38323149e-03 1.30415607e-03 1.64831523e-03
2.61387546e+02 1.39302489e-03 4.04418887e-02 -9.76301333e-04 1.84199881e-03 1.92188188e-03 3.10696425e-03
2.64102342e+02 4.41421623e-02 3.09720195e-02 1.12511040e-02 4.32353944e-03 9.75025611e-04 7.54529709e-03
2.66816686e+02 5.26735230e-02 2.68536699e-02 -6.92705556e-03 4.86061866e-03 1.63997276e-03 8.56493582e-03
2.69523512e+02 8.07692231e-02 -5.12479678e-02 1.57747032e-02 4.75493276e-03 1.41675576e-03 3.39153688e-03
