6.85770617e-01 -4.55665261e-02 2.27381153e-02 -2.56266026e-02 7.97463655e-04 4.45374710e-03 2.04487724e-03
3.40062275e+00 -3.87095189e-02 1.56425239e-02 -1.84078614e-02 1.18295594e-03 1.67978610e-03 3.81567724e-03
6.11373853e+00 -1.08043169e-02 -4.71147358e-03 2.20746595e-02 8.72614530e-04 2.11259319e-03 2.90523441e-03
8.82696260e+00 -1.24504731e-03 -3.97866062e-03 8.40370838e-02 3.07221921e-03 4.17370350e-03 7.85653822e-03
1.15508390e+01 -5.75513566e-02 -1.61534111e-02 5.39862612e-02 2.83186191e-03 2.98973025e-03 2.80416162e-03
1.42651593e+01 -5.91997201e-02 -2.77930219e-03 1.14549237e-02 3.70626162e-03 2.11578428e-03 2.90216871e-03
1.69828734e+01 -5.92337610e-02 1.04183388e-02 -4.28062074e-02 5.19261672e-03 7.37835212e-04 3.21856323e-03
1.96948093e+01 -4.90706128e-02 -1.46420907e-02 -3.49243236e-02 8.05384374e-03 1.58194560e-03 1.41161773e-03
2.24123015e+01 -3.63273161e-02 9.87769577e-03 -1.69000080e-02 4.62526946e-03 4.47177323e-03 2.29231435e-03
2.51224312e+01 2.47126593e-02 3.74448429e-02 3.60627890e-02 2.99216788e-03 2.94266307e-03 1.44959350e-03
2.78390968e+01 4.22769480e-02 7.68813006e-02 2.31537558e-02 2.06307197e-03 1.76232169e-03 5.96566713e-03
3.05573859e+01 3.35277271e-02 3.30262661e-02 -5.85489987e-02 7.70337096e-03 2.04296017e-03 4.01324897e-03
3.32655890e+01 1.20606017e-02 2.53808633e-02 -4.33309797e-02 2.28607158e-03 3.01282232e-03 1.43810437e-03
3.59809046e+01 -1.90550927e-02 -2.39421525e-02 -3.63221396e-03 2.10527036e-03 1.81828835e-03 1.96063686e-03
3.86893453e+01 -2.69487576e-03 -2.81199617e-02 1.15930356e-02 5.65912500e-03 8.17674532e-04 5.21882395e-03
4.13982203e+01 -2.26592041e-03 -1.32691271e-02 2.91857206e-02 3.33350122e-03 4.21577626e-03 6.04533085e-03
4.41132999e+01 -2.07043678e-02 -4.26478186e-02 1.95545000e-02 2.76429719e-03 1.36096310e-03 7.88133168e-03
4.68350109e+01 -7.04837977e-02 -8.18871865e-06 -1.33401348e-02 7.16303717e-04 2.85670649e-03 3.13028199e-03
4.95392968e+01 -4.33497870e-02 1.81178102e-02 -7.21590649e-02 2.38694117e-03 7.60793025e-04 2.52599802e-03
5.22569468e+01 -2.96250998e-02 -4.07505019e-02 -5.07296286e-02 4.19007742e-03 2.84362007e-03 1.44689651e-03
5.49671218e+01 -3.38823522e-02 -6.87899735e-02 3.01982859e-02 2.16864778e-03 1.09550348e-03 3.90469788e-03
5.76919656e+01 -8.27581272e-02 -8.29165491e-03 8.54515793e-03 6.24155747e-04 2.56017625e-03 6.86547546e-03
6.04086281e+01 -6.31857075e-02 2.03467977e-02 1.21937885e-03 3.92592937e-03 2.25859741e-03 5.43020206e-03
6.31198124e+01 1.76416014e-02 5.67984735e-02 -3.46348170e-02 2.54039727e-03 2.87610322e-03 2.77403517e-03
6.58361406e+01 5.45800784e-02 2.48642790e-02 -7.22470968e-02 6.88321470e-03 3.24835689e-03 4.12967151e-03
6.85503921e+01 4.04163655e-03 -1.28661476e-02 1.29100632e-03 8.30639989e-03 1.58334213e-03 8.85223031e-03
7.12639187e+01 -2.62213220e-02 5.28056229e-02 1.29999271e-02 3.32356453e-03 1.58324527e-03 4.62742608e-03
7.39832999e+01 -8.72666743e-02 4.05996779e-02 -2.45670805e-02 4.13344113e-03 9.36581663e-04 3.71013075e-03
7.67053328e+01 -9.19249954e-02 2.61763854e-02 -3.10672828e-02 8.06830070e-03 2.34036064e-03 6.53827893e-03
7.94270812e+01 -9.53006960e-02 4.84110278e-02 -3.69052258e-02 4.30711497e-03 1.95717712e-03 6.71677380e-03
8.21472140e+01 -6.95747585e-02 8.24304794e-02 -2.07622778e-02 5.60718017e-03 1.94552148e-03 3.62676011e-03
8.48670312e+01 -3.65057139e-02 4.03608770e-02 -1.44438132e-02 1.70291569e-03 2.10234838e-03 2.85945233e-03
8.75884593e+01 9.72237955e-04 -1.74086347e-02 -4.51539352e-02 4.54187145e-03 1.76560645e-03 3.18491504e-03
9.03089499e+01 6.07629349e-02 -4.94563619e-02 1.15052222e-02 2.07779223e-03 9.66672107e-04 1.74285596e-03
9.30266312e+01 8.06881575e-02 -3.83783514e-02 3.09667372e-02 1.62818694e-03 2.58666186e-03 1.64542538e-03
9.57419390e+01 4.20248017e-02 -4.07507979e-02 6.42443881e-02 6.44174557e-03 3.00159623e-03 1.63051189e-03
9.84554109e+01 7.69709064e-03 -3.41125712e-02 7.13044797e-02 4.73216653e-03 3.39174612e-03 2.73662940e-03
1.01166502e+02 6.87349777e-03 -2.84259247e-03 5.88629989e-02 9.80641426e-04 5.08030602e-04 2.63087360e-03
1.03875642e+02 -8.39355888e-03 5.77978500e-02 4.41519837e-02 5.70126374e-03 1.66896936e-03 3.85797129e-03
1.06588923e+02 -4.29557834e-02 1.64369499e-02 1.30009855e-03 2.91988393e-03 1.53098946e-03 5.35145200e-03
1.09307923e+02 -9.07749152e-02 1.99117855e-02 -4.38797378e-02 2.91563401e-03 1.31023277e-03 3.14530738e-03
1.12030111e+02 -1.26173113e-01 4.28972114e-02 -8.53082683e-02 7.73344644e-03 3.29912170e-04 3.35306553e-03
1.14742626e+02 -1.04369766e-01 2.03478528e-02 -9.35429120e-02 4.83346273e-03 7.92681937e-04 1.76749033e-03
1.17454377e+02 -6.09750188e-02 3.85936723e-02 -4.46569845e-02 3.04500107e-03 4.77713448e-03 1.58696550e-03
1.20171877e+02 -3.20602607e-02 -3.61748942e-02 -8.90334352e-02 2.09867339e-03 2.81037977e-03 1.74012980e-03
1.22894486e+02 -2.09666952e-02 -3.18204888e-02 -1.22711942e-01 4.42026209e-03 1.53053944e-03 3.35124150e-03
1.25616611e+02 -1.74724832e-02 -5.39642619e-02 -9.56583677e-02 2.92155845e-03 4.14188632e-03 8.38358929e-04
1.28327236e+02 2.93361772e-02 -2.22698112e-03 -2.25344546e-02 6.15560335e-03 3.34389611e-03 6.00200454e-03
1.31042252e+02 6.92148915e-04 -2.84307136e-04 -1.30030721e-02 1.56836115e-03 4.55516085e-03 1.81683069e-03
1.33753814e+02 -3.14942582e-02 8.87998489e-03 -2.65510124e-02 2.14515877e-03 1.99674552e-03 4.35034682e-03
1.36474002e+02 -1.34762905e-03 7.25428229e-02 -3.24075681e-02 2.51252947e-03 5.42465328e-04 1.86047348e-03
1.39192142e+02 5.66463415e-02 5.27939972e-02 -5.47379879e-02 2.28121742e-03 1.57049799e-03 2.56893942e-03
1.41911252e+02 3.45333908e-02 2.25192330e-02 -2.29467560e-02 2.99068143e-03 1.70837211e-03 2.91076044e-03
1.44635158e+02 -5.45671421e-02 -2.51709080e-02 -4.13526331e-02 7.17577068e-03 9.09578634e-04 4.58840514e-03
1.47347923e+02 -5.60264582e-02 -7.46143222e-02 -2.12251069e-02 5.87130674e-04 1.94727102e-03 2.10059579e-03
1.50058673e+02 -1.69704469e-02 -2.61589791e-02 -3.05066304e-02 1.97055193e-03 1.71565315e-03 2.31079153e-03
1.52765517e+02 -1.96762144e-02 7.72106719e-03 -3.67356872e-03 1.94564339e-03 2.10109626e-03 3.75314610e-03
1.55477423e+02 -9.14077759e-03 1.23772546e-02 3.24497787e-02 1.04341391e-03 8.07630945e-04 6.14598736e-03
1.58198751e+02 -1.16218580e-02 -2.27264914e-02 4.35530069e-02 4.64668903e-03 1.80756047e-03 3.06439788e-03
1.60917502e+02 4.50787123e-03 1.47727412e-04 3.82225175e-02 5.73610049e-03 1.48014841e-03 3.05059766e-03
1.63641252e+02 1.07999573e-02 -4.60671896e-03 2.78944519e-02 6.26423987e-03 2.37722695e-03 2.80253497e-03
1.66361752e+02 1.15021281e-02 -3.80436117e-02 1.50409606e-02 2.85819488e-03 6.29312916e-04 7.87338214e-04
1.69071751e+02 1.18053495e-02 -1.99971968e-02 -5.29229729e-02 5.00505489e-03 2.48944131e-03 1.01939562e-03
1.71786955e+02 7.73343146e-03 3.32113785e-02 -6.65377509e-02 3.18013301e-03 3.48624354e-03 3.19493530e-03
1.74503673e+02 -2.70530797e-02 1.58657465e-02 -6.03132482e-02 3.54308440e-03 3.31590739e-03 6.94449851e-03
1.77226595e+02 -4.11610063e-02 -5.32063375e-02 -4.48852412e-02 2.41745876e-03 1.45414973e-03 6.55168481e-03
1.79943236e+02 -2.39870454e-02 -7.70721619e-02 -4.58425182e-02 7.80188266e-03 9.91348756e-04 3.98975145e-03
1.82661611e+02 -2.10124313e-02 -5.30113357e-02 -4.79603117e-02 5.58703999e-03 4.76216383e-04 5.07897228e-03
1.85367095e+02 -2.36341532e-02 -8.24740894e-02 -2.42065557e-02 5.52927190e-03 1.94143979e-03 4.40157352e-03
1.88078455e+02 1.02113427e-02 -7.13229699e-02 -9.01339372e-03 6.12777687e-03 7.74264420e-04 4.36015226e-03
1.90778548e+02 1.49237573e-03 -8.10652687e-02 -9.06564595e-03 3.59758593e-03 2.01180256e-03 1.37928287e-03
1.93492798e+02 -3.10597062e-02 -4.64758952e-02 -3.71253149e-02 2.54844001e-03 9.79375012e-04 8.93774338e-04
1.96194533e+02 -9.23172979e-03 -2.71912297e-02 -4.86020706e-03 2.51704544e-03 5.87301631e-04 1.11139162e-03
1.98899736e+02 2.77634000e-02 -8.92424877e-03 2.87795500e-02 1.91657798e-03 4.15959701e-03 9.18897022e-04
2.01618033e+02 4.24469257e-02 -6.82244063e-02 3.21133205e-02 6.44706213e-03 5.65354980e-04 2.63154558e-03
2.04333111e+02 3.48138010e-02 -2.77718781e-02 2.06524170e-02 3.08079041e-03 1.76172826e-03 1.25550611e-03
2.07052689e+02 3.05336423e-02 8.54549768e-04 1.97261207e-02 3.86260103e-03 1.04004620e-03 1.80930679e-03
2.09765658e+02 8.12133595e-03 -3.27286907e-02 1.24800583e-02 4.18014386e-03 6.86018190e-04 2.47711204e-03
2.12489408e+02 2.35759230e-02 -7.03001873e-02 -5.42045831e-03 1.93712920e-03 1.24719536e-04 3.37037853e-03
2.15207908e+02 3.71858812e-02 2.39089299e-02 2.76149609e-02 1.83578610e-03 9.84090589e-04 1.15640471e-03
2.17940970e+02 5.37097761e-03 1.60347333e-02 1.53595279e-03 3.05949213e-03 2.14618952e-03 6.97181532e-04
2.20662252e+02 -3.89078291e-03 5.13264894e-02 -5.88735535e-02 4.92510130e-03 1.65094557e-03 4.16747835e-03
2.23380252e+02 -2.67046657e-03 5.60807919e-02 -3.43381436e-02 2.90312938e-03 1.56503660e-03 4.32216460e-03
2.26102736e+02 1.60446571e-02 8.31155064e-03 -1.88688403e-03 1.04712036e-03 1.32614110e-03 1.52162472e-03
2.28819220e+02 2.10479868e-03 -1.52780258e-02 7.59099329e-03 2.45527084e-03 1.63162718e-03 2.37005989e-03
2.31534986e+02 9.36309771e-03 -8.00103396e-02 -1.25007893e-02 1.91334710e-03 7.96410920e-04 1.66432242e-03
2.34242752e+02 -5.16060674e-03 -8.18118991e-02 -1.93668731e-02 2.48188483e-03 2.71895833e-03 1.20430276e-03
2.36965642e+02 1.23266028e-02 -9.06711866e-03 -3.01968318e-02 2.16900226e-03 3.55268417e-03 8.15440867e-04
2.39687798e+02 1.91826976e-02 2.57008191e-04 -2.46439725e-02 3.26004848e-03 4.93017341e-04 2.63646679e-03
2.42409283e+02 3.30616766e-02 2.37457661e-02 2.21207571e-02 2.57887709e-03 1.24701713e-03 2.46370381e-03
2.45126783e+02 1.68742142e-02 8.83632541e-03 3.76096117e-02 8.96763035e-04 1.52153333e-03 5.18001981e-03
2.47842814e+02 7.55589642e-03 -2.28095956e-03 3.93782875e-02 1.26625335e-03 6.21581899e-04 2.25134851e-03
2.50551048e+02 6.79806988e-03 -4.44201616e-02 1.50067037e-02 1.95442161e-03 1.00870754e-03 1.50867550e-03
2.53257048e+02 -1.02411584e-02 -6.80331386e-02 2.16930715e-03 5.31830846e-03 4.33758719e-04 1.62209569e-03
2.55959142e+02 5.83385408e-03 -3.26999576e-02 4.62191452e-02 1.92393191e-03 1.08081534e-03 1.20438118e-03
2.58683314e+02 -3.65285071e-03 -5.33361913e-02 4.34400974e-02 1.91311985e-03 1.89799771e-03 2.45787212e-03
2.61393923e+02 -2.38272480e-02 -2.09274413e-02 3.02077698e-02 2.29477331e-03 1.86827447e-03 2.84697601e-03
2.64115189e+02 -1.54734954e-02 -4.49745298e-02 5.00787056e-02 1.68592942e-03 3.18838968e-03 7.39834999e-03
2.66825314e+02 7.58013267e-02 -2.22626740e-02 4.21742839e-02 7.59837623e-04 1.32707133e-03 3.37737177e-03
2.69541801e+02 6.44497462e-02 4.19043101e-02 6.01733039e-03 9.94899834e-04 2.19149033e-03 6.33070160e-03
