6.86933026e-01 -4.29260941e-02 5.42689533e-02 -2.03798017e-02 1.74142508e-03 7.76761385e-03 2.82192893e-03
3.39988924e+00 -3.16725110e-02 1.72068867e-02 -5.75157663e-03 1.15973382e-03 1.54353111e-03 3.08828523e-03
6.11462736e+00 -2.02153116e-03 -2.19330626e-02 3.60390356e-02 8.42279412e-04 7.81707740e-04 5.26533647e-03
8.82731861e+00 1.83008620e-02 -6.12504464e-03 8.89673392e-02 5.86349732e-03 2.24571553e-03 2.64089180e-03
1.15493675e+01 -5.26057987e-02 -2.54959132e-02 5.42294472e-02 1.28883334e-03 2.11656071e-03 2.50908838e-03
1.42645285e+01 -6.99713375e-02 -6.05256454e-03 1.62016160e-02 3.13923178e-03 8.31867685e-04 1.78308991e-03
1.69790847e+01 -6.57119990e-02 -1.39981451e-02 -4.73762346e-02 5.58046075e-03 6.02617173e-04 2.02571494e-03
1.96958769e+01 -7.35370439e-02 -2.65835997e-02 -4.54675888e-02 6.59148032e-03 2.12358824e-03 1.82325890e-03
2.24112300e+01 -3.68596800e-02 1.38990103e-02 -9.94627194e-03 5.36422583e-03 3.54013813e-03 3.30093310e-03
2.51205519e+01 4.73863378e-03 4.44323636e-02 3.09466283e-02 9.46001421e-04 2.85075346e-03 3.13386586e-03
2.78411113e+01 2.34059185e-02 8.69236642e-02 1.57165579e-03 1.81839902e-03 1.24143570e-03 5.03179858e-03
3.05593206e+01 2.65605830e-02 5.25112429e-02 -7.52855009e-02 4.64332729e-03 1.84921811e-03 4.31463328e-03
3.32666019e+01 -5.99774850e-03 3.15634893e-02 -5.53099529e-02 1.97035635e-03 3.99762046e-03 1.93657016e-03
3.59787378e+01 -2.85303300e-02 -3.82408796e-02 1.12928242e-02 2.61197416e-03 4.76647039e-04 2.63870445e-03
3.86908519e+01 -1.91736152e-03 -2.72377226e-02 3.44408856e-02 3.63719770e-03 1.39903356e-03 2.80309531e-03
4.14037488e+01 8.82001870e-03 -1.50403168e-02 2.55236445e-02 3.22696015e-03 5.43304227e-03 6.10870743e-03
4.41131285e+01 -5.13371683e-04 -3.10876480e-02 4.45361557e-02 2.88434784e-03 4.67485515e-04 1.09852505e-02
4.68395550e+01 -4.84089823e-02 8.72770815e-04 -1.23158650e-02 1.38286419e-03 4.22952850e-03 3.37565558e-03
4.95420316e+01 -4.38157381e-02 9.19711370e-03 -8.04780358e-02 3.95414899e-03 8.45512993e-04 2.63725288e-03
5.22551956e+01 -2.59430856e-02 -4.59043022e-02 -5.59854856e-02 2.72558434e-03 3.79374591e-03 2.97234969e-03
5.49668831e+01 -2.46555056e-02 -4.63556207e-02 2.13397790e-02 3.23754272e-03 1.34928900e-03 2.89106554e-03
5.76904535e+01 -8.55629030e-02 -1.20472066e-02 2.26228340e-02 1.45701851e-03 1.19734541e-03 6.65577854e-03
6.04115878e+01 -7.04720300e-02 3.61938143e-03 1.65787647e-02 3.43476815e-03 1.69889144e-03 5.92214714e-03
6.31175160e+01 3.47418746e-02 4.13837491e-02 -2.22231643e-02 1.84701757e-03 3.26034467e-03 4.55879169e-03
6.58319035e+01 7.04509999e-02 3.46728082e-02 -6.80362062e-02 4.10866516e-03 1.30401078e-03 6.59250114e-03
6.85470394e+01 2.21418213e-02 -8.86506122e-03 -1.62979176e-02 6.02690503e-03 3.19620273e-03 3.15699707e-03
7.12613472e+01 -1.76152572e-02 3.92589975e-02 1.57425753e-02 2.12371071e-03 9.93897269e-04 3.61817850e-03
7.39817863e+01 -8.91774285e-02 1.64035248e-02 -1.86021186e-02 3.91230054e-03 4.37609005e-04 4.34854294e-03
7.67049488e+01 -1.17373994e-01 7.19412199e-03 -4.23143550e-02 7.59738369e-03 1.11406620e-03 4.98722632e-03
7.94240706e+01 -1.06505558e-01 3.65147046e-02 -5.93357610e-02 5.38782764e-03 1.04368315e-03 3.51223395e-03
8.21436753e+01 -7.64510657e-02 7.49949624e-02 -4.53240956e-02 4.81900221e-03 2.82067575e-03 2.82448548e-03
8.48656785e+01 -5.32609994e-02 5.15495138e-02 -5.92333941e-03 1.72621508e-03 1.41692178e-03 2.63053201e-03
8.75938378e+01 -7.02767386e-03 -1.80199887e-02 -3.21312616e-02 3.83980804e-03 1.51453846e-03 5.25437554e-03
9.03094519e+01 5.28946997e-02 -4.61282824e-02 3.01660701e-02 3.59600046e-03 2.60392752e-03 2.49223656e-03
9.30289738e+01 5.06742361e-02 -4.28634906e-02 3.69892643e-02 6.41215094e-04 3.58057543e-03 2.55214455e-03
9.57435035e+01 3.96383936e-02 -3.70858670e-02 5.41607141e-02 4.01641189e-03 3.91204295e-03 1.39706243e-03
9.84553222e+01 1.50758684e-02 -3.19844393e-02 7.62309100e-02 4.87970549e-03 5.06538635e-03 3.81322446e-03
1.01166313e+02 -3.91742000e-03 -5.17279397e-03 6.22229487e-02 9.71581248e-04 6.94462551e-04 1.32746175e-03
1.03873016e+02 1.03712158e-03 3.54192739e-02 2.21743269e-02 8.58218580e-03 1.24180062e-03 3.50516147e-03
1.06586516e+02 -2.04536828e-02 9.79084189e-03 -2.42401673e-02 5.22139381e-03 1.85411461e-03 4.30875481e-03
1.09305672e+02 -8.81217002e-02 1.49299939e-02 -6.37831368e-02 5.00374856e-03 7.01052824e-04 5.27526524e-03
1.12025703e+02 -1.14861090e-01 3.59351348e-02 -8.91569131e-02 8.00231230e-03 1.39270795e-03 2.05462409e-03
1.14740563e+02 -8.58763500e-02 3.14390649e-02 -1.06923436e-01 5.16676319e-03 4.59420997e-04 1.99975798e-03
1.17451516e+02 -5.53852488e-02 3.84675354e-02 -6.74687647e-02 3.30696172e-03 5.62699017e-03 2.30475604e-03
1.20169969e+02 -4.19261166e-02 -3.77305686e-02 -8.81490414e-02 9.84972149e-04 3.62053020e-03 2.73283126e-03
1.22895782e+02 -3.77121858e-02 -2.51065324e-02 -1.30933365e-01 4.61598505e-03 1.35991195e-03 2.96830883e-03
1.25614032e+02 -5.53346975e-02 -3.21705127e-02 -9.85964694e-02 2.57849186e-03 6.63520276e-03 5.02387466e-04
1.28322219e+02 2.55835828e-02 1.19326861e-02 -2.02017875e-02 4.55753474e-03 1.48088401e-03 3.95514464e-03
1.31041500e+02 4.12112221e-03 2.19315756e-02 -3.80973135e-02 1.55185775e-03 5.34251307e-03 1.56737877e-03
1.33756844e+02 -2.02720244e-02 3.76656381e-02 -4.79776780e-02 2.22641199e-03 3.08424232e-03 3.59713158e-03
1.36472047e+02 1.64786880e-02 9.66976370e-02 -5.38048245e-02 1.31952252e-03 1.36084996e-03 3.11908417e-03
1.39188782e+02 5.23772326e-02 7.40475482e-02 -6.80659933e-02 3.46996329e-03 1.16039306e-03 2.38178656e-03
1.41910938e+02 3.10088124e-02 3.01361973e-02 -3.07482775e-02 4.34589228e-03 8.01399985e-04 1.52452524e-03
1.44633047e+02 -4.65506939e-02 -2.24012179e-02 -7.36501069e-02 5.63705728e-03 3.89906527e-04 5.11204642e-03
1.47346766e+02 -5.46786355e-02 -6.49347029e-02 -6.01686997e-02 1.72302445e-03 2.16811746e-03 2.54248352e-03
1.50055360e+02 -2.11006147e-02 -3.36835813e-02 -5.08248455e-02 2.18466884e-03 1.57727891e-03 3.14555786e-03
1.52762407e+02 -3.50529128e-02 3.77533487e-03 2.72181429e-03 2.37236493e-03 1.50201463e-03 4.61901643e-03
1.55473610e+02 -2.57531366e-02 5.27820216e-03 2.82280351e-02 5.54597824e-04 5.74649397e-04 5.50250941e-03
1.58193016e+02 -1.88226108e-02 1.80322687e-02 5.54120970e-02 3.98873665e-03 1.15838454e-03 4.36175715e-03
1.60913219e+02 1.17624674e-02 -2.36138785e-02 5.44735327e-02 2.75459812e-03 1.10463848e-03 2.84296493e-03
1.63632985e+02 1.71294394e-02 -7.43460634e-03 4.39996083e-02 3.81099212e-03 3.29219951e-03 1.86721961e-03
1.66354985e+02 2.85965024e-02 -2.06119204e-02 9.23462562e-03 3.11365258e-03 5.80588640e-04 2.49481601e-03
1.69066422e+02 1.73808333e-02 -3.24016215e-03 -5.48147206e-02 4.47506445e-03 3.51853359e-03 2.28066224e-03
1.71786094e+02 -7.38757285e-03 2.77334977e-02 -7.25855506e-02 5.53966712e-03 1.02380051e-03 6.41104170e-03
1.74502422e+02 -2.75654735e-02 2.91745150e-02 -6.18279904e-02 5.17345690e-03 3.13923762e-03 8.31859145e-03
1.77230282e+02 -1.34260949e-02 -4.53834073e-02 -4.56215517e-02 2.13744683e-03 8.06490840e-04 7.65197441e-03
1.79942875e+02 -1.87190353e-02 -7.04945235e-02 -3.34993545e-02 5.66135581e-03 8.09974861e-04 3.45747180e-03
1.82660844e+02 -2.88694611e-03 -6.25418783e-02 -4.23276566e-02 5.32148029e-03 6.51541691e-04 6.23211588e-03
1.85368907e+02 9.25405994e-03 -5.89026758e-02 -2.02861747e-02 6.18809212e-03 2.06844970e-03 4.14166973e-03
1.88074375e+02 7.56920456e-03 -8.72050860e-02 5.47945366e-04 6.99326047e-03 1.51380414e-03 3.30265663e-03
1.90775297e+02 -1.03814148e-02 -9.44127099e-02 7.14742551e-03 2.05892780e-03 3.25133205e-03 1.87389586e-03
1.93487391e+02 -1.86825921e-02 -5.60171936e-02 -3.87696575e-02 2.57922122e-03 1.38094768e-03 1.04841248e-03
1.96187172e+02 -1.39427651e-02 -2.06262638e-02 4.00842192e-04 5.66774273e-03 1.22421730e-03 1.31699347e-03
1.98897875e+02 1.83998768e-02 -4.38802226e-03 4.31057136e-02 2.50048417e-03 1.85081094e-03 7.12629158e-04
2.01611219e+02 3.64327909e-02 -4.90685267e-02 3.93529451e-02 7.30016721e-03 1.48013202e-03 9.45445018e-04
2.04333063e+02 3.06392390e-02 -3.67022188e-02 1.78115827e-02 3.56268591e-03 2.15654030e-03 1.46648051e-03
2.07049625e+02 9.82178345e-03 3.83853889e-03 2.23798890e-02 2.28773041e-03 8.68783791e-04 2.26333014e-03
2.09763328e+02 -1.03630190e-03 -1.65954558e-02 2.93849669e-02 3.04287355e-03 1.07371310e-03 1.72941749e-03
2.12485078e+02 2.28289859e-02 -6.65685264e-02 9.55196565e-03 1.37963437e-03 8.77500100e-04 3.42662768e-03
2.15202594e+02 2.67663493e-02 1.11467031e-02 2.21165778e-02 2.96274201e-03 2.08336030e-03 8.05874906e-04
2.17937157e+02 3.32793856e-03 -1.76415784e-02 -1.36252440e-02 4.56823159e-03 1.09958526e-03 2.40832186e-03
2.20658125e+02 4.21884799e-03 6.36571453e-02 -5.72914090e-02 2.72057628e-03 1.53924121e-03 3.38803997e-03
2.23376078e+02 -6.77560242e-03 6.71760679e-02 -4.17517322e-02 1.45292656e-03 1.59470681e-03 2.97207751e-03
2.26097328e+02 4.37953619e-03 1.43894022e-02 -1.05500248e-02 1.54044069e-03 1.18186617e-03 1.33315311e-03
2.28814828e+02 6.73313081e-03 -3.42993465e-02 1.35661649e-02 4.39072293e-03 1.42873128e-03 1.57947658e-03
2.31530907e+02 1.82312934e-02 -8.01213390e-02 3.18639912e-03 1.14293268e-03 7.09699639e-04 8.09982977e-04
2.34242203e+02 9.75483450e-03 -9.13922801e-02 2.15497350e-02 2.56773987e-03 2.06591573e-03 1.41760077e-03
2.36964719e+02 1.19790889e-03 -9.01293665e-03 -1.06248333e-02 1.85387613e-03 2.11869587e-03 1.46747933e-03
2.39687422e+02 -8.08657889e-03 -1.01632709e-02 -2.92356661e-02 4.84884206e-03 1.08072957e-03 2.31260489e-03
2.42407094e+02 2.68550209e-02 2.78317436e-02 3.22696514e-02 3.19657810e-03 1.77599848e-03 1.32565309e-03
2.45121657e+02 3.64733329e-03 1.85788168e-02 2.32722402e-02 1.00108803e-03 1.10473476e-03 4.57422080e-03
2.47840453e+02 -1.00264340e-02 9.72913511e-03 1.34587289e-02 2.32802223e-03 2.93082747e-04 2.48570118e-03
2.50546672e+02 -2.72830738e-03 -4.14012486e-02 1.35616676e-02 1.07644151e-03 9.63510849e-04 1.85693490e-03
2.53253172e+02 -7.74267643e-03 -5.11968692e-02 2.70746497e-03 3.52716970e-03 1.79769573e-03 1.81188725e-03
2.55959782e+02 1.07457236e-02 -3.54138050e-02 4.96741809e-02 1.18803766e-03 1.22573359e-03 2.59185609e-03
2.58676938e+02 -1.15342286e-02 -3.41500848e-02 6.09416163e-02 2.04630237e-03 1.13494107e-03 5.15060021e-03
2.61389391e+02 -1.72929912e-02 -2.58224676e-02 4.01780047e-02 1.87685474e-03 1.29656875e-03 3.30657111e-03
2.64108172e+02 2.86020528e-03 -3.74670420e-02 5.38529530e-02 2.10775589e-03 2.41739236e-03 7.45040737e-03
2.66818203e+02 9.57997573e-02 -9.72975236e-03 7.32756155e-02 1.30970822e-03 1.78943447e-03 5.21442543e-03
2.69537395e+02 6.44124784e-02 2.71930465e-02 2.65506330e-02 4.35525196e-04 1.29832071e-03 5.02315406e-03
