6.76966296e-01 1.18258885e-02 2.43068759e-02 1.65451555e-02 6.20316780e-03 2.49223907e-03 6.02429947e-03
3.38871644e+00 1.00855304e-02 -4.34988418e-02 -3.33902170e-02 5.40373130e-03 1.46036882e-03 8.28269091e-04
6.10174128e+00 -1.99661206e-02 -5.14643083e-02 -5.02783786e-02 5.07928481e-03 2.22249663e-03 3.00544459e-03
8.81432784e+00 -3.53868736e-02 9.16215784e-03 -1.78273561e-02 1.40122489e-03 1.80079242e-03 6.61142091e-03
1.15213096e+01 -7.62561832e-03 5.27132252e-02 3.24373270e-02 6.35289318e-03 1.09857930e-03 1.34578680e-03
1.42414314e+01 -1.14236869e-02 1.59784018e-02 2.13563638e-03 9.03984545e-03 1.31939911e-03 8.78391338e-04
1.69586893e+01 9.86841566e-03 -4.21912973e-02 -7.79084451e-03 1.48479704e-02 1.50580121e-03 3.24420362e-03
1.96689127e+01 2.22161890e-02 -4.01271354e-03 -9.33348753e-03 1.30750322e-02 5.30478215e-04 4.43402120e-03
2.23776924e+01 3.73256874e-02 -6.04417364e-03 2.10944651e-02 1.05924654e-02 1.69459959e-03 9.44132302e-03
2.50935986e+01 1.74721351e-02 3.79980632e-03 8.55153096e-02 7.27939421e-03 1.13644495e-03 3.15614992e-03
2.78101033e+01 4.05712388e-02 -1.30116081e-02 8.19669219e-02 3.28906977e-03 2.44334324e-03 3.91937879e-03
3.05341939e+01 4.93712323e-02 -1.23371597e-03 6.76865767e-02 2.16658938e-03 2.22207847e-03 2.78805873e-03
3.32572611e+01 6.51987040e-02 -6.59136336e-02 4.65842805e-02 6.00856764e-03 1.15103721e-03 3.35907114e-03
3.59862064e+01 3.73150769e-02 -4.77535795e-02 -1.58402740e-02 1.52171375e-02 9.59564751e-04 8.88376764e-03
3.87115767e+01 -5.64330128e-03 -4.66457945e-02 -7.25283265e-02 2.04387069e-03 1.24598251e-03 5.15927597e-03
4.14293127e+01 -9.08486066e-03 -6.19651295e-02 -9.42679677e-02 5.58837171e-03 4.80125437e-04 3.47846775e-04
4.41454783e+01 -2.63952423e-02 3.59438633e-02 -1.50504704e-02 6.30399921e-03 6.72451042e-04 5.73915663e-03
4.68613221e+01 4.37140532e-03 7.25312936e-02 4.09618998e-02 9.50784010e-03 2.23939217e-03 1.74395301e-03
4.95767658e+01 1.51591428e-02 2.11167153e-02 8.57267623e-02 4.07648199e-03 1.65722320e-03 3.13370813e-03
5.22903080e+01 1.24701990e-02 2.12670585e-02 5.45150600e-02 6.78700958e-03 4.24905525e-03 4.93220947e-03
5.50078986e+01 -1.74392190e-02 2.61018494e-02 -1.74389686e-03 6.09938702e-03 1.41205610e-03 6.59835465e-03
5.77171814e+01 -3.12183916e-02 -2.64126583e-03 3.51871686e-02 4.55946052e-03 1.23898597e-03 3.24973190e-03
6.04255799e+01 -3.33100091e-02 1.01774193e-02 3.55049903e-02 2.31620188e-03 1.30782084e-03 1.43574834e-03
6.31299518e+01 -7.44393671e-03 7.32325064e-04 -3.85460716e-02 3.89978223e-03 1.92429422e-03 3.03778465e-03
6.58330361e+01 2.40193601e-02 1.94756322e-02 -7.11567058e-02 6.89843683e-03 1.01965494e-03 6.18697655e-03
6.85521158e+01 1.29440801e-02 3.00217701e-02 -8.77126232e-02 7.67224764e-03 1.99259965e-03 6.39228385e-03
7.12719971e+01 -3.93122057e-02 -2.57588745e-02 4.02311203e-03 3.38384327e-03 1.09839031e-03 4.97409013e-03
7.39883377e+01 4.53512305e-03 -2.34564253e-02 4.36214585e-02 2.23427583e-03 6.31532074e-04 1.08929308e-02
7.67114236e+01 -5.03206207e-03 -5.53044192e-02 3.29725938e-02 5.19269986e-03 1.55276425e-03 1.34459091e-02
7.94223689e+01 5.82739821e-02 -7.22177104e-02 8.05811056e-02 3.10150865e-03 2.99763291e-03 4.29889502e-03
8.21384580e+01 8.70644455e-02 -4.62893698e-02 3.60166652e-02 5.53923573e-03 1.11245514e-03 1.32371740e-03
8.48644861e+01 7.73848868e-02 -1.32863060e-03 1.57618975e-02 1.01660391e-02 2.35123301e-03 4.03289521e-03
8.75850517e+01 6.77147226e-02 -4.50233999e-02 -1.54834409e-02 5.88295931e-03 1.54462073e-03 1.95123622e-03
9.03053361e+01 3.03140915e-02 2.48358609e-04 -2.03504166e-02 4.28369115e-03 9.30787952e-04 2.16526349e-03
9.30271611e+01 3.02854375e-02 1.81142889e-02 1.07768116e-02 3.84425138e-03 1.64469991e-03 2.45181432e-03
9.57477221e+01 5.49718128e-02 -9.13528921e-03 1.74583635e-02 1.99398207e-03 5.65427688e-04 4.95697491e-03
9.84686689e+01 4.34685742e-02 -4.78267506e-02 -1.69113112e-02 2.68973554e-03 1.19961177e-03 2.71344803e-03
1.01185869e+02 4.05374519e-02 -1.65285105e-02 1.05041009e-02 3.62959483e-03 2.54108338e-03 2.30774081e-03
1.03895744e+02 3.55869571e-02 -8.24069530e-03 4.36614873e-02 4.05814888e-03 8.08114680e-04 4.62489070e-03
1.06610181e+02 -1.73784159e-02 3.11608031e-02 4.03247947e-02 3.66487804e-03 2.42971375e-03 3.42053537e-03
1.09326713e+02 -4.29974497e-02 -1.59267203e-02 2.87963250e-02 2.56705994e-03 3.66381590e-03 4.89919345e-03
1.12042041e+02 -1.91819703e-02 -2.96081937e-02 1.90020972e-02 6.55607708e-03 1.25352930e-03 2.82471147e-03
1.14757103e+02 8.49075098e-04 3.93537384e-02 7.03429559e-02 4.69191962e-03 2.44777038e-03 7.67400285e-03
1.17468525e+02 2.61842399e-02 3.68819174e-02 5.72922673e-02 4.79059289e-03 1.53894114e-03 6.82260217e-03
1.20176994e+02 4.44054790e-02 2.19051721e-02 5.07253537e-02 3.33347373e-03 1.97924985e-03 4.27238067e-03
1.22904603e+02 3.17098580e-02 -1.35107850e-02 -3.14193970e-02 7.32040010e-03 1.87835863e-03 6.19562700e-03
1.25615744e+02 4.07747936e-02 -1.64169878e-02 -1.05899901e-02 5.26413158e-03 2.29063802e-03 6.69751959e-04
1.28336478e+02 3.98748160e-02 -3.25391374e-02 1.67084727e-02 4.43268606e-03 8.41467359e-04 3.91326264e-03
1.31056166e+02 2.42362560e-02 -5.00573664e-02 4.67020390e-02 6.80412502e-03 1.32157057e-03 1.37648080e-03
1.33771197e+02 5.86852772e-02 -3.06420108e-02 5.23975386e-02 2.16517900e-03 3.43552823e-03 2.73944729e-03
1.36484947e+02 4.68245144e-02 -6.41632881e-02 2.79697063e-02 3.65521984e-03 1.59820041e-03 2.42597130e-03
1.39194369e+02 -4.25026805e-03 -3.60777894e-02 2.92282902e-02 1.98705421e-03 1.97754944e-03 7.98146341e-04
1.41908744e+02 -6.99201237e-02 1.38069018e-02 -3.32701075e-03 2.98851825e-03 6.42628012e-04 6.26794878e-03
1.44619213e+02 -6.99657497e-02 9.60370621e-03 5.73713341e-02 1.26723169e-03 1.87431503e-03 4.88113767e-03
1.47332119e+02 -2.08926300e-02 3.41369942e-03 9.84226048e-03 4.89210357e-03 1.59567780e-03 7.94556594e-04
1.50041541e+02 1.33191309e-02 9.04563646e-03 4.01276322e-02 1.90233645e-03 7.28643887e-04 1.70983605e-03
1.52759260e+02 1.95530201e-02 9.50117477e-03 4.78798640e-02 1.57661338e-03 1.04436346e-03 3.45674996e-03
1.55467135e+02 3.28559782e-02 -1.42467833e-02 4.61450534e-02 1.31758632e-03 2.09340351e-03 5.99672937e-03
1.58183025e+02 2.02754892e-02 2.62384921e-03 1.05924980e-02 2.11287694e-03 8.63042933e-04 3.86903674e-03
1.60899072e+02 -8.14536925e-03 -3.36542626e-02 -6.57784613e-02 2.71004350e-03 4.23360708e-03 1.68832354e-03
1.63622322e+02 -3.62848019e-02 -1.61931724e-02 -1.48812047e-02 2.25503200e-03 9.84160427e-04 1.78428061e-03
1.66344869e+02 -4.07476025e-02 1.23521021e-02 6.57130618e-04 1.87605390e-03 1.51530188e-03 1.45837222e-03
1.69070713e+02 -2.21781078e-02 4.63297863e-02 4.46461683e-03 3.45715674e-03 2.69106314e-03 4.85335508e-03
1.71794619e+02 1.56254036e-02 3.33828983e-02 8.25408431e-03 1.26561993e-03 1.23697607e-03 1.10560619e-03
1.74515478e+02 9.71793463e-04 3.48370779e-02 1.16058843e-02 8.17884866e-04 6.81342366e-04 1.28799235e-03
1.77237244e+02 -1.02946561e-02 5.78375625e-03 2.20334191e-02 5.44797762e-03 2.67940313e-03 3.19270761e-03
1.79952416e+02 -2.38888655e-02 3.02184441e-03 2.19102031e-02 5.33225918e-03 9.86280625e-04 6.45701370e-04
1.82659853e+02 -4.15752676e-02 4.42621745e-03 -2.33976438e-02 2.85054848e-03 2.59502543e-03 9.71265271e-04
1.85370728e+02 -4.73371077e-02 5.77833297e-02 -4.36342073e-02 2.60199478e-03 2.31775459e-03 1.01735631e-03
1.88086931e+02 -3.89897353e-02 6.05354662e-02 -6.70261928e-02 1.31659745e-03 8.28545578e-04 3.02463878e-03
1.90809072e+02 -4.51609156e-02 4.78978049e-02 -5.42719773e-02 2.77305004e-03 1.53368522e-03 1.54096475e-03
1.93518947e+02 -2.60788842e-02 8.08469803e-02 -5.88376542e-03 6.46520218e-03 1.99594114e-04 1.51537452e-03
1.96234181e+02 -1.23208900e-02 7.26722611e-02 1.75281247e-02 3.16005418e-03 3.44900250e-03 2.56214278e-03
1.98937775e+02 -2.28440878e-02 -9.22546803e-03 4.19451116e-03 4.89877948e-03 1.57659941e-03 2.90791169e-03
2.01643947e+02 -2.46589049e-02 -3.43580559e-02 -5.98103692e-03 2.30522760e-03 3.67623253e-03 1.63972289e-03
2.04363572e+02 4.01413181e-03 -7.04937919e-02 -1.57067530e-02 2.34974326e-03 5.36454901e-04 2.32230721e-04
2.07072056e+02 9.31331269e-03 -2.92963166e-02 1.33921686e-02 3.01414505e-03 1.03825395e-03 2.36251058e-03
2.09788572e+02 3.70090767e-03 5.81674978e-02 5.66800377e-03 2.84291827e-03 2.17548685e-03 1.52276063e-03
2.12498322e+02 2.90231114e-03 8.12411112e-02 -9.01197338e-03 1.60492772e-03 8.87419993e-03 5.86648041e-04
2.15214197e+02 -2.54686527e-02 3.93814453e-02 1.20611389e-02 4.53435912e-03 3.26854933e-03 1.93577266e-03
2.17936775e+02 -5.62697575e-02 4.90438704e-02 3.75640496e-02 1.32606678e-03 1.22621933e-03 3.08682212e-03
2.20655791e+02 -4.82623830e-02 4.21046502e-02 4.27237044e-02 5.78384863e-04 1.03777569e-03 5.97034002e-03
2.23376181e+02 -3.25071115e-02 -1.66541357e-02 5.16441251e-03 1.09560782e-03 3.04475819e-03 1.13674830e-03
2.26100431e+02 -4.46186299e-02 -4.21544675e-03 -3.27242447e-02 1.38054593e-03 8.23930336e-04 1.14830733e-03
2.28824181e+02 -1.68045138e-02 -1.91133018e-02 -5.03367097e-02 3.68178806e-03 8.80724388e-04 3.25807269e-03
2.31541525e+02 8.16634117e-03 3.30128397e-02 -3.01242940e-02 2.26394316e-03 9.66465717e-04 2.36115402e-03
2.34260494e+02 3.75755756e-02 5.69824259e-02 -3.08636887e-02 1.38295630e-03 1.25966258e-03 2.44122653e-03
2.36986447e+02 6.04201749e-02 3.95818552e-02 -1.56065241e-02 2.43164981e-03 2.22398937e-03 4.67923828e-03
2.39702681e+02 2.99133978e-02 2.11264097e-02 -1.60753657e-02 1.26835982e-03 1.16945191e-03 3.57931619e-03
2.42423353e+02 -6.46791627e-03 -1.01375354e-02 1.78350598e-02 2.71452013e-03 8.87138833e-04 3.29483337e-03
2.45139197e+02 -1.64138226e-02 1.38021382e-02 3.73570724e-02 1.17857426e-03 1.75375563e-03 2.35851885e-03
2.47858728e+02 3.48497006e-03 7.75471844e-03 1.88575715e-02 2.30214111e-03 1.33291842e-03 1.76246733e-03
2.50566916e+02 -2.50367966e-04 -3.13591867e-02 -4.97792983e-03 4.56977580e-03 1.63456224e-03 1.87227621e-03
2.53274181e+02 3.76113315e-03 -1.19338736e-02 -2.61980155e-02 4.93505236e-03 1.03621238e-03 1.23500359e-03
2.55997338e+02 -6.21702790e-03 4.91449955e-03 3.83354228e-03 3.52470713e-03 1.77858403e-03 2.61852773e-03
2.58709603e+02 1.18646921e-02 5.05607596e-02 6.11356900e-03 4.64874184e-03 1.57365140e-03 2.70843304e-03
2.61420697e+02 5.96048197e-03 2.21373108e-02 2.03198216e-02 7.17921725e-03 1.97527873e-03 6.97452167e-04
2.64138885e+02 -4.52814130e-02 3.97155041e-02 6.38298832e-03 7.85957830e-03 3.33019814e-03 4.67175511e-03
2.66843228e+02 -8.52717495e-02 1.93678891e-02 5.12126089e-03 3.90250425e-03 4.23949406e-03 2.37538962e-03
2.69549903e+02 -2.50581586e-02 1.61688811e-02 4.27746086e-02 1.70659282e-03 1.79016821e-03 2.01683273e-03
