6.93716469e-01 5.47874631e-02 -2.59007403e-02 -4.54572914e-03 6.23958088e-04 2.02335847e-03 3.10998453e-03
3.40023708e+00 3.56044715e-02 -1.74107469e-02 2.44967034e-03 2.86780750e-03 3.93442522e-03 2.51261137e-03
6.11593990e+00 -4.41117590e-02 2.64393029e-02 -1.36056386e-02 1.23611345e-03 3.87077125e-03 5.91881502e-03
8.82177256e+00 -4.35206848e-02 -3.82193239e-02 -9.16439527e-04 3.71619496e-03 1.66776483e-03 2.34079723e-03
1.15274949e+01 -3.24725832e-02 -2.25393384e-02 5.88913067e-03 2.22213232e-03 6.00752498e-03 3.60424724e-03
1.42425683e+01 -2.19411275e-02 -4.10846498e-02 3.99745499e-02 3.12938955e-03 1.89405170e-03 3.41886123e-03
1.69633324e+01 -3.83466202e-02 -1.16009008e-02 1.25870934e-02 6.39526714e-03 1.13341616e-03 2.71563712e-03
1.96766965e+01 -4.30896720e-02 4.44066259e-02 7.36143250e-03 9.09562107e-03 9.40264908e-04 2.65437714e-03
2.23940308e+01 -2.47505771e-02 -4.32542531e-03 -3.84207131e-02 5.46594464e-03 1.40481840e-03 6.25030133e-03
2.51183840e+01 -3.10587686e-02 5.79834057e-02 7.01843346e-03 2.84250783e-03 2.80851174e-04 7.77048807e-03
2.78368730e+01 2.71167990e-02 7.71204139e-02 6.20578395e-02 5.01216832e-03 1.12133685e-03 4.96952723e-03
3.05500465e+01 4.85434017e-02 4.68018172e-02 1.15779251e-01 1.62463113e-03 1.25288147e-03 3.19327206e-03
3.32645902e+01 1.16318621e-02 -7.80268093e-03 8.75725645e-02 4.19450633e-03 1.41511822e-03 2.95136022e-03
3.59845558e+01 -4.26082555e-02 2.88311382e-02 2.82305807e-02 1.97662439e-03 1.86389259e-03 1.76027754e-03
3.87002152e+01 -7.79636681e-02 2.04344370e-02 -1.01396480e-02 3.86856724e-03 2.24595021e-03 4.61815724e-03
4.14210996e+01 -6.14075200e-02 2.44298184e-02 -7.10983163e-02 2.80116963e-03 2.34972030e-03 3.91293729e-03
4.41358465e+01 -3.20225108e-02 3.98234262e-02 -5.49038458e-02 5.19230648e-03 1.40112515e-03 4.56639264e-03
4.68642355e+01 1.45247530e-02 7.42295419e-03 -6.08449621e-02 2.38299073e-03 5.65375624e-04 2.35747484e-03
4.95884418e+01 4.08990505e-02 4.34637216e-02 -1.59514551e-02 5.78761278e-03 9.08069984e-04 3.28856925e-03
5.23178293e+01 4.03883912e-03 2.06317594e-02 2.73031373e-02 2.83700186e-03 1.69801454e-03 1.96066663e-03
5.50318949e+01 -4.80170091e-03 -4.32042792e-02 3.66909093e-02 1.01379504e-03 7.90820394e-04 3.30999108e-03
5.77454527e+01 9.26182569e-03 -7.28009912e-02 4.28042738e-02 5.47252225e-03 2.19115527e-03 4.34090771e-03
6.04627308e+01 -3.79077754e-02 2.02734658e-03 -9.18730546e-03 2.62806202e-03 4.60391315e-04 1.70007653e-03
6.31699996e+01 -6.64031442e-02 4.22241893e-02 -3.77990550e-02 1.20857207e-03 1.21149518e-03 1.45429980e-03
6.58811090e+01 -7.37172360e-02 -1.38014881e-02 -4.52390227e-02 1.73472889e-03 3.19605896e-03 3.92649147e-03
6.85913433e+01 -4.51189513e-02 1.60219899e-02 -6.75781277e-02 7.71482780e-03 1.38409893e-03 2.50992980e-03
7.13044543e+01 -4.62703026e-02 -5.60784511e-02 -5.34652555e-02 2.03934381e-03 1.73906105e-03 3.77054634e-03
7.40228168e+01 -3.53892784e-02 -5.30505272e-02 -4.86190050e-02 3.89127355e-03 5.65707760e-03 4.16013848e-03
7.67276605e+01 1.76348829e-02 -2.80497017e-02 -4.56344644e-03 3.76511929e-03 1.91383124e-03 5.22038285e-03
7.94396855e+01 1.74791817e-02 1.46082274e-02 -8.79275943e-04 4.69659517e-03 1.14044683e-03 4.04219563e-03
8.21509105e+01 4.71924030e-03 -1.03615596e-02 1.08935982e-02 4.91989501e-03 1.01885265e-03 8.85402924e-04
8.48676558e+01 -3.49855227e-02 1.49384680e-02 -2.07125397e-02 3.69666727e-03 1.28227355e-03 3.07421446e-03
8.75848637e+01 -4.70182475e-02 4.22091037e-02 -7.08554836e-02 3.85097791e-03 3.65195098e-03 5.68793305e-03
9.02997324e+01 -5.30476635e-02 5.85381546e-02 -1.87136721e-03 1.87760507e-03 2.42756402e-03 6.90944719e-04
9.30261043e+01 -2.73003952e-02 -3.13418738e-03 1.15296110e-01 6.59629125e-04 1.08888720e-03 6.17969350e-03
9.57451324e+01 4.59661537e-02 -3.80208463e-02 1.41202396e-01 8.89913095e-04 3.36258412e-03 1.66175716e-03
9.84645277e+01 4.86846814e-02 -5.56163702e-02 1.00127302e-01 3.42845073e-03 2.52943981e-03 2.80106756e-03
1.01182568e+02 3.75992382e-02 -2.75749392e-02 2.37179679e-02 8.54132875e-03 2.51584063e-04 5.41102303e-03
1.03897100e+02 3.66330466e-02 -8.29000565e-03 -1.20788666e-02 2.32552302e-03 5.75945673e-04 1.99194535e-03
1.06613412e+02 1.77946206e-02 2.84014482e-02 9.59007036e-04 2.29415785e-03 4.81205172e-04 4.63605393e-03
1.09337131e+02 -5.72613388e-02 -8.62724006e-03 -2.05217918e-02 8.48799920e-03 5.22638086e-04 2.29166932e-03
1.12041365e+02 -4.41067951e-02 -3.50425683e-02 1.17632516e-02 4.78201739e-03 2.92178491e-03 2.95570563e-03
1.14755818e+02 -7.43090116e-02 -1.53675216e-02 -2.48428332e-02 3.29362910e-03 3.37675940e-04 3.63587406e-03
1.17475850e+02 -8.94487721e-02 -1.60974894e-02 -1.18129843e-01 3.50252068e-03 8.65748218e-04 3.54639551e-03
1.20193256e+02 -5.44176621e-02 -1.99936313e-04 -8.29166156e-02 5.65498113e-03 1.44888548e-03 6.04052438e-03
1.22910865e+02 -2.28926511e-02 5.12069122e-03 -3.96901536e-03 4.08233187e-03 1.49093493e-03 6.22626003e-04
1.25629428e+02 -1.11103570e-02 3.52748780e-02 -1.82105000e-02 1.66668416e-03 4.26637763e-03 3.67035083e-03
1.28338631e+02 3.01225669e-02 1.34098049e-02 -3.87657255e-02 1.49408139e-03 1.42975181e-03 1.86531138e-03
1.31048209e+02 4.21273995e-02 2.82732206e-02 -7.13065323e-02 3.10529017e-03 3.73635631e-03 6.01080167e-03
1.33756443e+02 6.32947713e-02 5.26488974e-02 -7.57549828e-02 1.46489905e-03 3.90130649e-03 2.43374344e-03
1.36471053e+02 5.60342407e-02 1.79979656e-03 -9.98602274e-03 1.30840491e-03 1.80843027e-03 1.68362368e-03
1.39192615e+02 -9.44650321e-04 5.18622547e-03 -8.47957687e-03 3.13953736e-03 1.90527816e-03 1.93032598e-03
1.41907803e+02 -1.39274279e-02 2.75144763e-02 -2.64583771e-02 2.79929730e-03 4.56355934e-04 2.19059884e-03
1.44622506e+02 1.31302242e-02 3.95275414e-02 -4.07105832e-02 1.90259208e-03 2.79125021e-03 4.51935056e-03
1.47333131e+02 1.42352008e-02 5.04425558e-02 -5.28262589e-02 3.01838525e-03 3.30372309e-04 3.52408736e-03
1.50033412e+02 -7.95012647e-03 1.00329355e-01 -2.36442979e-02 4.28307642e-03 3.72073984e-03 2.16727545e-03
1.52741975e+02 -3.11879264e-02 1.06054712e-01 -3.67184485e-02 1.22994505e-03 1.51270759e-03 1.01662437e-03
1.55463006e+02 -1.32482645e-02 1.90921616e-02 -1.24800194e-02 6.47509992e-04 2.81645463e-03 9.56176833e-04
1.58183412e+02 -5.98337415e-03 -9.11648753e-03 2.94180322e-02 2.41729661e-03 1.54467045e-03 1.58016571e-03
1.60909818e+02 8.47130867e-03 -4.62611369e-02 7.93152849e-03 4.48653089e-03 3.96008304e-03 1.44403289e-03
1.63631459e+02 1.04380944e-02 -4.35374500e-02 -8.39663051e-03 1.44145314e-03 8.43321235e-04 2.44327626e-03
1.66357693e+02 2.06624642e-02 -5.63052874e-02 -4.90169939e-02 1.64936772e-03 1.21711550e-03 3.28281117e-03
1.69068709e+02 3.17943629e-02 -4.51160405e-02 -4.97836056e-02 3.91188730e-03 4.14779163e-04 4.34722707e-03
1.71788303e+02 2.99868988e-02 -4.02661041e-02 -4.78673508e-02 8.65955897e-04 1.17953592e-03 2.25188398e-03
1.74508912e+02 5.05490288e-04 1.75216187e-03 8.13929317e-04 2.95034914e-03 1.68232728e-03 2.85659003e-03
1.77227068e+02 -8.91576833e-03 -7.40503265e-03 1.40675898e-02 2.23228405e-03 1.37531512e-03 6.58193120e-03
1.79945850e+02 -3.00707378e-02 -2.14569071e-02 -2.58043554e-02 4.32600114e-03 1.31376106e-03 3.55979272e-03
1.82663209e+02 -4.17612186e-03 -2.53177681e-02 -6.90638670e-02 4.80582436e-03 4.74189239e-03 4.21726282e-03
1.85375725e+02 2.63561898e-03 9.24941046e-03 -8.79845598e-02 2.20010925e-03 2.78583554e-03 2.12732747e-03
1.88085459e+02 -1.85412842e-02 -1.49802624e-02 -3.19069826e-02 5.43283319e-03 6.45441113e-04 4.15016392e-03
1.90797131e+02 -2.04869685e-02 -4.45905384e-02 3.34003278e-02 4.58088608e-03 2.27845018e-03 9.81089296e-04
1.93515303e+02 -1.13529774e-02 -5.96854831e-03 2.83427923e-02 1.40628473e-03 1.65980989e-03 3.07071551e-03
1.96218834e+02 7.59071688e-03 -7.24714891e-02 9.10051070e-03 1.51510544e-03 2.18405683e-03 2.03618574e-03
1.98935506e+02 1.63936759e-03 -1.10273820e-01 1.82284518e-02 2.23024810e-03 1.16836872e-03 8.56945206e-04
2.01646053e+02 -1.02532218e-02 -8.60506066e-03 2.92359796e-02 3.07013485e-03 6.96595072e-04 9.28610571e-04
2.04357350e+02 1.75740856e-02 3.47467325e-03 7.81604894e-03 3.14940048e-03 1.64278645e-03 1.51533275e-03
2.07078818e+02 2.68911896e-02 -9.43323537e-03 -7.02232651e-03 1.94448272e-03 4.21952746e-03 4.04080757e-03
2.09790365e+02 2.95492631e-02 -5.01496709e-02 -2.36105692e-02 1.18341506e-03 1.82790923e-03 1.28469175e-02
2.12511287e+02 1.95285274e-02 -5.96472273e-04 -2.09493291e-02 1.68049511e-03 1.05959225e-03 2.91693641e-03
2.15221240e+02 3.77189899e-02 3.43792600e-02 -1.31545729e-02 1.30412320e-03 9.79453336e-04 2.07810291e-03
2.17934193e+02 4.02930276e-02 1.83058416e-02 -1.50807871e-02 3.26760909e-03 7.00314985e-04 3.55851896e-03
2.20655178e+02 2.88247905e-02 -2.82054187e-02 2.63093960e-03 3.71732373e-03 3.08381559e-03 3.41485304e-03
2.23373021e+02 3.17343791e-02 -5.11689104e-02 -1.13489142e-02 3.71331858e-03 3.33077449e-03 3.18158348e-03
2.26078928e+02 3.19631974e-02 -5.76637545e-02 -2.78721968e-02 3.55581117e-03 1.23006982e-03 2.42912753e-03
2.28798834e+02 1.39643910e-03 -6.05656938e-02 -2.91419349e-02 5.16485097e-03 6.98398168e-04 1.05498513e-03
2.31524381e+02 -1.61036099e-02 -3.00030802e-03 -2.51760693e-02 5.74610027e-04 1.20174704e-03 2.28784844e-03
2.34242834e+02 -1.00679570e-02 1.99108041e-02 8.93875102e-03 1.30227598e-03 2.38407709e-03 2.11170288e-03
2.36960600e+02 1.33987786e-02 1.92158255e-03 1.46795535e-02 2.63307651e-03 8.45413949e-04 8.12787590e-04
2.39679303e+02 2.19050479e-02 -2.39597459e-02 5.73605458e-03 3.21354825e-03 3.20288975e-04 2.41023269e-03
2.42395475e+02 6.77545686e-03 -2.08465674e-02 4.87033952e-02 2.84725909e-03 2.36744856e-03 1.48255830e-03
2.45109646e+02 8.96868203e-03 6.07661712e-03 6.49818230e-02 3.81158719e-03 1.13674700e-03 1.58387933e-03
2.47842350e+02 4.05933456e-03 3.05173713e-02 2.48677167e-02 2.52158868e-03 8.79002006e-04 4.80296127e-03
2.50561553e+02 4.58840750e-03 1.39423619e-02 3.11770319e-02 9.84128660e-04 2.47274973e-03 5.53363421e-03
2.53277350e+02 4.42689060e-02 3.01324967e-02 5.12669770e-02 4.92401029e-03 9.63033943e-04 3.76818905e-03
2.56009615e+02 1.23219551e-02 2.93868209e-02 7.18884410e-02 3.67826211e-03 3.65465417e-03 1.03733871e-03
2.58718381e+02 -3.52202086e-03 4.07882271e-03 9.82237814e-02 2.96022820e-03 4.82554195e-04 1.25442692e-03
2.61436850e+02 -3.01577880e-03 -4.51043618e-02 2.93465703e-02 2.58084330e-03 2.48695792e-03 1.35416387e-03
2.64163740e+02 6.40890365e-03 4.98353654e-03 3.57693481e-02 7.18932665e-03 2.56642059e-03 2.36102240e-03
2.66878037e+02 3.22093959e-02 -2.84548993e-02 7.37496603e-03 4.64257880e-03 2.96438940e-03 2.72352420e-03
2.69588446e+02 3.30407936e-02 1.79106504e-02 1.95305588e-02 1.81282717e-03 2.13233076e-03 2.36470863e-03
