7.06863165e-01 1.27753291e-02 -1.63241225e-02 5.74071136e-02 2.01181656e-03 2.06498961e-03 3.53917655e-03
3.42075854e+00 1.43485839e-04 8.77836457e-02 2.20977914e-02 3.98739832e-03 2.92096577e-03 2.50741677e-03
6.12446963e+00 1.88525807e-03 7.96222817e-02 3.22919964e-03 3.73116668e-03 7.07803838e-04 4.07602667e-03
8.82649526e+00 -1.19390367e-02 4.06361581e-02 2.48721540e-02 4.56725504e-03 3.65391306e-04 2.47463530e-03
1.15458829e+01 -5.43146052e-02 -3.25391058e-02 9.32277352e-03 5.82119069e-04 9.29237084e-05 5.42453180e-03
1.42540220e+01 -3.20525592e-02 -2.42498409e-02 -2.21105814e-02 2.86871773e-03 1.07488775e-03 7.50708830e-03
1.69722720e+01 -5.64477884e-02 -2.21226509e-02 -2.23585617e-02 2.52156171e-03 1.77896864e-03 7.66828387e-03
1.96902360e+01 -9.37873540e-02 -2.07678390e-02 -3.05955841e-02 4.02896746e-03 2.37424455e-03 9.52197944e-03
2.23991907e+01 -8.54985897e-02 -1.18195558e-02 -1.29194064e-02 9.42210689e-04 1.11056083e-03 7.34843865e-03
2.51057532e+01 -2.11365087e-02 3.11182004e-02 -4.57419121e-02 4.28545630e-03 1.08166110e-03 5.12194710e-03
2.78169423e+01 2.96675099e-02 1.99989497e-02 -3.71264189e-03 7.85039578e-04 1.28374848e-03 4.92499103e-03
3.05406064e+01 1.22592673e-02 5.31975336e-02 7.02034382e-03 6.11210349e-04 2.65654762e-03 1.94261582e-03
3.32621954e+01 -1.57333898e-02 2.13292393e-03 3.18647978e-02 2.98010525e-03 1.04681689e-03 3.17041656e-03
3.59808110e+01 -4.92819001e-02 2.32320860e-02 9.32483375e-03 6.64917249e-03 2.42852560e-03 1.90265280e-03
3.87026298e+01 -7.63197982e-02 4.21981830e-02 1.46584092e-02 6.35152033e-03 7.93679871e-04 3.45056748e-03
4.14181907e+01 -1.01977497e-01 4.80106346e-02 5.47976074e-03 2.94883522e-03 1.57900017e-03 8.34369834e-03
4.41423095e+01 -6.26099731e-02 4.99461749e-02 -2.46293844e-02 4.68456242e-03 2.38545533e-03 6.03906344e-03
4.68607579e+01 9.56357800e-03 8.85879353e-02 -5.44699369e-02 4.86863771e-03 1.28061412e-03 3.84156569e-03
4.95891548e+01 6.13682155e-02 3.84156053e-02 -3.05489228e-02 8.07709075e-03 3.47667905e-03 4.08201720e-03
5.23092282e+01 3.16586123e-02 8.91569701e-03 4.02302830e-02 5.24343005e-03 3.32384857e-03 4.46099280e-03
5.50372704e+01 -1.00915557e-02 -3.88724372e-02 4.44506214e-03 2.73536802e-03 9.61277724e-04 2.59119667e-03
5.77447798e+01 -7.53995818e-03 -7.10152091e-02 -6.36313263e-02 2.77927920e-03 8.70900506e-04 3.27610854e-03
6.04511938e+01 2.38434494e-03 -8.29235582e-03 -6.32961674e-02 1.64900483e-03 1.57966068e-03 3.45481792e-03
6.31627282e+01 7.06387149e-03 5.30793406e-02 -2.41394321e-02 2.16969794e-03 2.74312133e-03 2.46704244e-03
6.58727017e+01 4.30334458e-03 3.79565456e-02 1.44988401e-02 5.02538520e-03 3.09136273e-03 4.38615668e-03
6.85941251e+01 -3.73807076e-02 1.11966168e-02 9.45023584e-03 9.20850258e-03 1.25201320e-03 4.55264827e-03
7.13104345e+01 -4.37018867e-02 -2.88590782e-02 -6.62036960e-02 7.78037257e-03 5.83637464e-04 3.47816233e-03
7.40194329e+01 -2.78579268e-02 -3.01661835e-02 -1.32178787e-02 4.68101010e-03 1.13411014e-03 3.03342404e-03
7.67372064e+01 -2.66171973e-02 -2.53221435e-02 2.89432240e-02 8.96860737e-04 1.39396134e-03 6.40669818e-03
7.94477485e+01 -2.49320480e-02 -1.11997651e-02 5.00707172e-02 2.30990551e-03 7.91304797e-04 1.96371487e-03
8.21590876e+01 -2.11958627e-02 -7.42163546e-03 -2.98766617e-02 2.73205677e-03 1.50537156e-03 3.72980029e-03
8.48703657e+01 -1.42994795e-02 6.57537572e-03 -5.85744101e-02 6.65130628e-03 2.36049221e-04 5.25538599e-03
8.75897079e+01 -7.15588254e-02 -3.33153881e-02 -7.54644974e-02 6.57328599e-03 2.84083537e-03 2.42250846e-03
9.03056110e+01 -6.20166766e-02 -4.94992931e-02 -3.77939137e-02 2.02291596e-03 3.26439218e-03 1.46111117e-02
9.30222564e+01 -1.13168727e-02 -4.83899204e-02 4.22301173e-02 3.19592257e-03 5.69653495e-03 1.18774680e-02
9.57435892e+01 1.39785594e-03 -5.92322422e-02 3.97591656e-02 4.89146501e-03 2.08758915e-03 3.50540916e-03
9.84653595e+01 -3.22202183e-02 -1.39626441e-02 -1.50302739e-02 5.96961022e-03 1.58040413e-03 1.65942260e-03
1.01180594e+02 -3.82472975e-02 5.43401816e-02 1.22133975e-02 1.54026176e-03 1.27386078e-03 3.42678471e-03
1.03897859e+02 -2.17143174e-02 5.08099705e-02 2.51059729e-02 2.91267301e-03 1.11472113e-03 4.94119607e-03
1.06608672e+02 8.28887787e-03 1.26002592e-02 1.60438336e-02 3.71408362e-03 1.70224235e-03 6.57632304e-03
1.09323719e+02 3.06819554e-02 -1.19470195e-02 -9.04713645e-03 3.73826743e-03 8.38057382e-04 1.10502158e-02
1.12045484e+02 -2.33847162e-02 -1.94118460e-02 -8.64523655e-02 6.50649885e-03 7.45997140e-04 2.16623714e-04
1.14763016e+02 -4.97923429e-02 -6.43311017e-02 -1.33259417e-01 5.14413885e-03 1.84480671e-03 2.88820472e-03
1.17477328e+02 -1.64315208e-02 -3.85937484e-02 -9.38089251e-02 4.91627044e-03 1.61230323e-03 8.54439582e-03
1.20195672e+02 2.08865006e-02 -1.11918383e-03 -6.50117122e-03 1.04141621e-03 1.10782947e-03 2.53331101e-03
1.22909797e+02 3.67928381e-02 -6.61930327e-02 4.53261324e-02 4.61837900e-03 1.60661145e-03 3.66910542e-03
1.25632922e+02 2.55335296e-02 -5.81988051e-02 -5.00023681e-03 3.98610082e-03 2.47039471e-03 4.54445699e-03
1.28342719e+02 -9.97236783e-03 2.54298342e-02 5.50365717e-03 2.90399934e-03 1.92637590e-03 5.56475777e-04
1.31057281e+02 -4.94338813e-02 2.67476561e-03 -1.34348823e-02 5.70141178e-03 1.56480706e-03 3.43190382e-03
1.33775984e+02 -7.62122070e-02 7.67469040e-04 -3.50549875e-02 2.33093558e-03 2.56970797e-03 2.08837870e-03
1.36488813e+02 -5.41129540e-02 4.19499102e-02 -3.99185574e-02 5.47181744e-03 1.23016835e-03 5.97256465e-03
1.39199625e+02 -9.36049263e-03 6.72243582e-03 -6.17890018e-03 3.39632095e-03 1.13470766e-03 4.06764737e-03
1.41911016e+02 -3.20463208e-02 -1.22833069e-02 -1.78582349e-02 5.67604457e-03 1.81236158e-03 4.07175154e-03
1.44619891e+02 6.49215051e-03 3.86651205e-03 -4.89975936e-02 2.52446011e-03 7.28387965e-04 3.94909645e-03
1.47327391e+02 7.13542927e-03 3.57184515e-02 -2.78142731e-02 2.07648549e-03 1.57737555e-03 1.89407670e-03
1.50038031e+02 -6.52906915e-03 1.22941414e-01 -3.70598546e-02 2.28676667e-03 8.97003497e-04 9.99473659e-04
1.52754844e+02 -1.62037908e-02 9.91039275e-02 -3.39407115e-02 1.56397712e-03 2.01181888e-03 5.98764592e-04
1.55465625e+02 -9.18703266e-03 7.76903710e-02 -3.84095927e-02 4.03748920e-03 9.67090972e-04 1.64585588e-03
1.58186625e+02 1.83677739e-02 6.80494401e-03 -1.81566297e-02 3.04582255e-03 7.72308186e-04 5.25542577e-04
1.60910563e+02 2.31801596e-02 -3.08915038e-02 4.08487502e-02 4.43250570e-03 6.70189731e-04 4.49489519e-03
1.63633406e+02 2.80102753e-03 -5.01861023e-02 -3.18598169e-02 5.11908004e-03 5.64189684e-04 4.08714821e-03
1.66350281e+02 -1.32401989e-02 -3.88841374e-02 -1.17196689e-01 3.83347007e-03 1.59597839e-03 7.62516438e-03
1.69074266e+02 -7.60091477e-03 -2.37245876e-02 -9.62646322e-02 5.86565480e-03 5.21254306e-04 5.28224810e-03
1.71793500e+02 6.24002122e-03 3.11138708e-02 -1.60759450e-02 3.41553582e-03 7.03299434e-04 7.37527415e-03
1.74511328e+02 2.03032725e-02 4.14182955e-03 3.74459370e-02 4.35656651e-03 1.47305188e-03 7.91968672e-03
1.77226109e+02 9.54629494e-03 -8.77289123e-03 -8.13134485e-03 1.66915024e-03 3.04321125e-03 8.20263802e-03
1.79945938e+02 4.88268036e-03 2.14714651e-03 -3.20116054e-02 5.87846365e-03 2.62736667e-03 2.01363377e-03
1.82654797e+02 1.19853258e-02 4.99057757e-02 -2.83659087e-02 2.45841788e-03 1.02778941e-03 1.96712458e-03
1.85374781e+02 7.79497620e-03 3.73608560e-02 -3.43655914e-02 3.64194653e-03 2.27263617e-03 2.40904680e-03
1.88089609e+02 6.59241610e-03 6.71730248e-02 -2.65305579e-02 9.81878818e-04 1.31170059e-03 2.18975888e-03
1.90803281e+02 -1.22826299e-02 2.32588468e-02 -2.27684361e-03 1.16101032e-03 3.68240423e-04 3.46608876e-03
1.93504297e+02 2.27693317e-03 3.34992543e-03 1.80730034e-02 1.05251067e-03 7.98746604e-04 4.21256965e-03
1.96230313e+02 1.37091457e-02 1.72422274e-02 -2.12372193e-02 1.39835714e-03 7.63719195e-04 1.22396001e-03
1.98937984e+02 -1.10410407e-03 -3.48661003e-02 -1.59318827e-02 1.78312152e-03 1.26726036e-03 3.92803657e-03
2.01646031e+02 1.93026486e-02 -3.75909971e-02 -2.20883025e-02 6.99068517e-04 3.51942723e-03 4.75802490e-03
2.04360359e+02 3.18045004e-02 -3.67622299e-03 -2.11937806e-02 3.02440577e-03 6.52582850e-04 2.18836442e-03
2.07075359e+02 1.60473738e-02 1.98584465e-02 -3.67594411e-02 5.36730952e-04 1.82590875e-03 1.45726593e-03
2.09789063e+02 1.79008158e-02 2.40357165e-03 -2.95326096e-02 2.44401121e-03 2.31126085e-03 1.80230732e-03
2.12506375e+02 -5.10656441e-03 1.52864668e-02 -3.26372158e-03 3.05804484e-03 1.12347042e-03 2.66405490e-03
2.15222563e+02 -1.12828180e-02 3.89210565e-02 2.20858560e-02 3.76929380e-03 1.99086287e-03 1.83685018e-03
2.17944250e+02 1.95567824e-02 6.19050105e-02 2.80216429e-02 1.52366515e-03 7.16256369e-04 3.90384017e-03
2.20666750e+02 1.45873828e-02 2.58361379e-02 -2.29078822e-02 2.14847999e-03 3.41888501e-04 5.92310694e-03
2.23381203e+02 -3.73847427e-03 6.32754767e-03 -2.94867191e-02 1.21020488e-03 3.81848515e-04 2.61024591e-03
2.26101438e+02 -2.18591248e-02 -3.66309883e-02 -2.04147348e-02 1.83794731e-03 7.10862953e-04 2.79959367e-03
2.28815703e+02 -8.62144269e-03 -3.48246739e-02 -1.25552244e-02 2.11512259e-03 1.43857490e-03 2.31581839e-03
2.31523688e+02 2.15964528e-03 -6.32058276e-02 3.79560569e-03 1.71235341e-03 8.06960446e-04 1.39108036e-03
2.34247703e+02 1.21971403e-02 -2.01493107e-02 1.32359398e-02 2.79063924e-03 2.04679014e-03 6.43826002e-03
2.36964188e+02 -3.80110499e-03 -8.78055936e-03 -2.91443671e-03 1.39802066e-03 2.66365259e-03 2.99478155e-03
2.39686031e+02 -4.38001475e-03 -2.44555535e-02 -1.71760741e-02 1.44774475e-03 1.14227071e-03 3.67094908e-03
2.42406656e+02 -2.91899216e-02 -1.12475019e-02 -2.64586836e-02 8.08729143e-04 6.25479253e-04 3.80102550e-03
2.45123188e+02 -2.38234013e-02 3.18415087e-02 -4.02347414e-02 1.58397746e-03 5.88898372e-03 2.86537850e-03
2.47834578e+02 -1.50784590e-03 3.91185723e-02 -9.74055301e-03 3.63655939e-03 5.36988410e-04 3.79693391e-03
2.50556266e+02 2.62629939e-02 6.63190896e-02 3.72856522e-02 2.04509035e-03 1.17074237e-03 4.29215805e-03
2.53280063e+02 -3.02886342e-04 4.77797139e-02 7.68962756e-02 5.69971825e-03 1.56282676e-03 7.81511804e-03
2.55999828e+02 -2.90734003e-02 8.16033371e-03 8.70458019e-02 5.39088886e-03 2.24561847e-03 7.71080723e-03
2.58722750e+02 -1.11529715e-02 -3.82544536e-02 7.93148285e-02 5.53924516e-03 1.75752702e-03 6.69224519e-03
2.61445359e+02 -7.32399683e-03 -1.41867288e-02 2.99063280e-02 4.61772990e-03 1.31590452e-03 2.50131266e-03
2.64160703e+02 -1.85736768e-03 -3.49673498e-02 -1.82111573e-02 7.13539267e-03 8.11782796e-04 3.70689696e-03
2.66877031e+02 1.07016620e-02 -8.08549436e-02 9.41719204e-03 3.45955492e-03 1.57180293e-03 2.55366954e-03
2.69589451e+02 4.01224926e-02 -8.19749628e-02 6.04349624e-02 3.73586027e-03 1.63638566e-03 1.62509188e-03
