6.79996484e-01 4.44597155e-02 1.81508742e-02 1.01595818e-02 2.31440505e-03 3.08609454e-03 2.01265590e-03
3.39467413e+00 9.57515268e-03 -3.11385122e-03 -4.00361186e-02 2.04102266e-03 2.06227988e-03 3.12594232e-03
6.11389383e+00 -2.21784559e-02 2.06482479e-02 -7.21080303e-02 5.62100781e-04 1.59999596e-03 8.46054962e-03
8.82826086e+00 -3.43471209e-02 4.83799235e-03 -7.39540875e-02 1.64163092e-03 1.02834476e-03 4.76098837e-03
1.15454221e+01 -4.14423249e-02 -2.45604267e-02 -3.41017200e-02 1.44028861e-03 4.91193904e-03 3.30195974e-03
1.42703034e+01 -3.32944156e-02 3.96217309e-02 -3.56333078e-02 3.17321229e-03 1.64620335e-03 3.80268533e-03
1.69925190e+01 -7.41901457e-03 3.72396230e-02 4.42138749e-02 3.07072535e-03 2.80901137e-03 5.05140566e-03
1.97223252e+01 1.02369202e-02 -1.74199114e-02 7.57027996e-02 6.16557638e-03 5.56021390e-03 7.55529928e-03
2.24457909e+01 4.01814824e-03 3.95537000e-03 9.94689486e-02 3.07128899e-03 5.66957954e-03 3.23452345e-03
2.51634877e+01 1.88012780e-02 -1.47257322e-02 3.11678263e-02 5.53082266e-03 2.71938373e-03 1.63285957e-03
2.78831424e+01 -1.04172284e-02 -5.82954354e-02 -2.66546356e-02 2.88050070e-03 2.34190364e-03 3.55322595e-03
3.05936346e+01 5.51062746e-03 -6.88547485e-02 -1.41117211e-02 1.16679134e-03 3.87070499e-03 2.49217364e-03
3.33007862e+01 4.61846199e-03 -5.09699619e-02 -5.51122544e-03 2.38723722e-03 4.44826793e-03 5.75208277e-03
3.60036643e+01 -1.75445289e-02 -6.83006831e-02 3.28304192e-02 3.00515008e-03 2.10225847e-03 7.22825813e-03
3.87084783e+01 -4.38055961e-02 -4.97488094e-02 2.34564275e-02 2.18066354e-03 8.09559460e-04 4.82746948e-03
4.14156924e+01 -6.16861906e-02 -3.75430611e-02 5.51401008e-03 1.77763790e-03 3.45652696e-03 1.22845052e-03
4.41192487e+01 -1.78145052e-02 7.09366248e-03 -6.66804101e-03 4.01970515e-03 1.29190249e-03 5.79169411e-03
4.68344784e+01 -1.34108231e-02 2.88796900e-02 -1.08266533e-02 4.80766967e-03 1.86417373e-03 3.87782977e-03
4.95467596e+01 6.18239989e-03 2.88799999e-02 1.99500371e-02 1.69087887e-03 5.06890097e-03 3.53118814e-03
5.22614627e+01 6.00488849e-02 -1.90089017e-02 1.17932995e-01 2.38530306e-03 8.04032572e-04 8.37683152e-03
5.49723440e+01 1.15376354e-01 4.18445531e-03 1.04438624e-01 4.63410275e-03 2.98710726e-03 2.18350183e-03
5.76942018e+01 8.09197442e-02 3.74601226e-02 1.65316722e-02 5.38074285e-03 2.55783818e-03 1.89089288e-03
6.04228987e+01 1.70028984e-02 8.81907229e-02 -1.80381664e-02 7.60379866e-04 3.17259652e-03 1.50161356e-03
6.31418237e+01 -2.82531549e-02 1.75251273e-02 1.32943761e-02 3.42446775e-03 1.83378286e-03 1.17788902e-03
6.58673627e+01 -4.93750989e-02 2.34516787e-03 2.83001449e-02 2.91424128e-03 9.18734177e-04 4.03626867e-03
6.85823862e+01 -2.57784643e-02 3.94994384e-03 -1.47224107e-02 3.96085460e-03 1.06835716e-03 3.12852659e-03
7.12944299e+01 5.34650910e-02 -9.75107102e-03 -4.69971099e-02 6.61047907e-03 4.11401156e-03 4.25507330e-03
7.40121221e+01 5.82091936e-02 -3.40337123e-02 -2.23090287e-02 9.37314568e-03 3.36288056e-03 5.46920942e-03
7.67312971e+01 9.59703930e-03 -2.97850642e-03 3.81983611e-02 2.16183557e-03 1.93072196e-03 5.11897307e-03
7.94429705e+01 1.33710751e-02 -5.32230053e-03 4.09582207e-02 2.84907161e-03 1.35686888e-03 9.32270970e-03
8.21604862e+01 -1.70156366e-02 3.52754087e-02 -5.69040023e-03 1.24631870e-03 5.66204818e-04 1.09071893e-02
8.48793049e+01 -4.35872164e-02 5.07593903e-02 -3.49581664e-02 2.39779695e-03 1.37825041e-03 2.90876091e-03
8.76021237e+01 -3.19044081e-02 3.61722674e-02 -3.43086823e-02 3.31391214e-03 1.96009890e-03 4.80612725e-03
9.03110799e+01 3.54056724e-02 4.15463968e-03 2.98425969e-02 1.31228470e-03 1.23190563e-03 3.79884824e-03
9.30254346e+01 4.80553318e-02 -5.34269363e-02 7.40818616e-02 2.13426448e-03 2.12951946e-03 5.25321672e-03
9.57473190e+01 8.85649685e-03 -2.56276414e-02 2.49408224e-02 3.82985251e-03 1.32029398e-03 3.04353495e-03
9.84665362e+01 -1.28040970e-03 9.00528634e-03 -3.40643575e-02 2.69155966e-03 5.78582831e-04 4.80512468e-03
1.01182594e+02 -8.48766812e-03 4.28388861e-03 8.91805036e-03 4.36081049e-03 4.04982388e-03 3.07100218e-03
1.03906828e+02 -6.71213706e-03 -1.39569371e-02 -6.81821634e-03 3.55362351e-03 2.54385716e-04 5.10765365e-03
1.06618781e+02 4.28876092e-03 -5.61685008e-02 -6.10338530e-04 5.87842998e-03 1.68169031e-03 2.61274263e-03
1.09323891e+02 2.11303109e-02 1.57068368e-02 1.72354664e-02 8.96700168e-03 2.20891291e-03 2.22360143e-03
1.12032641e+02 2.73786914e-02 6.31836997e-02 7.19259581e-02 5.06309594e-03 2.85745639e-03 1.59363558e-03
1.14749938e+02 2.54834958e-02 4.27371475e-02 1.69724480e-02 4.95621198e-03 1.35436653e-03 5.18502598e-03
1.17468828e+02 1.90622084e-02 3.43850369e-02 -2.81971585e-02 5.14194117e-03 1.46490642e-03 8.60909871e-03
1.20185156e+02 2.38017939e-02 1.63388610e-02 -4.71648796e-02 1.79163501e-03 1.12518807e-03 8.70492101e-03
1.22901235e+02 -1.84415672e-02 7.89491546e-03 -5.80872915e-02 1.53162591e-03 1.80303516e-03 2.74242915e-03
1.25615000e+02 -1.97176619e-02 -2.40107698e-02 -5.92789675e-02 4.40989161e-03 1.72694476e-03 1.44796939e-03
1.28339563e+02 -3.74557871e-02 -7.72499609e-02 -8.97164055e-02 9.89952282e-03 1.17820023e-03 5.96575721e-03
1.31066000e+02 -4.48209505e-03 -4.70043351e-02 -7.16834974e-02 4.33262496e-03 1.55140934e-03 1.01353968e-03
1.33786266e+02 3.70044618e-02 -1.92417601e-02 -5.90309286e-02 9.47110818e-03 2.51579781e-03 3.12795570e-03
1.36504063e+02 2.09150239e-02 -3.60046864e-02 -3.25058152e-02 1.67991867e-02 2.06978875e-03 3.28975805e-03
1.39214125e+02 9.21890505e-03 -3.03649148e-02 3.78877366e-02 3.19057490e-03 6.16032174e-03 4.10676874e-03
1.41929125e+02 1.50795466e-02 -2.91190576e-02 1.52845665e-03 1.29317450e-03 1.19249701e-03 7.52243918e-03
1.44642563e+02 -4.56869545e-02 -3.52995696e-02 -2.13009703e-03 3.34308941e-03 5.99008083e-03 4.04142888e-03
1.47359578e+02 -3.17894216e-02 -9.69777642e-02 4.75775411e-02 2.69573157e-03 6.00258533e-03 4.27752853e-03
1.50072188e+02 1.19587414e-02 -1.01927745e-01 5.84345955e-02 3.78284025e-03 9.45393057e-04 1.87832422e-04
1.52792360e+02 4.53525750e-02 -5.02074404e-03 3.30273047e-02 2.93799875e-03 1.70732203e-03 9.98984461e-04
1.55502578e+02 8.87542558e-03 -5.93223736e-02 -2.69359068e-02 3.23832512e-03 2.10106779e-03 2.33308976e-03
1.58216672e+02 -8.27323421e-03 -1.16618300e-02 -1.55012457e-02 2.33949288e-03 2.52681049e-03 1.41526477e-03
1.60924766e+02 -2.98507057e-02 4.43148573e-02 1.97832021e-02 2.06899425e-03 2.38517551e-03 1.29669044e-03
1.63642047e+02 -2.89610127e-02 6.38517624e-02 -3.17061894e-02 3.23582064e-03 1.93793806e-03 1.24107639e-03
1.66347531e+02 -2.41724148e-02 7.52319361e-02 -5.72464913e-02 5.40426438e-03 7.68676449e-04 2.67661542e-03
1.69062203e+02 -6.66087241e-03 7.27613394e-02 -6.60728790e-03 4.58473459e-03 6.19764469e-04 1.24687042e-03
1.71776578e+02 -4.28644110e-02 2.84735797e-02 8.12399029e-02 1.88524878e-03 9.37061248e-04 2.95489036e-03
1.74485141e+02 -4.56264195e-02 5.67887738e-02 8.31211757e-02 1.90733292e-03 1.50687784e-03 6.49366989e-03
1.77198266e+02 -2.82642344e-02 3.39591372e-02 2.06616468e-02 1.38369186e-03 2.87340004e-03 4.44392789e-03
1.79905094e+02 -8.57952773e-03 1.59423785e-03 1.46615992e-03 1.20772309e-03 5.72581127e-04 1.33877319e-03
1.82616391e+02 -8.29982112e-03 9.43713157e-03 -1.76410883e-02 1.74420768e-03 1.21172074e-03 4.08468119e-03
1.85328813e+02 -1.90461752e-02 3.15333131e-02 1.71537396e-02 1.49341433e-03 4.50131491e-04 1.96683756e-03
1.88039610e+02 -9.27619241e-03 3.05402085e-03 4.16344349e-02 3.87927028e-03 1.32821006e-03 3.19798132e-03
1.90763688e+02 -1.64599296e-02 5.13160664e-02 4.06098239e-02 7.45558463e-04 1.21365668e-03 3.95188204e-03
1.93483985e+02 -1.02356431e-02 1.17460520e-02 8.17768761e-03 1.05263764e-03 4.13022186e-03 1.52238577e-03
1.96207985e+02 -2.87845841e-02 1.56779804e-02 -2.62599716e-02 3.84047548e-03 2.84927312e-03 1.61584490e-03
1.98926563e+02 -3.17720877e-02 4.37287753e-02 3.24911757e-02 2.79196798e-03 1.57046868e-03 1.05221883e-03
2.01655922e+02 -3.38933553e-02 4.71274645e-02 4.01351164e-02 3.78582942e-03 1.43705507e-03 3.13101713e-03
2.04371766e+02 -2.33811592e-02 8.33080814e-02 3.28874212e-02 1.78727652e-03 7.92552527e-04 1.19342831e-03
2.07095141e+02 -1.30307497e-02 3.17592704e-02 2.33841914e-03 1.80816463e-03 2.50918129e-03 7.49736077e-04
2.09808063e+02 4.93244672e-03 1.83173862e-02 -2.22589295e-02 2.53001443e-03 2.22395752e-03 2.40128389e-03
2.12531281e+02 1.83977985e-02 2.39476845e-02 -3.91720867e-02 3.05010412e-03 3.31626758e-03 2.32278442e-03
2.15246625e+02 1.13131308e-02 6.90706295e-03 -7.99193528e-03 1.44606534e-03 9.85037509e-04 4.05596670e-03
2.17956844e+02 -2.09647474e-03 -4.90936049e-02 5.66906664e-02 1.68851267e-03 7.13546782e-04 1.25738634e-03
2.20672453e+02 -1.03234747e-02 1.15198448e-02 7.10611272e-02 2.90950394e-03 4.39480664e-03 9.50687909e-03
2.23386360e+02 3.98558455e-03 2.07269518e-02 4.73367835e-02 2.82990867e-03 3.38543019e-03 5.00605306e-03
2.26094281e+02 1.01278196e-02 5.04906871e-02 -2.30414208e-02 2.79741624e-03 1.83321053e-03 1.83046816e-03
2.28819047e+02 2.74651497e-02 1.83080194e-02 -3.94404675e-02 2.38873329e-03 1.08364953e-03 2.79684383e-03
2.31531188e+02 2.80852704e-02 5.48685421e-02 -4.54793634e-03 1.68429257e-03 6.11893420e-04 7.54692665e-04
2.34245953e+02 3.50580127e-02 6.23867852e-02 2.00690691e-02 2.69924820e-03 3.76597098e-03 7.42317204e-04
2.36967516e+02 2.33198990e-02 4.49590950e-02 3.34841665e-02 4.22020042e-03 3.97733709e-03 2.08557019e-03
2.39689141e+02 1.35936176e-02 -9.71282685e-03 1.34646228e-02 2.34605110e-03 1.10086472e-03 5.44349188e-03
2.42410235e+02 5.88375924e-03 -1.15584962e-02 1.87302252e-02 3.29327709e-03 1.60420616e-03 2.53412546e-03
2.45132719e+02 1.30802901e-02 -2.58303662e-02 3.45938718e-02 1.13582537e-03 1.26710922e-03 2.85459150e-03
2.47845172e+02 2.16491104e-02 1.76709627e-02 1.71269696e-02 1.12564089e-03 1.41011305e-03 5.73571542e-04
2.50555266e+02 1.15222343e-02 -9.73721266e-03 1.02112908e-02 2.18886260e-03 5.21358977e-03 1.63871598e-03
2.53272563e+02 8.46154653e-03 -5.42774414e-02 9.30784749e-03 3.76216792e-04 1.76942500e-03 3.24560548e-03
2.55986985e+02 5.25946136e-02 -4.83330697e-02 -4.65060166e-03 2.05737981e-03 9.70249446e-04 4.59109326e-03
2.58711485e+02 3.97427226e-02 -2.33239446e-02 -4.50694822e-02 2.45427224e-03 1.05694433e-03 1.94729596e-03
2.61429813e+02 2.35731812e-02 -5.29004055e-03 -4.77955067e-02 2.45908523e-03 1.02966325e-03 4.82838173e-03
2.64140375e+02 1.15144048e-02 3.34363678e-02 -4.77935854e-02 1.95187790e-03 1.47262326e-03 4.21703402e-03
2.66852141e+02 5.88303499e-02 2.62338050e-02 3.95843517e-03 3.10851737e-03 6.60134150e-04 3.20047077e-03
2.69561622e+02 1.04005536e-01 -5.18829658e-03 3.94468066e-02 3.46585476e-03 5.52706093e-03 2.10352080e-03
