7.11058243e-01 1.71849447e-03 -1.04355227e-02 6.56074374e-02 5.97938491e-03 2.59586921e-03 1.99469982e-03
3.42654429e+00 -2.15965279e-02 8.05095070e-02 4.66374970e-02 7.99153704e-03 1.46764717e-03 4.99150213e-03
6.12715960e+00 2.02216532e-02 7.33586380e-02 3.07980389e-02 1.14113391e-02 2.00015555e-03 6.81657623e-03
8.83903694e+00 -2.41966502e-02 5.57790573e-02 4.74162665e-02 3.68098161e-03 2.22689429e-03 6.35190756e-03
1.15526721e+01 -5.02977205e-02 2.34108473e-03 1.45664377e-02 4.13336428e-03 3.67376065e-03 4.65275073e-03
1.42661815e+01 -3.50265227e-02 -3.02478438e-02 -4.23035189e-02 1.07623808e-03 2.99139002e-03 6.57792055e-03
1.69783487e+01 -4.18575883e-02 -4.66898595e-02 -5.40396802e-02 7.85307697e-03 1.26576304e-03 1.97435898e-03
1.96880940e+01 -4.85918353e-02 -6.59114723e-02 -5.70446865e-02 1.05690911e-02 2.20781588e-03 3.65642723e-03
2.23927487e+01 -6.47859407e-02 -1.67672549e-02 -1.39982159e-02 3.99296994e-03 8.70582496e-04 1.00727709e-03
2.50999502e+01 -3.75663424e-02 -1.09173798e-02 -3.54126398e-02 6.30083094e-03 2.42790695e-03 2.01978197e-03
2.78110627e+01 -1.55255579e-02 -1.47220729e-02 -5.31978771e-02 3.52116127e-03 1.96565073e-03 8.18921091e-03
3.05327955e+01 -2.14698830e-02 -5.02736504e-03 -8.69638691e-02 1.84482211e-03 1.77591203e-03 1.07247744e-03
3.32548643e+01 -4.09069308e-03 2.09642791e-02 -3.29544972e-02 1.48621490e-03 1.47717946e-03 2.12999347e-03
3.59780565e+01 8.41403318e-03 8.04753799e-03 -2.58231522e-03 4.26626342e-04 7.96065681e-04 3.36999297e-03
3.86985971e+01 -5.50240454e-03 1.86710705e-02 2.35641509e-02 3.70796905e-03 1.14365966e-03 7.54730414e-03
4.14239893e+01 -6.18822312e-03 1.67901426e-02 4.07595458e-02 4.05883731e-03 4.37965966e-03 2.42105132e-03
4.41510674e+01 -5.19850934e-02 6.12745059e-02 -1.46685310e-02 5.15798484e-03 7.71175009e-04 3.59573154e-03
4.68680955e+01 -6.46502002e-03 9.75000355e-02 -2.79255007e-02 6.99202988e-03 1.39533059e-03 2.31984426e-03
4.95884690e+01 3.37111534e-02 3.83080786e-02 -1.47235058e-02 6.59603908e-03 1.88775920e-03 3.69381996e-03
5.23047971e+01 6.07069072e-02 -1.22558433e-02 -1.17280119e-02 5.78171144e-03 1.85965096e-03 3.83795145e-03
5.50264049e+01 1.21090097e-02 -3.94919115e-02 -3.94219447e-02 5.52956473e-03 7.54865733e-04 4.77091440e-03
5.77409971e+01 -2.44386427e-02 1.21535519e-02 -4.68357453e-02 3.55977210e-03 4.31685582e-03 8.99271026e-03
6.04424737e+01 1.45436465e-02 8.56172679e-03 -1.85165201e-03 1.73445866e-03 3.89851663e-03 9.63349999e-04
6.31536565e+01 1.15582343e-02 1.49273738e-02 3.06654231e-03 3.74512763e-03 2.67598890e-03 8.96157161e-04
6.58720252e+01 1.92692939e-02 7.81676660e-03 4.31932327e-02 5.32284887e-03 8.99256383e-04 6.95699262e-03
6.85912971e+01 -1.49994630e-02 3.81971611e-02 5.59576910e-02 3.72840743e-03 7.17054272e-04 2.10491024e-03
7.13003908e+01 -9.10718950e-03 1.55994638e-02 2.48187377e-02 3.11197355e-03 3.44785243e-03 4.56837317e-03
7.40282237e+01 -1.06869583e-02 1.05210479e-02 1.02466782e-02 2.62045432e-03 2.30700348e-03 3.21304982e-03
7.67338440e+01 2.62664919e-03 -1.36938953e-02 1.02705354e-02 3.74903129e-03 9.52152413e-04 1.44148101e-03
7.94520783e+01 -3.43643818e-02 -7.48761946e-02 1.64701187e-02 5.05076706e-03 2.25342412e-03 3.17941218e-03
8.21622705e+01 -4.28092453e-02 -4.00938758e-02 -2.29804980e-02 3.62406279e-03 3.74459922e-03 5.03622869e-03
8.48698237e+01 -3.31274814e-02 7.69710985e-03 -2.70796803e-02 3.40909553e-03 1.11254397e-03 1.29615340e-03
8.75876815e+01 -3.82998978e-02 -4.44974697e-02 -1.34502211e-02 2.96203351e-03 1.10207005e-03 3.10975390e-03
9.03032127e+01 -3.52778068e-02 -8.41140207e-02 -5.22454292e-02 3.07365635e-03 1.94633919e-03 1.06284767e-02
9.30216002e+01 6.03769593e-04 -9.28369794e-02 -5.70258742e-02 2.51360335e-03 1.29709788e-03 9.72075218e-03
9.57407783e+01 -8.62401413e-03 -4.39350453e-02 -5.20740650e-02 5.15089759e-03 1.29035518e-03 8.93025431e-03
9.84605893e+01 -5.23576853e-02 2.76306427e-02 -4.47573958e-02 3.19197004e-03 2.14391871e-03 2.75841013e-03
1.01181506e+02 -5.17059886e-02 7.75115792e-02 -2.24322663e-02 7.34355391e-03 1.32010616e-03 6.05537380e-03
1.03895897e+02 -4.16803912e-02 3.78588541e-02 6.41591022e-03 6.16721696e-03 1.11327414e-03 3.26955954e-03
1.06609147e+02 2.18327481e-03 -9.45576980e-04 5.72608148e-03 1.55430474e-03 2.73178917e-03 4.65063572e-03
1.09321006e+02 7.81748544e-02 2.47641687e-03 -1.06318378e-02 6.62979500e-03 3.60719769e-03 8.44422965e-03
1.12044975e+02 1.84639349e-02 -8.77403638e-03 -8.49227227e-02 7.67047005e-03 1.81090005e-03 5.75361832e-03
1.14760772e+02 -5.95732720e-04 -4.94760256e-02 -7.28279081e-02 6.73040907e-03 7.15575092e-04 1.32077162e-03
1.17477194e+02 4.31561342e-02 -3.90969064e-02 -3.03300385e-02 5.18468047e-03 9.93339393e-04 6.98503028e-03
1.20196741e+02 6.20554980e-02 -7.83778789e-03 3.95836119e-02 4.83102472e-03 3.82829648e-03 2.48940002e-03
1.22910350e+02 8.59815683e-02 -1.45443875e-02 5.14547231e-02 4.23222837e-03 1.19607394e-03 1.58372364e-03
1.25623647e+02 3.63387460e-02 -5.84607248e-02 4.76246704e-02 3.46181268e-03 1.06594188e-03 6.29486332e-03
1.28345413e+02 -4.07961140e-02 1.20533271e-02 4.93430305e-02 2.18786555e-03 1.02014140e-03 1.88598688e-03
1.31063210e+02 -7.79158917e-02 -1.64499514e-03 4.70524463e-02 4.36408186e-03 1.20649832e-03 2.27915597e-03
1.33781569e+02 -1.15527483e-01 -3.07666031e-02 1.22447309e-02 2.73084760e-03 1.02236494e-03 1.70968129e-03
1.36497850e+02 -7.96702193e-02 2.28258929e-02 -2.17580418e-02 1.61006805e-03 1.82286453e-03 1.71535840e-03
1.39204256e+02 -8.27086677e-03 2.55232220e-02 -2.37477042e-02 2.25525670e-03 1.00533138e-03 2.88356396e-03
1.41912381e+02 -7.42592219e-03 -3.00178610e-02 -5.33093404e-03 3.68597914e-03 2.29509438e-03 2.30321788e-03
1.44618381e+02 -2.52791458e-02 -2.09278186e-02 -1.85656274e-02 2.77635072e-03 6.00909644e-03 1.46980916e-03
1.47329897e+02 2.78596577e-03 6.92233287e-03 -4.08885317e-02 1.78410032e-03 3.03119950e-03 2.25436139e-03
1.50046194e+02 1.28431611e-02 3.97895990e-02 -5.03059348e-02 9.25242348e-04 1.02063026e-03 4.05113062e-03
1.52758803e+02 1.23765923e-02 8.95996019e-02 -1.58600030e-02 4.19899771e-03 1.68133360e-03 1.82968234e-03
1.55472428e+02 -8.99269031e-04 4.93272905e-02 5.13485213e-03 1.24709642e-03 2.48924794e-03 1.39531479e-03
1.58188413e+02 -3.01866205e-03 3.16768529e-02 -6.30166278e-03 2.60664188e-03 1.78730924e-03 2.36008839e-03
1.60905006e+02 -2.73699774e-03 -4.27531290e-03 3.10263578e-02 5.96858944e-03 1.16175603e-03 1.49116481e-03
1.63625600e+02 -7.82151580e-03 -1.11307289e-02 -2.74729509e-03 2.95842525e-03 9.58133846e-04 2.93113445e-03
1.66349178e+02 -1.92293556e-02 -5.21895575e-03 -4.84015532e-02 4.83899729e-03 9.83742903e-04 5.97559752e-03
1.69076335e+02 -3.24203922e-02 2.34174239e-02 -5.29448467e-02 4.89542176e-03 2.92530458e-03 4.69879347e-03
1.71792116e+02 -5.00214470e-03 2.55643908e-02 -2.07825643e-02 1.90085263e-03 1.59749060e-03 3.65288164e-03
1.74512366e+02 1.75332316e-02 4.34324505e-02 2.32051148e-02 2.94910226e-03 3.45297044e-03 3.00608926e-03
1.77226475e+02 3.19555559e-02 1.54135990e-02 1.20133494e-02 4.50148144e-03 1.50009635e-03 3.38132611e-03
1.79941913e+02 2.34285785e-02 4.17982223e-02 -2.23358754e-02 3.72971130e-03 1.80365021e-03 1.60281644e-03
1.82653725e+02 2.86077340e-02 5.19267678e-02 2.00640796e-02 3.21855671e-03 7.99687732e-04 2.09042112e-03
1.85371397e+02 1.89446998e-02 4.73790526e-02 2.84011771e-02 2.08268065e-03 2.04500431e-03 1.42049676e-03
1.88084788e+02 2.61537405e-02 7.54633153e-02 1.01475339e-02 3.35663863e-03 1.00295164e-03 8.57808258e-04
1.90800991e+02 3.13841323e-02 7.52131679e-02 -1.42158232e-02 1.73179359e-03 1.14171797e-03 1.87869747e-03
1.93517850e+02 2.35730286e-02 5.27337124e-03 -2.31338129e-02 2.83029099e-03 2.95287841e-03 3.88389306e-03
1.96230428e+02 1.24812753e-02 2.61254990e-02 -5.13565003e-02 1.93683324e-03 1.03316726e-03 1.99070550e-03
1.98941022e+02 2.47558536e-02 6.32670604e-02 -3.63821644e-02 1.57419169e-03 6.95861171e-03 1.88509918e-03
2.01641710e+02 3.30492288e-02 5.27926566e-03 -2.64299673e-02 4.41254988e-03 2.15729062e-03 2.54845159e-03
2.04362835e+02 3.58492251e-03 -2.02144796e-02 -4.17845585e-02 2.59561509e-03 8.41658114e-04 1.49229623e-03
2.07070631e+02 1.30760815e-02 -7.26353292e-03 -2.09976089e-02 2.92188103e-03 2.74855220e-03 4.20892381e-03
2.09783819e+02 -1.66705411e-02 1.25311479e-02 1.71131332e-03 2.61087542e-03 3.32437236e-03 4.38688715e-03
2.12503069e+02 -1.41907701e-02 2.61540937e-02 2.42775784e-02 2.19955993e-03 1.18492947e-03 5.94179577e-03
2.15233647e+02 -3.46886419e-03 3.43782004e-02 2.06003058e-02 5.78320976e-03 6.49483926e-04 9.05927718e-03
2.17955553e+02 -2.38615487e-02 1.94239657e-02 -5.86419100e-03 4.92735903e-03 2.13039537e-03 6.71530336e-03
2.20665256e+02 -5.76696252e-03 9.09580264e-02 -8.47508311e-03 5.72036687e-03 8.09264018e-04 6.96082954e-03
2.23386819e+02 3.43252501e-03 1.91989496e-02 -1.86823019e-02 3.87156453e-03 9.07360087e-04 6.20659224e-03
2.26109803e+02 -4.15649049e-02 2.66909460e-03 -7.32790764e-03 2.57289296e-03 9.35540394e-04 4.17116003e-03
2.28823147e+02 -1.46710101e-02 -1.93602035e-02 1.45358237e-02 4.25934502e-03 1.81367715e-03 3.64425216e-03
2.31530647e+02 5.59992013e-03 -3.62053791e-02 4.29372649e-02 2.58552476e-03 1.25546911e-03 3.73530709e-03
2.34246428e+02 -1.27176920e-03 -6.61120473e-02 2.59238463e-02 1.05914471e-03 2.19927657e-03 3.87109121e-03
2.36967100e+02 1.15948290e-02 -3.13272543e-02 -7.21260071e-03 2.80185877e-03 1.42016488e-03 2.58918225e-03
2.39684600e+02 -1.40940739e-02 -5.70618726e-03 -3.00504357e-02 1.34518963e-03 2.84382184e-03 9.83456631e-04
2.42409428e+02 -3.52083015e-02 3.83105606e-02 -6.78564940e-02 2.58651296e-03 2.97118219e-03 3.03254438e-03
2.45124788e+02 -1.30667173e-02 1.62959824e-02 -5.09489544e-02 4.70840872e-03 7.96996703e-04 2.03181871e-03
2.47840678e+02 2.10800326e-02 5.96371988e-02 -4.83255541e-02 5.57281374e-03 1.16478416e-03 1.30464273e-03
2.50552272e+02 -1.11520321e-02 4.73456046e-02 -3.25874365e-02 3.79087415e-03 3.59014672e-03 4.17524939e-03
2.53278631e+02 -3.43081171e-02 1.35099194e-02 1.16106716e-02 1.49021501e-03 6.23237584e-04 2.64872277e-03
2.55998616e+02 -9.86854614e-03 -1.12247840e-02 5.26503270e-02 4.45310621e-03 3.20646680e-03 4.38838289e-03
2.58723319e+02 7.71715478e-03 -9.05975214e-03 3.24087929e-02 3.78216403e-03 1.59128021e-03 4.72958237e-03
2.61444178e+02 1.99249849e-02 3.26051224e-02 1.26318400e-02 2.82147437e-03 2.03603485e-03 1.61353399e-03
2.64158366e+02 2.20731332e-02 2.53428176e-02 -5.28598896e-02 3.11377195e-03 3.13655838e-03 5.87139731e-03
2.66877085e+02 7.85585284e-03 -9.93954332e-02 -1.68176397e-03 4.01593758e-03 1.11375588e-03 2.53160067e-03
2.69596179e+02 1.54748170e-02 -4.60235831e-02 2.14022670e-02 1.38696300e-03 2.99150395e-03 4.76988758e-03
