6.98646417e-01 -5.45790902e-03 2.87039776e-02 3.62927717e-02 5.24183445e-03 1.84783021e-03 4.08312598e-03
3.42143577e+00 -6.98686295e-03 3.66771593e-02 2.07003505e-02 4.65353248e-03 2.00195821e-03 1.46855025e-03
6.13953764e+00 -4.10891437e-04 2.81730170e-03 2.03385148e-02 3.05549907e-03 3.05245644e-03 6.18884497e-03
8.85763436e+00 2.40469330e-02 -4.49703221e-02 2.98800516e-02 6.08270694e-03 1.18022830e-03 6.27358908e-03
1.15766666e+01 2.52982325e-02 -4.84933068e-02 2.37065526e-02 1.64017659e-03 4.76346697e-03 3.18984933e-03
1.42865900e+01 -1.05805966e-02 -4.71787962e-02 1.02139228e-02 3.11473422e-03 2.39317657e-03 1.91750471e-03
1.69982212e+01 -5.39976251e-02 -5.16367795e-03 -6.97482090e-02 4.71940858e-03 9.53186378e-04 3.91271009e-03
1.97096369e+01 -7.99913524e-02 7.81487829e-02 -3.34249842e-02 4.50897289e-03 3.89441521e-03 2.42684930e-03
2.24129916e+01 -6.75547179e-02 5.18289528e-02 -1.01655474e-02 2.61982282e-03 6.70201773e-04 6.51041005e-03
2.51258166e+01 -6.66055319e-02 7.58079580e-02 1.87997667e-02 5.38181708e-03 1.26192131e-03 4.64251165e-03
2.78334212e+01 -1.55357259e-02 4.45764070e-02 5.13957127e-03 1.11333449e-02 3.96922851e-04 1.97176923e-03
3.05446884e+01 1.11569543e-02 1.43571105e-02 3.25835945e-02 5.14052696e-03 1.42640394e-03 4.29849782e-03
3.32649744e+01 -3.82694315e-03 -1.01134961e-02 4.50139519e-02 3.02063521e-03 1.39676105e-03 5.46429604e-03
3.59868728e+01 -4.40655499e-02 2.47078036e-02 2.97152703e-02 2.44054009e-03 1.00225566e-03 4.71497471e-03
3.87055869e+01 -5.42055502e-02 -1.74377611e-02 -6.18985366e-03 1.41002952e-03 7.55658862e-04 1.33256827e-03
4.14195900e+01 -1.15422096e-02 1.44318270e-02 -1.54804505e-02 2.38692553e-03 1.46305938e-03 7.87744052e-03
4.41375869e+01 2.23387215e-02 5.93928403e-02 1.46815917e-02 2.89464644e-03 3.78331082e-04 3.64140830e-03
4.68492275e+01 -2.41698083e-03 4.50174922e-02 3.06428314e-02 3.04028263e-03 2.27577174e-03 1.59461652e-03
4.95609150e+01 -1.27652402e-02 -2.00068248e-02 4.54691357e-02 2.73776149e-03 1.68143908e-03 1.39586025e-03
5.22799400e+01 -1.57134601e-02 -6.05426097e-02 -1.22365564e-02 3.65334270e-03 1.84123168e-03 2.74281311e-03
5.49924306e+01 1.53700987e-02 -4.24896467e-02 -6.21391047e-02 7.72488297e-03 8.48832775e-04 4.70782908e-03
5.77096509e+01 4.44420710e-02 -3.62325589e-02 -2.22807730e-02 3.91375478e-03 3.22245569e-03 4.45196786e-03
6.04281181e+01 2.99383799e-02 -4.26456790e-02 -2.32107957e-02 1.33133061e-03 9.53978082e-04 3.62711357e-03
6.31474447e+01 8.85504530e-03 -4.09715799e-02 -4.36687109e-02 5.48578834e-03 3.44304277e-03 8.11867994e-03
6.58748322e+01 -1.38413317e-02 -1.98138083e-02 -8.42079013e-02 2.66569584e-03 3.39965615e-03 6.07673889e-03
6.85860915e+01 -3.80437275e-03 8.48302090e-03 -4.30091473e-02 2.48836622e-03 5.94412260e-03 5.50755454e-03
7.13028619e+01 -3.04720320e-02 3.66158688e-03 -1.18691089e-02 6.10848758e-03 1.29551453e-03 6.40928867e-03
7.40192290e+01 -3.43210695e-02 -1.21132095e-02 2.72759428e-03 3.20025288e-03 1.29100979e-03 4.03438810e-03
7.67334181e+01 -2.90140965e-02 -3.77512268e-02 7.13402241e-02 3.28131799e-03 1.21110631e-03 1.14806264e-03
7.94525837e+01 -3.66688465e-02 3.48838371e-02 2.50878101e-02 1.00572714e-03 7.67616868e-04 3.02151668e-03
8.21729290e+01 -2.13708603e-02 4.28742408e-02 -2.26447903e-02 6.81017944e-03 9.82195830e-04 2.64484943e-03
8.48924197e+01 4.69842310e-04 3.94387050e-02 -3.90277327e-02 7.30909865e-03 9.79399786e-04 4.27126898e-03
8.75963681e+01 4.14447434e-03 3.83964642e-02 -3.50479806e-02 3.83491025e-03 1.26168950e-03 5.10097079e-03
9.03032666e+01 -2.74941299e-02 7.52422293e-03 4.66342583e-03 2.85518267e-03 6.18030328e-04 5.99499390e-03
9.30159994e+01 -3.40889574e-02 -1.63811126e-04 1.62255284e-02 9.37746091e-03 2.21469675e-03 6.55366359e-03
9.57240072e+01 1.13251659e-02 1.51437868e-02 4.13152802e-02 2.05002620e-03 5.57425491e-04 5.95903726e-03
9.84378400e+01 3.12275354e-03 2.43427018e-02 8.68174460e-02 5.89908257e-03 1.25607656e-03 5.11254979e-03
1.01161227e+02 -6.75951898e-02 -1.32502994e-02 7.06357609e-02 6.04154090e-03 1.31851181e-03 5.06570022e-03
1.03874899e+02 -8.41863760e-02 -6.13197883e-02 9.73333196e-02 1.24781338e-02 4.51706050e-04 7.62411480e-03
1.06587806e+02 -2.39526336e-02 -3.77244905e-02 5.85382358e-02 5.20560666e-03 4.08028240e-04 4.02106609e-03
1.09313790e+02 -4.98305151e-03 -5.01295565e-02 -8.98818180e-04 6.18302958e-03 2.10528159e-03 1.83036838e-03
1.12025399e+02 6.02577257e-02 1.39523826e-02 -2.11163669e-02 5.89963519e-03 2.15189661e-03 2.41180975e-03
1.14756087e+02 4.01248630e-02 6.73540957e-02 -7.92198986e-02 2.78574939e-03 2.58098014e-04 1.48340004e-03
1.17485946e+02 3.60305904e-03 8.46057489e-03 -1.12476856e-01 1.75551446e-03 1.75774799e-03 2.44402632e-03
1.20207352e+02 -1.09719303e-02 -1.21295297e-02 -7.23180024e-02 1.56349281e-03 1.30223319e-03 6.65873124e-03
1.22922493e+02 2.84658297e-03 3.99587058e-03 -2.13591760e-02 3.52088920e-03 1.52038546e-04 9.23258965e-04
1.25637524e+02 5.19098123e-02 4.24785027e-02 -2.21633739e-02 6.59984412e-03 1.46746321e-03 3.25854355e-03
1.28350977e+02 2.32912534e-02 1.30752297e-02 2.59671782e-03 2.69009300e-03 2.36472069e-03 1.71506483e-03
1.31072712e+02 -6.75852832e-02 3.08170028e-02 3.50253991e-03 5.03770079e-03 2.72280144e-03 4.37597934e-03
1.33781274e+02 -8.67203580e-02 5.28765914e-02 1.58994220e-02 2.99356702e-03 2.02510121e-03 8.91371091e-04
1.36487602e+02 -4.77571810e-02 1.62774254e-02 2.26098432e-02 3.69312043e-03 1.32510493e-03 3.99397677e-03
1.39207087e+02 -6.38567539e-02 1.15285603e-02 -3.87848311e-02 5.17923436e-03 2.61052141e-03 3.53440902e-03
1.41920821e+02 -8.53181058e-03 4.83295016e-02 -5.66484492e-02 5.93777557e-03 6.33669855e-04 5.96434618e-03
1.44641899e+02 7.40182850e-02 2.74163789e-02 -3.04505342e-02 4.59486357e-03 1.92918702e-03 3.86521992e-03
1.47350618e+02 4.43552000e-02 1.62057302e-02 1.00689164e-02 1.04567334e-03 9.13849957e-04 4.01401213e-03
1.50060884e+02 2.60098564e-02 5.61541050e-02 6.88637400e-02 2.24790214e-03 2.92736701e-03 1.28491401e-03
1.52772118e+02 -5.79260371e-03 1.42835263e-02 3.12728323e-02 1.94478813e-03 7.69988473e-04 1.36064132e-03
1.55492571e+02 -1.24275403e-02 4.33322497e-02 -5.09302404e-03 2.23893881e-03 1.06143173e-03 9.33611308e-04
1.58207118e+02 -4.57140837e-03 -3.89108888e-02 -2.31888245e-02 3.07002702e-03 9.29619560e-04 1.05157659e-03
1.60925634e+02 -6.96874059e-03 -6.28446468e-02 -2.84820065e-02 5.15773998e-03 1.57481567e-03 2.30709472e-03
1.63638259e+02 -1.19468340e-02 -4.06885328e-02 -2.10019197e-02 5.91023648e-03 2.84283728e-03 2.08741436e-03
1.66345852e+02 -1.61472710e-02 -1.14594586e-02 -5.91616510e-02 1.78848451e-03 2.11263183e-03 2.62964579e-03
1.69055649e+02 1.53011247e-02 -1.14187259e-02 -4.08312924e-02 2.64334357e-03 7.92536301e-04 3.57188667e-03
1.71769993e+02 2.29016665e-02 3.10641323e-03 -2.47185522e-02 2.67974855e-03 1.39973879e-03 1.36128841e-03
1.74481056e+02 1.79321929e-02 -5.99909581e-02 -3.07611123e-02 3.14022078e-03 1.63555949e-03 3.87467463e-03
1.77193212e+02 4.62251129e-03 -4.98029389e-02 -1.79618362e-02 3.43551942e-03 1.80398962e-03 1.45609819e-03
1.79914743e+02 2.53426185e-02 -5.92175608e-02 -4.92385507e-03 3.56449045e-04 3.95804576e-03 2.06059391e-03
1.82631024e+02 4.72415406e-02 -3.52611603e-02 3.49831689e-02 1.68171928e-03 1.21152212e-03 3.24595236e-03
1.85343649e+02 3.93009405e-02 -1.50085576e-02 6.73342733e-02 3.07174451e-03 3.51575248e-03 6.61561503e-04
1.88063290e+02 2.42275319e-02 -1.48460637e-02 3.25115992e-02 1.45840530e-03 1.13048240e-03 1.33677568e-03
1.90779087e+02 -6.39474549e-04 -5.73704904e-02 4.45839104e-03 1.58771491e-03 2.41330921e-03 2.62404210e-03
1.93507384e+02 -2.73810023e-03 -2.80777472e-02 -1.13896709e-02 2.28158481e-03 1.82214151e-03 9.55480187e-04
1.96217431e+02 2.11910010e-02 -7.69965997e-02 1.00527634e-02 1.21005737e-03 6.37168125e-04 2.30262546e-03
1.98934993e+02 5.93213561e-03 -1.34288168e-01 -2.67478742e-02 1.69311432e-03 5.79481151e-04 2.03819415e-03
2.01650931e+02 -2.47026764e-02 -6.19225070e-02 -5.22489707e-02 2.89994641e-03 5.01542775e-04 3.53761336e-03
2.04362243e+02 -4.94012990e-03 -6.29011768e-02 -5.87382342e-02 1.97616521e-03 3.49155269e-03 1.78690945e-03
2.07081212e+02 3.65780157e-02 -8.51351545e-03 -1.80788889e-02 2.49270891e-03 6.50260365e-04 3.09731761e-03
2.09790665e+02 1.34551923e-02 2.43890118e-02 9.10655624e-03 3.19661676e-03 3.20303566e-03 2.79684293e-03
2.12513681e+02 -2.61173648e-03 -2.37833397e-02 7.96599875e-03 1.27852606e-02 1.98376764e-03 2.27534729e-03
2.15232306e+02 -1.58643029e-02 -8.00494718e-02 2.74080656e-02 4.54176902e-03 1.27036275e-03 2.70311536e-03
2.17944540e+02 -1.11421374e-02 -1.10026975e-02 6.80483882e-03 2.64058798e-03 4.74445902e-04 1.17175166e-03
2.20666556e+02 7.11875104e-03 -3.12624894e-02 3.60788072e-03 1.63738636e-03 2.07708081e-03 3.12519006e-03
2.23379181e+02 1.41174123e-02 1.02053057e-02 6.98778003e-03 1.43935786e-03 1.69158806e-03 2.53421833e-03
2.26102618e+02 3.83439061e-02 -3.90654808e-02 -2.18924413e-02 2.82170003e-03 3.85833080e-04 3.78827943e-03
2.28820993e+02 7.01938383e-03 -4.35267494e-02 -2.63495455e-02 3.23356391e-03 1.67348240e-04 2.05827966e-03
2.31539102e+02 -1.34399178e-02 -6.15763297e-02 -3.14914676e-02 1.55098195e-03 1.65935164e-03 1.59600427e-03
2.34247509e+02 -4.41556876e-03 -2.99017142e-02 -1.63502206e-02 7.64593022e-04 5.99820010e-04 2.02897327e-03
2.36963368e+02 2.03360669e-02 -2.15552061e-02 -1.30311471e-02 2.63809658e-03 2.41129429e-03 2.44831311e-03
2.39687102e+02 1.64615236e-02 1.63049425e-02 -2.08469422e-02 2.15381194e-03 1.37102245e-03 3.16975130e-03
2.42402868e+02 -6.46059276e-03 -1.82400577e-02 1.53701053e-03 5.33467753e-03 7.03743544e-04 6.69874786e-04
2.45118493e+02 -1.65253421e-02 1.73307474e-02 1.08917926e-02 3.05286388e-03 2.44317903e-03 6.24999487e-04
2.47827806e+02 -1.56899997e-02 -1.06966124e-03 2.58227522e-02 3.62531912e-03 3.18461370e-03 2.08464595e-03
2.50546368e+02 1.39232548e-02 1.68646079e-02 5.41983001e-02 9.27092053e-04 5.42999614e-03 4.35221526e-03
2.53261024e+02 1.65721702e-02 2.70474699e-02 1.06858021e-01 3.37588227e-03 1.42648998e-03 3.63790512e-03
2.55987696e+02 -2.62266773e-02 2.83273806e-02 9.88403374e-02 4.97233780e-03 2.13985827e-03 1.84034015e-03
2.58699727e+02 -2.81923312e-02 2.31386307e-02 7.37109614e-02 2.54824458e-03 1.85609229e-03 2.58987739e-03
2.61421915e+02 1.67285059e-02 -6.99411555e-03 8.66185583e-04 4.85600959e-03 1.95018027e-03 1.69808135e-03
2.64136415e+02 7.26395610e-02 -6.59888497e-02 -1.04469475e-02 3.77741519e-03 2.29396001e-03 7.72388507e-04
2.66855884e+02 6.67499779e-02 -3.80271133e-02 -1.57040107e-02 1.00259277e-02 3.03527236e-03 3.30976053e-03
2.69578783e+02 -3.93390566e-03 -6.83336573e-03 1.10622970e-02 1.23413005e-02 1.64092056e-03 1.76748917e-03
