6.98831397e-01 3.33255399e-03 2.59541996e-02 3.34032688e-02 5.19436918e-03 1.93756797e-03 4.14521548e-03
3.42258710e+00 -6.98142324e-03 3.25112925e-02 1.50530762e-02 3.71981863e-03 2.15858211e-03 1.32993203e-03
6.13970132e+00 1.87621211e-03 -6.53889351e-05 1.79496194e-02 3.55328026e-03 3.86400972e-03 6.27664212e-03
8.86035944e+00 2.27257869e-02 -5.47589100e-02 2.52368655e-02 4.96657079e-03 1.08108076e-03 6.12876348e-03
1.15777408e+01 2.91267006e-02 -4.27976408e-02 1.33526979e-02 2.65934004e-03 4.46440552e-03 2.38151059e-03
1.42861971e+01 -4.34624238e-03 -4.00003626e-02 1.34235856e-02 2.70116135e-03 1.49286696e-03 2.34336687e-03
1.69977033e+01 -5.36208030e-02 1.12320223e-02 -5.81421313e-02 6.21117656e-03 1.65106271e-03 4.28151164e-03
1.97080862e+01 -8.23359027e-02 8.05787373e-02 -1.90938178e-02 4.91841454e-03 4.43110388e-03 3.43691481e-03
2.24129752e+01 -6.85376820e-02 5.65449328e-02 2.12637811e-04 1.68978959e-03 1.13424798e-03 7.62684946e-03
2.51246799e+01 -6.66853136e-02 7.10755690e-02 2.69752905e-02 5.27251903e-03 8.09701617e-04 4.15619891e-03
2.78307893e+01 -1.62109098e-02 4.22836050e-02 4.90384101e-03 1.05184931e-02 4.39221122e-04 1.53999553e-03
3.05425221e+01 1.25473869e-02 5.87931441e-03 4.04491160e-02 4.16308570e-03 1.57186730e-03 3.98519831e-03
3.32649330e+01 -7.16745385e-03 -1.26025693e-02 5.27857168e-02 1.82301933e-03 1.88550143e-03 5.72075963e-03
3.59870799e+01 -4.89897123e-02 1.66630769e-02 2.43467673e-02 2.05363782e-03 9.74445352e-04 5.49005077e-03
3.87055315e+01 -5.79959419e-02 -1.94507068e-02 -1.02813281e-02 1.32900086e-03 5.22056908e-04 1.18102251e-03
4.14201377e+01 -7.00374615e-03 8.87438759e-03 -1.18193091e-02 1.56390822e-03 9.86948901e-04 7.99032844e-03
4.41395143e+01 2.78523306e-02 5.16811762e-02 1.66503367e-02 2.61530540e-03 4.81120676e-04 4.07937537e-03
4.68503565e+01 8.12156744e-03 4.40162330e-02 3.16210524e-02 2.54239324e-03 3.25710861e-03 1.22677572e-03
4.95605518e+01 -7.73070753e-03 -1.62918446e-02 4.94980650e-02 3.12327611e-03 1.57238764e-03 1.43758876e-03
5.22792002e+01 -1.40605318e-02 -5.35833420e-02 -2.24410713e-03 3.56044358e-03 1.85813682e-03 2.85549310e-03
5.49930455e+01 1.15746097e-02 -4.32554333e-02 -4.64476174e-02 7.45654835e-03 8.73435230e-04 3.76985005e-03
5.77115596e+01 3.74759673e-02 -3.46544643e-02 -2.32302087e-02 3.12198715e-03 3.05560300e-03 3.31792426e-03
6.04274455e+01 3.37917194e-02 -5.33679291e-02 -2.75923746e-02 1.50741704e-03 1.27267769e-03 4.04114349e-03
6.31474283e+01 9.77503752e-03 -3.53355280e-02 -5.18642381e-02 6.35072593e-03 3.26426640e-03 7.03557622e-03
6.58742659e+01 -1.80483515e-02 -6.95854917e-03 -8.55726252e-02 3.18122203e-03 4.05536526e-03 4.80731134e-03
6.85873534e+01 -6.83670244e-03 3.28939330e-03 -4.82111982e-02 2.83929332e-03 5.44553741e-03 5.07837457e-03
7.13039330e+01 -3.40178881e-02 -5.09189076e-04 -2.23704141e-02 6.30814002e-03 1.95327985e-03 6.53125441e-03
7.40203971e+01 -3.78521165e-02 -8.85335418e-03 2.31457781e-03 3.98894301e-03 1.02006627e-03 3.77392459e-03
7.67329471e+01 -2.77586219e-02 -3.65481591e-02 7.78900080e-02 2.42248777e-03 1.13848157e-03 1.59547483e-03
7.94531424e+01 -3.73713564e-02 3.53867389e-02 2.68945168e-02 6.23496524e-04 4.86525233e-04 3.07308466e-03
8.21726221e+01 -1.49764907e-02 4.70254890e-02 -2.40689634e-02 5.72397343e-03 1.19613852e-03 2.69311950e-03
8.48921737e+01 2.39506234e-03 3.97409398e-02 -4.68899385e-02 6.63922082e-03 9.32736378e-04 4.47888287e-03
8.75972018e+01 1.25679556e-02 4.51322691e-02 -3.69354198e-02 3.33980500e-03 1.18768600e-03 6.14674453e-03
9.03037815e+01 -1.95144140e-02 1.41552668e-02 1.18804427e-02 3.26212749e-03 5.09725550e-04 6.07094809e-03
9.30155018e+01 -3.29490787e-02 1.38059798e-02 2.84049007e-02 9.93238952e-03 1.57339444e-03 7.60870323e-03
9.57228971e+01 1.44890566e-02 1.73127981e-02 4.75159674e-02 2.39108746e-03 6.78979646e-04 5.68822684e-03
9.84368174e+01 8.06698710e-03 1.43826584e-02 8.40960431e-02 5.20107924e-03 1.01595080e-03 5.57892721e-03
1.01160753e+02 -6.48615610e-02 -1.93865021e-02 6.20398378e-02 5.43538446e-03 9.84487269e-04 6.79613317e-03
1.03874800e+02 -8.17222747e-02 -6.39455791e-02 9.74034513e-02 1.35686717e-02 5.67899451e-04 7.17141462e-03
1.06587660e+02 -1.65130608e-02 -3.83638329e-02 5.92289223e-02 7.60092213e-03 6.03376558e-04 3.82775133e-03
1.09313800e+02 -3.19272122e-03 -4.39326771e-02 6.79639834e-03 6.39835581e-03 1.51107853e-03 1.82592875e-03
1.12028628e+02 5.14590593e-02 1.72521905e-02 -1.69200245e-02 5.25519341e-03 2.57782770e-03 2.05976067e-03
1.14757035e+02 3.99720891e-02 6.92576584e-02 -8.05940818e-02 2.60567876e-03 5.29169232e-04 1.61840451e-03
1.17487816e+02 5.45661147e-03 1.25264177e-02 -1.11051175e-01 1.96190392e-03 1.61117120e-03 2.32929090e-03
1.20207691e+02 -2.23552915e-02 -1.17044158e-02 -6.77264898e-02 1.49849109e-03 1.38301242e-03 6.36897440e-03
1.22921816e+02 -3.57246293e-04 5.68052796e-03 -3.21166040e-02 2.83173555e-03 3.54826007e-04 8.13327067e-04
1.25636206e+02 5.41761518e-02 3.86029304e-02 -3.85639326e-02 5.65527748e-03 1.52858367e-03 2.84095930e-03
1.28350394e+02 2.57889949e-02 1.13986001e-02 -1.02175197e-02 1.95365183e-03 1.43417310e-03 2.29637038e-03
1.31072863e+02 -6.29338842e-02 3.44378219e-02 -1.80035421e-03 5.04920936e-03 1.97553620e-03 4.98679954e-03
1.33780331e+02 -7.41389409e-02 5.04062875e-02 9.78311043e-03 3.55835680e-03 1.91546288e-03 8.01298478e-04
1.36486863e+02 -3.69534617e-02 8.39734291e-03 2.21014082e-02 4.20524015e-03 7.90722144e-04 4.90272491e-03
1.39204847e+02 -5.45792310e-02 -3.98077233e-03 -3.49529433e-02 4.37797910e-03 3.28601584e-03 2.97683915e-03
1.41919425e+02 -5.34661753e-03 3.41507599e-02 -5.28815013e-02 5.49912169e-03 7.13209304e-04 8.05456574e-03
1.44640753e+02 6.84112203e-02 1.80009791e-02 -3.49894559e-02 3.75151948e-03 1.89731578e-03 5.15422414e-03
1.47349972e+02 3.18993578e-02 2.01536806e-02 7.80237663e-03 5.60538203e-04 1.13248047e-03 5.13123364e-03
1.50061003e+02 1.51765567e-02 5.72040773e-02 7.04057599e-02 2.91112562e-03 3.45825597e-03 2.10282985e-03
1.52772144e+02 -1.40627911e-02 1.02104192e-02 3.83163520e-02 1.94421950e-03 1.56660722e-03 1.56453466e-03
1.55492238e+02 -1.55153777e-02 3.63508657e-02 -1.78603712e-03 1.73870129e-03 2.05598290e-03 7.48403264e-04
1.58204925e+02 -7.25728306e-03 -4.51033924e-02 -2.23114768e-02 2.87866817e-03 8.86741123e-04 1.68441575e-03
1.60925769e+02 -1.21337770e-02 -6.46675547e-02 -2.84057977e-02 4.93847246e-03 1.24561882e-03 1.25764649e-03
1.63637128e+02 -1.46518226e-02 -3.92291667e-02 -2.64182764e-02 6.04395261e-03 3.18309826e-03 1.64004216e-03
1.66345722e+02 -7.63276596e-03 -1.57663020e-02 -6.52926910e-02 2.18975516e-03 1.98844592e-03 1.62577195e-03
1.69054503e+02 1.16492817e-02 -3.94399014e-03 -3.84003846e-02 3.38982601e-03 1.20077880e-03 2.68442695e-03
1.71767488e+02 1.91320478e-02 1.34837048e-02 -1.58918255e-02 4.10383662e-03 1.14800458e-03 1.42053244e-03
1.74481081e+02 1.46636448e-02 -5.70184172e-02 -2.56291997e-02 3.63217867e-03 1.34949712e-03 4.07448422e-03
1.77193738e+02 6.81860399e-03 -5.57731344e-02 -1.67324619e-02 4.08855039e-03 1.62850223e-03 1.21097057e-03
1.79915253e+02 2.45295832e-02 -5.37798978e-02 -4.96424051e-03 7.23053971e-04 3.66098349e-03 2.16241407e-03
1.82631628e+02 3.97860528e-02 -3.17440771e-02 3.57135233e-02 1.32255436e-03 1.52351345e-03 2.69215347e-03
1.85345925e+02 3.37131157e-02 -2.06801744e-02 5.63618169e-02 3.35529000e-03 3.40058614e-03 1.52397737e-03
1.88065800e+02 1.71960543e-02 -1.80108246e-02 2.42291358e-02 1.32564921e-03 1.23513627e-03 7.20666189e-04
1.90779410e+02 -1.16507213e-03 -5.76310377e-02 1.12084373e-02 1.61845937e-03 2.82032790e-03 1.91024822e-03
1.93507644e+02 -6.42789401e-03 -2.86936902e-02 -3.49862992e-03 1.32441122e-03 2.41461886e-03 9.33323740e-04
1.96215191e+02 1.43845516e-02 -8.68858052e-02 2.16718101e-02 8.85430494e-04 5.61726972e-04 2.27719572e-03
1.98934128e+02 4.15234505e-03 -1.24095858e-01 -1.73578216e-02 1.20963816e-03 3.58831933e-04 2.40388192e-03
2.01650535e+02 -2.63907379e-02 -6.01505038e-02 -4.97145511e-02 3.11583855e-03 4.80750809e-04 3.79702016e-03
2.04364847e+02 -1.19006520e-02 -6.53963290e-02 -6.13596659e-02 1.73779337e-03 2.99736419e-03 2.00542727e-03
2.07079613e+02 2.93572978e-02 1.55961203e-03 -1.51680410e-02 2.46983146e-03 2.03593248e-04 2.84070623e-03
2.09790753e+02 1.11277798e-02 3.09440014e-02 5.55958973e-03 3.94396090e-03 2.78787420e-03 3.13559134e-03
2.12511238e+02 -2.24514986e-03 -2.71311547e-02 7.76909284e-03 1.28716158e-02 2.28592668e-03 2.50550650e-03
2.15230128e+02 -8.38907119e-03 -8.39434585e-02 2.78861603e-02 4.80768861e-03 1.29504158e-03 2.42276379e-03
2.17943785e+02 -1.21322496e-02 -6.40487877e-03 8.50024871e-03 1.64686409e-03 4.01555927e-04 9.57815806e-04
2.20664363e+02 4.85375890e-03 -3.09407315e-02 7.07897622e-03 1.72841695e-03 2.68813098e-03 3.67342814e-03
2.23378253e+02 1.13654101e-02 6.35394725e-03 1.66197013e-03 1.76609282e-03 1.41050827e-03 2.43143943e-03
2.26102894e+02 3.40229702e-02 -4.02310354e-02 -2.25469945e-02 1.78835213e-03 5.06414385e-04 4.21557466e-03
2.28822410e+02 5.54559200e-03 -3.83258043e-02 -2.15318972e-02 2.74547771e-03 2.37037013e-04 2.04523931e-03
2.31538644e+02 -8.01553825e-03 -5.03834884e-02 -2.75502592e-02 1.72027104e-03 1.41758516e-03 1.19476932e-03
2.34246628e+02 9.05720057e-04 -2.52528641e-02 -2.00367381e-02 7.31560512e-04 3.36174992e-04 2.41866446e-03
2.36964003e+02 2.55533801e-02 -1.09898243e-02 -1.44747101e-02 3.04752748e-03 2.88729214e-03 2.97299974e-03
2.39686113e+02 1.36965503e-02 2.11051607e-02 -1.38174657e-02 2.68905651e-03 6.69946057e-04 3.46470917e-03
2.42403066e+02 -7.12289299e-03 -2.90903431e-02 7.66945032e-03 5.85697133e-03 9.30746886e-04 3.78273709e-04
2.45117488e+02 -1.97857359e-02 -2.02063397e-03 1.76373876e-02 3.91852596e-03 2.28589783e-03 5.15405617e-04
2.47826597e+02 -1.29571040e-02 -9.62496771e-03 2.77750750e-02 3.54864034e-03 3.31088235e-03 1.91925692e-03
2.50544660e+02 1.32858735e-02 2.08333451e-02 5.64442772e-02 9.76326650e-04 5.74787400e-03 4.28384060e-03
2.53260238e+02 2.04415118e-02 3.01320096e-02 1.05129023e-01 3.29569538e-03 1.09468882e-03 3.88405614e-03
2.55986253e+02 -1.61231633e-02 2.39945390e-02 9.67709436e-02 4.70630339e-03 2.48087281e-03 1.83986636e-03
2.58701113e+02 -2.10254646e-02 1.96020083e-02 7.12832549e-02 2.34523934e-03 2.58396081e-03 2.55961667e-03
2.61421800e+02 1.74367556e-02 -7.09623635e-03 2.19294626e-03 3.90798732e-03 2.10989484e-03 1.28918164e-03
2.64135722e+02 7.35432879e-02 -5.91169437e-02 -1.05987246e-02 4.06745289e-03 2.40189912e-03 9.79638655e-04
2.66855331e+02 6.76875587e-02 -3.74282775e-02 -1.65244645e-02 9.49376519e-03 2.37165735e-03 3.07771691e-03
2.69578371e+02 -2.94505241e-03 -1.38174966e-02 7.96917745e-03 1.15968976e-02 1.77536438e-03 2.39344663e-03
