6.52952114e-01 1.99369346e-02 -9.69733732e-03 -9.98780557e-03 3.81770801e-03 1.12946464e-03 2.75590139e-03
3.37161114e+00 1.34870815e-02 -3.04761807e-02 -5.79128902e-02 5.45237253e-03 8.36494180e-04 1.70225156e-03
6.09579333e+00 -3.12296750e-02 -4.57413129e-02 -2.38480154e-02 3.07350107e-03 3.51219894e-03 3.55985733e-03
8.81615926e+00 -1.27165029e-02 -8.04851842e-02 1.41503878e-02 7.26780912e-03 2.19649502e-03 4.54604209e-03
1.15314096e+01 6.19626900e-02 -6.22673840e-02 2.76278438e-02 6.68739386e-03 4.72558858e-03 5.07484406e-03
1.42549143e+01 8.84080188e-02 2.06742526e-02 -2.45775997e-03 4.04791840e-03 4.76807204e-04 1.84787081e-03
1.69704611e+01 4.94007198e-02 8.28094576e-02 -8.57939479e-03 2.18195879e-03 2.69199724e-03 3.89596317e-03
1.96824705e+01 -2.52278091e-03 7.96246693e-02 3.33567209e-02 5.07489263e-03 2.39064959e-03 3.25441585e-03
2.23981283e+01 -1.81842643e-02 4.48554482e-02 4.99696908e-02 5.65887278e-03 1.07860083e-03 8.56133394e-03
2.51170330e+01 -9.97065695e-03 2.28999722e-02 4.63939493e-02 2.97377502e-03 4.15790333e-03 5.30724151e-03
2.78475674e+01 2.34262840e-02 1.37531938e-02 1.46427951e-02 4.96075223e-03 1.68566550e-03 4.36953262e-03
3.05631486e+01 1.05995028e-01 5.10231633e-02 5.88133416e-02 3.11420453e-03 7.89800610e-04 2.44004966e-03
3.32835658e+01 1.26582077e-01 4.50698637e-02 3.40923402e-02 5.07989665e-03 1.96651402e-03 8.86633360e-03
3.60073549e+01 5.70879366e-02 7.49792496e-02 5.92721081e-03 3.64563146e-03 1.73074833e-03 5.24492755e-03
3.87233408e+01 -2.30444965e-02 7.21122978e-02 -7.28727386e-03 2.85124373e-03 1.69066977e-03 3.56224678e-03
4.14399768e+01 3.69811540e-03 1.95309498e-02 -3.64054523e-02 2.73227214e-03 1.71464272e-03 4.84223052e-03
4.41511736e+01 1.24723860e-02 2.47564061e-02 -8.33041202e-03 2.75839116e-03 1.00007382e-03 4.36625636e-03
4.68646908e+01 2.42688722e-02 -2.66948406e-02 1.43766886e-02 6.26296411e-04 1.71405567e-03 5.10277910e-03
4.95730377e+01 2.26509150e-02 -5.66361444e-03 1.97274746e-02 9.67788208e-04 2.13313806e-03 2.05143670e-03
5.22837143e+01 2.15813104e-02 3.63530732e-02 1.85481312e-02 2.02737263e-03 2.33203380e-04 5.59704267e-03
5.49975065e+01 -1.28695336e-03 4.87200813e-02 -8.80824352e-03 5.35362900e-03 3.00508922e-03 4.70755842e-03
5.77101940e+01 1.82230509e-02 2.18595581e-02 4.46966348e-04 3.88384651e-03 1.48818695e-03 4.39865611e-03
6.04248361e+01 2.30671235e-04 2.98130252e-02 4.29754171e-02 2.36142355e-03 1.91306722e-03 1.09094208e-03
6.31440752e+01 -2.37796401e-02 -6.18714951e-02 2.80596103e-02 7.00624193e-03 6.16457206e-03 7.53969271e-03
6.58662393e+01 5.19886328e-03 -1.02652106e-01 -2.28656999e-02 4.17283617e-03 2.22380046e-03 6.50297029e-03
6.85880346e+01 1.69673740e-02 7.07577638e-03 -5.52498435e-02 3.66106410e-03 3.42272578e-03 1.71453612e-03
7.13066252e+01 -6.71197350e-03 -1.95485051e-02 -4.77634717e-02 2.35834512e-03 1.66295909e-03 2.98822376e-03
7.40339096e+01 -5.29655742e-03 3.42891072e-02 -2.89044203e-02 2.40490740e-03 2.55516616e-03 5.02956350e-03
7.67460971e+01 8.13491346e-02 6.26771044e-03 -3.55420378e-02 5.54139261e-03 7.70422847e-04 1.09058539e-02
7.94626002e+01 7.60752126e-02 -2.03588871e-02 -2.10892030e-02 3.99624134e-03 1.23697936e-03 8.87747978e-03
8.21819002e+01 2.28966348e-02 4.93034366e-03 -6.57848349e-03 4.14148588e-03 9.86545234e-04 3.72140636e-03
8.49020955e+01 -2.41072857e-02 2.75363264e-02 1.44681776e-02 2.06266526e-03 1.12206054e-03 3.15578226e-03
8.76118096e+01 1.05584475e-02 4.99572537e-02 6.12649821e-02 4.17811528e-03 1.79637343e-03 2.92892162e-03
9.03223393e+01 4.16804356e-02 4.85731826e-02 5.22122776e-02 4.46162998e-03 2.65652804e-03 5.20838004e-04
9.30366236e+01 6.50642612e-02 3.52483732e-02 1.70102213e-02 3.45619046e-03 2.59730541e-03 6.29077603e-03
9.57534518e+01 7.16506232e-02 1.50044235e-02 2.46207241e-02 6.93361287e-03 2.39179078e-03 2.42863385e-03
9.84712424e+01 3.44579953e-03 -1.67703851e-02 6.82375411e-02 2.91614784e-03 1.14148820e-03 8.18171749e-04
1.01182564e+02 -2.77371102e-02 -3.76850905e-02 7.77106637e-02 1.70884310e-03 1.37531612e-03 1.41996031e-03
1.03896658e+02 -2.81879869e-02 -7.84427435e-02 6.99196622e-02 2.21559639e-03 8.82238096e-04 4.20631583e-03
1.06612580e+02 8.49217146e-03 -1.49135689e-02 6.00617765e-02 2.90005183e-03 4.64508671e-03 4.06317452e-03
1.09327658e+02 4.14933259e-02 -7.97932075e-03 2.06445913e-02 1.44891527e-03 2.94465228e-03 2.64725322e-03
1.12042096e+02 4.34119770e-02 1.66877350e-02 1.73184429e-02 3.98384639e-03 1.40223628e-03 3.15719406e-03
1.14750939e+02 4.34502307e-02 5.30277865e-02 6.81051599e-02 2.14791409e-03 4.40322081e-03 2.24090434e-03
1.17464814e+02 2.52012457e-02 1.18294313e-02 1.04902712e-02 2.54520783e-03 7.56287383e-04 2.50236228e-03
1.20176064e+02 4.65338180e-02 -1.05719826e-02 -2.50991197e-02 1.87779057e-03 1.53413582e-03 1.80784588e-03
1.22887580e+02 8.65579530e-02 -1.17291074e-02 -2.45584956e-02 6.37831127e-03 1.52580970e-03 1.28369103e-03
1.25596221e+02 2.21569283e-02 2.82514067e-02 7.81982159e-03 8.68343492e-03 5.36198329e-03 4.22073694e-03
1.28300486e+02 -3.87463264e-02 -1.13900357e-02 4.22221469e-02 9.65405362e-03 3.37569906e-03 4.91456806e-03
1.31008205e+02 -6.27068147e-02 3.89823937e-03 8.67860379e-03 1.28308137e-02 1.23017332e-03 2.61219870e-03
1.33724627e+02 -5.46191826e-02 3.50829340e-03 -6.25113141e-03 1.27271242e-02 4.10225420e-04 5.53455339e-03
1.36440174e+02 -9.88152633e-03 3.06054088e-02 4.08216510e-03 1.50966454e-02 3.73230418e-03 7.55145467e-03
1.39164955e+02 -6.74489208e-02 6.18644476e-02 1.63927890e-02 8.63688709e-03 2.76282448e-03 4.02738776e-03
1.41874158e+02 -9.08539216e-03 4.02133839e-02 5.74716146e-02 3.83454541e-03 2.01832800e-03 5.84392038e-03
1.44598721e+02 2.47500548e-02 8.39371349e-02 7.34845448e-02 2.97442383e-03 2.17835900e-03 7.96880239e-03
1.47322392e+02 1.12902273e-02 5.13919535e-02 5.03489345e-02 2.21315363e-03 1.34718526e-03 1.87793122e-03
1.50045283e+02 8.99830570e-03 6.34722400e-03 8.67975965e-02 5.12810588e-04 2.36370032e-03 8.36048878e-04
1.52763549e+02 1.14362372e-03 1.57492200e-02 1.86399426e-02 1.41070072e-03 3.47463745e-03 7.53728808e-04
1.55486908e+02 6.85982669e-03 -1.16987817e-02 -1.42375644e-02 2.57275937e-03 1.85813528e-03 4.69990495e-03
1.58193721e+02 1.15118404e-02 -1.84982866e-02 2.62186447e-02 3.98592659e-03 1.98738913e-03 1.81670489e-03
1.60912627e+02 6.01879653e-03 -3.07030462e-02 2.10696171e-02 3.00392024e-03 3.04245203e-04 1.89877434e-03
1.63631939e+02 3.30850797e-03 2.97300020e-03 -2.37986545e-03 1.37459736e-03 8.50867094e-04 2.68801215e-03
1.66353064e+02 -8.06809759e-03 -1.53540667e-02 -7.52065013e-04 2.18966193e-03 1.44386326e-03 2.47100590e-03
1.69063096e+02 -1.72479228e-02 -2.71022957e-02 -2.61926994e-02 1.96411744e-03 1.79962633e-03 1.16987630e-03
1.71774580e+02 1.44026469e-02 -4.33171757e-02 -1.17688547e-02 2.42962409e-03 4.37048339e-04 9.56827124e-04
1.74487252e+02 2.49909983e-02 -3.25444326e-02 -2.06975090e-02 5.71288655e-03 1.30897824e-03 1.98366661e-03
1.77199392e+02 2.63262294e-02 -4.11936233e-02 -3.36332969e-02 4.59928543e-03 5.14231531e-04 2.14866714e-03
1.79915189e+02 1.99255618e-02 -4.61555283e-02 -2.55611386e-02 8.08908484e-03 2.68576519e-03 2.44588129e-03
1.82640564e+02 2.56246868e-02 -4.67775857e-03 1.37580934e-02 5.18421631e-03 1.64519721e-03 4.74011575e-03
1.85362658e+02 1.47008783e-02 6.43743681e-03 4.24212587e-02 2.58476623e-03 2.32295806e-03 4.15431374e-03
1.88082080e+02 4.36207582e-03 -6.32902558e-02 2.70275185e-02 1.87477127e-03 1.60917876e-03 3.63248134e-03
1.90805549e+02 -7.77445642e-03 -4.05081713e-02 -5.07361402e-03 1.52004964e-03 1.77571926e-03 3.81443625e-03
1.93519627e+02 -1.10931599e-02 1.29504212e-02 -1.29087631e-02 2.99025648e-03 1.43938780e-03 6.05964517e-03
1.96233361e+02 -8.83223906e-03 5.47624538e-02 2.10582082e-02 3.28983070e-03 9.96513449e-04 2.48391624e-03
1.98950971e+02 -3.33361066e-03 -1.19415144e-02 9.73148052e-03 2.45517117e-03 7.95832789e-04 4.61915334e-03
2.01666596e+02 -5.16646006e-04 -2.67223754e-02 2.54290902e-02 1.80133397e-03 8.22869037e-04 2.73514467e-03
2.04378814e+02 -2.69617123e-02 2.31842073e-03 1.91800674e-02 2.47645182e-03 3.32341599e-03 1.49476301e-03
2.07080111e+02 -3.01970599e-02 -2.05540646e-03 4.76925587e-02 2.32597932e-03 1.37553698e-03 2.05261430e-03
2.09796236e+02 -4.67763760e-02 9.15054771e-04 1.10009157e-02 2.81149224e-03 1.06794274e-03 4.76510307e-03
2.12508924e+02 -3.20348183e-02 3.57946257e-02 -4.59996908e-03 2.90636196e-03 2.07651747e-03 3.75420908e-03
2.15226939e+02 1.37200375e-02 -4.22863526e-02 -2.38663267e-02 1.96332191e-03 2.47770955e-03 3.56403218e-03
2.17949189e+02 -4.49465326e-03 -8.17673369e-02 -5.39758126e-02 2.26489463e-03 1.60607452e-03 5.20013529e-03
2.20672861e+02 -2.05510739e-02 -5.68759626e-02 -5.19794504e-02 3.65689791e-03 4.13177968e-04 2.13298395e-03
2.23393314e+02 -1.83333493e-02 -1.66128844e-02 -7.60130668e-02 3.85889275e-03 4.29812884e-03 1.27706834e-03
2.26099814e+02 8.37600934e-03 1.13135317e-02 -2.36462970e-02 8.42934350e-04 1.63345607e-03 1.87746163e-03
2.28805236e+02 1.83324164e-02 9.00013234e-03 2.76802730e-02 3.17383426e-03 2.73075444e-03 1.51412713e-03
2.31525783e+02 1.39935537e-02 8.83468504e-05 9.37812336e-03 1.91632080e-03 3.50049194e-03 4.75042771e-03
2.34247189e+02 -1.05894104e-02 5.82069144e-03 -2.25861272e-03 1.39845439e-03 8.16101376e-04 3.00636935e-03
2.36972627e+02 2.40498419e-02 6.82096995e-03 -2.07723632e-03 2.96567812e-03 9.32290054e-04 4.53522392e-03
2.39696814e+02 1.30927240e-02 2.65324305e-03 2.17708824e-02 4.39219769e-03 4.08646348e-04 3.59738816e-03
2.42413299e+02 -8.88868182e-03 -9.11606243e-03 2.70985164e-02 3.68855705e-03 8.66487963e-04 1.86857562e-03
2.45124939e+02 -2.56348975e-02 -2.17617633e-02 2.41433009e-02 4.45814402e-03 6.33162948e-03 1.67425980e-03
2.47845471e+02 -1.46748305e-02 -4.18179234e-03 2.41036487e-02 2.94859401e-03 2.52091266e-03 2.59750316e-03
2.50552158e+02 1.26984558e-02 -3.58200060e-02 9.53922796e-03 2.21376038e-03 1.54056114e-03 3.14213492e-03
2.53259174e+02 3.11709199e-02 -1.34671183e-02 -9.54691816e-03 1.60018347e-03 2.57346447e-03 1.13704327e-03
2.55972267e+02 -3.58755764e-04 -8.40338907e-03 9.80658501e-03 1.05302995e-03 1.08960280e-03 8.03248760e-04
2.58679611e+02 -3.62673970e-02 6.24055808e-03 -2.30042515e-02 2.95640914e-03 5.69857808e-04 2.32176845e-03
2.61389361e+02 -1.97697229e-02 7.15843074e-03 -7.01376065e-02 3.17154141e-03 1.48681778e-03 1.56448136e-03
2.64107174e+02 -2.83169774e-02 2.40211541e-02 -5.19826305e-02 4.55075056e-03 2.36020439e-03 2.63811842e-03
2.66814205e+02 -2.75586711e-02 -1.67448958e-02 8.38002882e-03 2.86279308e-03 1.89588341e-03 3.72230053e-03
2.69528333e+02 -1.97737942e-02 -2.10422691e-03 -1.27014169e-02 3.77985230e-03 3.75887390e-03 3.17671585e-03
