6.70820896e-01 -5.14145496e-02 -3.14631820e-02 3.38972136e-02 6.54457823e-03 4.85900178e-03 2.97750999e-03
3.38912396e+00 -4.57465973e-02 1.23832113e-02 3.93567615e-02 1.05812369e-02 2.04132055e-03 3.57851513e-03
6.09853959e+00 -1.78568195e-02 2.84936135e-02 6.20376305e-02 5.58189206e-03 4.44061446e-04 5.40530741e-03
8.82102818e+00 1.71546332e-02 6.27516033e-02 3.88406257e-02 4.26265022e-03 2.44327535e-03 9.98567431e-03
1.15456526e+01 2.19584364e-02 4.64540546e-02 3.90619255e-02 2.14165267e-03 1.31389216e-03 3.42120529e-03
1.42683744e+01 -1.71078264e-03 -1.00984698e-02 -7.23938935e-03 4.42244877e-04 8.91650204e-04 2.90635284e-03
1.69888479e+01 -5.13746461e-03 -4.33886284e-02 -4.19218430e-02 3.20184051e-03 5.24044387e-03 3.54409729e-03
1.97068822e+01 -7.62867176e-03 -5.75994122e-02 -4.82738011e-02 2.33449133e-03 1.45175502e-03 4.04137556e-03
2.24231260e+01 2.78561179e-02 -9.10620340e-03 -5.00872637e-02 4.51455081e-03 3.79299242e-03 2.14231161e-03
2.51458760e+01 2.70130347e-02 4.55380459e-02 -3.93421465e-02 6.80265134e-03 6.98525903e-04 1.77403622e-03
2.78616369e+01 4.58084786e-02 4.50045503e-02 2.38618289e-02 7.49492683e-03 2.64563361e-03 5.12279128e-03
3.05739463e+01 5.71894151e-02 5.28994257e-02 4.54201500e-02 3.13174835e-03 3.98867331e-03 3.98533839e-03
3.32917666e+01 3.80535187e-02 5.14420082e-02 -1.97685498e-03 3.37871565e-03 4.13213171e-03 5.76042118e-03
3.60056947e+01 1.09344468e-02 6.21371278e-02 9.55920761e-03 9.17311055e-04 1.12451880e-03 2.89049688e-03
3.87131572e+01 -7.61627821e-03 2.34211281e-02 -2.51326003e-02 3.49371666e-03 1.74830108e-03 3.62152057e-03
4.14258744e+01 -8.92124052e-03 -1.58314112e-02 -3.87972609e-02 2.89490581e-03 9.85757636e-04 7.75801688e-03
4.41284994e+01 1.54665515e-02 -5.70742559e-02 7.51150543e-03 2.54606981e-03 7.03642670e-04 2.07657707e-03
4.68414197e+01 -1.34350403e-02 -2.53477874e-02 2.60537463e-02 9.43503607e-03 9.77527982e-04 3.43319191e-03
4.95547635e+01 -2.90451510e-02 -4.08528251e-02 -5.13323259e-02 5.84776827e-03 6.37661045e-04 2.82837855e-03
5.22729151e+01 -9.02491634e-02 -1.96060703e-02 -9.75983030e-02 2.86749265e-03 1.56929139e-03 4.68224407e-03
5.49873979e+01 -1.00163858e-01 -1.30059043e-02 -7.87319516e-02 4.16992166e-03 1.56176556e-03 6.78545549e-03
5.77023119e+01 -7.34269085e-02 -1.78187939e-02 -1.60355647e-03 2.84006124e-03 1.46537655e-03 2.94246098e-03
6.04107651e+01 -4.54099711e-02 -2.93111706e-02 8.61127320e-03 2.30852185e-03 1.30745512e-03 2.70688151e-03
6.31224854e+01 7.46616599e-03 -1.10761754e-02 -9.44475539e-03 4.27111257e-03 8.44700701e-04 4.94224909e-03
6.58398275e+01 3.01843195e-03 -2.38656873e-02 -3.11952919e-02 1.36281565e-03 1.02122088e-03 7.77067753e-03
6.85680322e+01 -8.24504054e-03 -3.60236022e-02 -1.49729147e-02 4.02762202e-03 5.69570564e-04 1.91434319e-03
7.12868588e+01 -1.85954571e-02 -2.82626643e-02 3.93776022e-02 3.30867860e-03 2.27954081e-03 6.52079547e-03
7.40070291e+01 3.81885526e-03 2.87363317e-02 6.72235473e-03 2.79959698e-03 2.55060304e-03 7.79678023e-03
7.67237010e+01 2.65610690e-02 3.38657148e-02 -3.30297999e-02 1.05333823e-03 1.54463034e-03 8.65721743e-03
7.94369932e+01 1.38152245e-02 5.16477352e-02 -3.56551952e-02 1.14788234e-02 1.22025218e-03 5.20139866e-03
8.21587229e+01 -5.88362626e-03 7.10240698e-03 3.38893239e-03 4.82632776e-03 1.96770912e-03 6.49032460e-03
8.48753166e+01 1.88162396e-02 -8.33222179e-03 5.05665890e-02 3.16316575e-03 3.79557924e-03 6.44039668e-03
8.75872963e+01 1.68040269e-02 5.42170970e-02 2.11515719e-02 3.66447346e-03 2.63666184e-03 2.60499017e-03
9.03177338e+01 -3.22321271e-02 6.16425184e-02 -5.52519005e-02 3.76935681e-03 2.15121787e-03 4.96205574e-03
9.30414025e+01 -6.10949769e-02 3.21288832e-02 -2.99206175e-02 3.02056023e-03 2.51641608e-03 8.94730358e-03
9.57597979e+01 -1.50801173e-02 2.35192860e-02 1.61734812e-02 4.01811689e-03 1.42767666e-03 4.63903030e-03
9.84755744e+01 4.11645051e-02 -7.01737283e-03 4.31269827e-02 2.59201833e-03 2.08582992e-03 5.77963080e-03
1.01195546e+02 4.15992122e-02 -4.88871253e-03 8.02980322e-03 4.04282535e-03 4.36506851e-03 6.39499827e-03
1.03906640e+02 4.66952777e-02 3.41400275e-02 -3.54510095e-02 4.67637555e-03 1.17103027e-03 1.16135244e-03
1.06620953e+02 1.33753775e-02 6.23144365e-02 9.44634822e-03 7.30530996e-03 1.83099245e-03 1.70621834e-03
1.09337749e+02 -5.36260109e-02 -2.05944130e-02 5.13334342e-03 8.14138772e-03 2.02643092e-03 4.08977589e-03
1.12048890e+02 -6.15932435e-02 -4.05563990e-02 -1.56434734e-02 5.57657739e-03 6.94789715e-04 1.57177911e-03
1.14759624e+02 -6.26562548e-02 -5.95180072e-03 2.04838818e-02 2.85442298e-03 1.16756680e-03 8.91042494e-04
1.17472687e+02 -7.79676670e-02 -3.21322811e-03 1.55806323e-02 2.28050334e-03 4.54686274e-05 9.04101159e-03
1.20183921e+02 -5.32147831e-02 2.96846906e-02 -3.05988837e-02 1.89503867e-03 1.06534538e-03 5.49394118e-03
1.22901578e+02 -2.34975016e-02 4.63060433e-02 2.95380803e-02 3.46266198e-03 1.19895987e-03 5.41189820e-03
1.25614218e+02 4.50709755e-02 1.79126515e-02 7.22794442e-02 3.66991770e-03 2.31320446e-03 2.94773731e-03
1.28337140e+02 5.52057998e-02 1.20747197e-03 2.59275766e-02 4.88223827e-03 2.47630946e-03 1.86801679e-03
1.31054671e+02 3.80857355e-02 -7.30565161e-03 -4.46217207e-02 3.18943487e-03 3.31270403e-03 1.27007338e-03
1.33777437e+02 -3.78291642e-02 6.08697161e-02 -5.19190867e-02 6.63288472e-03 1.78556029e-03 1.02772311e-03
1.36492296e+02 -3.60994964e-02 8.26121503e-02 -1.36881261e-02 9.11437945e-03 2.40777854e-03 3.69191445e-03
1.39214640e+02 -6.01801513e-02 5.63223646e-02 2.03807219e-02 1.58393441e-03 2.63213710e-03 5.90047059e-03
1.41926874e+02 -2.16991271e-02 8.14794583e-02 6.71701741e-02 1.93596200e-03 3.18979988e-04 3.71950991e-03
1.44648828e+02 1.01047146e-02 2.93987982e-02 5.23220900e-02 3.44686300e-03 4.29452893e-03 3.31274141e-03
1.47364656e+02 2.26464708e-02 1.02632435e-02 -2.11763269e-02 1.89403424e-03 3.57326722e-03 2.29356979e-03
1.50081921e+02 -1.30316225e-02 3.32678273e-02 -7.27928877e-02 3.47772871e-03 4.63696708e-04 7.11416514e-04
1.52795109e+02 -3.36889735e-02 -7.57673324e-03 -7.63848438e-02 3.24134983e-03 2.95890003e-03 1.42980564e-03
1.55510234e+02 -1.47117945e-02 2.89969918e-02 -3.21604416e-02 2.58034122e-03 1.12332203e-03 2.02815907e-03
1.58209265e+02 1.29016878e-02 1.47585417e-02 9.50063912e-03 1.46455074e-03 7.36117394e-04 1.08725736e-03
1.60920984e+02 2.93657975e-02 -1.05160712e-02 7.54255215e-03 3.23384021e-03 1.77193922e-03 1.59105470e-03
1.63630374e+02 1.54413443e-02 -2.28418378e-02 2.83263010e-02 3.64875727e-03 9.67174456e-04 1.56306539e-03
1.66346140e+02 1.45373655e-02 -5.16717095e-02 2.59608245e-02 2.77863639e-03 2.05404238e-03 2.55211646e-03
1.69051421e+02 8.79330712e-03 -7.19774076e-02 -3.50731651e-03 1.98185389e-03 9.23349949e-04 1.39930257e-03
1.71772828e+02 3.28831304e-02 -3.38375585e-02 -6.09322472e-02 3.61967130e-03 5.61221522e-04 4.17226788e-03
1.74484203e+02 4.17933340e-02 -3.94172211e-02 -2.99368939e-02 2.23840694e-03 1.50342053e-03 4.64857154e-03
1.77199468e+02 1.87337187e-02 -4.87443059e-03 2.83963308e-02 2.56486119e-03 1.78509665e-03 4.24761249e-03
1.79918656e+02 -6.08718322e-03 -1.97046329e-02 2.91606804e-02 9.44137724e-04 8.01620187e-04 3.62483353e-03
1.82637749e+02 -7.05976253e-04 -2.97936525e-02 -3.66284347e-02 3.30553192e-03 3.17025297e-03 4.10972782e-03
1.85355781e+02 -5.85452196e-03 -4.79720524e-02 -5.65020387e-02 1.59884429e-03 9.34500958e-04 1.68870376e-03
1.88065734e+02 -8.54946793e-03 -3.94779617e-02 -3.21916339e-02 3.12718015e-03 1.56097262e-03 2.38166858e-03
1.90782968e+02 -2.27740613e-02 -6.75060048e-02 -3.29891278e-02 6.39476422e-03 1.81559936e-03 4.05174409e-03
1.93489968e+02 -6.87120857e-03 -4.43793783e-02 -2.48846325e-02 1.90893510e-03 2.05306278e-03 1.76206167e-03
1.96200031e+02 3.63832221e-02 -5.31425913e-02 -1.17594346e-03 1.46392738e-03 1.61746758e-03 2.01627015e-03
1.98926281e+02 4.63302870e-02 -5.10629566e-02 -1.98892466e-02 1.75763215e-03 2.27596822e-03 3.61059272e-03
2.01652031e+02 2.54783910e-02 -3.15329877e-02 -3.21564581e-02 5.39817540e-04 2.56302237e-03 2.47769926e-03
2.04376843e+02 3.02517695e-02 -6.74701791e-02 -7.58322171e-03 5.70483096e-04 1.40681071e-03 2.09737627e-03
2.07089562e+02 7.51675202e-03 -5.90294452e-02 -8.10794777e-03 2.48474180e-03 1.32250824e-03 1.47305439e-03
2.09805749e+02 9.39920265e-03 -2.27640313e-02 1.12177278e-03 3.32544484e-03 2.06938407e-03 1.07651065e-03
2.12520593e+02 -5.48469671e-03 -1.49500554e-03 -5.07067518e-03 6.54789577e-04 2.12432633e-03 1.35932174e-03
2.15242234e+02 1.71083969e-02 -3.70377894e-02 1.55597184e-03 6.36690797e-04 1.88188984e-03 5.07426804e-03
2.17953171e+02 3.17906915e-02 1.59748004e-02 8.67646417e-03 8.49724047e-04 1.53094847e-03 3.63990328e-03
2.20677562e+02 1.20458289e-02 -3.83339398e-02 -5.14576686e-02 7.75985545e-04 2.20614617e-03 4.01973526e-03
2.23392187e+02 7.84597482e-04 -4.70333033e-02 -2.92449184e-02 3.39790197e-03 4.87511322e-03 5.14451487e-03
2.26105765e+02 8.15284415e-04 -4.94223124e-02 -1.84453757e-03 6.66015860e-03 7.51238188e-04 5.14344469e-03
2.28828812e+02 -4.24988263e-02 -8.56005350e-03 -1.86375214e-02 3.53756336e-03 4.07316868e-03 5.01055954e-03
2.31554218e+02 -3.64881843e-02 6.06945290e-03 -4.98990878e-02 1.07214305e-03 5.20476943e-04 4.73481388e-03
2.34265499e+02 2.04630845e-03 3.29827728e-03 -5.16360772e-02 4.06985623e-03 2.06770141e-03 2.75502323e-03
2.36983031e+02 8.63303991e-03 -4.61014487e-02 -2.53893184e-02 2.00739906e-03 1.87625812e-03 2.94648586e-03
2.39700468e+02 -3.85775575e-03 5.02072613e-02 -1.89167412e-02 9.39170873e-04 7.50667948e-04 2.16519679e-03
2.42416781e+02 9.26811103e-03 9.22145940e-03 -4.48077898e-02 3.93844152e-03 1.16408153e-03 8.82597004e-04
2.45126671e+02 -1.86310478e-02 1.68927050e-02 -3.53725767e-02 3.12441467e-03 3.20286225e-03 4.00512330e-03
2.47851031e+02 -2.32132598e-02 1.66815001e-02 -1.47559347e-02 3.45160349e-03 8.46866076e-04 1.66153012e-03
2.50564374e+02 -1.26091706e-02 1.64026073e-02 -1.02087558e-03 1.99083777e-03 4.11619994e-03 1.55850135e-03
2.53284203e+02 -1.97867785e-02 1.08841886e-02 -8.14270300e-03 9.72220202e-04 1.02262154e-03 9.40758230e-04
2.56008624e+02 -5.24179633e-02 -1.38018590e-02 -6.36464481e-03 1.09628370e-03 2.96892791e-03 1.58210498e-03
2.58722531e+02 -6.22218869e-02 2.25206493e-03 4.29123037e-02 2.95242452e-03 2.30627903e-03 1.27861925e-03
2.61434421e+02 -1.61272213e-02 3.64176442e-02 6.96556362e-02 5.70484296e-03 1.26829313e-03 1.66133502e-03
2.64143390e+02 5.98788628e-02 3.07165470e-03 9.18904879e-02 9.01570682e-03 8.52989064e-04 3.37681485e-03
2.66853765e+02 9.13689923e-03 -3.37226119e-02 8.43333229e-02 1.18109689e-02 1.05460744e-03 1.88146169e-03
2.69570418e+02 -9.11738742e-02 -4.47163394e-02 2.91309258e-02 1.12145535e-02 1.10374985e-03 1.33279325e-03
