6.71598088e-01 1.33615206e-02 1.41159611e-02 1.04049124e-01 3.51445198e-03 1.98359032e-03 7.60850803e-03
3.39368748e+00 3.40148243e-02 -2.08898659e-02 8.39815501e-02 3.49608863e-03 1.87102740e-03 3.38001690e-03
6.11635842e+00 -1.05449095e-02 3.60232073e-02 8.37956945e-02 1.18681734e-02 9.29023580e-04 1.74707027e-03
8.83086623e+00 -2.04716416e-02 2.45870742e-02 6.15146922e-02 7.55618209e-03 8.20091193e-04 2.64352647e-03
1.15380906e+01 -9.92958135e-05 3.57617132e-02 6.11576589e-02 3.69598232e-03 1.66546996e-03 3.97131970e-03
1.42528094e+01 -2.70429439e-02 2.98610661e-02 -4.78836279e-03 7.97499835e-04 1.06836426e-03 4.56184298e-03
1.69684469e+01 -2.33063943e-02 -9.87994026e-03 -4.70235705e-02 2.25372979e-03 1.02402470e-03 3.00377394e-03
1.96862156e+01 -3.05144351e-02 -1.46501676e-02 -5.48008949e-02 3.99030341e-03 1.24943339e-03 5.03944528e-03
2.24001297e+01 -2.99459973e-02 -2.03772168e-02 -4.13704226e-02 3.29338282e-03 1.82045585e-03 6.80937260e-03
2.51192797e+01 -2.79013519e-02 -3.08698973e-02 1.57433894e-02 1.41837354e-03 1.53759786e-03 6.62756373e-03
2.78293656e+01 -1.49475636e-02 -7.14788611e-02 2.53369689e-02 2.75259209e-03 1.24447650e-03 2.59923458e-03
3.05503953e+01 -4.56186537e-02 -3.99971273e-02 4.23930395e-02 3.81076090e-03 4.67348798e-04 4.39246750e-03
3.32612656e+01 -4.15719116e-02 8.07122782e-03 6.71683092e-02 2.74317366e-03 5.08391847e-03 2.46214753e-03
3.59770094e+01 -4.08280244e-02 8.80140571e-03 3.71692424e-02 3.21313990e-03 2.83771564e-03 1.26755585e-03
3.86900422e+01 -4.07109820e-02 -1.91058154e-02 -1.17989219e-02 1.30875853e-03 1.65328830e-04 4.32788819e-03
4.14098312e+01 8.80527852e-04 4.00562518e-03 -6.04282393e-02 6.62906540e-03 1.10254162e-03 8.93181696e-03
4.41249625e+01 3.46911674e-02 -1.56910848e-02 -1.62099386e-02 5.14997819e-03 1.35036709e-03 8.48745813e-03
4.68392140e+01 1.90612822e-02 -2.51109558e-02 2.77407929e-02 2.12694729e-03 1.85654181e-03 1.56179185e-03
4.95586250e+01 -1.74447162e-02 2.63149103e-02 3.95896922e-02 1.68721398e-03 3.65406919e-04 9.39486280e-03
5.22759359e+01 1.90827084e-02 5.33596292e-02 -2.38164487e-02 4.06819018e-03 1.55396760e-03 6.26636266e-03
5.49909969e+01 3.95185033e-02 2.85909843e-02 -2.93133837e-02 2.58644403e-03 2.24734302e-03 9.69981907e-03
5.77141187e+01 2.24001434e-02 1.31584098e-02 -2.58988129e-02 5.00503415e-03 3.46681076e-03 7.21123516e-03
6.04266047e+01 5.07425142e-02 4.41348211e-02 -5.30979029e-03 1.56986294e-03 3.01245316e-03 7.18055617e-03
6.31459328e+01 6.91446339e-02 1.55527028e-02 -9.51253426e-03 4.70856602e-03 4.39776638e-04 5.06217049e-03
6.58649750e+01 4.75156306e-02 -3.19139408e-03 2.50994477e-03 1.72747882e-03 2.83107210e-03 4.49066817e-03
6.85882297e+01 3.04850406e-02 9.13490945e-03 2.50695945e-02 2.41588053e-03 5.76208986e-04 2.49307606e-03
7.13145078e+01 4.23673778e-03 1.13788699e-03 3.52742518e-02 2.73770705e-03 2.45461257e-03 2.72138846e-03
7.40374734e+01 3.60794881e-02 8.34202933e-04 1.69401071e-02 3.85707338e-03 1.49232424e-03 5.54890579e-03
7.67619140e+01 3.82031777e-02 1.56830166e-02 -1.76679412e-02 2.73684461e-03 8.50983634e-04 6.41044712e-03
7.94732890e+01 5.61656346e-02 -2.82180959e-02 6.77076116e-03 4.29831420e-03 1.85908642e-03 4.03856626e-03
8.21917515e+01 -5.13531273e-03 -8.75239808e-03 2.79356261e-02 1.41586889e-03 6.51481026e-04 1.11539649e-02
8.49046453e+01 -4.46649213e-02 -6.07174643e-03 2.70181912e-02 3.75766029e-03 2.02085506e-03 3.88305708e-03
8.76192547e+01 -3.53305419e-02 2.15477697e-02 -4.60488575e-02 2.96306082e-03 3.17730227e-04 2.72749155e-03
9.03314156e+01 7.60521419e-03 1.16517029e-02 -4.64503587e-02 6.72092903e-04 3.55256875e-04 4.43829329e-03
9.30563625e+01 -2.49080989e-02 2.71181862e-02 -9.19187153e-05 5.73617379e-03 2.48319150e-03 4.87880438e-03
9.57780062e+01 -2.00254314e-02 1.16221066e-02 6.31687403e-02 4.46738723e-03 1.63002055e-03 6.00876698e-03
9.84888469e+01 3.44124131e-02 -1.88715618e-02 5.14530596e-02 3.77356010e-03 1.72424052e-03 6.46562396e-03
1.01193697e+02 3.07608402e-02 -5.72385256e-02 2.20575286e-02 1.87991454e-03 1.95306449e-03 7.02339644e-03
1.03892306e+02 2.43899095e-02 -4.53806407e-02 1.37272474e-02 3.28844199e-03 4.61038925e-04 2.80938614e-03
1.06598244e+02 2.13616971e-02 -8.32419161e-03 -4.12538690e-02 4.23573470e-03 1.23232687e-03 1.40105415e-03
1.09313462e+02 -6.09792516e-03 -4.13431210e-02 -3.04146641e-02 4.55039752e-03 1.74385558e-03 5.32850643e-03
1.12020509e+02 2.31322539e-03 -6.49833719e-03 3.65383388e-02 5.21154083e-03 1.63651471e-03 7.55635683e-03
1.14739697e+02 -7.00845684e-03 9.06987564e-04 5.82446607e-02 5.62652764e-03 8.42011211e-04 8.83783739e-03
1.17463791e+02 2.25911513e-02 -4.33554255e-03 1.18290419e-02 6.15484988e-03 1.25488343e-03 6.57614981e-03
1.20171103e+02 6.15718008e-02 -2.51324610e-02 8.10705870e-02 7.26493175e-03 2.20841683e-03 3.40875478e-03
1.22890822e+02 8.87654904e-02 -6.36546493e-02 5.10852581e-02 8.55238143e-03 2.20379964e-03 4.75838176e-03
1.25606369e+02 5.82822779e-02 -1.58039275e-03 7.19569577e-02 1.20411514e-02 2.18279299e-03 7.55429688e-03
1.28324994e+02 -3.14066821e-02 -2.60422392e-03 3.45857242e-02 3.84477162e-03 3.55228105e-03 7.94791713e-03
1.31041275e+02 -6.73992538e-02 2.51963147e-02 -3.78445626e-02 2.33955220e-03 7.19753696e-04 2.40034039e-03
1.33755291e+02 -6.87959071e-02 8.26395826e-03 -1.87484737e-02 2.98258115e-03 1.87166586e-03 6.94354295e-03
1.36471525e+02 -9.75205929e-02 -2.35890968e-02 -1.86736650e-02 7.44595298e-04 2.44390656e-03 5.89410774e-04
1.39183369e+02 -6.08713863e-02 -7.83389666e-02 -5.64038828e-02 2.72705517e-03 7.27982868e-04 1.61314452e-03
1.41899994e+02 1.21275893e-02 -7.96150559e-02 -1.53893284e-02 5.62919787e-03 4.28468377e-03 2.93378784e-03
1.44610494e+02 4.16433067e-02 -6.28652142e-02 5.91906142e-02 5.24611714e-03 5.89999407e-03 8.01481007e-03
1.47334087e+02 -2.54967178e-02 -4.92517685e-02 6.69311661e-02 4.88477148e-03 3.61778570e-03 1.55407021e-03
1.50047884e+02 -4.90060762e-02 -2.51543995e-03 4.01374185e-02 2.85118018e-03 1.99115662e-03 3.22917836e-03
1.52770634e+02 -4.27351147e-02 -1.33329295e-02 1.73634055e-02 2.14493040e-03 9.47325902e-04 3.17547054e-03
1.55485962e+02 -2.12106352e-02 -2.63183732e-02 7.76619923e-02 2.22457066e-03 2.69969454e-03 6.49243358e-03
1.58205244e+02 -7.72077791e-03 -4.97140009e-02 5.47967343e-02 2.04561572e-03 8.14934222e-04 5.69925734e-03
1.60911650e+02 1.23602874e-02 1.20267103e-02 1.57234260e-03 3.13656362e-03 8.00076233e-04 2.48708004e-03
1.63624275e+02 -4.52360396e-03 3.49833912e-02 -7.86935814e-03 4.30411502e-03 2.89065777e-03 4.21127541e-03
1.66347259e+02 -5.54177726e-02 5.87708197e-02 -2.95152120e-02 2.22544492e-03 8.38894517e-04 1.61545242e-03
1.69054056e+02 -6.48852239e-02 7.00772833e-02 -1.71349436e-02 2.34837855e-03 2.82889344e-03 5.33751940e-03
1.71772712e+02 -3.72182168e-02 9.98543682e-02 -8.79822844e-03 5.84407304e-03 2.56245958e-03 3.21089229e-03
1.74491509e+02 2.98592857e-03 6.35862551e-02 4.56902042e-02 4.86561455e-03 1.35704445e-03 7.06645075e-03
1.77210462e+02 -5.20550952e-03 4.86617661e-02 4.32971756e-02 2.88881822e-03 2.10757084e-03 1.80336904e-03
1.79929041e+02 -1.25972823e-02 4.09184132e-02 -2.37242170e-02 2.08390766e-03 4.05460849e-03 1.05960348e-03
1.82647759e+02 -2.45325055e-02 5.54502456e-03 -6.44112641e-02 1.31085305e-03 9.95688032e-04 1.92746867e-03
1.85374619e+02 -4.57518080e-02 -1.62568757e-02 -6.73970024e-02 1.93514271e-03 1.92332220e-03 1.30768545e-03
1.88098041e+02 -1.98979754e-02 4.14479500e-02 -2.34107156e-02 8.41155689e-04 6.36802268e-04 3.49723075e-03
1.90821384e+02 9.71965404e-03 4.92744614e-02 7.42906626e-03 1.03015842e-03 6.36964281e-04 2.28822346e-03
1.93541650e+02 2.76358781e-02 -1.63376189e-02 2.53507591e-02 1.56305541e-03 8.48890490e-04 9.16605197e-05
1.96262228e+02 1.99619790e-02 -1.83138487e-02 3.77696451e-02 1.34032663e-03 1.27433673e-03 1.13116002e-03
1.98982884e+02 3.33857115e-03 2.20114792e-02 1.78723518e-02 1.61938174e-03 8.30071879e-04 4.52100638e-04
2.01699056e+02 -2.43628504e-02 4.85393607e-02 2.18693437e-02 3.97745993e-03 9.05038873e-04 1.09730532e-03
2.04417525e+02 -1.51843747e-02 3.87363071e-02 9.02023473e-03 1.92607491e-03 3.11584414e-03 3.59753749e-03
2.07143306e+02 -4.09289070e-02 7.81884361e-02 -2.71415010e-02 3.88141533e-03 5.40679307e-04 5.61457709e-03
2.09856009e+02 -3.23413794e-02 9.49200891e-02 -4.10298950e-02 4.10450379e-03 1.65669127e-03 4.43918339e-03
2.12554322e+02 -1.79505411e-02 7.48248570e-02 -2.82697006e-02 1.79505827e-03 6.53023758e-04 1.57648039e-03
2.15275197e+02 -2.65402251e-02 4.94601185e-02 -5.55696648e-03 1.93095052e-03 5.85193919e-04 3.47954207e-03
2.17980744e+02 -3.62057027e-02 5.20261496e-02 1.71186091e-02 3.06726948e-03 7.02111213e-04 2.93327858e-03
2.20691322e+02 -3.43934397e-02 1.58640509e-02 -2.01557517e-02 6.45015251e-04 6.51136175e-04 3.60274406e-03
2.23418900e+02 -4.54766720e-02 7.32215008e-02 -7.13944877e-02 1.12908543e-03 2.98788429e-04 3.53543705e-03
2.26138166e+02 -4.06369864e-02 7.45157857e-03 -3.75734903e-02 7.09706918e-04 8.97224768e-04 1.49368504e-03
2.28861744e+02 -2.00980784e-02 -1.85949321e-02 -1.17741008e-02 9.30948504e-04 1.46489397e-03 1.28063422e-03
2.31574197e+02 -1.33270491e-02 1.00349845e-02 4.08669543e-03 3.13001662e-03 2.37957593e-03 7.98218719e-04
2.34292072e+02 -3.61376712e-03 4.34168857e-02 2.64664096e-02 3.42392164e-03 4.08061928e-03 2.03170414e-03
2.37009353e+02 2.18782664e-02 3.59715625e-03 2.07548254e-02 3.65607147e-03 2.01075457e-03 2.52434417e-03
2.39717009e+02 1.31847598e-03 5.15250048e-02 2.23676709e-02 1.24044111e-03 3.50717675e-03 3.50463701e-03
2.42426166e+02 -2.20730928e-03 -9.61079663e-04 -6.78416020e-02 7.52031163e-04 1.16873097e-03 2.89690465e-03
2.45135759e+02 -1.68856999e-02 -4.97750500e-02 -1.16955037e-01 4.22408343e-03 1.43462035e-03 1.56884184e-03
2.47849666e+02 -5.26196766e-03 -1.70454317e-02 -5.67289680e-02 1.99412103e-03 3.83258305e-03 7.36837641e-04
2.50559775e+02 -3.85174859e-03 -4.41957722e-03 2.54330127e-02 3.90518741e-03 2.20333164e-03 3.13933562e-03
2.53279369e+02 1.58202575e-02 -3.19857344e-02 5.15034931e-02 3.56963509e-03 5.75029868e-03 1.93275006e-03
2.55996056e+02 1.85347424e-02 8.67144708e-03 8.26341384e-03 1.71527187e-03 2.35367422e-03 4.05571748e-03
2.58705634e+02 -2.45015166e-02 4.77287348e-02 -3.02432666e-03 1.69984970e-03 3.40793426e-03 9.02824843e-04
2.61419072e+02 -2.12097440e-02 2.00763032e-02 2.11164303e-02 6.77289878e-04 2.21951865e-03 2.15731764e-03
2.64128791e+02 2.08936552e-03 -7.72919620e-02 4.31290599e-02 6.44651197e-03 6.70666301e-04 6.76977008e-03
2.66843775e+02 3.86545026e-02 -7.65094381e-02 6.88116373e-03 4.34904320e-03 2.42283619e-03 4.54167540e-03
2.69554839e+02 6.11361112e-02 -2.48069687e-02 8.92206357e-02 3.67748159e-03 2.85194659e-03 6.82492159e-03
