6.82092475e-01 -2.55250478e-02 -5.81104163e-03 5.03325131e-02 1.31435841e-02 1.12305151e-03 1.74345870e-03
3.39768777e+00 -2.14681246e-02 1.54991786e-02 3.65716938e-02 9.83979815e-03 6.27472253e-04 4.34283654e-03
6.11539292e+00 -1.20410095e-02 -4.96169145e-02 -3.29004269e-02 2.38166166e-03 5.14094271e-03 4.45710897e-03
8.82821542e+00 -4.45344332e-03 -8.25268224e-02 -9.76601094e-03 5.84583254e-03 1.62506351e-03 3.85646443e-03
1.15520045e+01 -5.00374068e-02 -2.64594783e-02 -6.53110805e-03 2.48974611e-03 2.39793452e-03 4.84574446e-03
1.42543623e+01 -1.34351943e-02 7.37196066e-02 1.93605877e-02 4.91628047e-03 1.30202322e-03 3.30910491e-03
1.69637810e+01 -3.90217681e-02 4.88365272e-02 -2.46191569e-02 8.12583584e-03 6.02664733e-03 2.16004087e-03
1.96737967e+01 -5.97205516e-02 2.12606746e-02 -3.26330067e-02 6.22169727e-03 7.00639136e-04 9.37835563e-04
2.23896310e+01 -7.76627333e-02 2.30969790e-03 -1.15234718e-02 4.39072376e-03 1.21122521e-03 2.42599852e-03
2.51072436e+01 -6.50525978e-02 3.67651902e-02 -4.29964980e-02 3.22427270e-03 3.01420286e-03 5.99088697e-03
2.78262795e+01 -3.60473672e-02 2.65992926e-02 -3.68104472e-02 6.31316104e-03 6.41862232e-04 8.73958044e-03
3.05465061e+01 -2.45474983e-02 1.90164476e-02 -5.98556655e-02 8.33126195e-03 2.90880906e-03 4.15588513e-03
3.32626060e+01 -1.36969899e-02 2.49668992e-02 -5.32638307e-02 1.06873499e-02 1.57400182e-03 1.11097869e-03
3.59774498e+01 -3.38230165e-02 2.57390055e-02 -4.37219751e-02 4.24765481e-03 1.34236760e-03 3.24519572e-03
3.86999529e+01 -4.13697194e-02 2.18245846e-02 -4.44753105e-02 4.07905207e-03 8.36494314e-04 3.43733634e-03
4.14191732e+01 -5.61394031e-02 9.97648977e-02 -8.17142598e-02 5.15529205e-03 1.99870725e-03 4.59835713e-03
4.41357264e+01 -2.28303513e-02 1.02023542e-02 -8.50367505e-02 2.69098470e-03 1.36289592e-03 5.52125272e-03
4.68601795e+01 -8.15542541e-03 -2.43431581e-02 -4.35707004e-02 2.18416183e-03 4.93510056e-03 6.13293990e-03
4.95796639e+01 -7.26529790e-03 1.23228592e-02 5.18575397e-02 4.14930914e-03 4.25251848e-04 6.61053381e-03
5.22999701e+01 -8.01761447e-03 -2.49744892e-02 4.89684766e-02 5.17602820e-03 1.90007793e-03 2.75769240e-03
5.50137701e+01 1.62427449e-02 -1.92470010e-02 4.22388286e-03 9.04741108e-03 1.36116749e-03 4.67316760e-03
5.77253217e+01 3.96666369e-02 -2.40025265e-03 1.67417887e-02 2.72008561e-03 1.60039027e-03 5.88112484e-03
6.04361935e+01 1.63009933e-02 -7.75813158e-02 3.55503832e-02 3.31272797e-03 1.82710485e-03 2.80959310e-03
6.31538904e+01 -2.15161943e-02 -5.39067974e-02 -3.85266580e-03 6.64071665e-03 2.14935299e-03 2.66550869e-03
6.58696154e+01 -2.38068577e-02 -1.30502238e-02 -1.27817271e-03 1.31690604e-03 2.41848024e-03 8.59970652e-03
6.85835811e+01 -7.82529129e-03 1.64805069e-02 2.11647002e-02 1.80453267e-03 8.01099822e-04 5.47749974e-03
7.13042764e+01 -8.59404317e-03 1.85884745e-02 -1.02378286e-02 1.55045928e-03 3.00051948e-03 2.81745232e-03
7.40185404e+01 -2.58828842e-02 -4.55170837e-03 -3.79139167e-03 3.87842232e-03 1.85752642e-03 1.64699367e-03
7.67253670e+01 -1.88529499e-02 1.93673625e-02 -5.07096177e-02 5.33163811e-03 7.51041628e-04 2.46254268e-03
7.94444045e+01 -5.45131374e-02 1.96703079e-02 -6.21027626e-02 4.62848875e-03 1.34522554e-03 3.91647232e-03
8.21574139e+01 -2.43693542e-02 -2.93318612e-02 -3.86963921e-02 2.25499157e-03 2.16616504e-03 5.59490172e-03
8.48718404e+01 8.05751462e-03 -1.80518148e-02 6.94540912e-03 3.04739445e-03 7.24033819e-03 2.09623417e-03
8.75892139e+01 -1.33120213e-02 -2.90376362e-02 -2.39872470e-02 2.38384642e-03 1.76848333e-03 6.55266127e-03
9.03070310e+01 -1.60101126e-02 -3.09029125e-02 -7.74346484e-02 2.10135266e-03 1.30083268e-03 6.00321856e-03
9.30281514e+01 -2.51591521e-02 -1.78957425e-02 -5.27806023e-02 3.65068786e-03 2.13659638e-03 3.71572952e-03
9.57549201e+01 -3.40254219e-02 3.51543368e-02 -2.49697573e-02 3.50079861e-03 1.21029012e-03 4.05678394e-03
9.84715795e+01 -2.87626454e-02 7.86289067e-02 -3.92768370e-02 1.78029291e-03 5.87301974e-04 1.55858667e-03
1.01190498e+02 2.16280432e-02 7.21630592e-02 -1.69526157e-02 2.10469352e-03 4.21419619e-03 3.63920697e-03
1.03919139e+02 -2.07970771e-03 2.62987787e-02 -8.73084494e-02 5.45247030e-03 1.51034744e-03 1.03506981e-02
1.06632076e+02 -2.64158745e-02 6.00013657e-03 -7.82086229e-02 5.81982978e-03 2.74802179e-03 6.16006841e-03
1.09344076e+02 -6.83044967e-03 -2.75702402e-02 -4.37948305e-02 1.21593023e-03 1.13604442e-03 4.18949384e-03
1.12059404e+02 2.72069033e-02 -1.94468226e-02 2.78370720e-02 2.71472645e-03 1.12625425e-03 4.74197662e-03
1.14775592e+02 7.58563547e-02 -4.74858239e-04 3.46037736e-02 9.30779661e-03 1.81151615e-03 4.83387325e-03
1.17487092e+02 1.31095663e-01 -3.67705265e-02 -1.94194179e-02 1.74710049e-03 1.60493474e-03 4.49196929e-03
1.20210858e+02 8.21245435e-02 -5.25888033e-02 -1.31795245e-02 5.20136901e-03 2.29226154e-03 7.68751772e-03
1.22924451e+02 6.89990201e-02 -2.53640410e-02 4.57903971e-02 4.75509181e-03 1.03225669e-03 8.44881843e-03
1.25645998e+02 1.60131470e-02 1.22463112e-04 6.13690127e-02 3.17640072e-03 1.62325252e-03 6.23603737e-03
1.28360826e+02 2.33462567e-02 5.92836159e-02 5.37067331e-02 1.05084000e-03 1.37821195e-03 4.71799356e-03
1.31074826e+02 -2.13059721e-02 8.16935992e-02 -6.71764505e-06 4.47314213e-03 2.99752938e-03 9.63026999e-03
1.33778561e+02 -1.11989416e-06 6.53002184e-02 -2.60712540e-02 6.56970030e-03 1.05210509e-03 3.54027765e-03
1.36479389e+02 5.37984714e-02 3.63679342e-02 -6.81063296e-02 2.02125367e-03 6.60998264e-04 2.82642135e-03
1.39185811e+02 5.66098862e-02 3.66932252e-02 -8.32157649e-02 5.80528443e-03 1.81726396e-03 4.96149996e-03
1.41897639e+02 -2.03811629e-02 5.64827019e-02 -1.01551996e-01 7.52001709e-03 2.94939426e-03 8.08032601e-03
1.44612154e+02 -3.23095415e-02 7.10598483e-02 -7.19336666e-02 4.22449984e-03 1.96789144e-03 6.63343794e-03
1.47324561e+02 2.14875281e-03 8.38851291e-02 -2.76627549e-02 5.01242925e-03 2.75041382e-03 3.00839988e-03
1.50040248e+02 2.88748740e-02 6.96765017e-02 5.03960132e-03 4.21773737e-03 1.12011086e-03 3.09709802e-03
1.52754139e+02 2.65405795e-02 4.91949811e-02 3.34847267e-02 1.40274746e-03 2.10708994e-03 1.51490538e-03
1.55475404e+02 3.53447134e-02 1.96915387e-02 1.41086517e-02 2.13484009e-03 2.03929817e-03 6.92358646e-04
1.58198514e+02 2.59748001e-03 -4.59759909e-02 1.24124670e-02 1.46193772e-03 1.36800132e-03 8.60977467e-04
1.60922326e+02 -3.30953870e-03 -1.58162880e-02 -2.24722870e-02 4.75485193e-03 3.18768533e-04 4.59922055e-03
1.63643389e+02 -4.58878251e-03 -3.47426043e-02 -4.63256446e-02 1.25043265e-03 2.24620956e-03 3.00865189e-03
1.66366686e+02 -2.62684152e-04 -4.86305831e-02 -4.22546904e-02 3.69123159e-04 1.04409634e-03 1.16506339e-02
1.69089811e+02 -3.38965935e-02 -4.48964218e-02 -2.64754689e-02 2.17854927e-03 1.64554535e-03 1.47846575e-02
1.71800186e+02 -1.69641693e-02 -1.97064198e-02 2.84713555e-02 2.22876798e-03 2.01052886e-03 7.34335640e-03
1.74518561e+02 -6.54504020e-03 -5.41132232e-02 2.25095531e-02 6.18122148e-04 2.84660807e-03 3.20761500e-03
1.77237826e+02 2.60052048e-03 -5.15743937e-02 -1.61960507e-02 3.78211763e-03 9.26568762e-04 6.33697214e-04
1.79955686e+02 1.99845947e-02 -5.03936671e-02 -4.08251835e-02 3.21647857e-03 3.14255231e-04 1.83814616e-03
1.82661108e+02 5.37500606e-02 -1.41774236e-02 -9.08959289e-03 2.27218466e-03 2.06691732e-03 1.95890824e-03
1.85372967e+02 6.70835455e-02 -1.45846330e-02 2.56865347e-03 3.50164283e-03 1.62761451e-03 2.22572264e-03
1.88090529e+02 3.41050188e-02 2.37321141e-03 -2.60846302e-03 4.62017835e-03 1.28970129e-03 2.73221509e-03
1.90799326e+02 7.05864560e-03 8.85803341e-03 -1.34917661e-02 3.34340692e-03 1.66420055e-03 2.06870525e-03
1.93507686e+02 -1.73182275e-03 -4.18011714e-02 -1.59175892e-02 4.49326157e-03 2.41717786e-03 4.80963653e-04
1.96220389e+02 -3.06496558e-02 -6.09597110e-02 1.08435267e-02 4.85179851e-03 9.31615751e-04 2.49352423e-03
1.98941029e+02 -2.19560735e-02 -4.53900115e-02 -9.41822527e-03 3.62724009e-03 1.66877364e-03 2.09504515e-03
2.01656795e+02 4.72634806e-03 -4.58418802e-02 -7.64893690e-03 1.23234434e-03 2.99871064e-03 9.68232870e-04
2.04378139e+02 -4.49737505e-03 -5.49167352e-02 -1.64679921e-02 1.22018404e-03 5.96104841e-04 1.16333234e-03
2.07092826e+02 -8.48764224e-03 -2.97452594e-02 -1.36968254e-02 1.04557209e-03 1.10111628e-03 2.27830009e-03
2.09813389e+02 -2.89166127e-03 -4.18648744e-02 -5.09569059e-02 2.36157814e-03 9.90413175e-04 3.83628717e-03
2.12532826e+02 -2.64892318e-02 -3.31795007e-02 -1.57418373e-02 2.70923905e-03 1.15399775e-03 3.73630694e-03
2.15249686e+02 -1.04253798e-02 -1.24212040e-02 5.21680211e-03 3.18347355e-03 1.19783679e-03 2.92630505e-03
2.17976326e+02 -2.36299368e-02 -5.00433179e-02 2.14308597e-02 1.43393436e-03 1.12629039e-03 3.22052194e-03
2.20695436e+02 -2.27503695e-03 -4.74419551e-02 -1.48281338e-02 3.91986941e-03 6.63080315e-04 8.67757845e-04
2.23401561e+02 -1.06287542e-03 -1.95704469e-02 1.11693157e-03 3.64953456e-03 4.66957547e-03 1.65906547e-03
2.26128779e+02 -3.48250518e-03 -3.12709397e-02 -3.42838468e-03 1.90721706e-03 2.52200766e-03 3.02519004e-03
2.28842076e+02 -1.13809471e-02 -2.93643109e-02 -4.07000106e-02 3.25271190e-03 2.64034294e-03 2.06487402e-03
2.31554826e+02 -1.50980755e-02 -2.91828665e-02 2.81575434e-02 1.65923904e-03 9.84649417e-04 2.10472270e-03
2.34279029e+02 -9.47362857e-03 -4.95757022e-02 5.84483425e-02 2.14045197e-03 2.02982892e-03 2.36767585e-03
2.36986108e+02 -1.22641896e-02 -7.85246878e-02 5.22781319e-02 3.38602357e-03 1.20230313e-03 3.70018330e-03
2.39705061e+02 1.31704629e-02 2.46052844e-02 2.26903929e-02 2.84464848e-03 8.99684452e-04 1.91828897e-03
2.42433529e+02 -1.28485274e-02 2.86847085e-02 -1.48652815e-02 3.57462462e-03 1.50536602e-03 1.88035873e-03
2.45148967e+02 -1.78343425e-02 -8.68028855e-03 -4.22335039e-02 7.49859056e-03 7.89349269e-04 1.48390873e-03
2.47862170e+02 -6.38298871e-03 -1.42496282e-02 -5.40514403e-02 3.40039663e-03 2.34985629e-03 1.04355388e-03
2.50582498e+02 1.10494959e-02 1.40805858e-02 -3.55285422e-02 2.23615446e-03 4.35113886e-03 1.17158047e-03
2.53299811e+02 -5.65341824e-03 2.97179397e-02 -1.70219733e-02 3.75427479e-04 3.02974548e-03 2.53025163e-03
2.56018467e+02 -2.75635951e-02 3.35875891e-02 -3.86173383e-02 1.45175577e-03 1.32876785e-03 2.01281919e-03
2.58733873e+02 2.06111533e-02 1.43102333e-02 -2.42368335e-02 6.06059802e-04 7.26788735e-03 3.05433785e-03
2.61442920e+02 4.10068523e-02 3.20743087e-02 -7.10359639e-03 1.17657460e-03 6.87684124e-04 1.80673500e-03
2.64162451e+02 3.66542558e-02 -5.37624682e-03 -5.93615195e-02 5.74981236e-03 1.18604740e-03 3.09022217e-03
2.66875623e+02 -1.08723407e-02 -3.38273100e-03 -1.30867827e-02 6.49144789e-03 2.14547956e-03 2.15640553e-03
2.69587374e+02 -3.39933087e-02 4.32480753e-02 4.86303807e-02 1.28608174e-02 2.23673773e-03 2.36126458e-03
