6.74962816e-01 -4.84329978e-02 -5.51922403e-02 -1.44110813e-03 1.93099253e-03 3.36119350e-04 4.04083942e-03
3.37552904e+00 3.51249749e-02 -3.88282146e-02 -6.54894171e-03 6.62657684e-03 1.98231829e-03 1.53764769e-03
6.09001763e+00 1.11673877e-02 3.19826325e-02 9.54762855e-02 2.90918961e-03 8.40369765e-04 3.20655573e-03
8.80767779e+00 -6.30084162e-03 1.75614752e-02 1.07251637e-01 8.68902435e-04 2.04638496e-03 4.08651009e-03
1.15205115e+01 1.35900066e-02 -1.62130868e-02 6.34187777e-02 1.18502984e-03 3.54474340e-03 2.05201326e-03
1.42385412e+01 1.82781057e-02 4.37046375e-02 3.48394790e-02 5.12906224e-03 2.16102496e-03 1.86143743e-03
1.69590334e+01 6.87380315e-03 2.16985159e-02 4.54055340e-02 3.29294842e-03 2.73963246e-03 2.69082289e-03
1.96747959e+01 -6.55501265e-03 -4.64177291e-02 6.09951669e-02 4.20320691e-03 5.55101165e-04 6.41244870e-03
2.23932865e+01 -1.07353798e-02 -9.74699052e-03 2.30208216e-02 2.03827688e-03 5.58470150e-04 2.04603428e-03
2.51056287e+01 1.66852280e-02 4.59557040e-03 7.00741668e-02 4.55794809e-03 3.81590053e-03 4.19055267e-03
2.78241178e+01 4.81011447e-02 -6.75795376e-03 2.01992031e-02 2.34330059e-03 1.30647718e-03 1.75739522e-03
3.05415912e+01 4.63949309e-02 -4.66426610e-02 1.92460514e-02 4.12420154e-03 9.37725317e-04 7.16779488e-03
3.32592568e+01 5.79704164e-02 -6.98667974e-02 1.30386178e-02 2.69032717e-03 4.03582932e-03 7.55922666e-03
3.59747194e+01 4.24918443e-02 -7.39057103e-02 3.36773230e-03 4.69191898e-03 2.55855639e-03 3.44590250e-03
3.86946865e+01 -9.33184969e-03 1.48551450e-02 -2.51455970e-03 4.84128509e-03 2.39886859e-03 1.09799518e-03
4.14100412e+01 -2.38188923e-02 8.64672170e-02 1.38403052e-02 1.70167267e-03 2.01316783e-03 5.55109852e-03
4.41205459e+01 -2.37163133e-02 7.95442357e-02 2.76130210e-02 2.78036495e-03 7.58007481e-04 9.67396542e-03
4.68404412e+01 -3.94632185e-02 2.67809951e-02 -8.98827369e-03 3.42866550e-03 5.13792592e-03 6.47094373e-03
4.95637944e+01 -3.57948004e-02 1.54707059e-02 -4.30811500e-02 4.75779460e-03 9.41235054e-04 3.85084467e-03
5.22796850e+01 3.50267793e-03 -2.83838741e-02 -7.16324150e-03 1.56255621e-03 1.24048506e-03 8.53860114e-03
5.50045944e+01 2.29225350e-02 -2.08550233e-02 1.92758358e-02 2.10094865e-03 8.59156290e-04 2.12194156e-03
5.77255147e+01 -8.32687969e-03 8.40566935e-03 -6.44356398e-03 2.16396279e-03 1.07165808e-03 1.55574938e-03
6.04449506e+01 -1.41170473e-02 5.47043814e-02 3.73755877e-02 2.71014220e-03 1.43857884e-03 8.66554881e-04
6.31607225e+01 -1.47754929e-02 5.19172624e-02 7.56375731e-02 3.06950425e-03 2.14348120e-03 4.36816590e-03
6.58806412e+01 -2.21831142e-02 5.72765820e-02 4.77970549e-02 3.34413708e-03 1.32260698e-03 6.10495735e-03
6.85974865e+01 -4.85974260e-03 4.65907529e-02 -1.82583252e-02 4.93411493e-04 1.94015807e-03 3.31326315e-03
7.13148725e+01 1.57273959e-02 -2.34231291e-02 -1.47547022e-02 1.67684013e-03 9.80307566e-04 3.77613439e-03
7.40342037e+01 -1.28649927e-02 -4.40277391e-02 1.66126897e-02 3.83119922e-03 4.64016748e-04 1.22658171e-03
7.67466272e+01 -2.09880948e-02 -3.47649011e-02 7.54700876e-02 1.32922352e-03 9.08668266e-04 3.19945763e-03
7.94630834e+01 3.47083771e-02 -5.14182973e-03 3.57003240e-02 3.71634343e-03 8.95583770e-04 4.86102474e-03
8.21838803e+01 2.16192701e-02 -4.19756116e-02 2.32659096e-02 3.04356881e-03 9.62746612e-04 3.08439033e-03
8.49006662e+01 3.48118139e-03 -5.37994142e-02 7.16380830e-03 1.66248566e-03 2.57692337e-03 5.09684240e-03
8.76129959e+01 -2.36653628e-02 -4.31847029e-02 -3.48577122e-02 3.78452514e-03 3.49268297e-03 2.74938351e-03
9.03169944e+01 1.91964164e-02 -2.76866173e-02 5.12940050e-02 4.25289011e-03 8.24493540e-04 2.86234825e-03
9.30299819e+01 1.15318899e-02 1.85414552e-02 2.07487644e-02 4.06245105e-03 3.06128799e-03 2.27493024e-03
9.57417990e+01 4.43586259e-02 4.90836827e-02 -7.74509869e-03 3.15783302e-03 4.38454646e-03 6.54591223e-03
9.84547928e+01 6.07875574e-02 3.86356526e-02 1.32634058e-02 1.76349588e-03 2.04065094e-03 1.11945691e-03
1.01173816e+02 5.59782426e-02 3.16438025e-02 1.75551987e-02 1.67047337e-03 1.41888725e-03 3.20549626e-03
1.03894222e+02 1.63505655e-02 -3.12799626e-02 3.64353098e-02 3.63939544e-03 1.71982869e-03 7.95432962e-04
1.06609332e+02 3.31382276e-02 -3.67206481e-02 3.59291020e-02 6.09667635e-03 1.35684190e-03 5.29094910e-03
1.09331832e+02 6.63298663e-04 -1.11769609e-01 6.53481027e-03 6.73308959e-03 1.48990220e-03 3.90445520e-03
1.12049863e+02 7.93342154e-03 -9.00597725e-02 -2.55365656e-02 2.27951579e-03 3.14076162e-03 6.70009677e-03
1.14769707e+02 -3.35854908e-02 -1.21461216e-02 -7.25085980e-02 1.91078268e-03 3.15936111e-03 4.78875524e-03
1.17478269e+02 -5.67676895e-02 -2.12526059e-02 -3.00985660e-02 2.31655275e-03 5.67414187e-04 1.39618438e-03
1.20184332e+02 -4.72659839e-02 6.22931089e-02 4.99493860e-02 3.66172465e-03 2.16897857e-03 1.69552546e-03
1.22896785e+02 -5.55106362e-03 4.49912035e-02 4.99179863e-02 3.45750418e-03 5.77210233e-03 6.35883551e-03
1.25604613e+02 4.90051794e-03 1.40834554e-02 6.20818955e-02 1.79820863e-03 1.96777599e-03 6.86999915e-03
1.28311722e+02 -2.40277119e-02 1.07170063e-02 2.78627165e-02 1.12622955e-03 2.19921861e-03 2.20847661e-03
1.31025301e+02 -2.39832003e-02 -4.76314097e-02 -2.95209541e-02 1.60356420e-03 2.75957771e-03 5.45461126e-03
1.33740472e+02 4.16836091e-03 -4.29110231e-02 -2.28102353e-02 2.03016632e-03 1.30362921e-03 4.79426845e-03
1.36459176e+02 -1.77203771e-02 -9.62849966e-03 5.46519803e-02 2.09386629e-03 5.67395975e-03 5.35621075e-03
1.39187847e+02 -4.17507069e-02 -1.16254665e-02 8.42530944e-03 4.58836344e-03 2.07270118e-03 1.59175981e-03
1.41906504e+02 -4.45648525e-02 -9.68477192e-03 -1.06067321e-02 3.02017750e-03 1.71733315e-03 2.25132491e-03
1.44617176e+02 -6.18679617e-02 -4.14128912e-02 -2.46363535e-02 2.80768098e-03 1.14451528e-03 7.99238892e-03
1.47341019e+02 -6.53512461e-02 -1.15224200e-01 -2.73384677e-02 6.98388582e-04 1.96005044e-03 3.16039685e-03
1.50055535e+02 -3.24492737e-02 -6.54181189e-02 4.14087167e-02 4.06987886e-03 1.17755395e-03 3.39250422e-03
1.52780160e+02 -1.69061777e-02 -1.32058503e-02 3.62336063e-02 2.77004294e-03 1.75216858e-03 1.07690207e-02
1.55488519e+02 -1.25834813e-02 3.66781087e-03 3.07901126e-02 2.01700559e-03 1.60528114e-03 5.72637076e-03
1.58217332e+02 -1.52626702e-02 3.20855341e-02 5.02348323e-03 1.54008328e-03 1.69180607e-03 3.92718775e-03
1.60927097e+02 -6.19271614e-03 4.35096522e-02 5.18865433e-02 1.83720356e-03 1.03726868e-03 3.13222736e-03
1.63647941e+02 2.03312739e-02 7.48445714e-02 6.89440638e-02 3.49098893e-03 1.07677164e-03 2.66797821e-03
1.66362097e+02 3.81326881e-03 2.79093031e-02 2.75899073e-02 5.52436316e-03 9.87713517e-04 4.14749497e-03
1.69075504e+02 2.85197512e-02 9.59645281e-02 8.64050131e-03 7.66190453e-03 1.13237895e-03 4.29556962e-03
1.71790941e+02 1.09916021e-02 8.92008061e-02 -1.78136244e-02 7.11362859e-03 7.01648159e-03 3.76072872e-03
1.74506910e+02 5.96401990e-03 -9.49943460e-03 -2.54135871e-02 6.18349471e-03 9.97451646e-04 1.50954258e-03
1.77226847e+02 -2.90449297e-02 -1.15312255e-02 -4.94262916e-03 4.19679531e-03 1.02679244e-03 4.76799376e-04
1.79941582e+02 -1.48552954e-02 5.37983437e-02 2.59226282e-02 1.66117910e-03 1.77775375e-03 1.56549862e-03
1.82653301e+02 -9.45926761e-03 4.33882661e-02 2.23035585e-02 1.81496110e-03 4.80350006e-03 1.01382360e-03
1.85373019e+02 -2.47470277e-02 8.17489981e-03 9.84406068e-03 1.98740654e-03 6.21085807e-04 5.48729380e-03
1.88080754e+02 -7.92404754e-03 2.57817760e-02 2.16859221e-02 1.60825926e-03 3.67781429e-04 1.85866532e-03
1.90798941e+02 -2.74576016e-03 4.72342436e-02 1.20858758e-03 2.02740447e-03 2.34741229e-03 6.27070392e-03
1.93520363e+02 -1.37974284e-02 -2.00745318e-03 -1.24829953e-02 2.69295669e-03 1.57560879e-03 7.93863367e-03
1.96239394e+02 -2.37214463e-02 -1.76414523e-03 7.40245000e-03 8.43258734e-04 2.20113488e-03 2.67207668e-03
1.98953129e+02 -2.89622254e-02 2.12517641e-02 2.55586016e-02 1.16142430e-03 1.35291835e-03 3.13377555e-03
2.01677957e+02 2.60006282e-03 7.91619450e-02 1.61634167e-02 2.36741212e-03 1.19895144e-02 3.26827903e-03
2.04400832e+02 2.79273809e-02 5.56846474e-02 -2.40450272e-02 4.63403722e-03 4.91731307e-03 3.41842751e-03
2.07137863e+02 6.72111534e-03 4.74855345e-02 1.25374313e-02 1.56265564e-03 1.96119926e-03 7.89788605e-04
2.09864644e+02 -1.33528338e-02 6.39990146e-02 2.03817243e-02 2.24874037e-03 2.21495822e-03 2.75159930e-03
2.12581504e+02 -1.11664536e-02 3.10121095e-02 -3.97894489e-03 1.58887723e-03 1.23820156e-03 2.48940322e-03
2.15314972e+02 -3.24868946e-02 4.88096686e-02 -5.12423498e-02 3.10421101e-03 1.27712740e-03 4.13690992e-03
2.18023160e+02 -2.36878366e-02 1.99004584e-02 -2.22638902e-02 8.68065676e-04 2.11261971e-03 2.68185626e-03
2.20733426e+02 2.70537565e-03 -3.52447348e-02 1.36254560e-02 2.71305398e-03 3.74669917e-03 2.35806849e-03
2.23452176e+02 -2.47918673e-03 1.28057800e-03 1.17465901e-02 2.69861792e-03 2.39975069e-03 2.51571640e-03
2.26152191e+02 -1.22757912e-02 2.62157471e-02 7.42418481e-02 1.96694678e-03 4.57594398e-04 2.61591305e-03
2.28867457e+02 -2.25428299e-02 7.19922829e-02 6.23899445e-02 1.48906126e-03 4.10041925e-03 5.82793203e-03
2.31577613e+02 -2.81954564e-02 1.29411957e-01 5.22314120e-03 6.93250356e-04 1.63758925e-03 7.62534112e-04
2.34284457e+02 -3.96982024e-02 1.81935544e-02 -5.09230360e-03 9.18605717e-04 3.52328206e-03 8.30985560e-04
2.36998191e+02 -4.06636182e-02 -2.21720835e-02 -6.10418560e-02 2.06413725e-03 8.28458766e-04 2.12151892e-03
2.39707769e+02 -4.61680682e-02 6.40018136e-03 -4.59718261e-02 3.22962421e-03 9.21882151e-04 6.10982484e-03
2.42416347e+02 -3.47169848e-02 2.00539722e-02 2.28788560e-02 2.70471974e-03 1.74768542e-03 6.28883801e-03
2.45140332e+02 -3.35777151e-02 -1.75971965e-02 -8.96568925e-03 4.47235256e-03 8.23622149e-04 1.74215571e-03
2.47856082e+02 -4.26958023e-02 1.37298437e-02 -2.13008785e-02 2.52388811e-03 1.89453908e-03 3.12297659e-04
2.50572910e+02 -2.69678544e-02 6.21325392e-03 -8.63531953e-02 3.27773639e-03 1.37954680e-03 3.43204380e-03
2.53288472e+02 -2.04897851e-02 -1.96899263e-02 -8.52255646e-02 1.60286362e-03 5.80692532e-04 6.05599481e-03
2.56006426e+02 2.05190256e-02 -4.84959153e-02 -1.70492883e-02 3.24186039e-03 1.14620340e-03 5.06202611e-04
2.58721238e+02 -9.12617872e-03 3.34057315e-03 6.52906352e-03 1.13367533e-03 1.17192719e-03 1.25307505e-03
2.61445097e+02 -8.94729632e-03 1.38805217e-02 -2.46842909e-02 2.22525483e-03 3.32711807e-03 4.27793657e-03
2.64153644e+02 1.82814567e-04 2.64101462e-02 3.20146367e-02 2.40857563e-03 1.04235561e-03 4.59260304e-03
2.66865426e+02 8.01738061e-03 2.13115883e-02 2.45124666e-02 2.45947453e-03 2.00672468e-03 5.66188252e-03
2.69572957e+02 -2.32353417e-02 -2.77018735e-02 1.60247120e-02 1.07803114e-03 1.54476715e-03 2.95933578e-03
