6.71222044e-01 -4.23926859e-03 9.23054654e-02 3.29982071e-02 2.19992074e-03 2.04409767e-03 2.10551185e-03
3.38691444e+00 -5.34926337e-02 2.10504044e-02 -2.36207630e-03 4.60957409e-03 1.84421892e-03 2.43613279e-03
6.10041475e+00 -4.62400034e-02 -3.40779352e-02 -7.64263837e-02 2.62769938e-03 8.60118970e-04 2.92961229e-03
8.81402428e+00 -2.52466425e-02 -9.46802674e-03 -8.81125074e-02 4.62180831e-03 7.26870208e-04 3.80447248e-03
1.15338999e+01 -1.54843376e-02 -1.56356012e-02 -6.54551085e-02 3.80357129e-03 1.78221886e-03 3.74971556e-03
1.42515374e+01 -1.17888137e-02 -1.40177366e-02 -1.32279232e-02 5.17033339e-03 1.24732906e-03 5.14687031e-03
1.69765733e+01 -2.05409410e-02 -1.15917420e-02 -4.32099652e-02 4.43809313e-03 7.08075191e-04 2.17435999e-03
1.96908296e+01 1.44618613e-02 1.01301405e-02 -4.61500270e-02 3.59435206e-03 2.49571707e-03 5.15291200e-03
2.23972171e+01 5.11007682e-02 3.26687444e-02 -1.24399527e-02 3.72722089e-03 9.92551191e-04 3.12245182e-03
2.51164671e+01 1.02654039e-02 -1.59512258e-02 -3.70260717e-02 1.95625447e-03 2.30825007e-03 1.46202486e-03
2.78252593e+01 1.01982572e-03 9.04048039e-03 -4.43748847e-02 1.96901694e-03 8.94292140e-04 7.07227584e-03
3.05477983e+01 -4.27507393e-02 5.50134420e-02 -8.67899473e-03 4.21863544e-03 4.41753352e-04 5.09868279e-03
3.32674124e+01 -8.68508591e-02 6.42206290e-02 1.67308952e-02 3.05269648e-03 3.10209524e-04 4.59988596e-03
3.59796327e+01 -4.34694639e-02 6.22131930e-02 7.13680173e-02 5.85764223e-03 2.06001322e-03 2.40358090e-03
3.86942062e+01 -1.21205936e-02 4.14005749e-02 5.59658252e-02 1.54997736e-03 1.20342526e-03 2.55319830e-03
4.14047015e+01 1.24000298e-02 -1.99701998e-02 2.40919058e-02 3.13034906e-03 1.56977653e-03 4.28178743e-03
4.41212171e+01 4.88970462e-03 -7.23393270e-02 -4.72009424e-02 7.01228308e-03 1.22273307e-03 8.59557009e-03
4.68425468e+01 -5.92020146e-03 -2.02932009e-02 -3.92966722e-02 1.95923616e-03 5.01130020e-03 5.35661482e-03
4.95578905e+01 5.05348287e-03 9.25516847e-03 -3.19870415e-03 4.52547046e-03 3.10043969e-03 3.24516914e-03
5.22853093e+01 -1.44810153e-02 2.88905893e-02 -4.88585977e-02 2.58900931e-03 3.27119527e-03 7.88322097e-03
5.50019780e+01 -2.09922008e-02 5.01264256e-02 -2.65979069e-02 2.54326250e-03 1.03678814e-03 5.41563952e-03
5.77191171e+01 1.52604051e-02 2.20738719e-02 2.31575233e-02 3.70960884e-03 7.24561483e-04 1.92080990e-03
6.04352765e+01 2.58497006e-02 -1.86228591e-02 1.81242346e-02 5.32306440e-03 1.55779336e-03 1.67485962e-03
6.31614327e+01 -1.28661296e-02 8.04501810e-03 -1.35770535e-02 4.06965207e-03 6.11118920e-04 3.18835926e-03
6.58786796e+01 2.29266664e-02 -1.06979051e-02 -2.99183205e-02 5.02089808e-03 1.97710341e-03 2.75089916e-03
6.86001062e+01 2.00990273e-02 -4.67247969e-02 5.79554301e-03 1.80682370e-03 1.49823902e-03 6.11542509e-04
7.13199718e+01 2.28302264e-02 1.45565880e-02 4.81433980e-02 2.79797364e-03 4.26042951e-04 1.05360133e-03
7.40422827e+01 -1.18400545e-02 5.41522433e-03 -2.89764951e-03 1.21935321e-03 2.60006595e-03 1.33739640e-03
7.67531249e+01 2.59364370e-03 2.14213815e-02 -5.10238931e-02 4.52521090e-03 1.39275680e-03 5.45928789e-03
7.94662983e+01 8.84675088e-03 -2.90463358e-02 -6.69581030e-02 2.58133362e-03 3.98323217e-03 6.47718443e-03
8.21870983e+01 1.48992886e-02 -2.38943925e-04 -6.31261273e-03 6.65409064e-03 6.39381860e-04 6.25845849e-03
8.49095358e+01 4.68952787e-02 2.73841190e-02 3.99930603e-02 5.66359213e-04 2.33679490e-03 1.95585834e-03
8.76223390e+01 7.30771431e-02 -2.24915602e-03 4.15737750e-02 2.84132716e-03 1.45855666e-03 1.42927491e-03
9.03325374e+01 5.58781674e-02 -1.11397894e-02 6.84077482e-02 7.95795870e-03 7.05304949e-04 1.76067838e-03
9.30481608e+01 -1.19227954e-02 4.20060821e-03 3.88764104e-02 4.30380402e-03 2.94071452e-03 2.31141544e-03
9.57627171e+01 -5.73485693e-02 -4.80700232e-03 3.30676517e-03 2.90038591e-03 4.35551317e-03 3.72725797e-03
9.84696062e+01 -7.82941246e-02 -4.91462102e-03 -2.75019687e-02 9.65750372e-04 2.16378706e-04 4.53792160e-03
1.01182487e+02 -3.22881516e-02 -1.69806709e-02 -3.98799009e-02 2.48369766e-03 5.95268214e-04 3.93070112e-03
1.03895581e+02 1.56047651e-02 3.47209887e-02 2.23053486e-02 4.51104198e-03 2.05020933e-03 2.48239909e-03
1.06614269e+02 -2.35505149e-03 2.81263942e-02 -3.74088215e-02 1.23252117e-03 2.80066993e-03 1.97867405e-03
1.09329034e+02 -3.42071674e-03 4.88948566e-02 -3.07950171e-02 4.05817730e-03 3.33231728e-03 3.88345453e-03
1.12038378e+02 1.86730378e-02 1.27339311e-02 6.29573807e-02 6.47631453e-03 8.98110777e-04 5.33665869e-03
1.14751456e+02 5.21012369e-02 3.15166337e-03 5.39077170e-02 1.91948672e-03 3.57929355e-03 4.46406838e-03
1.17464644e+02 5.15802953e-02 7.48425841e-02 -1.90830264e-02 1.85206781e-03 1.04327087e-03 1.58840363e-03
1.20175878e+02 6.07349361e-02 4.36994958e-02 -7.05161515e-02 1.17202408e-02 4.19936205e-03 2.20521440e-03
1.22894081e+02 1.89954984e-02 3.19315907e-03 -6.44494252e-02 8.98245549e-03 4.49185804e-03 5.71907277e-03
1.25606550e+02 1.35124670e-02 -1.31877497e-04 -5.41304124e-02 7.59627134e-03 1.26830677e-03 7.28675884e-03
1.28324347e+02 -4.32884499e-03 8.53431554e-03 -3.27900447e-02 4.94982645e-03 4.72256850e-04 5.87488734e-03
1.31044597e+02 -3.63047298e-02 4.00476298e-03 4.12044014e-02 7.87448006e-03 3.09567437e-03 3.60767767e-03
1.33757159e+02 -5.10118234e-02 1.72519655e-02 -6.54365659e-03 3.21431699e-03 2.30689547e-03 2.59007956e-03
1.36465878e+02 -2.28572655e-02 2.15053278e-02 -4.46889544e-02 6.40869287e-03 4.57256207e-03 6.98047510e-03
1.39178003e+02 9.95789932e-03 -4.30045340e-03 -1.60714913e-02 6.41646993e-03 3.00283769e-03 3.17110436e-03
1.41889362e+02 3.26886300e-02 2.34094163e-02 1.46032653e-02 9.93837905e-03 1.50479629e-03 3.60020482e-03
1.44610066e+02 5.87557450e-02 8.09394326e-02 1.41630056e-02 6.83301583e-03 4.37211748e-03 5.92717981e-03
1.47326784e+02 3.67121851e-02 7.76550795e-02 3.37885774e-02 2.85102894e-03 8.21638343e-04 2.66163114e-03
1.50049909e+02 5.25600042e-02 4.74336322e-02 1.69405248e-02 2.66806058e-03 1.51088353e-03 4.11894133e-03
1.52771847e+02 2.47189453e-02 8.52618704e-02 -1.44274766e-02 1.55481968e-03 2.50649079e-03 7.69921398e-03
1.55490331e+02 2.04347679e-02 2.36875747e-02 -6.08741052e-03 1.89635876e-03 2.58266155e-03 2.27636185e-03
1.58206300e+02 -6.36118957e-03 2.97171541e-03 2.47374219e-02 2.70859909e-03 1.37847463e-03 2.88409734e-03
1.60927925e+02 -4.52079254e-03 9.80380584e-04 -2.42668599e-02 1.41250315e-03 5.40482187e-04 4.68106367e-03
1.63647300e+02 -1.87360722e-02 -9.16557216e-02 -6.02620926e-02 6.07230243e-03 1.10760163e-03 2.50230371e-03
1.66381081e+02 -1.77895112e-02 -8.25075522e-02 -6.52649526e-02 8.04524216e-03 8.59900698e-04 3.11577949e-03
1.69091237e+02 -2.62997749e-02 -7.36189910e-02 -3.35475543e-02 8.54131497e-03 1.97525097e-03 1.12954704e-03
1.71798550e+02 -1.69302575e-02 -5.48049263e-02 1.31391765e-02 2.87611452e-03 1.88838404e-03 1.32940293e-03
1.74507144e+02 -9.31155470e-03 -2.98232315e-02 8.75538533e-03 7.26766766e-03 1.39596323e-03 2.45878857e-03
1.77223925e+02 -2.58308938e-02 -3.66421641e-02 -1.15513301e-02 2.16371954e-03 5.52786221e-04 4.04811633e-03
1.79937472e+02 9.35227085e-03 -7.16952931e-02 1.65434184e-02 4.49940969e-03 2.14303662e-03 3.77395048e-03
1.82646909e+02 4.17769467e-02 -2.64656656e-02 5.21672532e-02 4.18600933e-03 3.51319766e-03 1.22320955e-03
1.85368331e+02 3.43264952e-02 -4.00002995e-02 2.60017851e-02 2.30016739e-03 4.98054721e-04 5.27898729e-03
1.88084347e+02 1.62574423e-02 -8.88988602e-02 2.23405722e-02 1.83117493e-03 8.47703491e-04 2.73501350e-03
1.90804784e+02 -4.21173027e-03 -4.49470134e-02 2.75075919e-02 1.45655496e-03 3.73952183e-03 4.63097846e-03
1.93520191e+02 -4.57131442e-03 -7.15544127e-03 -2.09102430e-02 1.71081945e-03 1.61394810e-03 9.26058925e-03
1.96241941e+02 -4.50509652e-03 4.44822019e-03 -4.88548019e-02 1.04524655e-03 2.59172514e-03 6.68522700e-03
1.98970362e+02 1.65492282e-02 2.70386816e-02 -5.43582561e-02 4.82861123e-03 4.46736499e-03 4.36865092e-03
2.01692081e+02 2.71498593e-03 -1.37799980e-02 -3.77766385e-02 3.58320380e-03 3.90358347e-03 2.98291804e-03
2.04424362e+02 -3.00130073e-02 -2.61382272e-02 -1.96444255e-02 3.63835764e-03 2.93824362e-03 3.29704048e-03
2.07145675e+02 -4.12271906e-02 -4.00680565e-02 -2.80682062e-02 2.92477928e-03 2.51981320e-03 2.06294507e-03
2.09864409e+02 4.95297376e-03 -3.78886466e-02 7.12251660e-03 1.05679011e-03 1.45499347e-03 4.12917145e-03
2.12581612e+02 1.14073499e-02 -3.05247365e-02 2.61523280e-02 9.55515324e-04 5.17987484e-04 2.11914049e-03
2.15301550e+02 3.74778828e-02 -3.39204939e-02 3.92863262e-02 1.80700740e-03 1.14063813e-03 3.33549390e-03
2.18024222e+02 4.76788008e-02 -7.51496466e-02 2.29792505e-02 2.30650416e-03 2.42684776e-03 4.54006867e-03
2.20746816e+02 2.70963520e-02 -4.52392886e-02 1.23617369e-02 8.18902254e-04 2.97903027e-03 1.00692331e-03
2.23456284e+02 9.22683913e-03 -3.75846025e-02 2.56773771e-02 1.88151387e-03 6.54545553e-04 6.81905354e-03
2.26164034e+02 1.96024107e-02 -3.14919110e-02 -2.33930366e-02 1.92316835e-03 1.24981029e-03 2.69852601e-03
2.28869691e+02 8.64329033e-03 -2.07927896e-02 -6.24794940e-02 2.53410718e-03 2.75351636e-03 4.48926051e-03
2.31574487e+02 6.33130020e-03 -2.58696941e-02 -3.05882038e-02 1.71089434e-03 1.16938293e-03 3.22796273e-03
2.34280956e+02 2.29054392e-02 2.47276353e-02 4.28005704e-02 9.58539950e-04 2.45239100e-04 2.58607314e-03
2.36990987e+02 1.22897996e-02 -2.13921745e-03 3.30476818e-02 6.16429486e-04 2.00009608e-03 5.01964099e-03
2.39711909e+02 3.22039494e-04 -1.82966092e-02 4.23495610e-03 1.35305548e-03 2.55653919e-03 6.31363597e-03
2.42426441e+02 1.73704400e-02 -1.56980490e-02 3.64260657e-03 3.23954217e-03 8.48116103e-04 2.89119539e-03
2.45140644e+02 2.87659843e-02 7.09485228e-03 2.50314677e-02 4.36037850e-03 6.15423658e-03 2.89505842e-03
2.47857347e+02 3.12086234e-02 2.84226689e-02 3.04064358e-02 1.72317292e-03 7.32493390e-04 2.35206010e-03
2.50568894e+02 1.25382058e-02 2.15647161e-02 5.82804329e-02 2.21687512e-03 4.96920280e-04 4.87161425e-03
2.53290894e+02 3.21890487e-03 -4.02121665e-02 5.45640880e-02 1.39714225e-03 2.13804174e-03 4.20861662e-03
2.56003831e+02 3.48170865e-03 -6.25398514e-03 3.19748819e-02 3.72620544e-03 1.27921351e-03 2.11049179e-03
2.58714878e+02 2.78344750e-02 -1.88942993e-02 2.28069791e-02 4.06560500e-03 2.27016350e-03 1.66405966e-03
2.61426581e+02 2.82617757e-02 -4.07391370e-02 3.11208547e-02 1.19434797e-03 2.12323475e-03 5.54267449e-03
2.64142128e+02 3.39856299e-02 -1.87525565e-02 5.85950850e-02 1.98311271e-03 2.18985121e-03 3.52086385e-03
2.66855284e+02 6.13692929e-02 4.99135640e-02 2.44726927e-02 2.80076326e-03 1.29412195e-03 2.85004808e-03
2.69569407e+02 7.53432016e-02 6.72868340e-02 1.53943781e-02 5.88018632e-03 2.50329120e-03 3.09940227e-03
