6.84271857e-01 8.48079625e-04 1.08277829e-02 -2.42952993e-02 8.07951394e-04 1.20605046e-03 3.46887954e-03
3.39926821e+00 -3.06971788e-02 -1.65912682e-02 -5.11944199e-02 1.84111810e-03 1.47404662e-03 5.90772274e-03
6.11060789e+00 -6.80129128e-03 -3.62882388e-02 -3.62457126e-02 2.90255167e-03 1.73177734e-03 9.23724319e-03
8.82806243e+00 2.36722312e-02 -3.19084182e-02 -6.95307611e-02 5.19748514e-03 7.23577887e-04 2.49341976e-03
1.15315301e+01 7.43785716e-02 -8.89561229e-03 -3.16050825e-02 3.31615194e-03 1.64389780e-03 2.65493353e-03
1.42443629e+01 5.45315600e-02 -3.30287659e-02 -1.64136896e-02 3.33229896e-03 3.46473648e-03 9.89253289e-04
1.69607254e+01 1.27321274e-02 -2.00335923e-02 4.43426855e-02 2.61188593e-03 1.37995305e-03 4.41572524e-03
1.96785488e+01 -1.06871559e-02 2.14946045e-02 1.44834941e-02 2.48520295e-03 2.06414674e-03 5.01436582e-04
2.23910051e+01 3.10534812e-02 8.48321993e-02 2.40999717e-02 1.59119253e-03 1.28474414e-03 3.49459412e-03
2.51151348e+01 -3.48723816e-03 7.08442846e-02 1.30056892e-02 4.07875812e-03 6.40051325e-04 2.09383997e-03
2.78271348e+01 1.64346205e-02 2.85607450e-02 -9.64107010e-03 3.57287815e-03 7.90846147e-04 3.85861501e-03
3.05457207e+01 -5.33233243e-03 -4.08934555e-02 -3.34614973e-02 1.23427248e-03 6.89810416e-04 4.94666942e-03
3.32647254e+01 -3.76493216e-02 -2.40833626e-02 -7.00334140e-02 7.95619606e-04 1.26133270e-03 4.21539549e-03
3.59753848e+01 5.27992546e-03 -3.01941927e-02 -3.61209302e-02 3.11809495e-03 1.25353656e-03 4.03990940e-03
3.86907348e+01 4.59285793e-02 5.19166388e-02 -3.58012404e-02 3.17087990e-03 2.20856530e-03 3.26176377e-03
4.14042629e+01 8.68344501e-02 7.59671350e-02 1.22268775e-02 4.35003187e-03 1.31742585e-03 2.46983048e-03
4.41318473e+01 5.03238271e-02 6.91754436e-02 -6.02628353e-03 2.74124331e-03 6.53117778e-04 2.43864549e-03
4.68514520e+01 2.85270878e-02 8.39211007e-02 7.20153214e-03 3.20296905e-03 1.88079841e-03 2.09771680e-03
4.95765348e+01 5.80603331e-03 3.62576998e-02 -6.83600501e-03 2.70695470e-03 3.92848409e-03 5.50397949e-03
5.22972113e+01 1.08706769e-02 4.16690809e-03 2.38183104e-02 2.82755822e-03 2.78308268e-03 5.83466504e-03
5.50145223e+01 1.13873249e-02 -5.87715592e-02 2.22400447e-02 3.08490442e-03 2.86309315e-03 7.66958179e-03
5.77300645e+01 3.52332101e-03 1.89821187e-02 5.14670619e-02 4.51677857e-03 4.96548639e-03 5.74741897e-03
6.04430238e+01 5.10840681e-03 4.97095976e-02 4.28675995e-02 4.39082528e-03 2.46460099e-03 3.37655141e-03
6.31638488e+01 5.60617064e-03 3.57444362e-02 -3.62097337e-02 5.32837007e-03 1.98595044e-03 3.40496901e-03
6.58774848e+01 1.74119704e-02 2.39563811e-02 -8.30073248e-03 6.09947105e-03 1.16591427e-03 5.44115400e-03
6.86012723e+01 1.58668125e-02 -2.30266333e-02 4.27385808e-03 2.47331607e-03 1.43972493e-03 5.76655468e-03
7.13090660e+01 5.79210956e-04 -1.84941704e-02 1.64560446e-03 3.32146405e-03 2.62149002e-03 4.15302742e-03
7.40254457e+01 -2.29742135e-02 -5.70752016e-02 -2.29066038e-02 6.61187883e-03 1.87005293e-03 3.59299947e-03
7.67342910e+01 -4.68452241e-03 1.21992662e-02 -1.14380381e-02 5.76476764e-03 2.48317611e-03 4.19104996e-03
7.94433285e+01 3.94442891e-02 1.14764857e-02 4.35850908e-02 2.81509470e-03 1.20236262e-03 8.99151274e-03
8.21574270e+01 3.58110980e-02 -2.26631189e-02 7.61808225e-02 3.20620526e-03 3.50534738e-03 6.35150043e-03
8.48744582e+01 -1.62361263e-03 -5.33460313e-02 3.09565446e-02 3.36251969e-03 8.63790579e-04 2.14120600e-03
8.75808191e+01 -2.52425134e-02 -5.14307396e-02 -2.89509658e-02 2.85324574e-03 2.90610302e-03 2.38355115e-03
9.03019285e+01 -5.33240084e-02 -4.41817911e-02 -8.73842330e-02 5.43161462e-03 1.61573915e-03 2.14329777e-03
9.30204879e+01 -2.38588736e-02 -5.04169701e-02 -4.81504293e-02 2.06314491e-03 2.02975018e-03 6.22385008e-03
9.57425223e+01 1.60372431e-02 -4.12381926e-02 -8.77747528e-03 6.24112419e-03 8.48013508e-04 3.08941557e-03
9.84736582e+01 2.75300898e-02 2.33313480e-03 4.90594292e-02 7.24778156e-03 2.66149747e-03 1.26988994e-03
1.01198008e+02 3.52792854e-02 -1.21114417e-02 4.04222551e-02 6.37134059e-03 2.60452640e-03 1.67480812e-03
1.03912383e+02 4.72046137e-02 1.61857818e-02 6.68741318e-02 6.49365847e-03 5.60619050e-04 1.51164128e-03
1.06624211e+02 4.33985223e-02 -1.98654712e-02 9.46247353e-02 3.21536108e-03 1.73267584e-03 3.89025071e-03
1.09339539e+02 2.96952503e-03 -1.03997008e-02 4.07519301e-02 2.14492652e-03 3.21208996e-04 8.64067346e-03
1.12053133e+02 -1.41764666e-02 -1.70499803e-02 4.02045046e-03 4.57495841e-03 4.81695292e-03 4.42336115e-03
1.14772477e+02 5.07828294e-03 -3.34812533e-02 1.86544461e-02 3.86707781e-03 3.11074188e-03 6.00537934e-03
1.17495243e+02 -6.83159442e-03 2.24976786e-03 -2.94246799e-02 4.00569038e-03 8.11955421e-04 7.41752279e-03
1.20206039e+02 4.08589331e-02 3.76410951e-03 -1.23130903e-02 4.66744452e-03 3.87193218e-03 3.10385660e-03
1.22931399e+02 2.27573922e-02 1.79515602e-02 -2.51235738e-02 3.37153065e-03 5.09998597e-03 4.29227318e-03
1.25645914e+02 -3.36562022e-03 -3.27283308e-02 -2.48070038e-02 4.12811921e-03 8.15927078e-04 9.60528740e-03
1.28357961e+02 -4.08698127e-02 -6.12818897e-02 2.29656189e-02 2.69519851e-03 9.11071854e-03 5.98162403e-03
1.31063055e+02 -3.41992490e-02 -2.25238692e-02 3.38937690e-02 7.69018763e-04 3.43136317e-03 4.09521058e-03
1.33771883e+02 -5.01881834e-02 1.84994950e-02 -1.40501438e-02 9.74699327e-04 5.11160937e-03 3.45777958e-03
1.36478118e+02 -2.69173011e-02 1.26897234e-02 -4.79420915e-02 6.57406365e-03 9.09973068e-04 4.81724359e-03
1.39187039e+02 -3.27167058e-05 2.25180396e-02 -1.00332684e-01 4.87526393e-03 5.91402372e-03 2.62494000e-03
1.41898399e+02 -1.27219445e-05 4.64872252e-02 -1.42288663e-02 3.57630206e-03 1.04511628e-03 8.35437893e-03
1.44614133e+02 -4.83201454e-02 7.19398893e-02 8.33466254e-02 3.25588472e-03 2.35454151e-03 3.63511513e-03
1.47330227e+02 -2.36198798e-02 8.12552081e-02 2.68211224e-02 3.34412044e-03 1.15654497e-03 2.84006889e-03
1.50041961e+02 -2.09500944e-02 3.64324574e-02 -1.65470509e-02 3.84216525e-03 1.38179635e-03 1.48590009e-03
1.52753618e+02 -1.27438394e-02 9.08040109e-03 -2.99282548e-02 2.20089383e-03 1.08451953e-03 2.31798191e-03
1.55474243e+02 -3.76482052e-03 2.20396324e-02 3.51160056e-02 2.66348129e-03 3.33015654e-03 1.39850644e-03
1.58191914e+02 2.15617135e-02 9.03424346e-03 5.95522088e-02 2.64778374e-03 1.78736672e-03 1.79143059e-03
1.60915321e+02 1.40982824e-02 5.08737490e-03 2.36114815e-02 2.03253877e-03 1.33643972e-03 4.29089058e-03
1.63633258e+02 8.85798384e-03 -4.12067284e-02 5.49241089e-02 3.07212283e-03 5.86916914e-04 2.88336361e-03
1.66358383e+02 1.15760800e-02 1.51651638e-02 7.30756070e-02 3.53162881e-03 1.13123369e-03 3.19903047e-03
1.69075539e+02 -2.43185126e-03 -2.05722336e-02 2.94096821e-02 2.91231454e-03 8.11853965e-04 3.66295267e-03
1.71797618e+02 1.84289681e-02 -6.17114009e-02 1.85876242e-04 1.31574853e-03 1.53865545e-03 7.86772807e-04
1.74518008e+02 4.40933757e-02 7.42767618e-03 1.30108556e-02 4.31126185e-03 1.43757586e-03 1.75480341e-03
1.77233789e+02 5.84801927e-02 2.06159593e-03 6.21179901e-02 3.17417024e-03 1.36932448e-03 3.28902623e-03
1.79955805e+02 4.80795079e-02 -3.93471891e-02 3.47350591e-02 2.72980233e-03 7.28088593e-04 2.62465651e-03
1.82678196e+02 2.32365228e-02 -3.78496901e-02 8.03973577e-03 2.69513294e-03 7.51095687e-04 3.46149148e-03
1.85393414e+02 -6.83091351e-03 -6.11094411e-03 2.15691836e-02 3.42517139e-03 2.37656928e-03 2.88035706e-03
1.88094711e+02 1.54336745e-02 2.69736944e-02 1.61729454e-02 2.99080323e-03 4.93778142e-04 2.25624013e-03
1.90796399e+02 4.24871005e-02 -8.08628468e-04 1.05858637e-02 2.33940603e-03 3.89771632e-03 3.56011126e-03
1.93506633e+02 4.03103387e-02 1.28667874e-02 3.79142373e-02 3.01723777e-03 9.53918184e-04 2.65883652e-03
1.96217164e+02 3.36080473e-02 9.44762679e-03 3.85519787e-02 1.05879521e-03 1.31210364e-03 1.46655246e-03
1.98938258e+02 2.26400686e-02 2.27063554e-02 2.71843282e-02 1.85688002e-03 1.37175350e-03 3.81402230e-03
2.01655321e+02 1.61153282e-03 -2.87994704e-03 2.81679166e-02 2.93582565e-03 1.86943812e-03 2.37521920e-03
2.04381899e+02 -1.06835616e-03 -2.01959481e-03 4.20314987e-02 1.93520574e-03 8.59914976e-04 2.89485082e-03
2.07105664e+02 -6.52761040e-03 -7.39875178e-03 2.60503760e-02 1.58039182e-03 1.43136484e-03 1.45062104e-03
2.09831008e+02 4.56083112e-03 1.16786032e-02 -1.80798256e-02 3.96538744e-03 3.86022052e-03 2.67725485e-03
2.12548524e+02 3.03758353e-03 -3.76943367e-03 -1.39136656e-02 2.24422570e-03 1.32771609e-04 2.68891638e-03
2.15264211e+02 1.49540105e-02 -4.44395869e-02 3.79340817e-02 3.25579149e-03 8.06053854e-04 5.61987880e-03
2.17972446e+02 3.70138604e-02 -4.95396036e-02 3.43144522e-02 2.65872858e-03 1.34571789e-03 2.86394332e-03
2.20693789e+02 1.13578951e-03 -3.79962446e-02 3.15964021e-02 2.91561754e-03 9.73602814e-04 2.08395916e-03
2.23417368e+02 -3.44591179e-02 1.52284043e-02 -1.15643143e-02 3.32815111e-03 6.42500196e-04 2.03238405e-03
2.26127649e+02 -1.93603283e-02 4.81376637e-02 -1.59930693e-02 3.95366038e-03 1.05265364e-03 8.51641695e-03
2.28839774e+02 6.25918608e-04 3.61286038e-02 -1.47974165e-02 7.01006123e-04 3.30935628e-03 6.88331241e-03
2.31554961e+02 3.14800684e-02 -1.28368413e-02 -3.39847322e-02 1.18749692e-03 8.82761515e-04 6.10585912e-03
2.34265899e+02 4.39049222e-02 -3.00924291e-02 1.64398798e-02 1.45354875e-03 1.15577627e-03 3.46567938e-03
2.36988586e+02 3.89884061e-02 -1.51329378e-02 4.95248671e-02 2.24718512e-03 3.46252127e-03 2.86279621e-03
2.39711789e+02 3.80709359e-03 -2.82898205e-02 4.94167724e-02 2.75976332e-03 3.44815265e-03 5.12275540e-03
2.42428383e+02 9.12556693e-03 -4.26529729e-02 5.98855936e-02 1.47018532e-03 3.28461970e-03 2.78428499e-03
2.45142024e+02 9.99890686e-03 1.35752436e-02 3.30489481e-02 1.40505606e-03 1.74442619e-03 3.92530726e-03
2.47861118e+02 2.02658365e-03 4.79386638e-02 2.85856759e-02 2.75950855e-03 3.77319201e-03 1.08124958e-03
2.50578789e+02 -4.42236858e-03 2.76203984e-02 4.57181604e-02 2.34316979e-03 7.59562361e-04 1.56535082e-03
2.53305086e+02 1.30176575e-02 -4.14512997e-02 -2.92358671e-03 1.50615678e-03 7.82806179e-03 1.64180543e-03
2.56027399e+02 1.32883504e-02 -4.89314715e-02 -1.80111038e-02 3.05522504e-03 1.88143739e-03 2.42218588e-03
2.58746336e+02 1.78666255e-02 -1.21235840e-02 -3.68936322e-02 1.94906465e-03 2.99885950e-03 4.35982863e-03
2.61457258e+02 -1.28805160e-02 3.84661088e-02 -6.18186700e-02 3.55393283e-03 8.92475519e-04 7.94462634e-03
2.64167696e+02 -2.20906191e-02 3.99329867e-02 -2.27496269e-02 1.15152055e-02 2.06325699e-03 8.40265950e-03
2.66873414e+02 2.25721562e-02 2.90308764e-02 -5.63883050e-02 9.25551917e-03 1.41984168e-03 4.51320498e-03
2.69582267e+02 4.69258115e-02 -1.82190505e-02 -3.83506096e-02 2.19215934e-03 3.11329006e-03 4.16157352e-03
