6.85617779e-01 -1.25715305e-02 -1.40358697e-02 5.99349177e-02 1.09422708e-02 2.83831659e-03 4.27635518e-03
3.39919892e+00 -1.82199009e-02 -2.17173962e-02 4.22016498e-02 7.23729564e-03 2.17808834e-03 3.04463466e-03
6.11617830e+00 -5.04996008e-03 -3.71403980e-02 8.44260539e-03 2.99653677e-03 2.52389159e-03 3.00343561e-03
8.83742096e+00 -1.44947310e-02 -2.84733012e-02 4.19866745e-03 5.15348509e-03 2.18280015e-03 2.93495957e-03
1.15533908e+01 -6.44403423e-02 1.29309233e-02 3.71659461e-02 2.86254961e-03 8.18844061e-04 1.77311836e-03
1.42545611e+01 -3.70353952e-02 7.80740464e-02 5.94402948e-02 3.08407876e-03 2.70539675e-04 6.60231964e-03
1.69685267e+01 -5.48276593e-02 8.92802619e-02 -2.47075531e-02 2.04563629e-03 1.38092240e-03 2.33246597e-03
1.96738471e+01 -6.32665711e-02 2.56117518e-02 -2.70131443e-02 2.91628686e-03 1.54434987e-03 1.16058144e-03
2.23927377e+01 -8.08711400e-02 2.84808229e-05 -2.13581395e-02 1.94999694e-03 1.26450051e-03 1.22774358e-03
2.51074814e+01 -4.66320175e-02 -1.83065030e-02 -6.41665389e-02 2.78303013e-03 1.35164340e-03 4.40810710e-03
2.78262533e+01 -3.33137764e-02 -1.93967831e-04 -4.24238443e-02 4.79565000e-03 9.17996970e-04 8.95316817e-03
3.05403424e+01 9.94736787e-04 5.64618853e-02 -5.99345003e-03 1.07357861e-02 3.82824543e-03 2.25235384e-03
3.32609845e+01 -5.14933523e-04 6.08186106e-02 -1.61815355e-02 7.76516508e-03 1.54694261e-03 3.66171176e-03
3.59798205e+01 -2.25345139e-02 3.81842348e-02 -2.54788105e-04 3.21525136e-03 1.47098585e-04 1.42187513e-03
3.86987595e+01 -5.16003670e-02 1.85827905e-02 -2.79847715e-02 3.47339847e-03 1.68832795e-03 6.53851792e-04
4.14287205e+01 -7.75710758e-02 3.92134334e-02 -8.54092776e-02 7.82305627e-03 1.38853947e-03 7.76419053e-03
4.41441861e+01 -6.97461561e-02 -1.66354264e-02 -8.64586593e-02 6.96287384e-03 1.23612640e-03 6.21833342e-03
4.68639783e+01 -4.22847428e-02 -1.60748959e-02 -4.68582978e-02 2.99234637e-03 3.25928385e-03 3.47736416e-03
4.95786189e+01 -2.72850068e-03 -3.03173007e-02 2.54267607e-02 4.99809258e-03 4.36981378e-04 6.20691063e-03
5.22931596e+01 1.27809407e-02 2.23906542e-03 3.38647727e-02 9.48741454e-04 2.03927991e-03 2.61829969e-03
5.50098236e+01 1.92008444e-02 -1.23616599e-02 4.46431325e-03 4.26695802e-03 2.56120050e-03 6.52000047e-03
5.77303127e+01 1.32047271e-02 -7.44669420e-03 -3.86265598e-02 5.81174004e-03 2.28753109e-03 3.33906691e-03
6.04387596e+01 -1.70433720e-03 -8.57586987e-02 -1.68102896e-02 4.29032689e-03 6.52208032e-03 4.36334675e-03
6.31502299e+01 -3.64402249e-02 -6.17655054e-02 -7.02852620e-03 8.42957914e-03 1.54612644e-03 4.13378136e-03
6.58649908e+01 -4.78599188e-02 -4.14620338e-02 1.22267776e-02 2.96450012e-03 1.57412447e-03 8.41708627e-03
6.85834814e+01 -4.27282246e-02 1.71045635e-02 1.41666296e-02 1.48222200e-03 2.87019571e-03 6.23237880e-03
7.12939721e+01 5.92953321e-03 4.74356400e-02 -1.94636916e-02 4.02651937e-03 3.01255855e-03 7.13180111e-03
7.40120924e+01 -4.47014704e-03 5.67880677e-02 -9.15024303e-03 6.77089117e-03 1.32973175e-03 3.15532863e-03
7.67262392e+01 -8.82429859e-03 2.87765808e-02 -3.38513899e-02 4.53362644e-03 7.58385078e-04 5.11386102e-03
7.94424314e+01 -7.12411525e-02 -2.84492969e-03 -6.58511140e-02 1.48709283e-03 1.15302557e-03 8.48227035e-03
8.21592642e+01 -6.04702325e-02 -3.15227955e-02 -7.18456701e-02 2.07427369e-03 3.97323557e-03 8.82939182e-03
8.48787486e+01 1.26357709e-02 1.49781696e-02 -3.56644592e-02 4.30370375e-03 3.64842510e-03 5.78544122e-03
8.75953361e+01 4.21724113e-02 1.65888146e-03 -6.20835964e-03 2.09910808e-03 1.61184587e-03 3.59161936e-03
9.03099330e+01 1.24639134e-02 -3.26795114e-02 -2.14800362e-02 1.98278861e-03 1.49574533e-03 4.15012152e-03
9.30314611e+01 -1.50949396e-02 9.16436575e-03 -6.37759589e-03 2.38448208e-03 1.45992920e-03 3.34964554e-03
9.57500205e+01 -2.40259955e-02 7.96546956e-02 7.31839984e-03 2.65186131e-03 7.18465288e-04 8.05414855e-03
9.84731767e+01 -8.40981944e-03 1.35706508e-01 -6.26521607e-02 5.81216918e-03 5.27800788e-03 2.22236395e-03
1.01189036e+02 -5.76959917e-03 7.53957275e-02 -4.04015304e-02 5.48949177e-03 5.14599496e-03 3.21192477e-03
1.03910020e+02 -1.43458460e-02 5.67264817e-03 -1.01075498e-01 4.47901854e-03 9.94946851e-04 5.09357116e-03
1.06635536e+02 -1.38710474e-02 2.45620055e-02 -1.07177478e-01 5.80364429e-03 1.88668831e-03 1.29537763e-03
1.09351677e+02 1.01513420e-03 -5.33258784e-02 -4.94347414e-02 1.65441001e-03 2.49477392e-03 9.60870090e-04
1.12066739e+02 1.53694746e-02 -2.54860814e-02 8.50187757e-03 3.19402119e-03 2.35027636e-03 8.81017923e-03
1.14780458e+02 7.34737920e-02 1.69797866e-02 -8.22461025e-03 7.36159235e-03 1.82181984e-03 5.41762550e-03
1.17495427e+02 1.05559261e-01 -4.23434684e-02 -2.41864583e-02 4.31649204e-03 2.44945919e-03 5.09967233e-03
1.20208364e+02 6.53651355e-02 -6.13793091e-02 -1.82164903e-02 5.00632026e-03 1.78683503e-03 8.27708698e-03
1.22927255e+02 3.40281390e-02 -3.18046999e-02 4.76425446e-02 2.39931151e-03 2.30630529e-03 9.42272363e-03
1.25643239e+02 2.34632091e-02 1.16825058e-03 7.14349212e-02 3.71824783e-03 1.08103593e-03 7.78714041e-03
1.28358880e+02 5.27767698e-02 9.05034451e-02 3.11993567e-02 3.97484684e-03 2.16857194e-03 1.00546582e-02
1.31066630e+02 5.58089565e-02 6.86193228e-02 -7.35803825e-03 1.84581645e-03 2.90454032e-03 5.33391380e-03
1.33777864e+02 3.02196627e-02 2.38790178e-02 -1.65116123e-02 3.87130824e-03 3.21549737e-03 4.15797727e-03
1.36479895e+02 3.52688329e-02 3.53306299e-02 -4.80096728e-02 3.29945818e-03 1.16309006e-03 1.07804740e-02
1.39185083e+02 1.34487213e-03 9.82117905e-03 -2.98397850e-02 6.12636011e-03 2.37359962e-03 3.50020994e-03
1.41898130e+02 -3.76111176e-02 3.08478175e-02 -9.74437285e-02 1.17643026e-02 2.18113413e-03 4.99910486e-03
1.44612583e+02 -4.13722854e-02 2.71408478e-02 -1.49029414e-01 4.68802672e-03 1.59831868e-03 2.46909568e-03
1.47323052e+02 1.89933880e-02 3.19942043e-02 -6.31269130e-02 4.24050724e-03 2.14760005e-03 1.26002456e-03
1.50040255e+02 3.23776422e-02 8.80870807e-02 8.32982201e-03 6.14593034e-03 8.69605426e-04 1.01257000e-03
1.52759708e+02 1.18672560e-02 4.36817920e-02 3.65737425e-02 4.89171760e-03 1.68499174e-03 2.03625388e-03
1.55484692e+02 2.89755202e-02 1.18136066e-02 -1.12080914e-02 5.34582804e-03 2.70289982e-03 1.38379405e-03
1.58202708e+02 2.57299489e-02 -4.42165144e-02 -3.16848680e-03 3.58352692e-03 1.55409349e-03 6.26208020e-04
1.60925802e+02 1.15751620e-02 -2.39292326e-02 -3.29344909e-02 5.03798519e-03 1.77232888e-03 1.39030378e-03
1.63647645e+02 -1.17258375e-02 -1.78034017e-02 -7.20908683e-02 2.61845483e-03 1.40617144e-03 2.64606373e-03
1.66367755e+02 -3.84099049e-04 -4.06627014e-02 -5.72469074e-02 1.97194221e-03 1.44236561e-03 5.12040834e-03
1.69084161e+02 -2.34748552e-02 -5.00261980e-02 -2.45394695e-02 1.41136916e-03 1.81258761e-03 7.32256811e-03
1.71806755e+02 -8.74156822e-03 -1.81417580e-02 2.74233567e-02 1.91883459e-03 1.69250362e-03 8.02283036e-03
1.74517989e+02 -2.89996718e-02 -3.97167889e-02 -1.83494439e-02 1.71998805e-03 1.17307142e-03 9.36690776e-03
1.77235224e+02 -4.35683186e-02 -4.02290591e-02 -6.83331283e-02 1.09610403e-03 1.32202998e-03 2.04128837e-03
1.79950974e+02 -2.31249994e-02 -1.13408518e-02 -6.01731758e-02 3.13984799e-03 5.83605862e-04 2.60562265e-03
1.82663302e+02 3.69131133e-02 -4.19778662e-03 -3.34418599e-02 2.93856380e-03 2.57177377e-03 2.37882610e-03
1.85364567e+02 5.15808256e-02 -2.10392841e-02 1.77976354e-02 2.99331108e-03 1.91091468e-03 1.77840680e-03
1.88083005e+02 9.87652944e-03 1.91191142e-02 6.26089291e-03 3.57429680e-03 1.15042071e-03 3.48358105e-03
1.90800333e+02 -4.64784721e-02 -9.86898418e-03 -1.42604348e-03 1.95572321e-03 2.98979131e-03 1.95194370e-03
1.93509567e+02 -5.53234781e-02 -2.79450103e-02 -3.49936565e-02 1.42986440e-03 5.72784566e-04 4.29868758e-04
1.96227520e+02 -6.27157267e-02 -7.65782772e-02 -4.64376121e-02 3.94134162e-03 2.45737774e-03 2.76374217e-03
1.98943802e+02 -2.75230506e-02 -8.08296043e-02 -3.28844167e-02 2.15651457e-03 2.24409009e-03 2.94758565e-03
2.01658395e+02 -1.42280285e-02 -3.17420719e-02 -3.28591054e-02 1.72227185e-03 1.93688884e-03 9.94018457e-04
2.04374552e+02 -2.38888762e-03 -4.27114950e-02 -8.00230464e-03 2.05472716e-03 1.11088743e-03 5.99252943e-04
2.07087020e+02 1.57962257e-03 -3.76892935e-02 -1.47533665e-02 1.66875989e-03 8.85826862e-04 1.03664877e-03
2.09803770e+02 -5.19896611e-03 -2.00488777e-02 -3.37734373e-02 2.37955104e-03 4.85314514e-04 3.67639190e-03
2.12530708e+02 -2.80402996e-02 7.21782738e-03 -5.02901685e-02 6.94683091e-04 7.97605178e-04 9.07714508e-03
2.15245802e+02 -1.05502286e-02 -7.16276259e-03 -3.04415433e-02 2.95120064e-03 1.88250356e-03 1.02299106e-02
2.17968005e+02 -2.59654627e-02 -4.32806921e-03 4.38360006e-03 2.87237470e-03 2.14314965e-03 2.13539193e-03
2.20688474e+02 -1.81086233e-02 -1.21812457e-02 -2.63208128e-03 5.91150908e-03 1.91169380e-03 6.34039685e-04
2.23399817e+02 9.21029983e-03 -3.12707999e-02 -3.56572872e-03 2.18644527e-03 2.02105068e-03 2.25964417e-03
2.26123083e+02 -8.71252834e-03 -7.80604488e-02 -3.42891881e-02 5.06754267e-03 9.82053782e-04 1.67228885e-03
2.28837849e+02 -1.40878532e-02 -3.33800687e-02 -1.20354425e-02 3.20250800e-03 3.33452075e-03 1.32137652e-03
2.31559005e+02 -2.67146628e-02 -2.32358781e-02 2.50608381e-02 3.64329388e-03 7.17818633e-04 2.06116451e-03
2.34274895e+02 -2.22208461e-02 -3.12838383e-02 4.36502215e-02 2.82630373e-03 4.32544118e-03 3.64181525e-03
2.36996208e+02 5.70638099e-04 -4.61345819e-02 2.22101237e-02 5.78130546e-03 1.89665935e-03 3.73245035e-03
2.39710286e+02 -1.60252507e-02 2.08353221e-02 -1.33388123e-02 2.99590616e-03 3.82490622e-03 3.53403444e-03
2.42429739e+02 -3.06899218e-02 7.74133112e-03 -4.30443135e-02 3.11281533e-03 1.67611956e-03 1.91894731e-03
2.45143458e+02 -3.32413862e-02 -1.75657873e-03 -3.03183985e-02 7.35141163e-03 2.26478936e-03 2.83804339e-03
2.47866161e+02 -2.07054882e-02 -2.69458332e-02 -7.12581015e-02 3.88896396e-03 3.27589598e-03 5.55648790e-04
2.50581442e+02 -8.33089762e-03 1.22624052e-02 -5.47097356e-02 4.99577269e-03 4.48055822e-03 4.52446185e-03
2.53295802e+02 -1.30021286e-02 5.11200912e-02 1.92687527e-03 2.07150842e-03 2.32163178e-03 3.44780011e-03
2.56010989e+02 -4.15200657e-03 1.74034813e-02 2.44732851e-02 2.76801757e-03 1.04780497e-03 6.84532568e-03
2.58725661e+02 2.78978479e-03 7.17045134e-03 3.26994233e-02 9.39817133e-04 2.37576258e-03 4.03146394e-03
2.61439208e+02 5.04164031e-02 -2.61828846e-03 2.69553530e-02 1.61076312e-03 2.94441851e-03 2.26963321e-03
2.64165895e+02 6.42326727e-02 -2.64808955e-02 -3.12129870e-02 8.53004910e-03 1.38238434e-03 8.11504199e-03
2.66879052e+02 -2.45832696e-02 -2.54236898e-02 5.14643725e-02 3.26320476e-03 1.55831105e-03 1.46055115e-03
2.69596435e+02 -6.49449344e-02 1.61271380e-02 6.54389515e-02 6.42556561e-03 2.10020015e-03 2.51039118e-03
