6.70732303e-01 2.22139222e-02 5.13430770e-02 8.63754740e-03 7.00679826e-03 3.90533727e-03 4.11997778e-03
3.38730192e+00 -9.58880720e-03 9.14378144e-03 3.09924953e-02 4.88356579e-03 1.05469783e-03 4.41382770e-03
6.09414442e+00 2.28998909e-02 -3.77651426e-02 6.48555288e-02 3.88273764e-03 1.39382130e-03 1.91784236e-03
8.80600693e+00 5.62520710e-02 -2.48100615e-03 6.73490984e-02 2.34861852e-03 1.00316384e-03 2.60818292e-03
1.15158349e+01 4.42783556e-02 4.21308765e-02 4.07533970e-02 2.43062842e-03 1.95783140e-03 3.07899994e-03
1.42297724e+01 -1.00935017e-02 -2.07444758e-02 7.42512608e-04 3.30185533e-03 6.37495151e-04 2.33122130e-03
1.69539130e+01 -6.99596983e-02 -2.95066518e-02 -4.02870781e-02 1.90246851e-03 7.43464228e-04 9.90843010e-04
1.96712568e+01 -5.44632136e-02 6.01402813e-03 -3.89921140e-02 9.64656570e-04 7.81288157e-04 8.18721034e-03
2.23784646e+01 9.79109107e-03 -9.02033944e-03 1.82352080e-02 2.01659384e-03 1.70741207e-03 1.61889254e-03
2.50988255e+01 4.08573601e-02 -4.26782295e-03 4.91329926e-02 4.50137494e-03 3.01832988e-03 3.53646020e-03
2.78150443e+01 4.72825957e-02 7.15879335e-02 6.41060664e-02 1.84723016e-03 1.41475372e-03 2.74889192e-03
3.05351568e+01 3.29360441e-02 8.73670420e-02 -2.34256456e-02 1.71560935e-03 1.71138457e-03 2.58219457e-03
3.32556115e+01 1.41478721e-02 4.60878666e-02 -3.61266500e-02 3.66518184e-03 1.60664735e-03 1.31992412e-03
3.59841536e+01 7.00134532e-03 3.88307667e-02 -2.80296915e-02 1.64850662e-03 1.58357603e-03 4.35583019e-03
3.87026474e+01 2.75627484e-02 3.72726937e-02 -1.33397223e-03 4.46620138e-03 1.54151958e-03 4.58972537e-03
4.14217255e+01 2.61000829e-02 9.85987747e-03 3.31495761e-02 3.73017801e-03 2.08781710e-03 3.05776415e-03
4.41386240e+01 3.80767501e-03 6.90267536e-03 3.76692166e-03 1.91876682e-03 1.87620370e-03 7.35081767e-03
4.68551740e+01 -3.59379336e-04 -7.23595705e-03 -4.83962578e-03 4.65442915e-03 4.44931372e-04 1.09407630e-02
4.95760677e+01 -1.50739960e-02 -2.45274074e-02 -4.87985642e-03 3.78554649e-03 1.97765196e-03 7.44433405e-03
5.22935521e+01 -3.86551096e-02 1.53913428e-02 -4.31735683e-02 1.48199585e-03 2.18024039e-03 3.89840370e-03
5.50131099e+01 -7.96129879e-02 3.72384941e-02 -6.20861289e-02 8.55073646e-04 6.18686134e-04 7.68934826e-03
5.77307349e+01 -5.37620685e-02 2.21961215e-02 -1.91791465e-02 2.33979949e-03 1.31928126e-03 8.70898853e-03
6.04408583e+01 -2.36832337e-02 3.18402160e-02 -4.54669368e-02 3.90745295e-03 6.92535939e-03 4.14447815e-03
6.31624599e+01 -1.60364098e-02 6.96392289e-03 -3.75548935e-02 2.38894781e-03 2.12572806e-03 2.43715358e-03
6.58750865e+01 8.36144956e-03 1.06105331e-02 -2.67904326e-02 2.74100919e-03 3.39915376e-04 6.66576163e-03
6.85927130e+01 3.55463669e-02 -3.47410260e-02 -1.53985829e-02 4.34717910e-03 1.51604471e-03 3.13543063e-03
7.13115427e+01 3.56634162e-02 1.46103339e-02 8.38241937e-03 2.67181471e-03 2.99665311e-03 3.05181709e-03
7.40274036e+01 4.19195392e-02 9.61776868e-03 1.57328525e-02 2.05544166e-03 1.50166197e-03 3.38499457e-03
7.67398521e+01 5.71508602e-02 -2.21644965e-03 3.61039780e-02 3.86341550e-03 8.55773135e-04 3.60519984e-03
7.94503552e+01 2.91926070e-02 -5.55372750e-02 8.00883305e-02 3.20718958e-03 2.27707211e-03 3.80645790e-03
8.21647552e+01 2.17507902e-03 -2.39727172e-03 8.77954145e-02 3.08225316e-03 2.91145521e-03 7.04503580e-03
8.48918505e+01 -4.49750361e-02 -3.12503161e-02 7.70929579e-03 6.59816222e-03 1.65207312e-03 2.60870306e-03
8.76019536e+01 -1.22707558e-02 -2.57940103e-02 8.00603886e-03 1.50460831e-03 1.42439747e-03 1.63658777e-03
9.03222208e+01 3.69089761e-02 -2.44567463e-02 2.17272571e-02 1.28027014e-03 1.53698183e-03 5.10508082e-03
9.30411771e+01 6.45823679e-02 -1.71513491e-02 2.88907233e-02 3.19478181e-03 2.42737237e-03 5.64111974e-03
9.57586115e+01 5.57556355e-02 4.97054673e-02 3.22168499e-02 8.42917978e-03 6.02603422e-04 3.62304125e-03
9.84761427e+01 5.54758545e-02 6.31258773e-02 5.23394780e-02 3.04707422e-03 1.14605916e-03 4.03362995e-03
1.01193316e+02 6.72203512e-02 3.05672518e-03 6.53956836e-02 4.41045311e-03 2.00649297e-03 5.45270157e-03
1.03905332e+02 1.05686648e-01 2.29109971e-02 4.89580395e-02 6.67634790e-03 1.34396084e-03 2.61628031e-03
1.06622160e+02 2.74456289e-02 -6.01660518e-04 2.04489712e-02 4.11689460e-03 2.09092194e-03 8.42179640e-04
1.09331566e+02 2.17650535e-02 5.54840964e-02 1.29503075e-02 2.72179223e-03 2.30074084e-03 1.24682968e-03
1.12051285e+02 -4.12660030e-03 5.16712387e-02 -4.01505346e-02 3.67743360e-03 1.22369342e-03 5.99710688e-03
1.14762504e+02 2.50328709e-02 3.13047815e-02 -2.13161095e-02 9.86729250e-03 2.26446254e-03 3.96760124e-03
1.17478566e+02 -1.80558883e-02 9.09299327e-02 4.30880205e-02 9.88622847e-03 2.47744743e-03 1.48830177e-03
1.20188863e+02 -2.38922845e-02 6.33356622e-03 3.74734339e-02 8.17912171e-03 4.53835766e-03 3.40369647e-03
1.22906160e+02 -1.78482320e-03 -1.36378745e-02 6.85624902e-02 4.15543329e-03 4.22487560e-04 7.57052827e-03
1.25618863e+02 4.00976862e-02 1.56861256e-02 9.35297846e-02 1.97992837e-03 1.62317428e-03 6.75489261e-03
1.28332769e+02 3.33845228e-02 -2.64501503e-02 6.74671733e-02 2.25741879e-03 4.16916895e-03 3.23954603e-03
1.31054879e+02 -2.33651043e-02 4.24433578e-04 2.46005760e-02 1.30896354e-03 8.57428080e-04 2.19040178e-03
1.33767426e+02 -6.82531516e-02 -1.26301506e-02 5.29380941e-02 7.82438490e-03 4.07771485e-03 4.25839617e-03
1.36480582e+02 -4.67768090e-02 8.49202736e-03 9.98680421e-03 7.78596720e-03 2.37717121e-03 4.37475164e-03
1.39203816e+02 -5.26090772e-02 6.74220840e-02 -1.31771488e-02 7.37828681e-03 3.72893042e-03 1.68725193e-03
1.41915535e+02 -5.05743149e-02 5.60503566e-02 1.11293468e-02 1.43299541e-03 9.80871788e-04 4.19062254e-03
1.44627144e+02 -5.61202800e-02 6.96233042e-02 -5.24069413e-03 3.03099414e-03 1.90256767e-03 7.59734578e-03
1.47344176e+02 -4.79319900e-02 1.16786837e-01 -8.29989142e-03 6.03227649e-03 2.63152576e-03 1.60947135e-03
1.50066238e+02 -3.18499805e-02 3.90953870e-02 3.59301752e-02 1.61443712e-03 1.79883998e-03 3.04052000e-03
1.52782426e+02 -2.24871980e-02 1.05300685e-02 4.97164117e-02 1.29887247e-03 4.11284708e-03 3.64896175e-03
1.55503254e+02 -3.22061090e-02 -6.10409605e-04 1.16093967e-02 2.12764308e-03 1.58461615e-03 6.86761531e-04
1.58206676e+02 -5.18955983e-02 -1.45711278e-02 4.26125174e-02 3.78979413e-03 6.97983111e-04 2.19318147e-03
1.60924019e+02 -1.80122832e-02 -3.22728581e-02 5.14464418e-02 3.14595901e-03 1.81426226e-03 6.99582864e-04
1.63636613e+02 -1.06163599e-02 -4.30795303e-02 -2.03019011e-03 3.62987496e-03 8.96899048e-04 2.99912384e-03
1.66358004e+02 1.33319717e-02 -5.03472295e-03 -4.97131715e-02 1.45856935e-03 1.56287632e-03 2.27557637e-03
1.69071488e+02 2.19037685e-02 -7.02623125e-02 -1.22285291e-02 3.57580844e-03 9.59393950e-04 3.63436879e-03
1.71783504e+02 1.72154863e-02 -8.62348403e-02 7.52685202e-03 3.75071561e-03 3.67731168e-03 1.19406481e-03
1.74510363e+02 -1.09165436e-02 -4.39906080e-02 -5.10860529e-02 5.05508039e-03 1.77780228e-03 5.63109445e-04
1.77230691e+02 -1.99379923e-02 -1.41338236e-02 -2.44022300e-02 4.16998424e-03 3.61221823e-04 5.67790562e-03
1.79956691e+02 -1.37418079e-02 -3.71369549e-02 1.06592497e-03 3.10491097e-03 1.69746692e-03 1.24179189e-03
1.82669988e+02 -6.06760795e-03 -6.93743905e-02 7.53947336e-03 4.06319063e-03 1.68777127e-03 4.90051252e-03
1.85386394e+02 -6.14479515e-03 -2.37943825e-02 2.79180854e-02 2.01311040e-03 1.51353868e-03 5.48196660e-03
1.88109269e+02 -9.67616861e-03 4.18340704e-03 4.21150932e-02 1.60746351e-03 3.17416477e-03 3.13670509e-03
1.90835441e+02 -1.42520090e-02 -5.06529756e-03 2.25967159e-03 2.62548680e-03 1.15539190e-03 5.16354640e-03
1.93556988e+02 -3.05305096e-02 -8.83604392e-03 -4.49766070e-02 1.96733677e-03 4.47915366e-03 2.35517421e-03
1.96275566e+02 -3.16267265e-02 -6.09867169e-02 -6.48064332e-02 1.73767987e-03 1.42128716e-03 1.11561568e-03
1.98991379e+02 -1.46921180e-03 -2.54895832e-02 -1.31354566e-02 3.90301888e-03 2.64338558e-03 2.00242907e-03
2.01702894e+02 9.99192709e-03 -1.52228617e-02 5.66028130e-03 4.10512416e-03 8.82501010e-04 1.87248888e-03
2.04417691e+02 -1.60539404e-02 -1.53983803e-02 -3.94045569e-02 3.94628070e-03 4.60180059e-04 2.13514008e-03
2.07127160e+02 -2.47253058e-02 -6.73339166e-02 -6.34139093e-02 1.63941116e-03 1.69272937e-03 2.41109799e-03
2.09845566e+02 -4.30268790e-02 -6.11184758e-02 -3.81007394e-02 1.58433276e-03 1.81084215e-03 4.78928166e-03
2.12567722e+02 -4.13660487e-02 -3.26123823e-02 -5.61586994e-02 3.64038119e-04 1.31932259e-03 4.12472936e-03
2.15274754e+02 -3.35340910e-02 -4.53569860e-02 -4.10433186e-02 2.61057085e-03 2.26283561e-03 1.73912254e-03
2.17996816e+02 -3.91865348e-02 -4.90025052e-02 -3.42569685e-02 3.65228982e-03 9.76979188e-04 1.70036072e-03
2.20717472e+02 -3.82593292e-02 -1.49200022e-03 -2.61049571e-02 1.91491929e-03 6.09951285e-03 1.50867783e-03
2.23431707e+02 -4.42012433e-02 -1.23793548e-02 2.70119061e-02 3.16943899e-03 8.63611118e-04 2.41874569e-03
2.26153394e+02 -2.54187790e-02 -1.06851611e-02 2.22556237e-02 3.27408597e-03 1.52678161e-03 7.39304901e-04
2.28874504e+02 -1.26175060e-02 -2.35166944e-02 9.07441215e-03 1.85591622e-04 2.38429658e-03 1.18675373e-03
2.31595254e+02 -4.70813969e-02 -7.67612443e-02 1.17714747e-02 1.50581607e-03 9.41488451e-04 5.60755701e-04
2.34311301e+02 -2.21025983e-02 -2.82375399e-02 -4.64366062e-03 2.79738336e-03 1.95197568e-03 1.28910364e-03
2.37026316e+02 -1.59560899e-02 3.05128309e-02 -1.72619706e-02 3.42213610e-03 2.26822132e-03 2.32520588e-03
2.39751488e+02 -2.16135916e-02 3.67314753e-02 -5.11290123e-02 1.66882137e-03 2.32779596e-03 3.67747710e-03
2.42461113e+02 -2.61083140e-02 1.12809294e-02 -6.98894301e-02 7.77047809e-04 1.84845185e-03 3.90102877e-03
2.45171504e+02 -2.75418358e-03 -8.87997240e-03 -3.06992971e-02 2.41025585e-03 9.15974096e-04 1.49458115e-03
2.47881004e+02 1.27341776e-02 -1.00616586e-02 -5.61848364e-02 1.95877914e-03 2.04246406e-03 1.49034349e-03
2.50595097e+02 -1.31465037e-02 -7.57146411e-05 -2.51000590e-02 2.27069693e-03 8.26227406e-04 9.63753431e-04
2.53309472e+02 -6.66914241e-03 -2.62364723e-02 1.79392298e-02 3.53816017e-03 2.02181026e-03 5.33876477e-03
2.56017629e+02 1.33148496e-02 -1.29322498e-02 1.92798939e-02 2.02946391e-03 3.21588111e-03 4.02973825e-03
2.58732785e+02 3.54575264e-02 8.52299263e-03 4.09057025e-02 5.52144457e-03 8.43220216e-03 6.39659669e-03
2.61450629e+02 -6.37399076e-03 8.06703071e-02 5.24940900e-02 4.61397969e-03 9.03947178e-04 2.75276216e-03
2.64172769e+02 -4.74226286e-02 1.77435375e-02 8.74647420e-03 7.77133334e-03 5.22130223e-03 2.39530222e-03
2.66880722e+02 -3.25216524e-02 -1.24198122e-02 1.08187212e-01 9.31275337e-03 2.85975277e-03 5.02184507e-04
2.69591670e+02 1.81503763e-02 5.33695011e-04 8.31522943e-02 7.24057205e-03 2.34145274e-03 3.25356389e-03
