6.69007591e-01 2.36194418e-02 -4.76068037e-02 -6.60246592e-02 3.33396428e-03 2.75447239e-03 4.34277107e-03
3.38887210e+00 1.00763819e-02 4.00116589e-02 -5.47847589e-03 4.18022112e-03 1.92525224e-03 7.63276862e-03
6.10376007e+00 -3.22700722e-02 3.28333486e-02 -3.76283147e-02 2.19685085e-03 1.92018657e-03 5.09689188e-03
8.81937600e+00 -5.27054857e-02 -4.58778804e-02 -4.91919560e-02 4.00785994e-03 1.41836593e-03 1.65593704e-03
1.15298412e+01 -1.71399174e-02 -4.60358469e-02 -4.47836770e-02 3.58246231e-03 2.35619285e-03 2.12491666e-03
1.42468693e+01 2.75549447e-03 -5.40609806e-02 -6.37057296e-02 2.02455698e-03 2.65304095e-03 2.78921414e-03
1.69631865e+01 2.61440672e-02 3.41857963e-03 -2.20530872e-02 6.67383730e-03 2.91480172e-03 9.76273438e-04
1.96713818e+01 7.53608325e-03 5.50821447e-02 -2.99536052e-02 4.95817507e-03 1.39107849e-03 2.92901937e-03
2.23857599e+01 -6.41532620e-02 -2.87794305e-03 5.16814117e-03 2.05899223e-03 1.54570979e-03 5.81217478e-03
2.51031552e+01 -7.90773646e-02 -4.92437120e-02 -6.27619816e-02 1.07308637e-02 1.33152736e-03 8.74491018e-03
2.78177974e+01 -9.71316722e-02 -5.69353652e-02 -6.92433498e-02 8.82669166e-03 1.58936447e-03 2.46282032e-03
3.05364552e+01 -5.39263802e-02 -3.09004158e-02 -1.72273053e-02 6.79476375e-03 3.60231467e-03 2.83961382e-03
3.32520380e+01 -9.72910375e-03 -3.79827800e-02 4.85524314e-02 5.03709294e-03 2.73419300e-03 3.49241411e-03
3.59759646e+01 -7.53690174e-03 -3.10889696e-02 -1.06991995e-02 5.48927794e-03 1.67970614e-03 5.75203802e-03
3.86907146e+01 -1.54664135e-02 -5.87727889e-02 -9.49086600e-02 3.35765035e-03 2.06672395e-04 3.90872386e-03
4.14107771e+01 -2.88181499e-04 -2.70495809e-02 -1.06058082e-01 1.14743303e-03 3.46404927e-03 6.83971582e-03
4.41345552e+01 1.47236441e-02 -5.47970015e-02 -6.66452802e-02 2.80932794e-03 1.51547817e-03 8.17483243e-03
4.68445771e+01 2.80209529e-02 2.24916827e-02 2.55398574e-02 1.23702489e-03 9.04320834e-04 7.19675812e-03
4.95650052e+01 6.89278284e-03 5.30918950e-02 3.17443316e-02 4.11011683e-03 3.95687054e-03 1.56089494e-02
5.22798630e+01 3.82124843e-02 3.30392400e-02 1.35024164e-02 2.45945387e-03 8.17803775e-04 1.20914257e-02
5.49911974e+01 6.83866791e-02 4.43413045e-02 4.57355706e-02 4.00793134e-03 1.69729549e-03 6.85161932e-04
5.77108740e+01 5.12787432e-02 3.21724626e-02 3.47362661e-02 1.79661216e-03 2.48753402e-03 9.74375058e-04
6.04326271e+01 -8.98062427e-03 -3.55722273e-02 -9.11999627e-03 3.91262285e-03 2.11347111e-03 2.38014412e-03
6.31404162e+01 -7.76830545e-03 7.51229159e-03 1.84746900e-02 1.84822297e-03 1.38946942e-03 1.26247574e-03
6.58582833e+01 -4.98661032e-03 -6.59930251e-03 3.30867050e-02 3.75024900e-03 3.81696374e-03 3.18012840e-03
6.85704708e+01 3.30743109e-02 -1.97338971e-02 9.17439872e-02 1.78554278e-03 1.74718230e-03 1.39438651e-03
7.12904927e+01 1.34672574e-02 1.65223873e-02 2.94770106e-02 4.44052622e-04 2.72073523e-03 1.30879589e-03
7.40096458e+01 -3.81785489e-03 4.26622775e-02 -1.83552681e-02 1.19861001e-03 7.83299982e-04 4.50740120e-03
7.67262896e+01 -3.38282463e-03 -3.07118109e-04 -3.30754788e-02 1.72136864e-03 1.11492690e-03 1.73897522e-03
7.94390787e+01 1.62797622e-02 -2.58186652e-02 -5.62155359e-02 5.97840180e-04 1.78959908e-03 3.23228859e-03
8.21674318e+01 -1.06878343e-02 -1.96931128e-02 -3.52739457e-02 3.91633331e-03 9.69197741e-04 3.54990814e-03
8.48876099e+01 -3.13010807e-02 2.01899811e-02 -3.57726013e-02 6.03483643e-03 2.57625076e-03 6.74002920e-03
8.76056302e+01 -3.39082286e-02 4.30820493e-02 -7.81975165e-02 1.48898191e-03 7.29642447e-04 3.60396694e-03
9.03208099e+01 -2.51833848e-02 1.66481549e-02 -9.81069947e-02 8.71792206e-04 1.13397673e-03 4.04593471e-03
9.30334490e+01 -1.31454757e-02 -3.11880626e-03 -3.25468244e-02 8.73908287e-03 4.18925350e-03 6.60152961e-03
9.57500052e+01 -1.80475099e-02 -3.63286740e-02 2.89962344e-03 6.12553383e-03 1.85513699e-03 4.59840546e-03
9.84645521e+01 2.42743707e-02 -4.23273788e-02 -3.60138742e-02 1.05022262e-02 8.01017223e-04 2.42562219e-03
1.01187213e+02 -3.22480699e-02 -5.54373705e-02 -6.81197843e-02 8.21327273e-03 1.79061980e-03 5.67121858e-03
1.03901151e+02 -3.80953726e-02 -2.75724088e-02 -3.47511234e-02 4.80890394e-03 2.19380088e-04 1.31966208e-03
1.06617916e+02 -2.81914522e-02 3.74461274e-02 -5.00955115e-02 4.45169291e-03 1.91849668e-03 4.94446834e-03
1.09323822e+02 4.84366797e-02 4.10804811e-02 -2.67981266e-04 1.00069927e-02 1.17383879e-03 5.93646673e-03
1.12035791e+02 3.45710165e-02 1.10895187e-02 5.48810422e-03 3.82675931e-03 2.78684155e-04 1.88562064e-03
1.14747213e+02 2.41751216e-02 -2.88130698e-02 2.20682370e-02 2.34684208e-03 1.26542195e-03 3.03140319e-03
1.17460135e+02 4.62794744e-02 -5.02157167e-02 -4.13678209e-02 3.19764780e-03 3.63581640e-03 1.94289401e-03
1.20178291e+02 5.69610796e-02 -5.76253344e-02 -9.90749831e-02 2.19753624e-03 1.57000555e-03 8.00164090e-03
1.22900697e+02 -1.87240476e-02 -3.32410082e-02 -7.57371111e-02 4.57545941e-03 1.83402250e-03 2.02022657e-03
1.25612135e+02 -3.57218120e-02 -2.64558631e-03 -6.09382004e-02 9.23587897e-03 1.78676524e-03 1.97718640e-03
1.28332447e+02 -3.66165049e-02 2.14511996e-02 -2.57558839e-02 4.76502381e-03 1.61691893e-03 1.86822045e-03
1.31050838e+02 -1.07251550e-02 5.45508852e-02 5.12302704e-02 3.17232714e-03 3.71109486e-03 2.88499551e-03
1.33760666e+02 6.31955116e-02 3.93662847e-02 4.35000629e-02 2.78611072e-03 4.41097183e-04 1.42024592e-03
1.36481869e+02 5.33086995e-02 5.67589250e-03 -3.77819288e-02 2.53624667e-03 4.45613599e-03 8.89430975e-03
1.39194791e+02 -1.06647552e-03 -4.06348681e-02 -3.76242061e-02 5.44996507e-03 1.55406464e-03 6.84608312e-03
1.41905260e+02 -3.22295532e-02 -8.12786399e-02 -6.34979299e-02 2.55967805e-03 1.35161764e-03 7.52891667e-03
1.44609557e+02 -1.37387729e-02 -1.06366483e-01 -2.01949738e-02 5.97420049e-03 4.05059744e-03 3.92054230e-03
1.47318666e+02 -1.26527294e-02 -6.10995199e-02 4.26966821e-03 1.89946378e-03 9.22589692e-04 1.36950695e-03
1.50024182e+02 -1.39778434e-02 -4.55634840e-02 -1.36361145e-02 1.36389949e-03 1.52680059e-03 3.54534830e-03
1.52735729e+02 1.28940317e-02 -6.36033899e-02 -3.82348092e-02 1.89817428e-03 1.04100253e-03 2.18955780e-03
1.55455932e+02 8.08446183e-03 -1.67435052e-02 -3.35481096e-02 1.26588849e-03 3.45519711e-04 2.15282060e-03
1.58169963e+02 1.29887314e-02 -9.68052134e-03 -2.32456810e-02 1.19878665e-03 3.97618859e-03 2.24891342e-03
1.60890635e+02 -6.94768163e-03 2.78706517e-02 -2.10498859e-02 9.77423439e-04 5.60555157e-04 3.01512886e-03
1.63619338e+02 -1.33027939e-02 5.39109122e-02 -2.10470040e-03 4.93950476e-03 5.28538852e-03 2.31776065e-03
1.66334229e+02 -1.13693047e-03 7.34135494e-02 4.64786355e-02 3.44698679e-03 1.31912886e-03 4.38289308e-04
1.69049447e+02 1.68304887e-02 4.26999860e-02 4.13037491e-02 2.39647902e-03 1.19847725e-03 1.48004101e-03
1.71773822e+02 2.24909828e-02 6.40777596e-02 5.56205239e-02 2.43184477e-03 7.73788144e-04 2.35485837e-03
1.74502479e+02 -6.93894876e-04 2.57460611e-02 6.63610688e-02 1.47880362e-03 1.96034532e-03 2.45936619e-03
1.77224838e+02 -2.53015074e-02 3.23815324e-02 1.46311228e-02 1.78379699e-03 7.59658024e-04 1.81613516e-03
1.79953619e+02 -1.66753386e-02 3.34004574e-02 -3.23889290e-02 5.08694406e-04 2.36054283e-03 1.35278118e-03
1.82672463e+02 2.52381809e-02 4.98687102e-02 -1.39570309e-02 3.53000026e-03 1.06202035e-03 1.07116503e-03
1.85385463e+02 5.07332797e-02 9.80060968e-03 1.49753824e-02 4.69148681e-03 6.64079902e-04 1.98155262e-03
1.88109963e+02 4.77217632e-02 1.48500758e-02 2.27364206e-02 5.98758384e-03 1.73761220e-03 3.48011863e-03
1.90828026e+02 4.43864871e-02 4.01096792e-02 1.19648056e-02 3.11113086e-03 1.66155032e-03 4.42717282e-03
1.93540104e+02 3.02219910e-02 7.65322059e-02 6.04043101e-03 2.62677650e-03 1.00201033e-03 4.44339191e-03
1.96254666e+02 3.99828203e-02 2.49193756e-02 -2.41255949e-02 9.25658607e-04 1.01094186e-03 8.67352752e-04
1.98965838e+02 2.25502969e-02 -1.21823450e-02 -1.73027675e-02 1.98237499e-03 1.96977512e-03 4.77186813e-03
2.01679197e+02 1.89775109e-02 8.12242289e-03 -5.11634479e-02 2.81967796e-03 1.23527666e-03 2.81263319e-03
2.04391838e+02 2.43287007e-02 1.12121121e-02 -3.96245507e-02 3.97121896e-03 1.42322222e-03 1.18096324e-03
2.07103807e+02 2.57702449e-02 3.47538609e-02 -1.97859186e-04 2.92791631e-03 7.43346119e-04 1.49351607e-03
2.09819932e+02 -2.11630455e-02 4.16552069e-02 -3.01114458e-03 1.72986016e-03 1.50876064e-03 2.13511468e-03
2.12539416e+02 -2.00532749e-02 6.45010454e-02 2.27655307e-02 2.09743606e-03 1.31985712e-03 6.39787890e-04
2.15247307e+02 -1.15718279e-02 4.95655432e-02 4.27754911e-02 8.56407671e-04 7.73536211e-04 1.15566681e-03
2.17968916e+02 -4.64503272e-03 6.18037937e-02 1.59632532e-02 1.02789312e-03 1.80733270e-03 1.55275551e-03
2.20681557e+02 -2.13039301e-03 6.50467114e-02 -1.16233208e-03 1.74412335e-03 1.39619220e-03 2.95439396e-03
2.23401057e+02 3.41151457e-02 6.89117015e-02 -1.97012354e-02 1.67880798e-03 2.95235576e-03 2.75164823e-03
2.26117088e+02 4.62744032e-02 7.24480605e-03 -2.47199340e-02 1.69250512e-03 2.02130621e-03 1.75220677e-03
2.28838010e+02 5.95261131e-02 2.77129747e-02 -1.72807484e-02 1.55858797e-03 2.40528998e-03 5.22604735e-04
2.31561963e+02 2.89918912e-02 7.82073605e-03 2.61677333e-02 4.63135915e-03 1.04106575e-03 3.09948250e-03
2.34283666e+02 2.93883555e-02 5.61537204e-02 5.91042046e-02 4.44162419e-03 2.05172174e-03 1.78037063e-03
2.37010541e+02 3.64472956e-02 8.32015772e-03 5.48654789e-02 3.53044372e-03 2.01877887e-03 2.25585792e-03
2.39721901e+02 4.75689188e-02 5.35664089e-02 4.18267597e-02 3.06078574e-03 1.80423777e-03 3.84760702e-03
2.42434979e+02 4.89691429e-02 -1.70324528e-02 2.43407115e-02 5.48243635e-03 1.46828290e-03 6.99921736e-03
2.45148604e+02 1.09516580e-02 -3.19876133e-02 2.30506425e-02 6.22939565e-04 1.35713324e-03 2.18611102e-03
2.47863104e+02 2.12103049e-02 -7.17291367e-03 1.29378529e-02 3.52669501e-03 9.26903319e-04 8.31655769e-04
2.50580135e+02 3.08717088e-02 6.11775994e-03 5.02050509e-02 3.48489161e-03 1.68600816e-03 1.06563852e-03
2.53292807e+02 3.81308247e-02 1.94508159e-02 3.76185298e-02 2.29392563e-03 1.72048850e-03 2.69101150e-03
2.56003447e+02 2.59704573e-02 2.00755734e-02 2.71397775e-02 1.70845355e-03 1.26239557e-03 1.67552544e-03
2.58709744e+02 3.20323962e-03 -2.11053406e-02 -1.19527983e-02 2.52462971e-03 1.79732977e-03 3.59224161e-03
2.61418416e+02 3.12010928e-02 2.68316511e-02 -3.11117673e-02 5.52993294e-03 1.63560102e-03 1.79981242e-03
2.64127135e+02 7.23943334e-02 1.07055216e-02 -5.27162949e-02 7.51371851e-03 2.41874017e-03 1.99504428e-03
2.66841104e+02 3.26661995e-02 -4.26958455e-02 -5.56419030e-02 4.24234419e-03 1.29178930e-03 3.07976253e-03
2.69551822e+02 1.24861694e-02 -3.98725866e-02 -3.81102428e-02 4.88559233e-03 1.02692966e-03 3.46926055e-03
