6.71620425e-01 -3.66256065e-03 3.13393759e-03 1.00477132e-03 1.56582481e-03 7.55991496e-04 2.24072044e-03
3.38728641e+00 -5.38209087e-02 -1.54403990e-02 -3.50199477e-02 5.10776824e-03 1.50870230e-03 4.41955919e-03
6.09546829e+00 -6.07331954e-02 -4.88375916e-02 -9.95616865e-02 5.65065715e-03 3.03977388e-03 3.03474439e-03
8.80771547e+00 -5.99287079e-02 -5.59320186e-02 -1.26810601e-01 8.13671429e-03 9.96057948e-04 3.94241687e-03
1.15194683e+01 -6.47750560e-02 -1.73967057e-02 -3.14669810e-02 3.19910434e-03 9.44987117e-04 4.62803373e-03
1.42315652e+01 -4.20321711e-02 -1.14791191e-02 6.19473612e-03 1.50393014e-03 9.98511097e-04 1.83530190e-03
1.69461027e+01 -3.71776589e-04 6.96331655e-03 1.61179020e-03 9.20029146e-04 5.62794627e-04 2.79327688e-03
1.96615324e+01 -9.68107701e-03 4.42352213e-03 8.28155522e-03 1.28747404e-03 1.13748777e-03 4.56348192e-03
2.23855636e+01 -3.66751056e-02 7.18682561e-03 3.97039986e-03 2.99191620e-03 4.70855726e-03 4.57907488e-03
2.51100589e+01 -2.01292654e-02 3.69021109e-03 -5.27561251e-02 5.88051967e-03 2.01691361e-03 3.48361278e-03
2.78305495e+01 -1.49135718e-02 -1.81283752e-02 -7.13219698e-02 4.07683009e-03 2.08643573e-03 7.40149512e-03
3.05464855e+01 4.81495784e-03 -5.17454214e-02 -3.75450811e-02 3.92419960e-03 1.72011554e-03 3.91498848e-03
3.32617355e+01 -1.16911347e-02 3.44199821e-04 -4.61983346e-02 2.37904836e-03 1.67956046e-03 3.02604546e-03
3.59796167e+01 -4.72401800e-02 -1.64477048e-02 -3.86593534e-02 5.80092362e-03 2.79329878e-03 5.06656564e-03
3.86930495e+01 -4.80533955e-02 -5.57939154e-02 -3.94156693e-04 5.97829727e-03 2.22729814e-03 2.55922186e-03
4.14170980e+01 -4.06438816e-02 -4.11229427e-02 -1.90329586e-02 5.61854984e-03 1.75973781e-03 8.30929111e-04
4.41316605e+01 -8.42185682e-03 -3.06309003e-02 -6.54429240e-03 8.94527772e-04 1.69640535e-03 8.00437106e-03
4.68530198e+01 -4.37687585e-03 -7.47714299e-03 -1.63792273e-02 3.87167132e-03 1.97293902e-03 1.17601698e-02
4.95761105e+01 -1.95248187e-02 -9.42482140e-03 -4.37326258e-02 1.63634292e-03 2.48700369e-03 8.55680323e-03
5.22898464e+01 -3.36090705e-02 2.36109436e-02 9.38965427e-03 2.44888946e-03 1.43177170e-03 7.05044283e-03
5.50093948e+01 -1.08061897e-02 -5.35072428e-02 8.73420473e-03 1.43242988e-03 9.18758141e-04 8.94876722e-04
5.77234074e+01 2.19758668e-02 -5.46362626e-02 4.18081862e-02 6.34360415e-03 2.51183963e-03 2.23397718e-03
6.04490386e+01 2.45341657e-02 -8.54760178e-02 1.18796384e-02 3.70746305e-03 5.51948889e-03 1.15527551e-03
6.31638948e+01 4.57012042e-02 -3.77099138e-02 -7.77816218e-03 3.46475128e-03 1.67577218e-03 7.80000786e-03
6.58875527e+01 6.61602666e-03 -3.38384094e-02 -1.36952485e-02 2.91574942e-03 1.71936108e-03 1.01258602e-02
6.86008261e+01 -3.36292186e-02 5.16097753e-03 5.06610353e-03 1.24308928e-03 2.55462018e-03 3.48008227e-03
7.13204589e+01 -7.88783034e-02 1.25075338e-02 3.69111173e-02 3.36158165e-03 2.15302647e-03 5.41435614e-03
7.40279323e+01 -2.58463093e-03 6.34535080e-03 3.05241653e-02 9.37294476e-03 8.11452433e-04 8.88222879e-04
7.67500605e+01 1.48546586e-02 2.83794747e-03 -3.04127995e-02 1.44376290e-03 1.64432679e-03 6.37744610e-03
7.94660792e+01 -7.45949142e-03 3.15428550e-02 -3.03062910e-02 5.62886777e-03 2.06932816e-03 7.42611108e-03
8.21733839e+01 7.79515543e-04 2.87147757e-02 -3.95747539e-02 4.79368925e-03 1.65421072e-03 3.75802645e-03
8.48794792e+01 3.68409544e-02 2.21802179e-02 -3.88970341e-02 2.35933486e-03 1.07992375e-03 7.47849402e-03
8.75975855e+01 1.78823128e-02 1.34383461e-03 -9.73971522e-03 3.06247931e-03 1.16060463e-03 2.20279804e-03
9.03156777e+01 -4.33709834e-02 4.01262736e-03 -6.99571896e-02 2.87508343e-03 1.12354374e-03 4.52443297e-03
9.30303011e+01 -2.70709010e-02 1.42858533e-02 -5.43642279e-02 3.85220205e-03 8.44696527e-03 7.28019161e-03
9.57520667e+01 -2.74191354e-02 -1.20861487e-02 -5.53812094e-03 3.99344901e-03 2.83528547e-03 4.22155562e-03
9.84698792e+01 -2.29512385e-02 2.70454321e-02 8.29188887e-04 1.17980017e-03 8.61550592e-04 8.16812127e-03
1.01187320e+02 -8.45321566e-02 6.24615438e-02 6.62112609e-03 5.21580071e-03 7.46244125e-04 6.04003670e-03
1.03903695e+02 -7.15898556e-02 2.81855713e-02 -4.65730491e-02 2.24999173e-03 5.74219979e-04 3.45883912e-03
1.06619101e+02 -4.44425780e-03 2.02594274e-02 -3.04355523e-02 3.36383666e-03 2.66217773e-03 2.93060901e-03
1.09331929e+02 2.51207259e-02 -6.82869667e-02 -1.01512778e-02 4.71634771e-03 8.81290407e-04 2.05757987e-03
1.12042945e+02 1.45003524e-02 -5.66028061e-02 -4.30826161e-03 9.31223514e-04 1.32574949e-03 2.33488781e-03
1.14756695e+02 2.91248149e-02 -2.34164937e-02 1.08134449e-02 5.86967392e-03 3.38901508e-03 4.26454517e-03
1.17472007e+02 4.55408314e-02 -6.31365915e-04 -2.13702776e-02 6.26788081e-03 1.48864891e-03 2.06265275e-03
1.20188195e+02 3.97361469e-02 3.26590421e-02 -4.50569816e-02 1.02043741e-02 2.21890732e-03 2.98940876e-03
1.22902132e+02 1.45634567e-03 4.68419672e-02 -6.81362364e-02 6.49860925e-03 8.56403244e-04 9.61973459e-03
1.25615554e+02 -1.95738937e-02 2.02186083e-02 -1.09799433e-01 4.16800849e-03 3.02319047e-03 6.89463821e-03
1.28323132e+02 -6.06850337e-03 -2.31764487e-02 -7.57583455e-02 3.21459051e-03 2.21252058e-03 2.44210193e-03
1.31037976e+02 1.36788167e-02 -1.74515580e-02 -2.75091222e-02 6.14562754e-03 2.10497060e-03 2.61236606e-03
1.33746492e+02 4.43446689e-02 -3.99820455e-02 -3.75651038e-02 8.54119981e-03 2.19854140e-03 3.43919870e-03
1.36463320e+02 4.54232454e-02 -5.27050009e-02 -4.59430494e-02 6.93958907e-03 3.12886155e-03 8.50677373e-03
1.39178773e+02 4.74139359e-02 -4.33734800e-02 -2.29203340e-03 2.55324554e-03 1.27842368e-03 1.72089948e-03
1.41903210e+02 2.71938633e-02 -1.58090833e-02 -2.41968018e-02 1.73000588e-03 1.06761544e-03 2.13585622e-03
1.44618820e+02 6.01575550e-02 -5.40881656e-02 -1.90392562e-02 2.79061482e-03 3.24550744e-03 6.11707474e-03
1.47338789e+02 5.93836668e-02 -6.56746266e-02 -2.53158157e-02 3.36204164e-03 3.11684652e-03 1.21461864e-03
1.50062273e+02 4.23805402e-02 -3.00539990e-02 -6.87236224e-02 4.36195535e-03 1.67943060e-03 5.02900371e-03
1.52776695e+02 2.95172074e-02 -4.71226925e-02 -5.16946046e-02 1.70680371e-03 2.47674411e-03 6.09274389e-03
1.55493101e+02 7.09539146e-04 -2.98256946e-03 -2.16902436e-02 1.12051622e-03 1.13586169e-03 1.59616276e-03
1.58207007e+02 3.71317520e-02 8.59790448e-03 -1.43702744e-03 3.10013637e-03 9.20294319e-04 2.50189550e-03
1.60927882e+02 1.84653840e-02 1.96990527e-03 1.77697571e-03 8.26855798e-04 1.25859088e-03 1.67989782e-03
1.63647132e+02 -1.87711317e-02 1.43105003e-02 -1.20870708e-02 3.30156929e-03 1.04109460e-03 6.16820458e-04
1.66359523e+02 -5.91799594e-02 1.76029148e-02 8.58177654e-03 2.69843972e-03 5.38223570e-04 7.44384119e-04
1.69081070e+02 -5.63242661e-02 -1.93551608e-02 -3.14026898e-02 5.45536655e-03 2.98425343e-03 1.23588276e-03
1.71804617e+02 -8.73846370e-03 -1.74964642e-02 -4.28934612e-02 1.91069002e-03 3.54079339e-03 5.89311976e-04
1.74515210e+02 2.64244330e-02 1.95936118e-02 8.14965687e-03 3.13847629e-03 1.66171397e-03 1.01317908e-03
1.77222398e+02 5.45030803e-02 1.26800006e-03 2.38919340e-02 3.16956796e-03 6.98244943e-04 2.01197156e-03
1.79938460e+02 2.48282154e-02 9.34993362e-03 5.64795659e-02 2.53131004e-03 3.58484485e-03 1.41402690e-03
1.82658960e+02 4.29359765e-03 4.73066627e-02 8.60039070e-02 1.93453816e-03 2.41705641e-03 1.03996945e-03
1.85376867e+02 1.04912947e-02 3.51599428e-02 6.61649816e-02 1.04743058e-03 2.69287198e-03 6.63584478e-04
1.88095726e+02 5.26624667e-04 4.54956037e-02 -5.16498749e-03 1.37005350e-03 2.63778256e-03 2.99499007e-03
1.90813882e+02 3.08999466e-02 -1.16877002e-02 -1.10906838e-02 3.75787678e-03 8.01659379e-04 2.76271851e-03
1.93531632e+02 4.46650607e-02 -6.29184581e-03 1.92519025e-02 4.82401041e-03 1.36388182e-03 1.92833022e-03
1.96247945e+02 3.99212699e-02 3.35298366e-02 -1.17857647e-03 1.93734240e-03 1.97696375e-03 1.35070337e-03
1.98968976e+02 8.84365995e-03 1.66246766e-02 -4.88263337e-02 1.60318602e-03 1.35896291e-03 6.97269076e-04
2.01700445e+02 -6.63573310e-03 5.26175311e-03 -7.42670664e-02 1.24070555e-03 1.87596037e-03 8.92153778e-04
2.04420101e+02 -1.84551791e-03 1.16910609e-04 -1.80145310e-02 4.58050639e-03 9.81521456e-04 3.27190286e-03
2.07139976e+02 3.38287763e-02 -6.66492876e-03 -1.78783840e-03 1.42925970e-03 2.90323316e-04 6.61317162e-04
2.09858226e+02 3.90145903e-02 -2.24688124e-02 -8.20739853e-03 1.78719735e-03 1.43087482e-03 2.38598158e-03
2.12574085e+02 5.91029858e-02 -2.64518542e-02 4.34751284e-02 1.82982131e-03 1.37843939e-03 1.00190683e-03
2.15287773e+02 6.63951377e-02 -7.29885485e-03 6.56902418e-02 2.71816228e-03 1.08255540e-03 1.63727460e-03
2.18008554e+02 6.76958107e-02 -8.53633282e-03 5.19474087e-02 2.01953445e-03 8.77400076e-04 7.80302913e-04
2.20726054e+02 3.27422952e-02 -1.41411154e-02 2.44505119e-02 2.56390397e-03 8.27598960e-04 3.64359749e-03
2.23444492e+02 4.13077887e-02 -3.83629974e-03 -2.89923033e-03 3.34634822e-03 2.23208811e-03 7.82741637e-03
2.26158960e+02 4.16100612e-02 -1.45336631e-02 2.09466897e-03 2.80914098e-03 1.28033693e-03 3.37803853e-03
2.28871632e+02 5.01412443e-02 -1.78785396e-03 -6.92343014e-03 3.32320290e-03 2.96550137e-03 2.13460371e-03
2.31583976e+02 4.13609663e-02 -1.74205909e-02 -1.96284801e-02 7.93088476e-04 2.00178422e-04 1.24748979e-03
2.34299882e+02 3.60146512e-02 3.14344310e-02 -1.16461802e-02 1.45133741e-03 4.79411759e-03 2.69262640e-03
2.37013320e+02 4.86466274e-02 2.50282878e-02 4.67600123e-02 3.72216458e-03 2.37930399e-03 1.56557899e-03
2.39720648e+02 3.25062081e-02 3.46063983e-03 5.48379831e-02 1.22688659e-03 3.90155175e-03 4.22197280e-03
2.42436835e+02 1.44327339e-02 1.66673385e-02 4.42261524e-02 3.11900593e-03 2.44879271e-03 6.92617853e-03
2.45144601e+02 6.77603304e-03 2.73382113e-02 5.42484814e-02 2.85597198e-03 1.81418456e-03 9.02339815e-04
2.47863164e+02 9.32834989e-03 -1.30546838e-02 4.47252199e-02 4.41918303e-03 1.36402534e-03 2.21404657e-03
2.50584601e+02 2.69687903e-02 -3.45688592e-02 7.89341019e-03 1.08852051e-02 7.72175321e-04 2.07477287e-03
2.53294789e+02 1.13099088e-02 6.73201761e-03 -2.07548062e-02 3.78786362e-03 1.45877929e-03 2.88781016e-03
2.56019460e+02 -4.62941333e-03 1.18646723e-02 -3.79150013e-02 4.83841055e-03 4.75430334e-03 6.31523372e-03
2.58728476e+02 -2.52353802e-02 -3.46966241e-02 -3.02450373e-02 1.34486241e-03 2.69399110e-03 8.64443119e-03
2.61441523e+02 2.58386254e-02 -4.63315376e-02 -4.60605482e-04 2.66946754e-03 1.30059063e-03 1.37045368e-03
2.64152398e+02 9.48449845e-02 3.30104899e-04 2.41440437e-02 3.01588478e-03 4.06468517e-03 9.15625651e-04
2.66866710e+02 5.51757562e-02 2.95372970e-02 -3.05663258e-03 3.11717876e-03 1.06604489e-03 3.20296660e-03
2.69579887e+02 8.09434511e-03 5.49867031e-02 -2.78849931e-02 2.13703511e-03 2.31143498e-03 2.86739161e-03
