6.72195609e-01 7.93507757e-03 3.91563561e-02 1.76692330e-04 3.11106797e-03 2.22901857e-03 3.35471639e-03
3.38870657e+00 -1.13107678e-02 -5.26491452e-03 4.86895740e-02 5.09558930e-03 7.55146802e-04 7.95184057e-03
6.09577672e+00 2.61010489e-02 -5.65135517e-02 9.04808526e-02 4.31115387e-03 2.11679247e-03 3.35246770e-03
8.80623517e+00 7.48496399e-02 4.35262258e-02 7.01459032e-02 3.51270433e-03 1.14518876e-03 3.08701710e-03
1.15156666e+01 5.78708284e-02 8.08766539e-02 9.26962492e-02 1.77884018e-03 4.60888303e-03 3.14094820e-03
1.42331619e+01 -1.18541127e-02 1.13975825e-02 5.30501782e-02 4.16634949e-03 1.21957358e-03 2.58933863e-03
1.69509822e+01 -7.23282281e-02 -2.57027181e-02 1.29991076e-02 4.40686340e-03 2.35591773e-03 2.83371417e-03
1.96689947e+01 -3.80421575e-02 -1.76510131e-02 -1.98382384e-02 1.82152437e-03 6.37748919e-04 7.24991595e-03
2.23780759e+01 2.78443965e-02 -1.58468048e-02 1.78987107e-02 1.30042158e-03 1.76004268e-03 3.05753942e-03
2.50938869e+01 4.78640464e-02 1.65757010e-02 5.04580342e-02 4.63919555e-03 2.48657212e-03 4.72091617e-03
2.78125869e+01 5.11704873e-02 6.61540730e-02 7.06835454e-02 6.14127316e-03 1.52542363e-03 2.70051485e-03
3.05319806e+01 4.88011276e-02 6.92215102e-02 5.45145007e-04 5.01695134e-03 1.28356914e-03 2.08892404e-03
3.32531744e+01 2.50219783e-02 1.35159682e-02 -2.39780142e-02 6.99096400e-03 2.35134428e-03 3.94281230e-03
3.59801572e+01 1.30520481e-02 1.48793472e-02 7.26259598e-03 1.51194800e-03 4.99971122e-03 9.21202428e-03
3.87042603e+01 1.65891191e-02 4.81182504e-02 2.03794864e-02 3.88804846e-03 1.00079292e-03 4.55757256e-03
4.14203478e+01 1.20048696e-02 3.00742324e-02 4.80959518e-02 3.65829933e-03 1.01263054e-03 7.67732503e-03
4.41374884e+01 -5.25489094e-04 5.87366687e-02 1.33242001e-02 5.02897462e-03 1.62815443e-03 1.07194786e-02
4.68521728e+01 2.02091265e-02 1.46569929e-02 -1.53359527e-05 1.71503891e-03 4.38340688e-04 1.05648810e-02
4.95792509e+01 -2.90720731e-02 -4.87334324e-03 -5.92821952e-03 2.68853676e-03 4.18582989e-03 1.04364011e-02
5.22957431e+01 -3.43869094e-02 1.12591064e-02 -2.87393466e-02 1.37535455e-03 1.92666879e-03 6.70820450e-03
5.50117541e+01 -6.84340738e-02 3.04376612e-02 -6.97819683e-02 2.67255554e-03 2.56024370e-04 5.81813575e-03
5.77254963e+01 -5.60443718e-02 1.49823827e-02 -3.60151328e-02 1.20101644e-03 1.07697639e-03 6.72485232e-03
6.04366541e+01 -2.02741603e-02 7.32237286e-02 -1.76801014e-02 1.61085821e-03 3.95458338e-03 3.29315704e-03
6.31583525e+01 -2.14795301e-02 1.92327107e-02 -1.19262828e-03 1.05489065e-03 1.45939912e-03 4.63830765e-03
6.58731900e+01 -1.62300651e-02 3.31711671e-02 -2.72948771e-02 2.85689048e-03 5.76467148e-04 3.82952430e-03
6.85902947e+01 1.71113747e-02 -1.00414073e-02 -3.35992901e-02 1.89661029e-03 2.96414710e-03 1.74365548e-03
7.13057713e+01 3.25879275e-02 -2.41714902e-03 -1.81515905e-03 1.50036985e-03 8.52996853e-04 1.21298563e-03
7.40218556e+01 3.21339861e-02 1.29542265e-02 2.92510843e-02 3.43273011e-03 1.41698326e-03 1.36702887e-03
7.67329916e+01 5.77229765e-03 -3.58442870e-02 5.80887636e-02 3.24818425e-03 1.68973011e-03 2.55324340e-03
7.94489025e+01 -8.45260398e-03 -6.09221246e-02 9.70942929e-02 1.93736408e-03 3.24388740e-03 4.74521489e-03
8.21604713e+01 5.51541615e-03 -1.91433355e-02 1.06684533e-01 1.20785128e-03 1.28702121e-03 2.87567056e-03
8.48869056e+01 -2.73027123e-02 -5.25078031e-02 9.31745272e-03 5.33763373e-03 1.00164600e-03 4.46456384e-03
8.75938728e+01 6.54491506e-04 -2.30642973e-02 3.47081313e-02 1.86000394e-03 1.37785328e-03 2.02201662e-03
9.03179619e+01 2.93999029e-02 -1.11598659e-02 4.72159073e-02 3.49378361e-03 7.84485882e-04 4.50373072e-03
9.30343056e+01 5.56805492e-02 -1.12185189e-02 4.39323987e-02 3.36163965e-03 2.16348803e-03 3.40942145e-03
9.57560838e+01 3.26482409e-02 5.62607281e-02 2.65484002e-02 1.04791131e-02 2.12687053e-03 1.74786559e-03
9.84688947e+01 4.41276501e-02 3.47585102e-02 6.73154475e-02 3.72298112e-03 1.11848574e-03 4.11939637e-03
1.01187084e+02 9.10774208e-02 1.14415633e-02 8.97576381e-02 2.23717107e-03 2.30251915e-03 3.10770291e-03
1.03900006e+02 1.13127740e-01 2.18957052e-03 5.27214472e-02 2.53060689e-03 8.65390118e-04 2.78627204e-03
1.06611490e+02 2.27948105e-02 1.49747294e-03 2.10871516e-02 3.29283155e-03 1.93723876e-03 5.79127526e-04
1.09325349e+02 -3.04819223e-03 4.51112861e-02 1.38654607e-02 5.95627053e-03 2.75535048e-03 1.64407573e-03
1.12050428e+02 -7.16807933e-03 4.49370152e-02 -4.92398851e-02 6.87209918e-03 7.37545482e-04 4.65391272e-03
1.14758787e+02 1.96333051e-02 3.73569539e-02 -2.35678195e-02 1.20391395e-02 1.18812675e-03 3.01946797e-03
1.17472412e+02 -2.18995845e-02 4.77712655e-02 2.52070725e-02 7.36510167e-03 2.21014706e-03 3.25266009e-03
1.20188115e+02 -5.15703589e-02 1.29423319e-02 2.54056215e-02 6.82548551e-03 4.33855167e-03 4.38245840e-03
1.22896943e+02 -8.01133417e-03 -1.34070806e-02 5.59444390e-02 3.91841901e-03 6.04510451e-04 8.36982431e-03
1.25614740e+02 4.91463891e-02 -1.16724487e-02 7.41264671e-02 3.86270682e-03 1.35096766e-03 5.87986367e-03
1.28331178e+02 2.66136676e-02 -6.08525611e-03 5.28187101e-02 1.57992273e-03 2.11259476e-03 3.93521324e-03
1.31046990e+02 -5.66037891e-03 1.51280784e-02 2.61097784e-02 2.09161780e-03 1.67180483e-03 2.03012965e-03
1.33767521e+02 -3.66337519e-02 -1.32420683e-02 4.97525763e-02 7.90112531e-03 2.30728578e-03 3.51759550e-03
1.36474381e+02 -2.09064512e-02 -8.38733610e-03 8.08422215e-03 5.86781476e-03 5.43844348e-03 2.92247559e-03
1.39197146e+02 -2.45554716e-02 7.65203729e-02 -8.01274831e-03 8.40704309e-03 3.12184461e-03 3.77701918e-03
1.41908037e+02 -3.15918778e-02 4.91841718e-02 1.40826349e-02 3.68792939e-03 3.12140219e-03 5.06748116e-03
1.44623271e+02 -5.20112978e-02 5.76606969e-02 -4.83579365e-03 4.73403604e-03 3.44065141e-03 7.28810726e-03
1.47333412e+02 -3.02069970e-02 9.06561450e-02 -1.29159586e-02 4.50623533e-03 4.37832069e-03 1.91725602e-03
1.50059834e+02 -4.31292268e-02 1.57507346e-02 2.12073368e-02 3.16917493e-03 2.46405276e-03 3.12226265e-03
1.52773724e+02 -4.66614373e-02 -2.20924924e-02 4.84372146e-02 2.00363399e-03 1.12956829e-03 3.44454808e-03
1.55493349e+02 -5.67952820e-02 -5.08592365e-03 1.94059318e-02 1.02104689e-03 2.50652608e-04 1.60942613e-03
1.58193162e+02 -3.80180105e-02 3.25046361e-02 4.81769561e-02 2.84994858e-03 9.34561959e-04 2.30935307e-03
1.60914381e+02 -2.23877063e-02 -2.79445748e-02 6.72630947e-02 3.53507062e-03 2.08188228e-03 2.26344909e-03
1.63630068e+02 -7.84264111e-03 -1.97339430e-02 5.05437993e-03 1.85145386e-03 1.88957388e-03 4.58364713e-03
1.66348271e+02 8.97232117e-03 -2.06843851e-02 -3.05163397e-02 6.57081004e-04 5.92908778e-04 2.57955424e-03
1.69066506e+02 4.23902712e-04 -5.41917493e-02 -2.17369125e-02 7.90817635e-04 6.51731389e-04 2.39271879e-03
1.71775724e+02 1.80252127e-03 -5.19936280e-02 -1.41809109e-04 1.95184369e-03 2.94791900e-03 4.31434307e-04
1.74498021e+02 -2.58559475e-02 -3.37396439e-02 -5.13381769e-02 3.86408514e-03 2.03056775e-03 3.14238564e-03
1.77214928e+02 8.67228386e-04 -3.04629730e-02 -1.13578773e-02 5.90709742e-03 5.85662812e-04 5.54070161e-03
1.79944162e+02 -1.29842610e-03 -3.17674275e-02 1.26495350e-02 2.64566873e-03 1.67482789e-03 1.08705696e-03
1.82662178e+02 3.03985854e-03 -7.40994364e-02 1.65581699e-02 3.20304877e-03 1.88688915e-03 2.67123673e-03
1.85382490e+02 7.25387514e-03 9.46458265e-04 2.54038243e-02 5.17499606e-03 1.91468529e-03 4.53427456e-03
1.88102084e+02 -8.24882596e-03 2.01927324e-02 4.81760663e-02 3.64591294e-03 2.33467185e-03 2.64985991e-03
1.90828115e+02 -3.95273572e-02 -3.60634444e-03 9.31383030e-03 4.63822879e-03 1.01045043e-03 3.52035886e-03
1.93551131e+02 -4.40200991e-02 -1.82376672e-02 -3.90794661e-02 3.13890242e-03 2.42083447e-03 1.41217726e-03
1.96264209e+02 -2.85243404e-02 -2.86362675e-02 -4.42622443e-02 2.04892181e-03 3.79498689e-03 1.21175145e-03
1.98978381e+02 -5.15478607e-03 -3.44975946e-02 -1.93294961e-02 2.18524152e-03 8.36344955e-03 3.61553489e-03
2.01694303e+02 1.09556424e-02 3.85949113e-04 -1.68818882e-03 2.94327859e-03 1.57479829e-03 3.95498031e-03
2.04412006e+02 -1.60585121e-02 1.80145849e-05 -2.65308420e-02 8.54297939e-04 7.51150616e-04 1.66760169e-03
2.07115349e+02 -1.68529888e-02 -6.31453734e-02 -4.85583434e-02 1.18728282e-03 1.51049531e-03 1.94929963e-03
2.09836209e+02 -2.38988366e-02 -3.46835790e-02 -2.56739542e-02 1.63563511e-03 2.49565262e-03 3.68252451e-03
2.12549131e+02 -3.34755098e-02 -1.98390291e-02 -3.54628870e-02 8.87966651e-04 2.28798033e-03 9.45721899e-04
2.15261521e+02 -1.57769426e-02 -2.15528397e-02 -3.71339665e-02 1.52806282e-03 3.11152201e-03 5.23798912e-04
2.17977162e+02 -3.57036197e-02 -2.53575249e-02 -1.83862949e-02 4.41798397e-03 7.89391222e-04 1.19440476e-03
2.20704303e+02 -2.98823573e-02 9.68112079e-03 -9.06118964e-03 1.28970349e-03 4.94147702e-03 4.11584863e-03
2.23419240e+02 -2.91709575e-02 -2.43520018e-02 4.67746944e-02 1.06108958e-03 1.62329909e-03 1.03027081e-03
2.26142896e+02 -2.86110938e-02 7.81350203e-03 3.39544273e-02 6.72618640e-04 1.90932424e-03 5.06952509e-04
2.28860740e+02 -2.69750789e-02 -2.36927817e-02 1.05632551e-02 1.28222576e-03 1.30571083e-03 1.43131424e-03
2.31583068e+02 -3.41557992e-02 -6.00377763e-02 3.27381469e-02 1.03443852e-03 9.91075957e-04 2.94288704e-03
2.34301412e+02 -1.83149369e-02 -2.72769939e-02 5.75398663e-03 2.18124227e-03 1.69766723e-03 1.10492819e-03
2.37010693e+02 -3.16932285e-02 6.77760375e-02 -5.44001188e-03 4.75049730e-03 2.03536230e-03 1.46780537e-03
2.39740365e+02 -3.39041273e-02 7.15211309e-03 -5.07716113e-02 3.05213111e-03 3.68426085e-03 2.61113362e-03
2.42454209e+02 -3.84796230e-02 7.05463431e-03 -7.27431401e-02 3.44275700e-03 1.11818428e-03 1.68767795e-03
2.45164318e+02 -1.86978239e-02 -1.76833882e-03 -3.04341811e-02 4.58706643e-03 4.34007578e-04 1.43104026e-03
2.47871834e+02 -1.16259608e-02 -2.49739903e-02 -4.26960747e-02 3.45672631e-03 2.24068689e-03 1.09948462e-03
2.50583381e+02 -3.97097345e-02 -2.93745783e-02 -4.69561547e-02 1.55242253e-03 9.93862355e-04 1.71360697e-03
2.53293646e+02 -1.60235153e-02 -2.82250715e-02 3.60644007e-03 1.88179206e-03 1.46368789e-03 3.92630093e-03
2.56003974e+02 1.00072070e-02 -5.98528591e-03 1.80080686e-02 2.13055833e-03 1.96042585e-03 2.99931302e-03
2.58722318e+02 2.51008517e-02 4.00611542e-02 2.57718112e-02 4.39170840e-03 7.02772787e-03 4.79950974e-03
2.61437584e+02 -1.83137278e-02 6.96024280e-02 3.39106108e-02 3.10559038e-03 2.40194672e-03 1.48936581e-03
2.64155506e+02 -5.99037206e-02 -6.00064282e-03 1.73780164e-02 5.99875774e-03 3.06892521e-03 2.22421673e-03
2.66865443e+02 -4.66160711e-02 -3.79683370e-02 8.61620620e-02 6.97860270e-03 3.56987867e-03 1.40190792e-03
2.69574021e+02 3.02448095e-03 -1.38693495e-02 6.62353149e-02 3.82899646e-03 1.81980033e-03 3.79199388e-03
