6.77517167e-01 -4.40397467e-02 2.05311065e-02 1.80079978e-02 3.57666317e-03 4.63353801e-03 1.42520055e-03
3.38971663e+00 -2.71883535e-03 2.64491763e-02 1.52755450e-03 1.41498251e-03 4.24700821e-03 1.12928426e-03
6.10491053e+00 -4.19701674e-02 3.78182872e-03 2.69488448e-03 3.68329647e-03 9.84341521e-04 3.81769250e-03
8.82159694e+00 -6.66603137e-02 -1.18917753e-02 -5.55799967e-02 1.01309964e-03 1.03776241e-02 4.10891962e-03
1.15350777e+01 -1.01791152e-01 1.02424323e-02 -1.30480599e-02 2.93261016e-03 2.87439566e-03 2.98163000e-03
1.42506777e+01 -7.91067385e-02 1.74957151e-02 -8.34595928e-04 3.67254418e-03 3.29099490e-03 9.00547354e-03
1.69714496e+01 -6.28975681e-02 6.16603998e-02 -3.53605984e-02 5.40301648e-03 7.89065154e-04 2.73367105e-03
1.96800105e+01 -3.10105785e-02 1.75520562e-02 -1.50885277e-02 8.18592448e-03 1.24082992e-03 3.72339492e-03
2.24015371e+01 -3.46258936e-02 1.11951074e-02 -3.49694758e-02 3.30589377e-03 3.30348127e-03 5.91547895e-03
2.51172933e+01 4.80556245e-04 4.97000790e-02 -3.90051092e-02 3.57286157e-03 2.82770332e-03 3.61521656e-03
2.78356527e+01 -1.19529955e-02 4.60666523e-02 -5.37315409e-02 4.20887639e-03 1.06180073e-03 7.21938180e-03
3.05539324e+01 -9.93616358e-03 2.94390047e-02 -7.37032224e-02 6.87778313e-03 1.60634248e-03 3.11005572e-03
3.32691121e+01 -2.38689359e-04 4.09847069e-03 -6.99119786e-02 4.61336723e-03 1.08786875e-03 2.70763162e-03
3.59810168e+01 1.03589130e-02 8.26785237e-03 -7.21431254e-02 4.66698113e-03 1.16498391e-03 1.72092400e-03
3.86865777e+01 -2.26132793e-02 -9.00401035e-03 -4.55554685e-02 4.01117113e-03 2.05348001e-03 4.72719401e-03
4.14072949e+01 -5.79530543e-02 -1.91514979e-02 -2.46504120e-02 2.76698488e-03 1.97107277e-03 8.11665090e-03
4.41263730e+01 -3.37042249e-02 -3.90956380e-02 -1.43724137e-03 3.72878096e-03 1.60747617e-03 4.74245833e-03
4.68316496e+01 3.96296573e-02 3.50704931e-02 1.70698312e-02 9.23654318e-03 1.49798742e-03 6.62981127e-03
4.95510965e+01 3.67506341e-02 5.54420548e-02 5.45404781e-02 3.71588983e-03 2.33053277e-03 5.83276350e-03
5.22617512e+01 3.19380125e-02 9.99697825e-02 3.43441087e-02 4.59928384e-03 1.00476823e-03 4.21941344e-03
5.49861762e+01 1.57339343e-02 8.12925584e-02 2.92627294e-02 1.65102200e-03 1.53365920e-03 3.47173420e-03
5.77110558e+01 2.91788057e-02 7.19326947e-02 1.83291872e-02 1.94144367e-03 1.05148610e-03 2.88331402e-03
6.04332855e+01 7.49435496e-02 4.02057713e-02 -2.42001713e-02 2.15072592e-03 6.66482076e-04 4.17994195e-03
6.31495121e+01 7.43229948e-02 5.07546691e-02 -1.93893308e-02 3.04431374e-03 1.65754426e-03 3.68074004e-03
6.58610496e+01 6.58715412e-02 2.24417653e-03 2.66400288e-02 5.36278568e-03 1.83125818e-03 8.66777452e-03
6.85797558e+01 3.09367758e-02 2.14321038e-02 3.52737548e-02 2.94422688e-03 1.95759007e-03 2.48644607e-03
7.13002105e+01 2.91893573e-02 -2.10154292e-02 -1.89296644e-03 2.77287941e-03 2.83733158e-03 2.28073225e-03
7.40248105e+01 1.95687825e-02 -6.24331467e-02 -4.14847470e-02 3.45002781e-03 2.32662691e-03 4.38121571e-03
7.67414840e+01 2.99429392e-02 -4.94047549e-02 4.93107251e-03 7.17025310e-04 2.90175058e-03 2.20725205e-03
7.94548152e+01 1.26724570e-02 2.13739267e-02 -2.89498915e-02 3.32881163e-03 2.07518134e-03 8.65086544e-03
8.21662308e+01 -1.98323564e-02 3.24876343e-02 -1.60647974e-02 5.23083862e-03 1.45186524e-03 3.84882691e-03
8.48774402e+01 -2.83069362e-02 3.36367584e-02 3.55135689e-02 7.26031773e-03 2.73932663e-03 7.35559357e-03
8.75916090e+01 -2.03881854e-02 8.21701758e-03 6.27922707e-03 6.06284820e-03 1.77149057e-03 3.21972361e-03
9.03090824e+01 -6.53609141e-03 -1.98232113e-02 -8.03590754e-02 3.49930840e-03 1.01392722e-03 2.97309686e-03
9.30212277e+01 -1.15419679e-02 -6.08408195e-02 -1.06829762e-01 3.40686404e-03 1.61003245e-03 9.45810335e-03
9.57398793e+01 -1.51789169e-02 -4.48275173e-02 -6.47110314e-02 1.48417678e-03 3.44776188e-03 6.06963537e-03
9.84583199e+01 6.25354536e-03 9.47148534e-03 -6.70923190e-02 7.99695202e-03 9.54278153e-04 9.08753685e-03
1.01178026e+02 1.03574038e-05 1.40053014e-02 -5.34557542e-02 4.50963025e-03 1.43381748e-03 5.71404121e-03
1.03892339e+02 7.92142427e-03 3.11267720e-02 -9.39068599e-03 4.88921154e-03 9.90465523e-04 3.05355299e-03
1.06610698e+02 3.31194717e-02 3.11088016e-02 4.01866505e-02 2.14361434e-03 9.38602136e-04 5.67061220e-03
1.09332948e+02 4.11038314e-02 -3.69481807e-02 5.16504149e-02 6.81805107e-03 1.15048840e-03 1.06748708e-02
1.12050995e+02 2.72408631e-02 -5.10686629e-02 3.04224316e-02 1.66178135e-03 1.68689242e-03 2.13442310e-03
1.14782011e+02 -2.17910461e-02 -3.98519962e-02 7.46060508e-03 1.92595594e-03 4.04686493e-03 3.24279743e-03
1.17493120e+02 3.36998854e-02 -8.34961286e-03 -1.43477238e-02 1.71600295e-03 1.75562031e-03 3.67618099e-03
1.20206182e+02 1.03706681e-01 1.87017167e-02 1.40353422e-02 2.29957401e-03 1.22078183e-03 4.16588681e-03
1.22929057e+02 1.31887675e-01 1.01326546e-01 2.10441799e-02 1.22184436e-02 1.52994797e-03 2.83850276e-03
1.25641026e+02 9.66793960e-02 6.38248225e-02 8.28203717e-03 4.09431491e-03 2.80767771e-03 5.25913367e-03
1.28364245e+02 6.96725220e-04 2.55481428e-02 -6.43418210e-02 1.47035734e-03 1.82058229e-03 2.16171068e-03
1.31078776e+02 -8.21090098e-02 5.17400112e-02 -1.62485703e-02 2.05904536e-03 2.58867488e-03 1.63704149e-03
1.33779979e+02 -4.44211431e-02 1.98866283e-02 -4.35299550e-03 8.65792768e-04 7.20090408e-04 1.33935518e-03
1.36490870e+02 -2.83825028e-02 -1.94899129e-02 -2.04132270e-02 2.75531383e-03 2.00658566e-03 3.82435264e-03
1.39203604e+02 -4.55688192e-04 -4.83803861e-02 2.80876142e-02 2.65655583e-03 2.33211501e-03 8.09853537e-03
1.41910511e+02 7.80167912e-02 -5.17502601e-02 1.71393405e-02 2.62398693e-03 1.59740886e-03 9.07596422e-03
1.44630464e+02 8.90470976e-02 -3.08734493e-02 -2.05992627e-02 4.41147984e-03 1.11402310e-03 4.90670068e-03
1.47348448e+02 3.54695057e-02 -3.63725409e-02 1.31560534e-02 4.55240971e-03 1.22024711e-03 3.29804170e-03
1.50063354e+02 2.65020822e-02 -1.10963150e-02 -1.99381316e-03 2.40302757e-03 7.02892079e-04 2.16983634e-03
1.52779479e+02 2.03937231e-02 -1.04462056e-03 -2.87103738e-02 1.64527766e-03 3.51428690e-04 5.03409291e-03
1.55485542e+02 4.31314252e-02 7.00651051e-03 2.12354134e-03 1.88785183e-03 2.26564066e-03 3.75242344e-03
1.58208354e+02 7.04537870e-02 4.04193857e-02 1.79605355e-02 1.02180545e-03 2.44402197e-03 1.18308821e-03
1.60911073e+02 9.27923494e-02 7.78120700e-02 6.04421593e-02 1.42344822e-03 1.73715562e-03 2.65972698e-03
1.63640526e+02 4.66405846e-02 1.55466655e-02 6.12485392e-02 1.66214155e-03 3.80377977e-03 4.29325550e-03
1.66360370e+02 1.68719065e-02 -1.16702484e-02 4.62050446e-02 2.12864338e-03 2.25549983e-03 2.12237914e-03
1.69079073e+02 1.77340984e-02 -2.61642990e-02 -2.15801470e-02 1.43003118e-03 5.22475181e-04 2.26500452e-03
1.71804839e+02 -2.03252746e-03 -3.06391182e-03 -5.41569537e-02 1.00019739e-03 9.46325112e-04 3.77260100e-03
1.74527167e+02 -1.00346147e-02 -1.64676956e-02 2.42923590e-02 4.09078516e-03 1.14638783e-03 2.99248263e-03
1.77242542e+02 -3.53037089e-04 -6.80006289e-02 5.96235427e-02 1.54688046e-03 1.74040945e-03 1.22262965e-03
1.79955167e+02 1.45582134e-03 -7.14002291e-02 4.45720157e-02 1.88232370e-03 6.63623770e-04 1.97351045e-03
1.82673807e+02 -3.13935452e-03 -3.95819790e-02 5.36363385e-02 1.24164107e-03 1.80849383e-03 3.44274320e-03
1.85386276e+02 -3.61535862e-02 -2.24729854e-02 7.23439056e-02 1.42816650e-03 1.01985685e-03 5.36157197e-03
1.88096839e+02 -2.82585550e-02 1.31139601e-03 7.02154277e-02 3.40798772e-03 2.82344004e-03 2.17657095e-03
1.90814057e+02 -6.61214492e-03 -3.77290733e-02 1.41431733e-02 2.88636986e-03 1.36473860e-03 1.69609312e-03
1.93528448e+02 -8.48630564e-03 -2.17036156e-02 3.63358885e-03 1.69897401e-03 4.46334782e-03 2.56873670e-03
1.96235511e+02 1.75841868e-02 -1.56949716e-02 1.84874720e-03 9.21284716e-04 2.97196297e-04 3.71886454e-03
1.98947886e+02 7.69848690e-03 -3.04377605e-02 -4.71889952e-03 8.76885433e-04 3.04155851e-03 2.22181787e-03
2.01665792e+02 -1.02996443e-02 7.59714657e-04 5.95703899e-03 2.84598936e-03 2.75142846e-03 1.29728245e-03
2.04383542e+02 -8.61533154e-03 3.65477071e-02 -1.81300029e-04 3.60510411e-03 3.37446611e-03 1.85928333e-03
2.07110386e+02 -1.30015690e-02 1.85139406e-02 -2.97728838e-02 9.60888201e-04 8.70504738e-04 3.44749935e-03
2.09835370e+02 1.63817315e-03 -1.75056641e-02 -7.21515849e-02 2.20721966e-03 1.17361323e-03 9.71896400e-04
2.12540526e+02 4.55270600e-03 1.33670865e-02 -1.54589271e-02 2.21829456e-03 9.51738512e-04 3.87292629e-03
2.15258979e+02 -3.81938583e-02 2.09538776e-02 8.42053672e-03 1.92302532e-03 1.20716265e-03 5.35327259e-03
2.17965932e+02 -4.58838388e-02 6.28030831e-02 5.26012027e-04 2.13225284e-03 1.42048361e-03 4.18360437e-03
2.20686042e+02 -2.83695995e-02 6.84338597e-02 -1.11460495e-02 3.49993882e-03 8.95908219e-04 2.02087191e-03
2.23403886e+02 -3.25374950e-03 2.41156189e-02 -2.91723728e-03 4.97439520e-03 1.41664887e-03 7.63698740e-03
2.26117120e+02 2.45946942e-02 2.14445511e-02 9.07548922e-03 1.11412513e-03 1.68415742e-03 4.50964919e-03
2.28840182e+02 1.00118474e-02 5.30686877e-02 9.23832229e-03 1.00084043e-03 8.53778320e-04 2.74405330e-03
2.31551542e+02 2.14391936e-02 -3.48814975e-02 2.48503763e-02 1.00836578e-03 1.36435377e-03 1.45800354e-03
2.34275948e+02 1.65584289e-02 -1.35136397e-03 1.71708076e-02 1.57917167e-03 3.47299984e-03 1.82493741e-03
2.36994776e+02 3.20532110e-02 -3.97311150e-02 2.06355731e-02 5.03867389e-03 9.99933553e-04 2.69551930e-03
2.39715745e+02 2.22960386e-02 -3.14474052e-02 -1.11650708e-02 4.71664776e-03 1.27737859e-03 3.32858975e-04
2.42435526e+02 1.07433107e-02 1.98726100e-02 -4.62094119e-02 1.86146109e-03 5.61837145e-04 6.53261491e-03
2.45152401e+02 2.40280157e-02 2.17608841e-02 -1.93719984e-02 1.28085575e-03 7.98989657e-04 5.02948954e-04
2.47876948e+02 9.19438969e-03 6.55140138e-03 5.65200232e-03 2.27532299e-03 2.87636712e-04 2.58924104e-03
2.50593964e+02 -1.54778616e-02 -4.53572207e-02 -1.46758328e-02 1.17995434e-03 6.27198371e-04 2.86841034e-03
2.53302464e+02 -1.13752931e-03 -5.57179301e-02 1.46923494e-02 9.72996736e-04 2.00799770e-03 2.46830233e-03
2.56009151e+02 4.50817424e-03 1.44649453e-02 5.06639828e-02 1.81843619e-03 2.04235478e-03 3.86691635e-03
2.58726776e+02 1.98296798e-03 -4.30994171e-03 4.76401528e-02 2.52003022e-03 1.12168779e-03 1.21814939e-03
2.61440932e+02 -2.13708745e-03 -3.15717657e-02 6.36100919e-03 6.08780031e-04 3.10179294e-04 2.01085198e-03
2.64151651e+02 2.90050333e-03 -2.58160457e-02 3.88595113e-03 1.73070237e-03 9.82369888e-04 6.67688152e-03
2.66868448e+02 -4.81797145e-02 4.53587035e-02 -1.95998991e-02 1.64515225e-03 2.60482342e-03 1.91290028e-03
2.69576158e+02 -6.94741903e-02 6.60640617e-02 -1.12895225e-03 9.30549314e-03 3.93084843e-03 1.91726036e-03
