7.01376716e-01 -4.12275878e-02 -3.50108806e-04 1.93074706e-02 3.80443245e-03 3.95212823e-03 1.21423520e-03
3.41718620e+00 -9.42468579e-02 1.94137370e-02 -1.60207800e-03 2.63379199e-03 4.55082124e-03 4.29417322e-03
6.12855105e+00 -3.64855882e-02 9.66552747e-03 2.75300128e-02 5.83868522e-03 3.08607369e-03 2.93130592e-03
8.83959823e+00 1.26876341e-02 -2.97430312e-02 7.59488525e-02 3.49246627e-03 5.56946064e-04 2.35349887e-03
1.15509378e+01 1.42222929e-02 -4.81799740e-02 6.35424974e-02 5.80114571e-03 2.13930075e-03 3.72876344e-03
1.42525565e+01 1.24301505e-02 -1.81959256e-02 6.92009242e-02 5.53189677e-03 2.85533771e-03 2.02287390e-03
1.69677831e+01 -4.06414824e-02 4.74651712e-02 6.24090493e-02 8.10014008e-03 2.19522880e-03 1.38173883e-03
1.96848878e+01 -5.19403153e-02 4.93191913e-03 7.28129576e-02 1.82876968e-03 1.38576516e-03 1.33684287e-03
2.23965956e+01 -5.11882484e-02 -2.47198254e-02 4.36265024e-02 2.64127308e-03 2.60679095e-03 6.31274661e-03
2.51081831e+01 -8.17877554e-03 -2.97114674e-02 -3.98742880e-02 4.60260247e-03 2.90487710e-03 2.38073723e-03
2.78261924e+01 7.53382264e-03 -3.28849451e-02 -3.86796678e-02 8.50499960e-03 5.85381070e-04 3.43518920e-03
3.05406721e+01 2.37219116e-04 6.49049712e-04 -2.80509717e-02 3.17781902e-03 8.57089991e-04 4.16448864e-04
3.32587831e+01 -6.22899242e-02 5.13174973e-02 1.33271692e-03 1.84636218e-03 2.31281592e-03 3.92857692e-03
3.59749596e+01 -5.64412848e-02 8.27551734e-02 1.05470817e-02 6.52371474e-03 2.16160636e-03 3.47238133e-03
3.86795237e+01 5.00459268e-02 4.44818451e-02 3.53909997e-02 3.17063916e-03 7.22036976e-04 1.57206539e-03
4.13912737e+01 6.16930487e-02 -4.11661205e-02 5.75349145e-02 1.75206146e-03 2.49016043e-03 7.41899177e-03
4.41092581e+01 8.51777561e-03 -1.85414163e-02 -1.37836167e-02 2.48462467e-03 2.06420608e-03 2.99101504e-03
4.68207893e+01 1.63947617e-03 -1.92417881e-02 -5.58329376e-02 2.93585299e-03 1.90458758e-03 6.03141452e-04
4.95418518e+01 5.55634390e-03 -4.57743107e-02 -3.03700968e-02 3.03434781e-03 8.92826956e-04 3.42082081e-03
5.22639440e+01 -3.48093891e-03 -6.31404240e-02 -3.80924606e-02 7.85715687e-03 3.27741473e-03 6.10142035e-04
5.49838362e+01 -3.27443571e-02 -1.04167812e-01 -3.41520269e-02 1.14854570e-03 9.66088768e-04 1.61460073e-03
5.77004253e+01 -1.24009735e-02 -9.65094428e-02 -1.30823029e-02 1.47633401e-03 1.11686281e-03 1.43767432e-03
6.04190409e+01 -2.88705544e-03 -4.68285477e-02 -3.11070945e-02 2.51256287e-04 7.97630792e-04 3.11142050e-03
6.31446706e+01 5.03564266e-03 -3.99259708e-02 -1.74855109e-02 1.79418098e-03 1.70003673e-03 5.86502087e-03
6.58651362e+01 7.05059338e-03 1.68367261e-02 4.23668949e-03 6.29510750e-03 1.86510977e-03 7.09650686e-03
6.85781237e+01 1.85085449e-02 1.27365693e-02 -7.08476354e-03 3.50097149e-03 2.58489972e-03 8.87798358e-03
7.13031878e+01 1.79712028e-02 3.38458094e-02 -5.07492497e-02 3.35157102e-03 5.60135343e-04 7.39570702e-03
7.40195893e+01 6.47102133e-02 3.84730791e-02 -3.80306512e-02 1.24143847e-03 1.39958453e-03 1.55484840e-03
7.67483643e+01 7.36457581e-02 6.09731355e-03 -7.34331516e-03 3.25272464e-03 1.18223619e-03 2.65460330e-03
7.94674596e+01 6.42294462e-02 -2.39793667e-02 2.93753671e-02 5.83181217e-03 8.95007447e-04 3.38635966e-03
8.21894487e+01 -5.57713963e-03 2.97605110e-02 5.54643043e-02 6.81087623e-03 2.19909845e-03 5.09003514e-03
8.49050128e+01 -5.56577090e-02 1.04307544e-02 2.27408854e-02 7.30281934e-04 3.49584170e-03 4.14411726e-03
8.76149018e+01 -1.40772470e-02 2.05180033e-02 -2.88808900e-02 1.19946549e-03 1.21288804e-03 6.55118077e-03
9.03342643e+01 -2.25552021e-02 7.44302316e-03 -3.26387305e-02 4.17138321e-03 1.24767864e-03 1.87316174e-03
9.30566534e+01 2.12591806e-03 -5.95992512e-03 1.47499533e-02 6.03707997e-03 1.69558995e-03 6.38461656e-03
9.57712581e+01 9.99395342e-03 2.55177292e-02 4.22207615e-02 6.32552744e-03 5.13472290e-04 2.40456221e-03
9.84929925e+01 -8.17651308e-03 6.12434395e-02 -1.27371550e-03 9.55576649e-03 1.28632501e-03 5.79955815e-03
1.01205019e+02 -7.48550943e-03 4.48113370e-02 3.89711233e-02 7.00904867e-03 5.10614981e-03 2.26619617e-03
1.03920332e+02 8.13872116e-03 3.63180556e-02 8.38028654e-02 3.51965371e-03 4.58263335e-04 8.08071559e-04
1.06643738e+02 -6.38824904e-03 -1.40298347e-03 7.62535803e-02 2.92286020e-03 1.56128109e-03 2.93801829e-03
1.09359066e+02 1.79492589e-02 2.27822399e-02 -2.19076236e-03 3.27696991e-03 2.41761061e-03 1.70446029e-03
1.12073988e+02 1.89742440e-02 -2.10638390e-02 2.55742101e-02 2.40271862e-03 3.73279666e-03 1.56959900e-03
1.14778238e+02 8.28753531e-02 1.47103985e-02 7.83579681e-02 8.39218472e-03 4.20597315e-04 1.91807508e-03
1.17495144e+02 7.64285239e-02 2.83175444e-02 2.02737992e-02 3.70535299e-03 4.03337295e-03 6.20827621e-03
1.20203191e+02 7.25666877e-02 3.27219946e-05 -5.06933573e-02 3.92216801e-03 5.99203701e-03 6.44159880e-03
1.22924972e+02 -1.86915897e-02 4.39541044e-02 -6.77311498e-02 6.77402243e-03 1.50129323e-03 7.51267481e-03
1.25635019e+02 -3.17067475e-02 -2.50930046e-02 -1.06058272e-01 5.53770896e-03 1.36212418e-03 5.26157894e-03
1.28342613e+02 -1.17946089e-02 -8.90140325e-02 -8.54130055e-02 4.05400162e-03 2.65953533e-03 3.36799721e-03
1.31057613e+02 -2.14813449e-02 -4.78259375e-02 -2.12870824e-02 4.75787707e-03 4.41236575e-03 2.72419384e-03
1.33773847e+02 -5.31394273e-02 -8.19177242e-02 -3.72313080e-03 7.32172232e-03 1.66016826e-03 1.47198767e-02
1.36491863e+02 -4.65795474e-02 -9.28728911e-02 6.91163305e-03 1.96635878e-03 5.52632825e-03 1.35260965e-02
1.39202800e+02 -2.85736696e-02 4.50987581e-02 5.99527576e-02 4.30687946e-03 8.68931406e-04 6.40130764e-03
1.41911863e+02 2.59764262e-03 9.50936717e-02 4.31959845e-02 2.26269289e-03 2.01482254e-03 1.15741031e-02
1.44625550e+02 4.10716219e-02 8.94593307e-02 1.86772328e-02 5.34275705e-03 1.48260085e-03 4.53985768e-03
1.47348082e+02 2.43932592e-02 1.05966657e-01 3.62866636e-02 2.62660545e-03 9.65666978e-04 3.37523842e-04
1.50068753e+02 1.68923622e-02 4.67245984e-02 2.14884730e-02 3.44202573e-03 7.51839011e-04 2.36811326e-03
1.52791769e+02 1.15573663e-02 2.27348069e-02 1.55085427e-02 4.68504028e-03 1.04706134e-03 3.49203018e-03
1.55526832e+02 -2.38621224e-02 -4.72543411e-02 2.87438593e-02 3.34570566e-03 2.24421825e-03 2.17726891e-03
1.58244050e+02 -4.13474904e-02 -8.03170980e-02 4.19721898e-02 3.63581433e-03 1.43485116e-03 1.18916645e-03
1.60970410e+02 -2.81586248e-02 -2.95798073e-02 2.26008849e-03 2.27760685e-03 3.78207172e-03 5.34758261e-04
1.63672613e+02 -1.81884910e-02 1.34642169e-02 2.58371856e-02 3.99580937e-03 1.75066889e-03 2.45558624e-03
1.66389535e+02 -1.68479437e-02 -3.23733689e-02 4.28229154e-02 5.96619502e-03 1.61250406e-03 2.20548776e-03
1.69102425e+02 -4.19128550e-02 -7.92872648e-02 3.07696908e-02 2.73185388e-03 3.64656748e-03 7.76200755e-03
1.71812660e+02 -2.74902142e-02 5.27899991e-03 8.51394511e-03 1.39001901e-03 1.48141897e-03 2.50123979e-03
1.74527613e+02 -2.35585885e-02 -2.15196716e-02 -2.91595210e-03 3.50895776e-03 2.05162486e-03 1.75727710e-03
1.77239566e+02 -2.33583227e-02 1.09348883e-02 -3.29112965e-02 5.00823645e-03 3.73113509e-03 4.47946616e-03
1.79951722e+02 -3.22543957e-02 7.87350394e-02 -8.75211318e-02 3.06649942e-03 2.03742548e-04 1.15732233e-03
1.82664300e+02 -2.57362740e-02 2.51963948e-02 -6.48954407e-02 2.50069164e-03 1.33508165e-03 7.21677985e-04
1.85380066e+02 -7.01913453e-03 -3.66909363e-02 2.69579734e-03 3.35665740e-03 1.20032422e-03 2.11597252e-03
1.88100066e+02 -2.17699848e-02 -5.40151004e-03 1.66115483e-02 2.73475094e-03 3.43181496e-04 9.27816244e-04
1.90818066e+02 -1.69339831e-03 -1.57392961e-02 1.67983072e-02 3.11782598e-03 2.70173534e-03 4.52521886e-03
1.93537472e+02 -6.26799824e-03 -2.73624139e-02 -1.59044993e-02 3.98469401e-03 7.59067553e-04 5.94596713e-03
1.96266519e+02 -3.14681398e-02 -1.61323270e-02 -7.24817783e-02 5.60635358e-03 6.15414637e-04 2.62890917e-03
1.98985097e+02 -3.61179904e-02 -5.85041910e-03 -5.48983635e-02 2.75295058e-03 1.83055586e-03 4.24709640e-03
2.01706988e+02 -1.21628261e-02 -2.16157594e-02 -8.22457971e-03 1.88232954e-03 1.21726187e-03 1.61232011e-03
2.04433816e+02 -1.12456852e-02 3.07910003e-02 4.34003242e-04 2.72273276e-03 1.54680288e-03 2.73316604e-03
2.07150878e+02 -4.24728815e-03 -1.91561370e-02 -3.61105059e-02 1.73308728e-03 2.92586682e-03 2.42844615e-03
2.09868191e+02 -1.38974300e-02 -5.30097477e-02 -8.02495012e-02 1.69086460e-03 1.80951393e-03 9.78955203e-04
2.12592082e+02 -3.67549087e-02 -4.90983153e-02 -1.03643546e-01 5.49707989e-04 1.69727128e-03 8.32398464e-04
2.15300019e+02 -1.30211251e-02 -4.96872005e-02 -7.09075440e-02 1.65382937e-03 2.12627301e-03 7.63374555e-04
2.18020441e+02 6.26677465e-04 -5.13804903e-02 -4.71513408e-02 3.64407806e-03 2.79019269e-03 1.89596663e-03
2.20731675e+02 -2.69267781e-02 5.73051117e-03 -1.93802546e-02 2.15603608e-03 2.35243089e-03 2.34668180e-03
2.23439394e+02 -7.17715483e-03 7.41413276e-03 3.51104427e-02 3.11311552e-03 1.81529734e-03 3.37624125e-03
2.26163285e+02 -1.73142144e-02 -3.86939422e-02 -4.94084493e-03 3.69702522e-03 1.64335086e-03 3.82839636e-03
2.28883988e+02 -2.63506235e-02 -7.14941891e-02 -1.91317518e-02 2.10675100e-03 9.85351662e-05 2.72860992e-03
2.31591050e+02 4.38517404e-03 -8.43924993e-02 1.50959347e-02 2.56978875e-03 1.31598963e-03 2.84317288e-03
2.34307894e+02 2.84612605e-02 -2.47295413e-03 2.68813699e-02 1.48056789e-03 1.27394261e-03 1.74392146e-03
2.37022035e+02 2.04654193e-02 6.46245930e-02 1.47088288e-02 5.76235746e-03 2.01321512e-03 3.73542868e-03
2.39735347e+02 4.86851410e-03 2.99085496e-02 -2.43286011e-02 2.23077434e-03 2.51990743e-03 3.02764166e-03
2.42443847e+02 2.41658053e-03 1.13096607e-02 -5.54565054e-02 3.23027099e-03 2.50176563e-03 7.11505828e-04
2.45152535e+02 5.54226367e-03 3.33783037e-02 -3.67760615e-02 3.61999869e-03 3.82113671e-03 1.19253037e-03
2.47870566e+02 2.59091162e-02 3.03950732e-02 -1.99432092e-02 4.89231293e-03 1.06796778e-03 8.25314455e-04
2.50590894e+02 3.01617430e-02 4.40126155e-02 2.03203539e-02 1.72243091e-03 5.95616708e-04 2.34406669e-03
2.53314378e+02 1.05125925e-02 -1.75577903e-02 2.65093399e-02 2.51846902e-03 8.86492056e-04 1.26254456e-03
2.56035660e+02 -2.93717122e-03 1.80513907e-02 1.26329422e-03 1.59246854e-03 2.93224475e-03 1.88896927e-03
2.58758769e+02 -1.81691816e-03 1.64468035e-02 -3.95614430e-02 3.86464074e-03 1.63908109e-03 1.04617953e-03
2.61477816e+02 -1.65729230e-02 -1.89060135e-02 -3.06601905e-02 3.63286344e-03 2.42021986e-04 5.76912388e-03
2.64188316e+02 -3.37550689e-02 -4.15075754e-02 -1.34014519e-02 8.03735006e-03 2.37104073e-03 6.22022690e-03
2.66901863e+02 3.33891458e-02 9.01344369e-03 5.65744732e-02 3.04476246e-03 3.41787277e-03 4.71436622e-03
2.69620973e+02 1.68770529e-02 6.68402312e-03 5.44295760e-02 4.17450585e-03 2.21538169e-03 8.88925803e-04
