6.60993833e-01 2.23023119e-02 9.11020413e-03 -5.27409588e-03 1.65913597e-03 6.93802229e-03 8.15657920e-04
3.37069736e+00 2.29877525e-02 -3.04257231e-02 -1.50832313e-02 1.74445354e-03 3.08772696e-03 2.67588616e-03
6.07625487e+00 -1.70901936e-02 -2.05918402e-02 -4.62077412e-02 2.26012344e-03 2.07788148e-03 3.63684937e-03
8.79601080e+00 -5.69650973e-02 -2.38363262e-02 -6.27029979e-04 2.07389631e-03 3.04382637e-03 4.40531900e-03
1.15198050e+01 -2.75373359e-02 -2.89441639e-02 2.68848906e-02 1.51920172e-03 1.32087806e-03 3.76380144e-03
1.42344332e+01 -6.69672561e-04 5.89102091e-03 6.73735469e-02 2.67100639e-03 3.02326805e-03 1.79277027e-03
1.69588847e+01 2.14864309e-02 4.82046449e-02 1.03119484e-01 1.43587885e-03 2.27620273e-03 1.48263636e-03
1.96805910e+01 2.25147907e-02 2.21330561e-02 9.38833977e-02 2.74121231e-03 1.16918328e-03 2.47543874e-03
2.23918675e+01 1.34182038e-02 -5.70884766e-02 7.05702243e-02 1.56297487e-03 2.86822244e-03 1.71813763e-03
2.51059316e+01 2.13641937e-02 -2.78357292e-02 6.88874130e-02 4.73828184e-03 1.92671727e-03 8.48599304e-03
2.78131628e+01 4.23106602e-02 -5.89895144e-02 3.64705216e-02 5.32511529e-03 5.97682395e-04 7.18983978e-03
3.05280488e+01 1.17910166e-02 -2.74279170e-02 -5.21261376e-03 4.49352810e-03 2.92220252e-03 3.17570063e-03
3.32464941e+01 -2.41809651e-02 -8.42786734e-03 -4.22016097e-02 1.58877036e-03 7.58259294e-04 3.29429788e-03
3.59579706e+01 -3.81333958e-02 -7.34516711e-03 -3.87207351e-02 3.74377215e-04 1.17033101e-03 3.18062243e-03
3.86734441e+01 -5.09083089e-02 2.09800670e-02 -1.57781608e-02 2.77872978e-03 2.16418443e-03 5.15301758e-03
4.13969019e+01 -3.67423311e-02 9.89971969e-03 -1.42729013e-02 1.42688478e-03 2.65232978e-03 8.39958724e-03
4.41267456e+01 -1.32715846e-02 1.83061762e-03 -6.57645008e-02 4.62653892e-03 2.28263420e-03 4.08336760e-03
4.68472238e+01 -1.03763652e-02 8.20544903e-03 -3.40120859e-02 4.92773883e-03 7.17350453e-04 8.36668717e-04
4.95731738e+01 2.00891248e-02 -3.77153354e-02 2.83701441e-02 2.43138633e-03 2.27279162e-03 3.50697256e-03
5.22914519e+01 2.35342049e-02 -4.27263409e-02 3.07882137e-02 5.08309648e-03 2.66929674e-03 2.91721833e-03
5.50203832e+01 1.22673846e-02 3.95894817e-02 2.77931865e-02 1.04209450e-03 3.77357918e-03 2.53985009e-04
5.77348894e+01 -2.75886796e-03 8.67367581e-03 3.40822369e-02 1.56144371e-03 2.15618825e-03 3.20291164e-03
6.04495910e+01 9.63283756e-03 -4.06055169e-02 2.23862668e-02 1.75902677e-03 9.84103287e-04 4.83818624e-03
6.31577128e+01 1.22128955e-02 -2.94140766e-02 -1.76486310e-02 2.44164290e-03 2.59746767e-03 5.01983748e-03
6.58761191e+01 8.99945266e-03 -5.29787457e-02 -4.54875944e-03 3.61968272e-03 8.68116005e-04 2.06817029e-03
6.85919925e+01 4.94641435e-03 -2.87733181e-02 3.15819700e-02 1.10088368e-03 3.54951647e-03 4.84799729e-03
7.13113410e+01 3.91590000e-03 -1.43935158e-02 7.33863860e-02 1.22382077e-03 2.21273072e-03 3.59679066e-03
7.40359472e+01 4.47882909e-02 9.79564373e-03 4.04119548e-02 1.56406760e-03 1.08757457e-03 3.65105765e-03
7.67545441e+01 1.79283795e-02 -4.77765023e-02 1.79168555e-02 1.10975196e-03 1.70581315e-03 3.59183682e-03
7.94758644e+01 3.09056236e-02 -3.37052830e-02 3.97325263e-02 1.99430213e-03 3.65384919e-03 3.58883087e-03
8.21888097e+01 1.38799621e-02 5.81198162e-02 2.98800665e-02 1.55972288e-03 1.83761244e-03 1.39957363e-03
8.49059113e+01 -6.00672919e-03 6.10189575e-02 -5.29016997e-03 8.26930281e-04 7.83933739e-04 6.81089572e-03
8.76152253e+01 -9.44671812e-03 2.43623242e-02 1.22381643e-02 4.33834351e-03 2.53846392e-03 2.29811573e-03
9.03361378e+01 -1.38509004e-02 -8.25688256e-03 2.85855797e-02 2.47238244e-03 1.82825198e-03 2.32478776e-03
9.30513097e+01 -9.98315079e-03 -2.57441349e-02 2.32129033e-02 1.17984532e-03 3.34752538e-03 2.71433997e-03
9.57602081e+01 -1.00725719e-02 -3.06826581e-02 5.36519079e-02 1.59107720e-03 8.52829968e-04 2.28672964e-03
9.84749691e+01 -8.13101778e-03 -1.69560614e-02 4.66770477e-02 3.45037089e-03 1.40456759e-03 5.90712037e-03
1.01189361e+02 -4.08104655e-02 -2.55376386e-02 6.62229450e-03 3.25626892e-03 4.07746793e-04 1.83165462e-03
1.03894283e+02 -4.02982674e-02 -2.16566864e-02 -2.19861181e-02 3.88236935e-03 8.16988793e-04 2.68486455e-03
1.06607455e+02 -1.17909738e-02 -2.39499048e-02 -1.51544484e-02 1.53591097e-03 9.64697896e-04 2.29485337e-03
1.09329049e+02 1.46416609e-03 -6.77535068e-03 2.80817679e-03 9.62292809e-04 4.21450484e-04 5.51158464e-03
1.12044049e+02 1.66420835e-02 -2.64356206e-02 3.19491998e-02 1.90591850e-03 3.77274736e-03 2.49153310e-03
1.14764189e+02 1.69866214e-02 -1.15232356e-03 1.25239876e-02 1.06781606e-03 5.68086161e-03 3.82117540e-04
1.17481596e+02 1.86366087e-02 2.76055960e-03 8.76964926e-03 1.51708282e-03 3.66696018e-03 1.26634578e-03
1.20187408e+02 1.47133951e-02 3.13418753e-02 1.31163467e-02 1.49290950e-03 1.45646475e-03 1.17374722e-03
1.22897393e+02 1.74801647e-02 8.82167641e-03 -2.31099894e-03 1.24466263e-03 7.22035410e-04 2.55351689e-03
1.25609080e+02 3.36064222e-02 6.06383354e-03 2.04943647e-03 8.92717614e-04 1.93799891e-03 1.97157227e-03
1.28324049e+02 3.11130658e-02 -4.92996020e-02 1.84919813e-02 1.77528140e-03 1.44264999e-03 1.22833201e-03
1.31042471e+02 1.75554713e-02 -5.41201478e-02 1.11665517e-03 2.98776926e-03 1.23243842e-03 9.30119309e-04
1.33756689e+02 -3.56548095e-03 -5.38943155e-02 2.05517419e-02 2.54853256e-03 3.13390538e-03 1.87373246e-03
1.36469518e+02 9.88448901e-03 -1.45339216e-02 5.64708127e-03 3.56346562e-03 3.25194069e-03 1.30424276e-03
1.39174346e+02 3.03360745e-02 -1.22202519e-02 8.25203127e-03 1.97733901e-03 5.36926360e-04 2.14154131e-03
1.41887393e+02 1.18942053e-02 -4.07217821e-02 -3.54108618e-02 7.80240129e-04 1.33568815e-03 1.55356339e-03
1.44600064e+02 1.45451633e-02 -2.96250206e-02 -4.04597564e-02 1.33931503e-03 7.08922771e-04 1.14851860e-03
1.47324721e+02 -5.28939972e-03 -8.48753096e-03 -4.19800263e-02 2.39357222e-03 6.96571873e-04 1.79157636e-03
1.50043924e+02 -3.27511197e-02 2.47982038e-02 3.62828766e-02 2.25152399e-03 2.02463672e-03 3.40045336e-03
1.52761643e+02 -2.91724262e-02 1.61485286e-02 1.82008702e-02 2.77050625e-03 1.45082113e-03 3.51848758e-03
1.55470502e+02 -6.36392449e-03 -3.92384240e-02 8.81928429e-03 1.58373546e-03 1.39170722e-03 1.62152100e-03
1.58191689e+02 -2.74380148e-03 -4.54497963e-02 -4.45452929e-02 1.66281219e-03 1.50407811e-03 4.78926658e-03
1.60901408e+02 3.30400002e-02 -3.66583116e-02 -2.83821540e-02 3.36575395e-03 1.34821274e-03 4.20637237e-03
1.63613127e+02 5.56471649e-02 -6.28790730e-02 -1.15403358e-02 1.98084910e-03 3.44791755e-03 2.37905877e-03
1.66326877e+02 5.75033745e-02 -3.95374911e-02 -1.45646709e-02 2.43403311e-03 1.00100105e-03 2.41005314e-03
1.69037299e+02 1.63871863e-02 -4.15927810e-02 1.40620669e-02 3.31583762e-03 6.50917121e-04 3.04755768e-03
1.71755439e+02 -1.85104459e-02 -3.09078893e-02 5.16157263e-03 4.38440481e-03 7.49964647e-04 2.28266269e-03
1.74468158e+02 -1.63781990e-02 -2.26380331e-02 8.46818156e-03 4.29583614e-03 2.86410996e-03 8.91962086e-04
1.77183455e+02 -9.62980905e-03 -4.79449012e-03 3.10723057e-02 5.90648389e-04 8.04639452e-03 4.55591854e-03
1.79903596e+02 7.85719781e-03 -1.06123594e-02 8.81450619e-02 1.77267014e-03 3.82717241e-03 3.11808754e-03
1.82622924e+02 3.49086454e-02 3.44600418e-02 6.73245213e-02 3.67992171e-03 1.49494768e-04 5.78090818e-03
1.85353830e+02 2.50390082e-02 3.11780034e-03 5.52221509e-02 5.07519656e-03 2.40688040e-03 9.51658408e-03
1.88079377e+02 2.77203249e-02 1.81226246e-02 6.21462625e-02 1.87968184e-03 4.54717370e-03 3.77621614e-03
1.90798330e+02 2.93821797e-02 4.97093847e-02 3.17214268e-02 1.97356524e-03 1.25565347e-03 8.84382132e-03
1.93527268e+02 1.30342806e-02 3.36648508e-02 -1.34512095e-03 6.52417243e-03 2.45353001e-03 1.11262611e-02
1.96241908e+02 1.19193882e-02 1.67818725e-02 -1.30600828e-02 3.16755512e-03 2.66311895e-03 3.60563362e-03
1.98957189e+02 2.57063801e-02 6.95092774e-03 -7.74611865e-03 3.48490895e-03 1.30299975e-03 3.72499686e-03
2.01673283e+02 2.18987867e-02 -6.75736703e-03 -2.34787920e-03 3.59093581e-03 1.41103261e-03 2.80772933e-03
2.04381939e+02 8.59892115e-03 -5.43697461e-03 -2.38566616e-02 2.22970398e-03 5.10223258e-04 1.77744358e-03
2.07099299e+02 -3.30335330e-02 -4.19351433e-03 -5.06348369e-02 4.64486740e-03 3.21323958e-03 2.98754517e-03
2.09819330e+02 -5.77682432e-02 -4.45661851e-02 -5.68778684e-03 1.59004862e-03 1.02993611e-03 4.49390144e-03
2.12534205e+02 -4.52606245e-02 -1.17596190e-02 1.29143133e-02 1.43782391e-03 2.43283085e-03 5.29317681e-03
2.15258330e+02 -6.75488012e-02 -6.42271803e-02 -2.78762875e-03 1.79312301e-03 1.13194207e-03 7.78126371e-03
2.17972814e+02 -4.81029617e-02 -3.70415748e-02 -1.43839966e-02 2.31442847e-03 4.76748882e-03 7.61502423e-03
2.20693783e+02 1.38609738e-02 -4.60214468e-02 3.74255999e-02 5.03676222e-03 2.36927696e-03 3.09616910e-03
2.23414455e+02 6.77347516e-02 -4.17114400e-02 4.24344995e-02 5.09539652e-03 1.36015169e-03 1.34379280e-02
2.26134424e+02 5.47592768e-02 -3.14270800e-03 -2.43028827e-02 1.78016564e-03 7.18154697e-04 4.83493720e-03
2.28853830e+02 9.53644628e-03 1.56796134e-02 -3.36463336e-02 1.88931387e-03 2.46908414e-03 1.61391214e-03
2.31573471e+02 5.10008379e-03 -1.78043428e-02 1.50374899e-03 2.91904236e-03 1.36218824e-03 4.21446496e-03
2.34283424e+02 1.35907085e-02 -1.76045957e-02 2.99858284e-02 3.08662599e-03 5.08430734e-03 2.38436921e-03
2.36996064e+02 -1.20733751e-02 -1.68942287e-02 -1.29862213e-02 7.42397122e-04 2.18661067e-03 5.01147974e-03
2.39704924e+02 -3.82144467e-02 -2.75457760e-03 -1.27053122e-02 1.35753581e-03 7.25987070e-04 2.53269889e-03
2.42416158e+02 -4.64765421e-02 -2.08056120e-02 -2.75198195e-03 1.98630670e-03 1.63213805e-03 3.97022521e-03
2.45128721e+02 -3.84712569e-02 -1.95486274e-02 2.35210596e-02 3.55976103e-03 2.60770485e-03 1.34964265e-03
2.47844439e+02 -2.31633456e-02 -2.22566543e-02 2.67115412e-02 8.05199531e-04 2.70306326e-04 3.04746063e-03
2.50562018e+02 4.29435939e-02 3.19974077e-03 5.31944023e-02 3.16652627e-03 1.76161354e-03 2.75135274e-03
2.53275393e+02 5.35929717e-02 2.13972037e-02 6.23185941e-02 1.43669509e-03 1.49189018e-03 8.73037272e-04
2.55981611e+02 6.38022759e-02 3.23234491e-02 3.50959054e-02 4.88006258e-04 1.60787305e-03 6.99500002e-04
2.58697096e+02 5.04504806e-02 5.48110731e-03 3.39906460e-02 3.55510330e-03 9.04100793e-04 1.12929067e-03
2.61415596e+02 5.51359522e-02 -3.31181004e-02 -7.29251722e-04 8.19946679e-03 2.31028290e-03 2.36916159e-03
2.64124705e+02 2.66064338e-02 9.51922769e-03 -2.41220403e-02 2.59134151e-03 4.01081786e-03 1.70901083e-03
2.66839627e+02 1.90270934e-02 2.34900051e-02 -4.00379938e-02 1.42598189e-03 1.17017813e-03 3.31598981e-03
2.69551112e+02 1.27505012e-02 -4.43966772e-03 -2.04840959e-02 1.36430966e-03 2.30002781e-03 8.99947884e-04
