7.02595218e-01 -1.04703238e-01 7.32335600e-03 -6.81390052e-03 4.52114660e-03 5.48586374e-03 5.41414134e-03
3.41630212e+00 -8.47175981e-02 1.09609572e-02 -2.05546737e-02 1.60432297e-03 2.64003797e-03 4.72871682e-03
6.12301618e+00 -5.93260340e-02 -1.36946023e-02 -2.69649745e-02 2.93639376e-03 1.66422052e-03 4.46516943e-03
8.83503727e+00 -4.56453848e-02 -4.50889983e-03 -4.07933258e-02 2.18248240e-03 4.88744404e-03 1.35585823e-03
1.15456220e+01 -3.21995450e-02 -1.63919744e-02 -3.64532467e-03 1.96879628e-03 8.02371038e-04 1.02574144e-02
1.42636282e+01 -1.66377824e-02 -7.03798520e-02 1.62296664e-02 4.62310453e-03 4.79419162e-03 4.90712742e-03
1.69782876e+01 4.78419200e-02 -5.86928581e-02 3.16492699e-02 4.37614426e-03 1.71828975e-03 8.38792283e-04
1.96906360e+01 -1.33850370e-03 -4.86929777e-02 2.73102588e-02 6.28378560e-03 1.92044697e-03 1.06697773e-03
2.23962751e+01 -1.10013681e-02 -1.80985881e-02 -6.23447201e-03 4.97398296e-03 5.89195249e-04 4.52735550e-03
2.51033141e+01 -3.60428432e-02 -3.14494880e-02 -2.75015035e-02 7.07029179e-03 1.76154980e-03 2.16607814e-03
2.78141891e+01 -4.16466200e-02 1.48345783e-03 -6.68096608e-02 9.28281644e-03 3.67232230e-04 5.29780696e-04
3.05232313e+01 -4.71093407e-02 -2.48842973e-02 -6.88899295e-02 7.13785137e-03 1.00866065e-03 2.41288666e-03
3.32438595e+01 -4.35408279e-02 1.22366301e-02 -4.11262619e-02 1.80495832e-03 1.62838731e-03 9.46280159e-03
3.59629251e+01 -5.15551025e-02 -5.33879789e-03 -3.01037314e-02 2.29875505e-03 1.16265452e-03 3.45017809e-03
3.86774141e+01 -5.93769396e-02 -1.11671710e-02 -5.64524705e-02 2.63152224e-03 2.39142101e-03 1.68104732e-03
4.13918579e+01 -2.43982528e-02 -1.76850828e-02 -5.17460529e-02 3.24389419e-03 1.65272518e-03 5.57881759e-03
4.41021517e+01 3.13774993e-02 -8.59547444e-02 -2.90953997e-02 6.68182922e-03 3.66429533e-03 2.67788901e-03
4.68280298e+01 8.91586416e-03 -3.35507087e-02 -1.03053118e-02 5.21145321e-03 1.75636146e-03 7.46195050e-03
4.95468266e+01 -1.33862224e-03 -2.45496655e-02 4.50800830e-03 2.81817606e-03 1.11663741e-03 4.54935012e-03
5.22666048e+01 -1.41689335e-02 2.08161951e-02 1.04346984e-02 5.13830260e-03 1.11041467e-03 5.28004839e-03
5.49815079e+01 4.72703595e-02 1.00340519e-02 3.36690723e-02 2.91457088e-03 2.18744319e-03 3.25338736e-03
5.76981829e+01 3.61264891e-02 2.41566633e-02 4.28726987e-02 6.44181935e-03 8.15210401e-04 3.01721294e-03
6.04163860e+01 -8.55911788e-03 -5.72207447e-02 -2.35139598e-02 5.88736892e-03 2.43857568e-03 3.41266708e-03
6.31279173e+01 8.31972202e-03 -1.50173830e-02 -8.43846646e-02 1.84174936e-03 3.65372794e-03 1.83623264e-03
6.58399766e+01 2.76807873e-02 -1.90361482e-02 -9.28912496e-03 2.60361377e-03 1.23025927e-03 3.95390394e-03
6.85590923e+01 3.92926427e-02 7.26608451e-03 1.34918802e-02 2.80594497e-03 1.89875914e-03 4.17156702e-03
7.12724001e+01 4.91027799e-02 1.50306934e-02 2.06631396e-02 1.49938756e-03 2.03533912e-03 6.20915532e-03
7.39898142e+01 2.02245773e-02 -8.31067195e-03 2.77737006e-02 4.84228120e-03 1.45441469e-03 2.76554800e-03
7.67181970e+01 -2.64818272e-03 2.19192528e-02 -6.88175384e-02 1.02074394e-02 2.54229246e-03 1.56364228e-03
7.94449907e+01 -1.50069101e-02 3.97062456e-02 -9.95182960e-02 1.56076631e-02 6.26464095e-04 7.17834048e-03
8.21676407e+01 1.75609388e-02 -7.92523478e-03 -2.56673879e-02 7.73534550e-03 2.33170026e-03 4.15343060e-03
8.48856282e+01 7.20520997e-02 2.37074487e-02 3.41867790e-02 6.54023001e-03 1.83676265e-03 2.40273692e-03
8.76132360e+01 1.57483916e-02 -3.16009445e-03 7.69438513e-03 4.80031042e-03 2.00527410e-03 3.64838761e-03
9.03335845e+01 -1.35610678e-02 -1.18169628e-02 -2.20537967e-02 2.62676317e-03 1.50938205e-03 4.04670242e-03
9.30526423e+01 -4.20425499e-02 4.71961333e-03 -1.77422485e-02 2.76318331e-03 1.69891320e-03 2.59941049e-03
9.57702267e+01 -1.83888897e-02 -3.33186365e-02 -1.03448520e-01 2.12443312e-03 1.89529139e-03 5.32232179e-03
9.84787766e+01 1.85396662e-02 -5.98255340e-02 -9.24079786e-02 4.85303297e-03 9.45951441e-04 1.19431579e-02
1.01193272e+02 -1.22862242e-02 -2.50069738e-02 -5.30266679e-02 8.06821111e-03 2.06570494e-03 5.64334430e-03
1.03904163e+02 -3.60942192e-02 2.45549484e-02 4.20358676e-02 2.39268468e-03 2.23278501e-03 5.69289669e-03
1.06615725e+02 4.19894770e-03 -2.42424899e-02 5.36693553e-02 2.46875962e-03 2.88560445e-03 7.05513296e-03
1.09324366e+02 1.15083448e-02 -2.66363031e-02 6.34075321e-02 3.71862706e-03 1.62611266e-03 5.82900279e-03
1.12030288e+02 1.16047712e-02 -1.60002882e-02 5.11349845e-02 2.19584243e-03 1.43721907e-03 3.04761057e-03
1.14742772e+02 -1.37500914e-03 -6.82892077e-02 7.90294628e-03 3.38443744e-03 3.20290211e-03 4.04283918e-03
1.17445506e+02 5.73363908e-02 4.28619845e-03 -3.69893935e-03 4.13955694e-03 2.34492056e-03 1.62803545e-03
1.20163491e+02 6.77917314e-02 1.25206870e-02 -4.35308739e-03 6.67722363e-03 2.72478565e-03 2.42629681e-03
1.22878178e+02 6.90129687e-02 4.40682501e-02 -4.56856365e-02 8.83317738e-03 3.01906686e-03 4.00264859e-03
1.25600647e+02 1.55486554e-02 5.65261081e-02 -7.77746610e-02 5.31181782e-03 2.97999159e-03 2.61506832e-03
1.28314850e+02 -9.42038615e-03 4.10865086e-02 -6.84877574e-02 2.99370043e-03 1.00281296e-03 4.76035882e-03
1.31038491e+02 -2.82521901e-02 -1.31210888e-02 -5.94734585e-02 1.75640033e-03 2.93092785e-03 2.07922845e-03
1.33763084e+02 -4.25881503e-02 -5.71634480e-02 1.41872957e-03 8.32538143e-03 1.05453141e-03 9.98942228e-03
1.36484413e+02 -2.85682368e-02 -5.87507789e-02 2.05625565e-03 2.87396957e-03 1.34693670e-03 5.58088125e-03
1.39201303e+02 -5.66183848e-03 -9.62237728e-02 -2.58083486e-02 2.50566430e-03 2.38707169e-03 1.16150269e-02
1.41919975e+02 2.08563322e-03 -7.60299736e-02 -8.94098543e-03 1.33141614e-03 4.25855428e-04 6.45307221e-03
1.44629116e+02 5.56253964e-02 -3.02183133e-02 8.11297467e-03 3.82101638e-03 2.77903034e-03 3.15462482e-03
1.47339975e+02 5.72244012e-02 4.32723179e-03 3.99160603e-02 9.51565297e-04 7.95289851e-04 2.60900359e-03
1.50054725e+02 3.02735510e-02 2.06640689e-02 5.81999689e-02 2.51720301e-03 1.44764722e-03 5.49564399e-03
1.52780069e+02 -6.32576182e-03 3.48898397e-02 2.21121443e-02 1.48500542e-03 3.75317229e-03 3.06772301e-03
1.55491850e+02 1.01527117e-02 -1.35414057e-02 1.12214234e-02 5.00748858e-03 3.64541083e-03 5.02356444e-03
1.58204600e+02 3.47358330e-02 -2.51551835e-02 -5.50292229e-03 3.12862553e-03 3.16694165e-03 3.45662619e-03
1.60914100e+02 2.40724211e-02 2.23752435e-02 -2.66288622e-02 1.57342548e-03 8.77205065e-04 1.78704088e-03
1.63626334e+02 6.56895487e-03 -1.04279615e-03 -1.61882453e-02 3.62587806e-03 8.65641503e-04 2.63754521e-03
1.66331834e+02 -4.04143176e-03 6.14792511e-02 2.54376155e-02 2.40336194e-03 8.37408553e-04 5.82472599e-03
1.69056631e+02 2.69076961e-02 6.46475758e-02 2.04267097e-03 1.92646484e-03 1.08495200e-03 5.25048194e-03
1.71782256e+02 1.02591742e-02 -8.54502212e-03 -1.96178431e-02 1.46491237e-03 1.14888574e-03 3.32544128e-03
1.74492897e+02 -2.72430310e-03 2.62347917e-02 -1.45985373e-02 1.80970882e-03 1.92464034e-03 3.44229735e-03
1.77208350e+02 -4.24172564e-02 3.33084194e-02 1.27365949e-02 4.14476742e-03 6.76446465e-04 2.04940174e-03
1.79923272e+02 -3.32825357e-02 -1.76015070e-02 3.22962227e-02 3.53993684e-03 2.74199965e-03 8.22663972e-04
1.82638288e+02 -4.79309816e-03 2.94597766e-02 5.54344378e-02 1.83014465e-03 1.44367463e-03 1.03438058e-03
1.85352413e+02 -5.54558595e-03 4.18761209e-02 5.66943839e-02 3.69732713e-03 1.30899101e-03 2.01837644e-03
1.88070084e+02 -1.23444413e-02 -1.15815395e-02 9.99239602e-03 1.98438736e-03 1.48657198e-03 3.15819511e-03
1.90790756e+02 -2.13163041e-02 2.11381986e-02 2.95149357e-03 4.89875619e-03 1.84749524e-03 3.93967849e-03
1.93501553e+02 -1.90879110e-03 3.95694517e-02 5.53567131e-03 2.23784632e-03 1.75344654e-03 2.87764466e-03
1.96213413e+02 5.98163805e-03 -9.56637312e-03 -2.96237859e-03 1.47778686e-03 1.05090595e-03 7.50222942e-04
1.98934850e+02 -1.22180680e-03 2.62294369e-02 -3.05589628e-02 3.04486632e-03 5.55230166e-03 2.48822267e-03
2.01651772e+02 -5.66687187e-03 4.25767713e-02 -2.77299575e-02 3.81633185e-03 2.71782689e-03 2.88284921e-03
2.04363022e+02 -6.96860689e-03 1.05790400e-03 -8.71544812e-03 3.56004110e-03 1.66171093e-03 1.54708717e-03
2.07085616e+02 -2.52469534e-02 2.74228634e-03 -1.48940360e-02 6.75224106e-04 2.08138708e-03 3.09772879e-03
2.09809897e+02 -3.19510928e-02 5.94689203e-02 -1.78278582e-02 1.83611731e-03 3.45165611e-03 3.33192824e-03
2.12530147e+02 -1.70199304e-02 5.88977424e-02 6.86121992e-04 1.80119396e-03 1.07793935e-03 2.10014374e-03
2.15254663e+02 -2.46752875e-02 4.52328556e-02 -2.17460813e-02 1.92268539e-03 2.10095548e-03 4.47312642e-03
2.17964475e+02 -1.96907619e-02 7.65438955e-02 -5.58728339e-02 1.69567454e-03 3.48654072e-03 2.30285703e-03
2.20683694e+02 -7.18099230e-03 9.15337412e-02 -3.23996294e-02 2.00485612e-03 4.73885366e-03 1.79224884e-03
2.23403256e+02 -5.77990706e-03 3.58459075e-03 -1.45634874e-02 1.88590357e-03 3.34406221e-03 2.32058457e-03
2.26114491e+02 -1.20165210e-02 -4.02465851e-02 1.19123434e-02 2.20370852e-03 3.29516144e-03 5.35834342e-04
2.28824725e+02 2.22615415e-03 8.14467504e-03 2.96347937e-02 1.08945114e-03 1.22775441e-03 1.99350384e-03
2.31538272e+02 -1.13749348e-02 -1.10910499e-02 3.23950162e-02 1.08225025e-03 8.84546680e-04 6.70404673e-04
2.34249897e+02 -5.28050009e-03 2.27825968e-02 3.93229152e-03 2.29324662e-03 1.36792350e-03 1.51277991e-03
2.36966053e+02 9.31257088e-03 2.14653448e-03 -2.64379360e-02 2.20461876e-03 3.34104671e-03 3.80786981e-04
2.39678709e+02 5.30053323e-03 5.12172557e-02 -2.21785543e-02 4.34916710e-03 1.85234384e-03 3.03214372e-03
2.42401506e+02 -3.75500402e-03 6.63579762e-02 -2.17638128e-02 4.05910795e-03 1.59555123e-03 6.98736875e-03
2.45119241e+02 -2.28894355e-02 3.73459820e-02 -3.28217999e-02 4.96137752e-03 1.29617895e-03 7.28663316e-04
2.47832397e+02 -1.78409740e-02 2.00134808e-02 -5.30981224e-02 1.54335997e-03 8.28139038e-04 1.80057327e-03
2.50547053e+02 -1.17881072e-03 -2.02615787e-02 -4.04863701e-02 2.73300247e-03 1.41218737e-03 1.39852906e-03
2.53260991e+02 -2.48664062e-02 -3.44674322e-02 2.11279798e-02 1.59163606e-03 1.48949961e-03 3.40036754e-03
2.55984709e+02 -5.32131800e-02 -5.16437191e-02 3.66542760e-02 4.93031460e-03 1.68042687e-03 1.76235128e-03
2.58703647e+02 -3.75001634e-02 -1.41358932e-02 1.56236147e-02 5.61957311e-03 5.94198186e-04 3.06872266e-03
2.61424881e+02 1.59702271e-02 6.87696317e-02 1.02855954e-02 2.80963944e-03 1.85098465e-03 2.03613564e-03
2.64134756e+02 7.50529891e-02 2.34719614e-02 8.99721801e-02 1.89162748e-03 1.22917488e-03 6.87357703e-03
2.66857116e+02 4.26843520e-03 -2.10746824e-02 8.12464174e-02 2.54759072e-03 1.36174813e-03 3.25269972e-03
2.69572001e+02 -4.70039643e-02 -7.59605706e-03 4.51678153e-02 3.02421348e-03 2.77247571e-03 2.02763978e-03
