6.70288318e-01 -1.53204392e-02 -2.18107637e-02 2.78028396e-02 6.89721715e-03 1.40541798e-03 3.88593294e-03
3.38254002e+00 -1.45868912e-02 -2.91288103e-03 -6.02414322e-03 8.11119463e-03 3.33828988e-03 1.34453915e-03
6.09262050e+00 3.00604461e-02 2.56740875e-02 3.79359615e-02 5.05519950e-03 3.26727773e-03 4.00355331e-03
8.81294393e+00 2.66295264e-02 -2.72304093e-04 4.00575677e-02 2.95503165e-03 1.23632817e-03 7.14611874e-03
1.15327896e+01 2.83554551e-03 5.39191530e-03 -4.49096011e-02 3.25503865e-03 5.07895883e-03 3.96539018e-03
1.42451771e+01 3.55162622e-03 -1.18642392e-02 -4.23537225e-02 2.92592828e-03 5.39127914e-04 3.77308969e-03
1.69677771e+01 -2.95520091e-02 -2.04918592e-02 -5.56131451e-02 1.44815047e-03 3.44020911e-03 1.17328837e-03
1.96846146e+01 -3.83222507e-02 -6.08886771e-02 -5.35069768e-02 4.24100767e-03 1.69696550e-03 2.98615839e-03
2.23935099e+01 2.16309622e-02 -2.70601180e-02 -3.56131910e-02 3.94044091e-03 1.34625764e-04 1.13786144e-03
2.51134333e+01 4.55343076e-02 3.73972580e-02 3.21883189e-03 5.91143181e-03 4.25117800e-04 1.29608231e-03
2.78207239e+01 6.30394132e-02 6.29241314e-02 2.86575153e-02 5.48636314e-03 1.04615941e-03 4.70032480e-03
3.05369646e+01 2.67918029e-02 1.32928869e-03 1.18918341e-02 2.78352645e-03 2.19751384e-03 5.35318222e-03
3.32544427e+01 -3.73809622e-02 -1.25454031e-02 -5.23818363e-02 1.83368441e-03 1.06310706e-03 3.29210937e-03
3.59794583e+01 -6.45958067e-02 -2.78678756e-02 -5.78613993e-02 1.86856718e-03 9.17546443e-04 1.00639773e-02
3.86941849e+01 -1.01385284e-02 7.64262309e-03 -3.05084101e-02 1.03250387e-03 6.88950000e-04 4.21598161e-03
4.14131052e+01 4.03518329e-03 -1.71104629e-03 -4.22094637e-02 2.81822040e-03 1.12691992e-03 2.17754963e-03
4.41256739e+01 2.75548442e-03 -5.41577012e-02 -2.48003805e-03 3.22106664e-03 3.26029102e-03 2.09577151e-03
4.68486536e+01 -3.40428985e-02 -5.12703540e-02 -3.52141472e-02 4.64358267e-03 1.33167372e-03 2.08195010e-03
4.95624239e+01 3.15214350e-03 -6.91754750e-02 -3.66255842e-02 3.92743756e-03 3.24194408e-03 7.54185294e-03
5.22901677e+01 -5.30196087e-02 -3.91573082e-03 -3.76526829e-02 1.30763564e-03 1.58022311e-03 7.84230592e-03
5.50048505e+01 -6.00524515e-02 4.25681749e-03 -2.64498238e-02 5.22489492e-03 2.22789145e-03 3.54158562e-03
5.77195942e+01 -1.18741648e-02 1.90497627e-02 -4.93800616e-02 4.09131620e-03 2.38228865e-03 2.91597857e-03
6.04317817e+01 1.98592901e-02 -4.12133604e-02 -3.57295027e-03 5.96229986e-03 1.69965968e-03 5.89262405e-03
6.31408317e+01 5.59091515e-02 -4.76242510e-02 1.39586783e-02 2.80721758e-03 3.41128639e-03 7.25745147e-03
6.58560099e+01 4.14155827e-02 -6.67472386e-02 -1.75584869e-03 3.02541177e-03 2.48197823e-03 1.03057209e-02
6.85772646e+01 -3.49731136e-02 -4.50000275e-02 -5.50350799e-02 3.33228761e-03 2.79179605e-04 7.45377606e-03
7.12916583e+01 -3.15742746e-02 -6.91961152e-03 -5.07971480e-02 3.65283763e-03 1.82308174e-03 2.12259915e-03
7.40140224e+01 1.31640684e-03 -9.03036873e-03 -8.86406681e-03 1.62877587e-03 2.57406023e-03 4.45033604e-03
7.67409927e+01 2.48825294e-02 8.74824540e-02 3.61858944e-02 4.75617695e-03 9.10458746e-04 2.02449953e-03
7.94546067e+01 2.74986926e-02 8.04240137e-02 7.11765688e-02 7.72485729e-03 1.29361127e-03 6.69376008e-03
8.21725192e+01 3.61865895e-02 3.15937856e-02 1.18280811e-02 1.09432230e-02 9.08999731e-04 4.19192786e-03
8.48868333e+01 5.73949159e-02 1.80761189e-02 4.52062634e-02 4.10702337e-03 3.48994694e-03 7.33010728e-04
8.76089833e+01 2.43812063e-02 1.02602693e-02 3.90147320e-02 2.21777841e-03 1.65508714e-03 1.70733911e-03
9.03227958e+01 -9.53059993e-03 1.72402927e-02 4.91708939e-02 1.24937046e-03 1.01656420e-03 2.05512473e-03
9.30457052e+01 2.09335216e-02 2.07980258e-03 1.04354742e-02 3.19684863e-03 2.71652780e-03 2.64680356e-03
9.57589427e+01 7.20076015e-02 -1.83806530e-02 2.73589960e-02 3.21706252e-03 5.76446441e-04 4.54428465e-03
9.84770474e+01 3.27243607e-02 -4.75196531e-04 1.67759211e-02 5.25158481e-03 2.26217629e-03 1.23702588e-02
1.01189530e+02 1.74114972e-02 8.65286785e-05 -4.97600620e-02 1.38553078e-02 8.46043944e-04 3.97130579e-03
1.03905327e+02 2.39677523e-02 4.01181336e-02 -4.84303689e-02 3.30005392e-03 2.26769836e-03 5.07146793e-03
1.06621155e+02 5.94866100e-02 4.02446067e-02 3.30389270e-02 2.42111553e-03 3.70337703e-03 1.75970846e-03
1.09345186e+02 -2.32614018e-04 9.14713204e-02 1.70311462e-02 9.85582961e-03 4.14918793e-03 1.44038569e-03
1.12058108e+02 -1.22210312e-02 6.84109179e-02 -1.74500391e-02 7.14634825e-03 1.85616296e-03 2.70838683e-03
1.14775093e+02 -1.46689127e-02 7.06747446e-03 -5.88075860e-02 9.66966700e-03 2.01650562e-03 3.74030258e-03
1.17491811e+02 -7.16150646e-04 3.79322741e-02 2.19487049e-02 1.48615015e-02 5.54585281e-03 2.45533792e-03
1.20200218e+02 3.52564741e-02 -3.01073901e-02 7.79068981e-02 1.12632886e-02 5.54473507e-03 2.41128109e-03
1.22917077e+02 2.49945466e-02 -5.01007908e-02 5.25839806e-02 6.05280319e-03 2.33339328e-03 3.70147654e-03
1.25634015e+02 6.19436900e-03 -6.74758603e-02 7.05434393e-02 5.65729794e-03 1.52283209e-03 5.31435806e-03
1.28344311e+02 5.32004268e-02 -5.44374282e-02 7.38645712e-02 9.34220853e-03 3.65820070e-03 3.56889333e-03
1.31066046e+02 3.87498814e-02 -2.62993293e-03 9.63925686e-03 5.06556310e-03 1.52009874e-03 1.26717842e-03
1.33785343e+02 -1.57473566e-02 -9.06361144e-03 -8.59920450e-03 2.80701377e-03 3.73128374e-03 8.48296621e-03
1.36503999e+02 -5.23028330e-02 -2.24901979e-02 6.59466730e-04 6.46020078e-03 2.10878172e-03 2.74382180e-03
1.39214577e+02 -5.16368455e-02 -3.60899066e-02 -9.19077280e-03 6.55522697e-03 1.02157870e-03 3.79189533e-03
1.41923624e+02 -5.39997618e-02 -8.81981329e-03 -3.28822584e-02 3.04636088e-03 1.11922576e-03 2.55240101e-03
1.44627483e+02 -2.94114142e-02 6.47699465e-03 -1.97896611e-02 2.34896699e-03 1.50804123e-03 2.08313158e-03
1.47341015e+02 4.95034955e-03 4.11150738e-02 -1.08750987e-02 1.69867027e-03 1.65442246e-03 2.13538832e-03
1.50055733e+02 -8.57768073e-03 2.30293009e-02 2.04747633e-02 1.69109279e-03 1.31219725e-03 5.65713185e-03
1.52766952e+02 -2.64509196e-02 3.10256418e-02 6.65443928e-05 6.66197709e-04 2.86391953e-03 2.59299824e-03
1.55476671e+02 2.05674465e-02 4.02261978e-04 -4.95759574e-02 1.61590065e-03 1.66519733e-03 1.90972474e-03
1.58186765e+02 4.40464100e-02 -3.68457002e-02 -3.69187646e-02 5.49081469e-04 2.78320676e-03 3.76905418e-03
1.60904561e+02 6.17888851e-02 -1.39442109e-03 1.38813680e-02 3.60771114e-03 4.32590289e-04 1.83840817e-03
1.63617483e+02 4.83382492e-02 -6.65802528e-02 1.99783307e-02 1.91935178e-03 4.18333724e-03 2.40429199e-03
1.66347780e+02 1.81991433e-02 -4.33210128e-02 -4.99693557e-02 1.94151624e-03 2.66298321e-03 5.65063075e-03
1.69073952e+02 -1.69714997e-02 -1.02938290e-02 -2.57708131e-03 2.95938375e-03 2.74131959e-03 2.82707853e-03
1.71806186e+02 -7.56246049e-03 -1.56023348e-03 2.78434529e-02 5.42833315e-03 7.94541297e-04 2.65751739e-03
1.74527515e+02 3.47758103e-02 1.81068849e-02 7.55674427e-02 2.03181476e-03 1.25954207e-03 3.41167692e-03
1.77252061e+02 5.17415381e-03 -3.91537258e-03 6.77745531e-02 2.28453960e-03 1.73750886e-03 2.02067549e-03
1.79968265e+02 -5.79794579e-03 -3.89922078e-02 4.58910506e-02 1.97653803e-03 8.13312408e-04 1.37565075e-03
1.82690874e+02 -1.83962575e-02 1.64873074e-02 2.31574024e-02 2.31727620e-03 6.45031058e-04 1.18586999e-03
1.85410374e+02 -2.48020269e-02 3.07376391e-02 3.17571887e-02 2.60785541e-03 2.15521501e-03 2.28909803e-03
1.88128093e+02 -3.84616128e-02 2.45422293e-02 5.18728295e-03 1.17633448e-03 7.66742183e-04 1.34027992e-03
1.90847343e+02 -1.68008405e-02 4.10476625e-03 -3.44810037e-03 1.06389234e-03 1.75364167e-03 5.40562225e-03
1.93555874e+02 -1.36113057e-02 3.02211338e-02 2.00421710e-03 1.24805236e-03 3.96749344e-03 3.00130164e-03
1.96272780e+02 -2.81001622e-02 1.62691094e-02 -1.36463785e-03 5.52508425e-04 2.71798374e-03 1.27134247e-03
1.98979983e+02 -3.32298891e-02 2.06271416e-02 -3.27377520e-02 1.31840541e-03 5.38902940e-03 1.22324038e-03
2.01689577e+02 -2.42785862e-02 -7.86925460e-02 -4.08792742e-02 3.69583441e-03 2.27938326e-03 1.66069286e-03
2.04407327e+02 8.08547513e-03 -6.24633813e-02 -4.11879828e-02 7.03591898e-03 2.47336290e-03 2.27859659e-03
2.07131827e+02 6.47016686e-03 -2.93896368e-02 -3.98526822e-02 4.82470315e-03 1.43402291e-03 4.71915228e-03
2.09844811e+02 2.86548143e-02 -4.16172991e-02 -9.25593720e-03 3.50649348e-03 5.20922188e-04 5.20473893e-03
2.12564686e+02 3.45690762e-02 -1.64764558e-03 -1.40583784e-02 2.49215364e-03 9.86639264e-04 3.84224920e-03
2.15280749e+02 1.69480513e-02 3.33473292e-02 -1.20588640e-02 1.47305017e-03 1.12919513e-03 1.56360241e-03
2.18000468e+02 2.08932199e-02 6.81400011e-03 -2.04066612e-02 9.48744175e-04 1.08699484e-03 2.99289952e-03
2.20707483e+02 -2.32847996e-02 9.44902744e-04 -2.24071781e-02 1.11781556e-03 1.48597982e-03 2.68490066e-03
2.23426546e+02 -1.86944207e-02 4.21120686e-02 -2.66611460e-03 4.43852044e-03 2.48821772e-03 1.59384347e-03
2.26149046e+02 -1.82440349e-02 3.92920008e-02 1.47492455e-02 1.36685022e-03 1.09836966e-03 1.27801680e-03
2.28868483e+02 -2.31983615e-02 1.39582082e-02 1.57741996e-02 1.32493659e-03 1.50203034e-03 1.94762290e-03
2.31582171e+02 4.80777787e-04 -3.21180364e-02 -2.05416491e-02 5.93201620e-03 3.41061329e-04 3.71306934e-03
2.34301280e+02 1.47651492e-02 -5.87023964e-03 -1.98814834e-02 1.29046859e-03 2.53813133e-03 3.42780750e-03
2.37023140e+02 2.64965606e-02 -5.55489885e-02 -2.26759550e-02 7.40619731e-04 2.49343987e-03 4.72040246e-03
2.39740311e+02 -8.75993649e-03 -2.61443074e-02 -3.74702286e-02 7.11134894e-04 1.21819812e-03 3.53679599e-03
2.42463952e+02 -3.94076369e-02 3.35347859e-02 -3.23321383e-02 8.23507353e-04 7.50470772e-04 1.98638494e-03
2.45178358e+02 -2.55767789e-02 6.26445338e-02 -1.52465939e-02 2.65926426e-03 1.91481232e-03 2.85821076e-03
2.47898436e+02 1.76237804e-03 4.50991207e-02 -2.22897157e-02 9.98189423e-04 4.56516573e-03 2.95986704e-03
2.50607624e+02 2.86382708e-02 1.83040328e-02 -9.62867748e-03 1.51891259e-03 1.49137447e-03 8.97316778e-04
2.53322218e+02 2.10008596e-02 -2.76657762e-02 -1.40494524e-02 1.86516968e-03 2.56178786e-03 3.20751771e-03
2.56037218e+02 -3.06366488e-03 1.44447484e-02 4.60452144e-02 2.45498921e-03 1.40229329e-03 1.42771270e-03
2.58737968e+02 -1.20147983e-02 4.32940307e-03 8.88830616e-02 2.42135548e-03 1.02000032e-03 4.29680268e-03
2.61451936e+02 -6.82008619e-03 -1.58518672e-02 6.90295954e-02 4.57209647e-04 9.00770754e-04 6.58825808e-03
2.64164436e+02 -5.31784187e-02 -2.61666958e-02 3.65501630e-02 1.15411120e-03 8.90706789e-03 9.84662384e-03
2.66873577e+02 -1.92984440e-02 -4.35322466e-03 1.91272486e-02 4.45635246e-03 1.29646569e-03 4.31461534e-03
2.69587185e+02 -1.23071356e-02 -6.17732596e-03 5.17439330e-02 3.60424392e-03 1.20283561e-03 5.06438831e-03
