6.96098110e-01 -4.32322385e-02 9.28740099e-03 -2.05215303e-02 3.43650958e-03 2.44230369e-03 4.04967139e-03
3.40814187e+00 -5.48969784e-02 4.85986523e-02 1.20198531e-02 2.22525828e-03 1.81143647e-03 3.25532354e-03
6.11687530e+00 -3.38749845e-02 -3.91035428e-02 -6.89208788e-03 1.30827101e-03 3.18466711e-03 9.23928602e-04
8.82713890e+00 -4.51743392e-02 -2.12580704e-02 3.03468619e-02 2.13741418e-03 2.40213599e-03 7.66697656e-03
1.15459167e+01 -3.82743386e-02 -4.09511079e-03 3.19994586e-02 1.71833953e-03 1.40841629e-03 3.22932652e-03
1.42694948e+01 -7.23572076e-02 -4.41848934e-02 4.71939458e-02 3.91561241e-03 1.59729385e-03 3.89464636e-03
1.69781089e+01 -2.08281166e-02 -4.73706719e-02 6.47215774e-02 2.46491443e-03 5.87584286e-03 2.16056292e-03
1.96905558e+01 -8.33676920e-03 -3.56432651e-02 1.38037851e-02 4.42435820e-03 1.56105090e-03 2.18062123e-03
2.23918870e+01 6.85203755e-04 -1.88730266e-02 1.72988969e-02 2.60405358e-03 3.72467913e-04 3.08988174e-03
2.51067323e+01 -4.57083653e-02 -1.44860591e-02 1.93880684e-02 5.63323691e-03 1.19247412e-03 5.50180045e-04
2.78188964e+01 -6.48250548e-02 -5.85895191e-02 -1.79754391e-02 4.96641399e-03 2.18716748e-03 1.19709004e-03
3.05341261e+01 -5.76182330e-02 -9.93575543e-03 -8.39567192e-02 6.13446852e-03 2.10034257e-03 4.97480198e-03
3.32415448e+01 -4.78012178e-02 3.73351257e-03 -7.25187875e-02 5.45536920e-03 2.94746374e-03 5.79547185e-03
3.59606105e+01 -5.66118218e-02 1.50866403e-02 -2.07759816e-02 3.23370552e-03 1.64930018e-03 1.90345433e-03
3.86761011e+01 -1.37875566e-02 1.49962763e-02 3.69431162e-02 1.94652618e-03 1.72922468e-03 2.32235147e-03
4.13900480e+01 -1.28219685e-02 1.20008158e-02 -1.95425608e-02 2.02814004e-03 3.10199695e-03 5.44655159e-03
4.41090902e+01 -1.58152927e-02 -5.04710922e-02 -6.29342857e-02 3.84866362e-03 8.97132938e-04 1.73658052e-03
4.68334605e+01 -1.09714044e-02 -8.83187591e-02 -3.59755561e-02 4.05258638e-03 1.22327169e-03 7.03217857e-03
4.95470745e+01 8.98195671e-03 -4.56622691e-02 -2.73633799e-03 8.63240372e-03 1.52846248e-03 2.96636190e-03
5.22700792e+01 4.78349958e-03 8.63434525e-03 1.57434762e-02 2.30046755e-03 1.21544437e-03 3.55346639e-03
5.49846464e+01 3.50081319e-02 -1.79861752e-02 3.56334027e-02 3.41571517e-03 1.77061133e-03 3.51171398e-03
5.77008698e+01 2.74896595e-02 -3.95064493e-02 1.88799519e-02 6.99926043e-03 1.50593886e-03 5.92369834e-04
6.04215136e+01 -6.13703716e-03 -5.54429285e-02 -5.85783753e-02 5.90562677e-03 6.95966750e-04 3.42760652e-03
6.31285480e+01 3.18998708e-02 -5.34654126e-02 -9.56482559e-02 4.49160459e-03 8.28603096e-04 4.70218461e-03
6.58427167e+01 6.26655456e-02 1.62402533e-02 -3.57169142e-02 3.45875287e-03 1.42910993e-03 4.82973538e-03
6.85511761e+01 9.61283521e-02 3.27995072e-02 4.77447882e-02 3.22380140e-03 2.27017592e-03 1.79536792e-03
7.12725073e+01 4.97351758e-02 1.50276215e-02 4.93204684e-02 9.77190804e-04 2.25068545e-03 3.32764437e-03
7.39893808e+01 1.66345699e-02 1.31762264e-02 6.84467065e-03 6.21094346e-03 8.07344778e-04 1.86823598e-03
7.67188667e+01 -4.87380122e-02 -9.73383503e-03 -5.72798624e-02 8.86618833e-03 6.42167710e-04 2.29309366e-03
7.94397401e+01 -3.75103646e-02 9.87366417e-03 -5.17581823e-02 5.34068886e-03 5.37774872e-03 6.13107666e-03
8.21653995e+01 1.80135618e-02 3.31432547e-02 -4.53038570e-02 2.40195537e-03 1.15674707e-03 2.74426964e-03
8.48847714e+01 6.81603341e-02 3.73840460e-02 5.95601852e-02 2.04926870e-03 3.96702992e-03 6.99115734e-03
8.76175370e+01 2.01330993e-02 3.41486711e-02 3.92661452e-02 4.96433669e-03 1.31022814e-03 2.94030354e-03
9.03380448e+01 -3.47229464e-02 1.46381680e-02 1.41568006e-02 3.61789453e-03 5.19587235e-03 6.52319873e-03
9.30540808e+01 -2.86220385e-02 1.55423017e-02 -6.83923974e-04 6.95816411e-03 2.32269845e-03 2.47263085e-03
9.57648183e+01 3.78689882e-02 -2.51451167e-02 1.21906813e-02 6.38411156e-03 3.39744256e-03 3.31951014e-03
9.84798276e+01 3.79199033e-02 -7.13118472e-02 1.19307460e-02 2.00498135e-03 2.13024320e-03 4.60036340e-03
1.01191714e+02 2.69937584e-02 -1.14879397e-02 -3.51874275e-02 4.35254824e-03 1.39708686e-03 5.34534101e-03
1.03900917e+02 4.01153703e-02 3.74045091e-02 6.61149196e-02 5.25956430e-03 5.18168460e-04 6.09720873e-03
1.06610964e+02 4.92644452e-02 -2.61311285e-03 1.18128506e-01 9.11524247e-03 1.44040147e-03 5.57941755e-03
1.09328589e+02 1.36197605e-02 3.34827503e-02 4.86644872e-02 5.99621184e-03 8.76476118e-04 9.19219914e-03
1.12038057e+02 3.81179584e-03 -2.34980910e-02 5.35483969e-02 1.77253008e-03 4.79107113e-03 2.40405200e-03
1.14744807e+02 5.65096135e-03 -3.92979037e-02 1.72391968e-02 3.16229794e-03 2.43232402e-03 2.91527945e-03
1.17456635e+02 5.21005693e-02 -8.46139446e-03 -2.77583197e-02 5.74714974e-03 3.02874988e-03 3.75778225e-03
1.20166464e+02 1.08365329e-01 -1.22196140e-02 1.52917806e-02 4.76771260e-03 4.15282282e-03 6.55810120e-04
1.22884667e+02 8.92844964e-02 4.93155085e-03 -1.95280543e-02 8.21587543e-03 2.24215353e-03 5.24640365e-03
1.25602104e+02 2.38671033e-02 -2.27518064e-02 -1.06260744e-01 2.14761407e-03 3.57232028e-03 1.38734883e-03
1.28320667e+02 -3.52334531e-02 -3.14386647e-02 -5.70890013e-02 3.92996006e-03 8.62156352e-04 3.70236139e-03
1.31051667e+02 -9.91749299e-02 -8.49794288e-02 -1.04279750e-02 3.39216427e-03 2.70648818e-03 7.44798993e-03
1.33774932e+02 -9.24911342e-02 -7.72745578e-02 5.98882792e-02 3.29678525e-03 1.33127360e-03 2.62598216e-03
1.36494370e+02 -2.13499828e-02 -3.84627672e-02 7.07458579e-02 9.48656610e-04 1.79390030e-03 4.33729255e-03
1.39207807e+02 2.46407622e-03 -4.63343103e-02 1.70755965e-02 1.55371773e-03 7.34533961e-04 1.79914098e-02
1.41936214e+02 -4.89642064e-02 -7.12393083e-02 -9.96340141e-03 3.08390081e-03 1.64102649e-03 6.30354446e-03
1.44639932e+02 -9.63777940e-04 2.10362657e-04 2.23346461e-02 7.06793355e-04 1.70578920e-03 2.99616770e-03
1.47348964e+02 3.90850780e-02 5.65620776e-02 3.08434501e-02 1.73738802e-03 1.14330245e-03 2.10805924e-03
1.50067479e+02 8.11495185e-03 1.80093767e-02 3.45293161e-02 1.16421264e-03 2.63857945e-03 1.96297271e-03
1.52779807e+02 3.32791239e-03 8.80965445e-03 1.84236635e-02 9.45586898e-04 9.11367823e-04 3.03743884e-03
1.55493776e+02 5.96271434e-04 -4.57258604e-03 5.07609053e-02 1.91389126e-03 1.10317402e-03 1.09578805e-03
1.58196682e+02 2.00720828e-02 2.91046260e-02 6.65682683e-02 1.22008033e-03 6.94581801e-04 3.42946337e-03
1.60911401e+02 -1.04533411e-02 5.35461920e-03 3.67710014e-02 2.30054497e-03 1.24381506e-03 2.27620718e-03
1.63622573e+02 -9.18456880e-03 -1.40261834e-02 6.17677421e-02 9.81053161e-04 2.29812731e-03 5.35514720e-03
1.66343901e+02 3.43344451e-03 1.54744284e-02 3.87909291e-02 2.78362666e-03 1.21017193e-03 2.73774747e-03
1.69059620e+02 -9.47047458e-03 4.01082409e-02 1.10916833e-02 1.09582547e-03 7.28002705e-04 9.80864197e-04
1.71780526e+02 8.02113893e-04 4.98990124e-02 -4.04715845e-02 3.34800694e-03 6.62889959e-04 2.90172560e-03
1.74502432e+02 4.34880053e-03 1.66820345e-02 -4.59121920e-02 1.21503993e-03 2.28027858e-03 2.41666342e-03
1.77217292e+02 -3.86417351e-02 3.57822128e-02 -2.26438032e-02 1.94923587e-03 1.64863672e-03 2.37277913e-03
1.79934307e+02 -3.01558009e-02 2.99451353e-02 -7.69216044e-03 3.89182623e-03 1.54551835e-03 1.78141861e-03
1.82650057e+02 -1.18008491e-02 1.76450282e-02 4.52402491e-02 5.13634884e-03 7.72953485e-04 8.19001389e-04
1.85368573e+02 -2.20143235e-03 1.80740847e-02 4.68773071e-02 4.49331168e-03 1.02019538e-03 2.07832163e-03
1.88087370e+02 -3.47634306e-02 5.07284327e-02 4.07159506e-03 2.36912556e-03 5.71588369e-04 3.34758037e-03
1.90797432e+02 -4.87311328e-02 2.07098418e-02 9.75869970e-03 3.32935641e-03 1.85169162e-03 1.58187795e-03
1.93509135e+02 -1.51236899e-02 8.63863569e-03 8.93307948e-04 2.24337197e-03 2.69680266e-03 1.09298863e-03
1.96222245e+02 -9.08432963e-03 3.09039303e-02 1.27351397e-02 1.93214448e-03 6.07139862e-04 2.44653397e-03
1.98940682e+02 -4.20052715e-04 6.36030649e-02 -3.50118157e-03 2.12544072e-03 1.52590937e-03 3.57182026e-03
2.01656542e+02 2.31935898e-02 3.94906021e-03 -6.06759977e-02 1.76092924e-03 1.14570340e-03 2.83339178e-03
2.04377510e+02 -7.91309082e-03 -1.08765014e-02 -7.81901290e-02 3.46538436e-03 1.76991237e-03 3.91395185e-04
2.07094604e+02 -3.42897059e-02 2.42255887e-02 -6.88363416e-02 1.95217531e-03 2.18266991e-03 1.38526152e-03
2.09806807e+02 -5.62025555e-02 2.44167535e-02 -4.09818975e-03 2.64240421e-03 2.22013765e-03 1.46924594e-03
2.12534370e+02 -5.59941490e-02 3.71825958e-02 -7.80245975e-03 2.16508282e-03 9.82758566e-04 3.70978604e-03
2.15251698e+02 -1.47711918e-02 6.93583824e-02 -2.23037564e-02 2.19977444e-03 1.12557472e-03 4.50561515e-03
2.17978385e+02 1.98653978e-03 6.43633064e-02 -6.46204427e-02 1.98632786e-03 1.80542785e-03 2.06830476e-03
2.20690292e+02 -3.55181738e-02 4.74764608e-02 -7.17267786e-02 1.49458885e-03 9.25122103e-04 3.58305459e-03
2.23411573e+02 -5.88295716e-02 7.93876607e-03 -3.17301696e-02 3.47138022e-04 6.99735781e-04 5.33141042e-03
2.26126448e+02 -4.47005486e-02 -3.87885716e-02 -1.50407170e-03 4.97568322e-03 2.53383508e-03 2.88951297e-03
2.28830323e+02 -2.03478829e-02 -7.16763325e-03 2.16406342e-02 1.75237688e-03 1.99310379e-03 2.39611238e-03
2.31542807e+02 -3.15949475e-02 1.59920189e-02 1.37825267e-02 2.78444168e-03 1.34462662e-03 4.66440112e-03
2.34256432e+02 -2.34846565e-03 2.50036865e-02 3.63139187e-02 2.82567077e-03 2.03283430e-03 1.75813080e-03
2.36977698e+02 -4.46400514e-03 2.86933120e-02 2.48041671e-02 3.42804197e-03 1.44404564e-03 2.11688981e-03
2.39691682e+02 4.88378089e-03 5.85310956e-02 -1.22723694e-02 4.03902334e-03 1.16140089e-03 4.66864751e-03
2.42407792e+02 1.96974807e-02 7.62554575e-02 -3.20366158e-02 2.02855828e-03 4.47773547e-03 4.21039816e-03
2.45129479e+02 -1.22419057e-02 8.35324797e-02 -1.95326916e-02 1.37804547e-03 1.90323630e-03 1.38324051e-03
2.47845120e+02 1.19575261e-02 -2.55512858e-02 -1.21351664e-02 6.51912253e-04 1.05321251e-03 1.28215432e-03
2.50555932e+02 4.46837171e-02 -1.36473407e-02 -8.89488699e-03 1.81121810e-03 2.01456054e-03 3.92665717e-03
2.53278839e+02 6.41137798e-03 -1.18880375e-02 -2.20471647e-02 1.57262041e-03 8.04187118e-04 2.25166726e-03
2.55997964e+02 -2.37032453e-02 -1.94163372e-02 4.45456960e-02 8.17835627e-04 1.36911749e-03 1.99741785e-03
2.58704745e+02 2.52985075e-03 -2.59874642e-02 4.67255639e-02 3.24829304e-03 1.06814932e-03 1.46571197e-03
2.61424589e+02 3.03601213e-02 4.19676526e-03 2.44320780e-02 1.80435366e-03 4.19452643e-03 3.19798308e-03
2.64152854e+02 1.47480904e-02 -9.67026378e-03 -5.46418861e-03 1.53408318e-03 2.56219950e-03 5.34388671e-03
2.66872573e+02 -8.90744970e-03 -4.11795551e-02 5.86719065e-03 1.75417744e-03 3.66596123e-03 4.05240281e-03
2.69578495e+02 -2.07387713e-02 -2.23690675e-02 6.86008799e-03 5.26856477e-03 3.65589015e-03 4.29703359e-03
