6.66675293e-01 -2.99767730e-02 2.62286593e-02 -2.66086176e-02 1.72780215e-03 1.81526804e-03 3.09246732e-03
3.37907349e+00 6.20635324e-03 1.84053648e-02 -4.40834256e-02 3.17968821e-03 3.14140311e-03 1.96928590e-03
6.09574458e+00 2.48296982e-02 1.67337527e-02 1.06452421e-02 7.32083590e-03 7.87812374e-04 4.09156866e-03
8.81217317e+00 4.63092448e-02 -2.63095529e-02 1.73653191e-02 7.28976675e-03 1.48788622e-03 5.99053610e-03
1.15271055e+01 2.55720940e-02 -2.72672436e-02 7.71874112e-03 5.63308642e-03 2.11073075e-03 5.87344527e-03
1.42487430e+01 1.04312201e-02 8.57900920e-03 -7.08841207e-02 3.70538508e-03 8.72356253e-03 8.70929557e-03
1.69671915e+01 -1.66854648e-02 -4.27445762e-03 -3.54165305e-02 6.77363186e-03 1.46002558e-03 4.80484580e-03
1.96931321e+01 -6.16311009e-02 -2.70026854e-02 -1.77026996e-02 1.58666449e-03 3.61570694e-03 3.46993851e-03
2.24059352e+01 -5.27672640e-02 -2.93005647e-02 2.42218995e-02 1.23449276e-03 8.91226753e-04 2.37421089e-03
2.51293415e+01 -5.52342947e-02 -7.25802107e-02 2.92881871e-02 4.11674644e-03 1.28607766e-03 1.93949001e-03
2.78457446e+01 -2.34819943e-02 -2.26341762e-02 2.47469660e-02 2.89149266e-03 8.41093313e-04 4.62510521e-03
3.05477430e+01 2.41191477e-02 -2.29045423e-02 4.32292109e-02 2.95077242e-03 2.00198537e-03 1.97833063e-03
3.32674461e+01 -1.76192848e-02 3.50183184e-02 2.95251233e-02 3.02275767e-03 8.50763722e-04 2.61048369e-03
3.59806649e+01 -4.98411626e-02 -1.40401589e-02 9.74417806e-03 3.87405822e-04 1.19895355e-03 6.40458426e-03
3.86914711e+01 -1.55537171e-02 2.44461249e-02 4.91791959e-03 1.94690387e-03 1.44942290e-03 4.11170271e-03
4.14089055e+01 1.93152737e-02 -1.08884735e-02 -2.19468595e-02 2.37558945e-03 3.39026740e-04 4.04907612e-03
4.41230915e+01 -7.16675483e-03 -2.30353959e-02 -7.89433267e-03 2.20392551e-03 1.15703740e-03 7.95378667e-03
4.68417508e+01 -2.35449573e-02 -2.48942388e-02 -6.84515222e-02 2.38150794e-03 1.38710335e-03 3.81285667e-03
4.95474665e+01 8.29558527e-03 8.74483247e-03 -7.62831501e-02 7.61581110e-03 9.25586997e-04 6.87124967e-03
5.22636836e+01 1.36399294e-02 5.72876166e-02 -8.47174900e-02 1.62068017e-03 2.31871972e-03 6.07710996e-03
5.49876961e+01 5.46911815e-03 1.49600825e-02 -1.03230492e-01 2.94910461e-03 1.23233591e-03 7.05709164e-04
5.77064758e+01 2.51297722e-02 2.10534451e-02 -8.06394686e-02 5.01863130e-03 1.31700268e-03 2.52073755e-03
6.04349461e+01 1.16954631e-02 -8.35889652e-03 3.76089078e-02 3.79738312e-03 1.18921213e-03 2.65997723e-03
6.31529961e+01 3.67907997e-02 4.25845756e-03 3.33876550e-02 1.57763042e-03 2.42602558e-03 2.12200613e-03
6.58739258e+01 5.39339175e-02 -1.17507029e-02 9.54518141e-03 2.40989298e-03 3.14446558e-03 1.59888846e-03
6.85919071e+01 4.89333588e-02 -4.19303252e-02 -3.18939343e-02 3.08080905e-03 6.18392922e-04 5.65360843e-03
7.13163618e+01 4.38267586e-02 -6.08937450e-03 -4.66003907e-02 5.87856546e-03 4.01715914e-03 1.13217915e-03
7.40471993e+01 5.41927874e-02 7.30159948e-03 -9.13140975e-04 4.28229174e-03 2.76002227e-03 6.73348090e-03
7.67662024e+01 6.80132288e-02 5.45375533e-02 7.64855255e-02 4.98005481e-03 5.37037549e-04 4.45628096e-03
7.94806336e+01 3.63304465e-02 5.25179663e-02 8.05229701e-02 5.33366878e-03 2.25055824e-03 1.81206339e-03
8.21998305e+01 -8.35716531e-03 4.26873819e-02 5.87920860e-02 3.53168069e-03 1.61790838e-03 5.24234258e-03
8.49025946e+01 3.67186062e-02 3.78952703e-02 6.72892643e-02 1.60796839e-03 3.73070252e-03 8.33541263e-03
8.76197493e+01 -6.95798029e-03 -4.52656426e-03 6.53487700e-02 3.54381413e-03 1.89338807e-03 5.85160721e-03
9.03282415e+01 -1.85291076e-02 -3.39828728e-02 4.57767389e-02 1.34597655e-03 5.07277623e-04 4.56172375e-03
9.30417665e+01 -1.13429765e-02 -9.76273845e-02 -1.52588913e-02 4.45203180e-03 2.41110361e-03 2.37004056e-03
9.57569071e+01 -4.01697113e-02 -7.04663827e-02 -1.99422733e-02 2.32295728e-03 2.44759280e-03 3.23204275e-03
9.84726790e+01 -2.58234696e-02 -2.15688808e-02 -3.98107517e-02 4.72878859e-03 2.67287763e-03 1.56486825e-03
1.01189538e+02 -2.00021166e-02 -3.51362523e-02 -3.58310220e-02 3.43585837e-03 1.24346600e-03 1.95674887e-03
1.03901663e+02 3.47234880e-02 2.71643882e-02 -1.39900579e-02 7.26083824e-03 9.10633122e-04 5.57691759e-04
1.06612538e+02 4.87245713e-02 7.16945930e-03 3.89670641e-02 3.83709265e-03 4.34801090e-03 2.54291825e-03
1.09322913e+02 3.27380065e-02 -1.66807092e-02 2.32115019e-02 4.54666018e-03 1.71483326e-03 4.45053973e-03
1.12030538e+02 5.90361378e-02 -1.74734491e-02 -9.18277540e-03 6.58092687e-03 2.62218525e-03 2.25650798e-03
1.14745570e+02 -1.17879948e-02 -1.74004240e-02 4.80282229e-03 5.29661994e-03 2.72456998e-03 5.99690057e-03
1.17461773e+02 -4.93981743e-02 -2.05266493e-02 2.50079133e-02 8.45824265e-03 1.39916882e-03 6.05888532e-03
1.20178491e+02 -3.39855056e-02 -6.88554709e-02 -2.72467548e-02 9.63121328e-03 2.69633747e-03 5.79187683e-03
1.22894820e+02 -3.04820279e-02 -1.15023326e-02 -2.10190299e-02 9.33142288e-03 1.85430474e-03 8.02797634e-03
1.25607679e+02 3.21781654e-02 -4.36055231e-02 -1.23751895e-02 1.96568157e-03 1.73078250e-03 4.16221137e-03
1.28319366e+02 5.33637057e-02 -8.81886130e-02 -1.26871134e-02 1.88333461e-03 6.23273846e-04 1.57684492e-03
1.31041820e+02 -3.12340215e-02 -6.57744821e-03 6.83334901e-02 2.10785918e-03 1.12292839e-03 4.43255394e-03
1.33754648e+02 -2.19616371e-02 -4.34399867e-02 4.71397662e-02 4.59535111e-03 2.51100965e-03 3.02098102e-03
1.36470616e+02 3.03416691e-03 -2.39710074e-02 -4.33521914e-04 4.12486812e-03 1.08109237e-03 6.73508182e-03
1.39188210e+02 -5.27160603e-02 2.45908421e-02 2.44063726e-02 1.24902512e-02 1.64749953e-03 3.17548730e-03
1.41911210e+02 -1.09757446e-01 -2.54736359e-02 -2.30768590e-02 7.63238190e-03 1.54962455e-03 4.57923523e-03
1.44622570e+02 -7.58829309e-02 -5.51749291e-03 -2.63707828e-02 3.03453827e-03 1.55317353e-03 2.48104498e-03
1.47331835e+02 -1.60351750e-02 -1.78737811e-03 2.67173938e-03 1.80632913e-03 5.97100583e-04 1.76586313e-03
1.50051898e+02 5.32569897e-04 -4.97369287e-02 -1.18976089e-02 1.97264075e-03 1.46830026e-03 1.00325196e-03
1.52769273e+02 6.29929932e-03 -3.24525487e-02 8.25471599e-03 8.14010200e-04 3.51922035e-03 1.89819417e-03
1.55485788e+02 -1.70638685e-02 -3.61542864e-02 1.54477063e-02 1.08474384e-03 1.91116664e-03 2.07722277e-03
1.58204960e+02 9.67817726e-03 -4.25917217e-02 3.80869674e-02 3.16598580e-03 3.00273524e-04 3.33077392e-03
1.60919710e+02 1.75746786e-02 2.38694067e-02 3.93248942e-02 3.06898778e-03 2.54896833e-03 2.43272515e-03
1.63633695e+02 4.53102735e-02 4.32210150e-02 7.56160541e-03 2.90179986e-03 2.01156316e-03 1.28836090e-03
1.66353960e+02 2.69724299e-02 1.74655687e-02 -4.38121890e-03 4.45329967e-04 1.97634049e-03 3.76704673e-03
1.69068804e+02 1.01674208e-02 6.08018833e-02 2.96528005e-02 3.53513936e-03 1.48371887e-03 2.42554340e-03
1.71788851e+02 2.27402881e-02 5.76145454e-02 2.93373865e-02 2.57564752e-03 1.47006289e-03 2.35045919e-03
1.74506663e+02 1.43950409e-02 2.68891073e-02 3.17875935e-02 2.56911868e-03 1.26977686e-03 2.47942585e-03
1.77226148e+02 1.29262442e-02 -2.64465424e-02 2.21185955e-02 1.52863071e-03 7.24898617e-04 1.23141844e-03
1.79933663e+02 -3.96750857e-03 5.76881780e-02 6.58775471e-02 4.14258895e-03 3.33985757e-03 2.13219842e-03
1.82642491e+02 9.39498836e-03 4.87237599e-02 4.71646044e-02 1.27789096e-03 1.32701500e-03 8.67050511e-04
1.85364038e+02 -1.43261581e-02 6.41817748e-02 -3.53568792e-02 6.64570835e-04 5.55707236e-04 1.50378342e-03
1.88083773e+02 -2.63923997e-02 -1.49860413e-03 -9.48178255e-02 3.21257399e-04 6.07186777e-04 9.64922316e-04
1.90806663e+02 -4.96232459e-02 -1.99793140e-02 -1.00922035e-01 7.86730579e-04 3.29667107e-03 9.53187522e-04
1.93532320e+02 -6.28100424e-02 -9.98185788e-05 -6.10046533e-02 5.55809774e-04 1.73742323e-03 4.41097501e-03
1.96246148e+02 -3.74596671e-02 3.22582772e-02 -5.97014405e-02 3.72215662e-03 4.90460246e-03 7.14513920e-03
1.98963132e+02 -2.99444897e-02 3.40380955e-02 -6.39673259e-02 3.64955292e-03 1.20696883e-03 7.29091116e-03
2.01680304e+02 -8.10295855e-03 4.18868841e-02 -5.64229652e-02 5.49958697e-04 1.41905190e-03 3.14827673e-03
2.04399007e+02 -1.83020766e-03 7.56948203e-02 -4.30629367e-02 8.72691194e-04 1.44851746e-03 1.31504381e-03
2.07125304e+02 -3.47925050e-03 6.35486572e-02 -8.35304071e-03 4.59845471e-03 1.73825509e-03 1.42618622e-03
2.09831648e+02 6.57654473e-03 1.19504957e-02 -1.34863111e-02 1.73738359e-03 2.96915070e-03 1.14451252e-03
2.12543366e+02 3.53136363e-02 -4.68749819e-02 -1.13663294e-02 2.52133625e-03 2.10091068e-03 9.20772745e-04
2.15256648e+02 3.30015301e-02 -1.06861876e-02 -1.64943876e-02 4.63435902e-03 1.27257288e-03 1.97316867e-03
2.17967898e+02 9.25315155e-03 -3.25283149e-02 -4.86785975e-02 2.16639475e-03 5.08159342e-04 1.86159772e-03
2.20689023e+02 2.16400625e-03 3.95198267e-02 -5.34116269e-02 2.51109177e-03 5.56917679e-04 2.70975372e-03
2.23399788e+02 -1.18718786e-02 6.82045335e-02 -1.92133491e-02 1.37479179e-03 4.36822353e-03 3.73774074e-03
2.26123148e+02 -1.60011776e-02 5.32639650e-02 -4.45471936e-02 1.19104347e-03 1.26367597e-03 4.60322497e-03
2.28837741e+02 3.54529576e-03 -1.25834912e-02 -3.53725769e-02 1.76992430e-03 4.71412634e-04 4.51400923e-03
2.31548773e+02 1.05289811e-02 -1.01255786e-02 -1.82066094e-02 1.57368180e-03 4.31071154e-04 6.65272324e-04
2.34273398e+02 -2.61756766e-02 -9.89668005e-03 -2.23211153e-02 9.32935647e-04 4.52095212e-03 9.39948105e-04
2.36982085e+02 -2.85021000e-02 4.27863060e-02 -9.97588416e-03 2.18209911e-03 2.30673796e-03 5.98282753e-04
2.39687601e+02 6.45593494e-03 1.19027026e-02 -4.41771141e-03 3.60378993e-03 9.30122457e-04 1.43035883e-03
2.42396585e+02 2.33975646e-02 1.96225089e-02 1.99625521e-02 1.50334209e-03 3.56691831e-03 1.22891659e-03
2.45109257e+02 3.31825043e-02 -4.24474199e-02 4.53784147e-02 2.90819096e-03 1.59992000e-03 3.34954617e-03
2.47822054e+02 2.85102626e-02 2.73503243e-02 4.40302363e-02 2.44624614e-03 3.91134718e-03 4.17817748e-03
2.50535507e+02 2.29087268e-02 2.22115968e-02 4.77505677e-02 1.57713644e-03 6.09549259e-04 1.97463119e-03
2.53258585e+02 7.33948825e-03 3.84381492e-02 2.91213165e-02 2.12144711e-03 8.96026207e-04 2.02494354e-03
2.55972898e+02 -1.06619604e-02 5.35215242e-03 7.17819989e-03 1.42715872e-03 7.15616219e-04 2.44791064e-03
2.58689710e+02 -2.24015263e-03 2.15453955e-02 1.56176132e-02 3.19229429e-03 6.84933952e-04 3.47810662e-03
2.61400132e+02 3.35549018e-02 -1.69163148e-02 4.58043735e-02 1.53071689e-03 3.55471680e-03 1.95394375e-03
2.64113523e+02 7.08301897e-02 -2.61770673e-02 9.97590566e-03 3.18131832e-03 1.71569513e-03 2.58366934e-03
2.66830570e+02 4.43098057e-02 1.08093753e-02 2.22136421e-03 2.08745296e-03 2.76040784e-03 2.12969971e-03
2.69542672e+02 3.17468339e-02 -8.04740069e-03 7.66300767e-03 2.61836119e-03 5.74751994e-04 1.92879584e-03
