6.70370459e-01 -6.35130569e-02 6.28104642e-02 4.90550622e-02 3.75546756e-03 4.03380390e-03 3.83372329e-03
3.38518910e+00 -1.77401281e-02 4.66100377e-02 7.22029805e-02 4.64705808e-03 2.20241875e-03 6.03958518e-03
6.09441723e+00 4.76612285e-02 9.88770181e-03 -2.56294147e-02 3.23678029e-03 1.85463354e-03 3.07818307e-03
8.81152895e+00 1.31785812e-02 -1.17292561e-02 -3.64045345e-02 9.30768373e-03 2.84945287e-03 3.83528701e-03
1.15209283e+01 -2.48720573e-02 2.41173350e-02 1.62089354e-02 4.04471840e-03 6.38984519e-03 3.24745517e-03
1.42403471e+01 -6.90607542e-02 4.09334145e-03 -1.92860936e-04 5.77028304e-03 2.20851169e-03 1.61606902e-03
1.69663393e+01 -5.05748101e-02 6.39393938e-02 2.77418156e-02 3.93667329e-03 6.98655664e-04 3.56378685e-03
1.96845705e+01 -3.17826740e-02 2.41485317e-02 3.37971645e-02 6.80736027e-03 1.68988022e-03 1.03987018e-02
2.24142689e+01 -4.63127342e-02 5.14011476e-03 5.21547786e-02 3.03415225e-03 3.88946454e-03 4.45877755e-03
2.51213268e+01 1.33141899e-02 -2.04357996e-02 1.04837181e-01 1.98095857e-03 9.85328943e-04 6.26191308e-03
2.78425877e+01 6.87815374e-03 -5.54373502e-02 3.74565446e-02 2.64843395e-03 2.60097758e-03 1.04800185e-02
3.05609768e+01 -1.46017122e-02 -1.98022453e-02 2.94121542e-02 2.52548358e-03 3.45697312e-03 3.93318978e-03
3.32701611e+01 -1.44951446e-02 3.77888559e-02 2.36177552e-02 2.02047754e-03 1.00096194e-03 3.45959226e-03
3.59811143e+01 1.64943170e-03 5.99799211e-02 2.18783097e-02 3.94382010e-03 2.18200794e-03 1.97762253e-03
3.86903924e+01 2.56287627e-02 6.99897878e-02 5.43265696e-02 2.59477472e-03 1.58851129e-03 5.13433506e-03
4.14067471e+01 1.87974428e-02 2.26807349e-02 2.01026909e-02 9.12801942e-04 1.28064066e-03 3.76510047e-03
4.41228658e+01 1.25400074e-02 9.93845056e-03 -2.17167774e-02 3.21292124e-03 9.11081682e-04 3.60907333e-03
4.68384002e+01 -1.80705061e-02 5.14513072e-02 -2.41725822e-02 3.06721622e-03 8.11191340e-04 4.33023905e-03
4.95582205e+01 -2.93591893e-02 1.66609353e-02 -3.22878383e-02 1.09443415e-03 1.42411903e-03 1.27837660e-03
5.22789830e+01 -2.82824932e-02 5.65696490e-02 -4.66954476e-02 4.54067919e-03 7.12784806e-04 1.87270645e-03
5.49913127e+01 2.50971456e-02 5.91659275e-02 -6.71686328e-02 5.88929246e-03 1.52733050e-03 8.54683200e-03
5.77158955e+01 4.06777433e-02 4.23586636e-02 -6.02427960e-02 4.85550947e-03 1.93635145e-03 1.79606129e-03
6.04320877e+01 6.86128441e-02 2.07459822e-02 -4.06377494e-02 1.55940048e-03 1.72897489e-03 1.68571263e-03
6.31482502e+01 1.18028788e-01 -2.05513818e-02 1.10577258e-02 4.70557934e-03 1.23280284e-03 4.19827737e-03
6.58738252e+01 7.97466892e-02 7.98726504e-03 5.52621442e-02 3.88013464e-03 1.66718741e-03 3.41709101e-03
6.85952924e+01 9.27107254e-03 2.30840512e-02 3.51764984e-02 3.92947832e-03 5.10752853e-03 1.39312531e-03
7.13187346e+01 -6.95439685e-03 -9.40352961e-03 -6.11528504e-02 3.31670796e-03 1.75270703e-03 3.84058462e-03
7.40327221e+01 3.18057944e-02 6.64184574e-03 -1.71589915e-02 4.80140273e-03 1.52501910e-03 2.95527788e-03
7.67533049e+01 4.41251988e-02 1.62986244e-02 -3.85354481e-03 6.67583952e-04 1.09327150e-03 8.71402827e-04
7.94773611e+01 1.33642846e-03 -1.50795308e-02 -4.25239125e-02 1.91414462e-03 9.07608175e-04 9.01447956e-03
8.21971143e+01 -1.38204078e-02 6.98228908e-02 -5.62245970e-02 8.28428032e-03 4.09339640e-03 4.85919609e-03
8.49139721e+01 -2.24717448e-02 3.63962441e-02 5.07210015e-02 2.16389708e-03 9.57866015e-03 4.67901584e-03
8.76244377e+01 -4.62194461e-03 -2.58618074e-02 1.06450568e-01 1.83528195e-03 1.52038128e-03 4.30601729e-03
9.03414330e+01 -3.40794414e-02 -3.58649691e-02 4.52434414e-02 1.25662731e-03 2.13852775e-03 4.17379157e-03
9.30482783e+01 -2.10605594e-02 -3.19728048e-02 3.00974564e-02 3.72015172e-03 5.88270930e-04 5.67005719e-03
9.57545658e+01 6.53029327e-03 -6.28530661e-02 3.49644014e-02 2.76465409e-03 3.28905463e-04 1.28818211e-02
9.84700143e+01 -2.43388379e-02 -5.31575155e-02 2.13154571e-02 7.45024445e-04 2.94526680e-03 5.96011811e-03
1.01191239e+02 -4.60543788e-02 1.65115697e-02 -1.75811028e-02 4.05165733e-03 7.01239637e-03 5.59468228e-03
1.03908614e+02 -3.68450996e-02 2.91106086e-02 -4.79818552e-02 5.22571731e-03 1.03078420e-03 1.50118120e-03
1.06623864e+02 -6.94927213e-03 -2.02439254e-02 -2.70756478e-02 6.85168255e-03 2.23741630e-03 1.69627575e-03
1.09334677e+02 -4.89183200e-04 -2.58189791e-02 -4.02146628e-02 5.67738701e-03 1.41838319e-03 3.17084361e-03
1.12035896e+02 -6.05887763e-03 3.23205863e-03 -7.15574739e-03 1.82134436e-03 2.71946817e-03 4.00344503e-03
1.14749052e+02 -3.39351742e-02 5.70517293e-02 -4.77752135e-02 4.10590377e-03 1.84463257e-03 6.10856034e-03
1.17461364e+02 -4.14027997e-02 5.97602222e-02 -3.94921462e-02 2.02275543e-03 1.89844270e-03 7.38536171e-03
1.20172786e+02 -7.68301992e-03 -3.72094411e-02 -9.20574209e-03 3.84152558e-03 5.60508458e-03 7.73395349e-03
1.22890864e+02 -4.34239816e-02 -4.82484760e-02 -7.09067504e-02 1.45244674e-03 1.89584697e-03 1.61664085e-03
1.25609021e+02 -8.03808472e-02 -4.81367823e-02 -3.18797648e-02 4.28492709e-03 1.69376466e-03 2.24005650e-03
1.28326177e+02 -3.60230739e-02 -5.95950805e-02 3.52017471e-02 3.75692382e-03 3.49057161e-03 1.94291432e-03
1.31036817e+02 1.82190171e-02 -3.71049955e-02 8.10019392e-02 4.92419176e-03 5.10012595e-03 1.21541900e-02
1.33755146e+02 1.24377133e-02 -3.20569311e-02 7.12154842e-02 3.62275079e-03 1.46765404e-03 5.60452420e-03
1.36466427e+02 5.30162528e-02 1.67401887e-02 4.09704789e-02 5.85906020e-03 4.19292228e-03 3.97595143e-03
1.39196021e+02 -4.77306596e-02 3.78714024e-02 -1.35717526e-02 1.40698802e-02 3.43129885e-03 3.38348033e-03
1.41914583e+02 -9.37376675e-02 -6.12573013e-03 -3.81391738e-02 7.86255547e-03 3.42213892e-03 9.70014736e-04
1.44626364e+02 -1.28171572e-02 -3.87855975e-02 -3.24453908e-02 4.70913425e-03 1.69708734e-03 2.33027657e-03
1.47345224e+02 9.10656092e-03 -1.40353529e-02 2.25787740e-02 2.94522461e-03 2.12319330e-03 3.06376027e-03
1.50053005e+02 2.11131071e-02 -6.62296491e-02 9.73557548e-02 3.46652387e-03 7.02909588e-04 2.73927044e-04
1.52769396e+02 2.82048932e-03 -3.24880678e-02 6.74837831e-02 3.49494167e-03 1.74648940e-03 4.54800315e-03
1.55483942e+02 4.99384538e-03 -1.68029037e-02 2.02644743e-02 5.05826176e-03 2.27826535e-03 1.11566373e-03
1.58207942e+02 1.43116572e-02 -1.55133297e-02 9.49153748e-03 1.91304667e-03 1.77674666e-03 3.50404585e-03
1.60918474e+02 -5.50183348e-03 3.00505280e-03 3.15111774e-02 1.51449336e-03 3.86293438e-03 2.55803067e-03
1.63640536e+02 -5.21225963e-03 3.70601530e-02 -2.78656214e-03 7.26355455e-04 1.24622743e-03 4.57809101e-03
1.66349474e+02 -8.56827801e-03 4.94081068e-02 1.02725170e-02 8.40481591e-04 2.45035619e-03 3.19589464e-03
1.69070489e+02 -2.15409627e-02 -2.01785719e-03 1.48169089e-02 3.00588643e-03 3.91946471e-03 2.37713234e-03
1.71794989e+02 -8.21066279e-03 3.40259489e-02 1.34759090e-02 4.79976712e-04 4.15536725e-04 2.23762708e-03
1.74510192e+02 -1.11410553e-02 2.82761234e-02 5.55828389e-02 1.93779662e-03 9.91132046e-04 2.60673435e-03
1.77226739e+02 -4.23569451e-02 -5.03314420e-03 3.18833303e-02 5.10983707e-03 8.89663666e-04 3.68022002e-03
1.79948130e+02 -5.19555154e-02 1.61048956e-02 -6.03358493e-03 3.54180463e-03 7.54941661e-04 3.53022221e-03
1.82656021e+02 -3.80955367e-02 2.84512825e-02 5.86747819e-03 9.56753901e-04 9.45956072e-04 1.37334492e-03
1.85366958e+02 -2.15929137e-02 -8.28408377e-03 -1.84535706e-02 1.39472790e-03 8.93827409e-04 4.88430858e-03
1.88088021e+02 -3.69774568e-02 -2.49058159e-03 -9.68478823e-02 4.31581272e-03 3.31515503e-03 5.04432693e-03
1.90804239e+02 -5.15181871e-02 -6.16376830e-02 -1.11592883e-01 1.56533356e-03 1.68859206e-03 4.95934582e-04
1.93530802e+02 -2.79525581e-02 -5.82810505e-02 -6.14544652e-02 3.63568237e-03 1.75261981e-03 1.78274255e-03
1.96251130e+02 -4.89843572e-03 -4.83627484e-02 -4.57156424e-02 3.07643279e-03 8.36705768e-04 5.53960296e-03
1.98963505e+02 1.75051972e-03 2.92615945e-02 -2.92068526e-02 2.15379438e-03 1.85620901e-03 1.12220607e-03
2.01680396e+02 8.33628320e-03 5.52501516e-03 1.53918570e-02 3.18492291e-03 8.28981899e-04 1.45757593e-03
2.04406567e+02 -1.02410156e-02 3.05569767e-02 1.89229641e-02 2.04437109e-03 3.97536179e-04 2.15524971e-03
2.07119911e+02 2.19033260e-03 1.82821185e-02 2.28157846e-03 1.79277899e-03 7.05458638e-04 3.63099099e-03
2.09839380e+02 2.94902951e-02 3.54163009e-02 -2.02106630e-03 1.06292154e-03 2.04561885e-03 1.85988555e-03
2.12553583e+02 1.68984740e-02 2.24887795e-02 -2.38836970e-02 7.91117640e-04 1.83690383e-03 1.86933249e-03
2.15269286e+02 9.23418087e-03 1.11147953e-02 -2.99473347e-02 1.73268056e-03 2.05326691e-03 3.20487011e-03
2.17981552e+02 -1.14566772e-02 3.64927804e-02 -8.22842440e-02 2.28023093e-03 1.42360480e-03 4.09482429e-03
2.20702427e+02 -5.10838652e-02 5.93707839e-02 -1.01369789e-01 4.82845529e-03 9.17611278e-04 8.17404533e-03
2.23413036e+02 -3.24840819e-02 5.99581265e-02 -6.67044233e-02 1.39610077e-03 8.20312399e-04 3.90657480e-03
2.26129755e+02 -2.33390615e-02 1.62584461e-02 -4.20297467e-03 2.55475501e-03 2.17277236e-03 4.10194085e-03
2.28839692e+02 -1.14986491e-02 2.05951323e-02 2.27542787e-02 1.38882970e-03 3.59429132e-03 2.49742432e-03
2.31555271e+02 1.45319771e-02 -6.90026229e-02 1.11262919e-02 2.25360692e-03 8.23775865e-04 2.01287913e-03
2.34266817e+02 1.61122839e-02 -8.71604189e-02 4.94507018e-02 1.96515411e-03 1.41298856e-03 5.08234415e-04
2.36984364e+02 9.66604434e-03 -2.74060262e-02 4.73011112e-02 7.73437511e-04 1.55332943e-03 2.66502612e-03
2.39688474e+02 1.43249473e-03 4.43805442e-02 3.40776126e-02 1.55854071e-03 3.33315250e-03 2.72834177e-03
2.42401036e+02 1.40105483e-02 3.91633962e-02 -2.30877896e-03 5.13577658e-03 1.12056726e-03 9.27300952e-04
2.45115755e+02 -7.08418096e-03 1.31091436e-02 -7.83775496e-03 2.93074385e-03 1.17465075e-03 3.53292279e-03
2.47832271e+02 1.28165069e-02 2.63670423e-03 3.88745674e-02 2.14975898e-03 3.01505223e-03 6.08518179e-03
2.50543364e+02 2.94789575e-02 7.03487747e-02 1.17615191e-02 2.17361086e-03 1.65246109e-03 8.20905018e-03
2.53256817e+02 -1.00442330e-02 -1.37266600e-02 -1.45040204e-02 3.49970852e-03 2.76084621e-03 1.09545014e-03
2.55978161e+02 -9.27948464e-03 1.72438909e-04 -1.52654316e-02 2.85600883e-03 3.17984425e-03 1.91704002e-03
2.58690021e+02 -2.26578167e-03 -3.74994933e-02 8.29852537e-03 1.20771138e-03 2.76738735e-03 8.10297199e-04
2.61413036e+02 -1.64552855e-03 -4.15717002e-02 -9.37461099e-03 4.92458114e-03 1.78158510e-03 1.23181107e-03
2.64125989e+02 1.93637170e-03 -1.61656349e-02 -1.10010971e-02 8.22401254e-03 3.39796634e-03 2.07692495e-03
2.66838130e+02 -1.13476310e-02 3.06725937e-02 3.41769775e-03 4.22237056e-03 2.46703387e-03 1.76459273e-03
2.69555939e+02 -3.98555860e-02 7.39015463e-02 3.23895401e-02 6.08827463e-03 3.57393311e-03 1.67421885e-03
