6.62931432e-01 -2.85360258e-02 7.81755790e-03 -1.10500813e-02 3.16745556e-03 4.82050211e-04 2.21192233e-03
3.37936821e+00 -1.80456996e-02 6.32459975e-02 -2.77306299e-03 4.15690322e-03 4.16682091e-03 9.96084755e-04
6.09962461e+00 -2.48034407e-02 5.01181239e-02 5.72089216e-02 5.70273362e-03 1.36989843e-03 5.00367009e-03
8.81412524e+00 -8.11668008e-03 2.57994371e-02 4.88691730e-02 5.01088305e-03 1.26037390e-03 3.61844739e-03
1.15294940e+01 -9.30101857e-03 3.62699428e-02 1.56256892e-02 1.59287545e-03 1.71434461e-03 4.44989567e-03
1.42382315e+01 1.57324578e-02 3.82534565e-03 7.20749622e-03 3.93800410e-03 3.49782311e-03 1.52726728e-03
1.69561440e+01 4.35917468e-02 -3.25585892e-04 2.56915067e-04 4.34400044e-03 8.56362924e-04 9.29802670e-04
1.96716565e+01 3.33721695e-02 1.68752056e-02 4.38233535e-02 4.13234706e-03 2.65566695e-03 2.55488172e-03
2.23871096e+01 4.25323690e-02 4.80330046e-02 3.66134635e-02 6.82444521e-03 4.96076131e-04 1.98839259e-03
2.51023940e+01 1.60214781e-02 5.47733187e-02 -2.98780526e-03 6.54539731e-03 1.48559115e-03 7.40880471e-03
2.78170940e+01 -2.23662320e-03 1.95148846e-02 -3.10718592e-02 3.50612221e-03 2.23840654e-03 4.12685791e-03
3.05413284e+01 -6.14394935e-02 -1.61505747e-02 -4.52614930e-02 2.93953287e-03 1.95491093e-03 5.69362108e-03
3.32629362e+01 -6.36364010e-02 -4.25307675e-03 -4.20269178e-02 6.24562547e-03 3.39971422e-03 5.60725014e-03
3.59842455e+01 -6.14650273e-02 -6.10638336e-03 -4.70034120e-02 3.87678203e-03 1.77219364e-03 5.08284781e-03
3.87056831e+01 -5.12838972e-02 1.44819169e-02 -7.99686960e-02 2.61030445e-03 3.49105494e-04 5.57024357e-03
4.14393018e+01 -4.18961713e-02 4.38744075e-02 -4.56914966e-02 5.38947833e-03 7.45155937e-04 5.07083474e-03
4.41584284e+01 -1.32623642e-02 2.98807920e-02 1.22724037e-03 2.88965710e-03 5.59000453e-04 5.48897801e-03
4.68671393e+01 2.31910119e-02 6.21597751e-02 7.60542246e-03 3.32644006e-03 2.04019972e-03 7.47485569e-03
4.95866455e+01 -7.75376571e-04 1.58502719e-02 -3.11957563e-02 1.46071415e-03 7.44715061e-04 1.08083677e-02
5.23053877e+01 -2.37865224e-02 6.57923280e-03 -6.68578266e-02 2.91164824e-03 1.27904356e-03 1.27322589e-02
5.50189581e+01 -2.59526741e-02 1.65951897e-03 -4.46430622e-02 7.53081898e-03 1.57708074e-03 3.25342235e-03
5.77299596e+01 -4.48885636e-03 7.09526865e-02 1.03837115e-02 2.41400711e-03 2.87412596e-03 2.47035746e-03
6.04449362e+01 2.47848731e-02 2.15827426e-02 2.39252541e-02 4.11237890e-03 7.93937170e-04 3.56336207e-03
6.31548940e+01 4.81712704e-02 3.95484335e-02 -2.63396888e-02 4.76146906e-03 2.80391532e-03 2.19284070e-03
6.58671143e+01 5.21677765e-03 5.79175666e-04 -7.36062546e-02 4.98438363e-03 2.02360215e-03 4.68133248e-03
6.85790299e+01 -5.15605613e-02 -3.04784931e-03 -9.55870721e-02 1.82654689e-03 3.99563852e-04 4.28271621e-03
7.12901768e+01 -7.14494076e-02 2.35557629e-03 -1.10546299e-02 5.49913276e-03 2.24041647e-03 2.31354517e-03
7.40064534e+01 -3.24603755e-02 1.72887716e-02 1.22644071e-02 8.32072794e-03 2.99317940e-03 2.75614334e-03
7.67219940e+01 -1.64541914e-02 2.55273524e-03 2.39357594e-02 6.39137782e-03 6.09680322e-04 5.58696916e-03
7.94385018e+01 2.20007536e-02 -2.02230154e-02 -1.09303788e-02 5.44695947e-03 4.91312797e-04 5.47214203e-03
8.21568643e+01 4.55591078e-02 -5.92649847e-02 -7.39744604e-02 4.85628781e-03 7.62771158e-04 2.35754004e-03
8.48746690e+01 8.19147492e-02 -4.05385406e-02 1.90445125e-02 2.64333987e-03 6.52205223e-03 5.21995098e-03
8.75986534e+01 4.41636846e-02 -2.11146977e-02 6.89657996e-02 4.23052424e-03 9.83536630e-04 9.10628478e-03
9.03212080e+01 3.76444637e-02 1.32756057e-02 5.30745060e-02 1.55451974e-03 1.40318000e-03 4.41465961e-03
9.30367581e+01 2.57234130e-02 4.58723420e-02 8.49430467e-02 1.33032081e-03 3.21777802e-03 3.39689054e-03
9.57570565e+01 1.54490566e-02 1.29576358e-02 1.93780114e-02 9.03385095e-04 3.23039131e-03 6.88969366e-03
9.84687518e+01 5.01030504e-02 -2.41019853e-02 6.86716616e-02 5.37586373e-03 1.71645067e-03 1.37106370e-02
1.01198121e+02 2.09984882e-02 -2.20182410e-02 2.44902609e-02 8.60289109e-03 1.82091345e-03 6.39875066e-03
1.03917433e+02 -3.57086490e-03 -2.01847619e-02 5.43280402e-02 8.90532299e-03 1.30055194e-03 4.89147708e-03
1.06636871e+02 1.61868873e-02 -1.81207219e-02 4.68851860e-02 5.89536212e-03 7.05896723e-03 1.11042587e-02
1.09340652e+02 6.54603450e-02 5.35223976e-03 5.63689531e-02 8.91349432e-04 1.54679055e-03 4.92498036e-03
1.12048792e+02 6.68070543e-02 2.80557401e-02 1.09622332e-02 4.21554537e-03 5.74273807e-03 1.21036188e-03
1.14772433e+02 -2.82571323e-02 -1.13706450e-03 -2.39766945e-02 3.56313569e-03 2.69529777e-03 1.80606562e-03
1.17483152e+02 -2.95221951e-02 1.39841346e-02 -2.41188267e-02 4.06466427e-03 6.58932609e-04 4.98750093e-03
1.20201496e+02 -2.77334285e-02 -7.87871477e-03 1.90969993e-02 2.76115696e-03 1.74821046e-03 1.86707493e-03
1.22917808e+02 8.48914658e-04 7.83946337e-02 -1.66424145e-03 1.21166452e-03 2.50231463e-03 5.24890227e-03
1.25629121e+02 3.59203295e-02 6.21294229e-02 -1.16161302e-02 2.78761175e-03 2.27445457e-03 3.42341052e-04
1.28345261e+02 4.63654406e-02 -2.43040435e-04 -4.67639764e-02 5.59766148e-03 2.27402548e-03 3.79758406e-03
1.31054558e+02 1.13015482e-02 -1.85576107e-03 -9.15948852e-02 3.58142511e-03 3.20624461e-03 7.68480158e-03
1.33768746e+02 -6.59020229e-03 -2.51457159e-02 -5.65951662e-02 6.21764133e-03 1.34966484e-03 4.51285043e-03
1.36484214e+02 -8.04530410e-02 2.63759485e-03 2.05616761e-02 4.72884690e-03 2.61621497e-03 3.86567318e-03
1.39206605e+02 -1.17980971e-01 -1.39193863e-02 4.84248399e-02 2.17260852e-03 2.40489479e-03 5.55078959e-03
1.41911542e+02 -9.35435696e-02 -1.77214145e-02 5.08693974e-02 3.35523887e-03 1.31220426e-03 9.13020087e-03
1.44631980e+02 -3.70150176e-02 4.43122632e-03 -2.11338541e-02 3.22984350e-03 9.63794614e-04 7.97710533e-03
1.47343933e+02 -2.47411726e-03 3.01765944e-02 -4.03496314e-02 4.87402469e-03 1.04516416e-03 3.37653097e-03
1.50063042e+02 4.17783242e-03 4.85696704e-02 -1.99056987e-02 2.55864886e-03 7.87322259e-04 1.21733099e-03
1.52789855e+02 -6.70021002e-03 2.26074806e-02 -2.07090891e-02 2.48291595e-03 2.62876717e-03 2.76751515e-03
1.55510683e+02 -2.87953455e-02 -1.84521457e-03 -2.60730387e-02 3.93279942e-03 2.64964082e-03 1.23419464e-03
1.58226824e+02 -1.20298228e-02 -1.75609099e-02 -1.22242018e-02 4.88024800e-03 1.08772415e-03 1.40328527e-03
1.60939542e+02 -1.69147049e-02 1.22292270e-02 1.81777735e-02 1.20534331e-03 2.09695108e-03 3.06041276e-03
1.63659386e+02 -2.80955622e-03 -3.33403146e-02 4.63841797e-02 2.46079670e-03 1.24805502e-03 1.60844393e-03
1.66370277e+02 -1.48825905e-02 -2.59452192e-02 5.23114249e-02 1.12472682e-03 1.71351506e-03 1.96616323e-03
1.69086121e+02 4.53840444e-04 1.12526684e-02 2.53875854e-02 2.69742514e-03 3.11468713e-03 1.72522889e-03
1.71802714e+02 -6.53884404e-03 -2.05160760e-03 2.02310735e-02 2.74395002e-03 1.26063053e-03 2.46029230e-03
1.74519792e+02 2.90362537e-03 -1.49371338e-02 -2.33832852e-02 3.87670515e-03 1.63038333e-03 1.10731411e-03
1.77240652e+02 1.63657064e-02 -6.13207582e-02 -6.49684293e-02 2.34051234e-03 2.64038082e-03 2.00931939e-03
1.79955433e+02 1.34426512e-02 -2.45560812e-02 -4.02022210e-02 1.47240463e-03 3.56313950e-03 2.43036753e-03
1.82665636e+02 9.51513841e-03 -5.31607706e-03 3.00981459e-02 7.62922352e-04 1.86910894e-03 2.57279250e-03
1.85377152e+02 -3.48572465e-03 2.75698882e-02 -2.93464503e-02 2.22661117e-03 2.31707178e-03 1.57715342e-03
1.88086027e+02 1.23569343e-02 1.33248904e-02 1.16931646e-02 1.53593672e-03 1.11810278e-03 3.97141057e-03
1.90817011e+02 -1.77700687e-02 -3.05075079e-02 4.83539634e-02 4.65861516e-03 4.44585747e-03 1.24084990e-03
1.93534667e+02 -7.54349592e-03 -3.73210173e-02 7.56031111e-02 4.18489909e-03 2.52721051e-03 2.04452968e-03
1.96245980e+02 2.77969041e-03 -7.00152889e-02 9.84993402e-02 7.26859230e-04 1.62462988e-03 1.64532626e-03
1.98966246e+02 -9.62869233e-03 -6.65561423e-02 1.82033020e-02 3.26604317e-03 8.66033799e-04 3.03752854e-03
2.01679886e+02 -1.77160313e-02 -7.09769227e-02 -3.71383648e-02 2.38596686e-03 7.50428938e-04 4.08307940e-03
2.04391761e+02 1.73780765e-03 -7.74512395e-02 -4.78709599e-02 6.86559198e-03 9.75286703e-04 1.63000774e-03
2.07110917e+02 -1.69406131e-02 -7.48821734e-04 -8.23448201e-02 3.75285801e-03 1.54504944e-03 1.48625395e-03
2.09826480e+02 7.07776821e-03 4.07953636e-02 -5.64267022e-02 1.66426976e-03 2.21235376e-03 1.85578232e-03
2.12537808e+02 2.40274193e-02 7.24657472e-02 5.47061977e-03 3.58475065e-03 1.56815689e-03 6.97974416e-04
2.15260589e+02 2.45450918e-02 5.71529200e-02 1.02274529e-02 6.87165907e-04 2.71173654e-03 4.97180748e-03
2.17978683e+02 1.01878004e-02 4.45774999e-02 3.49452669e-03 6.61474368e-04 1.72488309e-03 5.73261272e-03
2.20705839e+02 1.01022710e-02 4.65430362e-02 -2.15384235e-03 1.93839893e-03 9.44188310e-04 1.07770076e-02
2.23429136e+02 2.90283231e-03 -1.33808284e-03 -1.53805528e-03 1.31880361e-03 1.09543463e-03 9.24148373e-03
2.26142371e+02 -1.29226476e-02 -3.62101001e-02 3.67869426e-03 3.08513811e-03 1.34770851e-03 8.09130342e-03
2.28863355e+02 -1.29213884e-02 -4.77984035e-02 -1.83552253e-02 5.30745823e-03 2.30692987e-03 4.25777039e-03
2.31579371e+02 -7.26393390e-03 -7.92527506e-02 -3.55136427e-02 1.40070791e-03 1.12700321e-03 2.13493047e-03
2.34284902e+02 -9.27339640e-03 -2.05173173e-02 -3.07948900e-02 8.90205170e-04 5.12077190e-03 3.96143452e-03
2.37003589e+02 -2.29246825e-02 1.11637510e-02 -2.54905391e-02 7.12206828e-04 1.31832139e-03 2.76684858e-03
2.39718886e+02 -3.89101036e-02 -6.13471015e-03 -3.17430560e-02 3.32471593e-03 3.10100345e-03 4.14275650e-03
2.42431792e+02 -2.81626057e-02 -4.95007760e-03 -2.58165953e-02 1.89114155e-03 3.69856024e-03 4.72393668e-03
2.45135699e+02 -1.74707644e-03 -1.20544430e-02 -6.62913738e-03 2.27620972e-03 5.94158647e-04 2.47943205e-03
2.47853058e+02 -1.94049815e-03 2.23218397e-02 -2.11999180e-02 1.57346927e-03 3.96196659e-03 1.70837397e-03
2.50573871e+02 -1.95922369e-02 -1.27080396e-02 -2.89951861e-02 2.16706002e-03 8.45025726e-04 1.53952607e-03
2.53286714e+02 -7.80779256e-03 -3.72892221e-02 -6.39181862e-03 1.79335252e-03 1.77049163e-03 1.33599778e-03
2.56004902e+02 -2.50428428e-02 -2.85254421e-02 2.59239876e-02 3.00428235e-03 8.01773649e-04 1.43650268e-03
2.58723433e+02 -3.10817393e-02 1.25339235e-02 4.12118744e-02 9.89907716e-04 1.95816962e-03 3.61825781e-03
2.61430605e+02 -1.78943004e-02 3.22731587e-02 6.78423507e-02 1.53412239e-03 3.00170848e-03 1.19328857e-03
2.64134261e+02 6.17294509e-02 3.25209281e-02 8.41712447e-02 5.96217605e-03 3.25529508e-03 2.47237096e-03
2.66847886e+02 3.08714601e-02 2.87655690e-02 3.74899169e-02 4.12632235e-03 1.77203952e-03 4.71948763e-03
2.69566256e+02 -2.30774666e-02 9.98783215e-03 -1.27294974e-02 5.94505956e-03 1.80035062e-03 2.99892421e-03
