6.62296216e-01 -3.38643334e-02 1.21573121e-04 -1.59554164e-02 8.15137757e-03 1.52285008e-03 3.79336668e-03
3.37997327e+00 -2.75085497e-02 4.93451032e-02 2.34676431e-02 4.53630105e-03 2.77071491e-03 5.03232304e-03
6.09654593e+00 -1.15771446e-02 4.87227594e-02 5.99743646e-02 3.73056319e-03 2.56229457e-03 6.45954396e-03
8.81611374e+00 -1.23302244e-02 3.03086851e-02 6.36072057e-02 1.65454046e-03 3.25010807e-03 5.18863549e-03
1.15340189e+01 1.07228264e-02 1.98293036e-02 7.70013319e-03 8.59056831e-04 7.77780940e-04 3.65146771e-03
1.42433658e+01 3.40233415e-02 -1.02651345e-02 2.94096053e-02 4.35671294e-03 3.32119840e-03 2.44653240e-03
1.69518642e+01 8.44493233e-02 8.11945035e-03 4.44011361e-02 3.67613068e-03 1.98157183e-03 2.81969896e-03
1.96695939e+01 3.93747848e-02 -2.11454587e-02 5.43432695e-02 2.91534901e-03 2.31151996e-03 1.41387788e-03
2.23846830e+01 4.10184775e-02 2.08687653e-02 6.32073497e-02 1.94160017e-03 1.27200174e-03 1.08086449e-03
2.50999658e+01 4.60477627e-02 3.76877805e-02 2.12027574e-02 4.57936686e-03 6.57350777e-04 7.36395416e-03
2.78158220e+01 5.86470141e-03 -2.92246064e-03 -4.32451708e-02 6.92856324e-03 6.60272458e-04 5.64191287e-03
3.05420720e+01 -6.06675388e-02 -1.25055727e-02 -1.15620093e-02 4.76021597e-03 8.56827038e-04 2.54841355e-03
3.32608533e+01 -6.40205696e-02 -3.14305381e-02 2.41743268e-02 4.56368158e-03 1.27473994e-03 1.84077267e-03
3.59808017e+01 -4.17401719e-02 1.04963957e-02 -5.92884464e-03 3.03215836e-03 6.47299123e-04 4.23690204e-03
3.87091080e+01 -3.13473193e-02 3.62455980e-02 -6.38277647e-02 6.19868274e-03 5.33518523e-04 2.26687730e-03
4.14354830e+01 -3.01185031e-02 3.88881765e-02 -1.64028371e-02 3.35898554e-03 6.68343042e-04 5.38236285e-03
4.41559876e+01 -1.11833897e-02 2.54607486e-02 -5.53683557e-03 1.96821445e-03 8.35997149e-04 6.07849546e-03
4.68684048e+01 4.24970051e-02 3.93584225e-02 -2.62250519e-03 1.49443986e-03 1.62966923e-03 8.63153187e-03
4.95887095e+01 9.82533666e-03 -5.40188619e-03 -5.73874129e-02 1.14155613e-03 7.99255861e-04 1.70254047e-02
5.23068376e+01 -3.28153995e-02 1.53122550e-02 -4.92276593e-02 2.63992775e-03 1.47685514e-03 9.69011695e-03
5.50160939e+01 -7.38882623e-04 -1.09704726e-02 -2.85222838e-02 6.62638805e-03 2.36731569e-03 7.79401142e-04
5.77344736e+01 -1.03085075e-02 3.00907208e-02 -7.33793729e-03 6.94629150e-03 2.21054881e-03 3.01412711e-03
6.04521220e+01 -2.55920600e-02 2.24937169e-02 -2.60469241e-02 3.17592757e-03 1.95494975e-03 2.08982892e-03
6.31540064e+01 4.50766806e-03 2.37122295e-02 -4.12059329e-02 3.58919814e-03 3.25626981e-03 1.40351181e-03
6.58638330e+01 -8.44741541e-03 3.31068175e-02 -7.97559359e-02 2.37928225e-03 1.95572888e-03 5.10184271e-03
6.85765423e+01 -4.02341677e-02 -4.05029080e-03 -7.49810992e-02 3.66106089e-03 1.35881152e-03 5.76877389e-03
7.12937205e+01 -6.08778169e-02 -2.29707668e-02 -3.53177732e-02 5.84341546e-03 9.78941754e-04 3.75923833e-04
7.40011501e+01 -3.15187807e-02 5.26581778e-02 -6.45655178e-04 7.69444160e-03 3.82120757e-03 3.22908109e-03
7.67219126e+01 -3.22686781e-02 4.07118455e-02 -1.38415581e-02 6.63229647e-03 5.65099705e-04 9.57841011e-03
7.94376173e+01 -3.34274992e-03 -3.29762386e-02 -2.07706251e-02 1.23375865e-02 9.32349824e-04 7.39641454e-03
8.21556814e+01 1.46103888e-02 -5.37947942e-02 -5.45744090e-02 4.16752120e-03 7.83401657e-04 6.59136832e-03
8.48708736e+01 7.16730038e-02 -4.57363868e-02 2.90521775e-02 2.15085346e-03 1.12768244e-03 8.95958632e-03
8.75985861e+01 4.99288820e-02 -2.80673569e-02 6.35127598e-02 1.84888622e-03 1.45924332e-03 6.24840109e-03
9.03182673e+01 2.64203161e-02 -2.63674157e-02 8.01307546e-02 1.59774377e-03 7.33056378e-04 4.39879306e-03
9.30368955e+01 -1.94647738e-02 2.07929289e-02 1.30217321e-01 3.90727338e-03 2.80752699e-03 5.10014805e-03
9.57553267e+01 1.42479315e-02 2.26479289e-03 7.06181657e-02 1.64827332e-03 3.14860976e-03 3.85723568e-03
9.84755548e+01 3.74907024e-02 -3.20906202e-02 1.11901421e-01 4.65863870e-03 6.61053170e-04 8.05888717e-03
1.01202572e+02 1.89040489e-03 -2.26373407e-02 6.27049869e-02 1.14762444e-02 3.65127427e-03 1.07949887e-03
1.03923463e+02 -8.29989669e-03 -6.13485888e-02 8.00991706e-02 8.56242845e-03 1.19830990e-03 2.17312457e-03
1.06638260e+02 1.72565220e-02 -4.01255662e-02 2.87408304e-02 8.04851714e-03 9.79300544e-03 1.17792475e-02
1.09344869e+02 3.31876344e-02 3.69505781e-02 2.13247268e-02 3.10727916e-03 1.38764032e-03 5.49191079e-03
1.12046900e+02 1.46707953e-02 3.64958744e-02 -5.46733480e-03 4.79815514e-03 2.92709178e-03 2.90411178e-03
1.14770291e+02 -4.73753612e-02 1.56237485e-02 -5.27847253e-02 5.43950610e-03 1.05939027e-03 2.13630713e-03
1.17482056e+02 -4.36162434e-02 4.03930612e-02 -4.95623542e-02 3.58768977e-03 2.26383972e-03 6.06688409e-03
1.20196869e+02 -2.22355140e-02 -1.45088342e-02 1.55877012e-02 5.90380265e-03 4.80725633e-04 2.24227589e-03
1.22918588e+02 1.07889682e-02 1.68648090e-02 -1.94707428e-02 1.42173078e-03 4.26756137e-03 5.49086894e-03
1.25628494e+02 1.71078887e-02 1.48218604e-02 -2.99246720e-03 2.22855445e-03 1.66761117e-03 1.83299658e-03
1.28345760e+02 5.92157360e-03 -2.46735973e-02 -2.38703188e-02 4.52161137e-03 1.15399604e-03 3.81347109e-03
1.31055166e+02 -1.53884546e-02 -3.35698118e-02 -1.21537716e-01 2.64977908e-03 3.92527017e-03 6.09097718e-03
1.33765353e+02 -1.22269274e-02 -1.39328128e-02 -7.22928204e-02 4.86734987e-03 1.82303132e-03 1.58097792e-03
1.36484713e+02 -3.83781307e-02 8.85714177e-03 1.30643014e-02 3.74676248e-03 3.74300550e-03 1.20452267e-03
1.39204010e+02 -7.85738310e-02 -4.37256833e-02 2.63172904e-02 3.10567176e-03 3.26131963e-03 4.11813625e-03
1.41913947e+02 -5.67656334e-02 -1.32016462e-02 4.61623620e-02 4.22315678e-03 5.60567501e-04 4.88670508e-03
1.44627244e+02 -1.28846993e-02 1.53026210e-02 1.00310515e-02 5.51927791e-03 1.97430032e-03 3.32102728e-03
1.47348494e+02 1.72997501e-02 5.20542951e-02 -5.41580774e-02 4.54618437e-03 6.65627581e-04 3.93131141e-03
1.50063635e+02 -4.05491606e-03 4.66671761e-02 9.86915345e-03 6.53165209e-03 1.40505793e-03 1.43889816e-03
1.52792213e+02 -3.41867819e-02 7.25468348e-03 7.12295033e-03 3.84192698e-03 2.73703759e-03 1.96299195e-03
1.55507963e+02 -4.05667363e-02 -2.97608708e-02 -8.92878041e-03 2.69822925e-03 2.85822842e-03 3.95944533e-03
1.58227666e+02 -7.53612999e-03 -3.26955193e-02 2.01736556e-03 5.06354849e-03 7.63894455e-04 1.67026600e-03
1.60941978e+02 -2.39290458e-02 -1.59618381e-02 2.69963310e-02 1.92352663e-03 2.66021945e-03 2.92157208e-03
1.63659916e+02 -2.14506074e-02 -1.66140722e-02 1.72775927e-02 3.25678876e-03 1.18805108e-03 1.23447142e-03
1.66368978e+02 -1.85805452e-02 1.01538187e-02 3.34270688e-02 9.23680323e-04 2.63140834e-03 6.03079734e-04
1.69088369e+02 -1.69893277e-02 1.13726210e-03 2.64011658e-02 1.62849732e-03 1.33712514e-03 1.56262133e-03
1.71800666e+02 -2.61486097e-02 4.61444016e-02 3.27600667e-02 1.64205727e-03 5.00391204e-04 8.68501488e-04
1.74518306e+02 7.93019755e-03 7.34500639e-03 -2.81818393e-02 9.76977771e-04 2.43684203e-03 9.45803469e-04
1.77235353e+02 1.30412982e-03 -4.05599031e-02 -7.94760214e-02 2.32772176e-03 1.35493107e-03 1.58897283e-03
1.79956916e+02 1.02001947e-02 -1.95224066e-02 -8.69343538e-02 1.21778759e-03 5.26749022e-03 3.06536137e-03
1.82669025e+02 2.70014974e-02 2.45367285e-02 -1.24879320e-02 4.62822323e-04 1.61993773e-03 1.44508287e-03
1.85380244e+02 1.80835164e-02 1.78010794e-02 -1.89930165e-02 1.00295761e-03 1.88044722e-03 2.25541909e-03
1.88089228e+02 9.12518820e-03 4.60393340e-03 1.47891544e-02 2.74304179e-03 7.77662012e-04 1.85452503e-03
1.90812947e+02 -2.59468297e-02 -2.42097579e-02 2.14949453e-02 5.12375638e-03 2.88586797e-03 2.35987710e-03
1.93525400e+02 -1.48611164e-02 2.13382604e-02 4.07910072e-02 1.41597962e-03 4.14390349e-03 3.50488322e-03
1.96244541e+02 -9.12057265e-03 -5.67813873e-02 7.55720299e-02 7.46522527e-04 4.89394091e-03 5.95157037e-03
1.98957119e+02 -1.46189401e-02 -6.00505031e-02 1.34241403e-02 1.39791978e-03 9.00378569e-04 1.33870297e-03
2.01672010e+02 -1.99648540e-02 -8.52205883e-02 -3.07518916e-02 3.47282474e-03 8.76002002e-04 1.61394974e-04
2.04392072e+02 -1.96346666e-02 -5.70068477e-02 -4.56754313e-02 3.58591997e-03 1.66174526e-03 1.66792719e-03
2.07110228e+02 -2.67815227e-02 8.22307894e-03 -7.02866079e-02 1.37942965e-03 1.00462388e-03 1.99752372e-04
2.09824306e+02 -1.00690321e-02 4.36906533e-02 -6.59054702e-02 1.84215320e-03 1.90349176e-03 5.98085578e-04
2.12541135e+02 1.14992196e-02 8.05137919e-02 -2.77643553e-02 2.30377399e-03 1.02580750e-03 1.16575772e-03
2.15259025e+02 1.12337218e-02 7.19481895e-02 -8.40057134e-03 8.32745725e-04 1.60800958e-03 3.69494885e-03
2.17977931e+02 7.16798141e-04 6.58609282e-02 -1.50066311e-02 8.26494567e-04 1.19916917e-03 3.18863498e-03
2.20706010e+02 -2.00014983e-02 5.01299600e-02 1.31620619e-02 2.65556225e-03 6.73939652e-04 1.03144188e-02
2.23432010e+02 -2.80986468e-02 -2.36065877e-03 -8.29694252e-03 1.17744804e-03 1.17254191e-03 8.98292943e-03
2.26147760e+02 -1.06317989e-02 -5.71153579e-02 7.27381359e-03 1.54800288e-03 2.30898178e-03 4.07886555e-03
2.28859697e+02 3.49604752e-03 -2.27945046e-02 6.96554910e-03 1.97804029e-03 3.05636692e-03 2.71952430e-03
2.31576853e+02 -2.09306241e-02 -6.12079667e-02 -1.83723726e-02 1.12577573e-03 1.45285339e-03 2.04014613e-03
2.34286978e+02 -8.49182888e-03 -1.07285055e-02 -3.62448395e-02 5.32565769e-04 7.94292386e-03 3.95398346e-03
2.37002150e+02 -3.01789891e-02 -9.89074221e-03 -4.64809426e-02 3.32861567e-03 2.90666402e-03 1.18438539e-03
2.39716275e+02 -3.89573768e-02 -1.40547033e-02 -2.48742721e-02 8.39329329e-04 1.48301904e-03 3.14418432e-03
2.42425322e+02 -2.79883826e-02 -2.38112251e-02 1.34745835e-02 2.99494098e-03 5.41142883e-04 1.30083033e-03
2.45133728e+02 -6.64847351e-03 4.03708835e-02 2.10418399e-02 4.15368477e-03 1.29154761e-03 7.49640639e-04
2.47854838e+02 4.38946576e-03 2.98778458e-02 -2.56809140e-02 3.68634569e-03 5.51811630e-03 1.81918382e-03
2.50569025e+02 -1.43807906e-03 3.93075465e-02 -3.60536334e-02 1.97304488e-03 2.04864007e-03 3.63422142e-03
2.53285228e+02 -4.46092851e-03 -5.76104397e-02 -2.56303548e-03 9.83531295e-04 6.03694436e-04 7.04368646e-04
2.56008666e+02 -4.53736429e-02 -3.42203590e-02 1.27962569e-02 2.24394696e-03 1.22763100e-03 1.31378758e-03
2.58723588e+02 -9.55638393e-03 1.58541119e-02 3.17013923e-02 1.96058892e-03 1.44444563e-03 3.60566875e-03
2.61433619e+02 8.62020892e-04 2.02431195e-02 3.79594806e-02 3.85841702e-03 1.71631532e-03 2.77998159e-03
2.64141838e+02 2.83867899e-02 1.90286531e-02 8.29671476e-02 3.54127685e-03 1.11838037e-03 1.06147169e-03
2.66851041e+02 2.24297392e-02 3.62415786e-02 4.32756324e-02 4.08093755e-03 2.28154929e-03 2.27684041e-03
2.69566783e+02 -2.02294724e-02 1.67084277e-02 -1.37813468e-02 1.21736567e-02 2.29294606e-03 4.65412496e-03
