6.58243879e-01 1.17604002e-02 3.08084318e-02 -2.35853365e-02 3.84900772e-03 2.28477078e-03 3.92829634e-03
3.37928761e+00 -1.71351780e-02 -1.53715419e-02 -5.68706676e-02 3.25113500e-03 2.30598914e-03 1.39186930e-03
6.09525714e+00 -1.68558732e-02 -9.13739501e-03 3.32498232e-03 5.94566399e-03 9.36105130e-04 1.28152767e-03
8.81527463e+00 1.64779845e-02 -2.75384044e-02 3.04805451e-02 4.22069099e-03 2.77148258e-03 4.61784449e-03
1.15331528e+01 4.76722017e-02 -1.35047352e-02 -2.18198938e-02 4.57939373e-03 6.30033409e-03 4.17995319e-03
1.42522606e+01 4.60621470e-02 -3.45485698e-02 -6.69459540e-02 6.56251904e-03 6.91206509e-03 3.48874757e-03
1.69740606e+01 2.21708228e-02 -2.97257635e-02 -7.62211315e-02 3.67102894e-03 1.42506402e-03 2.12810874e-03
1.96874340e+01 -4.46018370e-02 -4.63721110e-02 -1.42097599e-02 2.83370161e-03 3.50984868e-03 1.30664871e-03
2.24071450e+01 -3.52033639e-02 1.66330725e-02 -3.44744637e-02 3.01571566e-03 1.31288680e-03 1.92374174e-03
2.51295262e+01 -3.07371343e-02 -4.97973663e-02 -3.27077528e-02 2.58846314e-03 5.35294211e-04 5.82729166e-03
2.78442028e+01 -4.71402444e-03 -2.23642430e-02 2.13802576e-03 1.89185969e-03 1.15404712e-03 7.20126308e-03
3.05466465e+01 2.65146630e-02 -1.41088276e-02 2.46343547e-02 9.28106449e-04 6.86400612e-04 3.59297682e-03
3.32636715e+01 -1.23628329e-02 -1.72941916e-02 -2.92602755e-02 1.53067461e-03 2.29429225e-03 8.29512301e-04
3.59827887e+01 -4.49498607e-02 -3.06927905e-02 -3.95636328e-02 4.70051202e-03 9.17453114e-04 4.64698810e-03
3.86948762e+01 -3.09644117e-02 1.19737479e-02 -5.49932743e-02 5.06778646e-03 2.14108058e-03 2.76610838e-03
4.14111918e+01 -1.57924792e-02 -3.47974948e-02 -5.30171910e-02 5.07732732e-03 1.56526203e-03 4.47255264e-03
4.41249981e+01 -2.28668372e-02 -3.85865938e-02 -5.48955326e-03 2.67031014e-04 1.91095687e-03 5.31475578e-03
4.68329293e+01 -7.62509290e-03 -4.40988190e-02 -2.57672170e-02 2.05826981e-03 9.16186308e-04 1.35000070e-03
4.95446137e+01 2.94424258e-04 9.78561208e-03 -7.47342808e-02 3.43996334e-03 1.38156679e-03 8.70738435e-03
5.22594309e+01 -1.34373342e-02 2.06479548e-02 -9.76722062e-02 6.21638795e-03 1.02112214e-03 4.54579636e-03
5.49845184e+01 -4.94728069e-02 -2.22872182e-02 -8.53097663e-02 2.79049810e-03 3.33855834e-04 3.70377162e-03
5.77065137e+01 1.43615056e-02 -1.38576972e-02 -2.47841816e-02 3.11772342e-03 2.26332328e-04 3.22694248e-03
6.04386403e+01 -2.79610391e-02 2.37820748e-02 6.46737602e-02 3.74571792e-03 2.08776647e-03 3.87986342e-03
6.31632075e+01 -5.94546800e-02 -2.30531590e-02 3.32076188e-02 4.48539227e-03 4.34163170e-03 3.03812329e-03
6.58756621e+01 -1.89368638e-02 -1.55763955e-02 -2.48479363e-02 3.08242170e-03 5.73358794e-04 6.43838195e-03
6.85949793e+01 5.46813740e-03 -4.76610830e-02 -3.52460463e-02 4.82618657e-03 2.07931012e-03 2.16546669e-03
7.13169653e+01 3.03007604e-03 -2.64457394e-02 1.38849410e-02 8.88063282e-03 2.21796511e-03 4.40396413e-03
7.40426356e+01 3.82388426e-02 -6.47702307e-03 4.27833436e-02 5.83480425e-03 3.00784082e-03 6.32792693e-03
7.67660684e+01 2.50385579e-02 3.93614198e-02 8.45831029e-02 4.09449922e-03 1.32257120e-03 3.58046809e-03
7.94811637e+01 1.23971737e-02 6.18700946e-02 1.12697930e-01 2.61067451e-03 1.82401640e-03 5.91271912e-03
8.21963731e+01 -1.59703095e-02 8.16458897e-02 1.20931005e-01 2.20181396e-03 2.21944690e-03 4.19568732e-03
8.49030825e+01 2.87941678e-02 -1.12505237e-03 6.52396948e-02 3.04135260e-03 1.91925328e-03 1.03281735e-02
8.76173231e+01 2.02663503e-02 5.13383734e-03 4.49618703e-04 5.28606310e-03 1.42648478e-03 4.88589842e-03
9.03269684e+01 3.98450561e-02 -6.34211257e-04 -2.00700070e-02 2.16873460e-03 5.93224224e-04 4.96987861e-03
9.30405246e+01 -1.26171823e-02 -3.61580879e-02 -2.18208061e-02 2.24346504e-03 7.45048872e-04 6.99153412e-04
9.57626856e+01 -4.30123332e-02 -4.13622002e-02 -7.30377877e-02 5.11422238e-03 2.68637871e-03 8.72196121e-03
9.84725278e+01 -6.25392817e-03 -1.00475423e-02 -6.21583922e-02 5.39569767e-03 1.06773780e-03 9.69311941e-03
1.01188414e+02 2.89458990e-02 7.81648215e-05 -4.56984705e-02 3.77633474e-03 5.26750641e-04 7.87567543e-03
1.03894679e+02 7.50137313e-02 3.43762594e-03 2.18503720e-02 3.50850493e-03 2.14161109e-03 8.53186441e-04
1.06608023e+02 8.66489675e-02 1.27959300e-02 4.75535082e-02 7.40381009e-03 3.83610990e-03 1.78548841e-03
1.09322070e+02 6.57274725e-02 1.74938969e-02 5.09316544e-02 1.96214420e-02 6.23265614e-04 3.94932436e-03
1.12037367e+02 3.91493839e-02 -4.49814660e-02 -1.29929266e-02 6.51912767e-03 4.86988285e-03 1.93991741e-03
1.14753554e+02 1.78388739e-02 -8.68702437e-02 1.30268487e-02 2.56998088e-03 1.57253536e-03 2.62886035e-03
1.17469992e+02 -2.40979013e-02 -5.11283025e-02 1.48619562e-02 7.70652705e-03 2.57603062e-03 5.80802889e-03
1.20182445e+02 -3.55653024e-02 -1.38974471e-02 -2.20099553e-02 1.36681013e-02 3.69719783e-03 3.59618362e-03
1.22902648e+02 2.72470070e-02 -2.08878350e-02 -2.15086667e-02 1.49263483e-02 2.64601503e-03 4.79798778e-03
1.25606320e+02 7.87108883e-02 -1.52739001e-02 -1.96855178e-02 5.12133212e-03 6.33733851e-04 3.20437224e-03
1.28326414e+02 3.76176885e-02 -2.91349310e-02 -5.29188182e-02 2.99494826e-03 2.97466510e-03 3.13732655e-03
1.31046195e+02 -5.10120477e-02 -4.92966142e-02 -3.03960849e-02 3.51770542e-03 3.73585378e-03 5.89954506e-03
1.33758929e+02 -3.87893184e-02 -5.14553471e-02 -1.45551787e-02 3.07821385e-03 6.94622863e-04 4.16088063e-03
1.36477929e+02 -5.22619930e-02 -3.87998139e-02 -2.34459753e-02 4.08894779e-03 2.67174761e-03 6.71399655e-03
1.39183101e+02 7.82831499e-03 -2.60219640e-02 3.27481323e-02 1.58323090e-03 1.38913681e-03 5.98079254e-03
1.41893492e+02 -3.20365541e-02 1.87526018e-02 3.49081312e-02 3.39686866e-03 1.59607276e-03 4.91026799e-03
1.44617164e+02 -7.74382373e-02 -7.15898729e-03 -3.50461580e-03 1.06977354e-03 3.23962845e-03 3.07898468e-03
1.47329023e+02 -1.53544523e-02 -2.12698908e-02 -1.90184794e-02 4.19691498e-03 7.54996635e-04 4.73107341e-03
1.50053023e+02 -1.93820784e-03 -2.33572417e-02 -4.91296656e-02 2.60080865e-03 1.24177634e-03 1.46566526e-03
1.52774632e+02 -2.20361369e-03 -1.17545560e-02 -5.52813693e-02 2.09418635e-03 1.44150420e-03 3.51813916e-03
1.55486336e+02 -2.45107381e-02 -5.32159137e-02 6.91287668e-03 4.60128300e-03 1.42497273e-03 2.14904189e-03
1.58198367e+02 -1.19928268e-02 2.87511135e-03 3.33275776e-02 6.02966063e-03 3.22335180e-03 1.64981861e-03
1.60922492e+02 1.95337455e-04 3.03023353e-02 7.19130407e-03 3.62642769e-03 5.45160562e-03 2.73875462e-03
1.63636632e+02 4.57492210e-03 2.73446491e-02 1.40417118e-02 1.86803683e-03 5.01295460e-04 1.88879878e-03
1.66356492e+02 6.25632601e-03 4.09258553e-02 6.41436622e-03 4.78586094e-04 2.91046272e-03 3.55141572e-03
1.69069101e+02 -3.55703769e-04 2.10890142e-02 2.77938293e-02 1.36297148e-03 4.53380476e-04 1.05953856e-03
1.71787179e+02 1.86328771e-02 3.51476736e-02 1.84702200e-02 2.73210430e-03 7.80635446e-04 1.92096069e-03
1.74505257e+02 3.46555031e-02 -1.21604730e-02 3.81132383e-02 3.83556642e-03 8.88064090e-04 2.02505856e-03
1.77217351e+02 2.43665373e-02 5.08051409e-02 3.73760872e-02 2.72745227e-03 1.20668059e-03 1.07500148e-03
1.79929976e+02 3.07899625e-02 5.41656594e-02 4.32955795e-02 2.83191331e-03 6.78660157e-03 2.21831878e-03
1.82644523e+02 2.57034723e-02 4.19958427e-02 4.50482861e-02 6.63448340e-04 2.11849397e-03 2.49587172e-03
1.85363367e+02 7.91173776e-03 5.48631145e-02 -5.81475002e-04 1.28409151e-03 7.29555020e-04 1.74277735e-03
1.88084414e+02 -7.57712906e-03 2.27942847e-02 -3.84292837e-02 1.08607034e-03 1.91714574e-03 1.87306270e-03
1.90803101e+02 -2.81963256e-02 9.59868632e-03 -3.40790520e-02 3.77750114e-03 5.64151429e-04 6.60644918e-03
1.93526507e+02 -1.45095196e-02 6.24096084e-02 -2.17792615e-02 9.71286806e-04 1.11265383e-03 3.00779214e-03
1.96244711e+02 -1.34023673e-02 2.42056531e-02 -4.36469617e-02 8.33581107e-04 7.05305514e-03 5.41206570e-03
1.98968101e+02 -1.64349463e-03 6.36336471e-02 -4.49616934e-02 1.81301596e-03 2.63249281e-03 1.14674735e-02
2.01685164e+02 3.53130650e-04 5.61126067e-02 -3.80830720e-02 1.84891883e-03 2.70026070e-03 1.81994315e-03
2.04396820e+02 1.48594852e-02 8.44545695e-02 -4.66610649e-02 3.91182756e-04 1.20930185e-03 3.27363384e-03
2.07112351e+02 -5.86784956e-03 4.59797778e-02 -1.72603317e-02 8.67088655e-04 7.46619305e-04 3.36321045e-03
2.09834961e+02 1.40728941e-03 -4.65051716e-04 -2.10080545e-02 1.42621650e-03 1.37824724e-03 7.01811107e-04
2.12538945e+02 5.11709924e-03 -6.03415752e-02 1.06738675e-02 1.75408284e-03 1.59896231e-03 2.63000481e-03
2.15247711e+02 2.74410438e-02 -2.39816259e-02 2.68814452e-02 2.78656166e-03 3.67715963e-04 2.11922795e-03
2.17961773e+02 -1.29525385e-02 -2.73710906e-02 -9.57713182e-03 3.42341674e-03 2.50990582e-03 2.57298063e-03
2.20677101e+02 9.70443557e-03 -2.03973815e-02 -2.21022205e-02 5.59765124e-03 8.28749974e-04 4.48455385e-03
2.23392211e+02 -9.94970128e-03 6.20489686e-02 2.21319252e-02 4.89740592e-03 3.65372063e-03 1.00874023e-02
2.26116617e+02 4.33944583e-03 3.78809831e-02 -3.01998906e-02 2.64095370e-03 1.36314748e-03 5.82114319e-03
2.28835226e+02 -1.09331584e-03 1.31794607e-02 -6.24533270e-02 1.83111264e-03 7.00722335e-04 1.99697832e-03
2.31556851e+02 -1.62435245e-02 3.16014600e-02 -5.48971638e-02 2.31718710e-03 2.33377667e-03 2.04022498e-03
2.34268320e+02 -3.01819459e-02 4.10685878e-02 -4.11053296e-02 1.76255489e-03 4.01602803e-04 2.15983468e-03
2.36980632e+02 5.36240761e-03 5.41861925e-02 -3.35675836e-02 3.30379963e-03 1.20820479e-03 4.24420988e-03
2.39690664e+02 3.42313354e-05 2.23032048e-02 -1.10202474e-02 2.64478971e-03 9.92751359e-04 2.96879367e-03
2.42403257e+02 2.83110999e-02 -1.46681450e-02 2.11131576e-02 2.50873960e-03 2.75301851e-03 9.77039179e-04
2.45109054e+02 4.07075893e-02 -1.01471371e-02 2.58008424e-02 3.79668571e-04 2.31137869e-03 1.90704969e-03
2.47828148e+02 3.10960668e-02 -1.10731348e-02 9.59535922e-03 1.07296638e-03 2.53958358e-03 1.87249581e-03
2.50546414e+02 1.18350711e-02 1.75526725e-02 1.83423114e-02 1.65407309e-03 1.38163304e-03 2.56964125e-03
2.53253179e+02 9.89916885e-03 5.47858176e-03 3.16596288e-02 5.75665558e-03 1.40529578e-03 5.85609668e-03
2.55975117e+02 1.60477475e-02 4.62320059e-02 6.39942626e-03 3.76432554e-03 9.12507629e-04 1.69262912e-03
2.58687007e+02 5.41873643e-03 1.66215514e-02 1.50696358e-02 2.89848235e-03 1.49385074e-03 2.57721986e-03
2.61397976e+02 4.67549359e-02 1.29565345e-02 2.88350762e-02 2.27214455e-03 8.48760036e-03 2.01544584e-03
2.64111976e+02 6.83024951e-02 -4.33067883e-02 4.65911026e-02 1.15585291e-03 5.71414289e-04 2.65721435e-03
2.66832867e+02 4.61740538e-02 -4.05921530e-02 5.38058429e-02 5.56808555e-03 1.82161825e-03 4.06137413e-03
2.69540639e+02 3.66699473e-02 -1.78471289e-02 2.40599423e-02 4.88198632e-03 3.41583660e-03 2.81995713e-03
