6.76982480e-01 -6.85143731e-02 8.27512686e-03 6.93347613e-02 2.77167279e-03 1.84059712e-03 4.36382425e-03
3.38734611e+00 -1.01320942e-02 2.42027167e-02 3.52489741e-02 7.76915706e-03 1.49552274e-03 4.99060068e-03
6.09543064e+00 2.58089122e-02 4.49575666e-02 3.61357619e-02 8.56106590e-04 8.06983626e-03 4.06498454e-04
8.80759736e+00 -5.17327595e-03 6.11560009e-02 -2.82378473e-02 2.01193612e-03 1.39203213e-03 3.46567895e-03
1.15136944e+01 -1.96513972e-02 3.40166830e-02 2.67531875e-02 5.42295730e-03 5.94067868e-04 1.26927000e-03
1.42230022e+01 8.50245756e-03 1.87717125e-02 6.48794308e-02 1.01664153e-03 6.15876731e-04 5.29194359e-03
1.69446381e+01 -1.23032064e-02 2.13089481e-02 1.71673563e-02 2.74299675e-03 6.97644697e-04 6.79566427e-03
1.96653069e+01 -6.74720038e-02 -2.96064207e-02 1.01031952e-02 1.94264400e-03 2.40419018e-03 5.22044919e-03
2.23858272e+01 -7.87918931e-02 4.10889334e-03 2.09113634e-02 1.61800387e-03 2.79080100e-03 4.18304723e-03
2.51004866e+01 -6.22929906e-02 -1.25192779e-02 -2.45226108e-03 3.01105479e-03 4.55493029e-03 2.37641362e-03
2.78239569e+01 -4.04806911e-02 -1.05293386e-02 -2.16768847e-02 7.10680836e-03 3.31793726e-03 5.56861714e-03
3.05369788e+01 1.09052185e-02 -3.39908808e-02 -1.96838117e-02 2.17911898e-03 2.81402846e-03 1.98602419e-03
3.32599975e+01 5.49204361e-02 1.26465583e-02 -3.15234849e-02 9.92344624e-04 1.54766689e-03 2.64570218e-03
3.59798647e+01 4.59529755e-02 2.23392085e-02 -1.24340191e-02 6.17492787e-04 3.12553758e-03 5.66201851e-04
3.87085803e+01 -5.59938981e-03 8.87590965e-02 8.56151136e-03 5.11390544e-03 2.23668202e-03 2.23707907e-03
4.14257756e+01 -2.75437514e-03 3.07555738e-02 4.42917337e-02 8.97821318e-04 1.76891123e-03 7.81777351e-03
4.41397960e+01 -3.42667151e-02 6.11854143e-03 5.91903787e-03 2.79417093e-04 1.04305236e-03 1.08224854e-02
4.68535616e+01 -1.64419143e-02 4.68791768e-02 -1.53720435e-02 3.19808601e-03 3.49511523e-04 6.65871358e-03
4.95671163e+01 -8.79056819e-03 1.44616788e-02 1.65982147e-02 4.40787712e-03 1.66558914e-03 5.61118056e-03
5.22790538e+01 -1.42904477e-04 1.88062917e-02 3.32725843e-02 2.71351995e-03 1.79738913e-03 3.95281043e-03
5.50016460e+01 4.82546738e-03 -1.61320806e-03 9.92230470e-03 4.01246256e-03 9.19452767e-04 1.23398494e-02
5.77122866e+01 -6.04178544e-03 5.53780411e-02 -2.99312715e-02 2.36978251e-03 9.99905369e-04 1.49074783e-02
6.04242741e+01 -6.06236577e-03 3.08170075e-02 -9.89361679e-02 1.53517277e-03 3.40275071e-03 5.11262260e-03
6.31488553e+01 -8.00432883e-03 3.25312157e-02 -8.38604051e-02 7.74597566e-04 3.74016211e-03 3.70274444e-03
6.58696225e+01 2.89760951e-02 2.94245780e-02 -1.00478768e-02 5.61585521e-03 1.95130181e-03 6.24172569e-03
6.85872788e+01 3.05613834e-02 -2.70874088e-02 9.50020172e-03 1.22928582e-02 5.36217119e-03 5.38085503e-03
7.13037444e+01 2.75712352e-02 -2.33878159e-04 -1.26137414e-02 9.59807060e-03 2.45133124e-03 4.63122210e-03
7.40151319e+01 6.95144327e-03 -1.29277067e-02 7.14256725e-02 5.84218682e-03 5.75654393e-03 5.29318223e-03
7.67376147e+01 -1.43084625e-02 -8.49873034e-03 5.60988722e-02 1.98923881e-03 7.07681223e-04 3.46499737e-03
7.94602600e+01 -2.15407632e-02 -3.70885881e-03 7.50954347e-02 6.02745483e-03 1.82357641e-03 5.23932459e-03
8.21900006e+01 -4.34500228e-02 2.29245407e-02 3.66319655e-02 7.69109230e-03 2.64673096e-03 2.47339872e-03
8.48931225e+01 2.30843386e-02 3.08034740e-03 2.87686070e-02 1.94455028e-03 4.14462793e-03 1.80589701e-03
8.76226022e+01 6.72534078e-03 2.89509307e-02 -5.16886588e-02 5.65517497e-03 2.27117148e-03 1.64692166e-03
9.03410069e+01 -5.62078979e-03 -2.92621667e-02 -9.14880348e-02 3.28163976e-03 3.59543741e-03 3.60443711e-03
9.30617678e+01 -1.39045826e-02 -1.18997128e-01 -9.15469779e-02 1.64016949e-03 8.50901283e-04 4.02062763e-03
9.57738975e+01 -8.67891014e-03 -4.74658145e-02 -2.92412854e-02 2.83124764e-03 2.77255019e-03 3.94162242e-03
9.84853522e+01 1.95343507e-02 -1.34506480e-03 -2.84582922e-02 1.29341781e-03 9.14785439e-04 1.88407656e-03
1.01209183e+02 -1.38433570e-02 -8.86617662e-03 -5.61574241e-02 4.74286168e-03 2.35894533e-03 2.95732842e-03
1.03922168e+02 2.27979151e-02 2.95138584e-02 -5.80157874e-02 1.60212582e-03 3.47674366e-03 3.60161425e-03
1.06635262e+02 5.38854767e-02 -1.73888980e-02 -3.48589937e-02 3.53127468e-03 1.70499586e-03 2.31974771e-03
1.09350308e+02 3.73849275e-02 1.95456765e-02 1.85477977e-02 6.95796808e-03 1.81674983e-03 7.82183477e-03
1.12052137e+02 6.99057311e-02 4.69443355e-02 3.31437591e-02 9.23432794e-03 1.93734606e-03 3.26621956e-03
1.14771558e+02 -1.35974180e-02 -2.42431797e-02 1.91242000e-02 2.70892122e-03 3.83651962e-03 5.18413556e-03
1.17483371e+02 -2.95758132e-02 -8.51406454e-03 1.02516015e-02 2.46001988e-03 2.67049914e-03 1.58562879e-03
1.20198887e+02 -1.23462801e-03 4.44830602e-03 4.95260867e-03 5.30177109e-03 3.57411302e-03 1.42949015e-03
1.22908418e+02 9.94521057e-03 2.02677459e-02 1.36073642e-02 4.12189768e-03 5.71592265e-04 9.16854310e-04
1.25617699e+02 4.66593016e-02 -7.37699876e-03 2.03180811e-02 9.56328275e-03 2.61053178e-03 7.56330004e-03
1.28320152e+02 3.44575345e-02 -1.39677934e-02 3.84684337e-02 4.48394829e-03 2.34198816e-03 2.37361275e-03
1.31033324e+02 -7.94757521e-03 -5.38785891e-03 5.71659634e-02 6.21584377e-03 8.76219552e-04 1.27181679e-03
1.33750168e+02 -1.52941149e-02 -5.17980305e-03 2.65381386e-02 6.26876475e-03 6.02225292e-04 4.09693635e-03
1.36460527e+02 3.38987563e-02 1.74119315e-02 5.57015050e-03 4.27420272e-03 1.34622242e-03 1.06504689e-02
1.39177371e+02 3.55385105e-02 -1.55494914e-02 -5.06676989e-03 8.86197449e-03 7.42737031e-04 1.88638215e-02
1.41895449e+02 -5.20844865e-03 2.10547201e-02 -2.14435095e-02 2.41655086e-03 1.16083217e-03 7.79918719e-03
1.44609996e+02 2.70930039e-02 2.87129323e-02 4.53068157e-04 1.36846869e-03 2.03102870e-03 2.99599984e-03
1.47326168e+02 4.01168517e-02 2.53868504e-02 3.57765787e-02 5.33366626e-03 6.06051396e-03 5.09294283e-03
1.50047090e+02 -4.18023045e-03 -1.77549718e-02 4.22332402e-02 2.92530623e-03 6.62322994e-04 1.96866787e-03
1.52761168e+02 6.91981615e-03 -3.61316510e-03 7.19475545e-02 1.31065785e-03 2.87175714e-03 3.68744285e-03
1.55477074e+02 4.01101424e-03 9.31398860e-04 3.75260627e-02 3.12288485e-03 8.99584886e-04 3.49865558e-03
1.58207637e+02 3.73893680e-02 -2.70336862e-02 -4.43343802e-02 2.12269582e-03 6.91423587e-04 3.22746379e-03
1.60916215e+02 4.20170336e-02 -2.37682002e-02 -3.82831362e-03 1.41648038e-03 1.53076545e-03 1.20479387e-03
1.63635215e+02 2.50366194e-02 -1.71288837e-02 3.69775406e-02 1.88651452e-03 2.86783538e-04 8.04639511e-03
1.66354496e+02 4.79612068e-03 -6.43395995e-03 4.92675029e-02 1.89064595e-03 2.05981708e-03 5.90815013e-04
1.69079090e+02 -4.85581267e-03 -9.87158085e-03 9.53817686e-03 7.47260980e-04 8.12957442e-04 8.26612628e-04
1.71796449e+02 1.31965545e-02 -4.16887138e-03 -1.16063746e-02 1.37346895e-03 1.86990701e-03 3.01756324e-03
1.74510621e+02 5.38375539e-03 1.64107702e-02 -2.29186369e-02 3.15065944e-03 5.52185805e-03 4.06921846e-03
1.77229496e+02 -3.68393581e-03 -4.13119674e-02 -4.93556166e-02 2.10726316e-03 1.60985617e-03 2.53673130e-03
1.79941324e+02 -2.68060267e-02 -1.53719628e-02 -3.84217095e-02 1.45483469e-03 1.46377071e-03 2.39593553e-03
1.82655652e+02 8.20317034e-03 -2.25696428e-02 1.02499945e-02 1.17053691e-03 1.27959774e-03 5.23312655e-04
1.85374824e+02 9.98497219e-04 4.02235613e-02 3.59521167e-02 3.57524282e-03 1.30337480e-03 1.65052574e-03
1.88086902e+02 1.47430432e-02 -5.48447394e-02 1.28756444e-02 2.86989945e-03 2.15101475e-03 6.04118273e-03
1.90807183e+02 2.16138360e-02 -4.17586750e-02 -4.15131015e-02 2.75107424e-03 1.33697396e-03 8.45650963e-03
1.93520371e+02 -2.28644119e-03 -2.77263406e-02 -1.89642165e-02 1.67429568e-03 1.05481037e-03 1.73439992e-03
1.96237105e+02 2.59354120e-03 -6.45451699e-02 -1.59661346e-02 3.48814609e-03 1.96894477e-03 1.84499352e-03
1.98956512e+02 -3.47503383e-03 -3.70918691e-03 -7.33865661e-02 5.41215867e-03 1.14655643e-03 3.20856469e-03
2.01673183e+02 1.68049053e-02 -3.25553634e-02 -8.58825002e-02 2.53523359e-03 1.95189233e-03 5.31874678e-03
2.04384199e+02 2.55979294e-02 -5.44283761e-02 -9.13765668e-02 1.74783177e-03 2.17671222e-03 6.26005281e-03
2.07109824e+02 3.32145093e-02 -1.19383987e-02 -8.56019432e-02 1.26496620e-03 2.33258721e-03 1.56732275e-03
2.09815840e+02 2.22447293e-02 5.40125287e-02 -3.02304074e-02 1.18838129e-03 1.42382258e-03 1.38332542e-03
2.12536840e+02 1.96009463e-02 6.55125206e-02 -3.54330474e-02 2.18639727e-03 2.68455109e-03 4.92951434e-04
2.15262418e+02 -2.55055653e-02 7.25418714e-02 -2.06507479e-02 7.70985376e-04 1.05063638e-03 1.63531380e-03
2.17976137e+02 -2.95417286e-02 -2.63109206e-02 -2.60456578e-02 3.64034508e-03 2.86770539e-03 3.78953724e-03
2.20686887e+02 1.06668744e-03 -6.60851880e-03 1.60307865e-03 2.61156538e-03 1.74323065e-03 4.47587942e-03
2.23403277e+02 -9.54414837e-03 -1.94331118e-03 1.62113676e-02 3.20351780e-03 1.76716744e-03 2.39638166e-03
2.26122715e+02 -2.60679920e-02 -2.35170058e-02 1.69318643e-02 5.37504607e-03 1.67168330e-03 6.32122909e-04
2.28839840e+02 -5.47723418e-03 -2.87382318e-02 1.43883584e-02 4.61106931e-03 2.96672899e-03 1.36406856e-03
2.31547402e+02 1.27092747e-02 -2.24827111e-03 -2.92745692e-02 1.60406411e-03 9.85914598e-04 3.70547169e-03
2.34266793e+02 -2.70336437e-03 -8.62504153e-03 -4.41199930e-02 6.98590594e-04 5.10884716e-03 1.14269106e-03
2.36985230e+02 -2.34274527e-03 -1.61227738e-03 1.16043595e-02 4.23595535e-03 3.49177726e-03 8.05850821e-04
2.39707824e+02 3.56853558e-02 -3.22382857e-02 1.00364172e-02 3.60754094e-03 1.59689574e-03 3.36789060e-03
2.42430012e+02 2.00369962e-02 -8.13688393e-03 3.17717955e-02 2.94248878e-03 5.12441557e-04 5.04078272e-03
2.45146168e+02 -1.85175189e-02 -6.47941439e-02 7.41682354e-02 1.25828778e-03 2.27071530e-03 2.91240865e-03
2.47860558e+02 -1.48386468e-02 1.97531401e-02 3.45105225e-02 8.68660683e-04 1.07333579e-03 2.64273629e-03
2.50568965e+02 -1.79876997e-02 -2.11331397e-02 -1.41900875e-03 2.05872045e-03 2.07760546e-03 3.43596547e-03
2.53291183e+02 -2.83243569e-02 -5.04154933e-03 -3.30975092e-02 1.84444716e-03 1.62313040e-02 3.93271349e-03
2.56006543e+02 -4.45708894e-02 4.89810014e-02 -2.16777978e-02 9.11565260e-04 1.13117486e-03 2.34303572e-03
2.58720574e+02 -1.02042913e-02 4.80806248e-02 -8.31634754e-03 2.08471549e-03 2.27154981e-03 3.86304147e-03
2.61433933e+02 1.27801308e-02 2.30094843e-02 1.36192521e-02 2.04044230e-03 1.74807979e-03 4.69024638e-03
2.64149933e+02 1.33140125e-02 -2.98375061e-02 1.76851769e-02 5.36053304e-03 1.23285414e-03 6.76190618e-03
2.66861605e+02 -4.83947420e-02 -3.06589133e-02 4.28714149e-02 3.41611279e-03 4.09163642e-03 7.26289291e-03
2.69572894e+02 -6.69932000e-02 -2.71145170e-02 7.89253122e-02 2.48639082e-03 4.54459643e-04 4.58929496e-03
