6.52414638e-01 -2.53219379e-02 -1.33485584e-02 3.70144050e-02 3.49319441e-03 4.06437725e-03 2.40124408e-03
3.37136692e+00 -4.60742168e-02 4.19005944e-02 1.17852382e-02 2.39449742e-03 2.29302949e-03 1.56662111e-03
6.07970379e+00 -6.06729399e-02 2.08320102e-02 -4.60981738e-03 1.61460594e-03 1.27618313e-03 2.62500663e-03
8.80138380e+00 -1.03664597e-02 3.01023767e-02 -5.91393718e-02 2.64365642e-03 1.42031873e-03 3.63494639e-03
1.15205994e+01 2.19899299e-02 1.41277650e-02 -5.24028196e-02 1.02146453e-03 1.14703063e-03 1.16208592e-03
1.42390307e+01 2.08283803e-02 -1.99900410e-02 -7.35486554e-02 1.25495621e-03 1.49577392e-03 1.85984757e-03
1.69620275e+01 1.73518458e-02 -5.81665320e-02 -6.62010476e-02 3.40401122e-03 2.38606363e-03 3.82461486e-03
1.96809854e+01 -7.77017979e-03 -7.06586223e-02 -6.47744376e-02 3.03289083e-03 1.63763798e-03 6.70325036e-03
2.24013104e+01 -2.84753522e-02 -2.85225423e-02 -4.72025085e-02 1.77727159e-03 4.22494175e-03 2.50559470e-03
2.51228104e+01 -3.90084213e-02 -3.67663703e-02 -5.16994715e-02 2.33451854e-03 1.53846922e-03 2.57011260e-03
2.78435932e+01 -4.27768666e-02 2.12831989e-02 -1.92388573e-02 1.98098068e-03 1.48957912e-03 2.59360493e-03
3.05549619e+01 -3.16901277e-02 -1.03923225e-02 7.60018544e-03 3.22813134e-03 2.85316873e-03 1.81930562e-03
3.32544182e+01 -8.65493770e-03 4.64766736e-05 -2.54448894e-03 1.53687007e-03 1.25494367e-03 5.25617598e-03
3.59720822e+01 8.78756308e-03 -2.51481245e-03 -4.19671894e-02 5.49446421e-04 2.40419806e-03 4.99402196e-03
3.86865572e+01 1.48872297e-02 -1.60033757e-02 -5.32348020e-02 2.78858558e-03 2.14922138e-03 9.07431574e-03
4.14063182e+01 3.17020940e-03 2.03424740e-02 -3.28471160e-02 2.36536220e-03 3.36829537e-03 1.07965696e-02
4.41242057e+01 -4.62462489e-03 1.56583996e-02 1.40560089e-02 1.94669559e-03 8.23246098e-03 3.98512988e-03
4.68408057e+01 -1.67455263e-04 6.91908371e-03 3.67189885e-02 2.83202778e-03 8.31025972e-04 4.07276677e-03
4.95687729e+01 1.40556886e-02 -8.22302620e-03 5.85038085e-02 1.92614262e-03 8.63349524e-04 3.48013287e-03
5.22885869e+01 1.74762159e-03 -4.68274538e-03 2.99098788e-02 2.44773438e-03 2.46086079e-03 5.07489891e-03
5.50118932e+01 3.31949571e-02 8.72786885e-03 -1.62768553e-03 1.60232106e-03 2.86326081e-03 2.38403885e-03
5.77287525e+01 2.98770016e-02 2.79931553e-02 -1.36912468e-02 8.39405215e-04 1.54939696e-03 2.79620433e-03
6.04529088e+01 9.31481863e-03 1.84975416e-02 -1.68126234e-02 1.25951115e-03 7.53973463e-04 8.79584620e-04
6.31705400e+01 9.07362814e-03 2.68572812e-02 1.72672874e-02 1.37186962e-03 1.23010893e-03 6.31534294e-04
6.58894166e+01 -3.99515836e-03 6.39537317e-02 4.81348293e-03 6.70873094e-04 3.46720808e-03 3.47251735e-03
6.86054666e+01 -1.28746136e-02 1.38426411e-02 -2.36007081e-02 2.97063807e-03 2.40734906e-03 1.24709303e-02
7.13218807e+01 -3.85804587e-02 -8.05448766e-03 -4.53593816e-02 1.89376900e-03 1.92420367e-03 2.20904012e-02
7.40417932e+01 -2.76285505e-02 1.34610333e-02 -3.82681524e-02 2.10158627e-03 8.49518282e-04 1.21618367e-02
7.67585729e+01 -1.20941062e-02 5.54123794e-02 -1.71671146e-02 1.21517069e-03 3.84825699e-03 1.18560355e-02
7.94803588e+01 1.93216309e-02 7.06387489e-02 -1.05222810e-02 3.88970040e-03 1.85323603e-03 7.14292782e-03
8.21993291e+01 1.81981022e-02 9.28105054e-03 -1.10486155e-02 2.98482831e-03 2.91724735e-03 3.87458397e-03
8.49184275e+01 2.91363724e-03 -2.38028635e-02 -2.46124531e-03 6.45461263e-03 1.49753477e-03 3.70074212e-03
8.76332885e+01 1.23826070e-02 -2.72136975e-03 3.20600710e-03 5.96880944e-03 7.40366431e-03 1.66255520e-03
9.03392369e+01 7.86146838e-04 1.80616209e-02 -3.90950404e-03 8.22436953e-03 1.14602686e-03 1.04078095e-03
9.30535932e+01 3.23186520e-03 4.25937523e-02 1.31814023e-05 6.74447801e-03 5.60336087e-03 2.13215513e-03
9.57635400e+01 -9.10263053e-03 1.82807615e-02 -4.40531584e-02 4.94108921e-03 1.24106989e-03 1.95876423e-03
9.84742119e+01 -3.61223300e-03 -1.68722136e-02 -7.92496529e-02 6.10394938e-03 2.62674986e-03 3.73328268e-03
1.01178003e+02 -4.98764808e-03 -4.31082601e-02 -4.46225511e-02 4.04883997e-03 9.87997627e-04 3.31910434e-03
1.03894143e+02 -2.67361067e-03 -5.98053172e-02 -3.20001025e-02 2.54917713e-03 2.49931184e-03 4.60838098e-03
1.06613878e+02 2.41491386e-02 -3.15091603e-02 -1.88600716e-02 3.91221664e-03 4.85716587e-04 3.02905617e-03
1.09332253e+02 3.36123156e-02 -4.79391408e-03 -2.61719309e-02 2.29571576e-03 4.15966497e-04 4.53122162e-03
1.12049643e+02 5.75067806e-03 1.05752335e-02 -6.96647153e-02 1.13442442e-03 1.96696233e-03 4.64399283e-03
1.14763096e+02 1.94385705e-02 -2.56048501e-03 -3.77843215e-02 1.47574418e-03 1.96064745e-03 1.47577605e-03
1.17481862e+02 2.68163893e-02 -1.79212094e-02 -8.82520219e-03 4.18702968e-03 5.92302473e-03 2.70439165e-03
1.20201268e+02 4.37820905e-03 -8.92075274e-02 -1.94538752e-02 1.45993305e-03 2.33601837e-03 2.67170583e-03
1.22920331e+02 -4.70176340e-03 -6.86332672e-02 -3.02535671e-02 1.57056870e-03 3.11988447e-04 1.89530474e-03
1.25634065e+02 -1.46784062e-02 -4.94002094e-02 -1.85404849e-02 1.71751429e-03 3.43725579e-03 1.41375097e-03
1.28340128e+02 -3.88365218e-03 -6.83897433e-03 7.36748620e-03 2.83485507e-03 2.07332351e-03 1.54892837e-03
1.31045346e+02 -2.30068267e-03 6.09893735e-03 -3.62122223e-02 2.42111708e-03 3.05300222e-03 2.36276485e-03
1.33750549e+02 -2.08982088e-02 1.29966976e-02 -3.10769525e-02 1.71557761e-03 2.10204538e-03 2.34909610e-03
1.36460221e+02 -2.24148950e-02 -4.39926276e-03 -3.32859594e-02 3.00862089e-03 2.08654817e-03 2.62814470e-03
1.39180143e+02 -4.92735030e-02 -8.04794665e-04 -3.67301926e-02 6.29675891e-04 3.40243727e-03 1.76376281e-03
1.41894409e+02 -5.41805799e-02 5.42215721e-03 -1.10728932e-02 1.18213901e-03 2.72033891e-03 2.64060685e-03
1.44612674e+02 -1.92352381e-02 -1.09112230e-02 -2.39889837e-03 2.80607707e-03 1.20922446e-03 1.42161323e-03
1.47326549e+02 2.78502008e-02 -5.25220688e-02 -2.22829107e-02 7.38270232e-03 1.15704745e-03 2.36859008e-03
1.50041237e+02 3.79941554e-02 -1.01599294e-01 -4.76594190e-02 3.34678908e-03 4.83294748e-04 7.71575179e-03
1.52762174e+02 2.08928502e-02 -8.38556941e-02 -5.87187737e-02 1.04455048e-03 2.08972801e-03 7.37718116e-03
1.55477237e+02 1.07498800e-02 -2.60330767e-02 -4.84976820e-02 2.00689071e-03 9.54414014e-04 8.58400110e-03
1.58198049e+02 -4.65956866e-02 -3.09730312e-02 -1.39056474e-03 2.53007497e-03 1.08189953e-03 7.68272163e-04
1.60911065e+02 -6.75848528e-02 -2.63960643e-02 1.20084472e-02 4.61705186e-03 2.29997403e-03 2.49724851e-03
1.63630315e+02 -6.81508391e-02 -1.21194507e-02 -1.31315885e-02 3.67337994e-03 1.23080930e-03 2.84387985e-03
1.66348799e+02 -3.88497109e-02 -2.84103898e-02 1.11718932e-02 3.50358306e-03 1.04056966e-03 1.58801241e-03
1.69059768e+02 5.35011258e-03 -4.03531409e-02 2.17248236e-02 1.94857492e-03 6.60644502e-04 2.59084207e-03
1.71765753e+02 3.75797500e-02 -4.35374539e-02 5.21079899e-03 8.44539663e-03 1.67958256e-03 4.14803827e-03
1.74471518e+02 -1.96886286e-03 -1.97781526e-03 3.15733927e-02 3.87935067e-03 1.85299903e-03 2.04863895e-03
1.77184518e+02 -4.87327124e-02 1.66442646e-02 -1.90891241e-02 1.23211663e-03 3.51591764e-03 4.93935797e-04
1.79905440e+02 -9.79189966e-02 4.37671106e-02 -6.04114856e-02 6.08662646e-03 1.77686918e-03 5.47327182e-03
1.82621784e+02 -5.45654306e-02 -3.38824773e-02 -5.18691282e-02 7.09252577e-03 1.28232622e-03 8.13149953e-03
1.85350518e+02 -2.67623414e-02 -6.77584777e-03 -1.49380556e-02 4.64736805e-03 3.93737388e-03 1.22167037e-02
1.88073549e+02 -6.35267115e-03 -1.73982539e-02 -5.42210040e-02 6.89597006e-03 2.22806127e-03 1.09308523e-02
1.90795378e+02 -5.68814537e-03 -3.06088407e-02 -3.77537091e-02 5.70575812e-03 1.33417130e-03 6.56400213e-03
1.93518346e+02 2.99315413e-02 -1.05492337e-02 -2.78286846e-02 1.06776649e-02 4.39777841e-03 3.01247601e-03
1.96241706e+02 -2.32856031e-02 -1.85265435e-02 -5.91587432e-03 3.41028174e-03 2.20155488e-03 3.01982546e-03
1.98954487e+02 -2.37783276e-02 1.18713816e-02 -3.90297549e-02 6.11508038e-03 2.51829900e-03 3.72821338e-03
2.01670018e+02 -3.13466059e-02 -1.13535683e-03 -4.73068149e-02 3.82598175e-03 4.58690787e-03 1.85601454e-02
2.04385143e+02 -2.80280339e-02 -2.01343254e-02 6.33050266e-03 3.44641547e-03 2.08035249e-03 6.34485960e-03
2.07097940e+02 -3.55398837e-03 -2.63910539e-02 2.73801386e-02 3.34612269e-03 1.75373895e-03 3.76777974e-03
2.09818471e+02 9.93060878e-03 -1.47734366e-02 2.27965742e-02 1.28889159e-03 2.45300115e-03 4.95014725e-03
2.12529956e+02 4.33212448e-02 -5.25106276e-02 3.43130926e-02 1.70441857e-03 1.83591114e-03 3.38781674e-03
2.15259768e+02 5.17217898e-02 -1.23708636e-02 4.35700850e-02 2.85500108e-03 2.90314776e-03 1.17737857e-02
2.17986456e+02 3.24193827e-02 -3.81165026e-02 3.48039785e-02 2.62226362e-03 4.41177769e-03 1.06951181e-02
2.20715221e+02 -8.60069030e-03 -3.32145887e-02 -2.31842995e-02 6.31397687e-03 1.07307251e-03 2.46418091e-03
2.23435362e+02 -2.81615784e-02 -1.66736814e-02 -2.02826401e-02 3.44417538e-03 1.29797073e-03 8.32366770e-03
2.26152846e+02 -1.40500405e-02 -6.22137305e-03 3.90239177e-02 1.01476305e-03 1.06167204e-03 6.23314565e-03
2.28865628e+02 3.28893641e-02 -7.34652807e-02 2.59823178e-02 2.69320294e-03 2.37901351e-03 4.39853493e-03
2.31573456e+02 6.69463341e-02 -4.09518344e-02 -1.73413398e-02 4.60877730e-03 3.02261959e-03 3.49013425e-03
2.34278846e+02 3.46783895e-02 1.93325362e-03 -2.61254154e-02 9.23065154e-03 7.39962877e-04 3.80904772e-03
2.36985315e+02 3.99447321e-03 -2.34849368e-02 -2.54628244e-02 3.56222640e-03 1.36782736e-03 3.63999210e-03
2.39698362e+02 -1.00466710e-02 -2.76657838e-02 1.00942881e-02 3.15544753e-03 2.34358222e-03 1.49290297e-03
2.42417190e+02 2.89549335e-02 2.59857635e-02 -2.61790171e-03 4.95900034e-03 1.26075496e-03 5.46385774e-03
2.45132503e+02 8.83138479e-02 1.35009977e-02 -1.16948149e-02 3.11459493e-03 1.62506078e-03 4.92119921e-03
2.47847643e+02 7.49090278e-02 7.42435940e-03 -2.89575593e-02 4.81926680e-03 2.12280878e-03 4.35004016e-03
2.50568049e+02 4.51271797e-02 -9.47146436e-03 -7.65920743e-02 6.95658340e-03 2.11977900e-03 2.33477936e-03
2.53285862e+02 -3.72021732e-03 4.60397383e-03 -8.54772582e-02 4.49475899e-03 1.27751180e-03 1.90975131e-03
2.56004768e+02 -5.34779568e-02 4.41685708e-02 -7.38091659e-02 1.64904947e-03 7.19325294e-04 1.96185247e-03
2.58711003e+02 -1.94432340e-02 5.13396837e-03 -1.01340738e-02 8.29415431e-04 8.41732195e-04 4.57131123e-03
2.61430112e+02 -1.42780946e-02 7.48510154e-03 5.03730072e-02 4.34581086e-03 4.24677197e-04 3.96435767e-03
2.64139721e+02 1.77885975e-02 -3.17920380e-02 4.02847981e-02 2.95049042e-03 2.24674509e-03 2.13177237e-03
2.66845331e+02 9.36022773e-03 -3.96459723e-02 5.81845323e-02 1.45342883e-03 1.91068470e-03 2.10593904e-03
2.69550185e+02 2.28039851e-02 -1.11324532e-02 3.97470036e-02 1.05215828e-03 2.52244140e-03 2.68345649e-03
