6.69512332e-01 -5.89462552e-02 6.58236934e-02 6.01398441e-02 4.24803173e-03 3.95397187e-03 3.21897503e-03
3.38526607e+00 -1.90044856e-02 4.84137686e-02 8.79753698e-02 5.49407235e-03 2.18319088e-03 5.74436250e-03
6.09474013e+00 4.63822812e-02 1.97014533e-03 -2.45413252e-02 2.79491540e-03 1.32202204e-03 2.61745358e-03
8.81212841e+00 6.97512285e-03 -1.37624693e-02 -4.33295089e-02 8.62785826e-03 3.29039402e-03 2.49197394e-03
1.15197351e+01 -3.22342826e-02 2.80764364e-02 1.30329364e-02 3.87497809e-03 6.13515598e-03 2.97703527e-03
1.42406992e+01 -7.28307306e-02 1.27337870e-03 1.22730006e-02 5.64777838e-03 2.93131476e-03 1.83817862e-03
1.69663054e+01 -4.62616154e-02 6.66146005e-02 3.52914395e-02 3.52973617e-03 5.44771595e-04 3.02385847e-03
1.96841679e+01 -2.93521512e-02 2.07248349e-02 3.85508565e-02 6.55884090e-03 1.93981241e-03 8.62100471e-03
2.24148633e+01 -4.07298196e-02 1.50478286e-02 5.29849671e-02 3.27129889e-03 4.13061562e-03 4.57658141e-03
2.51221023e+01 2.39990319e-02 -1.79748481e-02 1.06131038e-01 1.93949269e-03 5.84374556e-04 7.16537645e-03
2.78440273e+01 1.04482621e-02 -5.18522321e-02 3.37438270e-02 2.83382697e-03 1.99619327e-03 1.11277616e-02
3.05618508e+01 -2.06820204e-02 -1.54780971e-02 3.04006111e-02 2.45725004e-03 2.63780480e-03 4.38098832e-03
3.32721179e+01 -1.34881483e-02 4.51074288e-02 2.74145133e-02 2.30795262e-03 1.03901502e-03 3.57322920e-03
3.59820851e+01 6.18546726e-03 5.70872154e-02 2.79057265e-02 3.66895267e-03 2.77439689e-03 2.67535784e-03
3.86907554e+01 2.41945679e-02 7.20728051e-02 6.19532163e-02 2.03260336e-03 2.06037922e-03 5.29643479e-03
4.14089133e+01 1.97593612e-02 2.92202473e-02 2.08076755e-02 6.68544493e-04 1.16181816e-03 3.94594110e-03
4.41246492e+01 1.59355821e-02 1.50754641e-02 -2.55091848e-02 2.82651662e-03 5.45142579e-04 3.08892244e-03
4.68387664e+01 -1.59900303e-02 5.65748669e-02 -1.77187956e-02 3.33172579e-03 7.91451257e-04 4.36360999e-03
4.95607429e+01 -3.09250195e-02 9.57030252e-03 -2.63056995e-02 8.35289682e-04 1.47908153e-03 1.32016962e-03
5.22813258e+01 -3.54925572e-02 6.58052988e-02 -4.06184614e-02 3.79182232e-03 5.10904659e-04 2.35137928e-03
5.49926304e+01 2.04936150e-02 5.69665366e-02 -6.20523966e-02 5.36945956e-03 1.85177796e-03 8.88595720e-03
5.77172320e+01 3.95930738e-02 4.98151463e-02 -5.21849281e-02 4.33449910e-03 1.62486820e-03 1.73623129e-03
6.04331804e+01 7.14168163e-02 1.84431291e-02 -4.72372650e-02 1.41551475e-03 1.31706534e-03 2.08107345e-03
6.31501070e+01 1.16645738e-01 -1.43689013e-02 3.82163800e-03 4.78484466e-03 9.27712672e-04 4.35022174e-03
6.58755679e+01 7.37186165e-02 1.58098971e-02 5.28661255e-02 3.44286362e-03 1.59354807e-03 3.36307497e-03
6.85978664e+01 2.04926635e-03 2.49661035e-02 3.93167783e-02 3.60797070e-03 4.97064303e-03 2.06951161e-03
7.13195586e+01 -1.03108478e-02 -1.58532189e-02 -5.39092875e-02 3.23600496e-03 1.90642622e-03 4.00451852e-03
7.40336757e+01 3.39952734e-02 1.06351539e-02 -1.83405111e-02 4.06753519e-03 1.40813833e-03 3.06347838e-03
7.67544023e+01 4.29946116e-02 1.26293126e-02 -1.63940503e-02 7.48447736e-04 1.21335574e-03 7.99511849e-04
7.94789398e+01 1.75477609e-03 -2.22958482e-02 -5.29023891e-02 2.26674708e-03 9.14420328e-04 7.72991480e-03
8.21982133e+01 -1.13641357e-02 6.79895146e-02 -6.22000702e-02 7.22624185e-03 4.30727626e-03 4.29457242e-03
8.49159789e+01 -2.97016492e-02 4.00452711e-02 4.40995431e-02 1.59805801e-03 8.84981765e-03 4.67831856e-03
8.76261804e+01 -6.86771454e-03 -3.01326434e-02 1.04146610e-01 1.94175040e-03 1.88508178e-03 4.23280913e-03
9.03438398e+01 -2.77300464e-02 -3.84554773e-02 4.63738927e-02 1.54887844e-03 2.23084469e-03 4.77318438e-03
9.30512508e+01 -1.94834427e-02 -3.24688335e-02 4.13898475e-02 3.15895290e-03 6.77502249e-04 6.00949944e-03
9.57574945e+01 6.69631486e-03 -6.19810476e-02 4.66938703e-02 1.95965216e-03 5.51215869e-04 1.37458605e-02
9.84715882e+01 -2.07724384e-02 -5.12919923e-02 3.72444099e-02 9.69926712e-04 3.20064821e-03 7.94912610e-03
1.01194107e+02 -4.24848323e-02 1.81118068e-02 -8.55673292e-03 4.21342580e-03 7.17716325e-03 5.96223802e-03
1.03910998e+02 -4.06780234e-02 2.81630637e-02 -4.07045866e-02 5.45789896e-03 5.86253954e-04 1.90427734e-03
1.06628341e+02 -9.79096808e-03 -2.59414618e-02 -3.47314658e-02 8.01057082e-03 2.81805458e-03 1.63539918e-03
1.09338638e+02 -9.19426505e-05 -2.30810469e-02 -4.34018300e-02 6.18010262e-03 1.82404108e-03 2.84588506e-03
1.12040435e+02 -1.22061149e-02 7.82269783e-03 -7.17099502e-03 2.28916539e-03 2.43366757e-03 3.89130895e-03
1.14753732e+02 -3.83365858e-02 5.49704135e-02 -4.92479956e-02 4.47221933e-03 1.76782803e-03 5.95537274e-03
1.17463451e+02 -3.95715075e-02 7.39086239e-02 -4.50733183e-02 1.80150047e-03 2.28689828e-03 6.51493389e-03
1.20175216e+02 -4.07424787e-03 -3.74760250e-02 -6.43634421e-03 3.45631178e-03 5.28244375e-03 6.90631140e-03
1.22894420e+02 -4.03622865e-02 -5.38589922e-02 -7.08557335e-02 1.62136859e-03 1.18959404e-03 1.63462514e-03
1.25612091e+02 -8.36440841e-02 -4.99432134e-02 -3.52577418e-02 3.78355209e-03 1.68550829e-03 2.21893703e-03
1.28328154e+02 -4.61745243e-02 -5.06108369e-02 3.35355969e-02 3.69389041e-03 3.82561353e-03 1.91859693e-03
1.31039904e+02 1.40827796e-02 -2.73898599e-02 7.23546571e-02 4.81055818e-03 5.51173847e-03 1.27140813e-02
1.33758841e+02 1.33672064e-02 -2.91086434e-02 6.93967393e-02 3.34609396e-03 1.21781638e-03 5.22876400e-03
1.36468107e+02 5.17970579e-02 2.40958116e-02 4.56130980e-02 5.02595187e-03 4.16078418e-03 3.71081937e-03
1.39197216e+02 -3.75815856e-02 3.38574433e-02 -1.76182312e-02 1.31409804e-02 3.24114285e-03 3.37439120e-03
1.41916763e+02 -7.68896184e-02 -9.84068516e-03 -3.35276318e-02 7.67993417e-03 2.53888422e-03 1.62878363e-03
1.44632201e+02 -3.53581018e-03 -3.64353543e-02 -3.07812379e-02 4.47855598e-03 1.64053093e-03 2.40292336e-03
1.47348779e+02 1.22213853e-02 -1.09680577e-02 2.13366425e-02 2.77303481e-03 2.04309801e-03 3.79895152e-03
1.50056123e+02 2.37238285e-02 -6.29394623e-02 1.05071166e-01 3.09554513e-03 4.63113508e-04 2.78010414e-04
1.52774294e+02 6.06708852e-03 -3.19162013e-02 7.14344933e-02 3.70350678e-03 1.60214811e-03 3.64186188e-03
1.55487107e+02 2.62620475e-03 -1.32039564e-02 1.89971954e-02 4.61193395e-03 2.66063102e-03 1.59807082e-03
1.58210966e+02 1.47508499e-02 -1.76366034e-02 1.14719573e-02 2.40931317e-03 2.62850167e-03 2.79317040e-03
1.60922248e+02 -8.86426061e-03 -5.32977765e-04 2.69912745e-02 1.12933039e-03 3.13051130e-03 3.16759520e-03
1.63645560e+02 -1.17210567e-02 3.51711719e-02 1.35154388e-04 8.56216498e-04 8.91962559e-04 5.43751082e-03
1.66353091e+02 -1.02445054e-02 5.50023215e-02 1.17166588e-02 1.07185899e-03 1.56242523e-03 3.33236620e-03
1.69075388e+02 -1.96127994e-02 -3.77419131e-04 1.32735494e-02 3.21885205e-03 2.73075542e-03 2.53534905e-03
1.71800295e+02 -3.67111337e-03 3.14215525e-02 1.57238566e-02 4.54950018e-04 5.77801726e-04 3.16692316e-03
1.74513998e+02 -1.37082663e-02 2.46969282e-02 5.23404590e-02 1.92072658e-03 9.68775092e-04 2.95624428e-03
1.77231966e+02 -3.87783321e-02 -1.05567401e-02 2.95014929e-02 5.30014153e-03 6.55207684e-04 4.48834667e-03
1.79953076e+02 -4.85173234e-02 2.08947520e-02 -1.37970284e-02 2.93497404e-03 8.30632658e-04 3.95356277e-03
1.82661138e+02 -3.91886607e-02 1.18523111e-02 3.91951766e-03 1.23609268e-03 1.04816176e-03 1.39069637e-03
1.85371951e+02 -1.95821746e-02 -1.63161549e-02 -1.57372308e-02 1.44907654e-03 7.67475300e-04 5.30079317e-03
1.88092607e+02 -2.89098934e-02 -2.56014565e-03 -8.87294599e-02 4.24990095e-03 3.01003547e-03 4.15132076e-03
1.90808888e+02 -4.34383525e-02 -5.90146069e-02 -1.02540240e-01 1.53276976e-03 1.34379235e-03 5.60347917e-04
1.93533451e+02 -2.06258855e-02 -6.19978372e-02 -5.79816728e-02 3.31614529e-03 2.11668263e-03 1.79402853e-03
1.96255419e+02 1.13355865e-03 -5.28622635e-02 -4.33228491e-02 2.85462107e-03 1.18690217e-03 5.70635579e-03
1.98968638e+02 1.04635198e-02 2.50918425e-02 -2.67738062e-02 1.73365904e-03 2.26476542e-03 1.44800789e-03
2.01687154e+02 9.20273701e-03 -3.81959091e-03 1.50135979e-02 2.22540261e-03 8.27717668e-04 1.62760438e-03
2.04410888e+02 -1.02098058e-02 2.70528929e-02 2.22737052e-02 1.79189478e-03 3.90350801e-04 2.39769584e-03
2.07123138e+02 -4.08015918e-03 1.70637331e-02 1.43365468e-03 2.11142693e-03 6.66196646e-04 3.58572773e-03
2.09843998e+02 2.16717538e-02 2.87761424e-02 -2.36262971e-03 8.86736380e-04 2.12363019e-03 2.03790398e-03
2.12558701e+02 9.36678342e-03 3.01569946e-02 -2.14380177e-02 6.92576100e-04 1.73841678e-03 2.19615026e-03
2.15275310e+02 2.82216080e-03 1.83535310e-02 -2.93375432e-02 2.40352675e-03 2.39734431e-03 3.64073023e-03
2.17987123e+02 -1.94367387e-02 3.75527978e-02 -8.30126851e-02 1.98794987e-03 1.42315993e-03 5.01849268e-03
2.20709795e+02 -4.47960786e-02 6.27184791e-02 -1.02113105e-01 5.19369548e-03 7.74077459e-04 9.02985184e-03
2.23418935e+02 -3.13283502e-02 4.53909334e-02 -6.13571390e-02 1.66450568e-03 6.75166275e-04 3.91080217e-03
2.26133841e+02 -2.49536255e-02 1.58635889e-02 1.52999235e-03 2.44915410e-03 3.40381413e-03 4.35924810e-03
2.28844998e+02 -8.97335986e-03 3.02864617e-02 2.70954061e-02 1.55377824e-03 3.75394355e-03 2.94461441e-03
2.31562779e+02 1.62722109e-02 -7.73876484e-02 9.42255903e-03 2.33243516e-03 8.65606598e-04 1.49996567e-03
2.34270373e+02 1.64825523e-02 -8.66010073e-02 5.38988211e-02 1.59364048e-03 1.36203766e-03 5.98013557e-04
2.36987951e+02 9.38935685e-03 -3.13286317e-02 5.42652091e-02 5.55639341e-04 2.20390610e-03 2.03225360e-03
2.39694763e+02 1.67213533e-04 3.27037548e-02 3.86534161e-02 1.77866666e-03 2.94930278e-03 3.11795810e-03
2.42407404e+02 7.04131376e-03 4.88526363e-02 2.73974148e-03 5.19434555e-03 9.54021388e-04 1.58444570e-03
2.45121404e+02 -8.11652223e-03 1.18887652e-02 -6.15388036e-03 3.18185200e-03 1.50115469e-03 3.68345513e-03
2.47839154e+02 8.87655321e-03 1.00351429e-02 3.49644369e-02 2.38004842e-03 2.22849643e-03 5.19483317e-03
2.50550185e+02 2.35567645e-02 6.64542322e-02 5.38053850e-03 2.10590608e-03 1.55381260e-03 7.17554533e-03
2.53262982e+02 -8.88417853e-03 -1.29922104e-02 -1.86854596e-02 3.42094504e-03 3.26183739e-03 1.18955672e-03
2.55983951e+02 -7.31819579e-03 -5.41621859e-03 -1.03513403e-02 3.24987556e-03 3.83791917e-03 1.33137266e-03
2.58697404e+02 -3.63322304e-03 -4.50051326e-02 3.57936930e-03 1.05017510e-03 2.55282896e-03 8.49933873e-04
2.61420482e+02 -1.86131937e-03 -3.76641639e-02 -1.31918519e-02 5.05639508e-03 1.75575335e-03 1.05890665e-03
2.64133216e+02 -2.92030465e-03 -1.13135874e-02 -1.19240800e-02 8.75341887e-03 2.62439242e-03 2.12013464e-03
2.66845716e+02 -1.67037796e-02 3.75636639e-02 5.44883445e-03 4.92783123e-03 2.81765674e-03 2.55898750e-03
2.69562176e+02 -4.55474159e-02 7.38881138e-02 3.34851610e-02 6.47588259e-03 3.35473693e-03 2.02787548e-03
