6.72104724e-01 -6.49827283e-04 2.85641313e-02 1.66842212e-02 3.38757001e-03 2.84843775e-03 1.76264888e-03
3.38228246e+00 -3.13121298e-02 1.02006025e-02 1.84686430e-02 6.62313166e-03 3.31666708e-04 4.26642870e-03
6.09624731e+00 -2.45680596e-03 -1.63358256e-02 4.56720930e-02 1.58264886e-02 2.38128271e-03 2.68234649e-03
8.80623903e+00 4.35172533e-02 -1.17605612e-03 2.49072904e-02 1.84398361e-03 3.89494552e-03 6.64647937e-03
1.15215882e+01 8.24638693e-02 -3.45636226e-02 9.24128421e-03 1.90651038e-03 1.49848133e-03 3.05645640e-03
1.42355554e+01 7.55516575e-02 -3.23216946e-02 1.18697643e-02 4.30014789e-03 1.44491109e-03 6.54196940e-03
1.69550570e+01 2.06915317e-02 -2.21200933e-02 7.30960227e-02 1.62899653e-03 2.22731803e-03 7.65874437e-03
1.96703445e+01 2.64105384e-02 -1.94262721e-02 8.07226043e-02 1.87699201e-03 8.58996130e-04 3.13545924e-03
2.23906132e+01 -2.70235811e-03 -4.92574632e-02 3.82784529e-02 2.29970673e-03 5.00592269e-04 2.54151911e-03
2.51069273e+01 1.02193369e-02 -8.59912305e-02 3.17501032e-02 2.11541538e-03 1.82465575e-03 4.36507295e-03
2.78327382e+01 2.68595648e-03 -6.68922460e-02 2.65266091e-02 1.71067462e-03 2.93930121e-04 1.11603238e-02
3.05470945e+01 3.14340560e-02 -3.12786718e-02 5.68163232e-02 5.01645532e-03 5.07306625e-04 9.55862946e-03
3.32642617e+01 -9.52658863e-03 -5.69455783e-03 6.40681254e-02 3.43508476e-03 1.54681631e-03 2.22935614e-03
3.59827398e+01 -1.10826106e-02 -1.48505349e-02 4.47867184e-02 2.52713128e-03 7.26630474e-04 2.42458499e-03
3.86928132e+01 1.56018869e-02 -1.03449664e-02 4.19987411e-02 3.28801285e-03 8.84467292e-04 2.39668418e-03
4.14063086e+01 1.14893102e-02 -2.23025998e-02 -1.80110837e-03 2.33969305e-03 1.36774238e-03 5.30365577e-03
4.41199304e+01 -1.34106166e-02 -2.87491938e-03 -1.87228291e-02 2.33678917e-03 1.50927693e-03 1.36345606e-03
4.68365976e+01 -4.20549953e-02 -4.47294558e-02 -1.79930720e-02 6.42719778e-03 1.16061568e-03 2.00690038e-03
4.95544789e+01 -2.72646005e-02 -6.92177378e-02 -1.89598287e-02 3.76575970e-03 4.03644170e-03 5.18155011e-03
5.22813382e+01 -2.03436230e-02 -7.16077017e-02 -7.86488426e-02 5.21211695e-03 2.13267293e-03 5.95997220e-03
5.50005336e+01 -2.37573326e-02 -9.00123360e-02 -8.03807003e-02 2.07047657e-03 1.12803477e-03 6.43812557e-03
5.77127945e+01 -1.57678424e-02 -8.70707462e-02 -6.07561068e-02 2.99975344e-03 1.07513665e-03 3.79214058e-03
6.04265711e+01 -4.27943576e-02 -3.02096046e-03 9.05046631e-03 1.80254113e-03 1.29711446e-03 3.45908688e-03
6.31419757e+01 -9.41398518e-02 -5.15598588e-03 1.32537384e-02 2.91189212e-03 1.04439471e-03 1.61381921e-03
6.58660461e+01 -8.63605458e-02 -9.34570865e-03 -4.66127215e-02 1.86080427e-03 2.26700779e-03 2.59504974e-03
6.85815148e+01 -2.75580046e-02 -3.53003607e-02 -4.26540200e-02 6.89982368e-03 1.12832631e-03 4.48653310e-03
7.13004398e+01 -4.49325939e-04 -7.82693959e-03 -8.93450285e-03 3.58201580e-03 3.41267568e-03 1.93266202e-03
7.40150086e+01 -1.47689184e-02 1.41051680e-02 -1.42662289e-02 3.24912106e-03 2.12554653e-03 3.04057491e-03
7.67215179e+01 -1.17201766e-02 4.71146873e-02 1.37942064e-02 1.16535748e-03 2.80535329e-03 1.12621370e-03
7.94330351e+01 -1.02422130e-02 7.09582819e-02 6.36296173e-02 1.89957304e-03 1.96172348e-03 3.19897091e-03
8.21533836e+01 3.04422237e-02 3.94176900e-02 5.80672646e-02 2.22688589e-03 8.08655898e-04 4.75645991e-03
8.48596476e+01 6.55464060e-02 -3.60087617e-02 2.85208211e-02 5.29120811e-03 9.73411312e-04 3.51536550e-03
8.75754023e+01 5.21194753e-02 -3.09895914e-02 2.78671864e-02 5.52521228e-03 4.95886988e-04 2.58875220e-03
9.02890492e+01 -1.70478240e-02 -2.06411576e-02 8.11760198e-02 4.91222300e-03 1.75424608e-03 2.28730279e-03
9.29999461e+01 -5.46790780e-04 -1.97992353e-02 9.44619394e-02 1.42555007e-03 2.87397651e-03 4.31739692e-03
9.57064554e+01 3.04223096e-02 -9.43989301e-03 1.37715562e-01 2.52978908e-03 3.08212027e-03 7.09010834e-03
9.84342429e+01 -3.05503043e-03 1.79006016e-02 9.76880395e-02 8.14754447e-03 1.42138236e-03 2.38360720e-03
1.01157152e+02 -2.57642311e-02 3.77254575e-04 9.36109784e-02 6.25931826e-03 2.34355150e-03 5.52053045e-03
1.03880527e+02 -9.18441190e-03 -1.92187694e-02 -5.68131571e-03 7.13514691e-03 1.37123211e-03 8.95216288e-03
1.06599668e+02 -1.73057750e-02 -1.42568855e-02 -1.60085596e-02 2.16540866e-03 2.98457605e-03 3.54759231e-03
1.09328090e+02 -3.12427167e-02 -2.37798971e-04 -6.37903609e-02 3.64485929e-03 1.85390847e-03 2.85132402e-03
1.12046621e+02 -1.19069072e-02 -9.17854933e-04 -3.59197439e-02 2.08432879e-03 2.16803938e-03 3.67033875e-03
1.14762793e+02 -5.55292133e-03 3.38006315e-02 -1.26005512e-02 4.19789566e-03 1.05773926e-03 4.45645053e-03
1.17490902e+02 -1.82449946e-02 1.61180132e-02 7.58502072e-04 4.75456438e-04 3.88581033e-03 7.56061423e-03
1.20208449e+02 -6.81675055e-03 -2.84508225e-02 -1.20433490e-02 3.53379141e-03 6.83997426e-04 1.60573377e-03
1.22928043e+02 -6.67267817e-02 -1.11595989e-01 -4.28494443e-02 5.70502632e-03 6.07257936e-03 1.98074444e-03
1.25638324e+02 -5.31151342e-02 -1.17309624e-01 -6.14200300e-02 3.20646565e-03 2.12333580e-03 8.17023051e-03
1.28333809e+02 -1.69184138e-02 -7.95296076e-02 -4.89387134e-02 4.87346870e-03 1.33907843e-03 4.23458492e-03
1.31038996e+02 -2.39954384e-02 -6.67657976e-02 -3.96358103e-02 3.68359840e-03 1.89108553e-03 3.02652551e-03
1.33747840e+02 -4.76537038e-03 -2.86848831e-02 -1.75671689e-02 4.92602763e-03 2.13880645e-03 7.44027928e-04
1.36467637e+02 1.28915947e-02 1.07358044e-02 -5.59836933e-03 1.47819744e-03 6.35603370e-04 1.04011886e-03
1.39181105e+02 -3.34934816e-02 5.84190898e-02 -2.04139542e-02 4.18755572e-03 1.45878314e-03 1.10891266e-02
1.41897918e+02 -1.05239934e-01 4.10133658e-02 -4.32763424e-03 5.79688699e-03 5.89107914e-04 5.38229351e-03
1.44597434e+02 -4.76320517e-02 4.47823647e-02 2.98680408e-02 3.02374502e-03 3.59427316e-03 4.61200300e-03
1.47308777e+02 -2.10427782e-02 6.05579984e-02 1.44878946e-02 2.57241443e-03 9.40282088e-04 2.99165307e-03
1.50021871e+02 -2.41426246e-02 -1.38781408e-02 -1.12105818e-02 3.66307040e-03 1.35732886e-03 1.21255943e-03
1.52743324e+02 -2.07391813e-02 -5.49153731e-02 1.25494227e-02 2.17946702e-03 1.81106700e-03 9.39035520e-04
1.55468324e+02 -4.24806122e-02 -6.22389541e-02 -7.63440280e-03 2.66590386e-03 2.33239516e-03 5.19986633e-03
1.58187137e+02 -6.73992827e-02 -1.34657960e-02 4.53212690e-02 2.38066877e-03 2.00254797e-03 5.34162638e-03
1.60913480e+02 -5.20728484e-02 -1.26375754e-02 6.80782727e-02 1.01513700e-03 1.11250832e-03 5.87876994e-03
1.63633637e+02 -4.90447778e-02 6.82272328e-03 7.13855833e-02 1.96455464e-03 3.32057149e-03 6.64129709e-03
1.66354059e+02 -2.37544597e-02 1.48681600e-02 1.07572939e-02 2.04906899e-03 3.42384999e-03 6.04294854e-03
1.69075371e+02 1.31274958e-04 3.51157669e-02 3.09551551e-02 2.22900783e-03 5.47705986e-04 1.81001298e-03
1.71780809e+02 1.72493601e-02 9.94454789e-03 8.38303838e-02 8.10545702e-04 1.16741657e-03 3.45837242e-03
1.74496887e+02 1.56246702e-04 1.26078927e-02 1.09508075e-02 3.02833235e-03 1.42691259e-03 2.88061369e-03
1.77217918e+02 -2.04507587e-02 7.32547373e-02 -9.09341819e-02 6.92899094e-03 8.69936168e-04 1.35099726e-03
1.79924246e+02 -3.31670877e-02 7.53886538e-02 -1.10293968e-01 2.48987094e-03 2.02208993e-03 3.76310144e-03
1.82639746e+02 -1.17183774e-02 4.69821252e-02 -9.66153769e-02 3.52491097e-04 1.25215379e-03 1.58729316e-03
1.85353012e+02 2.11354001e-02 3.15456766e-02 -3.03255489e-02 2.17902944e-03 2.96863172e-03 2.00351028e-03
1.88074152e+02 1.48935973e-03 5.39494984e-02 -1.32022430e-02 4.57635753e-04 6.62151520e-05 2.65636242e-03
1.90783074e+02 -4.78196412e-05 4.14902794e-02 7.09397149e-03 6.55296017e-04 4.87475630e-03 2.82205864e-03
1.93501496e+02 -4.13120538e-03 2.96169372e-02 -5.40637624e-03 5.78904213e-04 1.78566988e-03 7.07380830e-03
1.96219605e+02 -5.88062525e-03 9.23808939e-02 -5.06506996e-02 1.69543746e-03 1.22908360e-03 5.00282209e-03
1.98933324e+02 -2.03045661e-03 5.57667885e-02 -3.42662382e-02 1.23231777e-03 2.69624457e-03 2.40477595e-03
2.01651215e+02 5.79930386e-03 -3.85556550e-02 -2.92595869e-02 4.84627998e-03 9.82008671e-04 1.65660497e-03
2.04368168e+02 -1.33907129e-02 4.36085235e-03 -4.64989495e-02 3.13910002e-03 9.82141544e-04 2.88717255e-03
2.07077402e+02 -1.36261101e-02 4.10195032e-02 -3.02085714e-02 6.63095895e-04 1.05701755e-03 2.88903787e-03
2.09789527e+02 -2.17693071e-02 7.05362381e-03 -5.28194376e-02 2.90671607e-03 1.25721717e-03 7.24101849e-04
2.12509199e+02 1.31567650e-02 -5.31184624e-02 -9.27450335e-02 4.49941066e-03 3.79424182e-04 1.61573617e-03
2.15220449e+02 5.98662113e-02 -5.58309456e-02 -6.21533595e-02 2.18329553e-03 2.23895710e-03 1.31795633e-03
2.17935621e+02 4.88794273e-02 -2.90701190e-02 1.78749190e-02 2.07487000e-03 7.95269888e-04 2.86034635e-03
2.20653105e+02 4.15273329e-03 2.80979822e-02 4.97501962e-02 2.60502650e-03 2.21382530e-03 6.95536314e-04
2.23365887e+02 -1.78565167e-02 7.02588097e-02 4.28627508e-02 5.94063483e-03 1.94116238e-03 2.71073934e-03
2.26086934e+02 -1.96028976e-02 2.97522092e-02 -1.25034391e-03 6.85628189e-04 2.19312970e-03 3.21536530e-03
2.28812262e+02 -2.22176293e-02 -1.67379747e-03 -1.29619446e-02 3.48351443e-03 9.33284388e-05 1.54554116e-03
2.31528324e+02 -5.04601854e-03 3.45346765e-02 -4.05582816e-02 2.05923600e-03 1.09325912e-03 1.12742179e-03
2.34253637e+02 -2.34765137e-02 -2.31591652e-03 -3.12427733e-02 4.90553524e-04 2.59008662e-03 1.57353684e-03
2.36978199e+02 -2.08545879e-02 -2.02595961e-02 2.48882773e-04 2.27344384e-03 1.54836175e-03 6.99619543e-03
2.39694168e+02 -1.58518392e-02 -3.05100450e-02 1.91599665e-02 1.55836922e-03 4.58651159e-03 3.08871832e-03
2.42414512e+02 -1.20024841e-02 -1.61181977e-02 5.38692683e-02 2.56596576e-03 8.85646089e-04 1.71995721e-03
2.45131293e+02 -2.68302861e-02 1.67185406e-02 2.88586704e-02 1.15271383e-03 2.84312628e-03 3.26707180e-04
2.47837902e+02 -1.33543772e-03 1.32940901e-02 3.07040134e-03 4.67160141e-03 3.14211543e-03 1.27941513e-03
2.50542965e+02 2.01192899e-02 8.22323646e-02 4.00174686e-02 3.94737795e-03 1.41705253e-03 3.45286938e-03
2.53264480e+02 -1.48084860e-02 8.08996033e-02 1.47382877e-02 2.91985220e-03 8.44528869e-04 2.74529323e-03
2.55981277e+02 -1.12529569e-02 1.79472366e-03 -3.47329773e-02 2.30514162e-03 3.04055330e-03 2.40231199e-03
2.58688684e+02 -3.31523902e-02 -5.76188846e-02 -1.77484451e-02 2.51010592e-03 1.13883952e-03 2.76292257e-03
2.61393699e+02 -2.08655477e-03 -3.75520831e-02 6.12963098e-03 1.39165025e-03 2.64730606e-03 4.27010607e-04
2.64111840e+02 2.06947743e-02 1.11355260e-02 7.15777451e-03 3.70065126e-03 1.25483403e-03 5.61957673e-03
2.66823605e+02 3.00317663e-02 -3.84295848e-02 4.15412981e-02 2.46685511e-03 2.27398932e-03 1.89933571e-03
2.69535490e+02 4.47715269e-02 -4.00912988e-02 5.82195633e-02 1.21520479e-02 4.44956008e-03 4.63053490e-03
