6.58454737e-01 -2.63585537e-02 2.73860425e-02 3.65287915e-02 1.25260753e-03 1.38918252e-03 1.75117242e-03
3.36778947e+00 -2.87652136e-02 9.29964255e-02 1.06537620e-02 2.34538951e-03 5.00278909e-03 1.05578678e-03
6.08728901e+00 1.35300755e-02 7.92019009e-02 -5.34816240e-02 3.40522347e-03 1.89486707e-03 2.54504842e-03
8.80592744e+00 3.76639122e-03 3.15361827e-02 -2.22266341e-02 5.64089651e-03 1.68134650e-03 2.19429760e-03
1.15318707e+01 6.30474239e-04 -2.51964218e-03 -2.00516661e-02 2.00282310e-03 7.61899991e-04 1.80682337e-03
1.42478379e+01 -2.83158829e-03 -1.54352478e-02 -1.19159926e-02 9.11957203e-04 1.13340920e-03 5.57049432e-03
1.69643457e+01 -6.30597294e-03 -2.54121438e-02 -7.56673885e-02 1.72819538e-03 6.39858205e-04 2.87981024e-03
1.96840301e+01 -7.02086331e-03 -5.60075129e-02 -6.54481097e-02 3.24209431e-03 1.93082040e-04 4.43263792e-03
2.24023629e+01 -1.95320088e-02 -2.15486667e-02 -5.19705566e-02 2.50209532e-03 1.68387922e-03 3.25160376e-03
2.51186535e+01 -2.63302449e-02 4.00055204e-02 -8.70439221e-03 1.80483546e-03 2.45557375e-03 2.27628372e-03
2.78410770e+01 -2.43418546e-02 6.42736532e-02 4.60758831e-03 9.29629429e-04 2.04631525e-03 1.71966841e-03
3.05577067e+01 -3.16051175e-02 -1.52161887e-03 2.47554956e-02 1.13061622e-03 1.30386837e-03 3.32250125e-03
3.32788707e+01 2.69562945e-03 -2.28339162e-03 1.62540665e-03 2.26929257e-03 5.42399137e-04 9.48755380e-04
3.59878832e+01 3.56981294e-02 -4.47596255e-02 -2.51786474e-02 1.12958268e-03 1.56809277e-03 9.53919592e-04
3.87003285e+01 5.70654863e-02 -2.59376980e-02 -6.02972563e-02 5.66007443e-04 1.24219932e-03 2.59609664e-03
4.14151942e+01 4.52263746e-02 -3.01593940e-02 -6.72659557e-02 7.03391214e-04 3.04286601e-03 5.55548237e-03
4.41329910e+01 8.87067391e-03 -5.56870079e-03 -3.46168428e-02 3.15602992e-03 2.08964913e-03 1.05364955e-02
4.68524738e+01 -1.43621036e-02 1.94564866e-03 3.51335031e-02 3.81888706e-03 5.54375129e-04 1.61610807e-02
4.95684770e+01 -6.77001294e-03 -5.08108067e-02 8.74810163e-02 1.12678560e-03 2.66916578e-03 1.13161147e-02
5.22868551e+01 4.79000284e-03 -4.20430483e-02 7.16068668e-02 1.57099571e-03 9.13163543e-04 1.11677524e-02
5.50090285e+01 1.69553959e-02 1.34590522e-03 5.75322976e-02 3.45951394e-03 8.14780427e-04 1.48693883e-02
5.77294520e+01 3.51294786e-02 5.26078057e-02 6.37190873e-03 1.16006223e-03 6.93732647e-04 4.73951968e-03
6.04479676e+01 3.81773437e-02 3.11011664e-02 -2.08691070e-02 6.45033057e-04 1.31445041e-03 6.98004529e-03
6.31738520e+01 3.27258650e-02 2.25701826e-02 -1.42240899e-02 3.05011461e-03 2.75990858e-03 3.49110272e-03
6.58903129e+01 3.27910408e-02 3.81797033e-02 5.49902888e-03 1.10079052e-03 5.47934970e-03 1.64147099e-03
6.86110863e+01 3.16466528e-02 -5.89624647e-03 -1.84485588e-02 1.30060770e-03 2.89923193e-03 5.00017037e-03
7.13326613e+01 3.50163212e-02 1.18904534e-02 -2.75800334e-02 4.88136358e-03 1.04462332e-03 8.20225957e-03
7.40482879e+01 1.32610080e-02 -2.36535555e-02 -6.41892563e-03 1.69960887e-03 1.86673996e-03 5.47576350e-03
7.67713223e+01 1.46793553e-02 3.46533364e-02 1.49174335e-02 2.96347005e-03 1.21118511e-03 4.38818175e-03
7.94937301e+01 2.94731828e-02 2.03667966e-03 -2.57739466e-02 4.46276157e-03 2.18877058e-03 4.94970477e-03
8.22163160e+01 3.29906465e-02 -4.15813555e-04 -2.68511547e-02 2.46260668e-03 2.32100615e-03 5.42110838e-03
8.49279270e+01 4.93092489e-02 -2.73083128e-02 -3.17452154e-03 5.30339133e-03 1.61097270e-03 3.75950152e-03
8.76402285e+01 4.27096346e-02 -5.58865351e-02 -2.93428763e-02 4.73561158e-03 4.64803295e-03 1.67043927e-03
9.03553160e+01 1.99897024e-02 9.87895312e-03 -3.75487598e-02 6.04763015e-03 1.34382496e-03 1.49460417e-03
9.30602973e+01 2.65338069e-04 8.63491377e-03 1.17766436e-02 4.83069551e-03 1.68504223e-03 2.41717442e-03
9.57672785e+01 -3.98703522e-03 -2.71415459e-03 3.51916612e-02 2.56239860e-03 1.02860928e-03 2.74668195e-03
9.84752067e+01 -2.75321363e-02 2.27479016e-02 -1.49135967e-03 2.87327516e-03 8.60896412e-04 4.68008641e-03
1.01196088e+02 -3.89389076e-02 7.60145766e-03 2.65398828e-03 4.27922434e-03 6.69806313e-04 2.87849699e-03
1.03911619e+02 -7.56928630e-03 -2.56665595e-02 3.48112673e-02 2.62065599e-03 2.16024126e-03 2.27195899e-03
1.06628525e+02 1.28842025e-02 -6.07220494e-02 3.47167977e-02 1.27990222e-03 1.11180791e-03 5.47741041e-03
1.09350963e+02 -1.32274644e-02 -1.92099028e-02 3.46282611e-03 4.34006835e-03 2.30953914e-03 7.02602747e-03
1.12063572e+02 -1.89425197e-02 6.15719370e-03 -2.73380730e-02 1.95147253e-03 1.80102473e-03 7.79941396e-03
1.14782822e+02 -2.13391913e-02 1.06532947e-02 -4.69481357e-02 5.21817881e-03 1.82775069e-03 3.27991287e-03
1.17499416e+02 -1.96633003e-02 -2.08461671e-02 -4.07309093e-02 3.35857293e-03 7.49059032e-04 4.47157822e-03
1.20217291e+02 -1.57875107e-02 -4.80565490e-02 -1.61201414e-02 1.00813703e-03 6.34653340e-04 1.09578135e-03
1.22937025e+02 -2.18032697e-02 -6.07068061e-02 3.31593797e-02 3.05342572e-03 1.50862725e-03 1.47705806e-03
1.25652682e+02 -9.31569815e-03 -6.50997384e-02 2.27436172e-02 3.11302679e-03 1.56486579e-03 2.73299900e-03
1.28357635e+02 -3.13931905e-03 2.84427556e-02 1.67510065e-02 2.13780152e-03 1.40870773e-03 1.85740189e-03
1.31063650e+02 2.32495043e-03 3.10274331e-02 -4.72543900e-04 4.31979881e-03 1.37138804e-03 1.07137322e-03
1.33766885e+02 -2.44564570e-02 5.15036091e-02 -3.69520434e-02 6.72394160e-03 1.67677452e-03 9.12021316e-04
1.36478400e+02 -5.68571818e-02 1.16219653e-02 -4.53800628e-02 2.83088714e-03 1.87843773e-03 1.92952450e-03
1.39193635e+02 -6.20196020e-02 -1.56198019e-02 1.21449930e-02 7.90243096e-04 1.72673935e-03 2.26907749e-03
1.41913338e+02 -1.44962652e-02 -1.11517240e-04 9.04727194e-03 1.86911027e-03 2.29662522e-03 2.30802231e-03
1.44628713e+02 -2.34168721e-03 -4.60655156e-04 2.91374465e-03 3.31615987e-03 8.55109092e-04 2.70394916e-03
1.47348572e+02 -8.95574476e-04 1.24115484e-02 9.67022700e-03 1.82433471e-03 3.55704627e-03 5.68956764e-03
1.50066885e+02 2.71315113e-02 -8.29466651e-04 7.74822717e-03 1.49453761e-03 1.47198588e-03 1.49951352e-03
1.52780713e+02 3.00128642e-02 -3.73937015e-02 -2.97838565e-02 1.05968516e-03 1.60629057e-03 2.35533358e-03
1.55492400e+02 3.20848806e-02 -2.42674740e-02 -3.56921497e-02 1.65572581e-03 1.39031492e-03 1.66046327e-03
1.58210619e+02 -1.05018907e-02 -1.16532443e-03 4.24571380e-03 1.01758953e-03 5.29411747e-04 2.50544340e-03
1.60934385e+02 -7.00793458e-02 4.17341414e-02 1.74895422e-02 5.55868219e-03 1.75802336e-03 2.89690490e-03
1.63652619e+02 -7.66770421e-02 2.84306835e-02 5.81825036e-03 2.25358462e-03 6.35200486e-04 1.38881128e-03
1.66371275e+02 -4.33117753e-02 -2.96337676e-03 4.68923315e-03 1.28936715e-03 3.53184669e-03 1.31999959e-03
1.69086932e+02 -2.47399584e-02 -2.28900081e-02 3.96682293e-02 5.62566405e-03 1.10817737e-03 2.84006210e-03
1.71796885e+02 -2.75571827e-02 3.13341104e-02 5.96300393e-02 2.51157622e-03 3.43985451e-03 4.23305537e-03
1.74503354e+02 -1.17082730e-02 3.12330937e-02 5.18366821e-02 3.25895933e-03 1.30690710e-03 3.44680430e-03
1.77218869e+02 -3.72246891e-02 5.24630843e-03 1.05483111e-02 1.22775157e-03 3.92687058e-03 2.10136873e-03
1.79930338e+02 -4.85047893e-02 5.87691673e-03 -4.99971243e-02 3.24064919e-03 1.35328674e-03 4.06070803e-03
1.82650291e+02 -4.01397768e-02 6.51224885e-03 -6.78940498e-02 2.08363104e-03 1.17480753e-03 3.17022143e-03
1.85363932e+02 9.36770837e-03 -1.77887095e-02 -3.30373559e-02 1.47391857e-03 3.18195141e-03 6.49638786e-04
1.88093635e+02 -1.00557891e-02 4.38576552e-06 -1.45513024e-02 6.84075868e-03 1.32658681e-03 3.94848827e-03
1.90812291e+02 1.96491488e-03 -3.54115195e-02 2.71177755e-02 5.00240945e-03 1.88205186e-03 6.15085982e-03
1.93533354e+02 2.20940472e-02 -4.20961268e-02 5.43430383e-02 1.81075048e-03 1.41429566e-03 1.17986969e-02
1.96249025e+02 3.00082503e-02 -2.14000246e-02 2.82455556e-02 4.09093877e-03 2.38998060e-03 4.37145553e-03
1.98968307e+02 5.82055786e-03 -4.86951763e-02 2.64516726e-02 7.00394050e-03 1.22826753e-03 5.00076967e-03
2.01688932e+02 -5.65165209e-03 -3.93359735e-02 -2.03149758e-02 3.10441211e-03 1.45168916e-03 3.34275945e-03
2.04410213e+02 -7.01935592e-03 -3.35661357e-02 8.38048484e-03 4.87110097e-03 1.47931039e-03 2.33260815e-03
2.07127275e+02 2.34331204e-02 -3.31315013e-02 5.54605239e-02 4.06667123e-03 2.53082173e-03 7.13781910e-03
2.09849229e+02 1.39134111e-02 5.56125318e-03 5.06987554e-02 3.73813641e-03 3.70057891e-03 1.06986513e-02
2.12576713e+02 -1.20742383e-02 6.00238545e-03 2.62324257e-02 1.00430324e-03 3.74249197e-04 9.05347500e-03
2.15296588e+02 2.60387452e-02 6.69180809e-03 7.68025790e-03 5.77983436e-03 6.08351303e-04 6.95146786e-03
2.18016307e+02 6.60266567e-02 1.12215085e-02 -9.71850203e-03 4.66227044e-03 1.39674584e-03 2.35519778e-03
2.20736729e+02 2.96737991e-02 -1.39842135e-02 -1.48821147e-02 1.52797306e-03 3.24449494e-03 2.33913231e-03
2.23461963e+02 -2.65186869e-02 2.01853033e-03 -2.91837572e-02 2.89546373e-03 4.00132585e-03 3.46866641e-03
2.26181182e+02 -2.87300518e-02 -4.83444351e-03 -2.91274279e-02 3.60250380e-03 9.49642605e-04 2.50874027e-03
2.28889229e+02 -2.90019044e-03 -3.63279755e-02 2.80228255e-04 1.08683507e-03 1.74520369e-03 6.54538059e-03
2.31594947e+02 1.87970267e-02 -6.20592785e-02 -6.91428693e-03 4.43394908e-03 1.21343718e-03 3.82033187e-03
2.34302916e+02 3.36129080e-02 -2.99989399e-02 2.63118706e-02 3.45175407e-03 1.26225649e-03 2.63393096e-03
2.37020119e+02 1.23666772e-02 -1.39962608e-02 3.85035618e-02 2.26040364e-03 1.82125121e-03 1.14446765e-03
2.39735557e+02 -6.49572257e-03 1.52749362e-02 -2.65798474e-02 1.36052489e-03 1.99730739e-03 1.63669534e-03
2.42446150e+02 4.27179047e-02 8.89965413e-03 -2.63423350e-02 3.37682918e-03 1.06460994e-03 1.75587472e-03
2.45161197e+02 6.57777098e-02 2.03773297e-02 2.10477543e-02 7.82973227e-04 7.69554016e-04 4.21652749e-03
2.47884979e+02 6.85423819e-03 1.36165880e-02 1.77337558e-02 2.00998888e-03 1.47824434e-03 1.30296717e-03
2.50605463e+02 -6.82178114e-02 -2.42964039e-02 -7.15333384e-03 1.40661644e-03 1.30699293e-03 5.27957455e-03
2.53324697e+02 -8.13969568e-02 -2.42589670e-02 -3.97892436e-02 9.42661677e-03 1.07789837e-03 4.72201210e-03
2.56032150e+02 -3.89629820e-02 -1.16801616e-02 -4.16823959e-02 1.10768336e-03 7.65292798e-04 6.37679106e-03
2.58753369e+02 -3.84721153e-02 -4.60577595e-02 2.50600598e-03 1.22256262e-03 1.41600844e-03 4.17830952e-03
2.61462666e+02 -3.20291402e-02 -6.41577863e-02 3.80650007e-02 1.49980084e-03 2.41484172e-03 2.91121935e-03
2.64171994e+02 -1.17099851e-02 -4.13565412e-02 -9.25429410e-03 8.85945817e-04 2.98461115e-03 3.00445502e-03
2.66888744e+02 -5.54573043e-03 -2.84146388e-02 -1.42127808e-02 1.16842804e-03 2.75735374e-03 3.32648609e-03
2.69593559e+02 -1.09394850e-02 -1.24058079e-02 4.11111502e-02 4.36162870e-03 2.44777123e-03 4.21724163e-03
