6.90001079e-01 6.79270484e-03 -1.74508910e-02 6.09587799e-02 8.70419377e-04 1.88279333e-03 3.30443784e-03
3.40558092e+00 4.69649083e-02 -9.61218358e-03 9.28269401e-02 5.89063367e-03 1.42429729e-03 3.56918321e-03
6.12131186e+00 3.89033285e-02 1.22011996e-03 6.85486429e-02 4.52158094e-03 1.81421521e-03 4.67925884e-03
8.83814451e+00 -2.35766127e-02 1.72898425e-02 1.64852362e-02 3.11084831e-03 4.39211251e-04 1.02293158e-02
1.15406094e+01 -3.05577060e-03 1.00429725e-01 3.69667004e-02 2.20132752e-03 1.42781642e-02 1.38265646e-03
1.42519515e+01 1.06541026e-02 9.07379334e-02 3.94137197e-02 2.15398313e-03 3.25062402e-03 1.96320894e-03
1.69744031e+01 -1.44656575e-02 5.35555030e-02 -7.24722675e-02 6.56197020e-03 6.29717370e-04 1.43818348e-03
1.96860562e+01 -5.01442030e-02 3.87211610e-03 -1.31499992e-01 7.22757373e-03 8.03911683e-04 2.59488579e-03
2.23989000e+01 -4.34422381e-02 4.40157558e-02 -8.06778443e-02 3.39997623e-03 3.23447103e-03 3.42291548e-03
2.51147922e+01 -2.62321055e-02 -3.63374576e-02 -1.40654280e-02 1.48136885e-03 7.22976118e-04 9.88481706e-04
2.78277265e+01 -5.98464720e-03 6.40838965e-03 -2.13202763e-02 2.59902631e-03 1.31297573e-03 1.42825724e-03
3.05486031e+01 1.75471625e-03 -1.45607801e-02 -5.84142629e-02 1.28917583e-02 1.36736685e-03 1.91218577e-03
3.32574109e+01 4.10256605e-02 3.99345107e-03 -3.42520926e-02 4.84248083e-03 2.03292673e-03 7.24862251e-04
3.59789437e+01 8.55177377e-03 1.55388446e-02 -3.38649712e-02 2.17554545e-03 2.85582297e-03 2.17433022e-03
3.86960687e+01 -1.23031658e-02 4.38882179e-02 5.81932855e-03 2.59636768e-03 1.89588323e-03 4.71929103e-03
4.14142672e+01 1.11138483e-02 2.27998825e-02 2.83971721e-02 1.89664833e-03 4.42303829e-03 3.35635191e-03
4.41298187e+01 1.54970887e-02 2.14413489e-02 -1.10783430e-02 8.86756622e-04 1.62156865e-03 3.01192090e-03
4.68393406e+01 -8.23169811e-03 -3.60772605e-03 -4.01521909e-02 1.80477015e-03 2.03074039e-03 3.85925137e-03
4.95568765e+01 -6.25334858e-02 -3.25414373e-03 -7.35363007e-02 1.92487299e-03 1.12279573e-03 4.34615025e-03
5.22655140e+01 -5.56846030e-02 2.56581500e-02 -1.01582064e-01 2.51052439e-03 9.39622927e-04 4.73873459e-03
5.49791328e+01 3.75260114e-02 1.35095766e-02 -7.72172593e-02 1.47260642e-03 5.17077013e-04 7.82082185e-03
5.77020390e+01 2.30632659e-02 1.97019193e-02 -4.91535152e-02 1.06160451e-02 7.86212141e-04 8.28280274e-03
6.04239625e+01 -5.38837049e-02 4.36577895e-02 -4.02132442e-02 5.95606380e-03 8.64011001e-04 7.18927381e-03
6.31434640e+01 -1.00326499e-01 -2.40034219e-02 -1.87938082e-02 2.22605932e-03 1.84615344e-03 1.67553371e-03
6.58591984e+01 -4.61695805e-02 -6.59360651e-02 -4.11516520e-02 5.05852453e-03 1.03972823e-03 9.01302253e-03
6.85794172e+01 -1.30234591e-02 -1.70448776e-02 -3.74192893e-02 3.63455591e-03 6.77437829e-03 4.07178248e-03
7.13029890e+01 1.45422949e-02 2.16839193e-02 -6.34736876e-02 6.67825798e-03 5.00690941e-04 3.13774003e-03
7.40109953e+01 4.46580394e-02 5.43109428e-03 -2.83075306e-02 3.66336671e-03 3.22388021e-03 1.61481317e-03
7.67320625e+01 3.68604610e-02 4.20381237e-03 -4.37532422e-02 1.92411137e-03 6.92968067e-04 4.50719078e-03
7.94575047e+01 6.12299744e-03 -2.57043050e-02 -7.02248324e-03 3.42864589e-03 2.33029763e-03 8.08777236e-03
8.21728219e+01 4.56790063e-02 -8.15769037e-03 3.15791765e-03 6.08948364e-04 1.34846980e-03 3.06959897e-03
8.48916969e+01 4.40166692e-02 -5.23718350e-02 2.70254170e-02 4.18812223e-03 2.31883112e-03 3.73484714e-03
8.76111656e+01 5.31398135e-02 -5.74483929e-02 4.43529321e-02 2.09976600e-03 3.05372010e-03 2.22672506e-03
9.03210203e+01 7.05716802e-02 -4.62764619e-02 4.77279274e-02 3.94330452e-03 1.01178607e-03 4.12497152e-03
9.30375890e+01 7.16936038e-02 1.44406174e-02 6.59196516e-02 4.38986857e-04 1.24618047e-03 3.13859768e-03
9.57523359e+01 6.64825257e-02 6.93262317e-02 8.03354042e-02 4.39233758e-03 1.05294702e-03 1.10701415e-02
9.84693937e+01 2.02498042e-02 5.65564109e-02 2.49501857e-02 3.50196185e-03 5.21556385e-04 5.11312770e-03
1.01187761e+02 -4.80435782e-02 8.82405727e-03 -3.17156457e-02 5.67241732e-03 3.19431475e-03 1.18063654e-03
1.03894652e+02 -5.22341247e-03 -1.27192004e-02 -2.71848131e-02 1.17711177e-03 4.38630139e-03 2.17127438e-03
1.06610902e+02 3.51227275e-02 -1.53033827e-02 -3.06229808e-02 1.79632424e-03 8.57341564e-03 5.29129647e-03
1.09337167e+02 1.14385035e-02 -1.51647817e-02 -3.13796221e-02 2.80529063e-03 1.33802893e-03 7.35785536e-03
1.12045214e+02 4.88767336e-02 1.50926582e-02 1.04135085e-02 2.40923589e-03 6.77339441e-04 2.85255383e-03
1.14764902e+02 7.13011504e-03 1.93099260e-02 2.85131586e-02 1.58119350e-03 1.39964901e-03 3.67371772e-03
1.17476745e+02 -8.95796096e-04 2.46679934e-02 -3.53717637e-03 3.96517567e-04 1.31898108e-03 1.38936328e-03
1.20194292e+02 1.90402833e-02 2.43753404e-02 -2.44910942e-02 3.20977970e-03 5.20557206e-03 2.60690999e-03
1.22915620e+02 -3.27219142e-02 3.06121096e-02 -1.30196734e-02 2.48405535e-03 4.09011582e-03 2.58354198e-03
1.25631464e+02 -4.10497681e-02 5.70370669e-02 -5.53307746e-02 6.12775598e-03 2.08311367e-03 6.21507605e-03
1.28342511e+02 -3.23625961e-02 4.90557884e-02 -6.34637309e-02 1.79142921e-03 1.23875416e-03 2.54500230e-03
1.31055808e+02 -3.81044572e-02 5.44169927e-02 -3.75427943e-02 1.84838321e-03 2.17109514e-03 3.17914659e-03
1.33768152e+02 -3.49767493e-02 1.34568092e-02 -2.65224067e-02 1.23338543e-02 7.38307598e-04 1.38484824e-03
1.36477308e+02 -2.68434025e-02 5.75032769e-03 2.73501339e-02 9.18609947e-03 2.02773622e-03 1.76822978e-03
1.39197292e+02 -4.00556534e-02 1.39057915e-02 2.44335443e-02 5.06079623e-03 3.25353421e-03 5.91423724e-03
1.41911433e+02 -2.33189358e-02 2.84311733e-02 -1.28240177e-02 7.30380511e-03 7.63528963e-04 3.28810120e-03
1.44628964e+02 -2.01703456e-03 -3.72674548e-03 9.03224951e-03 4.19444307e-03 1.66215313e-03 2.90197300e-03
1.47339214e+02 -2.47418202e-03 2.89779421e-02 -2.96247898e-02 2.22099772e-03 1.23374042e-03 9.93848831e-04
1.50056261e+02 -3.34028540e-02 -2.88869332e-02 -5.82101410e-02 7.05511710e-04 3.24425819e-03 1.93241939e-03
1.52773464e+02 -4.30492959e-02 -2.84965462e-03 -3.76560482e-02 2.14033084e-03 1.39993368e-03 9.61134685e-04
1.55485714e+02 -3.82079706e-02 2.10498805e-02 3.88684674e-02 1.04698014e-03 1.74571431e-03 7.29306949e-03
1.58208292e+02 -2.42791461e-02 1.57050781e-02 6.76591500e-02 4.03396339e-03 4.87434822e-03 1.39950047e-03
1.60917230e+02 -2.17982184e-02 -8.88370759e-03 8.38511398e-02 1.37278579e-03 1.07496368e-03 2.78222609e-03
1.63634167e+02 -4.07351235e-02 -1.67375469e-02 3.40848456e-02 1.11077364e-03 6.02444802e-03 2.16662133e-03
1.66346870e+02 -4.58504777e-02 4.49545589e-02 6.53992191e-03 5.26632940e-03 1.41326300e-03 1.17940775e-03
1.69066433e+02 -1.08792467e-02 1.92621884e-02 -9.05399506e-03 2.23506619e-03 2.18674917e-03 2.00747322e-03
1.71776167e+02 2.06667345e-02 -4.74165377e-03 2.79670479e-02 2.25407130e-03 1.50786389e-03 5.37485583e-04
1.74486698e+02 1.83930580e-02 -1.84279873e-02 3.56929723e-02 4.39962949e-03 1.31720596e-03 4.67689012e-03
1.77210745e+02 3.30249535e-03 -4.90625968e-02 -4.47997499e-03 2.06442689e-03 1.98697081e-03 2.71189264e-03
1.79922417e+02 4.31687849e-03 -4.44441384e-02 -2.19016233e-02 1.85781003e-03 2.58305712e-03 1.22688099e-03
1.82642652e+02 2.51965709e-02 -4.74686040e-02 -1.47752444e-02 1.50667641e-03 2.02782287e-03 1.43601891e-03
1.85357042e+02 4.46219305e-02 -5.59984555e-02 -2.02337525e-02 2.45879171e-03 1.29863806e-03 1.85458005e-03
1.88075589e+02 5.00100594e-02 -5.31920275e-02 -3.54942443e-02 1.52161067e-03 6.83879502e-04 2.10542312e-03
1.90794933e+02 5.72403277e-02 -7.29342645e-02 -1.61007859e-02 2.42982209e-03 1.44974904e-03 7.08734254e-04
1.93516558e+02 2.94375432e-02 -7.58132664e-02 -3.71487139e-04 2.16174713e-03 1.43127026e-03 9.74969018e-04
1.96242152e+02 1.86255364e-02 -7.18188297e-02 -4.05796076e-03 1.22250053e-03 5.14539608e-04 2.35219515e-03
1.98954386e+02 -1.37724922e-02 -2.50267360e-02 -5.95086973e-02 3.17135054e-03 1.01973132e-03 3.24963038e-03
2.01672527e+02 -4.07326543e-03 -5.55433148e-02 -9.08032702e-02 8.95176242e-04 1.06095883e-03 2.65698450e-03
2.04384886e+02 2.96395808e-03 1.03854584e-02 -4.13399389e-02 1.29439620e-03 1.74787003e-03 1.72743808e-03
2.07107230e+02 1.28028622e-02 -2.71086125e-02 -4.09065542e-02 3.27422143e-03 2.94769430e-03 2.79279472e-03
2.09830902e+02 1.18669463e-02 2.25997607e-02 -4.18122727e-02 5.23027544e-03 1.01100585e-03 1.08485576e-03
2.12548402e+02 2.53009248e-02 -2.06030024e-03 -5.28799524e-02 5.41471741e-03 1.03085451e-03 6.15411441e-03
2.15271808e+02 1.72573614e-02 -8.25369425e-04 -5.49995173e-02 5.37363905e-03 1.00431966e-03 3.27346968e-03
2.17991542e+02 4.23749202e-03 5.53972241e-03 -2.72330351e-02 5.76845098e-03 3.95156101e-03 2.46945427e-03
2.20704730e+02 4.99558747e-03 -1.68887764e-02 -1.77271170e-02 4.43996438e-03 2.52928341e-03 8.38231453e-04
2.23418917e+02 -6.32721858e-04 -2.22063281e-02 2.49679817e-02 1.57887958e-03 3.09503844e-03 2.06837408e-03
2.26126152e+02 1.74022769e-03 -1.11154186e-02 6.58115119e-02 1.45927504e-03 8.86370880e-04 3.36910074e-03
2.28838620e+02 4.29870417e-02 -3.76130844e-02 2.82064333e-02 1.91322682e-03 1.18585596e-03 1.99200985e-03
2.31549964e+02 2.25481149e-02 -2.53231026e-02 1.88154879e-02 3.18855180e-03 1.93609342e-03 2.40068429e-03
2.34273605e+02 -5.28893788e-03 -2.08208853e-02 -7.89417952e-03 2.01847544e-03 1.14088331e-03 1.96056504e-03
2.36989683e+02 -2.53034322e-02 -6.51038064e-04 7.43790147e-03 2.65536439e-03 7.07887268e-04 8.14536337e-03
2.39706011e+02 1.38609807e-02 -3.10864618e-02 8.67331087e-03 2.29204991e-03 2.32620153e-03 4.26982160e-03
2.42427152e+02 1.79097205e-02 -2.79628556e-02 -2.13948142e-02 2.75062413e-03 6.47204013e-03 1.68934679e-03
2.45152558e+02 -7.64905208e-04 -3.65446494e-02 -9.17725398e-03 2.56316574e-03 2.06376312e-03 5.64976104e-03
2.47860808e+02 -3.87720787e-03 -8.29085368e-02 2.17970695e-03 2.07099382e-03 1.12842940e-02 3.45214361e-03
2.50571792e+02 1.78282246e-02 -4.83653933e-02 2.04080841e-02 2.97751746e-03 1.04592445e-03 5.34347273e-03
2.53287120e+02 4.31166190e-02 -3.53671225e-02 2.22572270e-02 3.23497277e-03 3.30777244e-03 1.71581974e-03
2.55999620e+02 2.07121054e-02 1.03472118e-02 2.04970098e-02 1.59672903e-03 3.74017375e-03 6.15348652e-03
2.58711886e+02 2.85052071e-02 3.60257977e-02 5.94275318e-03 2.23289778e-03 6.25446072e-04 4.79694494e-03
2.61427277e+02 2.89123190e-02 2.79772176e-02 2.03234274e-02 3.53934155e-03 1.45890605e-03 3.91623306e-03
2.64147245e+02 3.94759712e-02 2.75373018e-02 1.43787564e-02 7.41835731e-03 3.25136190e-04 1.91310854e-03
2.66853683e+02 4.93924702e-02 -1.21899646e-02 3.30924764e-02 5.42557274e-03 1.63120811e-03 2.16659013e-03
2.69579141e+02 8.92912310e-03 -4.88558879e-02 1.38314483e-02 3.32648997e-03 1.54641304e-03 4.95418247e-03
