6.73519083e-01 -2.70705147e-02 2.65537010e-02 -9.98738236e-03 2.52312678e-03 2.44720988e-03 5.69420941e-03
3.38572826e+00 4.42816734e-03 8.08546703e-03 -1.61174450e-03 3.33604132e-03 7.54864440e-04 4.49944256e-03
6.10155716e+00 1.63268747e-02 2.43355511e-02 1.41194860e-02 4.86287626e-03 2.02202383e-03 6.06689931e-04
8.82641623e+00 -2.99804604e-02 5.45437440e-02 1.87213218e-03 8.82072310e-03 3.02500015e-03 2.33233639e-03
1.15476743e+01 -4.65864527e-02 1.35767950e-02 -1.84302966e-02 3.61813604e-03 2.28634183e-03 4.11565454e-03
1.42646822e+01 -3.36992496e-02 3.74547066e-02 -2.36133811e-02 1.75680887e-03 9.24018108e-04 2.74194006e-03
1.69752978e+01 9.06402164e-03 1.85778194e-02 -3.91292422e-02 3.94446882e-03 5.01072514e-04 2.00629561e-03
1.97022103e+01 5.20861186e-05 1.62449861e-04 -7.01339774e-02 3.12888490e-03 4.17987946e-03 2.22875039e-03
2.24038212e+01 3.21368274e-02 -8.26167983e-03 -6.09067690e-02 5.02718462e-03 1.05624334e-03 3.14591426e-03
2.51161962e+01 2.63599145e-02 -2.18682206e-02 -4.35492143e-02 7.79983951e-03 1.48100894e-03 5.84220367e-03
2.78349103e+01 -7.78755782e-03 3.61202088e-02 -5.33621121e-02 1.16252705e-02 1.85769628e-03 3.83744614e-03
3.05451962e+01 -1.80773244e-02 6.64353918e-02 4.46810510e-03 8.42398792e-03 1.29594695e-03 7.83723544e-03
3.32555478e+01 5.76605632e-03 9.52039210e-02 4.36260304e-02 6.33987264e-03 2.38722551e-03 3.83944271e-03
3.59671728e+01 -3.09436249e-02 9.46300756e-03 -1.27988191e-02 5.02382235e-03 2.99696452e-03 1.37307967e-03
3.86717587e+01 -3.36342405e-03 1.94676964e-02 -3.67271066e-02 1.71518579e-03 2.44944961e-03 6.41056698e-03
4.13817525e+01 1.16605723e-02 -4.30045203e-02 -2.22815141e-02 4.22498208e-03 5.93624014e-03 5.88284636e-03
4.41051853e+01 -2.84095672e-02 -2.10472070e-02 -2.35734516e-02 2.88593405e-03 6.50278079e-04 1.02710337e-02
4.68269212e+01 -1.73433386e-02 2.77883728e-02 -1.01113231e-02 2.91063126e-03 1.62141213e-03 8.85096277e-03
4.95484947e+01 3.08536654e-02 4.25582516e-02 -4.32392837e-02 3.76154707e-03 1.18413443e-03 9.77560225e-03
5.22707853e+01 6.52500193e-02 1.11836432e-01 -8.64317150e-02 3.55535848e-03 3.38058464e-03 4.45100526e-03
5.49930478e+01 5.37724436e-02 5.60300285e-02 -8.43527950e-02 1.77774086e-03 1.22544180e-03 3.10250927e-03
5.77096150e+01 4.06054649e-03 4.73896009e-03 1.66828259e-02 5.27550253e-03 1.96470975e-03 2.12319471e-03
6.04290665e+01 -2.56487731e-02 -1.04233030e-02 2.58132998e-02 1.20210447e-03 2.00898916e-03 5.22389983e-03
6.31535494e+01 -1.43278107e-02 -2.46648198e-02 -2.95585509e-02 2.23381286e-03 6.76645382e-04 3.53311348e-03
6.58788572e+01 1.09663595e-03 7.10343308e-03 -2.91963093e-02 5.31754642e-03 4.29318720e-03 8.95738168e-03
6.85934884e+01 5.87856704e-03 2.84142460e-02 1.73912470e-03 7.05036139e-03 2.36499925e-03 8.70286912e-03
7.13132915e+01 9.64295356e-03 8.06406682e-03 2.85761348e-02 1.77419488e-03 6.38934351e-04 1.77950764e-02
7.40196431e+01 5.40958105e-02 -5.16506810e-03 1.91812253e-02 5.46050970e-03 4.22938777e-04 1.22944433e-02
7.67370181e+01 3.38941768e-02 4.08588054e-02 -8.34809092e-03 9.56452464e-03 3.25338918e-03 1.79041774e-03
7.94469665e+01 2.93811955e-02 2.17743794e-02 3.60534341e-03 5.70963803e-03 5.50627815e-03 2.28040990e-03
8.21641743e+01 7.69111317e-02 -1.84411402e-02 -1.33797888e-02 2.04432726e-03 9.47075479e-04 4.17287314e-03
8.48881431e+01 6.92352570e-02 -6.51761479e-02 -2.48675543e-02 5.23259931e-03 1.88705792e-03 3.41595623e-03
8.76173087e+01 4.10501209e-03 -5.45136939e-02 5.21531364e-04 2.76484416e-03 1.04363106e-03 2.82559672e-03
9.03361759e+01 -3.04936620e-02 1.16837945e-02 1.49351441e-03 5.39959493e-03 2.18783192e-03 5.41490753e-03
9.30581181e+01 -5.09378880e-02 -2.95023106e-02 5.22757261e-03 7.97617090e-03 2.67877642e-03 4.25433198e-03
9.57618165e+01 2.42206091e-02 3.71872259e-03 -8.88776818e-03 8.47710220e-03 2.64935708e-03 2.21879934e-03
9.84772431e+01 3.65891232e-02 1.82045807e-02 -5.58570876e-02 4.66550804e-03 1.11332312e-03 6.07129187e-04
1.01194017e+02 -2.50089398e-02 -1.45317661e-02 -5.88266621e-02 3.95169785e-03 1.71640514e-03 1.68365357e-03
1.03911220e+02 -3.21821392e-02 4.81583516e-02 2.12986679e-02 3.95488554e-03 2.55621568e-03 2.68093000e-03
1.06622392e+02 1.31223738e-02 -1.31462765e-02 8.09601695e-02 2.75929791e-03 4.53393074e-03 4.10328306e-03
1.09344626e+02 3.58078325e-04 -1.66500016e-03 -1.11509436e-02 5.23991524e-03 2.11367212e-03 4.33846198e-03
1.12049751e+02 3.94381321e-02 1.67444237e-02 -2.70124272e-02 9.20094536e-04 1.17039140e-03 1.44137906e-03
1.14765173e+02 -1.17908944e-02 -2.08597060e-02 -3.71028351e-02 2.83865902e-03 1.92600978e-03 2.26994771e-03
1.17472688e+02 5.64796646e-04 2.89487710e-02 -2.62864950e-02 8.53655189e-03 1.93255173e-03 4.80408298e-03
1.20187095e+02 2.30665579e-02 -1.46674222e-02 1.60732599e-02 5.87472355e-03 7.35693415e-03 6.33170368e-03
1.22914407e+02 -9.68194635e-03 -3.16415889e-02 2.42413949e-02 1.24689330e-03 6.58118367e-04 2.55311899e-03
1.25626985e+02 1.52403759e-02 -1.02404291e-02 3.77854423e-02 1.62345509e-03 1.53503390e-03 4.53870832e-03
1.28339298e+02 -1.19980201e-02 -2.20967968e-02 3.68456339e-02 7.01517808e-03 2.24562826e-03 2.64612208e-03
1.31053845e+02 -4.42607170e-02 -1.39763257e-02 -1.33781835e-02 2.42734551e-03 3.10337953e-04 5.84064099e-03
1.33770985e+02 -4.57873369e-02 2.92827390e-02 -6.93687263e-02 5.92440226e-03 4.17580602e-03 1.50282623e-03
1.36491220e+02 -2.73678462e-02 2.91649299e-02 -9.88362886e-02 2.77716223e-03 5.72444845e-03 3.70462649e-03
1.39202313e+02 -1.99883515e-02 1.21745926e-02 -4.46812388e-02 3.12646169e-03 3.11780802e-03 8.29279391e-03
1.41926892e+02 -4.79545350e-02 9.75626722e-03 -2.45087778e-02 5.17825738e-03 2.83453570e-03 3.60914270e-03
1.44632798e+02 9.69485344e-03 -8.23094874e-03 -1.35708874e-02 2.29137801e-03 2.28463770e-03 5.25589809e-03
1.47344017e+02 4.63928928e-03 6.46793982e-04 -7.03410262e-03 3.01592720e-03 6.88778328e-04 1.47612278e-03
1.50055220e+02 -7.25155783e-03 3.48873626e-02 -2.10264082e-02 9.21299458e-04 6.84386075e-04 1.79062976e-03
1.52772642e+02 -1.00334042e-02 -1.06560383e-04 -6.68680010e-03 3.80085116e-03 1.28460312e-03 9.40736867e-04
1.55485923e+02 4.09696771e-03 -2.39738903e-02 1.82426893e-02 1.43175538e-03 1.71159714e-03 2.35227311e-03
1.58208079e+02 1.20264916e-03 1.22905565e-02 1.39346216e-02 1.51599978e-03 2.05789298e-03 3.60865116e-03
1.60917157e+02 -1.05065295e-02 1.94474172e-02 2.86466746e-02 1.33176131e-03 2.85246475e-03 3.24793805e-03
1.63635407e+02 4.78378873e-04 2.28025022e-03 3.31946571e-02 2.98665728e-03 6.13294967e-04 6.29176395e-03
1.66349735e+02 7.23556740e-03 4.67551146e-03 2.59531936e-02 3.17591581e-03 1.51695316e-03 3.00517553e-03
1.69070345e+02 8.83571797e-03 -1.54878310e-02 1.85771966e-02 2.71492632e-03 1.83939025e-03 1.97633503e-03
1.71781329e+02 2.10152792e-02 -2.34449033e-02 5.23038626e-02 5.20502787e-04 3.70990141e-03 2.62873676e-03
1.74499892e+02 2.63494950e-02 1.95025309e-02 8.38364129e-02 1.42619589e-03 2.03316235e-03 1.67384654e-03
1.77219532e+02 2.69207954e-02 -3.14835516e-02 2.18118397e-02 1.68544898e-03 2.81503851e-03 1.32690120e-03
1.79932142e+02 3.08113161e-02 -2.18484529e-02 -4.55427720e-02 1.29404731e-03 6.37324704e-04 4.35267681e-04
1.82648048e+02 1.80549045e-02 -5.57789656e-02 -1.38271725e-02 2.48212510e-03 1.43479832e-03 1.58257371e-03
1.85363360e+02 2.41680284e-02 -1.73504051e-02 1.31275001e-02 1.37041307e-03 5.58938387e-03 1.49637498e-03
1.88084329e+02 8.00832798e-03 -5.07421502e-02 -1.50448628e-03 1.76157416e-03 4.62566209e-04 3.93085962e-03
1.90797423e+02 -1.32073052e-02 -2.82543898e-02 -2.20372496e-03 1.15729374e-03 6.02029106e-03 3.06712098e-03
1.93511720e+02 -1.92090229e-02 -5.75157140e-02 -1.34451546e-02 1.68086458e-03 6.05298864e-04 4.35213324e-03
1.96222345e+02 -2.88031492e-02 -5.69337804e-02 1.29219408e-04 8.62726845e-04 1.01086520e-03 4.04418437e-03
1.98936188e+02 -3.01119937e-02 -5.95378183e-02 -5.36717861e-02 1.54148309e-03 1.10805948e-03 1.23732051e-03
2.01660595e+02 -7.17308382e-03 6.03895324e-03 -5.48996838e-02 5.89244037e-03 1.14183421e-03 1.62720122e-03
2.04383110e+02 2.45267781e-03 3.26679732e-02 -4.35697932e-02 4.38158335e-03 3.41843166e-03 3.33774471e-03
2.07110423e+02 2.77374630e-03 1.48183221e-02 -5.27941374e-02 1.09101926e-03 1.57341223e-03 4.59633731e-03
2.09817142e+02 -6.18385589e-03 2.01806687e-03 -2.97743678e-02 1.19800046e-03 2.05814489e-03 1.94284841e-03
2.12531220e+02 1.39567037e-03 2.13113619e-02 -4.95078976e-02 3.00849600e-03 2.06323315e-03 1.97850598e-03
2.15261860e+02 -2.71988146e-02 4.44947911e-02 -5.51144333e-02 2.41389824e-03 1.34851149e-03 2.17211448e-03
2.17980360e+02 -3.49199607e-02 2.36481967e-02 -3.52014740e-02 5.73502911e-03 1.58557794e-03 2.29156617e-03
2.20696626e+02 -9.32444194e-03 6.93262148e-02 2.34908617e-02 1.89391378e-03 9.98844300e-04 3.55219233e-03
2.23424579e+02 -3.25689390e-03 -5.91935190e-03 2.51882986e-02 3.95615484e-03 3.99545180e-04 3.07064955e-03
2.26147532e+02 -1.16098545e-02 4.41668027e-03 -1.32757218e-02 5.37347564e-03 1.12411979e-03 1.00684009e-03
2.28862376e+02 1.16259955e-02 -1.82898002e-02 -3.76240187e-02 3.65850545e-03 1.27647606e-03 3.78804789e-03
2.31578657e+02 1.68548258e-02 -2.18878204e-03 -3.57105715e-03 1.48550738e-03 1.72385617e-03 1.18859451e-03
2.34298438e+02 2.38639330e-03 -1.79067816e-05 1.01691470e-02 1.05570504e-03 2.78410298e-03 8.41120188e-04
2.37015532e+02 1.17575267e-02 1.59011762e-03 1.29434450e-02 4.13321161e-03 2.96518236e-03 2.24317400e-03
2.39724032e+02 2.41141026e-02 -1.39918253e-02 8.14938727e-03 2.33418414e-03 1.75671019e-03 7.17385140e-03
2.42429735e+02 1.17620053e-03 -1.60847956e-02 8.67514238e-03 7.32662547e-04 1.23898635e-03 4.61108514e-03
2.45138048e+02 7.09309581e-03 -8.53341119e-02 -7.35720316e-03 3.70137051e-03 1.89934994e-03 4.12720903e-03
2.47851954e+02 2.55371866e-02 -2.02042671e-02 -5.39661312e-03 2.70940670e-03 5.50026654e-03 2.58256985e-03
2.50561688e+02 2.10335765e-02 -6.93889113e-03 7.83540383e-03 5.20331267e-04 2.69413190e-03 3.25747894e-03
2.53282642e+02 3.02663321e-02 3.97105965e-02 1.03992641e-02 3.44911593e-03 1.14072305e-03 2.66922557e-03
2.55998673e+02 2.01375608e-02 1.08443786e-03 -1.44951969e-02 4.20760259e-03 8.40409106e-04 1.67062973e-03
2.58719751e+02 5.77155965e-02 -8.32992915e-03 -1.98092244e-03 2.36714688e-03 9.71942239e-04 2.80993087e-03
2.61437829e+02 5.88442054e-02 -8.18488110e-03 4.13382012e-02 3.82285878e-03 1.51283115e-03 4.47747557e-03
2.64156595e+02 2.52179731e-02 -2.26447779e-02 4.20273143e-03 3.62899221e-03 9.49965456e-04 8.36170200e-03
2.66863017e+02 -2.76701009e-02 4.16507259e-02 2.02114594e-02 6.76075627e-04 1.56599719e-03 9.54253829e-03
2.69569194e+02 -2.44919045e-02 3.11113720e-02 -3.20140609e-03 1.63167634e-03 1.15348935e-03 2.60706818e-03
