6.63859129e-01 -2.26147037e-02 7.77859427e-02 9.11641830e-03 6.80341215e-03 1.80106203e-03 2.67369231e-04
3.38956010e+00 -1.74825626e-02 5.54714934e-02 -4.53091737e-03 4.91833240e-03 7.63578561e-04 1.40105562e-03
6.10463541e+00 -3.85455751e-02 2.80328095e-02 -1.86038371e-03 2.65202999e-03 6.15983236e-03 2.39144204e-03
8.81354603e+00 -6.19227409e-02 -1.01468612e-03 -1.87128661e-02 1.62815507e-03 1.14480638e-03 4.11988322e-03
1.15309548e+01 -3.19659835e-02 1.04816872e-02 -1.19375587e-02 9.24790714e-04 1.13369771e-03 4.28121091e-03
1.42485017e+01 -1.71047628e-02 1.39712701e-02 4.24048037e-02 1.31144736e-03 4.94625370e-03 1.95208640e-03
1.69612845e+01 5.41041917e-03 3.90988421e-02 7.11991016e-02 1.25327556e-03 1.77102283e-03 3.75734530e-04
1.96815251e+01 1.95030384e-02 9.72535842e-02 7.69607989e-02 2.96199565e-03 1.30254922e-03 2.48041272e-03
2.23947110e+01 -2.32250346e-03 6.63436273e-02 8.73871003e-02 1.47996566e-03 2.06031334e-03 1.77056867e-03
2.51081735e+01 -7.53401877e-03 2.29768297e-02 7.68260668e-02 2.52419427e-03 1.05831801e-03 4.53762485e-03
2.78344345e+01 9.23135379e-03 -2.87544262e-02 5.47434225e-02 3.32969374e-03 1.26728894e-03 3.84788277e-03
3.05518860e+01 9.54328598e-03 7.58679643e-04 -9.69613928e-03 4.55756113e-03 2.04036565e-03 3.93184506e-03
3.32798829e+01 1.85856527e-03 -2.81511729e-02 -7.37325280e-02 3.08397445e-03 1.17194094e-03 3.70666339e-03
3.60075532e+01 -1.99678178e-02 -1.35723027e-03 -8.43365098e-02 2.09375685e-03 4.98583448e-03 7.09886815e-03
3.87275454e+01 -2.35081308e-02 2.62238764e-02 -6.69659720e-02 4.78578586e-03 1.36432488e-03 5.19297216e-03
4.14419063e+01 -3.54842476e-02 1.40588615e-02 -7.90704641e-02 1.42498444e-03 1.82488135e-03 4.39361029e-03
4.41444563e+01 -1.57444575e-02 -2.03707439e-02 -2.83045496e-02 2.62054242e-03 1.93034761e-03 5.33835139e-03
4.68468782e+01 -2.15994466e-02 -4.95022849e-03 -9.66927296e-03 4.51399357e-03 2.99746452e-03 3.58769823e-03
4.95617970e+01 -2.05910927e-02 3.78875884e-02 3.40581881e-02 1.65065786e-03 6.46360177e-03 2.75280183e-03
5.22759188e+01 -4.84186729e-02 1.62264220e-02 7.14351484e-02 2.76983266e-03 2.64119679e-03 1.89010993e-03
5.49950782e+01 -3.27823917e-02 2.00820202e-02 4.46665168e-02 3.32667477e-03 2.40533786e-03 8.02763983e-04
5.77171251e+01 -2.52970253e-02 2.25518441e-03 1.99293072e-02 3.08642480e-03 1.68434961e-03 7.92002576e-03
6.04433032e+01 -3.16154089e-02 6.32075329e-03 1.93605983e-02 3.14108875e-03 5.89861331e-04 5.31395500e-03
6.31660282e+01 -2.42606032e-02 1.40974914e-02 -1.51598608e-02 1.35666723e-03 1.01394503e-03 3.05408635e-03
6.58942048e+01 -2.45630871e-02 -1.71826156e-02 -3.82801696e-02 2.74891907e-03 2.63733120e-03 4.76044722e-03
6.86125298e+01 -1.54475109e-03 -3.04712201e-02 -5.93434414e-02 8.41711556e-03 3.96873336e-03 3.25611043e-03
7.13392376e+01 -3.12137924e-04 -5.11688492e-02 -1.71454460e-02 8.08151270e-03 6.66168063e-04 3.77334927e-03
7.40581095e+01 -7.02772558e-03 -2.67094715e-02 4.08842454e-02 9.44292411e-03 8.88424263e-04 4.71568229e-03
7.67691110e+01 -1.87139728e-02 -3.74681098e-02 5.89819556e-02 5.94903236e-03 1.95820458e-03 5.72029408e-03
7.94892610e+01 -1.44966663e-02 -9.60693387e-03 5.81926832e-02 6.22461534e-03 5.73420167e-03 6.73766392e-03
8.22031360e+01 -2.16041753e-02 -1.18639450e-02 4.09433387e-02 2.08267012e-03 1.35081582e-03 2.68919936e-03
8.49231704e+01 -2.94015097e-02 1.10077696e-02 6.94197996e-03 1.34547136e-03 1.20963496e-03 1.27626472e-03
8.76287704e+01 -1.84958266e-02 5.00825604e-02 -8.56288772e-03 8.27702753e-04 7.34523572e-03 4.39205373e-04
9.03408220e+01 1.10711369e-03 -5.06871873e-03 1.67908794e-02 2.98398221e-03 1.77559347e-03 1.85803924e-03
9.30544751e+01 -3.40645791e-03 -5.48539130e-03 4.59512204e-03 1.34816062e-03 1.70036986e-03 9.65182087e-04
9.57712454e+01 -8.06514824e-03 1.21359265e-02 4.49233057e-02 1.40278305e-03 1.68920918e-03 1.64957755e-03
9.84888329e+01 1.18047806e-02 -1.43895665e-02 6.22709363e-02 4.39334726e-03 1.70558692e-03 1.62426053e-03
1.01199259e+02 6.40505686e-03 2.48440544e-02 2.58643058e-02 4.63269019e-03 3.19518412e-03 4.20063500e-03
1.03918713e+02 -2.10286123e-02 6.31125899e-02 2.86504175e-02 1.97400183e-03 8.31687171e-04 1.85988482e-03
1.06633150e+02 -3.69509854e-02 2.85998904e-02 -3.31245194e-03 1.58971534e-03 2.65920199e-03 2.04991011e-03
1.09352416e+02 -2.71354813e-02 4.42901449e-02 -6.77937271e-03 8.14050802e-04 1.36024369e-03 1.64971262e-03
1.12064619e+02 -2.75466778e-02 3.53825794e-02 8.20014965e-03 1.66948561e-03 2.49877383e-03 3.17070980e-03
1.14779572e+02 6.24061401e-03 7.44665989e-03 2.37715251e-02 3.51093810e-03 2.08206097e-03 1.97224541e-03
1.17494369e+02 2.61405271e-02 -5.11860567e-03 3.14311357e-02 2.69080442e-03 3.65650233e-04 2.59260535e-03
1.20210525e+02 3.23836812e-02 3.20550288e-02 3.28014545e-02 1.06004034e-03 1.82211766e-03 2.60376949e-03
1.22922150e+02 5.75410047e-02 4.72577247e-02 2.08088202e-02 5.44430099e-04 1.08641507e-03 2.57654635e-03
1.25639228e+02 5.37256706e-02 8.69261930e-02 -1.48231244e-02 2.32148887e-03 6.07984330e-04 3.45757695e-03
1.28345603e+02 4.75106319e-02 2.93654837e-02 -3.86710574e-02 2.08005469e-03 2.71835582e-03 4.52348889e-03
1.31065369e+02 2.37506452e-02 2.09094821e-02 -4.14700881e-02 9.87114640e-04 1.85059450e-03 1.46597210e-03
1.33774588e+02 5.41214655e-03 -2.55081886e-03 -4.52155216e-02 2.77978597e-03 1.48589098e-03 1.92886550e-03
1.36482541e+02 1.22329747e-02 3.71368523e-03 -7.31333192e-02 3.32902214e-03 2.34452640e-03 1.76670535e-03
1.39202447e+02 -9.63552501e-03 9.87718839e-03 -4.55879394e-02 2.52483917e-03 1.65269544e-03 2.43936386e-03
1.41914869e+02 -1.77664229e-02 5.00734776e-03 5.04740346e-02 2.05575756e-03 9.37850833e-04 2.07816795e-03
1.44626869e+02 -3.54760740e-03 9.57178104e-02 8.71148723e-02 2.99183177e-03 1.36867849e-03 3.73957718e-03
1.47344322e+02 8.63720468e-03 1.09012910e-01 6.35108687e-02 1.95667553e-03 1.50993526e-03 1.52754008e-03
1.50068916e+02 -1.32397896e-02 5.50528850e-02 1.14659413e-02 1.28784574e-03 5.11462509e-04 3.05294182e-03
1.52790275e+02 -1.69139991e-02 9.52996889e-02 3.71508880e-02 3.39992729e-03 1.21011080e-03 2.11340139e-03
1.55506650e+02 -3.19639067e-03 1.13673084e-01 1.06640675e-02 1.15978924e-03 2.67806640e-03 4.17012111e-03
1.58219947e+02 3.49798494e-02 6.05758707e-02 -3.86133463e-02 1.93241128e-03 2.44157494e-03 3.47773398e-03
1.60931556e+02 7.28265251e-02 4.96281035e-02 -8.12340875e-02 3.50525517e-03 1.86050077e-03 8.26238107e-03
1.63643431e+02 7.79510775e-02 4.19461278e-02 -4.18490217e-02 2.00804271e-03 1.01804926e-03 2.77754111e-03
1.66362369e+02 3.93240272e-02 5.19459427e-02 -3.21869672e-02 7.94048462e-03 2.31715771e-03 7.37191986e-03
1.69083416e+02 5.10769541e-03 5.54734273e-02 -4.44376036e-02 7.61908053e-03 1.02771784e-03 1.60478914e-03
1.71802884e+02 8.49376613e-03 2.73890176e-02 -5.58800102e-02 3.66820777e-03 4.81167679e-03 1.05902189e-03
1.74521619e+02 4.88962902e-02 -1.41742148e-02 -1.36325002e-02 2.18752678e-03 3.04423133e-03 2.12082059e-03
1.77236869e+02 8.49217301e-02 4.38600231e-02 2.80047652e-02 1.60744504e-03 2.00248747e-03 1.87956392e-03
1.79948838e+02 6.25253720e-02 4.56621050e-02 7.73348364e-02 2.20400796e-03 1.15306827e-03 2.19622304e-03
1.82657353e+02 5.20513494e-02 2.89453561e-02 9.86054622e-02 1.33688900e-03 8.22981593e-04 9.70292798e-04
1.85368259e+02 8.01545158e-03 -2.08204590e-02 8.16870317e-02 1.44028235e-03 3.29708149e-03 4.70776347e-03
1.88083478e+02 -2.31123251e-02 -1.49028367e-02 4.66112639e-02 5.93461540e-03 2.02258625e-03 6.52360899e-03
1.90793447e+02 -2.13943079e-02 3.12902353e-02 2.10959653e-02 6.49371732e-03 3.68877661e-03 3.90801691e-03
1.93518884e+02 -1.53365417e-02 -5.63495421e-03 3.51619644e-02 2.59609042e-03 1.35584148e-03 5.91419743e-03
1.96236916e+02 -1.95103954e-02 -2.22001167e-02 1.78669925e-02 2.81560488e-03 2.88234469e-03 5.15411748e-03
1.98961525e+02 -1.56733745e-02 4.39621187e-02 2.03636814e-02 5.06526980e-03 2.28890700e-03 2.32220928e-03
2.01685431e+02 -1.15330688e-02 2.44482451e-02 4.91887648e-02 3.08433580e-03 4.59150094e-04 1.73279300e-03
2.04406556e+02 2.42419413e-02 2.15419699e-02 2.53703213e-02 1.84033877e-03 1.80759481e-03 6.06079348e-03
2.07143166e+02 -1.16134230e-03 4.04671653e-02 -2.03047826e-02 1.64227976e-03 2.71124331e-03 2.02568733e-03
2.09873134e+02 -1.27453251e-02 -2.16474833e-02 5.62635955e-03 3.60095232e-03 1.78397329e-03 7.47342732e-03
2.12588853e+02 7.81464944e-03 1.86747556e-02 3.83317076e-02 2.52286445e-03 1.16769823e-03 1.27082000e-03
2.15314697e+02 -3.30370795e-02 1.67307573e-03 3.48403947e-02 1.33226116e-03 9.91183359e-04 6.97414283e-03
2.18029025e+02 -1.96844973e-02 6.47127241e-02 5.56808105e-02 3.34379623e-03 1.50913492e-03 6.99437010e-03
2.20740728e+02 1.59885491e-02 7.60025165e-02 -1.19281613e-02 6.25315420e-04 4.62261160e-03 3.50096881e-03
2.23448244e+02 5.92987265e-02 3.58918743e-02 -7.41766799e-02 3.50832811e-03 1.41779086e-03 5.56635614e-03
2.26153603e+02 5.90829902e-02 -3.65428226e-03 -9.77336566e-02 3.16205043e-03 2.01267127e-03 3.08594504e-03
2.28867041e+02 9.19654548e-03 1.98526557e-02 -8.72004284e-02 1.02028747e-03 2.08662042e-03 8.75674188e-03
2.31593463e+02 -2.93646857e-02 5.99336569e-02 2.72425717e-03 3.90374631e-03 3.47329399e-04 3.74250650e-03
2.34315494e+02 -3.40946640e-02 7.12820668e-02 5.38646221e-02 5.22957175e-03 3.03916858e-03 3.20796351e-03
2.37033384e+02 -2.23750346e-03 2.61164677e-02 4.32651425e-02 6.24745788e-03 1.20932925e-03 5.63424491e-03
2.39746400e+02 3.87754073e-02 2.40207479e-02 6.93384095e-02 5.33314469e-03 2.50364339e-03 1.95837177e-03
2.42463119e+02 3.68190406e-03 -8.66841222e-04 7.96775371e-02 3.60968591e-03 1.55206110e-03 3.26645295e-03
2.45177541e+02 -8.33312103e-02 -1.55361706e-02 4.08983955e-02 1.13925848e-03 1.11878735e-03 9.46754030e-03
2.47881103e+02 -6.98675571e-02 -2.67437753e-02 5.32264708e-02 1.79577455e-03 1.68072627e-03 1.92692629e-03
2.50589384e+02 -9.90772732e-03 -7.41308871e-03 6.15094303e-02 4.64980224e-03 2.01729655e-03 5.26245959e-03
2.53306806e+02 1.35655493e-02 8.54468656e-03 7.59323329e-02 3.85961840e-03 1.81149423e-03 5.64533314e-03
2.56021197e+02 2.40007894e-02 -1.24525601e-02 5.82897800e-02 3.22766669e-03 1.26797482e-03 1.35183426e-03
2.58735338e+02 5.89355380e-02 1.71745556e-02 -5.75877199e-02 2.58681219e-03 3.42144263e-03 5.29392959e-03
2.61455134e+02 7.96341504e-02 1.64754341e-02 -1.03085064e-01 2.17630180e-03 2.50749673e-03 1.62794904e-03
2.64162869e+02 2.77157746e-02 -2.71463958e-02 -6.49565309e-02 2.92813346e-03 8.36833706e-03 2.21239337e-03
2.66876494e+02 6.10918873e-03 -2.18703940e-02 5.14413658e-02 6.49092508e-03 1.71730029e-03 4.04164963e-03
2.69588161e+02 -1.67620260e-02 1.03668280e-02 4.14287481e-02 8.89209522e-03 1.33085003e-03 8.18857834e-04
