6.83699660e-01 1.36422321e-03 -2.14063822e-02 5.60510408e-02 2.73029392e-03 2.15050989e-03 2.39998072e-03
3.39569872e+00 2.98605603e-03 -7.49527673e-03 5.02915156e-03 2.11893619e-03 1.29217936e-03 1.11939634e-03
6.10710122e+00 3.91061866e-02 3.59428984e-02 -4.49467140e-03 4.84685411e-03 2.55113240e-03 1.36868271e-03
8.82103996e+00 4.21752292e-02 1.68252306e-02 -2.29518247e-02 6.19190306e-04 1.38571986e-03 1.63264712e-03
1.15365276e+01 5.73838753e-03 -2.91594689e-02 3.13214438e-03 1.20219043e-03 1.91240218e-03 3.18021496e-03
1.42508479e+01 5.67483238e-03 -6.67349564e-02 -2.69666869e-02 1.15633917e-03 1.18174129e-04 3.22872086e-03
1.69675151e+01 -6.66176027e-03 -6.48208043e-02 -3.80196599e-02 1.47267674e-03 3.44781708e-03 1.11607279e-03
1.96861495e+01 -1.50046810e-02 -4.37317253e-02 -2.09079471e-02 8.33936431e-04 2.47226615e-03 2.09650819e-03
2.24071901e+01 9.34428416e-03 -5.11109942e-02 7.91101970e-03 1.87942364e-03 1.91844696e-03 9.55077125e-04
2.51277792e+01 2.02036175e-02 -1.66454062e-02 3.32275251e-03 9.09018247e-04 6.38446453e-04 1.48953898e-03
2.78469979e+01 -2.58249450e-03 1.81501784e-02 -2.66992749e-02 1.33481709e-03 1.02459766e-03 1.41132421e-03
3.05681089e+01 3.11350582e-03 1.12251042e-02 -4.13008522e-02 6.51625497e-03 3.91940312e-03 4.73617917e-03
3.32787620e+01 1.52801530e-02 1.06273797e-02 1.26243171e-02 1.71096955e-03 2.85550821e-03 3.22333306e-03
3.59894620e+01 2.15610295e-02 -4.12706220e-02 4.26631686e-02 1.73751896e-03 4.14610022e-03 4.10961493e-03
3.87023917e+01 3.06297951e-02 -9.31786995e-03 2.82714788e-02 3.00210931e-03 9.09608766e-04 1.83045678e-03
4.14238526e+01 3.07715749e-02 1.12814445e-03 -2.69285615e-04 3.81981594e-03 1.46864269e-03 1.92033323e-03
4.41397729e+01 3.85674251e-02 1.40603277e-03 -5.25993506e-02 4.71036482e-03 2.54924482e-03 3.65050379e-03
4.68624214e+01 2.98870739e-02 1.43597828e-02 -4.52455832e-02 2.89305081e-03 2.13525074e-03 7.97608875e-03
4.95791073e+01 6.80097665e-03 2.88314517e-03 9.14975290e-03 1.48680107e-03 3.44723962e-03 7.68131388e-03
5.22890745e+01 1.89175483e-02 4.83624640e-04 1.33206069e-02 2.96051914e-03 1.00636988e-03 1.01224991e-02
5.49968339e+01 1.70147781e-02 -3.80390874e-02 1.70880139e-03 1.34757609e-03 1.80397760e-03 1.30270831e-02
5.77086089e+01 3.31332987e-03 -2.49906389e-02 2.80728489e-02 3.62905950e-03 9.34286917e-04 2.50848390e-03
6.04343620e+01 1.07321783e-02 2.18758714e-02 5.65531197e-03 3.52347762e-03 2.25207853e-03 1.37915372e-03
6.31538276e+01 2.25295372e-02 -8.29657118e-03 1.59676848e-02 2.60678327e-03 1.68873134e-03 3.83973921e-03
6.58745932e+01 2.29292837e-02 -3.04830144e-02 1.75269008e-02 1.46641166e-03 1.03620621e-03 4.87456262e-04
6.86001604e+01 4.24112650e-02 -1.06352048e-02 3.50301558e-02 4.47013804e-03 1.18419833e-03 3.72259963e-04
7.13180401e+01 3.17865786e-02 3.24012281e-02 -3.67359591e-02 3.21711317e-03 1.89411494e-03 4.87133400e-03
7.40394401e+01 1.19829070e-02 2.41492870e-02 -4.82537520e-02 4.20075614e-03 1.94707099e-03 6.76400624e-03
7.67493417e+01 1.14244610e-02 -7.86587323e-03 -4.37899467e-02 2.39384004e-03 2.43824207e-03 7.63863988e-03
7.94595089e+01 -1.57105308e-02 -2.46093703e-02 -2.70489977e-02 3.21918014e-03 2.49309619e-03 5.31429374e-03
8.21659182e+01 -2.00400893e-02 1.61907496e-02 5.29717045e-03 5.25473671e-03 3.67086825e-03 3.45636570e-03
8.48817089e+01 -2.44159260e-02 1.63499266e-02 6.58201936e-02 4.49365660e-03 1.19795125e-03 3.58108454e-03
8.76039917e+01 -2.27211573e-02 1.78970294e-03 5.02112979e-02 4.92282925e-03 6.16773523e-03 3.60237604e-03
9.03212932e+01 -6.12631255e-03 1.66360296e-02 -4.66452555e-02 8.71135598e-03 1.35127481e-03 2.18853858e-03
9.30496198e+01 1.44484812e-02 1.27212900e-03 -3.66055519e-02 2.77829767e-03 2.87071278e-03 2.16736984e-03
9.57747995e+01 1.61455867e-03 1.70329520e-02 -4.83515606e-02 3.21387653e-03 7.36671652e-04 3.11634050e-03
9.84860917e+01 -2.35585414e-03 1.76418819e-02 -4.87846203e-02 4.42571841e-03 9.85926962e-04 4.43013148e-03
1.01198906e+02 2.75508834e-02 -1.28334352e-02 -3.20369923e-02 1.52271906e-03 1.02448472e-03 5.09191947e-03
1.03905734e+02 2.12489258e-02 -2.73156807e-02 -5.94469251e-02 2.45465481e-03 1.58363929e-03 3.57616292e-03
1.06611218e+02 1.73111589e-02 -6.52148146e-03 -4.11670397e-02 2.31797409e-03 3.10013122e-03 4.00462989e-03
1.09322062e+02 2.21702913e-02 -2.20292768e-02 -2.15817170e-02 2.57504329e-03 1.65871057e-03 2.02896036e-03
1.12043656e+02 1.27937580e-02 -3.25086714e-02 -3.54050442e-03 3.31901254e-03 4.95958490e-04 5.11182791e-04
1.14757312e+02 6.29056608e-03 1.86463557e-03 -2.24164071e-02 2.74194341e-03 1.92769762e-03 5.55870635e-03
1.17472265e+02 -6.15445833e-03 1.16176098e-02 -2.62671342e-02 2.91379745e-03 1.80586864e-03 2.50061252e-03
1.20187437e+02 -2.05449583e-02 -3.83761175e-02 1.81476040e-02 2.74677822e-03 1.40998777e-03 2.39721621e-03
1.22903578e+02 -3.59360991e-02 -5.58960962e-02 6.38841074e-03 3.45796151e-03 1.56623834e-03 5.25258835e-03
1.25610812e+02 -1.96941880e-02 -8.66957912e-02 -3.75467906e-02 2.86459649e-03 4.69333089e-04 6.08094878e-04
1.28326109e+02 -1.03022056e-02 -5.49693220e-02 -3.97876073e-02 2.43856974e-03 1.64374826e-03 1.61105109e-03
1.31038124e+02 -1.36404622e-02 -4.40767510e-02 -3.61083949e-02 3.94266494e-03 3.20366798e-03 1.48254324e-03
1.33761749e+02 -2.63613441e-02 5.31618693e-03 6.59608355e-04 5.14250261e-03 1.48510492e-03 1.56177767e-03
1.36472843e+02 -1.92617478e-02 2.92064979e-02 -1.78590290e-03 4.29123279e-03 2.00698821e-03 2.45587188e-03
1.39183968e+02 -1.24750105e-02 1.19616390e-02 -2.74924715e-02 2.51007837e-03 2.35985931e-03 3.23941348e-03
1.41894765e+02 7.09562503e-03 -2.81335097e-02 -4.54875384e-02 1.67381023e-03 2.73415812e-03 1.54794966e-03
1.44605999e+02 7.33765639e-04 -6.24023910e-02 -5.92478548e-02 4.10502204e-03 5.73567844e-04 1.65123411e-03
1.47321499e+02 -2.99652403e-02 -6.48604787e-02 -9.44715123e-03 1.22646408e-03 7.46215834e-04 6.18620367e-03
1.50029921e+02 -2.81728448e-02 -7.02304587e-02 -1.85549694e-03 1.96495800e-03 6.36730077e-04 3.89646537e-03
1.52750453e+02 -3.09848128e-02 -8.64308570e-02 -1.69854321e-03 1.33532889e-03 2.06969174e-03 1.52487644e-03
1.55464343e+02 -2.31465650e-02 -9.41998371e-02 -2.14137266e-02 2.22042586e-03 1.39581134e-03 2.79041749e-03
1.58191171e+02 -4.57181404e-02 -4.95312938e-02 -4.06579362e-03 1.39420538e-03 4.38307460e-03 7.08246808e-03
1.60912859e+02 -2.14467534e-02 -4.20646341e-02 5.13180185e-03 2.21895108e-03 1.99075913e-03 5.56318529e-03
1.63636796e+02 -1.92470668e-02 -1.14524548e-02 1.28600307e-02 2.06761999e-03 1.59142574e-03 5.46690355e-03
1.66351703e+02 -2.58471503e-02 -8.46641564e-03 2.64292460e-02 3.79721547e-03 1.56283287e-03 4.76310623e-03
1.69064406e+02 -1.19076852e-02 2.49169641e-03 2.85662059e-02 5.39742078e-03 2.34327175e-03 8.58678167e-03
1.71781078e+02 -1.73750213e-02 -4.99593213e-03 1.63936211e-02 2.68875547e-03 1.40630602e-03 5.43222770e-03
1.74493796e+02 -1.76900009e-02 2.43492830e-02 6.71976323e-04 2.80935456e-03 2.48161834e-03 3.61627571e-03
1.77203937e+02 1.52470081e-02 -3.40337453e-02 -1.81742987e-02 6.39502496e-03 1.29839754e-03 6.47489542e-03
1.79921593e+02 4.45323806e-02 -3.66444863e-02 -3.64529286e-02 6.89403319e-03 5.14103797e-04 3.80307303e-03
1.82627187e+02 5.70406553e-02 -5.08212510e-02 -1.85179380e-02 6.93127507e-03 3.85483541e-03 4.85385403e-03
1.85339984e+02 -1.43800377e-02 -2.13317145e-02 -1.90323657e-02 3.69447194e-03 1.25374708e-03 6.05119057e-03
1.88047171e+02 -3.52013831e-02 -2.05527056e-02 -2.49410729e-03 3.05982997e-03 3.16870505e-03 1.07083290e-02
1.90766484e+02 -3.87266713e-02 -4.00081580e-02 -3.15093719e-02 3.16336431e-03 2.46388161e-03 3.89099284e-03
1.93475812e+02 -2.42331767e-02 1.70657961e-02 -6.33584150e-02 2.44822759e-03 5.09591494e-04 1.24275324e-02
1.96195937e+02 9.81325042e-03 8.48066749e-03 -2.37528170e-02 1.24759324e-03 1.50967217e-03 2.76632165e-03
1.98918046e+02 1.08492029e-02 -1.67697503e-02 -6.06505896e-02 2.48140291e-03 8.60727671e-04 7.77235562e-03
2.01641281e+02 2.52668094e-02 1.94964021e-02 -7.22937797e-02 1.01311016e-03 1.76581857e-03 6.35257279e-03
2.04367437e+02 8.00848902e-03 1.58203681e-02 -1.21044691e-02 1.80634056e-03 1.75015524e-03 1.38775001e-03
2.07092828e+02 -1.83905657e-02 -1.00312727e-02 5.20021606e-02 2.80462526e-03 1.64193062e-03 8.96104373e-03
2.09814734e+02 -4.45766030e-03 -8.12831487e-03 8.01315742e-03 4.05182931e-03 1.64701092e-03 1.04328154e-03
2.12533687e+02 5.07608481e-02 -4.78013125e-02 -3.03770287e-02 9.33982588e-04 3.14989738e-03 1.00562415e-02
2.15249390e+02 4.32835505e-02 3.58754721e-02 -7.85010149e-02 3.87590205e-03 1.32153220e-03 5.22001800e-03
2.17968953e+02 1.94333982e-02 5.89771572e-03 -5.23998532e-02 4.51183636e-03 2.16644935e-03 6.31568245e-03
2.20685640e+02 -1.92436384e-02 -3.26283321e-02 -2.32218015e-02 1.77959128e-03 6.98727343e-03 7.32455616e-03
2.23398312e+02 -4.99679386e-02 -3.79575460e-02 1.22324360e-02 1.84061535e-03 7.99473643e-04 5.48598875e-03
2.26113531e+02 -5.96658737e-02 -5.12488321e-02 1.22425364e-02 8.44866760e-03 3.40635471e-03 5.22705628e-03
2.28831718e+02 -3.86077402e-02 -5.44009166e-02 6.17232031e-03 1.21569074e-03 4.09490637e-03 2.86255232e-03
2.31550328e+02 -2.89712348e-02 -3.67700955e-02 -1.74622626e-03 2.19668819e-03 4.91032602e-04 1.91466650e-03
2.34268015e+02 -6.17467588e-04 -6.14461555e-02 -2.12942633e-02 1.16528438e-03 1.85274246e-03 2.72412183e-03
2.36980249e+02 5.51206510e-02 -5.33475197e-02 -9.57726344e-03 4.05782314e-03 9.82668931e-04 5.53527231e-03
2.39689312e+02 8.11895964e-02 -5.10385394e-02 -3.12934079e-02 2.04051354e-03 1.00373312e-03 2.76116775e-03
2.42410046e+02 4.44663385e-02 -4.71131065e-03 -2.23891923e-02 2.48077458e-03 1.41965853e-03 3.00721969e-03
2.45120359e+02 3.15766023e-02 -1.56456262e-02 -1.54358138e-02 1.55202682e-03 1.50917977e-03 4.14891979e-03
2.47836546e+02 1.42463748e-02 7.48608205e-03 -6.93231264e-03 2.73227923e-03 8.40643595e-04 7.66329048e-03
2.50544624e+02 7.86842504e-03 1.97263612e-02 -5.20827361e-02 3.72892503e-03 1.49302959e-03 6.05905673e-03
2.53258156e+02 2.08863270e-03 -7.22241178e-03 -6.39374569e-02 6.32462899e-03 3.12461656e-03 4.10987024e-03
2.55977609e+02 -1.46403697e-02 8.97983238e-03 -5.62776828e-02 2.26022390e-03 4.38113975e-04 5.45024957e-03
2.58682953e+02 9.69573010e-03 5.90209858e-03 -4.04366410e-02 2.23030915e-03 1.17844910e-03 4.36975436e-03
2.61403109e+02 -3.27887572e-02 1.65397881e-02 4.73555818e-02 3.48647719e-03 1.25678030e-03 3.04273867e-03
2.64128765e+02 -2.63399427e-02 1.20026167e-02 8.97641363e-02 4.72810265e-04 4.50329410e-03 3.97152078e-03
2.66847984e+02 -4.69360239e-02 -2.85845230e-02 9.24288804e-02 1.51764076e-03 9.30719359e-04 3.33939746e-03
2.69566500e+02 -2.32751417e-02 -3.14455649e-03 7.59789012e-02 2.54296892e-03 1.71273151e-03 4.45980784e-04
