6.81471979e-01 -3.73456708e-02 2.80817714e-02 6.17241361e-03 2.49271210e-03 2.72645343e-03 2.48906747e-03
3.40058043e+00 5.80958376e-05 2.64507030e-02 -1.49018293e-02 4.77400890e-03 2.15913151e-03 1.77424327e-03
6.11034731e+00 4.56051746e-02 3.55840287e-02 -2.67371589e-02 4.62207215e-03 2.93569738e-03 1.72151322e-03
8.82214324e+00 3.34714575e-02 2.73332508e-02 3.42617813e-02 4.05895474e-03 2.09392805e-03 3.11342378e-03
1.15403878e+01 -3.78436943e-02 1.57770161e-02 7.35251329e-02 3.63749675e-03 1.73688949e-03 3.79144129e-03
1.42509440e+01 -4.06929086e-02 3.01972361e-02 5.30225238e-02 6.86887911e-03 2.76429204e-03 1.43369708e-03
1.69644971e+01 -7.14023626e-03 -2.21224638e-03 4.88601089e-02 3.12159003e-03 2.12099650e-03 2.85097989e-03
1.96742284e+01 2.66432050e-02 -1.30385880e-02 5.89639290e-02 7.14996857e-03 1.22130506e-03 1.12321487e-03
2.24050706e+01 -1.14732737e-02 -5.88875847e-02 3.79016015e-02 1.18559895e-02 1.12900540e-03 2.37358931e-03
2.51178222e+01 1.96968060e-02 -2.54228131e-02 2.11877074e-02 8.13138078e-03 3.81222110e-03 5.57455082e-03
2.78273331e+01 5.55228286e-02 -2.40834962e-03 1.06658946e-02 7.41922109e-03 1.72611789e-03 1.81479010e-03
3.05415503e+01 4.37375062e-02 5.36178672e-02 2.88179801e-02 2.75286607e-03 1.08067879e-03 8.91373160e-03
3.32568268e+01 1.04811264e-03 3.66605756e-02 2.40906779e-02 2.98170244e-03 1.46366722e-03 8.81134529e-03
3.59669518e+01 -2.22836720e-03 2.81953184e-02 8.90884775e-02 7.09963490e-03 3.26832819e-03 1.03345635e-02
3.86857909e+01 1.39240853e-02 -1.24671639e-03 1.11689259e-01 1.02041033e-03 3.62804519e-03 2.83878430e-03
4.14092237e+01 2.56764626e-02 -2.24596696e-03 1.15541419e-01 2.61602860e-03 5.54119734e-04 3.84241572e-03
4.41284378e+01 5.31873995e-03 2.14173785e-02 9.01947537e-02 7.16256027e-04 2.80373415e-03 4.27399941e-03
4.68425472e+01 -3.03241818e-02 1.84684602e-02 5.15894324e-02 3.31632002e-03 7.82807954e-04 5.85039194e-03
4.95508393e+01 1.62606762e-02 6.22825806e-03 1.18805659e-02 6.67606024e-03 3.09086658e-03 1.96822254e-03
5.22688003e+01 2.27039896e-03 2.36026424e-03 -5.74803071e-02 2.29833013e-03 2.57150491e-03 3.91059454e-03
5.49857565e+01 -1.15068407e-02 2.68653948e-02 -5.21721065e-02 3.26052702e-03 1.32598443e-03 2.55878547e-03
5.77007097e+01 1.33409077e-02 -1.52494659e-02 1.22889412e-02 2.67042150e-03 1.19077396e-03 3.74270182e-03
6.04233206e+01 -2.16886232e-02 -8.84014439e-03 2.26336892e-02 3.20022779e-03 3.73689501e-04 1.11922074e-03
6.31401971e+01 -2.37034734e-02 -5.32654410e-02 1.64694992e-02 4.23112618e-03 4.55641757e-04 2.50646891e-03
6.58594190e+01 8.51783594e-03 2.67115696e-03 2.56435656e-02 3.07173051e-03 4.83030898e-04 5.19751372e-03
6.85741237e+01 6.21017830e-02 6.68009817e-02 4.11532597e-02 6.20367644e-03 2.40048881e-03 1.67802817e-03
7.13027393e+01 4.60482683e-02 3.14204935e-02 7.05716563e-02 5.42885043e-03 3.12736520e-03 3.57670322e-03
7.40190956e+01 6.87838899e-02 -4.13116615e-02 8.78295058e-02 6.29934118e-03 4.48245828e-03 5.05658050e-03
7.67435315e+01 4.94256573e-02 -4.28364918e-02 5.30451055e-02 3.58463021e-03 1.02291782e-03 4.83944133e-03
7.94555003e+01 2.99784285e-02 -1.88604164e-03 1.24201961e-02 4.13700022e-03 6.69562954e-04 4.46625651e-03
8.21702768e+01 8.99702333e-03 -2.53963204e-03 -1.63581481e-03 3.79523354e-03 2.72075170e-03 4.43398673e-03
8.48856190e+01 -2.26195637e-02 1.52810100e-02 -3.19755637e-02 2.59513387e-03 8.69697247e-04 5.16697538e-03
8.76047222e+01 -3.47736529e-02 -2.34366403e-02 -2.89341270e-02 3.50498857e-03 1.35620009e-03 3.29423383e-03
9.03185831e+01 -4.14018066e-02 8.27581367e-03 -2.18406498e-02 9.14104499e-03 2.69123168e-03 3.07019702e-03
9.30360425e+01 -3.91418370e-02 2.45706136e-02 4.18001472e-03 4.33909998e-03 3.18879822e-03 1.87911539e-03
9.57475550e+01 1.27881788e-02 -2.77428434e-02 2.34601266e-02 4.44037736e-03 1.25958338e-03 3.48892165e-03
9.84620643e+01 3.66723366e-03 1.12967013e-02 3.84937446e-02 6.53521741e-03 2.58430463e-03 5.89350289e-03
1.01177289e+02 -4.90794982e-02 1.53862270e-02 6.88042800e-02 4.19411017e-03 5.20793846e-03 2.91304423e-03
1.03892211e+02 -3.55531109e-02 -1.86405422e-03 1.12997399e-01 3.54290652e-03 5.02799652e-03 5.13484754e-03
1.06592961e+02 3.66740144e-02 -2.06801733e-02 1.34996944e-01 2.41863242e-03 1.40768392e-03 1.31362925e-03
1.09319586e+02 3.51163201e-03 1.83645932e-02 7.34178068e-02 4.54208524e-03 3.94484282e-04 5.28419001e-03
1.12015696e+02 3.14225696e-02 3.22203581e-02 2.93266485e-02 3.58012368e-03 1.28565293e-03 3.40316798e-03
1.14730602e+02 2.28117005e-02 3.76027668e-02 -2.08540952e-02 4.02933299e-03 1.94517201e-03 5.76347704e-03
1.17438805e+02 9.15113942e-03 3.45271540e-03 -2.41193532e-02 3.64767946e-03 5.17345630e-03 4.07291270e-03
1.20153774e+02 1.87073970e-02 -2.80710546e-02 4.23101410e-02 1.96239404e-03 9.72867477e-04 1.85458060e-03
1.22873305e+02 3.11420801e-02 -2.17358408e-02 3.52365163e-02 4.58832671e-03 5.18874706e-03 3.37930769e-03
1.25591602e+02 3.15038946e-02 -4.91111342e-03 4.90607147e-02 5.67415783e-03 5.55387586e-04 2.15405797e-03
1.28314430e+02 2.99041534e-02 5.21293196e-03 3.64317420e-03 7.58124155e-03 3.33570595e-04 3.75526108e-03
1.31028774e+02 1.66292337e-02 1.43748183e-02 1.32647561e-02 4.29975230e-03 1.16126656e-03 1.98769480e-03
1.33754086e+02 -2.69214789e-03 4.03259498e-02 -3.94727449e-02 1.67295160e-03 1.75090656e-03 3.69590566e-03
1.36474039e+02 -2.38433888e-02 7.26143301e-02 -8.05534376e-02 1.93263364e-03 1.01683847e-03 6.78478924e-03
1.39189742e+02 -2.38202539e-03 5.48512998e-02 -2.66624733e-02 1.11745619e-03 8.03682510e-04 2.90406906e-03
1.41911399e+02 3.00091975e-04 -3.93674185e-03 3.66192882e-02 1.08103152e-03 2.01861053e-03 2.17261944e-03
1.44634461e+02 -3.27964915e-03 -2.65476706e-02 3.23188292e-02 2.43316325e-03 8.66233392e-04 5.96608311e-04
1.47351274e+02 4.86034899e-03 -5.95668297e-02 2.34817691e-02 3.33528442e-03 1.08492674e-03 2.15617854e-03
1.50065789e+02 1.35054404e-02 -2.01327150e-03 2.63222298e-02 5.23043860e-03 3.88038239e-03 2.61740969e-03
1.52782117e+02 -6.38493527e-04 3.46685493e-02 5.84991083e-02 2.17043390e-03 2.49958812e-03 2.48126432e-03
1.55495305e+02 1.88886630e-02 3.08522350e-02 1.17452166e-02 1.94139104e-03 2.85420272e-03 2.78425707e-03
1.58212727e+02 2.07392207e-02 4.19225678e-02 -2.81148634e-02 8.52383704e-04 1.53616365e-03 9.55773733e-03
1.60927242e+02 3.12071323e-02 -9.54090114e-03 -5.26648861e-03 9.89257399e-04 2.62786810e-03 1.44683222e-02
1.63626742e+02 6.71584529e-02 -1.81850857e-02 7.70295453e-02 2.99467305e-03 2.25663755e-03 7.51349692e-03
1.66351024e+02 4.38899560e-02 -4.72384143e-02 7.74479106e-02 5.72475531e-03 5.10984082e-03 5.32587901e-03
1.69067211e+02 2.78974455e-02 -5.10030804e-02 3.01128154e-02 2.55851976e-03 2.62432475e-03 2.23557748e-03
1.71787992e+02 2.91248533e-02 1.15025418e-02 5.16241834e-03 1.93723954e-03 4.19223026e-03 3.56176512e-03
1.74505586e+02 2.25968782e-02 -4.22369290e-02 -8.10776178e-03 6.47850267e-04 1.13252874e-03 3.58557346e-03
1.77225086e+02 1.45560724e-02 -7.10819715e-02 -3.14156715e-02 1.31693972e-03 4.97453265e-04 7.62348066e-04
1.79948602e+02 -2.43388981e-02 -6.49420895e-02 -3.62629046e-02 1.25954390e-03 1.63776803e-03 6.65583551e-04
1.82672758e+02 -2.11436107e-02 2.20480137e-03 6.62078202e-03 2.68244104e-03 1.73277118e-03 1.65403483e-03
1.85390821e+02 -6.26629896e-03 -4.63335573e-02 2.70582198e-02 2.18835254e-03 8.05134834e-03 1.77153581e-03
1.88102883e+02 1.04535595e-02 -3.11898276e-02 2.68181428e-02 2.56287092e-03 6.63130227e-04 1.40232323e-03
1.90825352e+02 -3.59768766e-03 -1.96799628e-02 -3.53351786e-02 3.57299296e-03 2.40777763e-03 1.84876459e-03
1.93543977e+02 1.13989624e-03 2.33128741e-02 -6.62678692e-02 2.74954447e-03 2.74547756e-03 2.27409899e-03
1.96258961e+02 -5.05131814e-03 1.06225012e-02 -4.02536554e-02 1.07134305e-03 2.63198223e-03 1.39396337e-03
1.98973742e+02 -1.26536410e-02 -4.41326270e-02 2.83509898e-02 2.90564191e-03 2.61478699e-03 2.44022256e-03
2.01685383e+02 -6.95487411e-03 -1.43931187e-02 5.17533314e-02 1.75526100e-03 8.03273154e-04 1.34583160e-03
2.04394899e+02 -1.08908959e-02 6.51098499e-03 7.43064396e-02 2.21408493e-03 9.60099708e-04 2.64553971e-03
2.07108586e+02 9.20141282e-03 6.83634971e-02 5.71694652e-02 1.80338236e-03 5.95277691e-04 6.27419813e-03
2.09827258e+02 1.42821975e-02 -7.94904290e-03 2.78796364e-02 3.67809928e-03 1.91692677e-03 4.78800566e-03
2.12541992e+02 1.32939536e-02 -4.64357392e-03 2.28109002e-03 3.15452213e-03 3.15269948e-03 2.33770976e-03
2.15256961e+02 1.95545353e-02 -1.11165099e-02 -4.08500831e-02 2.32040779e-03 2.75299186e-03 4.93061551e-03
2.17986571e+02 2.64501448e-03 -5.68177345e-02 -6.96809313e-02 1.22238254e-03 1.36537271e-03 5.42854915e-03
2.20702633e+02 -1.31364982e-02 -6.03225025e-02 -3.84150438e-02 4.84424474e-03 8.03030618e-04 7.64290468e-03
2.23422008e+02 2.00918938e-05 -2.45086479e-02 5.72395559e-03 5.42064821e-04 4.95584681e-03 3.79325864e-03
2.26141555e+02 -2.48790278e-03 2.29983523e-02 7.28525609e-04 1.47669609e-03 1.25482817e-03 1.29517699e-03
2.28855617e+02 -6.52402702e-03 5.20297678e-02 2.15316419e-02 1.15757927e-03 2.23291898e-03 1.80203385e-03
2.31569789e+02 -1.05957398e-02 -3.44220490e-03 3.64162161e-02 7.47813917e-04 2.53378145e-03 3.00530718e-03
2.34286430e+02 -2.91113761e-02 -1.43726966e-02 -1.31447566e-02 1.28872181e-03 4.15895093e-04 1.83131418e-03
2.36998977e+02 -1.74318705e-02 -6.75926270e-02 -5.47200009e-02 3.77318445e-03 3.32556280e-04 2.17349167e-03
2.39709680e+02 -1.44528518e-02 -4.11272906e-02 -2.52175545e-02 2.37451214e-03 1.59864508e-03 3.62081167e-03
2.42424383e+02 -2.47165555e-02 -4.85057222e-02 -2.57608346e-02 1.62581740e-03 1.47749428e-03 1.46766967e-03
2.45132742e+02 -5.25417867e-03 -2.75005754e-02 -7.63282134e-03 1.52466398e-03 1.37131408e-03 3.92300379e-03
2.47856117e+02 -1.86262406e-02 -4.29072427e-02 -6.48445368e-05 1.24939756e-03 7.39104192e-04 1.82087068e-03
2.50567867e+02 -2.68194480e-02 -2.30741737e-02 -7.99351096e-03 2.31773178e-03 1.95607970e-03 4.11631984e-03
2.53285899e+02 -1.71775067e-02 -5.55637577e-02 9.92478479e-03 2.12020813e-03 2.59873685e-03 2.80933546e-03
2.56002696e+02 -1.29362220e-02 -4.68338713e-02 2.11969712e-03 9.56644309e-04 1.55322848e-03 1.15216447e-03
2.58721196e+02 -3.07143947e-02 -1.08308434e-02 -8.43119749e-03 1.20757251e-03 5.25300998e-04 1.25720485e-03
2.61432836e+02 2.90138237e-04 6.34403097e-03 2.90879214e-02 1.74223614e-03 2.19843928e-03 6.90583766e-04
2.64143727e+02 4.63454462e-03 2.70340536e-02 3.64593428e-02 5.28856053e-03 1.85692106e-03 2.87895151e-03
2.66859617e+02 -2.80612872e-02 7.29287023e-02 1.33403121e-02 4.26017608e-03 1.95862486e-03 6.77432699e-03
2.69583894e+02 -7.03541171e-02 4.66860460e-02 -4.17362723e-02 3.65502811e-03 3.40106093e-03 3.42509001e-03
