6.86038821e-01 5.33795334e-02 1.96679178e-03 -5.03070492e-02 9.12759308e-05 2.71822014e-04 4.32985826e-05
3.38777853e+00 5.38330717e-02 -3.87837295e-04 -6.19630879e-02 1.90120097e-05 4.17737865e-04 8.02280000e-05
6.08106634e+00 5.36776116e-02 -2.45914354e-03 -6.92759508e-02 4.62105369e-05 3.86795756e-04 4.08870726e-05
8.78044556e+00 6.33482490e-02 -6.47390583e-03 -6.64054580e-02 2.96978267e-05 2.98681499e-04 2.47448685e-05
1.14782338e+01 7.28607736e-02 -5.60405490e-03 -6.65639080e-02 1.33713412e-04 1.91694802e-04 3.93269803e-05
1.41682167e+01 7.87415960e-02 -6.32992696e-03 -6.14360688e-02 7.28326608e-05 1.60889072e-04 1.75180108e-04
1.68651354e+01 7.63571154e-02 -5.72769837e-03 -6.14757063e-02 2.09088073e-04 1.36394270e-04 1.40567902e-04
1.95638963e+01 7.10767609e-02 -7.62920702e-03 -6.34982624e-02 1.02862555e-04 1.22711415e-04 2.76037291e-04
2.22685542e+01 6.85855509e-02 -7.85527448e-03 -6.27023417e-02 8.73050895e-05 3.78721934e-05 1.15554351e-04
2.49686026e+01 6.49342148e-02 -6.67258248e-03 -6.37469477e-02 8.28627977e-05 2.02484747e-05 9.45089907e-05
2.76802135e+01 6.02086911e-02 -8.97519170e-03 -5.98235944e-02 3.25990117e-05 3.32093183e-05 3.03806177e-05
3.03767010e+01 5.78283370e-02 -5.88069700e-03 -6.30273321e-02 4.51808937e-05 2.20404322e-05 1.91803491e-04
3.30740917e+01 5.60093586e-02 -8.78521714e-03 -5.91501685e-02 1.93662047e-04 6.22446484e-05 8.41705529e-05
3.57806948e+01 5.38883162e-02 -7.96365902e-03 -5.22239541e-02 6.58194054e-05 1.14979391e-04 1.24508878e-04
3.84792557e+01 5.53997319e-02 -6.03215384e-03 -5.06262381e-02 7.70568476e-05 1.40213108e-04 1.63497900e-05
4.11736776e+01 6.09015519e-02 -6.70258585e-03 -5.71634278e-02 6.11692139e-06 2.75065143e-04 7.79958703e-05
4.38736573e+01 6.28260625e-02 -2.86456903e-03 -5.72484651e-02 5.11013266e-05 4.98866005e-04 6.65437100e-05
4.65666948e+01 6.62278862e-02 -3.72251429e-03 -5.51120132e-02 2.49409698e-05 3.01698232e-04 1.84893597e-05
4.92516745e+01 6.30585513e-02 9.10404033e-04 -5.44068269e-02 7.18677515e-05 6.25531892e-04 4.02732971e-05
5.19480401e+01 4.96659541e-02 -1.10037658e-03 -6.33477752e-02 3.20005337e-05 5.06142038e-04 7.04422845e-05
5.46538338e+01 3.14125049e-02 3.36853604e-03 -6.84216449e-02 7.56761605e-05 5.82171518e-04 4.65544933e-05
5.73622917e+01 3.00702522e-02 6.31980835e-03 -7.24077197e-02 2.46353512e-05 3.87986941e-04 2.03755420e-05
6.00739495e+01 2.76963155e-02 6.70389469e-03 -7.61404624e-02 2.57227376e-05 3.21343920e-04 3.00323470e-05
6.27836354e+01 3.58568184e-02 9.45535721e-03 -7.34427694e-02 1.83436913e-04 1.99527980e-04 3.30292356e-05
6.55013823e+01 4.66319971e-02 8.82839518e-03 -6.39230078e-02 1.48228935e-05 4.87642442e-05 8.63492984e-05
6.82044495e+01 5.34326735e-02 5.48585824e-03 -5.43642965e-02 1.18623583e-04 2.69002084e-04 6.81357604e-05
7.09011870e+01 5.85942548e-02 3.12573008e-03 -3.85339623e-02 4.90476722e-05 1.72020917e-04 1.13644270e-04
7.36054510e+01 5.93584212e-02 -5.47937315e-03 -3.48431378e-02 7.11640413e-05 2.51017729e-04 3.58679501e-05
7.62982370e+01 6.74339464e-02 -8.13859522e-03 -4.10576337e-02 4.28875286e-05 2.18913965e-04 7.01770011e-05
7.89884323e+01 6.70725907e-02 -1.38728937e-02 -5.37535642e-02 3.24430822e-05 5.14705686e-04 6.07883309e-05
8.16755542e+01 7.27290138e-02 -6.77065011e-03 -7.07204599e-02 2.44136945e-05 2.00057570e-04 4.00630544e-05
8.43637760e+01 7.20173971e-02 -2.76458923e-03 -7.68317716e-02 5.35003958e-05 2.55996334e-04 4.50069896e-05
8.70636088e+01 6.46077484e-02 -6.49278040e-05 -7.07926603e-02 7.61062784e-05 2.91121124e-04 3.16140800e-05
8.97673073e+01 6.23020554e-02 -3.50407284e-05 -6.42956309e-02 1.75044531e-05 9.81697344e-05 4.19857216e-05
9.24709823e+01 6.75399904e-02 1.41857467e-03 -4.80572427e-02 2.58130296e-05 1.28646983e-04 7.57898397e-05
9.51713542e+01 7.05706219e-02 -4.85941167e-04 -2.34736945e-02 4.55291277e-05 5.97574742e-05 6.45773476e-05
9.78693729e+01 7.21345249e-02 2.45102385e-03 -2.68059719e-02 1.09889712e-04 2.25959517e-04 1.48957168e-04
1.00563240e+02 6.30769893e-02 5.66778044e-03 -3.53139452e-02 8.74189910e-05 3.79850767e-04 1.37290738e-04
1.03265162e+02 5.64353177e-02 8.41325944e-03 -4.67546914e-02 1.28216864e-04 2.16608178e-04 1.43389911e-04
1.05965006e+02 5.41069506e-02 7.10112503e-03 -6.52290770e-02 7.67832757e-05 3.04798614e-04 9.97769394e-05
1.08680506e+02 5.07225904e-02 2.64845314e-03 -7.59836788e-02 8.56317769e-05 1.20137625e-04 8.70604522e-05
1.11390053e+02 5.10584714e-02 6.12855758e-03 -8.28225932e-02 4.98475481e-05 1.99230928e-04 5.33887010e-05
1.14093349e+02 5.21571944e-02 -9.18050783e-04 -8.05529633e-02 4.03295362e-05 2.22834462e-04 4.40853227e-05
1.16793521e+02 5.34797285e-02 -4.58647688e-03 -7.72391336e-02 2.02247225e-05 1.52876329e-04 6.39207121e-05
1.19500615e+02 5.75812742e-02 -8.49067160e-03 -7.66746445e-02 4.38082344e-05 1.65430689e-04 8.95879819e-05
1.22202615e+02 6.26920413e-02 -8.98308911e-03 -7.53124075e-02 7.41496200e-05 1.04089517e-04 4.66968794e-05
1.24904037e+02 6.43049722e-02 -8.22950356e-03 -6.98682398e-02 6.07695486e-05 1.98318303e-04 6.72423236e-05
1.27596443e+02 7.37152641e-02 -1.14093473e-02 -5.71738071e-02 4.31487053e-05 6.85306763e-05 7.98346999e-05
1.30288240e+02 7.60378132e-02 -4.74124400e-03 -4.13892401e-02 8.64165126e-05 2.96365877e-04 3.40956621e-05
1.32978146e+02 7.44136549e-02 -5.15373242e-03 -7.86623908e-03 1.39282529e-04 2.37613318e-04 1.16405288e-04
1.35678412e+02 7.32618477e-02 -8.95292298e-03 2.70030076e-02 1.36384962e-04 4.71684553e-04 2.21583120e-04
1.38373506e+02 7.23431425e-02 -7.79302650e-03 4.62615508e-02 1.42886801e-04 4.48754802e-04 1.25663302e-04
1.41061584e+02 7.19056099e-02 -1.32465358e-02 5.69495394e-02 1.35819629e-04 3.63565431e-04 3.76404839e-05
1.43765990e+02 7.19748590e-02 -1.88180461e-02 6.66174828e-02 5.92686300e-05 2.46978662e-04 3.45170677e-05
1.46460428e+02 5.97323267e-02 -2.43636115e-02 7.43428153e-02 3.84770084e-05 1.04201405e-04 3.40645821e-05
1.49161709e+02 5.10524744e-02 -2.83105737e-02 7.45572113e-02 1.00673063e-05 5.91527143e-05 1.61539193e-05
1.51863568e+02 4.67772760e-02 -2.91140484e-02 7.68028461e-02 3.68707087e-05 2.46774513e-04 9.82542040e-05
1.54566803e+02 4.98893412e-02 -2.83758107e-02 7.93267845e-02 1.42179306e-04 2.82527505e-04 6.93840107e-05
1.57266256e+02 4.44209137e-02 -3.16000773e-02 7.22002473e-02 1.28154439e-04 5.61126237e-04 8.24279764e-05
1.59967740e+02 4.01746412e-02 -4.00259630e-02 6.83013320e-02 4.85536214e-05 8.79170625e-04 7.83131579e-05
1.62670990e+02 3.78857797e-02 -3.70216081e-02 6.60223636e-02 6.63834848e-05 7.87992995e-04 5.17869504e-05
1.65367349e+02 3.98677423e-02 -3.23744334e-02 5.28330571e-02 7.64415855e-05 1.43514690e-03 6.15243295e-05
1.68067381e+02 4.38655918e-02 -1.88614827e-02 5.26609377e-02 5.63739620e-05 1.30353470e-03 8.03295254e-05
1.70764428e+02 4.76183719e-02 6.50668858e-04 5.83310771e-02 4.33764174e-05 1.60267393e-03 1.74546721e-05
1.73462006e+02 4.85036611e-02 1.17736100e-02 6.62607095e-02 3.10614474e-05 1.18696488e-03 7.92476808e-05
1.76159787e+02 4.94548025e-02 1.78477744e-02 6.68125894e-02 2.85707571e-05 1.01752484e-03 3.04435526e-05
1.78862349e+02 5.60203712e-02 1.52818302e-02 6.39596909e-02 4.14522581e-05 6.68403301e-04 8.76997166e-05
1.81568584e+02 5.66031570e-02 1.65618608e-02 6.46050101e-02 3.47682309e-05 2.89367261e-04 7.73111056e-05
1.84268240e+02 6.04184355e-02 1.83743203e-02 5.75983446e-02 3.57551276e-05 3.56426181e-04 3.20324681e-05
1.86965693e+02 6.41027476e-02 2.37156509e-02 6.01918003e-02 4.31689121e-05 3.19566640e-04 1.47387284e-05
1.89660365e+02 5.82223262e-02 1.44745127e-02 6.47071317e-02 5.19229298e-05 1.94852535e-04 3.25231951e-05
1.92355881e+02 6.01490461e-02 8.35899210e-03 7.09414664e-02 1.07811711e-04 1.41998323e-04 1.06825805e-04
1.95051349e+02 6.61067444e-02 6.44468186e-03 6.61552210e-02 5.55675134e-05 2.24523141e-04 6.84087258e-05
1.97741459e+02 6.42226423e-02 4.91500939e-03 6.54651187e-02 5.32944436e-05 4.15203262e-04 7.17826242e-05
2.00446224e+02 6.36380088e-02 9.94460546e-03 5.97737758e-02 5.18144408e-05 5.02494638e-04 5.54978911e-05
2.03152803e+02 6.44041806e-02 1.45488865e-02 6.16891540e-02 4.89634328e-05 4.64014998e-04 2.63791989e-05
2.05850115e+02 6.01802165e-02 2.00518080e-02 5.69657349e-02 5.20079433e-05 4.43307165e-04 5.93558333e-05
2.08553662e+02 5.80002844e-02 2.45078445e-02 5.86879220e-02 1.67851684e-05 2.16618665e-04 3.99236193e-05
2.11259068e+02 5.97825155e-02 2.67409947e-02 6.03241910e-02 1.62651332e-04 3.18528198e-04 1.27913530e-04
2.13961584e+02 6.54929357e-02 2.59371613e-02 6.08571598e-02 1.04955569e-04 1.49072974e-04 3.97083032e-05
2.16650303e+02 6.88702555e-02 2.37302382e-02 5.74284248e-02 9.41401698e-05 6.74806141e-05 7.39419781e-05
2.19341178e+02 6.93466485e-02 1.98490840e-02 6.31101054e-02 4.82847039e-05 2.32072598e-04 1.85649143e-05
2.22031928e+02 6.18075503e-02 1.04719371e-02 6.62776297e-02 5.83149645e-05 3.46063774e-05 7.09355578e-05
2.24725256e+02 5.23658852e-02 6.29973823e-03 7.18654737e-02 5.82706423e-05 4.13890598e-05 8.88798979e-05
2.27432990e+02 3.69764948e-02 -5.53511640e-03 6.84877191e-02 2.71733903e-05 9.68735654e-05 3.59816597e-05
2.30145428e+02 3.34184215e-02 -1.46182904e-02 5.69608382e-02 1.51070362e-04 3.12615057e-05 1.20529819e-04
2.32859349e+02 3.38696635e-02 -1.46496720e-02 4.67493632e-02 5.82597642e-05 3.09555572e-04 1.62840336e-04
2.35567959e+02 4.32264936e-02 -2.35372252e-02 4.03195154e-02 1.63955365e-04 9.13757128e-05 7.56138536e-05
2.38269834e+02 4.99916744e-02 -2.09641110e-02 5.08466468e-02 6.74584484e-05 2.92952870e-04 8.67009814e-05
2.40972084e+02 6.21790154e-02 -1.62974073e-02 5.84497739e-02 9.60890352e-06 3.90667934e-04 3.09647954e-05
2.43672678e+02 6.11649829e-02 -1.55163326e-02 6.68640006e-02 5.21394482e-05 5.96805630e-04 6.15010552e-05
2.46370959e+02 6.47614076e-02 -8.00461328e-03 7.31596138e-02 7.56365619e-05 3.67089090e-04 6.02622050e-05
2.49075849e+02 5.92310925e-02 6.82434884e-04 6.96174268e-02 1.17394828e-04 4.01927861e-04 1.52908953e-04
2.51766224e+02 5.61715137e-02 2.49105445e-03 6.42777102e-02 2.45661077e-04 3.97005183e-04 3.23209336e-04
2.54462037e+02 5.64089814e-02 1.45096413e-02 6.28532439e-02 1.38584089e-04 6.86574665e-04 1.11847806e-04
2.57166068e+02 6.13747373e-02 1.06626848e-02 6.07738066e-02 8.28193868e-05 7.15793548e-04 9.56670516e-05
2.59869896e+02 6.90564377e-02 8.64238751e-03 4.54339763e-02 2.64419425e-05 7.01983151e-04 9.28537849e-05
2.62573412e+02 6.19947280e-02 7.58595960e-03 2.91927710e-02 3.87860116e-05 6.20095187e-04 5.63534588e-05
2.65271693e+02 6.41473112e-02 7.24941203e-03 7.15541131e-03 1.30922133e-04 4.50760990e-04 2.36852627e-05
2.67972350e+02 6.07152208e-02 3.70919861e-03 -2.31483191e-02 5.44492966e-05 4.10425416e-04 1.62918632e-04
