6.49435031e-01 6.76362186e-02 6.72388136e-04 -3.50833967e-02 2.16348052e-05 2.68488098e-04 6.56122718e-05
3.34691566e+00 6.80563428e-02 4.34325776e-03 -3.84781470e-02 1.79208591e-05 4.41953657e-04 9.43375719e-05
6.04981488e+00 5.67652267e-02 9.83416737e-03 -4.46486590e-02 5.82594972e-05 7.76402190e-04 2.93676251e-05
8.76002488e+00 5.02928345e-02 1.32394539e-02 -5.63818217e-02 1.63934750e-05 3.40930176e-04 3.41819125e-05
1.14620002e+01 5.61156966e-02 1.50048386e-02 -6.00802992e-02 9.43579373e-06 2.91303422e-04 1.01674474e-04
1.41667877e+01 5.67703895e-02 1.07024862e-02 -6.62891340e-02 1.30336179e-04 2.53702845e-04 1.53552204e-05
1.68724346e+01 4.97851642e-02 6.51380493e-03 -7.28372315e-02 6.84000433e-05 9.28993981e-05 7.58273203e-05
1.95790408e+01 3.81592880e-02 1.47163392e-03 -7.57946264e-02 9.67860162e-05 1.51355996e-04 3.91799686e-05
2.22843643e+01 3.70518427e-02 -4.28394616e-03 -7.85795188e-02 3.09060859e-05 1.61147374e-04 1.03500220e-04
2.49858471e+01 3.99748565e-02 -5.76784567e-03 -7.75284422e-02 4.28990133e-05 2.73817526e-04 2.35492857e-05
2.76765314e+01 4.70100610e-02 -7.81580878e-03 -6.88716408e-02 7.63599620e-05 2.42905621e-04 2.19685924e-05
3.03776439e+01 5.17306524e-02 -1.35120850e-03 -5.45671590e-02 4.50609554e-05 3.44016836e-04 7.23351101e-05
3.30742721e+01 5.70605853e-02 -4.88298620e-03 -4.93656684e-02 2.68568219e-05 2.66290293e-04 4.22999213e-05
3.57680689e+01 5.71812981e-02 -4.30261702e-03 -4.67130580e-02 6.92150605e-05 1.71238499e-04 1.64393040e-05
3.84724377e+01 5.71041472e-02 1.00325769e-03 -5.04571919e-02 6.37530501e-05 3.45589957e-04 7.86877426e-05
4.11728049e+01 5.78203671e-02 5.01815890e-03 -6.10023356e-02 5.26920912e-05 1.01652453e-04 4.53229501e-05
4.38754674e+01 5.56284601e-02 9.50199339e-03 -6.50667498e-02 2.26676734e-05 1.11757897e-04 3.57924410e-05
4.65766846e+01 6.01045894e-02 4.99903467e-03 -6.21454545e-02 7.97802497e-05 1.01241206e-04 9.52992596e-05
4.92739877e+01 6.05162145e-02 3.62801465e-03 -5.42519458e-02 9.48013279e-05 1.21003850e-04 5.79639728e-05
5.19730658e+01 5.99949646e-02 -1.66164217e-03 -5.53632221e-02 8.46438213e-05 1.25821277e-04 5.49730076e-05
5.46723752e+01 5.61212839e-02 -2.97641135e-03 -5.46135433e-02 2.15160947e-05 7.24210043e-05 1.15280930e-04
5.73680846e+01 4.83680186e-02 -8.79595089e-03 -5.44624428e-02 5.99083012e-05 5.76571783e-05 4.67672904e-05
6.00744924e+01 5.13603396e-02 -8.45166800e-03 -6.16705582e-02 1.70865561e-05 8.88931945e-05 1.77374082e-05
6.27651377e+01 6.01042002e-02 -1.03225655e-02 -6.10878085e-02 3.46895172e-05 5.77022449e-05 1.11659043e-04
6.54628502e+01 6.40747553e-02 -1.12796711e-02 -5.92820767e-02 3.45618714e-05 5.12356816e-05 4.59581631e-05
6.81621971e+01 5.95140972e-02 -5.12626823e-03 -6.07426034e-02 4.47810237e-05 3.67271788e-05 4.85423266e-05
7.08728564e+01 5.78016100e-02 -4.67456068e-03 -6.22948046e-02 4.23281109e-05 6.60348646e-05 6.86815777e-05
7.35804674e+01 5.90918383e-02 4.46588994e-03 -6.70841608e-02 1.36563596e-04 5.27154991e-05 1.19651532e-05
7.62935861e+01 6.69630397e-02 5.66174298e-03 -6.05100413e-02 9.86031538e-05 4.77272640e-05 1.21330464e-04
7.89987283e+01 8.12539615e-02 2.44823428e-03 -5.47070221e-02 1.45470044e-04 1.49497457e-04 4.14802889e-05
8.16930455e+01 8.01376455e-02 -3.16462677e-03 -4.40864446e-02 4.08707541e-05 2.05365392e-04 1.11229921e-04
8.43833049e+01 7.39654237e-02 -3.51437061e-03 -4.22748944e-02 2.15707836e-05 1.14825209e-04 2.73037457e-05
8.70769549e+01 6.44756702e-02 -7.10279071e-03 -4.42999291e-02 1.26268616e-04 1.60405546e-04 6.42091726e-05
8.97716533e+01 6.09786356e-02 -9.14604413e-03 -6.07812420e-02 1.20572232e-04 7.21384169e-05 1.24980396e-04
9.24669314e+01 5.18084548e-02 -1.60795426e-02 -6.22617883e-02 5.69742249e-05 3.34052248e-05 7.01231140e-05
9.51687471e+01 4.22379172e-02 -1.50755828e-02 -6.13241096e-02 4.74361894e-05 2.29605571e-05 4.44396967e-05
9.78663486e+01 3.80611794e-02 -1.40539265e-02 -6.26369663e-02 2.79912999e-05 5.56458722e-05 5.90902999e-06
1.00575399e+02 4.56798530e-02 -2.05759019e-03 -6.26083662e-02 5.83829792e-05 1.18222521e-04 3.78594906e-05
1.03287821e+02 5.36625903e-02 -1.91426089e-03 -6.80443191e-02 6.46944888e-05 7.15579760e-05 4.94104406e-05
1.05997742e+02 5.95156799e-02 3.68223816e-03 -6.61798899e-02 3.99603494e-05 1.98959979e-04 1.12606822e-04
1.08707805e+02 6.70368753e-02 4.25416961e-03 -6.29529719e-02 1.02967489e-04 9.20183771e-05 4.62689837e-05
1.11405586e+02 7.73597573e-02 1.35593758e-03 -5.13696078e-02 1.17262330e-05 2.63162072e-04 1.33675040e-04
1.14107742e+02 8.48496286e-02 4.73244522e-03 -3.90016746e-02 9.70475993e-05 1.64606750e-04 9.72534989e-05
1.16804399e+02 8.34655755e-02 8.63919960e-03 -3.77077478e-02 4.81395889e-05 1.19316548e-04 9.15094005e-05
1.19504571e+02 7.77837463e-02 9.32296062e-03 -4.59401704e-02 3.79668310e-05 1.73129450e-04 3.95001135e-05
1.22208539e+02 7.31850216e-02 7.51400272e-03 -4.50799565e-02 9.35131572e-06 1.48245652e-04 8.33774304e-05
1.24905258e+02 7.62680223e-02 9.53449830e-03 -3.87885991e-02 7.96624929e-05 1.08751154e-04 3.61266815e-05
1.27604680e+02 7.92157615e-02 1.37655923e-02 -2.58011431e-02 3.82939540e-05 1.61239804e-04 1.73237049e-04
1.30302852e+02 8.38110153e-02 7.81965419e-03 -1.05317956e-02 8.10890887e-05 4.60342541e-05 1.00247786e-04
1.33000477e+02 9.04307582e-02 4.97948893e-03 5.32594696e-03 3.11325588e-05 4.12741704e-05 2.10243939e-04
1.35689617e+02 9.01857916e-02 -5.10221478e-03 1.65156580e-02 7.18476413e-05 1.26522051e-04 4.68953068e-05
1.38381821e+02 8.23791154e-02 -1.43499758e-02 2.48045371e-02 6.94149145e-05 3.54990700e-05 2.48592715e-05
1.41068789e+02 7.34868259e-02 -2.75450589e-02 3.56344459e-02 1.96738331e-05 5.69721407e-05 1.33550263e-04
1.43757961e+02 6.57004851e-02 -3.45979791e-02 4.33098298e-02 7.06060561e-05 7.10284954e-05 3.59516304e-05
1.46451164e+02 5.74512557e-02 -3.81560920e-02 4.34954838e-02 3.37172124e-05 5.19905634e-05 1.03339326e-04
1.49151899e+02 5.16631848e-02 -3.30273138e-02 5.97715572e-02 4.86465076e-05 2.61940689e-04 7.37368100e-05
1.51856149e+02 5.17850776e-02 -2.20571353e-02 7.24947880e-02 9.57897805e-05 1.26564107e-04 4.03110828e-05
1.54557758e+02 5.11078351e-02 -1.48077566e-02 7.92806492e-02 2.16213188e-05 2.87036638e-05 4.31374695e-05
1.57269117e+02 4.70992372e-02 -5.04847699e-03 8.17775824e-02 4.60901691e-05 4.55717088e-05 2.74557871e-05
1.59974430e+02 4.49075985e-02 5.03245927e-03 8.15149627e-02 6.35910461e-05 5.23095404e-05 2.03474009e-04
1.62680305e+02 4.25110302e-02 4.33043320e-03 7.53730627e-02 6.10205809e-05 3.98960689e-05 3.76430002e-05
1.65388086e+02 4.46662934e-02 4.36043248e-03 7.24333545e-02 7.35783987e-05 8.84639428e-05 8.11376467e-05
1.68091149e+02 4.22155823e-02 7.45895838e-03 6.49047879e-02 3.71154175e-05 1.32271514e-05 4.97429407e-05
1.70788742e+02 4.42260266e-02 4.61170758e-03 6.20853891e-02 2.36300042e-05 2.07712508e-05 4.89438711e-05
1.73486649e+02 4.91412807e-02 -4.85596849e-04 6.10054556e-02 9.51785445e-05 6.43093288e-06 1.44120925e-04
1.76179086e+02 5.87802611e-02 1.46450275e-03 6.76394548e-02 6.84569527e-05 1.50789540e-04 4.01497792e-05
1.78874039e+02 6.86450068e-02 3.02713834e-03 6.33787369e-02 2.23030295e-05 3.78330233e-04 1.02376969e-04
1.81566571e+02 6.88459094e-02 8.38747306e-04 6.19324178e-02 8.97983394e-05 3.86819025e-04 9.17981712e-05
1.84259555e+02 7.16344803e-02 -6.26809430e-04 6.20660539e-02 4.05803842e-05 5.50758120e-04 3.49009227e-05
1.86947930e+02 5.85863872e-02 2.94395552e-03 6.40307553e-02 5.11958182e-05 1.03509220e-03 3.94617019e-05
1.89646289e+02 4.57143307e-02 -5.82964284e-03 6.85869679e-02 5.82499536e-05 9.47911901e-04 7.00533813e-05
1.92356727e+02 4.70744886e-02 -3.42291603e-03 7.36600715e-02 1.19674471e-05 9.52432861e-04 4.45256959e-05
1.95058914e+02 5.23769104e-02 -3.70238239e-03 6.99850559e-02 6.00483742e-05 4.97066596e-04 3.75582484e-05
1.97769539e+02 6.44670644e-02 4.43895231e-04 5.46874442e-02 3.57330007e-05 7.77579848e-04 1.45638014e-05
2.00472930e+02 7.38531745e-02 6.73818923e-03 4.18688422e-02 6.16204470e-05 7.63261536e-04 1.53876646e-05
2.03176836e+02 7.25205898e-02 1.04885795e-02 3.66377770e-02 3.41860882e-05 4.10379734e-04 5.61198885e-05
2.05876524e+02 6.83968448e-02 8.91784737e-03 4.07436366e-02 3.17342880e-05 2.29904288e-04 4.85493938e-05
2.08579852e+02 6.66299897e-02 3.85733165e-03 5.37262615e-02 5.27269151e-05 1.39143625e-04 6.19043150e-05
2.11282711e+02 6.32139046e-02 6.00792217e-03 6.34740559e-02 2.98765066e-05 1.68735311e-04 5.87429202e-05
2.13979383e+02 6.31998384e-02 2.96712650e-03 7.17023762e-02 1.09092048e-04 3.73340652e-04 3.92489118e-05
2.16672539e+02 6.50827037e-02 4.32050390e-03 7.60000388e-02 1.45299384e-04 3.74448557e-04 4.45479396e-05
2.19371180e+02 6.63066357e-02 2.00019843e-03 7.86032279e-02 5.14105848e-05 1.98544632e-04 1.00119640e-04
2.22064633e+02 5.51615600e-02 3.28737252e-03 7.72670750e-02 2.86498177e-05 2.94736232e-04 3.04626327e-05
2.24769758e+02 4.21064099e-02 8.57752747e-03 7.71164286e-02 1.56831104e-05 2.33308212e-04 7.69010832e-05
2.27474883e+02 2.98564296e-02 1.17273915e-02 7.97758661e-02 4.78927014e-05 2.44533172e-04 4.14361713e-05
2.30180055e+02 2.68287857e-02 1.13608095e-02 7.52964281e-02 9.71328735e-05 2.13113621e-04 6.15273709e-05
2.32874742e+02 3.08024538e-02 1.23027994e-02 7.19981472e-02 3.58479866e-05 1.90140859e-04 5.63087031e-05
2.35564899e+02 4.92004087e-02 1.09127720e-02 6.75604815e-02 9.72257632e-05 2.34783065e-04 3.18315521e-05
2.38265102e+02 6.09218829e-02 6.78206111e-03 6.99832694e-02 3.95756797e-05 2.76642752e-05 3.66499302e-05
2.40964008e+02 6.07517041e-02 -4.59839976e-03 6.34021530e-02 5.70137220e-05 8.51362580e-05 4.17027707e-05
2.43664649e+02 5.05564663e-02 -1.39642844e-02 6.20589599e-02 1.80809638e-05 6.64728056e-05 5.15055584e-05
2.46370227e+02 4.85730764e-02 -1.71803425e-02 5.59730105e-02 5.77220649e-05 1.80874785e-04 6.73359082e-05
2.49071946e+02 5.87955168e-02 -1.83403354e-02 3.89142946e-02 9.83844902e-05 8.20638357e-05 3.89269529e-05
2.51772242e+02 6.76823089e-02 -1.45404979e-02 2.37216642e-02 3.11489915e-05 3.45163842e-04 2.54050955e-04
2.54463289e+02 7.53835671e-02 -1.28292000e-02 6.86213271e-03 1.07549247e-04 4.30327852e-04 6.28388073e-05
2.57150274e+02 7.59893916e-02 -9.07678100e-03 -3.31892106e-03 1.82372727e-05 6.54909446e-05 1.18702229e-04
2.59845133e+02 7.22408035e-02 -6.82311267e-03 -2.07431912e-02 4.67662469e-05 4.48192835e-05 2.10923444e-05
2.62539602e+02 6.46249485e-02 -5.51052204e-03 -3.24888961e-02 4.47097475e-05 7.90782696e-05 5.02762773e-05
2.65232977e+02 6.81438523e-02 -7.22787860e-03 -3.88852206e-02 3.31521772e-05 2.21351301e-04 1.22089748e-04
2.67936833e+02 6.97111356e-02 -3.80400830e-03 -4.11480385e-02 3.53925907e-05 1.90193407e-04 5.33820717e-05
