6.39163268e-01 6.93986483e-02 -5.61803158e-03 -3.09139883e-02 8.50463157e-05 1.78738254e-04 3.37432690e-05
3.34856533e+00 6.01891527e-02 3.80423055e-03 -3.53851789e-02 6.82643736e-05 2.59263084e-04 4.27557993e-05
6.04753064e+00 5.87576762e-02 9.71768504e-03 -4.89210289e-02 2.10261856e-05 2.82381735e-04 1.73152033e-05
8.74910814e+00 5.50276803e-02 1.74027088e-02 -5.93563450e-02 7.57386954e-05 4.10318923e-04 4.95322359e-05
1.14617230e+01 4.79358542e-02 1.46890106e-02 -7.08835720e-02 1.16241331e-04 2.86210202e-04 3.07324881e-05
1.41690495e+01 4.47147938e-02 1.55456014e-02 -7.23281918e-02 1.11870769e-04 2.18741185e-04 1.47665324e-04
1.68798214e+01 4.34557208e-02 6.71047677e-03 -7.29317595e-02 7.94507801e-05 1.99139113e-04 8.69101353e-05
1.95837495e+01 4.09851723e-02 6.64476312e-03 -7.58612024e-02 8.14908060e-05 2.38339649e-04 7.08812757e-05
2.22755589e+01 3.77225648e-02 -1.64695760e-03 -7.64940356e-02 5.92358230e-05 2.32511531e-04 5.06907182e-05
2.49762777e+01 2.84592500e-02 6.54429792e-04 -7.50405435e-02 6.60097608e-05 4.24996920e-04 3.04575922e-05
2.76721433e+01 3.74423670e-02 -1.54002746e-03 -7.31857207e-02 1.19617903e-04 3.14325888e-04 7.60407424e-05
3.03698308e+01 4.84680125e-02 1.28576261e-03 -5.84320277e-02 4.84737656e-05 1.92078577e-04 4.53330107e-05
3.30650386e+01 5.29453636e-02 4.37943245e-03 -5.73506703e-02 4.07615228e-05 1.78633680e-04 4.42825788e-05
3.57645730e+01 5.47395895e-02 3.81033020e-03 -5.69351865e-02 7.30314408e-05 4.62223991e-04 8.89891482e-05
3.84662949e+01 5.62325420e-02 2.80398643e-03 -6.16698246e-02 7.50785277e-05 3.71035386e-04 7.27494521e-05
4.11672167e+01 4.81534607e-02 8.82028404e-04 -6.93382303e-02 6.02844439e-05 5.78926686e-04 3.41219373e-05
4.38715199e+01 5.08067313e-02 9.30075107e-04 -7.03446844e-02 5.05919515e-05 4.27732962e-04 4.47011989e-05
4.65707074e+01 5.25416504e-02 -2.07776509e-04 -7.09728508e-02 1.32550625e-04 4.74174697e-04 2.45182441e-05
4.92795855e+01 5.50771241e-02 -3.34114217e-03 -6.00476803e-02 6.15844298e-05 3.06460288e-04 1.31510121e-04
5.19793980e+01 6.55128256e-02 -4.05803123e-03 -5.94441896e-02 8.29141531e-05 2.11120945e-04 9.55041107e-05
5.46777761e+01 7.31386646e-02 -8.17568928e-03 -6.82773369e-02 4.21538841e-05 4.25510911e-05 7.72620102e-05
5.73667245e+01 6.82026962e-02 -1.17574962e-02 -6.82092223e-02 1.84239072e-05 2.10681722e-05 3.41896873e-05
6.00609683e+01 5.58913630e-02 -1.64926017e-02 -6.52520315e-02 9.54652630e-05 3.47364512e-05 6.89831522e-05
6.27571339e+01 4.83694548e-02 -1.35842101e-02 -6.23517577e-02 5.77178667e-05 4.38188412e-05 2.56514615e-05
6.54606855e+01 4.58778950e-02 -7.66611702e-03 -5.82986845e-02 9.96051707e-05 2.16136538e-05 3.37020980e-05
6.81707964e+01 4.62292448e-02 -3.79488994e-03 -5.90159857e-02 6.50467032e-05 9.30981934e-05 5.27953415e-05
7.08786933e+01 5.04463887e-02 -3.82901555e-03 -5.82828352e-02 5.40742877e-05 1.27981634e-04 7.98365654e-05
7.35857370e+01 6.27116403e-02 3.33934109e-03 -6.46115689e-02 8.47894963e-05 5.82809564e-05 2.55022102e-05
7.62963730e+01 7.83793799e-02 2.87613683e-03 -5.32349711e-02 2.18585639e-05 7.79418999e-05 3.44986559e-05
7.89986433e+01 7.98597528e-02 -6.79999713e-04 -6.06598821e-02 3.89219261e-05 6.47711737e-05 3.58751218e-05
8.16952214e+01 7.10771200e-02 -3.32523256e-03 -5.92432894e-02 7.21723025e-05 7.08961919e-05 5.38679932e-05
8.43976449e+01 6.63122915e-02 -8.00486832e-03 -6.32187906e-02 3.80891993e-05 1.09648092e-04 8.69303599e-05
8.70840495e+01 6.61926171e-02 -8.85493731e-03 -6.23722556e-02 1.32658856e-04 1.77454734e-04 2.48967556e-05
8.97729714e+01 5.89023336e-02 -1.14389217e-02 -5.33837249e-02 5.79328828e-05 2.94472523e-04 1.54138280e-04
9.24595683e+01 6.09650039e-02 -1.22929116e-02 -5.04656644e-02 5.03471353e-05 2.05125882e-04 5.81830097e-05
9.51479699e+01 5.75693569e-02 -1.41243462e-02 -5.16071779e-02 4.55931650e-05 1.93955900e-04 8.77120882e-05
9.78532183e+01 4.73416994e-02 -1.13382365e-02 -5.30260446e-02 2.72827953e-05 9.66373389e-05 8.81458280e-05
1.00558590e+02 4.32096794e-02 -4.78039508e-03 -5.85811308e-02 4.34829552e-05 4.85466087e-05 2.01682093e-05
1.03272340e+02 4.52768626e-02 1.21880406e-03 -7.26678840e-02 1.03225959e-04 3.41066687e-05 5.10851646e-05
1.05980653e+02 5.36081438e-02 7.74461260e-03 -7.15562160e-02 1.37578255e-05 5.73319274e-05 3.33665917e-05
1.08691496e+02 6.05143330e-02 5.79076058e-04 -6.37423738e-02 4.59849792e-06 1.15121363e-04 2.89443544e-05
1.11402840e+02 6.55356770e-02 8.71600618e-03 -4.59071781e-02 2.28230654e-05 6.14723168e-05 7.50302160e-05
1.14106246e+02 7.26237417e-02 4.10488254e-03 -4.06937743e-02 1.63861753e-05 5.31696158e-05 7.86706109e-05
1.16807825e+02 7.85079369e-02 1.63622033e-02 -2.48389003e-02 3.29770513e-05 8.72693274e-05 2.72393200e-05
1.19506387e+02 8.03581929e-02 1.51999195e-02 -3.19421993e-02 2.41793211e-05 5.95056320e-05 4.80171761e-05
1.22202184e+02 8.59019659e-02 1.66137298e-02 -3.31303603e-02 5.06339463e-05 9.52930985e-05 4.62122942e-05
1.24899809e+02 8.98589390e-02 6.88609819e-03 -3.10555023e-02 5.82094267e-05 6.63935507e-05 5.16618031e-05
1.27604840e+02 9.19378473e-02 -1.16215105e-03 -1.75088627e-02 4.40666803e-05 6.45305656e-05 8.69169374e-05
1.30297215e+02 8.95604590e-02 -5.75567559e-03 -1.35383861e-02 1.23427052e-04 1.20549695e-05 3.44132086e-05
1.32993309e+02 8.59226068e-02 -1.43920640e-02 9.48845227e-04 3.87672327e-05 3.49840900e-05 1.38417711e-04
1.35680418e+02 8.13072072e-02 -2.24194647e-02 8.41984823e-03 3.49217009e-05 3.62843381e-05 6.24653497e-05
1.38370387e+02 8.10684821e-02 -3.08413429e-02 1.78515247e-02 8.08503085e-05 2.51169032e-05 8.62101178e-05
1.41065746e+02 7.24364697e-02 -3.35690016e-02 1.91480996e-02 4.25887857e-05 2.26400582e-05 5.87179854e-05
1.43759293e+02 7.01440089e-02 -3.87252843e-02 3.01744457e-02 5.41312896e-05 1.01937526e-04 3.85214427e-05
1.46462090e+02 6.67609346e-02 -3.41740751e-02 3.90537755e-02 6.21601308e-05 6.31018047e-05 4.18384064e-05
1.49154606e+02 6.31915378e-02 -2.96406828e-02 5.17752429e-02 7.48785407e-05 1.32157630e-04 1.06050298e-05
1.51851293e+02 5.53451495e-02 -1.90685392e-02 6.58169539e-02 5.19894199e-05 2.62592289e-05 1.82973456e-05
1.54549996e+02 4.70578284e-02 -7.36997057e-03 7.39419030e-02 3.88034948e-05 5.85388824e-06 5.12856558e-05
1.57257090e+02 4.12780151e-02 -4.46223125e-03 8.15934668e-02 8.88582907e-05 3.81178745e-05 3.63635187e-05
1.59956575e+02 3.93652230e-02 -1.61712506e-03 8.35207416e-02 3.81000709e-05 9.15342359e-05 3.77544388e-05
1.62660575e+02 3.85437199e-02 1.53972626e-03 7.94978780e-02 4.34599310e-05 7.40453037e-05 2.89382219e-05
1.65366606e+02 4.45648704e-02 5.25528752e-03 7.40382287e-02 3.52877413e-05 3.51284227e-04 6.78375863e-05
1.68068793e+02 5.17088234e-02 3.93860538e-03 7.50870428e-02 5.03407694e-05 1.06609234e-04 3.54970552e-05
1.70770293e+02 6.25398579e-02 2.80489221e-03 7.24666086e-02 1.13338153e-04 2.47826710e-04 6.58946008e-05
1.73468918e+02 7.10609066e-02 6.69923745e-03 6.65482026e-02 4.36489084e-05 1.09804430e-04 1.30667291e-04
1.76174793e+02 6.76853604e-02 9.46765370e-03 6.72712644e-02 1.61433694e-05 1.68234179e-04 5.79412614e-05
1.78873762e+02 7.19411062e-02 9.39214032e-03 7.15521837e-02 3.17754375e-05 1.93876346e-04 5.70498750e-05
1.81569684e+02 7.21314496e-02 6.97390986e-03 7.24220838e-02 4.40401047e-05 1.28779233e-04 2.94715182e-05
1.84268559e+02 7.19196248e-02 2.92002520e-03 7.18569711e-02 4.01170179e-05 2.73571504e-04 6.33908425e-05
1.86965684e+02 7.33508841e-02 2.81066155e-04 6.93784563e-02 3.42611793e-05 4.27162728e-04 5.36724428e-05
1.89658653e+02 6.89580830e-02 -6.80407563e-03 7.13201539e-02 8.71604401e-05 8.13537975e-04 7.36176554e-05
1.92351840e+02 5.84654114e-02 -8.62773032e-03 7.46169048e-02 2.57736805e-05 6.56074042e-04 1.22270235e-04
1.95049778e+02 5.74946586e-02 -3.44076618e-03 7.29321748e-02 5.78048934e-05 4.26089188e-04 3.80143494e-05
1.97755215e+02 6.26860030e-02 -8.45471462e-04 6.80840501e-02 6.06080197e-05 2.98384320e-04 5.17476092e-05
2.00458012e+02 6.60945653e-02 3.97621722e-03 5.76374620e-02 2.99253988e-05 3.10476624e-04 2.94003207e-05
2.03166168e+02 6.76490002e-02 1.18397008e-02 5.21191929e-02 3.44887978e-05 5.91190040e-05 6.99169717e-05
2.05865543e+02 6.72932239e-02 8.23876362e-03 5.44419293e-02 5.36920214e-05 7.01831844e-05 6.11625230e-05
2.08566950e+02 6.38883391e-02 9.24998151e-03 6.05020201e-02 1.60583688e-04 1.70545250e-04 5.52224250e-05
2.11268028e+02 6.76570540e-02 -7.62573109e-04 6.69450678e-02 6.09125841e-05 1.95456696e-04 6.35581687e-05
2.13972090e+02 7.68947529e-02 -2.64272229e-03 7.40152233e-02 3.17984335e-05 2.09018679e-04 5.43012119e-05
2.16670356e+02 7.26259606e-02 -2.78904053e-03 7.55878560e-02 1.07370470e-04 9.70237264e-05 1.11743542e-04
2.19370637e+02 6.00856408e-02 -1.61665163e-03 7.56063251e-02 8.12180206e-05 2.21363807e-04 6.06902960e-05
2.22073262e+02 5.74355838e-02 3.49692311e-03 7.50753059e-02 6.69170225e-05 1.02839328e-04 1.87137809e-05
2.24768153e+02 5.28416886e-02 9.14861694e-03 7.56130996e-02 2.84382290e-05 2.02920228e-04 1.05724520e-04
2.27460356e+02 3.92784647e-02 1.03775885e-02 6.96864771e-02 3.57340551e-05 2.24028044e-04 1.26572428e-05
2.30150043e+02 3.38301144e-02 1.43029936e-02 6.05339493e-02 3.93863300e-05 7.16064533e-05 4.34114416e-05
2.32859215e+02 4.53105282e-02 1.87964431e-02 5.33173847e-02 1.58201825e-05 5.56338449e-05 4.18485434e-05
2.35558778e+02 6.02174472e-02 1.73006997e-02 5.34679453e-02 3.12110114e-05 9.31661676e-05 1.01835385e-04
2.38260075e+02 6.67471276e-02 1.68995205e-02 5.86764875e-02 3.52872814e-05 2.38392699e-05 6.47740279e-05
2.40961137e+02 6.98406120e-02 8.99522162e-03 6.83008039e-02 5.12782231e-05 3.68653575e-05 3.35139325e-05
2.43657309e+02 6.56564122e-02 4.41226540e-04 6.71101840e-02 6.62896181e-05 1.83980906e-04 3.20951032e-05
2.46356653e+02 6.63325478e-02 -1.09644153e-02 6.07807271e-02 9.77106643e-05 5.35660458e-04 9.33345584e-05
2.49054606e+02 7.34324435e-02 -1.74672097e-02 5.14102243e-02 1.39276027e-04 3.61737211e-04 9.61136677e-05
2.51746543e+02 7.16757766e-02 -1.48642192e-02 2.70363376e-02 1.31431932e-04 5.09202101e-04 1.91638593e-04
2.54447731e+02 6.76610638e-02 -1.67235246e-02 6.28655793e-03 2.62097036e-04 2.92103516e-04 3.27550743e-05
2.57143262e+02 6.85899609e-02 -1.26274147e-02 -9.46697342e-03 7.54149350e-05 6.04786126e-05 3.86324057e-05
2.59837512e+02 6.57926747e-02 -1.22433929e-02 -2.13611156e-02 5.96943827e-05 1.51612726e-04 1.77388009e-04
2.62535684e+02 6.52365711e-02 -1.01511709e-02 -2.25016528e-02 1.65643888e-04 7.73160194e-05 8.96058317e-05
2.65230184e+02 6.73228015e-02 -8.12783202e-03 -2.37113147e-02 2.13315077e-05 3.08863563e-05 1.11547213e-04
2.67926526e+02 7.24648934e-02 -5.92951662e-03 -2.46207446e-02 8.57333680e-05 6.55540077e-05 4.89244464e-05
