6.65335679e-01 8.19752938e-02 -4.50702671e-04 -4.48554282e-03 5.42774765e-05 6.11728059e-05 4.81076519e-05
3.36336142e+00 7.53162893e-02 3.30544921e-03 -1.78156516e-02 5.24285350e-05 6.41787071e-05 4.22248526e-05
6.06109173e+00 7.49577254e-02 5.23987562e-03 -2.96779567e-02 3.72141703e-05 5.10000820e-05 9.75683928e-06
8.76238705e+00 6.82512787e-02 3.90489895e-03 -3.32019703e-02 4.13297540e-05 1.10324821e-04 1.07196155e-05
1.14659847e+01 6.36137621e-02 4.72072786e-03 -3.95201708e-02 1.55510570e-05 3.21946176e-05 5.87088534e-05
1.41711722e+01 5.42122086e-02 6.51880716e-03 -4.64516271e-02 2.03846284e-05 5.13759152e-05 4.33168681e-05
1.68703519e+01 4.88145180e-02 9.19467383e-04 -4.88379549e-02 6.91023200e-05 6.96096779e-05 5.19880999e-05
1.95743238e+01 5.05737542e-02 2.27570326e-03 -5.12326612e-02 6.65079354e-05 5.82977267e-05 3.02455049e-05
2.22684456e+01 4.55616647e-02 -5.40107467e-05 -5.02674118e-02 5.85059756e-05 1.78116996e-04 4.95918608e-05
2.49756988e+01 4.32995258e-02 2.05629275e-03 -4.45631175e-02 2.57633855e-05 1.20254724e-04 2.81816198e-05
2.76767222e+01 3.90911746e-02 -1.96925065e-03 -4.53050661e-02 1.33927978e-05 1.67187454e-04 4.64406418e-05
3.03783378e+01 4.02427409e-02 2.17857962e-03 -5.24636830e-02 5.15894558e-05 5.92208252e-05 9.66910200e-05
3.30796581e+01 3.49115610e-02 3.53894314e-03 -5.17265818e-02 9.25421804e-05 1.38458985e-05 4.67336651e-05
3.57800566e+01 3.75812213e-02 3.55836982e-03 -5.15728646e-02 5.16016511e-05 3.29915507e-05 2.97973998e-05
3.84821534e+01 3.82972983e-02 3.09715993e-03 -5.02766265e-02 3.67312534e-05 3.97282426e-05 1.22512605e-05
4.11823363e+01 3.89509601e-02 7.30511439e-04 -4.86763819e-02 4.62086989e-05 3.65785857e-05 6.26094442e-05
4.38820472e+01 4.23523183e-02 2.68745335e-03 -5.50460424e-02 3.91052281e-05 4.87850367e-05 3.48388030e-05
4.65856488e+01 4.12112792e-02 5.23517742e-03 -4.79338426e-02 8.14767697e-05 1.28347960e-04 4.63914061e-05
4.92926847e+01 4.30690609e-02 1.52970852e-03 -5.50638841e-02 1.69907524e-05 1.04987944e-04 9.18164199e-05
5.19952785e+01 3.79744263e-02 2.19289985e-03 -5.26215824e-02 1.20099021e-04 1.08734193e-04 1.61290747e-05
5.47008550e+01 3.70598304e-02 2.04778951e-03 -5.31070269e-02 9.40253005e-06 1.67862987e-04 9.87155781e-05
5.73990503e+01 4.07867251e-02 -1.73583190e-03 -5.16444105e-02 8.59053945e-05 5.07858887e-05 7.77562279e-05
6.00968972e+01 4.01382382e-02 -7.37949192e-04 -5.14854523e-02 1.30036277e-04 5.14371658e-05 8.15198390e-05
6.27948878e+01 4.26455889e-02 1.91458688e-03 -4.54787764e-02 3.52475949e-05 5.48928323e-05 6.19919857e-05
6.55055660e+01 4.56286259e-02 1.95954779e-04 -4.29672615e-02 6.93610413e-05 1.37349669e-04 3.96972760e-05
6.82032066e+01 4.88721304e-02 3.53538039e-03 -4.65766622e-02 2.27882603e-05 8.71393041e-05 1.61476599e-04
7.09059128e+01 4.69489330e-02 6.36112370e-03 -4.84023524e-02 7.99437293e-05 1.22963384e-04 2.58814437e-05
7.36105175e+01 4.88248059e-02 9.36207524e-03 -4.16969618e-02 7.21229820e-05 4.79144864e-05 4.14308569e-05
7.63152425e+01 5.26124875e-02 4.17670053e-03 -4.82865307e-02 6.92745682e-05 6.83725234e-05 6.26919906e-05
7.90151331e+01 5.37624802e-02 9.76538257e-03 -4.40478548e-02 5.18365843e-05 2.54073276e-05 2.49679036e-05
8.17178081e+01 5.82571179e-02 1.70503294e-03 -4.48125187e-02 3.34243307e-05 8.80332144e-05 5.40359677e-05
8.44185769e+01 5.13320842e-02 4.50370807e-03 -4.36601235e-02 2.22803114e-05 5.48206483e-05 6.55879429e-05
8.71116394e+01 5.14119672e-02 5.05339028e-03 -4.44271836e-02 4.19728549e-05 4.07219970e-05 8.37089251e-05
8.98083159e+01 5.20677274e-02 5.76108083e-03 -3.61973363e-02 3.45100791e-05 1.47673807e-04 8.50333300e-05
9.25130644e+01 5.62903627e-02 2.78763399e-03 -3.86466402e-02 9.66395708e-05 1.34364816e-04 2.59068266e-05
9.52128706e+01 5.30257595e-02 3.38646755e-03 -3.99253350e-02 8.62809556e-05 8.55062978e-05 3.79786793e-05
9.79134222e+01 5.36630657e-02 6.69447574e-04 -3.85680698e-02 5.82537428e-05 2.76375190e-05 4.60711272e-05
1.00614153e+02 5.25519339e-02 -1.80309005e-03 -4.11676995e-02 3.15771006e-05 8.17131839e-05 3.90726515e-05
1.03311466e+02 5.33755182e-02 -3.75538518e-03 -4.07937069e-02 7.56241426e-05 2.32742000e-05 4.27205991e-05
1.06013669e+02 5.39406427e-02 -3.82253903e-04 -4.12236586e-02 7.69246414e-05 4.12620223e-05 1.44871424e-05
1.08712419e+02 5.21670549e-02 1.53328371e-03 -3.71055865e-02 4.72958280e-05 3.99933024e-05 3.33978493e-05
1.11401044e+02 4.68038494e-02 -2.35801321e-03 -4.19508352e-02 4.91676014e-05 1.97993671e-05 2.99163111e-05
1.14105388e+02 4.48727135e-02 -4.80680297e-03 -4.17911060e-02 6.73477567e-05 1.28555866e-04 5.03232457e-05
1.16808232e+02 4.79104477e-02 -1.53787179e-03 -4.16949911e-02 5.22941670e-05 9.95456838e-05 8.61074320e-05
1.19502685e+02 5.47992600e-02 -3.40615822e-03 -4.05477709e-02 7.10784364e-05 4.23656956e-05 5.27908740e-05
1.22205825e+02 5.91913005e-02 -1.36271272e-03 -3.22578110e-02 3.49657697e-05 3.91574652e-05 9.30890753e-05
1.24910091e+02 6.84755037e-02 -1.33214589e-03 -2.21317188e-02 1.15227262e-04 1.75389073e-05 3.68038131e-05
1.27614810e+02 7.21956233e-02 -1.93462783e-03 -2.44558869e-02 4.69062938e-05 6.69514399e-05 9.30612981e-05
1.30311138e+02 7.56088669e-02 9.25583802e-04 -1.70741069e-02 8.51517978e-05 3.94428688e-05 4.67968385e-05
1.33007357e+02 7.82072420e-02 7.63171409e-04 -9.54361928e-03 2.38373839e-05 5.13064259e-05 3.65471350e-05
1.35704716e+02 8.02384808e-02 -3.63887055e-03 3.21200855e-03 5.83995504e-05 2.46786399e-05 6.14533412e-05
1.38397560e+02 7.67401923e-02 -2.59061417e-03 1.35925057e-02 1.02313957e-04 1.02317507e-04 1.17595761e-05
1.41097107e+02 7.33866863e-02 1.96609704e-03 2.83508324e-02 5.70049761e-05 5.48774430e-05 8.05353361e-05
1.43803013e+02 6.60182112e-02 1.56647446e-03 2.75325612e-02 4.05544151e-05 8.53491896e-05 4.53305401e-05
1.46509810e+02 5.94849958e-02 1.16378975e-02 3.47264423e-02 5.81764380e-05 7.91505217e-05 9.62480968e-05
1.49207778e+02 5.36940008e-02 8.69736527e-03 4.09714186e-02 5.15849099e-05 7.30747620e-05 9.60429115e-05
1.51917513e+02 4.78395506e-02 7.05637723e-03 4.58960222e-02 6.10570846e-05 2.26570560e-05 1.30547614e-04
1.54616778e+02 4.66372599e-02 5.92124010e-04 4.37370230e-02 1.21058717e-04 1.29180724e-04 7.93091620e-05
1.57316310e+02 4.52724817e-02 4.29606121e-04 4.31531346e-02 9.70571949e-05 1.97686326e-05 5.95889460e-05
1.60013466e+02 4.56673869e-02 -2.16808131e-03 4.08240934e-02 4.49102250e-05 1.24625142e-05 6.13009350e-05
1.62717794e+02 4.44152494e-02 -1.03808939e-03 4.34878515e-02 5.57105745e-05 1.16311476e-04 3.00830990e-05
1.65424935e+02 4.74164133e-02 -8.42434896e-05 4.24488040e-02 2.51809057e-05 7.01038063e-05 3.85750048e-05
1.68116716e+02 4.47333159e-02 -2.48114813e-04 4.45651335e-02 6.76972542e-05 7.42335240e-05 6.31310505e-05
1.70823403e+02 4.80212622e-02 4.70018537e-03 4.22774252e-02 4.02783402e-05 2.50128920e-05 3.33904874e-05
1.73524482e+02 4.11810135e-02 7.71357231e-03 4.97154122e-02 7.59103967e-05 4.99402796e-05 8.77299749e-06
1.76223107e+02 4.35960940e-02 2.24546567e-03 4.69157772e-02 6.82316445e-05 1.17817071e-04 7.73216913e-05
1.78925310e+02 4.49667766e-02 -6.25833631e-04 4.69155198e-02 3.86760036e-05 5.04355566e-05 5.08557104e-05
1.81626013e+02 4.46737418e-02 -4.77102597e-03 4.56851447e-02 2.81249379e-05 3.79964066e-05 3.33638318e-05
1.84333622e+02 4.17385033e-02 -4.12264099e-03 5.09285987e-02 9.48833916e-06 3.64082062e-05 3.65623236e-05
1.87034357e+02 4.16725025e-02 9.06936120e-04 5.13281700e-02 4.47263514e-05 5.43932453e-05 5.41042615e-05
1.89735278e+02 3.96086288e-02 -2.70527497e-03 4.79835076e-02 8.27373948e-05 1.46935451e-04 4.75623886e-05
1.92440278e+02 4.07146353e-02 6.74372312e-04 4.95018757e-02 5.55343771e-05 3.60834534e-05 1.80452349e-05
1.95141544e+02 4.85680475e-02 -2.45680504e-03 5.03968443e-02 8.26570656e-05 8.93075280e-05 3.47285879e-05
1.97835825e+02 5.00031637e-02 6.90431201e-04 4.86578430e-02 1.76012500e-05 6.04500782e-05 7.54895468e-05
2.00532622e+02 4.79222507e-02 -2.47709335e-03 4.46625384e-02 4.03365959e-05 5.50008870e-05 3.45044044e-05
2.03227903e+02 4.21763196e-02 -8.93131334e-04 4.64448189e-02 2.85455401e-05 4.92153536e-05 5.25343947e-05
2.05932075e+02 4.34341575e-02 -4.68048462e-03 4.74718540e-02 9.51425221e-05 1.09690045e-04 3.05284674e-05
2.08632466e+02 4.19979863e-02 -4.86233118e-04 4.99579525e-02 4.05389579e-05 1.06365827e-04 4.85823084e-05
2.11332372e+02 4.40287776e-02 -3.04429351e-03 4.35706153e-02 4.04539349e-05 4.60526714e-05 4.34787939e-05
2.14037575e+02 4.01071464e-02 -5.53111609e-03 4.05324467e-02 3.47671696e-05 6.61397327e-05 1.77118557e-05
2.16735982e+02 4.17318751e-02 -2.42577487e-03 4.55525883e-02 6.51508851e-05 2.28840458e-05 2.16334952e-05
2.19440153e+02 3.95628851e-02 -7.13500932e-04 4.50909882e-02 3.69929135e-05 1.35500183e-04 5.50518213e-05
2.22144372e+02 4.12558019e-02 -4.24327545e-03 4.94898622e-02 1.51626318e-05 1.26511122e-04 1.91034341e-05
2.24839935e+02 4.43882384e-02 -2.32551108e-03 5.03438034e-02 6.15594998e-05 1.01930999e-04 3.25249116e-05
2.27544607e+02 4.49232681e-02 -2.12438422e-03 4.37299707e-02 1.22465275e-04 1.09764309e-04 3.95688346e-05
2.30252903e+02 4.97252944e-02 -3.77629676e-03 4.67919298e-02 3.45170290e-05 6.29856815e-05 4.95262192e-05
2.32951903e+02 4.64993175e-02 -7.30863309e-04 4.80120236e-02 3.03265089e-05 6.16053310e-05 2.01961131e-05
2.35646263e+02 4.48592360e-02 -4.70085822e-03 4.65098501e-02 6.52638004e-05 1.63771579e-04 7.93850932e-05
2.38348247e+02 4.48316655e-02 -2.75684250e-03 4.75211910e-02 4.75127063e-05 9.07752910e-05 6.13656248e-05
2.41052872e+02 4.30535311e-02 -7.24638567e-03 4.05146891e-02 4.22494988e-05 1.17294197e-04 2.67031707e-05
2.43751403e+02 4.45838374e-02 9.47072045e-04 4.43456257e-02 3.69321419e-05 1.76750637e-04 1.16922697e-04
2.46452794e+02 4.62891351e-02 2.66116296e-03 4.41573997e-02 5.44270006e-05 7.02837681e-05 8.51048605e-06
2.49149466e+02 4.45603939e-02 2.66435642e-03 4.09437108e-02 1.57933048e-05 7.01206880e-05 8.23262871e-05
2.51853982e+02 4.88622554e-02 5.88631137e-03 4.02751641e-02 9.58324378e-05 2.05818854e-05 4.64979642e-05
2.54549466e+02 4.35822385e-02 6.17003973e-03 3.95646293e-02 4.67999661e-05 5.47019186e-05 7.50765387e-05
2.57251919e+02 5.61055954e-02 5.47565886e-03 3.65809158e-02 7.17220108e-05 8.64606148e-05 8.52439947e-05
2.59953747e+02 6.25401515e-02 3.43997228e-03 3.30510284e-02 4.46528245e-05 1.45411116e-05 2.40229378e-05
2.62653778e+02 7.21210121e-02 -5.40951237e-04 2.90060529e-02 2.59459427e-05 1.48526143e-05 4.09548955e-05
2.65355388e+02 7.70837049e-02 -7.77127546e-04 2.07351912e-02 5.01451122e-05 1.04413619e-05 1.04824320e-04
2.68050598e+02 7.80671894e-02 -1.48596635e-03 9.31563267e-03 1.72879979e-05 6.10754550e-05 3.53687607e-05
