6.62156474e-01 4.89793453e-02 -7.92822535e-03 -5.50575893e-02 2.36161284e-05 7.44844786e-04 1.27618369e-04
3.36279722e+00 4.16215716e-02 -1.17146792e-02 -6.01848775e-02 1.00895182e-04 5.64807840e-04 3.69446532e-05
6.05559941e+00 3.48082918e-02 -1.11929631e-02 -6.51488505e-02 7.74395253e-05 9.35374690e-04 1.32199284e-05
8.75769159e+00 4.01493477e-02 -1.06532688e-02 -6.11733825e-02 2.67017613e-05 4.40938916e-04 7.39248701e-05
1.14574335e+01 4.44103028e-02 -9.55256764e-03 -6.32656829e-02 4.36301915e-05 3.08152671e-04 2.09742531e-05
1.41404475e+01 5.18548377e-02 -6.58688896e-03 -6.25807235e-02 2.82031882e-05 2.25014219e-04 4.37060523e-05
1.68403210e+01 6.07041272e-02 -3.38799484e-03 -6.46045568e-02 4.41704095e-05 1.48562738e-04 3.30346265e-05
1.95399225e+01 6.39136098e-02 8.66051597e-04 -6.77513110e-02 2.81155994e-05 3.13035353e-05 1.13313158e-05
2.22449725e+01 6.14745249e-02 8.15075415e-04 -6.37355688e-02 1.32303381e-04 7.25784887e-05 4.11034724e-05
2.49469194e+01 6.19384729e-02 -1.06061630e-03 -5.15923845e-02 3.43780367e-05 7.50674895e-05 8.54618230e-05
2.76503975e+01 6.53150433e-02 -1.71481585e-03 -4.30782987e-02 9.61826332e-05 3.99714097e-05 6.25665841e-05
3.03574663e+01 6.10126907e-02 -5.33110260e-03 -4.51321585e-02 5.79469318e-05 5.24914134e-05 5.61466845e-05
3.30613460e+01 7.03751300e-02 -3.27268350e-03 -5.29086064e-02 2.12153713e-05 5.82023210e-05 2.00357359e-05
3.57604100e+01 6.23808324e-02 -2.50019590e-03 -5.94142272e-02 7.56346839e-05 1.07462396e-04 2.82458016e-05
3.84641663e+01 6.11224427e-02 -1.83833729e-03 -6.20062846e-02 1.01437399e-04 1.01474386e-04 1.07273522e-04
4.11671772e+01 6.85896155e-02 -2.66094801e-03 -6.51388956e-02 2.84152798e-05 2.14666670e-04 2.68423625e-05
4.38719116e+01 7.08800995e-02 1.76000014e-03 -6.05327102e-02 3.87664524e-05 9.48984939e-05 7.62388482e-05
4.65682069e+01 6.46514298e-02 2.10192158e-03 -6.06410453e-02 7.81764893e-05 5.79582831e-05 8.42006820e-05
4.92679460e+01 5.12997426e-02 6.15967765e-04 -6.29975555e-02 9.31505861e-05 8.52650600e-05 2.75139850e-05
5.19662085e+01 4.59425906e-02 -5.98023702e-04 -7.16972405e-02 9.20421331e-05 3.43876052e-04 1.93406429e-05
5.46721319e+01 4.71220477e-02 3.91189092e-03 -7.47107117e-02 1.94645560e-05 4.50587051e-04 7.55289955e-05
5.73705257e+01 5.05334310e-02 3.47038993e-03 -7.97760414e-02 5.19313416e-05 2.02322363e-04 1.17318777e-04
6.00747600e+01 5.36768913e-02 4.04141918e-03 -7.78303710e-02 5.67346129e-05 1.13315451e-04 5.52039237e-05
6.27814616e+01 6.21836282e-02 6.82952342e-03 -5.93396402e-02 1.65331935e-05 2.38182860e-04 3.31732061e-05
6.54924085e+01 6.53131788e-02 1.56287204e-03 -4.50048957e-02 6.23506947e-05 1.35264778e-04 8.38602874e-05
6.81935194e+01 5.95711248e-02 -1.08858203e-03 -5.40060062e-02 8.04937799e-05 1.24104576e-04 1.10343457e-04
7.08893085e+01 5.25606391e-02 -2.21344097e-03 -6.43107463e-02 1.06171850e-04 6.08854781e-05 2.66658608e-05
7.35800772e+01 5.35349098e-02 -4.73614390e-03 -7.25553368e-02 2.50164307e-05 9.18289276e-05 1.30461939e-04
7.62757053e+01 4.90273982e-02 -3.95205874e-03 -7.19568523e-02 9.49844869e-05 5.39025302e-05 2.50982828e-05
7.89813116e+01 5.00896160e-02 -4.25584218e-04 -6.75497466e-02 3.67229406e-05 8.23065535e-05 6.24786748e-05
8.16748350e+01 6.11808837e-02 1.93162269e-03 -5.80732702e-02 9.26597487e-05 7.62425365e-05 5.37778558e-05
8.43791585e+01 6.35341360e-02 6.38996400e-03 -6.30379790e-02 6.96996588e-05 6.51227830e-05 5.52351540e-05
8.70750475e+01 6.21477263e-02 4.93844200e-03 -6.88462184e-02 1.18212037e-04 4.74797987e-05 2.01930595e-05
8.97805069e+01 5.92871574e-02 5.40523174e-03 -7.84462458e-02 1.06329997e-05 1.44667944e-04 9.68338769e-05
9.24873569e+01 5.41988920e-02 8.60062231e-03 -7.79885833e-02 6.27911244e-05 5.44857781e-05 4.14306397e-05
9.51936241e+01 5.07795062e-02 7.96186225e-03 -6.62597341e-02 9.18641789e-05 1.49738803e-04 4.65918779e-05
9.78962944e+01 5.24303806e-02 9.15638466e-03 -5.34490750e-02 5.41769860e-05 6.05697031e-05 6.78593266e-05
1.00591765e+02 5.53928054e-02 1.10926128e-02 -4.64983106e-02 9.54584652e-05 3.35817073e-04 7.59438530e-05
1.03284327e+02 5.73772607e-02 1.12343859e-02 -4.20329402e-02 3.56062689e-05 3.60448409e-04 6.63856987e-05
1.05978343e+02 5.71626944e-02 -1.50489045e-03 -4.42466824e-02 3.70502050e-05 3.83679054e-04 8.55614967e-05
1.08671780e+02 5.43657106e-02 -6.43345472e-03 -5.46507282e-02 6.60681473e-05 4.46918302e-04 7.05010485e-05
1.11373515e+02 5.28808399e-02 -2.00123202e-02 -6.31268915e-02 6.24238627e-05 1.64735451e-04 5.77199282e-05
1.14072796e+02 5.54729512e-02 -1.83998057e-02 -6.84446074e-02 3.91598840e-05 2.10892622e-04 2.91078801e-05
1.16776874e+02 6.08163578e-02 -2.53044771e-02 -7.39689939e-02 4.27680443e-05 4.36911635e-05 4.82243571e-05
1.19483437e+02 6.67105828e-02 -2.56089448e-02 -7.12801407e-02 5.29233616e-05 7.43498531e-05 5.00634621e-05
1.22180030e+02 6.48241647e-02 -3.45663194e-02 -6.20206298e-02 3.76454328e-05 5.16172597e-05 7.11435463e-05
1.24874499e+02 6.58219092e-02 -3.86080061e-02 -4.56488441e-02 5.76705259e-05 2.29894823e-05 6.22414548e-05
1.27572515e+02 6.59436701e-02 -4.39311753e-02 -1.43547334e-02 8.72068165e-05 2.42061845e-05 5.19081057e-05
1.30274937e+02 6.80606022e-02 -4.15198283e-02 -7.53477166e-03 6.02707772e-05 7.01132670e-05 3.68053766e-05
1.32976749e+02 7.42306438e-02 -3.27792730e-02 2.94297422e-03 2.11722444e-05 4.30673207e-05 4.09857065e-05
1.35674858e+02 8.04210320e-02 -2.39919965e-02 5.90831202e-03 9.93178083e-05 1.45700338e-04 3.21741284e-05
1.38378796e+02 8.15251022e-02 -1.41125615e-02 1.98352391e-02 3.59760427e-05 3.60397219e-04 5.41158378e-05
1.41076687e+02 7.87488392e-02 -1.10535896e-02 2.94656943e-02 1.49295959e-05 2.38887350e-04 7.61450831e-05
1.43773499e+02 7.33939091e-02 -6.70608516e-03 4.57892957e-02 1.42212557e-05 4.73584205e-04 6.25484850e-05
1.46469812e+02 7.10709359e-02 -5.27581176e-03 5.04091298e-02 4.05905594e-05 7.63062125e-05 9.80767791e-05
1.49161999e+02 7.87431469e-02 -1.32197253e-03 5.17987243e-02 3.53272298e-05 1.84984312e-04 6.91264102e-05
1.51856218e+02 7.87212265e-02 -4.18682391e-03 4.85751189e-02 1.82756244e-05 1.39318861e-04 2.21744969e-05
1.54550358e+02 7.98979879e-02 -3.99413606e-03 4.71065229e-02 3.33969755e-05 1.22695346e-04 3.50592549e-05
1.57249374e+02 8.15738516e-02 -4.71941041e-03 3.39630289e-02 5.56697029e-05 1.64048864e-04 3.80017846e-05
1.59941421e+02 8.58061853e-02 -1.37259640e-02 3.28274694e-02 4.40173867e-05 5.03119142e-05 8.49405952e-05
1.62634124e+02 8.16324991e-02 -9.40844186e-03 3.83174740e-02 2.96399467e-05 4.81828043e-05 4.91719798e-05
1.65334093e+02 7.33566071e-02 -9.42011377e-03 5.56244604e-02 8.61628132e-05 7.16355670e-05 7.70407618e-05
1.68037421e+02 6.45936120e-02 -1.19034870e-02 6.29363475e-02 4.53798082e-05 5.94875195e-05 4.84735327e-05
1.70740749e+02 6.14479955e-02 -9.40180616e-03 7.40334363e-02 2.05096962e-05 1.74553483e-05 6.01854597e-05
1.73449827e+02 6.25834431e-02 -1.54857190e-02 7.99100594e-02 6.32028280e-05 1.74708759e-04 6.48634640e-05
1.76162108e+02 6.94780219e-02 -1.18166360e-02 7.93995521e-02 1.35813052e-04 1.74289004e-04 6.74510522e-05
1.78873312e+02 6.67984034e-02 -1.42026211e-02 7.79266736e-02 5.97201891e-05 1.16892177e-04 1.38180748e-04
1.81582093e+02 6.47217485e-02 -3.03889532e-03 6.73938090e-02 6.50282626e-05 2.91778453e-05 2.73558415e-05
1.84292374e+02 6.68454322e-02 -1.85012771e-03 6.93871330e-02 4.61142301e-05 6.36551754e-05 2.72526248e-05
1.86984827e+02 6.41278441e-02 8.53370011e-04 7.09114417e-02 1.23586332e-05 2.26828994e-04 9.91054778e-05
1.89681530e+02 6.22964598e-02 3.08395702e-04 7.49093661e-02 1.29898126e-04 5.70496104e-04 7.16061385e-05
1.92375718e+02 6.55435451e-02 -2.95354489e-03 7.62282955e-02 8.85381553e-05 3.68716074e-04 1.65470818e-04
1.95069937e+02 6.58067943e-02 -6.15718880e-03 6.52572364e-02 3.57607203e-05 3.17106712e-04 1.33263236e-04
1.97772608e+02 7.33587713e-02 -8.07002274e-03 6.04734381e-02 5.96767240e-05 2.91851417e-04 2.22889409e-05
2.00468030e+02 7.91381258e-02 -7.86969061e-03 5.73822014e-02 4.90745261e-05 2.08171244e-04 2.56406190e-05
2.03167265e+02 7.39701954e-02 -9.72578428e-03 6.19226153e-02 7.48644950e-05 1.15858541e-04 2.22249725e-05
2.05868171e+02 5.52984880e-02 -5.89043454e-03 6.60123986e-02 8.16717263e-05 6.62557541e-05 3.72606380e-05
2.08566015e+02 4.95513192e-02 -5.94470785e-03 7.73379964e-02 3.01035439e-05 3.33853445e-05 1.85463325e-04
2.11267358e+02 5.58887464e-02 -6.67849844e-03 7.74330600e-02 1.29513827e-04 4.81635677e-05 8.50646604e-05
2.13963468e+02 5.91277339e-02 -2.17639065e-03 6.91811669e-02 5.32207541e-05 4.66143820e-05 3.83765081e-05
2.16655202e+02 6.48587810e-02 9.07783309e-05 5.73744244e-02 4.80372879e-05 2.55210232e-04 9.11753513e-05
2.19359890e+02 7.37253193e-02 9.45910562e-03 5.35776605e-02 7.35091876e-05 3.55260498e-05 7.10627737e-05
2.22058187e+02 7.26911247e-02 6.99032036e-03 5.33050696e-02 8.94552019e-05 3.53987194e-05 7.41633728e-05
2.24754624e+02 7.21350787e-02 -2.89760080e-03 5.58125400e-02 6.39764761e-05 9.77276137e-05 9.96439973e-05
2.27455437e+02 6.52108783e-02 -3.25540828e-03 6.27363398e-02 1.48336579e-05 2.73676391e-04 2.26833553e-05
2.30164812e+02 5.80566849e-02 -3.01146656e-03 6.31183474e-02 4.73680931e-05 4.01747697e-04 8.70505754e-05
2.32867718e+02 5.70689624e-02 -8.28464402e-03 5.25515741e-02 1.36399471e-04 1.77518766e-04 4.00426315e-05
2.35564077e+02 6.90374889e-02 -1.23339087e-02 4.12217610e-02 5.91293107e-05 1.09631321e-04 1.33643481e-04
2.38259905e+02 7.52758776e-02 -6.00622285e-03 4.15685234e-02 5.77303175e-05 1.36727261e-04 5.52859344e-05
2.40959796e+02 7.86034089e-02 -1.39506510e-03 4.78696586e-02 3.06473643e-05 1.05124347e-04 2.10606719e-05
2.43649296e+02 7.42262566e-02 -8.54017788e-04 5.70468761e-02 3.89793080e-05 1.18702779e-04 2.48680354e-05
2.46343140e+02 7.67970350e-02 6.06437536e-03 5.62339706e-02 4.52365221e-05 5.91500359e-05 5.24830023e-05
2.49038046e+02 6.88725489e-02 6.86623965e-03 5.05636261e-02 4.06641237e-05 2.72430152e-05 9.98320171e-05
2.51745515e+02 6.95093532e-02 1.22614534e-02 4.60170410e-02 8.51894184e-05 1.34254284e-04 9.73315596e-05
2.54447577e+02 7.06135026e-02 1.82593039e-02 4.01277463e-02 4.66570403e-05 1.22005324e-04 7.54102468e-05
2.57142702e+02 6.25537773e-02 1.64549151e-02 3.55811886e-02 1.01560441e-04 4.88844957e-05 5.36313917e-05
2.59843265e+02 6.83256745e-02 1.60950086e-02 2.11425626e-02 4.07957353e-05 4.37258741e-05 6.04719725e-05
2.62540608e+02 6.43362185e-02 1.25031402e-02 3.02674139e-03 7.74027951e-05 1.02560032e-04 8.48167327e-05
2.65244249e+02 6.70982224e-02 5.37231762e-03 -3.18522116e-02 4.49031270e-05 3.61124368e-04 1.52952974e-04
2.67943928e+02 5.94695247e-02 -3.20072411e-03 -4.78662537e-02 7.53127977e-05 4.86254043e-04 3.08597683e-05
