6.57181044e-01 6.56049272e-02 1.56660276e-02 -3.46164669e-02 4.53272997e-05 1.44482486e-04 1.43433255e-05
3.35402186e+00 6.85446265e-02 1.54289085e-02 -3.16706072e-02 2.43018417e-05 1.23265881e-04 5.19823470e-05
6.05775591e+00 7.04895808e-02 1.32807059e-02 -3.68755481e-02 2.42904567e-05 2.26746422e-04 1.83670682e-05
8.76142779e+00 6.78017966e-02 9.71965281e-03 -5.16831525e-02 8.62008422e-05 2.03756385e-04 6.05201733e-05
1.14571817e+01 6.36475559e-02 2.96414261e-03 -4.96959287e-02 2.30213391e-05 3.66395644e-04 8.11285266e-05
1.41476801e+01 6.65617190e-02 -3.73041838e-03 -5.42499044e-02 7.81290609e-05 4.55216916e-04 4.20704659e-05
1.68464301e+01 6.45054859e-02 -4.51082467e-03 -6.56357079e-02 6.01216426e-05 3.76044467e-04 2.89351781e-05
1.95420395e+01 6.80776790e-02 -4.19243572e-03 -6.43958371e-02 8.51459305e-05 4.07423140e-04 4.69374963e-05
2.22370536e+01 6.66249468e-02 -2.39920500e-03 -6.17950909e-02 9.99439189e-05 5.77878134e-04 5.76999568e-05
2.49378239e+01 5.29737037e-02 -2.52983795e-03 -5.90193889e-02 8.04658565e-05 6.44842935e-04 4.27331652e-05
2.76397692e+01 4.21591153e-02 -6.86943227e-03 -6.15190412e-02 5.36463972e-05 5.88517569e-04 7.64908049e-05
3.03431848e+01 4.27253820e-02 -5.52548500e-03 -6.14730279e-02 5.67318763e-05 5.53961153e-04 6.11500949e-05
3.30502489e+01 4.15142042e-02 -4.03799928e-03 -7.60641252e-02 2.12920306e-05 2.38318141e-04 7.04786578e-05
3.57483629e+01 4.89042616e-02 8.44369281e-04 -8.68430077e-02 6.00890000e-05 2.50508299e-04 2.27965209e-05
3.84445364e+01 5.33776503e-02 -2.34426818e-03 -8.53499878e-02 1.08405912e-04 9.54336820e-05 5.60951050e-05
4.11474333e+01 5.32079281e-02 -1.47796194e-03 -7.56190020e-02 3.40404825e-05 1.60443375e-04 4.61866525e-05
4.38606973e+01 5.33943604e-02 -4.95675795e-03 -6.03701739e-02 1.46938283e-05 1.84909012e-04 3.32720156e-05
4.65715286e+01 5.97138328e-02 -1.53114289e-03 -6.33074849e-02 5.41888698e-05 3.11906873e-04 1.71195387e-04
4.92713629e+01 6.87725942e-02 -3.89722536e-04 -6.57842372e-02 1.45767375e-04 1.29695012e-04 1.50187594e-05
5.19671723e+01 7.27091430e-02 -2.11030522e-03 -6.64264812e-02 1.22767732e-04 5.50666785e-04 3.76292474e-05
5.46674379e+01 7.71403660e-02 -1.14193461e-03 -5.68731069e-02 3.58368043e-05 3.45417501e-04 4.67518903e-05
5.73687051e+01 7.58793478e-02 5.12903613e-04 -5.00940257e-02 4.64912984e-05 4.02986323e-04 2.81941360e-05
6.00720833e+01 7.32426636e-02 4.45760305e-03 -4.41454271e-02 1.26489931e-05 3.85733148e-04 9.55490845e-05
6.27688473e+01 6.30531849e-02 4.39321171e-03 -5.98359046e-02 1.20195228e-04 2.71705556e-04 5.00775056e-05
6.54698239e+01 5.09968050e-02 4.49562531e-03 -6.51715073e-02 3.20310305e-05 1.01043767e-04 1.30988279e-04
6.81730645e+01 5.93516116e-02 3.42080168e-03 -5.76398257e-02 1.52432391e-04 2.38263309e-05 7.06054698e-05
7.08843645e+01 5.79285696e-02 4.90134088e-03 -5.50827331e-02 5.46445152e-05 6.05208293e-05 6.37599913e-05
7.35877083e+01 5.33918304e-02 -2.09182415e-03 -5.88594471e-02 5.13944005e-05 1.51704624e-04 1.18460233e-04
7.62858286e+01 5.51411261e-02 -4.10681753e-03 -6.52736349e-02 1.55460815e-05 1.90628514e-04 3.76723339e-05
7.89921833e+01 6.10574977e-02 -3.07558146e-04 -6.58813405e-02 5.75773156e-05 1.28121890e-04 4.47339700e-05
8.16884442e+01 6.71732031e-02 6.00444702e-03 -6.16099125e-02 4.44434574e-05 5.12832785e-05 5.58975580e-05
8.43920661e+01 7.60942834e-02 4.20461918e-03 -6.44161915e-02 1.04961218e-04 6.81548234e-05 1.08596127e-04
8.70985411e+01 7.72064070e-02 -2.79556235e-03 -5.68843981e-02 5.18496174e-05 8.70351188e-05 6.70637498e-05
8.97908254e+01 7.18764771e-02 -6.49956212e-03 -5.18429585e-02 3.87736098e-05 1.13864582e-04 7.26780695e-05
9.24915817e+01 6.99454573e-02 -1.40517921e-02 -4.81987793e-02 5.24261036e-05 1.76381802e-04 6.37249873e-05
9.51887645e+01 6.75081097e-02 -1.63924220e-02 -5.41156708e-02 1.44112993e-05 2.09590497e-04 2.52947732e-05
9.78811692e+01 6.52313559e-02 -2.19340297e-02 -5.95928089e-02 6.34904253e-05 1.18381428e-04 7.76692410e-05
1.00582961e+02 5.39709751e-02 -2.08681197e-02 -5.71670661e-02 8.54755881e-05 3.04885055e-04 1.73683813e-04
1.03281696e+02 5.27011863e-02 -2.18808347e-02 -5.84475372e-02 1.05307430e-04 3.21183932e-04 5.48209035e-05
1.05981821e+02 5.31659467e-02 -1.60168347e-02 -6.05340228e-02 5.67207283e-05 3.40532739e-04 6.42335293e-05
1.08683930e+02 5.43319078e-02 -1.02828496e-02 -5.80425358e-02 3.41506045e-05 1.27765718e-04 3.34147953e-05
1.11386477e+02 5.97759720e-02 -8.09289568e-03 -6.15171606e-02 3.91755450e-05 5.62887695e-05 4.81259473e-05
1.14090149e+02 6.25675946e-02 -6.95502132e-03 -5.81045122e-02 4.35700490e-05 8.78646429e-05 1.46552346e-04
1.16779602e+02 6.81398359e-02 -1.35991665e-03 -5.46349134e-02 1.62069314e-04 7.22660005e-05 4.47659530e-05
1.19469227e+02 7.58788686e-02 1.92844941e-03 -5.17334387e-02 1.83094541e-05 2.80380185e-04 1.90943187e-04
1.22155868e+02 7.39779665e-02 7.96712476e-03 -5.54359852e-02 7.08411582e-05 2.48043340e-04 4.21205573e-05
1.24850352e+02 7.62353766e-02 8.50143652e-03 -6.67270331e-02 6.12669498e-05 1.17511044e-04 4.04653107e-05
1.27545196e+02 7.89430504e-02 8.12785084e-03 -6.71575562e-02 3.29761190e-05 8.37853735e-05 7.06076916e-05
1.30246774e+02 7.86843891e-02 -1.11387905e-03 -4.59499148e-02 6.25227640e-05 4.90307533e-05 2.07491361e-05
1.32942477e+02 7.98607576e-02 2.05450318e-03 -1.82011746e-02 7.08968556e-05 6.73982081e-05 3.00173038e-05
1.35643805e+02 7.70880736e-02 -4.52163526e-03 -5.63469778e-03 5.76505256e-05 1.12576953e-04 1.81401164e-04
1.38346149e+02 7.88865029e-02 -4.93975502e-03 1.83898962e-02 3.71109037e-05 8.48552714e-05 6.34975787e-05
1.41046258e+02 7.25247791e-02 -8.84248082e-03 3.95512438e-02 4.49596228e-05 6.13602852e-05 1.20799963e-04
1.43747290e+02 6.53226364e-02 -7.45556763e-03 5.39584488e-02 2.21631048e-05 3.50472183e-05 9.87158459e-05
1.46450336e+02 6.34528507e-02 -3.97159335e-03 5.77148741e-02 4.15772137e-05 7.39211369e-05 6.09312969e-05
1.49157555e+02 6.44799480e-02 -4.59744395e-05 6.16334198e-02 2.72413573e-05 6.66260192e-05 1.21386435e-04
1.51856430e+02 6.09277790e-02 4.04978332e-03 7.11718979e-02 4.38570203e-05 4.83728006e-05 5.91462013e-05
1.54555024e+02 5.33573028e-02 9.96288590e-05 8.15463236e-02 4.45856152e-05 6.44485259e-05 2.87777073e-05
1.57258852e+02 5.29120138e-02 2.70322874e-03 8.58742187e-02 4.57829438e-05 2.08336753e-04 4.16359090e-05
1.59971493e+02 5.41610843e-02 7.18263504e-03 8.71602792e-02 7.46189646e-05 1.03050711e-04 2.30747271e-05
1.62671805e+02 5.82523977e-02 6.22346911e-03 7.93838441e-02 7.25379547e-05 1.55600774e-04 3.88799349e-05
1.65374524e+02 6.06880936e-02 1.46149536e-02 7.78662847e-02 3.96973253e-05 2.71992968e-04 6.13105683e-05
1.68066415e+02 6.32616720e-02 1.96732894e-02 6.80139219e-02 8.39625077e-05 1.78573204e-04 6.48616022e-05
1.70761211e+02 6.81391345e-02 1.85874043e-02 6.81944504e-02 4.97789847e-05 1.60856705e-04 7.67141255e-05
1.73445946e+02 7.24110670e-02 1.25566846e-02 5.53939701e-02 1.46530246e-04 1.87347924e-04 2.33387396e-05
1.76139633e+02 7.09249341e-02 5.07866262e-03 5.54492850e-02 9.89547404e-06 2.33422473e-04 8.18581760e-05
1.78832008e+02 7.21152105e-02 3.64843756e-03 5.66781379e-02 8.89790756e-05 2.14582571e-04 6.72732227e-05
1.81529555e+02 7.07667035e-02 1.69091064e-03 6.64553300e-02 2.12831690e-05 2.88705235e-04 4.02781995e-05
1.84232618e+02 6.54858332e-02 4.93201358e-03 7.09176027e-02 9.16341815e-05 2.93596247e-04 5.70185802e-05
1.86935602e+02 6.65160443e-02 4.77625110e-03 7.61330529e-02 5.99879765e-05 1.18099621e-04 1.62090606e-05
1.89641961e+02 6.70427380e-02 3.22799220e-03 7.73196860e-02 4.04570915e-05 1.28011980e-04 1.15936466e-04
1.92353649e+02 6.24790034e-02 9.22373498e-03 7.45012008e-02 6.05544420e-05 1.80229491e-04 3.92158726e-05
1.95055024e+02 6.59109586e-02 4.54442639e-03 7.19419262e-02 5.19898327e-05 9.79559602e-05 6.49963024e-05
1.97762321e+02 6.92542275e-02 -7.02279134e-04 7.55393821e-02 6.15084714e-05 2.00215453e-04 4.79626505e-05
2.00470649e+02 6.22617989e-02 -5.22161087e-03 7.13338898e-02 8.78886243e-06 8.89975980e-05 1.14393983e-05
2.03177696e+02 6.39534764e-02 -1.00242070e-03 7.76745191e-02 9.60363217e-05 1.75461104e-04 2.84314781e-05
2.05882290e+02 6.13513616e-02 -3.90686870e-03 7.60262224e-02 3.90513438e-05 4.01123630e-04 2.78622337e-05
2.08578852e+02 6.06691466e-02 -9.20000776e-04 7.19260478e-02 6.33795204e-05 5.90335683e-04 1.12086738e-04
2.11271461e+02 5.35321647e-02 -3.56316442e-03 5.78541975e-02 1.32365382e-04 5.31328796e-04 2.89901205e-05
2.13962649e+02 6.45123988e-02 -2.35504944e-03 6.06870239e-02 6.70359779e-05 4.89164074e-04 7.56250535e-05
2.16658383e+02 6.83118832e-02 1.45723570e-03 6.31799783e-02 7.35261236e-05 2.85601822e-04 1.01844660e-04
2.19354821e+02 7.62443799e-02 -9.78227348e-05 6.42962886e-02 1.72857903e-05 4.82826249e-04 7.99686222e-05
2.22059649e+02 7.45937285e-02 -4.64044229e-03 5.89133842e-02 6.41006654e-05 1.19997638e-04 7.20064470e-05
2.24754680e+02 7.24026983e-02 -1.23754769e-03 5.44626027e-02 2.12134512e-05 2.58463186e-04 1.07415202e-04
2.27454055e+02 5.87300182e-02 -1.56074350e-03 5.23299093e-02 5.35326807e-05 3.38762558e-04 3.08084731e-05
2.30146899e+02 5.66073360e-02 1.32806390e-03 5.67753619e-02 3.33551607e-05 5.12652671e-04 6.70873554e-05
2.32842883e+02 4.94696743e-02 5.51648501e-03 6.50405499e-02 8.78316657e-06 5.95558116e-04 6.59697382e-05
2.35546383e+02 4.62633319e-02 1.19838630e-02 7.25755071e-02 6.07902562e-05 3.62900340e-04 5.79427627e-05
2.38248977e+02 4.88543031e-02 1.18057822e-02 7.53744986e-02 1.79028987e-05 3.30236988e-04 3.62981448e-05
2.40951336e+02 5.31354911e-02 1.18665399e-02 7.74364706e-02 8.50665762e-05 2.24331912e-04 5.15493649e-05
2.43652008e+02 4.78949246e-02 1.07655615e-02 8.24207455e-02 9.42672740e-05 1.20650122e-04 5.70227996e-05
2.46353602e+02 4.94902053e-02 1.01770533e-02 8.08944980e-02 3.38336462e-05 4.99321269e-05 7.40236077e-05
2.49050383e+02 6.26261540e-02 4.45254270e-03 6.30872707e-02 4.47429420e-05 1.20028823e-04 8.42961360e-05
2.51754227e+02 7.34952418e-02 -1.10492173e-03 4.80681523e-02 4.94196562e-05 7.44036922e-05 3.31868988e-05
2.54452665e+02 7.95227902e-02 -3.48282805e-04 2.70150257e-02 3.36787011e-05 1.51497988e-04 4.49644038e-05
2.57147336e+02 8.27544687e-02 1.72358205e-03 -1.88466062e-03 2.10479497e-05 2.49932655e-04 3.92378197e-05
2.59839836e+02 7.88232876e-02 -5.19607489e-04 -2.54678845e-02 2.62932224e-05 3.19974187e-04 5.20102984e-05
2.62528446e+02 7.74034544e-02 4.08171189e-03 -2.75517974e-02 7.07048952e-05 2.68892270e-04 1.57488461e-04
2.65222290e+02 7.27617152e-02 1.00284966e-02 -3.33848615e-02 4.69180630e-05 1.13209011e-04 2.05823003e-04
2.67918502e+02 6.91280493e-02 1.45044356e-02 -3.66570319e-02 7.63273657e-05 1.06645816e-04 1.28825594e-04
