6.56156789e-01 6.86762101e-02 7.88952793e-03 -2.54702061e-02 4.85168083e-05 1.64253140e-04 6.17019725e-05
3.35737991e+00 6.49490773e-02 9.00455497e-03 -3.43457893e-02 3.06354394e-05 2.24234100e-04 2.11862914e-05
6.06117772e+00 6.89629030e-02 1.45128614e-02 -4.02417569e-02 3.59593727e-05 5.42753464e-04 5.06946302e-05
8.75415585e+00 6.83282050e-02 1.37512893e-02 -5.43964862e-02 8.47804283e-05 3.36856660e-04 5.30440750e-06
1.14547399e+01 6.56837173e-02 1.35301622e-02 -6.17154135e-02 5.86588156e-05 2.58000211e-04 1.53654751e-05
1.41515602e+01 6.06791869e-02 8.35035179e-03 -6.66385257e-02 5.91563316e-05 1.00556058e-04 4.41289237e-05
1.68487227e+01 6.61753676e-02 9.31447126e-03 -6.62159492e-02 7.50576850e-05 2.16057503e-04 5.95816252e-05
1.95557649e+01 6.51185774e-02 1.04963674e-02 -6.42154714e-02 6.10738971e-05 4.10956340e-04 6.09925054e-05
2.22583868e+01 5.81729320e-02 1.04523050e-02 -6.62651318e-02 9.31966514e-05 7.14859454e-04 6.26164368e-05
2.49564712e+01 5.45979118e-02 8.89567977e-03 -6.63635070e-02 6.86221324e-05 7.27669896e-04 3.76814716e-05
2.76458680e+01 5.07758077e-02 1.68444653e-03 -7.14387573e-02 3.83653009e-05 8.30400594e-04 3.13914137e-05
3.03426102e+01 4.46176001e-02 4.32098766e-04 -7.79279387e-02 7.12232313e-05 6.43023990e-04 8.59986032e-05
3.30423321e+01 5.05494374e-02 -3.62543343e-03 -7.89520709e-02 5.62164251e-05 3.03782668e-04 5.17643661e-05
3.57449868e+01 5.07155935e-02 -1.71500113e-03 -7.58639072e-02 2.32447635e-05 6.72916456e-05 4.91343042e-05
3.84608805e+01 4.95468480e-02 -3.57005143e-03 -7.78363219e-02 2.39892490e-05 7.33246404e-05 3.90205232e-05
4.11622227e+01 5.46899551e-02 -4.49032983e-03 -8.28436184e-02 4.89763452e-05 1.15292354e-04 5.13373585e-05
4.38684993e+01 5.04025685e-02 -6.28529456e-03 -7.51938626e-02 6.39413824e-05 2.06610584e-04 3.65111437e-05
4.65666696e+01 6.41533793e-02 -6.11716060e-03 -6.70920414e-02 5.58125580e-05 2.08887753e-04 4.70040514e-05
4.92582821e+01 7.62461358e-02 -4.09158775e-03 -6.62482024e-02 2.48576032e-05 3.07094626e-04 8.32628801e-05
5.19554149e+01 7.50837709e-02 -1.71276741e-03 -7.87870501e-02 3.16756282e-05 2.36254209e-04 4.19115981e-05
5.46588571e+01 7.15963314e-02 -1.86771622e-03 -7.50379759e-02 3.77509219e-05 3.29804324e-04 6.60940738e-05
5.73598430e+01 7.55059955e-02 -2.87987157e-04 -6.89800586e-02 2.16535108e-05 1.77171174e-04 2.34815119e-05
6.00668196e+01 7.27284906e-02 6.72597501e-04 -6.56028695e-02 1.33043253e-04 8.11605276e-05 6.61594639e-05
6.27722649e+01 7.03648065e-02 1.59565302e-03 -6.33820669e-02 3.10936150e-05 1.19687624e-04 5.23298482e-05
6.54790337e+01 6.64527236e-02 4.75982723e-03 -6.11082548e-02 4.51548546e-05 3.70634710e-05 5.45170122e-05
6.81806774e+01 6.50313294e-02 3.24192657e-03 -6.22670999e-02 1.95758343e-05 5.52113803e-05 4.15603567e-05
7.08773727e+01 5.85629037e-02 -5.76156135e-03 -6.47874933e-02 1.32592637e-05 2.29002465e-04 1.98598837e-05
7.35791352e+01 5.63478230e-02 -7.62398926e-03 -7.37450420e-02 3.60614173e-05 1.15292823e-04 1.24327505e-05
7.62833758e+01 5.84178199e-02 -3.84199328e-03 -8.17333007e-02 5.13177194e-05 1.41829747e-04 7.40821970e-05
7.89895743e+01 6.38932909e-02 -7.45582787e-03 -8.29302191e-02 1.99207521e-05 7.17062530e-05 1.90810258e-05
8.16888524e+01 7.52700063e-02 -6.32625890e-03 -7.47721372e-02 2.53502345e-05 1.13776142e-04 2.43397614e-05
8.43901821e+01 7.62268643e-02 -4.55706146e-03 -6.63347367e-02 4.37047065e-05 1.61877864e-04 3.45742587e-05
8.70854165e+01 7.46811738e-02 -8.69910352e-03 -5.64337639e-02 6.15910814e-05 3.11766142e-04 1.02568007e-04
8.97884337e+01 6.78109397e-02 -1.47773742e-02 -5.06093769e-02 1.67424988e-04 1.23141753e-04 6.73706594e-05
9.24869774e+01 6.46350504e-02 -1.78660942e-02 -5.43180670e-02 4.96874090e-05 1.74406642e-04 1.20023531e-04
9.51840790e+01 7.16255114e-02 -1.96247856e-02 -5.27955142e-02 5.06945111e-05 1.43880339e-04 7.93254432e-05
9.78785493e+01 7.50267625e-02 -1.47834858e-02 -5.60995623e-02 6.40344261e-05 1.52248562e-04 7.32459192e-05
1.00570613e+02 7.06513460e-02 -1.63627811e-02 -5.39842377e-02 4.09200264e-05 4.25215644e-04 4.85966284e-05
1.03264238e+02 5.94325125e-02 -1.33379991e-02 -6.32665512e-02 1.67733109e-05 2.43331757e-04 9.96107575e-05
1.05962754e+02 5.24148206e-02 -1.18140489e-02 -6.70469717e-02 2.59971749e-05 4.66430373e-04 5.36230795e-05
1.08672738e+02 4.81928500e-02 -1.75084862e-03 -6.75928691e-02 7.25711373e-05 3.94232082e-04 5.13006323e-05
1.11382723e+02 5.21509672e-02 5.59474174e-03 -5.93275594e-02 4.00863556e-05 3.29602999e-04 1.08892528e-04
1.14079832e+02 5.94906192e-02 1.08560366e-02 -5.73366669e-02 3.85954317e-05 2.00734270e-04 8.84908375e-05
1.16782332e+02 6.62124891e-02 1.56613317e-02 -5.53099120e-02 1.19212135e-04 1.25188261e-04 5.07254001e-05
1.19479035e+02 6.88727532e-02 2.06834486e-02 -4.40491671e-02 4.35352358e-05 2.43043656e-04 5.82947691e-05
1.22165145e+02 7.16532399e-02 1.76712640e-02 -4.19327600e-02 3.91427320e-05 6.13049368e-05 1.66365078e-05
1.24852660e+02 7.54297149e-02 1.37356217e-02 -4.81177220e-02 6.62850378e-05 4.60468848e-05 5.52452163e-05
1.27540566e+02 7.90550749e-02 2.17534470e-03 -5.50448836e-02 8.54229742e-06 4.01572715e-05 1.05923154e-04
1.30232973e+02 8.05150589e-02 5.27978187e-04 -5.42122418e-02 4.01690867e-05 7.33037310e-05 9.70242006e-06
1.32934410e+02 8.20416824e-02 -5.98621301e-04 -3.23849497e-02 1.23632320e-04 6.42897110e-05 2.89424786e-05
1.35630332e+02 8.36194724e-02 2.12280630e-03 -8.16914285e-05 1.52313866e-04 4.90740234e-05 4.97021782e-05
1.38333566e+02 8.19751329e-02 4.50890039e-03 1.99406056e-02 4.66568504e-05 7.68250389e-05 2.07756859e-04
1.41040426e+02 7.99693962e-02 -4.74954106e-04 3.68974054e-02 8.00963458e-05 7.92749969e-05 8.04618262e-05
1.43741801e+02 7.37187735e-02 -3.49183436e-04 4.56474784e-02 1.76318197e-04 3.71651864e-05 7.03435049e-05
1.46447254e+02 6.05006440e-02 -5.50644166e-03 6.31529073e-02 6.37942554e-05 9.89806581e-05 4.61164547e-05
1.49147379e+02 5.37468801e-02 -4.95729177e-04 6.46643539e-02 2.36468551e-05 1.58749905e-04 5.45215274e-05
1.51849238e+02 4.55667422e-02 -1.40179500e-03 6.72719991e-02 6.54172662e-05 3.32155513e-04 4.20548407e-05
1.54555504e+02 4.95396205e-02 5.54184712e-03 6.44429465e-02 1.16437733e-04 3.35050731e-04 9.51073711e-05
1.57266723e+02 4.72043905e-02 5.22804030e-03 7.07378653e-02 6.88777198e-05 3.73291777e-04 6.31744438e-05
1.59964879e+02 4.98757744e-02 1.03820453e-02 7.49910575e-02 1.64656512e-05 1.96663230e-04 7.64672305e-05
1.62673395e+02 5.28057192e-02 1.08814426e-02 7.53732886e-02 1.25896397e-04 1.38454710e-04 4.16080640e-05
1.65372660e+02 5.46056281e-02 9.28419402e-03 7.06101307e-02 6.89927398e-05 1.18144942e-04 5.14045260e-05
1.68070285e+02 5.91312282e-02 7.37550009e-03 6.84488045e-02 3.98367933e-05 1.44278710e-04 9.33665700e-05
1.70757113e+02 6.52958289e-02 6.37568671e-03 6.69413333e-02 5.36484861e-05 8.00440118e-05 5.98298586e-05
1.73446973e+02 6.89179440e-02 1.20045851e-02 6.11143901e-02 5.40244211e-05 1.63957398e-04 2.92217010e-05
1.76138426e+02 7.17907496e-02 9.80088695e-03 5.57854936e-02 3.68915618e-05 7.01813859e-05 6.03344027e-05
1.78841410e+02 7.28339862e-02 1.15431017e-02 6.04999659e-02 1.03632871e-05 1.11227614e-04 4.18417430e-05
1.81539098e+02 7.08027234e-02 1.08521334e-02 6.43257834e-02 5.06736954e-05 2.38728821e-04 3.78803799e-05
1.84242254e+02 7.05456112e-02 9.77578512e-03 7.45400163e-02 3.65190638e-05 2.38736670e-04 1.24367002e-04
1.86943020e+02 6.35968938e-02 1.06758110e-02 7.62627991e-02 1.46569203e-05 3.65799727e-04 6.55157428e-05
1.89642316e+02 6.32262575e-02 1.13135360e-02 7.54633639e-02 7.51655216e-05 2.22790942e-04 3.04693524e-05
1.92340770e+02 6.27500952e-02 5.90255265e-03 7.56345793e-02 4.38995807e-05 1.03063262e-04 8.25104283e-05
1.95047457e+02 6.89591556e-02 3.08022657e-03 6.48520852e-02 4.03139803e-05 7.41738244e-05 7.10342274e-05
1.97752176e+02 6.91624315e-02 -1.34955148e-03 6.87713594e-02 1.69975158e-04 1.04609071e-04 1.26007585e-05
2.00457176e+02 6.86009966e-02 -7.03556050e-03 7.38085147e-02 4.41204409e-05 2.06921092e-04 1.20291818e-04
2.03169598e+02 6.36560242e-02 -3.87061073e-03 7.99411085e-02 8.75293974e-05 3.07936109e-04 4.00883943e-05
2.05867348e+02 6.42695715e-02 -6.24424933e-03 7.68877894e-02 3.26456903e-05 1.98803332e-04 3.69366995e-05
2.08565082e+02 5.47621455e-02 -5.24297512e-03 8.35301478e-02 9.87718702e-05 3.56634818e-04 3.49121098e-05
2.11258160e+02 5.27244273e-02 -1.98895083e-03 8.37748093e-02 9.17668542e-05 3.62659888e-04 1.08453953e-04
2.13953770e+02 5.64037606e-02 1.79453317e-03 7.03666730e-02 4.72664567e-05 3.53834839e-04 1.46175527e-04
2.16659785e+02 7.84819494e-02 3.16389251e-04 5.62996532e-02 5.29332221e-05 2.55228905e-04 5.23293457e-05
2.19364910e+02 8.32815480e-02 3.14474980e-03 5.14838211e-02 3.62809660e-05 3.05786576e-04 3.52445662e-05
2.22059363e+02 8.62597357e-02 4.09516003e-03 4.95427699e-02 1.00116198e-04 9.67711431e-05 2.88796047e-05
2.24750770e+02 7.49040029e-02 8.24702809e-03 5.07301833e-02 4.02933929e-05 1.51550320e-04 2.89147477e-05
2.27443270e+02 7.00647739e-02 5.58788001e-03 5.06728965e-02 2.00494655e-05 1.99293320e-04 5.69341115e-05
2.30140223e+02 6.56247908e-02 1.61984745e-03 6.34332014e-02 6.41541296e-05 1.72863846e-04 4.33196803e-05
2.32837988e+02 6.63895222e-02 9.80541667e-03 6.66094480e-02 9.88557558e-05 9.13769004e-05 1.26201361e-04
2.35529270e+02 6.37379381e-02 1.09270097e-02 6.98908702e-02 5.25447887e-05 8.09729367e-05 5.81243078e-05
2.38233988e+02 5.52327888e-02 1.48163863e-02 7.11088233e-02 2.55372768e-05 2.80660128e-04 6.44959054e-05
2.40938832e+02 5.75146424e-02 1.72553747e-02 7.27154395e-02 5.31156172e-05 2.49921635e-04 4.96244094e-05
2.43638316e+02 5.73502116e-02 1.24573024e-02 7.65032957e-02 3.94421848e-05 2.59747994e-04 2.19211546e-05
2.46342582e+02 7.13268212e-02 1.08816702e-02 6.90465205e-02 3.32012489e-05 1.34001481e-04 1.73290618e-05
2.49041223e+02 7.35094871e-02 1.46429559e-03 6.41208161e-02 4.56938525e-05 2.43403730e-05 1.57290138e-05
2.51742598e+02 7.79302762e-02 -2.98235501e-03 4.63103294e-02 1.14040720e-04 1.44679165e-04 2.90982783e-05
2.54443457e+02 8.01215209e-02 -1.41023092e-03 2.34338570e-02 4.29465296e-05 6.59476112e-05 1.16717587e-04
2.57132301e+02 7.57829749e-02 -2.68133039e-03 -6.31207708e-03 6.09649364e-05 1.70986253e-04 4.49014301e-05
2.59825676e+02 8.28579123e-02 -3.10310762e-03 -1.32846766e-02 2.46315002e-05 1.85569106e-04 1.52634976e-04
2.62522004e+02 7.81287509e-02 -1.08337514e-03 -1.68948128e-02 1.87945091e-04 2.47719700e-04 6.99716143e-05
2.65212676e+02 7.58869549e-02 9.54631274e-04 -1.90677645e-02 4.59249326e-05 3.15167794e-04 2.13837498e-04
2.67913552e+02 7.19000825e-02 1.38314625e-03 -2.38729468e-02 1.44003635e-04 1.73000254e-04 6.81512553e-05
