6.55080518e-01 6.73760841e-02 8.50655730e-03 -2.66556988e-02 4.11591376e-05 1.68822619e-04 5.28306721e-05
3.35837300e+00 6.45168677e-02 9.78590088e-03 -3.21788737e-02 4.09802433e-05 2.13660466e-04 2.23966246e-05
6.06140191e+00 6.97097939e-02 1.52903416e-02 -3.91779180e-02 3.91298701e-05 5.39471346e-04 5.52655998e-05
8.75336940e+00 6.81872718e-02 1.32043521e-02 -5.33418926e-02 5.56752462e-05 3.22392560e-04 5.99931024e-06
1.14572963e+01 6.52634435e-02 1.21887170e-02 -6.04401382e-02 5.64864393e-05 2.59710867e-04 2.02456364e-05
1.41505010e+01 6.11222437e-02 6.18548206e-03 -6.48082962e-02 4.68854890e-05 1.40213019e-04 5.01481242e-05
1.68477838e+01 6.64493424e-02 7.39340685e-03 -6.73454179e-02 6.95418262e-05 2.22917739e-04 5.62650957e-05
1.95553557e+01 6.60452828e-02 8.30889912e-03 -6.42180540e-02 3.44472201e-05 4.60249217e-04 6.39688906e-05
2.22554494e+01 6.01484094e-02 8.97408246e-03 -6.53365551e-02 7.89060669e-05 7.08181961e-04 4.54635171e-05
2.49544041e+01 5.36787953e-02 7.76796638e-03 -6.50472141e-02 4.49436988e-05 7.65451580e-04 3.51698320e-05
2.76446088e+01 4.85754843e-02 -3.61074262e-04 -6.97184813e-02 3.04379026e-05 8.52704485e-04 2.64869921e-05
3.03431400e+01 4.39127224e-02 2.67736218e-04 -7.58532450e-02 8.30488826e-05 7.18044152e-04 8.62620219e-05
3.30430666e+01 4.89685543e-02 -4.27901907e-03 -7.98605976e-02 7.10916756e-05 3.23849249e-04 5.97274136e-05
3.57455838e+01 5.08233655e-02 -1.79095285e-03 -7.79091065e-02 9.26936426e-06 6.89033601e-05 4.88204559e-05
3.84578228e+01 5.00800861e-02 -3.21511240e-03 -7.90573880e-02 2.41454316e-05 7.67725750e-05 3.68623074e-05
4.11593978e+01 5.42959920e-02 -4.26161647e-03 -8.33101267e-02 3.40596712e-05 1.30528385e-04 4.43843955e-05
4.38665072e+01 5.00276079e-02 -6.68723477e-03 -7.28506051e-02 7.25835546e-05 2.02957313e-04 2.80404446e-05
4.65675603e+01 6.34254304e-02 -5.91048801e-03 -6.58162126e-02 5.65838428e-05 2.43927535e-04 6.18116570e-05
4.92604088e+01 7.66336872e-02 -3.36780997e-03 -6.70851826e-02 2.49554044e-05 2.76623971e-04 7.77557740e-05
5.19592369e+01 7.55050395e-02 -1.82574118e-03 -7.91167494e-02 1.99368068e-05 2.73888335e-04 2.86144525e-05
5.46576432e+01 7.37058433e-02 -1.69508615e-03 -7.28831424e-02 4.38204987e-05 3.68492147e-04 6.55285433e-05
5.73627385e+01 7.69340282e-02 4.41616973e-04 -6.61698768e-02 3.69174231e-05 2.35490594e-04 2.14701464e-05
6.00674682e+01 7.33832993e-02 4.06835645e-04 -6.11212214e-02 9.16922756e-05 9.68775440e-05 7.69585845e-05
6.27721197e+01 6.90990289e-02 2.14941064e-03 -6.25578689e-02 3.94560927e-05 9.28299649e-05 3.65425338e-05
6.54781010e+01 6.32310516e-02 5.81247406e-03 -6.17432683e-02 4.28030210e-05 5.63947636e-05 7.63674252e-05
6.81793275e+01 6.45608512e-02 4.26665722e-03 -6.17577221e-02 3.72847012e-05 3.27625839e-05 5.55983298e-05
7.08774463e+01 5.73798617e-02 -5.07133171e-03 -6.21142328e-02 1.08430838e-05 2.46316505e-04 2.81916600e-05
7.35810213e+01 5.55242044e-02 -7.46428685e-03 -7.10563490e-02 1.88898113e-05 1.14694471e-04 2.53980752e-05
7.62857807e+01 5.81847361e-02 -4.01486890e-03 -8.10481635e-02 6.47608103e-05 1.60364156e-04 9.21298901e-05
7.89894744e+01 6.33730427e-02 -6.88281113e-03 -8.20366110e-02 2.60753928e-05 1.02483090e-04 2.70579285e-05
8.16898244e+01 7.56924650e-02 -3.84257305e-03 -7.33819148e-02 2.61824705e-05 8.15157634e-05 3.28292416e-05
8.43911103e+01 7.74879017e-02 -2.58967600e-03 -6.68228305e-02 4.16930038e-05 1.45703507e-04 3.82246553e-05
8.70857541e+01 7.61354473e-02 -8.10253150e-03 -5.72909335e-02 6.05489885e-05 3.08728039e-04 1.00464741e-04
8.97904760e+01 6.86563181e-02 -1.38140116e-02 -4.91924790e-02 1.55239491e-04 1.03557768e-04 5.95455855e-05
9.24859041e+01 6.46563565e-02 -1.81189382e-02 -5.38348210e-02 5.80277781e-05 1.98278845e-04 1.08453872e-04
9.51851150e+01 7.18591338e-02 -2.01626279e-02 -5.22069612e-02 3.37779933e-05 1.32154500e-04 8.51671838e-05
9.78795135e+01 7.34689180e-02 -1.52937199e-02 -5.68164741e-02 7.38217264e-05 1.29404375e-04 6.15107709e-05
1.00572409e+02 6.84209195e-02 -1.74324375e-02 -5.41062998e-02 3.95424430e-05 4.53774412e-04 5.28905362e-05
1.03265331e+02 5.74998984e-02 -1.54452484e-02 -6.15880365e-02 2.97992583e-05 2.62587548e-04 8.02308318e-05
1.05967049e+02 5.18647684e-02 -1.29040501e-02 -6.59754800e-02 2.94683892e-05 4.67405230e-04 5.10450952e-05
1.08673971e+02 4.81063161e-02 -2.89193230e-03 -6.59441013e-02 7.53764746e-05 3.24518549e-04 5.19401435e-05
1.11383346e+02 5.31284536e-02 3.60289111e-03 -5.89265439e-02 4.09072536e-05 2.75883984e-04 9.83377353e-05
1.14081424e+02 5.96936912e-02 8.09929084e-03 -5.75445538e-02 3.87645895e-05 1.42466478e-04 8.98415159e-05
1.16782409e+02 6.75964597e-02 1.31639827e-02 -5.62661700e-02 1.61513228e-04 8.78352562e-05 8.28415660e-05
1.19475784e+02 7.02078724e-02 1.84928655e-02 -4.49080633e-02 4.90004760e-05 2.38582633e-04 7.93557686e-05
1.22163753e+02 7.26389147e-02 1.68012062e-02 -4.33425138e-02 4.22181257e-05 4.81156500e-05 3.26482607e-05
1.24849987e+02 7.63809897e-02 1.35371393e-02 -5.14560887e-02 4.48139893e-05 6.50434135e-05 4.90896234e-05
1.27541284e+02 8.01841557e-02 3.75918351e-03 -5.75790305e-02 1.39106421e-05 5.69184668e-05 1.14731376e-04
1.30234424e+02 8.02963721e-02 -2.42668204e-04 -5.40005732e-02 5.51240278e-05 6.85798694e-05 1.27757537e-05
1.32934799e+02 8.10331395e-02 -5.50798863e-04 -2.99176942e-02 1.14909330e-04 7.36402459e-05 1.77693821e-05
1.35630143e+02 8.21269673e-02 9.40942386e-04 -2.70437723e-04 1.59957340e-04 4.43286153e-05 5.36807630e-05
1.38335440e+02 8.12917895e-02 4.40116655e-03 1.89592937e-02 5.89259308e-05 7.49298022e-05 2.25916810e-04
1.41041299e+02 7.90100859e-02 -2.18810152e-03 3.64870491e-02 9.36061529e-05 6.79548317e-05 8.73364962e-05
1.43742049e+02 7.21197816e-02 -1.90819966e-03 4.67157976e-02 1.71007873e-04 3.65338095e-05 5.40866977e-05
1.46448456e+02 6.17848963e-02 -5.74291086e-03 6.25828376e-02 5.89119717e-05 6.73009565e-05 6.20472649e-05
1.49149784e+02 5.52516254e-02 1.92632694e-04 6.46418501e-02 2.70645402e-05 1.23270233e-04 4.86498014e-05
1.51849971e+02 4.76186052e-02 -6.66457677e-04 6.83304529e-02 6.30107710e-05 2.88324242e-04 4.84738463e-05
1.54553987e+02 4.96521033e-02 4.81750252e-03 6.65815324e-02 1.08062638e-04 2.65036435e-04 8.44251861e-05
1.57267549e+02 4.75792855e-02 4.76581444e-03 7.34335268e-02 7.95702051e-05 3.02486856e-04 6.89031235e-05
1.59964409e+02 4.93602491e-02 9.98948996e-03 7.77339541e-02 2.31055031e-05 1.99237809e-04 7.68648693e-05
1.62673284e+02 5.37288826e-02 1.05757754e-02 7.66354233e-02 1.17079653e-04 1.66103360e-04 5.04666872e-05
1.65373299e+02 5.54692313e-02 1.02340311e-02 7.14115954e-02 6.78195468e-05 1.16769034e-04 5.61763511e-05
1.68071096e+02 5.99844170e-02 9.32615445e-03 6.97725990e-02 5.18102514e-05 1.31030869e-04 1.17045502e-04
1.70757565e+02 6.62700018e-02 8.82181114e-03 6.77536805e-02 7.08569022e-05 9.18324279e-05 7.50685719e-05
1.73445471e+02 7.04236660e-02 1.25658443e-02 6.08632712e-02 6.72715269e-05 1.82115408e-04 2.46619812e-05
1.76140049e+02 7.21562551e-02 9.11865360e-03 5.48307985e-02 3.68004460e-05 5.73804680e-05 6.29085012e-05
1.78838487e+02 7.34233859e-02 1.04450951e-02 6.02601496e-02 1.34220242e-05 6.66161078e-05 2.67122607e-05
1.81536440e+02 7.15115776e-02 9.41597261e-03 6.46059182e-02 4.38885923e-05 1.45910334e-04 5.31149791e-05
1.84240784e+02 7.03856846e-02 8.97385808e-03 7.56243069e-02 4.98912692e-05 1.19625302e-04 1.23039803e-04
1.86942846e+02 6.42034006e-02 1.05805789e-02 7.77315948e-02 7.61552139e-06 2.95517796e-04 6.55534907e-05
1.89643284e+02 6.48585985e-02 1.09648394e-02 7.54638486e-02 6.56739844e-05 1.70033913e-04 1.85685394e-05
1.92344706e+02 6.24221485e-02 6.29203203e-03 7.75123440e-02 4.49940120e-05 1.18524207e-04 9.62992797e-05
1.95048549e+02 6.92919033e-02 3.87800843e-03 6.59014921e-02 5.75811213e-05 7.34616618e-05 8.69628434e-05
1.97754768e+02 7.01963847e-02 -1.76892496e-03 6.93471877e-02 1.46924377e-04 1.36071132e-04 1.29661381e-05
2.00457237e+02 6.78668855e-02 -7.46367848e-03 7.47757436e-02 5.22581763e-05 1.89065957e-04 1.01000434e-04
2.03170112e+02 6.41548968e-02 -3.08039758e-03 8.01337599e-02 6.86486999e-05 2.91773801e-04 4.11847428e-05
2.05870487e+02 6.51714647e-02 -6.75877812e-03 7.79083646e-02 3.09136541e-05 2.49592284e-04 2.94214340e-05
2.08566753e+02 5.55731737e-02 -4.26619965e-03 8.29773136e-02 9.51493821e-05 4.36008404e-04 6.54267585e-05
2.11256659e+02 5.17367742e-02 -2.77332607e-03 8.15022890e-02 9.62091694e-05 3.99813853e-04 9.44603679e-05
2.13954362e+02 5.68021152e-02 1.59087553e-03 6.88340114e-02 5.91205179e-05 4.15245502e-04 1.51600373e-04
2.16658268e+02 7.81339148e-02 3.24283526e-04 5.70438815e-02 5.49169932e-05 2.68576600e-04 5.79626034e-05
2.19364721e+02 8.43027861e-02 2.64967033e-03 5.35911891e-02 3.45666038e-05 3.90930645e-04 4.38456289e-05
2.22060206e+02 8.61540627e-02 2.40359769e-03 5.07407935e-02 1.09204255e-04 9.41531837e-05 4.54058129e-05
2.24752268e+02 7.49624483e-02 7.44606117e-03 5.07054363e-02 2.88634736e-05 1.66106193e-04 4.35284015e-05
2.27444659e+02 6.80395690e-02 4.59654493e-03 5.06279175e-02 3.26058602e-05 2.21695621e-04 7.69035654e-05
2.30141643e+02 6.44550115e-02 6.35758292e-04 6.29017712e-02 6.88246807e-05 2.41979262e-04 4.86646861e-05
2.32838768e+02 6.34567635e-02 9.64729058e-03 6.56934599e-02 1.04067013e-04 1.35263081e-04 1.25844951e-04
2.35531143e+02 6.07741331e-02 1.15850780e-02 7.05616337e-02 5.16969472e-05 1.19937397e-04 4.50909246e-05
2.38234112e+02 5.34829300e-02 1.49616168e-02 7.13174219e-02 3.31056003e-05 3.20238469e-04 6.26174846e-05
2.40941643e+02 5.67167997e-02 1.71353983e-02 7.44211433e-02 7.79030679e-05 2.80393806e-04 3.99780936e-05
2.43639487e+02 5.51488365e-02 1.28761838e-02 7.92853083e-02 2.36946808e-05 2.49046765e-04 8.63892825e-06
2.46343284e+02 6.92529490e-02 1.18032944e-02 7.22949947e-02 3.70092292e-05 1.24795851e-04 1.94012896e-05
2.49041674e+02 7.24141729e-02 1.56328399e-03 6.51952116e-02 5.77004482e-05 3.51666416e-05 1.10626564e-05
2.51743987e+02 7.80308952e-02 -3.44905766e-03 4.67144106e-02 8.53627807e-05 1.22114005e-04 2.03178944e-05
2.54445237e+02 8.06640095e-02 -1.42209308e-03 2.42679572e-02 5.34899335e-05 8.12583509e-05 9.43253573e-05
2.57133784e+02 7.55664504e-02 -2.46981041e-03 -7.08538415e-03 3.83024080e-05 1.82764146e-04 3.99070944e-05
2.59826643e+02 8.33026014e-02 -3.44690980e-03 -1.59769984e-02 2.70213886e-05 1.69709338e-04 1.13909031e-04
2.62521315e+02 7.79583097e-02 -1.61530763e-04 -1.95182713e-02 1.60508549e-04 2.18426513e-04 8.06117231e-05
2.65214846e+02 7.55709583e-02 3.56410228e-03 -2.06900256e-02 4.52640819e-05 2.69924590e-04 2.28180205e-04
2.67913286e+02 7.13850765e-02 2.71825454e-03 -2.54742559e-02 1.46717323e-04 1.92344992e-04 8.06006854e-05
