6.62685452e-01 6.65656871e-02 1.46369705e-02 -3.79797147e-02 5.93198536e-05 8.14763648e-05 2.88503235e-05
3.36757977e+00 6.67948760e-02 1.10026308e-02 -4.76659150e-02 1.14742804e-04 2.03892133e-04 2.00580602e-05
6.06620539e+00 6.61470842e-02 3.72665746e-03 -6.40941215e-02 5.50618529e-05 1.80854965e-04 3.46755616e-05
8.75953898e+00 6.93695637e-02 -4.31781643e-03 -6.85080178e-02 6.64627181e-05 2.23457713e-04 2.34736589e-05
1.14552010e+01 6.61242325e-02 -1.35063906e-02 -6.05669479e-02 3.03664885e-05 2.56080937e-04 4.10314131e-05
1.41539463e+01 6.88065107e-02 -1.94595519e-02 -5.31627561e-02 1.67265286e-04 3.01924365e-04 7.27502004e-05
1.68535979e+01 6.82855428e-02 -1.88246259e-02 -5.78225961e-02 4.10606172e-05 5.07508638e-04 3.88386021e-05
1.95569995e+01 7.12370875e-02 -1.57459704e-02 -5.58141640e-02 9.42710550e-05 4.41909270e-04 1.08531813e-04
2.22659854e+01 7.35964947e-02 -1.46173490e-02 -5.93067062e-02 1.57140036e-05 9.46951344e-04 1.00371551e-04
2.49690791e+01 7.30695271e-02 -5.50574398e-03 -6.04524016e-02 3.18089057e-05 4.43832326e-04 2.25550943e-05
2.76619291e+01 7.19576952e-02 -6.72821104e-04 -5.88698469e-02 3.54529301e-05 5.42661988e-04 3.41406428e-05
3.03611026e+01 7.25135117e-02 1.77321481e-03 -5.71411105e-02 6.53700267e-05 3.63668216e-04 1.69895609e-04
3.30557526e+01 7.10444707e-02 3.08438629e-03 -5.28775209e-02 3.67637563e-05 2.96525612e-04 2.60040844e-05
3.57598760e+01 7.26351182e-02 5.16045412e-03 -4.63966787e-02 5.59444679e-05 2.56317621e-04 4.52168658e-05
3.84578963e+01 7.25935271e-02 1.05735608e-02 -4.37264357e-02 8.00290377e-05 1.51510100e-04 8.55993372e-05
4.11524260e+01 7.33487206e-02 1.06152136e-02 -5.39128962e-02 2.04421162e-05 1.03788171e-04 9.21569540e-05
4.38530838e+01 6.59300136e-02 6.77931964e-03 -5.97178672e-02 2.64626743e-05 8.40656955e-05 3.33153501e-05
4.65495182e+01 6.37212546e-02 7.35625601e-03 -6.76845169e-02 1.04301264e-04 3.14944936e-05 6.11280111e-05
4.92511651e+01 6.80030143e-02 2.03545626e-03 -6.80573493e-02 2.29549636e-05 5.19855369e-05 4.59657983e-05
5.19579307e+01 7.55589452e-02 -2.72083700e-03 -5.26455783e-02 8.21996529e-05 1.22748105e-04 5.47406496e-05
5.46623713e+01 7.69200746e-02 -6.32098846e-04 -5.29266155e-02 3.32231856e-05 2.46796385e-04 9.50875578e-05
5.73589526e+01 6.89146103e-02 3.45395799e-03 -6.45120314e-02 7.86233363e-05 4.48953631e-04 8.46658380e-05
6.00695276e+01 6.58852280e-02 8.27121356e-03 -6.75264030e-02 5.31785964e-05 1.92482746e-04 1.17868134e-04
6.27667463e+01 6.87635829e-02 3.35211659e-03 -7.46059724e-02 6.79598799e-05 2.97081741e-04 1.39527659e-04
6.54683948e+01 6.53172970e-02 -1.88409911e-03 -8.08119840e-02 6.43030763e-05 1.77883043e-04 9.60741464e-05
6.81752885e+01 6.55753051e-02 -3.25035969e-03 -7.99643822e-02 4.22825010e-05 2.26532873e-04 9.13085549e-05
7.08733307e+01 6.11372431e-02 -1.79697277e-03 -7.69341551e-02 8.97934714e-05 1.56934125e-04 1.05655988e-04
7.35740526e+01 6.65435741e-02 -4.53266663e-03 -7.29729124e-02 6.05172948e-05 1.47561017e-04 9.03079241e-05
7.62679604e+01 7.19427666e-02 1.74084937e-03 -6.86409368e-02 7.19780324e-05 1.45574139e-04 7.37309355e-05
7.89627010e+01 7.08107451e-02 5.27380470e-03 -6.42145735e-02 1.84840934e-05 8.52088321e-05 5.88091983e-05
8.16612870e+01 6.02121326e-02 1.10203801e-02 -5.94067784e-02 6.80531063e-05 9.84012824e-05 3.17660810e-05
8.43649932e+01 6.30751985e-02 1.22141721e-02 -6.34915144e-02 8.50480115e-05 2.02171784e-04 1.06274510e-04
8.70634667e+01 6.91635559e-02 1.37217733e-02 -6.55700047e-02 3.47707888e-05 5.53110298e-05 5.41365318e-05
8.97636901e+01 7.08739134e-02 1.46351862e-02 -6.41720227e-02 2.57030038e-05 1.54168784e-04 1.43452659e-04
9.24685182e+01 5.81907167e-02 1.61753952e-02 -7.27967144e-02 1.64245038e-04 8.21780261e-05 5.09180645e-05
9.51746901e+01 5.43325750e-02 1.58067934e-02 -7.49377321e-02 3.37436523e-05 5.04267949e-05 1.37588178e-05
9.78756276e+01 5.36743606e-02 1.63063532e-02 -7.10024960e-02 1.48273853e-05 6.06421303e-05 1.54129263e-04
1.00583415e+02 5.01370297e-02 2.27431943e-02 -6.67313099e-02 1.22635746e-04 1.01105259e-04 3.25691220e-05
1.03276806e+02 6.08666848e-02 2.19378124e-02 -6.26453846e-02 4.23908285e-05 5.35643721e-05 1.04002287e-04
1.05967634e+02 6.29109201e-02 2.00182659e-02 -6.51090072e-02 6.44708995e-05 4.26534792e-05 7.37411547e-05
1.08661790e+02 7.14776655e-02 1.06863574e-02 -6.36114702e-02 3.08479013e-05 4.15209836e-05 2.93547296e-05
1.11359103e+02 7.09997455e-02 5.94441590e-03 -5.96892272e-02 8.68387277e-05 8.42682225e-05 6.19488132e-05
1.14052165e+02 7.54412702e-02 1.29385749e-03 -5.55504726e-02 3.30266768e-05 1.01665858e-04 4.27089403e-05
1.16753649e+02 6.94778643e-02 3.11864328e-03 -6.27463393e-02 8.02467836e-05 7.34543652e-05 3.29725401e-05
1.19451774e+02 5.33609421e-02 2.49685251e-03 -6.51053845e-02 5.07695956e-05 1.43104738e-04 7.94638667e-05
1.22153368e+02 4.59329119e-02 4.18692499e-03 -6.75368161e-02 3.89073862e-05 4.93556159e-05 4.85023068e-05
1.24865493e+02 5.28359856e-02 4.47901914e-03 -6.35718865e-02 7.91972253e-05 1.50295757e-04 6.70177659e-05
1.27567962e+02 6.19324611e-02 8.77735995e-03 -5.65173882e-02 1.40828809e-05 1.72493455e-04 1.04385261e-04
1.30268462e+02 6.64337976e-02 1.13575995e-02 -4.95689499e-02 7.65428535e-05 6.58011363e-05 3.49342487e-05
1.32978384e+02 7.62991275e-02 1.68913891e-02 -3.78231985e-02 6.35419754e-05 3.92790602e-05 1.06018328e-04
1.35668384e+02 8.37606101e-02 1.25355560e-02 -2.63136452e-02 5.33545464e-05 6.38951180e-05 3.85182710e-05
1.38366790e+02 9.02186061e-02 1.16392259e-02 -3.09306798e-04 1.79285790e-05 3.16160870e-05 1.59378247e-04
1.41061790e+02 8.90699823e-02 4.51750270e-03 3.28589258e-02 1.43171732e-04 4.31048620e-05 3.83281339e-05
1.43753196e+02 8.22134464e-02 7.72325012e-03 4.61622319e-02 8.37284865e-05 5.90516108e-05 7.35728006e-05
1.46449853e+02 7.25901236e-02 -4.71166062e-03 5.03207567e-02 3.47940880e-05 4.08166875e-05 1.38028380e-04
1.49132321e+02 6.57459432e-02 -5.79862139e-03 5.55278285e-02 9.15396838e-05 1.21992713e-04 7.11531837e-05
1.51837899e+02 6.62168784e-02 -6.00858988e-03 5.29927757e-02 3.93880111e-05 1.13201055e-04 3.94804906e-05
1.54534321e+02 6.71645397e-02 -6.18114544e-03 5.25391819e-02 7.43023451e-05 1.78724261e-04 4.53266212e-05
1.57235978e+02 6.12876718e-02 -2.17315658e-03 5.15987362e-02 5.20008852e-05 2.49091881e-04 1.10369781e-04
1.59938868e+02 5.45147770e-02 -1.99459246e-03 6.15674963e-02 7.79708126e-05 3.06445008e-04 4.67953209e-05
1.62646415e+02 4.51206045e-02 9.80498366e-04 6.47669257e-02 6.06066289e-05 4.58246031e-04 4.33712190e-05
1.65353306e+02 5.09132534e-02 5.57037867e-04 6.37378774e-02 1.76212122e-05 3.05382863e-04 3.51536009e-05
1.68060587e+02 5.09057120e-02 2.17017932e-03 6.61652018e-02 4.45669761e-05 3.08738105e-04 3.74305177e-05
1.70761399e+02 6.27711139e-02 -2.42702475e-03 6.49449642e-02 2.51927371e-05 4.31946798e-04 3.36578122e-05
1.73467446e+02 6.42303358e-02 -3.70636446e-03 6.35433756e-02 1.03787658e-04 3.83662103e-04 4.61217730e-05
1.76166837e+02 6.80703083e-02 -8.51985846e-03 6.52028853e-02 3.15912413e-05 8.82610459e-05 1.37094936e-04
1.78865290e+02 7.21884274e-02 -5.82106702e-03 6.77382939e-02 7.42281968e-05 1.05361522e-04 3.77419248e-05
1.81561806e+02 6.83035878e-02 -1.00305366e-02 6.59705348e-02 2.53808752e-05 8.78759075e-05 7.11490016e-05
1.84262540e+02 5.70790449e-02 -1.21857136e-02 6.58946138e-02 4.42659270e-05 5.33209310e-05 3.08945724e-05
1.86966321e+02 5.51009181e-02 -1.11819672e-02 6.03627997e-02 4.86199271e-05 7.10527264e-05 4.48622487e-05
1.89666337e+02 5.99629662e-02 -5.59488661e-03 5.87065930e-02 4.94259388e-05 1.17057573e-04 7.92034705e-05
1.92356399e+02 6.14421815e-02 -1.91129127e-03 6.11558012e-02 8.09929345e-05 1.10288023e-04 3.56608601e-05
1.95054884e+02 6.50810950e-02 4.79644288e-03 5.72961168e-02 1.01194905e-04 1.09059005e-04 5.40684652e-05
1.97744946e+02 7.00103457e-02 6.31220785e-03 6.02181689e-02 1.43321757e-04 1.59212700e-04 1.50736723e-04
2.00432149e+02 7.20860128e-02 4.51173717e-03 6.39401537e-02 2.11253578e-05 5.29835826e-05 7.44122272e-05
2.03138524e+02 6.74217399e-02 4.58307304e-03 6.70952748e-02 1.11561870e-05 1.08497827e-04 5.56499490e-05
2.05835321e+02 5.76022391e-02 2.96597867e-03 6.83856870e-02 5.14220247e-05 8.34753330e-05 2.59941191e-05
2.08540696e+02 5.86803251e-02 3.84086938e-03 6.62284354e-02 6.40385812e-05 2.64121901e-04 2.87017638e-05
2.11230368e+02 6.07147571e-02 1.62241450e-04 6.39416249e-02 3.61999813e-05 2.65970133e-04 2.91129947e-05
2.13924853e+02 6.66591843e-02 -1.84016207e-03 6.99892012e-02 2.21942297e-05 1.22586673e-04 1.45939950e-05
2.16624368e+02 5.64485480e-02 -4.17713019e-03 7.47149864e-02 2.62466334e-04 1.39368554e-04 5.85101716e-05
2.19331399e+02 5.35963860e-02 -4.34268937e-03 7.60997716e-02 1.89250301e-05 2.61647457e-04 2.71671295e-05
2.22044993e+02 6.09547411e-02 -8.47372148e-03 6.81477451e-02 5.77152129e-05 2.52945454e-04 4.34019529e-05
2.24765399e+02 6.41180645e-02 -1.08470482e-02 6.72809382e-02 9.17463517e-06 7.76186643e-05 3.28231303e-05
2.27475462e+02 6.83579474e-02 -1.27884674e-02 6.77652298e-02 4.07932007e-05 2.83674609e-05 3.65088341e-05
2.30186509e+02 6.74344594e-02 -1.62581488e-02 7.19831935e-02 2.58550454e-05 1.00629919e-04 3.21941969e-05
2.32885743e+02 6.85161707e-02 -1.75300320e-02 7.36366878e-02 2.10059096e-05 4.64040105e-05 4.85728068e-05
2.35568884e+02 6.43451043e-02 -1.28406801e-02 7.39793123e-02 6.36528436e-05 4.14595650e-05 6.16234662e-05
2.38261384e+02 6.60245361e-02 -7.08914874e-03 7.05511720e-02 5.49670561e-05 8.36201667e-05 2.49245245e-05
2.40960587e+02 7.00801375e-02 -4.19636307e-03 6.97445601e-02 1.07182730e-05 1.07781454e-04 3.64093591e-05
2.43647431e+02 6.47818783e-02 3.74770146e-04 7.06866637e-02 4.52167072e-05 4.15956092e-05 6.88561418e-05
2.46341478e+02 6.07564348e-02 2.46858081e-03 7.24483824e-02 8.17811263e-05 1.09656833e-04 2.26285983e-05
2.49039103e+02 5.61576362e-02 -5.15165310e-04 6.60437927e-02 3.66259128e-05 7.24046117e-05 7.74847837e-05
2.51741353e+02 5.78846453e-02 -3.06962491e-03 7.62236863e-02 8.23687170e-05 6.18453886e-05 5.25674596e-05
2.54441431e+02 5.72249229e-02 -2.09830247e-03 8.32381624e-02 4.11796167e-05 1.65629696e-04 1.33033470e-04
2.57133009e+02 6.08939019e-02 2.18301050e-03 7.05511415e-02 4.51180764e-04 9.26520388e-05 7.90302239e-05
2.59829493e+02 6.91060179e-02 8.36402360e-03 4.34227815e-02 3.52326297e-05 1.18915786e-04 2.25523018e-04
2.62528149e+02 6.66920809e-02 1.13175034e-02 2.33193376e-02 2.54995726e-04 2.77937556e-04 6.65803779e-05
2.65230884e+02 6.46007854e-02 1.13356477e-02 9.86076872e-03 2.61532264e-05 1.27192650e-04 1.55176362e-04
2.67927784e+02 7.51396342e-02 1.42560055e-02 -1.06249540e-02 8.94357046e-05 3.41708280e-04 7.67821341e-05
