6.78280422e-01 7.65545114e-02 -2.57559819e-03 -4.45575501e-02 3.23340005e-05 1.59836794e-04 4.75532102e-05
3.38348226e+00 6.16707728e-02 -5.58279205e-03 -6.29234759e-02 3.72738169e-05 6.41477421e-05 4.69213917e-05
6.08212570e+00 5.23171804e-02 -3.67563892e-03 -7.30251191e-02 2.19868164e-05 1.48974388e-04 9.44938916e-05
8.77864976e+00 5.08789706e-02 1.15195985e-03 -7.64555626e-02 1.60731715e-05 2.22150604e-04 3.31827735e-05
1.14777201e+01 5.73545271e-02 2.24873628e-03 -6.06048918e-02 9.81130496e-05 4.64819228e-04 2.14656085e-05
1.41770044e+01 6.27177416e-02 7.31199651e-03 -6.45525473e-02 3.52280750e-05 2.08287247e-04 4.12616928e-05
1.68767685e+01 6.64779210e-02 4.59577738e-03 -6.75211461e-02 8.51158259e-05 3.35365629e-04 2.97073581e-05
1.95736529e+01 6.35823534e-02 6.88672559e-03 -7.10837917e-02 3.42988752e-05 1.30856186e-04 3.05159792e-05
2.22642404e+01 5.72806081e-02 1.28768886e-02 -7.28858175e-02 1.17678324e-04 3.33699445e-04 6.87070696e-05
2.49715638e+01 5.07968243e-02 1.17864798e-02 -7.05245964e-02 2.16248581e-05 1.26909736e-04 2.42939217e-05
2.76701748e+01 5.50511482e-02 1.04618812e-02 -6.86558132e-02 8.74283917e-05 2.51154353e-04 3.24836070e-05
3.03744607e+01 5.94809771e-02 5.75081046e-03 -7.21490843e-02 3.71005687e-05 3.94850908e-04 1.38060699e-04
3.30758638e+01 6.11245385e-02 9.71877364e-04 -7.24662676e-02 5.37776866e-05 3.06713980e-04 3.59990717e-05
3.57735982e+01 7.07328824e-02 -4.24132513e-03 -6.59338651e-02 5.19406341e-05 1.27407556e-04 8.78967392e-05
3.84696716e+01 7.32087964e-02 -7.65839234e-03 -6.43219054e-02 1.43123063e-04 1.00411116e-04 3.89881488e-05
4.11654920e+01 6.12014018e-02 -6.09817507e-03 -6.99611998e-02 3.06902748e-05 9.14038299e-05 4.45369670e-05
4.38763013e+01 5.69031364e-02 -1.18274127e-02 -6.32785767e-02 5.28271293e-05 5.36753794e-05 3.12929789e-05
4.65744529e+01 4.88911122e-02 -6.94524054e-03 -7.17094312e-02 6.78895842e-05 1.71525101e-04 9.96486396e-05
4.92765185e+01 3.89697465e-02 -1.10426742e-02 -7.52961477e-02 7.07941556e-05 2.71294115e-04 3.31461092e-05
5.19772654e+01 4.01039627e-02 -2.37548421e-03 -6.47492489e-02 3.75531099e-05 3.51803531e-04 4.84124701e-05
5.46663763e+01 5.25253813e-02 5.35988191e-03 -5.48884602e-02 5.26730229e-05 2.97128521e-04 2.49388879e-05
5.73544404e+01 6.29613551e-02 1.83206920e-03 -6.17252939e-02 9.34921838e-05 3.80021504e-04 2.84675652e-05
6.00589669e+01 6.54664646e-02 3.69417485e-03 -5.83044208e-02 7.53912542e-05 1.34585390e-04 6.21205873e-05
6.27607794e+01 5.34142897e-02 2.48461968e-03 -6.99182358e-02 7.41880386e-05 1.74064342e-04 4.55649827e-05
6.54511201e+01 4.79120004e-02 4.64353086e-03 -8.34450543e-02 4.47752636e-05 6.55816554e-05 1.18730117e-04
6.81505107e+01 5.84364887e-02 3.36878705e-03 -7.73670337e-02 1.17328879e-04 6.62200615e-05 3.79094914e-05
7.08504560e+01 7.07379539e-02 4.55048307e-03 -7.13219722e-02 2.85823379e-05 6.25009351e-05 1.06137962e-04
7.35386982e+01 6.84530044e-02 -2.41146231e-03 -5.99553859e-02 5.44492455e-05 1.85843045e-04 4.32489661e-05
7.62482341e+01 6.52790306e-02 -5.73385305e-03 -5.65400766e-02 9.07630762e-05 2.79313109e-04 2.23997685e-05
7.89464716e+01 6.34311909e-02 -7.57907674e-03 -6.00009754e-02 3.01160913e-05 3.14858642e-04 3.91773738e-05
8.16467576e+01 5.81418488e-02 -9.26619364e-03 -6.33085024e-02 5.98077089e-05 2.25367730e-04 1.54906181e-05
8.43550841e+01 5.59935346e-02 -8.50783350e-03 -6.77215064e-02 6.51439301e-05 1.01395628e-04 4.33120502e-05
8.70568591e+01 5.33656292e-02 -8.44406826e-03 -6.19877911e-02 4.69243031e-05 3.58679597e-05 8.78104634e-05
8.97623607e+01 5.50813542e-02 -1.48610604e-02 -5.76812790e-02 1.23819592e-04 1.68082784e-04 7.86319506e-05
9.24543498e+01 5.88771185e-02 -2.02604957e-02 -6.08309390e-02 2.71862151e-05 3.81196307e-05 8.31745708e-05
9.51525513e+01 5.83777501e-02 -1.92307826e-02 -6.83231586e-02 3.62634777e-05 2.15670640e-04 8.10063975e-05
9.78483435e+01 5.96888180e-02 -1.32205536e-02 -6.79878075e-02 6.53039136e-05 1.21427047e-04 4.80470079e-05
1.00549231e+02 5.73289697e-02 -1.27240432e-02 -7.51585186e-02 6.33041519e-05 3.06103340e-04 5.81322302e-05
1.03257684e+02 6.71320680e-02 -1.15356448e-02 -7.27890863e-02 4.43534632e-05 1.47156402e-04 7.75513924e-05
1.05955747e+02 7.01000166e-02 -1.16541469e-02 -6.60843314e-02 2.38308789e-05 1.17003201e-04 2.25377967e-05
1.08654372e+02 7.50775001e-02 -1.13080364e-02 -6.03019242e-02 4.10959452e-05 3.03551754e-04 3.02800054e-05
1.11359434e+02 6.61970262e-02 -5.26030860e-03 -5.70088841e-02 4.02543933e-05 4.01385703e-04 1.09076119e-04
1.14065169e+02 5.64172996e-02 -1.13170130e-02 -5.98669827e-02 8.69182459e-05 3.40932604e-04 6.94746160e-05
1.16770231e+02 5.69776855e-02 -7.87172409e-03 -5.60800409e-02 1.15188757e-04 4.42939613e-04 6.33072501e-05
1.19478075e+02 5.70568439e-02 -1.10788699e-02 -6.33237831e-02 6.70930246e-05 2.01154249e-04 3.55267110e-05
1.22186325e+02 6.04796840e-02 -1.05653163e-02 -6.07702818e-02 3.86966927e-05 2.79365498e-04 5.23104642e-05
1.24887262e+02 6.31221639e-02 -1.25933274e-02 -5.61213575e-02 4.28512721e-05 1.95873631e-04 7.62049076e-05
1.27586825e+02 6.85537240e-02 -1.45093103e-02 -4.73413433e-02 3.62281334e-05 5.46713767e-05 1.81981223e-05
1.30272762e+02 7.69228465e-02 -1.92786633e-02 -4.26472147e-02 1.31593846e-05 1.41350726e-04 7.06957308e-05
1.32965622e+02 8.87589611e-02 -2.47755231e-02 -3.05149344e-02 5.94002867e-05 1.58150971e-04 5.50872757e-05
1.35658528e+02 8.99217355e-02 -3.31569511e-02 -1.77270410e-02 2.79389683e-05 1.33854661e-04 5.04243522e-05
1.38349497e+02 8.56741621e-02 -2.40680093e-02 1.38047818e-02 6.27942374e-05 1.42275639e-04 5.19712164e-05
1.41060637e+02 8.42737354e-02 -1.80497879e-02 4.23636225e-02 4.11076924e-05 5.89663366e-05 1.51041992e-04
1.43763231e+02 7.40825546e-02 -1.06388814e-02 5.07818700e-02 9.26063350e-05 2.06661663e-04 8.68755304e-05
1.46470434e+02 6.84494410e-02 -3.08440557e-03 5.11016542e-02 4.26132854e-05 2.60479562e-04 8.72166918e-05
1.49164356e+02 7.43427875e-02 -5.64000802e-03 4.73970887e-02 7.22872399e-05 2.77723627e-04 3.30442999e-05
1.51873215e+02 7.76207119e-02 1.17132222e-03 4.67028746e-02 4.95211783e-05 2.34137479e-04 4.00031762e-05
1.54577481e+02 7.76238398e-02 -1.47639055e-03 5.24993415e-02 1.21278012e-05 6.63760975e-04 2.50323864e-05
1.57275340e+02 8.04963307e-02 1.24477599e-03 5.33757025e-02 4.86078395e-05 7.69774310e-04 3.20904305e-05
1.59969637e+02 8.27829866e-02 -1.33847193e-03 5.67316517e-02 2.21188343e-05 9.55240655e-04 3.84257417e-05
1.62663309e+02 7.66825525e-02 -2.50521655e-03 5.40870358e-02 2.29403424e-05 5.83403758e-04 1.66290637e-05
1.65348919e+02 6.90487295e-02 3.16529763e-03 5.66502099e-02 7.13533900e-05 8.71245253e-04 5.66830718e-05
1.68041622e+02 6.28662578e-02 -1.80625018e-03 6.38191654e-02 1.11185555e-04 7.23460297e-04 9.47187681e-05
1.70736325e+02 5.96500581e-02 -3.63444213e-03 6.65882046e-02 5.49804921e-05 8.65367239e-04 3.48469007e-05
1.73437434e+02 6.31389295e-02 1.26295910e-03 6.55723505e-02 6.56305007e-05 4.74298277e-04 4.40213271e-05
1.76140590e+02 5.72716413e-02 -2.55146172e-03 6.29107289e-02 1.01469085e-04 5.53723687e-04 4.13737925e-05
1.78843169e+02 5.44643779e-02 -6.11862996e-04 6.33063767e-02 1.08110675e-04 3.98137497e-04 2.52412084e-05
1.81547809e+02 4.86057922e-02 2.32408667e-03 6.08056234e-02 4.17389522e-05 4.39257881e-04 6.11801270e-05
1.84249731e+02 5.45139456e-02 3.74597894e-03 6.25127803e-02 9.47538065e-05 3.68461061e-04 2.70041103e-05
1.86946887e+02 5.34810742e-02 4.29463496e-03 6.42936332e-02 5.03105952e-05 3.96604311e-04 1.14728845e-04
1.89642762e+02 5.57130593e-02 5.39311434e-03 6.64158640e-02 9.13123327e-05 2.26163730e-04 1.63862421e-05
1.92346325e+02 5.88454337e-02 1.85418833e-03 6.44959729e-02 8.48352152e-05 3.05568825e-04 9.88225229e-05
1.95049653e+02 6.64622394e-02 5.85192099e-03 5.98972234e-02 2.05209889e-04 1.29486264e-04 6.11302573e-05
1.97746403e+02 6.28730373e-02 8.15702249e-03 6.08755477e-02 3.27144738e-05 6.54448189e-05 2.08386127e-04
2.00448637e+02 5.69731705e-02 6.13768167e-03 6.05584184e-02 5.16776060e-05 7.87252874e-05 6.27210244e-05
2.03164934e+02 6.28980384e-02 5.43399181e-04 5.91851801e-02 7.70291143e-05 1.09271581e-04 9.37228016e-05
2.05877622e+02 6.73816183e-02 -1.64015821e-03 6.19795872e-02 3.88447139e-05 1.03834372e-04 3.34709146e-05
2.08585450e+02 7.51227662e-02 -4.07541197e-03 5.90054406e-02 4.31018624e-05 3.85951976e-04 8.54892960e-06
2.11279403e+02 7.05353447e-02 5.79922604e-03 5.33256335e-02 8.74756833e-05 3.56302964e-04 5.00708128e-05
2.13971231e+02 6.89674059e-02 7.20111687e-03 6.20649496e-02 6.13720460e-05 4.76912812e-04 5.83932434e-05
2.16651122e+02 6.01364962e-02 1.03855640e-02 6.29986052e-02 5.62027681e-05 2.66717198e-04 9.36674795e-05
2.19347512e+02 6.12981448e-02 6.95813708e-03 6.55843218e-02 3.50931101e-05 3.77212367e-04 3.15111836e-05
2.22035122e+02 5.90311419e-02 1.15367553e-02 6.74662086e-02 2.65269741e-05 1.95244451e-04 9.11614014e-05
2.24731762e+02 7.01490074e-02 7.18020115e-03 6.59298111e-02 6.07472488e-05 3.96378152e-05 1.09554929e-05
2.27425200e+02 7.70446837e-02 2.81274778e-03 6.06447936e-02 2.44869018e-05 1.18510948e-05 9.67693820e-05
2.30123590e+02 6.70828987e-02 5.23040095e-03 5.71861754e-02 2.81769227e-05 5.01064251e-05 7.66317559e-06
2.32825028e+02 5.97141858e-02 4.07395007e-03 6.72751144e-02 4.61342664e-05 1.76636641e-04 3.75782655e-05
2.35522825e+02 5.64234183e-02 6.22960041e-03 7.75528095e-02 2.57156952e-05 5.92258750e-05 4.41999172e-05
2.38231325e+02 6.14194959e-02 6.41249926e-03 7.78811986e-02 5.54977656e-05 1.78032120e-05 4.02506193e-05
2.40943153e+02 6.39385406e-02 1.08798856e-02 6.75667416e-02 7.58872213e-05 7.21162715e-05 9.21051304e-05
2.43649262e+02 7.40954649e-02 1.29651526e-02 5.76087747e-02 7.74934522e-05 1.43391331e-04 5.72277856e-05
2.46355419e+02 7.85833976e-02 6.24592777e-03 4.79028466e-02 1.21091956e-04 6.24217136e-05 1.29335896e-04
2.49064903e+02 7.07871694e-02 3.66732916e-03 4.62630693e-02 1.24509430e-04 7.42630946e-05 5.75179140e-05
2.51768450e+02 6.60911270e-02 2.77396237e-04 4.98345637e-02 2.50861114e-05 7.78211918e-05 9.48577897e-05
2.54471262e+02 6.85162815e-02 -1.59560419e-03 4.89266565e-02 1.11960322e-04 2.44856277e-04 3.80908145e-05
2.57177153e+02 6.83024178e-02 -5.47251514e-03 4.76221495e-02 8.90453777e-05 1.89265029e-04 7.75623761e-05
2.59878840e+02 7.24872204e-02 -7.22704401e-03 3.77307647e-02 6.55128915e-05 3.14393847e-04 6.68039716e-05
2.62566934e+02 7.62422794e-02 -9.10846724e-03 2.92620429e-02 5.20460379e-05 3.95467470e-04 5.05577673e-05
2.65261622e+02 7.70464372e-02 -6.17312887e-03 9.62438205e-04 4.13157830e-05 2.49244116e-04 1.53969173e-04
2.67951936e+02 8.51867204e-02 -8.36453854e-03 -2.62132009e-02 6.86197349e-05 2.23380624e-04 9.57139757e-05
