6.78960154e-01 7.89192179e-02 -8.62153603e-04 -5.33388578e-02 3.29619184e-05 1.52233780e-04 5.70688026e-05
3.37889531e+00 6.15589683e-02 -3.49106321e-03 -6.07206650e-02 2.83043406e-05 3.43097438e-05 4.45342083e-05
6.07813718e+00 5.29387615e-02 -2.11552592e-03 -6.75838557e-02 3.46794810e-05 1.04126352e-04 3.24631256e-05
8.78012374e+00 5.04853348e-02 2.54786237e-04 -7.03715767e-02 4.38550845e-05 9.60040600e-05 4.76748288e-05
1.14797678e+01 5.72220524e-02 4.85646916e-04 -5.98188025e-02 3.52818072e-05 4.26998327e-04 1.65159993e-05
1.41718459e+01 6.43760026e-02 5.40422863e-03 -6.56948392e-02 3.01633226e-05 2.83629802e-04 3.54317289e-05
1.68698116e+01 6.30623679e-02 5.45326850e-03 -6.78348398e-02 7.10561509e-05 4.04083730e-04 3.91490968e-05
1.95695053e+01 6.06579974e-02 5.90609499e-03 -7.12791576e-02 2.95609209e-05 1.74901470e-04 3.97788846e-05
2.22663209e+01 5.24591966e-02 1.06209693e-02 -6.91477369e-02 6.77013520e-05 2.79709466e-04 4.13456517e-05
2.49757366e+01 5.18637712e-02 1.18305339e-02 -6.63997030e-02 3.72916767e-05 4.16812781e-04 2.91236149e-05
2.76779397e+01 5.50542085e-02 1.58899151e-02 -6.74964202e-02 8.24844260e-05 3.80057083e-04 2.75322334e-05
3.03801319e+01 6.47930052e-02 9.94475377e-03 -7.00995522e-02 1.01953194e-04 5.20149514e-04 1.19085746e-04
3.30749350e+01 7.04583533e-02 6.88492713e-03 -6.88907193e-02 6.68475532e-05 5.51148101e-04 1.09453113e-04
3.57760803e+01 7.70777316e-02 1.94117401e-03 -6.30997120e-02 3.35565903e-05 3.85274725e-04 9.27211905e-05
3.84769991e+01 7.02325211e-02 -5.23499043e-03 -6.55486999e-02 1.39903314e-04 1.59308848e-04 4.13922556e-05
4.11704459e+01 6.17851991e-02 -2.64439625e-03 -6.83320964e-02 7.49860804e-05 1.68692892e-04 5.53103821e-05
4.38679647e+01 5.82515870e-02 -1.00784676e-02 -6.82331258e-02 6.61438960e-05 6.01155115e-05 3.52227153e-05
4.65650225e+01 5.49034975e-02 -9.21438865e-03 -7.26632877e-02 5.04549095e-05 1.90176656e-04 9.75300248e-05
4.92697303e+01 4.00151958e-02 -1.02534103e-02 -7.17278930e-02 6.95881482e-05 1.86297948e-04 4.25790513e-05
5.19706116e+01 3.78357070e-02 -6.83108095e-04 -6.29922421e-02 2.89651326e-05 4.08742923e-04 1.15403276e-04
5.46699819e+01 4.87037701e-02 1.64915183e-03 -5.73474870e-02 2.65936291e-05 2.61704004e-04 2.04209415e-05
5.73542069e+01 6.40278236e-02 9.79281447e-05 -6.16937144e-02 6.45452086e-05 3.21365578e-04 8.62402629e-05
6.00518600e+01 6.79230505e-02 -6.06743345e-04 -6.18192122e-02 9.29825030e-05 8.10687147e-05 5.04088747e-05
6.27540553e+01 5.33562884e-02 -2.56019269e-03 -6.34424252e-02 5.02141349e-05 1.49427717e-04 4.84959599e-05
6.54550600e+01 4.57521167e-02 -8.52899640e-04 -7.48267521e-02 3.37375929e-05 9.08833726e-05 1.42281211e-04
6.81549053e+01 4.83109187e-02 -3.73115203e-03 -7.34088408e-02 1.70317055e-04 3.26049514e-05 7.59634358e-05
7.08500037e+01 6.08055828e-02 -3.13444561e-03 -6.37850296e-02 2.88888084e-05 3.44721316e-05 1.55830442e-04
7.35465100e+01 6.61039826e-02 -7.30165904e-03 -6.36510658e-02 8.69428680e-05 1.72490058e-04 3.00534065e-05
7.62440834e+01 6.14010749e-02 -8.50547313e-03 -5.93525695e-02 6.66138104e-05 3.59516517e-04 6.85879526e-05
7.89480647e+01 6.45029328e-02 -1.28517956e-02 -5.58578739e-02 2.77731455e-05 3.78477885e-04 3.24587565e-05
8.16437428e+01 6.07741799e-02 -1.42604376e-02 -6.11865733e-02 7.18990920e-05 2.69513844e-04 4.28394922e-05
8.43459975e+01 5.77605868e-02 -1.32067721e-02 -6.23128197e-02 5.61733358e-05 4.11310520e-05 1.20889280e-04
8.70500756e+01 5.32238058e-02 -1.06732338e-02 -6.31241942e-02 1.65570483e-05 4.16816854e-05 1.06836457e-04
8.97526600e+01 5.05678039e-02 -1.24625782e-02 -5.65273524e-02 1.65050764e-04 9.41005352e-05 3.38785092e-05
9.24536616e+01 5.19918174e-02 -1.87082654e-02 -6.12552140e-02 7.99032155e-05 2.18885318e-05 1.30566493e-04
9.51534834e+01 5.73038228e-02 -1.51907623e-02 -6.80134193e-02 8.09167149e-05 1.35526427e-04 8.95006468e-05
9.78558506e+01 6.03426783e-02 -9.71056854e-03 -7.62491691e-02 7.16355236e-05 7.51490529e-05 6.71767324e-05
1.00549262e+02 5.39386813e-02 -8.29279808e-03 -7.81802608e-02 1.54217424e-05 2.69317567e-04 7.88613241e-05
1.03248730e+02 6.17963183e-02 -8.00214078e-03 -7.42228753e-02 4.05846558e-05 1.02568905e-04 1.04457704e-04
1.05949199e+02 6.87561736e-02 -8.91713050e-03 -6.61414404e-02 6.23745457e-05 1.45330715e-04 2.91561576e-05
1.08653074e+02 7.48484494e-02 -7.69146663e-03 -6.01929669e-02 2.78611025e-05 4.14555544e-04 3.42347029e-05
1.11359574e+02 6.58777429e-02 -2.29149770e-03 -5.40500464e-02 7.00450560e-05 2.63964168e-04 9.53315168e-05
1.14069527e+02 5.88399711e-02 -7.40229098e-03 -6.22702985e-02 4.57355382e-05 2.85970817e-04 6.20282488e-05
1.16770512e+02 5.64833463e-02 -4.85230346e-03 -5.82166986e-02 3.97056541e-05 3.28301517e-04 1.01019942e-04
1.19481027e+02 6.10275532e-02 -1.06871816e-02 -6.54681647e-02 7.57288072e-05 1.26310909e-04 5.75973738e-05
1.22186683e+02 6.64384046e-02 -8.48072912e-03 -5.66967651e-02 4.19831367e-05 1.83143563e-04 3.49246993e-05
1.24886668e+02 6.69231503e-02 -1.31150452e-02 -5.88961250e-02 6.49933978e-05 2.82439646e-04 1.12913500e-04
1.27585183e+02 6.97613059e-02 -1.62821019e-02 -5.35538222e-02 3.62962741e-05 7.72765435e-05 6.23156150e-05
1.30275543e+02 7.57951425e-02 -2.10636979e-02 -4.14753480e-02 1.48352507e-05 1.16120194e-04 1.21250063e-04
1.32962137e+02 9.06929546e-02 -2.17748970e-02 -2.15198725e-02 4.29204477e-05 1.34884942e-04 1.36330388e-05
1.35657465e+02 9.45049343e-02 -2.78018541e-02 1.12753441e-04 2.41771409e-05 6.78903280e-05 2.61839709e-05
1.38350715e+02 8.80796610e-02 -2.28351594e-02 2.60957105e-02 5.93371121e-05 6.82493995e-05 6.57689386e-05
1.41060152e+02 8.28788261e-02 -1.77089923e-02 5.01431769e-02 2.60310762e-05 4.69063128e-05 1.23708112e-04
1.43764512e+02 7.39610862e-02 -1.07401817e-02 5.89547048e-02 7.00164895e-05 1.63909124e-04 1.04977835e-04
1.46466871e+02 7.22851021e-02 -9.38923833e-03 5.60501287e-02 2.83456980e-05 2.87149765e-04 1.33998070e-04
1.49162871e+02 7.73558627e-02 -9.96109983e-03 5.33868158e-02 1.06487636e-04 4.39304141e-04 2.56797252e-05
1.51867902e+02 8.43147380e-02 -1.46272272e-03 4.90007817e-02 2.21571936e-05 2.76922055e-04 4.02841916e-05
1.54570652e+02 8.10992174e-02 -2.70839120e-03 5.11563710e-02 3.61773006e-05 6.38391203e-04 2.24757041e-05
1.57273246e+02 7.87693477e-02 1.66653295e-04 5.17459311e-02 6.36863087e-05 7.96978655e-04 1.42485429e-05
1.59966637e+02 7.85575356e-02 5.28215634e-04 6.02610811e-02 3.26965145e-05 7.75943230e-04 2.01197550e-05
1.62663808e+02 7.93416206e-02 1.54235019e-04 6.10264151e-02 5.25408626e-05 6.87864362e-04 5.64485288e-05
1.65348418e+02 7.13931931e-02 3.44468985e-03 6.12634929e-02 1.53223700e-05 7.10962735e-04 7.69381023e-05
1.68044902e+02 6.66079052e-02 -1.95070904e-03 6.48348284e-02 4.37039535e-05 8.07875689e-04 9.01847730e-05
1.70732777e+02 6.30177437e-02 -4.95197812e-03 6.30315891e-02 6.37724105e-05 8.61123465e-04 4.33107511e-05
1.73436527e+02 6.52205878e-02 -9.33818348e-04 6.25799149e-02 4.51318004e-05 3.34794933e-04 4.35009487e-05
1.76137512e+02 5.34579804e-02 -3.38847639e-03 6.09649952e-02 5.28006593e-05 4.47497058e-04 2.25602155e-05
1.78843105e+02 5.57489624e-02 -2.67026933e-03 6.30633867e-02 5.38326981e-05 3.33852353e-04 4.26725707e-05
1.81546605e+02 5.31887991e-02 1.85337685e-03 6.40640320e-02 4.82819957e-05 4.65214986e-04 6.35914542e-05
1.84246777e+02 5.46334057e-02 3.04568015e-03 6.49491239e-02 1.25444958e-04 5.08728951e-04 1.51821355e-05
1.86940199e+02 5.43696185e-02 5.00301282e-03 7.04476317e-02 6.46046963e-05 4.40422115e-04 1.23514303e-04
1.89637918e+02 6.02821282e-02 5.01470787e-03 6.89153987e-02 5.73709718e-05 3.30638259e-04 8.93650845e-06
1.92343715e+02 6.56406225e-02 2.35424873e-03 6.42324503e-02 2.69239758e-05 4.98551654e-04 6.62265920e-05
1.95041215e+02 6.76477913e-02 4.48969846e-03 5.87547984e-02 1.23366649e-04 3.13352696e-04 3.69595397e-05
1.97742558e+02 6.12155633e-02 9.23953446e-03 5.98738183e-02 1.86847709e-05 9.02978098e-05 1.50060305e-04
2.00451621e+02 5.57066514e-02 1.00682080e-02 6.54567126e-02 6.76752190e-05 1.75608030e-04 1.02810346e-05
2.03170527e+02 6.36402956e-02 3.81958823e-03 6.51040739e-02 4.70171765e-05 2.35313771e-04 1.18989174e-04
2.05878527e+02 7.05113320e-02 5.60858349e-04 6.37377091e-02 2.42353118e-05 1.51726731e-04 5.85966337e-05
2.08581699e+02 7.31045866e-02 9.57549721e-04 6.10854283e-02 4.65653607e-05 3.94922597e-04 1.07735785e-05
2.11283433e+02 6.84038247e-02 6.40180821e-03 5.62676126e-02 3.73936595e-05 3.60594311e-04 3.59639275e-05
2.13970637e+02 6.64713991e-02 9.27240771e-03 5.89250701e-02 8.81540410e-05 2.75832352e-04 3.58484841e-05
2.16654840e+02 6.20640730e-02 1.03353308e-02 6.06197065e-02 6.38435273e-05 3.26708836e-04 1.17372313e-04
2.19344121e+02 6.39177864e-02 1.28612038e-02 6.46908700e-02 5.72981234e-05 5.25921664e-04 3.97714408e-05
2.22037730e+02 6.29081509e-02 1.07884006e-02 6.19194834e-02 5.09573771e-05 2.55788193e-04 5.71580009e-05
2.24731105e+02 7.24739566e-02 5.03807489e-03 6.46426537e-02 9.22984653e-05 2.08394354e-04 5.47613404e-06
2.27423574e+02 7.20524566e-02 1.96432846e-03 6.13634443e-02 3.09482127e-05 1.04709414e-04 6.38285643e-05
2.30118152e+02 6.66216364e-02 2.98121505e-03 5.64773150e-02 2.47561221e-05 5.22739187e-05 1.06338167e-05
2.32819887e+02 6.31947814e-02 3.54370579e-03 6.06055359e-02 6.27014126e-05 3.49539088e-04 4.81688627e-05
2.35523449e+02 5.45456415e-02 3.29616009e-03 6.92526707e-02 5.78511432e-05 5.23469065e-05 8.27212028e-05
2.38233918e+02 5.90231204e-02 6.94413686e-03 6.74215638e-02 4.77109553e-05 9.03305786e-05 7.31187318e-05
2.40935543e+02 6.92748622e-02 1.00187247e-02 6.46978384e-02 9.34418141e-05 3.99117758e-05 6.84938573e-05
2.43640699e+02 8.20658380e-02 1.00779522e-02 5.47887433e-02 7.21016844e-05 7.92258410e-05 7.30715499e-05
2.46346449e+02 8.08683352e-02 3.02777743e-03 4.92270109e-02 3.20925772e-05 9.88432533e-05 1.19311181e-04
2.49055855e+02 7.22959327e-02 9.91675532e-04 4.67014809e-02 1.22471610e-04 6.76407166e-05 4.77014682e-05
2.51764293e+02 6.20575701e-02 -1.71987972e-03 4.77792295e-02 4.75028345e-05 9.90219752e-05 1.48506333e-04
2.54469277e+02 6.37122234e-02 -5.10911504e-03 4.69099227e-02 1.63264960e-04 1.69926877e-04 3.99275491e-05
2.57172855e+02 6.69159735e-02 -7.64348594e-03 4.42861851e-02 5.48689175e-05 2.17974290e-04 1.98564926e-04
2.59878933e+02 6.85131332e-02 -9.65256059e-03 4.13720765e-02 2.09693196e-05 3.67095248e-04 2.54045926e-05
2.62574902e+02 7.13524236e-02 -9.36033199e-03 3.56667581e-02 1.62552957e-05 3.88134095e-04 7.58519363e-05
2.65267652e+02 8.07091811e-02 -5.27519124e-03 1.05321578e-02 1.68781645e-05 2.48015349e-04 1.91550729e-04
2.67959317e+02 8.56277424e-02 -3.36515020e-03 -3.04805862e-02 9.93881653e-05 2.31543187e-04 1.36773368e-04
