6.99109415e-01 7.35645127e-02 1.13481801e-02 7.77453437e-03 2.72196520e-05 1.11132291e-04 1.24800502e-04
3.39136465e+00 8.12640108e-02 6.95676996e-03 -1.38813538e-02 2.29203134e-05 1.58534540e-04 3.68432625e-05
6.09287558e+00 7.18332576e-02 5.47776818e-03 -3.22388825e-02 5.64395536e-05 1.60071430e-04 6.32463113e-05
8.78712559e+00 6.49278747e-02 3.35739957e-03 -4.47448753e-02 2.89513664e-05 2.38650918e-04 1.61208882e-04
1.14887914e+01 6.21431132e-02 4.57008275e-03 -5.72607089e-02 1.04700506e-04 2.69927947e-04 6.05194439e-05
1.41854929e+01 6.67767314e-02 1.10531004e-03 -6.31398371e-02 5.04659436e-05 1.78448849e-04 3.41851790e-05
1.68827507e+01 7.11975824e-02 -5.59092227e-03 -6.52587129e-02 8.68176647e-05 6.74710657e-05 3.55651184e-05
1.95852929e+01 6.87808826e-02 -7.72958142e-03 -7.19444994e-02 6.99533513e-05 1.49763736e-04 5.91976062e-05
2.22850211e+01 7.10043728e-02 -2.65056317e-03 -7.13366752e-02 1.12672981e-04 9.55708385e-05 2.22829626e-05
2.49854398e+01 7.10604586e-02 -7.05385210e-03 -6.46961990e-02 6.74558948e-05 1.97655740e-04 8.02421659e-05
2.76828039e+01 6.87985362e-02 -4.40739330e-03 -6.53497441e-02 8.20777331e-05 2.07161153e-04 3.89242792e-05
3.03780945e+01 6.03956334e-02 -6.65394077e-03 -6.81437962e-02 3.35663764e-05 2.81745983e-04 4.90529613e-05
3.30807976e+01 5.96309159e-02 -3.81766640e-03 -6.79933452e-02 8.41477926e-05 2.58102972e-04 3.06034564e-05
3.57802601e+01 6.01409346e-02 -1.28431246e-03 -7.39347876e-02 3.34169379e-05 2.17225205e-04 5.74912650e-05
3.84784195e+01 5.92334741e-02 9.07012644e-03 -6.55089091e-02 4.10985415e-05 3.21350766e-04 2.30101308e-05
4.11744461e+01 5.74892371e-02 1.52468388e-02 -5.59017026e-02 3.85656887e-05 4.10324077e-04 6.19373385e-05
4.38671570e+01 6.79781169e-02 1.75609627e-02 -5.16531947e-02 9.64307345e-05 1.79038535e-04 8.80132425e-05
4.65630523e+01 7.20630777e-02 1.23308020e-02 -5.04024886e-02 3.99109551e-05 9.75436987e-05 1.32768632e-04
4.92549304e+01 7.30839390e-02 -2.28606466e-04 -5.24493679e-02 7.35579978e-05 9.13747808e-05 4.13671054e-05
5.19573851e+01 6.49375680e-02 -1.16078983e-03 -6.06674649e-02 3.03978832e-05 3.21045572e-05 5.60481880e-05
5.46524945e+01 6.80401499e-02 -7.22457992e-03 -6.69693205e-02 7.67018731e-05 7.74577311e-05 1.48602245e-05
5.73500804e+01 6.01993831e-02 -1.29061119e-02 -6.32839998e-02 7.72646599e-05 4.24358010e-05 1.61672331e-04
6.00573773e+01 5.27568207e-02 -2.15613180e-02 -6.00422798e-02 9.83014907e-05 6.52515139e-05 1.39699598e-05
6.27648664e+01 5.99609282e-02 -2.03114804e-02 -5.95274860e-02 3.81139519e-05 7.10329274e-05 5.28416168e-05
6.54693445e+01 6.38086881e-02 -2.30187973e-02 -6.01999573e-02 5.26546747e-05 3.87193321e-05 7.17634884e-05
6.81664382e+01 7.21854933e-02 -2.62997592e-02 -6.33288243e-02 6.30778156e-05 1.63496494e-04 6.23717795e-05
7.08517914e+01 7.37896146e-02 -2.08144060e-02 -6.42564336e-02 8.27343775e-05 7.19706085e-05 7.51405118e-05
7.35478273e+01 6.80872282e-02 -1.76150441e-02 -6.42306268e-02 6.15784378e-05 7.99787075e-05 1.16254536e-04
7.62418867e+01 5.85866294e-02 -1.23996207e-02 -6.46527948e-02 6.96182830e-05 1.74855916e-04 8.87225636e-05
7.89422976e+01 5.93564304e-02 -8.30968524e-03 -6.09085563e-02 4.84171494e-05 7.91459210e-05 1.98770997e-05
8.16430507e+01 6.32732539e-02 -2.49693376e-03 -6.69674709e-02 3.28090261e-05 2.58541029e-05 5.91599428e-05
8.43369148e+01 6.07423244e-02 1.95841212e-03 -6.82343934e-02 4.37315548e-05 5.99834744e-05 3.78016879e-05
8.70326132e+01 6.27873194e-02 7.87109787e-03 -6.55139836e-02 3.83864163e-05 1.03620401e-04 3.79157606e-05
8.97334617e+01 6.00754312e-02 6.64615883e-03 -6.35808218e-02 1.03439431e-04 1.95107323e-04 3.24311747e-05
9.24444179e+01 6.18097621e-02 5.21386346e-03 -6.32260463e-02 4.08479962e-05 3.11760418e-04 2.36712303e-05
9.51460445e+01 6.74060611e-02 1.07429141e-02 -7.00290888e-02 6.99988740e-06 1.79071330e-04 2.54797172e-05
9.78519804e+01 6.88084658e-02 1.30330379e-02 -6.47670708e-02 8.56139860e-05 2.23627978e-04 1.06399824e-04
1.00561909e+02 6.93492134e-02 1.31176861e-02 -6.21323807e-02 1.68850307e-04 9.29093589e-05 4.72554568e-05
1.03260080e+02 6.49257512e-02 1.30404601e-02 -5.99406178e-02 5.54481301e-05 2.15952696e-04 9.65140668e-05
1.05964440e+02 6.62213195e-02 9.36026731e-03 -7.13044610e-02 3.44728378e-05 3.12526412e-04 4.80952612e-05
1.08669034e+02 5.71851276e-02 9.31908915e-03 -7.70602041e-02 3.39730027e-05 3.36551615e-04 1.05475614e-04
1.11372955e+02 5.46296045e-02 9.87927389e-03 -7.81665627e-02 2.89409325e-05 3.76857556e-04 2.14262957e-05
1.14065315e+02 5.38252297e-02 8.61550756e-03 -6.58394120e-02 3.47631810e-05 4.35395344e-04 3.64087945e-05
1.16764346e+02 5.57964004e-02 2.18284248e-03 -5.94572032e-02 3.65529372e-05 5.86650323e-04 4.19063264e-05
1.19463315e+02 5.60267034e-02 -3.20996861e-04 -4.34931130e-02 5.59469644e-05 3.05710294e-04 1.21030696e-04
1.22160627e+02 6.05894254e-02 7.35790285e-03 -4.03234810e-02 1.00601365e-04 5.59183694e-04 3.66852291e-05
1.24865034e+02 7.48594704e-02 8.85400836e-03 -3.18712173e-02 4.67341023e-05 1.67959802e-04 5.37184787e-05
1.27566018e+02 8.39622548e-02 1.64165233e-02 -1.01500712e-02 4.88926840e-05 3.93098454e-05 2.97946561e-05
1.30269330e+02 8.36254709e-02 1.69071561e-02 9.10169456e-03 3.37694207e-05 1.00004629e-05 6.37754791e-05
1.32968955e+02 7.04418475e-02 1.57217486e-02 3.31333362e-02 3.36655692e-05 6.70540238e-05 3.12030168e-05
1.35666018e+02 5.59156410e-02 9.84331952e-03 5.10388467e-02 5.20915699e-05 8.35338518e-05 3.91821282e-05
1.38376799e+02 4.97975702e-02 6.00496396e-03 5.81385658e-02 6.61798503e-05 2.19259398e-04 3.48060656e-05
1.41077471e+02 4.56549291e-02 6.46012920e-03 6.59293941e-02 7.01278186e-05 1.54967634e-04 8.17576185e-05
1.43772971e+02 5.21181203e-02 5.47395664e-03 6.90004043e-02 1.38890114e-04 3.16275852e-04 4.80951902e-05
1.46470205e+02 5.08054051e-02 2.43622385e-03 6.98035023e-02 6.50818176e-05 1.72675777e-04 3.00210761e-05
1.49168830e+02 4.89559902e-02 -3.45048424e-03 7.19784946e-02 9.26417965e-05 1.93509522e-04 1.59058915e-04
1.51865049e+02 4.64287797e-02 -3.05813660e-03 7.96711458e-02 1.89277699e-05 3.97355808e-04 3.08593629e-05
1.54557377e+02 4.22362766e-02 -7.37921314e-03 8.01662316e-02 3.78196161e-05 2.68885720e-04 3.03955188e-05
1.57256674e+02 4.61972780e-02 -1.09556811e-02 8.07150306e-02 3.81770408e-05 1.56226121e-04 2.59392038e-05
1.59962596e+02 6.32988431e-02 -1.51953727e-02 7.42007854e-02 3.10553822e-05 1.22366496e-04 7.02691008e-05
1.62656284e+02 6.83792371e-02 -1.02769999e-02 7.21400462e-02 4.38832241e-05 5.53681664e-05 1.20687968e-04
1.65356987e+02 6.55541220e-02 -7.18187001e-03 7.43277449e-02 6.00765166e-05 8.84374005e-05 6.58962139e-05
1.68056252e+02 5.25456828e-02 -1.87033887e-03 7.35405242e-02 2.40107075e-05 5.82718623e-05 4.96706966e-05
1.70762971e+02 6.08922691e-02 -5.74901857e-03 7.12005132e-02 6.21724561e-05 6.58466615e-05 7.01373171e-05
1.73455252e+02 6.54602909e-02 -2.78353515e-03 6.65903058e-02 3.67896549e-05 1.81190412e-04 8.25090652e-05
1.76148487e+02 6.28046622e-02 -3.70775783e-04 5.77950909e-02 5.79059975e-05 1.92615083e-04 6.26126648e-05
1.78839284e+02 6.01455987e-02 -4.59276919e-03 5.25604724e-02 2.81109247e-05 2.45980805e-04 3.04209542e-05
1.81534065e+02 6.72592050e-02 -2.69930046e-04 5.42693022e-02 4.81177830e-05 3.74902730e-04 4.67982478e-05
1.84236784e+02 7.14786095e-02 -1.16583951e-03 5.81192964e-02 1.13080287e-05 1.73544350e-04 4.60015306e-05
1.86939455e+02 6.92324952e-02 3.35375527e-03 5.93237842e-02 4.25345666e-05 2.29295874e-04 3.80159439e-05
1.89652205e+02 5.77836138e-02 1.19770469e-03 7.10257105e-02 5.28140718e-05 5.44235403e-04 5.27800404e-05
1.92351518e+02 5.51637268e-02 -5.68040991e-04 7.46804676e-02 1.33085263e-05 2.42675001e-04 6.01916575e-05
1.95055080e+02 5.51498559e-02 -3.05879985e-04 6.84256953e-02 2.49870506e-05 2.99070663e-04 2.14663913e-05
1.97755862e+02 5.30389058e-02 3.56993425e-03 6.50738483e-02 7.58552969e-05 2.53915066e-04 4.71270126e-05
2.00452034e+02 5.29995236e-02 9.05332782e-03 5.97559652e-02 1.37687772e-04 2.20836193e-05 5.00192008e-05
2.03149643e+02 5.50935831e-02 2.21165573e-03 6.47210717e-02 6.31631934e-05 6.23797304e-05 8.13448133e-05
2.05846971e+02 5.60439120e-02 2.83592461e-03 6.47492848e-02 7.55158549e-05 6.53032986e-05 1.42875159e-05
2.08551784e+02 5.66979214e-02 4.87185959e-03 6.91790974e-02 5.92521907e-05 4.46448112e-05 3.67321972e-05
2.11255534e+02 5.76199862e-02 1.59023840e-03 7.11038131e-02 8.98093830e-05 3.49016085e-05 1.26557840e-04
2.13957159e+02 6.41213685e-02 1.21786600e-03 6.57050033e-02 1.45108089e-05 1.10682824e-04 9.08931202e-05
2.16662080e+02 6.88208620e-02 -7.35115889e-03 6.97803911e-02 4.64127103e-05 1.65632049e-04 6.97432500e-05
2.19360440e+02 6.68118978e-02 -3.30742018e-03 6.85433802e-02 1.96883048e-05 9.47350925e-05 9.86831201e-05
2.22059596e+02 6.62691426e-02 -3.40926997e-03 6.56832489e-02 5.45151182e-05 2.59739809e-04 9.45899307e-05
2.24759752e+02 6.41267282e-02 -7.27174534e-03 6.21739163e-02 4.82895238e-05 3.50273642e-05 9.08224492e-05
2.27451893e+02 6.20043168e-02 4.26183470e-04 6.64937362e-02 6.12814963e-05 5.37916510e-05 6.31002472e-05
2.30152752e+02 6.54664721e-02 -7.44706064e-04 5.97560095e-02 5.11598344e-05 1.54118393e-04 5.52206998e-05
2.32855987e+02 7.08846513e-02 -1.44368796e-03 6.09976823e-02 3.01046636e-05 2.29921648e-04 5.88391230e-05
2.35556940e+02 7.66049141e-02 -1.54751104e-02 6.13936207e-02 4.10553061e-05 3.54173372e-05 3.53438928e-05
2.38247580e+02 7.60937263e-02 -1.15858974e-02 6.91541449e-02 2.58217142e-05 1.11845443e-04 4.16835002e-05
2.40942002e+02 7.32727828e-02 -1.37530605e-02 7.44072912e-02 9.66994789e-05 4.63818611e-05 4.34392300e-05
2.43631784e+02 6.07523659e-02 -1.21783336e-02 6.95262430e-02 9.39678964e-05 1.07574851e-04 6.91714057e-05
2.46334909e+02 5.07417177e-02 -1.77230419e-02 7.28090922e-02 6.63378110e-05 1.47653361e-04 6.98226358e-05
2.49033143e+02 5.10589611e-02 -1.21812629e-02 7.18686946e-02 1.00612429e-04 1.37703403e-04 4.18827218e-05
2.51744049e+02 5.19617079e-02 -2.07415700e-03 7.03978761e-02 2.65171331e-05 8.38699381e-05 1.18371207e-04
2.54455237e+02 5.61626467e-02 2.77982432e-03 6.70498070e-02 6.58381129e-05 7.31763547e-05 8.01242285e-05
2.57168549e+02 7.24599982e-02 7.61841933e-03 5.67055697e-02 2.91217146e-05 2.25199245e-04 1.70880347e-04
2.59874690e+02 7.26362286e-02 1.19916590e-02 5.16412880e-02 6.77420513e-05 1.00923781e-04 7.09880257e-05
2.62581627e+02 6.98786146e-02 1.14343306e-02 3.79654831e-02 1.07236067e-04 1.68488979e-04 3.07865986e-05
2.65280955e+02 7.02829111e-02 1.44096581e-02 3.14465801e-02 4.18403650e-05 1.42831331e-04 2.24899427e-04
2.67969146e+02 7.54383849e-02 1.11456325e-02 1.93902296e-02 2.03634796e-04 1.13063633e-04 6.38904213e-05
