6.83933702e-01 7.32800005e-02 -9.39273152e-03 -4.22280253e-02 2.83965653e-05 1.74659366e-04 2.09395171e-05
3.37448730e+00 7.22866679e-02 -5.21094188e-03 -4.82183581e-02 4.75715095e-05 3.06350520e-04 3.08687738e-05
6.07008262e+00 7.45056674e-02 -3.20398234e-03 -5.08900114e-02 2.14929516e-05 2.57116141e-04 5.53635955e-05
8.76217012e+00 7.42177123e-02 -1.84426581e-03 -5.72891498e-02 4.58547461e-05 1.98770526e-04 3.04801678e-05
1.14654712e+01 7.21270305e-02 -6.79290196e-04 -6.80744627e-02 5.87810219e-05 1.32681019e-04 5.27089175e-05
1.41626572e+01 6.42953936e-02 -2.07959552e-03 -7.07131076e-02 3.18711416e-05 9.83494147e-05 6.96323633e-05
1.68576400e+01 6.37682995e-02 -1.01418022e-03 -6.59716550e-02 4.31514818e-05 8.47439022e-05 2.12225115e-05
1.95656696e+01 5.58723380e-02 2.36919833e-04 -7.05847421e-02 1.16029199e-04 1.06738248e-04 1.08495149e-05
2.22663259e+01 4.57704905e-02 1.50816024e-03 -7.73607397e-02 3.48928679e-05 2.42301146e-04 1.61807143e-04
2.49678556e+01 4.87238090e-02 -7.35388717e-04 -7.77524707e-02 6.63658587e-05 3.19822122e-04 5.01509343e-05
2.76785759e+01 5.91770142e-02 2.74091417e-03 -7.18167726e-02 1.17084509e-05 3.25963788e-04 8.59751468e-05
3.03848087e+01 6.63315510e-02 4.25225141e-03 -6.88899756e-02 3.49949455e-05 4.20721295e-04 2.23247028e-05
3.30886306e+01 7.72227885e-02 6.92041082e-03 -7.22291441e-02 1.83099263e-04 2.23826022e-04 1.03446006e-04
3.57824681e+01 7.30021350e-02 6.11082191e-03 -6.66911449e-02 9.35869289e-05 1.25034654e-04 6.21475712e-05
3.84804900e+01 6.74264810e-02 4.27177949e-03 -6.35046023e-02 6.23438557e-05 1.63261139e-05 1.78831035e-04
4.11768525e+01 6.69838194e-02 1.17163260e-03 -5.90102764e-02 1.15765582e-04 1.09289090e-04 3.47884376e-05
4.38704993e+01 6.46829999e-02 7.19269346e-03 -5.92841347e-02 5.50246371e-05 8.37786441e-05 6.29080465e-05
4.65704978e+01 6.29832902e-02 7.37579944e-04 -5.53623205e-02 9.90059087e-05 2.74023927e-05 8.33661913e-05
4.92668478e+01 6.45527695e-02 -1.69523521e-03 -5.49556231e-02 7.62406205e-05 1.11140345e-04 3.62647615e-05
5.19642931e+01 5.86907016e-02 -8.96036804e-03 -5.27332554e-02 5.46867371e-05 6.30701496e-05 6.75218456e-05
5.46658056e+01 5.94907494e-02 -2.51781517e-03 -5.92544437e-02 4.93846826e-05 1.15755881e-04 8.51112220e-05
5.73679509e+01 6.08996135e-02 -2.75731790e-03 -5.65207405e-02 1.33344756e-04 9.77860063e-05 2.43202770e-05
6.00713306e+01 5.71365209e-02 -1.65604678e-03 -6.04869876e-02 4.40545451e-05 2.57017362e-04 1.14127008e-04
6.27724478e+01 5.75120753e-02 -1.15425300e-02 -5.90623168e-02 4.09438206e-05 4.72261615e-05 8.72706167e-05
6.54774462e+01 5.93347889e-02 -1.96021265e-02 -5.87565168e-02 8.78494283e-05 7.83601903e-05 1.02308284e-04
6.81757134e+01 5.91809865e-02 -2.57689978e-02 -5.42016711e-02 7.35197756e-05 5.51644695e-05 8.71610491e-05
7.08793493e+01 5.69220677e-02 -2.23574151e-02 -4.92363201e-02 5.02475819e-05 1.45730903e-04 3.95425351e-05
7.35814384e+01 6.14512165e-02 -1.77105972e-02 -5.56542569e-02 5.15356248e-05 1.06078960e-04 3.71397771e-05
7.62772634e+01 5.90778261e-02 -1.55614622e-02 -6.11642177e-02 1.03183483e-04 7.08786084e-05 3.37702954e-05
7.89669025e+01 6.80742723e-02 -9.49118345e-03 -5.83747007e-02 1.18076095e-04 3.02979007e-04 4.13990049e-05
8.16618259e+01 7.11843023e-02 -1.45057688e-02 -5.23548473e-02 7.06366114e-05 2.48006287e-04 6.24558720e-05
8.43612962e+01 6.45909279e-02 -9.06569699e-03 -4.94416924e-02 6.44153924e-05 3.43899014e-04 1.95194674e-05
8.70672056e+01 6.16705035e-02 -1.39448632e-03 -5.31254705e-02 8.18697070e-05 2.33957523e-04 7.30142690e-05
8.97734853e+01 6.29495504e-02 5.13993825e-03 -5.67215828e-02 7.67977945e-05 2.52379325e-04 9.67749888e-05
9.24809884e+01 5.74516707e-02 9.58125199e-03 -6.42934106e-02 2.15899520e-05 1.70145299e-04 8.81914253e-05
9.51682900e+01 6.23612145e-02 9.66728181e-03 -6.57138690e-02 3.08699363e-05 2.27274010e-04 2.91054107e-05
9.78587587e+01 6.81833229e-02 4.85742272e-03 -6.86551445e-02 6.49865026e-05 2.76728816e-04 1.04463179e-04
1.00560931e+02 6.48349153e-02 -2.37750707e-03 -7.11464810e-02 2.99011809e-05 2.03771811e-04 5.40606282e-05
1.03253899e+02 5.46964720e-02 -1.55739792e-03 -7.62342248e-02 1.03582793e-04 3.79810989e-04 3.27662337e-05
1.05952524e+02 6.16545906e-02 -4.03103487e-03 -7.03487106e-02 3.00476566e-05 2.12604021e-04 1.55311661e-04
1.08660352e+02 6.82087751e-02 -2.96593743e-03 -5.78697478e-02 1.60365545e-05 3.05026559e-04 2.31265876e-05
1.11363446e+02 7.33978840e-02 -4.36247178e-03 -4.72076880e-02 1.34825860e-04 2.48975142e-04 4.95535862e-05
1.14062743e+02 6.58714276e-02 -2.51768462e-03 -4.65701609e-02 4.32791047e-05 2.29160791e-04 1.08188629e-04
1.16759931e+02 6.28921044e-02 -2.72004324e-03 -4.79772460e-02 1.23622895e-04 2.11285781e-04 2.29081929e-05
1.19449743e+02 6.40253256e-02 -8.69211133e-03 -4.70578485e-02 6.65436362e-05 1.91430896e-04 3.88698324e-05
1.22145587e+02 6.83865174e-02 -1.27609431e-02 -3.53107354e-02 1.96995117e-05 2.15725236e-04 1.44112582e-04
1.24848181e+02 7.27335939e-02 -2.43983061e-02 -3.13123745e-02 3.12933342e-05 2.52155060e-04 5.74496193e-05
1.27538134e+02 7.67865214e-02 -2.16720158e-02 -1.56690652e-02 6.86041125e-05 1.62192877e-04 3.65502020e-05
1.30239712e+02 8.41983177e-02 -1.73311395e-02 7.73916740e-03 9.31147971e-05 5.17685362e-05 6.84047999e-05
1.32940509e+02 7.39099994e-02 -2.00734014e-02 3.35087647e-02 1.12868181e-04 1.20639405e-04 6.26979381e-05
1.35638259e+02 6.25316210e-02 -1.54268391e-02 5.69278444e-02 3.23676657e-05 1.10609462e-04 2.90715095e-05
1.38344024e+02 5.68884652e-02 -1.63488740e-02 7.50015777e-02 3.89529477e-05 2.20052081e-04 7.80399858e-05
1.41042274e+02 5.50949486e-02 -1.68784055e-02 7.73698864e-02 6.29796339e-05 6.76559250e-05 5.87077358e-05
1.43738509e+02 5.37589503e-02 -1.37525670e-02 7.47509913e-02 4.20686105e-05 8.29461606e-05 4.74131911e-05
1.46439321e+02 5.17125790e-02 -6.86387720e-03 7.42331712e-02 7.51613640e-05 2.70911235e-04 1.17094568e-04
1.49146337e+02 5.34702607e-02 -8.81792217e-03 6.87225565e-02 3.12280178e-05 4.46107606e-04 9.86377751e-05
1.51848102e+02 4.88720178e-02 -1.15514480e-02 7.09785019e-02 5.70296720e-05 4.88695211e-04 1.02387359e-04
1.54540290e+02 4.33447918e-02 -7.69347255e-03 7.21783132e-02 6.00541543e-05 7.26744263e-04 3.71106979e-05
1.57235634e+02 3.47218548e-02 -8.49117850e-03 7.07218575e-02 6.46888967e-05 6.54109202e-04 3.90457014e-05
1.59950712e+02 3.98987730e-02 -9.38714528e-03 6.83987808e-02 2.12333756e-05 4.80462153e-04 3.22499192e-05
1.62650321e+02 5.19574579e-02 -6.39200363e-03 7.33933973e-02 1.26240983e-04 4.95605042e-04 7.81831348e-05
1.65356712e+02 7.03171293e-02 -9.67817940e-03 7.36643229e-02 7.46778750e-05 5.73379449e-04 1.05643618e-04
1.68053243e+02 7.24161733e-02 -8.96296067e-03 6.78784654e-02 7.52226341e-05 3.53097678e-04 2.82509891e-05
1.70752477e+02 6.35541162e-02 -1.38890745e-02 6.50524000e-02 6.36000499e-05 4.23729555e-04 5.08024267e-05
1.73445884e+02 5.22536330e-02 -9.44764655e-03 5.64471793e-02 1.93032140e-05 3.85794871e-04 3.59342058e-05
1.76147587e+02 5.46432625e-02 -8.69308050e-03 5.59007447e-02 3.97128197e-05 6.32186570e-04 2.08700626e-05
1.78855165e+02 5.67314959e-02 -4.99942420e-03 6.11346642e-02 4.21623115e-05 4.86882000e-04 1.25864479e-04
1.81558931e+02 5.41019274e-02 5.61620026e-03 6.86477335e-02 2.34843803e-05 4.08573728e-04 8.78748609e-05
1.84256384e+02 5.54658189e-02 7.49180110e-03 6.97049350e-02 9.85013942e-05 3.26734442e-04 5.79544697e-05
1.86952821e+02 6.32167156e-02 6.47349217e-03 6.85412195e-02 3.83400963e-05 4.72398984e-04 3.76074383e-05
1.89654696e+02 6.60131219e-02 8.30293643e-03 6.22227039e-02 5.93909814e-05 8.01595777e-05 4.49988098e-05
1.92351915e+02 6.26861162e-02 8.78917700e-03 6.68873753e-02 1.01566929e-04 1.50049476e-04 3.10965919e-05
1.95054102e+02 5.55484194e-02 7.28694315e-03 6.87511619e-02 5.47336028e-05 4.21070100e-05 1.19138988e-04
1.97760493e+02 6.03119436e-02 1.22911604e-03 6.76157205e-02 3.74543074e-05 1.11109879e-04 8.30272709e-05
2.00463540e+02 6.30082149e-02 2.92523594e-04 6.96693654e-02 1.02596138e-04 4.82671682e-05 4.63192011e-05
2.03162665e+02 6.56773515e-02 3.51683327e-03 6.37233505e-02 3.03764699e-05 6.07374969e-05 4.48961073e-05
2.05869149e+02 7.53982980e-02 8.40712978e-03 5.92251457e-02 1.01957917e-04 1.09224517e-04 4.03395034e-05
2.08556149e+02 6.44478273e-02 7.88435568e-03 6.00303597e-02 1.04059235e-05 1.10923595e-04 3.44815873e-05
2.11251181e+02 5.95065794e-02 8.76927574e-03 6.35814413e-02 1.59993917e-05 2.51894551e-04 2.99433248e-05
2.13955056e+02 5.66861985e-02 1.40548416e-02 6.66895855e-02 6.53041217e-05 1.48011287e-04 1.97096667e-05
2.16659181e+02 6.71629955e-02 1.00455939e-02 6.74380497e-02 1.88621397e-05 1.80248461e-04 1.31962216e-04
2.19361181e+02 6.26671087e-02 6.93555425e-03 6.92342130e-02 1.64605436e-05 2.40544520e-04 6.95654046e-06
2.22054634e+02 6.20330059e-02 4.82790027e-03 7.06306784e-02 6.16487794e-05 3.49412742e-04 1.83279901e-05
2.24750852e+02 6.01654890e-02 5.42301929e-03 6.81990635e-02 2.53653823e-05 1.96363603e-04 3.94371616e-05
2.27455946e+02 5.94544916e-02 -2.88701891e-03 6.04563615e-02 5.83370212e-05 1.91974466e-04 7.69186931e-05
2.30157149e+02 6.04948178e-02 -3.91561310e-03 6.33943683e-02 5.81082634e-05 1.54888687e-04 5.05934017e-05
2.32852415e+02 6.71181346e-02 -4.58674867e-03 6.14096890e-02 6.25320369e-05 1.65441584e-04 9.36774147e-05
2.35552243e+02 6.58836533e-02 -8.76566701e-03 6.81520084e-02 4.28668350e-05 7.62551718e-05 2.96145941e-05
2.38251931e+02 6.37355545e-02 -1.15010472e-02 6.93275812e-02 8.17037120e-06 4.14967407e-05 1.91549858e-05
2.40960493e+02 6.53888784e-02 -1.50395783e-02 7.13722018e-02 1.91109022e-05 4.08327670e-05 2.65745380e-05
2.43660134e+02 5.43986652e-02 -1.05880409e-02 6.84731645e-02 1.43150857e-05 6.13560733e-05 3.58113355e-05
2.46368743e+02 5.71455178e-02 -5.62549288e-03 6.54228171e-02 3.59788572e-05 2.48211852e-04 5.02510094e-05
2.49064915e+02 5.88397257e-02 -5.05597008e-03 5.94812579e-02 8.74431843e-05 2.52840357e-04 1.11460228e-04
2.51780040e+02 5.73950409e-02 -8.75587818e-03 5.54431998e-02 7.30554204e-05 2.17130754e-04 1.05303918e-04
2.54489352e+02 6.07779067e-02 -1.12864001e-02 5.46191835e-02 7.85971483e-05 2.01564621e-04 1.73925101e-04
2.57197493e+02 6.58528364e-02 -1.58190952e-02 5.50643483e-02 5.89549146e-05 1.68073772e-04 5.37354150e-05
2.59897040e+02 7.18303674e-02 -1.45862308e-02 5.72597383e-02 2.50155093e-05 8.91688695e-05 4.80081735e-05
2.62591462e+02 7.35488379e-02 -1.34438797e-02 5.19963973e-02 6.25456775e-05 1.37343330e-04 7.43080300e-05
2.65279915e+02 6.93317890e-02 -1.19663446e-02 1.81227153e-02 6.20226765e-05 8.22110204e-05 8.88427947e-05
2.67969435e+02 7.04367022e-02 -9.69165897e-03 -1.53461849e-02 2.79231890e-05 1.96294257e-04 5.40648853e-05
