6.65666924e-01 7.53999037e-02 7.30093682e-04 9.48607073e-03 5.04025117e-05 8.76144440e-05 5.91376496e-06
3.35756038e+00 7.55427744e-02 5.10612361e-03 -9.94336125e-04 3.03191764e-05 8.02043012e-05 1.20941748e-05
6.05884538e+00 6.68579364e-02 1.09323945e-02 -2.66258499e-02 5.78540200e-05 7.79429240e-05 6.43622498e-05
8.75441179e+00 5.50414669e-02 6.83568582e-03 -4.59994737e-02 3.21079577e-05 8.42443262e-05 1.01750098e-04
1.14618063e+01 4.75017250e-02 6.55881126e-03 -6.63966145e-02 4.35918323e-05 1.10648077e-04 6.08635091e-05
1.41711782e+01 5.11434408e-02 8.23621769e-03 -7.28520239e-02 8.63491684e-06 3.04536133e-05 4.46537893e-05
1.68696157e+01 6.07954559e-02 4.57024154e-03 -6.56751060e-02 1.38221994e-04 2.53399288e-05 7.20816453e-05
1.95768860e+01 6.08179506e-02 1.20732380e-02 -6.12253649e-02 5.43473175e-05 1.44215388e-04 4.01579829e-05
2.22782391e+01 6.03568212e-02 9.74002843e-03 -5.70082601e-02 2.75426615e-05 6.12420268e-05 5.06115271e-05
2.49778423e+01 6.22092173e-02 4.67623626e-03 -5.62321813e-02 5.24645290e-05 4.28689449e-05 2.65288518e-05
2.76857141e+01 6.31381616e-02 5.24957824e-03 -6.23744296e-02 2.36518323e-05 8.21753032e-05 1.11428536e-04
3.03841235e+01 6.03397663e-02 4.62690070e-03 -6.87739544e-02 3.96814202e-05 5.43024210e-05 5.03740252e-05
3.30892329e+01 5.84388269e-02 4.02058433e-03 -6.70249887e-02 7.58885562e-05 1.05288204e-04 2.70146349e-05
3.57878360e+01 5.92815343e-02 -2.29909022e-03 -5.82097111e-02 6.59764938e-05 3.29338389e-04 4.36617518e-05
3.84992907e+01 5.39779463e-02 1.25165113e-03 -5.73864419e-02 3.24199171e-05 5.37788074e-04 2.80311407e-05
4.11939969e+01 5.25160647e-02 -3.59683992e-03 -5.87710492e-02 9.20164423e-05 7.28143534e-04 2.88113029e-05
4.38938454e+01 5.57460393e-02 -4.71281715e-03 -5.80118243e-02 8.07068560e-05 3.35574279e-04 6.79586828e-05
4.65821938e+01 6.28842097e-02 -1.00904385e-02 -6.46139388e-02 4.31422975e-05 1.15826336e-04 1.05498206e-04
4.92780548e+01 5.64538387e-02 -6.85242206e-03 -6.00948376e-02 9.49948916e-05 1.45016349e-04 1.47236215e-05
5.19632719e+01 6.11424007e-02 -1.03496910e-02 -5.39552534e-02 2.57949463e-05 5.68310338e-05 5.59104240e-05
5.46670688e+01 6.73217842e-02 -8.52285413e-03 -5.38128692e-02 6.41880074e-05 2.21785650e-05 6.01776792e-05
5.73610063e+01 6.98279030e-02 -4.26406437e-03 -6.15377615e-02 9.92040792e-05 7.71714972e-05 3.19161381e-05
6.00651485e+01 6.78370097e-02 -1.72884045e-03 -6.55423491e-02 4.28289768e-05 7.05670948e-05 4.48481198e-05
6.27674610e+01 6.51912401e-02 -1.22823975e-03 -6.74459755e-02 5.85787962e-05 1.36262044e-04 6.91677220e-05
6.54742157e+01 6.63456126e-02 3.00983715e-03 -6.78409262e-02 5.36724396e-05 1.55441202e-04 3.00554545e-05
6.81751704e+01 6.61492921e-02 -5.50197297e-04 -7.31941932e-02 2.29252954e-05 3.89258942e-04 6.84117859e-05
7.08758876e+01 6.36025789e-02 -3.71901040e-03 -6.83865632e-02 5.88474395e-05 3.94549326e-04 3.85704428e-05
7.35865094e+01 6.58302993e-02 -3.32920752e-03 -6.32776380e-02 5.10266569e-05 3.18705537e-04 6.91510034e-05
7.62863438e+01 6.72922646e-02 -8.75813119e-03 -6.74277640e-02 9.28434903e-05 1.66459937e-04 4.28965170e-05
7.89918313e+01 6.13280340e-02 -1.25045148e-02 -6.74289276e-02 1.14746465e-04 2.35690123e-04 1.06873258e-04
8.16895001e+01 6.57214088e-02 -5.58954734e-03 -6.89620172e-02 2.95561954e-05 1.58057872e-04 4.01430691e-05
8.43851282e+01 6.46644779e-02 -9.20507231e-04 -6.80084802e-02 4.36363866e-05 6.42878676e-05 5.04295829e-05
8.70840141e+01 6.78503045e-02 2.52459970e-03 -6.37547736e-02 5.70218448e-05 8.46977356e-05 8.72858997e-05
8.97826219e+01 6.81362492e-02 1.58884407e-03 -5.87374976e-02 3.20918081e-05 6.80742263e-05 1.01222311e-04
9.24793298e+01 6.68927334e-02 -1.94704560e-03 -5.83363826e-02 2.76530570e-05 1.96940032e-04 1.15136494e-04
9.51769673e+01 6.94255060e-02 -5.79984545e-03 -5.27857295e-02 4.08208171e-05 4.42444898e-04 4.42164834e-05
9.78656532e+01 6.96649345e-02 -5.67939809e-03 -5.68361888e-02 1.58504069e-04 4.34520158e-04 2.99235750e-05
1.00566231e+02 6.20164148e-02 -3.50581280e-03 -6.00659577e-02 2.91358681e-05 5.46304411e-04 8.65734558e-05
1.03266356e+02 5.88531822e-02 -2.34764723e-03 -5.82594307e-02 1.67311485e-04 6.19309288e-04 8.53072008e-05
1.05973997e+02 6.97382035e-02 -5.07417671e-04 -5.53007365e-02 8.92110722e-05 2.81094006e-04 2.53726032e-05
1.08677856e+02 6.85080617e-02 -7.16007175e-04 -5.95892402e-02 2.21930586e-05 3.19407220e-04 3.97548142e-05
1.11379247e+02 6.76626838e-02 -2.16371276e-05 -5.31283872e-02 6.59834583e-05 1.77431484e-04 6.31283181e-05
1.14081653e+02 5.93277506e-02 -9.49232999e-04 -4.89277513e-02 1.69799108e-05 5.15625047e-04 1.13851859e-04
1.16775559e+02 6.17343353e-02 2.66294932e-03 -4.17148689e-02 3.02400009e-05 3.39602762e-04 8.85502931e-05
1.19472138e+02 7.84831256e-02 1.26641452e-03 -3.20341152e-02 4.82032093e-05 7.80561461e-04 8.34938208e-05
1.22158278e+02 9.17200283e-02 -2.62356705e-04 -1.69842948e-02 4.03557047e-05 2.35694361e-04 2.56566131e-05
1.24861888e+02 9.12805166e-02 -4.02898372e-03 -8.37944114e-03 7.20975121e-05 9.95863861e-05 5.32539897e-05
1.27557888e+02 7.68570584e-02 -9.81618293e-05 1.46420231e-02 2.13021618e-05 1.57704547e-04 3.70077756e-05
1.30253919e+02 6.96523500e-02 -2.19325836e-03 3.41967635e-02 4.02314188e-05 1.42225486e-04 3.34713251e-05
1.32953481e+02 7.03678050e-02 1.97021081e-03 4.59987718e-02 2.96827891e-05 1.22991908e-04 9.80226924e-05
1.35637809e+02 6.48365844e-02 -3.93231293e-03 5.99894776e-02 5.85159725e-05 6.23194434e-05 6.20384934e-05
1.38335809e+02 6.33047300e-02 -1.65317669e-03 6.72972703e-02 6.63576105e-05 1.08141410e-04 5.17191708e-05
1.41039122e+02 5.80794068e-02 -1.74729630e-03 6.97948769e-02 1.07415918e-04 9.90237410e-05 6.85488523e-05
1.43737247e+02 4.67966320e-02 9.95917905e-05 6.16089286e-02 6.02842867e-05 9.57260151e-05 2.22104997e-05
1.46448575e+02 3.61875087e-02 -1.21261030e-02 7.39959369e-02 6.64187418e-05 1.97873846e-04 5.96389209e-05
1.49151481e+02 3.87327132e-02 -1.83210435e-02 7.64513917e-02 6.58294115e-05 4.64534636e-05 3.81018505e-05
1.51858434e+02 5.24508922e-02 -1.50001297e-02 7.19171206e-02 2.23068328e-05 1.90864345e-04 4.46616342e-05
1.54556122e+02 5.63365116e-02 -1.71989822e-02 6.84633562e-02 2.83631704e-05 1.52871393e-04 2.98053498e-05
1.57245903e+02 5.73642978e-02 -1.02946365e-02 6.67221829e-02 4.13286766e-05 1.51624959e-04 4.29461249e-05
1.59940434e+02 5.37288996e-02 -1.12170927e-02 6.92679642e-02 1.62092250e-05 1.39150500e-04 5.85162767e-05
1.62634169e+02 5.90258638e-02 -6.69367286e-03 7.33640058e-02 3.35805750e-05 4.01683362e-04 5.48580460e-05
1.65338684e+02 6.13775890e-02 -6.73935318e-03 7.02892577e-02 8.51690529e-05 1.21545446e-04 2.79583864e-05
1.68040903e+02 5.02982702e-02 3.16219409e-03 7.63645884e-02 4.06869030e-05 2.17485041e-04 4.24712935e-05
1.70740794e+02 4.28880497e-02 1.38920978e-03 7.38218445e-02 4.27228682e-05 5.33696115e-05 4.66733017e-05
1.73447638e+02 4.80058410e-02 -2.36137554e-03 7.22276406e-02 6.87168418e-05 5.08153950e-05 1.08268945e-04
1.76156450e+02 4.85488904e-02 -7.74707058e-04 6.60830134e-02 2.01161569e-04 8.40765665e-05 6.46133578e-05
1.78858200e+02 5.13832246e-02 -1.92444966e-03 6.74898284e-02 1.01882783e-04 5.49845834e-05 5.88840487e-05
1.81554028e+02 5.88180912e-02 3.63277138e-03 6.40773118e-02 5.11696360e-05 9.79819815e-05 6.12692376e-05
1.84255575e+02 7.15457868e-02 6.71735967e-03 5.90412945e-02 2.80755058e-05 7.69071652e-05 3.22861280e-05
1.86948763e+02 6.63183181e-02 1.19212933e-02 5.59712020e-02 3.15583434e-05 2.03344784e-04 5.90640352e-05
1.89648731e+02 7.16399174e-02 1.14428911e-02 5.00019988e-02 7.59538084e-05 1.55203141e-04 3.59393119e-05
1.92342763e+02 7.20901468e-02 2.40448284e-03 5.00948901e-02 3.68247718e-05 3.41154322e-04 7.14407118e-05
1.95048388e+02 6.54886316e-02 1.05989238e-03 5.50231142e-02 8.88623357e-05 2.07846056e-04 7.37077655e-05
1.97752200e+02 5.18741006e-02 1.12892135e-03 6.63741521e-02 9.06293333e-05 3.65100481e-04 3.39631337e-05
2.00461356e+02 4.51486478e-02 -2.08144675e-03 6.61476863e-02 6.81051946e-05 1.90982995e-04 2.41842164e-05
2.03166372e+02 4.87774753e-02 7.62188531e-04 6.60053296e-02 3.22261332e-05 3.57380320e-04 3.18285785e-05
2.05865481e+02 4.68812088e-02 5.34672351e-03 6.17423702e-02 6.88257698e-05 9.24996966e-05 3.63117092e-05
2.08572247e+02 4.93441393e-02 1.59094284e-02 6.36573559e-02 7.68986711e-05 2.05443865e-04 1.18294653e-05
2.11280044e+02 5.73098818e-02 6.33233799e-03 6.89160049e-02 4.53320064e-05 3.09473410e-04 5.85682684e-05
2.13985278e+02 5.99967175e-02 4.10506205e-04 7.09586184e-02 2.97649922e-05 1.61333679e-04 5.71220155e-05
2.16686122e+02 6.78892552e-02 -5.03358800e-03 6.53072270e-02 9.50299129e-05 1.65436884e-04 5.59091438e-05
2.19387544e+02 6.28791778e-02 1.23176616e-03 5.49685104e-02 3.06256559e-05 1.36638808e-04 6.27065564e-05
2.22088825e+02 6.59349594e-02 -3.79544461e-04 5.11692538e-02 7.19229820e-05 1.81731903e-04 6.65347762e-05
2.24781981e+02 6.84871833e-02 1.77469264e-04 4.97630477e-02 5.51311799e-05 1.89692878e-04 3.09598940e-05
2.27477356e+02 7.44576618e-02 -1.71337880e-04 4.92178215e-02 7.38225106e-05 1.01023795e-04 7.63461944e-05
2.30168059e+02 7.20117131e-02 -2.54655389e-03 5.48199351e-02 1.46672501e-05 5.54862555e-05 8.58257750e-05
2.32865169e+02 6.52968173e-02 -2.67582397e-03 6.52873440e-02 3.51869166e-05 2.14020155e-04 5.89298053e-05
2.35569872e+02 5.12520469e-02 -3.72654565e-03 8.20040238e-02 8.31861889e-05 2.57021008e-04 6.56762739e-05
2.38269903e+02 5.02885084e-02 1.88186167e-03 8.53404654e-02 3.53383809e-05 4.21018403e-04 6.29655527e-05
2.40968450e+02 6.18889596e-02 6.26560191e-03 8.35007510e-02 4.20167431e-05 1.33538246e-04 3.83121015e-05
2.43666325e+02 6.43424438e-02 9.90416077e-03 6.48055310e-02 1.52392184e-05 8.21295065e-05 5.24687598e-05
2.46370794e+02 6.69205715e-02 4.63209247e-03 5.22390915e-02 2.30805704e-05 6.66579210e-05 3.71797072e-05
2.49072184e+02 5.82217512e-02 3.79994729e-03 5.48823136e-02 6.78245379e-05 2.18039853e-04 6.53980003e-05
2.51769419e+02 6.07779648e-02 -6.46607319e-03 5.43673036e-02 9.35758247e-05 2.03955723e-04 4.41184520e-05
2.54468731e+02 6.78902516e-02 -6.74146800e-03 5.39052366e-02 3.17469114e-05 3.59227339e-04 3.92071603e-05
2.57168263e+02 6.20631787e-02 -8.80448930e-03 5.41129492e-02 4.78866769e-05 3.93156002e-04 7.33371462e-05
2.59874559e+02 6.56364719e-02 -1.18590980e-02 5.60604236e-02 1.86813115e-05 8.04675763e-04 2.54696184e-05
2.62565716e+02 6.99096632e-02 -1.34115528e-02 4.83907228e-02 1.53510539e-04 7.63508647e-04 3.72685256e-05
2.65251653e+02 7.64813877e-02 -7.03995662e-03 3.57373672e-02 1.56012204e-04 3.35389475e-04 1.57648341e-04
2.67945893e+02 7.67859756e-02 -3.81732389e-03 1.86793666e-02 1.32645645e-04 2.57709156e-04 1.38265494e-04
