6.96916610e-01 8.49420810e-02 -3.69190197e-03 8.71050023e-03 3.75423968e-05 1.70184421e-04 1.17393804e-04
3.39560106e+00 7.89246273e-02 -2.80556529e-03 -3.43623736e-03 8.09800066e-05 1.66242046e-04 9.44112057e-05
6.08841450e+00 7.59222496e-02 1.48656793e-03 -2.73604557e-02 8.28536715e-05 2.11669824e-04 6.95206285e-05
8.78831887e+00 7.22963773e-02 2.52413708e-03 -4.71885924e-02 1.96847738e-05 7.42229916e-05 1.19817898e-05
1.14863768e+01 7.39737281e-02 1.84720479e-03 -4.76230971e-02 2.69936696e-05 9.96123777e-05 2.10704885e-05
1.41815534e+01 7.24313297e-02 2.68464440e-03 -4.68644161e-02 2.91221891e-05 7.87949189e-05 7.61490731e-05
1.68835237e+01 7.35463080e-02 8.98461594e-03 -5.33742001e-02 3.66319447e-05 4.07867184e-05 4.95712727e-05
1.95738925e+01 6.50096823e-02 7.84320106e-03 -6.22965435e-02 4.74889784e-05 9.19704020e-05 2.87827073e-05
2.22734065e+01 5.24029829e-02 3.48917581e-03 -6.12541366e-02 1.02057596e-04 9.79689974e-05 8.59617681e-05
2.49786362e+01 5.03124697e-02 7.14207572e-03 -5.24856552e-02 1.33566104e-04 2.46442597e-04 2.01067866e-05
2.76781690e+01 6.64112801e-02 9.63206698e-03 -5.04444570e-02 3.00535234e-05 1.24270556e-04 2.55545976e-05
3.03661597e+01 7.58905201e-02 1.24856307e-02 -4.96452735e-02 6.33817119e-05 1.17345773e-04 2.66107772e-05
3.30619597e+01 6.63980563e-02 4.98622136e-03 -5.69941376e-02 7.86305957e-06 5.34502654e-05 7.36306216e-05
3.57723128e+01 5.39240729e-02 1.01891931e-02 -6.24739644e-02 6.09355199e-05 4.66658252e-05 7.31103212e-05
3.84739534e+01 5.77567984e-02 3.95924312e-03 -6.36770541e-02 5.66525127e-05 8.66657087e-05 6.85407787e-05
4.11775612e+01 6.35635496e-02 -2.57339097e-03 -6.26949702e-02 3.32662904e-05 1.94289890e-04 3.09618632e-05
4.38764690e+01 6.36639468e-02 -4.13824495e-04 -5.99548751e-02 1.98299663e-05 1.73277817e-04 4.80253213e-05
4.65708956e+01 6.92902509e-02 -5.55680989e-03 -5.64319914e-02 1.28855994e-04 2.01862786e-04 2.70448423e-05
4.92671862e+01 7.27123834e-02 -2.06454705e-03 -5.63958726e-02 4.16204862e-05 3.14962019e-04 7.66493834e-05
5.19719222e+01 6.99010273e-02 7.76311207e-03 -5.54912404e-02 3.35642940e-05 1.14000068e-04 5.94600706e-05
5.46679878e+01 6.45580466e-02 8.23482227e-03 -5.92117769e-02 9.38465450e-05 8.36295154e-05 5.84769787e-05
5.73707659e+01 6.51213671e-02 5.51046013e-03 -6.31849943e-02 7.18346195e-05 1.85391688e-04 2.80832626e-05
6.00772565e+01 6.95054776e-02 -3.45149053e-04 -6.20709384e-02 5.86277372e-05 2.02786108e-04 8.16426800e-05
6.27790206e+01 6.70950659e-02 -1.08877273e-03 -5.65760571e-02 8.18734392e-05 3.17098739e-04 2.94871484e-05
6.54847721e+01 7.01156580e-02 -8.22459283e-03 -5.28495980e-02 6.12758432e-05 2.28572401e-04 6.28547564e-05
6.81855862e+01 7.24252158e-02 -1.06031779e-02 -4.87153871e-02 1.87450847e-05 2.06389329e-04 1.69800244e-05
7.08884956e+01 7.31571655e-02 -1.44833179e-02 -4.73393916e-02 2.20850446e-05 2.30551370e-04 1.01840985e-04
7.35924175e+01 7.13090438e-02 -1.11945127e-02 -4.76126995e-02 5.04902838e-05 9.66273795e-05 5.06855173e-05
7.62819018e+01 6.20648683e-02 -1.28187990e-02 -4.81591291e-02 7.24365814e-05 1.22035178e-04 7.61805067e-05
7.89850925e+01 5.98163360e-02 -1.37166145e-02 -5.13415155e-02 7.56068867e-05 3.38455371e-04 2.24530852e-05
8.16797534e+01 6.03754355e-02 -1.30681158e-02 -4.93957057e-02 2.23772269e-05 2.35778856e-04 1.11518448e-04
8.43670300e+01 6.63239142e-02 -9.36167252e-03 -5.41341555e-02 1.38273656e-05 2.25207212e-04 4.01525779e-05
8.70614768e+01 6.90916179e-02 -4.12661076e-03 -5.87094870e-02 3.02692846e-05 3.46682347e-04 3.95557196e-05
8.97652628e+01 6.55162838e-02 2.10935906e-03 -6.43713506e-02 5.23620100e-05 4.53798774e-04 6.08168009e-05
9.24681003e+01 7.02514008e-02 2.01532309e-03 -5.58093993e-02 5.75440998e-05 5.96072583e-04 6.79927314e-05
9.51708737e+01 7.66194403e-02 4.87225096e-03 -4.67392449e-02 5.66044434e-05 5.97907459e-04 7.15745219e-05
9.78705050e+01 7.46683290e-02 9.38787928e-03 -4.60154439e-02 7.39022278e-05 6.13737778e-04 3.34672790e-05
1.00573994e+02 6.30209948e-02 8.85249252e-04 -4.80700789e-02 5.69580464e-05 6.00265398e-04 5.42852659e-05
1.03276760e+02 5.54056207e-02 1.21298506e-03 -5.97424571e-02 6.49032057e-05 7.80182057e-04 3.91199045e-05
1.05972088e+02 5.44260180e-02 -2.57286161e-03 -6.39072624e-02 1.04730363e-04 8.69690931e-04 4.79566071e-05
1.08674135e+02 5.99923477e-02 -3.86567215e-03 -5.86020875e-02 1.25554270e-04 7.84946686e-04 1.43972400e-04
1.11381260e+02 6.75978806e-02 1.26232137e-04 -5.16536361e-02 1.33582137e-04 5.93533405e-04 6.22907934e-05
1.14086807e+02 7.19156961e-02 1.94330225e-03 -5.21004163e-02 1.73586374e-05 3.72158598e-04 1.03590487e-04
1.16788853e+02 7.58226326e-02 2.08733210e-03 -3.47387223e-02 4.81583969e-05 2.09890877e-04 4.70685834e-05
1.19484260e+02 8.46755508e-02 2.13069459e-03 -2.74361810e-02 3.75253331e-05 1.21367761e-04 3.55843047e-05
1.22186494e+02 8.42747305e-02 -3.14548452e-03 -1.32954653e-02 4.60862605e-05 6.81281685e-05 5.43480201e-05
1.24881650e+02 8.63098009e-02 7.55616757e-04 1.33475126e-02 5.95909055e-05 6.37647043e-05 9.25592441e-05
1.27582025e+02 9.21263691e-02 5.73525630e-03 3.07191381e-02 3.09865034e-05 1.34293417e-05 3.17512701e-05
1.30276994e+02 8.73192043e-02 4.59156220e-03 4.34466175e-02 1.54776632e-05 3.42364212e-05 8.01355629e-05
1.32965807e+02 7.65349478e-02 4.30948515e-03 4.49692773e-02 5.60560397e-05 7.06946719e-05 5.50798657e-05
1.35669416e+02 7.39810149e-02 3.19617122e-03 4.95333124e-02 1.00588490e-04 3.75328797e-05 2.93231800e-05
1.38373385e+02 6.79530075e-02 6.39521040e-03 4.07398409e-02 5.37753253e-05 2.35647200e-04 2.19807815e-05
1.41074838e+02 6.48266870e-02 4.18316037e-03 3.64630743e-02 9.75913183e-05 4.13994201e-04 9.65299706e-05
1.43775307e+02 6.29659372e-02 2.20176786e-03 4.47375883e-02 7.12865531e-05 4.76588687e-04 2.12068212e-05
1.46466400e+02 5.92478945e-02 7.15312992e-03 5.26717918e-02 4.54174451e-05 2.86203554e-04 4.72794975e-05
1.49168885e+02 6.00074086e-02 7.62656100e-03 5.70032109e-02 4.08155752e-05 3.26671186e-04 2.88806828e-05
1.51865822e+02 6.62447512e-02 5.19445435e-03 5.59680599e-02 5.28036405e-05 1.48198827e-04 1.94510377e-05
1.54559869e+02 6.93475852e-02 4.30501547e-03 5.90251657e-02 2.85433467e-05 1.71267701e-04 1.05414774e-04
1.57260932e+02 6.46989702e-02 4.72773632e-03 5.21534418e-02 2.92785498e-05 1.74592090e-04 1.45781558e-05
1.59958385e+02 6.53186987e-02 1.06984463e-03 4.84429228e-02 3.92186495e-05 5.34387922e-05 4.40692935e-05
1.62661166e+02 5.88459239e-02 -1.32657048e-03 4.97867386e-02 2.51065285e-05 1.96319213e-04 1.56465537e-04
1.65361869e+02 5.09643813e-02 2.05396008e-03 5.88641845e-02 3.83413896e-05 9.19831971e-05 2.68349856e-05
1.68060291e+02 4.62533357e-02 -2.24346084e-03 5.86820419e-02 5.84604259e-05 1.69037132e-04 4.68830745e-05
1.70757010e+02 5.27492636e-02 5.90697555e-03 6.64035057e-02 9.89739921e-06 1.60267585e-04 1.61032902e-05
1.73463197e+02 4.60504057e-02 4.95494033e-03 6.55983724e-02 9.69059521e-05 6.32238144e-05 2.50832970e-05
1.76169525e+02 5.66416674e-02 5.59443401e-03 7.22642068e-02 8.23670292e-05 9.12218180e-05 1.53498259e-04
1.78872635e+02 6.42210527e-02 7.14844239e-03 6.51603337e-02 1.55436663e-04 4.27652335e-05 5.77052608e-05
1.81570885e+02 6.76765920e-02 6.68415391e-03 6.40419041e-02 3.40046783e-05 2.79712892e-04 1.11695969e-04
1.84270650e+02 6.91211820e-02 6.85093983e-03 5.72929531e-02 3.64182210e-05 1.43376822e-04 6.33789387e-05
1.86970353e+02 7.58844862e-02 2.77003838e-04 5.27306867e-02 6.24160967e-05 3.08156912e-04 6.50255522e-05
1.89665119e+02 7.90659257e-02 -3.91494991e-03 4.59983576e-02 4.91061264e-05 1.46956529e-04 2.69844732e-05
1.92362978e+02 6.48813391e-02 -4.90679913e-03 5.36028189e-02 4.99871956e-05 1.23164048e-04 1.05236226e-05
1.95054994e+02 5.44398468e-02 -5.98081719e-04 5.71527349e-02 4.05246785e-05 1.38474420e-04 1.54763592e-05
1.97756182e+02 4.80106420e-02 -3.96418545e-03 5.96232631e-02 7.99002963e-05 3.36807703e-05 2.62221531e-05
2.00450572e+02 4.85051218e-02 -4.09534814e-03 6.00382474e-02 1.48587425e-04 4.80568324e-05 3.59721818e-05
2.03145088e+02 5.79281079e-02 -1.46606423e-03 5.55948698e-02 3.09440189e-05 1.95890726e-04 6.59456211e-05
2.05845838e+02 6.09433465e-02 5.55851698e-03 6.21734858e-02 7.15734847e-05 1.31775151e-04 8.30877038e-05
2.08544932e+02 5.64863774e-02 3.49751787e-03 6.53196808e-02 1.86533813e-05 1.15110515e-04 5.61186771e-05
2.11243244e+02 5.57970377e-02 5.55989691e-03 6.83038848e-02 5.55896252e-05 6.41164540e-05 4.73644902e-05
2.13947557e+02 6.24674973e-02 8.86026084e-03 6.37852784e-02 4.60480487e-05 9.26167909e-05 6.52585215e-05
2.16653791e+02 6.87365710e-02 5.14709035e-03 6.00012401e-02 6.11894097e-05 2.17669625e-05 2.01811318e-05
2.19354557e+02 7.39472696e-02 -2.14299817e-03 6.02375437e-02 2.30290038e-05 3.61299188e-05 1.02007532e-04
2.22056478e+02 7.09362499e-02 1.75081414e-03 5.43630971e-02 4.26198544e-05 8.56695407e-05 1.17274531e-05
2.24765869e+02 6.82124051e-02 -2.11424534e-03 5.97759668e-02 2.54255443e-05 4.53255189e-05 7.70305012e-05
2.27462728e+02 6.82814183e-02 -4.71250966e-04 5.70936477e-02 3.92624874e-05 7.63547360e-05 5.98367136e-05
2.30157135e+02 6.06923458e-02 -4.60142848e-03 6.70671221e-02 2.94075673e-05 1.07918544e-04 2.71279256e-05
2.32850150e+02 5.58048733e-02 -9.57384545e-04 6.36061445e-02 2.42368196e-05 1.12770989e-04 6.69292795e-05
2.35553541e+02 4.87851799e-02 4.06396290e-04 6.52387458e-02 4.41808964e-05 2.86774159e-04 6.35984960e-05
2.38253963e+02 5.20678526e-02 5.03368580e-03 6.05247014e-02 9.26139959e-05 4.00421584e-04 1.14874248e-04
2.40954541e+02 6.74733375e-02 1.00680850e-02 5.33068002e-02 3.50591572e-05 1.58666927e-04 7.57320550e-05
2.43663369e+02 7.18075126e-02 8.06332169e-03 6.09890429e-02 3.17409757e-05 8.52053221e-05 4.66795836e-05
2.46363791e+02 6.95139842e-02 4.31690026e-03 5.31051970e-02 5.48383351e-05 2.66068246e-05 4.89732795e-05
2.49065572e+02 6.62940471e-02 -3.38058260e-03 4.47265185e-02 4.99365417e-05 1.51497630e-04 2.77115869e-05
2.51765494e+02 6.91736374e-02 2.79078633e-04 4.14068769e-02 5.13124671e-05 2.13280991e-04 1.79904032e-05
2.54475713e+02 6.58194385e-02 6.76628018e-03 5.04665316e-02 8.99195381e-05 2.14868397e-04 4.21804087e-05
2.57179744e+02 7.51268222e-02 3.42542577e-03 5.44920763e-02 5.29636957e-05 2.07777187e-04 3.03501885e-05
2.59888103e+02 7.37784262e-02 -3.41897043e-03 3.53377860e-02 1.65865157e-05 2.22868827e-04 9.98377669e-05
2.62593697e+02 6.90377095e-02 -4.93499235e-03 2.48664155e-02 8.02901992e-05 3.12511389e-04 8.49689011e-05
2.65288478e+02 7.58552253e-02 -5.82447212e-03 2.45173566e-02 4.45368921e-05 1.14860539e-04 2.32398359e-04
2.67988099e+02 8.25199424e-02 -2.77008974e-03 1.43745782e-02 1.09632870e-04 3.47737019e-04 5.90300446e-05
