6.64551875e-01 7.13057005e-02 4.06737202e-04 -1.48683678e-02 2.62015805e-05 2.54829056e-05 1.65164541e-05
3.37088007e+00 6.76191987e-02 1.41471853e-03 -2.79744564e-02 3.15638966e-05 3.23846625e-05 1.14804451e-04
6.06769695e+00 6.57971926e-02 -3.58158888e-03 -4.01168645e-02 6.77384998e-05 9.28662627e-06 5.55959096e-05
8.76149507e+00 6.60629314e-02 -7.56282941e-03 -4.43960557e-02 3.98395756e-05 3.72786924e-05 1.90814652e-05
1.14636902e+01 6.31507607e-02 -1.05705403e-02 -4.90945817e-02 3.05548583e-05 1.22766807e-05 4.76820658e-05
1.41573152e+01 6.11137377e-02 -8.78958046e-03 -5.09419689e-02 1.65200873e-05 5.21392252e-05 1.01198066e-04
1.68483043e+01 5.62400442e-02 -9.01848174e-03 -4.90434818e-02 6.05145011e-05 3.08163049e-05 3.88756244e-05
1.95422137e+01 5.14826074e-02 -2.69419483e-03 -4.62946673e-02 9.05231686e-05 1.43925618e-04 3.80626975e-05
2.22368340e+01 6.02831549e-02 -5.09060494e-03 -4.84010449e-02 2.48295339e-05 8.45423935e-05 8.36613377e-05
2.49377418e+01 5.97789556e-02 3.09106166e-03 -4.80452530e-02 1.04942488e-05 1.25208098e-04 1.60965381e-05
2.76460840e+01 5.47785788e-02 9.75585893e-03 -5.53357375e-02 3.06510524e-05 9.89393687e-05 1.35060185e-05
3.03539699e+01 5.02943659e-02 1.06628359e-02 -5.72466923e-02 2.78148409e-05 5.24556657e-05 4.40360606e-05
3.30641324e+01 4.95572173e-02 9.42276904e-03 -5.49711057e-02 4.08438180e-05 1.46114403e-05 6.54414433e-05
3.57726668e+01 4.70557184e-02 7.43669007e-04 -5.59142281e-02 6.54977696e-05 7.66233418e-05 1.98166284e-05
3.84789902e+01 3.87548637e-02 3.41581756e-03 -5.77718054e-02 5.82595991e-06 9.14320520e-06 9.72141097e-05
4.11828980e+01 3.49943813e-02 -1.60567240e-03 -5.71512822e-02 9.28741483e-05 8.85577250e-05 5.32840728e-05
4.38833840e+01 2.96090898e-02 3.60546780e-04 -6.38565641e-02 3.78519232e-05 7.65399072e-05 3.50954970e-05
4.65834121e+01 2.67247635e-02 -1.27786766e-03 -6.12369157e-02 1.49897893e-04 1.04557360e-04 4.09875147e-05
4.92893965e+01 3.50129057e-02 1.23019098e-03 -6.32426634e-02 5.19636434e-05 1.30808396e-04 4.33185717e-05
5.19891058e+01 4.14304572e-02 4.07109976e-03 -5.86971924e-02 2.86313851e-05 1.33113073e-04 5.55085699e-05
5.46955183e+01 4.29038790e-02 2.40413737e-03 -5.53612566e-02 5.71179383e-05 8.06695035e-05 9.64757268e-06
5.74016090e+01 4.14739555e-02 5.13739982e-03 -6.00690058e-02 5.02599117e-05 5.59197340e-05 6.70536125e-05
6.01081308e+01 4.07198011e-02 5.15437885e-03 -5.94984539e-02 4.96729302e-05 9.85034172e-05 1.35508203e-05
6.28139387e+01 3.75662024e-02 4.77899573e-03 -6.11866923e-02 6.11586397e-05 4.67626179e-05 4.88053596e-05
6.55186184e+01 4.01858584e-02 6.91428551e-03 -6.19631254e-02 1.21317442e-04 9.89721165e-05 4.54154027e-05
6.82221871e+01 4.00019944e-02 2.94792949e-03 -6.14049760e-02 4.34461563e-05 1.93166314e-05 9.42731779e-05
7.09163465e+01 4.34259345e-02 5.07118903e-03 -5.61732316e-02 9.51000055e-05 1.29470218e-04 1.25481623e-04
7.36162496e+01 5.27053249e-02 4.48226795e-03 -5.04070244e-02 1.51374895e-04 9.15246839e-05 1.50729499e-05
7.63073512e+01 5.56150359e-02 1.12251111e-03 -4.66569908e-02 3.24190384e-05 2.11602993e-04 3.92684965e-05
7.90067621e+01 6.01555945e-02 -7.25969357e-05 -4.07322474e-02 2.91727101e-05 7.57077050e-05 4.41950722e-05
8.17093355e+01 5.58213588e-02 -2.63446347e-03 -4.11981721e-02 3.65174170e-05 8.97613444e-05 4.50413329e-05
8.44120918e+01 5.25906170e-02 1.41901868e-03 -5.01243715e-02 5.76656182e-05 1.33365769e-05 9.02739280e-05
8.71114465e+01 5.32540747e-02 3.78177971e-03 -5.08038705e-02 1.12370308e-04 8.74118210e-05 7.82961716e-05
8.98086902e+01 5.28346640e-02 7.95975795e-03 -4.59510275e-02 1.06068776e-05 4.63716057e-05 1.11677092e-04
9.25110434e+01 5.85652262e-02 1.01032323e-02 -3.88317581e-02 9.13659628e-05 9.23262702e-05 3.13429022e-05
9.52195652e+01 6.20772237e-02 1.02547719e-02 -3.39369672e-02 3.79036412e-05 9.00249539e-05 3.07276718e-05
9.79268293e+01 6.15324798e-02 3.86761571e-03 -3.14870694e-02 1.58518333e-05 6.27450259e-05 2.47153697e-05
1.00619965e+02 6.33124492e-02 7.85799475e-03 -3.43779495e-02 8.19129263e-05 1.12834505e-04 4.82356184e-05
1.03321903e+02 5.99159838e-02 3.56584928e-03 -3.31312191e-02 1.03961455e-04 6.65943351e-05 1.23039639e-04
1.06020168e+02 6.39988363e-02 4.23239016e-03 -2.55575840e-02 1.26604726e-04 9.22248471e-05 2.41554963e-05
1.08715543e+02 6.54749628e-02 -1.98192731e-03 -1.76523611e-02 1.86429152e-05 4.90688886e-05 3.25720164e-05
1.11412184e+02 6.34974285e-02 -2.42956148e-03 -2.00887259e-02 4.72591842e-05 1.06924569e-04 3.16477294e-05
1.14110684e+02 5.79349151e-02 -4.28559501e-03 -2.35387594e-02 2.89378251e-05 8.08209537e-05 2.79412960e-05
1.16807512e+02 5.73840088e-02 -1.24275512e-02 -2.75920922e-02 2.12161560e-05 7.04171331e-05 9.42707010e-05
1.19507137e+02 6.02165113e-02 -1.38911975e-02 -2.63364870e-02 7.58956775e-05 6.64139201e-05 5.76559494e-05
1.22205762e+02 6.54996871e-02 -1.32359566e-02 -2.64015126e-02 1.84077912e-05 8.90750355e-05 2.29416712e-05
1.24904309e+02 7.23753926e-02 -8.37144262e-03 -1.39183430e-02 2.43928710e-05 6.64545355e-05 9.07017609e-06
1.27604700e+02 7.70896162e-02 -5.67356777e-03 -1.55116304e-02 5.80134502e-05 1.28051513e-04 2.38876983e-05
1.30300825e+02 7.71772361e-02 -3.01850988e-03 -8.54643634e-03 5.20551380e-05 4.11514852e-05 4.64734554e-05
1.33000309e+02 7.82218374e-02 8.63458024e-04 2.49178838e-03 2.75235627e-05 1.70637083e-05 4.99625728e-05
1.35699981e+02 7.03567800e-02 6.24485333e-04 8.21386342e-03 5.80315619e-05 3.30041954e-05 5.88448064e-05
1.38399262e+02 7.09614934e-02 -2.85552467e-03 2.25337290e-02 4.22660874e-05 3.53421766e-05 2.40366887e-05
1.41096731e+02 7.02798801e-02 -5.78524654e-03 2.71073866e-02 1.88820159e-05 1.02424614e-04 3.17579779e-05
1.43792215e+02 7.08357268e-02 -7.42444051e-03 3.21293315e-02 4.42255447e-05 2.17799125e-05 8.90441241e-05
1.46495903e+02 6.11702734e-02 -6.32928687e-03 4.02224804e-02 6.06290970e-05 1.87624970e-05 7.23222012e-05
1.49188231e+02 5.61863565e-02 -8.33430372e-03 4.90478657e-02 2.71046312e-05 4.82006144e-05 8.86258859e-05
1.51886575e+02 5.19711121e-02 -2.36431020e-03 4.83732870e-02 6.84431100e-05 1.28178176e-04 3.68263942e-05
1.54586262e+02 5.65943631e-02 3.44537688e-03 4.06018707e-02 6.11214395e-05 1.59284108e-04 5.10513196e-05
1.57279793e+02 5.84520060e-02 9.05652482e-04 3.79560642e-02 4.79678695e-05 4.23582716e-05 8.05898105e-05
1.59978606e+02 5.92043761e-02 -6.88142602e-04 3.85224722e-02 2.41148931e-05 1.13814195e-04 9.37139871e-05
1.62687950e+02 5.56337499e-02 4.91794814e-04 4.30337784e-02 1.98291967e-05 1.30340387e-04 6.29864283e-05
1.65392059e+02 4.89195016e-02 2.35922758e-03 5.03341158e-02 8.38595498e-05 1.15458757e-04 7.82966531e-05
1.68101075e+02 3.49772891e-02 4.90827651e-03 4.99883876e-02 5.19687759e-05 8.79444014e-05 9.61259112e-05
1.70803590e+02 3.26582501e-02 3.22326454e-03 4.91247376e-02 2.35268542e-05 1.60732908e-04 2.88190998e-05
1.73516075e+02 3.16248301e-02 -5.18132326e-03 4.85610739e-02 2.05210594e-05 1.23274036e-04 6.76666281e-05
1.76221262e+02 3.82766468e-02 -5.98196375e-03 5.13023930e-02 4.13764359e-05 3.00859973e-04 7.09025534e-05
1.78922856e+02 4.54949019e-02 -4.33465865e-03 4.77533867e-02 2.07294847e-05 8.55973118e-05 4.62745229e-05
1.81624762e+02 4.90868585e-02 -3.21055580e-03 4.34571772e-02 2.96050025e-05 8.15609608e-05 4.33046401e-05
1.84323121e+02 4.36769071e-02 -4.40816889e-04 4.85425189e-02 3.74871409e-05 9.33566976e-05 3.61766548e-05
1.87021950e+02 4.39275043e-02 3.16198877e-03 4.82351961e-02 1.53247376e-05 7.40870985e-05 3.77524608e-05
1.89721793e+02 4.07197123e-02 2.65719110e-03 5.22333022e-02 2.03148662e-05 1.11385500e-04 6.55108144e-05
1.92420528e+02 4.02386450e-02 6.17507722e-03 5.26677603e-02 6.41619847e-05 3.07202293e-05 3.91525504e-05
1.95125559e+02 4.14441191e-02 5.28414550e-03 5.35458217e-02 6.79089549e-05 1.16737816e-04 1.08787116e-05
1.97830965e+02 4.30106826e-02 4.04770964e-03 5.23879966e-02 2.20482224e-05 6.59493155e-05 3.30397635e-05
2.00527840e+02 4.90753990e-02 3.27804429e-03 5.05483698e-02 6.38405328e-05 1.19569991e-04 4.36950106e-05
2.03232637e+02 5.20078883e-02 3.36654182e-03 5.10693512e-02 1.13443328e-04 1.17420288e-04 2.89372942e-05
2.05939543e+02 4.62623427e-02 1.10978605e-03 4.63813554e-02 2.95912370e-05 4.00302937e-05 2.46780261e-05
2.08643387e+02 4.19764758e-02 2.76477796e-03 4.69634187e-02 3.15291543e-05 5.03403682e-05 5.20881786e-05
2.11347012e+02 4.29187825e-02 6.50328046e-03 4.81550825e-02 7.00053183e-06 1.52999649e-04 3.17534488e-05
2.14048184e+02 4.17514929e-02 4.95464455e-03 5.13905581e-02 4.46057721e-05 1.40715427e-04 2.80797019e-05
2.16742090e+02 4.24360505e-02 4.99237701e-03 5.15919270e-02 4.98858816e-05 7.22993106e-05 8.67220524e-05
2.19440856e+02 3.58148910e-02 -2.53758875e-03 4.96160001e-02 1.88903454e-05 9.09574042e-05 2.60942243e-05
2.22139293e+02 4.08846134e-02 -4.25484518e-04 5.08289486e-02 4.28567797e-05 2.24155014e-04 2.80222739e-05
2.24841700e+02 4.58385106e-02 -1.53338400e-03 5.73338352e-02 5.02512914e-05 2.35823753e-04 6.85471462e-05
2.27542215e+02 4.87266417e-02 7.36571743e-04 5.41189799e-02 6.33654485e-05 1.25796946e-04 4.41395233e-05
2.30244403e+02 4.85554595e-02 1.20319801e-03 6.21317239e-02 1.13108988e-04 5.96406916e-05 7.11630564e-05
2.32949996e+02 4.49270590e-02 4.29992416e-03 5.70304170e-02 2.98864224e-05 2.48726421e-04 5.45009196e-05
2.35645809e+02 4.80561383e-02 5.75796945e-03 5.85858148e-02 7.20835105e-05 1.70970528e-04 2.33353463e-05
2.38352090e+02 5.01395278e-02 8.87184309e-03 5.47286447e-02 4.73778845e-05 1.38064323e-04 7.68971200e-05
2.41057528e+02 5.28922356e-02 1.73984701e-03 5.17400667e-02 2.72500765e-05 1.01667594e-04 4.92929059e-05
2.43757996e+02 5.79595332e-02 -4.63806898e-03 4.24930999e-02 6.38821461e-05 1.21181417e-04 1.11837003e-05
2.46452575e+02 5.84314337e-02 -1.06826889e-02 3.78907905e-02 6.82249684e-05 9.40551148e-05 6.72040186e-05
2.49157356e+02 5.24933272e-02 -1.00662181e-02 3.38443789e-02 5.80326166e-05 1.52734277e-04 2.62222082e-05
2.51849809e+02 5.59113748e-02 -1.03800810e-02 3.61112764e-02 4.81846466e-05 1.59716977e-04 9.51126700e-05
2.54543481e+02 5.60794120e-02 -1.46109458e-02 3.38552755e-02 4.56193887e-05 1.82567429e-04 5.99513964e-05
2.57238575e+02 6.22336608e-02 -9.84102233e-03 3.19765034e-02 4.18717096e-05 4.77755140e-05 2.58495184e-05
2.59934809e+02 6.69820224e-02 -5.24545454e-03 2.11400904e-02 1.24007601e-05 3.33422802e-05 5.91005759e-05
2.62638215e+02 7.32162379e-02 -1.90037193e-03 2.01285878e-02 6.02442081e-06 3.61473897e-05 6.97426416e-05
2.65336903e+02 7.84490139e-02 1.10377102e-03 1.04486530e-02 1.81076110e-05 5.46499429e-05 8.72006799e-05
2.68032153e+02 7.83229059e-02 6.30017150e-03 -1.59396200e-03 2.06748275e-05 3.86438252e-05 3.14380661e-05
