6.59139690e-01 8.50615887e-02 2.65568859e-03 9.41089196e-03 5.51924468e-06 2.61707033e-04 4.19481799e-05
3.35467014e+00 7.81123420e-02 1.73624113e-03 -7.69374570e-03 9.19595187e-05 1.89842232e-04 1.11159808e-04
6.06375139e+00 7.37827977e-02 6.95588193e-03 -1.83624934e-02 5.04661210e-05 2.83095801e-04 3.29981463e-04
8.76263811e+00 7.55011729e-02 2.66342230e-03 -2.46634490e-02 1.46658537e-04 1.72941617e-04 7.30073006e-05
1.14716903e+01 7.69554573e-02 2.52527459e-03 -4.46844744e-02 8.41011047e-05 1.04292151e-04 8.03384813e-05
1.41742075e+01 7.30166143e-02 2.52963259e-03 -6.05780814e-02 3.20402771e-05 9.43098375e-05 4.57058187e-05
1.68649559e+01 6.90856798e-02 9.95837695e-03 -5.41804964e-02 1.45734684e-05 2.65962893e-04 4.99972990e-05
1.95622481e+01 6.18471287e-02 4.36682939e-03 -5.29616696e-02 6.90335045e-05 1.51933164e-04 5.31318731e-05
2.22716419e+01 6.15624198e-02 8.10589755e-03 -5.79135255e-02 6.99437998e-05 4.67703179e-05 9.78334821e-05
2.49744481e+01 6.14177920e-02 7.53036647e-03 -6.58736906e-02 1.52451785e-04 1.62891024e-04 1.14428753e-04
2.76700762e+01 6.18774428e-02 6.89388640e-03 -6.62318881e-02 4.85106206e-05 2.09716755e-04 6.48037557e-05
3.03739887e+01 6.18131546e-02 7.07932776e-03 -6.99786277e-02 4.73970428e-05 3.33335021e-04 5.78835868e-05
3.30701559e+01 6.88213786e-02 6.21669135e-03 -6.52702598e-02 1.14710702e-04 2.69799967e-04 1.46500111e-04
3.57715356e+01 6.51158938e-02 6.30902242e-03 -6.15977241e-02 5.62271694e-05 1.94954968e-04 8.84265802e-05
3.84767606e+01 6.51036692e-02 3.49017144e-03 -5.44275039e-02 7.50401342e-05 1.02098615e-04 4.92617169e-05
4.11767950e+01 5.66831169e-02 2.25543786e-03 -5.25511728e-02 1.06537587e-04 1.33482970e-04 3.09572806e-05
4.38745403e+01 4.61220076e-02 -1.21889401e-03 -5.78505351e-02 4.95658843e-05 1.33178611e-04 3.16473954e-05
4.65851465e+01 4.64639256e-02 -1.83183594e-03 -5.51534767e-02 3.93187074e-05 1.52803921e-04 3.27747772e-05
4.92816762e+01 5.83510484e-02 -5.07226194e-03 -5.28054876e-02 7.66282023e-05 1.51866036e-04 8.96440698e-05
5.19803090e+01 6.13552241e-02 -1.64989933e-03 -5.01044344e-02 4.55607157e-05 6.47859408e-05 4.44979834e-05
5.46861419e+01 6.50058777e-02 4.14380556e-03 -5.28554878e-02 3.82943746e-05 3.70635966e-05 1.22227997e-04
5.73835622e+01 6.28250262e-02 2.18010171e-03 -4.77049683e-02 4.36931401e-05 1.23571077e-04 1.47553591e-04
6.00775825e+01 5.94644270e-02 5.21468191e-03 -4.89433098e-02 9.58035250e-05 1.87278502e-05 2.99247922e-05
6.27749044e+01 5.51442915e-02 8.30133747e-04 -5.31992618e-02 3.46971055e-05 3.29024006e-05 1.70271393e-04
6.54729575e+01 5.93994650e-02 -9.18743974e-04 -5.28675682e-02 1.03125864e-04 1.53652991e-04 4.45914452e-05
6.81600669e+01 6.24515148e-02 -2.73895217e-03 -5.35449761e-02 2.03306170e-05 2.07511318e-04 2.90322390e-05
7.08638559e+01 5.96142729e-02 -5.22717799e-03 -5.69834571e-02 4.03542672e-05 7.73973614e-05 3.82880869e-05
7.35655684e+01 6.03538547e-02 4.55668195e-03 -5.30618996e-02 2.71571080e-05 2.39986383e-04 3.69507466e-05
7.62720575e+01 5.98249123e-02 8.82181372e-03 -4.99103482e-02 3.85141930e-05 1.52964068e-04 6.65354062e-05
7.89781575e+01 6.36959614e-02 3.74290237e-03 -5.66299353e-02 4.05940372e-05 1.73487781e-04 4.22221399e-05
8.16811590e+01 5.58055580e-02 2.71457903e-03 -6.44773413e-02 5.27116499e-05 6.66596447e-05 2.56804619e-05
8.43874122e+01 4.67978945e-02 -4.18123285e-03 -6.41695043e-02 1.01651165e-04 1.73607033e-04 8.13102660e-05
8.70893934e+01 5.19596886e-02 -3.71773191e-03 -6.31082014e-02 2.83568367e-05 2.08056058e-04 1.08159275e-04
8.97925403e+01 5.81217771e-02 -1.46572858e-03 -6.18285330e-02 3.84134570e-05 1.51075195e-04 5.76748521e-05
9.25004700e+01 5.94384461e-02 -1.28004552e-03 -6.26993104e-02 2.09569351e-05 1.66872327e-04 4.10779112e-05
9.51928450e+01 6.02153661e-02 -3.60866685e-03 -6.23952982e-02 7.08537988e-05 2.71863099e-04 2.05930718e-05
9.78987075e+01 5.86399157e-02 -2.18047780e-03 -6.12667878e-02 3.05923071e-05 8.37105128e-05 4.46897089e-05
1.00605761e+02 5.28309169e-02 6.25358131e-03 -6.21516146e-02 8.83953876e-05 1.39508264e-04 8.80742964e-05
1.03307729e+02 5.44797024e-02 5.71528262e-03 -6.04794906e-02 5.16839128e-05 8.27052810e-05 5.97739966e-05
1.06006354e+02 5.87271254e-02 1.32019753e-03 -5.63190811e-02 2.27398600e-05 1.80377689e-04 2.61816780e-05
1.08705354e+02 6.68036830e-02 4.92395996e-03 -5.65216917e-02 6.55392430e-05 1.63945864e-04 2.59877730e-05
1.11406167e+02 6.89847007e-02 5.83064636e-04 -5.38072929e-02 4.50180407e-05 7.40636228e-05 5.13278148e-05
1.14097932e+02 7.26906793e-02 9.00548675e-04 -4.60738158e-02 3.20522787e-05 7.70705359e-05 7.12122810e-05
1.16794948e+02 8.31743648e-02 -4.16212459e-03 -4.02870324e-02 1.64426153e-04 8.47430050e-05 1.35504138e-04
1.19485276e+02 8.22793086e-02 -1.07727185e-02 -3.62288464e-02 7.67718234e-05 1.99999020e-04 1.54373089e-04
1.22180917e+02 8.87060957e-02 -1.33732023e-02 -1.85069820e-02 1.16704142e-04 2.71400071e-04 9.12737903e-05
1.24869932e+02 7.86209963e-02 -2.14716107e-02 -4.34299944e-03 6.51588646e-05 4.12753359e-04 6.27010251e-05
1.27562636e+02 6.84362543e-02 -1.72026758e-02 2.16909580e-02 8.28486125e-05 1.67431566e-04 1.35785398e-04
1.30260823e+02 6.64799167e-02 -2.59532094e-02 4.60982670e-02 1.04483548e-04 4.08729239e-04 8.12903067e-05
1.32954682e+02 7.28485146e-02 -1.17572789e-02 5.08093591e-02 4.52258554e-05 2.57832656e-04 6.22178957e-05
1.35656948e+02 7.46274555e-02 -1.02122958e-02 3.95015606e-02 6.80670988e-05 2.82934770e-04 2.40684863e-04
1.38368401e+02 6.83148088e-02 -9.64210123e-03 4.47832680e-02 1.81925546e-04 1.49897356e-04 6.94989619e-05
1.41079854e+02 7.20848832e-02 -9.02377853e-03 4.87219546e-02 5.01138438e-05 1.78253410e-04 5.19659700e-05
1.43781214e+02 7.48606442e-02 -6.82087726e-03 5.73974373e-02 4.67569903e-05 1.82153851e-04 4.84683915e-05
1.46493104e+02 7.52119027e-02 1.22281030e-03 5.87165288e-02 6.74916430e-05 2.92455347e-05 7.49342923e-05
1.49202182e+02 8.22760597e-02 3.71334396e-04 5.47950895e-02 4.48761375e-05 2.50998639e-05 8.70415548e-05
1.51901870e+02 7.72026683e-02 7.96341322e-03 4.65429373e-02 2.57732488e-05 1.07362945e-04 4.00722181e-05
1.54597792e+02 7.53716981e-02 1.17382693e-02 4.48489429e-02 3.24702870e-05 1.98483328e-04 2.59956696e-05
1.57289745e+02 7.04546652e-02 1.66430433e-02 4.77169549e-02 2.17120608e-05 1.53563211e-04 2.45785608e-05
1.59982323e+02 6.83311606e-02 1.76721613e-02 5.49206995e-02 5.93345399e-05 6.40251725e-04 5.53013686e-05
1.62684557e+02 6.32808985e-02 1.87889767e-02 5.67863062e-02 1.61058869e-05 2.51774631e-04 2.10414824e-05
1.65389136e+02 6.29177465e-02 1.53958368e-02 5.46341261e-02 4.84557344e-05 3.74570115e-04 5.95326300e-05
1.68083136e+02 6.35836003e-02 1.12849870e-02 4.89252529e-02 2.18045067e-05 1.31355553e-04 7.12370985e-05
1.70777370e+02 7.38554500e-02 2.49325473e-03 4.55369180e-02 8.95739531e-05 7.43037761e-05 5.43983412e-05
1.73474948e+02 7.01105831e-02 -9.59818072e-04 4.37289246e-02 2.14874855e-05 3.39151330e-05 8.77313007e-05
1.76178604e+02 6.45613080e-02 -4.30553041e-03 4.70281107e-02 6.44453856e-05 7.29443019e-05 2.49301327e-05
1.78880151e+02 5.41052605e-02 -1.16971128e-02 6.49770109e-02 2.49766530e-05 8.23883156e-05 7.20223315e-05
1.81575011e+02 5.04314858e-02 -1.31471441e-02 7.00592798e-02 1.32769044e-05 9.16749339e-05 2.99482725e-05
1.84276214e+02 5.41905217e-02 -1.70657592e-02 6.14083100e-02 1.31106283e-05 6.62287003e-05 3.10285538e-05
1.86970151e+02 4.87368668e-02 -1.39053030e-02 5.14527891e-02 2.28450913e-05 1.73880122e-04 4.22814883e-05
1.89662401e+02 5.43594518e-02 -1.28132051e-02 3.81324488e-02 5.02762957e-05 3.82566806e-05 9.50131553e-05
1.92367292e+02 5.80121824e-02 -8.63514892e-04 3.85302386e-02 8.90314214e-05 1.11427280e-04 3.92707884e-05
1.95064073e+02 6.01497152e-02 -1.20133667e-05 4.54857171e-02 7.91974708e-05 4.09691840e-05 7.62972842e-05
1.97765417e+02 6.94085290e-02 -4.53177998e-03 5.01762810e-02 3.40751037e-05 3.12559767e-04 2.79613018e-05
2.00463901e+02 5.50373070e-02 -6.70501300e-03 5.55033651e-02 3.21889050e-05 3.63913672e-04 7.33165539e-05
2.03165901e+02 4.90679443e-02 -1.08101270e-02 6.02944064e-02 3.77800053e-05 1.23569377e-04 2.78538869e-05
2.05869870e+02 4.59696824e-02 -1.50221666e-02 6.56035354e-02 1.90112594e-05 2.37598996e-04 5.29283117e-05
2.08566995e+02 4.78661520e-02 -2.35226820e-02 6.07449709e-02 8.04800021e-05 3.86225592e-04 5.14432575e-05
2.11282573e+02 4.61704535e-02 -2.18345856e-02 5.38851398e-02 2.75270128e-05 2.53508087e-04 4.76434350e-05
2.13985307e+02 5.01979184e-02 -1.97629305e-02 5.21712246e-02 5.29785955e-05 4.24946723e-04 5.35773300e-05
2.16681651e+02 4.94883970e-02 -1.41630788e-02 5.19219391e-02 4.21626721e-05 7.00645712e-04 2.24007723e-04
2.19383839e+02 5.94587662e-02 -1.15492434e-02 4.97386926e-02 8.42367673e-05 2.08537458e-04 2.97945199e-05
2.22082401e+02 5.49498125e-02 -5.02114030e-03 5.10952880e-02 2.18372874e-05 2.02573967e-04 1.49457183e-04
2.24778964e+02 5.30714235e-02 -3.92388941e-03 5.59449563e-02 1.37678003e-04 1.84466030e-04 1.57715950e-05
2.27477417e+02 5.85464726e-02 -4.41798833e-03 6.35653904e-02 2.91883121e-05 1.75570163e-04 4.82677996e-05
2.30182557e+02 6.55521903e-02 1.66663343e-03 6.26295903e-02 9.21388333e-05 1.40234846e-04 6.18612286e-05
2.32878495e+02 7.13129381e-02 5.01219865e-03 6.13583973e-02 7.53909578e-05 8.86736357e-05 1.01100230e-04
2.35576307e+02 7.12004683e-02 9.63416533e-04 5.63990366e-02 2.21494326e-05 2.50913149e-04 4.27127255e-05
2.38277323e+02 6.39528489e-02 5.02798153e-03 5.24598026e-02 1.69587908e-05 4.69046030e-04 8.76304130e-05
2.40979604e+02 6.06940932e-02 6.78882666e-05 5.89181741e-02 5.48348626e-05 6.36291035e-05 1.02631349e-04
2.43681479e+02 6.31356394e-02 5.26221339e-03 5.69905052e-02 4.03190906e-05 1.77299686e-04 8.80518961e-05
2.46380964e+02 6.86800580e-02 3.25022958e-03 5.63125169e-02 1.13228767e-04 5.84303096e-05 3.18023531e-05
2.49076198e+02 6.62955169e-02 2.82682983e-03 5.66141680e-02 1.57666108e-05 6.21847299e-05 1.98548173e-05
2.51773745e+02 7.39477972e-02 1.15016340e-03 6.19774874e-02 3.21717900e-05 2.28071373e-05 6.52348796e-05
2.54470667e+02 7.71071411e-02 -3.23658767e-03 5.83583151e-02 1.02888832e-04 9.93431067e-05 6.76145168e-05
2.57170479e+02 7.45801180e-02 -7.19649231e-03 5.27245568e-02 1.02171165e-04 8.12504821e-05 8.01537566e-05
2.59872167e+02 8.27315662e-02 4.18170450e-03 3.81488041e-02 3.50845979e-05 2.64645607e-04 4.98830169e-05
2.62581714e+02 8.23333148e-02 2.53023034e-03 3.35077565e-02 1.54659431e-05 3.57528029e-04 8.08133853e-05
2.65276464e+02 8.96641316e-02 -2.00636394e-03 2.29281836e-02 2.37864187e-05 2.77335106e-04 7.75537466e-05
2.67974154e+02 9.16882835e-02 -3.35133689e-03 2.23652364e-02 4.25232556e-05 1.91054855e-04 2.16095384e-05
