6.55414205e-01 6.34951155e-02 8.31911614e-03 1.26497614e-02 1.26445483e-04 3.16127577e-04 6.26796233e-05
3.35390480e+00 6.82722204e-02 5.40608878e-03 -1.20335317e-02 5.62527564e-05 4.50046370e-04 8.25055717e-05
6.05656043e+00 7.46588909e-02 9.14065965e-03 -3.62980667e-02 5.63017229e-05 4.09204607e-04 4.84647317e-05
8.75928824e+00 6.71154093e-02 1.33059467e-02 -4.34117429e-02 6.62116085e-05 4.06109633e-04 1.60979620e-04
1.14653493e+01 6.43685013e-02 9.58188250e-03 -5.08393270e-02 4.31700237e-05 3.56385062e-04 3.36322582e-05
1.41705040e+01 6.72124319e-02 8.03791158e-03 -5.06628643e-02 6.36600708e-05 1.84071243e-04 8.34528549e-05
1.68602821e+01 6.77011576e-02 1.27110629e-02 -5.14552216e-02 9.68448844e-05 3.94014674e-05 1.59736395e-05
1.95560103e+01 6.63967732e-02 1.41060875e-02 -5.96716673e-02 5.07131339e-05 3.74281581e-05 5.33747567e-05
2.22669056e+01 6.32928847e-02 1.43877696e-02 -5.92926561e-02 5.05257515e-05 3.13141021e-05 4.19634710e-05
2.49691431e+01 6.18377853e-02 1.62180443e-02 -5.52566389e-02 4.20021245e-05 1.41563553e-04 3.46928968e-05
2.76668103e+01 5.77594508e-02 1.62224036e-02 -5.04659463e-02 3.55696368e-05 1.24598736e-04 1.15460927e-04
3.03707321e+01 5.46734148e-02 2.04143617e-02 -5.10602415e-02 2.56820185e-05 3.68710395e-04 4.79868799e-05
3.30680587e+01 5.61480063e-02 1.21046738e-02 -5.68297362e-02 6.14877239e-05 2.30476941e-04 5.42037199e-05
3.57699868e+01 5.76680485e-02 1.11733895e-02 -6.10921897e-02 6.28911931e-05 3.59191596e-04 9.14263015e-05
3.84779462e+01 5.76617831e-02 2.94387232e-03 -6.45781132e-02 2.81672557e-05 2.57998193e-04 2.42352963e-04
4.11790431e+01 6.07483471e-02 2.37976548e-03 -6.64208245e-02 4.90655260e-05 2.65452070e-04 4.92537727e-05
4.38747087e+01 7.07927603e-02 2.50629352e-03 -6.22786370e-02 4.07723687e-05 1.66534820e-04 7.61109255e-05
4.65812696e+01 7.44587680e-02 -1.06221170e-03 -5.54047976e-02 1.23757960e-04 4.82638568e-05 2.35487047e-05
4.92793368e+01 6.30467326e-02 -2.66130471e-03 -5.94666499e-02 9.81613818e-05 1.11469487e-04 6.38983693e-05
5.19739665e+01 5.44148013e-02 -6.05700313e-03 -5.95148876e-02 5.66518978e-05 7.87861633e-05 5.00760302e-05
5.46727946e+01 6.34014628e-02 -7.18120240e-03 -5.41681844e-02 1.07764768e-04 2.79400980e-04 8.59746111e-05
5.73719400e+01 7.48879451e-02 -1.66446496e-02 -4.89310203e-02 5.90197060e-05 1.55179373e-04 9.23132604e-05
6.00676087e+01 7.87726278e-02 -1.04772117e-02 -4.59381535e-02 7.75217442e-05 1.19064998e-04 1.03203548e-04
6.27739634e+01 7.39601051e-02 -9.72765950e-03 -4.21942335e-02 6.98496403e-05 3.25907539e-04 2.17974944e-05
6.54811884e+01 7.16310604e-02 -1.00939122e-02 -3.91129905e-02 4.43251130e-05 1.48659153e-04 1.31491664e-04
6.81831587e+01 6.05191054e-02 1.95859400e-04 -5.20909126e-02 8.35810828e-05 2.57519699e-04 5.14625083e-05
7.08918103e+01 5.08024048e-02 1.86305031e-04 -5.62899471e-02 4.77519982e-05 1.26819607e-04 9.00514376e-05
7.35900759e+01 4.84899417e-02 2.49062485e-03 -6.20026153e-02 3.44317600e-05 1.51613068e-04 4.51777030e-05
7.62996712e+01 5.04110723e-02 -4.83114035e-03 -6.21986293e-02 7.39887926e-05 1.30704021e-04 8.55385866e-05
7.89882181e+01 5.72732030e-02 -1.98708526e-03 -5.49862003e-02 8.00182126e-05 1.05005321e-04 1.71447925e-04
8.16860525e+01 7.20966059e-02 -2.30151157e-03 -4.96578567e-02 3.44864093e-05 5.84690557e-05 1.64696077e-05
8.43860618e+01 7.45107040e-02 -2.58460018e-03 -3.66209633e-02 9.50955620e-05 9.05025355e-05 5.21815414e-05
8.70840087e+01 7.25734414e-02 -4.28032083e-03 -3.75852084e-02 5.83336614e-05 2.74690927e-04 1.15954032e-04
8.97857587e+01 7.06584607e-02 -5.41624850e-03 -4.89213744e-02 2.34690142e-05 1.96640864e-04 1.05202495e-05
9.24890415e+01 6.70438658e-02 -9.96243848e-03 -5.29001433e-02 3.04687763e-05 2.44040182e-04 4.56612646e-05
9.51913853e+01 6.39709594e-02 -4.39334308e-03 -5.67782919e-02 2.76630930e-05 3.02174728e-04 5.24096753e-05
9.78873321e+01 6.45602867e-02 -8.38149139e-03 -6.25962085e-02 1.20289328e-04 2.54013848e-04 2.29607115e-05
1.00588534e+02 6.57863640e-02 -9.63905686e-03 -6.69267362e-02 3.89919223e-05 2.45450241e-04 1.37724574e-04
1.03290159e+02 5.45354915e-02 -8.31156562e-03 -6.01775213e-02 1.91002092e-04 3.07605730e-04 4.19856087e-05
1.05991956e+02 5.19133288e-02 -4.42885240e-03 -6.66816348e-02 2.12387209e-05 1.49979953e-04 2.36041406e-05
1.08696596e+02 4.91672123e-02 -3.85064828e-03 -7.25454603e-02 1.42284884e-04 1.80610688e-04 1.22317468e-04
1.11396159e+02 5.18185256e-02 -7.33243843e-03 -7.67791455e-02 6.71747620e-05 3.15488543e-04 7.48986614e-05
1.14097534e+02 5.71583747e-02 -4.17215436e-03 -5.84949596e-02 2.94345577e-05 1.83030856e-04 2.44103858e-05
1.16800549e+02 6.38482880e-02 -7.79055794e-03 -4.43524802e-02 3.07717305e-05 8.89842289e-05 3.73667854e-05
1.19506206e+02 6.49771034e-02 -1.88067072e-03 -3.00308306e-02 9.13599856e-05 7.36813550e-05 8.56900809e-05
1.22203784e+02 8.67072015e-02 -5.37259272e-03 -3.58677931e-03 1.13453394e-05 1.49428893e-04 7.37604229e-05
1.24894768e+02 8.35962569e-02 -6.39637845e-03 1.66364144e-02 4.62492539e-05 1.28695102e-04 5.53790948e-05
1.27594206e+02 8.07872192e-02 -4.51582411e-03 2.70022506e-02 2.57562333e-05 1.44030809e-04 5.47420817e-05
1.30292221e+02 7.37990062e-02 -6.29224332e-03 2.96471317e-02 1.03811717e-04 3.95488735e-04 6.43860752e-05
1.32991346e+02 7.22390093e-02 -1.60503297e-02 3.89422094e-02 5.12570833e-05 5.81412444e-04 6.25676862e-05
1.35690362e+02 6.49583625e-02 -1.40304623e-02 5.54995694e-02 3.74744378e-05 6.28541980e-04 2.37849449e-05
1.38379862e+02 5.58670149e-02 -1.39556886e-02 7.01985255e-02 1.48998993e-04 3.90661086e-04 6.61773156e-05
1.41070643e+02 5.47257845e-02 -6.72066528e-03 6.21337758e-02 3.81166340e-05 7.10862427e-04 1.20348209e-04
1.43757612e+02 4.99471076e-02 -4.33174267e-03 5.50525060e-02 8.22636336e-05 4.26792422e-04 6.27084260e-05
1.46458081e+02 4.32026489e-02 -7.51767289e-04 5.57774407e-02 1.36539349e-04 4.77923878e-04 1.27879173e-04
1.49161221e+02 5.18192785e-02 -1.45481494e-04 6.18792199e-02 3.04869842e-05 3.95741028e-04 8.21468791e-05
1.51864565e+02 5.98884162e-02 3.44438903e-03 5.85064172e-02 6.83858061e-05 1.42255253e-04 5.76681079e-05
1.54562596e+02 6.53561722e-02 1.90565275e-03 5.80586109e-02 3.96587136e-05 1.24040601e-04 1.61566238e-04
1.57267831e+02 6.05983158e-02 1.71050632e-03 5.86361225e-02 5.19380507e-05 1.46488496e-04 4.05668092e-05
1.59972909e+02 6.30584035e-02 3.48236168e-06 5.17281255e-02 6.71927986e-05 5.44166822e-05 4.58593438e-05
1.62682284e+02 6.88419866e-02 1.64101618e-03 4.70020165e-02 9.44876483e-05 8.26873716e-05 1.43488457e-04
1.65383284e+02 5.90442986e-02 2.05298927e-03 4.27553709e-02 1.07939724e-04 1.23949466e-04 1.43980617e-04
1.68091096e+02 5.44854189e-02 1.64614672e-03 4.56998554e-02 1.33149450e-04 1.09256589e-04 2.53223377e-05
1.70794643e+02 5.05312671e-02 1.46460070e-03 5.75801639e-02 2.64833593e-05 1.37576684e-05 1.84930436e-04
1.73493768e+02 5.40718957e-02 -6.13859060e-04 6.18680822e-02 8.43691077e-05 1.93394157e-04 4.34491888e-05
1.76198643e+02 5.83478964e-02 -3.74701021e-03 6.53555986e-02 2.60529988e-06 1.86433292e-04 8.49771754e-05
1.78889440e+02 6.11220460e-02 -1.05377028e-02 6.25043026e-02 1.72163154e-05 9.95699143e-05 5.29584700e-05
1.81583081e+02 6.46916962e-02 -8.27952825e-03 5.13584801e-02 4.90894390e-05 2.53231852e-04 6.08782813e-05
1.84280299e+02 6.70056359e-02 -1.12360925e-02 4.54047438e-02 5.15017608e-05 1.59559837e-04 4.36870702e-05
1.86979049e+02 7.35388409e-02 -6.93519748e-03 4.20260258e-02 5.07210529e-05 2.77588307e-04 5.25184219e-05
1.89678893e+02 7.96453519e-02 -1.76931515e-02 4.32069082e-02 6.34376655e-05 2.42170343e-04 7.83547835e-05
1.92373096e+02 7.83088098e-02 -1.77385666e-02 4.86430865e-02 5.22846133e-05 1.19829741e-04 6.69965777e-05
1.95074143e+02 6.99484932e-02 -1.72288104e-02 5.30749660e-02 4.67837112e-05 4.33519575e-05 8.42813080e-05
1.97771159e+02 6.52909407e-02 -1.55888190e-02 5.95923508e-02 2.83996659e-05 1.05876569e-04 4.64997536e-05
2.00474674e+02 5.44843242e-02 -2.03976117e-02 5.45216633e-02 4.13484699e-05 2.57931377e-04 1.32380420e-05
2.03182377e+02 5.37053202e-02 -2.01089953e-02 5.78204561e-02 2.07920978e-05 2.14677863e-04 7.27000267e-05
2.05883409e+02 4.83204240e-02 -1.79683893e-02 5.22709244e-02 3.54836454e-05 2.33412603e-04 3.97526942e-05
2.08579581e+02 4.77306729e-02 -1.65930136e-02 6.69805167e-02 1.67949843e-05 1.13058371e-04 9.44079475e-05
2.11287377e+02 4.75082324e-02 -1.80610405e-02 7.07400406e-02 6.54743123e-05 1.02120884e-04 4.51993672e-05
2.13992581e+02 5.92043469e-02 -1.57552356e-02 6.80299601e-02 7.69171718e-05 9.67882637e-05 3.33791902e-05
2.16690096e+02 5.80564379e-02 -1.42565522e-02 6.05452401e-02 6.23550515e-05 4.70976691e-04 5.78203961e-05
2.19394268e+02 5.62075111e-02 -1.08529738e-02 5.93477955e-02 6.24218893e-05 2.98901854e-04 9.14546751e-05
2.22093862e+02 6.85432359e-02 -5.88387965e-03 5.13767862e-02 4.78852221e-05 3.54014285e-04 1.36650797e-05
2.24790299e+02 7.04827208e-02 -3.36340674e-03 3.84504276e-02 2.52424768e-05 3.12510047e-04 1.01223192e-04
2.27484846e+02 6.45712443e-02 -3.52270763e-03 4.27291391e-02 6.28932021e-05 5.45737840e-04 7.93194159e-05
2.30189159e+02 6.17815623e-02 3.22733492e-03 4.70379046e-02 1.31138938e-05 4.63618168e-04 8.69225989e-05
2.32882174e+02 6.13937999e-02 4.79566482e-03 5.30411353e-02 4.66008055e-05 2.62776305e-04 5.59310405e-05
2.35577987e+02 5.63602766e-02 1.89416870e-03 6.04382373e-02 1.02690327e-05 2.74818264e-04 4.29132369e-05
2.38280440e+02 5.46808887e-02 2.09689368e-03 5.83415781e-02 3.65954490e-05 1.95910480e-04 3.05937037e-05
2.40974284e+02 5.66638323e-02 -6.34362355e-03 5.46753495e-02 4.71055396e-05 1.38541654e-04 1.02467097e-04
2.43674627e+02 5.34145216e-02 -1.36590699e-03 6.18041163e-02 5.70880840e-05 2.29869295e-04 3.20940721e-05
2.46373940e+02 5.23516092e-02 -9.60326387e-03 6.49762930e-02 4.34315700e-05 3.06091515e-04 5.19010703e-05
2.49080737e+02 5.31912584e-02 -1.24275556e-02 6.51872387e-02 3.61611385e-05 1.66588970e-04 7.99646815e-05
2.51782549e+02 4.91386704e-02 -1.05560257e-02 6.68686797e-02 1.84866040e-05 1.79663664e-04 5.54428076e-05
2.54484565e+02 5.88418250e-02 -6.80707387e-03 6.09313237e-02 7.36706730e-05 2.25581332e-04 7.49432239e-05
2.57178987e+02 5.56418052e-02 -6.91285004e-03 5.74161043e-02 5.87081692e-05 1.35691576e-04 5.58345821e-05
2.59873971e+02 6.40571407e-02 -1.14509698e-02 5.97430338e-02 4.47688141e-05 5.63103577e-05 3.75059358e-05
2.62570799e+02 5.83527737e-02 -3.18489993e-03 5.51278762e-02 9.03581963e-05 1.56746717e-04 4.42111066e-05
2.65268612e+02 5.88534690e-02 3.37434417e-03 4.73475602e-02 1.17384554e-04 1.31129017e-04 1.35958672e-04
2.67961028e+02 5.97018541e-02 5.58935132e-03 3.34712264e-02 5.74240025e-05 1.10233962e-04 1.33573855e-04
