6.54248354e-01 6.36647291e-02 8.52665566e-03 1.27745959e-02 1.03524852e-04 2.74425302e-04 6.70435926e-05
3.35470973e+00 6.79013346e-02 3.76006823e-03 -7.31251205e-03 5.24239993e-05 4.40950930e-04 8.86397176e-05
6.05908426e+00 7.56462312e-02 7.99387585e-03 -3.35249418e-02 6.13791050e-05 4.91802939e-04 6.86982398e-05
8.75781224e+00 6.67049559e-02 1.36450216e-02 -4.48148271e-02 7.22368415e-05 4.69036224e-04 1.75999803e-04
1.14662147e+01 6.48281544e-02 9.41034647e-03 -4.88298740e-02 3.98555686e-05 3.95589116e-04 2.81151864e-05
1.41695929e+01 6.75409797e-02 9.45447414e-03 -4.83059229e-02 6.52508956e-05 2.17405299e-04 5.87064781e-05
1.68623022e+01 6.67200219e-02 1.13358248e-02 -4.85710821e-02 8.45598798e-05 3.44314269e-05 1.41305371e-05
1.95588007e+01 6.63973334e-02 1.40042765e-02 -5.92446473e-02 2.46679134e-05 3.16585851e-05 8.06835194e-05
2.22674554e+01 6.31627420e-02 1.40202269e-02 -5.78400979e-02 4.85902882e-05 2.70385072e-05 3.65686965e-05
2.49669288e+01 6.00127530e-02 1.62841139e-02 -5.59930542e-02 4.25003839e-05 1.17948216e-04 9.87942815e-06
2.76663882e+01 5.80050937e-02 1.49906352e-02 -5.19160058e-02 4.73037894e-05 1.04058557e-04 1.45964384e-04
3.03726632e+01 5.52000221e-02 2.10729931e-02 -5.23234557e-02 2.67635982e-05 2.86621568e-04 6.38324323e-05
3.30718163e+01 5.64324518e-02 1.30090173e-02 -5.56950996e-02 3.83165129e-05 2.11251790e-04 6.05205424e-05
3.57769476e+01 5.74484933e-02 1.18664601e-02 -6.11655890e-02 5.06273955e-05 2.57426312e-04 5.63074804e-05
3.84797851e+01 5.93453243e-02 4.75512058e-03 -6.47045435e-02 1.86247859e-05 2.23159651e-04 2.22935487e-04
4.11789101e+01 6.20138801e-02 1.63424351e-03 -6.63841992e-02 7.90668652e-05 2.79298863e-04 4.08872361e-05
4.38771476e+01 7.26067264e-02 1.03815047e-03 -6.22796337e-02 6.41706197e-05 1.60262523e-04 6.42270352e-05
4.65831991e+01 7.40456148e-02 -2.25296663e-03 -5.66233875e-02 1.27192292e-04 3.29913626e-05 2.60493900e-05
4.92791632e+01 6.30880051e-02 -3.41632432e-03 -6.19997765e-02 8.86103491e-05 7.21891125e-05 7.84650465e-05
5.19743679e+01 5.62558848e-02 -4.58662015e-03 -6.00855623e-02 2.55315952e-05 7.97730393e-05 3.89053472e-05
5.46725679e+01 6.25087843e-02 -5.89854825e-03 -5.25764283e-02 1.08964558e-04 3.54170527e-04 1.40273192e-04
5.73723257e+01 7.39376732e-02 -1.43647778e-02 -4.95863902e-02 4.62541001e-05 1.17622424e-04 7.82690995e-05
6.00691663e+01 7.97915132e-02 -1.08321613e-02 -4.53218555e-02 1.19705580e-04 1.44816263e-04 1.03967584e-04
6.27757475e+01 7.47062852e-02 -9.09733718e-03 -4.03440775e-02 7.01662757e-05 2.51314796e-04 2.80949498e-05
6.54823741e+01 7.40691210e-02 -1.14484651e-02 -4.10237928e-02 3.15274986e-05 1.54861382e-04 1.12266739e-04
6.81838100e+01 6.32391924e-02 1.69480336e-03 -5.56277654e-02 8.94067052e-05 2.34432647e-04 3.30309958e-05
7.08919897e+01 5.43020389e-02 1.45703619e-06 -5.79285325e-02 5.20511368e-05 1.05208427e-04 9.40152177e-05
7.35886632e+01 5.08193249e-02 3.29613143e-03 -6.34176141e-02 3.37488066e-05 1.03272394e-04 5.88803778e-05
7.62986741e+01 5.02372104e-02 -3.61432448e-03 -6.26722243e-02 7.62426252e-05 1.07013541e-04 8.70608832e-05
7.89887726e+01 5.48782169e-02 -1.15325728e-03 -5.46267439e-02 4.67763130e-05 1.12729389e-04 1.71759608e-04
8.16871975e+01 7.05496430e-02 -1.39283815e-03 -4.88924027e-02 5.54964409e-05 6.40727794e-05 2.45731430e-05
8.43854179e+01 7.61275393e-02 -2.31466831e-03 -3.77569825e-02 9.58235114e-05 3.98652639e-05 4.96322000e-05
8.70860507e+01 7.37580989e-02 -5.52792073e-03 -3.90895741e-02 5.46924299e-05 2.35509867e-04 1.21682385e-04
8.97850772e+01 7.17692902e-02 -8.05339899e-03 -5.06085974e-02 2.90219069e-05 1.60978205e-04 1.35653590e-05
9.24909804e+01 6.80227215e-02 -1.09050771e-02 -5.16664317e-02 3.12377693e-05 2.34327599e-04 5.28174766e-05
9.51929710e+01 6.40431865e-02 -3.49204006e-03 -5.82754239e-02 2.71808425e-05 3.12585394e-04 2.91413376e-05
9.78901069e+01 6.53331965e-02 -8.47004887e-03 -6.47234826e-02 1.37685934e-04 1.98268536e-04 2.28807068e-05
1.00588651e+02 6.65441692e-02 -7.86182599e-03 -6.76086671e-02 4.44167390e-05 2.25338866e-04 1.51133765e-04
1.03289526e+02 5.66052581e-02 -7.63067543e-03 -6.39171842e-02 1.60796762e-04 2.34910625e-04 1.99127420e-05
1.05990916e+02 5.29725386e-02 -4.25821652e-03 -6.91154006e-02 3.18175765e-05 1.27850890e-04 2.32014272e-05
1.08694948e+02 5.15576675e-02 -3.01451844e-03 -7.24684411e-02 1.23023424e-04 1.30348835e-04 1.21801434e-04
1.11402010e+02 5.37583465e-02 -6.43159956e-03 -7.56869341e-02 8.05191953e-05 2.55463602e-04 5.65252704e-05
1.14099323e+02 5.92427251e-02 -4.17928548e-03 -6.19865659e-02 2.12588385e-05 1.67051823e-04 4.17834920e-05
1.16799494e+02 6.45547492e-02 -7.97505570e-03 -4.53051595e-02 6.07156889e-05 6.60681464e-05 3.13116086e-05
1.19508651e+02 6.49382129e-02 -6.55499783e-04 -3.12165279e-02 6.51214699e-05 9.05836371e-05 7.26370600e-05
1.22202682e+02 8.56444344e-02 -6.19585053e-03 -3.56999462e-03 1.87004376e-05 1.58287438e-04 7.42086120e-05
1.24894369e+02 8.30243483e-02 -8.08096869e-03 1.63251956e-02 5.91292645e-05 1.67142622e-04 5.40032542e-05
1.27592354e+02 8.44057707e-02 -7.35693410e-03 2.78525936e-02 4.04360949e-05 1.89068868e-04 2.95880314e-05
1.30291729e+02 7.65848020e-02 -7.84597639e-03 2.98350615e-02 7.46625441e-05 4.42934418e-04 4.64320074e-05
1.32988979e+02 7.05217770e-02 -1.76943858e-02 3.85511746e-02 4.95584727e-05 5.46655482e-04 5.49489389e-05
1.35687948e+02 6.45383212e-02 -1.34497713e-02 5.71841922e-02 5.70841178e-05 5.98893238e-04 3.56563481e-05
1.38380963e+02 5.83469041e-02 -1.51220506e-02 6.93038422e-02 1.14558892e-04 3.93959954e-04 9.61092240e-05
1.41072744e+02 5.51748273e-02 -7.64991844e-03 5.93647531e-02 6.86996341e-05 7.22733189e-04 6.28060958e-05
1.43761885e+02 4.98714402e-02 -5.93930621e-03 5.47027432e-02 8.81328918e-05 4.42928146e-04 8.55980764e-05
1.46463448e+02 4.53419459e-02 -1.88667099e-03 5.61763356e-02 1.06457414e-04 3.88706453e-04 1.18084766e-04
1.49163448e+02 5.21880954e-02 2.25687132e-03 6.12331990e-02 4.62551862e-05 3.44658471e-04 9.66948766e-05
1.51865994e+02 6.04248279e-02 4.57222447e-03 5.50987302e-02 7.75723991e-05 1.13712884e-04 8.64033565e-05
1.54566385e+02 6.86298896e-02 4.41702004e-03 5.47721689e-02 3.67120462e-05 1.19797293e-04 1.26566983e-04
1.57269041e+02 6.25926806e-02 2.76596215e-03 5.54063690e-02 2.00612724e-05 1.21062702e-04 3.48489817e-05
1.59977198e+02 6.34996240e-02 1.95231270e-03 5.00141653e-02 6.70887598e-05 7.44915472e-05 6.27695111e-05
1.62686713e+02 6.72556632e-02 3.48026753e-03 4.89371797e-02 9.25282515e-05 6.12822646e-05 1.57101606e-04
1.65386119e+02 5.76837900e-02 2.54720801e-03 4.32160324e-02 1.10230366e-04 1.15429598e-04 1.51397333e-04
1.68092588e+02 5.70603440e-02 2.95575375e-03 4.64862331e-02 1.09235456e-04 1.71828133e-04 1.77957472e-05
1.70795619e+02 5.45085130e-02 2.85262555e-03 5.49724709e-02 2.88919956e-05 1.54887810e-05 1.57641747e-04
1.73495119e+02 5.65250788e-02 -3.61143207e-04 6.12857230e-02 7.62685271e-05 1.99389095e-04 3.57927016e-05
1.76199869e+02 5.72436891e-02 -4.55000608e-03 6.56863856e-02 1.67475054e-05 1.58097936e-04 7.77558688e-05
1.78889041e+02 6.02726813e-02 -1.10785948e-02 6.16875412e-02 2.60213257e-05 1.01932614e-04 9.77510896e-05
1.81578760e+02 5.95729707e-02 -1.04606527e-02 5.19737954e-02 3.53184249e-05 2.04143257e-04 5.75364623e-05
1.84281619e+02 6.31667257e-02 -1.32750790e-02 4.50023207e-02 5.57356706e-05 1.91239632e-04 3.88697037e-05
1.86975791e+02 7.21666294e-02 -7.65975927e-03 4.23848724e-02 4.70591330e-05 2.63919665e-04 4.91164580e-05
1.89682791e+02 7.95957422e-02 -1.53892235e-02 4.16215808e-02 5.50442010e-05 2.35092529e-04 7.76862033e-05
1.92373276e+02 7.99331296e-02 -1.75313539e-02 4.62660089e-02 6.10579668e-05 1.30163346e-04 6.75348383e-05
1.95071729e+02 7.06861297e-02 -1.60128378e-02 5.27791744e-02 4.73068297e-05 5.85941983e-05 7.56659923e-05
1.97770260e+02 6.64886819e-02 -1.38079711e-02 5.97980088e-02 2.22155392e-05 1.02497675e-04 4.78017694e-05
2.00474182e+02 5.55248117e-02 -1.85684364e-02 5.59355543e-02 6.98992471e-05 2.94786108e-04 2.92035320e-05
2.03182135e+02 5.64766776e-02 -2.01256666e-02 5.83045045e-02 2.90315546e-05 2.24955887e-04 6.08088348e-05
2.05884682e+02 4.70849283e-02 -1.95821822e-02 5.41608763e-02 5.74028014e-05 2.61602405e-04 6.74449078e-05
2.08581666e+02 4.64705783e-02 -1.77194373e-02 6.76630092e-02 2.23221282e-05 7.95672658e-05 1.08035058e-04
2.11287604e+02 4.34563172e-02 -1.96724215e-02 7.09656984e-02 4.99313528e-05 1.43023192e-04 4.01943915e-05
2.13994416e+02 5.76570675e-02 -1.60417040e-02 6.57432029e-02 7.36199844e-05 1.11809552e-04 4.50775293e-05
2.16691104e+02 5.92179886e-02 -1.42591367e-02 5.67529476e-02 4.39682101e-05 4.99551137e-04 1.17358523e-04
2.19395901e+02 5.60431120e-02 -1.16666127e-02 5.74581461e-02 5.05008597e-05 4.07413866e-04 6.75334907e-05
2.22095541e+02 6.80105519e-02 -6.10793481e-03 5.25901715e-02 6.83795954e-05 4.43104591e-04 1.20122440e-05
2.24792244e+02 7.03700703e-02 -3.07792734e-03 4.14691442e-02 3.40382689e-05 3.91878322e-04 8.22586176e-05
2.27487901e+02 6.35678597e-02 -7.53038724e-04 4.54661000e-02 4.10805694e-05 5.23344989e-04 7.33394269e-05
2.30187901e+02 6.28824861e-02 4.49274725e-03 4.60369552e-02 2.52061864e-05 5.32216599e-04 8.80826552e-05
2.32883510e+02 6.17689903e-02 4.06125542e-03 5.04651035e-02 2.55322325e-05 3.01474085e-04 4.51402596e-05
2.35577401e+02 5.62289683e-02 2.66479992e-03 5.96900021e-02 1.57695836e-05 2.46396114e-04 4.07784419e-05
2.38281057e+02 5.60358852e-02 1.82807560e-03 5.74082762e-02 6.08239304e-05 2.21518665e-04 3.39216027e-05
2.40979807e+02 5.70077044e-02 -4.23652620e-03 5.52441638e-02 4.53015424e-05 2.21084563e-04 1.18714299e-04
2.43675229e+02 5.23159070e-02 -1.81738079e-03 6.27943667e-02 3.94907315e-05 2.74570696e-04 2.83417935e-05
2.46377729e+02 5.32092428e-02 -8.49877123e-03 6.54270346e-02 5.17522278e-05 3.23971295e-04 3.55730028e-05
2.49083166e+02 5.30623049e-02 -1.16709674e-02 6.45561907e-02 4.33656626e-05 1.90695363e-04 7.27030804e-05
2.51786932e+02 5.22748840e-02 -1.04991813e-02 6.72636390e-02 2.46843079e-05 1.74250138e-04 4.27215321e-05
2.54486260e+02 6.00863313e-02 -6.77909911e-03 6.04417982e-02 8.18918863e-05 1.90274339e-04 7.53301800e-05
2.57183401e+02 5.59549543e-02 -5.27812950e-03 5.68145215e-02 5.34179708e-05 1.16707753e-04 3.78182258e-05
2.59875916e+02 6.61133580e-02 -1.35429680e-02 5.57877063e-02 5.27040397e-05 6.30833512e-05 3.77058077e-05
2.62569573e+02 6.11603427e-02 -5.36270719e-03 5.23252314e-02 5.07952895e-05 1.39007424e-04 4.25153107e-05
2.65269432e+02 6.07758420e-02 2.16488188e-03 4.43988904e-02 1.09448159e-04 1.08970557e-04 1.19044037e-04
2.67959851e+02 6.12960153e-02 6.28808058e-03 3.01509652e-02 5.62023606e-05 1.20176482e-04 1.05458941e-04
