6.60527451e-01 6.31386472e-02 7.19437001e-03 1.17602997e-02 9.88766354e-05 4.16837192e-04 2.17110753e-05
3.35655064e+00 6.99216291e-02 9.35694469e-03 -2.23023122e-02 6.93535347e-05 3.61917778e-04 4.99160537e-05
6.05271970e+00 6.94328392e-02 1.02489388e-02 -4.06068220e-02 3.07146754e-05 2.91906133e-04 5.31851148e-05
8.76136096e+00 6.95758450e-02 1.02462899e-02 -4.10405437e-02 6.01020899e-05 2.23840113e-04 4.84218131e-05
1.14608717e+01 6.55115271e-02 9.21572571e-03 -5.44070152e-02 4.60669875e-05 2.36766337e-04 2.02856286e-05
1.41616671e+01 6.57622199e-02 6.35694721e-03 -5.78775623e-02 5.50410515e-05 1.22884988e-04 1.34051438e-04
1.68557171e+01 6.95730602e-02 1.51960113e-02 -5.97606131e-02 6.42783260e-05 1.11741337e-04 5.17094218e-05
1.95555952e+01 6.53247078e-02 1.47047485e-02 -5.98890265e-02 8.78204422e-05 6.77421072e-05 4.49909507e-05
2.22613999e+01 6.26098289e-02 1.57199988e-02 -6.04084747e-02 6.95617182e-05 8.44855834e-05 6.82549729e-05
2.49645327e+01 6.58472949e-02 1.48136193e-02 -5.51281308e-02 2.58116734e-05 1.18788698e-04 8.93056811e-05
2.76680717e+01 5.82733795e-02 1.86968225e-02 -4.98743568e-02 7.29275581e-05 2.79223065e-04 5.84729412e-05
3.03683827e+01 5.58190571e-02 1.72618748e-02 -5.08929869e-02 3.57454415e-05 4.41399820e-04 3.93502695e-05
3.30643733e+01 5.78989292e-02 1.06432408e-02 -5.94308148e-02 1.01369449e-04 2.86011245e-04 2.08202773e-05
3.57684296e+01 5.66631164e-02 7.75820297e-03 -6.16485350e-02 5.48309435e-05 5.11748770e-04 1.62755245e-04
3.84727499e+01 5.46067261e-02 2.17775877e-03 -6.21722666e-02 3.11157414e-05 4.21400235e-04 1.38519766e-04
4.11754952e+01 5.91768267e-02 2.29349992e-03 -6.53101701e-02 5.73831429e-05 1.98919523e-04 2.60205953e-05
4.38758311e+01 6.53407146e-02 4.93732388e-03 -5.88809791e-02 2.36721734e-05 1.97473826e-04 8.82625208e-05
4.65757014e+01 6.95956065e-02 3.66078466e-03 -5.41117989e-02 8.60474668e-05 8.21615639e-05 4.25614964e-05
4.92766436e+01 6.28184582e-02 -1.67141658e-03 -5.08298834e-02 6.78979342e-05 1.95416357e-04 7.65496186e-05
5.19762264e+01 5.30326795e-02 -1.11052191e-02 -5.83510347e-02 1.09400655e-04 9.31949163e-05 4.21087231e-05
5.46768202e+01 6.34399737e-02 -1.12103582e-02 -5.70301614e-02 5.32406248e-05 9.62404140e-05 4.57447944e-05
5.73750030e+01 7.49967836e-02 -1.67711481e-02 -4.84846980e-02 5.26883704e-05 2.13318832e-04 8.37342127e-05
6.00669295e+01 7.39921402e-02 -1.03081642e-02 -4.56213842e-02 3.59202556e-05 1.23409481e-04 5.71128878e-05
6.27732749e+01 7.18095006e-02 -1.05733629e-02 -4.64981355e-02 6.76569534e-05 3.66963760e-04 1.21175629e-05
6.54800796e+01 6.50143910e-02 -4.76499696e-03 -3.71649707e-02 4.35831081e-05 1.51540769e-04 1.12126296e-04
6.81850952e+01 5.48727573e-02 -5.26536380e-03 -4.41032910e-02 6.44723204e-05 4.19669313e-04 9.98728458e-05
7.08901749e+01 4.43268052e-02 2.93020770e-04 -5.29987542e-02 9.09110668e-05 1.97277920e-04 6.85261440e-05
7.35965389e+01 4.33166490e-02 -1.65431381e-03 -5.82595622e-02 4.40586986e-05 1.74700473e-04 1.45417926e-05
7.62959405e+01 5.26206404e-02 -5.27419382e-03 -6.04933249e-02 5.67136829e-05 1.30624189e-04 1.12992483e-04
7.89931545e+01 6.36464691e-02 -3.51263667e-03 -5.62831040e-02 1.12575815e-04 1.14162575e-04 1.15568547e-04
8.16898889e+01 7.34364662e-02 -2.53190693e-03 -5.03928987e-02 2.03310409e-05 1.15177358e-04 4.45290387e-05
8.43872936e+01 6.89460099e-02 -3.52207668e-03 -3.72181348e-02 9.82830324e-05 2.08375369e-04 4.32608475e-05
8.70838983e+01 6.94304671e-02 -4.39172887e-03 -3.76137102e-02 3.02117645e-05 2.83195019e-04 8.00913203e-05
8.97886092e+01 6.85310451e-02 -4.19044038e-04 -4.55387217e-02 3.21031532e-05 2.89879045e-04 5.42370379e-06
9.24851296e+01 6.40713158e-02 -4.57057611e-03 -5.36815075e-02 5.68525185e-05 2.25550753e-04 3.21665028e-05
9.51908514e+01 6.28812052e-02 -7.66428279e-03 -5.36063146e-02 2.48073786e-05 2.19539093e-04 8.90466749e-05
9.78875342e+01 6.15160947e-02 -7.70135999e-03 -5.80587329e-02 8.09367069e-05 3.00418282e-04 5.90217586e-05
1.00590833e+02 6.11977217e-02 -1.19615010e-02 -6.19246641e-02 4.68514752e-05 3.20505495e-04 5.39495616e-05
1.03291333e+02 5.31064991e-02 -9.25285474e-03 -5.43510836e-02 1.30797269e-04 2.78918828e-04 6.88241849e-05
1.05995364e+02 5.03466838e-02 -6.11225761e-03 -6.22638891e-02 4.63331202e-06 2.24650112e-04 1.46466224e-05
1.08700223e+02 4.39814346e-02 -5.67546490e-03 -7.16662139e-02 1.02784256e-04 3.14583873e-04 7.81688115e-05
1.11390020e+02 4.73990868e-02 -7.67877283e-03 -7.32102537e-02 1.35549732e-04 3.91740737e-04 9.88926618e-05
1.14098176e+02 5.47522821e-02 -6.65831958e-03 -5.42838948e-02 4.70317830e-05 2.39801686e-04 1.99555826e-05
1.16804208e+02 6.20401988e-02 -5.72533895e-03 -4.33402401e-02 4.78973474e-05 1.34183497e-04 9.76917981e-05
1.19505036e+02 7.09297087e-02 -4.78276635e-03 -2.62036572e-02 9.39107480e-05 7.14350759e-05 1.14618136e-04
1.22203801e+02 8.49996822e-02 -3.34017170e-03 -4.36078575e-03 6.30596321e-06 7.11054849e-05 2.64669285e-05
1.24900301e+02 8.51460719e-02 -1.37807904e-03 1.50976890e-02 6.02924479e-05 6.62360071e-05 5.58621183e-05
1.27603192e+02 7.25592987e-02 -4.95165428e-05 2.68800407e-02 1.39935795e-05 9.10099693e-05 1.22841825e-04
1.30298708e+02 6.93401474e-02 -6.44550559e-03 3.05794030e-02 1.43231030e-04 2.98126513e-04 8.39977461e-05
1.32996551e+02 7.34337478e-02 -9.16437965e-03 3.99116776e-02 5.79289594e-05 5.29254420e-04 9.99177855e-05
1.35690786e+02 6.49271905e-02 -1.36398934e-02 5.25144404e-02 4.82246552e-05 7.26019506e-04 4.65177721e-05
1.38378270e+02 5.30619211e-02 -9.75479042e-03 6.73118150e-02 2.41728232e-04 5.06066698e-04 8.99164907e-05
1.41072114e+02 5.37334200e-02 -6.00329019e-03 6.86127336e-02 2.41439995e-05 5.85377408e-04 2.36565972e-04
1.43760880e+02 5.12202990e-02 -3.17391224e-03 5.70666915e-02 5.54176426e-05 5.41552906e-04 4.22356743e-05
1.46453411e+02 4.17984880e-02 9.54550405e-04 5.85449087e-02 8.58202309e-05 7.30778742e-04 1.13343112e-04
1.49160301e+02 5.11148205e-02 -4.66908680e-03 6.20272870e-02 1.30992999e-05 4.71176249e-04 3.40951586e-05
1.51860130e+02 6.01063426e-02 4.93111534e-04 6.75300796e-02 4.73642581e-05 2.37362212e-04 6.08621377e-05
1.54563317e+02 5.71775988e-02 -3.84726170e-03 6.58547841e-02 3.16526978e-05 1.64126864e-04 1.05959292e-04
1.57267051e+02 5.74868949e-02 -9.05652235e-04 6.34465578e-02 9.71830980e-05 1.83545471e-04 2.25539639e-05
1.59967739e+02 6.08923727e-02 -2.82230238e-03 5.72322599e-02 3.98156615e-05 8.89013242e-05 5.23925518e-05
1.62682270e+02 6.99673506e-02 -2.57512267e-03 4.48113199e-02 1.30185364e-04 1.72869662e-04 5.87249713e-05
1.65381098e+02 6.22462742e-02 9.14208091e-04 4.33542125e-02 1.37484602e-04 1.23526912e-04 1.51855344e-04
1.68087348e+02 4.98677500e-02 -1.80802041e-03 4.53732537e-02 1.56813914e-04 2.16353721e-05 7.23018634e-05
1.70791223e+02 4.47111950e-02 -2.48936632e-03 6.24660109e-02 6.17913695e-05 1.18484962e-05 2.08323533e-04
1.73493630e+02 4.93453506e-02 2.44925625e-05 6.31801819e-02 1.07828489e-04 8.45814854e-05 1.65704683e-05
1.76191473e+02 5.94406304e-02 -3.37041207e-03 6.30353765e-02 5.76107708e-05 2.14815121e-04 1.57242065e-04
1.78889130e+02 6.34873974e-02 -6.91846897e-03 6.07438731e-02 4.35239563e-05 1.40178372e-04 2.21683358e-05
1.81592551e+02 7.48638012e-02 -3.77414002e-03 5.19907028e-02 5.49266983e-05 3.47044234e-04 5.80615060e-05
1.84282786e+02 7.51496011e-02 -6.49393045e-03 4.63046608e-02 7.50915485e-05 1.50575120e-04 2.42514031e-05
1.86981911e+02 7.54754956e-02 -7.82056293e-03 4.36461074e-02 5.63968444e-05 2.88316261e-04 3.97278592e-05
1.89676583e+02 7.71945083e-02 -2.00999341e-02 4.63149668e-02 5.75788256e-05 2.86814909e-04 3.52882795e-05
1.92381223e+02 7.05443800e-02 -1.79465915e-02 5.13061227e-02 3.97904372e-05 1.91077533e-04 8.16903928e-05
1.95077005e+02 6.70931721e-02 -1.95988128e-02 5.30992758e-02 5.44963983e-05 8.43135943e-05 7.90432584e-05
1.97777786e+02 6.00402687e-02 -1.92075957e-02 5.61181138e-02 6.91271171e-05 1.29690356e-04 6.52024527e-05
2.00481911e+02 5.37806707e-02 -2.36776126e-02 5.27118974e-02 2.73890767e-05 1.87032768e-04 2.79229455e-05
2.03182786e+02 4.73351453e-02 -1.91310800e-02 5.54547326e-02 3.66355081e-05 2.82745637e-04 8.41180058e-05
2.05882864e+02 5.16641066e-02 -1.54626180e-02 5.23358298e-02 4.26622224e-05 1.57684386e-04 8.29104870e-05
2.08584958e+02 5.01452671e-02 -1.43781107e-02 6.29188276e-02 6.36639511e-05 1.94689475e-04 5.37443249e-05
2.11288598e+02 5.81951379e-02 -1.37262564e-02 6.85665677e-02 8.10924039e-05 5.02180208e-05 5.60543445e-05
2.13990255e+02 6.00929547e-02 -1.42245270e-02 7.19746374e-02 5.15211622e-05 6.79388110e-05 2.62834481e-05
2.16693083e+02 5.48557584e-02 -1.39774514e-02 6.94733161e-02 7.04828054e-05 2.66460006e-04 2.74788052e-05
2.19394926e+02 5.92423721e-02 -8.10435344e-03 6.19578975e-02 6.65060356e-05 1.18894291e-04 8.72828967e-05
2.22092723e+02 6.68374119e-02 -7.95448454e-03 4.73436451e-02 1.75806789e-05 1.58693206e-04 8.14079818e-05
2.24794583e+02 7.00625201e-02 -4.04498643e-03 3.49411668e-02 6.12468530e-05 1.44854081e-04 9.06537077e-05
2.27488036e+02 6.77672771e-02 -8.51371542e-03 3.79997118e-02 9.21857804e-05 5.18537927e-04 5.75212672e-05
2.30189786e+02 6.10367593e-02 -2.52592936e-04 4.88751000e-02 1.00402490e-05 3.34080293e-04 3.27118885e-05
2.32886005e+02 5.96159932e-02 5.82550807e-03 5.98262038e-02 6.34361641e-05 2.13610640e-04 6.31650021e-05
2.35587848e+02 5.77279287e-02 6.76401343e-04 6.10468580e-02 4.10500211e-05 3.02876420e-04 8.33861790e-05
2.38284458e+02 5.31182447e-02 1.37605663e-03 5.97693023e-02 2.02021803e-05 2.43096619e-04 5.46717039e-05
2.40969723e+02 5.57915737e-02 -8.30734165e-03 5.74576013e-02 1.04705962e-04 4.24178006e-05 2.37438258e-05
2.43677926e+02 5.72160251e-02 -2.78264231e-03 6.09562522e-02 9.94099351e-05 1.65086543e-04 3.44361375e-05
2.46370036e+02 5.16491618e-02 -1.13122371e-02 6.41656566e-02 5.99793361e-05 2.34599535e-04 5.04824771e-05
2.49082520e+02 5.31252492e-02 -1.23590841e-02 6.72115105e-02 4.46463118e-05 1.65016158e-04 3.86853028e-05
2.51780723e+02 4.64657531e-02 -9.89615370e-03 6.55446555e-02 5.41409767e-05 1.88214120e-04 2.79926133e-05
2.54489426e+02 5.57980470e-02 -7.77294966e-03 6.04972084e-02 5.94615229e-05 2.45074242e-04 3.95657352e-05
2.57182020e+02 5.59829026e-02 -1.07435878e-02 6.04644944e-02 7.29730942e-05 1.89471390e-04 6.54226255e-05
2.59878036e+02 5.74359551e-02 -3.46283144e-03 6.73047706e-02 3.69921896e-05 6.23382771e-05 8.15255206e-05
2.62573958e+02 5.42741954e-02 1.52597781e-03 6.19873159e-02 8.52375303e-05 1.55714733e-04 3.84479474e-05
2.65269223e+02 5.72981494e-02 4.90847084e-03 5.52233896e-02 1.12874267e-04 1.73444718e-04 1.33643174e-04
2.67969482e+02 5.82831484e-02 7.39474167e-03 4.11361256e-02 4.70605275e-05 1.05354378e-04 1.23554098e-04
