6.62128746e-01 6.48485640e-02 9.40398479e-03 9.91835735e-03 4.01019103e-05 2.99821633e-04 4.80259102e-05
3.36088835e+00 6.94986858e-02 1.02704818e-02 -3.04757805e-02 6.11892507e-05 1.32506866e-04 4.33050642e-05
6.05254320e+00 6.65129056e-02 1.04826087e-02 -4.48037709e-02 1.07637731e-04 1.31725323e-04 7.17463743e-05
8.75908679e+00 6.94677038e-02 5.89165101e-03 -4.45647221e-02 5.32384998e-05 1.13406725e-04 1.70616655e-04
1.14540927e+01 6.81013690e-02 7.42538644e-03 -5.36389038e-02 2.26251187e-05 7.95956564e-05 7.03628708e-06
1.41475755e+01 6.44678114e-02 7.99095219e-03 -6.76876601e-02 3.32468660e-05 6.39810662e-05 7.00818354e-05
1.68499896e+01 6.49019844e-02 1.48304623e-02 -6.77478909e-02 2.95259994e-05 1.69191510e-04 1.85797518e-05
1.95565865e+01 6.41856710e-02 1.35150379e-02 -6.40688367e-02 5.37956808e-05 4.53873092e-05 9.08027829e-05
2.22572224e+01 6.57061866e-02 1.78245197e-02 -5.69661449e-02 1.41609225e-04 9.36804414e-05 4.68079778e-05
2.49609568e+01 6.54528441e-02 1.35347900e-02 -5.63300818e-02 1.51703271e-05 2.25529615e-04 4.89974663e-05
2.76616709e+01 6.34856940e-02 1.71041489e-02 -5.28953669e-02 3.88269491e-05 2.67198703e-04 7.05010282e-05
3.03617193e+01 6.16218112e-02 1.11178712e-02 -5.52479303e-02 3.53052705e-05 4.95444936e-04 8.27573478e-05
3.30645146e+01 6.11304606e-02 8.99094515e-03 -6.25235666e-02 8.28232386e-05 4.36594301e-04 5.24754172e-05
3.57671302e+01 5.45823101e-02 2.46653605e-03 -6.40958653e-02 2.55189945e-05 4.45917077e-04 1.35800368e-04
3.84655865e+01 5.38222602e-02 2.82271268e-03 -5.68734426e-02 6.18767556e-05 4.50456101e-04 5.66034845e-05
4.11726802e+01 5.43863196e-02 7.33528436e-03 -6.02680682e-02 6.80248526e-05 2.33848596e-04 1.70969558e-05
4.38726740e+01 6.01431723e-02 6.23923666e-03 -5.34744240e-02 6.26457545e-05 3.02036020e-04 7.66569633e-05
4.65712724e+01 5.86552752e-02 4.78080219e-03 -5.24001879e-02 9.10725595e-05 1.89154851e-04 3.99549341e-05
4.92741818e+01 5.93404159e-02 -4.83189342e-03 -4.17022001e-02 6.02397867e-05 1.82478523e-04 5.47028525e-05
5.19812693e+01 5.91170757e-02 -1.28619327e-02 -5.41443237e-02 7.72709246e-05 1.10609701e-04 1.40338891e-05
5.46788005e+01 6.34218809e-02 -1.47723870e-02 -5.39746302e-02 2.83003618e-05 4.98508213e-05 1.07694979e-04
5.73824849e+01 6.72124882e-02 -1.29933061e-02 -5.17992476e-02 3.26016095e-05 2.56024046e-04 4.94567460e-05
6.00793740e+01 6.78081826e-02 -1.07847802e-02 -4.60365130e-02 1.05754537e-04 1.50139880e-04 8.22719703e-05
6.27758677e+01 6.45588495e-02 -8.80165764e-03 -4.98297765e-02 5.82413211e-05 2.00468120e-04 1.89150940e-05
6.54802083e+01 5.76065391e-02 3.12985596e-04 -4.14199314e-02 2.91936856e-05 2.89100412e-04 1.44859804e-04
6.81844380e+01 5.01193886e-02 -1.10738033e-02 -3.83702867e-02 4.65975649e-05 3.72397919e-04 9.50177297e-05
7.08899255e+01 4.22087566e-02 -2.68738697e-03 -4.77579134e-02 7.47754150e-05 4.12937041e-04 4.43113948e-05
7.35949927e+01 3.89310165e-02 -8.90954853e-03 -5.43111929e-02 3.81822366e-05 1.25594570e-04 2.40181252e-05
7.62953818e+01 5.63216922e-02 -3.46209976e-03 -5.64482203e-02 3.29399360e-05 1.78448924e-04 7.43692079e-05
7.89975365e+01 6.92828543e-02 -4.20041178e-03 -5.74001152e-02 9.39993536e-05 6.94377479e-05 4.17763523e-05
8.16965318e+01 7.07672041e-02 -4.17727673e-03 -4.88965919e-02 1.52729899e-05 1.43338210e-04 1.14045475e-04
8.43929927e+01 6.40725077e-02 -3.37187882e-03 -4.42225251e-02 1.56080777e-04 2.09325406e-04 4.00341566e-05
8.70944818e+01 6.59180838e-02 -2.78329785e-03 -4.15289843e-02 8.96726803e-06 1.80207704e-04 8.22795311e-05
8.97904177e+01 6.49632517e-02 2.27852280e-03 -4.44732745e-02 8.84132728e-06 3.17333663e-04 7.91653497e-06
9.24811740e+01 6.16302205e-02 -4.69682576e-04 -5.12202399e-02 5.10643637e-05 1.27691550e-04 5.45251759e-05
9.51829333e+01 6.15585361e-02 -8.14479171e-03 -5.22071795e-02 1.08470717e-04 1.85713833e-04 6.91786476e-05
9.78895521e+01 5.56108839e-02 -8.05705699e-03 -5.32591892e-02 3.33912898e-05 1.80874679e-04 5.45554037e-05
1.00586371e+02 5.32992946e-02 -7.86775243e-03 -5.11707632e-02 6.41250256e-05 3.32440972e-04 3.60443284e-05
1.03297902e+02 5.53378236e-02 -7.81158322e-03 -5.35632271e-02 8.91210798e-05 1.50690377e-04 3.41958054e-05
1.05993808e+02 5.10997292e-02 -1.00015435e-02 -5.99922309e-02 2.16867807e-05 4.45842356e-04 4.81227704e-05
1.08694418e+02 4.17048081e-02 -8.54695744e-03 -6.65373284e-02 3.34699248e-05 3.93910685e-04 3.90956930e-05
1.11390715e+02 4.37101559e-02 -7.94900253e-03 -6.27586907e-02 1.21915860e-04 3.28552570e-04 2.96338952e-05
1.14098449e+02 5.15105325e-02 -1.05460657e-02 -5.44013314e-02 7.21369152e-05 3.52941355e-04 2.02374981e-05
1.16806683e+02 6.63832967e-02 -3.00238604e-03 -4.10534161e-02 4.79943619e-05 2.55622677e-04 1.01354805e-04
1.19505090e+02 8.11304425e-02 -7.33992855e-03 -2.49190095e-02 3.75923265e-05 1.89004279e-04 2.94256329e-05
1.22209840e+02 7.92579779e-02 -1.10182869e-04 -5.68854376e-03 2.99089081e-05 6.31839171e-05 7.74587250e-05
1.24910136e+02 8.45361899e-02 2.26348725e-03 1.05329130e-02 4.85282966e-05 4.31111878e-05 3.16601891e-05
1.27606605e+02 6.93236458e-02 1.22875517e-03 2.74726278e-02 4.03436559e-05 2.09063654e-04 8.13916426e-05
1.30303246e+02 6.68582133e-02 -4.66215704e-03 3.32402244e-02 6.20541284e-05 2.10974187e-04 2.86760467e-05
1.32998980e+02 7.01027046e-02 -4.73245552e-04 4.22341713e-02 7.08455968e-05 3.68350803e-04 1.41559113e-04
1.35688121e+02 6.53591755e-02 -6.04961987e-03 4.99537777e-02 9.52130549e-05 6.29095247e-04 1.41016095e-04
1.38381683e+02 5.52387588e-02 -2.29765082e-03 6.15675945e-02 1.91478063e-04 7.29974681e-04 6.14124383e-05
1.41069949e+02 5.09292360e-02 -5.33309699e-03 7.16011549e-02 1.23343994e-04 5.17685245e-04 1.62094188e-04
1.43768902e+02 5.37349247e-02 -3.65728573e-03 6.22285569e-02 8.91631724e-05 6.99189355e-04 4.89944030e-05
1.46455261e+02 4.70287082e-02 -3.62531319e-04 6.53922174e-02 1.47955424e-05 9.63102440e-04 4.72029143e-05
1.49157949e+02 4.97070911e-02 -6.93380114e-03 6.39157234e-02 7.94486568e-05 4.34364422e-04 6.44945834e-05
1.51857871e+02 5.59286258e-02 -4.30870036e-03 7.73394534e-02 2.25104103e-05 4.49204867e-04 4.23233842e-05
1.54557496e+02 4.95616525e-02 -1.03499149e-02 7.49864515e-02 5.10315797e-05 2.04921077e-04 4.43461664e-05
1.57266933e+02 5.41081374e-02 -5.49155706e-03 7.02424202e-02 4.76994631e-05 1.61369152e-04 2.75515280e-05
1.59967949e+02 5.74246329e-02 -4.43232205e-03 5.97524086e-02 3.28133089e-05 1.45978611e-04 6.98063385e-05
1.62674605e+02 6.47830255e-02 -5.64065133e-03 4.68847199e-02 2.35091097e-04 2.38642352e-04 2.96911406e-05
1.65375418e+02 6.45058252e-02 -4.06474996e-03 4.57630647e-02 1.11552049e-04 7.49953300e-05 2.58835464e-04
1.68081949e+02 4.95678576e-02 -4.94350223e-03 5.36165239e-02 1.34560475e-04 1.34017125e-04 1.56222772e-04
1.70784418e+02 4.17822237e-02 -6.16005593e-03 6.49338119e-02 6.91955694e-05 4.43483584e-05 2.30847780e-04
1.73488324e+02 4.69402302e-02 -2.81017776e-03 6.39092995e-02 1.37020842e-04 7.60324400e-05 4.76024081e-05
1.76189777e+02 5.65194901e-02 -2.47596672e-03 6.07431014e-02 1.01498563e-04 2.14005265e-04 1.31571176e-04
1.78889683e+02 6.76803908e-02 -4.35077204e-04 5.19016030e-02 9.80996764e-05 2.23819465e-04 9.13396724e-05
1.81596074e+02 8.09890931e-02 5.24183772e-04 4.97466296e-02 3.64751791e-05 2.56392883e-04 2.40567572e-05
1.84284168e+02 8.27292007e-02 2.80591363e-04 4.70149284e-02 9.55932214e-06 3.05551086e-04 7.10523763e-06
1.86977886e+02 7.62877576e-02 -1.16705858e-02 5.01512629e-02 5.20256334e-05 2.23055000e-04 5.44015046e-05
1.89682480e+02 6.56940283e-02 -1.80650066e-02 5.13251450e-02 5.28222242e-05 2.94305260e-04 7.64104475e-05
1.92382965e+02 5.82388998e-02 -1.78518423e-02 5.25514845e-02 5.49517513e-05 3.36153660e-04 4.15034150e-05
1.95084386e+02 5.68134044e-02 -2.18720602e-02 4.94739638e-02 3.61690200e-05 1.66393349e-04 8.72396653e-05
1.97785949e+02 5.36809903e-02 -2.43162922e-02 4.82721877e-02 1.05872072e-04 2.90463653e-04 3.88759768e-05
2.00487574e+02 5.22642178e-02 -2.45914097e-02 5.13546381e-02 1.09166148e-04 1.07034927e-04 3.52467652e-05
2.03183683e+02 4.47937411e-02 -1.78112031e-02 5.31045068e-02 5.32647667e-05 2.80246788e-04 1.33604250e-04
2.05885324e+02 5.41121149e-02 -1.35992209e-02 5.37184412e-02 3.19002206e-05 8.47793476e-05 5.48681263e-05
2.08594855e+02 5.59751340e-02 -1.24921956e-02 5.71093415e-02 7.63198086e-05 2.66200887e-04 3.93310550e-05
2.11289340e+02 6.69495536e-02 -7.58466721e-03 6.15674925e-02 2.42338848e-05 1.22231543e-04 9.04905928e-05
2.13988652e+02 5.64035426e-02 -8.80346995e-03 7.41650231e-02 5.01536728e-05 5.71078116e-05 1.22806490e-04
2.16693543e+02 5.38165964e-02 -1.11620989e-02 7.49303710e-02 4.33020416e-05 7.15543510e-05 5.85061258e-05
2.19396418e+02 6.55998718e-02 -7.58368310e-03 6.19320969e-02 1.09101662e-04 2.35387307e-05 3.34556708e-05
2.22094933e+02 6.31537817e-02 -8.72138327e-03 4.68743130e-02 7.69487330e-05 2.75711975e-05 1.15961629e-04
2.24795527e+02 6.80855406e-02 -9.25611699e-03 3.32830144e-02 4.88931896e-05 1.21292065e-04 4.75699276e-05
2.27499636e+02 6.91991319e-02 -1.08107760e-02 3.83517907e-02 1.50462745e-05 2.13241020e-04 8.31747376e-05
2.30190293e+02 6.43393646e-02 -2.74922830e-03 5.04782962e-02 1.10620649e-05 1.43073841e-04 2.99592499e-05
2.32892574e+02 5.60593726e-02 2.91273779e-03 6.29370615e-02 4.69415213e-05 1.47417191e-04 3.55737781e-05
2.35589715e+02 6.02145270e-02 7.70962151e-04 6.17770301e-02 7.85494938e-05 2.67088291e-04 1.10496020e-04
2.38278418e+02 5.68483845e-02 -3.11565257e-03 6.40806334e-02 5.44520881e-05 3.37363736e-04 1.11988497e-04
2.40975996e+02 5.45573368e-02 -7.26832733e-03 6.43510587e-02 1.17815675e-04 7.64727372e-05 7.07843505e-05
2.43679668e+02 6.06443538e-02 -8.86908567e-03 6.22330305e-02 9.31300281e-05 1.66226218e-04 9.31483773e-05
2.46382183e+02 5.51654468e-02 -1.06407268e-02 6.61890358e-02 6.06923108e-05 1.15778084e-04 4.82313991e-05
2.49084293e+02 5.12832647e-02 -8.56962515e-03 6.95627315e-02 2.78937879e-05 1.73169782e-04 2.31276908e-05
2.51787105e+02 4.93042599e-02 -8.96525691e-03 6.66088920e-02 1.00146591e-04 1.91053000e-04 5.89387886e-05
2.54486340e+02 5.21298356e-02 -9.60113873e-03 6.04058025e-02 6.59147960e-05 1.53123899e-04 1.01240372e-04
2.57185715e+02 5.48629796e-02 -1.00670691e-02 6.48907723e-02 9.42273515e-05 1.26876633e-04 2.43537371e-05
2.59884668e+02 5.30157665e-02 5.13146296e-03 6.89612164e-02 3.40933771e-05 6.52299060e-05 1.13572136e-04
2.62575558e+02 5.35273517e-02 5.14694332e-03 7.12719732e-02 8.86952825e-06 1.47907000e-04 2.46353339e-05
2.65278949e+02 5.71308957e-02 6.66467681e-03 6.40777761e-02 2.24100443e-05 1.70771357e-04 2.79183761e-05
2.67974240e+02 6.03971500e-02 9.46882541e-03 4.85921496e-02 2.62723290e-05 2.47619236e-04 2.54872960e-05
