6.71674728e-01 7.20778501e-02 3.13159887e-04 1.71650619e-02 4.02197933e-05 2.26220198e-04 3.32935109e-05
3.36030479e+00 7.09534123e-02 -4.53109548e-04 -4.03335891e-03 5.50299091e-05 5.51892608e-04 3.27000506e-05
6.05701573e+00 6.63647591e-02 2.92143397e-05 -2.74012539e-02 5.02304453e-05 3.93310566e-04 3.71176944e-05
8.75680635e+00 5.52059055e-02 6.79114220e-03 -4.80250799e-02 3.16976238e-05 3.28367349e-04 6.31472833e-05
1.14566367e+01 4.86252603e-02 1.32112915e-03 -6.17057777e-02 2.46236039e-05 2.11849039e-04 1.44631092e-05
1.41500585e+01 4.94402434e-02 8.38679520e-04 -6.41102980e-02 6.25072483e-05 1.00647722e-04 2.12279884e-05
1.68535101e+01 5.71992958e-02 1.61707779e-03 -5.83451268e-02 4.31323493e-05 1.32696899e-04 1.29957380e-05
1.95524898e+01 5.80807194e-02 -3.85269686e-03 -5.97910659e-02 1.56683734e-05 5.81429909e-05 4.84344699e-05
2.22504804e+01 5.77936792e-02 -8.08202068e-03 -6.46467838e-02 4.60870659e-05 3.67183333e-05 6.90954213e-05
2.49491273e+01 5.85877046e-02 -1.24107490e-02 -6.58960366e-02 5.36306349e-05 1.02951443e-04 1.35061992e-04
2.76535898e+01 5.39186038e-02 -7.98447408e-03 -6.18801912e-02 1.12131728e-04 2.28035569e-04 7.02965522e-05
3.03595523e+01 5.38553392e-02 -6.04571207e-03 -5.65972336e-02 2.68753663e-05 1.87436919e-04 5.78940339e-05
3.30569492e+01 6.06721124e-02 8.71778604e-06 -5.41434961e-02 2.69726475e-05 1.45343663e-04 9.92326146e-05
3.57577273e+01 6.55042904e-02 -1.61922542e-03 -5.36706915e-02 7.14289673e-05 1.40973953e-04 9.16500024e-05
3.84636507e+01 6.54390072e-02 -4.06149366e-03 -5.97160064e-02 2.80874723e-05 8.91433731e-05 8.87730104e-05
4.11602585e+01 6.19354218e-02 -7.38869711e-03 -6.23358765e-02 6.87901347e-05 4.44787905e-04 6.20210322e-05
4.38626820e+01 6.17433010e-02 -5.03369365e-03 -6.07629802e-02 9.70809133e-05 4.93468007e-04 1.70252836e-04
4.65641320e+01 6.87300191e-02 -4.37017885e-03 -5.91158102e-02 4.73811706e-05 4.21254351e-04 3.98115033e-05
4.92637320e+01 6.52204338e-02 -2.21105806e-03 -5.85280905e-02 3.28696710e-05 3.28212768e-04 6.44525456e-05
5.19718960e+01 5.92095218e-02 3.69480974e-04 -5.80435689e-02 3.63690284e-05 3.45550375e-04 1.58619853e-05
5.46870460e+01 5.97485917e-02 2.99841642e-03 -5.89935833e-02 3.91771526e-05 1.84890593e-04 4.52572000e-05
5.73857320e+01 5.95262124e-02 -5.36192236e-03 -6.32196554e-02 8.15964649e-05 1.42115990e-04 2.20221284e-05
6.00928820e+01 4.88020537e-02 -4.14418335e-03 -6.97798154e-02 2.24813431e-05 1.11870078e-04 7.09742974e-05
6.27944773e+01 3.86733386e-02 -1.43810883e-02 -7.30676642e-02 6.13818047e-05 7.43440343e-05 5.17010201e-05
6.54934523e+01 4.56248553e-02 -1.65358644e-02 -7.05737975e-02 4.21495224e-05 1.02918644e-04 8.26942892e-05
6.81973367e+01 5.83102938e-02 -1.92200899e-02 -6.32996270e-02 1.26098556e-05 1.40032821e-04 6.36088959e-05
7.08978789e+01 7.21757604e-02 -1.41605069e-02 -6.01708010e-02 2.99378064e-05 6.18087390e-05 3.49889552e-05
7.35923554e+01 7.31195066e-02 -1.66686424e-02 -5.14276728e-02 3.65089252e-05 9.67954811e-05 2.91400690e-05
7.62964914e+01 7.04845996e-02 -1.66409812e-02 -4.71901935e-02 4.49765019e-05 1.05712513e-04 1.21174198e-04
7.89952210e+01 6.22161869e-02 -8.46715602e-03 -6.29239302e-02 3.92300761e-05 1.92672585e-04 5.87924719e-05
8.16944835e+01 5.27393231e-02 -2.81932376e-03 -5.94719522e-02 5.77872345e-05 1.26059604e-04 1.12455672e-04
8.43903664e+01 5.63434115e-02 -2.31584553e-03 -6.79855224e-02 1.06667835e-04 6.89168403e-05 4.82329329e-05
8.70953210e+01 5.89217205e-02 7.85299711e-04 -6.31634540e-02 5.60428638e-05 3.65395545e-05 3.48989359e-05
8.97861210e+01 6.31183312e-02 3.55493416e-03 -6.41946745e-02 2.49812663e-05 1.33195903e-04 1.03591701e-04
9.24860507e+01 6.59314495e-02 -4.58340935e-04 -6.21371082e-02 7.50021704e-05 1.49171133e-04 4.94718446e-05
9.51851742e+01 6.78054225e-02 5.69466713e-03 -6.08038436e-02 1.10750938e-04 1.31867826e-04 5.27416833e-05
9.78812148e+01 7.04072756e-02 3.76022255e-03 -6.14588639e-02 4.89539525e-05 1.31058269e-04 3.63109897e-05
1.00576469e+02 6.25825976e-02 -1.03178371e-03 -6.59928657e-02 2.99524710e-05 1.72610436e-04 2.85142734e-05
1.03280048e+02 6.15293797e-02 -1.55456424e-03 -6.09799387e-02 1.09221947e-05 6.06125905e-05 9.38373924e-05
1.05989532e+02 6.86129679e-02 -3.82036185e-03 -5.15990788e-02 8.44388725e-05 4.65206770e-05 4.75894497e-05
1.08690266e+02 7.88222760e-02 -5.04315286e-03 -5.70138165e-02 1.02909143e-04 4.88444182e-05 5.75506598e-05
1.11395563e+02 8.64427627e-02 -6.16925847e-03 -4.23664924e-02 5.30162113e-05 2.93711060e-04 1.39800404e-04
1.14097907e+02 7.79410352e-02 -2.35826274e-04 -4.39268587e-02 1.82876519e-05 5.89882712e-05 1.11851546e-04
1.16804907e+02 7.02846864e-02 -8.54205556e-04 -4.29021851e-02 1.41190519e-04 3.14228731e-04 1.19815647e-04
1.19511704e+02 7.28373901e-02 -5.31927251e-03 -4.17048357e-02 5.98718585e-05 3.16849172e-05 5.33613337e-05
1.22209032e+02 8.28161166e-02 -4.45311549e-05 -3.09282654e-02 5.96152799e-05 1.95295915e-05 3.10723189e-05
1.24908376e+02 9.00628622e-02 6.22927581e-04 -7.18003003e-03 9.25984631e-05 8.51441204e-05 2.16558374e-05
1.27599954e+02 8.39859799e-02 8.21797277e-03 1.77185098e-02 9.52481038e-05 8.18186123e-05 1.79928266e-04
1.30304126e+02 7.35074533e-02 6.41103959e-03 3.69415183e-02 9.10602184e-05 1.47155684e-04 1.66759180e-04
1.32996766e+02 7.82547726e-02 1.16913841e-02 4.66042443e-02 5.12510188e-05 2.94208368e-05 1.38515253e-04
1.35689391e+02 7.46032827e-02 9.65061012e-03 5.15687047e-02 7.19334877e-05 9.49599486e-05 4.00564714e-05
1.38378313e+02 6.92140315e-02 1.17206195e-02 5.43208118e-02 9.80476693e-05 8.10144144e-05 6.50006715e-05
1.41071923e+02 7.12673264e-02 1.08770663e-02 5.46371223e-02 3.92405200e-05 7.30815408e-05 4.08333348e-05
1.43769407e+02 7.36318234e-02 6.81599270e-03 5.21760216e-02 2.92574162e-05 4.56497355e-05 3.59829658e-05
1.46476048e+02 4.82534923e-02 -2.10338258e-03 6.26654564e-02 1.25624748e-04 5.58130610e-05 7.50268889e-05
1.49165891e+02 4.86711239e-02 -1.01390024e-02 6.42204607e-02 8.40992259e-05 1.15907261e-04 3.61009992e-05
1.51862298e+02 4.21491939e-02 -5.98365799e-03 5.69324048e-02 4.42317514e-05 1.04813705e-04 3.89087784e-05
1.54562188e+02 3.53557400e-02 -1.20893028e-02 5.76516721e-02 6.85967683e-05 1.33085169e-04 3.81947367e-05
1.57255454e+02 3.07816853e-02 -1.12000769e-02 6.33319136e-02 8.08183093e-05 1.65283598e-04 6.30685624e-05
1.59954751e+02 3.30099579e-02 -1.99914625e-02 7.38186945e-02 1.04517586e-04 1.40209179e-04 4.31470073e-05
1.62649626e+02 3.32568334e-02 -1.78701334e-02 7.75460783e-02 8.31213288e-05 1.48728943e-04 3.86996739e-05
1.65356532e+02 3.79168425e-02 -9.96101713e-03 6.91003627e-02 7.00265044e-05 2.00167494e-04 6.87643019e-05
1.68066360e+02 4.92260575e-02 -1.00858227e-02 7.04750845e-02 1.24002278e-04 1.20138372e-04 3.82497357e-05
1.70771751e+02 5.50336150e-02 -5.52235681e-03 5.45237142e-02 4.65338798e-05 2.67852979e-04 6.71193942e-05
1.73471344e+02 7.21780071e-02 -3.89759327e-03 5.30058332e-02 4.66809124e-05 2.24874806e-04 1.16044272e-04
1.76168594e+02 6.74198022e-02 -4.13885362e-03 4.69799600e-02 4.79774744e-05 4.90680701e-05 6.48544417e-05
1.78880360e+02 5.91772516e-02 -1.00286838e-02 5.24461915e-02 3.77603031e-05 1.17010505e-04 3.41522471e-05
1.81595329e+02 5.17986318e-02 -6.63315876e-03 6.03495373e-02 6.03433843e-05 9.76936893e-05 7.63293369e-06
1.84302829e+02 4.35682503e-02 -5.20360877e-03 6.39003469e-02 3.90076042e-05 4.99761714e-05 1.02376315e-04
1.87004266e+02 4.76695314e-02 -3.01329200e-03 6.30781010e-02 5.90199234e-05 2.00207904e-04 3.71664768e-05
1.89705782e+02 4.92835790e-02 -1.14512852e-02 6.40170277e-02 5.31215816e-05 1.60832799e-04 3.34257757e-05
1.92398969e+02 4.89490430e-02 -1.32039984e-02 7.05630964e-02 2.99053546e-05 2.74413674e-04 4.45816572e-05
1.95101829e+02 4.33620341e-02 -1.60261787e-02 6.71981862e-02 5.46399408e-05 3.11498502e-04 2.98133833e-05
1.97800126e+02 4.19377452e-02 -1.74838299e-02 5.96058052e-02 1.43951004e-04 3.83286443e-04 6.18970319e-05
2.00498516e+02 4.87817541e-02 -1.80956951e-02 4.92911225e-02 3.64637640e-05 3.83212221e-04 5.04467768e-05
2.03198391e+02 6.30928262e-02 -1.34744644e-02 4.24264256e-02 2.80318220e-05 4.91883304e-04 1.99048498e-05
2.05896391e+02 6.41833409e-02 -7.56792640e-03 4.59405969e-02 1.80685845e-05 2.45287456e-04 1.71447471e-04
2.08597485e+02 5.86356717e-02 -5.11800683e-03 5.56885199e-02 7.80457848e-06 1.70631836e-04 4.10043782e-05
2.11287923e+02 6.49592508e-02 -4.84120352e-04 4.47664339e-02 7.69253126e-05 3.65231639e-04 6.36359041e-05
2.13983423e+02 7.08687192e-02 -2.29111453e-03 4.07096421e-02 4.96158267e-05 3.32518192e-04 1.17207414e-04
2.16690766e+02 7.46378217e-02 -4.32966248e-03 4.55113122e-02 1.05889531e-04 2.46980094e-04 8.50466030e-05
2.19394360e+02 6.67153655e-02 7.13050327e-04 5.35930827e-02 1.89778274e-05 3.05431925e-04 1.37320490e-05
2.22091923e+02 5.77198050e-02 4.06238301e-03 6.41051548e-02 3.37203574e-05 1.53202649e-04 5.27092592e-05
2.24787673e+02 5.40862463e-02 -2.68872600e-03 7.01502825e-02 9.24054151e-05 2.84310515e-04 3.51003682e-05
2.27484532e+02 5.24794781e-02 -1.40654621e-02 6.09357884e-02 6.16229641e-05 4.16001361e-05 3.28776994e-05
2.30184204e+02 5.65399329e-02 -1.82444907e-02 5.50671030e-02 1.95649385e-05 8.51238398e-05 6.67534677e-05
2.32891016e+02 6.06267687e-02 -1.74746638e-02 4.59222486e-02 6.28374562e-05 1.18363465e-04 3.70389563e-05
2.35589376e+02 6.22284617e-02 -2.20314906e-02 4.40842774e-02 8.15497510e-06 6.05650921e-05 6.73975413e-05
2.38291501e+02 5.83247101e-02 -1.00076987e-02 5.56447957e-02 5.88256731e-05 6.45450412e-05 3.11198476e-05
2.40990454e+02 5.81285108e-02 -6.23436015e-03 6.33011303e-02 7.06305287e-05 1.00836391e-04 5.79318459e-05
2.43677063e+02 6.15861553e-02 3.79588468e-03 5.88681038e-02 3.24206863e-05 1.38638889e-04 6.93646049e-05
2.46376626e+02 5.72089116e-02 -8.98762108e-04 5.64590757e-02 3.06172690e-05 3.89785544e-04 4.27451805e-05
2.49064376e+02 5.28707728e-02 -6.33411304e-04 5.85866077e-02 2.79336964e-05 3.10110688e-04 1.34749577e-04
2.51762907e+02 5.12181470e-02 7.90224085e-03 6.04941790e-02 6.36381352e-05 2.14971861e-04 5.03237344e-05
2.54463563e+02 4.83490194e-02 1.45260446e-02 7.02086859e-02 2.38452261e-05 8.36090943e-05 1.17941101e-04
2.57174204e+02 5.47024387e-02 6.67154424e-03 7.07465892e-02 6.90661381e-05 7.68646624e-05 1.75935372e-04
2.59876032e+02 5.61069668e-02 8.73366421e-03 5.69358450e-02 6.49247986e-05 1.49868699e-04 5.88664203e-05
2.62583094e+02 6.42746227e-02 1.04054219e-02 5.00173803e-02 7.84892803e-05 5.45912750e-05 1.17268109e-04
2.65288969e+02 7.35426946e-02 2.37660202e-03 3.35930142e-02 9.64210719e-05 5.44025144e-05 2.39103622e-04
2.67985109e+02 7.14577977e-02 6.46306260e-04 2.74366927e-02 4.08015181e-05 2.04965025e-04 9.51858882e-05
