6.81800396e-01 7.30027634e-02 1.75375676e-02 1.79013395e-02 3.27004362e-05 6.13957293e-05 2.90830521e-05
3.37403034e+00 7.24927223e-02 1.80223690e-02 1.33635818e-03 3.83804635e-05 1.07754213e-04 9.93416245e-05
6.07531362e+00 7.41451725e-02 1.82032093e-02 -8.79272216e-03 8.79353518e-05 7.54395516e-05 1.70320978e-04
8.77116113e+00 7.42407757e-02 1.95451549e-02 -3.00822862e-02 7.55501721e-05 2.00728699e-04 1.30678662e-05
1.14637796e+01 6.90277016e-02 1.07787793e-02 -4.74156406e-02 3.15457774e-05 1.10397949e-04 3.72182378e-05
1.41650905e+01 6.58297442e-02 7.14697096e-03 -5.24835177e-02 5.54236492e-05 1.52806148e-04 3.64832300e-05
1.68664921e+01 6.50592670e-02 3.45155776e-03 -5.33105956e-02 1.98206796e-05 5.69244325e-05 2.71394025e-05
1.95642749e+01 6.92078535e-02 5.32836743e-03 -5.33446386e-02 5.65857120e-05 1.02735094e-04 5.44539976e-05
2.22572374e+01 6.54568219e-02 3.12242760e-03 -5.12525432e-02 4.31612307e-05 1.72690240e-04 1.62804175e-05
2.49509421e+01 5.95270235e-02 2.30638108e-03 -5.54295980e-02 3.05663579e-05 7.20969676e-05 1.24871157e-04
2.76492577e+01 5.35931568e-02 2.88791675e-03 -5.83511326e-02 1.18391771e-04 1.60971843e-04 1.00493664e-04
3.03482764e+01 5.24101390e-02 2.94142821e-03 -6.24881564e-02 9.90018016e-05 8.61124399e-05 9.83500861e-05
3.30456702e+01 5.14403994e-02 4.49580091e-03 -6.09800063e-02 5.81160355e-05 1.44568385e-04 1.17331791e-04
3.57455483e+01 5.43423402e-02 3.60167543e-03 -6.20251619e-02 4.24631491e-05 2.68430337e-04 6.11357181e-05
3.84417608e+01 5.70251696e-02 1.21618386e-02 -7.00173203e-02 1.02880603e-04 1.33915600e-04 2.26597880e-05
4.11516514e+01 5.99554388e-02 7.57520417e-03 -5.74076799e-02 5.05626856e-05 1.07663331e-04 7.07261895e-05
4.38554014e+01 6.99469456e-02 4.52119944e-03 -4.39242743e-02 8.82724935e-05 1.30337945e-04 2.14841982e-04
4.65521639e+01 7.01766152e-02 5.54602422e-04 -4.55539275e-02 5.66606736e-05 6.58652472e-05 9.03254551e-05
4.92545139e+01 6.34789801e-02 7.32208080e-03 -5.18528280e-02 3.30127295e-05 2.18100077e-04 7.96573311e-05
5.19621108e+01 6.40415036e-02 6.93950216e-03 -4.38271039e-02 1.63706720e-05 3.09219553e-04 9.32553792e-05
5.46680124e+01 6.37784775e-02 9.02560506e-03 -4.50595033e-02 4.38815512e-05 2.60315002e-04 1.81769934e-04
5.73712092e+01 6.17007128e-02 1.02852875e-02 -5.18284565e-02 4.33264036e-05 6.54488051e-04 6.35516821e-05
6.00751514e+01 5.91792675e-02 1.27541832e-02 -5.75267205e-02 3.26021551e-05 4.67532683e-04 1.12097955e-04
6.27820921e+01 5.94299197e-02 1.64306105e-02 -6.24974990e-02 2.04651109e-05 3.97295313e-04 6.61565775e-05
6.54874233e+01 5.68474419e-02 1.42174010e-02 -6.36348009e-02 6.59648101e-05 3.88960246e-04 6.53838232e-05
6.81875452e+01 5.86574847e-02 1.01482611e-02 -6.42939920e-02 2.72881572e-05 8.33649978e-04 7.74964599e-05
7.08800702e+01 6.32097606e-02 1.17978215e-02 -5.84807247e-02 8.07989185e-05 5.37073425e-04 2.69019829e-05
7.35774874e+01 5.88954658e-02 2.81670878e-03 -6.40773700e-02 7.17845346e-05 1.33908336e-03 3.44758213e-05
7.62670593e+01 5.55514712e-02 -4.80134464e-03 -5.59985128e-02 1.42289001e-05 1.42247829e-03 4.57462809e-05
7.89706702e+01 5.28385643e-02 -7.04829937e-03 -5.83752179e-02 2.49159725e-05 9.16064226e-04 3.75163297e-05
8.16673546e+01 5.00484239e-02 -1.09061832e-02 -5.59314404e-02 4.44580586e-05 6.97274198e-04 4.23875009e-05
8.43763983e+01 5.73359027e-02 -1.30970527e-02 -5.66870819e-02 1.16284840e-04 4.04257792e-04 6.20731451e-05
8.70741952e+01 5.96155317e-02 -1.54429322e-02 -5.76106300e-02 5.12677433e-05 3.84941734e-04 3.28991571e-05
8.97794686e+01 5.72300466e-02 -1.70813084e-02 -4.70454249e-02 1.10485838e-05 1.90288297e-04 7.86316250e-05
9.24811233e+01 6.01896073e-02 -1.97490102e-02 -4.36084978e-02 9.56956544e-05 2.82404036e-04 9.33173630e-05
9.51804749e+01 6.40704332e-02 -1.80417375e-02 -5.34704519e-02 2.60012064e-05 3.08653713e-04 1.17585459e-04
9.78853921e+01 5.90861839e-02 -1.48303165e-02 -5.93391711e-02 5.91741956e-05 2.88212708e-04 6.85467433e-05
1.00588473e+02 5.39154855e-02 -8.07579758e-03 -5.57682243e-02 1.43520616e-04 1.81595519e-04 1.03602559e-04
1.03291801e+02 6.17157534e-02 -1.84109445e-03 -5.25696238e-02 7.63938983e-05 1.52259437e-04 4.51459590e-04
1.05995692e+02 6.76097050e-02 4.08624465e-03 -4.08380731e-02 2.62293165e-04 2.62680492e-04 1.28514968e-04
1.08698161e+02 6.88935278e-02 9.46111853e-03 -3.55654248e-02 4.51790983e-05 3.92786429e-05 5.28386721e-05
1.11401505e+02 7.34318064e-02 1.11092420e-02 -3.66751981e-02 7.22746307e-05 1.63098605e-04 4.70727230e-05
1.14090989e+02 7.95412499e-02 1.45088703e-02 -4.85511290e-02 5.48928864e-05 8.03437562e-05 8.01177781e-05
1.16785270e+02 8.35777532e-02 1.64625862e-02 -4.49503992e-02 8.51961279e-05 6.74236169e-05 3.67992965e-05
1.19485364e+02 8.59618259e-02 1.57229876e-02 -4.15547330e-02 3.98744517e-05 8.59134681e-05 3.41444986e-05
1.22191411e+02 7.97660718e-02 9.44563369e-03 -2.87734602e-02 4.05973286e-05 2.17711328e-04 6.01840696e-05
1.24895676e+02 7.73810664e-02 1.50313244e-02 -2.55210938e-02 9.07642758e-05 4.11745193e-04 5.23194016e-05
1.27595833e+02 7.18312024e-02 9.19934234e-03 -1.55873037e-02 5.23740143e-05 2.20248910e-04 2.21611420e-05
1.30298723e+02 7.55300525e-02 8.24051411e-03 -7.29720978e-03 6.87213120e-05 5.23887274e-04 7.50448377e-05
1.32998145e+02 8.52317921e-02 1.23510849e-02 1.98752102e-03 4.83661065e-05 1.97290272e-04 1.54024682e-04
1.35689145e+02 9.11425855e-02 5.61312205e-03 1.81893900e-02 5.51313776e-05 1.98031271e-04 8.95552158e-05
1.38385380e+02 9.44816648e-02 7.95837995e-03 3.06088048e-02 9.06743455e-05 1.39887234e-04 7.85776361e-05
1.41076020e+02 8.38477827e-02 8.05170480e-03 3.50798900e-02 1.49626413e-04 1.09692412e-04 4.19810789e-05
1.43776676e+02 6.85849331e-02 1.13805235e-02 4.78474736e-02 2.68404123e-05 8.75775050e-05 1.54348969e-04
1.46469708e+02 5.59245784e-02 8.69883631e-03 5.79717482e-02 5.10685040e-05 9.05969522e-05 9.78427349e-06
1.49172192e+02 5.55673241e-02 1.04305576e-02 5.41204515e-02 5.58924140e-05 2.52125717e-04 1.39885774e-04
1.51876645e+02 5.44230795e-02 7.62454452e-03 5.46173838e-02 3.93070383e-05 6.14503625e-04 5.81499918e-05
1.54573536e+02 5.32651589e-02 6.64159543e-03 5.31201280e-02 4.07053828e-05 4.14327538e-04 1.03958097e-04
1.57271911e+02 5.68327964e-02 3.37056162e-03 6.01267735e-02 6.90613169e-05 1.54493846e-04 6.39096886e-05
1.59976739e+02 6.06446568e-02 4.87838839e-03 6.36796044e-02 8.94595673e-05 2.18356882e-04 1.71620711e-04
1.62671005e+02 4.71858581e-02 9.17352837e-03 6.98318771e-02 9.24983343e-05 2.38400865e-04 9.83110546e-05
1.65370020e+02 3.53683734e-02 6.03630697e-03 7.27628847e-02 9.17630707e-05 5.35766763e-04 1.12346700e-04
1.68076692e+02 3.82143937e-02 4.29365932e-03 6.93575663e-02 9.58461184e-05 1.49256807e-04 5.53104128e-05
1.70780567e+02 4.48355238e-02 -2.02055555e-03 6.93712776e-02 5.31260040e-05 1.76739410e-04 5.63830076e-05
1.73482473e+02 4.22350323e-02 3.50833168e-04 6.72849185e-02 1.87676773e-04 1.68124023e-04 4.76818974e-05
1.76177551e+02 5.31393026e-02 -9.65531674e-04 6.27785789e-02 6.51262958e-05 1.81503360e-04 8.78822603e-05
1.78879270e+02 5.35076049e-02 -3.97800345e-03 5.62061762e-02 4.67187419e-05 4.75424205e-04 7.45769220e-05
1.81583020e+02 4.73911674e-02 2.49915824e-03 4.85475771e-02 7.84708435e-05 5.07663763e-04 1.06746525e-04
1.84277989e+02 6.28119379e-02 1.06116180e-03 4.01825649e-02 6.40213249e-05 4.11281668e-04 1.08466585e-04
1.86983598e+02 6.73804863e-02 6.96546538e-03 3.90809677e-02 1.51352259e-04 3.52125542e-04 5.61117032e-05
1.89687067e+02 6.10765347e-02 8.34954605e-03 3.59455190e-02 1.90599330e-05 2.47894230e-04 1.40185226e-04
1.92395020e+02 5.63544635e-02 1.76893692e-02 4.96206962e-02 2.80156342e-05 1.93288389e-04 7.83047831e-05
1.95104505e+02 4.91896692e-02 2.24884835e-02 5.31766632e-02 1.22055376e-04 3.19487042e-04 5.03002990e-05
1.97796442e+02 5.16284717e-02 2.00395199e-02 6.69317735e-02 7.05532687e-05 1.81785947e-04 1.01439577e-04
2.00490864e+02 5.93073536e-02 1.32455985e-02 6.26577303e-02 2.30763534e-05 1.28296490e-04 2.83286401e-05
2.03190708e+02 5.57745492e-02 8.65767096e-03 6.24770477e-02 6.47261614e-05 3.00338868e-04 6.24666237e-05
2.05893520e+02 5.74549492e-02 1.39142464e-04 5.89297447e-02 6.09676333e-05 1.25937502e-04 6.79932025e-05
2.08604036e+02 5.66329453e-02 -1.71799359e-03 5.81057921e-02 8.96725883e-05 9.32024606e-05 3.36024064e-05
2.11306317e+02 5.13492425e-02 -4.68076430e-03 6.18935343e-02 2.71349068e-05 2.77730795e-05 1.09732960e-04
2.14010817e+02 4.82629067e-02 1.96321569e-03 6.92585550e-02 6.06255213e-05 2.81835238e-05 3.28118719e-05
2.16705520e+02 5.19525967e-02 -6.07332183e-03 7.60099468e-02 8.56001885e-05 4.44532978e-04 7.81216227e-05
2.19397395e+02 4.57454939e-02 -4.99785851e-03 7.40019729e-02 7.56669281e-05 4.16432437e-04 4.12478272e-05
2.22095395e+02 2.82015255e-02 2.28677107e-03 6.74841067e-02 9.58305511e-05 5.83571980e-04 3.53913304e-05
2.24800895e+02 2.34562561e-02 7.18926214e-04 6.63579279e-02 1.59058417e-04 7.42535272e-04 1.01649355e-04
2.27504380e+02 4.36997401e-02 -1.16426880e-03 6.11982804e-02 5.74151504e-05 3.44688309e-04 1.67834069e-04
2.30208770e+02 5.38950483e-02 2.85800828e-03 6.29840165e-02 6.31069002e-05 2.17619362e-04 6.58574882e-05
2.32913989e+02 5.97545186e-02 7.35645979e-03 6.70452739e-02 8.19371267e-05 4.43265872e-04 6.37339982e-05
2.35610098e+02 5.36969893e-02 9.47720730e-03 6.01525039e-02 4.92938811e-05 2.04318728e-04 5.34504912e-05
2.38309348e+02 4.48977036e-02 7.17159749e-03 5.84223936e-02 6.22222842e-05 1.35005386e-04 7.89170333e-05
2.41014255e+02 4.35210905e-02 1.43727842e-02 6.28606595e-02 6.34514833e-05 8.11228922e-05 3.05473629e-05
2.43712645e+02 5.30941580e-02 1.13577321e-02 6.38060631e-02 1.11090834e-04 8.26072210e-05 3.50746714e-05
2.46410864e+02 5.66764838e-02 5.85107402e-03 6.53649639e-02 3.57912483e-05 2.10713270e-04 6.20020237e-05
2.49102973e+02 5.23124105e-02 6.09796757e-03 7.27556209e-02 6.24282711e-05 1.09097793e-04 1.29387345e-04
2.51803083e+02 5.51769784e-02 9.93968643e-03 7.39804429e-02 8.91285289e-05 2.17746851e-04 2.90883163e-05
2.54496411e+02 4.89268219e-02 1.75367221e-02 7.01732461e-02 8.21282323e-05 1.36109125e-04 4.73038318e-05
2.57197098e+02 4.41575965e-02 5.40656033e-03 6.12424198e-02 5.76711122e-05 9.00021839e-05 6.34953936e-05
2.59901598e+02 4.92818683e-02 1.10123020e-02 5.16951150e-02 4.41168869e-05 1.14976794e-04 3.16343602e-05
2.62594426e+02 6.49661370e-02 1.27753534e-02 5.49615489e-02 5.38343080e-05 2.03710715e-04 9.43215704e-05
2.65299536e+02 7.43727404e-02 1.15148117e-02 4.66219253e-02 9.94372943e-05 5.71404084e-05 9.53119955e-05
2.67994880e+02 7.09200563e-02 1.40260076e-02 3.71239455e-02 5.01009193e-05 2.53013844e-05 8.57791653e-05
