6.83888568e-01 6.67336575e-02 1.58557538e-02 2.49858198e-02 2.66652267e-05 1.73606869e-05 4.47302089e-05
3.38357816e+00 7.22588623e-02 1.45400675e-02 6.41029171e-03 2.95001619e-05 6.57045469e-05 1.36682996e-04
6.07613238e+00 7.41162707e-02 1.58326033e-02 -1.27389851e-02 7.60156770e-05 5.67301783e-05 3.96327416e-05
8.76990410e+00 7.67542359e-02 1.48435631e-02 -2.67068793e-02 4.80864232e-05 2.94767957e-04 9.11948389e-05
1.14619300e+01 7.05109341e-02 1.17058559e-02 -4.61806946e-02 2.06736339e-05 1.15298761e-04 4.48792002e-05
1.41604254e+01 6.96292618e-02 7.77085400e-03 -5.36687399e-02 4.99901865e-05 7.68945091e-05 8.34096879e-05
1.68616613e+01 6.44269903e-02 5.47443844e-04 -5.60066318e-02 5.94751035e-05 6.82936939e-05 9.05785600e-05
1.95546722e+01 5.95422794e-02 3.39226956e-03 -5.72373289e-02 5.18212935e-05 2.00509485e-04 5.86389831e-05
2.22512519e+01 5.99123935e-02 1.50045522e-03 -5.25848960e-02 4.83163321e-05 1.34366692e-04 1.58194011e-05
2.49568675e+01 6.00255458e-02 2.12813161e-03 -4.61572161e-02 7.24109169e-05 6.14665379e-05 6.51148760e-05
2.76496816e+01 5.70086464e-02 -4.10360857e-04 -5.40141149e-02 1.46467387e-04 9.44578796e-05 6.07756744e-05
3.03429113e+01 5.15912295e-02 -1.82500410e-03 -6.12529385e-02 6.30481484e-05 5.35850268e-05 1.16707716e-04
3.30410769e+01 4.83471219e-02 4.99049792e-03 -6.09486828e-02 6.13434193e-05 1.72780847e-04 5.53696006e-06
3.57436425e+01 5.66766798e-02 1.74742886e-03 -6.74566140e-02 1.01902344e-04 1.63662220e-04 1.16096760e-04
3.84420847e+01 6.07386099e-02 8.03655559e-03 -6.46972823e-02 4.17058580e-05 3.36980821e-04 4.33220158e-05
4.11419879e+01 6.78146980e-02 5.72516087e-03 -6.09726835e-02 5.46785496e-05 8.03113663e-05 3.83236243e-05
4.38540582e+01 6.60231497e-02 2.70463335e-03 -5.16610967e-02 4.63982068e-05 3.77550905e-05 4.92908405e-05
4.65654800e+01 6.60819439e-02 2.52026531e-03 -4.37662914e-02 1.75129940e-05 5.64060850e-05 9.18552378e-05
4.92659535e+01 7.24753228e-02 4.95834779e-03 -4.80901570e-02 3.85519855e-05 8.60778359e-05 3.04353524e-05
5.19672957e+01 7.02770754e-02 1.19837419e-02 -5.24438284e-02 4.17913517e-05 1.56488706e-04 3.38175991e-05
5.46703769e+01 7.14598810e-02 1.03339069e-02 -4.79816633e-02 1.50451397e-04 2.88599136e-04 3.54508829e-05
5.73714816e+01 6.37614960e-02 8.15175635e-03 -4.98826615e-02 1.61107360e-05 5.79242861e-04 6.53217572e-05
6.00797613e+01 6.45945011e-02 1.06649336e-02 -5.38538146e-02 6.24149898e-05 3.91934005e-04 9.33670044e-05
6.27842691e+01 5.69397192e-02 6.37897643e-03 -5.34852395e-02 1.78433017e-05 5.14396915e-04 3.49005626e-05
6.54846800e+01 5.89449948e-02 1.35734860e-02 -6.17351727e-02 4.71332911e-05 4.08115375e-04 6.63955132e-05
6.81886144e+01 5.93279614e-02 1.08527034e-02 -6.39959022e-02 5.10456368e-05 7.23432316e-04 4.14817183e-05
7.08836519e+01 5.73482147e-02 8.89121097e-03 -6.14038761e-02 2.71199027e-05 6.74375982e-04 3.32372532e-05
7.35750425e+01 5.70911913e-02 4.33133701e-03 -5.21661015e-02 4.70491902e-05 1.12666811e-03 4.59825558e-05
7.62647410e+01 6.20234326e-02 -8.97785173e-03 -4.60403316e-02 8.61193639e-05 1.09010513e-03 5.18059896e-05
7.89616988e+01 5.67288602e-02 -1.00850205e-02 -5.85061094e-02 3.64923045e-05 1.15563084e-03 3.33206069e-05
8.16600285e+01 5.43067417e-02 -1.03701512e-02 -6.35453024e-02 2.25849207e-05 5.88493345e-04 5.11690262e-05
8.43713238e+01 5.76236080e-02 -1.38482223e-02 -5.93720193e-02 6.72932640e-05 4.51934404e-04 3.85758213e-05
8.70851035e+01 5.64771993e-02 -1.76910070e-02 -4.96623634e-02 4.46638606e-05 3.85093942e-04 6.09365158e-05
8.97822410e+01 6.03141849e-02 -2.42743378e-02 -4.60082431e-02 4.12022613e-05 2.47292038e-04 9.42153362e-05
9.24872691e+01 6.32020098e-02 -1.95002111e-02 -4.55906876e-02 2.45718282e-05 3.50257571e-04 8.85910999e-05
9.51877004e+01 6.20742460e-02 -1.57325246e-02 -5.09793425e-02 9.69329600e-05 8.75767574e-05 3.43264591e-05
9.78848519e+01 6.70577515e-02 -1.41585395e-02 -6.38447879e-02 3.18377348e-05 1.93798614e-04 4.85829468e-05
1.00584074e+02 6.29811204e-02 -9.34331345e-03 -6.23577719e-02 2.28573004e-04 8.77633962e-05 1.63058749e-04
1.03287121e+02 6.91128242e-02 -1.32685411e-03 -5.03046042e-02 1.37888305e-05 6.00627351e-05 2.05385746e-04
1.05997027e+02 6.76594244e-02 4.58179614e-03 -4.36254804e-02 1.25223121e-04 2.51390137e-04 4.20938097e-05
1.08690855e+02 6.92944841e-02 1.20267832e-02 -4.41458372e-02 2.58463907e-05 1.58432026e-04 6.29068160e-05
1.11389761e+02 7.55222192e-02 1.07610186e-02 -4.55705107e-02 2.80114794e-05 1.89011094e-04 4.56905271e-05
1.14090683e+02 7.83583276e-02 1.46066642e-02 -4.18622530e-02 4.89248100e-05 1.20117318e-04 1.02533503e-04
1.16787996e+02 8.18073137e-02 1.57672195e-02 -3.94179587e-02 7.66362707e-05 1.27801181e-04 2.53128060e-05
1.19494855e+02 7.51105940e-02 1.67500760e-02 -3.72601544e-02 6.58977645e-05 1.78178944e-04 2.66822646e-05
1.22197277e+02 7.30851028e-02 1.32714572e-02 -3.52453655e-02 8.89598126e-05 3.08161985e-04 1.50876908e-04
1.24899324e+02 7.40941556e-02 1.50174775e-02 -3.23025763e-02 1.40062695e-04 4.78057747e-04 9.63085276e-05
1.27599136e+02 8.06198596e-02 1.21050985e-02 -1.99094945e-02 6.80578415e-06 4.00690043e-04 5.48101522e-05
1.30293605e+02 8.26058256e-02 7.90994213e-03 -1.86664722e-02 4.42378941e-05 4.31136730e-04 5.65314239e-05
1.32993714e+02 9.18507967e-02 6.24178043e-03 3.58843237e-04 6.84368601e-05 3.07677631e-04 8.48359641e-05
1.35680714e+02 8.69796216e-02 7.33209615e-03 1.13503304e-02 5.38890906e-05 1.74166489e-04 1.11312616e-04
1.38378886e+02 8.17825827e-02 8.23806136e-03 2.91854271e-02 7.51269597e-05 1.03100339e-04 2.49605710e-05
1.41079511e+02 7.28598102e-02 8.17308704e-03 3.84352872e-02 6.46798626e-05 1.94167625e-04 7.94352371e-05
1.43781027e+02 6.73278826e-02 8.48922021e-03 5.01529109e-02 7.15623946e-05 4.73630878e-05 5.86893687e-05
1.46479652e+02 5.72757565e-02 -2.51278156e-03 5.55804528e-02 2.93565591e-05 9.37744540e-05 9.99613494e-05
1.49178324e+02 5.66078152e-02 3.84260636e-03 5.67199017e-02 5.63170706e-05 1.86108215e-04 7.07948626e-05
1.51878027e+02 6.15486569e-02 6.60572082e-03 4.94533505e-02 7.37852909e-05 4.21150255e-04 3.04822612e-05
1.54577824e+02 5.51373337e-02 6.09267257e-03 5.08852270e-02 3.50990324e-05 3.22913373e-04 9.55865826e-05
1.57276871e+02 6.17093270e-02 2.56921144e-03 4.97519546e-02 7.44552579e-05 1.73868500e-04 7.55676925e-05
1.59974761e+02 5.92084448e-02 5.97627556e-03 6.61613705e-02 9.53706862e-05 1.93772401e-04 8.95497736e-05
1.62666621e+02 4.77353301e-02 4.51492386e-03 6.82374923e-02 1.34819077e-04 6.67381005e-05 1.74882495e-05
1.65367183e+02 2.88176518e-02 6.47356668e-03 6.88349129e-02 2.84391321e-05 1.81691491e-04 7.26594953e-05
1.68067027e+02 2.95329394e-02 4.29418441e-03 6.93929821e-02 4.52421993e-05 3.19190087e-04 3.15197972e-05
1.70776433e+02 3.49808210e-02 -4.70040845e-03 7.06734495e-02 1.03719604e-04 1.76173741e-04 8.04474366e-05
1.73469777e+02 4.37421432e-02 -6.27617942e-04 6.51693527e-02 5.18353028e-05 2.39503779e-04 7.85725489e-05
1.76177011e+02 4.75040801e-02 -2.18623143e-04 5.83802777e-02 3.83259149e-05 1.16645274e-04 1.25140356e-04
1.78878933e+02 4.53177493e-02 -8.12808099e-03 5.66678709e-02 5.17756736e-05 3.88333971e-04 5.00559452e-05
1.81581433e+02 5.61970462e-02 -7.81768166e-03 4.83240116e-02 6.38070202e-05 4.40850456e-04 2.17648826e-05
1.84288339e+02 6.31540336e-02 2.11777221e-03 4.11716774e-02 1.15209246e-04 5.02236132e-04 1.12147762e-04
1.86990324e+02 6.43627991e-02 8.42779531e-03 3.77298117e-02 6.75799143e-05 4.78962494e-04 5.95269515e-05
1.89693371e+02 6.76725318e-02 1.24576990e-02 2.90001791e-02 6.73197356e-05 3.10075737e-04 1.14891871e-04
1.92395152e+02 6.79341078e-02 1.62596106e-02 4.59224657e-02 1.01303130e-04 1.85821522e-04 6.04511134e-05
1.95092214e+02 6.01972181e-02 1.81258573e-02 4.42242814e-02 9.22427304e-05 4.59460497e-04 1.15834622e-04
1.97795168e+02 6.01557602e-02 1.50632613e-02 5.59600244e-02 2.06137819e-05 3.61828682e-04 2.13943266e-05
2.00493214e+02 6.07420581e-02 7.79877227e-03 5.64252685e-02 7.89670988e-05 1.47512652e-04 1.00483919e-04
2.03197699e+02 6.21666299e-02 5.54951865e-03 5.73741958e-02 6.44460546e-05 4.05630426e-04 9.98558861e-05
2.05900527e+02 6.05083009e-02 -3.18114055e-03 6.07688488e-02 4.43354796e-05 1.14951832e-04 6.15058325e-05
2.08601668e+02 5.93030461e-02 -5.00815489e-03 6.18966285e-02 1.51186541e-05 1.21888118e-04 2.38783126e-05
2.11311043e+02 5.22888815e-02 -1.83108404e-03 6.47335299e-02 3.55717645e-05 7.19396129e-05 1.38964929e-04
2.14003027e+02 4.68161074e-02 -5.14126983e-03 6.98640010e-02 8.65049271e-05 7.64878147e-05 4.89870511e-05
2.16706777e+02 4.60146026e-02 -6.06809859e-03 6.85533159e-02 5.23413009e-05 2.05751117e-04 7.99936268e-05
2.19399933e+02 4.11353114e-02 -1.63329429e-03 7.32472784e-02 1.21591304e-04 3.32105520e-04 6.30286067e-05
2.22098152e+02 3.38690432e-02 6.11460697e-03 6.93062505e-02 5.93721729e-05 3.10530487e-04 2.09666713e-05
2.24799714e+02 3.25868917e-02 3.82351024e-03 6.64926015e-02 1.49092728e-04 3.48838553e-04 1.34364731e-04
2.27503527e+02 4.38440975e-02 -2.17457671e-04 5.97788531e-02 1.06838443e-04 5.07573374e-04 8.72756244e-05
2.30205324e+02 4.22846266e-02 3.80279056e-03 6.47943186e-02 7.35685400e-05 4.69992932e-04 5.47687735e-05
2.32911902e+02 5.12767259e-02 1.34410704e-03 7.08674919e-02 6.76283316e-05 2.23738957e-04 8.95123405e-05
2.35608949e+02 4.99072810e-02 9.01611625e-03 6.88727472e-02 1.06832963e-04 2.20943739e-04 1.35119886e-04
2.38304714e+02 4.43007419e-02 1.01503867e-02 6.42097002e-02 5.56162882e-05 1.37067438e-04 1.39862318e-04
2.41010464e+02 4.90041772e-02 1.68420643e-02 6.31257323e-02 9.29831285e-05 1.67515616e-04 1.01332226e-04
2.43704402e+02 5.36787724e-02 1.34723988e-02 6.25857033e-02 5.27351734e-05 1.90743340e-04 7.58363626e-05
2.46408277e+02 5.88995922e-02 9.53033669e-03 6.45763389e-02 9.90326332e-05 1.66928143e-04 6.02939848e-05
2.49112558e+02 6.06737628e-02 1.18322159e-02 6.69700063e-02 6.18934623e-05 1.66722219e-05 1.12585686e-04
2.51808636e+02 5.86548661e-02 1.51241497e-02 6.82858849e-02 1.10392984e-04 3.10644755e-04 6.30258407e-05
2.54507683e+02 5.48341646e-02 9.93235563e-03 6.41181690e-02 9.25983572e-05 2.48498261e-04 3.98738334e-05
2.57197261e+02 5.52577233e-02 1.03931697e-02 5.62394033e-02 6.31064043e-05 2.63688704e-04 1.29534861e-04
2.59891902e+02 5.82773577e-02 1.09412002e-02 5.39367386e-02 8.65957303e-05 1.24137134e-04 9.00647728e-05
2.62604558e+02 6.35692120e-02 1.24020386e-02 5.25777299e-02 5.68157540e-05 1.45443974e-04 1.07758761e-04
2.65298496e+02 6.25269025e-02 1.34282048e-02 4.65615990e-02 6.51034731e-05 3.32762136e-04 6.98414649e-05
2.68007972e+02 6.86892889e-02 1.32125356e-02 3.14007599e-02 5.81639753e-05 9.76129127e-05 1.08381510e-04
