6.87104712e-01 6.93928542e-02 9.55349735e-03 2.57183557e-02 8.13097454e-05 1.95251068e-04 2.98674965e-05
3.37649194e+00 7.11802244e-02 1.14895010e-02 9.85792337e-03 1.02892191e-04 1.38493267e-04 1.32310797e-04
6.07578849e+00 7.36049905e-02 9.50658313e-03 -1.21558196e-02 1.29999921e-04 1.59651360e-04 1.04278516e-04
8.76947974e+00 7.14246679e-02 6.77301908e-03 -2.97205343e-02 7.62925907e-05 6.93745072e-05 4.77819860e-05
1.14681337e+01 7.26131660e-02 8.64646709e-03 -4.00226322e-02 1.17718350e-05 4.41135377e-05 1.56065863e-05
1.41651727e+01 6.61700476e-02 4.67605718e-03 -4.74514235e-02 6.29219571e-05 8.92165381e-05 3.73484537e-05
1.68578477e+01 5.92349063e-02 7.24637889e-03 -5.82146429e-02 1.99531222e-05 7.17363025e-05 2.77716469e-05
1.95558165e+01 5.51723272e-02 -4.28079530e-04 -5.61751388e-02 1.02547169e-04 6.99615562e-05 6.00225165e-05
2.22611321e+01 5.74046314e-02 -1.19661691e-04 -5.64752434e-02 5.01767214e-05 1.18287135e-04 3.97746212e-05
2.49526868e+01 6.27789554e-02 -4.28200688e-03 -5.28497717e-02 3.56931944e-05 9.42802005e-05 8.76795186e-05
2.76454571e+01 6.41482043e-02 -4.40370542e-03 -4.87692070e-02 4.35865556e-05 3.60166891e-05 8.87643994e-05
3.03484227e+01 5.55678380e-02 1.52981229e-03 -5.67578361e-02 8.92567496e-05 7.00312668e-05 3.93224863e-05
3.30487727e+01 5.24426075e-02 -2.76536556e-03 -6.41235577e-02 1.00579256e-04 8.74584386e-05 4.31492561e-05
3.57505758e+01 5.14992569e-02 3.06342577e-03 -5.94395802e-02 2.53256774e-05 7.03132327e-05 6.97464115e-05
3.84565930e+01 6.26345933e-02 -1.44127030e-03 -5.53724846e-02 1.22781878e-04 8.43731817e-05 2.38925393e-05
4.11600321e+01 6.18101008e-02 2.04777813e-03 -5.41837438e-02 3.61811465e-05 2.47865193e-04 6.33442552e-05
4.38629399e+01 5.90023108e-02 1.08742108e-03 -5.62797333e-02 1.05621812e-04 1.03539207e-04 4.82198391e-05
4.65713852e+01 6.68808314e-02 8.94675439e-03 -5.28039031e-02 7.69999613e-05 4.65235996e-05 6.32303532e-05
4.92782618e+01 7.44857592e-02 9.14274109e-03 -5.00232305e-02 9.97964690e-05 3.07330844e-05 8.65588191e-05
5.19701899e+01 7.62555035e-02 3.92818477e-03 -5.14803344e-02 3.31810612e-05 7.85349566e-05 1.03057617e-04
5.46749774e+01 6.93825303e-02 8.63354015e-03 -5.01001882e-02 2.23942847e-05 1.63076435e-04 1.06344138e-04
5.73777477e+01 7.20306289e-02 9.09474677e-03 -4.94636691e-02 1.67024623e-05 3.81227328e-04 1.71647287e-04
6.00751040e+01 6.35783555e-02 8.85820050e-04 -4.88389222e-02 4.07987816e-05 4.91496691e-04 3.09349612e-05
6.27820258e+01 6.16153499e-02 1.85422402e-03 -4.98673532e-02 1.98400507e-05 5.20560356e-04 4.86810565e-05
6.54826274e+01 5.82407501e-02 6.00015526e-03 -5.18326872e-02 5.10313467e-05 6.15344488e-04 5.24351534e-05
6.81745852e+01 5.48642846e-02 6.79482786e-03 -5.56221494e-02 4.94034169e-05 4.75021589e-04 3.23878433e-05
7.08722727e+01 5.05979956e-02 3.56500993e-03 -4.82843993e-02 5.40532363e-05 5.50004845e-04 3.19118700e-05
7.35761696e+01 5.70048330e-02 -3.93489627e-03 -4.33441309e-02 5.77129119e-05 4.61933428e-04 8.25638874e-05
7.62716430e+01 6.14679873e-02 -4.86549802e-03 -4.37072889e-02 8.62538102e-05 3.66976600e-04 1.92771854e-05
7.89626102e+01 6.32606550e-02 -1.16338163e-02 -5.40790227e-02 5.59551664e-05 7.56298751e-04 1.29995380e-04
8.16677711e+01 5.95191539e-02 -1.55413276e-02 -5.48642012e-02 6.55250463e-05 4.88370225e-04 1.58905250e-04
8.43688743e+01 5.10972439e-02 -1.52796994e-02 -5.44636315e-02 1.29886191e-04 4.55222612e-04 2.72040740e-05
8.70732758e+01 5.93819922e-02 -2.06127874e-02 -4.85607958e-02 6.16248254e-05 5.53667868e-04 4.42882122e-05
8.97890633e+01 6.47402467e-02 -1.72898635e-02 -4.98916447e-02 1.91045436e-05 2.05111980e-04 1.29851966e-04
9.24882961e+01 6.48283139e-02 -1.82607057e-02 -5.69377627e-02 4.97278360e-05 2.04693781e-04 1.85543124e-05
9.51855618e+01 6.14993668e-02 -1.57184683e-02 -5.05741716e-02 8.47522570e-05 9.67636476e-05 2.58076588e-05
9.78860774e+01 6.33675869e-02 -1.00937040e-02 -5.32592798e-02 1.26841127e-04 6.17644900e-05 1.29458888e-04
1.00586345e+02 7.13430848e-02 -4.35539833e-03 -5.07639580e-02 9.44482754e-05 5.08171026e-05 3.32140914e-05
1.03288907e+02 6.84013386e-02 -5.61992498e-04 -5.43201707e-02 4.45771360e-05 1.77878368e-04 3.00271064e-05
1.05982423e+02 6.75187600e-02 9.26350773e-04 -5.25724217e-02 5.68349446e-05 6.78112700e-05 5.37325995e-05
1.08686735e+02 7.03206642e-02 5.82106043e-03 -5.39281843e-02 6.51289876e-05 2.01837006e-04 5.06851722e-05
1.11389532e+02 6.97082933e-02 1.22055570e-02 -4.81502504e-02 4.24004634e-05 1.12384591e-04 1.03532583e-05
1.14093985e+02 7.12608152e-02 1.22885107e-02 -4.10014746e-02 6.16015393e-05 2.34119543e-04 2.88488934e-05
1.16805235e+02 6.23656732e-02 1.21759793e-02 -3.16127774e-02 5.19475111e-05 2.55837275e-04 1.05787711e-04
1.19510641e+02 6.00004845e-02 9.39093487e-03 -4.02414115e-02 3.89500660e-05 2.11795557e-04 2.79907431e-05
1.22214766e+02 6.69923063e-02 1.79802827e-02 -4.47196598e-02 5.13473333e-05 3.17363649e-04 7.03141038e-05
1.24907970e+02 7.55414069e-02 1.64409426e-02 -4.06823846e-02 8.09815854e-05 3.45217094e-04 8.10210411e-05
1.27609720e+02 8.56084959e-02 1.05414516e-02 -2.99264810e-02 9.69245852e-05 3.00430407e-04 2.67027470e-05
1.30298298e+02 9.28885594e-02 6.94240561e-03 -1.92427266e-02 6.44174130e-05 3.33952764e-04 5.30090815e-05
1.32988891e+02 8.39434959e-02 5.54882127e-03 -7.81512540e-03 4.41139463e-05 1.81275814e-04 1.04659772e-04
1.35689548e+02 7.80549081e-02 1.06271800e-02 1.00081021e-02 7.63928275e-05 2.79915494e-04 5.56399093e-05
1.38392001e+02 6.27271306e-02 7.35772111e-03 2.71858383e-02 2.83919422e-05 3.34313036e-04 7.81687393e-05
1.41100235e+02 6.29995504e-02 5.97272309e-03 4.88139015e-02 1.37730093e-04 2.48660529e-04 6.09535047e-05
1.43799282e+02 6.44494764e-02 8.24660463e-04 4.81425317e-02 9.82054971e-05 3.22208000e-04 2.05049408e-05
1.46506345e+02 6.85060296e-02 -3.74232551e-03 5.53262071e-02 6.55519945e-05 3.18455774e-04 5.46141061e-05
1.49197251e+02 6.77853011e-02 -7.33624382e-03 5.16329041e-02 7.08051069e-05 1.18644437e-04 7.65788973e-05
1.51890360e+02 6.67583433e-02 3.62676992e-04 5.76241087e-02 7.76287857e-05 1.54210953e-04 4.08790531e-05
1.54583845e+02 7.58944630e-02 3.57950776e-03 5.42649304e-02 2.03450134e-05 3.78110643e-04 4.16103082e-05
1.57277391e+02 6.45098995e-02 6.85423605e-03 5.38343321e-02 1.07871464e-04 2.45254528e-04 1.51972250e-04
1.59975579e+02 5.03392018e-02 3.37610981e-03 5.87013553e-02 8.72718818e-05 2.49483578e-04 8.92256441e-05
1.62677298e+02 3.78210745e-02 4.91573290e-04 6.22623735e-02 5.84855085e-05 6.24701800e-05 1.34855353e-04
1.65378298e+02 3.18251473e-02 1.74514250e-03 6.86481908e-02 1.14469893e-04 1.86107946e-04 7.55303420e-05
1.68072626e+02 2.16202721e-02 -3.59730688e-04 6.58033938e-02 4.66326717e-05 2.79472357e-04 1.21516191e-04
1.70775079e+02 3.16149714e-02 3.13286546e-03 7.66917193e-02 1.00758581e-04 1.35658961e-04 3.29762789e-05
1.73480501e+02 4.37433250e-02 -4.37750340e-03 6.52597880e-02 4.01969690e-05 2.35944393e-05 9.19610318e-05
1.76186220e+02 4.11384228e-02 -6.32693027e-03 6.11082439e-02 7.35784105e-05 1.39096382e-04 2.65839244e-05
1.78895204e+02 5.30520997e-02 -4.26971029e-03 5.80304399e-02 2.99412559e-05 1.27046493e-04 8.50623632e-06
1.81597251e+02 6.51442850e-02 -8.04632030e-03 5.23121477e-02 5.51102471e-05 3.28729019e-04 1.04437826e-04
1.84300845e+02 6.56438590e-02 -1.45952974e-03 4.93010907e-02 5.93855473e-05 4.51250970e-04 1.97024234e-05
1.87003032e+02 6.59198690e-02 6.05831750e-03 3.85656493e-02 5.68294634e-05 5.83133299e-04 4.49890793e-05
1.89701860e+02 7.77188369e-02 1.25710533e-02 3.80139548e-02 4.64281709e-05 3.62512003e-04 1.10278650e-04
1.92395860e+02 7.44775489e-02 8.51271128e-03 3.15119801e-02 5.42977261e-05 4.02436564e-04 6.39950004e-05
1.95098860e+02 7.86759041e-02 3.73050838e-03 3.57170050e-02 7.24242672e-05 3.06599828e-04 7.70913166e-05
1.97800766e+02 7.01241789e-02 4.00637207e-03 3.90109451e-02 2.76907057e-05 4.99474447e-04 1.80079240e-04
2.00511329e+02 6.62508884e-02 2.24328937e-03 4.34091630e-02 8.70794906e-05 5.67713409e-04 2.60336652e-05
2.03222298e+02 6.43708473e-02 -1.04936434e-03 5.67196490e-02 2.93940449e-05 4.83265231e-04 4.31937931e-05
2.05924376e+02 6.51271399e-02 -3.04148787e-03 5.99757520e-02 2.15503110e-05 2.20759576e-04 2.27551297e-05
2.08622970e+02 5.13864826e-02 -3.43567763e-03 6.23955435e-02 4.69459081e-05 3.35897977e-04 1.29092482e-05
2.11315470e+02 5.62132144e-02 -3.62307268e-03 7.25266534e-02 2.24862855e-05 4.59360854e-04 2.81495097e-05
2.14013845e+02 4.75583466e-02 -9.04518416e-03 6.41243132e-02 1.10582884e-04 3.97060561e-04 4.08688172e-05
2.16712532e+02 4.17146462e-02 -7.01174480e-04 6.24144261e-02 6.24497927e-05 2.26211964e-04 1.18732677e-04
2.19415813e+02 3.72772419e-02 4.13434658e-03 6.42395783e-02 1.53739106e-04 1.28867392e-04 3.24928771e-05
2.22116751e+02 4.85778507e-02 2.40746098e-03 6.58173098e-02 1.96151659e-05 2.02618923e-04 1.89773380e-05
2.24807985e+02 4.90701638e-02 6.36797958e-03 6.91239265e-02 7.64201970e-05 1.04379458e-04 1.04456378e-04
2.27508610e+02 3.86200366e-02 6.70349120e-03 7.33560987e-02 7.37219921e-05 3.99845436e-04 1.85360030e-05
2.30209813e+02 3.84542659e-02 4.55686594e-03 7.11573899e-02 4.55859072e-05 7.10258614e-04 7.26951568e-05
2.32908595e+02 3.53473333e-02 3.68760552e-03 6.97725725e-02 7.06833840e-05 5.89714332e-04 1.08523085e-04
2.35613907e+02 3.69031620e-02 5.27602088e-03 7.43014270e-02 6.85757333e-05 6.45355476e-04 4.40045303e-05
2.38320032e+02 4.89689246e-02 1.20720173e-02 6.73181230e-02 7.80095224e-05 4.19879065e-04 2.25412840e-04
2.41018876e+02 5.20058041e-02 1.29357292e-02 6.26953415e-02 1.50033819e-04 5.03562540e-04 6.43504377e-05
2.43716985e+02 5.05445147e-02 1.24580222e-02 5.88627444e-02 3.22248705e-05 1.76781258e-04 1.10059263e-04
2.46426923e+02 5.29839260e-02 1.88649491e-02 5.75724713e-02 7.54452777e-05 1.64237073e-04 7.01617985e-05
2.49132204e+02 5.95977527e-02 2.08034292e-02 5.76114251e-02 2.55397779e-05 1.77635857e-04 7.93175495e-05
2.51837157e+02 6.48239029e-02 1.25017130e-02 5.38189379e-02 5.25113676e-05 7.55582239e-05 6.14649789e-05
2.54536891e+02 6.65100510e-02 3.17436665e-03 5.44566713e-02 6.93887752e-05 1.60461887e-04 2.31856288e-05
2.57241329e+02 7.49222277e-02 1.52334342e-02 4.96937529e-02 5.31312230e-05 3.56653821e-04 1.19261248e-04
2.59927032e+02 6.46103634e-02 1.06312738e-02 5.23309979e-02 4.69879768e-05 2.35100338e-04 6.53941506e-05
2.62620329e+02 5.83818078e-02 1.11360330e-02 4.43373562e-02 9.05522019e-06 1.62581587e-04 1.97263307e-04
2.65314876e+02 5.65814902e-02 1.34502597e-02 4.51542856e-02 6.57823910e-05 1.38426755e-04 4.01839912e-05
2.68020005e+02 6.26351594e-02 1.30638068e-02 3.52061476e-02 4.28266402e-05 2.76262397e-04 6.39717432e-05
