6.60437220e-01 6.22221784e-02 -4.26443973e-03 2.38397495e-03 1.51059681e-04 2.28342154e-04 7.04984629e-05
3.34420198e+00 5.77183199e-02 1.04074025e-03 -3.99806584e-02 8.81218886e-06 1.10014393e-04 2.63309366e-04
6.04243025e+00 3.75201391e-02 -4.15587306e-03 -6.65663365e-02 2.53861841e-04 1.93953743e-04 4.90789618e-05
8.74203010e+00 8.33205226e-03 -3.42014648e-03 -8.26740416e-02 7.47019945e-05 2.51772545e-04 8.81661886e-05
1.14432095e+01 -1.10865942e-02 -6.91216199e-03 -9.38287765e-02 5.58159228e-05 1.64350969e-04 3.05187034e-05
1.41554782e+01 -2.55156623e-03 -4.01733210e-04 -9.44653156e-02 2.86500154e-05 2.07117386e-04 4.47047551e-05
1.68616595e+01 8.54329507e-03 1.38031576e-03 -9.04575545e-02 2.77919574e-05 9.57529352e-05 3.00132723e-05
1.95692173e+01 3.51488369e-02 6.56451219e-03 -9.05444246e-02 4.57389918e-05 1.09609607e-04 3.53603669e-05
2.22647735e+01 5.34899442e-02 5.45677968e-03 -8.88178862e-02 3.81392997e-05 5.18268612e-05 7.87394801e-05
2.49619188e+01 7.22432404e-02 3.53220703e-03 -7.80268878e-02 5.26220254e-05 2.50916334e-04 9.52945633e-05
2.76503923e+01 7.72873932e-02 1.09269375e-02 -6.51308913e-02 3.17065374e-05 2.60271824e-04 3.31276292e-05
3.03449720e+01 7.76720290e-02 1.10630030e-02 -4.73577417e-02 9.48218876e-05 3.19736006e-04 3.07586420e-05
3.30371267e+01 7.79218804e-02 1.39031741e-02 -4.84637322e-02 1.27755699e-04 2.42628412e-04 1.10906436e-04
3.57335235e+01 6.19493523e-02 1.65122251e-02 -6.02109453e-02 1.00870396e-04 2.26254441e-04 5.51754496e-05
3.84388860e+01 2.66165206e-02 1.01028855e-02 -7.94730498e-02 1.03390655e-04 3.76198644e-04 2.36466649e-04
4.11452392e+01 4.69586663e-03 7.86065947e-03 -9.41177675e-02 1.63405329e-04 3.11742295e-04 3.38891438e-05
4.38552142e+01 -1.00531903e-02 -1.88991292e-03 -9.46814763e-02 4.31445670e-05 1.43160549e-04 4.17427642e-05
4.65725673e+01 -1.17188397e-02 -1.21091186e-02 -9.41317193e-02 4.63847899e-05 2.99990247e-04 4.79197609e-05
4.92843532e+01 3.28000214e-03 -1.31291913e-02 -8.48259191e-02 3.03049601e-05 2.79598051e-04 3.69965159e-05
5.19917782e+01 2.44391461e-02 -1.58531980e-02 -7.73439529e-02 2.05611442e-04 2.09247411e-04 8.04682562e-05
5.46903360e+01 5.22696981e-02 -1.38397171e-02 -6.60509689e-02 1.15170318e-04 1.30763952e-04 1.31506823e-04
5.73854017e+01 6.65702200e-02 -7.46618338e-03 -5.57795131e-02 1.86381095e-04 2.52846343e-04 1.71984635e-04
6.00775720e+01 7.34671386e-02 8.39352095e-04 -5.96551125e-02 1.13581902e-04 1.89534538e-04 1.80082458e-04
6.27741829e+01 6.49450247e-02 7.58428380e-03 -6.03676392e-02 1.26560897e-04 4.63012609e-04 4.99642500e-05
6.54733063e+01 4.77227130e-02 1.30083393e-02 -6.36406962e-02 4.78923449e-05 5.44334630e-04 8.06456647e-05
6.81747313e+01 3.01040599e-02 1.45495530e-02 -7.35265710e-02 6.95591940e-05 9.55151455e-04 5.58382085e-05
7.08852985e+01 1.69773894e-02 1.06322483e-02 -8.10551624e-02 1.18824683e-04 1.05688799e-03 2.32273350e-05
7.35863423e+01 1.38783573e-02 1.45918834e-02 -8.09237407e-02 6.02965284e-05 1.03927378e-03 1.09604364e-04
7.63002220e+01 2.62997545e-02 9.80225798e-03 -7.83395612e-02 1.97227703e-04 1.13545942e-03 4.07646012e-05
7.90021985e+01 4.51630800e-02 4.86141579e-03 -6.13252955e-02 9.90496309e-05 1.51760314e-03 9.05871268e-05
8.17006923e+01 6.41937441e-02 2.03115918e-03 -3.90441069e-02 5.32552516e-05 1.17498493e-03 4.69870167e-05
8.43976048e+01 8.02795022e-02 8.27016683e-03 -2.57527271e-02 6.71142370e-05 1.12027907e-03 3.34690926e-05
8.70983642e+01 8.68100868e-02 7.20364754e-03 -1.49545064e-02 2.72359769e-05 1.04481017e-03 6.86812396e-05
8.97977548e+01 8.85098123e-02 7.23572234e-03 -2.15965946e-02 5.63916879e-05 5.51346698e-04 2.94510040e-05
9.24997688e+01 8.46984345e-02 1.29076788e-02 -3.15980078e-02 3.26035517e-05 6.15561672e-04 1.27260449e-04
9.52019142e+01 7.34020961e-02 1.71076398e-02 -4.43942593e-02 1.78585717e-04 3.39532323e-04 5.20258814e-05
9.78992923e+01 6.80401011e-02 1.32558366e-02 -5.65701297e-02 5.08428765e-05 3.43415333e-04 2.29911177e-04
1.00594622e+02 6.15204920e-02 1.56206942e-02 -6.30426580e-02 1.87124526e-04 6.35355131e-04 6.78900957e-05
1.03289872e+02 6.01063808e-02 6.45454814e-03 -7.32385815e-02 2.57647182e-04 8.76143578e-04 3.34325462e-05
1.05988044e+02 5.55795752e-02 -4.00047285e-03 -8.24250961e-02 3.64880112e-05 8.33036430e-04 2.94610695e-04
1.08680684e+02 5.01528906e-02 -1.31588942e-02 -8.85063222e-02 1.40704866e-04 6.15152393e-04 9.80051675e-05
1.11379138e+02 4.37932218e-02 -2.04272488e-02 -8.99121127e-02 1.28891927e-04 3.38449489e-04 7.88581157e-05
1.14081044e+02 4.17662403e-02 -1.29251222e-02 -8.42349014e-02 1.87558241e-05 2.38670607e-04 1.22893746e-04
1.16782075e+02 3.67632314e-02 -1.24469310e-02 -8.02523423e-02 9.58504325e-05 1.54851854e-04 2.19991144e-05
1.19476138e+02 4.15994246e-02 -9.51446078e-03 -7.86228338e-02 4.43125118e-05 5.86741633e-05 4.22101265e-05
1.22174091e+02 3.57111301e-02 -3.83532154e-03 -7.85785283e-02 1.69560212e-05 4.88767732e-05 1.43066307e-04
1.24869216e+02 4.04986678e-02 -6.95659535e-03 -7.27094679e-02 1.25558315e-04 1.31949371e-04 8.05817397e-05
1.27564669e+02 5.08463228e-02 -3.63780788e-03 -6.45194633e-02 5.07814863e-05 5.64833152e-05 1.21419259e-04
1.30262544e+02 6.34689612e-02 -3.59459025e-03 -5.01997867e-02 3.52229024e-05 6.60655073e-05 1.01634354e-04
1.32961091e+02 8.04847179e-02 6.89872122e-03 -1.71599025e-02 1.30053719e-04 7.68308366e-05 8.07843264e-05
1.35646903e+02 8.15928942e-02 7.44746043e-03 2.51211891e-02 2.31856381e-04 5.62654027e-05 2.68049185e-04
1.38340138e+02 6.47574881e-02 1.48380817e-02 4.95790222e-02 2.18734357e-04 6.90744044e-05 2.76244731e-04
1.41035731e+02 4.17096341e-02 1.58050574e-02 6.79643381e-02 1.70686851e-04 1.04917729e-04 9.54141723e-05
1.43732200e+02 1.43983833e-02 2.23921093e-02 7.94511073e-02 6.86597109e-05 9.59026225e-05 1.27640008e-04
1.46439419e+02 7.44630701e-03 2.00435662e-02 7.93202947e-02 4.70694719e-05 8.50226662e-05 4.55775843e-05
1.49146606e+02 1.83632305e-02 1.41811801e-02 7.61267316e-02 3.32362690e-05 7.43970081e-05 3.81588748e-05
1.51854700e+02 3.07042394e-02 1.22108653e-02 7.66120390e-02 4.96585733e-05 6.25933997e-05 5.87859154e-05
1.54553169e+02 5.11310373e-02 8.04775439e-03 7.90531091e-02 5.59319740e-05 8.35596491e-05 1.03494424e-04
1.57251184e+02 6.21818168e-02 8.06210211e-03 8.20893193e-02 5.58260371e-05 2.24729544e-04 1.27785734e-05
1.59949388e+02 7.20212896e-02 4.00179105e-03 7.66160757e-02 2.40015794e-05 2.63894498e-04 1.56182063e-05
1.62639513e+02 7.67099429e-02 -6.61683524e-04 6.71055922e-02 6.39787971e-05 6.51496345e-04 1.84152776e-05
1.65334466e+02 8.35569925e-02 -4.08689929e-03 6.12850437e-02 2.90753708e-05 6.43149432e-04 1.83799637e-05
1.68029450e+02 7.67517668e-02 -1.64437666e-02 5.75008050e-02 7.02036360e-05 1.23442361e-03 1.32738568e-05
1.70725544e+02 6.50995699e-02 -2.20062630e-02 5.99939544e-02 6.93945776e-05 1.35567830e-03 5.79993052e-05
1.73427341e+02 4.91060830e-02 -2.78361099e-02 6.37854223e-02 5.00753465e-05 1.26787143e-03 1.23857870e-04
1.76135981e+02 4.11015209e-02 -2.66903387e-02 6.60270164e-02 1.51923465e-04 1.53932058e-03 6.88278225e-05
1.78842934e+02 4.49855756e-02 -2.50879150e-02 6.62725278e-02 2.09737848e-05 1.37952085e-03 3.31986378e-05
1.81545513e+02 5.01004545e-02 -1.77430536e-02 6.48399489e-02 9.19325005e-05 1.27456900e-03 9.68365611e-05
1.84258684e+02 5.27533898e-02 -1.08257681e-02 6.63813241e-02 1.13663977e-04 1.50015441e-03 1.30899885e-04
1.86960216e+02 5.27337682e-02 1.95898744e-03 6.79729578e-02 1.35489712e-04 1.67113145e-03 2.18986463e-04
1.89671528e+02 4.71344148e-02 1.43164210e-02 6.74649789e-02 2.73939395e-04 1.56949202e-03 3.76110360e-05
1.92371825e+02 3.89574005e-02 2.66242696e-02 6.41254147e-02 5.32562918e-05 1.38185509e-03 1.79015956e-04
1.95072044e+02 3.42018331e-02 3.68667916e-02 6.03687131e-02 6.47876574e-05 1.56917997e-03 6.73480177e-05
1.97774450e+02 3.41724479e-02 4.13380782e-02 5.30827294e-02 1.51309958e-04 1.20102281e-03 6.63426826e-05
2.00471809e+02 3.78942304e-02 4.04007077e-02 4.85838492e-02 3.04165450e-05 7.34190466e-04 2.11889650e-04
2.03167513e+02 4.32701126e-02 3.22511849e-02 5.61240563e-02 4.78668760e-04 5.72787883e-04 3.11571344e-05
2.05864872e+02 5.48453047e-02 1.88878235e-02 6.32589863e-02 8.96450486e-05 3.34918687e-04 3.88286643e-04
2.08567466e+02 4.79377734e-02 1.42606696e-03 7.21141197e-02 2.47658704e-04 1.60438349e-04 7.94804675e-05
2.11268841e+02 4.95193235e-02 -1.34568252e-02 7.55830634e-02 1.13790516e-05 8.48573314e-05 5.32016486e-05
2.13973809e+02 3.77975537e-02 -2.63717632e-02 8.12037387e-02 7.95476702e-05 7.28168209e-05 4.05511526e-05
2.16674856e+02 3.64845658e-02 -3.18324142e-02 7.97661552e-02 8.48058160e-05 7.79198413e-05 4.75439483e-05
2.19373903e+02 3.79874948e-02 -3.72052937e-02 7.65506799e-02 1.05148287e-04 1.84812583e-04 1.91425699e-04
2.22079638e+02 4.70636006e-02 -3.52006190e-02 6.64675872e-02 1.39376795e-04 1.39016988e-04 1.93865286e-04
2.24790481e+02 5.14251706e-02 -2.39162611e-02 5.80787888e-02 1.03505128e-04 1.40351940e-04 5.62266934e-05
2.27492872e+02 6.31147180e-02 -1.88173992e-02 4.76641285e-02 1.68071014e-05 1.02146894e-04 3.93875945e-05
2.30190606e+02 6.79656465e-02 -8.84827619e-03 4.19860275e-02 3.48974681e-05 4.29324922e-05 2.15972456e-04
2.32890216e+02 6.90864651e-02 1.58738247e-03 4.24780957e-02 3.35231651e-04 6.73055871e-05 9.99756775e-05
2.35592825e+02 7.03966990e-02 4.70604228e-03 4.78899289e-02 7.43926771e-05 1.07961374e-04 2.06002665e-04
2.38290622e+02 7.03212411e-02 7.74999306e-03 6.52414091e-02 1.26933468e-04 2.85419025e-04 6.83934421e-05
2.40979216e+02 6.43040160e-02 7.59639977e-03 7.54453028e-02 3.97707095e-05 2.86765164e-04 2.16240587e-05
2.43672247e+02 6.57946804e-02 5.85066800e-03 8.45792750e-02 5.85601149e-05 3.05472207e-04 6.29718738e-05
2.46371153e+02 6.05886744e-02 4.68979887e-03 9.02972829e-02 4.26927789e-05 3.83959297e-04 3.56650657e-05
2.49064888e+02 5.75541395e-02 3.45241375e-03 8.85966116e-02 2.68721640e-05 2.97507477e-04 6.77966193e-05
2.51767200e+02 5.08484870e-02 7.87831060e-03 8.37568229e-02 6.27265948e-05 2.07758753e-04 3.75101052e-05
2.54464372e+02 5.00756122e-02 5.91942065e-03 7.55184732e-02 4.59503432e-05 1.50587684e-04 6.39647353e-05
2.57158184e+02 4.53769727e-02 3.66476853e-03 7.53644939e-02 2.81073443e-05 1.62487454e-04 2.76366240e-05
2.59860341e+02 4.34769342e-02 1.13487172e-03 7.44433140e-02 7.13871267e-05 1.22850219e-04 3.31907324e-05
2.62559153e+02 4.52227785e-02 -2.43119532e-03 7.43546434e-02 2.57449774e-05 1.22796600e-04 8.63748605e-05
2.65257903e+02 5.13227503e-02 -2.80343324e-03 6.73865726e-02 3.37226417e-05 1.47400531e-04 1.22326024e-04
2.67947286e+02 5.70789183e-02 -2.52961879e-03 4.44348929e-02 1.34275926e-04 1.66551254e-04 1.05870063e-04
