6.92857241e-01 7.12292372e-02 -3.81023326e-03 1.97228570e-02 1.31731302e-04 9.59551243e-05 6.19736753e-05
3.39334555e+00 6.91435749e-02 -6.89097038e-03 -1.47025187e-02 8.38985689e-05 1.70408270e-04 6.17631056e-05
6.08708633e+00 7.12061733e-02 -8.26455875e-03 -4.02695130e-02 2.13476101e-05 1.73615716e-04 7.89365306e-05
8.78771430e+00 7.26653524e-02 -7.05250655e-03 -4.56685750e-02 1.25164897e-05 3.56038193e-05 3.74312509e-05
1.14880402e+01 7.03976378e-02 -6.07880749e-03 -5.21566311e-02 8.29061143e-05 7.47169300e-05 4.33838421e-05
1.41871527e+01 6.72926703e-02 -4.68870185e-03 -5.87171633e-02 6.90844390e-05 1.02528364e-04 4.76280072e-05
1.68862824e+01 6.85298932e-02 -8.66085760e-03 -6.09697071e-02 3.53226626e-05 5.74808488e-05 1.33576746e-04
1.95870762e+01 6.25181976e-02 -7.66410988e-03 -6.13141859e-02 5.18128761e-05 3.90288461e-05 6.74967948e-05
2.22903668e+01 6.51972207e-02 -5.43352108e-03 -5.88982543e-02 3.19095427e-05 8.12248641e-05 6.41174515e-05
2.49899168e+01 5.83219789e-02 -4.54178097e-03 -6.29319060e-02 5.41324655e-05 1.38310609e-04 7.53153532e-05
2.76886652e+01 6.02492579e-02 -2.92298317e-03 -6.20653250e-02 6.34769436e-05 1.40362438e-04 5.44151568e-05
3.03842168e+01 5.75690795e-02 -6.74541255e-03 -6.14097198e-02 6.47184280e-05 3.54834862e-04 3.85910606e-05
3.30830621e+01 5.38661137e-02 -7.59709472e-03 -6.40070511e-02 3.72324531e-05 2.11526451e-04 1.36841325e-04
3.57778527e+01 5.43503810e-02 -7.63892727e-03 -6.57588792e-02 6.75667143e-05 1.59989164e-04 2.98853910e-05
3.84768152e+01 5.78677450e-02 -1.10776020e-02 -6.00399848e-02 8.80824284e-05 3.98835523e-05 1.51761504e-04
4.11696418e+01 5.56491062e-02 -6.56969991e-03 -5.43932430e-02 1.98564697e-04 1.06722005e-04 6.61859452e-05
4.38665074e+01 5.68750610e-02 -1.07876017e-02 -5.36551909e-02 6.52774453e-05 3.26617144e-04 2.67504726e-05
4.65638934e+01 6.01156255e-02 -1.21817557e-02 -4.76477980e-02 7.55464924e-05 2.88581683e-04 5.16462348e-05
4.92631324e+01 6.12170939e-02 -1.14049172e-02 -4.50299903e-02 7.98247703e-05 7.03147695e-05 5.43574629e-05
5.19624184e+01 5.72851422e-02 -1.12512521e-02 -5.39444618e-02 7.24368330e-05 1.14245507e-04 8.65383463e-06
5.46676871e+01 5.75673499e-02 -1.36135203e-02 -5.50649571e-02 3.34685170e-05 1.34248159e-04 4.31159721e-05
5.73668246e+01 5.74831803e-02 -9.67237263e-03 -5.49947363e-02 8.84529808e-05 1.56754777e-04 4.99053239e-05
6.00693012e+01 4.98391549e-02 -1.52342387e-02 -5.85779711e-02 1.21412267e-04 5.01114239e-04 1.94594198e-05
6.27750684e+01 4.51819631e-02 -1.03130091e-02 -5.88730320e-02 5.22211917e-05 7.09692872e-04 7.64550095e-05
6.54709840e+01 5.23920640e-02 -1.04195174e-02 -5.86015173e-02 1.53449711e-05 1.06439356e-03 9.45302541e-05
6.81647090e+01 6.03458178e-02 -7.16127422e-03 -5.77742246e-02 2.63075940e-05 8.21893088e-04 4.04327541e-05
7.08591840e+01 6.12708707e-02 -5.27644176e-03 -5.46554491e-02 4.33419578e-05 7.32176248e-04 1.39186565e-05
7.35436731e+01 5.86302288e-02 5.75895981e-04 -5.35635147e-02 7.20341883e-05 3.77510991e-04 5.08671933e-05
7.62518543e+01 5.69798563e-02 1.03066980e-03 -5.44610843e-02 4.10015881e-05 2.08448439e-04 4.76423182e-05
7.89499481e+01 5.71238289e-02 5.60757581e-03 -6.17342959e-02 5.05905256e-05 6.68180385e-05 8.41709917e-05
8.16479527e+01 5.80126269e-02 1.63033694e-03 -6.00571392e-02 8.02360859e-05 1.40176627e-04 7.38347270e-05
8.43505965e+01 6.02131216e-02 -4.04976305e-03 -5.76141390e-02 7.16998922e-05 5.49718954e-04 5.46626790e-05
8.70604277e+01 5.87675491e-02 -7.45517634e-03 -5.92595796e-02 2.46861815e-05 2.72153473e-04 6.61273511e-05
8.97648543e+01 5.60042662e-02 -8.51398604e-03 -5.61046160e-02 1.08630143e-05 3.83839907e-04 8.41725019e-05
9.24729418e+01 5.85604341e-02 -1.68275372e-03 -5.93862363e-02 2.54283976e-05 3.11537931e-04 2.67513495e-05
9.51812715e+01 5.69396221e-02 -3.74592295e-05 -6.53357430e-02 6.08082048e-05 3.81802740e-04 3.00511596e-05
9.78701699e+01 4.73648801e-02 -3.08655740e-03 -7.03871993e-02 3.97613127e-05 2.60907216e-04 7.83534867e-05
1.00568318e+02 3.16436458e-02 7.64998949e-04 -6.59883538e-02 8.43838821e-05 1.49465144e-04 6.72897722e-05
1.03268959e+02 3.40676707e-02 -1.51946864e-03 -6.47547314e-02 2.38644241e-05 9.28749126e-05 3.55633789e-05
1.05972662e+02 3.81028167e-02 -4.18244542e-03 -6.19398589e-02 7.75125924e-05 1.04246857e-04 6.11989434e-05
1.08683115e+02 5.01400387e-02 -7.11666351e-03 -6.29430331e-02 6.66789727e-05 8.24734602e-05 5.55180540e-05
1.11380693e+02 6.08806159e-02 3.26876104e-04 -6.90868894e-02 5.36428075e-05 9.15571139e-05 5.78583888e-05
1.14085818e+02 6.76946827e-02 -2.06628394e-03 -6.25265457e-02 3.34925021e-05 9.82827970e-05 7.57813872e-05
1.16788881e+02 7.25346534e-02 -7.47201518e-03 -6.17024760e-02 3.10685549e-05 6.90526251e-05 5.88848960e-05
1.19488006e+02 7.55061261e-02 -9.51573492e-03 -5.35654102e-02 3.87454915e-05 1.30706011e-04 5.59759036e-05
1.22195678e+02 7.66279958e-02 -1.22553064e-02 -4.23865927e-02 5.75844646e-05 2.99511938e-05 5.71791939e-05
1.24900928e+02 7.43417090e-02 -7.39100556e-03 -3.23430854e-02 1.10480537e-04 1.62301322e-04 4.97475096e-05
1.27595381e+02 7.24099868e-02 -7.05065498e-03 -2.38179382e-02 1.03198702e-04 4.84957344e-05 2.15032983e-05
1.30298334e+02 7.71762282e-02 1.21254809e-03 -8.82924015e-03 1.51080431e-04 1.20035910e-04 1.07800348e-04
1.32992225e+02 8.68198125e-02 2.01504679e-03 6.44652853e-05 4.18074615e-05 1.14912851e-04 6.37239995e-05
1.35685021e+02 8.67535595e-02 3.64972386e-03 2.84936927e-02 2.72672866e-05 2.12314912e-04 3.40880123e-05
1.38379834e+02 8.06434111e-02 3.83394437e-03 4.65776483e-02 3.38278772e-05 2.97260345e-05 1.84054467e-05
1.41074553e+02 6.98905083e-02 -1.53492752e-03 6.39303606e-02 9.30066311e-05 5.10257401e-05 2.49047926e-05
1.43773975e+02 5.58039548e-02 -2.75228324e-03 6.94805823e-02 4.41426793e-05 6.99548436e-05 2.68809599e-05
1.46466084e+02 5.47545911e-02 -3.59785720e-03 5.97135034e-02 3.59729575e-05 1.35710949e-04 2.43806762e-05
1.49169959e+02 5.22493870e-02 -5.96291840e-03 5.50220807e-02 5.17089115e-05 2.70420731e-04 1.25248204e-04
1.51872693e+02 4.93757339e-02 -2.37125925e-03 5.95529225e-02 1.93933793e-04 1.51526723e-04 3.64334938e-05
1.54577475e+02 4.91501693e-02 -7.17051569e-03 6.74562389e-02 1.29160232e-04 1.37710785e-04 8.93978409e-05
1.57285303e+02 4.89063014e-02 -5.36633274e-03 6.80863757e-02 7.09128345e-05 2.44933792e-04 1.33071000e-04
1.59987443e+02 5.52598108e-02 -7.56012895e-03 6.24104218e-02 3.23678807e-05 1.28390880e-04 1.94873227e-05
1.62697818e+02 6.96719830e-02 -4.41880769e-03 5.37810583e-02 8.14185689e-05 1.77025548e-04 7.44310483e-05
1.65391443e+02 6.90171979e-02 -7.90723412e-03 4.46897188e-02 2.98780476e-05 2.76894680e-04 5.74811267e-05
1.68092287e+02 6.42995324e-02 -9.61191097e-03 5.28417545e-02 2.02598701e-04 1.21696563e-04 3.99405840e-05
1.70789631e+02 7.21048568e-02 -1.81467132e-02 4.39039942e-02 6.65377057e-05 3.61050060e-04 1.14210384e-04
1.73493912e+02 7.31667963e-02 -1.90381195e-02 5.10997937e-02 5.40640392e-05 6.29946641e-04 6.34091725e-05
1.76190256e+02 6.77525905e-02 -1.60210356e-02 5.08597228e-02 4.58437782e-05 4.48562015e-04 6.46026752e-05
1.78899943e+02 6.63246110e-02 -1.66896152e-02 5.43992518e-02 2.94381929e-06 1.88559694e-04 2.83190376e-05
1.81599678e+02 6.92259720e-02 -1.88648768e-02 5.62431246e-02 4.99156854e-05 2.96312563e-05 6.09965082e-05
1.84293537e+02 6.52374789e-02 -1.13940507e-02 6.13871095e-02 5.85887161e-05 1.17298277e-04 1.11673706e-04
1.86984365e+02 5.10650572e-02 -1.30870153e-02 6.29963530e-02 1.71479438e-05 1.79136758e-04 9.65607541e-05
1.89692568e+02 5.17201236e-02 -1.50124057e-02 5.82893211e-02 3.35935052e-05 7.60020607e-05 1.64477575e-05
1.92387053e+02 5.70822176e-02 -1.66735106e-02 6.40596488e-02 3.78998329e-05 1.19069269e-04 1.37208214e-04
1.95083959e+02 6.29136656e-02 -1.32603930e-02 5.77753870e-02 1.20710961e-04 1.86166172e-04 1.24886887e-04
1.97784131e+02 5.88564781e-02 -4.25374153e-03 5.27741727e-02 2.50857221e-05 1.46350159e-04 3.15660364e-05
2.00482334e+02 5.52960338e-02 -4.86577306e-03 5.17646191e-02 1.02694747e-04 1.31468214e-04 5.60105190e-05
2.03183912e+02 5.47582023e-02 -7.68275671e-03 4.30028136e-02 6.22821378e-05 8.03250823e-05 1.28935589e-04
2.05882365e+02 6.17447049e-02 -1.09566995e-02 4.16525763e-02 9.85598874e-05 3.54871296e-04 5.70884009e-05
2.08584115e+02 6.50081063e-02 -1.63532292e-03 2.83891513e-02 4.25052875e-05 3.04430032e-04 5.78440613e-05
2.11274896e+02 6.53694172e-02 -3.13062108e-03 3.79520651e-02 3.26044951e-05 3.29722739e-04 2.37379602e-05
2.13975350e+02 7.39323181e-02 5.37690865e-04 3.98738005e-02 2.15924555e-05 2.19685548e-04 4.36791518e-05
2.16675396e+02 7.37188839e-02 1.09138797e-03 5.38947619e-02 5.09245100e-05 2.52748186e-04 9.39014649e-05
2.19376037e+02 6.94920382e-02 7.55147904e-03 5.33401491e-02 6.88358658e-05 2.61962067e-04 8.38137983e-05
2.22083381e+02 6.49083296e-02 6.21126378e-03 5.78374702e-02 5.18830013e-05 2.72970164e-04 6.76490367e-05
2.24784443e+02 5.46052067e-02 2.09935669e-03 5.54209661e-02 6.69757995e-05 1.57029864e-04 5.77701907e-05
2.27496225e+02 4.54611683e-02 3.62044091e-03 6.21997325e-02 4.42010629e-05 2.73201354e-04 5.39419156e-05
2.30208615e+02 5.08362653e-02 5.89856440e-03 6.76013900e-02 4.89681664e-05 2.20404652e-04 3.73746881e-05
2.32908771e+02 5.03888012e-02 -2.76801725e-03 6.53888340e-02 6.13382495e-05 4.71935630e-04 6.07210688e-05
2.35615131e+02 4.39408874e-02 -3.99589221e-03 6.46296328e-02 4.42830805e-05 2.69426304e-04 1.25357659e-04
2.38320318e+02 4.70238591e-02 -4.88392517e-03 5.90395243e-02 1.63026181e-04 7.01264709e-04 1.02798735e-04
2.41023428e+02 4.70480624e-02 -4.15317799e-03 5.60026548e-02 9.75908373e-05 3.23771065e-04 7.60554461e-05
2.43727459e+02 4.34664973e-02 -1.15902817e-02 6.17411449e-02 7.50126021e-05 1.90713392e-04 4.87238853e-05
2.46421600e+02 3.83361296e-02 -6.45366057e-03 7.62360554e-02 3.82252941e-05 3.19608861e-05 6.37538084e-05
2.49114990e+02 3.63258003e-02 -3.89976524e-03 7.49851699e-02 3.70262648e-05 1.75662176e-04 3.68430066e-05
2.51810381e+02 3.45629379e-02 -7.98937851e-03 7.07915120e-02 9.02537546e-05 1.01907138e-04 3.00752256e-05
2.54515490e+02 4.96664626e-02 -1.41216183e-02 6.63220677e-02 4.32831594e-05 1.15050792e-04 9.96748464e-05
2.57219318e+02 5.38667203e-02 -9.21204386e-03 6.38901712e-02 3.30459945e-05 8.53051591e-05 5.08209445e-05
2.59922943e+02 6.24615091e-02 -6.62361173e-03 6.42160781e-02 3.75128132e-05 1.34362794e-04 8.34220506e-05
2.62614412e+02 6.11408683e-02 -5.71938910e-03 6.00186659e-02 2.38202746e-05 1.39358058e-04 9.52810404e-05
2.65317693e+02 6.49118573e-02 -3.48480180e-03 6.44825127e-02 4.71926030e-05 1.56293860e-05 4.91698993e-05
2.68005206e+02 7.15619930e-02 -1.04731466e-03 5.21779816e-02 1.04485808e-04 4.59670244e-05 2.54230300e-05
