6.96143139e-01 6.90935215e-02 -7.28020591e-03 3.53714399e-02 6.34580916e-05 9.71171632e-05 6.59084163e-06
3.39794014e+00 6.65812520e-02 -7.67786038e-03 1.74395585e-02 5.41882142e-05 2.37870830e-04 1.15205377e-04
6.10191827e+00 6.83783468e-02 -7.81674663e-03 -1.13336411e-02 1.11234488e-04 1.27626553e-04 1.87338654e-05
8.79965577e+00 5.60980236e-02 -4.48770446e-03 -3.91330552e-02 5.96788148e-05 5.29706577e-04 1.82800473e-04
1.15067233e+01 4.20414322e-02 -6.83120340e-04 -6.01684521e-02 1.67227099e-04 2.03084513e-04 5.06127666e-05
1.42112123e+01 4.33804882e-02 1.64732580e-04 -5.87143446e-02 1.07903879e-04 2.24776711e-04 8.66465217e-05
1.69103983e+01 4.63829660e-02 -3.67873056e-03 -6.13119030e-02 5.99647356e-05 1.54549888e-04 3.64493861e-05
1.96057076e+01 5.48914947e-02 -1.92576424e-03 -5.99461741e-02 3.99408719e-05 1.33764826e-04 1.43797740e-04
2.23045108e+01 5.86965784e-02 -1.26741061e-03 -6.26901831e-02 1.46292827e-05 2.98694050e-05 4.96547281e-05
2.49994795e+01 6.03556562e-02 -4.81823312e-03 -7.31707499e-02 3.66303618e-05 1.00319973e-04 4.85745338e-05
2.76904670e+01 6.28923581e-02 -5.61644040e-03 -7.09208795e-02 5.37113060e-05 8.30930187e-05 5.58242241e-05
3.03842920e+01 6.95231493e-02 -2.61385157e-03 -6.11886486e-02 2.53577672e-05 7.89465410e-05 5.59214812e-05
3.30749342e+01 6.78687278e-02 -3.91437059e-03 -5.04458780e-02 8.62018793e-05 5.23827726e-05 4.65279805e-05
3.57679936e+01 6.08101917e-02 -3.80111568e-03 -5.03950408e-02 1.36185427e-04 6.12484376e-05 1.15778455e-04
3.84673858e+01 6.25424763e-02 -6.16827260e-03 -5.08603311e-02 4.33485131e-05 1.45459839e-04 9.79843364e-05
4.11631905e+01 6.44484796e-02 -3.27221629e-03 -5.46137113e-02 5.13101982e-05 1.64973053e-04 7.57143489e-05
4.38659905e+01 7.49745098e-02 -6.13074188e-03 -5.12025312e-02 2.44622198e-05 1.58148013e-04 3.49252401e-05
4.65664701e+01 7.28514927e-02 -3.80778781e-03 -5.33512208e-02 1.44303000e-04 1.40451071e-04 4.12413366e-05
4.92694217e+01 6.37255779e-02 1.16201306e-03 -4.87665237e-02 3.84526583e-05 1.98353223e-04 2.01180891e-04
5.19667670e+01 5.84187943e-02 -1.08378175e-04 -5.61531430e-02 6.92407769e-05 1.56994786e-04 4.58538416e-05
5.46717123e+01 5.47910871e-02 -5.66446188e-03 -6.41014319e-02 2.81359437e-05 2.08000469e-04 5.25136570e-05
5.73610405e+01 5.56771993e-02 2.37993342e-03 -6.83237932e-02 7.29914934e-05 3.09401549e-04 4.48599307e-05
6.00558233e+01 4.56618526e-02 4.09828722e-03 -6.48611895e-02 5.16452716e-05 2.36210475e-04 1.13867273e-04
6.27569842e+01 4.25147970e-02 7.91471492e-03 -6.71432866e-02 5.46986444e-05 2.47056451e-04 1.29868288e-05
6.54629123e+01 4.23850568e-02 6.77086748e-03 -6.41454586e-02 3.39007324e-05 1.70865602e-04 1.54299894e-04
6.81618295e+01 3.84323786e-02 4.70717524e-03 -7.00265256e-02 1.54399686e-04 1.07625873e-04 4.28977140e-05
7.08636248e+01 3.96830291e-02 -9.33952338e-04 -6.54732621e-02 6.72797275e-05 2.35911682e-04 6.24515408e-05
7.35599436e+01 4.30193458e-02 -1.19781660e-03 -5.93491167e-02 9.68229017e-05 2.95132226e-04 1.81198199e-05
7.62581326e+01 4.53487352e-02 -8.96847067e-03 -6.02387134e-02 4.64097674e-05 4.25320973e-04 1.71311800e-04
7.89608889e+01 4.89923688e-02 -1.23098885e-02 -5.84404288e-02 8.71621173e-05 4.72889629e-04 5.20551437e-05
8.16587826e+01 4.86691986e-02 -9.39777786e-03 -6.46138363e-02 4.31590778e-05 8.98609251e-04 3.59974067e-05
8.43554795e+01 5.14362102e-02 2.32514592e-03 -6.98322486e-02 8.34049698e-05 6.36276485e-04 2.39807790e-05
8.70465764e+01 4.35119604e-02 -5.73996151e-03 -8.08614249e-02 2.34419274e-05 4.30356144e-04 8.18023248e-05
8.97518311e+01 3.98149560e-02 -5.75265348e-04 -7.61658455e-02 1.19817556e-04 3.10472008e-04 4.07240440e-05
9.24479389e+01 4.12397008e-02 -6.62824456e-03 -7.12059464e-02 7.88063971e-05 1.00478505e-04 8.21161496e-05
9.51496545e+01 4.83843497e-02 -4.43832033e-03 -6.77795906e-02 1.56872059e-05 1.35182058e-04 6.61044946e-05
9.78514186e+01 5.72591363e-02 -9.23132001e-03 -6.35865322e-02 2.16052780e-04 8.57402574e-05 1.32474471e-05
1.00554953e+02 6.26008222e-02 -6.60583543e-03 -6.40404851e-02 1.78376994e-05 1.99465024e-04 1.75335933e-04
1.03259047e+02 7.13394714e-02 3.23721508e-03 -6.30871176e-02 5.50700687e-05 7.61698993e-05 1.08729985e-04
1.05961562e+02 7.00932623e-02 2.02930229e-04 -6.29187524e-02 7.83717269e-05 4.55767792e-05 2.75817756e-05
1.08669109e+02 6.75401336e-02 8.41988078e-04 -5.61518015e-02 2.76168297e-05 7.07869837e-05 5.67910725e-05
1.11382625e+02 5.53571276e-02 -1.43855815e-03 -6.03529993e-02 9.26714582e-05 1.03871592e-04 3.22226574e-05
1.14077390e+02 6.14587929e-02 2.15886539e-03 -4.99789402e-02 4.38557126e-06 1.52198633e-04 1.02005857e-04
1.16780203e+02 6.00868460e-02 5.84080324e-03 -4.49537561e-02 6.36450767e-05 1.61535716e-04 1.46837350e-05
1.19477484e+02 5.90015020e-02 8.94995367e-03 -4.81843182e-02 5.19307320e-05 1.02442348e-04 5.70536065e-05
1.22181484e+02 6.89661033e-02 1.00053699e-03 -4.21056978e-02 5.50024889e-05 3.61613207e-05 1.07477110e-04
1.24868875e+02 8.13410916e-02 1.95121666e-03 -3.82335222e-02 2.85784029e-05 1.78663507e-04 7.84208743e-05
1.27556828e+02 8.84791715e-02 -3.33911278e-03 -1.37302692e-02 9.51467235e-05 1.48337721e-04 3.31491568e-05
1.30256672e+02 8.70543663e-02 -7.51753108e-04 5.86053295e-03 1.09660997e-04 3.92996692e-04 3.22973051e-05
1.32954344e+02 8.14823906e-02 -6.46451675e-03 2.88011507e-02 2.52772031e-05 4.91740578e-04 5.42822775e-05
1.35650781e+02 6.98658928e-02 -4.57960957e-03 3.11927881e-02 5.01709587e-05 4.10410643e-04 8.87303998e-05
1.38357312e+02 6.06721356e-02 -5.67234454e-03 3.69387110e-02 3.81313470e-05 2.40428225e-04 8.67977576e-05
1.41058219e+02 6.92361502e-02 4.55972794e-05 3.89025420e-02 1.05956581e-04 2.67386244e-04 6.13623026e-05
1.43759140e+02 6.33188363e-02 1.24981999e-03 4.80623552e-02 3.38998176e-05 1.26787758e-04 6.72677269e-05
1.46470656e+02 6.38271160e-02 5.72016844e-03 6.90868686e-02 5.52257434e-05 3.23115006e-04 5.45383026e-05
1.49177672e+02 6.47821606e-02 7.21112410e-03 6.91108406e-02 3.89955453e-05 1.99855253e-04 4.83919802e-05
1.51883234e+02 6.34234687e-02 1.07652979e-02 6.55499904e-02 3.77846810e-05 1.87022444e-04 2.34368689e-05
1.54584562e+02 7.25588551e-02 6.72773713e-03 5.64687355e-02 1.37412683e-04 3.03754804e-04 4.75570515e-05
1.57285250e+02 7.00606389e-02 3.87056921e-03 5.67329756e-02 7.18284098e-05 1.72335134e-04 2.23338426e-04
1.59985594e+02 6.42715478e-02 -7.06953220e-04 6.33905438e-02 1.07875425e-04 1.39072547e-04 5.95595555e-05
1.62685734e+02 6.01654500e-02 -3.07618638e-03 6.25678278e-02 5.43813727e-05 1.77226303e-04 3.95778029e-05
1.65387281e+02 5.39470547e-02 -7.11081230e-03 6.08664302e-02 5.20069341e-05 1.30593216e-04 2.07467436e-05
1.68092969e+02 4.32243245e-02 -4.26049450e-03 5.43221294e-02 1.28045124e-04 3.40801587e-05 2.67226831e-05
1.70793250e+02 5.75274038e-02 -5.51287499e-03 5.51058333e-02 2.68506822e-05 1.21287582e-04 2.21637070e-04
1.73486640e+02 5.95883578e-02 -4.35505333e-03 5.41842542e-02 1.74121141e-04 1.51611738e-04 1.05010509e-04
1.76177203e+02 6.07183559e-02 -4.13771244e-03 5.71261505e-02 4.98248782e-05 7.11259396e-05 5.20400630e-05
1.78878219e+02 5.87793243e-02 -1.03638734e-02 5.19461906e-02 1.07864876e-04 1.34702045e-04 2.05754221e-05
1.81575078e+02 5.71705375e-02 -6.16097635e-03 4.78635821e-02 5.62139540e-05 1.15273633e-04 1.13281394e-04
1.84270359e+02 6.13572049e-02 3.01417543e-03 5.89654703e-02 4.11621658e-05 1.85135331e-04 4.99497973e-05
1.86970547e+02 6.35154996e-02 3.84474396e-03 5.88668307e-02 3.57824472e-05 1.66516931e-04 6.09775510e-05
1.89674750e+02 7.00246936e-02 7.68347158e-03 6.91207371e-02 1.01873442e-04 4.91974495e-05 2.67624765e-05
1.92369750e+02 5.36118664e-02 7.43458526e-03 7.00423597e-02 1.18699255e-04 6.51227520e-05 3.93099443e-05
1.95070000e+02 4.42394826e-02 4.73623848e-03 6.84166574e-02 1.17977617e-04 1.36080869e-04 3.28201908e-05
1.97765531e+02 4.51945687e-02 1.83725027e-03 6.01023129e-02 6.56484335e-05 1.40826301e-04 7.30513329e-05
2.00466422e+02 5.78578689e-02 3.52056494e-03 5.61306150e-02 2.25464259e-05 2.19863305e-04 5.65559092e-05
2.03166156e+02 5.98752676e-02 3.71196290e-03 5.77976793e-02 1.48380967e-04 5.31164384e-05 6.10158025e-05
2.05862265e+02 6.56366444e-02 2.19325028e-03 5.86400558e-02 1.04388649e-04 2.47039856e-04 8.84516468e-05
2.08559687e+02 6.19134568e-02 2.92199232e-03 5.88851754e-02 2.68053991e-05 6.58916757e-05 1.72567950e-05
2.11261265e+02 5.75294808e-02 5.27277726e-03 6.22872203e-02 3.12892311e-05 1.17995718e-04 7.05133289e-05
2.13964734e+02 6.32139484e-02 2.31916821e-03 6.28031474e-02 5.39511149e-05 3.65412453e-04 7.80152949e-05
2.16665437e+02 5.85272265e-02 -4.99259481e-03 5.91945318e-02 6.34808235e-05 1.09894569e-04 7.10060146e-05
2.19369750e+02 5.14056506e-02 -1.16840635e-02 5.79933844e-02 6.54661312e-05 1.46708039e-04 3.71911605e-05
2.22072437e+02 5.08737760e-02 -1.23282473e-02 5.91032762e-02 2.93085969e-05 3.04949163e-04 6.08802036e-05
2.24774047e+02 5.08686403e-02 -1.43726162e-02 6.09138933e-02 6.45305506e-05 3.43568660e-04 3.41510030e-05
2.27479625e+02 5.63804352e-02 -1.54875806e-02 5.51816061e-02 1.36577571e-05 2.74639535e-04 4.65970605e-05
2.30183203e+02 6.39538715e-02 -1.16961688e-02 4.77854154e-02 6.07771484e-05 3.07568810e-04 7.32040999e-05
2.32879375e+02 7.03737787e-02 -9.83514590e-03 5.14614749e-02 3.43253372e-05 1.26331361e-04 1.75857024e-05
2.35579719e+02 6.95831981e-02 -1.22520760e-02 5.68897637e-02 4.04356225e-05 8.07647980e-05 4.50471349e-05
2.38281765e+02 6.81858515e-02 -1.68951870e-02 5.66951008e-02 4.43384040e-05 6.24695209e-05 2.65003971e-05
2.40982250e+02 6.25999350e-02 -9.12166010e-03 5.79317255e-02 3.01044770e-05 8.39206447e-05 5.68712826e-05
2.43686156e+02 5.46569233e-02 -1.29604526e-02 5.73361898e-02 4.19138105e-05 1.09124356e-04 9.38297845e-06
2.46395828e+02 6.12905722e-02 -1.63790516e-02 6.62403568e-02 9.73613656e-05 5.63046180e-05 3.76224298e-05
2.49094750e+02 6.36934556e-02 -1.23272142e-02 6.87982100e-02 2.08726632e-05 8.23130833e-05 7.47436555e-05
2.51793515e+02 5.79642026e-02 -4.74891971e-03 6.84256559e-02 3.31026357e-05 1.22137213e-04 1.00554213e-04
2.54491328e+02 5.54974287e-02 -4.13448516e-03 6.65162615e-02 7.77953442e-05 7.62672635e-05 6.59070481e-05
2.57194937e+02 5.26094118e-02 1.62466097e-03 6.66723012e-02 1.55109882e-04 8.15634144e-05 4.81158074e-05
2.59898000e+02 5.50608898e-02 -5.71266228e-03 6.23810197e-02 4.87321196e-05 1.41793802e-04 1.03285621e-04
2.62592640e+02 6.27790514e-02 -3.88172976e-03 6.11489066e-02 6.19116004e-05 4.85299313e-05 2.76235275e-05
2.65291047e+02 6.97456173e-02 -3.45535537e-04 5.06228338e-02 1.75807070e-05 4.71639325e-05 5.78807794e-05
2.67991507e+02 7.11767967e-02 -2.88185820e-03 4.18095749e-02 8.07011087e-05 3.26973706e-05 1.31823504e-04
