6.73273728e-01 7.72117513e-02 -7.72488173e-03 1.32313296e-02 5.86951766e-05 8.86202613e-05 2.27360039e-05
3.36998649e+00 8.29029090e-02 -5.25573071e-03 -2.40341940e-03 5.66440363e-05 3.33862368e-04 8.91794717e-05
6.06961508e+00 8.19057520e-02 -3.43181224e-03 -2.47668026e-02 1.25266730e-04 3.48230314e-04 8.40609061e-05
8.76345602e+00 7.65184460e-02 -5.32971836e-03 -3.05146262e-02 9.27616178e-05 5.06088928e-04 2.00095888e-05
1.14578657e+01 7.09656430e-02 -9.92434424e-03 -4.13037846e-02 6.16697634e-05 1.83983099e-04 1.99115940e-05
1.41602282e+01 6.43343891e-02 -7.81117111e-03 -4.75596594e-02 8.82662754e-06 1.64535465e-04 6.89619468e-05
1.68596735e+01 6.77051924e-02 -7.92727396e-03 -5.77458718e-02 9.81678750e-05 5.95589606e-05 1.14610243e-04
1.95655938e+01 6.58741417e-02 -1.39617975e-02 -6.38552358e-02 7.20771471e-05 5.61498246e-05 2.73368327e-05
2.22737220e+01 6.70414144e-02 -1.11785504e-02 -5.93439619e-02 2.65141830e-05 4.43163690e-05 2.53411844e-05
2.49750548e+01 5.99654149e-02 -2.00483952e-02 -5.98765982e-02 4.32897002e-05 4.20825366e-05 4.70537466e-05
2.76761688e+01 5.40975085e-02 -2.59256987e-02 -5.89149206e-02 5.26566660e-05 8.77363209e-05 2.36303867e-04
3.03807235e+01 6.05538990e-02 -2.01117391e-02 -5.31412539e-02 9.28279557e-05 1.96153592e-04 4.75746721e-05
3.30851829e+01 6.67261155e-02 -1.54720586e-02 -5.10113882e-02 2.12994779e-05 1.18297300e-04 5.40875127e-05
3.57832313e+01 6.48943962e-02 -1.28870132e-02 -5.30726387e-02 8.74679506e-05 2.67699327e-04 7.14831912e-05
3.84873673e+01 6.41190873e-02 -9.79145470e-03 -6.02958169e-02 5.44424104e-05 1.32908182e-04 1.27180231e-04
4.11918282e+01 6.49313188e-02 -7.64965188e-03 -5.85381158e-02 9.39675435e-05 4.17110815e-05 7.89769084e-05
4.38952188e+01 6.54099650e-02 -9.25194438e-03 -5.77205862e-02 6.79280643e-05 2.65055407e-04 3.38493642e-05
4.65875048e+01 6.77103278e-02 -1.08934690e-02 -6.52168280e-02 2.69553448e-05 1.01509224e-04 3.53357727e-05
4.92951345e+01 6.52505319e-02 -1.20825474e-02 -6.77623416e-02 1.72566588e-05 1.36398183e-04 2.83949022e-05
5.19967610e+01 5.60011946e-02 -8.74962116e-03 -6.72979003e-02 5.00663930e-05 3.30675945e-05 3.86883249e-05
5.47009282e+01 6.23240686e-02 -8.39312546e-03 -6.69089143e-02 2.93351603e-05 5.95314146e-05 1.38437248e-04
5.74115532e+01 6.47764262e-02 -9.83982384e-03 -6.10105303e-02 1.31687255e-04 1.21473777e-04 6.80420280e-05
6.01165282e+01 6.70828654e-02 -1.25764994e-02 -5.77202632e-02 6.48892081e-05 1.59112985e-05 2.83595325e-05
6.28144329e+01 6.27162592e-02 -1.22600184e-02 -6.56196844e-02 3.25569259e-05 4.12752620e-05 8.95691236e-05
6.55090985e+01 6.22448650e-02 -1.14263431e-02 -7.05481578e-02 5.32401542e-05 4.90717144e-05 2.16620120e-05
6.82018204e+01 6.62687737e-02 -1.11189935e-02 -6.02772552e-02 3.42103283e-05 1.25293221e-04 9.93592179e-05
7.08989157e+01 6.42740475e-02 -7.45601156e-03 -5.76808774e-02 7.34362128e-05 3.54138449e-05 7.56626714e-05
7.35958329e+01 5.87963729e-02 -1.41426470e-02 -5.87171682e-02 1.41390669e-04 1.11749968e-04 2.28073015e-05
7.62914032e+01 6.29530821e-02 -4.40249839e-03 -6.30138508e-02 8.62129219e-05 3.98489590e-05 8.24273801e-05
7.89852548e+01 6.86545820e-02 -9.43094123e-03 -6.24228322e-02 1.05125037e-04 2.55154509e-04 6.37867805e-05
8.16770704e+01 7.39640447e-02 -7.24116097e-03 -5.82274981e-02 6.39140781e-05 1.36369694e-04 3.06973224e-05
8.43710907e+01 7.40640116e-02 -6.91244233e-03 -6.60564192e-02 4.96261547e-05 1.26479916e-04 6.81719743e-05
8.70730548e+01 6.76991750e-02 -6.58317740e-03 -6.40123468e-02 4.84968061e-05 3.33712373e-05 5.30646729e-05
8.97786985e+01 6.31848160e-02 -2.02661371e-03 -5.46718364e-02 8.76548582e-05 6.21106209e-05 4.71558980e-05
9.24798845e+01 5.55160363e-02 -1.83061969e-03 -6.33061010e-02 1.03305463e-04 4.02431785e-05 4.65851797e-05
9.51724860e+01 5.98962917e-02 -2.53333833e-03 -6.37137243e-02 5.23118488e-05 4.26659057e-04 1.18797169e-04
9.78733360e+01 5.83547403e-02 -1.30675901e-03 -7.10905435e-02 8.43618347e-05 3.20117098e-04 3.10044800e-05
1.00582491e+02 5.50649732e-02 2.12350250e-03 -7.33650696e-02 4.49400228e-05 3.84011071e-04 8.07250965e-05
1.03287288e+02 5.46175979e-02 -2.42050524e-03 -7.48692922e-02 6.16068902e-05 3.67113413e-04 3.85619639e-05
1.05985725e+02 5.58572428e-02 -2.37631193e-03 -7.58535707e-02 4.28854304e-05 6.20634325e-04 1.78101778e-05
1.08691241e+02 5.03019419e-02 1.07391345e-03 -7.07943754e-02 3.87807596e-05 4.56737114e-04 4.65734467e-05
1.11397131e+02 4.79105177e-02 1.01514493e-03 -6.59924060e-02 7.39570463e-05 4.60822228e-04 6.02146375e-05
1.14103053e+02 4.73184038e-02 7.43645514e-04 -6.28425147e-02 9.88348961e-05 2.72261358e-04 2.16474419e-05
1.16794084e+02 5.67406938e-02 -3.21733041e-05 -5.96848617e-02 6.75930479e-05 1.05327841e-04 1.98539802e-05
1.19484178e+02 6.62491218e-02 -1.09333949e-03 -5.75493793e-02 1.61036619e-05 8.03240981e-05 5.33001731e-05
1.22176897e+02 7.41724319e-02 -2.45355962e-06 -5.39685000e-02 6.46473252e-05 1.09209232e-04 4.66039155e-05
1.24863881e+02 8.10292433e-02 1.41450682e-03 -5.30632533e-02 9.97082835e-05 2.24613125e-05 3.42876112e-05
1.27567475e+02 8.38385736e-02 8.95843968e-04 -3.54801724e-02 6.81238206e-05 7.63978898e-05 6.43875983e-05
1.30263991e+02 8.12984828e-02 -8.35813338e-04 -3.83627346e-03 1.15940763e-05 4.34548294e-05 3.65784310e-05
1.32960100e+02 8.40458451e-02 -4.20241117e-03 1.48104824e-02 5.81631602e-05 8.53672711e-05 9.84780181e-06
1.35654913e+02 8.07630522e-02 -9.55340011e-04 3.24878782e-02 8.16321855e-05 1.45712349e-05 3.01884034e-05
1.38351350e+02 8.25063393e-02 -2.89083035e-03 3.07344593e-02 1.77911219e-05 9.35499748e-05 3.51552028e-05
1.41044069e+02 7.60030247e-02 -7.55437944e-04 4.17693900e-02 1.09519909e-04 1.28563248e-04 1.34423397e-05
1.43742616e+02 6.28866718e-02 -5.13144132e-03 5.22975531e-02 1.24781220e-04 8.75276371e-05 3.67718558e-05
1.46441741e+02 5.98560946e-02 -1.11420643e-02 5.46109490e-02 5.67981666e-05 3.70449096e-05 1.77877431e-05
1.49141209e+02 6.41947581e-02 -1.39938016e-02 5.85422691e-02 9.32433298e-05 1.92322747e-04 6.06828093e-05
1.51836506e+02 6.44964430e-02 -1.64138139e-02 6.05865743e-02 8.34182240e-05 5.46601571e-05 7.35195667e-05
1.54541038e+02 6.67881170e-02 -2.04365511e-02 6.01693294e-02 6.21874202e-05 2.36636146e-04 5.24306340e-05
1.57250381e+02 6.73913726e-02 -1.55830794e-02 6.02577884e-02 8.70065232e-05 2.31666847e-04 3.50414116e-05
1.59954006e+02 6.03919844e-02 -1.04142625e-02 5.41734309e-02 2.18046915e-05 1.95900830e-04 1.06319222e-04
1.62657350e+02 5.99089381e-02 -8.88978596e-03 6.11045049e-02 5.86612143e-05 6.73730571e-05 3.87659085e-05
1.65365147e+02 5.82228030e-02 -5.32022365e-03 6.48978088e-02 3.25277431e-05 1.44216758e-04 8.21203733e-05
1.68070413e+02 5.09468865e-02 -5.41742828e-03 6.81536129e-02 8.19790167e-05 1.19877959e-04 7.46672815e-05
1.70767303e+02 5.54498263e-02 -2.08860736e-03 6.34116968e-02 1.37662836e-05 2.07768204e-05 3.92788616e-05
1.73465506e+02 5.47489388e-02 -4.66404422e-03 5.92965304e-02 1.23782863e-04 4.92564993e-05 1.28121106e-05
1.76167725e+02 4.68788471e-02 -2.88285251e-03 6.46224281e-02 3.93895303e-05 8.51542918e-05 1.37246204e-04
1.78867522e+02 4.72276602e-02 -2.57334640e-03 6.63681968e-02 7.75216512e-05 7.01446568e-05 4.60349431e-05
1.81567881e+02 5.60910883e-02 3.49591484e-03 6.45249329e-02 2.53807781e-05 1.95594649e-04 3.49840539e-05
1.84271913e+02 6.23885942e-02 6.54368888e-03 6.18767344e-02 4.16659814e-05 4.66243630e-05 5.55491302e-05
1.86972959e+02 6.18283328e-02 -1.09223184e-03 6.02113693e-02 7.19228301e-05 9.05013015e-05 1.14664788e-04
1.89665663e+02 5.96971708e-02 -7.11699278e-03 5.99318063e-02 4.29408651e-05 2.94133700e-05 3.84724397e-05
1.92372616e+02 5.50065326e-02 -5.47338995e-03 5.60977682e-02 9.70895674e-05 5.63074262e-05 6.92480347e-05
1.95071194e+02 6.07702823e-02 -1.30808597e-03 5.42709278e-02 6.28624611e-05 1.07978546e-04 2.74403337e-05
1.97777928e+02 6.32347325e-02 -6.61057411e-03 5.71166927e-02 2.98310577e-05 1.42621823e-04 7.39400974e-05
2.00476881e+02 5.95398730e-02 1.94192857e-03 5.44363883e-02 1.93247167e-05 2.86279670e-04 9.05549113e-05
2.03186553e+02 5.38143081e-02 3.93409691e-03 5.31563153e-02 4.74129981e-05 3.12370019e-04 2.95638858e-05
2.05890100e+02 5.24291260e-02 4.15392362e-03 6.10188207e-02 7.94861900e-05 1.77738278e-04 5.88032154e-05
2.08595256e+02 5.91538587e-02 2.93259807e-03 5.85050356e-02 7.37211662e-05 4.98877300e-04 2.39527929e-05
2.11295553e+02 5.86501754e-02 9.89507482e-03 6.38296819e-02 3.26191235e-05 1.12863777e-04 7.15685348e-05
2.13994194e+02 6.92798421e-02 1.03571531e-02 5.87088963e-02 1.01870196e-04 3.04560575e-04 4.98739452e-05
2.16688928e+02 7.00504203e-02 2.67343463e-03 6.25587917e-02 7.91704707e-05 3.24205793e-04 3.50030258e-05
2.19397319e+02 6.03564382e-02 -1.64615464e-03 5.27495855e-02 6.18274692e-05 4.13545845e-04 4.55493022e-05
2.22102663e+02 6.10475206e-02 -3.15102267e-03 5.36122881e-02 5.16373485e-05 4.12906425e-04 4.99141188e-05
2.24809459e+02 5.99237505e-02 1.43959036e-03 5.97118211e-02 3.26782473e-05 4.40821936e-04 4.29938186e-05
2.27510334e+02 5.01348019e-02 -3.56247580e-03 6.81414435e-02 5.51135052e-05 5.75436729e-04 1.90207362e-05
2.30216913e+02 4.94705851e-02 -8.97798748e-03 6.53189594e-02 7.01143168e-05 3.85561769e-04 7.76872802e-05
2.32914584e+02 4.98181755e-02 -5.22976491e-03 6.45304723e-02 7.10227814e-05 4.02068311e-04 4.81139054e-05
2.35620631e+02 6.22782066e-02 -6.45988509e-03 5.86625670e-02 4.21250326e-05 5.40000744e-04 6.80490504e-05
2.38321631e+02 6.55495458e-02 -1.21942647e-02 5.35970933e-02 2.46225173e-05 4.41320119e-04 1.26229596e-04
2.41024647e+02 6.28524783e-02 -2.10937932e-03 4.60401075e-02 9.81859957e-05 3.86069177e-04 7.40362431e-05
2.43716475e+02 6.13198897e-02 -1.19361299e-03 5.15949355e-02 3.31071183e-05 3.18918500e-04 1.18820846e-04
2.46408616e+02 6.60567660e-02 -7.46434139e-03 5.50872040e-02 9.42584403e-05 3.53600742e-04 9.47890623e-05
2.49109053e+02 6.50409087e-02 -1.00493282e-02 5.27008923e-02 6.60095978e-05 4.44157323e-04 7.92418585e-05
2.51800772e+02 6.59563718e-02 -4.56303725e-03 5.84213176e-02 8.32657726e-05 5.31664258e-04 1.03651016e-04
2.54501663e+02 6.89631745e-02 -1.67795460e-03 5.77387925e-02 3.74549530e-05 2.51852560e-04 9.85072344e-05
2.57196897e+02 6.75267458e-02 3.71081143e-03 5.71189528e-02 4.01946291e-05 3.56534236e-04 3.37638382e-05
2.59904116e+02 6.64285727e-02 5.05952565e-03 5.68436758e-02 6.81901600e-05 1.16116918e-04 3.61355823e-05
2.62604303e+02 6.57699650e-02 4.95621105e-03 5.16411376e-02 8.73574157e-05 1.72906276e-04 7.16866382e-05
2.65298584e+02 7.35090348e-02 5.18773083e-03 4.79920050e-02 1.68850496e-04 2.08945357e-04 5.58667327e-05
2.67995612e+02 8.14461043e-02 -9.74500976e-03 3.47137029e-02 1.10446362e-04 2.27925540e-04 1.00804129e-04
