6.79565475e-01 8.63968032e-02 -8.06376908e-03 1.08108904e-02 3.57760350e-05 2.18951054e-04 7.03050333e-05
3.37237195e+00 8.07263318e-02 -8.20396646e-03 -2.20398375e-03 5.97355647e-05 2.00218446e-04 8.17373932e-05
6.06093991e+00 7.93002986e-02 -7.27917336e-03 -3.01245352e-02 1.50377905e-04 2.65372925e-04 3.58362776e-05
8.76193085e+00 7.84125786e-02 -1.06243150e-02 -2.96352860e-02 1.29053000e-04 3.15932922e-04 5.25564328e-05
1.14569963e+01 7.87930039e-02 -1.16915681e-02 -3.30588933e-02 1.89031420e-05 1.17909224e-04 1.50351288e-05
1.41568510e+01 7.92673523e-02 -1.22776816e-02 -3.89052130e-02 3.00329222e-05 1.56155701e-04 7.81347201e-05
1.68560901e+01 7.01513380e-02 -1.36458319e-02 -5.76598998e-02 6.72695001e-05 3.64601253e-05 1.93773658e-05
1.95567010e+01 7.23228289e-02 -1.32054997e-02 -6.50834847e-02 6.77138768e-05 1.01120633e-04 3.90118925e-05
2.22603791e+01 6.71125668e-02 -1.70753144e-02 -6.73465251e-02 7.53174042e-05 9.40128050e-05 4.69489462e-05
2.49682010e+01 5.68914562e-02 -2.23968313e-02 -5.89096585e-02 2.66977424e-05 1.47148085e-04 2.71028928e-05
2.76704526e+01 4.95517845e-02 -1.91851871e-02 -5.66877606e-02 3.70935506e-05 1.15278159e-04 7.25755480e-05
3.03722151e+01 5.04043287e-02 -1.58656416e-02 -6.08311525e-02 1.15609238e-04 4.60284510e-05 4.26396880e-05
3.30693229e+01 6.40128958e-02 -1.30348641e-02 -6.56776553e-02 2.86893631e-05 1.60521952e-05 6.29543974e-05
3.57776729e+01 7.10300139e-02 -1.27507141e-02 -5.69164635e-02 6.20508528e-05 4.05470851e-05 6.85969737e-05
3.84777713e+01 6.84790892e-02 -5.38260234e-03 -5.36307021e-02 2.14104902e-05 7.10860365e-05 2.31133176e-05
4.11845963e+01 6.51662609e-02 4.18535040e-04 -5.95258705e-02 2.91607632e-05 9.86483846e-05 1.01375985e-04
4.38834541e+01 6.86484711e-02 -5.97167333e-03 -5.78083474e-02 1.69322716e-05 1.20405749e-04 5.25984918e-05
4.65896557e+01 6.49814720e-02 -6.86926014e-03 -6.72569895e-02 5.34654141e-05 1.82043218e-04 1.01464384e-05
4.92829151e+01 5.89118474e-02 -9.91480019e-03 -6.90618795e-02 3.71496976e-05 6.06192991e-05 4.30734096e-05
5.19947135e+01 5.93508397e-02 -8.98671599e-03 -7.39619140e-02 7.72448577e-05 4.09737438e-05 6.98011520e-05
5.46991026e+01 5.90948397e-02 -1.01159256e-02 -6.78972780e-02 6.25228170e-05 6.17503883e-05 7.68549827e-05
5.74046729e+01 5.98041201e-02 -8.70483594e-03 -7.12604232e-02 1.55142455e-05 7.97290330e-05 2.09499466e-05
6.01027619e+01 5.99364104e-02 -6.81765942e-03 -7.52701739e-02 5.15209179e-05 7.02071628e-05 1.98514317e-05
6.27969244e+01 5.39138361e-02 -1.28229946e-02 -7.25970550e-02 5.31081799e-05 5.19545030e-05 5.96939672e-05
6.54835869e+01 6.00302680e-02 -7.35408667e-03 -6.81480765e-02 5.42995410e-05 8.33680281e-05 9.44426244e-05
6.81768619e+01 5.71800488e-02 -1.37748363e-02 -6.25527070e-02 2.14774748e-05 2.19395948e-04 6.20824741e-05
7.08792260e+01 6.02226042e-02 -1.30538928e-02 -5.28331816e-02 2.49249551e-05 3.25456306e-05 9.96894899e-05
7.35712854e+01 6.25159257e-02 -8.08300544e-03 -5.36947121e-02 1.13182247e-05 1.34079993e-04 3.71995941e-05
7.62752010e+01 6.48932928e-02 -1.10466413e-02 -5.19913948e-02 7.26680315e-05 1.27977279e-04 1.00503511e-04
7.89702651e+01 6.88870234e-02 -1.06216118e-02 -6.03093797e-02 5.96347644e-05 1.62374841e-04 2.39313303e-05
8.16664338e+01 6.62439508e-02 -8.29283089e-03 -6.47237695e-02 8.64325626e-05 2.70139989e-04 5.18629314e-05
8.43705713e+01 6.34227656e-02 -2.18036476e-03 -6.20284483e-02 5.79499879e-05 1.09181963e-04 1.92729594e-05
8.70653963e+01 6.06495040e-02 -2.98922500e-03 -6.39802818e-02 7.12108583e-05 2.00449084e-04 5.24297741e-05
8.97666463e+01 5.92513889e-02 -8.86413643e-04 -6.35582576e-02 5.80213033e-05 9.61644183e-05 1.04631827e-04
9.24645432e+01 6.17557300e-02 -3.28603557e-03 -6.57620431e-02 4.40454437e-05 2.78225196e-05 2.65140890e-05
9.51699073e+01 6.36872641e-02 -3.15399650e-03 -7.02158485e-02 4.55279130e-05 7.30396484e-05 4.43740657e-05
9.78645838e+01 6.04139020e-02 -4.92027546e-03 -7.14300424e-02 6.48843119e-05 1.72806903e-04 4.60827174e-05
1.00562818e+02 5.61809052e-02 -7.46912984e-03 -7.07609383e-02 1.06855878e-04 2.15980980e-04 3.39919824e-05
1.03262912e+02 5.79070808e-02 -1.25939916e-03 -6.95194285e-02 8.19621459e-05 3.28518648e-04 4.61375728e-05
1.05960537e+02 5.09540198e-02 -2.57392632e-03 -6.85462825e-02 8.10945090e-05 2.28781491e-04 5.56965160e-05
1.08668896e+02 5.02774863e-02 -4.94921238e-03 -6.05394304e-02 1.28883261e-04 3.18522877e-04 3.54715377e-05
1.11374912e+02 5.37712693e-02 1.19027978e-03 -5.87897771e-02 4.99730915e-05 2.26253102e-04 1.65917984e-05
1.14074631e+02 5.92618493e-02 -1.88983717e-03 -6.43118021e-02 5.48116678e-05 2.15633343e-04 7.39867688e-05
1.16777068e+02 6.16117105e-02 3.33197158e-03 -6.61849955e-02 6.45175186e-05 1.75391380e-04 4.60920320e-05
1.19460490e+02 6.74673716e-02 5.47172354e-03 -5.84965645e-02 3.31326897e-05 1.32771694e-04 3.97132215e-05
1.22155146e+02 7.19576340e-02 8.61507177e-03 -4.26078867e-02 3.87575180e-05 1.45687298e-04 1.96832116e-05
1.24848193e+02 7.37842054e-02 1.75135327e-03 -3.46239057e-02 3.02126157e-05 4.18880397e-05 4.15368878e-05
1.27534240e+02 8.24420714e-02 -1.78914313e-03 -2.63094704e-02 2.75993658e-05 1.85033992e-04 3.78034136e-05
1.30237443e+02 8.81840972e-02 -8.92326712e-03 -3.68005819e-03 6.42384313e-05 8.26898224e-05 5.65536634e-05
1.32937568e+02 8.24517441e-02 -4.74666668e-03 1.80143897e-02 6.19128677e-05 7.72637479e-05 4.48034374e-05
1.35628209e+02 8.56589638e-02 -6.25034072e-03 2.66542040e-02 3.86463571e-05 2.29261040e-04 9.28646511e-06
1.38319631e+02 7.47258470e-02 3.17688239e-03 3.44051682e-02 3.93515398e-05 2.20949660e-04 2.61268931e-05
1.41019021e+02 6.13790809e-02 -2.35307363e-04 4.46455895e-02 5.44553482e-05 1.91403325e-04 8.63541622e-05
1.43717193e+02 6.53234310e-02 -3.89675161e-03 5.72544997e-02 6.99494550e-05 1.19743932e-04 9.75567799e-05
1.46406365e+02 6.16089898e-02 -1.27916369e-02 6.84341770e-02 3.51917908e-05 2.23564832e-04 8.47093780e-05
1.49108240e+02 6.17757983e-02 -1.84627522e-02 6.37626831e-02 3.10325207e-05 1.54732021e-04 1.60904230e-05
1.51804834e+02 6.86510233e-02 -1.40801191e-02 6.51045100e-02 6.34352097e-05 1.26923606e-04 4.59544842e-05
1.54508834e+02 6.81819071e-02 -1.33511714e-02 6.17670836e-02 1.77814244e-05 9.38619650e-05 1.45309943e-04
1.57214318e+02 6.66339674e-02 -1.62576046e-02 5.74938781e-02 1.22797637e-04 3.84236608e-05 3.80826689e-05
1.59914834e+02 6.62546612e-02 -9.88603675e-03 5.58186734e-02 6.67929041e-05 1.13586272e-04 1.21929475e-04
1.62623912e+02 5.89679016e-02 -7.89777129e-03 5.94855891e-02 7.54482793e-05 1.84461737e-04 4.71408496e-05
1.65319178e+02 4.74756931e-02 -4.37975706e-03 6.03228576e-02 2.09038636e-05 9.77800857e-05 1.00110849e-04
1.68017428e+02 4.86496044e-02 2.00649275e-03 6.13931537e-02 4.14771499e-05 6.81585131e-05 1.53983954e-05
1.70725849e+02 4.75370992e-02 -1.02412064e-03 6.08292228e-02 3.44471007e-05 9.21595177e-05 5.04723373e-05
1.73430459e+02 4.86390848e-02 1.74077846e-03 6.17045590e-02 1.00182642e-04 1.82457659e-04 8.02846853e-05
1.76133131e+02 5.45850143e-02 8.13705362e-04 6.53369742e-02 1.37051770e-04 3.10611492e-04 1.17186282e-04
1.78833803e+02 5.70987611e-02 7.87895031e-03 6.78575889e-02 9.80703402e-05 1.81769413e-04 2.23024051e-05
1.81533381e+02 6.07857920e-02 9.90528878e-03 6.36163028e-02 1.09265765e-04 1.53621241e-04 5.96771074e-05
1.84225709e+02 5.72947954e-02 1.12024050e-02 6.57555386e-02 2.54835457e-05 1.87727157e-05 5.86088087e-05
1.86930943e+02 6.46472606e-02 3.02730698e-03 6.07665722e-02 4.59298999e-05 2.23662359e-05 6.00270145e-05
1.89629131e+02 6.07234615e-02 -2.44398690e-03 5.98287243e-02 6.64538312e-05 2.23441881e-04 2.98754906e-05
1.92326756e+02 5.73317997e-02 -2.12758237e-03 5.55199122e-02 3.96307384e-05 7.20818624e-05 3.44690620e-05
1.95025740e+02 5.68343734e-02 -3.75280856e-03 5.28352101e-02 4.99462852e-05 5.50374362e-05 5.67097268e-05
1.97730459e+02 7.14087481e-02 -1.52686832e-03 5.38165061e-02 5.93341961e-05 6.60857899e-05 6.52667023e-05
2.00429084e+02 6.99376389e-02 -5.01311611e-03 5.90056164e-02 5.62731885e-05 1.40018470e-04 7.32890520e-05
2.03131537e+02 6.43238967e-02 7.28775473e-04 5.63185429e-02 3.00026558e-05 1.94166207e-04 8.42540399e-05
2.05837381e+02 5.90221864e-02 -1.03724913e-03 6.05562587e-02 2.61420758e-05 1.31273478e-04 7.59116490e-05
2.08536990e+02 5.81211878e-02 -7.31971047e-03 6.28928814e-02 7.33672044e-05 1.58354966e-04 7.08497371e-05
2.11245506e+02 6.62510874e-02 -7.44637191e-04 5.70145478e-02 4.41757613e-05 1.32615106e-04 5.06577591e-05
2.13953646e+02 7.03909997e-02 -2.89812531e-03 5.66537919e-02 5.56887466e-05 2.05078077e-04 6.20542073e-05
2.16655787e+02 7.27994008e-02 -1.30818901e-03 4.59093007e-02 6.92017203e-05 2.40423123e-04 4.14065431e-05
2.19357099e+02 7.13212045e-02 -2.27953914e-03 4.18735778e-02 4.46446331e-05 6.67891212e-04 4.84121597e-05
2.22057162e+02 6.50015413e-02 9.45030247e-04 4.09981379e-02 4.28137989e-05 3.89588387e-04 5.34460875e-05
2.24761006e+02 6.22122477e-02 -2.14526952e-03 4.63093464e-02 3.87918300e-05 4.75749471e-04 4.48910758e-05
2.27467803e+02 6.25719936e-02 -1.01579160e-02 5.36389449e-02 3.02747208e-05 2.71326292e-04 2.03194943e-05
2.30171740e+02 6.15081086e-02 -6.94630807e-03 6.35045868e-02 6.07440745e-05 7.39585275e-04 6.05577785e-05
2.32873740e+02 6.19365320e-02 -4.90847214e-03 6.27755224e-02 6.85651644e-05 4.22163621e-04 4.28871922e-05
2.35576568e+02 6.94734335e-02 -9.54255488e-03 5.48001972e-02 7.23974263e-05 4.09249808e-04 1.25343743e-04
2.38273474e+02 6.84321055e-02 -1.01175279e-02 5.27515622e-02 6.99148595e-05 6.11428221e-04 1.05601205e-04
2.40961974e+02 6.91627109e-02 -5.70623388e-03 4.70285992e-02 7.35890325e-05 3.68026310e-04 5.92081763e-05
2.43664662e+02 6.68779061e-02 -5.63818316e-03 5.05445025e-02 6.95740448e-05 3.02924657e-04 5.13429351e-05
2.46356334e+02 6.85066307e-02 -5.12478825e-03 4.91475291e-02 1.25973720e-05 7.95818923e-04 5.75209361e-05
2.49050115e+02 6.37289303e-02 -2.18777257e-03 5.51091746e-02 1.01103754e-04 4.75869449e-04 1.00219129e-04
2.51749803e+02 5.61163213e-02 -7.19818103e-03 5.57250354e-02 7.32924112e-05 7.43721599e-04 2.47807618e-05
2.54451662e+02 6.16746567e-02 -2.04565127e-03 5.62271213e-02 2.56952723e-05 3.20879028e-04 2.74753615e-05
2.57150271e+02 6.95192253e-02 7.17771431e-04 5.07646581e-02 1.00420710e-05 1.55542767e-04 5.59571015e-05
2.59852849e+02 7.57266365e-02 4.99926985e-03 4.17417667e-02 4.02884502e-05 4.05877034e-04 1.25080803e-05
2.62550084e+02 7.70521975e-02 2.17179521e-03 3.64958703e-02 2.83577067e-05 2.52251609e-04 2.37977133e-05
2.65245615e+02 8.03655744e-02 -2.04892814e-03 2.71439349e-02 1.36137707e-04 8.19841163e-05 1.48751208e-04
2.67935479e+02 8.26461646e-02 -2.26634223e-03 1.29521237e-02 6.51777538e-05 3.67526550e-05 1.06375850e-04
