6.78062130e-01 8.20992016e-02 -8.96717018e-03 4.72509941e-03 3.93013846e-05 1.29817609e-04 8.23124677e-05
3.37411683e+00 7.65732412e-02 -8.16773511e-03 -3.08279663e-03 5.01047285e-05 1.76840281e-04 4.61051217e-05
6.06851792e+00 7.53801890e-02 -1.14946719e-02 -2.16403146e-02 8.09340784e-05 1.56141947e-04 9.24265904e-06
8.76021948e+00 7.84573821e-02 -1.17631591e-02 -2.97539374e-02 1.53569358e-04 1.40142996e-04 5.05395630e-05
1.14575115e+01 8.04729284e-02 -1.07291481e-02 -3.28805284e-02 3.94659671e-05 2.25019012e-04 2.79472988e-05
1.41560193e+01 8.06193642e-02 -1.32160936e-02 -4.11520012e-02 1.97161630e-05 1.34889898e-04 3.86499202e-05
1.68599521e+01 7.14850852e-02 -1.32180272e-02 -5.11498621e-02 3.30448246e-05 6.46679057e-05 3.68453469e-05
1.95595646e+01 7.02563910e-02 -1.43336918e-02 -6.28842064e-02 8.63539682e-05 1.33090343e-04 4.01805355e-05
2.22604709e+01 6.00254285e-02 -1.88419956e-02 -6.45863313e-02 4.42797277e-05 1.40815434e-04 2.43327345e-05
2.49617600e+01 5.52285463e-02 -1.77075727e-02 -5.82281064e-02 3.26308870e-05 1.85535186e-04 2.69985186e-05
2.76652021e+01 5.27447087e-02 -1.55599427e-02 -5.85418955e-02 3.84190736e-05 1.26043540e-04 1.06520644e-04
3.03700834e+01 5.11130761e-02 -1.18111920e-02 -6.69395947e-02 4.35265279e-05 2.94087491e-05 4.44595731e-05
3.30727021e+01 5.93725630e-02 -1.08888255e-02 -7.20388969e-02 1.01895615e-05 3.07259346e-05 7.10454461e-05
3.57833678e+01 6.82254638e-02 -7.47925132e-03 -6.05620035e-02 1.06281808e-04 5.15185830e-05 6.24619957e-05
3.84807178e+01 6.94067520e-02 -3.74806641e-03 -5.24754494e-02 1.55822958e-05 9.79868583e-05 7.95132418e-05
4.11868178e+01 6.62510603e-02 -1.52201670e-03 -5.92139114e-02 1.03965991e-04 9.76331645e-05 3.49524153e-05
4.38858662e+01 6.52424925e-02 -8.46181250e-04 -6.06417346e-02 4.09591751e-05 9.95321719e-05 7.75060060e-05
4.65953865e+01 5.94589585e-02 -6.16309401e-03 -6.44864802e-02 7.23559825e-05 1.64948293e-04 4.80603085e-05
4.92974459e+01 5.67915169e-02 -4.64603838e-03 -6.81702603e-02 5.23084657e-05 9.30613139e-05 4.36024559e-05
5.20080115e+01 5.73823594e-02 -8.05439074e-03 -7.10838886e-02 4.43154740e-05 5.40916547e-05 7.05505248e-05
5.47080521e+01 5.72409441e-02 -1.01593459e-02 -6.94014564e-02 7.79825160e-05 1.08394144e-04 3.65220708e-05
5.74117990e+01 5.59294278e-02 -9.78312215e-03 -7.90958033e-02 5.39695997e-05 4.59180675e-05 4.34239935e-05
6.01095240e+01 5.22523466e-02 -4.79951144e-03 -8.00439303e-02 9.14195090e-05 7.39078198e-05 2.71564861e-05
6.27973475e+01 5.38134404e-02 -5.43767629e-03 -7.16703449e-02 1.01467473e-04 1.59403731e-04 1.32733894e-04
6.54935818e+01 5.59811259e-02 -7.96106402e-03 -6.18868018e-02 1.00496304e-04 1.07252049e-04 3.27837874e-05
6.81934756e+01 5.51672981e-02 -1.53846903e-02 -6.13493688e-02 1.60840464e-05 3.21369820e-04 7.28586686e-05
7.08812412e+01 6.08636149e-02 -1.34443279e-02 -5.96930222e-02 4.97889287e-05 1.03186635e-04 9.67722173e-05
7.35858678e+01 6.43829915e-02 -5.86276516e-03 -4.78898388e-02 3.72452953e-05 2.60156825e-04 4.05691446e-05
7.62816381e+01 6.59493318e-02 -1.47120280e-02 -5.07588521e-02 1.29391055e-04 7.32649170e-05 6.98725901e-05
7.89850803e+01 6.39636285e-02 -8.97185439e-03 -5.40105104e-02 5.07929232e-05 1.79278699e-04 4.55527066e-05
8.16874303e+01 5.68124506e-02 -5.74772820e-03 -6.62923882e-02 1.00105422e-04 1.69686078e-04 7.51674710e-05
8.43902006e+01 5.77569490e-02 -8.75585900e-04 -6.01116517e-02 1.27818537e-05 8.78357160e-05 3.21561771e-05
8.70839490e+01 5.81235878e-02 -1.20291635e-03 -6.39035478e-02 6.22909621e-05 1.15028913e-04 2.49948399e-05
8.97851178e+01 5.83220487e-02 -2.68389970e-03 -6.79097432e-02 7.97752945e-05 9.38703680e-05 1.08777507e-04
9.24830756e+01 6.32592187e-02 -2.00112832e-03 -6.62577198e-02 1.96122969e-05 1.09873901e-04 1.35027551e-05
9.51822787e+01 6.33353599e-02 -4.83515285e-03 -6.93599719e-02 1.34198730e-05 4.88319568e-05 1.82291040e-05
9.78845443e+01 5.68364867e-02 -7.46076903e-03 -6.87506301e-02 4.02331779e-05 1.43669467e-04 9.54403896e-05
1.00581326e+02 6.04287168e-02 -7.45055767e-03 -6.61309960e-02 1.53022236e-04 1.03346500e-04 3.93561976e-05
1.03278794e+02 5.29112134e-02 -3.06633281e-03 -6.38522631e-02 1.31822280e-04 1.70742843e-04 6.32183901e-05
1.05982810e+02 5.30872101e-02 -3.24683971e-03 -6.45413854e-02 5.31891487e-05 1.35077531e-04 2.06161894e-05
1.08689841e+02 5.27212927e-02 -5.18647494e-03 -5.71596020e-02 6.90413802e-05 1.37369649e-04 7.17731773e-05
1.11389091e+02 6.12001406e-02 -2.11000848e-03 -5.89127156e-02 7.90469869e-05 1.49584690e-04 4.16615969e-05
1.14085122e+02 6.67555814e-02 3.67198610e-04 -6.60373512e-02 1.32000897e-04 2.88881833e-04 5.67683846e-05
1.16787482e+02 6.65440620e-02 5.19864337e-03 -6.71247548e-02 4.45718614e-05 1.92534312e-04 1.13458161e-05
1.19485060e+02 6.80743972e-02 9.92019550e-03 -5.83025373e-02 1.90065483e-05 1.63176239e-04 5.02680654e-05
1.22174701e+02 7.00696706e-02 8.23692498e-03 -4.15510989e-02 8.20071138e-05 1.18653589e-04 2.19699601e-05
1.24875216e+02 7.49392373e-02 2.59634149e-03 -2.66890323e-02 7.83205665e-05 5.77780493e-05 3.92408335e-05
1.27567294e+02 8.15572620e-02 -4.63372946e-03 -1.57988894e-02 2.88322430e-05 9.68417970e-05 3.72807259e-05
1.30261451e+02 8.87662243e-02 -7.31689969e-03 -3.44548900e-03 4.37869582e-05 1.19701165e-04 7.10154681e-05
1.32955529e+02 8.46755816e-02 -6.42024450e-03 1.80597593e-02 3.20474357e-05 1.10912584e-04 2.04496712e-05
1.35651826e+02 8.48030290e-02 -6.46111959e-03 2.51552563e-02 9.73889905e-05 3.24471881e-04 3.23969799e-05
1.38348357e+02 6.82426830e-02 2.06426091e-03 4.17057206e-02 4.77636122e-05 1.97178657e-04 6.94174401e-05
1.41039607e+02 6.16543092e-02 -2.66617889e-03 5.06915427e-02 8.76371846e-05 1.70611289e-04 5.32714994e-05
1.43739435e+02 6.66049636e-02 -2.72692978e-03 5.88867200e-02 7.96582728e-05 1.71127194e-04 6.72376878e-05
1.46431544e+02 6.17034564e-02 -1.16072193e-02 7.01843903e-02 3.51195363e-05 2.93727132e-04 4.38931896e-05
1.49130497e+02 6.24651938e-02 -1.55834202e-02 6.43952555e-02 4.28711883e-05 9.51081358e-05 1.34102107e-05
1.51833466e+02 6.53262718e-02 -9.66141807e-03 6.44317848e-02 4.69124537e-05 1.18722027e-04 6.77548264e-05
1.54533607e+02 6.63322930e-02 -9.67094465e-03 5.96658013e-02 2.09207761e-05 2.00614856e-05 1.58880517e-04
1.57233951e+02 6.46024694e-02 -1.36509521e-02 5.75761981e-02 7.87186535e-05 2.90624001e-05 2.62270584e-05
1.59937951e+02 6.94145010e-02 -8.98398346e-03 5.89591719e-02 9.72423664e-05 1.02880997e-04 1.13619857e-04
1.62639919e+02 5.60566613e-02 -6.52056826e-03 5.89048059e-02 3.98185572e-05 1.92838037e-04 1.13787948e-04
1.65339888e+02 4.96910306e-02 -3.64891381e-03 6.00717619e-02 4.05477533e-05 2.22222749e-04 9.17638188e-05
1.68043060e+02 4.81171176e-02 2.71506614e-03 6.15950990e-02 5.02752172e-05 5.35787818e-05 2.04855564e-05
1.70753263e+02 4.65611109e-02 -1.32671533e-04 6.11063361e-02 4.85637396e-05 1.87088787e-04 8.60759705e-05
1.73458982e+02 4.96157567e-02 5.27319654e-03 6.88579919e-02 3.79506020e-05 1.32874432e-04 9.10164450e-05
1.76161997e+02 5.99239215e-02 5.56302535e-03 6.31843090e-02 8.36854427e-05 2.49414070e-04 3.91407199e-05
1.78863810e+02 6.46387887e-02 1.16114081e-02 6.67645491e-02 6.64342325e-05 1.66016578e-04 4.66833002e-05
1.81563779e+02 6.06847294e-02 1.20732865e-02 6.63471115e-02 5.49294748e-05 8.49470888e-05 4.49268116e-05
1.84256122e+02 6.07510990e-02 9.21376045e-03 6.43974759e-02 7.42489572e-05 4.02390907e-05 3.00249067e-05
1.86960341e+02 6.34037033e-02 5.73110566e-03 6.50047395e-02 3.11011991e-05 2.70843167e-05 5.33324251e-05
1.89655263e+02 6.17479795e-02 3.30668368e-03 5.97455751e-02 9.68333289e-05 1.71992375e-04 4.32895656e-05
1.92356982e+02 6.05384399e-02 -4.64035179e-04 5.71472391e-02 7.34272824e-05 9.13453444e-05 7.33045309e-05
1.95059357e+02 5.84093621e-02 -4.06631647e-03 5.45982572e-02 4.29373170e-05 3.32563743e-05 6.69474487e-05
1.97765013e+02 6.76292337e-02 -7.80992993e-05 5.24769761e-02 5.24319723e-05 3.80362050e-05 4.45231307e-05
2.00463185e+02 7.30574470e-02 -7.95189844e-03 5.87391275e-02 1.05939499e-04 6.54072378e-05 3.34961055e-05
2.03163310e+02 7.11280566e-02 -2.83880493e-03 6.19875341e-02 2.83414848e-05 8.69305563e-05 3.70463014e-05
2.05869997e+02 6.40889484e-02 -5.34214467e-03 5.88376141e-02 2.22025545e-05 1.63369256e-04 6.35638441e-05
2.08573482e+02 6.01943743e-02 -7.08386184e-03 6.33965674e-02 8.61369678e-05 6.72813697e-05 6.42296787e-05
2.11285232e+02 6.55788374e-02 -1.04166177e-02 5.22403330e-02 5.98381741e-05 3.07836882e-04 4.64887363e-05
2.13988419e+02 6.83736360e-02 -8.45514841e-03 4.99281076e-02 5.28678811e-05 6.03727666e-05 2.78383467e-05
2.16690607e+02 7.07142358e-02 -5.31467212e-03 3.86958693e-02 3.97533740e-05 1.74743437e-04 8.36461851e-05
2.19398341e+02 7.42863159e-02 -4.29085693e-04 4.08536411e-02 4.32890197e-05 5.63226827e-04 1.63780355e-05
2.22098247e+02 7.03793600e-02 -8.46505205e-04 3.83671814e-02 7.28497178e-05 3.44074954e-04 9.73054567e-05
2.24798247e+02 6.61481227e-02 -5.85446029e-03 4.26237908e-02 2.21307525e-05 3.62015277e-04 5.91470211e-05
2.27500497e+02 6.87760531e-02 -8.32066453e-03 4.69497488e-02 7.81235890e-05 2.18992350e-04 2.91909958e-05
2.30210872e+02 6.87396049e-02 -3.94908920e-03 5.71028801e-02 7.77332576e-05 4.83146318e-04 5.72950498e-05
2.32913544e+02 6.83450917e-02 -7.75824983e-03 6.25099065e-02 1.22836832e-04 3.68911421e-04 2.13803810e-05
2.35612216e+02 7.19050401e-02 -1.00044021e-02 5.38480991e-02 4.75579484e-05 3.33820404e-04 1.63396995e-04
2.38312310e+02 6.75485829e-02 -5.59723413e-03 5.26617973e-02 1.10755879e-04 5.16310560e-04 1.35890761e-04
2.41000247e+02 7.09504733e-02 -1.06570072e-02 4.83395294e-02 1.19671486e-04 4.04750726e-04 3.24278210e-05
2.43700544e+02 7.28890959e-02 -8.82266060e-03 5.18925050e-02 4.65289472e-05 3.56643719e-04 5.39000592e-05
2.46391607e+02 6.97750044e-02 -3.65269756e-03 5.01577798e-02 3.31231716e-05 6.74337913e-04 7.48943743e-05
2.49096872e+02 6.17540546e-02 4.97996861e-06 5.80776181e-02 8.03411543e-05 5.56364135e-04 1.11970119e-04
2.51789544e+02 5.69548755e-02 -4.77687571e-03 5.28844581e-02 6.43982946e-05 5.59783891e-04 6.47574485e-05
2.54498372e+02 5.81840254e-02 -2.68873894e-03 5.46183390e-02 1.43335939e-05 4.39825167e-04 6.49722657e-05
2.57192404e+02 6.61406091e-02 -7.90412181e-04 4.57204760e-02 4.44654919e-05 2.11841414e-04 5.20423017e-05
2.59893185e+02 8.11000203e-02 9.76788768e-04 3.89724546e-02 6.51370135e-05 3.09730714e-04 3.31382396e-05
2.62596857e+02 8.00843801e-02 1.18686854e-03 2.95808966e-02 5.05743661e-05 1.07243226e-04 3.63661991e-05
2.65283529e+02 8.18818378e-02 -1.44368126e-03 1.93581200e-02 4.65043371e-05 9.27344216e-05 1.68336104e-04
2.67981146e+02 8.16297858e-02 -1.15186709e-03 7.87513452e-03 1.28730586e-04 8.16502742e-05 7.67988499e-05
