6.75538544e-01 7.92636104e-02 -8.45587642e-03 2.89028172e-03 5.69226678e-05 9.78927963e-05 6.98819975e-05
3.37300054e+00 7.56017238e-02 -8.67820398e-03 -3.22161413e-03 4.30464212e-05 1.72189039e-04 6.18800122e-05
6.06808945e+00 7.33625490e-02 -1.28354585e-02 -1.88389748e-02 3.44771284e-05 1.15640508e-04 1.93136216e-05
8.76016289e+00 7.85139901e-02 -1.14165145e-02 -2.92701342e-02 1.32206117e-04 1.18562583e-04 3.84979460e-05
1.14581127e+01 8.06515070e-02 -1.06142678e-02 -3.41586877e-02 4.60371414e-05 2.54999639e-04 3.80364215e-05
1.41558221e+01 7.89084865e-02 -1.36343992e-02 -4.17940853e-02 3.31911428e-05 1.10516404e-04 3.74166883e-05
1.68578440e+01 7.24304368e-02 -1.32599811e-02 -4.87730355e-02 3.45250430e-05 8.29071407e-05 5.45708909e-05
1.95578643e+01 6.75915542e-02 -1.44007327e-02 -6.11246752e-02 8.02197807e-05 1.73442460e-04 5.18233195e-05
2.22550096e+01 5.71611458e-02 -1.83264614e-02 -6.21399806e-02 4.50721582e-05 1.51063494e-04 2.24771215e-05
2.49577877e+01 5.51055102e-02 -1.49279846e-02 -5.86377414e-02 6.72413587e-05 1.94045457e-04 2.80880392e-05
2.76598627e+01 5.42511388e-02 -1.43076008e-02 -6.05848956e-02 3.25634769e-05 1.08547900e-04 1.19250144e-04
3.03673127e+01 5.28244626e-02 -1.04440607e-02 -6.89783337e-02 4.32333682e-05 4.01123897e-05 4.33512237e-05
3.30713034e+01 5.67676480e-02 -9.80744533e-03 -7.28062463e-02 7.10863619e-06 3.98897899e-05 8.21929570e-05
3.57771440e+01 6.61819149e-02 -5.32656499e-03 -6.20307301e-02 9.81066102e-05 6.73016832e-05 4.46546373e-05
3.84787971e+01 6.89802792e-02 -2.97775909e-03 -5.35398786e-02 1.62603241e-05 1.06663015e-04 7.16294410e-05
4.11840080e+01 6.72125120e-02 -2.61646862e-03 -5.88587772e-02 9.33756266e-05 1.09548941e-04 2.91616523e-05
4.38805252e+01 6.35155080e-02 6.74257829e-04 -6.15116432e-02 5.59444476e-05 9.49149781e-05 7.17856319e-05
4.65915471e+01 5.62095887e-02 -5.14510559e-03 -6.36111432e-02 8.51615377e-05 1.31118729e-04 6.53151019e-05
4.92958705e+01 5.68526681e-02 -3.33562308e-03 -6.76674876e-02 5.23553983e-05 1.16885079e-04 4.10702136e-05
5.20075159e+01 5.59554899e-02 -8.28275673e-03 -6.89289939e-02 2.99539925e-05 6.51471744e-05 5.82899589e-05
5.47058393e+01 5.69228702e-02 -9.26588440e-03 -7.03081323e-02 5.10031610e-05 1.10462426e-04 6.20900923e-05
5.74070455e+01 5.42212492e-02 -9.13679331e-03 -8.11997401e-02 5.47315433e-05 3.70232733e-05 3.99541366e-05
6.01018956e+01 4.96329345e-02 -4.50027179e-03 -7.97891580e-02 9.74546410e-05 7.52450914e-05 1.99212556e-05
6.27911612e+01 5.37282221e-02 -3.14172608e-03 -7.12482841e-02 1.11987490e-04 2.31525596e-04 1.04680823e-04
6.54902002e+01 5.47494345e-02 -9.33174462e-03 -6.02123219e-02 8.68326180e-05 1.23820515e-04 2.21040351e-05
6.81875940e+01 5.57309586e-02 -1.51497031e-02 -6.11066351e-02 1.95738712e-05 3.00742215e-04 7.87283873e-05
7.08751221e+01 6.05279552e-02 -1.25973180e-02 -6.15775434e-02 4.46606128e-05 1.33828602e-04 8.29981566e-05
7.35810846e+01 6.55275050e-02 -5.97279057e-03 -4.67768648e-02 4.54608145e-05 3.21832103e-04 3.93801387e-05
7.62727830e+01 6.64418978e-02 -1.43662760e-02 -5.10704799e-02 1.22659320e-04 8.48468828e-05 9.40884056e-05
7.89802159e+01 6.14001070e-02 -8.25476053e-03 -5.23982969e-02 4.13112181e-05 1.63968332e-04 6.98699182e-05
8.16818080e+01 5.42773163e-02 -5.24598657e-03 -6.55478421e-02 9.03630920e-05 1.11328290e-04 7.57814540e-05
8.43831549e+01 5.49973625e-02 -1.55856730e-03 -6.03783877e-02 2.37416986e-05 1.04742785e-04 2.77697965e-05
8.70821190e+01 5.75587222e-02 -3.10735180e-04 -6.40539559e-02 8.20075830e-05 9.41586349e-05 2.29383045e-05
8.97803580e+01 5.89289289e-02 -2.36881821e-03 -6.83703091e-02 6.23179357e-05 7.02291077e-05 8.70193306e-05
9.24773784e+01 6.26325194e-02 -1.79159065e-03 -6.67698802e-02 1.22923004e-05 1.19555410e-04 2.88054565e-05
9.51743721e+01 6.23192493e-02 -4.99964081e-03 -6.83689745e-02 8.34330742e-06 4.98143666e-05 3.00685427e-05
9.78780034e+01 5.58123077e-02 -8.23526823e-03 -6.68432152e-02 3.34402168e-05 1.17069461e-04 1.10203538e-04
1.00572433e+02 6.15352437e-02 -6.97971763e-03 -6.44113552e-02 1.40402709e-04 8.27103833e-05 2.88918111e-05
1.03273042e+02 5.14900480e-02 -4.24819614e-03 -6.21019384e-02 1.31351004e-04 1.48166463e-04 6.22560786e-05
1.05977933e+02 5.44912384e-02 -3.37559620e-03 -6.33273202e-02 3.01785916e-05 1.04822275e-04 2.39070462e-05
1.08681230e+02 5.45021024e-02 -5.01578899e-03 -5.68372262e-02 4.69050327e-05 1.07734757e-04 7.60588072e-05
1.11378980e+02 6.41964542e-02 -3.55581461e-03 -5.96529539e-02 9.91546693e-05 1.41281081e-04 6.08508035e-05
1.14073183e+02 6.85653526e-02 1.44374815e-03 -6.58953329e-02 1.36327849e-04 2.91666601e-04 5.74399070e-05
1.16774667e+02 6.83744224e-02 5.72788404e-03 -6.60999228e-02 5.11295368e-05 2.10908810e-04 1.73647486e-05
1.19477105e+02 6.83084715e-02 1.09024083e-02 -5.74979800e-02 3.61741123e-05 1.69008803e-04 4.48646635e-05
1.22169355e+02 6.95103346e-02 7.17210054e-03 -4.23984019e-02 7.62443849e-05 8.87028179e-05 3.03828022e-05
1.24868792e+02 7.59379364e-02 2.76804577e-03 -2.51973799e-02 8.30482806e-05 5.97556143e-05 5.02130565e-05
1.27561308e+02 8.15582980e-02 -4.54169349e-03 -1.21843164e-02 3.86918175e-05 5.23630823e-05 3.91435014e-05
1.30253855e+02 8.80295749e-02 -5.90052816e-03 -2.10626643e-03 4.74218185e-05 1.09828488e-04 6.66047251e-05
1.32946542e+02 8.65399558e-02 -7.87261652e-03 1.74501358e-02 4.51447982e-05 1.30490973e-04 3.34104343e-05
1.35642902e+02 8.21727552e-02 -5.94530163e-03 2.62742602e-02 1.01082841e-04 3.03108410e-04 4.71480895e-05
1.38341386e+02 6.72566993e-02 9.32378689e-04 4.46710998e-02 6.71345764e-05 1.89713565e-04 9.61492516e-05
1.41029246e+02 6.32051654e-02 -3.01305596e-03 5.34574099e-02 1.19724014e-04 1.75788452e-04 6.60555146e-05
1.43726355e+02 6.70443616e-02 -3.30608233e-03 6.00446736e-02 9.41043940e-05 2.01391035e-04 5.50973923e-05
1.46422121e+02 6.10450227e-02 -1.12520172e-02 6.88136796e-02 2.98180350e-05 2.78199535e-04 2.62671733e-05
1.49117964e+02 6.29511944e-02 -1.31330133e-02 6.47517201e-02 4.18982305e-05 9.19020482e-05 1.87184088e-05
1.51822121e+02 6.31697692e-02 -7.97156166e-03 6.30748634e-02 4.24201845e-05 7.79930026e-05 6.44502758e-05
1.54523746e+02 6.49683054e-02 -9.00903043e-03 5.84987443e-02 2.24441788e-05 1.98714724e-05 1.27632956e-04
1.57221292e+02 6.44631850e-02 -1.16780678e-02 5.84897458e-02 6.49709883e-05 5.09949170e-05 1.44811291e-05
1.59925839e+02 6.90478027e-02 -8.78849929e-03 6.04438871e-02 6.71631503e-05 1.13136793e-04 9.27882229e-05
1.62623902e+02 5.54665868e-02 -5.76652031e-03 5.88423119e-02 2.28240590e-05 2.00632560e-04 1.01377916e-04
1.65327964e+02 5.14769415e-02 -3.49910727e-03 5.97741631e-02 4.99785097e-05 2.71557825e-04 7.13414035e-05
1.68032324e+02 4.86580619e-02 2.27733066e-03 6.22013674e-02 5.44956766e-05 6.35878916e-05 2.73378108e-05
1.70740386e+02 4.69278827e-02 7.65465360e-04 6.23982368e-02 3.81823629e-05 2.04082927e-04 9.70843178e-05
1.73447105e+02 5.08133051e-02 6.42581019e-03 7.05154421e-02 3.72302774e-05 1.11274892e-04 6.13344371e-05
1.76150152e+02 6.18524400e-02 7.51625072e-03 6.32343101e-02 5.20220968e-05 2.34881682e-04 3.34697018e-05
1.78850902e+02 6.62224089e-02 1.27102308e-02 6.57702781e-02 4.26065751e-05 1.56998161e-04 4.72485460e-05
1.81548621e+02 6.10152497e-02 1.25952564e-02 6.72077434e-02 3.78276232e-05 5.65888398e-05 2.61078022e-05
1.84242886e+02 6.19702473e-02 8.45083212e-03 6.41441329e-02 1.24098303e-04 5.10825401e-05 3.04916581e-05
1.86944027e+02 6.35045088e-02 6.50716980e-03 6.66043663e-02 2.09883006e-05 3.50011750e-05 4.75164977e-05
1.89641386e+02 6.21661474e-02 5.82105052e-03 5.91167249e-02 9.33781960e-05 1.12756609e-04 4.26049175e-05
1.92344105e+02 6.13682813e-02 -3.24382875e-05 5.82936924e-02 7.08540859e-05 9.81651856e-05 1.11244832e-04
1.95045527e+02 5.99261110e-02 -3.99498702e-03 5.46857035e-02 4.62227227e-05 2.63880823e-05 6.91854930e-05
1.97751871e+02 6.48937450e-02 1.08706049e-04 5.32151241e-02 4.14951939e-05 3.38732927e-05 4.18920986e-05
2.00450605e+02 7.31759721e-02 -7.99987202e-03 5.79386831e-02 1.04758277e-04 6.71249150e-05 4.32862130e-05
2.03148683e+02 7.31475156e-02 -4.90058454e-03 6.39029737e-02 4.70517484e-05 5.67860463e-05 2.06429467e-05
2.05854933e+02 6.58556968e-02 -6.97429514e-03 5.95396052e-02 1.85232862e-05 1.67280356e-04 6.08597612e-05
2.08560964e+02 6.12320401e-02 -7.00385916e-03 6.12100783e-02 7.21598138e-05 7.05854811e-05 5.75978065e-05
2.11270871e+02 6.47155799e-02 -1.34415947e-02 5.01583770e-02 4.90416726e-05 3.30251870e-04 6.84162897e-05
2.13971949e+02 6.77502718e-02 -1.01792895e-02 4.76100446e-02 5.95393107e-05 3.87781536e-05 4.71407297e-05
2.16676871e+02 7.06235727e-02 -6.58007066e-03 3.76626629e-02 2.37576111e-05 1.61938882e-04 7.63554549e-05
2.19383183e+02 7.43788131e-02 -6.38846857e-04 4.04355759e-02 4.18033888e-05 4.57996275e-04 2.61067474e-05
2.22083230e+02 7.20500693e-02 -2.12494378e-03 3.81859165e-02 7.17266887e-05 3.32788794e-04 1.12115187e-04
2.24783574e+02 6.84407544e-02 -7.04848969e-03 4.10214901e-02 2.31585999e-05 3.05349947e-04 7.12596651e-05
2.27483449e+02 7.09401487e-02 -6.44982353e-03 4.57026111e-02 9.11939320e-05 1.99364945e-04 2.30291093e-05
2.30191511e+02 7.09097566e-02 -3.38025116e-03 5.41824748e-02 7.20266399e-05 4.06226771e-04 6.31682857e-05
2.32897027e+02 7.03507584e-02 -8.99328403e-03 6.11538956e-02 1.42623789e-04 3.45227819e-04 1.71442140e-05
2.35591933e+02 7.17434212e-02 -8.97069475e-03 5.45109350e-02 3.97147895e-05 3.04408739e-04 1.37786874e-04
2.38293730e+02 6.77653912e-02 -5.45870741e-03 5.24900851e-02 1.00447995e-04 4.46092972e-04 1.11844349e-04
2.40985886e+02 7.13396043e-02 -1.17192507e-02 4.85380569e-02 1.09721352e-04 4.49338615e-04 5.10884544e-05
2.43680667e+02 7.41762361e-02 -9.78470510e-03 5.22946075e-02 3.74590262e-05 3.86426926e-04 5.68839636e-05
2.46374558e+02 7.01915556e-02 -3.31519369e-03 5.07447983e-02 4.54246571e-05 5.82671352e-04 7.40184515e-05
2.49078871e+02 6.21044564e-02 -3.99959107e-06 5.99197005e-02 6.84960416e-05 5.54366807e-04 1.26607137e-04
2.51777277e+02 5.82735544e-02 -3.29216779e-03 5.20898743e-02 5.73331448e-05 4.73505966e-04 9.76127123e-05
2.54478371e+02 5.78908107e-02 -3.00043172e-03 5.38604883e-02 2.09141538e-05 4.60146985e-04 8.09136618e-05
2.57176746e+02 6.51216599e-02 -1.45734804e-03 4.39405181e-02 5.31193399e-05 2.42467340e-04 6.85656052e-05
2.59877167e+02 8.13688910e-02 -7.55380546e-04 3.79691390e-02 5.98623156e-05 2.49292173e-04 4.83186447e-05
2.62575417e+02 8.12658646e-02 5.54964476e-04 2.76263839e-02 4.81555540e-05 7.33351023e-05 3.78331457e-05
2.65266792e+02 8.19941237e-02 -2.08043567e-03 1.70887599e-02 2.40346704e-05 1.09438668e-04 1.30997728e-04
2.67963589e+02 8.11054729e-02 -5.95066960e-04 7.43657999e-03 1.28646061e-04 9.78356787e-05 6.07623096e-05
