6.79678094e-01 8.09001961e-02 -1.18724804e-02 2.11727784e-02 6.89853188e-05 2.45911555e-04 6.01630630e-05
3.37870562e+00 7.70843029e-02 -3.94689665e-03 -4.88077497e-03 5.92126133e-05 1.39416234e-04 8.45735524e-05
6.07282436e+00 6.67378308e-02 -4.72680022e-03 -2.39861851e-02 8.96614411e-05 5.42490411e-04 8.25966050e-05
8.76308656e+00 6.23791810e-02 -4.03269823e-03 -3.78978145e-02 7.19212246e-05 3.47238909e-04 3.85610305e-05
1.14669811e+01 6.20137780e-02 -1.01438188e-02 -4.49135136e-02 2.98483539e-05 4.90337845e-04 4.69288703e-05
1.41608139e+01 5.74176447e-02 -6.31051592e-03 -5.40591251e-02 4.87553011e-05 4.58084924e-04 1.17369769e-04
1.68589295e+01 5.98930641e-02 -1.97741388e-03 -5.70882776e-02 4.47134010e-05 3.21459378e-04 3.92116456e-05
1.95549170e+01 6.59567430e-02 3.25034764e-03 -5.61712493e-02 3.59136528e-05 7.67747987e-05 1.24723994e-04
2.22544202e+01 6.92398510e-02 6.69323167e-03 -6.15694378e-02 2.05688740e-05 5.49449665e-05 2.04158385e-05
2.49527764e+01 6.50408220e-02 7.25532158e-03 -6.57417837e-02 3.03671090e-05 2.53454749e-04 5.01229456e-05
2.76626280e+01 5.30331942e-02 9.69245253e-03 -6.35863040e-02 2.62331029e-05 1.62829106e-04 7.52138077e-05
3.03701639e+01 5.29506278e-02 1.52822552e-02 -6.34217705e-02 4.33025356e-05 2.23786728e-04 9.98276761e-05
3.30724592e+01 5.18987536e-02 1.09041360e-02 -6.76537599e-02 3.12840746e-05 2.24515022e-04 1.63998695e-04
3.57764030e+01 5.22656699e-02 6.04750260e-03 -7.08281317e-02 1.57336403e-04 1.42386592e-04 6.04782217e-05
3.84822467e+01 3.73208263e-02 3.91100641e-03 -7.55552491e-02 2.54587268e-05 5.45296354e-05 2.29658672e-05
4.11898389e+01 3.65561346e-02 3.85950934e-03 -7.47536341e-02 7.12262820e-05 7.68946274e-05 2.79413711e-05
4.38993811e+01 5.66755220e-02 1.69915169e-03 -7.92457601e-02 5.86790932e-05 1.30978706e-04 4.05683360e-05
4.65914077e+01 6.38945024e-02 3.27604721e-03 -7.01021706e-02 9.15572301e-05 3.96368457e-05 4.67333769e-05
4.92964280e+01 6.66780344e-02 6.28684369e-03 -7.01873839e-02 3.89234819e-05 1.51722784e-04 5.30996366e-05
5.19817686e+01 6.37870728e-02 1.08536501e-02 -6.86515167e-02 3.62187458e-05 1.64265621e-04 2.72504683e-05
5.46828186e+01 6.55038067e-02 9.85335662e-03 -5.78305794e-02 5.27389092e-05 2.03511645e-04 2.27352845e-05
5.73816795e+01 6.59565935e-02 7.66280385e-03 -5.26991097e-02 3.61633060e-05 4.11278439e-04 5.93343160e-05
6.00792373e+01 6.77715671e-02 6.88660702e-04 -6.16366410e-02 8.04468775e-05 9.39755150e-05 1.85119339e-05
6.27735295e+01 6.81149123e-02 9.77529518e-04 -6.97408974e-02 4.08505576e-05 1.01407581e-04 1.93818247e-05
6.54711967e+01 6.59262511e-02 1.21234935e-03 -6.43621049e-02 8.74762091e-05 7.67054357e-05 7.96403110e-05
6.81763545e+01 6.47178509e-02 5.74716465e-03 -6.50291580e-02 1.88485564e-05 1.06039082e-04 1.05052337e-04
7.08784655e+01 6.23181640e-02 3.25065230e-04 -6.36888279e-02 7.71120647e-05 1.07447314e-04 1.33027073e-04
7.35892108e+01 5.84069012e-02 3.27350978e-03 -7.39587126e-02 4.49967705e-05 7.54175241e-05 6.68749098e-05
7.62913217e+01 5.69152154e-02 -8.25703204e-04 -7.49281170e-02 4.31658400e-05 4.10214405e-05 6.63949995e-05
7.89925123e+01 6.37162327e-02 -2.61384801e-04 -7.54075287e-02 1.36896187e-04 5.32624856e-05 7.94237638e-05
8.16908014e+01 6.78692385e-02 -1.11153489e-03 -7.01640854e-02 1.37873551e-05 2.67706003e-05 1.39406826e-04
8.43853170e+01 6.55123473e-02 -1.14184036e-03 -6.87788349e-02 5.04289164e-05 4.45455272e-05 7.03464494e-05
8.70851186e+01 5.74096640e-02 -3.39544256e-03 -6.44433680e-02 2.92922491e-05 6.05117823e-05 1.51674173e-05
8.97907483e+01 5.58549977e-02 -5.52765275e-03 -6.86809804e-02 5.19009541e-05 2.27910325e-04 5.63770632e-05
9.25007936e+01 6.38901350e-02 -2.78598512e-03 -6.39447698e-02 4.43565807e-05 5.37391448e-05 2.12003920e-05
9.51954389e+01 6.47022248e-02 1.83381944e-03 -5.71408521e-02 2.65578738e-05 9.42841061e-05 3.60865616e-05
9.78962686e+01 6.58343309e-02 -1.23238927e-03 -6.41564968e-02 2.17512139e-05 3.77367431e-05 3.41123650e-05
1.00584605e+02 7.32218539e-02 -2.46010562e-03 -5.83674478e-02 5.72493355e-05 4.84757264e-05 2.29775764e-05
1.03268542e+02 7.56751213e-02 -8.67998519e-04 -5.68692729e-02 6.83281844e-05 5.42100078e-05 4.13808774e-05
1.05969417e+02 7.05425085e-02 1.49628062e-03 -5.17651538e-02 8.28459334e-05 6.34449642e-05 8.40716665e-05
1.08664230e+02 6.82937931e-02 7.81152451e-04 -5.58478541e-02 4.47491646e-05 1.40972760e-04 3.38439399e-06
1.11360261e+02 6.81732790e-02 1.39396090e-03 -5.03529441e-02 4.91013661e-05 2.20545136e-05 5.31520756e-05
1.14067417e+02 6.53039707e-02 -1.32064986e-03 -4.86530869e-02 5.62059198e-05 5.70254359e-05 6.54323307e-05
1.16766073e+02 7.04211662e-02 -4.52275220e-03 -5.04987838e-02 6.54585322e-05 2.46532676e-05 4.70351482e-05
1.19470667e+02 8.18821536e-02 -9.87472813e-03 -4.59171763e-02 2.86427765e-05 1.83552341e-05 4.27832115e-05
1.22161995e+02 8.07671214e-02 -1.79931264e-03 -3.74114920e-02 4.49155528e-05 1.74129681e-05 6.53664365e-05
1.24854355e+02 8.27966978e-02 -4.61130225e-03 -2.62128220e-02 2.40361559e-05 6.22431364e-05 7.50933313e-05
1.27551605e+02 8.63126984e-02 2.70565054e-03 -1.12967343e-02 5.53784808e-05 3.92318580e-05 5.13234284e-05
1.30245745e+02 7.53663377e-02 3.04534140e-03 2.32017373e-02 2.96081676e-05 1.49815394e-04 1.84037073e-04
1.32945980e+02 7.15069495e-02 4.02242979e-03 4.72935635e-02 1.42855458e-04 1.76180156e-04 1.54417125e-04
1.35637167e+02 6.94381086e-02 -4.50884854e-03 5.19131205e-02 6.92422574e-05 1.03267903e-04 6.00296849e-05
1.38331151e+02 6.81409405e-02 7.52825549e-04 5.36595400e-02 2.16093796e-05 1.06303710e-04 4.14557911e-05
1.41031823e+02 5.99371610e-02 -4.86836554e-03 5.89846342e-02 7.97821323e-05 4.99274981e-05 2.61970333e-05
1.43731448e+02 6.38303450e-02 1.73726354e-04 5.69350320e-02 9.86240355e-05 4.05449936e-05 7.71458406e-05
1.46433339e+02 6.51536153e-02 8.59990734e-03 6.20253912e-02 6.30269517e-05 1.31203299e-04 5.32428008e-05
1.49132011e+02 6.62842600e-02 2.13053391e-03 6.75397372e-02 1.23858943e-05 6.21419367e-05 7.21330268e-05
1.51827417e+02 6.40003640e-02 5.90778740e-03 7.09104211e-02 9.31246961e-05 7.02002460e-05 1.17956583e-05
1.54521089e+02 5.45328267e-02 9.48140616e-03 6.76818724e-02 2.77471006e-05 9.93003445e-05 4.20858470e-05
1.57218292e+02 4.82728537e-02 4.04321497e-03 6.82227500e-02 5.48712590e-05 1.20635552e-04 1.08186381e-04
1.59919136e+02 5.15212500e-02 7.32441116e-03 7.04121026e-02 4.53847396e-05 5.28115984e-05 7.96975009e-05
1.62610573e+02 5.75046348e-02 7.82745904e-03 6.40038964e-02 7.40412395e-05 5.23301539e-05 3.42101423e-05
1.65315214e+02 5.51017974e-02 9.94968238e-03 7.17236019e-02 2.47839270e-05 2.14044761e-05 1.31956004e-05
1.68012745e+02 6.27834202e-02 1.26071037e-02 6.08209158e-02 5.61903173e-05 7.81094431e-05 6.54373468e-05
1.70715276e+02 6.37579713e-02 1.23475804e-02 5.83217765e-02 6.70587382e-05 3.64728589e-05 6.11433683e-05
1.73422714e+02 6.36125930e-02 8.11562314e-03 5.90835137e-02 1.26868726e-04 2.71275219e-05 6.20202042e-05
1.76122589e+02 5.89700344e-02 4.44239324e-03 6.27656678e-02 4.25864031e-05 9.94748463e-05 6.34773706e-05
1.78827589e+02 6.58248682e-02 5.30305307e-03 6.02569010e-02 3.75081160e-05 1.17068324e-04 2.11370076e-05
1.81533073e+02 6.55371690e-02 8.72266505e-03 5.61360687e-02 5.03331992e-05 7.80009109e-05 3.19135762e-05
1.84234433e+02 6.13767490e-02 9.31131878e-03 5.30701504e-02 5.77844134e-05 5.16151312e-05 5.82540136e-05
1.86931964e+02 5.92481689e-02 5.02518716e-03 5.32500861e-02 3.42265577e-05 2.86457378e-04 1.78314342e-05
1.89638011e+02 5.85800464e-02 -7.31450745e-04 5.53211390e-02 9.23556133e-05 9.53584221e-05 4.27480699e-05
1.92340933e+02 5.86196961e-02 1.73818732e-03 6.23149547e-02 7.02791675e-05 1.18337287e-04 4.71458154e-05
1.95038933e+02 6.15302787e-02 -2.53382481e-03 6.29086326e-02 9.79252991e-05 1.48145810e-04 5.16051478e-05
1.97737901e+02 5.74237337e-02 -7.74804206e-04 6.09421529e-02 3.32722204e-05 1.71381355e-04 8.34734081e-05
2.00440792e+02 5.61175273e-02 -7.73593502e-03 5.65785140e-02 4.08229362e-05 1.38588130e-04 6.67049853e-06
2.03136776e+02 5.06788331e-02 -8.07127529e-03 5.32007986e-02 4.51728359e-05 1.50588059e-04 3.91914441e-05
2.05847558e+02 5.91798865e-02 -1.27467315e-02 4.66988182e-02 4.00978539e-05 2.68835046e-04 7.33788028e-05
2.08555620e+02 6.92366099e-02 -1.75071230e-02 5.26571989e-02 2.55166801e-05 1.82185999e-04 2.25261407e-05
2.11261120e+02 7.52288947e-02 -1.46127393e-02 5.64192542e-02 6.97125348e-05 3.82455247e-04 7.93906311e-05
2.13964042e+02 6.74903248e-02 -1.98834118e-02 5.75421381e-02 4.58259857e-05 9.45255782e-05 3.14540649e-05
2.16675433e+02 6.46391831e-02 -1.54882807e-02 5.72946285e-02 6.34748597e-05 3.04024985e-04 4.96121938e-05
2.19377480e+02 6.84260500e-02 -1.44947675e-02 5.94904337e-02 3.30392939e-05 1.82110777e-04 6.38890379e-05
2.22077589e+02 6.85011038e-02 -5.74655096e-03 5.85188899e-02 2.52332792e-05 9.98458688e-05 1.52301583e-04
2.24780901e+02 6.90973786e-02 -6.61323579e-03 4.77734515e-02 5.70767089e-05 5.07030023e-05 2.02894207e-05
2.27476573e+02 7.40321909e-02 -4.85597017e-03 3.78417713e-02 1.31569905e-04 7.52288731e-05 3.35928437e-05
2.30174011e+02 7.23748200e-02 -1.69910065e-03 3.91120600e-02 6.88593082e-05 3.01916150e-05 5.04875500e-05
2.32872948e+02 7.43620104e-02 1.59322772e-04 3.43560722e-02 5.47617561e-05 9.12496338e-05 2.24181424e-05
2.35572573e+02 7.00910461e-02 -5.07694416e-03 3.87139080e-02 1.55973609e-05 2.75562075e-04 4.66156013e-05
2.38258276e+02 6.68089562e-02 -4.71596214e-03 4.64736807e-02 1.16228848e-04 9.03479437e-05 1.44146872e-04
2.40962417e+02 5.85306664e-02 -2.56505743e-03 6.14440534e-02 9.87446310e-05 8.40821610e-05 6.08906937e-05
2.43667776e+02 5.53231660e-02 -3.14964126e-03 6.23413402e-02 2.66945529e-05 4.41036570e-05 3.46870459e-05
2.46367745e+02 5.71092510e-02 -6.59817054e-03 5.77738585e-02 2.48968425e-05 1.10247666e-04 9.18050957e-06
2.49079495e+02 6.56390231e-02 -3.90263927e-03 5.46378588e-02 1.31477091e-04 2.71705585e-04 4.02446477e-05
2.51779105e+02 7.64757086e-02 -8.95652395e-03 5.53275866e-02 6.32005680e-05 9.20445467e-05 7.23531535e-05
2.54474230e+02 8.25223226e-02 -7.51292880e-03 5.01346561e-02 2.13813759e-05 1.74303470e-04 6.42042423e-05
2.57166714e+02 8.40048035e-02 -3.00631149e-03 4.33049814e-02 2.43897633e-05 2.46696623e-05 5.06327103e-05
2.59858980e+02 7.52674374e-02 -3.11327483e-03 4.19467699e-02 1.98310345e-05 8.12265072e-05 1.10819363e-04
2.62556495e+02 7.34160102e-02 -5.30846192e-03 4.48198932e-02 1.10058142e-05 5.81326224e-05 1.06547174e-04
2.65251042e+02 7.21998190e-02 -1.03496100e-02 4.36006842e-02 1.35315589e-04 1.12491446e-04 4.14172007e-05
2.67944510e+02 7.57923536e-02 -5.00116763e-03 3.77118539e-02 3.51512329e-05 7.12989377e-05 1.60579865e-05
