6.81220066e-01 7.45402918e-02 -7.54237628e-03 2.61565785e-02 5.50468975e-05 1.65259066e-04 1.59105667e-05
3.36962032e+00 7.66821812e-02 -3.19730667e-03 -1.20405799e-04 2.91858870e-05 2.85829761e-04 3.16879992e-05
6.06520500e+00 7.32291166e-02 -4.12845061e-03 -2.43862245e-02 7.93417273e-05 2.92907243e-04 4.16319255e-05
8.76995235e+00 6.97508239e-02 -3.01811707e-03 -4.76096445e-02 7.86143279e-05 5.88160228e-04 9.54863777e-05
1.14632781e+01 6.71707745e-02 -3.78471561e-03 -5.37479960e-02 8.34781090e-05 3.79892258e-04 3.94315939e-05
1.41625922e+01 6.24995181e-02 1.51973191e-03 -5.62963807e-02 2.79133338e-05 4.44194653e-04 5.99812208e-05
1.68606500e+01 6.51280710e-02 9.59146526e-04 -6.28486258e-02 9.12832941e-05 1.16737246e-04 5.02915251e-05
1.95604969e+01 6.70031548e-02 1.25086967e-02 -6.24184094e-02 4.13814883e-05 1.69756906e-04 7.38968355e-05
2.22539281e+01 6.56118223e-02 9.23428266e-03 -6.38897153e-02 3.53787378e-05 2.14924774e-04 4.35805316e-05
2.49504094e+01 6.16165167e-02 1.16490511e-02 -5.90788153e-02 7.88108976e-05 2.00594536e-04 3.59521148e-05
2.76577969e+01 5.71788715e-02 1.49674115e-02 -6.41188535e-02 3.81429127e-05 1.77833349e-04 4.93585492e-05
3.03666641e+01 5.32018899e-02 1.08630377e-02 -6.50275889e-02 4.92684005e-05 2.24697868e-04 2.85378207e-05
3.30795906e+01 5.60015480e-02 1.16725779e-02 -6.66965506e-02 3.42528982e-05 1.22404915e-04 3.03856084e-05
3.57782969e+01 5.07690357e-02 1.19004575e-02 -7.10617892e-02 2.19845818e-05 8.28920943e-05 1.11832154e-05
3.84804703e+01 4.23692704e-02 8.56349751e-03 -7.68892280e-02 5.20482561e-05 9.33864228e-05 8.65236190e-05
4.11854031e+01 4.07421093e-02 5.36758364e-03 -7.74607589e-02 6.02299254e-05 6.87037006e-05 9.79796673e-05
4.38870953e+01 4.66958763e-02 5.79053593e-03 -7.71237624e-02 3.84494957e-05 1.94364792e-04 1.69274356e-05
4.65794406e+01 6.53563172e-02 1.04278584e-03 -7.39787277e-02 5.70185827e-05 6.03712316e-05 4.96449387e-05
4.92790844e+01 6.72147070e-02 8.28566381e-03 -6.24977545e-02 2.48521211e-05 1.96509439e-04 1.45425587e-05
5.19810188e+01 7.14043763e-02 8.98803894e-03 -6.19613247e-02 2.62917252e-05 2.13919376e-04 7.61830885e-05
5.46786047e+01 7.61530332e-02 6.43041345e-03 -5.80968376e-02 5.35464991e-05 1.56844952e-04 1.07150722e-04
5.73773359e+01 7.63613064e-02 6.85106749e-03 -5.84791108e-02 3.12112045e-05 3.26441669e-04 7.74342285e-05
6.00806156e+01 7.74659808e-02 8.52810946e-03 -6.11893090e-02 4.96743745e-05 1.36585517e-04 4.90986499e-05
6.27780828e+01 7.25247921e-02 1.03577133e-02 -6.16905219e-02 7.44528552e-05 1.76475569e-04 2.19828890e-05
6.54776156e+01 6.79940445e-02 3.89668040e-03 -5.93948317e-02 2.43904464e-05 3.99923803e-05 5.83300493e-05
6.81737188e+01 5.92223137e-02 6.09941453e-03 -6.27795387e-02 4.19720756e-05 4.75497136e-05 3.82663898e-05
7.08849234e+01 5.46754580e-02 6.92470747e-03 -7.12758290e-02 3.10453527e-05 6.68742805e-05 7.29978028e-05
7.35823766e+01 5.65167844e-02 9.76690725e-03 -7.80682901e-02 4.03124654e-05 5.40438423e-05 8.40928410e-05
7.62872063e+01 6.15471824e-02 4.09972267e-03 -7.45239208e-02 7.46363467e-05 4.71410612e-05 5.31527651e-05
7.89895609e+01 5.83001752e-02 1.17293932e-03 -7.26412055e-02 5.70273731e-05 1.60126343e-04 6.73964800e-05
8.16874469e+01 6.22040113e-02 -2.43921607e-03 -6.13691550e-02 1.73236358e-04 4.99085883e-05 5.37451623e-05
8.43899563e+01 6.88513599e-02 -5.10690761e-03 -6.59066209e-02 1.03266768e-05 8.80292183e-05 7.81065478e-05
8.70969094e+01 6.61762926e-02 -3.06154924e-03 -6.42409705e-02 1.23735728e-05 9.14494477e-05 5.21978553e-05
8.98016953e+01 6.34556899e-02 2.13634506e-04 -6.42244824e-02 5.26536849e-05 1.55592710e-04 3.87484503e-05
9.24964797e+01 6.65321721e-02 2.38870632e-04 -6.66311552e-02 3.88316581e-05 9.13060522e-05 3.38043965e-05
9.51992359e+01 6.60195142e-02 1.81436547e-03 -6.48624221e-02 2.46054380e-06 1.18771819e-04 3.53745594e-05
9.78886813e+01 7.28643788e-02 -1.65881054e-03 -5.71425603e-02 5.53784387e-05 3.15305697e-05 7.77525582e-05
1.00590966e+02 7.30957830e-02 1.61107878e-03 -5.60262024e-02 8.52976247e-05 4.49098466e-05 2.11935590e-05
1.03283341e+02 7.21868596e-02 4.70970644e-03 -5.44847031e-02 6.44115459e-05 6.73795299e-05 8.83422993e-05
1.05968341e+02 6.24362765e-02 7.12724795e-03 -5.09401235e-02 3.90921642e-05 7.39030990e-05 2.62334652e-05
1.08666497e+02 6.62545612e-02 2.15985931e-03 -4.68715016e-02 3.18930786e-05 1.52223535e-04 2.96028983e-05
1.11365372e+02 6.64761920e-02 -4.79933760e-03 -5.02259244e-02 4.57972029e-05 1.25457152e-04 1.17004907e-05
1.14067059e+02 7.30001473e-02 -5.21353793e-03 -5.16261643e-02 4.08889405e-05 6.83939348e-05 1.00828183e-04
1.16761872e+02 7.64040145e-02 -1.00443947e-02 -5.36888495e-02 8.33610178e-05 7.08661204e-06 5.64227937e-05
1.19454888e+02 7.84809276e-02 -4.19504354e-03 -4.41789660e-02 1.52762124e-05 9.12994883e-05 4.43350174e-05
1.22161106e+02 7.89554477e-02 -5.43654314e-03 -3.12705413e-02 4.96493035e-05 6.91417023e-05 6.91845826e-05
1.24857059e+02 8.26974376e-02 3.23803288e-04 -2.21785901e-02 7.16276847e-05 1.18107083e-04 2.90094808e-05
1.27550388e+02 7.76537119e-02 1.74556689e-04 8.22099556e-04 6.24201345e-05 1.26043084e-04 6.56434856e-05
1.30250356e+02 7.32159182e-02 2.47047131e-03 1.82206167e-02 2.74352655e-05 1.81806622e-04 4.89232022e-05
1.32943450e+02 7.19279264e-02 6.74452159e-04 3.52972041e-02 1.02890987e-04 1.40312414e-04 1.19634100e-05
1.35640356e+02 6.34368173e-02 2.48825160e-03 4.36435929e-02 4.72627136e-05 4.05252573e-05 1.08170099e-04
1.38342231e+02 6.06677453e-02 1.60707304e-03 5.00483961e-02 4.19044833e-05 1.79028038e-04 3.64203804e-05
1.41040684e+02 6.88840185e-02 7.01040342e-03 6.23591064e-02 9.02391849e-05 4.43108364e-05 6.17243446e-05
1.43739841e+02 6.13350865e-02 3.98520730e-03 6.36131528e-02 5.97957265e-05 1.18766636e-04 7.33029345e-05
1.46435731e+02 6.73948480e-02 4.87160881e-03 5.89445612e-02 1.77611242e-05 1.68213135e-04 4.41548209e-05
1.49136403e+02 6.46265583e-02 3.62715277e-03 6.90419280e-02 5.48284563e-05 7.87597103e-05 4.23390486e-05
1.51827403e+02 6.46162911e-02 7.63862257e-03 6.74552756e-02 5.08307319e-05 8.29298590e-05 5.97639390e-05
1.54522466e+02 5.40611466e-02 8.62140074e-03 6.91737156e-02 3.95879244e-05 1.17091743e-04 2.99564933e-05
1.57221763e+02 5.70048640e-02 9.45307221e-03 7.00597572e-02 4.97088091e-05 2.68645942e-04 1.39176347e-05
1.59910934e+02 5.11427592e-02 8.75033456e-03 6.71011500e-02 4.03102203e-05 9.08927999e-05 8.02274941e-05
1.62615809e+02 5.46916715e-02 1.14530455e-02 6.79103131e-02 6.26464984e-05 6.65103338e-05 3.80985669e-05
1.65314044e+02 5.34528719e-02 1.85687444e-02 6.26957515e-02 5.93289214e-05 4.17573616e-04 4.38916068e-05
1.68013466e+02 5.65126006e-02 1.43865255e-02 5.37427148e-02 3.71608143e-05 6.65727370e-05 1.14267866e-04
1.70712075e+02 6.00481552e-02 9.98622713e-03 5.14455311e-02 2.37235158e-05 4.88339473e-05 4.53958636e-05
1.73411466e+02 6.36543037e-02 3.82404856e-03 5.29921309e-02 4.96766976e-05 1.12723011e-04 3.67734653e-05
1.76119903e+02 6.33465605e-02 2.77443362e-03 5.95350713e-02 5.76771386e-05 6.36082632e-05 6.11696640e-05
1.78824622e+02 6.48775596e-02 3.38725346e-03 6.25206385e-02 3.17166416e-05 2.47578227e-04 2.42919252e-05
1.81526638e+02 6.23317499e-02 5.91597475e-03 6.37140790e-02 5.38285210e-05 1.40277521e-04 1.64546977e-04
1.84234309e+02 6.63667725e-02 5.32623507e-04 5.59353618e-02 5.03408503e-05 1.22592004e-04 3.66743527e-05
1.86938106e+02 5.90165308e-02 1.24293934e-03 4.75873238e-02 6.11776953e-05 2.39305148e-04 7.86295216e-05
1.89631200e+02 5.85654883e-02 1.13770034e-03 5.46981346e-02 7.40142163e-05 1.96012001e-04 4.34864602e-05
1.92335622e+02 5.79858431e-02 -2.02433115e-03 6.31366109e-02 2.88031678e-05 1.83576873e-04 2.56219198e-05
1.95039700e+02 5.65950240e-02 -6.09853243e-03 6.98703592e-02 5.04433113e-05 7.03330397e-05 4.55073160e-05
1.97741294e+02 5.87448940e-02 -2.12184851e-03 6.67487475e-02 3.40185265e-05 1.38041243e-04 4.97633727e-05
2.00446466e+02 6.13083686e-02 -6.16084996e-03 5.79525586e-02 6.05919270e-05 2.16303472e-04 7.38337427e-05
2.03148231e+02 6.06498388e-02 -1.16861496e-02 6.06797628e-02 2.56873325e-05 1.55593565e-04 6.44888097e-05
2.05853309e+02 5.84758584e-02 -1.02273536e-02 5.88467120e-02 4.64412300e-05 1.79206100e-04 3.89071129e-05
2.08562825e+02 6.23387738e-02 -2.54270430e-03 6.50442810e-02 6.59426067e-05 2.32163649e-04 2.76008679e-05
2.11269122e+02 6.37999602e-02 -1.21250173e-02 6.37471960e-02 5.82013504e-05 4.81029460e-04 3.23011482e-05
2.13976888e+02 6.45464081e-02 -1.36452737e-02 6.23217636e-02 1.30759387e-04 2.43201046e-04 6.87270135e-05
2.16668466e+02 6.25437558e-02 -7.53666459e-03 6.19704097e-02 2.90135055e-05 2.07187204e-04 6.31282200e-05
2.19373450e+02 5.77185246e-02 -3.43270473e-03 6.48495665e-02 1.00304562e-05 2.94281135e-04 2.35468259e-05
2.22071966e+02 6.24982581e-02 -7.89804878e-03 6.20145007e-02 1.58029882e-05 2.05695721e-04 5.77965211e-05
2.24770231e+02 5.85563135e-02 -9.40556366e-03 5.85743543e-02 2.96758741e-05 1.69291384e-04 4.57863275e-05
2.27475137e+02 6.22517248e-02 -1.84602642e-03 4.58197557e-02 3.92078507e-05 1.01944919e-04 4.43537539e-05
2.30173903e+02 6.96133449e-02 -3.91396749e-03 4.38935223e-02 2.07128692e-05 6.79878672e-05 3.68607455e-05
2.32865153e+02 7.50328158e-02 -4.84013188e-03 4.12892431e-02 4.64661318e-05 2.03335892e-04 6.52409280e-05
2.35561528e+02 7.59142451e-02 2.09069931e-03 4.79858186e-02 1.00097416e-04 2.90453185e-04 8.28525061e-05
2.38263528e+02 6.54339353e-02 2.90108682e-03 5.15388899e-02 1.54790471e-04 2.48441157e-04 5.89834643e-05
2.40969778e+02 5.63215157e-02 -2.63753418e-03 6.50301332e-02 4.18750764e-05 1.21894655e-04 6.13211145e-05
2.43668778e+02 5.66625521e-02 -1.68385890e-03 6.58392022e-02 6.00661901e-05 2.42666647e-04 5.96864576e-05
2.46372341e+02 5.57751354e-02 -2.66109689e-03 6.27855237e-02 2.39487070e-05 1.54359989e-04 6.94143359e-05
2.49073684e+02 5.74565615e-02 -5.07792013e-03 5.41576269e-02 8.56685993e-05 6.16860469e-05 2.94258012e-05
2.51773122e+02 6.89565310e-02 -8.96179730e-03 5.55123482e-02 6.80868402e-05 2.07012939e-04 1.38962094e-04
2.54467700e+02 6.80506811e-02 -9.29072179e-03 5.14018548e-02 2.78624899e-05 9.63808600e-05 2.04177072e-05
2.57160981e+02 6.78653764e-02 -2.26862809e-03 5.13292995e-02 7.73930299e-05 5.20736354e-05 7.32129486e-05
2.59859763e+02 7.60018629e-02 -7.07787258e-03 5.88383456e-02 4.86470657e-05 1.01618157e-04 8.96114010e-05
2.62546591e+02 7.07036533e-02 -4.03394608e-03 5.58948220e-02 6.16813006e-05 2.18803827e-05 1.60359163e-04
2.65253653e+02 6.87208546e-02 -7.58106889e-03 5.54376416e-02 8.59721609e-05 1.09716188e-04 2.70425162e-05
2.67955134e+02 7.15535948e-02 -7.75163839e-03 5.01662973e-02 8.24550721e-05 2.44454479e-04 9.36110844e-05
