6.90662646e-01 7.08160354e-02 7.87119835e-03 3.00493257e-02 1.89874662e-05 3.52054812e-04 7.71432681e-05
3.37676468e+00 7.00064670e-02 1.46664469e-02 1.38814875e-02 7.39138771e-05 9.58542406e-05 4.71532403e-05
6.06731234e+00 6.28105246e-02 1.44908750e-02 -2.83158236e-03 6.50977824e-05 3.24736455e-05 1.32615914e-04
8.77193250e+00 6.67458446e-02 1.92001452e-02 -1.62796021e-02 7.50011926e-05 5.39062577e-05 5.11413724e-05
1.14733708e+01 6.39985551e-02 1.24686312e-02 -3.08246865e-02 5.16363502e-05 2.15081622e-04 6.12208714e-05
1.41720130e+01 5.08857835e-02 1.21392911e-02 -4.22340521e-02 7.42684125e-05 1.38283571e-04 2.00543058e-05
1.68825036e+01 5.18236716e-02 9.52073739e-03 -5.65245598e-02 5.03330092e-05 1.89707314e-04 5.65580527e-05
1.95837989e+01 5.25092275e-02 1.21308371e-02 -6.50128484e-02 1.35098117e-04 1.56681479e-04 2.86931198e-05
2.22823583e+01 5.54062187e-02 6.55650375e-04 -6.19255300e-02 7.69358138e-05 1.92891488e-04 3.03009186e-05
2.49833302e+01 5.58528648e-02 1.66428149e-03 -6.11643829e-02 9.91944997e-06 4.69586698e-05 3.85411515e-05
2.76844380e+01 5.81634306e-02 1.95114226e-03 -6.31065484e-02 1.71206351e-05 8.98446453e-05 6.92214984e-05
3.03839661e+01 6.05136669e-02 4.69131381e-03 -6.72290691e-02 4.09642082e-05 4.47637682e-05 4.80775598e-05
3.30775020e+01 6.61480245e-02 3.54230027e-03 -6.41084917e-02 3.17282736e-05 1.70739374e-05 6.12755343e-05
3.57726395e+01 6.81324976e-02 7.41069397e-05 -5.61958467e-02 4.33369584e-05 7.41444151e-05 6.95076690e-05
3.84621802e+01 6.93796287e-02 4.80964637e-03 -4.76834959e-02 5.02906659e-05 2.24012133e-05 8.15403634e-05
4.11584348e+01 7.10214036e-02 7.79096722e-03 -4.43268253e-02 6.82286171e-05 5.43442038e-05 1.70737342e-04
4.38598286e+01 7.26348679e-02 7.13146377e-03 -5.12596399e-02 4.11800304e-05 1.06709642e-04 1.19998131e-04
4.65588114e+01 8.00714997e-02 5.25873568e-03 -6.50102371e-02 4.72222494e-05 6.00243161e-05 4.07161666e-05
4.92581395e+01 6.66028912e-02 3.62274834e-03 -7.27972809e-02 4.73961685e-05 3.14129113e-05 7.36639575e-05
5.19679911e+01 5.60656301e-02 5.21273617e-03 -6.74805314e-02 2.33354197e-05 5.91995658e-05 5.45050858e-05
5.46760927e+01 5.34292930e-02 2.35655850e-03 -6.35192971e-02 8.94795848e-05 9.59849663e-05 5.55508520e-05
5.73814098e+01 5.91599600e-02 3.20011436e-03 -6.06171690e-02 4.17610096e-05 8.96330368e-05 1.59064852e-05
6.00875052e+01 5.94856197e-02 1.66960074e-03 -6.68739273e-02 5.35817300e-05 1.42467973e-04 3.49772573e-05
6.27860442e+01 5.95004658e-02 5.08154850e-03 -6.67680920e-02 5.59107367e-05 7.00300677e-05 4.76717042e-05
6.54834052e+01 6.27974625e-02 5.90675577e-03 -6.53155963e-02 3.45883087e-05 1.21896302e-04 2.25955171e-05
6.81869411e+01 7.09041077e-02 4.67415007e-03 -6.06039969e-02 5.73212372e-05 1.32550841e-04 3.50267469e-05
7.08878020e+01 7.18030840e-02 8.20824672e-03 -5.90409620e-02 5.17743776e-05 8.72983975e-05 6.74330532e-05
7.35901270e+01 7.05988146e-02 8.75615365e-03 -5.91489065e-02 2.21297128e-05 4.39733565e-05 1.10586743e-04
7.62986895e+01 6.69626936e-02 4.08025768e-03 -6.50499139e-02 6.05727047e-05 5.76981349e-05 4.70920717e-05
7.90015020e+01 6.76071422e-02 4.92575835e-03 -7.30136864e-02 3.77660321e-05 3.36587615e-05 4.06222111e-05
8.17021067e+01 7.16869727e-02 7.74282624e-03 -7.05305861e-02 2.16548480e-05 8.20246048e-05 2.03789549e-05
8.43994880e+01 6.78695784e-02 7.59413649e-03 -6.26506739e-02 7.19511609e-05 5.00165702e-05 1.07332135e-04
8.71013458e+01 6.14331115e-02 6.74326388e-03 -6.35185921e-02 5.11877167e-05 1.10783924e-04 6.71900016e-05
8.97999583e+01 6.04752138e-02 -6.85639670e-04 -5.18304223e-02 2.21553891e-05 8.69822324e-05 3.13421477e-05
9.24976192e+01 6.50356826e-02 7.27864012e-03 -4.69276864e-02 7.61393562e-05 8.87958747e-05 7.98747720e-05
9.51982583e+01 6.35975668e-02 6.57290049e-03 -5.28065679e-02 6.32157758e-05 3.23196842e-04 1.04982948e-05
9.78958380e+01 5.74233393e-02 2.67044658e-03 -6.32802788e-02 9.19895827e-05 4.68403023e-04 5.24848779e-05
1.00600875e+02 6.07476735e-02 -2.78074287e-04 -6.51269600e-02 7.28868952e-05 7.71447941e-04 7.74631421e-05
1.03300485e+02 6.45605557e-02 -1.48001130e-03 -6.46745443e-02 4.66325423e-05 7.25653459e-04 4.13607436e-05
1.05988032e+02 6.52895971e-02 1.94547411e-04 -6.42056444e-02 3.94139260e-05 6.25278267e-04 3.80583150e-05
1.08679625e+02 6.16265466e-02 -9.28116443e-04 -6.50095593e-02 5.40841318e-05 4.26495298e-04 7.17299385e-05
1.11376079e+02 6.04837909e-02 2.49165951e-03 -5.64982820e-02 1.01715879e-04 6.13843496e-04 1.02373799e-04
1.14078016e+02 5.70201072e-02 4.58461405e-03 -5.30156750e-02 7.90853341e-05 6.60700496e-04 2.26993548e-05
1.16772657e+02 7.04539377e-02 2.21574462e-03 -4.49363889e-02 3.63363745e-05 5.55223310e-04 3.39256724e-05
1.19463547e+02 7.51012117e-02 -9.54176579e-04 -3.71200847e-02 3.34555182e-05 6.59129610e-04 1.41067734e-05
1.22155125e+02 8.46470020e-02 1.15077373e-03 -2.48925858e-02 2.52959916e-05 2.63425579e-04 3.52527431e-05
1.24851516e+02 8.58892125e-02 -5.05279694e-04 -2.30237831e-02 5.16182764e-05 2.28504647e-04 4.36243978e-05
1.27550516e+02 8.33175975e-02 1.95746687e-03 -9.87628267e-03 7.85233372e-05 4.08758323e-05 1.37084553e-04
1.30248094e+02 8.67154164e-02 7.87988135e-03 9.48151237e-03 6.28891980e-05 1.18157991e-04 3.25845853e-05
1.32945532e+02 8.82615046e-02 6.46969279e-03 2.15990143e-02 1.29857339e-04 3.18444264e-05 5.17591690e-05
1.35651969e+02 8.78049541e-02 2.60632647e-03 3.38215333e-02 9.38125399e-05 1.35705091e-04 1.36566439e-04
1.38345079e+02 7.85278062e-02 6.69417838e-03 3.86179166e-02 6.60946914e-05 1.44255694e-04 8.36214665e-05
1.41050000e+02 7.32011497e-02 5.29946971e-03 4.09576629e-02 3.92319029e-05 2.56905745e-04 4.91990032e-05
1.43752875e+02 6.26549957e-02 4.53469045e-03 5.27048722e-02 4.23650006e-05 1.42266472e-04 7.67449535e-05
1.46454860e+02 5.87288608e-02 5.06012396e-03 5.80125975e-02 4.02647874e-05 1.86654456e-04 8.86654314e-05
1.49146485e+02 6.52163996e-02 1.77638136e-03 6.50622164e-02 3.92497018e-05 9.27998903e-05 5.95120772e-05
1.51847344e+02 6.57431372e-02 4.88732707e-03 5.64341858e-02 2.41249011e-05 1.25620719e-05 3.21320103e-05
1.54545688e+02 6.55417488e-02 5.71976934e-03 5.84840165e-02 6.34819091e-05 3.79184192e-05 3.51324092e-05
1.57242516e+02 6.32966030e-02 3.65040597e-03 5.17893744e-02 1.44671957e-05 7.70858080e-05 9.28516044e-05
1.59942375e+02 6.69418004e-02 7.15007681e-03 5.41501940e-02 9.26147897e-05 6.65120038e-05 1.39234517e-04
1.62640157e+02 7.10802130e-02 3.42871892e-03 5.69160621e-02 6.73701870e-05 1.27165040e-04 2.74238209e-05
1.65335969e+02 7.13530705e-02 -8.57738510e-05 6.48589423e-02 4.87854929e-05 4.08915862e-05 2.09357854e-05
1.68031344e+02 7.51469298e-02 3.00032307e-03 6.51686846e-02 4.89911719e-05 7.98411470e-05 4.05066701e-05
1.70724000e+02 7.22084077e-02 7.58592393e-03 7.08551987e-02 4.44619990e-05 1.28570737e-04 5.76856789e-05
1.73417813e+02 5.78560916e-02 3.57453675e-03 6.37681927e-02 5.36787132e-05 1.95580756e-04 3.40134356e-05
1.76120532e+02 5.73503555e-02 3.31886291e-03 6.70534339e-02 1.19402532e-04 1.32980740e-04 7.19710415e-05
1.78827438e+02 5.30008385e-02 -1.40182526e-03 5.93188157e-02 6.45982340e-05 2.14363944e-04 3.54096076e-05
1.81526594e+02 5.25782631e-02 -3.71691909e-03 6.19843851e-02 7.54273529e-06 6.28670434e-05 1.60302694e-05
1.84232204e+02 5.47813785e-02 -8.26909115e-03 6.61806714e-02 2.96691536e-05 1.18988507e-04 2.21126350e-05
1.86935704e+02 5.41279759e-02 -6.84388961e-03 6.77330933e-02 4.17676099e-05 2.04062915e-04 3.88514447e-05
1.89645985e+02 5.76027307e-02 -4.61722733e-03 6.60068350e-02 1.72666679e-05 1.05445098e-04 8.81123472e-05
1.92352766e+02 6.37078275e-02 -1.97681216e-03 6.36262067e-02 5.76704065e-05 3.21009825e-05 7.70674387e-05
1.95064563e+02 6.55609923e-02 -2.32263697e-03 6.49720740e-02 2.24612825e-05 1.80439349e-04 1.25145785e-04
1.97762844e+02 6.16342371e-02 3.57373217e-03 6.35499488e-02 1.23023236e-04 1.75156676e-04 6.98476447e-05
2.00462844e+02 5.50146229e-02 2.98257084e-03 6.55974596e-02 5.64711339e-05 7.89378414e-05 8.58004790e-05
2.03159110e+02 4.41354874e-02 6.37937557e-03 6.63327650e-02 3.20398417e-05 1.96987490e-04 5.84606965e-05
2.05867594e+02 4.54332772e-02 7.22269078e-03 7.13608037e-02 4.35555503e-05 5.39607346e-05 4.49926901e-05
2.08571141e+02 5.19675736e-02 1.46760468e-02 6.83237370e-02 8.72472164e-05 1.39167481e-04 4.98432219e-05
2.11273454e+02 5.07473051e-02 1.05692557e-02 7.51630619e-02 4.53444090e-05 7.27108022e-05 1.72439231e-05
2.13976579e+02 5.04339099e-02 1.39066418e-02 7.49348806e-02 9.98962137e-05 1.79042329e-04 5.61423422e-05
2.16669266e+02 4.42259089e-02 1.03507065e-02 7.56236836e-02 2.84065934e-05 1.67200654e-05 4.57105729e-05
2.19363782e+02 4.77243604e-02 1.34543324e-02 6.99570576e-02 1.64889083e-05 4.68633500e-05 7.30347801e-05
2.22066860e+02 4.91684149e-02 9.37356573e-03 6.92307292e-02 5.88843714e-05 2.32423533e-05 4.39250932e-05
2.24765219e+02 5.31455920e-02 4.08898464e-03 7.28520594e-02 4.83416412e-05 1.11110015e-04 6.90795216e-05
2.27469688e+02 4.42604554e-02 2.85306210e-03 7.75346660e-02 2.95376638e-05 2.38678677e-04 1.29929638e-04
2.30175313e+02 3.98805988e-02 6.68838605e-04 7.98802911e-02 1.02073634e-04 6.48190909e-05 3.00375761e-05
2.32875000e+02 3.62345445e-02 -3.49279096e-03 8.33418708e-02 1.32106858e-05 1.99872029e-04 7.61957948e-05
2.35583266e+02 4.15767096e-02 -5.58725746e-03 6.90710899e-02 4.64595630e-05 1.79006921e-04 6.16166712e-05
2.38285829e+02 4.84285311e-02 -3.55799673e-03 6.11921452e-02 5.26994244e-05 2.40394199e-04 6.62727077e-05
2.40974844e+02 5.95048497e-02 -3.53322647e-03 5.84217160e-02 1.05110427e-04 5.65033507e-04 5.83488461e-05
2.43668625e+02 6.79457578e-02 -6.74259509e-04 5.83550448e-02 5.58307509e-05 4.34593953e-04 2.43832766e-05
2.46365063e+02 6.25280333e-02 -1.40741248e-03 6.38087517e-02 1.35942433e-05 3.52310007e-04 3.17798177e-05
2.49059563e+02 5.94377688e-02 1.84029741e-03 6.96000411e-02 6.31614139e-05 1.70855164e-04 1.33932518e-04
2.51759141e+02 5.06555471e-02 1.70510721e-03 7.48079357e-02 1.30768040e-04 1.58836444e-04 9.41173038e-05
2.54459391e+02 4.74049934e-02 8.00975806e-05 7.61406993e-02 7.25913666e-05 2.71293277e-04 1.01523133e-04
2.57158969e+02 4.62403207e-02 8.66194829e-03 8.07965489e-02 2.37018880e-05 2.48658240e-04 1.00799633e-04
2.59859813e+02 4.58200120e-02 2.78018748e-03 7.47655670e-02 1.11881611e-04 1.52337462e-04 3.06552073e-05
2.62576157e+02 4.42897921e-02 5.52633943e-03 7.11272508e-02 3.64870093e-05 2.12961974e-04 7.03062154e-05
2.65277938e+02 5.10869379e-02 3.39404165e-03 5.99837410e-02 1.45193991e-04 1.18726095e-04 4.90005448e-05
2.67977387e+02 6.34059001e-02 7.35250185e-03 4.20991062e-02 1.36723583e-04 5.31731141e-04 1.05795124e-04
