6.88191277e-01 7.44995835e-02 2.13915382e-02 3.71762089e-02 1.65218327e-05 6.00117746e-05 9.65217247e-05
3.38451054e+00 7.89596369e-02 2.19304729e-02 1.67130148e-02 4.85940834e-05 1.12149944e-04 6.36080364e-05
6.09014460e+00 7.51478383e-02 2.49758442e-02 4.23079778e-03 3.94892449e-05 1.43178489e-05 8.77536908e-05
8.78350460e+00 6.96414076e-02 2.22483543e-02 -1.19912080e-02 1.35980303e-04 1.57169962e-04 8.67427557e-05
1.14912719e+01 6.52054223e-02 2.05948776e-02 -2.83052698e-02 4.84776787e-05 1.70686216e-04 1.66112793e-04
1.41843766e+01 7.01046274e-02 1.01141268e-02 -4.64158824e-02 4.03270933e-05 3.03031494e-04 4.17787326e-05
1.68825407e+01 6.95104837e-02 8.06014059e-03 -5.07185366e-02 3.82006571e-05 1.67877695e-04 2.42568210e-05
1.95817376e+01 6.04248640e-02 -6.87661516e-04 -6.12107040e-02 8.80356458e-05 5.10827316e-05 4.51609801e-05
2.22864985e+01 5.97068634e-02 -1.03406610e-03 -6.30796862e-02 7.58001513e-05 1.71257370e-04 4.19916912e-05
2.49807094e+01 5.75180381e-02 -3.92466835e-03 -6.97677362e-02 5.63306557e-05 2.18894345e-04 7.35810370e-05
2.76816094e+01 6.14653886e-02 -3.84644313e-03 -6.59232642e-02 6.75903165e-05 1.78035000e-04 4.83091522e-05
3.03755610e+01 6.66126729e-02 -6.29207678e-03 -5.42828861e-02 4.04535771e-05 9.16961908e-05 1.17455987e-04
3.30739844e+01 6.82319069e-02 -3.63986300e-03 -4.74830620e-02 1.84953451e-05 2.34364582e-04 5.49541157e-05
3.57678782e+01 7.83601961e-02 -6.14518590e-04 -4.44745426e-02 7.03559073e-05 2.01008370e-04 6.83297832e-05
3.84663376e+01 7.91845775e-02 -2.38399632e-03 -4.91692464e-02 5.00210064e-05 1.69348569e-04 9.34893968e-05
4.11612594e+01 8.19744944e-02 -3.73813747e-03 -5.44436703e-02 2.12837158e-05 6.14425459e-05 4.11351332e-05
4.38636735e+01 7.50491315e-02 1.05927810e-04 -5.66402877e-02 6.63644862e-05 9.08687064e-05 9.46884882e-05
4.65554782e+01 6.38689077e-02 4.38796345e-03 -5.79143778e-02 3.04773882e-05 1.13439619e-04 8.08679352e-05
4.92679376e+01 6.22117255e-02 5.98836487e-03 -6.26235781e-02 1.20046974e-04 1.00925898e-04 2.33067358e-05
5.19668438e+01 6.27686927e-02 -5.65911794e-04 -7.31664969e-02 7.34696636e-05 2.76345125e-05 4.84409339e-05
5.46758641e+01 5.89691922e-02 2.79340917e-03 -7.95776946e-02 5.04273075e-05 1.03227718e-04 7.04398708e-05
5.73738516e+01 5.73678534e-02 -1.37054754e-04 -8.47266159e-02 5.42810337e-05 1.22717796e-04 2.97761543e-05
6.00722344e+01 5.60557138e-02 -1.88247797e-04 -8.18746825e-02 2.06706956e-05 9.92803190e-05 2.95579395e-05
6.27770985e+01 6.03262357e-02 -4.25290858e-03 -7.51560816e-02 6.15615422e-05 1.04907528e-04 4.04353127e-05
6.54930829e+01 6.45659215e-02 -7.95248783e-03 -7.09186613e-02 5.27932519e-05 1.54997810e-04 1.82349426e-05
6.81959688e+01 7.04266253e-02 -2.01220719e-03 -6.61448592e-02 5.02670034e-05 1.46139807e-04 3.36820577e-05
7.09009969e+01 7.22441766e-02 -6.60981728e-04 -6.29306364e-02 9.34950185e-05 2.27894156e-04 1.32896372e-05
7.35989188e+01 7.28111590e-02 2.93624351e-03 -5.92906257e-02 2.71885585e-05 1.79684845e-04 1.57848871e-04
7.63001516e+01 7.01751116e-02 4.73398959e-03 -6.42188639e-02 4.17658135e-05 5.58500298e-05 9.08315425e-05
7.89949329e+01 6.97379157e-02 2.31253459e-03 -6.22697354e-02 2.56827532e-05 1.17503167e-04 5.50916157e-05
8.16939626e+01 6.88573908e-02 1.90724138e-03 -6.92035847e-02 4.78341456e-05 2.50138259e-04 4.64456619e-05
8.43971048e+01 6.80716554e-02 2.07922325e-03 -6.91974671e-02 4.98952817e-05 1.50306874e-04 2.48133014e-05
8.70940766e+01 7.24445800e-02 9.72339403e-03 -6.18566990e-02 1.91814654e-05 4.97872547e-05 3.12948154e-05
8.97961141e+01 6.77660393e-02 1.25907094e-02 -6.21872350e-02 3.01956104e-05 1.28251563e-04 4.19107581e-05
9.24939860e+01 6.15243311e-02 4.14814467e-03 -6.43864284e-02 2.77563389e-05 8.22719549e-05 3.65146793e-05
9.51958126e+01 6.27822197e-02 -2.87116589e-03 -6.27319220e-02 2.89634167e-05 1.30517681e-04 3.73819989e-05
9.78897516e+01 6.64380082e-02 -5.93875158e-03 -6.84209741e-02 1.40210614e-05 9.73899922e-05 4.90700613e-05
1.00586639e+02 6.13849054e-02 -6.09011155e-03 -6.93561010e-02 4.48404927e-05 1.26896349e-04 7.48072076e-05
1.03288702e+02 5.18131586e-02 -2.06869176e-03 -6.69234351e-02 5.30825968e-05 2.20101229e-04 2.54545533e-05
1.05990358e+02 5.28248351e-02 -1.87630542e-04 -6.32505534e-02 4.44121173e-05 2.90380446e-04 7.85326161e-05
1.08688702e+02 5.69453957e-02 3.50669544e-03 -5.82105394e-02 4.09892701e-05 8.91552869e-04 9.46404754e-05
1.11383155e+02 6.04850330e-02 1.74610237e-03 -5.58769767e-02 8.89840629e-05 5.28536064e-04 6.56717902e-05
1.14081217e+02 6.86572941e-02 4.85452419e-03 -4.59314105e-02 6.56501283e-05 6.51930459e-04 1.64752604e-05
1.16769592e+02 7.09076580e-02 7.30887567e-03 -4.81004499e-02 5.87071517e-05 2.54217418e-04 5.98816829e-05
1.19465670e+02 7.95486267e-02 6.79253352e-03 -4.86941245e-02 7.40206755e-05 2.00279811e-04 3.13613724e-05
1.22162077e+02 7.88940760e-02 6.81354501e-03 -4.27521857e-02 3.28384773e-05 1.22708983e-04 1.45720221e-04
1.24858733e+02 8.00029709e-02 8.64388893e-03 -3.07406429e-02 4.21832194e-05 1.09032260e-04 6.06812152e-05
1.27565780e+02 8.36298419e-02 1.17531559e-02 -1.48829688e-02 4.41638830e-05 1.48994226e-04 1.10902216e-04
1.30258374e+02 8.20529467e-02 5.98548655e-03 -1.13851033e-03 4.69704953e-05 8.89597927e-05 3.06821596e-04
1.32947514e+02 7.76212837e-02 5.42314976e-03 1.79934957e-02 1.06555814e-04 8.81095795e-05 3.08397929e-05
1.35641905e+02 7.78818566e-02 3.65141218e-03 3.05113644e-02 5.46019480e-05 2.19366922e-05 2.37276194e-05
1.38341170e+02 7.89413599e-02 -5.22152570e-04 3.80473616e-02 4.86491528e-05 9.21019264e-05 3.37429332e-05
1.41045889e+02 7.36552734e-02 2.49534448e-03 4.10946547e-02 9.77900135e-05 4.89351011e-05 3.20892138e-05
1.43744374e+02 7.29198102e-02 1.62505653e-03 4.56135515e-02 4.12260253e-05 5.24980464e-05 1.84370718e-05
1.46450405e+02 6.86820991e-02 -9.70880948e-04 5.52316558e-02 2.55575773e-05 6.05079988e-05 4.61150545e-05
1.49159342e+02 6.59759855e-02 5.77778894e-03 5.07397599e-02 1.32519280e-05 3.85095936e-05 7.36437700e-05
1.51853639e+02 6.49558500e-02 1.61454040e-03 6.04466178e-02 1.75256924e-05 1.51019442e-05 1.39236337e-04
1.54546264e+02 7.10301057e-02 3.47001006e-04 6.01074975e-02 3.70326272e-05 3.46373357e-05 4.59824847e-05
1.57245795e+02 7.34423404e-02 -1.94508965e-03 5.87511982e-02 3.58050621e-05 1.32638461e-04 2.70116503e-05
1.59947764e+02 7.21871880e-02 -7.53731064e-03 5.76518292e-02 5.01622327e-05 4.34992032e-05 1.25066094e-04
1.62636702e+02 7.04933861e-02 -7.34967058e-03 5.61205324e-02 4.13943607e-05 8.83485360e-05 3.21993485e-05
1.65330342e+02 6.82860217e-02 -1.17135628e-03 5.71056062e-02 1.21808575e-05 1.21919433e-04 1.15071846e-05
1.68033295e+02 6.36512094e-02 -4.81453588e-03 5.97873920e-02 7.29602056e-05 1.23545789e-04 4.52819253e-05
1.70732499e+02 5.35608891e-02 -4.77662132e-03 6.29852063e-02 7.78863490e-05 2.25027581e-04 1.11678772e-04
1.73440264e+02 5.65641319e-02 -6.01608305e-03 6.40710796e-02 3.18507326e-05 1.23733833e-05 6.86232747e-05
1.76143905e+02 4.83914367e-02 -3.70937645e-03 6.26818245e-02 2.14201609e-05 3.74293559e-05 7.36426172e-05
1.78835999e+02 5.04464669e-02 -1.88911242e-04 6.34264900e-02 5.57226281e-05 3.87454847e-05 4.27614360e-05
1.81526952e+02 5.20165922e-02 -9.72485059e-04 6.15315882e-02 8.55951704e-05 5.18230515e-05 3.73788690e-05
1.84233311e+02 5.37591568e-02 -4.90534481e-04 6.50420209e-02 9.77988213e-05 1.22965566e-04 1.13794539e-04
1.86937452e+02 5.51150120e-02 7.59045584e-04 7.20148185e-02 6.53286375e-05 2.67505186e-04 9.11710914e-05
1.89652217e+02 5.86719262e-02 1.29735487e-03 7.06373530e-02 1.74855168e-05 3.15120136e-04 1.06661311e-04
1.92355858e+02 5.43973664e-02 -5.82789898e-04 6.75204469e-02 6.70632552e-05 3.23524349e-04 6.37515644e-05
1.95054889e+02 5.86252112e-02 5.11224239e-03 6.28506489e-02 5.77997143e-05 1.63994090e-04 5.65723816e-05
1.97760483e+02 5.82517994e-02 9.37231167e-03 6.50276294e-02 1.11352774e-04 4.66661122e-04 5.26063052e-05
2.00469170e+02 5.87195743e-02 1.43463828e-02 7.00729280e-02 2.73820137e-05 4.00688189e-04 6.32402988e-05
2.03170139e+02 6.11727887e-02 8.80262369e-03 7.03469733e-02 1.32771873e-05 2.09673460e-04 3.46494050e-05
2.05868983e+02 5.03405615e-02 1.48234935e-02 6.82557506e-02 5.21894397e-05 1.18927201e-04 1.08019855e-04
2.08572655e+02 5.43960469e-02 1.31290173e-02 6.48276378e-02 1.53382372e-05 2.61296046e-04 1.03400935e-04
2.11267670e+02 6.05442813e-02 1.01860156e-02 6.06886789e-02 1.10762465e-04 1.06474095e-04 6.61080652e-05
2.13961936e+02 6.27374129e-02 5.10521349e-03 6.36565116e-02 1.02007390e-04 1.34982599e-04 2.50129197e-05
2.16659155e+02 6.16483078e-02 1.55598849e-02 6.72216440e-02 4.33397747e-05 9.91732531e-05 5.63595699e-05
2.19365045e+02 5.63040710e-02 1.27342356e-02 6.95557238e-02 5.60362920e-05 2.37051716e-04 4.98824202e-05
2.22057874e+02 5.09584964e-02 1.35709072e-02 6.56946336e-02 5.03640675e-05 2.19282236e-04 1.01777752e-04
2.24759811e+02 4.43840483e-02 1.18283015e-02 6.51188409e-02 5.38168988e-05 8.69654016e-05 8.40314929e-05
2.27463295e+02 3.48429594e-02 1.11540746e-02 7.13249595e-02 9.82364965e-05 2.25901187e-04 5.08186459e-05
2.30162061e+02 3.16616968e-02 5.58645100e-03 7.63856490e-02 6.95651861e-05 1.28594100e-04 1.02095146e-04
2.32871358e+02 3.90335874e-02 4.85598405e-04 7.51628578e-02 8.19191052e-05 9.26812184e-05 4.39338828e-05
2.35577077e+02 3.42947400e-02 5.05180679e-04 7.70565407e-02 1.15676950e-04 3.31452827e-04 4.23612586e-05
2.38270061e+02 4.61517578e-02 -8.84872569e-04 7.39659194e-02 5.98205615e-05 7.85491902e-04 1.35992518e-04
2.40970467e+02 5.01961855e-02 -1.18210302e-03 6.40173432e-02 7.77415817e-05 4.55905120e-04 2.47229466e-05
2.43663561e+02 5.43074636e-02 -3.03383980e-03 6.29556110e-02 2.42138257e-05 3.70370796e-04 1.84769550e-05
2.46358889e+02 5.63616442e-02 5.14632143e-03 6.81754344e-02 2.68506830e-05 2.09774042e-04 2.77971987e-05
2.49054983e+02 5.92565562e-02 -2.16800622e-03 6.55981437e-02 2.36060525e-05 5.11766014e-04 6.53760542e-05
2.51754514e+02 4.95183916e-02 4.22254532e-03 6.65239210e-02 7.30213652e-05 5.76035584e-04 4.51595976e-05
2.54459124e+02 4.82193687e-02 1.13765703e-02 6.80071472e-02 5.24155237e-05 6.35398597e-04 9.85501124e-05
2.57172795e+02 4.78142227e-02 7.35847724e-03 6.73437308e-02 3.65859637e-05 2.76504908e-04 5.39458176e-05
2.59884155e+02 5.33673112e-02 1.60892434e-02 6.49476892e-02 1.23749902e-04 4.70534622e-04 1.15208507e-04
2.62578514e+02 6.06543552e-02 1.24738716e-02 6.53184134e-02 3.86883175e-05 3.03246030e-04 1.26078188e-04
2.65270108e+02 6.55591163e-02 1.46406242e-02 5.93866561e-02 8.11140601e-05 1.62749026e-04 1.11033280e-04
2.67965087e+02 7.11689945e-02 1.64501930e-02 5.03138627e-02 6.13227826e-05 1.96275544e-04 5.09088588e-05
