6.84362874e-01 6.52938508e-02 2.30096207e-02 3.91521073e-02 4.45883542e-05 3.60604098e-05 7.10684783e-05
3.39384833e+00 7.40281184e-02 2.21163422e-02 2.02669762e-02 2.61179925e-05 6.89867457e-05 4.95765846e-05
6.09746849e+00 7.99079156e-02 2.22407656e-02 8.02039131e-03 4.42708586e-05 6.09506969e-05 4.95605601e-05
8.80357302e+00 7.74475276e-02 2.19162215e-02 -1.51276344e-02 6.68400599e-05 1.66893497e-04 1.32007524e-04
1.14915077e+01 7.83292867e-02 1.73229631e-02 -3.75723172e-02 6.57306640e-05 5.29550169e-05 1.33550276e-04
1.41889249e+01 7.78134879e-02 1.36764307e-02 -4.68379777e-02 8.39094486e-05 1.11161205e-04 5.16101939e-05
1.68875499e+01 7.66084124e-02 1.25384587e-03 -5.02244613e-02 5.34527449e-05 4.31817067e-05 2.66851653e-04
1.95883280e+01 6.71561722e-02 -2.34299532e-03 -5.30199417e-02 1.67897450e-04 4.43073480e-05 7.75965168e-05
2.22852561e+01 6.18091476e-02 -1.55072936e-03 -6.31143741e-02 5.51414471e-05 1.57304119e-04 4.61659350e-05
2.49832686e+01 5.86837584e-02 -4.94092774e-03 -6.51126175e-02 9.91284508e-05 1.92779900e-04 3.07312977e-05
2.76803061e+01 6.63755844e-02 -6.01894626e-03 -5.64644320e-02 3.16522512e-05 1.13628341e-04 3.16603126e-05
3.03759358e+01 6.88974906e-02 -9.46258731e-03 -5.02509879e-02 2.46195246e-05 1.93818233e-04 1.66804959e-05
3.30752311e+01 7.41537924e-02 -5.10371853e-03 -4.75398326e-02 1.05919041e-04 2.36586034e-04 3.58969996e-05
3.57678671e+01 7.28962705e-02 -9.39404738e-03 -4.87186112e-02 5.72593898e-05 1.86745016e-04 6.62746614e-05
3.84594296e+01 7.56858424e-02 -2.80097393e-03 -5.10580135e-02 3.50643586e-05 2.65855334e-04 4.78956454e-05
4.11585358e+01 7.12636395e-02 -2.83524826e-03 -6.11037004e-02 4.57902737e-05 1.23891634e-04 1.01949564e-04
4.38560780e+01 6.23711612e-02 -2.39651003e-03 -6.18642260e-02 5.32642171e-05 7.06715777e-05 2.72613253e-05
4.65638827e+01 5.36004212e-02 -9.78022395e-04 -5.88697609e-02 2.25529730e-05 4.16706506e-05 4.90330022e-05
4.92699765e+01 5.31247358e-02 -3.45397644e-03 -5.43644868e-02 7.31427326e-05 1.20292866e-04 2.06117676e-05
5.19683624e+01 6.23382490e-02 6.27434157e-04 -7.52838031e-02 6.92900969e-05 5.72245345e-05 3.03255431e-05
5.46610155e+01 6.07000695e-02 -3.82923902e-03 -7.54519981e-02 2.45662211e-05 4.09475890e-05 2.31023432e-05
5.73628015e+01 5.13343898e-02 6.15850094e-04 -7.54466182e-02 3.86933104e-05 7.82057400e-05 5.44919450e-05
6.00708733e+01 5.51518608e-02 -3.40690827e-03 -7.63355278e-02 4.69522395e-05 2.97688123e-05 4.84574401e-05
6.27909811e+01 5.67201345e-02 -6.42518984e-03 -7.30258333e-02 3.02736447e-05 1.26347496e-04 5.84222222e-05
6.54889999e+01 5.98228359e-02 -7.81371189e-03 -6.92987982e-02 4.32868620e-05 1.79969175e-04 6.57098446e-05
6.81941546e+01 6.38749973e-02 -4.65758168e-03 -6.97720266e-02 8.28291241e-05 1.58907593e-04 5.34478823e-05
7.08973061e+01 6.51933365e-02 -8.10860401e-03 -6.80044807e-02 1.36246371e-04 2.83291228e-04 3.71885422e-05
7.35938702e+01 6.59764865e-02 -4.03586697e-03 -6.32408875e-02 2.76821015e-05 1.46084787e-04 9.38001633e-05
7.62948405e+01 6.39722811e-02 -5.08966358e-04 -5.60345154e-02 5.76057757e-05 1.96790225e-04 6.40785005e-05
7.90026358e+01 6.58480501e-02 1.80136070e-03 -5.82198935e-02 5.05184985e-05 2.16688928e-04 1.39254577e-04
8.16955796e+01 5.90448338e-02 -1.79780903e-03 -6.26539765e-02 5.66272684e-05 2.04194989e-04 2.01350431e-05
8.43896077e+01 6.45448092e-02 3.77749848e-03 -5.66242360e-02 4.63137024e-05 1.39243607e-04 6.38335582e-05
8.70957718e+01 6.45253351e-02 3.21663376e-03 -6.30331269e-02 5.97672439e-05 1.09431889e-04 4.96415014e-05
8.97932561e+01 6.48506940e-02 4.67104720e-03 -6.92127210e-02 3.15401110e-05 9.03131082e-05 3.83804596e-05
9.24945952e+01 6.38213836e-02 3.44756520e-04 -7.67563752e-02 4.56516761e-05 6.40737116e-05 2.14662933e-05
9.51901187e+01 6.10782777e-02 -2.46804758e-03 -6.88064904e-02 1.77680752e-05 6.90488805e-05 9.64917124e-05
9.78843499e+01 6.18579945e-02 -7.81337221e-03 -6.55384419e-02 4.57418307e-05 8.13024288e-05 8.71648511e-05
1.00587336e+02 5.84222500e-02 3.76416089e-04 -6.18380298e-02 1.33128720e-04 5.73514031e-05 6.86087899e-05
1.03286664e+02 5.37926360e-02 -3.68757061e-03 -6.71779332e-02 2.82805460e-05 4.68730783e-05 1.70764622e-05
1.05983414e+02 4.97041554e-02 -8.25569560e-04 -5.92492032e-02 6.81914500e-05 8.77592596e-05 1.69235832e-05
1.08689430e+02 6.07471566e-02 3.04509160e-03 -6.09417183e-02 5.76875649e-05 3.22816480e-04 5.57623214e-05
1.11385773e+02 7.08538666e-02 3.59374170e-03 -5.46084657e-02 4.51642906e-05 3.10506950e-04 1.72151887e-05
1.14084148e+02 7.19714919e-02 4.30080740e-03 -5.29412552e-02 3.75603555e-05 4.10946519e-04 1.05898973e-04
1.16781695e+02 7.36865841e-02 8.37973353e-03 -5.25220358e-02 3.41163669e-05 1.20174490e-04 2.54072932e-05
1.19474086e+02 6.98860457e-02 9.34586162e-03 -5.42111262e-02 5.77459158e-05 1.26743527e-04 2.39202895e-05
1.22176492e+02 6.69570893e-02 1.41382362e-02 -4.27341056e-02 2.00848998e-05 1.37258025e-04 3.04165017e-05
1.24869492e+02 7.61701651e-02 1.29648359e-02 -3.39843928e-02 8.67847425e-05 9.08445544e-05 7.51911946e-05
1.27555648e+02 8.35141102e-02 8.75937721e-03 -1.76632182e-02 6.59432129e-05 1.45177038e-04 2.73460084e-05
1.30257883e+02 7.98891669e-02 5.67472328e-03 -6.80510110e-03 2.70689364e-05 2.00445151e-04 1.10368798e-04
1.32957289e+02 7.71141654e-02 3.66292171e-03 1.53717193e-02 1.18033958e-04 2.73969168e-04 4.19049965e-05
1.35651211e+02 7.63765354e-02 2.48917842e-03 2.76700970e-02 9.25900981e-05 1.14600121e-04 2.13771354e-05
1.38344664e+02 6.89408502e-02 3.31161915e-03 3.91855791e-02 5.78268085e-05 1.27048947e-04 5.10978485e-05
1.41042726e+02 7.51195666e-02 -1.85043097e-03 5.13684466e-02 4.23919110e-05 1.88355314e-04 5.72884229e-05
1.43743211e+02 7.57114439e-02 -3.41158438e-03 4.87873470e-02 8.51573687e-06 6.57820997e-05 1.07088481e-04
1.46446242e+02 7.27448518e-02 2.23269145e-03 4.76517408e-02 1.23279795e-05 1.24150943e-04 2.80909927e-05
1.49153211e+02 6.67570463e-02 7.91287475e-04 5.51291983e-02 2.83455704e-05 9.69058451e-05 6.37003349e-05
1.51860508e+02 6.88359058e-02 -2.26237691e-03 5.34226383e-02 5.00171489e-05 2.88420639e-05 3.08915128e-05
1.54562898e+02 6.83912314e-02 -3.44394335e-03 5.73211866e-02 1.09948787e-04 7.72583155e-05 8.87963033e-05
1.57256148e+02 6.81281289e-02 -6.72593892e-03 6.23329365e-02 1.13165148e-04 5.87191237e-05 1.34136003e-04
1.59941211e+02 7.21006628e-02 -7.59866201e-03 5.68974882e-02 1.74539294e-04 6.15610851e-05 1.04518378e-04
1.62643226e+02 6.95962699e-02 -6.58728751e-03 5.48981837e-02 2.75710907e-05 1.26131174e-04 9.27935307e-06
1.65341742e+02 5.90719565e-02 -1.00571949e-02 5.75838160e-02 3.44857183e-05 2.00386558e-04 1.79649586e-04
1.68039664e+02 5.06008954e-02 -8.86035978e-03 5.41414310e-02 5.47169047e-05 1.34032525e-04 9.92580154e-05
1.70743320e+02 5.25156521e-02 -1.61522822e-02 6.12929687e-02 4.27792000e-05 8.52629920e-05 3.35676371e-05
1.73442648e+02 5.18533245e-02 -6.99029301e-03 6.30670219e-02 3.14899709e-05 6.63442765e-05 5.96855794e-05
1.76141461e+02 5.44901574e-02 -7.67047779e-03 6.72812986e-02 3.57887486e-05 3.66952385e-05 3.04626698e-05
1.78845555e+02 5.35659976e-02 -4.13549799e-03 6.52196256e-02 1.03640134e-04 3.01248750e-05 3.21682704e-05
1.81544289e+02 5.32463341e-02 -1.58327885e-03 6.42561204e-02 8.04040207e-05 1.19216084e-04 5.33975772e-05
1.84242726e+02 5.63461469e-02 7.60287181e-03 6.88916162e-02 1.76863991e-05 1.70285755e-04 1.53328335e-05
1.86949101e+02 5.80091907e-02 6.27732163e-03 6.95099959e-02 8.89971837e-05 2.36716586e-04 1.59645745e-05
1.89645617e+02 6.06718508e-02 3.11821416e-03 7.63302626e-02 5.52734219e-05 5.50228601e-04 4.41495303e-05
1.92348398e+02 5.69002733e-02 1.02938461e-02 6.97817756e-02 9.10264852e-05 3.40171571e-04 7.92488038e-05
1.95060055e+02 5.03163486e-02 1.12392339e-02 6.89593252e-02 3.82310593e-05 1.43035427e-04 4.19186943e-05
1.97766148e+02 5.68798791e-02 7.38089764e-03 6.37401890e-02 5.55687149e-05 2.78504980e-04 7.82027108e-05
2.00469773e+02 6.54276316e-02 1.00078653e-02 7.40260316e-02 4.07409466e-05 1.94565371e-04 1.79593998e-04
2.03163258e+02 7.11146546e-02 1.55866911e-02 7.11088084e-02 5.05950978e-05 3.68369900e-04 5.93934069e-05
2.05862539e+02 6.88769226e-02 1.11369814e-02 6.62396284e-02 1.69455835e-05 1.42866935e-04 2.68918282e-05
2.08557226e+02 6.41491378e-02 5.75985082e-03 6.15077198e-02 6.35270490e-06 1.31366408e-04 5.18885452e-05
2.11255617e+02 6.67239600e-02 1.29519011e-02 6.42448506e-02 9.65473794e-05 1.70115461e-04 3.32435699e-05
2.13958273e+02 7.12244938e-02 8.98462529e-03 5.55212663e-02 3.75698117e-05 9.45306952e-05 5.16203471e-05
2.16660039e+02 6.86414070e-02 8.20504304e-03 5.62325110e-02 9.92487135e-06 2.44089721e-04 2.50930345e-05
2.19363430e+02 6.89379783e-02 5.86347530e-03 6.47261052e-02 2.49372748e-05 2.76298434e-04 5.90907543e-05
2.22067164e+02 5.12410116e-02 1.16510746e-02 6.98127484e-02 5.15258693e-05 4.21568316e-04 9.55840340e-06
2.24765289e+02 4.39593343e-02 1.57690885e-02 6.94948975e-02 6.40697021e-05 1.86651193e-04 8.19318313e-05
2.27464633e+02 3.85577908e-02 8.38035492e-03 6.72916497e-02 5.24309031e-05 1.67286674e-04 5.74598551e-05
2.30172633e+02 4.61729322e-02 7.18874727e-03 7.15589018e-02 1.43986268e-04 1.80038115e-04 7.56140313e-05
2.32871601e+02 3.87831933e-02 7.41810595e-03 7.63390156e-02 5.67006932e-05 2.32192656e-04 1.02088768e-04
2.35576148e+02 4.81975772e-02 6.28878789e-03 7.21909912e-02 9.00539388e-05 4.54180637e-04 6.86687026e-05
2.38274289e+02 4.63596366e-02 -1.20044309e-03 7.41465033e-02 2.16728125e-05 4.72902474e-04 7.45424609e-05
2.40963476e+02 4.88190770e-02 2.64500416e-03 7.56765321e-02 4.06657281e-05 2.89573195e-04 6.08685366e-05
2.43666008e+02 5.02956241e-02 3.05151568e-03 7.04987718e-02 1.22211084e-05 5.43428978e-04 5.66726178e-05
2.46361305e+02 5.36957800e-02 -2.35635940e-03 6.43056300e-02 6.58332498e-05 3.41755223e-04 7.93734947e-05
2.49068523e+02 5.36112980e-02 6.25618691e-03 6.25255115e-02 6.42144912e-05 5.15815378e-04 6.25849839e-05
2.51768805e+02 5.80270621e-02 4.65104504e-03 6.86558912e-02 3.91909979e-05 5.58163479e-04 4.05062050e-05
2.54476101e+02 5.37302831e-02 8.92586576e-03 6.05234343e-02 3.50933969e-05 5.59579336e-04 2.35843791e-05
2.57175117e+02 5.44948226e-02 1.04914206e-02 5.42409346e-02 1.34824773e-05 2.50848673e-04 2.52474040e-05
2.59877430e+02 6.30744399e-02 1.79428870e-02 5.68009083e-02 5.54364670e-05 5.29914495e-04 5.20281838e-05
2.62568430e+02 6.83412377e-02 1.95590677e-02 5.84257134e-02 5.24745783e-05 4.14767206e-04 1.96736584e-05
2.65274492e+02 7.60201241e-02 2.10154939e-02 5.57257792e-02 1.36724131e-05 2.07705342e-04 8.62305829e-05
2.67970916e+02 7.13694580e-02 2.02763728e-02 4.98496996e-02 7.10656288e-05 7.79368465e-05 4.02030518e-05
