7.01951312e-01 7.37897677e-02 -3.37393413e-03 4.17444569e-02 4.17263049e-05 2.23638318e-04 7.33668166e-05
3.40208012e+00 7.85469825e-02 2.75395291e-03 2.71440754e-02 5.96102575e-05 1.22731351e-04 8.40651309e-05
6.10132746e+00 7.28423529e-02 -2.66898193e-03 2.64062579e-03 8.06050440e-05 1.43717528e-04 5.86225928e-05
8.80180981e+00 6.54377364e-02 -3.02112947e-03 -1.71560882e-02 6.25542776e-05 2.05483865e-04 6.16719017e-05
1.14978693e+01 6.78557980e-02 -3.84445795e-03 -3.72063887e-02 1.30427691e-05 1.96812151e-04 1.20377929e-04
1.41914756e+01 6.95586546e-02 4.52200531e-04 -4.60247338e-02 1.92193680e-04 1.84962229e-04 3.43512864e-05
1.68888193e+01 7.33281906e-02 -3.37347249e-03 -4.60205345e-02 6.37421455e-05 1.94853934e-04 8.87064149e-05
1.95890959e+01 7.50894874e-02 -5.38730459e-03 -4.77194190e-02 1.23779749e-04 1.09817909e-04 2.84268511e-05
2.22828881e+01 7.25581108e-02 -2.25966499e-03 -5.16160446e-02 5.35003552e-05 1.12719354e-04 5.16222627e-05
2.49778412e+01 7.80726262e-02 -4.88449676e-03 -5.19111674e-02 2.88120953e-05 5.08701813e-05 2.23547754e-05
2.76674240e+01 7.10059879e-02 -2.57697544e-03 -5.07741613e-02 3.91347367e-05 8.25065169e-05 5.23344761e-05
3.03665412e+01 6.07825722e-02 -5.73660135e-03 -6.21061269e-02 2.01146038e-05 8.37553171e-05 6.31336585e-05
3.30700037e+01 4.57493502e-02 2.90321245e-03 -7.29679872e-02 1.21010027e-04 2.84960540e-04 2.25893920e-05
3.57731115e+01 4.60972327e-02 -4.02612677e-03 -7.58838145e-02 3.14624534e-05 9.70800832e-05 1.49810864e-05
3.84725443e+01 5.15375929e-02 -5.41802720e-03 -7.71788351e-02 6.54811988e-05 1.64040861e-04 6.97655879e-05
4.11662334e+01 5.80847743e-02 -6.72770660e-03 -7.21745093e-02 9.40968117e-05 3.57780291e-04 6.82702650e-05
4.38727506e+01 5.76517375e-02 -7.25062914e-03 -7.62910421e-02 2.61093485e-05 3.06529124e-04 4.73300600e-05
4.65738990e+01 5.89830417e-02 -4.04577370e-03 -6.41747581e-02 2.50334187e-05 2.17934116e-04 2.72568157e-05
4.92879568e+01 6.20169498e-02 -3.71786621e-03 -6.31870023e-02 4.20100020e-05 1.82343807e-04 5.80533557e-05
5.19769115e+01 7.03010315e-02 -3.63934651e-03 -6.34852253e-02 2.55251725e-05 1.31958608e-04 3.20303885e-05
5.46721022e+01 7.35556850e-02 -8.28883112e-03 -7.08706097e-02 5.13076767e-05 1.65809227e-04 4.38670200e-05
5.73672037e+01 7.05668750e-02 -3.16391776e-03 -6.97729645e-02 2.06578651e-05 1.37335807e-04 3.65606258e-05
6.00687678e+01 7.02604289e-02 -4.05836055e-03 -6.54916352e-02 1.01138050e-04 8.22980946e-05 4.14265250e-05
6.27664740e+01 7.11321518e-02 -2.05454251e-03 -6.66583230e-02 7.13817063e-05 1.22134063e-04 1.34008534e-04
6.54753600e+01 6.85193730e-02 -2.34446701e-03 -6.58644696e-02 5.71540628e-05 1.46183695e-04 5.99924413e-05
6.81721803e+01 6.36367536e-02 -2.79869198e-03 -7.17135772e-02 1.06941598e-04 9.54556497e-05 1.64128923e-05
7.08718209e+01 6.42818910e-02 -3.19048300e-03 -7.34959078e-02 3.85453573e-05 4.89779037e-05 6.90939481e-05
7.35830396e+01 6.18696754e-02 -3.63282187e-03 -7.41637978e-02 6.21959263e-05 7.01556437e-05 1.13498368e-04
7.62865459e+01 6.67772136e-02 -6.06848686e-03 -7.07941193e-02 8.64564147e-05 1.09208104e-04 1.86670270e-05
7.89841256e+01 6.11048588e-02 -1.05093670e-02 -7.74454592e-02 7.23409835e-05 4.90617655e-05 4.83114953e-05
8.16793256e+01 6.27849056e-02 -1.52877100e-02 -7.52622794e-02 3.32493176e-05 4.44329404e-05 1.81056879e-05
8.43792740e+01 6.04689998e-02 -1.52729194e-02 -6.57135261e-02 2.64405676e-05 9.56940518e-05 8.52355531e-05
8.70708396e+01 6.53598650e-02 -1.19127462e-02 -6.89122521e-02 1.03372865e-04 5.07336456e-05 1.41736486e-04
8.97736771e+01 6.64027396e-02 -2.96885016e-03 -7.13442072e-02 6.37865906e-05 3.43661127e-05 5.15630962e-05
9.24729256e+01 5.93481942e-02 -4.02216736e-03 -7.01244946e-02 4.81734875e-05 4.66548475e-05 6.00579899e-05
9.51720428e+01 6.47587920e-02 -6.16182773e-03 -6.55119053e-02 2.32461677e-05 1.24016719e-04 5.28370024e-06
9.78762896e+01 6.40351125e-02 -7.15867649e-03 -6.72940096e-02 7.35709663e-05 7.43637988e-05 4.29410763e-05
1.00576104e+02 6.74734148e-02 -6.40886523e-04 -6.36065865e-02 9.64510067e-05 1.79645997e-04 8.04289911e-05
1.03272744e+02 6.44196284e-02 4.24176012e-04 -5.25382953e-02 4.46774166e-05 1.08822839e-04 9.79630315e-05
1.05979197e+02 6.06436282e-02 1.99956723e-03 -5.79435109e-02 2.33461954e-05 9.74808342e-05 1.95214998e-05
1.08674729e+02 5.79472764e-02 -8.46518483e-04 -6.22195286e-02 2.93999254e-05 8.26095762e-05 1.02252519e-04
1.11380494e+02 5.80476511e-02 6.83566997e-03 -6.57688882e-02 3.86499129e-05 9.23030768e-05 1.82210128e-05
1.14089822e+02 5.00464079e-02 1.53742666e-03 -6.25663675e-02 4.86016832e-05 3.92438324e-04 5.95039992e-05
1.16789026e+02 6.16502607e-02 6.73948091e-03 -6.50354304e-02 6.73479132e-05 1.12602674e-04 4.30796408e-05
1.19480354e+02 6.59669801e-02 -8.96490100e-04 -6.27188300e-02 3.22462870e-05 9.74199714e-05 4.90624381e-05
1.22172057e+02 6.82598179e-02 4.92053708e-04 -5.25888279e-02 2.37145094e-05 6.67309846e-05 5.87772826e-05
1.24871885e+02 7.68122565e-02 3.50090534e-03 -3.65500100e-02 3.28519150e-05 7.66439319e-05 8.55403966e-05
1.27572916e+02 8.34602818e-02 6.94028265e-03 -1.90373311e-02 1.13336728e-04 9.22954789e-05 6.17299113e-05
1.30266151e+02 8.38380521e-02 9.22614151e-03 8.30345105e-03 5.83359161e-05 2.38347656e-04 1.79362630e-04
1.32966166e+02 8.32401348e-02 4.81619647e-03 2.04145574e-02 1.52896543e-04 1.62373024e-04 6.10012037e-05
1.35665291e+02 8.14469401e-02 4.20751587e-03 3.97919135e-02 2.47584263e-05 1.28897041e-04 1.90547457e-04
1.38355541e+02 7.79590481e-02 1.44048391e-03 4.14132130e-02 6.13043223e-05 1.42265630e-04 7.99902555e-05
1.41047447e+02 6.86108809e-02 -1.19658579e-03 5.09490437e-02 8.05738202e-05 2.13181091e-04 3.61956508e-05
1.43738213e+02 6.49541904e-02 -4.35918719e-03 5.04936834e-02 4.01403542e-05 2.07093989e-04 7.47887728e-05
1.46431963e+02 5.34889843e-02 -8.25337326e-03 5.86861791e-02 1.13796854e-04 2.37791835e-04 1.06238015e-05
1.49127932e+02 5.47374570e-02 -9.94102400e-03 5.87398821e-02 3.66999733e-05 2.55575443e-04 2.93019701e-05
1.51833666e+02 6.20638335e-02 -9.04668426e-03 5.90845384e-02 5.96712716e-05 7.03711052e-05 2.34098385e-04
1.54537807e+02 6.48234191e-02 -9.42044785e-03 6.76548044e-02 3.15121444e-05 1.01927641e-04 6.43679999e-05
1.57232260e+02 5.92864157e-02 -1.24639530e-02 7.52371532e-02 1.08124224e-04 1.80550481e-04 2.14743984e-05
1.59941354e+02 5.68052217e-02 -5.92799975e-03 7.38246101e-02 3.60974734e-05 4.79521213e-05 5.03402204e-05
1.62642135e+02 5.44145359e-02 -5.75477554e-03 6.84405846e-02 3.18800672e-05 4.18932971e-05 8.53428476e-05
1.65343088e+02 5.53521979e-02 -3.75853956e-03 6.44605143e-02 7.17652141e-05 8.76283677e-05 7.26121949e-05
1.68054213e+02 5.85554822e-02 5.07984312e-04 6.47325202e-02 9.01136318e-05 1.44052377e-04 1.10891470e-04
1.70755104e+02 5.87793963e-02 -6.73231793e-03 5.62454016e-02 4.20817167e-05 1.35907288e-04 2.20934665e-05
1.73457932e+02 5.52178801e-02 -3.72530826e-03 6.13724222e-02 3.22420814e-05 2.43048286e-04 5.52111570e-05
1.76157322e+02 6.21684551e-02 -4.04895890e-03 6.51491715e-02 3.14389489e-05 2.08598627e-04 3.47679065e-05
1.78860432e+02 6.17347226e-02 -1.43597332e-03 6.55493719e-02 2.76960956e-05 1.51010562e-04 6.57696553e-05
1.81554979e+02 6.17455431e-02 -3.24972233e-04 5.89196567e-02 1.82084429e-05 1.48413988e-04 5.51384427e-05
1.84254057e+02 6.32759441e-02 5.37276636e-03 6.06323761e-02 3.45297102e-05 2.71525912e-04 8.04095723e-05
1.86945526e+02 6.80029967e-02 3.33918019e-03 5.82622986e-02 2.23132950e-05 3.35593876e-04 4.00905810e-05
1.89641619e+02 6.59295279e-02 -1.70807627e-03 5.84766364e-02 1.03534481e-05 9.56306357e-05 5.05333434e-05
1.92340963e+02 6.99220911e-02 3.88090995e-04 5.71770674e-02 2.31527281e-05 3.50349585e-04 7.60646778e-05
1.95041072e+02 6.91344433e-02 -7.89588498e-04 6.00231615e-02 2.08926310e-05 3.27151041e-04 2.39018060e-05
1.97734088e+02 6.96266648e-02 -6.68599652e-03 6.07758368e-02 3.40971938e-05 2.74161367e-04 2.91062391e-05
2.00433916e+02 6.88402324e-02 -6.13074942e-03 5.94292474e-02 2.57214683e-05 2.67425082e-04 3.21949969e-05
2.03131151e+02 5.90421953e-02 2.88351030e-03 5.88001669e-02 6.01191407e-05 1.35610425e-04 7.64073677e-06
2.05824276e+02 6.12063089e-02 -5.61212220e-03 5.66907798e-02 1.50238203e-05 4.49807768e-04 3.22988570e-05
2.08532526e+02 6.27460081e-02 -7.71684791e-03 6.02310414e-02 2.72597012e-05 1.53033078e-04 2.53790535e-05
2.11234197e+02 6.17576268e-02 -6.78324014e-03 6.13301771e-02 5.99123197e-05 4.46035268e-05 4.96934884e-05
2.13941479e+02 6.38187823e-02 -3.87566136e-03 6.62513190e-02 1.87327244e-05 2.81782856e-05 4.32998789e-05
2.16641276e+02 6.30173551e-02 -7.83282778e-03 6.62579196e-02 6.42382718e-05 1.23804858e-04 9.86514071e-05
2.19337916e+02 6.43963190e-02 -7.63816989e-03 6.31040280e-02 4.00387564e-05 1.92282159e-04 2.53287114e-05
2.22039557e+02 7.43617861e-02 -5.16409823e-03 5.66925392e-02 6.36457010e-05 4.89103040e-05 3.59205857e-05
2.24731635e+02 7.34257560e-02 -1.27040876e-04 5.03379737e-02 2.30756228e-05 4.15988501e-05 3.81044238e-05
2.27430979e+02 7.64733450e-02 -1.20137970e-02 4.35721274e-02 4.04852855e-05 7.54254745e-05 4.49451943e-05
2.30131963e+02 7.48773284e-02 -1.81357066e-03 4.11157971e-02 3.36696538e-05 1.35224984e-04 7.50364869e-05
2.32832213e+02 7.26671619e-02 1.81579740e-03 5.17202909e-02 6.17871719e-05 1.48037802e-04 1.05888597e-04
2.35539119e+02 7.26043275e-02 6.63370949e-03 4.97305078e-02 2.74788006e-05 3.99648519e-04 3.52057627e-05
2.38234932e+02 6.94997966e-02 3.74773882e-03 5.47501734e-02 1.65586114e-05 1.57570438e-04 3.10551699e-05
2.40938744e+02 6.65927127e-02 1.12298775e-02 6.00406700e-02 1.84853705e-05 3.97654140e-04 7.46176588e-05
2.43643338e+02 6.57602557e-02 1.01824035e-02 6.58571189e-02 5.79205564e-05 2.05374705e-04 2.52216172e-05
2.46352338e+02 6.25442512e-02 6.79962200e-03 5.82177649e-02 7.21320534e-05 4.18032618e-04 3.76277156e-05
2.49056604e+02 6.45510280e-02 1.17754695e-02 6.08321474e-02 3.77420159e-05 3.47255867e-04 8.22383594e-05
2.51761994e+02 6.69934110e-02 8.40323394e-03 4.57240478e-02 2.62448638e-05 2.09359581e-04 6.97450825e-05
2.54467088e+02 6.81710826e-02 5.09528469e-03 4.45475033e-02 5.26249440e-05 3.25306585e-04 7.04213833e-05
2.57161479e+02 6.99546296e-02 4.94730849e-03 4.18918835e-02 1.29910242e-05 1.98796037e-04 7.37620229e-05
2.59855088e+02 6.58512683e-02 4.85970156e-03 4.68760854e-02 2.36289008e-05 1.26497825e-04 5.30664410e-05
2.62558401e+02 6.90009229e-02 4.66794414e-03 4.79534561e-02 1.37362029e-05 9.33264536e-05 7.73664756e-05
2.65256119e+02 7.03458652e-02 4.94823781e-03 4.74841749e-02 9.71828369e-05 2.15266048e-04 4.99020501e-05
2.67963206e+02 7.08725766e-02 3.22731613e-03 4.67695282e-02 3.83052621e-05 2.77365583e-04 2.84702858e-05
