6.89116751e-01 7.00662742e-02 -1.09462933e-02 4.42128415e-02 7.90507384e-05 9.72167727e-05 1.04306561e-04
3.38920150e+00 7.30358017e-02 -1.34769580e-02 3.20086787e-02 1.11044386e-04 1.52380853e-04 1.05955395e-04
6.08743229e+00 7.58887988e-02 -1.04918623e-02 9.30869444e-03 2.35913277e-05 1.11902678e-04 1.51336957e-04
8.79247947e+00 7.28100719e-02 -9.94906142e-03 -1.12295527e-02 4.42329582e-05 6.40542090e-05 3.44768510e-05
1.14821376e+01 7.29888315e-02 -4.80226823e-03 -3.04210954e-02 9.43895105e-05 1.20313121e-04 1.32019563e-04
1.41820142e+01 6.94458389e-02 -7.41737844e-03 -4.99450532e-02 6.60469438e-05 1.82342358e-04 6.74412079e-05
1.68788938e+01 6.38957205e-02 -4.64270131e-03 -6.52516036e-02 8.22531969e-05 6.03058007e-05 3.93324845e-05
1.95792173e+01 6.10815880e-02 -2.07642211e-03 -7.19993630e-02 1.87879930e-04 1.71482387e-04 6.22768365e-05
2.22791079e+01 5.75260742e-02 -4.83885110e-03 -6.87639647e-02 4.60970333e-05 1.26144516e-04 3.02958169e-05
2.49782157e+01 5.36891411e-02 1.23468757e-03 -7.58651061e-02 3.67271562e-05 1.45424656e-04 8.97242604e-05
2.76747423e+01 4.78173137e-02 4.31269234e-03 -7.70580938e-02 5.61766107e-05 8.82681390e-05 4.27495491e-05
3.03719563e+01 5.69520123e-02 1.47415223e-03 -7.43728815e-02 5.63035625e-05 6.69557496e-05 4.36816144e-05
3.30698407e+01 6.50244336e-02 1.25703188e-03 -6.92329864e-02 1.14291411e-04 2.26267051e-04 4.73783781e-05
3.57660626e+01 6.70690611e-02 2.20231689e-03 -5.81833854e-02 1.23863298e-05 1.02724676e-04 3.85603024e-05
3.84746829e+01 5.94119926e-02 2.48112601e-03 -5.97118313e-02 4.50348940e-05 2.04698946e-04 1.05264742e-04
4.11815735e+01 6.26282816e-02 1.05327484e-03 -5.61015640e-02 1.10988876e-05 8.93589582e-05 5.94450386e-05
4.38886517e+01 6.74537839e-02 4.77113597e-03 -5.91871024e-02 4.52795021e-05 1.63432710e-04 6.12026500e-05
4.65909767e+01 7.24690809e-02 5.75877602e-04 -6.12293527e-02 4.71935206e-05 8.16208305e-05 3.47937607e-05
4.92853142e+01 6.13778752e-02 5.28750778e-04 -6.89535463e-02 5.55778661e-05 5.30102779e-05 3.00789531e-05
5.19879267e+01 5.92812515e-02 4.76659718e-03 -6.84126423e-02 2.21603460e-05 4.64609949e-05 2.16775689e-05
5.46818189e+01 5.72186552e-02 4.10403782e-03 -6.07087378e-02 9.35495804e-05 1.16083277e-04 5.77698356e-05
5.73872595e+01 5.85773412e-02 1.90509251e-03 -5.31765633e-02 1.10485524e-04 1.34656421e-04 4.32103433e-05
6.00737439e+01 6.23004199e-02 1.64551365e-03 -6.88819991e-02 6.61733811e-05 1.30636414e-04 7.60225385e-05
6.27702407e+01 6.32460296e-02 -7.66948377e-04 -6.45410129e-02 2.90057503e-04 1.05362376e-04 9.45424356e-05
6.54644189e+01 6.26285630e-02 -1.38732404e-03 -6.51232887e-02 1.11171084e-04 1.24535867e-04 2.46345167e-04
6.81552907e+01 6.82620961e-02 -3.21432584e-04 -5.89537887e-02 1.23207621e-04 1.10467134e-04 2.13695217e-05
7.08578314e+01 7.31791828e-02 3.32118060e-03 -5.52554040e-02 2.95826517e-05 6.25665181e-05 1.36244128e-04
7.35586501e+01 6.78634756e-02 1.73968679e-04 -5.96106931e-02 5.30291888e-05 1.49812936e-04 1.13039420e-05
7.62577688e+01 6.02958468e-02 -8.16480726e-04 -5.76002855e-02 8.47908918e-05 2.75251873e-04 7.73203204e-05
7.89663423e+01 5.95042833e-02 2.59112398e-03 -6.13209701e-02 4.28346827e-05 2.53263841e-04 2.94340460e-05
8.16708673e+01 6.32591620e-02 8.06183404e-03 -6.12268316e-02 3.68731861e-05 1.45947379e-04 2.52598382e-05
8.43768220e+01 6.00373029e-02 6.36713557e-03 -6.52681396e-02 8.91270076e-05 2.00588957e-04 4.95138388e-05
8.70784470e+01 6.73156473e-02 1.01871176e-03 -6.16758537e-02 8.49817316e-05 1.27447808e-04 1.34113234e-04
8.97804735e+01 6.82487145e-02 -1.63061511e-03 -6.06175529e-02 6.66208283e-05 6.81478278e-05 2.03633028e-05
9.24754142e+01 7.05678171e-02 -2.58597781e-03 -5.93602771e-02 2.23546224e-05 1.06254398e-05 1.29914480e-05
9.51691298e+01 7.07203309e-02 -1.99431025e-03 -5.66528978e-02 3.61419465e-05 8.27274341e-05 1.84162173e-05
9.78708657e+01 6.53847634e-02 -3.21204896e-04 -6.19955398e-02 1.24065550e-04 2.60126717e-05 6.41950277e-05
1.00577794e+02 5.95870167e-02 -8.30742470e-03 -6.54897858e-02 6.44747096e-05 1.56226146e-04 2.21303465e-05
1.03279669e+02 5.78390554e-02 -6.06454634e-03 -7.15308415e-02 5.43683034e-05 1.25029405e-04 6.58773574e-05
1.05977747e+02 5.90880832e-02 -6.82563954e-03 -6.93922506e-02 3.70729201e-05 2.08787991e-04 7.95609925e-05
1.08679169e+02 5.72093115e-02 1.13919072e-03 -6.83557659e-02 2.76961461e-05 1.32488735e-04 1.70565130e-05
1.11372497e+02 6.47745271e-02 -4.97100669e-03 -6.39885477e-02 5.56218395e-05 1.08237914e-04 7.80706516e-05
1.14071591e+02 6.03933353e-02 -6.09319437e-03 -5.97706748e-02 4.86390742e-05 8.60077892e-05 5.66658504e-05
1.16768341e+02 6.66117053e-02 -4.76979209e-03 -5.19222636e-02 6.91549587e-06 2.45451094e-04 3.95754346e-05
1.19467278e+02 7.19350507e-02 -2.00501895e-03 -4.51215466e-02 4.62882605e-05 2.63407885e-04 6.17074281e-05
1.22183606e+02 7.86690211e-02 -3.51523054e-03 -2.97642108e-02 8.29947681e-05 3.03315783e-04 6.26464732e-05
1.24885809e+02 8.20022272e-02 -2.52800285e-03 -1.90550898e-02 1.00926401e-04 1.78776263e-04 1.02183142e-04
1.27580184e+02 8.29000860e-02 -2.83126200e-03 -1.14449379e-02 5.25251802e-05 3.31490484e-04 2.26117775e-04
1.30273466e+02 8.54165521e-02 -6.61600417e-03 2.54016862e-03 1.38878755e-04 6.75380054e-05 3.77521215e-05
1.32974794e+02 7.95614541e-02 -3.45374216e-03 1.87190342e-02 5.02329054e-05 2.50598214e-04 8.77439971e-05
1.35665325e+02 7.45518462e-02 -7.61553960e-03 3.70058550e-02 2.54439232e-05 2.06435299e-04 9.30814392e-05
1.38360138e+02 6.78449168e-02 -4.29601280e-03 4.18017223e-02 4.27154163e-05 2.70097080e-04 3.57430888e-05
1.41055794e+02 7.10887525e-02 -3.05899948e-03 5.15346892e-02 8.23596263e-05 2.91599966e-04 5.72346481e-05
1.43759263e+02 6.51797603e-02 8.37285779e-04 6.48863963e-02 3.97216084e-05 8.24917044e-05 3.60548488e-05
1.46453372e+02 6.62588592e-02 -4.23251866e-04 6.59457337e-02 5.34854933e-05 9.01890861e-05 3.06171163e-05
1.49143669e+02 5.99623341e-02 4.65941654e-03 7.11637751e-02 1.50335243e-05 1.32778725e-04 2.68057315e-05
1.51838122e+02 4.79129855e-02 1.83858242e-03 7.34549658e-02 1.05914235e-04 5.06942470e-05 1.29525415e-04
1.54538075e+02 4.64466535e-02 -1.85342186e-04 6.73824477e-02 1.54534780e-05 4.91483685e-05 5.25995163e-05
1.57238528e+02 5.56583342e-02 4.72156984e-03 6.42186683e-02 7.63399317e-05 9.92726460e-05 1.56907990e-04
1.59944825e+02 5.82698345e-02 4.15911850e-03 5.33924798e-02 6.56264227e-05 1.67927401e-04 2.35070560e-04
1.62651466e+02 6.21497395e-02 3.28492642e-03 5.70511379e-02 1.27717474e-04 2.14417132e-04 4.21231791e-05
1.65359966e+02 6.52254055e-02 8.14867355e-03 5.58141685e-02 4.94092235e-05 4.32571391e-04 6.40874973e-05
1.68061841e+02 6.21089549e-02 7.22441468e-03 6.24692716e-02 8.96951624e-05 2.00276366e-04 2.28796863e-05
1.70768809e+02 6.29828458e-02 8.30004801e-03 6.84113540e-02 2.27429377e-05 1.21067906e-04 7.03307279e-05
1.73477981e+02 6.72073186e-02 7.65095130e-03 6.50427287e-02 4.56159395e-05 7.98485994e-05 4.42094788e-05
1.76172059e+02 7.02638164e-02 5.30303659e-03 5.65457858e-02 3.63420842e-05 7.77755922e-05 7.52454470e-05
1.78868700e+02 7.04198013e-02 2.10133586e-03 6.16812802e-02 5.48074574e-05 3.92762578e-05 5.26676663e-05
1.81565372e+02 7.19754007e-02 -6.56121555e-03 5.76227885e-02 1.55007231e-04 5.77814146e-05 4.89812498e-05
1.84255325e+02 7.25422141e-02 -1.18906815e-02 6.16403372e-02 3.65420825e-05 4.99765216e-05 6.79524443e-05
1.86957388e+02 6.78232235e-02 -1.07294951e-02 6.05401696e-02 5.27696984e-05 1.08424438e-04 5.68658842e-05
1.89653075e+02 7.06680877e-02 -8.06310399e-03 5.48227790e-02 5.13955712e-05 1.00806481e-04 1.07404198e-05
1.92346716e+02 7.23042830e-02 -9.24339937e-03 5.50925978e-02 8.05826616e-05 1.12930835e-04 7.36433253e-05
1.95038856e+02 7.24466180e-02 -6.36290725e-03 5.14839009e-02 7.04867604e-05 4.51804621e-05 1.25061361e-04
1.97737184e+02 6.82186499e-02 -3.33588679e-03 6.23050530e-02 3.86154708e-05 3.88185772e-05 4.63320943e-05
2.00433325e+02 6.85446570e-02 -3.56201448e-03 7.14821630e-02 1.44841202e-05 1.04451580e-04 3.20317656e-05
2.03135231e+02 6.40004299e-02 -7.90656189e-03 7.89894451e-02 4.13056469e-05 5.87399756e-05 3.44741809e-05
2.05836184e+02 5.88919530e-02 1.77830740e-04 7.46957638e-02 6.76599037e-05 7.73025993e-05 4.80703517e-05
2.08532497e+02 5.23100725e-02 -1.76490543e-03 7.60389300e-02 1.58137748e-05 3.11869344e-05 2.88538527e-05
2.11231044e+02 5.75072412e-02 -3.33311800e-03 7.67165638e-02 7.03581081e-05 6.98695623e-05 3.71183608e-05
2.13923575e+02 6.30012202e-02 -1.53774931e-02 7.06875483e-02 3.43912189e-05 6.80211840e-05 9.42251539e-05
2.16622856e+02 5.89966677e-02 -8.22115556e-03 6.42149443e-02 3.00143022e-05 6.64936844e-05 3.49908107e-05
2.19323481e+02 6.22205884e-02 -1.02740345e-02 5.91656743e-02 2.32502106e-05 1.24943714e-04 5.92237993e-05
2.22020997e+02 6.33181248e-02 -1.38578740e-02 4.85950109e-02 4.98609837e-05 1.56494154e-04 6.32737406e-05
2.24725169e+02 6.57587695e-02 -1.19221452e-02 5.52960530e-02 6.79125004e-05 3.15712748e-04 1.29594940e-04
2.27421388e+02 6.76741338e-02 -3.38952358e-03 6.05363554e-02 2.72444638e-05 3.08972565e-04 1.22021206e-04
2.30126622e+02 7.05015661e-02 -6.08539150e-03 6.49803507e-02 1.24926529e-04 2.72451315e-04 8.68152612e-05
2.32835341e+02 6.90007430e-02 -8.13064357e-03 6.00965955e-02 1.86041389e-05 2.32900968e-04 8.28387194e-05
2.35539059e+02 7.13715056e-02 -7.30378005e-03 5.82235789e-02 6.01248988e-05 2.07204255e-04 4.57262806e-05
2.38242106e+02 6.90823879e-02 -2.67646607e-04 5.31998957e-02 5.91164489e-05 1.62665796e-04 2.32237744e-05
2.40948528e+02 7.04272920e-02 -2.15831314e-03 4.50817152e-02 5.62598739e-06 1.68483758e-04 6.20630098e-05
2.43647309e+02 7.42131235e-02 6.26241230e-04 4.48632437e-02 3.33739235e-05 2.99415413e-04 3.63638466e-05
2.46347138e+02 6.95450302e-02 2.80378885e-03 4.48621575e-02 5.73346688e-05 4.53986099e-04 2.38359465e-05
2.49044794e+02 6.98348832e-02 2.84277971e-04 5.21019162e-02 8.01294372e-05 4.03803922e-04 1.79729092e-04
2.51748434e+02 6.47054749e-02 4.02093572e-03 5.62023545e-02 5.99679808e-05 5.48402264e-04 6.76352544e-05
2.54456481e+02 5.74085724e-02 1.60260584e-03 6.75658357e-02 2.69946151e-05 5.42227805e-04 1.09187946e-04
2.57165075e+02 6.24549325e-02 -6.75718574e-03 6.88807611e-02 2.49951451e-05 5.08846083e-04 1.92952372e-05
2.59875606e+02 6.35769429e-02 -8.17571569e-03 7.23613433e-02 5.57400184e-05 5.62853646e-04 1.74758017e-05
2.62572106e+02 5.97748807e-02 -1.38534989e-02 6.04230845e-02 9.43776141e-05 5.86707276e-04 5.42724492e-05
2.65282044e+02 6.20373535e-02 -1.67428585e-02 5.46909795e-02 1.08838308e-04 2.48434002e-04 7.17483502e-05
2.67970266e+02 6.88646755e-02 -1.52596633e-02 4.44125350e-02 1.13139812e-04 3.96784831e-04 7.89473721e-05
