6.91893146e-01 7.31351670e-02 -1.12964078e-02 4.37824840e-02 3.84957214e-05 1.62954306e-04 9.63047103e-05
3.38925912e+00 7.29547433e-02 -1.43042668e-02 3.23109398e-02 1.73079052e-04 1.37957146e-04 5.91953941e-05
6.08736397e+00 7.74218432e-02 -8.51853916e-03 1.08929339e-02 2.88011277e-05 1.55693538e-04 9.83888890e-05
8.79007522e+00 7.73417728e-02 -8.64142115e-03 -1.46115957e-02 3.09887630e-05 4.58220214e-05 3.16527641e-05
1.14852382e+01 7.63835072e-02 -2.77022235e-03 -3.26349675e-02 7.26564446e-05 1.56402192e-04 1.02369590e-04
1.41848976e+01 7.11085452e-02 -7.74919461e-03 -5.21299624e-02 5.04158988e-05 2.07437059e-04 6.95013500e-05
1.68811319e+01 6.65683704e-02 -5.30946487e-03 -6.39098945e-02 6.53294837e-05 6.12079049e-05 3.17189079e-05
1.95805319e+01 6.39789853e-02 -2.22906983e-03 -6.97594762e-02 1.84001252e-04 1.57069527e-04 7.86545970e-05
2.22777038e+01 6.13528110e-02 -6.82399754e-03 -6.68528479e-02 7.36010567e-05 1.37429737e-04 5.28517585e-05
2.49750522e+01 5.35339199e-02 1.00813401e-03 -7.15277227e-02 2.45758661e-05 1.74587180e-04 6.78535301e-05
2.76769991e+01 5.05134079e-02 4.40681064e-03 -7.54219007e-02 5.61435642e-05 5.43062687e-05 3.16332103e-05
3.03682288e+01 5.66422500e-02 3.19846858e-03 -7.25003608e-02 2.63583221e-05 5.23854076e-05 2.67267785e-05
3.30665241e+01 6.20931247e-02 8.29749257e-04 -7.20360554e-02 1.34177125e-04 2.09659238e-04 3.28225844e-05
3.57639601e+01 6.25180290e-02 1.47443379e-03 -6.22216530e-02 6.17896475e-06 9.83191301e-05 3.97639168e-05
3.84695304e+01 5.85078480e-02 5.83000366e-04 -5.96820915e-02 5.58846803e-05 2.36929129e-04 6.77673593e-05
4.11778523e+01 6.07931705e-02 2.74658320e-04 -5.60571105e-02 1.72885368e-05 8.76660248e-05 3.71753373e-05
4.38845304e+01 6.34506491e-02 3.38023655e-03 -5.55323805e-02 4.60136456e-05 1.17375991e-04 8.71655103e-05
4.65839054e+01 6.94472774e-02 -2.59796815e-03 -6.22629349e-02 8.01304402e-05 2.42997854e-05 3.57197630e-05
4.92812444e+01 6.33316401e-02 1.27482247e-04 -6.93474525e-02 6.64881080e-05 5.24649177e-05 2.11687288e-05
5.19827554e+01 6.09191158e-02 5.12664262e-03 -6.96677935e-02 2.54318528e-05 3.49791205e-05 3.03481345e-05
5.46854991e+01 5.80228357e-02 3.63751427e-03 -5.98888818e-02 4.95713386e-05 9.58371935e-05 3.50150417e-05
5.73824663e+01 5.95938277e-02 -1.03451347e-03 -5.58524635e-02 1.11365269e-04 1.37651083e-04 4.55248364e-05
6.00752288e+01 6.18083419e-02 5.09498391e-04 -6.74924687e-02 9.46602500e-05 8.72663041e-05 1.02564972e-04
6.27671257e+01 6.08137680e-02 -7.94239042e-04 -6.49098826e-02 3.27661424e-04 6.74796015e-05 1.13579764e-04
6.54576773e+01 6.34196735e-02 -8.21684271e-04 -6.44723066e-02 1.01831228e-04 1.42606930e-04 2.72468428e-04
6.81567148e+01 7.01162187e-02 -4.76774834e-04 -6.03713684e-02 1.13019296e-04 1.11244297e-04 1.26821494e-05
7.08592382e+01 7.25337925e-02 2.80593473e-03 -5.53057335e-02 5.93931985e-05 6.48191120e-05 1.73979516e-04
7.35558241e+01 6.86716825e-02 -3.51794731e-05 -5.86955083e-02 4.99159713e-05 1.35325889e-04 3.04363201e-05
7.62578726e+01 5.83211954e-02 -2.51404265e-03 -6.09916344e-02 6.49144855e-05 2.77357963e-04 8.93913121e-05
7.89660194e+01 5.78446763e-02 -9.87303381e-04 -6.08036584e-02 3.09579636e-05 2.10042334e-04 6.15400614e-05
8.16751085e+01 6.00033053e-02 6.19353111e-03 -5.99833995e-02 5.18319580e-05 1.59326723e-04 3.67554748e-05
8.43791069e+01 5.91793922e-02 3.12485109e-03 -6.63538885e-02 6.67460130e-05 1.90817344e-04 9.58343208e-05
8.70818632e+01 6.67769262e-02 -6.57989459e-04 -6.23938183e-02 9.08029689e-05 1.80185777e-04 6.29742988e-05
8.97806929e+01 6.97663819e-02 -3.72465743e-03 -6.23493959e-02 4.94591610e-05 7.42553223e-05 3.82135269e-05
9.24751210e+01 7.36741700e-02 -2.56595049e-03 -6.09245299e-02 3.84733338e-05 2.57524105e-05 1.75685733e-05
9.51664601e+01 7.06422055e-02 -1.56797209e-03 -5.93340113e-02 1.42112751e-05 5.45825488e-05 1.51848976e-05
9.78652507e+01 6.63807612e-02 -1.17885583e-03 -6.17385892e-02 9.25054185e-05 4.05639085e-05 5.86585158e-05
1.00575865e+02 5.91358326e-02 -8.94326681e-03 -6.12175052e-02 7.60113263e-05 9.09373049e-05 5.08363855e-05
1.03277443e+02 5.75897535e-02 -5.08352773e-03 -6.91083779e-02 4.42406504e-05 1.29526941e-04 7.65097887e-05
1.05975334e+02 5.69914435e-02 -6.43095139e-03 -6.89951688e-02 4.53158653e-05 1.53695370e-04 8.56232150e-05
1.08679537e+02 5.58358910e-02 1.02772021e-03 -6.57681028e-02 2.65699096e-05 1.21064239e-04 2.70639700e-05
1.11370005e+02 6.15298250e-02 -2.56067546e-03 -6.42757514e-02 3.17677659e-05 9.69589381e-05 4.78272503e-05
1.14070865e+02 6.27139231e-02 -3.09796678e-03 -6.03030444e-02 6.30978498e-05 1.10308213e-04 4.85375630e-05
1.16765896e+02 6.42499341e-02 -6.96665547e-03 -5.66235327e-02 1.02702402e-05 2.54152219e-04 5.05183590e-05
1.19469943e+02 7.08879740e-02 -1.76320983e-03 -4.80720939e-02 1.43686473e-05 2.55312760e-04 5.13132705e-05
1.22179380e+02 7.88556424e-02 -2.61219565e-03 -3.10074629e-02 7.98329674e-05 4.03084848e-04 6.58008149e-05
1.24882099e+02 8.31337399e-02 -5.76770173e-04 -2.03082663e-02 1.00634091e-04 2.31182641e-04 1.02298555e-04
1.27580271e+02 8.26628055e-02 -1.41139999e-03 -9.68166710e-03 8.57896392e-05 3.35467829e-04 1.51897818e-04
1.30271099e+02 8.39134018e-02 -5.70515956e-03 2.33000253e-03 1.48666000e-04 8.37234984e-05 2.52780264e-05
1.32968521e+02 7.72627989e-02 -2.78380391e-03 1.64502414e-02 4.62216937e-05 2.17339828e-04 6.52572021e-05
1.35660099e+02 7.67569696e-02 -6.61054872e-03 3.62640982e-02 3.78222726e-05 2.57170037e-04 7.81859123e-05
1.38357271e+02 6.73406158e-02 -2.18822504e-03 4.36569723e-02 4.11946734e-05 2.95909564e-04 7.37764474e-05
1.41053209e+02 7.44795297e-02 -3.16883832e-03 5.24795334e-02 4.05859037e-05 2.60303890e-04 4.36318912e-05
1.43752771e+02 6.56825258e-02 -5.92148695e-04 6.52263852e-02 5.91820146e-05 1.14940669e-04 4.94585423e-05
1.46452708e+02 6.46922670e-02 -7.99920765e-04 6.60249783e-02 6.74711512e-05 9.23372398e-05 3.99047667e-05
1.49140912e+02 5.86410475e-02 3.64616755e-03 6.90450150e-02 2.06775178e-05 1.36836673e-04 3.35926549e-05
1.51833490e+02 4.79882763e-02 -9.42155993e-04 7.37493834e-02 8.72616123e-05 4.63606897e-05 1.42245290e-04
1.54531740e+02 4.85368374e-02 -3.53846841e-03 7.09497524e-02 1.40309462e-05 4.05213489e-05 4.38955032e-05
1.57233708e+02 5.64269950e-02 2.19559901e-03 6.64139876e-02 4.68270770e-05 1.26895454e-04 1.10201800e-04
1.59939318e+02 5.83124196e-02 1.28030099e-03 5.47745500e-02 1.02943802e-04 2.12584338e-04 1.86415524e-04
1.62647255e+02 6.20274595e-02 4.18760789e-03 5.74137630e-02 1.27610288e-04 2.04663967e-04 5.58047676e-05
1.65352740e+02 6.28909906e-02 6.62964828e-03 5.39167974e-02 6.56973782e-05 4.31287288e-04 4.43355629e-05
1.68058255e+02 5.84777755e-02 6.74497181e-03 6.06677001e-02 1.16377232e-04 1.97436756e-04 2.22729220e-05
1.70766365e+02 6.16899749e-02 8.56945340e-03 6.63991336e-02 1.56597088e-05 1.09808835e-04 9.93068841e-05
1.73473943e+02 6.60841734e-02 6.88313346e-03 6.39357627e-02 1.10011345e-04 6.73805905e-05 5.71094264e-05
1.76169396e+02 6.81620945e-02 4.44619482e-03 5.59967363e-02 4.03217027e-05 7.01831949e-05 4.08080559e-05
1.78866224e+02 6.87422832e-02 3.49335932e-04 6.10772455e-02 8.03224026e-05 7.20376386e-05 6.96062021e-05
1.81557396e+02 7.23876021e-02 -4.86715250e-03 5.87609443e-02 1.17897574e-04 5.42542905e-05 2.80148213e-05
1.84249568e+02 7.29019517e-02 -1.00612864e-02 6.37295665e-02 3.41623681e-05 6.40203501e-05 9.05035558e-05
1.86954615e+02 6.81908832e-02 -1.02976188e-02 6.03277245e-02 4.89433891e-05 7.24166184e-05 6.70139816e-05
1.89649912e+02 7.29724225e-02 -8.18542097e-03 5.46217811e-02 5.80855055e-05 1.68671098e-04 1.68097442e-05
1.92344521e+02 7.15953857e-02 -8.52604015e-03 5.10482558e-02 1.10413032e-04 1.59970115e-04 4.77014946e-05
1.95036240e+02 7.31473025e-02 -7.17010832e-03 5.17333898e-02 7.59301443e-05 1.87027659e-05 1.04362707e-04
1.97733521e+02 6.87984957e-02 -4.04192847e-03 6.06991198e-02 5.54834914e-05 4.25073147e-05 5.04583109e-05
2.00428630e+02 6.76850884e-02 -3.94281793e-03 6.96726586e-02 1.15913525e-05 2.08998693e-04 4.27552893e-05
2.03126209e+02 6.68031145e-02 -9.20122490e-03 8.04325998e-02 6.56343611e-05 7.37564714e-05 2.84348010e-05
2.05831677e+02 6.01262678e-02 -2.70252902e-04 7.66892026e-02 7.26896387e-05 5.99699057e-05 1.15623788e-05
2.08529255e+02 5.48812347e-02 -1.36524659e-03 7.98958602e-02 2.24897274e-05 1.85745487e-05 2.00840276e-05
2.11223443e+02 5.73615434e-02 -3.48896620e-03 7.57077002e-02 7.52299617e-05 7.35666013e-05 3.95476871e-05
2.13921568e+02 6.13619662e-02 -1.48429593e-02 7.20789613e-02 3.82782615e-05 1.29025181e-04 9.54906590e-05
2.16620912e+02 6.13795728e-02 -1.08960585e-02 6.51561693e-02 5.27718927e-05 8.16443884e-05 6.41135127e-05
2.19322427e+02 6.43144538e-02 -1.05488398e-02 5.96329634e-02 5.05183124e-05 1.41351909e-04 5.50244017e-05
2.22019709e+02 6.17206796e-02 -1.25239055e-02 4.79729505e-02 5.79157995e-05 2.45001284e-04 7.42535582e-05
2.24721568e+02 6.95827747e-02 -1.22811352e-02 5.23898467e-02 9.09065372e-05 3.78473766e-04 1.13857855e-04
2.27417427e+02 6.93984815e-02 -1.87100736e-03 5.49441023e-02 2.94133120e-05 2.89629624e-04 1.15006905e-04
2.30126787e+02 6.99975287e-02 -6.66714249e-03 5.94592023e-02 1.40645585e-04 1.83882364e-04 6.85469870e-05
2.32830052e+02 7.07754114e-02 -7.79171109e-03 5.68585792e-02 2.15596538e-05 2.37121955e-04 6.36533132e-05
2.35538287e+02 7.00276008e-02 -6.79421362e-03 5.55538133e-02 5.93883887e-05 2.43738011e-04 4.00353893e-05
2.38238912e+02 6.93875221e-02 1.79386141e-03 5.47050021e-02 5.57813289e-05 3.21380519e-04 2.13212458e-05
2.40942255e+02 7.16444101e-02 -4.65692288e-04 4.41156824e-02 1.70854115e-05 2.17489818e-04 9.38438908e-05
2.43645771e+02 7.12652838e-02 1.46862453e-03 4.47188732e-02 5.74746696e-05 2.63301929e-04 4.94669391e-05
2.46341365e+02 6.98865617e-02 6.49299478e-03 4.68180679e-02 5.22753289e-05 4.58644892e-04 3.37802916e-05
2.49040537e+02 6.79005370e-02 2.77888004e-03 4.83284148e-02 5.34738236e-05 3.19320410e-04 2.02821464e-04
2.51742193e+02 6.34007432e-02 5.69069529e-03 5.26879346e-02 5.89486982e-05 5.73348884e-04 8.59846380e-05
2.54453240e+02 5.90723489e-02 1.40818169e-03 6.66619663e-02 5.40848927e-06 5.47501762e-04 9.23217158e-05
2.57158755e+02 6.38704795e-02 -5.88576916e-03 6.75880145e-02 2.27936844e-05 4.27632181e-04 1.12700427e-05
2.59870990e+02 6.54762170e-02 -5.62820766e-03 6.97255029e-02 3.42576278e-05 5.83552838e-04 3.88199007e-05
2.62569318e+02 6.12054288e-02 -1.03518979e-02 6.04711848e-02 5.17470517e-05 6.89296372e-04 4.66595093e-05
2.65274974e+02 6.44901788e-02 -1.44827326e-02 5.52732795e-02 1.04330583e-04 3.05359916e-04 8.73371462e-05
2.67965996e+02 7.23181582e-02 -1.52456535e-02 4.57850515e-02 1.45407748e-04 4.46697840e-04 4.37608693e-05
