6.96858027e-01 6.12968442e-02 -1.41165984e-02 3.57924224e-02 2.11820425e-05 1.04521187e-04 4.00463671e-05
3.39380707e+00 7.04422714e-02 -1.31908349e-02 2.24355590e-02 5.69260159e-05 1.47461553e-04 1.63104530e-04
6.08635378e+00 6.63445064e-02 -1.70143570e-02 1.35914095e-02 7.63155784e-05 5.31657342e-05 1.93384632e-05
8.77786410e+00 6.29265573e-02 -1.41860126e-02 4.68458227e-03 2.96643677e-05 7.32115047e-05 3.18336572e-05
1.14754700e+01 5.92301549e-02 -1.23320865e-02 -2.57573353e-02 2.14565190e-05 3.85860096e-05 9.44736879e-05
1.41757403e+01 6.05585074e-02 5.45295217e-04 -4.69445941e-02 6.73315651e-05 4.12201712e-05 6.92035106e-05
1.68735091e+01 5.60924938e-02 -3.64084079e-03 -5.90166950e-02 1.22505774e-04 6.58777011e-05 1.64516579e-05
1.95724091e+01 4.82077349e-02 -1.81531161e-03 -7.22025036e-02 9.72330592e-05 5.67155096e-05 6.01092400e-05
2.22741138e+01 4.77166162e-02 4.84725189e-03 -8.00268615e-02 1.10379291e-04 3.96602264e-05 5.58339651e-05
2.49757153e+01 4.90372342e-02 -1.86671645e-04 -7.88646381e-02 4.99020587e-05 3.60341105e-05 2.85614478e-05
2.76801638e+01 5.70798689e-02 -3.15925124e-03 -7.97232776e-02 4.47242270e-05 6.36509855e-05 4.31723198e-05
3.03850560e+01 6.08617422e-02 2.22948160e-04 -6.23555498e-02 2.69849437e-05 2.70395463e-05 3.55258078e-05
3.30933278e+01 6.79867370e-02 2.76114612e-03 -5.44613428e-02 8.79360828e-05 1.04740032e-04 5.02453844e-05
3.57948513e+01 7.24595115e-02 4.71597471e-03 -5.33969868e-02 8.77223813e-05 5.71197529e-05 4.13462750e-05
3.84901388e+01 7.24588344e-02 4.02885186e-03 -5.54792568e-02 4.12101077e-05 4.30987387e-05 3.05799966e-05
4.11909794e+01 7.50247591e-02 5.77033421e-03 -6.59861706e-02 5.24580825e-05 1.38759963e-04 8.58436890e-05
4.38846857e+01 7.26610867e-02 5.76709574e-03 -6.65677961e-02 5.80445642e-05 9.73255452e-05 3.72164501e-05
4.65940388e+01 6.71228762e-02 1.08210054e-02 -6.49341220e-02 4.09018871e-05 1.66375657e-04 6.79337736e-05
4.92828450e+01 6.64275707e-02 9.97971423e-03 -5.97594265e-02 2.16413965e-05 1.63822998e-04 9.35332684e-05
5.19891982e+01 6.58220526e-02 5.93608415e-03 -6.25496052e-02 4.11104574e-05 6.74094611e-05 7.74715317e-05
5.46821669e+01 6.53347977e-02 6.20023248e-03 -6.81385293e-02 4.76078462e-05 4.49827356e-05 7.66523411e-05
5.73796028e+01 6.81341622e-02 1.04123865e-02 -6.91561131e-02 4.37137046e-05 2.11969099e-04 1.95863010e-05
6.00749107e+01 6.79958902e-02 7.29959532e-03 -6.45903146e-02 8.05892193e-06 1.74641493e-04 3.62161185e-05
6.27747310e+01 6.99558264e-02 2.62739250e-03 -6.15843870e-02 8.37549905e-05 1.62611114e-04 8.56164424e-05
6.54632841e+01 6.67045610e-02 8.82048371e-04 -6.36367381e-02 9.23266101e-05 1.10372243e-04 5.77084221e-05
6.81636841e+01 6.58977934e-02 1.93878011e-03 -6.54076535e-02 9.53500241e-05 4.98104756e-05 3.93544939e-05
7.08607200e+01 6.42789442e-02 -2.20011217e-03 -6.86345791e-02 3.92001106e-05 2.32601853e-05 6.07759782e-05
7.35569841e+01 6.80836484e-02 5.56872209e-03 -6.19378596e-02 6.42978522e-05 5.90577874e-05 7.40631814e-05
7.62614997e+01 7.40044928e-02 1.03193798e-02 -5.84952617e-02 4.55294172e-05 8.04909680e-05 1.36443507e-04
7.89556528e+01 7.56097985e-02 1.57088427e-02 -6.72957288e-02 2.76639742e-05 1.41722328e-04 7.34243733e-05
8.16569075e+01 7.40200982e-02 8.98379614e-03 -6.69565031e-02 5.98526268e-05 1.38375761e-04 4.73898917e-05
8.43587294e+01 7.38653985e-02 1.02059061e-02 -6.57440451e-02 7.78802229e-05 1.76800364e-04 4.68204391e-05
8.70569060e+01 6.76898822e-02 8.86473559e-03 -5.71459527e-02 8.92261844e-05 8.87471518e-05 2.02212091e-05
8.97622060e+01 6.36934640e-02 7.32914863e-03 -6.02217979e-02 1.02959503e-04 1.71174532e-04 5.42327733e-05
9.24709513e+01 6.57893841e-02 2.48567937e-03 -5.99220671e-02 4.57464145e-05 2.61341954e-05 9.17013007e-05
9.51823716e+01 6.27044013e-02 -1.21280316e-03 -6.41296437e-02 9.59601414e-06 9.85210064e-05 1.41921545e-05
9.78784575e+01 6.52341229e-02 -5.21041629e-03 -6.31695773e-02 6.08306080e-05 1.98001539e-04 4.66669711e-05
1.00571783e+02 6.21264268e-02 2.44269870e-03 -7.09574169e-02 3.21915957e-05 2.01620519e-04 4.69345711e-05
1.03271548e+02 5.97253259e-02 -3.40717874e-03 -7.38292370e-02 2.15254391e-05 4.31838003e-04 1.59780474e-04
1.05965158e+02 6.09189199e-02 -5.23798967e-03 -7.16873347e-02 2.53325288e-06 2.23754542e-04 3.24196458e-05
1.08671439e+02 6.64219506e-02 -1.20477576e-02 -6.45835200e-02 6.22367300e-05 1.54137409e-04 2.14398434e-05
1.11378845e+02 6.15321661e-02 -9.34815799e-03 -6.20543959e-02 7.19529331e-05 1.18660656e-04 3.98759312e-05
1.14076923e+02 7.12712161e-02 -5.87007162e-03 -5.43550279e-02 7.83197725e-05 2.01163540e-04 4.70500576e-05
1.16790111e+02 7.33237764e-02 -1.99951766e-03 -4.28187453e-02 2.67532761e-05 6.55283706e-05 4.96161004e-05
1.19492329e+02 7.89513991e-02 -2.78508961e-03 -3.66598403e-02 2.51213766e-05 1.05029461e-04 9.56745281e-05
1.22178673e+02 7.54433370e-02 -4.79182893e-03 -3.44070177e-02 7.44442134e-05 1.82198721e-05 5.84984677e-05
1.24876079e+02 7.88487088e-02 -1.12637818e-02 -2.18585237e-02 6.32469748e-05 1.89750574e-04 2.69725736e-05
1.27580720e+02 8.24314388e-02 -7.75756800e-03 -1.06216852e-02 7.57316559e-05 1.13244126e-04 9.17734669e-05
1.30278001e+02 8.61720816e-02 -8.33839594e-03 9.70776624e-03 1.07314246e-04 1.34954705e-04 1.98439524e-04
1.32970126e+02 8.33143896e-02 -1.41405835e-02 2.60484785e-02 1.07683147e-04 1.61609401e-04 7.07721456e-05
1.35667861e+02 7.88562060e-02 -7.03203113e-03 3.21743278e-02 7.08159620e-05 7.46402059e-05 5.29571394e-05
1.38367423e+02 7.24256335e-02 -6.22536704e-03 4.45892962e-02 2.85962174e-05 2.09574307e-04 2.70819070e-05
1.41056908e+02 6.11373953e-02 2.41959343e-03 5.32877695e-02 1.64960486e-05 6.55833028e-05 5.10475991e-05
1.43753892e+02 6.22861165e-02 5.64323449e-03 5.68897068e-02 1.88324737e-05 2.43052180e-04 2.41971600e-05
1.46453595e+02 6.06816888e-02 9.62470641e-03 6.50850994e-02 3.22515167e-05 1.99248326e-04 2.78921352e-05
1.49152314e+02 5.89126125e-02 5.42087639e-03 6.70151553e-02 3.36862474e-05 7.95340363e-05 3.48854724e-05
1.51855954e+02 5.89832106e-02 1.16447292e-02 6.42937068e-02 1.79840795e-04 1.01749950e-04 7.08308797e-05
1.54558126e+02 5.54237896e-02 1.81403615e-02 5.82974072e-02 3.20036605e-05 4.11017655e-05 1.39300979e-04
1.57258673e+02 5.35420717e-02 1.18664778e-02 5.74584504e-02 1.14953516e-04 1.53384536e-04 6.30061688e-05
1.59954658e+02 5.77155104e-02 9.82316051e-03 5.92541655e-02 1.19045781e-04 8.70237706e-05 9.11915236e-05
1.62654251e+02 6.27427667e-02 7.37439174e-03 5.98214734e-02 1.23709072e-04 8.27075353e-05 6.53014286e-05
1.65356267e+02 6.34205687e-02 9.50672846e-03 6.55631144e-02 3.75533144e-05 2.66666884e-05 5.43419888e-05
1.68062189e+02 6.89764187e-02 4.70423423e-03 6.33750241e-02 8.75965969e-05 9.68257844e-05 2.63878467e-05
1.70771876e+02 7.20528938e-02 6.14465880e-03 6.43299425e-02 2.53899017e-05 8.17119981e-05 1.22716564e-04
1.73454517e+02 6.95262699e-02 5.53398842e-03 6.56267485e-02 8.86139206e-05 4.32147984e-05 4.90924025e-05
1.76163173e+02 6.75374588e-02 3.91528318e-03 6.18064598e-02 3.65879061e-05 1.84646402e-04 9.10675361e-05
1.78863564e+02 7.13884427e-02 -2.94596819e-04 5.79474732e-02 4.24600064e-05 1.93729834e-04 3.01107032e-05
1.81561033e+02 6.78305721e-02 -7.95864599e-03 6.08931212e-02 1.31901818e-04 1.35561200e-04 3.41944895e-05
1.84258126e+02 6.69717234e-02 -8.56188442e-03 5.68481933e-02 5.04887483e-05 1.21389677e-04 4.68823090e-05
1.86953079e+02 6.62937672e-02 -9.12926442e-03 6.03788781e-02 7.06492739e-05 2.87150487e-05 1.48693740e-04
1.89647564e+02 6.70235499e-02 -8.14036103e-03 6.45719988e-02 1.56954169e-05 2.55911645e-04 4.11080863e-05
1.92340892e+02 6.53644233e-02 -4.50728434e-03 7.03808567e-02 4.23905391e-05 4.47835158e-05 3.85345022e-05
1.95041908e+02 6.16971579e-02 -1.71966726e-03 6.31542182e-02 1.93953826e-04 6.04318575e-05 6.10285837e-05
1.97743033e+02 6.46223008e-02 -2.61291350e-03 6.71840685e-02 5.69516467e-05 8.09138572e-05 1.45056543e-04
2.00437923e+02 6.22738394e-02 -3.00463963e-04 6.37857555e-02 8.49028911e-05 8.77634326e-05 3.80390757e-05
2.03130267e+02 5.71856882e-02 2.25697890e-03 6.24841683e-02 4.13438826e-05 5.10461810e-05 6.96847761e-05
2.05828954e+02 4.89708333e-02 -3.92438746e-03 6.19961079e-02 8.38127096e-05 5.51914539e-05 3.86053954e-05
2.08526236e+02 5.22942325e-02 -4.47422492e-03 6.17650469e-02 2.84628093e-05 1.04886097e-04 5.51833020e-05
2.11227517e+02 5.94635002e-02 -4.73934441e-03 6.55445400e-02 2.92986620e-05 6.56136860e-05 8.67620205e-05
2.13921658e+02 6.19241014e-02 -1.18621956e-04 6.94300606e-02 4.72129882e-05 1.01889844e-04 8.74404842e-05
2.16623720e+02 6.52484725e-02 -4.68247547e-03 6.32160769e-02 3.72011929e-05 9.11937585e-05 1.25007689e-05
2.19318986e+02 6.06844463e-02 -9.22843936e-03 6.45107309e-02 4.32063813e-05 6.70606983e-05 6.81012307e-05
2.22017204e+02 6.15926264e-02 -6.02500172e-03 7.14782087e-02 5.45606780e-05 1.68681420e-04 9.89485220e-05
2.24721845e+02 5.86203159e-02 -8.90673663e-03 7.41721744e-02 2.28682447e-05 7.81506783e-05 1.20140622e-04
2.27426845e+02 5.70910927e-02 -1.03593574e-02 7.50865131e-02 5.49702907e-05 5.48127683e-05 2.54387528e-05
2.30128095e+02 5.92394362e-02 -6.26897916e-03 7.86197347e-02 5.36949618e-05 2.80698650e-04 6.25914875e-05
2.32834595e+02 5.90762844e-02 -4.10227321e-03 7.55756298e-02 6.57627529e-05 1.55719945e-04 9.13782933e-05
2.35530501e+02 6.25477792e-02 -5.88324712e-03 6.52306007e-02 3.51113945e-05 1.02652919e-04 1.33221574e-04
2.38238939e+02 6.62476671e-02 -1.05314403e-02 5.66876639e-02 3.92407712e-05 6.20994347e-05 3.64629106e-05
2.40940454e+02 7.16657904e-02 -7.72119209e-03 5.98449043e-02 3.54703943e-05 1.30193846e-04 4.43748651e-05
2.43642611e+02 7.06286176e-02 -6.49436461e-03 5.27053358e-02 1.35385273e-05 1.54790998e-04 8.26929734e-05
2.46345329e+02 6.95224701e-02 -1.36513361e-02 5.35607642e-02 5.87053780e-05 2.63914242e-04 6.80913939e-05
2.49047314e+02 6.42766509e-02 -8.44207557e-03 5.94703416e-02 4.90842208e-05 4.87320219e-04 8.50862023e-05
2.51757204e+02 5.88632195e-02 -9.13706798e-03 7.28064989e-02 4.71443756e-05 5.87016971e-04 6.43237750e-05
2.54457783e+02 5.61004322e-02 -6.60914402e-03 6.72066263e-02 5.91721922e-05 3.26523283e-04 5.45815260e-05
2.57164642e+02 4.89407804e-02 -8.62804007e-03 6.79174396e-02 9.13840122e-05 4.42045331e-04 8.30447315e-05
2.59867283e+02 5.11813938e-02 -1.84691354e-02 6.20775932e-02 3.15292382e-05 1.64468372e-04 5.59581254e-05
2.62571642e+02 5.58423899e-02 -1.61009556e-02 6.39775584e-02 3.73938338e-05 1.13094768e-04 1.08182914e-04
2.65269376e+02 5.52433176e-02 -1.59807495e-02 5.58777635e-02 6.76787278e-05 1.05984417e-04 7.51562374e-05
2.67966103e+02 5.29579572e-02 -1.46342840e-02 4.91002683e-02 1.16723806e-05 3.91476822e-05 3.40756192e-05
