6.91562722e-01 6.51056378e-02 -2.17856004e-02 4.20443979e-02 4.51080262e-05 9.59051161e-05 1.10740974e-04
3.38740231e+00 6.63125126e-02 -1.95226294e-02 3.23459456e-02 3.59151813e-05 6.87789292e-05 5.43531493e-05
6.08278293e+00 7.24580919e-02 -1.44739935e-02 1.06387131e-02 1.62428322e-05 5.63655417e-05 5.99166880e-05
8.77935715e+00 7.90389113e-02 -1.37362295e-02 -5.21831197e-03 6.88821713e-05 6.93210028e-05 1.79504865e-04
1.14676181e+01 7.52390447e-02 -8.81777160e-03 -2.74531995e-02 1.26325725e-04 1.01367349e-04 7.92041394e-05
1.41580931e+01 6.70775924e-02 -1.11924353e-02 -4.34631540e-02 5.40625502e-05 1.34957269e-04 2.01502214e-05
1.68599259e+01 6.15518067e-02 -1.09939807e-03 -6.35386448e-02 1.54323673e-05 9.51135679e-05 1.37502543e-04
1.95642197e+01 6.12998808e-02 -3.13238242e-03 -6.20909381e-02 9.74116354e-05 1.06651495e-04 3.55533479e-05
2.22715900e+01 6.12563775e-02 2.51316695e-04 -6.29940909e-02 4.94514569e-05 6.48105194e-05 6.14463989e-05
2.49797525e+01 6.86845870e-02 4.40531363e-04 -6.36463411e-02 6.03506758e-05 5.11158939e-05 2.93587613e-05
2.76863868e+01 6.95355274e-02 5.31058487e-03 -5.43170627e-02 5.66193013e-05 3.29235324e-05 5.49251892e-05
3.03902290e+01 6.90324155e-02 1.96506665e-03 -5.90862028e-02 3.90372711e-05 7.76989325e-05 2.66297977e-05
3.30959650e+01 6.88757017e-02 2.42158015e-04 -6.46234197e-02 8.97673006e-05 1.49853556e-04 1.03008993e-04
3.58006853e+01 6.68151666e-02 -1.03981425e-03 -6.33757932e-02 1.00133612e-04 3.08253769e-05 3.45870284e-05
3.84977868e+01 6.52843883e-02 9.69295178e-04 -5.94985145e-02 3.32078040e-05 1.44075423e-04 4.34644077e-05
4.11895025e+01 5.86280629e-02 5.09614958e-03 -5.42167694e-02 7.33456415e-05 1.43171767e-04 7.36896244e-05
4.38839368e+01 5.97821520e-02 9.07743820e-03 -5.96040408e-02 6.51776086e-05 7.35653178e-05 3.03032652e-05
4.65816556e+01 6.23041232e-02 5.15914893e-03 -6.04186960e-02 2.02832550e-05 9.35744867e-05 5.80085297e-05
4.92789165e+01 6.67044200e-02 5.36699721e-03 -6.55932122e-02 3.25430284e-05 1.42694304e-04 7.64831358e-05
5.19721306e+01 7.04208003e-02 1.03657680e-02 -6.61947171e-02 2.28353853e-05 1.51904735e-04 3.66520351e-05
5.46751040e+01 7.12142141e-02 7.09015002e-03 -6.45253858e-02 3.38471387e-05 3.21877448e-04 5.12289608e-05
5.73814634e+01 6.37291274e-02 4.15214435e-03 -6.29744815e-02 3.54797970e-05 1.56114278e-04 2.65252809e-05
6.00735322e+01 6.49366967e-02 4.07283080e-03 -6.28831791e-02 6.70250045e-05 9.41267546e-05 1.04523997e-04
6.27815743e+01 6.99000443e-02 7.19975710e-03 -6.56634548e-02 1.33450727e-04 9.77811782e-05 8.65582225e-05
6.54773915e+01 6.68924477e-02 8.47275026e-03 -6.22531684e-02 8.64816111e-05 8.19250952e-05 8.55451204e-05
6.81692837e+01 6.44914397e-02 6.10092278e-03 -6.48793951e-02 5.17200019e-05 1.59722635e-04 4.34598586e-05
7.08621822e+01 6.62977956e-02 1.10767838e-02 -6.88150999e-02 3.33551760e-05 1.89161847e-04 6.19032545e-05
7.35560103e+01 6.66439382e-02 5.54103754e-03 -7.24424959e-02 2.05179026e-05 1.07051078e-04 6.53767076e-05
7.62545931e+01 5.99107772e-02 3.30999920e-03 -6.92804556e-02 3.20403114e-05 7.36329491e-05 1.96175003e-04
7.89454650e+01 6.25079437e-02 -1.51548115e-05 -5.94212949e-02 7.44114001e-05 3.86632533e-05 1.27344960e-04
8.16498790e+01 6.60241130e-02 5.40570475e-03 -5.74755111e-02 1.55623866e-05 3.78385761e-05 2.25476189e-05
8.43580665e+01 6.26547571e-02 4.21071264e-03 -6.52125070e-02 4.27459937e-05 7.18135299e-05 3.06000236e-05
8.70650509e+01 6.44389812e-02 6.80533423e-03 -7.07455615e-02 1.13631675e-04 7.32222918e-05 3.69555020e-05
8.97628072e+01 6.71261144e-02 5.98138743e-03 -7.50265928e-02 5.70544274e-05 1.16228363e-04 1.94768814e-05
9.24652368e+01 6.26718363e-02 7.37169811e-03 -7.06938928e-02 9.03184642e-05 1.55017691e-04 5.78098308e-05
9.51631009e+01 6.37408145e-02 7.02834571e-03 -7.28067322e-02 7.42966240e-05 8.94164061e-05 1.00853746e-04
9.78615962e+01 6.03708519e-02 5.17531961e-03 -7.10239024e-02 3.94406979e-05 1.32433979e-04 8.34326952e-05
1.00561893e+02 6.34880715e-02 -2.52381221e-03 -6.72209127e-02 4.98316244e-05 6.82172009e-05 1.26565862e-05
1.03269534e+02 6.72634803e-02 -2.00593751e-03 -5.37967304e-02 9.43025097e-06 7.60289333e-05 1.08524835e-04
1.05978502e+02 5.41562695e-02 -6.08556374e-03 -5.13932526e-02 4.26989885e-05 6.11704580e-05 1.24547543e-05
1.08675674e+02 6.01314473e-02 -3.37727521e-03 -5.62121540e-02 3.04002655e-05 1.18311110e-04 2.32092162e-05
1.11381362e+02 6.95475016e-02 -4.27081378e-03 -5.16913026e-02 1.52094053e-05 8.78475888e-05 5.76649992e-05
1.14077518e+02 7.32965947e-02 -6.31997796e-03 -4.67085178e-02 3.00784466e-05 3.26131604e-05 7.38702006e-05
1.16782471e+02 7.27321572e-02 -1.00311940e-02 -5.37742609e-02 3.08092986e-05 1.79377138e-04 6.19893564e-05
1.19478346e+02 7.85295424e-02 -1.20053107e-02 -4.87866343e-02 5.61857551e-05 1.15239645e-04 4.76274913e-05
1.22178456e+02 8.20892014e-02 -5.86337923e-03 -4.07729805e-02 6.78421291e-05 1.03578671e-04 7.15512616e-05
1.24878315e+02 8.32983112e-02 -6.86713974e-03 -2.46737025e-02 3.90140636e-05 3.96976911e-05 6.62173354e-05
1.27573112e+02 8.29359326e-02 -1.06679638e-02 -3.11304798e-03 7.01832343e-05 1.17666400e-04 3.97916484e-05
1.30265096e+02 7.51231351e-02 -1.08376598e-02 6.46886359e-03 6.87933179e-05 3.45716817e-04 1.06376377e-04
1.32964565e+02 7.98237192e-02 -5.99679667e-03 2.05970301e-02 4.75242009e-05 1.79852700e-04 5.95439281e-05
1.35662127e+02 7.41269736e-02 -1.93289489e-03 3.70581331e-02 5.18072421e-05 2.70300245e-04 4.38188115e-05
1.38355159e+02 7.94341169e-02 2.08803475e-03 5.26929066e-02 5.04716876e-05 1.35935268e-04 2.88419740e-05
1.41065518e+02 7.37893777e-02 4.27484586e-03 5.94009578e-02 2.34729290e-05 1.54900333e-04 9.58023424e-05
1.43771362e+02 6.50890102e-02 6.74364882e-03 6.11884653e-02 3.88905179e-05 4.62292404e-05 4.04296029e-05
1.46479768e+02 6.42527391e-02 1.05840094e-02 5.74771631e-02 1.31491169e-05 1.13219758e-04 2.55252082e-05
1.49176393e+02 6.85930389e-02 1.69452474e-02 6.03745792e-02 8.05286608e-05 4.60800949e-05 7.05462665e-05
1.51878221e+02 7.09151807e-02 1.56333960e-02 5.26897498e-02 9.13192906e-05 1.19744589e-05 1.37079439e-04
1.54576596e+02 7.11073940e-02 1.20312650e-02 5.66408835e-02 4.61128137e-05 7.08048062e-05 3.50014135e-05
1.57270362e+02 7.20604214e-02 1.36972729e-02 5.56281357e-02 3.59797336e-05 3.46180733e-04 4.28618832e-05
1.59975096e+02 5.74238416e-02 1.32793053e-02 6.05603996e-02 6.72209789e-05 6.99922295e-05 8.48534538e-05
1.62667752e+02 5.33991852e-02 8.40611167e-03 5.80795423e-02 7.72645584e-05 2.03820832e-04 6.61702980e-05
1.65362174e+02 5.82281812e-02 4.21235543e-03 5.97074623e-02 2.87011352e-05 1.93087175e-04 1.05270604e-04
1.68059815e+02 5.86461429e-02 3.57349884e-03 5.91264696e-02 4.78209385e-05 2.64566719e-04 4.40391705e-05
1.70756581e+02 6.05017658e-02 -2.17419768e-03 5.84016321e-02 2.98223445e-05 1.61649644e-04 2.60823639e-05
1.73449721e+02 6.77273344e-02 -4.29796163e-03 6.02376375e-02 1.86615998e-05 7.28421461e-05 9.79631165e-06
1.76156002e+02 6.29621190e-02 -7.82832950e-03 6.73493042e-02 5.94023366e-05 2.02803413e-04 1.35205850e-05
1.78857690e+02 6.03923356e-02 -7.62897297e-03 6.47355227e-02 9.80738039e-05 1.32296060e-04 6.49050733e-06
1.81559424e+02 6.30252765e-02 -1.08276043e-03 7.33395051e-02 7.03683507e-05 3.62228320e-04 2.97287210e-05
1.84262065e+02 6.71079359e-02 -9.23043954e-04 6.78716570e-02 6.25005403e-05 3.05765666e-04 8.38718086e-05
1.86958471e+02 6.37083784e-02 2.72970314e-03 6.95298797e-02 3.23147742e-05 2.29568696e-04 7.81144423e-05
1.89656956e+02 5.98577767e-02 4.65327264e-03 6.70792729e-02 1.91983102e-05 1.94979560e-04 8.90177325e-06
1.92349690e+02 5.52383571e-02 1.31879479e-03 7.37228707e-02 5.60447557e-05 5.06170668e-05 3.32807024e-05
1.95045096e+02 4.97392578e-02 2.11836224e-03 7.55166061e-02 2.69103381e-04 6.76635550e-05 4.10114570e-05
1.97736659e+02 5.39403535e-02 8.12493418e-03 7.03236877e-02 9.67977413e-05 8.29872655e-05 9.12863822e-05
2.00439518e+02 5.50348196e-02 2.95716756e-03 6.62791371e-02 1.32665049e-04 1.80068827e-05 4.36649532e-05
2.03141377e+02 7.17915416e-02 -1.83305808e-03 5.93608558e-02 5.22107755e-05 6.03511348e-05 7.28076004e-05
2.05836956e+02 7.67479449e-02 2.62284996e-03 6.52105901e-02 4.51692771e-05 1.41449027e-04 4.26162053e-05
2.08532815e+02 7.82432317e-02 4.52604364e-03 6.04539824e-02 1.28702622e-05 2.10306078e-05 3.50843906e-05
2.11222440e+02 6.94999885e-02 4.95735606e-03 5.82409378e-02 3.49708069e-05 1.81821320e-05 1.81803533e-05
2.13919690e+02 6.52949004e-02 -6.99914322e-04 6.09297896e-02 8.42514968e-05 5.58168992e-05 1.00637399e-04
2.16616784e+02 6.97909745e-02 4.67745613e-03 7.07522271e-02 5.10453264e-05 1.49637143e-05 1.09421678e-05
2.19315268e+02 5.96506886e-02 6.11396399e-03 7.63013800e-02 2.19742461e-05 6.27376570e-05 3.90519857e-05
2.22021018e+02 5.63798167e-02 2.30087168e-04 8.02716397e-02 3.39484860e-05 9.41421809e-05 3.82361592e-05
2.24722018e+02 4.62091754e-02 2.39812251e-03 7.89832848e-02 6.07562344e-05 2.35789475e-04 5.12880725e-05
2.27427721e+02 4.57019988e-02 2.00061656e-03 7.73293919e-02 8.67227997e-05 3.46315205e-04 4.14400974e-05
2.30128034e+02 4.43526934e-02 -3.48741897e-03 6.78048018e-02 8.51049045e-05 3.21559351e-04 5.56706591e-05
2.32843221e+02 5.17905034e-02 -7.25634105e-03 6.98687401e-02 5.65194587e-05 1.86471125e-04 2.19262211e-04
2.35543362e+02 4.94072465e-02 -5.15033944e-03 7.48208690e-02 5.63481321e-05 1.05763687e-04 3.04888691e-05
2.38242206e+02 5.10071036e-02 -5.87529485e-03 7.68384405e-02 6.25323394e-05 2.07596174e-04 1.03640019e-04
2.40945456e+02 5.20409978e-02 -1.03886118e-02 7.26372622e-02 4.83796539e-05 1.30444797e-04 1.74692907e-05
2.43637346e+02 4.97980709e-02 -1.45271174e-02 7.09886285e-02 2.51797174e-05 5.05216652e-04 1.36551227e-05
2.46346487e+02 4.44098895e-02 -9.22852729e-03 7.54871073e-02 7.53524869e-05 2.85298274e-04 2.84697988e-05
2.49041299e+02 4.87337254e-02 -1.51160264e-02 6.83747554e-02 4.61805694e-05 2.45985488e-04 9.56426517e-05
2.51749424e+02 4.69990412e-02 -2.07715675e-02 6.59923248e-02 8.61487804e-05 2.35900210e-04 8.72534098e-05
2.54450456e+02 4.45735504e-02 -2.03985625e-02 6.42704502e-02 5.27930926e-05 1.38226259e-04 4.55648167e-05
2.57153502e+02 5.03463995e-02 -1.72775405e-02 6.97610391e-02 3.57365665e-05 3.19377843e-05 5.90857227e-05
2.59852940e+02 5.42688646e-02 -9.06308001e-03 6.68500355e-02 3.09963342e-05 4.53365985e-05 3.70852274e-05
2.62563549e+02 5.42929837e-02 -1.09302247e-02 7.22755640e-02 7.02861830e-05 9.04773568e-05 5.45292885e-05
2.65267815e+02 6.35093659e-02 -1.06137629e-02 6.89342566e-02 6.70550775e-05 5.39017758e-05 1.99554641e-05
2.67966294e+02 6.83456257e-02 -1.45478657e-02 6.11780789e-02 7.00921091e-05 8.01941107e-05 4.02357408e-05
