6.90406409e-01 6.60919125e-02 -2.24135124e-02 4.69425262e-02 4.95053582e-05 4.96680476e-05 1.08452368e-04
3.38280437e+00 6.87297658e-02 -1.69524933e-02 3.42992256e-02 6.14890016e-05 5.00338898e-05 5.80132947e-05
6.08356812e+00 7.34502714e-02 -1.52431023e-02 7.82594916e-03 2.89245680e-05 8.34652324e-05 7.34719109e-05
8.77934922e+00 7.92793409e-02 -1.30473830e-02 -8.99931284e-03 8.81097789e-05 9.65986471e-05 1.73054263e-04
1.14677100e+01 7.80954511e-02 -1.02524353e-02 -2.78724227e-02 1.39069785e-04 6.89221884e-05 1.12813382e-04
1.41584725e+01 6.96189027e-02 -9.59781881e-03 -4.42354735e-02 7.19225345e-05 1.55622512e-04 1.39665484e-05
1.68559444e+01 6.34328175e-02 -2.99068781e-03 -6.23443376e-02 2.96755741e-05 8.95126658e-05 1.34892046e-04
1.95626522e+01 6.29161428e-02 -4.85757186e-03 -6.04278769e-02 8.46335743e-05 7.92316766e-05 5.47150421e-05
2.22739897e+01 6.76915218e-02 1.34287749e-03 -6.10619954e-02 3.15172403e-05 6.24568524e-05 6.60484668e-05
2.49801834e+01 7.13162843e-02 1.07218657e-03 -6.01355641e-02 6.99922922e-05 6.32236495e-05 2.67128036e-05
2.76878412e+01 7.10282487e-02 5.81135971e-03 -5.51530539e-02 4.77816807e-05 3.48523883e-05 6.80772474e-05
3.03910819e+01 6.83182040e-02 1.83926272e-03 -6.06673596e-02 3.54653550e-05 9.68302824e-05 2.70990957e-05
3.30952241e+01 7.02811087e-02 -6.13329128e-04 -6.53769301e-02 6.67073427e-05 1.39110052e-04 8.49269689e-05
3.57983209e+01 6.57297635e-02 -1.32470431e-03 -6.67196261e-02 6.14185581e-05 4.29790760e-05 4.74504109e-05
3.84974897e+01 6.17286867e-02 3.82571087e-04 -5.97092776e-02 4.27845750e-05 1.50194351e-04 3.08574433e-05
4.11913131e+01 5.65135911e-02 5.50998427e-03 -5.51873668e-02 5.63750788e-05 1.44910063e-04 5.26109858e-05
4.38895194e+01 6.11261732e-02 8.53585111e-03 -5.90585463e-02 4.64090063e-05 5.77326555e-05 4.24622486e-05
4.65830819e+01 6.42338471e-02 3.88922125e-03 -6.05696651e-02 3.17141504e-05 1.50826757e-04 4.15542125e-05
4.92789522e+01 6.39320842e-02 4.86649258e-03 -6.59244093e-02 1.66508404e-05 1.60394053e-04 7.66569062e-05
5.19714491e+01 6.80959317e-02 6.64353572e-03 -6.63601606e-02 2.16911968e-05 1.42441142e-04 2.54621638e-05
5.46738647e+01 6.69085332e-02 5.95399212e-03 -6.22435074e-02 6.87102264e-05 2.65770926e-04 5.06044787e-05
5.73754788e+01 6.35696737e-02 5.37971892e-03 -6.00641013e-02 3.06812376e-05 9.58480249e-05 2.62870765e-05
6.00751787e+01 6.40155056e-02 3.66106044e-03 -6.14623679e-02 1.07066445e-04 5.88960371e-05 8.39808574e-05
6.27791491e+01 6.87186959e-02 6.26682868e-03 -6.83113253e-02 1.11807481e-04 8.57165486e-05 6.36666191e-05
6.54731725e+01 6.51688265e-02 8.64718217e-03 -6.26125799e-02 1.04627627e-04 8.32752878e-05 7.65289546e-05
6.81665084e+01 6.46484540e-02 8.19963668e-03 -6.22539445e-02 6.67667667e-05 1.67972159e-04 5.05278956e-05
7.08589991e+01 6.70794587e-02 1.05622599e-02 -6.81196746e-02 6.50223757e-05 1.86397273e-04 4.97859393e-05
7.35539256e+01 6.54852927e-02 6.30541117e-03 -7.13675097e-02 2.67381362e-05 1.24763664e-04 4.17143030e-05
7.62558194e+01 5.73709123e-02 2.88140684e-04 -6.85310435e-02 4.50732934e-05 6.23574932e-05 2.08987406e-04
7.89458944e+01 5.94930092e-02 -1.33347639e-03 -5.88631821e-02 1.14446149e-04 5.01725293e-05 1.16659887e-04
8.16487803e+01 6.29393787e-02 4.71917366e-03 -5.95974512e-02 1.88531941e-05 3.36655739e-05 2.74185623e-05
8.43583522e+01 6.07174767e-02 1.10472771e-03 -6.42177104e-02 4.29528443e-05 7.57427663e-05 3.96055065e-05
8.70625366e+01 6.08562877e-02 5.73318625e-03 -7.23540053e-02 9.81782439e-05 7.32633415e-05 4.73339758e-05
8.97584100e+01 6.63832587e-02 5.24132078e-03 -7.60502125e-02 7.47895815e-05 9.69519025e-05 2.19923916e-05
9.24602147e+01 6.18806643e-02 7.18625007e-03 -7.04898874e-02 5.87677093e-05 1.77791049e-04 4.19823866e-05
9.51604069e+01 6.33319282e-02 8.42010661e-03 -7.14167639e-02 5.05907676e-05 1.05110664e-04 8.75014436e-05
9.78575491e+01 6.08176285e-02 4.64109086e-03 -7.18988484e-02 3.56376789e-05 8.62851784e-05 1.13242767e-04
1.00563593e+02 6.35638665e-02 -1.87193600e-03 -6.74408023e-02 4.30982557e-05 5.62886795e-05 1.48181029e-05
1.03270390e+02 6.80930352e-02 -4.26592372e-03 -5.23130624e-02 6.84296404e-06 6.55540032e-05 9.16025503e-05
1.05977843e+02 5.53249008e-02 -5.47268814e-03 -5.14503588e-02 4.21932532e-05 3.93676731e-05 1.28080961e-05
1.08676468e+02 6.38571840e-02 -9.87325026e-04 -5.51654059e-02 4.44009223e-05 8.94014535e-05 2.51649297e-05
1.11378296e+02 6.93630346e-02 -2.28896992e-03 -5.27893685e-02 3.52701488e-05 5.41541107e-05 9.65337185e-05
1.14076983e+02 7.13108728e-02 -7.62657689e-03 -4.86162164e-02 2.44091624e-05 4.18472357e-05 7.47802065e-05
1.16777796e+02 7.00253844e-02 -1.10259381e-02 -5.49922351e-02 4.39929185e-05 2.22788837e-04 8.04417945e-05
1.19475421e+02 7.83852364e-02 -1.28393685e-02 -5.02891192e-02 6.61916028e-05 9.37589891e-05 4.66104087e-05
1.22175702e+02 7.93821150e-02 -4.59180609e-03 -3.84867699e-02 4.92202474e-05 7.44601111e-05 7.46140189e-05
1.24873687e+02 8.50371309e-02 -8.79946963e-03 -2.34930128e-02 2.41665473e-05 4.76101400e-05 6.58549798e-05
1.27571733e+02 8.34196294e-02 -9.42626251e-03 -5.06453196e-03 6.35171183e-05 9.08505118e-05 4.67549598e-05
1.30264233e+02 7.64622038e-02 -8.58756132e-03 3.46801614e-03 5.63873607e-05 3.67858715e-04 4.32492672e-05
1.32961171e+02 7.83763833e-02 -6.03037538e-03 2.22435374e-02 1.53031266e-05 1.78808565e-04 3.86420832e-05
1.35658905e+02 7.32590260e-02 3.05153542e-04 3.80724572e-02 3.09745112e-05 2.38579100e-04 6.45672215e-05
1.38355155e+02 7.84734818e-02 8.91097516e-04 5.17704771e-02 4.24152769e-05 1.68810750e-04 1.95586819e-05
1.41065140e+02 7.33484758e-02 5.32955548e-03 5.69690659e-02 1.22671210e-05 1.88059731e-04 1.22715797e-04
1.43766749e+02 6.49872800e-02 7.45028649e-03 6.31408029e-02 2.27916952e-05 6.98659579e-05 4.47791693e-05
1.46474608e+02 6.80567426e-02 9.52985849e-03 5.99939786e-02 1.19853358e-05 1.15014635e-04 4.11807285e-05
1.49175983e+02 7.05297866e-02 1.63871668e-02 5.89159235e-02 1.16780824e-04 2.71997752e-05 6.01538362e-05
1.51876171e+02 7.06613427e-02 1.54539876e-02 5.37636322e-02 6.70848166e-05 9.23218160e-06 9.90086717e-05
1.54574921e+02 7.14802378e-02 1.07852893e-02 5.43683310e-02 7.01346411e-05 8.52570033e-05 3.68875073e-05
1.57270640e+02 7.09654454e-02 1.33268321e-02 5.42652020e-02 1.91528731e-05 3.78371942e-04 4.70661468e-05
1.59974546e+02 5.87873343e-02 1.18888035e-02 6.01542643e-02 9.53619762e-05 8.78403331e-05 7.09897111e-05
1.62668499e+02 5.37152878e-02 6.73494434e-03 5.57190625e-02 1.71103821e-04 2.11927540e-04 3.54822621e-05
1.65359452e+02 5.84787761e-02 4.53480288e-03 5.99690950e-02 5.13584397e-05 1.26708082e-04 1.13528794e-04
1.68059812e+02 5.94857154e-02 3.05814672e-03 6.19415219e-02 6.85207367e-05 2.95084626e-04 5.82290907e-05
1.70756343e+02 5.83543511e-02 -3.87646184e-03 5.73041631e-02 3.54114921e-05 1.65807349e-04 3.40664461e-05
1.73446671e+02 6.58727005e-02 -4.27376059e-03 5.99804312e-02 1.59052958e-05 1.26179240e-04 1.76474656e-05
1.76151905e+02 6.36636577e-02 -9.55437359e-03 6.88633491e-02 3.04350218e-05 1.86271793e-04 5.84208803e-06
1.78856874e+02 6.07818173e-02 -5.86720723e-03 6.81030360e-02 3.01265281e-05 9.72615817e-05 1.24794796e-05
1.81556327e+02 6.13786780e-02 -7.55132949e-04 7.37750857e-02 9.31851457e-05 3.44213558e-04 3.31090981e-05
1.84258593e+02 6.64848138e-02 -4.30108464e-04 6.85745271e-02 4.35873986e-05 2.84964762e-04 6.46852610e-05
1.86952515e+02 6.25025467e-02 3.43970727e-03 7.01737630e-02 5.00871398e-05 2.22593922e-04 7.05569450e-05
1.89647687e+02 5.89584789e-02 5.91187290e-03 6.85004062e-02 2.12325540e-05 2.05489009e-04 6.49822807e-06
1.92347749e+02 5.65338411e-02 2.48974282e-03 7.24991452e-02 5.09683843e-05 3.65085971e-05 3.20901362e-05
1.95039218e+02 5.00996939e-02 3.35438337e-03 7.53184231e-02 2.47207538e-04 5.46099417e-05 4.05493576e-05
1.97736280e+02 5.31275548e-02 8.14581411e-03 7.09122212e-02 5.40730251e-05 5.42132518e-05 9.36222406e-05
2.00441015e+02 5.61528543e-02 3.51391119e-03 6.72919007e-02 1.06265871e-04 1.83640843e-05 4.45807600e-05
2.03139015e+02 7.30370506e-02 -1.61998159e-03 6.13618380e-02 3.44132636e-05 4.42381065e-05 4.53497772e-05
2.05832562e+02 8.07418482e-02 4.05944280e-03 6.38954961e-02 5.62343137e-05 1.96816631e-04 3.73451955e-05
2.08526655e+02 8.07257322e-02 5.78541455e-03 6.29244203e-02 1.48187376e-05 6.88186049e-06 4.37490321e-05
2.11218999e+02 7.14452922e-02 5.12438992e-03 5.69926204e-02 2.57528993e-05 1.77600766e-05 2.52467312e-05
2.13917905e+02 6.72129854e-02 -9.72863114e-04 6.21481650e-02 3.50964337e-05 5.22461580e-05 8.13558767e-05
2.16611687e+02 6.71837259e-02 5.77683050e-03 6.93414336e-02 3.53480809e-05 4.32299231e-05 8.49868582e-06
2.19315655e+02 5.73832218e-02 6.82429322e-03 7.54751300e-02 1.52854078e-05 5.59960341e-05 5.67444137e-05
2.22018421e+02 5.64643845e-02 2.11215270e-03 7.82317155e-02 2.71873203e-05 1.18814082e-04 7.08524938e-05
2.24719046e+02 4.56759205e-02 3.48763096e-03 7.59951445e-02 8.18104991e-05 2.60117360e-04 7.11364299e-05
2.27425983e+02 4.58750049e-02 2.83184564e-03 7.40435803e-02 9.18652600e-05 3.02004475e-04 7.77390454e-05
2.30123015e+02 4.44386590e-02 -1.37148828e-03 6.72885246e-02 8.36950687e-05 3.69294700e-04 3.84561448e-05
2.32836905e+02 5.24148590e-02 -8.59228299e-03 7.16389034e-02 7.51611820e-05 2.32218141e-04 2.55752143e-04
2.35539890e+02 5.01426456e-02 -4.35976548e-03 7.41357197e-02 6.03481545e-05 1.31937467e-04 4.81333185e-05
2.38237796e+02 4.91161761e-02 -6.14815540e-03 7.68246793e-02 6.13160956e-05 2.00379680e-04 7.99002570e-05
2.40943390e+02 4.70318034e-02 -9.31798581e-03 7.47712713e-02 5.38845317e-05 1.75767692e-04 1.86789883e-05
2.43634905e+02 4.67592319e-02 -1.38004385e-02 7.22482246e-02 3.24670520e-05 5.05389179e-04 1.86809742e-05
2.46340812e+02 4.20230462e-02 -9.08642630e-03 7.76894964e-02 6.54508857e-05 3.39507806e-04 2.30135960e-05
2.49039124e+02 4.80638943e-02 -1.56358325e-02 7.03340857e-02 7.19343855e-05 2.45205885e-04 6.42459620e-05
2.51744749e+02 4.65262162e-02 -2.08283778e-02 6.72780350e-02 1.14298257e-04 2.78076437e-04 4.60884591e-05
2.54447030e+02 4.55793727e-02 -2.00452503e-02 6.29076888e-02 3.45609161e-05 1.86776548e-04 4.53478780e-05
2.57150218e+02 5.11400655e-02 -1.76325640e-02 6.95078477e-02 1.96937181e-05 3.96593703e-05 8.26646825e-05
2.59848858e+02 5.55032266e-02 -8.91293377e-03 6.83294277e-02 3.36820759e-05 5.32084496e-05 6.22659495e-05
2.62557452e+02 5.58284250e-02 -1.11979352e-02 7.42661826e-02 1.04382416e-04 7.78816591e-05 6.45927216e-05
2.65257265e+02 6.43681833e-02 -1.04739411e-02 6.78250314e-02 6.68511433e-05 5.57253276e-05 1.84420221e-05
2.67960390e+02 7.06184668e-02 -1.40760322e-02 6.16428130e-02 8.61073740e-05 7.09633009e-05 4.51164667e-05
