6.49400017e-01 7.04643998e-02 -1.14454315e-02 -6.89745465e-03 7.72672630e-05 6.70970780e-05 1.54843901e-04
3.34732470e+00 6.77231347e-02 -1.35089212e-02 -1.41371393e-02 9.46097184e-05 5.71793650e-05 1.33048167e-04
6.04210970e+00 6.90718641e-02 -1.61742105e-02 -1.97790836e-02 1.29316511e-05 1.82728724e-04 6.49209020e-05
8.74174610e+00 7.14910880e-02 -1.03887170e-02 -3.59990575e-02 8.98350400e-05 9.29710796e-05 6.55924840e-05
1.14446941e+01 6.37746136e-02 -4.54588934e-03 -5.96487499e-02 4.91516515e-05 2.07182232e-04 1.25301138e-05
1.41426003e+01 6.32263222e-02 -1.07818624e-02 -7.29082993e-02 3.76057914e-05 9.97990973e-05 6.50869538e-05
1.68462644e+01 6.14586839e-02 -6.70676037e-04 -6.61710865e-02 8.47769889e-05 1.25212147e-04 2.85975078e-05
1.95462972e+01 5.94946221e-02 -6.54715607e-03 -6.73888223e-02 3.10906419e-05 6.27578300e-05 7.57626926e-05
2.22500972e+01 5.86507707e-02 -5.52267782e-03 -6.45523026e-02 6.93354562e-05 1.23356440e-04 2.53851331e-05
2.49537941e+01 6.51488977e-02 -6.77241089e-03 -6.74753057e-02 2.49905032e-05 1.21964839e-04 4.37107860e-05
2.76461816e+01 7.34870801e-02 -2.60164460e-03 -6.88300629e-02 2.01370143e-05 1.24216319e-04 5.68932925e-05
3.03460191e+01 6.69709675e-02 -2.14417660e-03 -7.00012516e-02 3.33276650e-05 4.68904638e-05 2.61209052e-05
3.30445488e+01 5.58064782e-02 -6.82121540e-03 -6.94573984e-02 5.35539803e-05 1.21199255e-04 2.31570629e-05
3.57439675e+01 5.30904791e-02 1.09080542e-03 -6.77376730e-02 3.08624356e-05 1.28108330e-04 5.11373703e-05
3.84491081e+01 5.70865557e-02 -2.69049622e-03 -7.06308259e-02 6.84727075e-05 3.18437295e-04 4.86580640e-05
4.11523816e+01 6.40965720e-02 1.76607546e-03 -6.87157859e-02 6.11512296e-05 7.51990309e-05 3.28747980e-05
4.38595269e+01 6.28305096e-02 9.78180490e-04 -5.70792648e-02 6.06710943e-05 1.91162621e-04 6.53937094e-05
4.65620456e+01 5.62793167e-02 -1.04159667e-03 -6.60058390e-02 3.03783371e-05 1.07404509e-04 6.97386567e-05
4.92604191e+01 6.31401529e-02 -1.73567456e-03 -6.27450080e-02 7.00688674e-05 1.68345066e-04 3.60668815e-05
5.19691222e+01 6.48979542e-02 2.85721502e-04 -6.36826988e-02 5.09902350e-05 5.91338422e-05 5.83274084e-05
5.46682159e+01 6.23592809e-02 -4.05802228e-04 -6.84507472e-02 3.68484309e-05 1.26422684e-05 1.65394201e-05
5.73730206e+01 5.98230335e-02 -3.63469444e-03 -6.81833971e-02 2.01220831e-05 1.09549770e-04 4.54253477e-05
6.00747644e+01 6.38457544e-02 4.98477348e-04 -7.13145837e-02 3.81374112e-05 8.14813278e-05 3.00919493e-05
6.27669441e+01 6.00412628e-02 -1.61156614e-03 -7.04809647e-02 2.47756245e-05 2.48793803e-04 1.51413327e-04
6.54607566e+01 5.96885085e-02 -2.60743070e-03 -7.85222091e-02 1.10772345e-04 6.04318120e-05 5.72096690e-05
6.81537081e+01 6.26294241e-02 -6.04610057e-03 -6.95428336e-02 1.03968450e-04 4.32754934e-05 5.68884655e-05
7.08589847e+01 6.30294886e-02 -2.30684537e-03 -6.24930629e-02 8.63480796e-05 2.14422557e-04 5.40408176e-05
7.35578425e+01 6.15516880e-02 1.52827736e-03 -5.64670919e-02 4.70795893e-05 9.57106909e-05 1.17274918e-04
7.62558863e+01 5.86360215e-02 9.05372128e-04 -5.82141845e-02 1.06387102e-04 1.69535794e-04 6.40746819e-05
7.89669081e+01 6.46710500e-02 2.84045919e-03 -5.50691217e-02 9.92167338e-05 7.41541259e-05 8.21116392e-05
8.16741019e+01 6.49335429e-02 1.88291783e-03 -5.46524597e-02 1.69018529e-05 2.31235458e-04 5.40955552e-05
8.43804644e+01 7.40753281e-02 5.61996432e-03 -5.93468962e-02 5.49620244e-05 7.41205131e-05 1.03613946e-04
8.70722050e+01 7.05877699e-02 2.01551638e-03 -6.76022245e-02 7.04717861e-05 9.30057282e-05 1.24140688e-04
8.97780816e+01 6.67795049e-02 2.48009859e-03 -5.86615432e-02 7.29905632e-05 2.78631038e-04 5.40640396e-05
9.24786847e+01 6.41652980e-02 -2.36615172e-03 -6.40778113e-02 7.09948269e-05 1.17248228e-04 7.51457731e-05
9.51741034e+01 6.63266004e-02 -2.96327136e-03 -6.42377795e-02 3.32572437e-05 4.66058310e-05 4.39737831e-05
9.78839535e+01 6.05262682e-02 -9.70489100e-03 -7.54732115e-02 3.01365471e-05 1.09541407e-04 7.45323887e-05
1.00582507e+02 5.15873830e-02 -5.08317765e-03 -7.26333849e-02 8.13918155e-05 1.30246192e-04 7.07718146e-05
1.03284913e+02 4.29989765e-02 -9.65818046e-03 -7.70226350e-02 5.11792650e-05 1.77558402e-04 6.73138357e-05
1.05990772e+02 4.90489757e-02 -6.57298997e-03 -6.54575970e-02 5.93814753e-05 2.59302105e-05 2.52475120e-05
1.08690444e+02 5.76382875e-02 -1.13388631e-02 -6.48544350e-02 5.28324945e-05 5.60166956e-05 3.73136993e-05
1.11383178e+02 6.35963235e-02 -6.27931979e-03 -7.05231381e-02 1.31882564e-05 1.13237722e-05 8.75439646e-05
1.14082710e+02 6.37942164e-02 -2.85275844e-03 -6.65748002e-02 6.40799406e-05 6.63001793e-05 3.13462415e-05
1.16777960e+02 7.34397716e-02 1.07662140e-03 -6.34327250e-02 7.96073474e-05 2.16789465e-04 2.54156991e-05
1.19477413e+02 7.55924914e-02 1.39930434e-03 -5.28908779e-02 5.71175228e-05 1.04582521e-04 8.31787070e-05
1.22166007e+02 7.90640925e-02 6.73134458e-03 -6.02225409e-02 4.10438145e-06 1.22651978e-04 3.76429241e-05
1.24859303e+02 7.37533337e-02 4.09544912e-03 -5.75709222e-02 5.59883416e-05 1.00005504e-04 7.56799442e-06
1.27559600e+02 7.47634755e-02 2.57067640e-03 -4.97426097e-02 3.36728620e-05 1.56919598e-04 4.09010822e-05
1.30248678e+02 8.31962729e-02 -2.34054231e-04 -3.79740811e-02 8.28057634e-05 1.86709836e-04 6.42164810e-05
1.32938835e+02 9.22462290e-02 1.86882574e-03 -2.08101576e-02 9.27638247e-05 7.46283911e-05 1.12409685e-04
1.35640132e+02 9.09275013e-02 -1.64547110e-03 6.88120539e-03 1.15385201e-04 6.47700520e-05 1.41414716e-04
1.38351132e+02 8.52708764e-02 -5.95068164e-03 3.00454659e-02 7.37111349e-05 1.46589636e-04 7.48153138e-05
1.41042491e+02 7.43224334e-02 -6.67703569e-03 5.05563912e-02 1.15043551e-04 6.07388099e-05 7.27914343e-05
1.43750147e+02 7.27864094e-02 -6.77320992e-03 6.35547332e-02 4.79429051e-05 2.05771556e-05 2.33834385e-05
1.46460210e+02 6.86812409e-02 -7.85596666e-03 7.32642162e-02 9.35170418e-05 1.89662579e-04 7.37174337e-05
1.49157600e+02 6.26924249e-02 -6.26457107e-03 6.99810754e-02 7.12494876e-05 1.84849377e-04 1.84546065e-04
1.51852663e+02 6.31100362e-02 -2.91889760e-03 6.77900860e-02 1.26138610e-04 2.07121645e-04 5.37309569e-05
1.54544241e+02 5.88638979e-02 -1.28302949e-03 7.21360283e-02 8.55925924e-05 1.98102719e-04 5.47441733e-05
1.57249194e+02 6.08430313e-02 -1.87146781e-03 7.33715679e-02 5.73405527e-05 2.11319635e-04 3.39992256e-05
1.59946991e+02 6.35197147e-02 2.82223244e-03 7.34109303e-02 3.42100913e-05 2.46325263e-04 2.60800293e-05
1.62638725e+02 6.56016662e-02 2.80872101e-03 6.06420386e-02 3.10609144e-05 3.00934126e-04 1.84977625e-05
1.65347210e+02 6.76637245e-02 1.69489554e-03 5.74829232e-02 3.15129005e-05 4.24698893e-04 6.62973915e-05
1.68040725e+02 6.86911788e-02 3.04933545e-03 5.50501082e-02 4.60231304e-05 4.77865819e-04 1.14682464e-04
1.70741975e+02 6.70849296e-02 -3.98168363e-04 6.27381946e-02 5.00179437e-05 3.27294930e-04 2.20993519e-05
1.73445194e+02 6.45654643e-02 5.83555375e-03 6.09632901e-02 2.20419706e-05 8.63891483e-05 3.17887154e-05
1.76156757e+02 6.72092484e-02 5.07964054e-03 5.89818801e-02 5.64868517e-05 1.79317500e-04 5.01867222e-05
1.78863944e+02 7.28360301e-02 7.82390713e-03 6.43887552e-02 8.41949896e-05 2.25334341e-05 3.25232408e-05
1.81573132e+02 7.20082196e-02 4.64195676e-03 6.48323198e-02 2.79291331e-05 3.29467373e-05 7.89641808e-05
1.84268850e+02 7.40019917e-02 5.78045389e-03 6.47867464e-02 3.61687309e-05 1.74365907e-04 1.50096369e-05
1.86973835e+02 6.80401529e-02 4.26545848e-03 6.00435601e-02 5.40311211e-05 1.82324022e-04 1.09772590e-04
1.89670460e+02 6.17575892e-02 1.10272681e-02 5.86377986e-02 4.63646683e-05 7.10049752e-05 9.75315962e-06
1.92361710e+02 5.74442503e-02 6.49799418e-03 5.98791618e-02 7.30163164e-05 1.82799722e-04 6.83071057e-05
1.95063288e+02 6.18749669e-02 4.32269985e-03 6.54694815e-02 7.35543462e-05 4.16735167e-04 3.54615891e-05
1.97760194e+02 6.08519541e-02 8.62999166e-03 7.11003320e-02 9.15362437e-05 2.75427827e-04 8.44215751e-05
2.00454835e+02 6.11512188e-02 5.76238283e-03 7.53064109e-02 6.27938252e-05 2.31617053e-04 2.73856718e-05
2.03162132e+02 6.54581128e-02 8.76259477e-03 7.15883406e-02 1.99417947e-05 2.61983796e-04 1.13519317e-04
2.05860475e+02 7.01911748e-02 3.97643220e-03 6.79430598e-02 4.77135643e-05 1.22692180e-04 2.17797329e-05
2.08551053e+02 7.32356508e-02 6.99360562e-03 6.72854495e-02 1.15889486e-04 1.26362383e-04 7.05409642e-05
2.11255147e+02 7.78146070e-02 -1.05368718e-04 6.90489339e-02 4.91951465e-05 2.01164845e-05 4.13317672e-05
2.13948210e+02 7.57470914e-02 3.28230700e-03 6.88019352e-02 1.07293736e-04 1.55596830e-05 7.47680231e-05
2.16651069e+02 7.23842245e-02 2.79810829e-03 6.69706831e-02 2.00913661e-05 1.09535280e-04 8.89096278e-05
2.19341710e+02 6.54106055e-02 8.30441850e-03 6.76698404e-02 7.92731960e-05 1.91618707e-04 3.44872268e-05
2.22033022e+02 5.75634498e-02 2.27185290e-03 6.28791816e-02 8.20782255e-05 2.11323963e-04 5.80933368e-05
2.24729460e+02 5.48043188e-02 2.04611451e-03 6.83540707e-02 4.18527752e-05 9.04271502e-05 3.20545923e-05
2.27426553e+02 5.46061841e-02 5.07766690e-04 6.86251721e-02 6.28709477e-05 2.17225503e-04 5.25443558e-05
2.30124147e+02 5.98081069e-02 -1.23652920e-03 6.62394867e-02 3.33627024e-05 3.44630698e-04 9.30139464e-05
2.32830225e+02 6.39432414e-02 -2.21247073e-03 6.82024284e-02 5.65196973e-05 1.36691545e-04 3.17362730e-05
2.35527757e+02 6.80555583e-02 4.61075081e-03 6.48769671e-02 8.26591889e-05 4.07568735e-04 9.53616080e-06
2.38241835e+02 7.70113575e-02 3.74110299e-03 6.52136776e-02 3.62827818e-05 1.54887427e-04 5.99693209e-05
2.40942491e+02 6.97225347e-02 9.58186869e-04 7.25596436e-02 8.04079444e-05 2.07340742e-04 7.12079078e-05
2.43647178e+02 6.95303353e-02 2.52804243e-03 7.62700883e-02 6.39873020e-05 2.38910545e-04 3.48981029e-05
2.46349850e+02 6.73934281e-02 -4.09077064e-03 7.47660835e-02 1.94571641e-05 6.97861326e-05 8.51053385e-05
2.49048007e+02 6.84207797e-02 -6.60225084e-03 7.28018990e-02 4.50822443e-05 2.42414167e-04 2.18196554e-05
2.51742038e+02 6.35469941e-02 -7.84607851e-03 7.50323977e-02 3.83473948e-05 6.16858189e-05 4.27349196e-05
2.54443991e+02 7.03438135e-02 -7.55790317e-03 6.50698030e-02 2.94547883e-05 1.37975976e-04 3.28988452e-05
2.57139272e+02 7.14958669e-02 -7.89691182e-03 5.12131963e-02 5.66355871e-05 7.30889825e-05 1.36114070e-04
2.59831444e+02 7.45586345e-02 -1.70134579e-02 4.50033145e-02 4.76358417e-05 9.43431907e-05 7.58184056e-05
2.62519100e+02 7.17908330e-02 -1.58989735e-02 4.29778175e-02 5.09829679e-05 3.66052840e-05 1.19909808e-04
2.65211178e+02 6.60432539e-02 -1.32623614e-02 3.44406174e-02 5.69847308e-05 7.65069147e-05 5.52225013e-05
2.67901097e+02 6.28646370e-02 -1.03809851e-02 1.98418922e-02 9.29327101e-05 2.02140965e-05 4.58804153e-05
