6.55866825e-01 7.59839643e-02 -7.60352493e-03 -4.88122788e-03 6.22695441e-05 1.84858365e-04 3.73398898e-05
3.34176686e+00 6.81950046e-02 -7.23763595e-03 -3.27865640e-02 4.51541799e-05 1.37151457e-04 8.31191278e-05
6.03789108e+00 6.57471932e-02 -1.15023573e-02 -4.61650212e-02 8.60243685e-05 1.11194133e-04 5.63632091e-05
8.73793764e+00 6.97878557e-02 -7.80788896e-03 -6.11509461e-02 8.82949699e-05 6.12429374e-05 1.29299754e-04
1.14291600e+01 6.51402750e-02 -7.18511094e-03 -6.51826659e-02 4.52316496e-05 1.58251432e-04 2.70677565e-05
1.41283397e+01 6.23733816e-02 -2.73707096e-03 -6.02280134e-02 6.16152099e-05 7.44218557e-05 3.04148755e-05
1.68283990e+01 6.50309036e-02 -9.87978123e-04 -5.40013057e-02 1.01839585e-04 1.90174818e-04 5.83040488e-05
1.95312803e+01 6.01626995e-02 2.08447323e-03 -5.82918182e-02 7.57723393e-05 1.04832556e-04 6.81536422e-05
2.22358631e+01 5.67318492e-02 -1.64516201e-03 -6.15961123e-02 2.36588349e-05 2.66560500e-04 1.64434233e-05
2.49369459e+01 5.55756501e-02 -3.50139864e-03 -6.35495860e-02 7.83527366e-05 2.43165159e-04 5.96100320e-05
2.76451287e+01 6.13897072e-02 -1.98262936e-03 -6.93974900e-02 1.17046120e-04 2.21965238e-04 7.53685819e-05
3.03407631e+01 6.68507940e-02 -7.83111469e-03 -6.33835111e-02 1.08822337e-04 1.57556529e-04 3.18693731e-05
3.30421350e+01 7.19865716e-02 -6.80047438e-03 -5.80452744e-02 4.10510038e-05 2.08015011e-04 5.17735186e-05
3.57397100e+01 7.16313694e-02 -2.54615930e-03 -6.19715432e-02 2.86626550e-05 9.42764083e-05 1.74362576e-04
3.84442490e+01 6.51375299e-02 -3.79453861e-03 -6.21992518e-02 3.98795010e-05 1.96714031e-04 5.14607769e-05
4.11455772e+01 5.50857507e-02 -2.46535923e-03 -6.65490428e-02 8.41887872e-05 1.03776870e-04 6.40064875e-05
4.38505506e+01 5.83986664e-02 -5.46798926e-03 -6.75802574e-02 7.03230553e-05 1.80803516e-04 8.20849003e-05
4.65536631e+01 6.13992625e-02 -6.15114550e-03 -6.59838293e-02 1.77119143e-05 1.95209077e-04 3.05935596e-05
4.92590537e+01 6.38709893e-02 -5.94534225e-03 -7.29870989e-02 2.88412324e-05 1.52894247e-04 5.80183099e-05
5.19455100e+01 6.60262628e-02 -2.67451728e-03 -7.08762038e-02 1.15289539e-05 3.52052212e-05 2.56511715e-05
5.46525772e+01 6.36587772e-02 -6.80586816e-03 -6.53895393e-02 2.55265538e-05 5.65245062e-05 2.02081637e-05
5.73643569e+01 7.06878915e-02 -7.25422831e-03 -6.44606078e-02 7.83307928e-05 1.17653378e-04 1.02623823e-04
6.00683115e+01 7.28675307e-02 -9.94944968e-03 -5.16300797e-02 1.12138334e-04 1.21161037e-04 7.10472835e-05
6.27715490e+01 7.33721336e-02 -9.70376337e-03 -5.86089107e-02 7.88231433e-05 1.08657329e-04 1.00537278e-04
6.54751131e+01 7.59715940e-02 -1.10171237e-02 -5.40528364e-02 2.26307772e-05 7.26734595e-05 8.21491627e-05
6.81680116e+01 7.87299777e-02 -7.35940767e-03 -5.86440426e-02 3.19301998e-05 4.06366207e-05 4.70904418e-05
7.08629178e+01 7.53266324e-02 -6.77233369e-03 -6.31942101e-02 2.84183459e-05 1.01756489e-04 3.12502806e-05
7.35633537e+01 6.05502820e-02 -5.55370965e-03 -6.84833005e-02 5.88733312e-05 1.38581355e-04 4.81891976e-05
7.62615662e+01 5.94940961e-02 -1.08385486e-02 -7.26423293e-02 3.51499452e-05 7.67941990e-05 2.28281696e-05
7.89585272e+01 5.92023288e-02 -9.06250587e-03 -7.05291928e-02 5.51777782e-05 2.66265788e-05 2.39910848e-05
8.16752115e+01 5.79353105e-02 -9.77172362e-03 -6.84020443e-02 3.85508771e-05 1.81250349e-04 7.44978365e-05
8.43773100e+01 6.08497506e-02 -8.79014810e-03 -7.77259837e-02 6.06998235e-05 5.56880099e-05 4.12105932e-05
8.70899944e+01 6.18792288e-02 -5.67981012e-03 -7.86724732e-02 3.50349201e-05 1.58957547e-04 9.03091543e-05
8.97958162e+01 5.58946360e-02 -7.16246856e-04 -7.19384989e-02 8.52386882e-05 7.78664862e-05 4.96683741e-05
9.24977256e+01 6.25327256e-02 -5.05689063e-03 -6.99306062e-02 2.84942513e-05 9.67172019e-05 6.87911125e-05
9.52013256e+01 6.48565721e-02 1.61699941e-03 -6.87908307e-02 7.67694088e-05 8.12767197e-05 3.01703538e-05
9.78932569e+01 7.46975805e-02 1.93509870e-04 -5.89382582e-02 6.07914816e-05 1.99221432e-04 3.51510632e-05
1.00593537e+02 7.37640908e-02 3.51679353e-03 -5.64769480e-02 8.81738761e-05 5.03912820e-04 7.45860776e-05
1.03291505e+02 6.97548831e-02 3.09683137e-03 -5.20546983e-02 4.12995214e-05 3.73896971e-04 2.24387952e-04
1.05985224e+02 6.81584736e-02 6.50591774e-03 -4.85755365e-02 2.30197474e-05 3.69510522e-04 5.35025427e-05
1.08690849e+02 6.87228468e-02 5.03324585e-03 -5.09249876e-02 3.96139057e-05 1.15991929e-04 4.69309654e-05
1.11381880e+02 6.52147770e-02 8.86958217e-03 -6.20108965e-02 1.05961660e-04 2.93082433e-04 7.77778008e-05
1.14082193e+02 5.82740374e-02 9.82831871e-03 -7.31037313e-02 5.61307987e-05 2.19555342e-04 8.39252237e-05
1.16779818e+02 5.38019218e-02 4.39126851e-03 -7.26258132e-02 2.64783111e-05 3.46181612e-04 8.83437048e-05
1.19471974e+02 5.22233474e-02 2.47776924e-03 -7.77559988e-02 1.07512378e-04 1.87375856e-04 2.73190894e-05
1.22176349e+02 4.73441181e-02 -3.10373583e-03 -7.48026871e-02 4.21031181e-05 1.07991847e-04 1.02866901e-04
1.24869146e+02 5.59756639e-02 3.34387545e-04 -7.38981749e-02 1.04530795e-04 1.90541219e-04 2.60157250e-05
1.27557599e+02 6.12391173e-02 -1.84804178e-03 -6.55229712e-02 5.35621209e-05 1.44018022e-04 7.52332092e-05
1.30264662e+02 7.34786275e-02 -2.92034792e-03 -5.42638769e-02 7.01271238e-06 2.54299063e-04 8.36561223e-05
1.32954802e+02 7.79147623e-02 -6.17144823e-03 -3.51281848e-02 1.17490380e-05 4.72599794e-04 1.12527973e-04
1.35649552e+02 7.76409606e-02 -4.63679837e-04 -1.08031575e-02 1.53740324e-04 2.12927320e-04 7.06522253e-05
1.38341537e+02 7.53876379e-02 3.10871726e-03 1.41535865e-02 1.25645758e-04 2.42154638e-04 5.00241115e-05
1.41043255e+02 7.19708101e-02 4.26838774e-03 3.30316893e-02 4.55975887e-05 1.12507943e-04 2.19845197e-04
1.43738646e+02 6.86529854e-02 1.82779917e-03 5.49091340e-02 3.48384294e-05 1.07936144e-04 7.82074730e-05
1.46434693e+02 6.03515002e-02 7.62452148e-04 5.81644853e-02 1.01389280e-04 1.34929188e-04 3.72325255e-05
1.49141037e+02 6.06571871e-02 -3.18326287e-03 6.16080274e-02 1.00648404e-04 2.71479683e-04 1.46644686e-04
1.51836005e+02 6.16140734e-02 3.73332271e-03 6.27539115e-02 1.48636757e-04 1.32139358e-04 8.79131350e-05
1.54540005e+02 6.68235161e-02 6.11234884e-03 6.82063370e-02 6.05560736e-05 2.11890199e-05 1.96216514e-04
1.57240583e+02 7.12602337e-02 -8.94636976e-04 6.84659630e-02 7.80875910e-05 9.63655999e-05 9.38199812e-05
1.59945927e+02 7.11898050e-02 -2.55274587e-03 6.65553705e-02 8.22094673e-05 6.57385754e-05 3.54704880e-05
1.62649474e+02 6.29940765e-02 -4.06958823e-03 7.16586674e-02 5.34151080e-05 1.53690520e-04 5.74698553e-05
1.65351302e+02 5.69506854e-02 1.32837203e-03 7.34756882e-02 3.23877463e-05 4.54168261e-05 4.29490372e-05
1.68060490e+02 5.95363211e-02 1.03672246e-03 7.90759612e-02 2.89309957e-05 3.08371315e-04 6.45102219e-05
1.70760599e+02 5.69862137e-02 -2.13563861e-03 6.93202200e-02 5.14702731e-05 2.11595448e-04 2.52467013e-06
1.73463365e+02 5.78856320e-02 -5.22799808e-03 6.80873834e-02 2.41992889e-05 1.03524448e-04 5.02949954e-05
1.76168490e+02 5.74252094e-02 -6.45361175e-03 6.59851912e-02 2.27723901e-05 5.56728439e-05 7.20747339e-06
1.78870474e+02 6.29770126e-02 -1.66745637e-03 7.26064243e-02 1.59680304e-05 4.02755684e-05 8.76423830e-05
1.81567193e+02 6.53180900e-02 4.09833979e-03 7.62209215e-02 6.66866888e-05 7.65504498e-05 4.65509381e-05
1.84263021e+02 6.01717854e-02 -6.48296046e-04 6.88863399e-02 1.12547649e-04 1.26163493e-04 4.86087479e-05
1.86960912e+02 6.32351178e-02 -3.07455814e-03 6.28255612e-02 6.08966101e-05 3.47142691e-05 3.65333236e-05
1.89664302e+02 6.33810357e-02 4.60057305e-03 6.64269445e-02 9.38730409e-05 6.36498564e-05 3.57793690e-05
1.92368958e+02 6.66399974e-02 6.27440896e-04 6.99687120e-02 8.42888678e-05 1.44309137e-04 1.19254130e-04
1.95074224e+02 6.41475475e-02 -3.82745161e-03 6.58161163e-02 6.41145643e-05 1.62827807e-04 8.02113181e-05
1.97781974e+02 6.24299230e-02 3.34062152e-03 6.08708529e-02 2.89864768e-05 2.18435018e-04 1.94983879e-04
2.00483693e+02 6.53418455e-02 -2.81575798e-03 6.07667656e-02 2.38561689e-05 5.87031816e-05 4.75693866e-05
2.03176177e+02 6.65503791e-02 -2.81456564e-03 5.71815897e-02 3.34161702e-05 1.96669921e-04 4.87185236e-05
2.05875177e+02 5.87892437e-02 -6.20623385e-03 5.84700875e-02 5.70331885e-05 2.20161242e-04 1.29864887e-04
2.08573615e+02 6.13006203e-02 -6.72999557e-03 6.98495753e-02 9.00661181e-05 3.73824586e-05 3.46469207e-05
2.11261755e+02 6.18213214e-02 -6.39067363e-03 6.92325596e-02 5.11023010e-05 1.39290445e-04 3.52717800e-05
2.13964896e+02 6.09061272e-02 -7.21752658e-03 6.51294723e-02 6.54429282e-05 4.80949511e-05 1.75585894e-04
2.16664599e+02 6.47694083e-02 -7.52737790e-03 6.30777578e-02 5.63583734e-05 1.15598515e-04 3.90909059e-05
2.19356443e+02 6.86537523e-02 -4.17131618e-03 6.46025158e-02 2.05069114e-05 1.65780649e-04 1.22033679e-04
2.22048615e+02 7.24234825e-02 -7.48333347e-03 7.05357983e-02 4.38957895e-05 1.73243300e-04 8.77376332e-05
2.24740146e+02 7.46246267e-02 -5.98189972e-03 6.55684620e-02 7.63822292e-05 6.40404772e-05 8.13767111e-05
2.27449505e+02 6.99215395e-02 2.97031009e-03 6.28808972e-02 1.24431090e-04 1.03823573e-04 9.41251757e-05
2.30150318e+02 6.29069938e-02 2.33142834e-03 6.12587906e-02 8.56821318e-05 1.71902778e-04 6.31987980e-05
2.32854427e+02 5.68750004e-02 4.66680773e-03 6.40081498e-02 6.85883100e-05 2.88497476e-04 8.04655820e-05
2.35560396e+02 5.16608878e-02 8.73268575e-03 6.52177507e-02 6.35941607e-05 1.01423532e-04 8.17285463e-05
2.38255474e+02 5.55886120e-02 4.61789964e-03 6.62511762e-02 3.77600027e-05 2.06664829e-04 2.96012426e-05
2.40963693e+02 6.05504937e-02 2.19425156e-03 6.53801200e-02 3.75605626e-05 1.69567508e-04 5.90928307e-05
2.43651208e+02 6.73005627e-02 6.21823568e-03 6.21724316e-02 4.64817043e-05 2.31486075e-04 2.72104259e-05
2.46350083e+02 7.38469203e-02 7.48228162e-03 4.82234025e-02 3.08802856e-05 2.30382464e-04 1.79832079e-05
2.49047177e+02 7.42168440e-02 9.28208791e-03 4.57521431e-02 5.25419743e-05 1.06363605e-04 5.21198195e-05
2.51744787e+02 6.72504782e-02 4.68337243e-03 5.12278509e-02 7.17879437e-05 3.04672104e-05 4.68672899e-05
2.54445443e+02 6.56396770e-02 5.60789193e-03 4.93077422e-02 4.65527432e-05 8.65430139e-05 6.20035660e-05
2.57150599e+02 6.68791595e-02 8.32893804e-03 5.01472310e-02 4.43172660e-05 4.01616843e-05 2.43805001e-05
2.59853396e+02 6.66694695e-02 1.03908945e-04 4.67174162e-02 9.59157836e-05 1.98319468e-04 3.39436279e-05
2.62556412e+02 6.97176745e-02 3.07818793e-03 4.25073203e-02 3.37961578e-05 2.01656930e-04 7.81740349e-05
2.65248833e+02 7.06081496e-02 -2.18734507e-03 2.79437699e-02 5.61484641e-05 2.37535890e-04 3.68414506e-05
2.67931438e+02 7.44975326e-02 -3.55692748e-03 1.48734258e-02 1.14628805e-04 1.10801798e-04 7.14327223e-05
