6.68961511e-01 6.75150810e-02 1.34570693e-02 -1.98991495e-02 1.48819030e-04 9.92502890e-05 4.76826899e-05
3.36261461e+00 6.58603964e-02 1.14032492e-02 -3.27011832e-02 4.63122163e-05 6.03363894e-05 5.42462960e-05
6.06024945e+00 7.25706097e-02 1.55228890e-02 -4.37293988e-02 9.92954651e-05 1.10114328e-04 8.41529607e-05
8.75207461e+00 6.82912476e-02 6.07682361e-03 -5.41467505e-02 1.46288378e-05 6.53164735e-05 6.84400436e-05
1.14510593e+01 6.23807971e-02 9.50904848e-03 -5.29701279e-02 1.14276628e-04 4.03565072e-05 2.48855030e-05
1.41567468e+01 6.31568006e-02 1.00509855e-02 -5.70212785e-02 1.13624844e-04 6.36516618e-05 5.03227223e-05
1.68505968e+01 6.13634557e-02 1.21656696e-02 -5.49675538e-02 9.68325702e-05 9.91269755e-05 6.13043469e-05
1.95480655e+01 6.03555023e-02 7.49973709e-03 -5.92468718e-02 9.50149553e-05 5.67786580e-05 4.42725684e-05
2.22457296e+01 6.27414671e-02 6.61588805e-03 -6.18043365e-02 8.86517837e-05 8.73698232e-05 2.96999275e-05
2.49410405e+01 5.72978527e-02 2.55328992e-03 -6.71721812e-02 7.48139576e-05 1.38071048e-04 1.91046541e-04
2.76390593e+01 5.93518078e-02 7.24985188e-03 -6.65977055e-02 1.11436908e-04 1.28190826e-04 3.71108930e-05
3.03306202e+01 7.03144576e-02 4.41057106e-03 -6.38532767e-02 9.84793070e-05 1.08960162e-04 6.83433848e-05
3.30292562e+01 6.27718023e-02 8.15211919e-03 -6.98219085e-02 3.08249788e-05 1.20362728e-04 2.29211541e-05
3.57260437e+01 5.81708000e-02 5.78175808e-03 -6.08867977e-02 4.95824930e-05 2.34893924e-04 7.30649222e-05
3.84355093e+01 5.67850183e-02 4.25438358e-03 -6.08253214e-02 7.78758555e-05 5.15109325e-05 2.71771359e-05
4.11361484e+01 6.14359378e-02 4.69211278e-03 -6.51833716e-02 5.67959996e-05 8.19071420e-05 2.43927942e-05
4.38403687e+01 6.15530977e-02 -3.26430243e-03 -6.72921770e-02 5.26345163e-05 1.10277875e-04 6.65751373e-05
4.65377015e+01 6.07112662e-02 2.60588254e-04 -6.98776406e-02 8.82264925e-05 9.50699287e-05 4.45242269e-05
4.92474952e+01 6.14303090e-02 1.88774170e-03 -6.42649730e-02 1.15170932e-04 7.01414309e-05 5.66697880e-05
5.19428374e+01 6.14549713e-02 4.85291600e-03 -6.54631922e-02 2.62036849e-05 2.50693587e-05 5.47103868e-05
5.46471093e+01 5.72128253e-02 1.33127225e-02 -6.45257496e-02 4.17376405e-05 2.26219875e-05 9.75640616e-05
5.73431655e+01 5.23502506e-02 6.43552341e-03 -6.66976425e-02 4.25842647e-05 6.79743410e-05 1.02515696e-04
6.00463015e+01 5.34041027e-02 1.35303506e-02 -6.56590523e-02 1.05018946e-04 7.56581072e-05 2.24508986e-05
6.27525030e+01 5.83899485e-02 5.59141674e-03 -6.83392457e-02 4.06495960e-05 1.16644159e-04 4.04191951e-05
6.54542030e+01 6.08440909e-02 6.63502972e-03 -6.80548466e-02 1.00872147e-04 5.85586817e-05 3.78024981e-05
6.81680015e+01 5.76440413e-02 3.18048265e-03 -7.06626974e-02 8.79412653e-05 9.56923163e-05 3.69506147e-05
7.08804046e+01 6.62112858e-02 6.42703500e-03 -7.26502293e-02 6.09831741e-05 1.00450204e-04 5.54020322e-05
7.35874405e+01 6.56417379e-02 1.22686225e-02 -7.00052576e-02 7.13262008e-05 7.29376099e-05 2.66303758e-05
7.62898718e+01 6.16423422e-02 1.07502463e-02 -6.89718988e-02 5.37125635e-05 4.70353601e-05 1.66741535e-05
7.89940937e+01 6.33175934e-02 1.03505005e-02 -6.59740952e-02 3.36493582e-05 1.13765632e-04 4.13711135e-05
8.16963390e+01 6.88276195e-02 4.39508264e-03 -6.22353738e-02 7.39399558e-05 3.82134750e-05 1.09251955e-04
8.43859687e+01 7.41422111e-02 9.40077640e-03 -5.81345224e-02 7.64384900e-05 7.08664922e-05 5.18100690e-05
8.70838171e+01 7.43712758e-02 5.96214458e-03 -5.93882363e-02 6.51969051e-05 3.96080822e-05 1.94740372e-05
8.97757671e+01 6.76651803e-02 8.16052392e-03 -6.52029421e-02 5.05836576e-05 1.14865445e-04 2.72792650e-05
9.24737530e+01 6.84876510e-02 1.01370977e-02 -6.67227550e-02 7.69503066e-05 1.03504120e-04 5.38420963e-05
9.51731546e+01 6.62297486e-02 2.14437758e-03 -6.66041156e-02 2.00490247e-05 4.17747440e-05 5.30678305e-05
9.78626124e+01 6.22258142e-02 4.05003120e-03 -6.22386373e-02 5.72911902e-05 1.21127174e-04 5.09062938e-05
1.00570172e+02 5.68554621e-02 2.29364180e-03 -6.78025033e-02 4.45772503e-05 1.68636029e-04 2.47692579e-05
1.03266594e+02 5.03621786e-02 -2.07551615e-03 -6.37400155e-02 5.22722884e-05 1.56192916e-04 1.00294142e-04
1.05971453e+02 5.30207120e-02 -6.51389816e-03 -5.98893957e-02 4.22183320e-05 2.08580238e-04 5.74642335e-05
1.08686062e+02 5.91562636e-02 -4.47795115e-03 -5.43735656e-02 2.41404426e-05 3.30665659e-04 3.50624995e-05
1.11380266e+02 6.24039341e-02 -8.30422689e-03 -5.85345794e-02 2.97145816e-05 3.12437455e-04 1.36708727e-04
1.14079578e+02 6.36706075e-02 -6.57053742e-03 -5.64240919e-02 1.71218230e-04 2.40504976e-04 4.93945643e-05
1.16778016e+02 6.63292983e-02 -2.49544692e-03 -6.40208870e-02 3.14748346e-05 3.44141300e-04 1.83791730e-04
1.19472453e+02 7.63935349e-02 -1.46013747e-03 -5.37356386e-02 3.37720642e-05 1.28600284e-04 1.25335142e-04
1.22169453e+02 7.64760150e-02 1.75301369e-04 -4.76812547e-02 8.47507095e-05 3.42447956e-04 4.83326607e-05
1.24866969e+02 7.78111777e-02 6.15728418e-03 -4.72774436e-02 5.41587286e-05 2.65928454e-04 1.57649737e-04
1.27567937e+02 7.85487582e-02 5.72874251e-03 -3.58042683e-02 4.50831541e-05 1.64360391e-04 4.84414688e-05
1.30267969e+02 8.19999313e-02 4.69212086e-03 -2.96479418e-02 3.24343547e-05 2.18176814e-04 4.46720050e-05
1.32959922e+02 7.81748253e-02 2.31174430e-03 -2.49088717e-02 8.27749058e-05 5.44949392e-05 1.04935981e-04
1.35660141e+02 7.46709250e-02 1.04663063e-03 -1.70494719e-02 1.35334173e-04 1.35178484e-04 1.21616033e-04
1.38364828e+02 7.20369334e-02 -3.89011828e-03 -5.46664282e-03 1.23735206e-04 8.35719232e-05 1.51184408e-04
1.41065484e+02 6.99835260e-02 -5.88696704e-03 2.18265376e-02 4.03050585e-05 1.43590176e-04 2.99610174e-05
1.43759406e+02 7.36112061e-02 -7.44742048e-03 3.86624100e-02 2.96714230e-05 7.47710131e-05 3.84095433e-05
1.46458047e+02 6.78798249e-02 -3.17981082e-03 5.59845833e-02 1.60725407e-04 1.99535588e-04 4.54613250e-05
1.49160828e+02 6.10132278e-02 4.27357012e-03 6.68663665e-02 5.81665778e-05 1.49918506e-04 1.50449241e-04
1.51857187e+02 6.35883816e-02 7.99623642e-04 7.12555902e-02 7.10653135e-05 6.55533758e-05 7.26519744e-05
1.54555203e+02 6.29873753e-02 2.84061149e-03 7.03891545e-02 1.09163219e-04 1.26958345e-04 5.25649939e-05
1.57252078e+02 6.51352592e-02 1.66444636e-03 6.75565515e-02 2.42722447e-05 1.17968755e-04 5.45448293e-05
1.59947328e+02 6.29515181e-02 8.55969802e-04 6.88662286e-02 1.33277656e-04 1.18642163e-04 4.75604733e-05
1.62639141e+02 7.32905211e-02 1.36814304e-03 7.30853746e-02 3.36489137e-05 8.78074932e-05 4.93503582e-05
1.65336172e+02 6.92112536e-02 4.40503202e-03 6.96470523e-02 6.24256176e-05 5.42735587e-05 3.70444983e-05
1.68040516e+02 6.68826185e-02 -1.11890603e-03 6.44092238e-02 1.71130435e-05 1.38268749e-04 7.13167039e-05
1.70746922e+02 6.60774583e-02 1.23788717e-03 6.27781887e-02 3.43584391e-05 9.63847550e-05 3.23441174e-05
1.73460547e+02 7.47349272e-02 -2.17844701e-03 5.83015443e-02 3.26918796e-05 2.03454605e-04 6.60250098e-05
1.76166687e+02 7.32214720e-02 -1.04008722e-03 6.32738132e-02 8.59568141e-05 6.17343596e-05 5.46849259e-05
1.78867703e+02 6.36935154e-02 -1.49677474e-03 6.40912903e-02 4.52483771e-05 1.69528454e-04 3.19109106e-05
1.81570828e+02 6.26699220e-02 -3.01973183e-03 6.85882664e-02 5.99187659e-05 7.77187517e-05 9.04140839e-05
1.84271703e+02 7.32168969e-02 -1.15777325e-04 6.35651903e-02 4.51318888e-05 2.24897219e-05 1.29916290e-05
1.86963125e+02 7.51170437e-02 8.22929319e-03 6.98711740e-02 3.79268729e-05 5.76965242e-05 5.05291633e-05
1.89657859e+02 7.39604030e-02 -3.51127325e-03 5.98775597e-02 3.22559951e-05 1.13384319e-04 3.89688877e-05
1.92355453e+02 6.46139768e-02 2.28117951e-03 5.97081444e-02 3.44818558e-05 3.94980009e-05 2.78589995e-05
1.95051000e+02 6.25772588e-02 2.87203369e-03 6.62441410e-02 7.36665859e-05 1.65478869e-05 9.59688729e-05
1.97752016e+02 6.15907117e-02 -2.70140499e-03 6.43372343e-02 1.98442114e-04 3.74648510e-05 3.94424629e-05
2.00453953e+02 5.84572858e-02 1.69036703e-03 6.96298270e-02 3.87159207e-05 1.61157939e-04 7.63555367e-05
2.03152312e+02 6.35532083e-02 -1.89776788e-03 6.92875719e-02 5.83458806e-05 1.98460489e-04 5.13545541e-05
2.05862219e+02 5.92526283e-02 -1.39415470e-03 7.05894921e-02 6.26532429e-05 1.61041535e-04 2.01225532e-05
2.08568984e+02 6.39777239e-02 -2.39466779e-04 6.33621993e-02 2.26664661e-05 7.16363280e-05 6.35814445e-05
2.11268250e+02 6.32400743e-02 1.65650171e-03 6.52529410e-02 1.78539775e-04 2.33135835e-04 5.80728837e-05
2.13982500e+02 6.98241818e-02 2.62391713e-03 6.74363064e-02 3.92738676e-05 1.39625742e-04 1.48021349e-04
2.16676375e+02 6.88870702e-02 9.13593269e-03 7.11163808e-02 7.50689430e-05 2.01536634e-04 8.96397004e-05
2.19381250e+02 6.20746113e-02 4.93002904e-03 7.51647296e-02 1.26336473e-05 3.89011044e-04 4.38565199e-05
2.22083000e+02 6.13425178e-02 6.65315823e-03 7.54346649e-02 7.38486495e-05 2.47381584e-04 3.56843425e-05
2.24789687e+02 6.31180853e-02 2.22388283e-03 6.65638153e-02 4.05726618e-05 4.64650067e-05 8.70446387e-05
2.27492219e+02 6.63732798e-02 -5.94501401e-03 6.46034129e-02 3.28612302e-05 2.52678028e-04 4.86807866e-05
2.30185406e+02 6.58345713e-02 -4.44794926e-03 6.33659640e-02 3.26559781e-05 2.59777900e-04 4.01732907e-05
2.32869016e+02 6.84040032e-02 -6.58481058e-03 5.69771679e-02 6.08489541e-05 1.12643904e-04 1.27952543e-04
2.35568500e+02 6.97145460e-02 -8.19988855e-03 6.38585174e-02 4.30101074e-05 1.40619972e-04 2.97117362e-05
2.38254422e+02 6.63313477e-02 -8.69266882e-03 6.00702399e-02 3.34526587e-05 2.11019751e-04 1.13695035e-04
2.40955719e+02 6.54459388e-02 -5.36994319e-03 6.79182756e-02 4.54908885e-05 1.67536383e-04 5.95784817e-05
2.43652312e+02 6.25255599e-02 -7.82836569e-03 6.72430668e-02 1.03257890e-04 1.46788224e-04 5.84064617e-05
2.46351047e+02 5.94005547e-02 -2.32291691e-03 7.04457263e-02 2.35027254e-05 4.72444648e-05 1.88644381e-05
2.49053437e+02 5.22643011e-02 3.87939573e-03 6.60705033e-02 7.47492324e-05 9.47262731e-05 4.40084431e-05
2.51750016e+02 4.30352476e-02 8.93382845e-03 6.46470002e-02 7.01771520e-05 1.39980588e-04 4.49925746e-05
2.54440266e+02 4.49065517e-02 8.04522063e-03 5.35008250e-02 4.53628175e-05 1.18440280e-04 4.70624514e-05
2.57134781e+02 5.81238613e-02 6.42387991e-03 5.31074897e-02 1.61823610e-05 9.93408986e-05 4.08559260e-05
2.59833750e+02 7.21529568e-02 6.82198413e-03 5.28795665e-02 6.15574637e-05 6.25167116e-05 6.10129643e-05
2.62527391e+02 7.38841750e-02 4.94517346e-03 4.72490817e-02 4.31293307e-05 1.16034150e-04 4.15735168e-05
2.65226125e+02 7.11779458e-02 7.08156893e-03 3.51705544e-02 1.89217315e-05 5.77868243e-05 6.76766942e-05
2.67928256e+02 6.53925769e-02 1.04855758e-02 1.10313445e-02 2.88514595e-05 7.03865091e-05 6.16812966e-05
